  400.000  6.242155e+02  5.080561e+02 -7.908764e-14 
  401.000  6.220808e+02  5.018653e+02  4.164580e-14 
  402.000  6.609892e+02  5.285960e+02  2.762741e-16 
  403.000  6.206506e+02  4.920291e+02 -4.901392e-14 
  404.000  6.686189e+02  5.254854e+02  3.931545e-14 
  405.000  6.146584e+02  4.789337e+02  7.080298e-14 
  406.000  6.114800e+02  4.724000e+02  3.752237e-14 
  407.000  5.969460e+02  4.572708e+02 -8.996615e-14 
  408.000  6.481942e+02  4.923542e+02  7.185128e-14 
  409.000  7.190997e+02  5.416483e+02 -3.792288e-14 
  410.000  6.025383e+02  4.500809e+02 -3.136092e-14 
  411.000  7.090999e+02  5.253060e+02 -1.930491e-13 
  412.000  7.363154e+02  5.409883e+02  5.613006e-14 
  413.000  6.970203e+02  5.079417e+02  1.742827e-14 
  414.000  6.855381e+02  4.955142e+02  1.047939e-13 
  415.000  7.326150e+02  5.252787e+02 -2.066255e-13 
  416.000  7.295895e+02  5.189180e+02  9.433910e-14 
  417.000  7.087712e+02  5.000945e+02 -2.279460e-14 
  418.000  6.946870e+02  4.862746e+02  5.371131e-14 
  419.000  7.130817e+02  4.952179e+02  6.514478e-14 
  420.000  6.047066e+02  4.166646e+02  2.212324e-14 
  421.000  7.590431e+02  5.189388e+02  1.171029e-13 
  422.000  7.286540e+02  4.943122e+02  9.229098e-14 
  423.000  6.165079e+02  4.150208e+02  7.930822e-14 
  424.000  6.793430e+02  4.538271e+02 -9.374400e-14 
  425.000  7.048442e+02  4.672806e+02 -1.220621e-14 
  426.000  6.787482e+02  4.465754e+02  7.466695e-15 
  427.000  6.540223e+02  4.270703e+02 -1.598578e-14 
  428.000  6.634033e+02  4.299555e+02  1.614226e-14 
  429.000  6.045819e+02  3.889183e+02  7.806363e-14 
  430.000  4.832665e+02  3.085771e+02  3.932681e-14 
  431.000  4.352310e+02  2.758607e+02  8.035198e-14 
  432.000  7.847289e+02  4.937414e+02  1.291301e-13 
  433.000  6.996769e+02  4.370236e+02  8.695160e-15 
  434.000  6.661034e+02  4.130422e+02  1.061276e-14 
  435.000  7.258828e+02  4.468705e+02  3.019753e-14 
  436.000  8.061939e+02  4.927569e+02 -1.743146e-13 
  437.000  8.152760e+02  4.947567e+02 -4.787972e-14 
  438.000  7.314764e+02  4.407541e+02  2.395236e-14 
  439.000  7.089465e+02  4.241662e+02 -3.784181e-14 
  440.000  7.958301e+02  4.728039e+02  6.488930e-14 
  441.000  7.944824e+02  4.687022e+02  2.541442e-14 
  442.000  8.380428e+02  4.909562e+02 -6.118456e-14 
  443.000  8.449435e+02  4.915639e+02 -5.627697e-14 
  444.000  8.407389e+02  4.857367e+02 -9.981091e-14 
  445.000  8.857068e+02  5.081890e+02 -7.954890e-14 
  446.000  7.896031e+02  4.499295e+02 -9.610838e-15 
  447.000  9.018983e+02  5.104298e+02  2.699435e-14 
  448.000  9.182515e+02  5.162294e+02  1.101738e-13 
  449.000  9.258319e+02  5.170640e+02  4.576083e-14 
  450.000  9.473677e+02  5.256161e+02  1.364324e-13 
  451.000  1.025291e+03  5.651143e+02 -1.994517e-13 
  452.000  9.544811e+02  5.226351e+02  1.528334e-13 
  453.000  8.872589e+02  4.826486e+02 -4.086656e-14 
  454.000  9.472675e+02  5.119314e+02  2.949833e-14 
  455.000  9.552307e+02  5.128812e+02  2.173527e-15 
  456.000  9.797663e+02  5.226440e+02 -1.340207e-13 
  457.000  9.866426e+02  5.229226e+02 -8.586732e-14 
  458.000  9.706470e+02  5.111461e+02 -1.350820e-14 
  459.000  9.718765e+02  5.085216e+02  1.348300e-14 
  460.000  9.647461e+02  5.015805e+02 -3.815647e-14 
  461.000  1.001092e+03  5.171830e+02  7.051040e-15 
  462.000  9.861260e+02  5.062375e+02 -4.159308e-14 
  463.000  9.876991e+02  5.038595e+02 -1.281058e-13 
  464.000  9.921417e+02  5.029750e+02 -8.603352e-14 
  465.000  9.788139e+02  4.931390e+02 -9.111263e-14 
  466.000  1.010999e+03  5.062021e+02 -5.773188e-14 
  467.000  9.764391e+02  4.858775e+02  1.652169e-13 
  468.000  1.034891e+03  5.117741e+02  3.212930e-14 
  469.000  1.026990e+03  5.047075e+02  1.207874e-13 
  470.000  1.013983e+03  4.952008e+02  2.097338e-13 
  471.000  1.013269e+03  4.917410e+02  5.078542e-14 
  472.000  1.026772e+03  4.951497e+02  1.862206e-13 
  473.000  1.016708e+03  4.871844e+02 -6.113956e-14 
  474.000  1.025982e+03  4.884919e+02  9.779092e-14 
  475.000  1.068554e+03  5.054102e+02 -4.327655e-14 
  476.000  1.036744e+03  4.870345e+02  2.860062e-13 
  477.000  1.028255e+03  4.798832e+02  6.037116e-15 
  478.000  1.080113e+03  5.012838e+02 -5.947484e-14 
  479.000  1.032011e+03  4.765480e+02 -9.327444e-14 
  480.000  1.053258e+03  4.839792e+02  1.217660e-13 
  481.000  1.047743e+03  4.790128e+02 -1.919493e-13 
  482.000  1.070568e+03  4.868984e+02 -1.500375e-13 
  483.000  1.072607e+03  4.852165e+02  4.820628e-14 
  484.000  1.032256e+03  4.644059e+02 -1.779075e-13 
  485.000  1.040781e+03  4.656443e+02 -4.839100e-14 
  486.000  8.445905e+02  3.757656e+02 -7.706895e-14 
  487.000  9.500910e+02  4.203487e+02  2.543300e-15 
  488.000  1.032483e+03  4.542565e+02 -9.369430e-14 
  489.000  9.606044e+02  4.202840e+02  9.064104e-14 
  490.000  1.094534e+03  4.762292e+02  1.910808e-13 
  491.000  1.025167e+03  4.435807e+02 -1.138018e-13 
  492.000  9.860895e+02  4.243167e+02  8.046190e-14 
  493.000  1.063026e+03  4.549097e+02 -2.217963e-14 
  494.000  1.027907e+03  4.374694e+02 -3.706455e-14 
  495.000  1.099858e+03  4.655387e+02  3.573651e-14 
  496.000  1.072287e+03  4.513963e+02  1.528242e-13 
  497.000  1.041249e+03  4.359556e+02 -2.216151e-14 
  498.000  1.017696e+03  4.237957e+02  6.573702e-14 
  499.000  1.016281e+03  4.209288e+02  5.872853e-14 
  500.000  1.012839e+03  4.172550e+02  2.994195e-14 
  501.000  9.911454e+02  4.061344e+02  1.586822e-13 
  502.000  9.856517e+02  4.017344e+02 -9.960037e-15 
  503.000  1.045464e+03  4.238557e+02 -1.677144e-13 
  504.000  9.736757e+02  3.926659e+02 -7.293839e-14 
  505.000  1.051249e+03  4.217163e+02  2.666984e-13 
  506.000  1.126333e+03  4.494830e+02  1.112109e-13 
  507.000  1.048821e+03  4.163804e+02 -1.142865e-14 
  508.000  1.006642e+03  3.975731e+02 -4.285106e-14 
  509.000  1.086369e+03  4.268549e+02  2.313936e-13 
  510.000  1.053463e+03  4.118021e+02  1.082209e-13 
  511.000  1.054609e+03  4.101407e+02 -2.407977e-15 
  512.000  1.107743e+03  4.286090e+02 -2.418287e-14 
  513.000  1.014628e+03  3.905886e+02 -8.496413e-14 
  514.000  9.941058e+02  3.807530e+02 -2.430025e-13 
  515.000  1.015660e+03  3.870487e+02 -4.005876e-14 
  516.000  1.067705e+03  4.048346e+02 -5.109372e-15 
  517.000  7.871409e+02  2.969540e+02 -3.292874e-14 
  518.000  9.753082e+02  3.660971e+02 -6.261062e-14 
  519.000  9.247512e+02  3.453864e+02 -2.886885e-13 
  520.000  1.018933e+03  3.786698e+02 -3.128927e-15 
  521.000  1.020301e+03  3.772951e+02 -8.345173e-14 
  522.000  1.061625e+03  3.906256e+02  1.553926e-13 
  523.000  9.897425e+02  3.623611e+02  1.893286e-13 
  524.000  1.074666e+03  3.915017e+02  6.246050e-14 
  525.000  1.066898e+03  3.867447e+02 -8.297812e-15 
  526.000  1.017541e+03  3.670438e+02 -6.769034e-15 
  527.000  8.895757e+02  3.193084e+02  1.208819e-14 
  528.000  1.069233e+03  3.819154e+02 -9.295262e-14 
  529.000  1.100459e+03  3.911517e+02  1.250885e-13 
  530.000  1.040655e+03  3.680995e+02 -3.909382e-14 
  531.000  1.133635e+03  3.990517e+02 -8.072834e-14 
  532.000  1.082315e+03  3.791636e+02  3.641619e-14 
  533.000  9.512842e+02  3.316864e+02  3.665931e-14 
  534.000  1.035163e+03  3.592608e+02  4.268454e-15 
  535.000  1.056876e+03  3.651204e+02  1.856675e-14 
  536.000  1.122208e+03  3.859221e+02  4.178733e-14 
  537.000  1.041844e+03  3.566462e+02 -2.335289e-14 
  538.000  1.091340e+03  3.718752e+02  1.221201e-14 
  539.000  1.088489e+03  3.692014e+02  8.100003e-14 
  540.000  1.065970e+03  3.599045e+02  2.309382e-13 
  541.000  9.781600e+02  3.287457e+02 -6.937192e-14 
  542.000  1.091908e+03  3.652981e+02  7.673381e-14 
  543.000  1.045195e+03  3.480762e+02 -3.456989e-14 
  544.000  1.103232e+03  3.657307e+02  6.868315e-14 
  545.000  1.087629e+03  3.589200e+02 -1.132018e-13 
  546.000  1.064255e+03  3.496148e+02 -5.734976e-15 
  547.000  1.110316e+03  3.631010e+02  8.355775e-14 
  548.000  1.030989e+03  3.356421e+02  9.442309e-14 
  549.000  1.085870e+03  3.519240e+02 -1.861023e-13 
  550.000  1.062990e+03  3.429671e+02 -1.080063e-13 
  551.000  1.057461e+03  3.396557e+02  1.901810e-14 
  552.000  1.104225e+03  3.530951e+02  2.547522e-14 
  553.000  1.062098e+03  3.381119e+02 -1.452902e-14 
  554.000  1.097971e+03  3.479795e+02 -1.866781e-13 
  555.000  1.102241e+03  3.477855e+02 -3.803983e-14 
  556.000  1.073014e+03  3.370678e+02  1.124191e-13 
  557.000  1.042291e+03  3.259694e+02 -1.628541e-13 
  558.000  1.083041e+03  3.372195e+02 -5.664801e-14 
  559.000  1.024797e+03  3.176788e+02  1.289822e-13 
  560.000  1.030373e+03  3.179973e+02  1.364788e-13 
  561.000  1.133584e+03  3.483040e+02  2.746296e-14 
  562.000  1.041324e+03  3.184689e+02  1.187028e-13 
  563.000  1.090508e+03  3.320272e+02  3.134399e-14 
  564.000  1.076129e+03  3.261736e+02 -7.473316e-14 
  565.000  1.089703e+03  3.287528e+02  4.696988e-14 
  566.000  1.005679e+03  3.020632e+02  3.931823e-14 
  567.000  1.078806e+03  3.223386e+02  4.139034e-14 
  568.000  1.072607e+03  3.180165e+02  1.352969e-14 
  569.000  1.041604e+03  3.057302e+02 -6.538513e-14 
  570.000  1.049979e+03  3.071191e+02  5.287231e-14 
  571.000  1.021566e+03  2.987975e+02  1.288380e-14 
  572.000  1.073403e+03  3.113413e+02 -5.037486e-14 
  573.000  1.088140e+03  3.146210e+02 -2.096204e-14 
  574.000  1.084001e+03  3.121996e+02  1.657387e-14 
  575.000  1.058112e+03  3.033602e+02  1.275153e-14 
  576.000  1.039816e+03  2.968310e+02  2.689980e-14 
  577.000  1.086312e+03  3.091101e+02 -1.573019e-14 
  578.000  1.058395e+03  3.005102e+02  5.785526e-14 
  579.000  1.053189e+03  2.982093e+02 -1.678064e-14 
  580.000  1.091699e+03  3.081215e+02  8.083739e-15 
  581.000  1.075196e+03  3.027229e+02  1.329746e-14 
  582.000  1.093459e+03  3.068695e+02  7.162640e-14 
  583.000  1.102326e+03  3.081566e+02 -1.729899e-14 
  584.000  1.100074e+03  3.063304e+02 -4.564744e-14 
  585.000  1.093786e+03  3.033379e+02  6.242057e-14 
  586.000  1.047816e+03  2.894206e+02 -6.897772e-14 
  587.000  1.085938e+03  2.980903e+02 -9.183644e-14 
  588.000  1.060143e+03  2.876275e+02 -1.747151e-14 
  589.000  9.193494e+02  2.463712e+02 -4.351846e-15 
  590.000  9.593116e+02  2.559448e+02 -5.244537e-15 
  591.000  1.036128e+03  2.767800e+02  4.229566e-14 
  592.000  1.008856e+03  2.676750e+02 -2.843790e-14 
  593.000  1.038289e+03  2.761873e+02 -9.612731e-15 
  594.000  1.044677e+03  2.763456e+02  1.340470e-14 
  595.000  1.013029e+03  2.657421e+02 -2.688906e-14 
  596.000  1.057500e+03  2.781627e+02  5.632321e-14 
  597.000  1.057972e+03  2.767922e+02 -3.048602e-14 
  598.000  1.044884e+03  2.731737e+02 -7.280774e-14 
  599.000  1.049405e+03  2.737083e+02 -3.770376e-14 
  600.000  1.057477e+03  2.757285e+02  6.259897e-14 
  601.000  1.057234e+03  2.753085e+02  6.108775e-14 
  602.000  1.048305e+03  2.722509e+02  4.989859e-14 
  603.000  1.057191e+03  2.738127e+02  3.829924e-14 
  604.000  1.092862e+03  2.822115e+02  8.141355e-14 
  605.000  1.091656e+03  2.809376e+02 -3.572706e-14 
  606.000  1.080160e+03  2.769552e+02 -6.009606e-15 
  607.000  1.075231e+03  2.746737e+02  4.625849e-15 
  608.000  1.072357e+03  2.729174e+02  5.360650e-14 
  609.000  1.062382e+03  2.693670e+02 -5.945304e-14 
  610.000  1.046358e+03  2.643123e+02 -1.369107e-14 
  611.000  1.064311e+03  2.678419e+02  5.243098e-14 
  612.000  1.051404e+03  2.636046e+02  1.371558e-14 
  613.000  1.036965e+03  2.590121e+02  3.143692e-14 
  614.000  1.000400e+03  2.489437e+02  7.513007e-15 
  615.000  1.049226e+03  2.601192e+02 -2.149742e-14 
  616.000  9.984566e+02  2.466079e+02 -3.738844e-14 
  617.000  1.004921e+03  2.472741e+02 -1.251525e-14 
  618.000  1.053146e+03  2.581652e+02  3.540610e-14 
  619.000  1.044266e+03  2.550186e+02  3.089512e-14 
  620.000  1.060451e+03  2.579877e+02 -4.479324e-14 
  621.000  1.079413e+03  2.615972e+02  1.192555e-13 
  622.000  1.023095e+03  2.469945e+02  4.848470e-14 
  623.000  1.031647e+03  2.480887e+02  2.532152e-14 
  624.000  1.033323e+03  2.475283e+02  1.306904e-14 
  625.000  1.005828e+03  2.400052e+02 -5.972760e-15 
  626.000  1.010780e+03  2.401334e+02 -7.012800e-14 
  627.000  1.023049e+03  2.411897e+02  1.094633e-13 
  628.000  9.997842e+02  2.331518e+02 -2.150215e-14 
  629.000  1.029708e+03  2.400063e+02  1.718830e-14 
  630.000  1.001042e+03  2.330870e+02  3.201065e-14 
  631.000  1.040535e+03  2.417783e+02  1.825423e-15 
  632.000  9.652913e+02  2.229369e+02  3.583439e-14 
  633.000  1.042897e+03  2.408025e+02 -4.497492e-14 
  634.000  1.014125e+03  2.336412e+02 -4.898941e-14 
  635.000  1.033264e+03  2.371946e+02  3.000312e-14 
  636.000  9.985353e+02  2.285900e+02  9.542644e-15 
  637.000  1.032932e+03  2.357425e+02 -4.038983e-14 
  638.000  1.052507e+03  2.398320e+02 -6.317213e-14 
  639.000  1.044672e+03  2.372278e+02 -3.927083e-14 
  640.000  1.013941e+03  2.296704e+02  1.011717e-13 
  641.000  1.029235e+03  2.323102e+02  1.996406e-15 
  642.000  1.018569e+03  2.292619e+02  1.273316e-14 
  643.000  1.035183e+03  2.318614e+02  1.296566e-14 
  644.000  1.024012e+03  2.285583e+02  1.429570e-14 
  645.000  1.030666e+03  2.288603e+02 -1.235842e-14 
  646.000  9.800203e+02  2.154901e+02 -3.426377e-14 
  647.000  9.855571e+02  2.151950e+02 -2.662718e-14 
  648.000  9.749434e+02  2.114345e+02 -1.421406e-14 
  649.000  1.003104e+03  2.174103e+02  1.480263e-14 
  650.000  9.448585e+02  2.054625e+02  3.476557e-14 
  651.000  1.018359e+03  2.206789e+02  3.355585e-14 
  652.000  9.855090e+02  2.115658e+02 -1.207926e-14 
  653.000  1.022119e+03  2.202014e+02 -1.703555e-14 
  654.000  1.007583e+03  2.161380e+02  2.337031e-14 
  655.000  9.758953e+02  2.080700e+02  4.240831e-14 
  656.000  8.306913e+02  1.766667e+02 -2.301573e-15 
  657.000  8.899033e+02  1.888936e+02  1.026882e-14 
  658.000  9.971497e+02  2.115204e+02 -8.117928e-15 
  659.000  1.003224e+03  2.124575e+02  3.224129e-14 
  660.000  1.013028e+03  2.139758e+02 -1.524687e-14 
  661.000  1.022085e+03  2.156667e+02 -1.226401e-14 
  662.000  1.039098e+03  2.187776e+02  2.190823e-14 
  663.000  1.027796e+03  2.156084e+02 -2.479001e-14 
  664.000  1.012661e+03  2.118124e+02  1.420144e-14 
  665.000  1.018199e+03  2.123320e+02 -3.159336e-14 
  666.000  1.031753e+03  2.145435e+02 -2.689566e-14 
  667.000  1.012329e+03  2.098739e+02  5.457750e-14 
  668.000  1.019274e+03  2.107043e+02  9.454776e-14 
  669.000  1.034812e+03  2.132496e+02  9.633283e-14 
  670.000  1.023219e+03  2.101897e+02  8.755630e-14 
  671.000  1.013204e+03  2.074781e+02  9.711676e-14 
  672.000  1.010645e+03  2.062923e+02 -2.704695e-14 
  673.000  1.018616e+03  2.072543e+02 -8.941939e-14 
  674.000  1.021318e+03  2.071402e+02 -1.410715e-14 
  675.000  1.006429e+03  2.034704e+02  9.856003e-14 
  676.000  1.026132e+03  2.067920e+02 -3.061770e-15 
  677.000  1.006416e+03  2.021732e+02  6.856398e-14 
  678.000  1.023766e+03  2.050061e+02 -6.263260e-14 
  679.000  1.009877e+03  2.015689e+02  8.508322e-14 
  680.000  1.002234e+03  1.993299e+02 -6.516132e-14 
  681.000  1.003330e+03  1.988173e+02  2.021975e-14 
  682.000  1.001569e+03  1.978073e+02  5.112176e-14 
  683.000  1.008471e+03  1.984783e+02  1.019963e-13 
  684.000  9.897374e+02  1.940123e+02  2.741929e-14 
  685.000  1.002187e+03  1.959306e+02  0.000000e+00 
  686.000  9.570486e+02  1.862332e+02  3.032052e-14 
  687.000  8.414445e+02  1.597366e+02 -2.926633e-14 
  688.000  8.799712e+02  1.673512e+02 -4.343279e-14 
  689.000  8.709608e+02  1.648288e+02  2.766929e-14 
  690.000  8.952861e+02  1.693737e+02 -2.092250e-14 
  691.000  9.219072e+02  1.744305e+02 -2.584086e-14 
  692.000  9.249749e+02  1.745721e+02  2.189720e-14 
  693.000  9.061019e+02  1.694087e+02 -9.711185e-15 
  694.000  8.901290e+02  1.650782e+02  1.843498e-14 
  695.000  8.900176e+02  1.649525e+02  1.345089e-15 
  696.000  9.100492e+02  1.684405e+02 -2.662791e-14 
  697.000  9.565568e+02  1.784239e+02 -1.568286e-14 
  698.000  9.295327e+02  1.723490e+02  2.770529e-17 
  699.000  9.063897e+02  1.660291e+02 -4.378438e-14 
  700.000  9.024779e+02  1.649893e+02  1.730532e-14 
  701.000  8.737078e+02  1.589702e+02  2.247170e-14 
  702.000  8.759781e+02  1.590840e+02 -4.207007e-14 
  703.000  9.215814e+02  1.680815e+02 -5.960085e-15 
  704.000  9.259195e+02  1.684167e+02 -2.499458e-14 
  705.000  9.194345e+02  1.661710e+02 -3.121358e-14 
  706.000  9.126207e+02  1.645377e+02 -9.196849e-15 
  707.000  9.039490e+02  1.626657e+02 -2.624033e-14 
  708.000  9.358421e+02  1.681145e+02  1.238767e-14 
  709.000  9.134377e+02  1.640727e+02  4.586356e-14 
  710.000  9.232123e+02  1.648039e+02 -7.691418e-15 
  711.000  9.258071e+02  1.652851e+02 -1.383384e-14 
  712.000  9.229939e+02  1.647825e+02  4.786214e-15 
  713.000  9.113304e+02  1.617884e+02 -6.714568e-14 
  714.000  9.241799e+02  1.634241e+02  5.617478e-15 
  715.000  8.791321e+02  1.544208e+02 -1.284491e-14 
  716.000  8.882322e+02  1.549879e+02 -1.827368e-14 
  717.000  7.805992e+02  1.336620e+02 -4.955549e-16 
  718.000  7.259294e+02  1.223521e+02  7.404498e-15 
  719.000  6.998220e+02  1.169265e+02  8.000878e-15 
  720.000  6.789885e+02  1.121694e+02 -1.127211e-15 
  721.000  7.956954e+02  1.351257e+02 -1.368593e-14 
  722.000  8.514597e+02  1.452706e+02  4.078512e-15 
  723.000  8.245409e+02  1.396677e+02  2.384864e-15 
  724.000  7.594124e+02  1.265385e+02  2.917192e-15 
  725.000  7.611009e+02  1.267191e+02  2.561263e-14 
  726.000  7.567435e+02  1.255449e+02 -9.239462e-15 
  727.000  7.779646e+02  1.289787e+02  6.708906e-15 
  728.000  7.543394e+02  1.244173e+02  1.222280e-14 
  729.000  7.497841e+02  1.240146e+02 -1.369600e-15 
  730.000  7.732710e+02  1.274515e+02  1.640274e-14 
  731.000  7.554680e+02  1.240561e+02  1.092689e-14 
  732.000  8.146740e+02  1.344987e+02  1.417982e-14 
  733.000  8.457645e+02  1.403376e+02  1.318256e-15 
  734.000  8.850271e+02  1.471441e+02 -1.934671e-14 
  735.000  8.707073e+02  1.441087e+02  7.978648e-15 
  736.000  8.411420e+02  1.384242e+02 -2.723363e-14 
  737.000  8.628953e+02  1.419061e+02  2.945616e-14 
  738.000  8.751377e+02  1.439893e+02 -2.311219e-15 
  739.000  8.530602e+02  1.401856e+02 -1.154053e-15 
  740.000  8.748387e+02  1.439367e+02 -2.784917e-14 
  741.000  8.758676e+02  1.440794e+02  2.953258e-14 
  742.000  8.648914e+02  1.420377e+02 -2.674409e-14 
  743.000  8.978099e+02  1.474364e+02  2.592811e-14 
  744.000  9.097874e+02  1.491542e+02 -5.588511e-15 
  745.000  8.888121e+02  1.454642e+02 -2.838265e-14 
  746.000  9.033477e+02  1.475498e+02 -3.252206e-14 
  747.000  9.180847e+02  1.495509e+02 -1.940763e-14 
  748.000  9.029628e+02  1.467737e+02  2.317564e-14 
  749.000  9.041277e+02  1.465899e+02 -1.021259e-13 
  750.000  8.906044e+02  1.439429e+02  2.206002e-14 
  751.000  8.887707e+02  1.432483e+02 -3.782338e-14 
  752.000  9.039476e+02  1.453725e+02  1.684755e-14 
  753.000  8.961475e+02  1.437413e+02 -2.754998e-14 
  754.000  9.108000e+02  1.457009e+02  4.885508e-14 
  755.000  9.060313e+02  1.445390e+02 -6.699154e-14 
  756.000  8.887562e+02  1.413947e+02  5.991145e-14 
  757.000  8.956628e+02  1.421001e+02 -2.166115e-14 
  758.000  8.937415e+02  1.413337e+02  1.260440e-13 
  759.000  8.052696e+02  1.251367e+02 -1.836031e-14 
  760.000  3.048550e+02  4.290203e+01 -5.961605e-16 
  761.000  2.631101e+02  3.641192e+01 -3.541260e-33 
  762.000  5.239208e+02  7.689336e+01  8.781593e-17 
  763.000  4.498199e+02  6.473740e+01  3.019692e-16 
  764.000  4.949481e+02  7.159976e+01 -1.443126e-15 
  765.000  5.989716e+02  8.838783e+01 -3.306261e-15 
  766.000  6.882751e+02  1.039002e+02 -1.130168e-14 
  767.000  7.583140e+02  1.149871e+02 -2.103532e-14 
  768.000  8.287421e+02  1.261295e+02  6.684096e-14 
  769.000  8.521285e+02  1.300722e+02  1.524262e-14 
  770.000  8.603503e+02  1.313852e+02  2.745926e-14 
  771.000  8.675527e+02  1.323754e+02  5.852293e-14 
  772.000  8.659019e+02  1.318294e+02  7.497463e-14 
  773.000  8.632788e+02  1.311019e+02  6.287376e-15 
  774.000  8.733577e+02  1.323034e+02  7.477406e-15 
  775.000  8.411605e+02  1.271010e+02 -9.662535e-14 
  776.000  8.763697e+02  1.320805e+02  1.197293e-14 
  777.000  8.706193e+02  1.308595e+02 -2.748460e-14 
  778.000  8.661730e+02  1.298316e+02  5.170730e-15 
  779.000  8.692209e+02  1.299296e+02  1.481877e-14 
  780.000  8.587119e+02  1.280075e+02 -8.017226e-14 
  781.000  8.580298e+02  1.275965e+02 -7.307491e-14 
  782.000  8.685854e+02  1.288111e+02 -3.716753e-16 
  783.000  8.485118e+02  1.254902e+02  7.260306e-16 
  784.000  8.531532e+02  1.258078e+02  8.319259e-14 
  785.000  8.533204e+02  1.253260e+02 -7.253363e-14 
  786.000  8.351778e+02  1.220775e+02 -5.557484e-14 
  787.000  8.395430e+02  1.219421e+02  1.978924e-16 
  788.000  8.228764e+02  1.189810e+02 -3.662063e-14 
  789.000  8.124615e+02  1.165018e+02  9.523191e-15 
  790.000  8.031010e+02  1.148031e+02  1.119796e-14 
  791.000  8.020720e+02  1.144609e+02 -1.966728e-14 
  792.000  7.922529e+02  1.128661e+02  1.510234e-14 
  793.000  7.978715e+02  1.136261e+02 -2.509747e-14 
  794.000  8.027678e+02  1.146559e+02  7.505673e-15 
  795.000  7.907841e+02  1.122513e+02  1.228841e-14 
  796.000  7.832161e+02  1.100584e+02 -1.145466e-14 
  797.000  7.944631e+02  1.115584e+02 -1.457918e-14 
  798.000  8.086558e+02  1.138055e+02 -5.909059e-14 
  799.000  8.051464e+02  1.128818e+02  6.541267e-14 
  800.000  7.748196e+02  1.079739e+02 -3.046661e-14 
  801.000  7.905912e+02  1.099276e+02 -3.814918e-14 
  802.000  7.882960e+02  1.092889e+02 -1.906879e-14 
  803.000  7.786340e+02  1.077217e+02  1.174234e-14 
  804.000  7.905042e+02  1.092565e+02 -1.695168e-14 
  805.000  7.776743e+02  1.075656e+02 -7.212038e-15 
  806.000  8.042338e+02  1.111989e+02 -5.723418e-15 
  807.000  7.998833e+02  1.103228e+02  1.541535e-14 
  808.000  7.922108e+02  1.088422e+02  1.083355e-14 
  809.000  7.753652e+02  1.060925e+02 -3.709232e-15 
  810.000  7.680429e+02  1.046535e+02 -2.899173e-15 
  811.000  7.721281e+02  1.046299e+02  4.259312e-15 
  812.000  7.582965e+02  1.021313e+02 -1.609497e-15 
  813.000  7.413390e+02  9.922531e+01  1.315336e-14 
  814.000  7.221210e+02  9.601071e+01 -1.121118e-14 
  815.000  6.918881e+02  9.133769e+01 -4.304824e-15 
  816.000  6.576173e+02  8.613452e+01 -1.125914e-14 
  817.000  6.631524e+02  8.664627e+01  3.840790e-15 
  818.000  6.615182e+02  8.625093e+01  6.532132e-15 
  819.000  6.530630e+02  8.510072e+01  3.188904e-15 
  820.000  6.710184e+02  8.772575e+01 -5.653198e-15 
  821.000  7.299844e+02  9.595708e+01 -8.085472e-16 
  822.000  6.825227e+02  8.893137e+01 -3.410867e-15 
  823.000  6.174551e+02  7.909458e+01  1.037619e-15 
  824.000  6.905278e+02  8.933562e+01  3.587630e-15 
  825.000  7.315201e+02  9.526861e+01  9.765051e-15 
  826.000  7.292980e+02  9.459189e+01  7.329312e-15 
  827.000  7.217578e+02  9.326274e+01 -1.205141e-14 
  828.000  6.929490e+02  8.882153e+01 -1.068927e-14 
  829.000  7.025828e+02  8.999662e+01 -1.829420e-15 
  830.000  7.025490e+02  8.997717e+01 -8.976579e-15 
  831.000  6.929566e+02  8.858769e+01 -1.305198e-14 
  832.000  7.085867e+02  9.040607e+01 -1.124804e-14 
  833.000  6.928839e+02  8.832375e+01 -1.417174e-14 
  834.000  7.106556e+02  9.054869e+01  1.714058e-14 
  835.000  7.263580e+02  9.273758e+01 -4.579351e-15 
  836.000  7.305018e+02  9.290307e+01  3.064445e-14 
  837.000  7.242193e+02  9.187158e+01  5.474883e-15 
  838.000  7.338160e+02  9.307475e+01  1.468202e-14 
  839.000  7.150682e+02  9.061391e+01 -1.662986e-15 
  840.000  7.358609e+02  9.307382e+01  3.326530e-14 
  841.000  7.336992e+02  9.242139e+01  3.361765e-15 
  842.000  7.331085e+02  9.225880e+01  8.336818e-15 
  843.000  7.371552e+02  9.290424e+01 -5.369998e-15 
  844.000  7.290733e+02  9.184377e+01 -2.091138e-14 
  845.000  7.421743e+02  9.335591e+01  4.850178e-15 
  846.000  7.508912e+02  9.432055e+01 -4.037615e-14 
  847.000  7.272180e+02  9.123222e+01  1.587643e-14 
  848.000  7.453843e+02  9.310142e+01  1.134914e-14 
  849.000  7.473472e+02  9.314069e+01  5.062125e-15 
  850.000  6.448592e+02  8.009771e+01 -1.022721e-14 
  851.000  7.369750e+02  9.121992e+01  2.641790e-14 
  852.000  7.093747e+02  8.759956e+01 -8.100204e-16 
  853.000  7.208615e+02  8.895976e+01 -1.156929e-14 
  854.000  5.795506e+02  7.134136e+01 -3.698186e-16 
  855.000  6.394978e+02  7.860325e+01 -3.509020e-15 
  856.000  7.289269e+02  8.954525e+01  1.276788e-14 
  857.000  7.420334e+02  9.102163e+01  4.275179e-14 
  858.000  7.309849e+02  8.949401e+01 -5.916914e-15 
  859.000  7.324568e+02  8.955494e+01 -3.047871e-16 
  860.000  7.267281e+02  8.868661e+01 -9.057528e-16 
  861.000  7.269142e+02  8.850326e+01 -5.105637e-14 
  862.000  7.250308e+02  8.808652e+01  1.256822e-14 
  863.000  7.391179e+02  8.958594e+01  1.007150e-14 
  864.000  7.380557e+02  8.926077e+01  2.586633e-14 
  865.000  7.246700e+02  8.744651e+01  3.579844e-15 
  866.000  6.080464e+02  7.320119e+01 -2.750988e-15 
  867.000  6.476276e+02  7.777769e+01  8.003976e-15 
  868.000  7.025699e+02  8.417696e+01  5.698398e-14 
  869.000  6.929424e+02  8.283018e+01 -4.279231e-15 
  870.000  7.216526e+02  8.605326e+01 -8.016591e-15 
  871.000  7.208641e+02  8.575938e+01  1.275267e-14 
  872.000  7.182861e+02  8.526061e+01  1.742813e-14 
  873.000  7.211895e+02  8.539143e+01 -2.401552e-14 
  874.000  7.054716e+02  8.332682e+01  3.771539e-14 
  875.000  6.991289e+02  8.238095e+01 -1.438264e-14 
  876.000  7.048926e+02  8.284787e+01  4.058306e-14 
  877.000  7.189935e+02  8.429687e+01  3.460452e-14 
  878.000  7.060261e+02  8.252443e+01  1.221546e-14 
  879.000  7.077614e+02  8.252870e+01  1.413866e-14 
  880.000  7.031522e+02  8.174957e+01 -5.554647e-14 
  881.000  6.663792e+02  7.726634e+01  3.314751e-14 
  882.000  7.029851e+02  8.129353e+01  1.118421e-14 
  883.000  6.874462e+02  7.933513e+01 -2.766493e-14 
  884.000  6.935592e+02  7.986277e+01  4.333864e-14 
  885.000  6.994706e+02  8.025729e+01  6.221667e-15 
  886.000  6.747836e+02  7.713890e+01 -3.012975e-15 
  887.000  6.694901e+02  7.642882e+01 -3.879794e-15 
  888.000  6.895815e+02  7.853218e+01  2.212334e-14 
  889.000  6.947855e+02  7.896925e+01  3.001729e-14 
  890.000  6.914603e+02  7.832841e+01  3.052638e-14 
  891.000  6.852470e+02  7.732228e+01  9.477503e-15 
  892.000  6.768743e+02  7.592553e+01 -1.115322e-14 
  893.000  6.324456e+02  7.015577e+01 -2.575404e-16 
  894.000  6.436511e+02  7.097201e+01  1.222615e-14 
  895.000  5.822940e+02  6.355013e+01  8.440640e-15 
  896.000  5.746020e+02  6.219188e+01  5.290969e-15 
  897.000  5.303345e+02  5.686357e+01 -1.283381e-15 
  898.000  5.169860e+02  5.508051e+01  7.434778e-15 
  899.000  4.779500e+02  5.010873e+01  3.618324e-15 
  900.000  4.712467e+02  4.939271e+01 -5.853215e-15 
  901.000  4.519107e+02  4.706808e+01  1.634876e-15 
  902.000  4.456174e+02  4.636143e+01 -1.342709e-15 
  903.000  5.343455e+02  5.662176e+01  2.152642e-15 
  904.000  5.838654e+02  6.220157e+01  1.748011e-16 
  905.000  5.810790e+02  6.177029e+01  6.434256e-15 
  906.000  5.402302e+02  5.704132e+01  1.660355e-15 
  907.000  5.048297e+02  5.263027e+01  3.958392e-15 
  908.000  4.635064e+02  4.770288e+01  2.473556e-15 
  909.000  4.566989e+02  4.691123e+01 -9.256513e-16 
  910.000  4.662903e+02  4.786848e+01 -6.239819e-15 
  911.000  4.832957e+02  4.984387e+01  3.962178e-15 
  912.000  4.755724e+02  4.878527e+01  2.535367e-15 
  913.000  4.483615e+02  4.514646e+01  6.346571e-15 
  914.000  4.643200e+02  4.704775e+01  8.670272e-17 
  915.000  4.710620e+02  4.793163e+01 -4.199777e-15 
  916.000  4.811524e+02  4.893583e+01  4.475108e-15 
  917.000  4.820092e+02  4.907280e+01 -1.529779e-15 
  918.000  4.903638e+02  4.999771e+01 -1.443404e-16 
  919.000  5.342715e+02  5.484128e+01 -7.530893e-15 
  920.000  5.581980e+02  5.749131e+01 -3.666944e-15 
  921.000  5.399919e+02  5.544361e+01 -7.207602e-15 
  922.000  5.347651e+02  5.478498e+01  1.365151e-14 
  923.000  5.049568e+02  5.154274e+01 -2.636137e-15 
  924.000  5.078466e+02  5.153434e+01 -3.428077e-15 
  925.000  5.128342e+02  5.187952e+01 -5.056335e-16 
  926.000  4.933350e+02  4.971805e+01  2.842348e-15 
  927.000  4.895399e+02  4.891328e+01 -7.547980e-15 
  928.000  4.592117e+02  4.520820e+01 -2.074846e-15 
  929.000  4.072273e+02  3.911437e+01 -3.453371e-16 
  930.000  3.518756e+02  3.288721e+01 -8.053728e-17 
  931.000  2.956586e+02  2.697872e+01 -8.086589e-16 
  932.000  2.255628e+02  1.993731e+01 -1.266004e-27 
  933.000  1.828130e+02  1.577783e+01 -1.304649e-15 
  934.000  1.422697e+02  1.194622e+01 -6.737260e-19 
  935.000  1.360296e+02  1.135911e+01 -1.224361e-18 
  936.000  1.488857e+02  1.252729e+01  1.112038e-16 
  937.000  1.489686e+02  1.248382e+01 -2.110016e-16 
  938.000  1.922697e+02  1.653361e+01 -2.651474e-18 
  939.000  3.340711e+02  3.023777e+01 -1.190358e-15 
  940.000  3.565403e+02  3.254397e+01  3.715499e-16 
  941.000  3.290153e+02  2.973204e+01  8.238304e-17 
  942.000  2.717988e+02  2.410193e+01  9.575585e-24 
  943.000  2.152911e+02  1.856013e+01  5.261337e-18 
  944.000  2.046206e+02  1.755648e+01 -2.013168e-17 
  945.000  2.300169e+02  1.987538e+01  3.460193e-15 
  946.000  2.349142e+02  2.027909e+01 -1.756032e-15 
  947.000  2.567124e+02  2.232300e+01 -2.507478e-15 
  948.000  2.723650e+02  2.375899e+01 -2.084829e-17 
  949.000  2.719428e+02  2.367725e+01  8.786067e-16 
  950.000  2.739705e+02  2.384082e+01  1.024875e-16 
  951.000  3.045247e+02  2.674766e+01 -5.798742e-17 
  952.000  2.711886e+02  2.351959e+01 -2.465774e-15 
  953.000  2.946428e+02  2.573094e+01  4.524829e-16 
  954.000  3.186382e+02  2.805980e+01  1.719392e-16 
  955.000  2.784135e+02  2.430640e+01  3.994796e-16 
  956.000  2.934038e+02  2.556666e+01  7.955119e-16 
  957.000  3.621819e+02  3.237550e+01  5.288204e-16 
  958.000  3.751323e+02  3.364246e+01 -1.635636e-16 
  959.000  3.651208e+02  3.252151e+01 -3.940661e-17 
  960.000  3.587265e+02  3.185666e+01 -2.013296e-15 
  961.000  3.494164e+02  3.090168e+01 -1.731774e-15 
  962.000  3.569137e+02  3.158667e+01  3.920646e-16 
  963.000  3.964456e+02  3.570392e+01  4.213570e-16 
  964.000  3.981033e+02  3.589886e+01  2.318326e-16 
  965.000  3.994509e+02  3.588934e+01 -4.822970e-15 
  966.000  3.904793e+02  3.506584e+01  2.011102e-15 
  967.000  4.323983e+02  3.932243e+01 -1.483832e-15 
  968.000  4.796849e+02  4.423207e+01  6.197588e-15 
  969.000  5.073192e+02  4.692881e+01 -8.449079e-15 
  970.000  5.102808e+02  4.712915e+01 -3.866021e-16 
  971.000  5.052884e+02  4.656703e+01  6.239381e-15 
  972.000  5.019055e+02  4.608960e+01 -6.015286e-15 
  973.000  4.814884e+02  4.397985e+01 -1.418276e-16 
  974.000  4.555199e+02  4.134438e+01 -1.758885e-15 
  975.000  4.460129e+02  4.026191e+01 -4.638844e-15 
  976.000  4.662161e+02  4.216577e+01  3.568124e-15 
  977.000  4.786342e+02  4.342646e+01 -6.465693e-15 
  978.000  4.886537e+02  4.423725e+01 -8.606008e-16 
  979.000  4.810269e+02  4.352450e+01  9.296154e-15 
  980.000  5.134928e+02  4.662099e+01  5.371042e-15 
  981.000  5.230350e+02  4.746273e+01 -6.804527e-17 
  982.000  5.163403e+02  4.670446e+01  1.049831e-14 
  983.000  5.285241e+02  4.787678e+01  2.798458e-15 
  984.000  5.389990e+02  4.893875e+01 -1.241849e-15 
  985.000  5.468321e+02  4.969454e+01 -8.739866e-15 
  986.000  5.527475e+02  5.034976e+01  5.672845e-15 
  987.000  5.636958e+02  5.135190e+01  1.589242e-14 
  988.000  5.578953e+02  5.074471e+01 -2.421970e-15 
  989.000  5.515679e+02  5.008152e+01 -5.849419e-15 
  990.000  5.574446e+02  5.053705e+01  6.121557e-15 
  991.000  5.659274e+02  5.130239e+01  6.665592e-15 
  992.000  5.618677e+02  5.085711e+01 -9.442530e-15 
  993.000  5.623378e+02  5.080345e+01  1.443047e-14 
  994.000  5.686902e+02  5.136024e+01 -1.306681e-14 
  995.000  5.669173e+02  5.116935e+01  3.413690e-15 
  996.000  5.668618e+02  5.105499e+01  2.286269e-16 
  997.000  5.660802e+02  5.082704e+01  1.321028e-14 
  998.000  5.623392e+02  5.032706e+01 -1.100442e-14 
  999.000  5.604089e+02  5.004219e+01  1.285359e-14 
 1000.000  5.565225e+02  4.960451e+01 -7.595128e-15 
 1001.000  5.561522e+02  4.936507e+01  3.720042e-14 
 1002.000  5.498669e+02  4.855636e+01 -1.448130e-14 
 1003.000  5.448332e+02  4.804349e+01  3.051816e-14 
 1004.000  5.434974e+02  4.790795e+01 -2.183616e-14 
 1005.000  5.090490e+02  4.481378e+01 -1.166859e-14 
 1006.000  5.363075e+02  4.712681e+01  4.519454e-15 
 1007.000  5.451142e+02  4.777026e+01 -1.365300e-14 
 1008.000  5.430520e+02  4.737184e+01  9.611781e-15 
 1009.000  5.339390e+02  4.633894e+01  1.345280e-14 
 1010.000  5.386485e+02  4.671043e+01 -1.341772e-14 
 1011.000  5.420741e+02  4.706730e+01  2.636138e-14 
 1012.000  5.447358e+02  4.726475e+01 -9.453983e-15 
 1013.000  5.427171e+02  4.704438e+01  1.765965e-14 
 1014.000  5.470754e+02  4.734594e+01  1.539115e-14 
 1015.000  5.372048e+02  4.639882e+01  8.303992e-15 
 1016.000  5.415256e+02  4.668916e+01  6.309371e-15 
 1017.000  5.367398e+02  4.619534e+01  1.087750e-14 
 1018.000  5.427928e+02  4.658422e+01  3.493682e-15 
 1019.000  5.284886e+02  4.521243e+01  1.927235e-14 
 1020.000  5.281620e+02  4.511084e+01 -1.425364e-14 
 1021.000  5.349178e+02  4.562578e+01 -1.612203e-15 
 1022.000  5.246049e+02  4.459116e+01 -4.731861e-15 
 1023.000  5.327256e+02  4.512864e+01  1.235787e-14 
 1024.000  5.288832e+02  4.467622e+01 -3.132579e-15 
 1025.000  5.324885e+02  4.499303e+01  6.862830e-15 
 1026.000  5.348076e+02  4.513358e+01 -2.575521e-15 
 1027.000  5.310240e+02  4.471116e+01 -7.725108e-15 
 1028.000  5.329207e+02  4.478418e+01  6.454240e-16 
 1029.000  5.264521e+02  4.420331e+01  1.948862e-14 
 1030.000  5.332787e+02  4.473449e+01 -7.337128e-15 
 1031.000  5.324199e+02  4.459634e+01 -4.770692e-15 
 1032.000  5.312404e+02  4.442619e+01  5.177641e-15 
 1033.000  5.217060e+02  4.354383e+01 -1.855047e-14 
 1034.000  5.276457e+02  4.396061e+01 -4.503747e-15 
 1035.000  5.222971e+02  4.343155e+01 -5.802055e-15 
 1036.000  5.291707e+02  4.391223e+01  6.300234e-15 
 1037.000  5.181860e+02  4.291478e+01  1.335367e-15 
 1038.000  5.234554e+02  4.326411e+01  9.342468e-15 
 1039.000  5.255363e+02  4.333919e+01 -2.042569e-14 
 1040.000  5.192988e+02  4.273115e+01 -3.326859e-14 
 1041.000  5.220316e+02  4.286253e+01  5.382731e-15 
 1042.000  5.236133e+02  4.290164e+01 -3.708328e-14 
 1043.000  5.146491e+02  4.207966e+01  3.979267e-15 
 1044.000  5.197612e+02  4.240638e+01  1.754257e-15 
 1045.000  5.173984e+02  4.211519e+01 -1.747418e-15 
 1046.000  5.022733e+02  4.079250e+01 -1.436348e-14 
 1047.000  5.114224e+02  4.144238e+01  9.854141e-15 
 1048.000  5.164985e+02  4.176193e+01  1.499063e-14 
 1049.000  5.131918e+02  4.140553e+01 -2.652053e-15 
 1050.000  5.099579e+02  4.104849e+01  1.930570e-15 
 1051.000  5.096592e+02  4.092065e+01 -1.116716e-14 
 1052.000  5.071301e+02  4.062337e+01 -1.435600e-14 
 1053.000  5.074263e+02  4.056304e+01  2.033306e-16 
 1054.000  5.019007e+02  4.002114e+01  8.815881e-15 
 1055.000  5.052823e+02  4.019048e+01  5.450062e-15 
 1056.000  5.037459e+02  3.997337e+01  1.712472e-14 
 1057.000  5.021276e+02  3.972714e+01  1.147687e-14 
 1058.000  4.953773e+02  3.904632e+01 -1.287631e-14 
 1059.000  4.800551e+02  3.776797e+01  1.256122e-15 
 1060.000  4.983485e+02  3.916495e+01  2.671619e-14 
 1061.000  4.808158e+02  3.771474e+01  1.786882e-14 
 1062.000  4.933087e+02  3.858841e+01  1.023951e-14 
 1063.000  4.848077e+02  3.784908e+01  1.007167e-14 
 1064.000  4.904048e+02  3.818866e+01  1.686847e-15 
 1065.000  4.886792e+02  3.794444e+01  1.427352e-14 
 1066.000  4.738320e+02  3.673123e+01 -8.068723e-15 
 1067.000  4.846015e+02  3.747982e+01  5.807209e-15 
 1068.000  4.803586e+02  3.702349e+01  3.889892e-15 
 1069.000  4.428245e+02  3.403013e+01 -5.706146e-15 
 1070.000  4.692831e+02  3.600382e+01 -8.534925e-16 
 1071.000  4.684707e+02  3.583309e+01  8.043566e-15 
 1072.000  4.683162e+02  3.571690e+01  4.880390e-15 
 1073.000  4.525367e+02  3.444389e+01  7.416636e-15 
 1074.000  4.685841e+02  3.560711e+01 -2.427161e-14 
 1075.000  4.562441e+02  3.466262e+01 -2.457981e-15 
 1076.000  4.647125e+02  3.520689e+01 -3.083751e-15 
 1077.000  4.617048e+02  3.487150e+01 -6.868428e-16 
 1078.000  4.607076e+02  3.468455e+01  8.920841e-15 
 1079.000  4.425060e+02  3.324914e+01  7.038509e-16 
 1080.000  4.494630e+02  3.359844e+01 -3.556969e-15 
 1081.000  4.326240e+02  3.227792e+01 -3.944064e-15 
 1082.000  4.407613e+02  3.287355e+01  5.015895e-15 
 1083.000  4.257377e+02  3.164314e+01 -6.322999e-15 
 1084.000  4.384216e+02  3.247392e+01  6.157309e-16 
 1085.000  4.243103e+02  3.126692e+01  6.115892e-15 
 1086.000  4.317955e+02  3.178562e+01 -2.146113e-15 
 1087.000  4.140358e+02  3.054486e+01  6.135977e-16 
 1088.000  4.395792e+02  3.238005e+01 -2.761756e-15 
 1089.000  4.118375e+02  3.013835e+01 -5.334997e-15 
 1090.000  4.186596e+02  3.055923e+01 -7.745586e-16 
 1091.000  4.234726e+02  3.087836e+01 -5.717474e-15 
 1092.000  4.081425e+02  2.964815e+01 -1.186615e-15 
 1093.000  3.910471e+02  2.824966e+01  3.250769e-15 
 1094.000  3.511198e+02  2.528388e+01 -3.117436e-15 
 1095.000  3.808438e+02  2.738009e+01  1.444103e-15 
 1096.000  3.799376e+02  2.726516e+01 -1.063861e-16 
 1097.000  3.723794e+02  2.665067e+01 -7.168640e-16 
 1098.000  3.385421e+02  2.394268e+01 -1.326001e-15 
 1099.000  3.141588e+02  2.185465e+01  1.466800e-15 
 1100.000  3.211559e+02  2.232620e+01 -3.408532e-15 
