  400.000  2.646858e+00  1.099027e+02  6.690341e-15 
  401.000  2.707659e+00  1.091148e+02  2.045418e-14 
  402.000  2.952435e+00  1.155087e+02 -8.001564e-15 
  403.000  2.844123e+00  1.080608e+02 -4.742695e-15 
  404.000  3.142463e+00  1.159885e+02 -1.683182e-14 
  405.000  2.961975e+00  1.062407e+02  1.306654e-14 
  406.000  3.020552e+00  1.053139e+02  2.760061e-15 
  407.000  3.021961e+00  1.024482e+02  2.457647e-15 
  408.000  3.361969e+00  1.108549e+02 -1.531969e-14 
  409.000  3.820253e+00  1.225545e+02  4.345329e-15 
  410.000  3.277827e+00  1.023354e+02  5.337531e-15 
  411.000  3.949012e+00  1.200214e+02 -8.524660e-15 
  412.000  4.196647e+00  1.242024e+02  3.605167e-15 
  413.000  4.064981e+00  1.171801e+02  1.163049e-14 
  414.000  4.087125e+00  1.147903e+02 -6.498473e-15 
  415.000  4.468179e+00  1.222978e+02  1.054878e-15 
  416.000  4.550553e+00  1.214183e+02 -2.492658e-15 
  417.000  4.519471e+00  1.175845e+02  1.376566e-14 
  418.000  4.526995e+00  1.148736e+02  1.240544e-14 
  419.000  4.747680e+00  1.175328e+02 -9.841092e-15 
  420.000  4.112573e+00  9.934930e+01  1.666709e-15 
  421.000  5.272199e+00  1.243113e+02  2.110282e-14 
  422.000  5.168111e+00  1.189632e+02  9.043092e-15 
  423.000  4.464233e+00  1.003444e+02  1.378176e-14 
  424.000  5.021096e+00  1.102314e+02 -5.787946e-15 
  425.000  5.315419e+00  1.140053e+02 -1.134080e-14 
  426.000  5.221496e+00  1.094370e+02 -4.712454e-15 
  427.000  5.131366e+00  1.051193e+02 -1.267149e-14 
  428.000  5.307140e+00  1.062867e+02 -4.957425e-15 
  429.000  4.930355e+00  9.655158e+01 -7.885044e-15 
  430.000  4.016536e+00  7.692976e+01 -4.469629e-15 
  431.000  3.685981e+00  6.906329e+01  8.327992e-15 
  432.000  6.770761e+00  1.241286e+02  5.225611e-15 
  433.000  6.149177e+00  1.103273e+02  9.691721e-15 
  434.000  5.961978e+00  1.047062e+02  1.282695e-15 
  435.000  6.615448e+00  1.137493e+02  1.716633e-14 
  436.000  7.479855e+00  1.259434e+02  1.488494e-14 
  437.000  7.698976e+00  1.269689e+02  4.088450e-15 
  438.000  7.029391e+00  1.135666e+02  6.048640e-15 
  439.000  6.931916e+00  1.097323e+02  8.690496e-15 
  440.000  7.915286e+00  1.227994e+02 -9.491374e-15 
  441.000  8.036206e+00  1.222116e+02  9.499761e-15 
  442.000  8.618807e+00  1.285087e+02 -2.808410e-15 
  443.000  8.833210e+00  1.291578e+02 -1.433720e-15 
  444.000  8.932208e+00  1.281055e+02 -1.530287e-14 
  445.000  9.560093e+00  1.345175e+02  4.279453e-15 
  446.000  8.655601e+00  1.195173e+02  1.301800e-14 
  447.000  1.004525e+01  1.361114e+02 -7.547922e-15 
  448.000  1.039978e+01  1.382541e+02  4.059572e-15 
  449.000  1.066363e+01  1.390932e+02  2.486522e-14 
  450.000  1.109366e+01  1.420097e+02  1.242789e-14 
  451.000  1.220053e+01  1.533127e+02  1.057537e-14 
  452.000  1.153688e+01  1.423482e+02  6.893627e-15 
  453.000  1.089039e+01  1.319651e+02 -7.555086e-15 
  454.000  1.180400e+01  1.405022e+02  1.472955e-15 
  455.000  1.207908e+01  1.412510e+02 -4.758914e-15 
  456.000  1.256464e+01  1.443764e+02  2.391170e-16 
  457.000  1.283165e+01  1.448970e+02 -8.931097e-15 
  458.000  1.279995e+01  1.420642e+02 -1.708257e-15 
  459.000  1.299213e+01  1.417545e+02 -8.228499e-15 
  460.000  1.307244e+01  1.402340e+02  8.513100e-15 
  461.000  1.374796e+01  1.450223e+02 -1.625962e-15 
  462.000  1.372237e+01  1.423633e+02 -1.245051e-14 
  463.000  1.392532e+01  1.421063e+02 -2.793629e-15 
  464.000  1.419253e+01  1.424867e+02  1.979523e-17 
  465.000  1.420360e+01  1.403114e+02 -1.997830e-15 
  466.000  1.487856e+01  1.446468e+02 -3.728473e-15 
  467.000  1.456943e+01  1.394201e+02  5.700414e-15 
  468.000  1.563549e+01  1.473056e+02 -5.660204e-15 
  469.000  1.569592e+01  1.456282e+02  1.716371e-14 
  470.000  1.566671e+01  1.431937e+02  1.366194e-14 
  471.000  1.581537e+01  1.424511e+02  8.533087e-15 
  472.000  1.617701e+01  1.436288e+02  3.585780e-15 
  473.000  1.615004e+01  1.413860e+02 -4.826738e-15 
  474.000  1.641980e+01  1.417862e+02  9.884531e-15 
  475.000  1.718969e+01  1.465434e+02 -5.636324e-15 
  476.000  1.672491e+01  1.408966e+02 -5.143173e-15 
  477.000  1.666279e+01  1.386258e+02  1.261092e-14 
  478.000  1.774177e+01  1.452915e+02  3.823052e-15 
  479.000  1.726272e+01  1.389334e+02 -2.133801e-15 
  480.000  1.795993e+01  1.420165e+02  6.849200e-15 
  481.000  1.818154e+01  1.413644e+02  2.148258e-15 
  482.000  1.888063e+01  1.444585e+02 -2.352714e-15 
  483.000  1.919375e+01  1.446074e+02  1.118474e-14 
  484.000  1.871368e+01  1.389198e+02 -4.154565e-15 
  485.000  1.909650e+01  1.397386e+02  1.073051e-15 
  486.000  1.568443e+01  1.131662e+02  1.174784e-14 
  487.000  1.785795e+01  1.270771e+02 -3.189352e-15 
  488.000  1.963616e+01  1.378338e+02  1.437717e-14 
  489.000  1.848178e+01  1.279868e+02  1.498109e-14 
  490.000  2.130112e+01  1.455428e+02 -8.645207e-15 
  491.000  2.015912e+01  1.359149e+02 -7.112614e-15 
  492.000  1.958496e+01  1.303097e+02  2.069406e-15 
  493.000  2.132342e+01  1.400253e+02 -7.846396e-15 
  494.000  2.082051e+01  1.349559e+02  2.053239e-14 
  495.000  2.249516e+01  1.439370e+02  1.407684e-15 
  496.000  2.211023e+01  1.396615e+02 -3.289222e-15 
  497.000  2.164400e+01  1.349729e+02 -2.288060e-14 
  498.000  2.132427e+01  1.312944e+02 -4.516501e-15 
  499.000  2.146184e+01  1.304835e+02  2.066416e-15 
  500.000  2.155581e+01  1.294213e+02  4.628376e-15 
  501.000  2.125334e+01  1.260288e+02  1.269994e-14 
  502.000  2.129460e+01  1.247223e+02  1.000739e-14 
  503.000  2.275578e+01  1.316529e+02  2.141775e-14 
  504.000  2.134908e+01  1.220187e+02 -1.104674e-14 
  505.000  2.321624e+01  1.310972e+02  1.058241e-14 
  506.000  2.510938e+01  1.400993e+02 -4.403639e-15 
  507.000  2.360391e+01  1.301408e+02 -6.156332e-15 
  508.000  2.286964e+01  1.246079e+02  1.305411e-14 
  509.000  2.491281e+01  1.341541e+02  1.266216e-14 
  510.000  2.438158e+01  1.297721e+02 -1.749793e-14 
  511.000  2.462409e+01  1.295540e+02  1.040833e-14 
  512.000  2.608984e+01  1.356958e+02  6.200652e-15 
  513.000  2.410378e+01  1.239401e+02  9.827306e-15 
  514.000  2.381888e+01  1.210916e+02 -2.638137e-14 
  515.000  2.454262e+01  1.233703e+02 -8.907948e-15 
  516.000  2.599782e+01  1.292271e+02 -2.139675e-15 
  517.000  1.929776e+01  9.486116e+01 -6.244567e-15 
  518.000  2.407301e+01  1.170335e+02  4.444498e-15 
  519.000  2.297845e+01  1.104918e+02 -1.647351e-14 
  520.000  2.548791e+01  1.212268e+02 -2.387624e-15 
  521.000  2.568717e+01  1.208599e+02  9.046073e-15 
  522.000  2.688903e+01  1.251689e+02 -8.730604e-15 
  523.000  2.520943e+01  1.161227e+02 -7.098101e-15 
  524.000  2.752687e+01  1.254771e+02  3.175596e-15 
  525.000  2.747557e+01  1.239536e+02 -1.096802e-14 
  526.000  2.635444e+01  1.176656e+02  1.517467e-15 
  527.000  2.315668e+01  1.023306e+02  8.136942e-15 
  528.000  2.796680e+01  1.223307e+02  2.852970e-14 
  529.000  2.892079e+01  1.252246e+02 -6.352745e-15 
  530.000  2.748034e+01  1.177889e+02  9.667682e-15 
  531.000  3.007967e+01  1.276371e+02  7.274872e-15 
  532.000  2.886618e+01  1.212562e+02 -4.436868e-15 
  533.000  2.554098e+01  1.062076e+02  1.571417e-14 
  534.000  2.799930e+01  1.152364e+02  4.659045e-15 
  535.000  2.881172e+01  1.173533e+02 -1.014715e-15 
  536.000  3.082904e+01  1.242823e+02  1.378938e-14 
  537.000  2.883221e+01  1.150580e+02 -1.061055e-14 
  538.000  3.041273e+01  1.201581e+02  1.117208e-14 
  539.000  3.053782e+01  1.194651e+02 -7.752838e-15 
  540.000  3.010173e+01  1.166123e+02 -1.813055e-14 
  541.000  2.780006e+01  1.066547e+02 -1.076601e-14 
  542.000  3.122872e+01  1.186602e+02 -1.861489e-16 
  543.000  3.007830e+01  1.132013e+02  1.753825e-16 
  544.000  3.193274e+01  1.190458e+02 -1.478059e-14 
  545.000  3.165399e+01  1.168991e+02 -4.337682e-15 
  546.000  3.114141e+01  1.139338e+02  1.433244e-14 
  547.000  3.266584e+01  1.184007e+02 -3.780734e-15 
  548.000  3.049443e+01  1.095101e+02  1.433742e-14 
  549.000  3.228858e+01  1.148888e+02 -4.493689e-15 
  550.000  3.176351e+01  1.119895e+02 -6.035097e-15 
  551.000  3.173964e+01  1.108933e+02  8.907735e-15 
  552.000  3.329176e+01  1.152685e+02 -8.878007e-16 
  553.000  3.216041e+01  1.103572e+02 -1.697344e-14 
  554.000  3.338814e+01  1.135542e+02 -3.160549e-15 
  555.000  3.365889e+01  1.134659e+02 -2.465867e-14 
  556.000  3.289837e+01  1.099307e+02  7.885801e-15 
  557.000  3.207434e+01  1.062484e+02  1.321474e-15 
  558.000  3.344826e+01  1.098465e+02 -1.549779e-14 
  559.000  3.175928e+01  1.034100e+02  2.479974e-14 
  560.000  3.203330e+01  1.034254e+02 -1.156709e-14 
  561.000  3.534425e+01  1.131687e+02 -4.226747e-15 
  562.000  3.248772e+01  1.032491e+02 -2.911822e-15 
  563.000  3.410189e+01  1.075104e+02  6.929440e-15 
  564.000  3.370630e+01  1.054402e+02  1.575361e-15 
  565.000  3.413071e+01  1.060024e+02  8.481545e-15 
  566.000  3.155721e+01  9.723859e+01  1.023293e-14 
  567.000  3.374544e+01  1.033431e+02  6.538163e-15 
  568.000  3.310944e+01  1.012627e+02  1.064557e-14 
  569.000  3.090729e+01  9.577238e+01 -5.758772e-15 
  570.000  3.136107e+01  9.622411e+01  2.776081e-15 
  571.000  3.147638e+01  9.430428e+01 -7.432759e-15 
  572.000  3.215145e+01  9.714260e+01  4.030078e-15 
  573.000  3.282280e+01  9.816752e+01  3.840767e-16 
  574.000  3.279910e+01  9.729231e+01  9.887438e-15 
  575.000  3.202801e+01  9.437578e+01 -5.242931e-15 
  576.000  3.158697e+01  9.240736e+01  5.375371e-15 
  577.000  3.359598e+01  9.672385e+01  1.202780e-15 
  578.000  3.321049e+01  9.450803e+01 -5.823537e-15 
  579.000  3.356381e+01  9.446381e+01 -3.286882e-15 
  580.000  3.537840e+01  9.850351e+01 -4.728475e-15 
  581.000  3.559575e+01  9.789500e+01 -1.191185e-14 
  582.000  3.678363e+01  1.001165e+02  4.011244e-15 
  583.000  3.752826e+01  1.012360e+02 -6.520735e-15 
  584.000  3.786905e+01  1.012772e+02  1.593280e-14 
  585.000  3.797113e+01  1.007525e+02  1.770217e-14 
  586.000  3.670295e+01  9.661759e+01  2.181852e-15 
  587.000  3.766000e+01  9.939060e+01 -1.554384e-15 
  588.000  3.521659e+01  9.417085e+01  2.727589e-15 
  589.000  2.841690e+01  7.763192e+01  1.826151e-16 
  590.000  2.965420e+01  8.056272e+01  2.579968e-15 
  591.000  3.391101e+01  8.972071e+01 -1.016754e-15 
  592.000  3.227707e+01  8.562205e+01  4.327222e-15 
  593.000  3.540808e+01  9.123875e+01 -9.551729e-15 
  594.000  3.532099e+01  9.081589e+01  2.375320e-15 
  595.000  3.300413e+01  8.553401e+01 -1.662118e-16 
  596.000  3.666348e+01  9.227440e+01  1.491932e-14 
  597.000  3.630914e+01  9.112798e+01 -3.790799e-16 
  598.000  3.682479e+01  9.088174e+01 -8.014057e-15 
  599.000  3.744783e+01  9.136225e+01 -5.824754e-15 
  600.000  3.864830e+01  9.276854e+01 -5.032302e-15 
  601.000  3.947312e+01  9.304689e+01 -1.686244e-14 
  602.000  3.940392e+01  9.203116e+01 -5.972435e-15 
  603.000  4.012531e+01  9.287373e+01 -1.186686e-14 
  604.000  4.190456e+01  9.619204e+01 -3.266726e-15 
  605.000  4.223568e+01  9.620755e+01  2.077370e-14 
  606.000  4.208601e+01  9.518640e+01 -1.381385e-14 
  607.000  4.218006e+01  9.473074e+01  1.203057e-14 
  608.000  4.233520e+01  9.443175e+01 -3.452452e-15 
  609.000  4.219738e+01  9.349244e+01  8.037329e-15 
  610.000  4.181598e+01  9.203078e+01  6.521721e-15 
  611.000  4.280399e+01  9.358643e+01  7.422919e-15 
  612.000  4.254832e+01  9.242135e+01  6.201869e-15 
  613.000  4.221749e+01  9.111159e+01  3.638105e-15 
  614.000  4.096776e+01  8.785023e+01  5.010177e-16 
  615.000  4.321833e+01  9.208719e+01 -5.637904e-15 
  616.000  4.135894e+01  8.757157e+01  6.216421e-16 
  617.000  4.184892e+01  8.806075e+01  3.506438e-15 
  618.000  4.406589e+01  9.216046e+01 -3.270459e-16 
  619.000  4.387807e+01  9.122009e+01  1.084221e-14 
  620.000  4.473355e+01  9.245190e+01 -2.371603e-15 
  621.000  4.569195e+01  9.389008e+01  6.699587e-15 
  622.000  4.343880e+01  8.875945e+01  4.441237e-15 
  623.000  4.390045e+01  8.921875e+01 -6.458920e-15 
  624.000  4.407473e+01  8.908920e+01  2.304536e-15 
  625.000  4.299014e+01  8.643571e+01 -6.976458e-15 
  626.000  4.311106e+01  8.633337e+01 -1.503711e-15 
  627.000  4.295956e+01  8.613176e+01 -2.494693e-15 
  628.000  3.958372e+01  8.043183e+01  1.298093e-15 
  629.000  4.213273e+01  8.462579e+01  5.042398e-15 
  630.000  4.182042e+01  8.294212e+01  7.156525e-16 
  631.000  4.415418e+01  8.680413e+01  9.402240e-16 
  632.000  4.067825e+01  7.999759e+01 -6.061760e-15 
  633.000  4.541835e+01  8.765150e+01 -6.396490e-15 
  634.000  4.486679e+01  8.584301e+01  7.624318e-15 
  635.000  4.616297e+01  8.777118e+01  1.264729e-14 
  636.000  4.517163e+01  8.522190e+01 -1.781123e-14 
  637.000  4.727500e+01  8.854436e+01  3.788824e-15 
  638.000  4.905400e+01  9.097800e+01 -7.664697e-16 
  639.000  4.911127e+01  9.051112e+01 -2.091784e-15 
  640.000  4.827975e+01  8.828153e+01 -2.448832e-15 
  641.000  4.937089e+01  8.974207e+01  1.005753e-14 
  642.000  4.939837e+01  8.913241e+01 -2.695252e-15 
  643.000  5.021348e+01  9.028801e+01  4.987484e-15 
  644.000  4.997274e+01  8.933556e+01  7.948442e-15 
  645.000  4.991471e+01  8.941965e+01  4.943137e-15 
  646.000  4.583777e+01  8.292336e+01  2.680940e-15 
  647.000  4.503156e+01  8.184203e+01 -1.949019e-15 
  648.000  4.337020e+01  7.922887e+01  3.372142e-16 
  649.000  4.609402e+01  8.297432e+01 -1.509204e-15 
  650.000  4.597985e+01  8.077551e+01  1.518553e-15 
  651.000  4.978796e+01  8.698660e+01  5.274613e-15 
  652.000  4.623407e+01  8.166619e+01 -1.548439e-15 
  653.000  5.078655e+01  8.753832e+01 -8.886027e-15 
  654.000  5.001619e+01  8.592258e+01 -1.380020e-15 
  655.000  4.774000e+01  8.214393e+01  8.358714e-15 
  656.000  4.109845e+01  7.016327e+01 -4.493846e-15 
  657.000  4.469213e+01  7.559559e+01  1.290802e-15 
  658.000  5.121656e+01  8.558906e+01  4.911347e-15 
  659.000  5.230324e+01  8.659519e+01 -1.045737e-14 
  660.000  5.329757e+01  8.762003e+01 -4.545758e-15 
  661.000  5.494843e+01  8.905492e+01 -6.037266e-17 
  662.000  5.639437e+01  9.073551e+01 -3.773669e-15 
  663.000  5.598979e+01  8.964464e+01 -1.265423e-15 
  664.000  5.549693e+01  8.833094e+01 -5.618558e-15 
  665.000  5.616898e+01  8.887337e+01 -4.334921e-15 
  666.000  5.729553e+01  9.011451e+01  1.982701e-15 
  667.000  5.655355e+01  8.844425e+01  3.588408e-15 
  668.000  5.737638e+01  8.918709e+01  8.272076e-16 
  669.000  5.860503e+01  9.058118e+01  1.192118e-14 
  670.000  5.825675e+01  8.955533e+01  8.222201e-15 
  671.000  5.801096e+01  8.868744e+01  4.212425e-15 
  672.000  5.815218e+01  8.843369e+01 -8.745075e-16 
  673.000  5.889626e+01  8.909600e+01  1.003378e-14 
  674.000  5.933708e+01  8.929506e+01 -1.034411e-14 
  675.000  5.875429e+01  8.795811e+01 -2.836060e-15 
  676.000  6.018029e+01  8.962888e+01 -2.824941e-15 
  677.000  5.928551e+01  8.784164e+01  1.408322e-14 
  678.000  6.057527e+01  8.929150e+01  1.583076e-15 
  679.000  5.996877e+01  8.796656e+01  3.178584e-15 
  680.000  5.957587e+01  8.702424e+01  7.284527e-15 
  681.000  5.978828e+01  8.694215e+01 -6.662951e-15 
  682.000  5.987448e+01  8.665508e+01  4.125771e-15 
  683.000  6.048897e+01  8.714060e+01 -7.209133e-15 
  684.000  5.940216e+01  8.526006e+01 -6.688046e-15 
  685.000  6.049509e+01  8.633389e+01 -3.493969e-15 
  686.000  5.753135e+01  8.184003e+01  3.186656e-15 
  687.000  3.852421e+01  5.802905e+01 -1.546995e-15 
  688.000  4.427826e+01  6.505370e+01 -2.478677e-15 
  689.000  4.275760e+01  6.289705e+01 -1.261258e-15 
  690.000  4.621858e+01  6.702454e+01  3.518747e-15 
  691.000  5.041061e+01  7.208202e+01 -4.324893e-15 
  692.000  5.185067e+01  7.373087e+01  4.262107e-15 
  693.000  4.852082e+01  7.005233e+01  5.381996e-16 
  694.000  4.538083e+01  6.643475e+01  1.091265e-15 
  695.000  4.707115e+01  6.793353e+01  1.423989e-15 
  696.000  4.931469e+01  7.040057e+01 -1.321699e-15 
  697.000  5.707938e+01  7.865337e+01 -2.950910e-15 
  698.000  5.456109e+01  7.536102e+01  1.724771e-17 
  699.000  4.897884e+01  6.919045e+01 -2.352448e-15 
  700.000  4.955679e+01  6.941351e+01 -5.039391e-16 
  701.000  4.718520e+01  6.616736e+01 -3.316435e-15 
  702.000  4.811349e+01  6.687364e+01  2.798040e-15 
  703.000  5.450524e+01  7.374586e+01  9.122594e-15 
  704.000  5.509734e+01  7.412285e+01  5.408473e-15 
  705.000  5.331102e+01  7.206010e+01  1.915397e-15 
  706.000  5.336868e+01  7.167203e+01 -2.869997e-16 
  707.000  5.356121e+01  7.135928e+01  3.308797e-16 
  708.000  5.623193e+01  7.429710e+01  2.050062e-15 
  709.000  5.629135e+01  7.346720e+01  4.885013e-15 
  710.000  5.567688e+01  7.293694e+01  4.417507e-15 
  711.000  5.736792e+01  7.419446e+01 -1.110914e-16 
  712.000  5.852625e+01  7.481003e+01 -1.203672e-15 
  713.000  5.694584e+01  7.291259e+01 -1.644609e-15 
  714.000  5.750103e+01  7.347387e+01  8.853293e-15 
  715.000  5.321995e+01  6.839423e+01 -5.221468e-15 
  716.000  5.207548e+01  6.738380e+01 -2.564340e-15 
  717.000  3.767558e+01  5.188902e+01 -1.200053e-15 
  718.000  3.081882e+01  4.450838e+01 -2.667453e-16 
  719.000  2.831124e+01  4.154801e+01  1.127036e-16 
  720.000  2.576041e+01  3.864317e+01  2.252458e-16 
  721.000  4.071960e+01  5.412772e+01  3.753612e-15 
  722.000  4.826743e+01  6.181076e+01 -5.219120e-15 
  723.000  4.434175e+01  5.752150e+01  4.172946e-15 
  724.000  3.477645e+01  4.775816e+01  1.344978e-15 
  725.000  3.571801e+01  4.841783e+01  4.767455e-16 
  726.000  3.535744e+01  4.784413e+01 -1.151352e-15 
  727.000  3.732494e+01  4.981121e+01 -1.208468e-15 
  728.000  3.541356e+01  4.749721e+01 -1.627283e-15 
  729.000  3.761157e+01  4.899538e+01 -6.016989e-16 
  730.000  3.857437e+01  5.017955e+01  3.489014e-15 
  731.000  3.740497e+01  4.862753e+01 -1.090345e-15 
  732.000  4.487027e+01  5.588999e+01 -2.593231e-15 
  733.000  5.156622e+01  6.200518e+01  4.398255e-15 
  734.000  5.674524e+01  6.694383e+01  1.433876e-15 
  735.000  5.512287e+01  6.504987e+01 -4.196905e-15 
  736.000  5.181450e+01  6.141192e+01 -7.599221e-16 
  737.000  5.451661e+01  6.390173e+01 -1.122808e-15 
  738.000  5.716524e+01  6.608077e+01  9.344090e-15 
  739.000  5.660932e+01  6.487143e+01  2.024343e-15 
  740.000  5.991519e+01  6.768994e+01  1.000141e-15 
  741.000  6.113530e+01  6.837182e+01  2.327702e-15 
  742.000  6.093230e+01  6.768784e+01 -3.992687e-15 
  743.000  6.434982e+01  7.080114e+01 -2.955365e-15 
  744.000  6.594307e+01  7.185664e+01  4.689329e-15 
  745.000  6.488298e+01  7.028356e+01 -5.054877e-15 
  746.000  6.627619e+01  7.141037e+01 -7.886506e-16 
  747.000  6.756926e+01  7.248790e+01  1.370818e-14 
  748.000  6.680631e+01  7.131693e+01  6.872330e-15 
  749.000  6.716768e+01  7.138492e+01  1.197978e-14 
  750.000  6.623741e+01  7.012379e+01  6.192224e-15 
  751.000  6.627292e+01  6.987199e+01 -2.026252e-15 
  752.000  6.781676e+01  7.114610e+01  1.322633e-14 
  753.000  6.751420e+01  7.050610e+01 -5.045495e-15 
  754.000  6.885735e+01  7.159629e+01 -2.068633e-15 
  755.000  6.867218e+01  7.111249e+01 -7.737638e-15 
  756.000  6.754061e+01  6.965446e+01  8.833009e-15 
  757.000  6.821632e+01  7.006903e+01  6.769110e-16 
  758.000  6.783435e+01  6.943889e+01 -1.353147e-15 
  759.000  5.337769e+01  5.614284e+01 -3.338920e-15 
  760.000  4.478192e+00  7.217912e+00 -4.494252e-17 
  761.000  3.099417e+00  5.478395e+00 -6.595881e-17 
  762.000  1.837236e+01  2.208553e+01  8.263927e-16 
  763.000  1.191973e+01  1.539246e+01  6.744982e-17 
  764.000  1.518004e+01  1.874357e+01  1.792663e-16 
  765.000  2.476356e+01  2.832759e+01  9.541737e-16 
  766.000  3.873951e+01  4.105352e+01 -4.462513e-15 
  767.000  4.913859e+01  5.043657e+01  1.493956e-15 
  768.000  5.872175e+01  5.905758e+01 -1.993635e-15 
  769.000  6.386458e+01  6.326568e+01 -1.172617e-15 
  770.000  6.659943e+01  6.540885e+01  2.308577e-16 
  771.000  6.824282e+01  6.638945e+01 -4.288210e-15 
  772.000  6.845604e+01  6.630155e+01 -1.855045e-15 
  773.000  6.844852e+01  6.602541e+01  9.285355e-17 
  774.000  6.950179e+01  6.678046e+01 -2.053593e-15 
  775.000  6.719031e+01  6.429992e+01  1.885702e-15 
  776.000  7.024879e+01  6.694986e+01  1.028502e-14 
  777.000  6.990930e+01  6.637792e+01 -3.062351e-15 
  778.000  6.961338e+01  6.586408e+01  3.712417e-16 
  779.000  6.991721e+01  6.591823e+01  1.110739e-15 
  780.000  6.919570e+01  6.498460e+01 -3.935035e-15 
  781.000  6.939518e+01  6.489937e+01 -6.393396e-15 
  782.000  7.029939e+01  6.551630e+01  4.808429e-15 
  783.000  6.873188e+01  6.383113e+01 -2.891091e-15 
  784.000  6.918367e+01  6.401175e+01 -1.144224e-14 
  785.000  6.893300e+01  6.366119e+01 -3.280630e-15 
  786.000  6.699723e+01  6.183726e+01  2.689940e-15 
  787.000  6.599870e+01  6.129126e+01  4.809408e-15 
  788.000  6.409579e+01  5.952877e+01  2.825108e-15 
  789.000  6.102346e+01  5.719143e+01  3.592435e-15 
  790.000  6.019907e+01  5.627792e+01 -1.173074e-15 
  791.000  6.064607e+01  5.635928e+01  2.905565e-15 
  792.000  6.040789e+01  5.580851e+01 -2.391498e-15 
  793.000  6.189018e+01  5.667415e+01  6.366179e-16 
  794.000  6.440536e+01  5.811705e+01  1.113690e-15 
  795.000  6.231059e+01  5.640561e+01  3.255602e-16 
  796.000  5.861427e+01  5.379539e+01  3.888588e-16 
  797.000  6.046428e+01  5.502812e+01 -2.843738e-15 
  798.000  6.373643e+01  5.716174e+01 -5.955543e-15 
  799.000  6.308482e+01  5.651702e+01 -1.194721e-15 
  800.000  5.933448e+01  5.339318e+01  1.874790e-15 
  801.000  6.081094e+01  5.447544e+01 -1.829806e-15 
  802.000  6.057754e+01  5.411531e+01 -1.266293e-16 
  803.000  6.014761e+01  5.347643e+01  5.021356e-16 
  804.000  6.188237e+01  5.461337e+01  2.089667e-15 
  805.000  6.232246e+01  5.440687e+01 -8.915778e-16 
  806.000  6.539798e+01  5.663697e+01 -1.817223e-15 
  807.000  6.518214e+01  5.623979e+01  9.365307e-17 
  808.000  6.417542e+01  5.531734e+01 -2.583609e-15 
  809.000  6.232035e+01  5.369966e+01 -6.817332e-15 
  810.000  6.117005e+01  5.271130e+01  2.904765e-15 
  811.000  6.027046e+01  5.212080e+01  6.616473e-15 
  812.000  5.752554e+01  5.003860e+01  2.536887e-15 
  813.000  5.426008e+01  4.754218e+01 -1.229215e-15 
  814.000  5.035457e+01  4.456691e+01 -9.327854e-16 
  815.000  4.532643e+01  4.074431e+01 -3.744298e-15 
  816.000  3.990630e+01  3.671011e+01 -6.181691e-16 
  817.000  4.037126e+01  3.698690e+01 -2.934036e-15 
  818.000  4.056882e+01  3.696100e+01 -1.354701e-15 
  819.000  4.122382e+01  3.706825e+01 -7.475978e-17 
  820.000  4.618586e+01  4.029293e+01  2.380279e-15 
  821.000  5.523331e+01  4.681869e+01 -1.184359e-15 
  822.000  4.819003e+01  4.149579e+01  9.285996e-16 
  823.000  3.567140e+01  3.272035e+01  1.028423e-15 
  824.000  4.743936e+01  4.089907e+01  3.175438e-15 
  825.000  5.605162e+01  4.676225e+01 -3.549483e-15 
  826.000  5.511994e+01  4.601718e+01 -1.163364e-15 
  827.000  5.389700e+01  4.500846e+01  3.511131e-15 
  828.000  4.825942e+01  4.093228e+01  1.416322e-17 
  829.000  5.025771e+01  4.219030e+01  5.783544e-16 
  830.000  5.181314e+01  4.301685e+01  4.111283e-15 
  831.000  5.156724e+01  4.257786e+01 -3.840704e-15 
  832.000  5.308132e+01  4.360748e+01 -6.322995e-16 
  833.000  5.288646e+01  4.309553e+01 -2.317064e-16 
  834.000  5.543951e+01  4.476245e+01  4.561286e-15 
  835.000  5.898832e+01  4.691352e+01  1.394620e-16 
  836.000  5.874295e+01  4.672348e+01  5.578057e-16 
  837.000  5.829966e+01  4.621845e+01  3.144203e-15 
  838.000  6.024690e+01  4.733353e+01  2.623201e-15 
  839.000  5.945847e+01  4.639063e+01  2.631718e-15 
  840.000  6.152016e+01  4.777783e+01  2.787137e-15 
  841.000  6.071958e+01  4.717390e+01  3.555515e-15 
  842.000  6.140865e+01  4.738918e+01 -1.758871e-16 
  843.000  6.339270e+01  4.836195e+01  1.547943e-15 
  844.000  6.350608e+01  4.810474e+01 -6.772446e-16 
  845.000  6.507710e+01  4.904648e+01 -1.985392e-15 
  846.000  6.629548e+01  4.970895e+01  4.263346e-15 
  847.000  6.467510e+01  4.823885e+01  1.461263e-15 
  848.000  6.572783e+01  4.902893e+01  4.728084e-15 
  849.000  6.606445e+01  4.910142e+01 -7.159711e-15 
  850.000  5.679694e+01  4.214776e+01  1.310496e-15 
  851.000  6.461549e+01  4.788926e+01  3.792887e-16 
  852.000  6.231159e+01  4.602459e+01 -1.543843e-15 
  853.000  6.401568e+01  4.697963e+01  3.180900e-16 
  854.000  5.151425e+01  3.768882e+01  2.222554e-15 
  855.000  5.719452e+01  4.164244e+01  1.744335e-15 
  856.000  6.598103e+01  4.760808e+01  1.109825e-14 
  857.000  6.752377e+01  4.849820e+01 -9.953996e-15 
  858.000  6.678389e+01  4.777826e+01  2.506259e-15 
  859.000  6.730367e+01  4.792621e+01 -9.627755e-15 
  860.000  6.698814e+01  4.752654e+01  3.002918e-15 
  861.000  6.712966e+01  4.746920e+01  7.961401e-15 
  862.000  6.717075e+01  4.733031e+01  1.092469e-14 
  863.000  6.857264e+01  4.816363e+01  6.634034e-15 
  864.000  6.870084e+01  4.807624e+01 -5.325098e-15 
  865.000  6.764907e+01  4.717163e+01  4.330134e-15 
  866.000  5.684530e+01  3.951149e+01  6.293322e-17 
  867.000  6.058186e+01  4.198357e+01  6.702060e-17 
  868.000  6.580351e+01  4.545942e+01  3.182509e-15 
  869.000  6.500471e+01  4.476337e+01  9.269953e-15 
  870.000  6.772973e+01  4.650346e+01  7.462457e-17 
  871.000  6.776037e+01  4.637595e+01  3.725834e-16 
  872.000  6.768150e+01  4.616407e+01  1.182020e-15 
  873.000  6.791768e+01  4.620226e+01 -1.045358e-14 
  874.000  6.644582e+01  4.507353e+01  4.206797e-15 
  875.000  6.589672e+01  4.456838e+01 -7.402808e-15 
  876.000  6.649700e+01  4.483282e+01  2.913732e-16 
  877.000  6.784067e+01  4.560792e+01  4.511330e-15 
  878.000  6.652414e+01  4.462195e+01 -3.852562e-15 
  879.000  6.674377e+01  4.463587e+01 -9.403109e-15 
  880.000  6.623195e+01  4.419366e+01  1.884515e-15 
  881.000  6.272455e+01  4.174668e+01 -8.802803e-15 
  882.000  6.620633e+01  4.394795e+01 -1.241413e-14 
  883.000  6.491707e+01  4.294247e+01 -1.326225e-14 
  884.000  6.553929e+01  4.321852e+01 -5.862669e-15 
  885.000  6.590419e+01  4.340038e+01 -8.672898e-16 
  886.000  6.313165e+01  4.164639e+01  8.660171e-16 
  887.000  6.309639e+01  4.132636e+01  4.989021e-15 
  888.000  6.503008e+01  4.247152e+01  6.137975e-15 
  889.000  6.568284e+01  4.275238e+01  3.088349e-15 
  890.000  6.509885e+01  4.231306e+01 -9.244339e-15 
  891.000  6.394278e+01  4.166721e+01  3.210391e-15 
  892.000  6.194258e+01  4.052100e+01  1.890136e-15 
  893.000  5.448219e+01  3.624261e+01 -2.698964e-15 
  894.000  5.366994e+01  3.595661e+01 -2.760003e-15 
  895.000  4.412994e+01  3.022528e+01  1.254295e-16 
  896.000  3.972767e+01  2.789709e+01  1.765446e-15 
  897.000  3.309229e+01  2.402738e+01 -6.248744e-16 
  898.000  3.070930e+01  2.264423e+01 -2.928467e-16 
  899.000  2.495528e+01  1.924744e+01 -9.357915e-16 
  900.000  2.500339e+01  1.912310e+01  1.945882e-16 
  901.000  2.323702e+01  1.792979e+01 -1.193958e-16 
  902.000  2.322236e+01  1.778015e+01  1.122520e-15 
  903.000  3.449620e+01  2.435941e+01  7.394467e-16 
  904.000  4.272055e+01  2.889416e+01 -9.230551e-16 
  905.000  4.253120e+01  2.867597e+01 -1.308922e-15 
  906.000  3.670398e+01  2.526126e+01  4.457992e-16 
  907.000  2.987714e+01  2.154779e+01  1.790018e-15 
  908.000  2.493167e+01  1.857201e+01  3.825469e-16 
  909.000  2.462662e+01  1.828215e+01  2.203073e-17 
  910.000  2.551320e+01  1.879169e+01 -6.030143e-17 
  911.000  2.817419e+01  2.022396e+01 -4.013125e-16 
  912.000  2.695158e+01  1.949674e+01 -4.742374e-16 
  913.000  2.228574e+01  1.685847e+01 -8.991672e-16 
  914.000  2.471394e+01  1.819454e+01 -2.500429e-16 
  915.000  2.649796e+01  1.907051e+01 -5.065779e-16 
  916.000  2.754890e+01  1.964790e+01 -7.421297e-16 
  917.000  2.850359e+01  2.003890e+01 -6.068873e-16 
  918.000  3.017381e+01  2.085506e+01 -9.121132e-16 
  919.000  3.711396e+01  2.450954e+01 -1.197950e-15 
  920.000  4.250097e+01  2.720323e+01  1.416790e-15 
  921.000  4.049944e+01  2.595873e+01  1.190964e-15 
  922.000  4.012291e+01  2.564616e+01  2.284577e-15 
  923.000  3.702529e+01  2.377119e+01 -7.843407e-16 
  924.000  3.512623e+01  2.293506e+01  8.679185e-16 
  925.000  3.512686e+01  2.295719e+01  7.319470e-16 
  926.000  3.325470e+01  2.180523e+01  1.224923e-16 
  927.000  3.032204e+01  2.044375e+01 -1.172419e-16 
  928.000  2.485869e+01  1.757283e+01 -5.019696e-18 
  929.000  1.797214e+01  1.368260e+01 -3.323217e-16 
  930.000  1.179166e+01  9.967433e+00  1.712529e-16 
  931.000  7.129117e+00  6.965856e+00  1.099921e-16 
  932.000  3.141774e+00  4.133307e+00 -1.408632e-17 
  933.000  1.706844e+00  2.907767e+00 -1.212481e-16 
  934.000  8.679109e-01  2.026894e+00 -5.916603e-21 
  935.000  7.731374e-01  1.899114e+00 -1.825821e-18 
  936.000  9.786183e-01  2.128891e+00 -3.227194e-18 
  937.000  9.691520e-01  2.129419e+00  7.061346e-18 
  938.000  2.062352e+00  3.159179e+00 -1.386162e-17 
  939.000  9.119063e+00  8.302592e+00  5.490614e-17 
  940.000  1.110026e+01  9.538939e+00 -1.066547e-16 
  941.000  9.408676e+00  8.340903e+00 -1.133485e-18 
  942.000  6.068498e+00  5.995156e+00  2.613655e-17 
  943.000  3.006268e+00  3.854892e+00 -2.755317e-17 
  944.000  2.722055e+00  3.586164e+00 -3.319358e-17 
  945.000  3.606701e+00  4.279873e+00 -1.851318e-18 
  946.000  3.779104e+00  4.410061e+00 -2.831738e-17 
  947.000  4.935243e+00  5.201227e+00  7.766293e-20 
  948.000  5.774219e+00  5.766485e+00  2.547046e-17 
  949.000  5.805854e+00  5.763621e+00 -2.913501e-17 
  950.000  6.027508e+00  5.878203e+00 -2.532223e-17 
  951.000  8.117952e+00  7.204430e+00 -5.432834e-17 
  952.000  6.093853e+00  5.851872e+00  1.319068e-16 
  953.000  7.732989e+00  6.868505e+00 -4.712684e-19 
  954.000  9.829331e+00  8.105986e+00 -6.018139e-17 
  955.000  7.838453e+00  6.702260e+00  2.575827e-17 
  956.000  8.331631e+00  7.073659e+00  5.302493e-17 
  957.000  1.473167e+01  1.077835e+01  1.063994e-16 
  958.000  1.621066e+01  1.155757e+01 -2.068831e-16 
  959.000  1.520053e+01  1.094441e+01  6.881264e-17 
  960.000  1.489078e+01  1.069614e+01 -6.218672e-17 
  961.000  1.426204e+01  1.027443e+01 -2.010515e-16 
  962.000  1.507953e+01  1.069406e+01  2.152838e-16 
  963.000  2.007021e+01  1.331099e+01  1.008994e-15 
  964.000  2.080898e+01  1.360697e+01  4.163562e-16 
  965.000  2.073832e+01  1.355376e+01 -7.165086e-16 
  966.000  2.064903e+01  1.336949e+01  2.098564e-16 
  967.000  2.590431e+01  1.600555e+01 -6.386981e-16 
  968.000  3.490014e+01  2.008996e+01 -1.075709e-15 
  969.000  4.025898e+01  2.250487e+01 -5.831992e-16 
  970.000  4.083284e+01  2.271115e+01 -4.503552e-16 
  971.000  4.042794e+01  2.242917e+01  6.805374e-17 
  972.000  3.925940e+01  2.186727e+01  1.115855e-15 
  973.000  3.572669e+01  2.018200e+01  3.233592e-16 
  974.000  3.169908e+01  1.825796e+01  3.407322e-16 
  975.000  2.978446e+01  1.736286e+01  2.088615e-16 
  976.000  3.282707e+01  1.874016e+01 -2.185481e-16 
  977.000  3.671294e+01  2.032068e+01  1.967645e-15 
  978.000  3.737630e+01  2.065352e+01 -5.288114e-16 
  979.000  3.776035e+01  2.064543e+01 -9.857293e-16 
  980.000  4.395297e+01  2.342674e+01  4.929865e-16 
  981.000  4.574141e+01  2.419001e+01  6.172047e-16 
  982.000  4.450285e+01  2.354790e+01 -1.045172e-15 
  983.000  4.767055e+01  2.488421e+01  7.463769e-16 
  984.000  5.087189e+01  2.617072e+01  2.629621e-15 
  985.000  5.297725e+01  2.698141e+01 -1.550523e-15 
  986.000  5.532125e+01  2.782896e+01  7.244150e-16 
  987.000  5.727453e+01  2.860674e+01  2.956303e-15 
  988.000  5.695417e+01  2.833685e+01  1.557001e-15 
  989.000  5.650063e+01  2.801443e+01  1.625926e-15 
  990.000  5.735317e+01  2.833055e+01 -1.344883e-15 
  991.000  5.893892e+01  2.893232e+01 -2.568371e-15 
  992.000  5.875575e+01  2.873683e+01  6.830779e-16 
  993.000  5.892915e+01  2.873448e+01 -2.789044e-15 
  994.000  6.024522e+01  2.914768e+01  8.022753e-16 
  995.000  6.050779e+01  2.913653e+01  3.127848e-15 
  996.000  6.054644e+01  2.907979e+01  3.184362e-15 
  997.000  6.027434e+01  2.891249e+01  4.953854e-15 
  998.000  5.959145e+01  2.855643e+01 -2.382527e-15 
  999.000  5.933432e+01  2.843369e+01 -5.325335e-15 
 1000.000  5.905132e+01  2.821217e+01  2.200503e-15 
 1001.000  5.844720e+01  2.794474e+01  6.994613e-16 
 1002.000  5.687012e+01  2.726548e+01  4.246880e-16 
 1003.000  5.661769e+01  2.704044e+01 -3.225090e-16 
 1004.000  5.706746e+01  2.710219e+01 -3.694059e-16 
 1005.000  5.372555e+01  2.541390e+01 -8.368011e-17 
 1006.000  5.671328e+01  2.674676e+01 -5.911060e-15 
 1007.000  5.750098e+01  2.707670e+01 -5.340633e-15 
 1008.000  5.655091e+01  2.667599e+01  1.835244e-15 
 1009.000  5.462753e+01  2.585032e+01  1.111420e-15 
 1010.000  5.560563e+01  2.617868e+01 -2.609046e-15 
 1011.000  5.709843e+01  2.664876e+01 -5.707791e-16 
 1012.000  5.784656e+01  2.686525e+01  1.856126e-15 
 1013.000  5.800817e+01  2.682115e+01 -3.517190e-16 
 1014.000  5.866021e+01  2.703166e+01  1.757963e-15 
 1015.000  5.766758e+01  2.650215e+01 -6.100719e-16 
 1016.000  5.832160e+01  2.665936e+01 -8.706641e-16 
 1017.000  5.794214e+01  2.640582e+01  1.399304e-15 
 1018.000  5.841801e+01  2.658287e+01  2.291252e-15 
 1019.000  5.655007e+01  2.577302e+01  1.795694e-15 
 1020.000  5.668033e+01  2.574782e+01  1.771151e-16 
 1021.000  5.770519e+01  2.605600e+01 -3.976510e-15 
 1022.000  5.617553e+01  2.541668e+01 -4.320644e-16 
 1023.000  5.669069e+01  2.564013e+01  7.211880e-16 
 1024.000  5.608210e+01  2.533352e+01  4.763924e-15 
 1025.000  5.720361e+01  2.567310e+01 -1.369448e-15 
 1026.000  5.778246e+01  2.577179e+01  4.672977e-15 
 1027.000  5.728760e+01  2.555503e+01  2.927665e-15 
 1028.000  5.761411e+01  2.557006e+01  0.000000e+00 
 1029.000  5.723038e+01  2.529267e+01  1.633508e-15 
 1030.000  5.828690e+01  2.565514e+01 -7.871585e-15 
 1031.000  5.835216e+01  2.559989e+01 -2.278821e-15 
 1032.000  5.841483e+01  2.554610e+01  3.801727e-15 
 1033.000  5.737732e+01  2.502804e+01  5.908178e-15 
 1034.000  5.811362e+01  2.527907e+01  1.571426e-15 
 1035.000  5.756540e+01  2.497655e+01  8.814701e-16 
 1036.000  5.832294e+01  2.524155e+01  1.469550e-15 
 1037.000  5.713683e+01  2.466632e+01  1.541949e-15 
 1038.000  5.780736e+01  2.488807e+01 -1.504926e-15 
 1039.000  5.796170e+01  2.490310e+01  4.586433e-15 
 1040.000  5.722190e+01  2.453132e+01  3.039211e-15 
 1041.000  5.748369e+01  2.458896e+01  2.174658e-15 
 1042.000  5.766885e+01  2.460893e+01 -4.362298e-15 
 1043.000  5.671354e+01  2.414060e+01  0.000000e+00 
 1044.000  5.725038e+01  2.431313e+01  3.093997e-15 
 1045.000  5.682780e+01  2.409130e+01 -8.737088e-16 
 1046.000  5.507362e+01  2.330040e+01  2.842623e-15 
 1047.000  5.602055e+01  2.364544e+01  2.235602e-15 
 1048.000  5.648996e+01  2.378823e+01  2.977491e-15 
 1049.000  5.602320e+01  2.353757e+01 -2.091609e-15 
 1050.000  5.552940e+01  2.328630e+01  1.420598e-15 
 1051.000  5.534690e+01  2.317164e+01 -1.421408e-15 
 1052.000  5.494018e+01  2.295780e+01  5.055083e-15 
 1053.000  5.489150e+01  2.288761e+01  2.174855e-15 
 1054.000  5.408529e+01  2.251694e+01  6.507623e-16 
 1055.000  5.429510e+01  2.256692e+01  5.544244e-16 
 1056.000  5.394292e+01  2.238245e+01  8.063394e-16 
 1057.000  5.344292e+01  2.215460e+01  1.409313e-15 
 1058.000  5.218658e+01  2.163931e+01  1.447420e-15 
 1059.000  5.054525e+01  2.090692e+01 -1.401864e-15 
 1060.000  5.263834e+01  2.169430e+01 -8.512726e-16 
 1061.000  5.070177e+01  2.085962e+01  5.789830e-16 
 1062.000  5.171718e+01  2.126435e+01  3.428625e-15 
 1063.000  5.076767e+01  2.083679e+01  3.519820e-15 
 1064.000  5.112772e+01  2.096569e+01  1.437729e-15 
 1065.000  5.068983e+01  2.077677e+01 -6.937526e-16 
 1066.000  4.920130e+01  2.011994e+01  7.206693e-16 
 1067.000  5.027660e+01  2.052878e+01 -2.165340e-15 
 1068.000  4.942013e+01  2.024136e+01 -1.664101e-15 
 1069.000  4.543865e+01  1.860508e+01  1.154403e-15 
 1070.000  4.835074e+01  1.974672e+01 -1.236556e-15 
 1071.000  4.806786e+01  1.963069e+01 -1.389770e-15 
 1072.000  4.783728e+01  1.953505e+01 -2.197646e-15 
 1073.000  4.627371e+01  1.886304e+01  2.665080e-16 
 1074.000  4.808856e+01  1.955271e+01 -1.178528e-15 
 1075.000  4.741061e+01  1.917485e+01 -1.372062e-15 
 1076.000  4.808739e+01  1.944468e+01 -1.301170e-16 
 1077.000  4.746219e+01  1.920085e+01  4.349452e-16 
 1078.000  4.696500e+01  1.901723e+01  2.435994e-16 
 1079.000  4.512741e+01  1.824199e+01  5.256017e-16 
 1080.000  4.465682e+01  1.815579e+01 -5.725519e-16 
 1081.000  4.298322e+01  1.744538e+01  9.204251e-16 
 1082.000  4.438440e+01  1.791618e+01 -1.686619e-15 
 1083.000  4.227995e+01  1.710339e+01 -5.150074e-16 
 1084.000  4.287720e+01  1.738468e+01 -3.174784e-15 
 1085.000  3.995704e+01  1.631884e+01 -7.065013e-16 
 1086.000  4.105884e+01  1.670186e+01  8.658320e-16 
 1087.000  4.109449e+01  1.651085e+01 -5.073665e-16 
 1088.000  4.376547e+01  1.753750e+01  4.618826e-16 
 1089.000  3.893142e+01  1.577228e+01  1.222655e-16 
 1090.000  3.918989e+01  1.588443e+01  4.433594e-16 
 1091.000  4.003464e+01  1.616267e+01 -1.396363e-16 
 1092.000  3.757291e+01  1.523430e+01  4.954227e-17 
 1093.000  3.392216e+01  1.393168e+01  2.946129e-16 
 1094.000  2.969152e+01  1.226094e+01 -5.949925e-16 
 1095.000  3.231631e+01  1.330802e+01  1.001891e-15 
 1096.000  3.227361e+01  1.326443e+01 -1.669809e-15 
 1097.000  3.117568e+01  1.284724e+01  7.607882e-16 
 1098.000  2.435767e+01  1.052867e+01 -1.670104e-16 
 1099.000  1.971937e+01  8.909400e+00  2.921859e-16 
 1100.000  2.032149e+01  9.140943e+00 -1.610597e-16 
