  400.000  4.199425e+02  4.489113e+02  6.594090e-14 
  401.000  4.190751e+02  4.436772e+02 -1.515895e-13 
  402.000  4.458851e+02  4.675553e+02 -5.759180e-14 
  403.000  4.192307e+02  4.354386e+02 -7.760990e-14 
  404.000  4.522259e+02  4.652876e+02 -4.399070e-15 
  405.000  4.162692e+02  4.242852e+02 -1.808391e-14 
  406.000  4.146496e+02  4.187097e+02  1.179704e-14 
  407.000  4.053098e+02  4.055044e+02 -2.881440e-14 
  408.000  4.406606e+02  4.368341e+02  3.995369e-14 
  409.000  4.894732e+02  4.808068e+02  1.177484e-14 
  410.000  4.106381e+02  3.997200e+02 -3.110307e-14 
  411.000  4.838497e+02  4.667531e+02 -2.298977e-14 
  412.000  5.030244e+02  4.809162e+02 -6.668372e-15 
  413.000  4.767476e+02  4.517535e+02  1.634858e-13 
  414.000  4.694290e+02  4.408899e+02  5.839749e-14 
  415.000  5.022583e+02  4.675975e+02 -3.713360e-14 
  416.000  5.007670e+02  4.621530e+02  6.009081e-14 
  417.000  4.870367e+02  4.455943e+02 -5.914902e-14 
  418.000  4.778974e+02  4.334751e+02  1.322355e-14 
  419.000  4.910986e+02  4.416430e+02  1.113691e-13 
  420.000  4.169203e+02  3.717511e+02 -7.303481e-15 
  421.000  5.239019e+02  4.632035e+02 -1.729441e-13 
  422.000  5.034731e+02  4.414142e+02 -3.947231e-14 
  423.000  4.264428e+02  3.707687e+02  1.065890e-13 
  424.000  4.704061e+02  4.056108e+02  1.035606e-13 
  425.000  4.885737e+02  4.178079e+02 -3.738260e-14 
  426.000  4.709705e+02  3.994586e+02 -2.290026e-14 
  427.000  4.542777e+02  3.821666e+02 -8.162528e-14 
  428.000  4.612581e+02  3.849017e+02 -4.553744e-14 
  429.000  4.207786e+02  3.483013e+02 -9.751276e-14 
  430.000  3.366761e+02  2.764574e+02 -3.392999e-14 
  431.000  3.035070e+02  2.472416e+02 -2.341223e-15 
  432.000  5.477562e+02  4.426865e+02  1.579889e-13 
  433.000  4.888547e+02  3.919811e+02 -1.294468e-14 
  434.000  4.658377e+02  3.706099e+02 -1.445331e-13 
  435.000  5.081196e+02  4.011112e+02  5.732756e-14 
  436.000  5.648602e+02  4.424605e+02  2.009291e-14 
  437.000  5.717466e+02  4.444164e+02  3.762860e-14 
  438.000  5.134432e+02  3.960493e+02 -8.939143e-14 
  439.000  4.980754e+02  3.812788e+02  4.183103e-15 
  440.000  5.596104e+02  4.251455e+02 -6.623111e-14 
  441.000  5.591506e+02  4.216005e+02 -1.723086e-14 
  442.000  5.903157e+02  4.417649e+02 -1.226578e-13 
  443.000  5.956815e+02  4.424556e+02 -8.049021e-14 
  444.000  5.932128e+02  4.373494e+02 -2.831501e-14 
  445.000  6.254542e+02  4.577056e+02  1.233860e-13 
  446.000  5.580361e+02  4.053519e+02  1.388018e-14 
  447.000  6.379246e+02  4.600066e+02  2.093756e-14 
  448.000  6.500543e+02  4.654062e+02  6.739313e-15 
  449.000  6.559926e+02  4.663374e+02  7.234735e-14 
  450.000  6.718271e+02  4.742271e+02  4.537949e-14 
  451.000  7.276917e+02  5.100427e+02  1.002259e-13 
  452.000  6.779834e+02  4.718601e+02  6.712910e-14 
  453.000  6.307357e+02  4.358990e+02  4.673474e-15 
  454.000  6.739218e+02  4.624906e+02 -3.975478e-14 
  455.000  6.801021e+02  4.634844e+02 -3.558406e-14 
  456.000  6.980757e+02  4.724309e+02 -6.382595e-14 
  457.000  7.034830e+02  4.728084e+02  1.265242e-13 
  458.000  6.925723e+02  4.622815e+02 -9.171583e-14 
  459.000  6.939364e+02  4.600244e+02  1.997239e-13 
  460.000  6.893250e+02  4.538598e+02 -7.415236e-14 
  461.000  7.157886e+02  4.680948e+02  3.145340e-14 
  462.000  7.055666e+02  4.582996e+02 -1.632951e-13 
  463.000  7.071683e+02  4.562568e+02 -5.100284e-14 
  464.000  7.108873e+02  4.556071e+02  2.459075e-14 
  465.000  7.018615e+02  4.468425e+02  1.326204e-13 
  466.000  7.254725e+02  4.588242e+02 -3.318272e-14 
  467.000  7.011772e+02  4.405358e+02  7.923537e-14 
  468.000  7.436318e+02  4.641234e+02  1.106702e-13 
  469.000  7.383932e+02  4.577979e+02  3.597332e-14 
  470.000  7.294505e+02  4.492424e+02 -4.871455e-14 
  471.000  7.293191e+02  4.461548e+02 -6.339847e-16 
  472.000  7.393942e+02  4.492808e+02 -5.613640e-14 
  473.000  7.324525e+02  4.420577e+02 -9.833927e-14 
  474.000  7.394164e+02  4.432333e+02  1.101915e-13 
  475.000  7.702994e+02  4.585164e+02 -6.409676e-14 
  476.000  7.474743e+02  4.417250e+02  6.502340e-14 
  477.000  7.415223e+02  4.351616e+02  8.663776e-14 
  478.000  7.794575e+02  4.547138e+02 -7.975311e-14 
  479.000  7.454376e+02  4.325270e+02  4.015636e-14 
  480.000  7.615314e+02  4.395534e+02 -3.824366e-14 
  481.000  7.582231e+02  4.352833e+02  4.074839e-14 
  482.000  7.753855e+02  4.426641e+02 -8.100954e-14 
  483.000  7.774426e+02  4.413110e+02 -4.595285e-14 
  484.000  7.486957e+02  4.225181e+02  5.031171e-14 
  485.000  7.553448e+02  4.237579e+02 -1.239473e-13 
  486.000  6.133416e+02  3.420578e+02 -1.162656e-14 
  487.000  6.903889e+02  3.827494e+02  4.761128e-14 
  488.000  7.507178e+02  4.137347e+02 -1.102765e-13 
  489.000  6.988752e+02  3.828923e+02 -3.791376e-14 
  490.000  7.967877e+02  4.339715e+02  5.440849e-14 
  491.000  7.466888e+02  4.042992e+02  9.259696e-14 
  492.000  7.185931e+02  3.868089e+02  9.883151e-15 
  493.000  7.750531e+02  4.147707e+02  9.374214e-15 
  494.000  7.498212e+02  3.989364e+02  4.941940e-14 
  495.000  8.027059e+02  4.246057e+02 -2.349319e-14 
  496.000  7.829019e+02  4.117394e+02  2.223347e-13 
  497.000  7.605460e+02  3.976863e+02  2.113674e-15 
  498.000  7.436384e+02  3.866239e+02  5.953059e-16 
  499.000  7.428941e+02  3.840357e+02 -1.307884e-13 
  500.000  7.406646e+02  3.807108e+02  1.526619e-14 
  501.000  7.250713e+02  3.705862e+02  3.213606e-14 
  502.000  7.213212e+02  3.665939e+02  5.640644e-14 
  503.000  7.653768e+02  3.868040e+02  1.068141e-13 
  504.000  7.130801e+02  3.583612e+02 -2.047995e-14 
  505.000  7.701660e+02  3.848938e+02 -2.146872e-14 
  506.000  8.255746e+02  4.103128e+02 -1.629173e-13 
  507.000  7.691367e+02  3.801685e+02 -1.796228e-13 
  508.000  7.385654e+02  3.630676e+02 -8.053941e-15 
  509.000  7.974457e+02  3.898830e+02 -2.726467e-14 
  510.000  7.736588e+02  3.762041e+02 -2.087321e-15 
  511.000  7.748511e+02  3.747486e+02  7.277492e-14 
  512.000  8.142526e+02  3.916860e+02 -1.048447e-13 
  513.000  7.461387e+02  3.569982e+02 -6.613417e-15 
  514.000  7.313677e+02  3.480635e+02  3.928494e-14 
  515.000  7.475506e+02  3.538744e+02 -9.529884e-14 
  516.000  7.861611e+02  3.701763e+02 -6.596832e-15 
  517.000  5.797774e+02  2.715492e+02 -3.624543e-14 
  518.000  7.186168e+02  3.347982e+02 -9.353321e-14 
  519.000  6.815941e+02  3.158777e+02  6.860786e-14 
  520.000  7.512611e+02  3.463393e+02  6.830488e-15 
  521.000  7.525120e+02  3.451001e+02 -3.987525e-14 
  522.000  7.832241e+02  3.573041e+02  3.374313e-14 
  523.000  7.303946e+02  3.314540e+02 -1.295962e-14 
  524.000  7.932861e+02  3.581140e+02 -8.756487e-14 
  525.000  7.877619e+02  3.537634e+02 -9.631847e-14 
  526.000  7.515307e+02  3.357501e+02  1.751044e-14 
  527.000  6.571801e+02  2.920805e+02 -7.398028e-15 
  528.000  7.900854e+02  3.493395e+02 -1.982731e-14 
  529.000  8.133467e+02  3.577784e+02  8.248195e-14 
  530.000  7.693235e+02  3.366855e+02  3.735994e-15 
  531.000  8.382556e+02  3.649890e+02  1.814928e-14 
  532.000  8.005085e+02  3.467992e+02 -1.092055e-13 
  533.000  7.038314e+02  3.034027e+02  5.500786e-14 
  534.000  7.661781e+02  3.286703e+02  6.600781e-14 
  535.000  7.825596e+02  3.340852e+02 -6.870921e-14 
  536.000  8.312588e+02  3.531739e+02  9.712148e-14 
  537.000  7.720170e+02  3.264275e+02 -4.243191e-14 
  538.000  8.089784e+02  3.404066e+02  7.119760e-14 
  539.000  8.071390e+02  3.379954e+02  1.041307e-13 
  540.000  7.907011e+02  3.295168e+02 -6.614897e-14 
  541.000  7.258019e+02  3.010174e+02  5.584119e-14 
  542.000  8.104608e+02  3.345167e+02  1.191353e-15 
  543.000  7.760307e+02  3.187733e+02 -4.079241e-14 
  544.000  8.193593e+02  3.349629e+02 -1.143647e-13 
  545.000  8.079914e+02  3.287409e+02 -8.232086e-14 
  546.000  7.908389e+02  3.202325e+02  9.138934e-14 
  547.000  8.252888e+02  3.326013e+02  0.000000e+00 
  548.000  7.665290e+02  3.074628e+02 -8.222155e-14 
  549.000  8.075457e+02  3.223923e+02  2.630144e-14 
  550.000  7.907208e+02  3.141944e+02  1.113696e-14 
  551.000  7.867783e+02  3.111607e+02  1.002273e-13 
  552.000  8.217501e+02  3.234733e+02 -2.658058e-15 
  553.000  7.905652e+02  3.097455e+02  6.825102e-15 
  554.000  8.174353e+02  3.187829e+02 -3.205932e-14 
  555.000  8.207804e+02  3.186025e+02  1.185468e-15 
  556.000  7.991710e+02  3.087789e+02  2.122374e-13 
  557.000  7.764249e+02  2.986016e+02 -5.649624e-14 
  558.000  8.069180e+02  3.088955e+02 -1.245634e-13 
  559.000  7.636485e+02  2.909834e+02  7.706756e-14 
  560.000  7.679177e+02  2.912581e+02  1.360188e-15 
  561.000  8.449533e+02  3.189935e+02  3.624171e-14 
  562.000  7.761986e+02  2.916119e+02 -7.764859e-15 
  563.000  8.129481e+02  3.039967e+02  1.155394e-13 
  564.000  8.022845e+02  2.985959e+02 -3.379960e-14 
  565.000  8.123934e+02  3.008889e+02 -1.305417e-14 
  566.000  7.498135e+02  2.764275e+02  2.942627e-14 
  567.000  8.041591e+02  2.948618e+02  1.982855e-14 
  568.000  7.987601e+02  2.905960e+02 -1.640084e-14 
  569.000  7.739036e+02  2.787690e+02  7.006665e-15 
  570.000  7.804910e+02  2.800852e+02 -8.409416e-15 
  571.000  7.607017e+02  2.728375e+02  1.068072e-14 
  572.000  7.980894e+02  2.838665e+02  2.099586e-14 
  573.000  8.094645e+02  2.869209e+02  1.501661e-14 
  574.000  8.065600e+02  2.847073e+02 -3.594180e-14 
  575.000  7.873038e+02  2.765945e+02 -1.694068e-14 
  576.000  7.738381e+02  2.706408e+02  1.240745e-14 
  577.000  8.090073e+02  2.819550e+02  3.729650e-14 
  578.000  7.889457e+02  2.742977e+02 -5.080323e-14 
  579.000  7.857548e+02  2.723857e+02 -5.228892e-14 
  580.000  8.151866e+02  2.816448e+02  3.896773e-14 
  581.000  8.037859e+02  2.769886e+02 -4.811457e-15 
  582.000  8.181150e+02  2.809775e+02  5.416213e-14 
  583.000  8.252245e+02  2.822843e+02 -4.324748e-15 
  584.000  8.239798e+02  2.807255e+02  4.622448e-14 
  585.000  8.196047e+02  2.780574e+02 -1.145736e-15 
  586.000  7.854963e+02  2.653770e+02  2.993900e-15 
  587.000  8.137270e+02  2.732016e+02 -4.351352e-14 
  588.000  7.919230e+02  2.628767e+02 -2.632086e-14 
  589.000  6.832570e+02  2.241861e+02  2.520460e-14 
  590.000  7.128821e+02  2.328478e+02 -2.679288e-14 
  591.000  7.729478e+02  2.525921e+02  5.868116e-14 
  592.000  7.513331e+02  2.439119e+02  1.066536e-14 
  593.000  7.766099e+02  2.525492e+02  1.803292e-14 
  594.000  7.808485e+02  2.525175e+02  4.808667e-14 
  595.000  7.551725e+02  2.422602e+02 -1.786244e-14 
  596.000  7.916704e+02  2.544471e+02  1.669850e-14 
  597.000  7.914135e+02  2.529931e+02  1.359884e-14 
  598.000  7.830167e+02  2.500241e+02  5.074403e-14 
  599.000  7.870350e+02  2.506490e+02  2.093290e-14 
  600.000  7.943660e+02  2.528158e+02  6.340769e-15 
  601.000  7.950247e+02  2.526203e+02  5.076027e-14 
  602.000  7.886497e+02  2.498747e+02 -3.516029e-14 
  603.000  7.958021e+02  2.514101e+02  1.401849e-14 
  604.000  8.231512e+02  2.592328e+02 -8.253075e-14 
  605.000  8.226423e+02  2.581494e+02  1.743602e-14 
  606.000  8.142824e+02  2.545480e+02 -5.754388e-15 
  607.000  8.108590e+02  2.525054e+02  8.427985e-14 
  608.000  8.089641e+02  2.509387e+02 -1.218685e-14 
  609.000  8.016982e+02  2.477183e+02 -7.748801e-15 
  610.000  7.898635e+02  2.431136e+02 -2.607738e-14 
  611.000  8.036895e+02  2.464084e+02  8.292931e-14 
  612.000  7.942078e+02  2.425561e+02  5.567706e-14 
  613.000  7.835551e+02  2.383730e+02  6.106418e-14 
  614.000  7.561639e+02  2.291460e+02 -4.957139e-14 
  615.000  7.933179e+02  2.394736e+02 -5.139055e-14 
  616.000  7.551605e+02  2.270710e+02  2.093033e-14 
  617.000  7.602684e+02  2.277173e+02 -2.530032e-14 
  618.000  7.969570e+02  2.377737e+02  4.903392e-14 
  619.000  7.904172e+02  2.348950e+02  1.301252e-13 
  620.000  8.028395e+02  2.376460e+02 -6.007743e-14 
  621.000  8.173511e+02  2.409814e+02 -4.447791e-14 
  622.000  7.748350e+02  2.275339e+02  1.314789e-13 
  623.000  7.814112e+02  2.285367e+02 -6.132958e-15 
  624.000  7.827836e+02  2.280167e+02  3.354560e-14 
  625.000  7.620446e+02  2.210797e+02 -3.687396e-14 
  626.000  7.657130e+02  2.211394e+02 -1.510489e-15 
  627.000  7.741005e+02  2.218476e+02 -7.109052e-14 
  628.000  7.531946e+02  2.135760e+02 -1.150655e-14 
  629.000  7.777618e+02  2.203573e+02  6.991126e-15 
  630.000  7.571240e+02  2.142369e+02 -2.221497e-14 
  631.000  7.878483e+02  2.224254e+02 -2.060246e-14 
  632.000  7.304820e+02  2.049812e+02 -3.104437e-15 
  633.000  7.906536e+02  2.217512e+02  3.721934e-14 
  634.000  7.695688e+02  2.153295e+02 -4.148845e-14 
  635.000  7.844703e+02  2.186891e+02  2.288560e-14 
  636.000  7.586378e+02  2.108793e+02  2.472659e-14 
  637.000  7.852577e+02  2.175898e+02 -7.019281e-14 
  638.000  8.010115e+02  2.215738e+02 -1.918481e-14 
  639.000  7.954001e+02  2.192424e+02 -3.472356e-14 
  640.000  7.725715e+02  2.123878e+02 -2.106791e-14 
  641.000  7.845204e+02  2.148875e+02  1.167513e-14 
  642.000  7.768608e+02  2.121718e+02 -1.739381e-14 
  643.000  7.894326e+02  2.145353e+02  3.241414e-15 
  644.000  7.811561e+02  2.115213e+02 -2.538903e-14 
  645.000  7.859796e+02  2.117289e+02 -5.924882e-14 
  646.000  7.454608e+02  1.988965e+02 -2.620445e-14 
  647.000  7.483846e+02  1.983178e+02  1.361331e-14 
  648.000  7.388781e+02  1.945178e+02 -1.501112e-14 
  649.000  7.618672e+02  2.003669e+02  2.887190e-14 
  650.000  7.204373e+02  1.899784e+02 -1.826516e-14 
  651.000  7.766603e+02  2.040735e+02  1.261188e-15 
  652.000  7.493680e+02  1.951317e+02  6.237423e-15 
  653.000  7.802654e+02  2.037698e+02  2.688427e-14 
  654.000  7.690409e+02  1.999653e+02 -1.910908e-15 
  655.000  7.440259e+02  1.923002e+02 -7.288768e-15 
  656.000  6.337655e+02  1.633638e+02 -2.330757e-14 
  657.000  6.795915e+02  1.748027e+02  8.861710e-15 
  658.000  7.626241e+02  1.959837e+02  1.425746e-14 
  659.000  7.680046e+02  1.970056e+02  5.675345e-14 
  660.000  7.759342e+02  1.984958e+02 -2.441245e-14 
  661.000  7.837423e+02  2.002449e+02 -3.051326e-14 
  662.000  7.972729e+02  2.032287e+02 -8.997351e-15 
  663.000  7.887253e+02  2.002977e+02  4.861259e-14 
  664.000  7.773899e+02  1.968181e+02 -2.909929e-14 
  665.000  7.819255e+02  1.973514e+02  7.005770e-14 
  666.000  7.926426e+02  1.994609e+02  4.130900e-14 
  667.000  7.779862e+02  1.951637e+02  3.034522e-14 
  668.000  7.836497e+02  1.959970e+02 -1.255150e-13 
  669.000  7.958512e+02  1.984087e+02  5.511614e-14 
  670.000  7.871577e+02  1.955971e+02 -3.502935e-14 
  671.000  7.796852e+02  1.931122e+02  2.012556e-14 
  672.000  7.779221e+02  1.920398e+02  1.107485e-13 
  673.000  7.842615e+02  1.929658e+02  2.465061e-14 
  674.000  7.865443e+02  1.928896e+02 -4.301324e-14 
  675.000  7.752778e+02  1.895019e+02 -2.076140e-15 
  676.000  7.906500e+02  1.926234e+02 -8.058734e-14 
  677.000  7.756406e+02  1.883464e+02  9.973852e-14 
  678.000  7.891985e+02  1.910116e+02  1.313617e-14 
  679.000  7.786431e+02  1.878260e+02  9.012891e-15 
  680.000  7.727871e+02  1.857294e+02 -7.410533e-14 
  681.000  7.736946e+02  1.852530e+02 -7.121436e-14 
  682.000  7.724606e+02  1.843239e+02 -1.740798e-14 
  683.000  7.778925e+02  1.849598e+02  2.423201e-14 
  684.000  7.634078e+02  1.807771e+02  9.291646e-15 
  685.000  7.732862e+02  1.826086e+02 -9.207860e-16 
  686.000  7.381113e+02  1.734830e+02  1.407180e-14 
  687.000  6.355545e+02  1.460006e+02  8.925644e-15 
  688.000  6.694548e+02  1.539508e+02 -9.601195e-15 
  689.000  6.613018e+02  1.513587e+02 -1.093662e-14 
  690.000  6.823209e+02  1.560360e+02  1.227744e-14 
  691.000  7.056617e+02  1.613091e+02 -3.740731e-14 
  692.000  7.094329e+02  1.617339e+02  5.743901e-15 
  693.000  6.927871e+02  1.565582e+02 -7.120582e-15 
  694.000  6.782025e+02  1.521186e+02 -1.183055e-14 
  695.000  6.799130e+02  1.523328e+02  2.808077e-14 
  696.000  6.963749e+02  1.557630e+02 -1.002499e-14 
  697.000  7.370220e+02  1.659373e+02 -2.254768e-14 
  698.000  7.152835e+02  1.601034e+02 -1.435536e-15 
  699.000  6.932709e+02  1.534567e+02 -1.386459e-15 
  700.000  6.910463e+02  1.526237e+02 -3.945393e-15 
  701.000  6.681627e+02  1.468938e+02  1.534233e-15 
  702.000  6.706646e+02  1.471293e+02 -2.605076e-14 
  703.000  7.093029e+02  1.561176e+02 -6.489823e-15 
  704.000  7.128936e+02  1.564678e+02  6.852368e-15 
  705.000  7.065119e+02  1.541227e+02  6.213916e-15 
  706.000  7.016521e+02  1.526674e+02  7.672532e-15 
  707.000  6.955941e+02  1.510321e+02  1.197112e-14 
  708.000  7.208094e+02  1.562046e+02  6.178474e-14 
  709.000  7.047957e+02  1.526681e+02  1.120801e-14 
  710.000  7.111691e+02  1.531273e+02 -9.927401e-15 
  711.000  7.145255e+02  1.538121e+02  2.379026e-14 
  712.000  7.135074e+02  1.535488e+02  9.932086e-15 
  713.000  7.036987e+02  1.506021e+02  3.299459e-14 
  714.000  7.133725e+02  1.520679e+02 -3.707940e-14 
  715.000  6.772541e+02  1.434370e+02 -6.611466e-14 
  716.000  6.827483e+02  1.436790e+02 -3.570467e-16 
  717.000  5.916819e+02  1.223297e+02 -6.249447e-15 
  718.000  5.452330e+02  1.108027e+02 -2.808962e-15 
  719.000  5.238368e+02  1.054888e+02 -1.750583e-15 
  720.000  5.057983e+02  1.007298e+02  5.215749e-15 
  721.000  6.056741e+02  1.241555e+02 -4.114855e-15 
  722.000  6.528833e+02  1.343294e+02 -2.335707e-14 
  723.000  6.297789e+02  1.287162e+02 -6.560875e-16 
  724.000  5.732576e+02  1.151861e+02 -3.102106e-15 
  725.000  5.755604e+02  1.155807e+02  5.458443e-15 
  726.000  5.720252e+02  1.144407e+02  1.998347e-15 
  727.000  5.891474e+02  1.178068e+02 -3.867312e-15 
  728.000  5.702894e+02  1.134050e+02 -4.969324e-15 
  729.000  5.695297e+02  1.136298e+02 -8.050435e-15 
  730.000  5.870379e+02  1.166956e+02  1.556746e-14 
  731.000  5.731111e+02  1.134834e+02  7.637294e-16 
  732.000  6.227975e+02  1.239940e+02  8.500792e-16 
  733.000  6.512578e+02  1.301728e+02 -6.312669e-15 
  734.000  6.838790e+02  1.368806e+02  2.901609e-15 
  735.000  6.721316e+02  1.339400e+02 -1.448434e-14 
  736.000  6.479777e+02  1.284344e+02  5.596094e-15 
  737.000  6.659044e+02  1.318497e+02 -9.465249e-16 
  738.000  6.769378e+02  1.340399e+02  1.653877e-14 
  739.000  6.605679e+02  1.306113e+02  1.481984e-14 
  740.000  6.789400e+02  1.343568e+02 -7.001467e-15 
  741.000  6.806357e+02  1.346393e+02 -1.499961e-14 
  742.000  6.725182e+02  1.327968e+02  2.160773e-14 
  743.000  6.989568e+02  1.379859e+02 -6.535970e-15 
  744.000  7.086589e+02  1.396483e+02  3.952082e-14 
  745.000  6.926500e+02  1.362444e+02  3.674116e-14 
  746.000  7.042280e+02  1.382328e+02 -3.389420e-14 
  747.000  7.158370e+02  1.401210e+02 -7.398149e-15 
  748.000  7.042886e+02  1.375524e+02  6.676383e-14 
  749.000  7.053606e+02  1.374008e+02 -8.444702e-15 
  750.000  6.948232e+02  1.349159e+02  5.205219e-14 
  751.000  6.934867e+02  1.342736e+02 -4.979388e-14 
  752.000  7.055803e+02  1.363018e+02 -1.606000e-14 
  753.000  6.996437e+02  1.347933e+02 -1.164399e-14 
  754.000  7.112118e+02  1.366467e+02  2.837388e-14 
  755.000  7.075826e+02  1.355658e+02  9.853271e-14 
  756.000  6.941869e+02  1.326257e+02 -4.301050e-14 
  757.000  6.996625e+02  1.332935e+02  3.075609e-14 
  758.000  6.979941e+02  1.325348e+02 -1.346172e-15 
  759.000  6.223580e+02  1.162118e+02  8.014513e-16 
  760.000  2.093449e+02  3.562768e+01  4.921847e-15 
  761.000  1.774981e+02  2.968418e+01  3.236518e-16 
  762.000  3.853697e+02  6.810309e+01  5.507679e-16 
  763.000  3.236796e+02  5.628957e+01 -1.248506e-15 
  764.000  3.602397e+02  6.286868e+01 -5.287983e-15 
  765.000  4.461171e+02  7.904390e+01  3.835275e-15 
  766.000  5.250427e+02  9.530000e+01 -2.237018e-15 
  767.000  5.847811e+02  1.065308e+02  1.330144e-14 
  768.000  6.434036e+02  1.175580e+02  2.871186e-14 
  769.000  6.644164e+02  1.217116e+02 -1.665041e-15 
  770.000  6.724175e+02  1.232115e+02 -5.499909e-14 
  771.000  6.787573e+02  1.242531e+02  6.019537e-14 
  772.000  6.777020e+02  1.237740e+02 -1.317517e-14 
  773.000  6.757791e+02  1.231058e+02  6.484987e-14 
  774.000  6.838268e+02  1.242529e+02  3.658272e-14 
  775.000  6.587494e+02  1.193833e+02 -1.041811e-14 
  776.000  6.864477e+02  1.240756e+02  4.375748e-14 
  777.000  6.820049e+02  1.229316e+02  1.243602e-14 
  778.000  6.785532e+02  1.219632e+02 -9.598976e-15 
  779.000  6.809707e+02  1.220521e+02 -6.337228e-14 
  780.000  6.727908e+02  1.202498e+02 -4.959851e-14 
  781.000  6.723916e+02  1.198799e+02  4.529801e-14 
  782.000  6.806890e+02  1.210173e+02 -2.030871e-15 
  783.000  6.649866e+02  1.178944e+02  2.346568e-15 
  784.000  6.686360e+02  1.181906e+02 -2.924782e-14 
  785.000  6.685340e+02  1.176955e+02 -3.681632e-14 
  786.000  6.539330e+02  1.145774e+02 -4.087674e-14 
  787.000  6.564638e+02  1.143093e+02  3.236099e-15 
  788.000  6.429670e+02  1.114561e+02 -8.305909e-15 
  789.000  6.330878e+02  1.088693e+02 -2.552552e-14 
  790.000  6.256796e+02  1.072598e+02  1.244964e-14 
  791.000  6.252552e+02  1.069897e+02  4.435250e-14 
  792.000  6.179550e+02  1.055461e+02  1.180478e-14 
  793.000  6.231018e+02  1.063648e+02  2.084753e-15 
  794.000  6.284830e+02  1.075588e+02 -1.212367e-14 
  795.000  6.182371e+02  1.051675e+02  2.308068e-15 
  796.000  6.099497e+02  1.027661e+02 -1.824563e-14 
  797.000  6.194552e+02  1.042676e+02 -1.271352e-14 
  798.000  6.321404e+02  1.065981e+02 -7.059127e-15 
  799.000  6.290888e+02  1.056830e+02 -1.557772e-14 
  800.000  6.043374e+02  1.009321e+02  1.406010e-14 
  801.000  6.168160e+02  1.027789e+02  1.261575e-14 
  802.000  6.149562e+02  1.021675e+02 -2.377665e-14 
  803.000  6.076263e+02  1.007274e+02 -2.748934e-15 
  804.000  6.174682e+02  1.022405e+02  9.154902e-15 
  805.000  6.084825e+02  1.008030e+02  1.174618e-14 
  806.000  6.299214e+02  1.042996e+02  4.263659e-15 
  807.000  6.265857e+02  1.034836e+02  1.985702e-15 
  808.000  6.202758e+02  1.020462e+02 -2.747984e-14 
  809.000  6.067109e+02  9.940910e+01 -1.993987e-14 
  810.000  6.005598e+02  9.799545e+01  5.969579e-15 
  811.000  6.028469e+02  9.784104e+01  9.311732e-15 
  812.000  5.908128e+02  9.533007e+01 -1.463562e-15 
  813.000  5.761002e+02  9.241227e+01 -5.380840e-16 
  814.000  5.592029e+02  8.915504e+01 -7.323717e-15 
  815.000  5.333834e+02  8.448351e+01  8.014627e-15 
  816.000  5.040821e+02  7.923129e+01  1.108121e-14 
  817.000  5.084680e+02  7.972042e+01 -1.640142e-15 
  818.000  5.074791e+02  7.939453e+01 -1.407677e-15 
  819.000  5.020182e+02  7.849137e+01 -5.873500e-15 
  820.000  5.191027e+02  8.136590e+01 -6.610844e-15 
  821.000  5.686502e+02  8.950303e+01  3.702878e-15 
  822.000  5.289551e+02  8.260004e+01  4.500767e-15 
  823.000  4.713831e+02  7.238802e+01 -4.677090e-15 
  824.000  5.340146e+02  8.282426e+01  8.023876e-15 
  825.000  5.702563e+02  8.890289e+01  1.573240e-15 
  826.000  5.678757e+02  8.818954e+01  1.071043e-14 
  827.000  5.614857e+02  8.688146e+01  3.256355e-15 
  828.000  5.362911e+02  8.239088e+01 -1.674015e-14 
  829.000  5.448094e+02  8.361204e+01 -1.292094e-14 
  830.000  5.459805e+02  8.374129e+01 -1.442928e-14 
  831.000  5.388466e+02  8.248642e+01  1.859602e-15 
  832.000  5.512090e+02  8.420601e+01  1.219794e-14 
  833.000  5.396997e+02  8.235289e+01 -3.392351e-15 
  834.000  5.543887e+02  8.453252e+01 -5.909012e-15 
  835.000  5.682775e+02  8.678500e+01 -8.578340e-16 
  836.000  5.710676e+02  8.687923e+01 -3.139312e-15 
  837.000  5.661623e+02  8.591358e+01  1.319604e-15 
  838.000  5.744764e+02  8.714037e+01  2.184436e-14 
  839.000  5.602993e+02  8.489896e+01  1.278147e-14 
  840.000  5.768005e+02  8.722787e+01  1.503850e-14 
  841.000  5.746450e+02  8.655348e+01  1.384468e-14 
  842.000  5.746746e+02  8.646200e+01 -1.150840e-14 
  843.000  5.789601e+02  8.721066e+01 -4.990051e-15 
  844.000  5.731360e+02  8.628230e+01  4.162775e-15 
  845.000  5.837014e+02  8.773535e+01 -6.610137e-15 
  846.000  5.908381e+02  8.867639e+01  2.263803e-14 
  847.000  5.725039e+02  8.580901e+01  3.070210e-15 
  848.000  5.864059e+02  8.750980e+01 -1.034843e-14 
  849.000  5.880399e+02  8.755508e+01  6.632193e-15 
  850.000  5.072416e+02  7.527025e+01 -5.924266e-16 
  851.000  5.794799e+02  8.568970e+01  1.042151e-15 
  852.000  5.578358e+02  8.229317e+01 -1.048854e-14 
  853.000  5.673140e+02  8.362644e+01  5.658786e-15 
  854.000  4.561158e+02  6.706346e+01 -1.169350e-14 
  855.000  5.035099e+02  7.391537e+01 -5.132851e-16 
  856.000  5.743388e+02  8.425400e+01 -8.817485e-15 
  857.000  5.848845e+02  8.566880e+01 -5.561416e-15 
  858.000  5.763177e+02  8.424688e+01  1.380613e-14 
  859.000  5.777171e+02  8.433217e+01 -9.546088e-15 
  860.000  5.733257e+02  8.352689e+01  1.951626e-15 
  861.000  5.735277e+02  8.335841e+01 -1.967440e-14 
  862.000  5.721448e+02  8.297647e+01  6.240071e-14 
  863.000  5.833037e+02  8.439114e+01  2.059180e-14 
  864.000  5.825637e+02  8.409592e+01 -1.049727e-14 
  865.000  5.720821e+02  8.239555e+01 -8.960384e-15 
  866.000  4.800511e+02  6.897510e+01 -1.565197e-14 
  867.000  5.113161e+02  7.328603e+01  2.667351e-14 
  868.000  5.547299e+02  7.931718e+01  3.702713e-14 
  869.000  5.471728e+02  7.805104e+01 -9.838116e-15 
  870.000  5.698574e+02  8.108613e+01 -5.657460e-14 
  871.000  5.692798e+02  8.081204e+01 -5.649280e-14 
  872.000  5.673140e+02  8.034879e+01 -2.215621e-15 
  873.000  5.695915e+02  8.046553e+01  1.245487e-14 
  874.000  5.571815e+02  7.851662e+01 -3.050993e-15 
  875.000  5.521930e+02  7.762462e+01 -1.911833e-14 
  876.000  5.567509e+02  7.806387e+01 -2.087427e-14 
  877.000  5.678898e+02  7.942599e+01 -2.099622e-14 
  878.000  5.575599e+02  7.774286e+01 -6.546244e-15 
  879.000  5.589506e+02  7.774646e+01  1.253748e-14 
  880.000  5.552368e+02  7.700074e+01 -3.524364e-14 
  881.000  5.261622e+02  7.277042e+01  2.572217e-14 
  882.000  5.550536e+02  7.655949e+01  3.054048e-15 
  883.000  5.428748e+02  7.472363e+01 -1.801221e-14 
  884.000  5.477343e+02  7.522119e+01  5.287681e-15 
  885.000  5.522343e+02  7.557001e+01 -4.341669e-15 
  886.000  5.325167e+02  7.260551e+01 -3.503585e-15 
  887.000  5.285471e+02  7.195760e+01  3.879794e-15 
  888.000  5.444202e+02  7.393648e+01  3.996342e-15 
  889.000  5.486219e+02  7.435617e+01 -3.088349e-14 
  890.000  5.458240e+02  7.372848e+01  8.025131e-15 
  891.000  5.406185e+02  7.274434e+01  1.167877e-15 
  892.000  5.332385e+02  7.133410e+01  1.654837e-14 
  893.000  4.960117e+02  6.565415e+01  1.505851e-14 
  894.000  5.036223e+02  6.628291e+01 -8.212212e-16 
  895.000  4.524263e+02  5.901045e+01  1.185691e-14 
  896.000  4.434791e+02  5.741117e+01  7.265845e-15 
  897.000  4.063012e+02  5.208796e+01 -2.614687e-15 
  898.000  3.946770e+02  5.024094e+01 -1.159126e-16 
  899.000  3.613685e+02  4.518009e+01 -1.435484e-15 
  900.000  3.567639e+02  4.459540e+01  1.216057e-15 
  901.000  3.412934e+02  4.238609e+01  6.423142e-16 
  902.000  3.368027e+02  4.178061e+01  4.371876e-16 
  903.000  4.104068e+02  5.199786e+01 -2.035536e-15 
  904.000  4.526584e+02  5.761805e+01 -1.376629e-15 
  905.000  4.504428e+02  5.721441e+01  6.086132e-15 
  906.000  4.164115e+02  5.256799e+01 -2.004929e-15 
  907.000  3.850774e+02  4.792572e+01  2.413520e-15 
  908.000  3.510254e+02  4.306703e+01  2.789578e-15 
  909.000  3.459546e+02  4.236197e+01  9.681011e-16 
  910.000  3.536091e+02  4.327714e+01  5.594280e-16 
  911.000  3.682593e+02  4.532127e+01  9.009945e-16 
  912.000  3.615792e+02  4.423505e+01  9.613084e-16 
  913.000  3.374929e+02  4.052422e+01  9.128497e-17 
  914.000  3.513042e+02  4.242276e+01  4.781049e-15 
  915.000  3.578603e+02  4.340990e+01  3.783678e-15 
  916.000  3.659716e+02  4.438015e+01 -5.305428e-17 
  917.000  3.674662e+02  4.462613e+01  1.123958e-15 
  918.000  3.749111e+02  4.562762e+01  4.627488e-16 
  919.000  4.122073e+02  5.056493e+01  9.908384e-15 
  920.000  4.335899e+02  5.333063e+01  5.032489e-15 
  921.000  4.189210e+02  5.137764e+01 -2.380886e-15 
  922.000  4.148527e+02  5.076513e+01  8.340034e-16 
  923.000  3.910363e+02  4.768559e+01  2.901385e-15 
  924.000  3.915401e+02  4.747346e+01  2.040091e-15 
  925.000  3.951582e+02  4.776046e+01  4.482769e-15 
  926.000  3.798573e+02  4.573317e+01 -5.510729e-15 
  927.000  3.747129e+02  4.469583e+01  7.606602e-16 
  928.000  3.482152e+02  4.084686e+01 -1.371737e-15 
  929.000  3.044490e+02  3.487415e+01  7.651707e-16 
  930.000  2.580765e+02  2.892982e+01 -1.044298e-15 
  931.000  2.118951e+02  2.332608e+01  6.251056e-16 
  932.000  1.558345e+02  1.670001e+01  7.567087e-18 
  933.000  1.227797e+02  1.287310e+01  5.621115e-17 
  934.000  9.262310e+01  9.496598e+00  5.469948e-17 
  935.000  8.816370e+01  9.000673e+00  5.586460e-17 
  936.000  9.762333e+01  1.001323e+01  7.202137e-39 
  937.000  9.750313e+01  9.963064e+00 -4.912414e-16 
  938.000  1.303701e+02  1.360626e+01  1.646447e-16 
  939.000  2.426990e+02  2.633718e+01  2.696848e-16 
  940.000  2.614324e+02  2.851967e+01  1.586448e-16 
  941.000  2.396240e+02  2.595116e+01 -1.956683e-16 
  942.000  1.942743e+02  2.076911e+01  1.002577e-16 
  943.000  1.485184e+02  1.551471e+01  2.630669e-18 
  944.000  1.407010e+02  1.463143e+01  2.437938e-16 
  945.000  1.602242e+02  1.676496e+01  1.082922e-16 
  946.000  1.638669e+02  1.712606e+01 -1.149781e-16 
  947.000  1.813397e+02  1.905774e+01  2.309206e-16 
  948.000  1.937446e+02  2.039931e+01  3.032867e-16 
  949.000  1.934324e+02  2.033002e+01  2.122948e-16 
  950.000  1.952634e+02  2.050344e+01  3.272316e-16 
  951.000  2.201360e+02  2.324940e+01  2.272575e-16 
  952.000  1.933734e+02  2.023849e+01  8.312311e-16 
  953.000  2.124547e+02  2.233568e+01 -2.117750e-16 
  954.000  2.324186e+02  2.456306e+01 -1.992681e-16 
  955.000  2.015352e+02  2.116962e+01  7.493080e-16 
  956.000  2.122814e+02  2.226773e+01 -1.014995e-17 
  957.000  2.691056e+02  2.872052e+01  1.428384e-15 
  958.000  2.798296e+02  2.993149e+01  3.501835e-16 
  959.000  2.714545e+02  2.888130e+01  2.003258e-16 
  960.000  2.665312e+02  2.828633e+01 -2.269793e-16 
  961.000  2.591964e+02  2.741535e+01 -2.365203e-16 
  962.000  2.653656e+02  2.806913e+01 -3.318032e-16 
  963.000  2.987366e+02  3.202178e+01  8.199964e-16 
  964.000  3.006341e+02  3.225593e+01  4.163560e-16 
  965.000  3.014076e+02  3.222762e+01  4.789655e-16 
  966.000  2.949586e+02  3.151851e+01  8.913676e-16 
  967.000  3.296344e+02  3.567475e+01 -2.424838e-16 
  968.000  3.710017e+02  4.080900e+01 -4.693683e-15 
  969.000  3.948788e+02  4.354500e+01  4.737028e-15 
  970.000  3.973824e+02  4.375015e+01 -5.070012e-15 
  971.000  3.934697e+02  4.322562e+01 -1.069736e-15 
  972.000  3.901704e+02  4.271943e+01  2.185468e-15 
  973.000  3.728073e+02  4.061521e+01 -2.110362e-15 
  974.000  3.509740e+02  3.798318e+01  1.608144e-15 
  975.000  3.425596e+02  3.684647e+01 -6.549884e-16 
  976.000  3.595114e+02  3.877081e+01  2.547489e-15 
  977.000  3.714786e+02  4.018867e+01 -4.184287e-15 
  978.000  3.791257e+02  4.092650e+01  8.093723e-16 
  979.000  3.738899e+02  4.033358e+01  5.330810e-17 
  980.000  4.017000e+02  4.343459e+01  3.395520e-15 
  981.000  4.097823e+02  4.427324e+01  6.014620e-17 
  982.000  4.040486e+02  4.352505e+01 -7.426194e-15 
  983.000  4.149492e+02  4.473704e+01  4.926213e-15 
  984.000  4.245796e+02  4.585426e+01  9.306294e-16 
  985.000  4.315685e+02  4.663676e+01 -5.094454e-17 
  986.000  4.372840e+02  4.734900e+01 -6.689962e-15 
  987.000  4.464282e+02  4.833682e+01 -2.484535e-15 
  988.000  4.419692e+02  4.777753e+01 -1.413661e-14 
  989.000  4.370497e+02  4.716123e+01  6.460066e-15 
  990.000  4.418373e+02  4.760172e+01  5.684030e-15 
  991.000  4.489631e+02  4.835996e+01 -1.033180e-14 
  992.000  4.458691e+02  4.795119e+01 -1.602826e-14 
  993.000  4.463017e+02  4.790515e+01 -1.218585e-15 
  994.000  4.516638e+02  4.845819e+01  6.879009e-15 
  995.000  4.505065e+02  4.830087e+01 -7.284728e-15 
  996.000  4.504777e+02  4.819314e+01 -1.444394e-14 
  997.000  4.497311e+02  4.796487e+01 -5.354424e-15 
  998.000  4.465938e+02  4.747590e+01  2.044505e-15 
  999.000  4.450598e+02  4.720733e+01  8.367669e-15 
 1000.000  4.420387e+02  4.679935e+01  2.200809e-16 
 1001.000  4.414076e+02  4.654070e+01  9.684920e-15 
 1002.000  4.358741e+02  4.572668e+01 -2.146905e-15 
 1003.000  4.320319e+02  4.525616e+01 -6.901992e-15 
 1004.000  4.313068e+02  4.515820e+01 -8.766480e-15 
 1005.000  4.041203e+02  4.225452e+01  3.116059e-15 
 1006.000  4.258188e+02  4.443962e+01  8.209208e-15 
 1007.000  4.327197e+02  4.503676e+01 -7.186341e-15 
 1008.000  4.306473e+02  4.462024e+01 -7.521762e-15 
 1009.000  4.228397e+02  4.359399e+01  5.726701e-15 
 1010.000  4.268531e+02  4.396780e+01 -6.416515e-15 
 1011.000  4.302242e+02  4.436203e+01 -7.834177e-15 
 1012.000  4.325976e+02  4.457081e+01  6.555688e-15 
 1013.000  4.312018e+02  4.438082e+01  3.237285e-15 
 1014.000  4.347617e+02  4.467309e+01  1.590752e-14 
 1015.000  4.269475e+02  4.378103e+01 -4.841608e-15 
 1016.000  4.304432e+02  4.405818e+01 -6.200047e-15 
 1017.000  4.267064e+02  4.359724e+01  8.720537e-15 
 1018.000  4.314167e+02  4.395370e+01  1.232968e-14 
 1019.000  4.198880e+02  4.264518e+01  2.951800e-15 
 1020.000  4.197172e+02  4.255618e+01  5.228931e-15 
 1021.000  4.252146e+02  4.305108e+01 -7.737026e-15 
 1022.000  4.168098e+02  4.205640e+01  7.774970e-15 
 1023.000  4.230537e+02  4.254363e+01  3.302618e-15 
 1024.000  4.198829e+02  4.210541e+01 -3.766212e-15 
 1025.000  4.231633e+02  4.243995e+01  1.311951e-14 
 1026.000  4.251548e+02  4.258323e+01  4.187160e-15 
 1027.000  4.221272e+02  4.218310e+01  3.476707e-16 
 1028.000  4.236662e+02  4.225227e+01 -1.390695e-15 
 1029.000  4.187065e+02  4.171921e+01 -9.453008e-16 
 1030.000  4.243117e+02  4.223488e+01 -9.146606e-15 
 1031.000  4.237203e+02  4.211124e+01  1.409903e-14 
 1032.000  4.228725e+02  4.195766e+01 -7.921852e-15 
 1033.000  4.152990e+02  4.112419e+01 -2.321600e-14 
 1034.000  4.200744e+02  4.152051e+01  2.721790e-15 
 1035.000  4.158414e+02  4.102146e+01  9.298027e-16 
 1036.000  4.213143e+02  4.147417e+01  1.826765e-14 
 1037.000  4.125820e+02  4.053185e+01 -2.877315e-14 
 1038.000  4.168107e+02  4.086404e+01  1.473634e-14 
 1039.000  4.184399e+02  4.093076e+01 -1.052709e-14 
 1040.000  4.134544e+02  4.035328e+01 -2.070561e-16 
 1041.000  4.156157e+02  4.047460e+01 -1.533043e-14 
 1042.000  4.168793e+02  4.051073e+01 -2.077499e-14 
 1043.000  4.097541e+02  3.973460e+01 -1.204777e-14 
 1044.000  4.138144e+02  4.004089e+01 -2.886739e-15 
 1045.000  4.118732e+02  3.975851e+01 -2.362322e-14 
 1046.000  3.997986e+02  3.850513e+01  2.314197e-14 
 1047.000  4.070541e+02  3.911525e+01 -8.738172e-15 
 1048.000  4.110564e+02  3.941210e+01 -1.919891e-14 
 1049.000  4.083828e+02  3.907033e+01  6.329792e-15 
 1050.000  4.057530e+02  3.872678e+01  8.020940e-15 
 1051.000  4.054451e+02  3.859864e+01  2.030792e-14 
 1052.000  4.033809e+02  3.831199e+01  3.609322e-14 
 1053.000  4.035974e+02  3.825153e+01  2.579326e-14 
 1054.000  3.991177e+02  3.773133e+01 -1.953010e-14 
 1055.000  4.017362e+02  3.788339e+01 -1.171186e-14 
 1056.000  4.004418e+02  3.767050e+01  9.068591e-15 
 1057.000  3.989998e+02  3.742345e+01 -7.350118e-15 
 1058.000  3.933634e+02  3.675733e+01  1.497580e-15 
 1059.000  3.812026e+02  3.555261e+01 -6.669255e-15 
 1060.000  3.958478e+02  3.687561e+01  0.000000e+00 
 1061.000  3.818871e+02  3.550605e+01 -1.546278e-15 
 1062.000  3.916495e+02  3.631403e+01 -1.689696e-14 
 1063.000  3.848611e+02  3.561391e+01  4.204132e-15 
 1064.000  3.891775e+02  3.592181e+01  5.451975e-15 
 1065.000  3.876557e+02  3.567886e+01 -1.992368e-16 
 1066.000  3.759023e+02  3.453946e+01  5.379149e-15 
 1067.000  3.843925e+02  3.523880e+01 -5.510483e-15 
 1068.000  3.807933e+02  3.479216e+01  2.149413e-15 
 1069.000  3.509286e+02  3.197124e+01  9.160685e-16 
 1070.000  3.719726e+02  3.383233e+01  1.023337e-15 
 1071.000  3.711708e+02  3.366007e+01  3.369381e-17 
 1072.000  3.708851e+02  3.353858e+01  5.604101e-16 
 1073.000  3.583825e+02  3.234323e+01 -9.907762e-15 
 1074.000  3.711549e+02  3.344110e+01  2.215081e-15 
 1075.000  3.616922e+02  3.257891e+01  5.572001e-15 
 1076.000  3.682547e+02  3.307903e+01  4.587540e-15 
 1077.000  3.656580e+02  3.274767e+01  1.336515e-15 
 1078.000  3.646098e+02  3.255249e+01 -8.309564e-15 
 1079.000  3.501913e+02  3.120447e+01  4.476588e-15 
 1080.000  3.549753e+02  3.147833e+01  1.185898e-15 
 1081.000  3.416559e+02  3.023977e+01  1.500930e-16 
 1082.000  3.484193e+02  3.082273e+01 -2.431744e-16 
 1083.000  3.361792e+02  2.964200e+01  7.064368e-15 
 1084.000  3.457841e+02  3.039022e+01  4.024647e-15 
 1085.000  3.336900e+02  2.919221e+01  8.101857e-16 
 1086.000  3.398173e+02  2.969309e+01 -1.315842e-15 
 1087.000  3.268908e+02  2.860849e+01 -1.691310e-15 
 1088.000  3.471213e+02  3.033200e+01  1.282547e-15 
 1089.000  3.239465e+02  2.814181e+01 -3.662598e-15 
 1090.000  3.290683e+02  2.851720e+01 -2.934312e-15 
 1091.000  3.330996e+02  2.883160e+01 -3.769024e-16 
 1092.000  3.204033e+02  2.763790e+01 -2.863522e-15 
 1093.000  3.056089e+02  2.623678e+01 -4.199762e-16 
 1094.000  2.738682e+02  2.344220e+01  4.012945e-15 
 1095.000  2.971384e+02  2.539138e+01 -4.073253e-16 
 1096.000  2.964836e+02  2.528724e+01 -8.423099e-16 
 1097.000  2.902892e+02  2.469381e+01 -1.628030e-19 
 1098.000  2.608951e+02  2.191109e+01  7.260844e-16 
 1099.000  2.396225e+02  1.975699e+01  5.991783e-16 
 1100.000  2.451194e+02  2.019630e+01 -6.049145e-16 
