  400.000  1.646879e+02  3.248115e+02 -5.202090e-14 
  401.000  1.650897e+02  3.213437e+02 -6.763452e-15 
  402.000  1.764357e+02  3.389704e+02 -3.133656e-14 
  403.000  1.666213e+02  3.159913e+02  2.103487e-14 
  404.000  1.805199e+02  3.379734e+02 -2.252788e-14 
  405.000  1.668831e+02  3.084769e+02 -4.319945e-14 
  406.000  1.669436e+02  3.047034e+02 -3.527526e-14 
  407.000  1.638728e+02  2.953615e+02 -1.109299e-13 
  408.000  1.789103e+02  3.184656e+02  2.239280e-14 
  409.000  1.995491e+02  3.508301e+02 -1.839439e-14 
  410.000  1.680930e+02  2.919144e+02  4.835596e-14 
  411.000  1.988610e+02  3.411559e+02  2.522232e-14 
  412.000  2.075657e+02  3.517979e+02 -3.298838e-14 
  413.000  1.975002e+02  3.307351e+02  3.923817e-14 
  414.000  1.952063e+02  3.230049e+02 -7.464763e-15 
  415.000  2.096732e+02  3.428552e+02 -1.701025e-14 
  416.000  2.098555e+02  3.391362e+02  7.861591e-15 
  417.000  2.048761e+02  3.272395e+02 -4.613472e-14 
  418.000  2.017818e+02  3.185750e+02 -3.811286e-14 
  419.000  2.081201e+02  3.248126e+02 -1.011035e-13 
  420.000  1.773288e+02  2.736036e+02 -3.330773e-14 
  421.000  2.236369e+02  3.411509e+02 -1.538188e-14 
  422.000  2.156869e+02  3.253292e+02 -7.073729e-15 
  423.000  1.833358e+02  2.734497e+02 -9.214470e-16 
  424.000  2.029460e+02  2.993464e+02  2.713973e-14 
  425.000  2.115101e+02  3.085428e+02  2.907119e-14 
  426.000  2.045841e+02  2.951746e+02 -2.836626e-14 
  427.000  1.979983e+02  2.825682e+02 -1.145564e-13 
  428.000  2.017092e+02  2.847562e+02 -2.072718e-14 
  429.000  1.846117e+02  2.578240e+02 -1.224404e-14 
  430.000  1.481919e+02  2.047549e+02  9.044647e-15 
  431.000  1.340216e+02  1.832152e+02 -3.089514e-14 
  432.000  2.426451e+02  3.282197e+02 -2.296628e-14 
  433.000  2.172341e+02  2.907747e+02  2.985300e-14 
  434.000  2.076507e+02  2.750600e+02 -1.130667e-14 
  435.000  2.271962e+02  2.978440e+02  3.736117e-14 
  436.000  2.533360e+02  3.287048e+02  9.630012e-15 
  437.000  2.571969e+02  3.303111e+02 -8.552888e-15 
  438.000  2.316570e+02  2.944949e+02  6.618864e-15 
  439.000  2.253862e+02  2.836372e+02 -9.884341e-16 
  440.000  2.539675e+02  3.164030e+02 -2.364274e-14 
  441.000  2.544871e+02  3.138917e+02  4.592264e-14 
  442.000  2.694313e+02  3.290309e+02  4.940958e-14 
  443.000  2.726385e+02  3.296657e+02 -6.462416e-14 
  444.000  2.722549e+02  3.259738e+02 -6.283052e-15 
  445.000  2.878267e+02  3.412546e+02 -1.206951e-15 
  446.000  2.574794e+02  3.023060e+02  2.186356e-14 
  447.000  2.951362e+02  3.431869e+02  1.032721e-14 
  448.000  3.015957e+02  3.473740e+02  4.494462e-14 
  449.000  3.052126e+02  3.482362e+02  1.051925e-14 
  450.000  3.134499e+02  3.542883e+02 -6.365798e-14 
  451.000  3.404330e+02  3.811978e+02  1.156176e-14 
  452.000  3.180150e+02  3.527856e+02 -2.837210e-14 
  453.000  2.966200e+02  3.260063e+02 -4.903988e-14 
  454.000  3.177381e+02  3.459998e+02  8.071338e-15 
  455.000  3.214457e+02  3.468284e+02 -8.053473e-14 
  456.000  3.307246e+02  3.535808e+02  2.744562e-14 
  457.000  3.340755e+02  3.539227e+02  8.324547e-15 
  458.000  3.296636e+02  3.460966e+02  1.885286e-14 
  459.000  3.310728e+02  3.444531e+02  6.081974e-14 
  460.000  3.296229e+02  3.398811e+02  7.323919e-14 
  461.000  3.430503e+02  3.505836e+02  1.539251e-14 
  462.000  3.389034e+02  3.432828e+02 -8.191886e-15 
  463.000  3.404216e+02  3.417865e+02  5.540937e-14 
  464.000  3.430464e+02  3.414190e+02  6.239293e-14 
  465.000  3.395050e+02  3.349618e+02 -1.735053e-14 
  466.000  3.517563e+02  3.440496e+02  3.828952e-14 
  467.000  3.407645e+02  3.304282e+02 -3.686190e-14 
  468.000  3.621578e+02  3.481495e+02  9.478036e-14 
  469.000  3.603092e+02  3.433894e+02 -3.726470e-14 
  470.000  3.566057e+02  3.369326e+02  7.340120e-14 
  471.000  3.571632e+02  3.345497e+02  1.267969e-15 
  472.000  3.626838e+02  3.367920e+02 -7.399380e-14 
  473.000  3.597930e+02  3.312228e+02  8.951454e-14 
  474.000  3.636950e+02  3.319223e+02  3.556033e-14 
  475.000  3.792558e+02  3.430829e+02  5.681675e-14 
  476.000  3.682484e+02  3.301511e+02 -3.586860e-14 
  477.000  3.656333e+02  3.249498e+02  1.275793e-15 
  478.000  3.851862e+02  3.396226e+02 -9.304130e-14 
  479.000  3.694399e+02  3.233091e+02  0.000000e+00 
  480.000  3.785640e+02  3.288681e+02  5.526641e-14 
  481.000  3.779705e+02  3.259135e+02  1.782599e-14 
  482.000  3.875300e+02  3.316399e+02  1.302888e-15 
  483.000  3.894718e+02  3.307604e+02 -5.566382e-14 
  484.000  3.758664e+02  3.167453e+02 -1.248350e-15 
  485.000  3.799521e+02  3.177076e+02  8.866829e-14 
  486.000  3.091330e+02  2.564889e+02 -4.244320e-14 
  487.000  3.486589e+02  2.870490e+02 -3.288030e-14 
  488.000  3.798622e+02  3.103281e+02  3.439938e-14 
  489.000  3.543058e+02  2.872272e+02  3.306454e-14 
  490.000  4.047076e+02  3.255783e+02  1.683405e-14 
  491.000  3.799101e+02  3.032971e+02  1.694642e-14 
  492.000  3.662165e+02  2.901413e+02  1.743099e-14 
  493.000  3.956358e+02  3.110773e+02  1.874843e-14 
  494.000  3.833698e+02  2.991595e+02 -1.687704e-14 
  495.000  4.110647e+02  3.183648e+02 -1.801835e-14 
  496.000  4.014584e+02  3.085957e+02 -8.767493e-14 
  497.000  3.905101e+02  2.979433e+02 -1.699701e-14 
  498.000  3.823288e+02  2.895382e+02 -1.658308e-14 
  499.000  3.824357e+02  2.874788e+02 -5.078090e-14 
  500.000  3.817723e+02  2.848691e+02  1.022247e-13 
  501.000  3.741946e+02  2.771678e+02 -3.213606e-14 
  502.000  3.727154e+02  2.740584e+02  6.610070e-14 
  503.000  3.959603e+02  2.890366e+02 -8.688928e-14 
  504.000  3.693460e+02  2.676592e+02  1.457958e-14 
  505.000  3.993816e+02  2.873398e+02 -3.629500e-14 
  506.000  4.287719e+02  3.062855e+02 -3.620385e-14 
  507.000  4.000772e+02  2.837601e+02  1.345553e-13 
  508.000  3.847662e+02  2.709736e+02  0.000000e+00 
  509.000  4.160733e+02  2.909613e+02  5.577473e-14 
  510.000  4.042672e+02  2.807239e+02  1.199059e-13 
  511.000  4.054702e+02  2.795926e+02 -5.271617e-14 
  512.000  4.266886e+02  2.921773e+02 -3.768287e-14 
  513.000  3.915424e+02  2.662541e+02 -1.491606e-14 
  514.000  3.843228e+02  2.595423e+02  4.714193e-14 
  515.000  3.933665e+02  2.638254e+02 -3.319744e-14 
  516.000  4.141936e+02  2.758898e+02 -3.483846e-14 
  517.000  3.057960e+02  2.022936e+02  8.887037e-16 
  518.000  3.794378e+02  2.492991e+02 -1.531399e-14 
  519.000  3.602774e+02  2.351036e+02  2.081898e-15 
  520.000  3.975274e+02  2.576584e+02 -1.480624e-14 
  521.000  3.986020e+02  2.566134e+02  6.380039e-14 
  522.000  4.152722e+02  2.655457e+02  9.944444e-14 
  523.000  3.876124e+02  2.461900e+02 -4.851441e-14 
  524.000  4.213700e+02  2.658382e+02  0.000000e+00 
  525.000  4.187997e+02  2.624497e+02 -1.659562e-14 
  526.000  3.999037e+02  2.489466e+02 -1.694296e-14 
  527.000  3.499807e+02  2.164250e+02  2.760982e-14 
  528.000  4.210813e+02  2.586732e+02 -6.630362e-14 
  529.000  4.338077e+02  2.647384e+02 -1.948983e-14 
  530.000  4.106401e+02  2.489601e+02  8.165541e-14 
  531.000  4.477751e+02  2.697057e+02 -3.504066e-14 
  532.000  4.279598e+02  2.561041e+02  6.803390e-14 
  533.000  3.766731e+02  2.239713e+02 -3.038026e-14 
  534.000  4.105170e+02  2.425551e+02  1.143729e-15 
  535.000  4.198096e+02  2.464965e+02 -1.623544e-14 
  536.000  4.464721e+02  2.605187e+02  1.844472e-14 
  537.000  4.151308e+02  2.407222e+02  2.290363e-15 
  538.000  4.354811e+02  2.509494e+02 -1.668192e-14 
  539.000  4.349498e+02  2.490841e+02 -5.103236e-14 
  540.000  4.265285e+02  2.427450e+02 -1.741203e-14 
  541.000  3.919149e+02  2.216655e+02  1.068757e-15 
  542.000  4.380611e+02  2.462363e+02  3.318681e-14 
  543.000  4.198586e+02  2.345524e+02 -3.172289e-14 
  544.000  4.437024e+02  2.463502e+02 -3.464170e-14 
  545.000  4.379203e+02  2.416509e+02 -5.057459e-14 
  546.000  4.289845e+02  2.352750e+02 -6.551973e-14 
  547.000  4.480492e+02  2.442377e+02 -3.594253e-14 
  548.000  4.164938e+02  2.256611e+02 -2.998567e-14 
  549.000  4.391415e+02  2.364959e+02  0.000000e+00 
  550.000  4.303178e+02  2.303489e+02  3.314435e-14 
  551.000  4.284660e+02  2.279781e+02 -1.704091e-14 
  552.000  4.478181e+02  2.368479e+02 -5.095045e-14 
  553.000  4.311092e+02  2.266481e+02  8.198339e-14 
  554.000  4.460517e+02  2.331068e+02  0.000000e+00 
  555.000  4.481642e+02  2.328202e+02  5.190524e-14 
  556.000  4.366323e+02  2.254865e+02 -3.327278e-14 
  557.000  4.244421e+02  2.178950e+02  1.119164e-15 
  558.000  4.413518e+02  2.252398e+02 -1.306432e-13 
  559.000  4.179042e+02  2.120188e+02  9.182181e-14 
  560.000  4.204420e+02  2.120517e+02 -2.964956e-14 
  561.000  4.628225e+02  2.320542e+02 -3.624171e-14 
  562.000  4.252210e+02  2.119132e+02 -1.552972e-14 
  563.000  4.455130e+02  2.207197e+02  1.742263e-14 
  564.000  4.397814e+02  2.165910e+02 -1.373358e-14 
  565.000  4.453366e+02  2.180067e+02  1.740555e-14 
  566.000  4.111394e+02  2.000903e+02 -2.151326e-15 
  567.000  4.407410e+02  2.131358e+02 -1.493845e-14 
  568.000  4.368087e+02  2.095811e+02 -3.338006e-14 
  569.000  4.211994e+02  2.003692e+02 -1.164150e-14 
  570.000  4.252109e+02  2.011837e+02  2.911777e-14 
  571.000  4.159905e+02  1.960753e+02 -3.178654e-14 
  572.000  4.349957e+02  2.034542e+02 -2.875754e-15 
  573.000  4.416714e+02  2.055066e+02 -9.915584e-15 
  574.000  4.402964e+02  2.037356e+02  3.797177e-16 
  575.000  4.298158e+02  1.977261e+02 -3.539728e-14 
  576.000  4.227036e+02  1.933547e+02  3.316051e-14 
  577.000  4.426916e+02  2.014293e+02 -1.631590e-14 
  578.000  4.326884e+02  1.960267e+02 -1.467151e-14 
  579.000  4.319533e+02  1.948040e+02  0.000000e+00 
  580.000  4.492624e+02  2.016583e+02 -3.349573e-14 
  581.000  4.444053e+02  1.986423e+02  1.469819e-14 
  582.000  4.534182e+02  2.017172e+02  6.648386e-14 
  583.000  4.581804e+02  2.027926e+02  0.000000e+00 
  584.000  4.582458e+02  2.017789e+02  3.330305e-14 
  585.000  4.564033e+02  1.999040e+02 -3.306182e-14 
  586.000  4.379955e+02  1.908349e+02  1.526313e-14 
  587.000  4.534677e+02  1.963320e+02  3.294685e-15 
  588.000  4.385045e+02  1.881345e+02  9.215704e-15 
  589.000  3.742961e+02  1.592610e+02  1.654543e-16 
  590.000  3.905312e+02  1.652726e+02 -1.384030e-14 
  591.000  4.270775e+02  1.801153e+02  5.834320e-14 
  592.000  4.137210e+02  1.734104e+02  3.070469e-14 
  593.000  4.317397e+02  1.804480e+02  9.864892e-15 
  594.000  4.335415e+02  1.801422e+02  2.981141e-15 
  595.000  4.169630e+02  1.720891e+02  1.210519e-14 
  596.000  4.411700e+02  1.815849e+02  7.291270e-15 
  597.000  4.403278e+02  1.801937e+02 -7.604371e-15 
  598.000  4.373615e+02  1.783003e+02 -1.507654e-14 
  599.000  4.403950e+02  1.787448e+02  7.895781e-15 
  600.000  4.460660e+02  1.804522e+02  4.993884e-15 
  601.000  4.474792e+02  1.803157e+02 -1.519884e-14 
  602.000  4.443267e+02  1.782576e+02  6.010958e-14 
  603.000  4.490052e+02  1.793450e+02  4.530848e-14 
  604.000  4.651591e+02  1.849571e+02  3.112108e-14 
  605.000  4.654887e+02  1.842080e+02  1.550756e-14 
  606.000  4.612439e+02  1.816289e+02 -4.705598e-14 
  607.000  4.597733e+02  1.801576e+02  4.676578e-14 
  608.000  4.591412e+02  1.790196e+02  9.096387e-14 
  609.000  4.554388e+02  1.766969e+02  8.998716e-14 
  610.000  4.491346e+02  1.733900e+02  1.059008e-15 
  611.000  4.574410e+02  1.757254e+02 -1.498028e-14 
  612.000  4.524751e+02  1.729613e+02 -6.016686e-14 
  613.000  4.468188e+02  1.699580e+02 -5.820968e-14 
  614.000  4.315862e+02  1.633563e+02  0.000000e+00 
  615.000  4.531969e+02  1.706946e+02  5.978625e-14 
  616.000  4.317710e+02  1.618272e+02 -2.790711e-14 
  617.000  4.350471e+02  1.622549e+02  7.113578e-14 
  618.000  4.563730e+02  1.693717e+02  8.914570e-14 
  619.000  4.529189e+02  1.672608e+02 -4.154155e-14 
  620.000  4.603145e+02  1.691532e+02 -1.687318e-14 
  621.000  4.688853e+02  1.714499e+02 -4.609393e-14 
  622.000  4.447025e+02  1.618000e+02  1.421196e-14 
  623.000  4.486344e+02  1.624143e+02 -5.831847e-14 
  624.000  4.495862e+02  1.619485e+02  4.404121e-14 
  625.000  4.378158e+02  1.569229e+02 -4.284672e-14 
  626.000  4.397542e+02  1.567750e+02  4.409079e-14 
  627.000  4.435268e+02  1.569838e+02 -4.399096e-14 
  628.000  4.268567e+02  1.497455e+02  3.890177e-14 
  629.000  4.438061e+02  1.552435e+02 -1.630188e-14 
  630.000  4.333444e+02  1.510746e+02 -5.441292e-15 
  631.000  4.521961e+02  1.570576e+02 -1.417278e-14 
  632.000  4.189789e+02  1.446617e+02  3.114843e-14 
  633.000  4.554659e+02  1.567997e+02  0.000000e+00 
  634.000  4.444323e+02  1.524284e+02  1.004937e-15 
  635.000  4.537177e+02  1.549028e+02  1.423504e-14 
  636.000  4.396193e+02  1.494790e+02  0.000000e+00 
  637.000  4.558427e+02  1.543401e+02  1.015212e-15 
  638.000  4.661837e+02  1.573118e+02 -4.501543e-14 
  639.000  4.636047e+02  1.557457e+02  7.297575e-14 
  640.000  4.511723e+02  1.509768e+02 -4.115098e-14 
  641.000  4.586679e+02  1.527885e+02 -2.880455e-14 
  642.000  4.548459e+02  1.508952e+02  1.371807e-14 
  643.000  4.622858e+02  1.525454e+02  5.587422e-14 
  644.000  4.578563e+02  1.504014e+02 -9.908164e-16 
  645.000  4.604788e+02  1.504647e+02 -7.778159e-14 
  646.000  4.344605e+02  1.408529e+02 -4.347962e-14 
  647.000  4.346476e+02  1.400655e+02  5.581164e-15 
  648.000  4.274124e+02  1.369505e+02  1.835580e-14 
  649.000  4.428564e+02  1.414127e+02  1.101718e-14 
  650.000  4.223851e+02  1.346861e+02 -5.255119e-15 
  651.000  4.556584e+02  1.446479e+02  1.689037e-14 
  652.000  4.369190e+02  1.377129e+02  7.779996e-15 
  653.000  4.588705e+02  1.444558e+02 -7.593995e-15 
  654.000  4.521901e+02  1.416599e+02  7.402188e-15 
  655.000  4.365126e+02  1.359696e+02 -1.135352e-15 
  656.000  3.724485e+02  1.155529e+02 -2.087852e-15 
  657.000  4.002674e+02  1.237276e+02  5.315842e-15 
  658.000  4.506830e+02  1.389017e+02  1.297910e-14 
  659.000  4.548736e+02  1.397158e+02  2.311821e-14 
  660.000  4.601892e+02  1.407951e+02 -3.716272e-14 
  661.000  4.659283e+02  1.420977e+02  9.611078e-14 
  662.000  4.747421e+02  1.442624e+02 -2.935146e-15 
  663.000  4.698955e+02  1.421462e+02 -2.888426e-14 
  664.000  4.635641e+02  1.396589e+02 -2.935420e-14 
  665.000  4.667158e+02  1.400323e+02 -5.415024e-14 
  666.000  4.735810e+02  1.415208e+02  1.344783e-14 
  667.000  4.652371e+02  1.384573e+02  6.680337e-14 
  668.000  4.691346e+02  1.390594e+02  9.359751e-14 
  669.000  4.768535e+02  1.407623e+02  0.000000e+00 
  670.000  4.720083e+02  1.387490e+02  5.490534e-14 
  671.000  4.679062e+02  1.369723e+02  0.000000e+00 
  672.000  4.671864e+02  1.361888e+02  4.010178e-14 
  673.000  4.713283e+02  1.368213e+02  4.037101e-14 
  674.000  4.730326e+02  1.367424e+02  5.453860e-14 
  675.000  4.665849e+02  1.343167e+02 -1.202516e-14 
  676.000  4.761554e+02  1.365009e+02 -1.414171e-14 
  677.000  4.674157e+02  1.334386e+02  2.585443e-14 
  678.000  4.758911e+02  1.352952e+02 -1.407931e-14 
  679.000  4.697757e+02  1.329962e+02 -1.387625e-14 
  680.000  4.663255e+02  1.314370e+02  2.569556e-14 
  681.000  4.670210e+02  1.310529e+02 -4.043951e-14 
  682.000  4.664916e+02  1.303511e+02  2.566779e-14 
  683.000  4.699826e+02  1.307634e+02 -9.275639e-16 
  684.000  4.612484e+02  1.277415e+02 -1.360391e-14 
  685.000  4.676230e+02  1.290139e+02  1.190411e-14 
  686.000  4.458647e+02  1.223899e+02  1.766904e-15 
  687.000  3.643708e+02  9.862827e+01  8.803086e-15 
  688.000  3.907907e+02  1.055469e+02  1.692874e-14 
  689.000  3.842004e+02  1.032983e+02 -2.094361e-15 
  690.000  4.001447e+02  1.072272e+02 -2.488107e-15 
  691.000  4.184923e+02  1.118084e+02  6.256580e-15 
  692.000  4.231603e+02  1.126387e+02 -2.989422e-14 
  693.000  4.108966e+02  1.087216e+02 -4.796452e-16 
  694.000  3.995277e+02  1.051580e+02 -2.796450e-15 
  695.000  4.029231e+02  1.056890e+02 -1.336324e-14 
  696.000  4.142325e+02  1.082761e+02  5.948042e-15 
  697.000  4.449408e+02  1.163224e+02  5.690351e-15 
  698.000  4.306987e+02  1.119991e+02  5.183496e-15 
  699.000  4.121609e+02  1.064325e+02 -2.030562e-14 
  700.000  4.118456e+02  1.059537e+02  2.141247e-14 
  701.000  3.971670e+02  1.017331e+02  1.285710e-14 
  702.000  3.996635e+02  1.019991e+02  2.255708e-14 
  703.000  4.274834e+02  1.089271e+02  4.087715e-15 
  704.000  4.300146e+02  1.091596e+02 -1.486560e-14 
  705.000  4.244334e+02  1.071891e+02 -6.239124e-15 
  706.000  4.220330e+02  1.061892e+02  1.118059e-14 
  707.000  4.192035e+02  1.051093e+02 -5.498108e-15 
  708.000  4.353011e+02  1.087764e+02  2.125252e-14 
  709.000  4.272621e+02  1.064875e+02 -5.999760e-15 
  710.000  4.296630e+02  1.065248e+02 -2.345549e-14 
  711.000  4.334705e+02  1.071953e+02  2.089426e-14 
  712.000  4.343731e+02  1.071599e+02  4.173455e-15 
  713.000  4.274123e+02  1.048984e+02  2.737773e-14 
  714.000  4.329955e+02  1.058091e+02  2.982483e-14 
  715.000  4.093640e+02  9.948853e+01  2.904698e-14 
  716.000  4.107462e+02  9.929488e+01 -1.192466e-14 
  717.000  3.455149e+02  8.261778e+01 -1.435376e-15 
  718.000  3.122468e+02  7.364761e+01 -3.267294e-15 
  719.000  2.978311e+02  6.975614e+01 -5.051959e-15 
  720.000  2.846841e+02  6.621725e+01  3.764823e-15 
  721.000  3.569520e+02  8.427374e+01  7.384670e-15 
  722.000  3.908574e+02  9.217350e+01  6.298829e-16 
  723.000  3.739380e+02  8.775399e+01 -2.636997e-15 
  724.000  3.319956e+02  7.687117e+01  1.194548e-14 
  725.000  3.346101e+02  7.732325e+01  5.996453e-15 
  726.000  3.322853e+02  7.645155e+01  1.056643e-15 
  727.000  3.435961e+02  7.890334e+01 -5.530284e-16 
  728.000  3.314307e+02  7.567488e+01  0.000000e+00 
  729.000  3.343568e+02  7.642219e+01 -3.008413e-18 
  730.000  3.442579e+02  7.834466e+01 -7.982679e-16 
  731.000  3.356165e+02  7.603165e+01 -3.088348e-15 
  732.000  3.707543e+02  8.416592e+01  1.817530e-14 
  733.000  3.937457e+02  8.926792e+01 -4.591253e-16 
  734.000  4.165910e+02  9.425761e+01 -3.654394e-14 
  735.000  4.085857e+02  9.205685e+01 -1.212851e-14 
  736.000  3.922127e+02  8.797363e+01 -4.508090e-15 
  737.000  4.045927e+02  9.047488e+01 -2.591453e-14 
  738.000  4.133704e+02  9.220795e+01  7.332668e-15 
  739.000  4.043146e+02  8.992000e+01 -1.334235e-14 
  740.000  4.175460e+02  9.270122e+01 -2.145875e-14 
  741.000  4.197823e+02  9.298843e+01  1.378614e-14 
  742.000  4.153357e+02  9.172815e+01 -1.223811e-14 
  743.000  4.327873e+02  9.538605e+01  2.021313e-14 
  744.000  4.392943e+02  9.651839e+01  8.024741e-16 
  745.000  4.298212e+02  9.415697e+01  4.275531e-14 
  746.000  4.373380e+02  9.550278e+01  0.000000e+00 
  747.000  4.447307e+02  9.677254e+01  2.241001e-14 
  748.000  4.378938e+02  9.497791e+01 -2.357037e-14 
  749.000  4.388050e+02  9.484792e+01  0.000000e+00 
  750.000  4.322910e+02  9.308603e+01  4.489799e-14 
  751.000  4.316051e+02  9.260593e+01  4.322672e-14 
  752.000  4.395029e+02  9.399683e+01 -2.351347e-14 
  753.000  4.360431e+02  9.293538e+01 -2.172798e-14 
  754.000  4.434532e+02  9.418475e+01 -1.584226e-15 
  755.000  4.413365e+02  9.340239e+01 -3.369264e-14 
  756.000  4.331290e+02  9.134115e+01  1.106143e-13 
  757.000  4.366671e+02  9.176018e+01  1.160818e-14 
  758.000  4.353275e+02  9.112209e+01  7.810789e-14 
  759.000  3.781826e+02  7.823737e+01 -8.853302e-15 
  760.000  9.464502e+01  1.867666e+01  9.998494e-19 
  761.000  7.677164e+01  1.503113e+01  3.368158e-16 
  762.000  2.069096e+02  4.136431e+01  7.511748e-15 
  763.000  1.644892e+02  3.267970e+01 -3.931444e-15 
  764.000  1.883758e+02  3.735300e+01 -6.428131e-17 
  765.000  2.471309e+02  4.901594e+01  2.399063e-16 
  766.000  3.087617e+02  6.206158e+01  5.737785e-15 
  767.000  3.533840e+02  7.102440e+01 -8.705427e-15 
  768.000  3.954045e+02  7.939297e+01 -1.523556e-14 
  769.000  4.127293e+02  8.284747e+01  1.134341e-15 
  770.000  4.202224e+02  8.423119e+01 -5.485202e-15 
  771.000  4.252605e+02  8.504049e+01 -9.686897e-15 
  772.000  4.249631e+02  8.471379e+01 -1.928979e-14 
  773.000  4.239518e+02  8.423083e+01  3.178162e-14 
  774.000  4.292488e+02  8.499989e+01  3.210705e-14 
  775.000  4.137206e+02  8.165115e+01  0.000000e+00 
  776.000  4.313156e+02  8.483875e+01 -9.717889e-15 
  777.000  4.286163e+02  8.401711e+01  1.114313e-14 
  778.000  4.264883e+02  8.330772e+01  0.000000e+00 
  779.000  4.280458e+02  8.332029e+01 -1.112076e-14 
  780.000  4.229179e+02  8.203557e+01 -5.197661e-14 
  781.000  4.229372e+02  8.177594e+01 -2.995386e-14 
  782.000  4.281867e+02  8.250311e+01 -1.486701e-15 
  783.000  4.183449e+02  8.032772e+01  4.335332e-14 
  784.000  4.206726e+02  8.048982e+01  4.068350e-14 
  785.000  4.203121e+02  8.008322e+01  4.228513e-14 
  786.000  4.106327e+02  7.787534e+01  0.000000e+00 
  787.000  4.110764e+02  7.754614e+01  1.062913e-14 
  788.000  4.020182e+02  7.550372e+01  1.798349e-14 
  789.000  3.935638e+02  7.346239e+01 -1.708177e-14 
  790.000  3.888144e+02  7.231695e+01 -2.977859e-14 
  791.000  3.890513e+02  7.214759e+01  2.779200e-14 
  792.000  3.849818e+02  7.118418e+01  1.479010e-14 
  793.000  3.892016e+02  7.180337e+01  1.325012e-15 
  794.000  3.946252e+02  7.277679e+01 -1.663725e-14 
  795.000  3.870591e+02  7.100562e+01  4.001539e-15 
  796.000  3.787703e+02  6.901231e+01 -6.189826e-15 
  797.000  3.856574e+02  7.008802e+01 -2.040195e-14 
  798.000  3.956920e+02  7.183955e+01 -1.104069e-14 
  799.000  3.933828e+02  7.114076e+01  7.530913e-15 
  800.000  3.765238e+02  6.775705e+01 -5.250265e-15 
  801.000  3.845367e+02  6.898218e+01  4.749647e-15 
  802.000  3.832924e+02  6.852283e+01 -1.373569e-15 
  803.000  3.790024e+02  6.754758e+01 -4.769709e-15 
  804.000  3.859099e+02  6.860402e+01 -2.177959e-14 
  805.000  3.816667e+02  6.774091e+01 -3.006373e-14 
  806.000  3.959903e+02  7.013685e+01 -1.549783e-14 
  807.000  3.939940e+02  6.955853e+01 -4.551126e-15 
  808.000  3.896342e+02  6.851555e+01  2.361187e-15 
  809.000  3.806203e+02  6.665823e+01  3.145230e-14 
  810.000  3.762057e+02  6.561630e+01 -7.541809e-15 
  811.000  3.764420e+02  6.535145e+01  1.976464e-16 
  812.000  3.672993e+02  6.346328e+01  2.499378e-15 
  813.000  3.561832e+02  6.126805e+01  5.059365e-16 
  814.000  3.431729e+02  5.878010e+01 -1.173546e-15 
  815.000  3.242021e+02  5.528105e+01 -8.468463e-16 
  816.000  3.027171e+02  5.129082e+01  7.711960e-15 
  817.000  3.055231e+02  5.160492e+01 -2.733206e-15 
  818.000  3.052653e+02  5.141271e+01 -3.021431e-17 
  819.000  3.033017e+02  5.098643e+01  5.338914e-15 
  820.000  3.178696e+02  5.337290e+01  1.593385e-14 
  821.000  3.533495e+02  5.924863e+01 -9.320175e-15 
  822.000  3.251441e+02  5.426276e+01  1.853928e-15 
  823.000  2.807005e+02  4.629601e+01 -6.427887e-15 
  824.000  3.267832e+02  5.417567e+01 -1.650809e-15 
  825.000  3.549056e+02  5.877650e+01  1.963279e-14 
  826.000  3.525949e+02  5.818755e+01 -9.016484e-15 
  827.000  3.479508e+02  5.722018e+01  5.688733e-15 
  828.000  3.287249e+02  5.383016e+01  0.000000e+00 
  829.000  3.353267e+02  5.475451e+01  6.502731e-15 
  830.000  3.376137e+02  5.497979e+01 -2.992442e-15 
  831.000  3.336281e+02  5.417099e+01  1.095234e-15 
  832.000  3.415696e+02  5.530048e+01 -1.587365e-15 
  833.000  3.353698e+02  5.415125e+01  7.604096e-15 
  834.000  3.456183e+02  5.566928e+01 -2.439613e-15 
  835.000  3.564506e+02  5.733833e+01 -7.232333e-15 
  836.000  3.576099e+02  5.731175e+01  1.786770e-14 
  837.000  3.545533e+02  5.664550e+01 -8.082832e-15 
  838.000  3.608362e+02  5.752711e+01 -1.122093e-14 
  839.000  3.525974e+02  5.608003e+01  1.009971e-14 
  840.000  3.632606e+02  5.761288e+01 -5.875911e-15 
  841.000  3.612950e+02  5.707949e+01  1.556288e-14 
  842.000  3.619685e+02  5.704927e+01 -8.819756e-15 
  843.000  3.661500e+02  5.764571e+01  2.405698e-14 
  844.000  3.631668e+02  5.706199e+01  1.072687e-14 
  845.000  3.702187e+02  5.802190e+01  5.051659e-15 
  846.000  3.751219e+02  5.864404e+01  1.659400e-14 
  847.000  3.637626e+02  5.671605e+01  6.127496e-16 
  848.000  3.721768e+02  5.780028e+01  8.080477e-15 
  849.000  3.733335e+02  5.780901e+01  9.222984e-15 
  850.000  3.218267e+02  4.965412e+01  6.498995e-15 
  851.000  3.673666e+02  5.647314e+01 -3.151754e-15 
  852.000  3.537226e+02  5.421220e+01 -1.021673e-14 
  853.000  3.603273e+02  5.511011e+01  1.621633e-14 
  854.000  2.897179e+02  4.417329e+01 -1.710146e-14 
  855.000  3.201091e+02  4.868387e+01 -5.281914e-15 
  856.000  3.656697e+02  5.549513e+01  9.123049e-15 
  857.000  3.726739e+02  5.641772e+01 -9.882013e-15 
  858.000  3.674126e+02  5.546868e+01  1.760914e-14 
  859.000  3.686212e+02  5.551740e+01  0.000000e+00 
  860.000  3.659835e+02  5.496865e+01 -3.484903e-14 
  861.000  3.661889e+02  5.483576e+01  7.805052e-15 
  862.000  3.654537e+02  5.456946e+01 -1.796077e-14 
  863.000  3.726370e+02  5.547510e+01  7.925786e-15 
  864.000  3.723125e+02  5.526776e+01 -2.494875e-14 
  865.000  3.657387e+02  5.413479e+01  3.344061e-14 
  866.000  3.069501e+02  4.529762e+01 -4.308117e-14 
  867.000  3.269549e+02  4.810320e+01 -2.987125e-14 
  868.000  3.547605e+02  5.203802e+01 -8.680518e-15 
  869.000  3.499877e+02  5.118579e+01 -1.711692e-14 
  870.000  3.645063e+02  5.314740e+01  3.326035e-14 
  871.000  3.641975e+02  5.294530e+01  0.000000e+00 
  872.000  3.630421e+02  5.262452e+01  0.000000e+00 
  873.000  3.644593e+02  5.266675e+01  3.321299e-14 
  874.000  3.565110e+02  5.136157e+01  2.494921e-14 
  875.000  3.533401e+02  5.075226e+01 -2.356513e-14 
  876.000  3.562693e+02  5.101665e+01  2.493258e-14 
  877.000  3.633894e+02  5.187808e+01  1.655920e-14 
  878.000  3.566641e+02  5.074717e+01 -1.570259e-14 
  879.000  3.575769e+02  5.072498e+01  8.162961e-15 
  880.000  3.551026e+02  5.020762e+01  8.121130e-15 
  881.000  3.364503e+02  4.742029e+01 -1.540367e-14 
  882.000  3.549167e+02  4.986656e+01 -1.626032e-14 
  883.000  3.471856e+02  4.864500e+01 -1.645436e-14 
  884.000  3.503870e+02  4.895272e+01  0.000000e+00 
  885.000  3.529832e+02  4.913523e+01 -8.101664e-15 
  886.000  3.401612e+02  4.718150e+01 -1.743145e-14 
  887.000  3.378776e+02  4.674661e+01 -7.759588e-15 
  888.000  3.480360e+02  4.800855e+01 -2.455190e-14 
  889.000  3.508444e+02  4.826439e+01 -8.620577e-15 
  890.000  3.488119e+02  4.781522e+01 -1.662644e-14 
  891.000  3.451048e+02  4.713341e+01  9.101830e-15 
  892.000  3.393475e+02  4.611858e+01 -1.565494e-15 
  893.000  3.126875e+02  4.218957e+01  4.954750e-15 
  894.000  3.159094e+02  4.243783e+01  2.950947e-15 
  895.000  2.796195e+02  3.739190e+01 -1.034449e-15 
  896.000  2.702267e+02  3.596901e+01  2.972151e-15 
  897.000  2.437057e+02  3.216169e+01 -2.492434e-17 
  898.000  2.349548e+02  3.079607e+01  1.164609e-15 
  899.000  2.107994e+02  2.729498e+01  2.079879e-15 
  900.000  2.086669e+02  2.696447e+01  9.547615e-16 
  901.000  1.986050e+02  2.554765e+01  7.830885e-16 
  902.000  1.963309e+02  2.519678e+01  8.736801e-17 
  903.000  2.474476e+02  3.216164e+01  2.168375e-15 
  904.000  2.783590e+02  3.620702e+01  5.034016e-15 
  905.000  2.769390e+02  3.592895e+01 -3.895145e-15 
  906.000  2.529803e+02  3.268016e+01 -9.258793e-16 
  907.000  2.288573e+02  2.918801e+01 -1.933024e-15 
  908.000  2.054925e+02  2.595670e+01  1.031045e-15 
  909.000  2.026170e+02  2.552358e+01  1.271894e-15 
  910.000  2.075733e+02  2.609463e+01 -1.114471e-15 
  911.000  2.183436e+02  2.749446e+01 -1.199116e-17 
  912.000  2.133994e+02  2.673394e+01  6.318300e-16 
  913.000  1.950521e+02  2.421168e+01 -1.001344e-15 
  914.000  2.052292e+02  2.546470e+01  3.834144e-15 
  915.000  2.108572e+02  2.616926e+01 -8.311304e-17 
  916.000  2.161958e+02  2.678512e+01 -1.305997e-15 
  917.000  2.181370e+02  2.701063e+01  7.532663e-16 
  918.000  2.239111e+02  2.773432e+01  1.740179e-19 
  919.000  2.509332e+02  3.126349e+01 -1.828663e-15 
  920.000  2.677506e+02  3.333656e+01 -2.093293e-15 
  921.000  2.580186e+02  3.203662e+01  1.090805e-17 
  922.000  2.554975e+02  3.163677e+01  4.261993e-15 
  923.000  2.399333e+02  2.961515e+01 -5.706181e-15 
  924.000  2.380144e+02  2.923018e+01 -1.336247e-15 
  925.000  2.399000e+02  2.936138e+01  1.473306e-15 
  926.000  2.301998e+02  2.806822e+01 -2.068089e-15 
  927.000  2.242191e+02  2.710635e+01 -1.022933e-15 
  928.000  2.042155e+02  2.438132e+01 -2.778857e-15 
  929.000  1.732064e+02  2.046595e+01  4.100543e-16 
  930.000  1.409206e+02  1.658764e+01  4.747783e-16 
  931.000  1.101205e+02  1.295110e+01 -2.380120e-16 
  932.000  7.478878e+01  8.756520e+00 -1.129630e-16 
  933.000  5.546808e+01  6.479649e+00 -3.324433e-16 
  934.000  3.917394e+01  4.632873e+00 -2.829612e-17 
  935.000  3.692088e+01  4.370505e+00  2.789010e-17 
  936.000  4.187860e+01  4.901154e+00  1.578233e-38 
  937.000  4.169063e+01  4.870965e+00 -2.204489e-16 
  938.000  6.011449e+01  6.917446e+00  5.568299e-17 
  939.000  1.294888e+02  1.478832e+01  2.224501e-16 
  940.000  1.422659e+02  1.618056e+01 -8.903933e-16 
  941.000  1.285796e+02  1.461155e+01 -4.180399e-16 
  942.000  1.002147e+02  1.141172e+01 -2.085964e-16 
  943.000  7.109618e+01  8.067260e+00 -5.088761e-17 
  944.000  6.688004e+01  7.566681e+00  5.670827e-17 
  945.000  7.824022e+01  8.844425e+00 -1.082922e-16 
  946.000  8.027605e+01  9.049726e+00  1.306524e-18 
  947.000  9.125639e+01  1.026528e+01  1.037238e-16 
  948.000  9.895854e+01  1.109872e+01  2.192662e-16 
  949.000  9.881155e+01  1.105509e+01 -2.049378e-16 
  950.000  1.001761e+02  1.117703e+01  3.632271e-27 
  951.000  1.163678e+02  1.292224e+01  4.328239e-16 
  952.000  9.935499e+01  1.103071e+01  3.180680e-16 
  953.000  1.117795e+02  1.236716e+01 -1.028334e-17 
  954.000  1.253189e+02  1.380731e+01  8.368681e-25 
  955.000  1.069735e+02  1.177946e+01  3.994796e-16 
  956.000  1.126204e+02  1.238113e+01 -4.310485e-16 
  957.000  1.510058e+02  1.650731e+01 -4.243904e-16 
  958.000  1.583734e+02  1.727886e+01 -6.255672e-16 
  959.000  1.525978e+02  1.661471e+01  3.788341e-16 
  960.000  1.496573e+02  1.625974e+01  1.129117e-15 
  961.000  1.450681e+02  1.572740e+01 -2.004922e-17 
  962.000  1.492558e+02  1.614158e+01 -1.220565e-15 
  963.000  1.728329e+02  1.867052e+01 -7.340935e-16 
  964.000  1.747367e+02  1.884410e+01 -1.549123e-15 
  965.000  1.749102e+02  1.881035e+01 -9.608155e-16 
  966.000  1.715795e+02  1.841432e+01 -8.549956e-16 
  967.000  1.954922e+02  2.105119e+01  6.078094e-16 
  968.000  2.268197e+02  2.470396e+01 -3.693945e-15 
  969.000  2.446870e+02  2.663277e+01 -2.420947e-15 
  970.000  2.465051e+02  2.676641e+01 -1.036636e-15 
  971.000  2.440441e+02  2.643004e+01  3.952110e-16 
  972.000  2.411240e+02  2.603711e+01  5.249313e-15 
  973.000  2.284587e+02  2.457173e+01  1.110305e-16 
  974.000  2.128696e+02  2.274859e+01 -1.632722e-15 
  975.000  2.063851e+02  2.191971e+01  3.519443e-16 
  976.000  2.184185e+02  2.323439e+01 -3.043003e-15 
  977.000  2.287709e+02  2.436753e+01 -3.942404e-15 
  978.000  2.333203e+02  2.478749e+01  3.177635e-15 
  979.000  2.309917e+02  2.449259e+01  2.705211e-16 
  980.000  2.515542e+02  2.662489e+01  2.773580e-15 
  981.000  2.574345e+02  2.718503e+01  2.628820e-15 
  982.000  2.531969e+02  2.666854e+01 -3.940998e-15 
  983.000  2.618394e+02  2.752603e+01 -1.243717e-15 
  984.000  2.697894e+02  2.832673e+01  8.640780e-15 
  985.000  2.753246e+02  2.886808e+01 -5.027070e-15 
  986.000  2.803756e+02  2.938308e+01  4.780572e-15 
  987.000  2.868885e+02  3.002165e+01 -1.846639e-15 
  988.000  2.842036e+02  2.967198e+01 -4.537198e-15 
  989.000  2.811632e+02  2.928358e+01 -7.363030e-15 
  990.000  2.844161e+02  2.955388e+01 -1.162382e-15 
  991.000  2.895413e+02  3.004121e+01  7.597495e-15 
  992.000  2.877121e+02  2.978305e+01 -1.444889e-14 
  993.000  2.880667e+02  2.974531e+01  8.234464e-16 
  994.000  2.919324e+02  3.009181e+01 -6.418202e-15 
  995.000  2.915186e+02  2.999683e+01  4.573478e-16 
  996.000  2.915145e+02  2.991739e+01  6.825977e-15 
  997.000  2.908007e+02  2.974872e+01 -6.834035e-15 
  998.000  2.885932e+02  2.942627e+01 -1.951637e-14 
  999.000  2.876212e+02  2.925251e+01 -4.447601e-15 
 1000.000  2.856145e+02  2.896858e+01 -1.347673e-14 
 1001.000  2.848827e+02  2.879417e+01  1.021305e-14 
 1002.000  2.805719e+02  2.823799e+01  8.717676e-15 
 1003.000  2.782921e+02  2.794566e+01 -3.697258e-15 
 1004.000  2.782697e+02  2.789676e+01 -9.658375e-17 
 1005.000  2.609276e+02  2.610186e+01  2.800195e-15 
 1006.000  2.750073e+02  2.744265e+01  3.016385e-15 
 1007.000  2.793345e+02  2.779234e+01 -8.267441e-15 
 1008.000  2.774040e+02  2.749160e+01  7.243406e-15 
 1009.000  2.715872e+02  2.680362e+01 -3.298065e-15 
 1010.000  2.745398e+02  2.704243e+01 -1.465678e-14 
 1011.000  2.775851e+02  2.732009e+01 -8.784856e-15 
 1012.000  2.794615e+02  2.745439e+01 -8.834408e-15 
 1013.000  2.788319e+02  2.733888e+01  7.429820e-15 
 1014.000  2.812579e+02  2.751289e+01  5.109821e-15 
 1015.000  2.761021e+02  2.693218e+01  6.487363e-15 
 1016.000  2.785485e+02  2.710982e+01  6.528018e-15 
 1017.000  2.762158e+02  2.681856e+01 -1.852344e-14 
 1018.000  2.791136e+02  2.701818e+01 -6.548684e-15 
 1019.000  2.714563e+02  2.619666e+01 -8.757769e-15 
 1020.000  2.714567e+02  2.613572e+01  3.676115e-15 
 1021.000  2.751530e+02  2.643048e+01  0.000000e+00 
 1022.000  2.694487e+02  2.579924e+01 -3.473186e-15 
 1023.000  2.731939e+02  2.607178e+01  3.506842e-15 
 1024.000  2.709748e+02  2.578280e+01  1.980294e-14 
 1025.000  2.736467e+02  2.600365e+01 -1.784228e-14 
 1026.000  2.750986e+02  2.608323e+01 -6.446554e-15 
 1027.000  2.731276e+02  2.583009e+01 -1.266356e-14 
 1028.000  2.741277e+02  2.585655e+01 -1.284669e-14 
 1029.000  2.711511e+02  2.552824e+01 -5.898765e-15 
 1030.000  2.750068e+02  2.584171e+01  1.233800e-14 
 1031.000  2.747329e+02  2.575841e+01 -1.695226e-14 
 1032.000  2.742485e+02  2.565369e+01  5.912950e-15 
 1033.000  2.693908e+02  2.513660e+01  5.804000e-15 
 1034.000  2.725370e+02  2.536880e+01 -1.172928e-14 
 1035.000  2.698067e+02  2.505210e+01  1.202068e-14 
 1036.000  2.733371e+02  2.531483e+01 -1.217843e-14 
 1037.000  2.676715e+02  2.472739e+01  2.877315e-14 
 1038.000  2.704571e+02  2.492215e+01  1.743328e-14 
 1039.000  2.714530e+02  2.494702e+01  6.254910e-15 
 1040.000  2.681705e+02  2.458024e+01 -5.353726e-15 
 1041.000  2.695325e+02  2.464004e+01  1.822997e-14 
 1042.000  2.703441e+02  2.465046e+01  5.816397e-15 
 1043.000  2.657282e+02  2.416772e+01  0.000000e+00 
 1044.000  2.683281e+02  2.434050e+01  1.196147e-14 
 1045.000  2.669505e+02  2.414896e+01 -1.725290e-14 
 1046.000  2.590497e+02  2.337148e+01  0.000000e+00 
 1047.000  2.636918e+02  2.372729e+01 -1.747634e-14 
 1048.000  2.661974e+02  2.388953e+01  0.000000e+00 
 1049.000  2.643659e+02  2.366290e+01 -6.124655e-15 
 1050.000  2.625519e+02  2.343627e+01 -5.274415e-15 
 1051.000  2.622317e+02  2.334134e+01 -4.082100e-16 
 1052.000  2.607905e+02  2.314991e+01 -1.698333e-14 
 1053.000  2.608670e+02  2.309688e+01  5.664059e-15 
 1054.000  2.578149e+02  2.276194e+01  6.011484e-15 
 1055.000  2.593784e+02  2.283554e+01 -5.652995e-15 
 1056.000  2.583973e+02  2.268630e+01 -6.450715e-15 
 1057.000  2.572102e+02  2.251221e+01  5.637252e-15 
 1058.000  2.531568e+02  2.207879e+01  2.995160e-15 
 1059.000  2.453017e+02  2.134101e+01  2.900889e-15 
 1060.000  2.548502e+02  2.212711e+01  6.005584e-15 
 1061.000  2.457876e+02  2.129012e+01 -5.408487e-15 
 1062.000  2.518203e+02  2.175108e+01  2.982661e-15 
 1063.000  2.473428e+02  2.131359e+01  2.933772e-15 
 1064.000  2.499517e+02  2.148033e+01 -8.925316e-15 
 1065.000  2.487565e+02  2.131620e+01  2.775010e-15 
 1066.000  2.412395e+02  2.062746e+01 -5.572252e-15 
 1067.000  2.466205e+02  2.103458e+01 -2.953059e-15 
 1068.000  2.440395e+02  2.075296e+01 -1.991175e-15 
 1069.000  2.247961e+02  1.906346e+01 -2.489464e-15 
 1070.000  2.384175e+02  2.017619e+01 -4.519140e-15 
 1071.000  2.377290e+02  2.006150e+01  6.466755e-17 
 1072.000  2.373564e+02  1.997513e+01  3.779731e-15 
 1073.000  2.293757e+02  1.925943e+01 -5.087595e-15 
 1074.000  2.376669e+02  1.991397e+01  1.987057e-15 
 1075.000  2.320522e+02  1.941680e+01 -2.602266e-15 
 1076.000  2.360857e+02  1.970124e+01 -1.195357e-15 
 1077.000  2.341584e+02  1.948570e+01 -2.158123e-15 
 1078.000  2.331620e+02  1.934780e+01  6.646273e-17 
 1079.000  2.239428e+02  1.854099e+01  2.745923e-15 
 1080.000  2.260539e+02  1.864942e+01  5.372597e-15 
 1081.000  2.175580e+02  1.790881e+01  1.991122e-16 
 1082.000  2.223254e+02  1.827131e+01 -1.598688e-15 
 1083.000  2.140397e+02  1.754084e+01 -2.517693e-15 
 1084.000  2.196162e+02  1.794898e+01  1.913671e-16 
 1085.000  2.106663e+02  1.716729e+01  1.283829e-15 
 1086.000  2.148587e+02  1.747283e+01  2.002993e-15 
 1087.000  2.080846e+02  1.690203e+01 -6.357827e-15 
 1088.000  2.210547e+02  1.791846e+01 -2.571978e-15 
 1089.000  2.046174e+02  1.652978e+01 -6.099830e-16 
 1090.000  2.075313e+02  1.672633e+01  1.547883e-15 
 1091.000  2.104023e+02  1.692188e+01  2.097172e-15 
 1092.000  2.015419e+02  1.616918e+01 -1.682144e-15 
 1093.000  1.904324e+02  1.523909e+01 -2.056080e-15 
 1094.000  1.699533e+02  1.356637e+01  2.186628e-16 
 1095.000  1.845016e+02  1.469553e+01  2.383689e-16 
 1096.000  1.841521e+02  1.463343e+01  2.411478e-16 
 1097.000  1.799110e+02  1.425975e+01  7.029173e-17 
 1098.000  1.578352e+02  1.237185e+01 -4.960636e-16 
 1099.000  1.418685e+02  1.099077e+01  3.160131e-17 
 1100.000  1.453162e+02  1.123787e+01  7.464756e-16 
