  400.000  2.673838e+02  3.647221e+02 -4.572108e-14 
  401.000  2.670811e+02  3.607199e+02  1.561952e-14 
  402.000  2.844298e+02  3.803979e+02  5.331947e-14 
  403.000  2.676705e+02  3.545149e+02 -1.539859e-14 
  404.000  2.889963e+02  3.790805e+02  3.077366e-14 
  405.000  2.662525e+02  3.459148e+02  4.319945e-14 
  406.000  2.654478e+02  3.416072e+02  1.341100e-14 
  407.000  2.596922e+02  3.310648e+02  4.919832e-14 
  408.000  2.825822e+02  3.568928e+02 -8.852443e-14 
  409.000  3.141465e+02  3.930928e+02  8.157845e-14 
  410.000  2.637667e+02  3.270269e+02 -2.058650e-14 
  411.000  3.110447e+02  3.821355e+02  8.628674e-14 
  412.000  3.236287e+02  3.940047e+02 -3.240670e-14 
  413.000  3.069654e+02  3.703713e+02 -3.215733e-14 
  414.000  3.024704e+02  3.616959e+02 -6.928818e-15 
  415.000  3.238786e+02  3.838830e+02  2.494564e-14 
  416.000  3.231661e+02  3.796851e+02 -3.144637e-14 
  417.000  3.145423e+02  3.663409e+02  6.838380e-14 
  418.000  3.088658e+02  3.566257e+02 -1.006976e-14 
  419.000  3.176259e+02  3.635982e+02 -6.481458e-15 
  420.000  2.698411e+02  3.062701e+02 -6.386431e-15 
  421.000  3.393209e+02  3.818811e+02 -4.958212e-14 
  422.000  3.263172e+02  3.641734e+02 -6.315570e-14 
  423.000  2.765823e+02  3.061058e+02  3.942375e-14 
  424.000  3.053033e+02  3.351072e+02  5.052748e-16 
  425.000  3.173024e+02  3.454229e+02  1.453560e-14 
  426.000  3.060679e+02  3.304809e+02  7.863244e-14 
  427.000  2.954082e+02  3.163937e+02 -1.336433e-14 
  428.000  3.001345e+02  3.188769e+02  2.747476e-14 
  429.000  2.739626e+02  2.887520e+02  3.673212e-14 
  430.000  2.193365e+02  2.293476e+02  5.881532e-14 
  431.000  1.978453e+02  2.052507e+02  2.278491e-14 
  432.000  3.572719e+02  3.677531e+02  1.036500e-13 
  433.000  3.190380e+02  3.258535e+02 -4.999429e-16 
  434.000  3.041903e+02  3.082990e+02  3.537588e-14 
  435.000  3.319873e+02  3.339012e+02 -1.484160e-14 
  436.000  3.692642e+02  3.685743e+02 -4.867809e-14 
  437.000  3.739699e+02  3.704570e+02  7.239251e-14 
  438.000  3.360146e+02  3.303647e+02  1.477364e-14 
  439.000  3.261305e+02  3.182619e+02 -2.262753e-14 
  440.000  3.666118e+02  3.551196e+02 -7.586192e-14 
  441.000  3.664962e+02  3.523971e+02  3.881839e-14 
  442.000  3.871144e+02  3.695000e+02  5.114185e-14 
  443.000  3.908212e+02  3.703250e+02  6.578411e-14 
  444.000  3.893840e+02  3.662941e+02  6.857991e-15 
  445.000  4.107324e+02  3.835938e+02 -1.500023e-14 
  446.000  3.666161e+02  3.399345e+02  2.186356e-14 
  447.000  4.192984e+02  3.860331e+02  5.098220e-14 
  448.000  4.275017e+02  3.908583e+02 -4.432590e-14 
  449.000  4.316464e+02  3.919427e+02 -1.731008e-14 
  450.000  4.423031e+02  3.988777e+02  6.429140e-14 
  451.000  4.793239e+02  4.293192e+02 -3.736819e-14 
  452.000  4.467946e+02  3.974651e+02  5.230953e-14 
  453.000  4.158495e+02  3.674343e+02  1.760453e-15 
  454.000  4.445211e+02  3.901234e+02 -7.888525e-14 
  455.000  4.487834e+02  3.912259e+02 -1.622343e-14 
  456.000  4.608138e+02  3.990317e+02  8.293228e-15 
  457.000  4.645561e+02  3.996083e+02  3.716162e-14 
  458.000  4.575181e+02  3.909628e+02 -1.262902e-15 
  459.000  4.585805e+02  3.893020e+02  0.000000e+00 
  460.000  4.556922e+02  3.843309e+02 -6.018612e-14 
  461.000  4.733494e+02  3.966393e+02  7.189347e-14 
  462.000  4.667453e+02  3.885864e+02 -6.924597e-15 
  463.000  4.679594e+02  3.871016e+02  2.015712e-14 
  464.000  4.706378e+02  3.868511e+02  1.695333e-13 
  465.000  4.648717e+02  3.797024e+02  0.000000e+00 
  466.000  4.807206e+02  3.901822e+02  8.358652e-14 
  467.000  4.648166e+02  3.749122e+02  2.641179e-14 
  468.000  4.931145e+02  3.952443e+02 -8.434215e-15 
  469.000  4.897581e+02  3.900868e+02 -1.188504e-13 
  470.000  4.839206e+02  3.830079e+02  7.085752e-14 
  471.000  4.839021e+02  3.805693e+02 -5.298160e-14 
  472.000  4.906276e+02  3.834116e+02  6.314194e-14 
  473.000  4.860162e+02  3.773883e+02  8.191148e-15 
  474.000  4.906075e+02  3.785181e+02  1.905673e-14 
  475.000  5.109770e+02  3.916400e+02  0.000000e+00 
  476.000  4.956291e+02  3.773068e+02 -9.610962e-15 
  477.000  4.915432e+02  3.717545e+02 -6.538273e-14 
  478.000  5.169124e+02  3.887619e+02 -8.440518e-14 
  479.000  4.947469e+02  3.702057e+02 -4.362945e-14 
  480.000  5.058758e+02  3.766697e+02 -5.526641e-14 
  481.000  5.040597e+02  3.734166e+02  2.609906e-14 
  482.000  5.158109e+02  3.801336e+02  4.601866e-14 
  483.000  5.174579e+02  3.793156e+02  4.725387e-14 
  484.000  4.985351e+02  3.634561e+02  5.216183e-14 
  485.000  5.031383e+02  3.647944e+02  1.255196e-15 
  486.000  4.086966e+02  2.946878e+02  2.172948e-14 
  487.000  4.602078e+02  3.300029e+02 -1.587043e-14 
  488.000  5.005984e+02  3.569926e+02  1.136503e-13 
  489.000  4.661873e+02  3.306322e+02  3.817965e-14 
  490.000  5.316783e+02  3.750251e+02 -1.198382e-13 
  491.000  4.983709e+02  3.496185e+02  1.289232e-13 
  492.000  4.797222e+02  3.347108e+02  9.003218e-14 
  493.000  5.175258e+02  3.591402e+02  1.255907e-15 
  494.000  5.007804e+02  3.456524e+02  5.184284e-14 
  495.000  5.362115e+02  3.681323e+02  1.094967e-14 
  496.000  5.230204e+02  3.571615e+02 -1.753499e-14 
  497.000  5.081214e+02  3.451495e+02  4.432301e-14 
  498.000  4.968601e+02  3.357225e+02 -6.514171e-14 
  499.000  4.963926e+02  3.336461e+02  1.771823e-14 
  500.000  4.949321e+02  3.309278e+02  1.762787e-14 
  501.000  4.845330e+02  3.222890e+02  7.288295e-14 
  502.000  4.820488e+02  3.189787e+02 -4.159927e-14 
  503.000  5.115137e+02  3.367356e+02 -5.310384e-14 
  504.000  4.765817e+02  3.121328e+02  1.457958e-14 
  505.000  5.147510e+02  3.354115e+02 -4.415310e-14 
  506.000  5.519109e+02  3.578153e+02  0.000000e+00 
  507.000  5.143046e+02  3.317662e+02 -1.681941e-14 
  508.000  4.939815e+02  3.170714e+02 -4.832365e-14 
  509.000  5.334896e+02  3.407355e+02 -1.859158e-14 
  510.000  5.176950e+02  3.290166e+02 -2.819043e-14 
  511.000  5.185961e+02  3.279695e+02 -3.233481e-14 
  512.000  5.450709e+02  3.430267e+02 -7.284148e-14 
  513.000  4.995697e+02  3.128623e+02 -7.519859e-14 
  514.000  4.897719e+02  3.052411e+02  0.000000e+00 
  515.000  5.007022e+02  3.105498e+02 -6.639488e-14 
  516.000  5.266239e+02  3.250563e+02  1.681558e-14 
  517.000  3.883939e+02  2.385828e+02  1.140685e-13 
  518.000  4.814256e+02  2.943162e+02  0.000000e+00 
  519.000  4.566440e+02  2.778376e+02  8.699128e-14 
  520.000  5.033420e+02  3.048004e+02  5.754818e-14 
  521.000  5.041967e+02  3.038758e+02  5.128579e-14 
  522.000  5.247749e+02  3.147851e+02 -5.979421e-14 
  523.000  4.893645e+02  2.921554e+02 -8.654236e-14 
  524.000  5.314893e+02  3.158124e+02 -4.364302e-14 
  525.000  5.277676e+02  3.121280e+02  7.702056e-15 
  526.000  5.034887e+02  2.963875e+02  8.471478e-15 
  527.000  4.402505e+02  2.579578e+02  4.240587e-14 
  528.000  5.292411e+02  3.086660e+02 -1.657590e-14 
  529.000  5.447781e+02  3.162651e+02 -1.948983e-14 
  530.000  5.152521e+02  2.977559e+02  4.198362e-14 
  531.000  5.613787e+02  3.229365e+02  4.317187e-14 
  532.000  5.360775e+02  3.069944e+02 -4.237124e-14 
  533.000  4.713791e+02  2.687474e+02 -5.290225e-14 
  534.000  5.132130e+02  2.913280e+02 -5.518344e-14 
  535.000  5.242858e+02  2.963408e+02  4.117143e-14 
  536.000  5.570137e+02  3.134962e+02  7.986796e-15 
  537.000  5.173979e+02  2.899554e+02  6.494647e-14 
  538.000  5.422393e+02  3.025749e+02  8.939815e-15 
  539.000  5.410677e+02  3.006290e+02 -1.192774e-15 
  540.000  5.301020e+02  2.932772e+02  7.539630e-15 
  541.000  4.866389e+02  2.680845e+02 -3.774905e-14 
  542.000  5.434494e+02  2.981089e+02  5.986396e-14 
  543.000  5.204056e+02  2.842593e+02 -2.663917e-14 
  544.000  5.494901e+02  2.988770e+02 -8.960546e-15 
  545.000  5.418814e+02  2.934962e+02  2.001039e-14 
  546.000  5.303909e+02  2.860662e+02  4.196071e-14 
  547.000  5.535113e+02  2.972897e+02 -2.454921e-14 
  548.000  5.141145e+02  2.749807e+02  1.116518e-15 
  549.000  5.416381e+02  2.885019e+02 -2.512686e-14 
  550.000  5.303495e+02  2.813219e+02  1.599788e-14 
  551.000  5.276832e+02  2.787514e+02 -4.260229e-14 
  552.000  5.511172e+02  2.899343e+02  1.777739e-14 
  553.000  5.301774e+02  2.777744e+02 -1.593893e-14 
  554.000  5.481694e+02  2.860271e+02  1.646228e-14 
  555.000  5.503837e+02  2.860135e+02 -2.417442e-14 
  556.000  5.358586e+02  2.773353e+02 -2.351327e-14 
  557.000  5.205602e+02  2.683245e+02 -1.558794e-14 
  558.000  5.409534e+02  2.777084e+02  2.485874e-14 
  559.000  5.118936e+02  2.617293e+02 -2.350483e-14 
  560.000  5.146921e+02  2.620967e+02  8.240392e-15 
  561.000  5.662446e+02  2.871824e+02  0.000000e+00 
  562.000  5.200230e+02  2.626213e+02  3.938179e-14 
  563.000  5.445476e+02  2.738891e+02  1.858973e-14 
  564.000  5.372836e+02  2.691250e+02  3.207257e-14 
  565.000  5.438723e+02  2.712711e+02 -3.364515e-14 
  566.000  5.018625e+02  2.493079e+02  6.953194e-15 
  567.000  5.379403e+02  2.659872e+02 -4.828182e-14 
  568.000  5.335938e+02  2.621166e+02  0.000000e+00 
  569.000  5.157293e+02  2.513465e+02  1.103874e-14 
  570.000  5.201642e+02  2.526420e+02 -2.208393e-14 
  571.000  5.076367e+02  2.462866e+02 -5.645260e-14 
  572.000  5.316150e+02  2.561872e+02 -4.739866e-15 
  573.000  5.392560e+02  2.590481e+02  1.942123e-14 
  574.000  5.372512e+02  2.571402e+02  1.641910e-14 
  575.000  5.242722e+02  2.499007e+02  8.066927e-15 
  576.000  5.152880e+02  2.446624e+02 -2.938771e-14 
  577.000  5.389883e+02  2.550894e+02  7.517871e-14 
  578.000  5.260241e+02  2.483945e+02  2.314211e-14 
  579.000  5.243539e+02  2.469664e+02  2.179870e-14 
  580.000  5.445490e+02  2.557539e+02  1.732825e-14 
  581.000  5.376621e+02  2.519605e+02  7.068949e-14 
  582.000  5.477747e+02  2.559686e+02  8.598476e-15 
  583.000  5.529045e+02  2.574981e+02 -7.436903e-14 
  584.000  5.523940e+02  2.563892e+02  3.445714e-14 
  585.000  5.496857e+02  2.542238e+02  3.077035e-14 
  586.000  5.269725e+02  2.428571e+02  1.008541e-13 
  587.000  5.457275e+02  2.502473e+02  1.898197e-14 
  588.000  5.295075e+02  2.406679e+02 -2.046042e-14 
  589.000  4.545948e+02  2.048522e+02 -3.493077e-14 
  590.000  4.742075e+02  2.128842e+02  1.588554e-14 
  591.000  5.160022e+02  2.315469e+02  5.527395e-14 
  592.000  5.007079e+02  2.235303e+02 -1.997024e-14 
  593.000  5.196277e+02  2.320845e+02 -5.182465e-14 
  594.000  5.220560e+02  2.321194e+02 -1.245276e-15 
  595.000  5.035409e+02  2.225202e+02  1.905442e-14 
  596.000  5.299028e+02  2.343113e+02  5.039794e-14 
  597.000  5.292202e+02  2.329827e+02 -9.465402e-15 
  598.000  5.243737e+02  2.305316e+02 -9.019170e-15 
  599.000  5.273462e+02  2.312834e+02  1.309312e-14 
  600.000  5.329505e+02  2.335284e+02  3.248881e-14 
  601.000  5.338102e+02  2.335092e+02  8.145033e-15 
  602.000  5.296253e+02  2.310932e+02  4.508219e-14 
  603.000  5.346599e+02  2.326995e+02  1.401849e-14 
  604.000  5.533177e+02  2.401655e+02  3.945996e-14 
  605.000  5.532060e+02  2.393908e+02  7.197086e-15 
  606.000  5.477437e+02  2.362604e+02  1.247494e-13 
  607.000  5.455915e+02  2.345695e+02  2.338289e-14 
  608.000  5.444551e+02  2.333152e+02  2.328521e-14 
  609.000  5.396927e+02  2.305162e+02 -6.960531e-15 
  610.000  5.318554e+02  2.264251e+02 -7.904540e-15 
  611.000  5.413096e+02  2.296959e+02  0.000000e+00 
  612.000  5.350616e+02  2.263025e+02  7.918697e-15 
  613.000  5.280142e+02  2.225916e+02  6.753802e-15 
  614.000  5.096748e+02  2.141578e+02 -2.052592e-14 
  615.000  5.348421e+02  2.240005e+02  2.936603e-14 
  616.000  5.092282e+02  2.125774e+02 -6.976777e-14 
  617.000  5.127733e+02  2.133573e+02  4.207726e-14 
  618.000  5.375992e+02  2.229522e+02 -5.978184e-14 
  619.000  5.332449e+02  2.204152e+02 -8.051018e-14 
  620.000  5.416733e+02  2.231570e+02  6.847599e-15 
  621.000  5.514938e+02  2.264450e+02 -3.805249e-14 
  622.000  5.228170e+02  2.139493e+02  0.000000e+00 
  623.000  5.272334e+02  2.150224e+02 -3.529219e-14 
  624.000  5.281432e+02  2.146648e+02 -3.738726e-14 
  625.000  5.141243e+02  2.082581e+02 -7.474937e-15 
  626.000  5.163905e+02  2.083771e+02  1.006993e-15 
  627.000  5.213981e+02  2.091047e+02  1.432092e-14 
  628.000  5.041024e+02  2.004565e+02 -8.863653e-15 
  629.000  5.225028e+02  2.076114e+02 -7.976392e-15 
  630.000  5.092369e+02  2.020795e+02 -7.127713e-16 
  631.000  5.306003e+02  2.101525e+02  3.620684e-14 
  632.000  4.918349e+02  1.938707e+02 -1.574014e-14 
  633.000  5.333750e+02  2.100951e+02 -2.326675e-14 
  634.000  5.197220e+02  2.043126e+02 -6.449379e-14 
  635.000  5.301208e+02  2.077750e+02 -6.606504e-15 
  636.000  5.130735e+02  2.006146e+02  4.210725e-14 
  637.000  5.314616e+02  2.072658e+02 -2.828017e-14 
  638.000  5.426888e+02  2.113251e+02  1.329163e-14 
  639.000  5.392253e+02  2.093724e+02  0.000000e+00 
  640.000  5.241627e+02  2.030752e+02  4.213582e-14 
  641.000  5.324967e+02  2.056889e+02  5.661089e-14 
  642.000  5.275711e+02  2.032906e+02  4.312404e-14 
  643.000  5.361193e+02  2.057627e+02  6.436284e-14 
  644.000  5.306611e+02  2.030650e+02 -9.908164e-16 
  645.000  5.337737e+02  2.034295e+02  8.006216e-15 
  646.000  5.050356e+02  1.910535e+02  1.455676e-14 
  647.000  5.061853e+02  1.904870e+02  3.347199e-14 
  648.000  4.988195e+02  1.867875e+02  3.172582e-15 
  649.000  5.153919e+02  1.927610e+02  2.294645e-14 
  650.000  4.891671e+02  1.832345e+02 -4.095095e-15 
  651.000  5.274428e+02  1.969935e+02  1.002746e-14 
  652.000  5.074531e+02  1.882370e+02 -2.289497e-15 
  653.000  5.303373e+02  1.970681e+02 -2.108563e-15 
  654.000  5.226112e+02  1.935176e+02 -1.615204e-14 
  655.000  5.050624e+02  1.861420e+02 -1.475231e-14 
  656.000  4.304893e+02  1.582972e+02  1.252971e-14 
  657.000  4.620205e+02  1.695742e+02  4.561895e-15 
  658.000  5.191865e+02  1.903781e+02  3.119905e-15 
  659.000  5.233106e+02  1.915829e+02  1.411802e-14 
  660.000  5.289753e+02  1.932156e+02 -1.423276e-14 
  661.000  5.347964e+02  1.950980e+02 -5.285052e-14 
  662.000  5.443853e+02  1.982105e+02  9.832487e-14 
  663.000  5.386203e+02  1.955151e+02  2.791683e-14 
  664.000  5.310400e+02  1.922793e+02  4.165301e-14 
  665.000  5.343148e+02  1.929718e+02  8.074796e-14 
  666.000  5.418235e+02  1.952033e+02 -2.689566e-14 
  667.000  5.319636e+02  1.911608e+02  5.363183e-14 
  668.000  5.360481e+02  1.921573e+02 -4.065622e-14 
  669.000  5.445561e+02  1.946953e+02 -1.341778e-14 
  670.000  5.387433e+02  1.921011e+02  1.325066e-14 
  671.000  5.337738e+02  1.898261e+02 -9.407852e-16 
  672.000  5.326906e+02  1.889312e+02  9.372944e-16 
  673.000  5.371534e+02  1.900015e+02  0.000000e+00 
  674.000  5.388378e+02  1.900854e+02  3.948645e-14 
  675.000  5.312393e+02  1.869034e+02  6.663683e-14 
  676.000  5.418866e+02  1.901386e+02 -9.473150e-16 
  677.000  5.317036e+02  1.860670e+02  4.063791e-14 
  678.000  5.411040e+02  1.888526e+02 -6.662400e-14 
  679.000  5.339448e+02  1.858461e+02 -1.294672e-14 
  680.000  5.299202e+02  1.838952e+02 -1.284778e-14 
  681.000  5.305723e+02  1.835684e+02  1.101690e-14 
  682.000  5.297889e+02  1.827883e+02  1.283390e-14 
  683.000  5.335771e+02  1.835674e+02  3.875789e-14 
  684.000  5.236066e+02  1.795493e+02 -3.807787e-14 
  685.000  5.305416e+02  1.815136e+02  4.031626e-14 
  686.000  5.060381e+02  1.724752e+02 -1.230490e-14 
  687.000  4.232180e+02  1.418352e+02  5.735843e-15 
  688.000  4.501699e+02  1.509167e+02  1.611296e-14 
  689.000  4.434933e+02  1.481523e+02  3.125977e-14 
  690.000  4.598846e+02  1.534559e+02  2.539339e-14 
  691.000  4.785951e+02  1.595865e+02  1.473609e-14 
  692.000  4.828453e+02  1.606607e+02 -1.753566e-14 
  693.000  4.706054e+02  1.556290e+02 -1.973454e-14 
  694.000  4.594659e+02  1.511624e+02  3.632298e-16 
  695.000  4.618821e+02  1.517564e+02 -9.513594e-15 
  696.000  4.738493e+02  1.554398e+02  8.507187e-15 
  697.000  5.047900e+02  1.662661e+02  5.012674e-15 
  698.000  4.893034e+02  1.604449e+02 -6.643391e-15 
  699.000  4.715343e+02  1.534176e+02 -3.641423e-15 
  700.000  4.704984e+02  1.527756e+02  2.071209e-15 
  701.000  4.543552e+02  1.470324e+02 -1.641080e-14 
  702.000  4.565343e+02  1.474555e+02  1.516374e-14 
  703.000  4.852257e+02  1.569855e+02 -8.412695e-15 
  704.000  4.878297e+02  1.574679e+02  3.615508e-14 
  705.000  4.825509e+02  1.550606e+02  3.567467e-14 
  706.000  4.794571e+02  1.537364e+02 -1.011584e-15 
  707.000  4.756925e+02  1.522528e+02 -2.419611e-15 
  708.000  4.933535e+02  1.576395e+02 -2.031143e-15 
  709.000  4.831786e+02  1.542945e+02  1.104905e-14 
  710.000  4.867766e+02  1.547422e+02 -2.256607e-14 
  711.000  4.899340e+02  1.556707e+02 -2.847179e-15 
  712.000  4.899646e+02  1.556114e+02  1.130772e-14 
  713.000  4.826997e+02  1.526525e+02  1.251758e-14 
  714.000  4.891568e+02  1.542134e+02 -1.832040e-14 
  715.000  4.635053e+02  1.454184e+02 -7.559896e-15 
  716.000  4.662685e+02  1.455924e+02 -1.553629e-14 
  717.000  3.987515e+02  1.229623e+02 -7.645664e-17 
  718.000  3.642676e+02  1.107463e+02  6.711745e-15 
  719.000  3.488352e+02  1.053086e+02 -6.737812e-17 
  720.000  3.352897e+02  1.004153e+02 -1.054109e-15 
  721.000  4.097623e+02  1.254864e+02 -2.535213e-14 
  722.000  4.447594e+02  1.364619e+02  6.017513e-15 
  723.000  4.274300e+02  1.305434e+02  1.885375e-14 
  724.000  3.847600e+02  1.159327e+02 -6.487706e-15 
  725.000  3.869448e+02  1.165522e+02 -2.184479e-15 
  726.000  3.844031e+02  1.154336e+02 -3.533049e-15 
  727.000  3.965836e+02  1.190572e+02  3.189133e-18 
  728.000  3.832636e+02  1.145320e+02  2.434509e-15 
  729.000  3.844534e+02  1.152240e+02  5.636989e-15 
  730.000  3.960499e+02  1.183482e+02  9.522558e-15 
  731.000  3.863826e+02  1.150913e+02  1.379833e-16 
  732.000  4.229306e+02  1.265071e+02  1.057996e-15 
  733.000  4.452780e+02  1.334536e+02  1.792436e-14 
  734.000  4.691153e+02  1.406711e+02 -3.496744e-15 
  735.000  4.606029e+02  1.376656e+02 -1.244120e-14 
  736.000  4.431756e+02  1.319451e+02  2.333370e-14 
  737.000  4.561752e+02  1.356622e+02 -4.392103e-15 
  738.000  4.647434e+02  1.381627e+02 -3.410134e-14 
  739.000  4.539472e+02  1.347802e+02 -2.768410e-14 
  740.000  4.675347e+02  1.388676e+02 -8.806837e-15 
  741.000  4.692686e+02  1.393195e+02  1.465885e-14 
  742.000  4.639233e+02  1.375305e+02 -2.327252e-14 
  743.000  4.826919e+02  1.430526e+02 -2.407793e-14 
  744.000  4.895604e+02  1.448591e+02  0.000000e+00 
  745.000  4.786976e+02  1.414341e+02 -1.010274e-14 
  746.000  4.868954e+02  1.436152e+02  2.127579e-14 
  747.000  4.949886e+02  1.456798e+02 -5.602502e-14 
  748.000  4.871465e+02  1.431130e+02  3.377664e-14 
  749.000  4.879873e+02  1.430607e+02  2.199286e-14 
  750.000  4.806957e+02  1.405689e+02  5.573351e-14 
  751.000  4.798212e+02  1.399967e+02 -4.245083e-14 
  752.000  4.883531e+02  1.422250e+02 -1.254429e-14 
  753.000  4.843430e+02  1.407589e+02 -2.250798e-14 
  754.000  4.924302e+02  1.427990e+02  1.103271e-14 
  755.000  4.899683e+02  1.417673e+02 -1.175588e-14 
  756.000  4.807449e+02  1.387890e+02  3.302988e-14 
  757.000  4.845744e+02  1.395807e+02  5.415289e-14 
  758.000  4.832053e+02  1.388187e+02 -7.772128e-16 
  759.000  4.246340e+02  1.204407e+02 -8.524971e-15 
  760.000  1.212748e+02  3.212410e+01  4.532389e-15 
  761.000  1.003268e+02  2.624055e+01 -2.446875e-38 
  762.000  2.454831e+02  6.682898e+01  2.371851e-15 
  763.000  1.999982e+02  5.392408e+01  2.761127e-15 
  764.000  2.261159e+02  6.105759e+01 -2.395483e-15 
  765.000  2.890708e+02  7.865939e+01  5.065277e-15 
  766.000  3.516264e+02  9.759262e+01 -3.049228e-15 
  767.000  3.975405e+02  1.106120e+02 -9.940115e-15 
  768.000  4.414481e+02  1.230469e+02  1.889984e-14 
  769.000  4.585534e+02  1.280580e+02  2.712679e-15 
  770.000  4.655835e+02  1.300528e+02 -1.549133e-14 
  771.000  4.706178e+02  1.313521e+02  1.118547e-14 
  772.000  4.700778e+02  1.309636e+02  0.000000e+00 
  773.000  4.688336e+02  1.303521e+02 -1.034627e-14 
  774.000  4.745396e+02  1.316715e+02 -1.045221e-14 
  775.000  4.572358e+02  1.266091e+02  3.161537e-14 
  776.000  4.765493e+02  1.316844e+02  7.516813e-16 
  777.000  4.734946e+02  1.305549e+02 -1.114313e-14 
  778.000  4.711003e+02  1.296041e+02  1.182643e-14 
  779.000  4.727788e+02  1.297756e+02  0.000000e+00 
  780.000  4.670739e+02  1.279244e+02  9.512379e-15 
  781.000  4.669320e+02  1.276399e+02 -3.142274e-14 
  782.000  4.726906e+02  1.289265e+02 -1.486701e-15 
  783.000  4.617866e+02  1.256737e+02 -2.022460e-14 
  784.000  4.643222e+02  1.260723e+02  1.961152e-14 
  785.000  4.640911e+02  1.256149e+02 -1.020494e-14 
  786.000  4.536359e+02  1.223313e+02 -1.003899e-14 
  787.000  4.548662e+02  1.220933e+02  6.837571e-15 
  788.000  4.452017e+02  1.190863e+02 -2.325858e-14 
  789.000  4.372227e+02  1.162585e+02  3.820780e-14 
  790.000  4.320224e+02  1.145981e+02  1.544279e-14 
  791.000  4.319644e+02  1.144089e+02 -1.205013e-14 
  792.000  4.271417e+02  1.129613e+02 -4.454472e-16 
  793.000  4.311868e+02  1.139649e+02  5.883992e-15 
  794.000  4.359145e+02  1.154188e+02  1.533333e-14 
  795.000  4.282379e+02  1.128655e+02 -1.978206e-14 
  796.000  4.209541e+02  1.101680e+02  3.707189e-15 
  797.000  4.279894e+02  1.119071e+02  3.555715e-15 
  798.000  4.377971e+02  1.146019e+02  2.010610e-14 
  799.000  4.354750e+02  1.136637e+02  8.694360e-16 
  800.000  4.176484e+02  1.085360e+02  4.578365e-15 
  801.000  4.263788e+02  1.106017e+02  1.344449e-14 
  802.000  4.250405e+02  1.100032e+02  5.135002e-15 
  803.000  4.201012e+02  1.085336e+02  1.301268e-15 
  804.000  4.272741e+02  1.102752e+02 -2.593210e-14 
  805.000  4.217224e+02  1.088655e+02  7.720632e-15 
  806.000  4.370015e+02  1.127528e+02  4.859304e-14 
  807.000  4.347265e+02  1.119423e+02 -2.255093e-14 
  808.000  4.301463e+02  1.104339e+02 -1.347788e-14 
  809.000  4.204879e+02  1.076182e+02 -1.988314e-14 
  810.000  4.159431e+02  1.061196e+02 -7.751875e-15 
  811.000  4.169301e+02  1.059441e+02 -5.842405e-15 
  812.000  4.077978e+02  1.031813e+02  2.735984e-14 
  813.000  3.966626e+02  9.994604e+01 -1.790941e-14 
  814.000  3.837517e+02  9.629119e+01 -9.606668e-15 
  815.000  3.644731e+02  9.105052e+01  1.263301e-14 
  816.000  3.426000e+02  8.510063e+01  3.426618e-15 
  817.000  3.456645e+02  8.569449e+01 -3.085606e-15 
  818.000  3.451557e+02  8.542522e+01 -4.451776e-16 
  819.000  3.420970e+02  8.462343e+01  8.608671e-15 
  820.000  3.558545e+02  8.812955e+01  2.790040e-15 
  821.000  3.923650e+02  9.736826e+01  1.003646e-14 
  822.000  3.632134e+02  8.966226e+01  4.138626e-15 
  823.000  3.191277e+02  7.780506e+01 -5.579241e-15 
  824.000  3.659407e+02  8.989514e+01  2.226633e-17 
  825.000  3.937189e+02  9.697474e+01  5.359147e-15 
  826.000  3.916545e+02  9.619730e+01  3.001857e-15 
  827.000  3.869063e+02  9.477866e+01  1.405833e-14 
  828.000  3.677457e+02  8.966789e+01 -1.133885e-15 
  829.000  3.742681e+02  9.115293e+01 -2.203858e-15 
  830.000  3.758434e+02  9.145867e+01  1.485936e-14 
  831.000  3.711368e+02  9.016907e+01 -3.069227e-15 
  832.000  3.797849e+02  9.212063e+01 -6.643338e-16 
  833.000  3.723095e+02  9.020822e+01  1.740813e-14 
  834.000  3.829890e+02  9.272259e+01 -1.282855e-14 
  835.000  3.936474e+02  9.538224e+01  1.767683e-14 
  836.000  3.952831e+02  9.550594e+01 -2.408268e-14 
  837.000  3.918887e+02  9.449965e+01 -4.010557e-16 
  838.000  3.981678e+02  9.596757e+01 -4.476590e-15 
  839.000  3.886635e+02  9.359029e+01  2.173730e-14 
  840.000  4.002421e+02  9.622820e+01 -3.187139e-15 
  841.000  3.984428e+02  9.550603e+01 -1.200091e-14 
  842.000  3.987802e+02  9.549603e+01  5.380443e-15 
  843.000  4.024763e+02  9.645309e+01 -3.317742e-14 
  844.000  3.987656e+02  9.551331e+01  8.482858e-15 
  845.000  4.062870e+02  9.719340e+01 -1.528016e-14 
  846.000  4.114345e+02  9.830827e+01  9.917481e-16 
  847.000  3.987827e+02  9.515763e+01  7.921751e-15 
  848.000  4.082765e+02  9.712305e+01 -4.890883e-15 
  849.000  4.094692e+02  9.723448e+01 -1.653912e-14 
  850.000  3.531016e+02  8.363155e+01  2.737298e-14 
  851.000  4.032418e+02  9.525118e+01 -1.102651e-14 
  852.000  3.882152e+02  9.153191e+01 -2.430295e-15 
  853.000  3.950991e+02  9.309342e+01 -4.843425e-15 
  854.000  3.176626e+02  7.469955e+01  6.192859e-15 
  855.000  3.508080e+02  8.239066e+01  2.117189e-15 
  856.000  4.004174e+02  9.397859e+01  1.222257e-15 
  857.000  4.079078e+02  9.561982e+01  2.716440e-14 
  858.000  4.020281e+02  9.409565e+01  6.102332e-16 
  859.000  4.031557e+02  9.425331e+01 -3.396109e-14 
  860.000  4.001681e+02  9.340985e+01 -7.806503e-15 
  861.000  4.003448e+02  9.327901e+01  3.544627e-14 
  862.000  3.994511e+02  9.291299e+01 -6.015717e-16 
  863.000  4.072670e+02  9.455356e+01 -1.646463e-14 
  864.000  4.068236e+02  9.428761e+01  2.556047e-14 
  865.000  3.995653e+02  9.244280e+01 -5.076114e-14 
  866.000  3.353093e+02  7.743230e+01  1.402475e-14 
  867.000  3.571517e+02  8.231767e+01 -1.493562e-14 
  868.000  3.874965e+02  8.914455e+01  7.517549e-15 
  869.000  3.822461e+02  8.777460e+01 -4.848423e-14 
  870.000  3.980949e+02  9.123799e+01  5.108453e-14 
  871.000  3.977203e+02  9.098435e+01  1.660613e-14 
  872.000  3.963975e+02  9.052107e+01  2.540011e-14 
  873.000  3.979655e+02  9.069794e+01  1.720264e-14 
  874.000  3.892886e+02  8.854836e+01  2.436608e-14 
  875.000  3.858120e+02  8.759159e+01 -2.414292e-14 
  876.000  3.889537e+02  8.812714e+01 -8.116611e-15 
  877.000  3.967808e+02  8.972830e+01 -2.602769e-14 
  878.000  3.895074e+02  8.787657e+01 -1.628728e-14 
  879.000  3.904898e+02  8.793120e+01  0.000000e+00 
  880.000  3.878475e+02  8.713641e+01 -2.494646e-14 
  881.000  3.675092e+02  8.239339e+01  1.595663e-14 
  882.000  3.876869e+02  8.673639e+01  5.837192e-16 
  883.000  3.791933e+02  8.469744e+01 -7.942071e-15 
  884.000  3.826473e+02  8.531844e+01  8.583543e-15 
  885.000  3.856397e+02  8.575085e+01  2.488667e-14 
  886.000  3.717751e+02  8.244328e+01 -1.784066e-14 
  887.000  3.691322e+02  8.175478e+01  0.000000e+00 
  888.000  3.802242e+02  8.405096e+01 -2.455190e-14 
  889.000  3.831688e+02  8.456699e+01 -2.470679e-14 
  890.000  3.811484e+02  8.390421e+01 -8.601309e-15 
  891.000  3.773266e+02  8.282475e+01  1.566552e-14 
  892.000  3.716690e+02  8.122372e+01  8.398090e-15 
  893.000  3.442733e+02  7.465583e+01 -3.865560e-15 
  894.000  3.487876e+02  7.532455e+01  6.766179e-15 
  895.000  3.112733e+02  6.683820e+01 -2.948234e-15 
  896.000  3.032039e+02  6.478837e+01 -3.283245e-15 
  897.000  2.758555e+02  5.848978e+01  3.750141e-16 
  898.000  2.670707e+02  5.628922e+01  1.825172e-15 
  899.000  2.423274e+02  5.034362e+01  1.258925e-17 
  900.000  2.395282e+02  4.974777e+01  9.584040e-16 
  901.000  2.286220e+02  4.725871e+01  9.347076e-16 
  902.000  2.257839e+02  4.662740e+01  7.945759e-16 
  903.000  2.793021e+02  5.869586e+01 -1.937267e-15 
  904.000  3.107776e+02  6.549593e+01 -1.357557e-15 
  905.000  3.092255e+02  6.506677e+01 -2.999341e-15 
  906.000  2.843481e+02  5.959000e+01 -3.904437e-15 
  907.000  2.603856e+02  5.391089e+01 -6.917357e-16 
  908.000  2.357675e+02  4.826570e+01  1.672966e-16 
  909.000  2.324133e+02  4.750561e+01  7.432578e-16 
  910.000  2.378005e+02  4.858374e+01 -1.864253e-15 
  911.000  2.487623e+02  5.105244e+01 -1.991580e-15 
  912.000  2.437495e+02  4.978331e+01 -1.290846e-15 
  913.000  2.253927e+02  4.543525e+01  2.791021e-15 
  914.000  2.357469e+02  4.767944e+01  1.813809e-16 
  915.000  2.410663e+02  4.891036e+01 -7.974580e-16 
  916.000  2.468152e+02  5.006506e+01  1.224156e-15 
  917.000  2.483607e+02  5.044207e+01 -3.763823e-15 
  918.000  2.540795e+02  5.170766e+01 -1.727002e-15 
  919.000  2.817482e+02  5.774624e+01 -4.505107e-15 
  920.000  2.982575e+02  6.121183e+01 -7.327250e-15 
  921.000  2.878323e+02  5.895509e+01 -7.332446e-15 
  922.000  2.850316e+02  5.828188e+01 -4.210378e-15 
  923.000  2.682250e+02  5.471221e+01  4.289348e-15 
  924.000  2.674610e+02  5.432495e+01 -2.428818e-15 
  925.000  2.697854e+02  5.466220e+01 -9.177998e-15 
  926.000  2.591526e+02  5.235081e+01 -3.554591e-15 
  927.000  2.542183e+02  5.095901e+01  2.326434e-15 
  928.000  2.341560e+02  4.629543e+01  1.660455e-15 
  929.000  2.020021e+02  3.930445e+01 -1.844244e-15 
  930.000  1.681624e+02  3.235794e+01 -3.035579e-17 
  931.000  1.350900e+02  2.579261e+01  2.119746e-16 
  932.000  9.594154e+01  1.806533e+01 -3.311418e-16 
  933.000  7.359865e+01  1.368917e+01  2.192221e-17 
  934.000  5.392073e+01  9.960585e+00  5.965462e-17 
  935.000  5.110493e+01  9.428583e+00 -2.279666e-18 
  936.000  5.720428e+01  1.053754e+01  1.163354e-16 
  937.000  5.704520e+01  1.048526e+01  5.225310e-17 
  938.000  7.886404e+01  1.458895e+01 -2.165976e-16 
  939.000  1.566553e+02  2.942176e+01  8.473963e-17 
  940.000  1.702304e+02  3.200404e+01  1.683077e-16 
  941.000  1.550508e+02  2.906154e+01 -7.948953e-16 
  942.000  1.235159e+02  2.305905e+01 -2.318371e-16 
  943.000  9.133288e+01  1.685770e+01 -3.288457e-16 
  944.000  8.625876e+01  1.587314e+01  9.892917e-17 
  945.000  9.942237e+01  1.835559e+01  5.156582e-18 
  946.000  1.018238e+02  1.877648e+01 -3.500820e-19 
  947.000  1.140290e+02  2.106985e+01 -2.178196e-16 
  948.000  1.226344e+02  2.265793e+01  3.980805e-16 
  949.000  1.224367e+02  2.259169e+01 -4.288442e-16 
  950.000  1.238300e+02  2.282239e+01  1.038792e-17 
  951.000  1.414745e+02  2.609181e+01  4.740438e-16 
  952.000  1.227006e+02  2.255687e+01  1.452876e-17 
  953.000  1.362339e+02  2.506400e+01 -4.716719e-16 
  954.000  1.506635e+02  2.774144e+01  4.867050e-16 
  955.000  1.297229e+02  2.383278e+01  1.902214e-17 
  956.000  1.365926e+02  2.507821e+01 -2.855759e-17 
  957.000  1.775343e+02  3.277053e+01  5.052260e-16 
  958.000  1.853048e+02  3.422894e+01  7.976735e-16 
  959.000  1.792088e+02  3.301107e+01 -3.598399e-16 
  960.000  1.758620e+02  3.234460e+01  4.348466e-16 
  961.000  1.707712e+02  3.134768e+01 -4.929506e-17 
  962.000  1.752175e+02  3.214554e+01  1.474408e-15 
  963.000  1.997484e+02  3.687379e+01  1.473545e-15 
  964.000  2.014297e+02  3.719481e+01  8.320792e-16 
  965.000  2.018021e+02  3.717571e+01  2.170738e-16 
  966.000  1.976925e+02  3.639510e+01  2.267701e-15 
  967.000  2.228451e+02  4.138374e+01  7.689669e-16 
  968.000  2.542365e+02  4.787842e+01  1.550172e-15 
  969.000  2.722253e+02  5.133024e+01  1.208441e-15 
  970.000  2.740843e+02  5.161351e+01  0.000000e+00 
  971.000  2.713721e+02  5.101829e+01 -1.265038e-15 
  972.000  2.686681e+02  5.039239e+01 -3.785699e-15 
  973.000  2.557530e+02  4.780427e+01 -4.346046e-15 
  974.000  2.396711e+02  4.455827e+01 -3.367229e-15 
  975.000  2.332323e+02  4.313374e+01  2.040329e-16 
  976.000  2.456950e+02  4.555710e+01  1.007209e-15 
  977.000  2.554188e+02  4.747496e+01  5.117875e-16 
  978.000  2.605984e+02  4.835834e+01  5.160230e-17 
  979.000  2.574450e+02  4.773916e+01 -2.162192e-15 
  980.000  2.782709e+02  5.163749e+01  4.801866e-15 
  981.000  2.842760e+02  5.270594e+01  1.979240e-15 
  982.000  2.799868e+02  5.180612e+01  3.005740e-15 
  983.000  2.884350e+02  5.337329e+01  1.222525e-14 
  984.000  2.960514e+02  5.482769e+01  7.801156e-17 
  985.000  3.014637e+02  5.584212e+01  6.056242e-15 
  986.000  3.061457e+02  5.678231e+01  1.604394e-15 
  987.000  3.128683e+02  5.802121e+01  7.513020e-15 
  988.000  3.098359e+02  5.738623e+01 -4.544605e-15 
  989.000  3.064520e+02  5.667976e+01  1.400809e-14 
  990.000  3.098984e+02  5.724463e+01  4.461840e-15 
  991.000  3.151636e+02  5.820359e+01 -9.318835e-15 
  992.000  3.130782e+02  5.774638e+01 -6.350275e-15 
  993.000  3.134246e+02  5.772292e+01  1.143203e-14 
  994.000  3.173968e+02  5.842545e+01  9.857707e-15 
  995.000  3.167522e+02  5.827282e+01  1.274007e-14 
  996.000  3.167453e+02  5.817311e+01  1.365195e-14 
  997.000  3.161013e+02  5.791661e+01 -3.233900e-14 
  998.000  3.138279e+02  5.735717e+01 -3.404779e-15 
  999.000  3.127628e+02  5.706750e+01  4.552781e-15 
 1000.000  3.105946e+02  5.657230e+01 -9.656164e-15 
 1001.000  3.100254e+02  5.630851e+01 -2.497673e-15 
 1002.000  3.057856e+02  5.532839e+01  1.845419e-14 
 1003.000  3.031906e+02  5.479335e+01 -8.633832e-15 
 1004.000  3.029044e+02  5.471656e+01 -1.472494e-14 
 1005.000  2.839137e+02  5.123018e+01 -4.515321e-15 
 1006.000  2.991969e+02  5.390793e+01 -1.273776e-14 
 1007.000  3.039892e+02  5.465618e+01 -6.084463e-15 
 1008.000  3.022513e+02  5.415950e+01  4.823234e-15 
 1009.000  2.963938e+02  5.291259e+01 -2.495867e-15 
 1010.000  2.993957e+02  5.340661e+01 -2.896883e-15 
 1011.000  3.021929e+02  5.394120e+01 -1.007025e-14 
 1012.000  3.040338e+02  5.423234e+01  1.137000e-14 
 1013.000  3.031906e+02  5.403539e+01 -5.235445e-16 
 1014.000  3.056667e+02  5.438894e+01  6.609545e-15 
 1015.000  3.001962e+02  5.333085e+01  0.000000e+00 
 1016.000  3.027784e+02  5.372296e+01 -9.354733e-15 
 1017.000  3.001977e+02  5.318954e+01  8.395827e-15 
 1018.000  3.034431e+02  5.364666e+01 -1.265869e-14 
 1019.000  2.952408e+02  5.207463e+01  3.493087e-15 
 1020.000  2.951802e+02  5.199431e+01  5.560858e-15 
 1021.000  2.991238e+02  5.262372e+01  9.673221e-15 
 1022.000  2.930846e+02  5.143016e+01  2.887306e-15 
 1023.000  2.973388e+02  5.204280e+01 -3.647359e-15 
 1024.000  2.950321e+02  5.152631e+01  3.430647e-15 
 1025.000  2.976123e+02  5.197659e+01 -4.696395e-15 
 1026.000  2.991005e+02  5.217646e+01  1.525271e-14 
 1027.000  2.969670e+02  5.171525e+01 -4.948063e-15 
 1028.000  2.980592e+02  5.181982e+01  2.119086e-14 
 1029.000  2.946873e+02  5.119392e+01  1.264455e-14 
 1030.000  2.987467e+02  5.185534e+01  5.955215e-15 
 1031.000  2.983877e+02  5.172902e+01 -5.934822e-15 
 1032.000  2.978155e+02  5.156110e+01 -1.182590e-14 
 1033.000  2.925235e+02  5.056576e+01 -2.363271e-14 
 1034.000  2.959146e+02  5.107690e+01  0.000000e+00 
 1035.000  2.929431e+02  5.048505e+01 -3.522890e-14 
 1036.000  2.967894e+02  5.106321e+01 -1.217843e-14 
 1037.000  2.906397e+02  4.992440e+01  5.341467e-15 
 1038.000  2.936457e+02  5.036025e+01 -2.947269e-14 
 1039.000  2.947666e+02  5.046189e+01 -1.750773e-14 
 1040.000  2.912336e+02  4.976960e+01 -1.236390e-14 
 1041.000  2.927396e+02  4.993962e+01  5.799087e-15 
 1042.000  2.936303e+02  5.000700e+01 -1.744919e-14 
 1043.000  2.886186e+02  4.907199e+01 -1.143217e-14 
 1044.000  2.914649e+02  4.947058e+01  1.732043e-14 
 1045.000  2.900391e+02  4.913586e+01  0.000000e+00 
 1046.000  2.815006e+02  4.760336e+01 -5.985984e-15 
 1047.000  2.865814e+02  4.837638e+01  0.000000e+00 
 1048.000  2.893274e+02  4.875303e+01 -1.190996e-14 
 1049.000  2.874132e+02  4.834734e+01 -8.366434e-15 
 1050.000  2.855064e+02  4.793644e+01  1.481795e-14 
 1051.000  2.852325e+02  4.779431e+01  1.746510e-14 
 1052.000  2.837266e+02  4.745346e+01 -2.627330e-15 
 1053.000  2.838457e+02  4.739304e+01  9.106081e-15 
 1054.000  2.806159e+02  4.675992e+01 -5.608791e-15 
 1055.000  2.823929e+02  4.696261e+01  0.000000e+00 
 1056.000  2.814065e+02  4.670892e+01 -1.128148e-14 
 1057.000  2.802622e+02  4.641061e+01  0.000000e+00 
 1058.000  2.760907e+02  4.558750e+01  2.995160e-15 
 1059.000  2.675374e+02  4.410667e+01 -1.943227e-16 
 1060.000  2.778734e+02  4.576533e+01  0.000000e+00 
 1061.000  2.680365e+02  4.408097e+01  1.371538e-14 
 1062.000  2.747626e+02  4.509477e+01 -1.411410e-14 
 1063.000  2.699327e+02  4.423617e+01 -1.134204e-14 
 1064.000  2.728843e+02  4.463516e+01  2.775811e-15 
 1065.000  2.717159e+02  4.434968e+01 -2.775010e-15 
 1066.000  2.634959e+02  4.295490e+01  5.765354e-15 
 1067.000  2.694215e+02  4.384687e+01  2.953059e-15 
 1068.000  2.667794e+02  4.331425e+01  6.355527e-16 
 1069.000  2.458340e+02  3.983068e+01 -2.121623e-15 
 1070.000  2.606699e+02  4.218407e+01  2.150761e-15 
 1071.000  2.600464e+02  4.199377e+01  3.767332e-15 
 1072.000  2.597732e+02  4.186359e+01 -1.544174e-15 
 1073.000  2.510458e+02  4.039874e+01 -2.291486e-15 
 1074.000  2.600699e+02  4.180145e+01 -3.272585e-15 
 1075.000  2.536755e+02  4.076460e+01 -2.631598e-15 
 1076.000  2.582105e+02  4.141110e+01  4.423342e-16 
 1077.000  2.562793e+02  4.101293e+01 -2.597844e-15 
 1078.000  2.554029e+02  4.078173e+01 -5.743226e-15 
 1079.000  2.453200e+02  3.911660e+01  6.258822e-15 
 1080.000  2.482218e+02  3.944577e+01 -1.276555e-15 
 1081.000  2.389148e+02  3.791473e+01  1.782832e-16 
 1082.000  2.438834e+02  3.868593e+01 -2.395857e-15 
 1083.000  2.350968e+02  3.720581e+01  2.411302e-15 
 1084.000  2.415623e+02  3.814323e+01 -6.580390e-15 
 1085.000  2.325012e+02  3.660287e+01  5.928356e-15 
 1086.000  2.369426e+02  3.726594e+01  7.844762e-15 
 1087.000  2.286289e+02  3.598527e+01 -9.996021e-16 
 1088.000  2.428344e+02  3.817745e+01  6.960024e-15 
 1089.000  2.258077e+02  3.536591e+01 -1.148366e-15 
 1090.000  2.292311e+02  3.584181e+01  3.414131e-15 
 1091.000  2.322128e+02  3.627128e+01  9.584739e-16 
 1092.000  2.229594e+02  3.474892e+01  5.901503e-15 
 1093.000  2.117814e+02  3.291442e+01 -5.673966e-16 
 1094.000  1.894453e+02  2.938572e+01 -1.817409e-15 
 1095.000  2.056051e+02  3.185155e+01 -1.700083e-15 
 1096.000  2.051911e+02  3.174105e+01 -1.918200e-15 
 1097.000  2.007198e+02  3.099161e+01  2.008479e-15 
 1098.000  1.784687e+02  2.726884e+01  5.348078e-16 
 1099.000  1.623517e+02  2.444961e+01 -5.526010e-17 
 1100.000  1.661825e+02  2.501222e+01  1.218047e-15 
