  400.000  5.563269e+02  4.574704e+02  5.167525e-14 
  401.000  5.543136e+02  4.520465e+02  2.081885e-13 
  402.000  5.888661e+02  4.762846e+02  2.410284e-14 
  403.000  5.528188e+02  4.434883e+02  7.363264e-14 
  404.000  5.954261e+02  4.738081e+02 -8.647088e-14 
  405.000  5.472630e+02  4.319855e+02  2.007198e-13 
  406.000  5.443248e+02  4.262437e+02  4.032448e-14 
  407.000  5.312815e+02  4.127413e+02 -1.188804e-14 
  408.000  5.767780e+02  4.445702e+02 -4.328212e-14 
  409.000  6.397441e+02  4.892601e+02 -4.516951e-14 
  410.000  5.359394e+02  4.067003e+02  6.877338e-14 
  411.000  6.305973e+02  4.748529e+02  3.844900e-14 
  412.000  6.546693e+02  4.892141e+02  1.510082e-13 
  413.000  6.196088e+02  4.595065e+02 -5.527032e-14 
  414.000  6.092708e+02  4.484294e+02  5.759351e-15 
  415.000  6.509858e+02  4.755550e+02 -1.793526e-15 
  416.000  6.481724e+02  4.699843e+02  1.718896e-13 
  417.000  6.295548e+02  4.531178e+02  1.457717e-13 
  418.000  6.169228e+02  4.407730e+02  1.461901e-13 
  419.000  6.331329e+02  4.490611e+02  2.217368e-13 
  420.000  5.368024e+02  3.779836e+02  7.719988e-14 
  421.000  6.736758e+02  4.709579e+02  1.059659e-14 
  422.000  6.465787e+02  4.487960e+02  4.445334e-14 
  423.000  5.469589e+02  3.769652e+02  5.376195e-14 
  424.000  6.025887e+02  4.123887e+02  2.118490e-14 
  425.000  6.250854e+02  4.247941e+02  8.978177e-15 
  426.000  6.018237e+02  4.061453e+02 -5.107981e-14 
  427.000  5.797863e+02  3.885738e+02 -1.175517e-13 
  428.000  5.879863e+02  3.913684e+02  1.140931e-13 
  429.000  5.357457e+02  3.541686e+02  7.621926e-14 
  430.000  4.281581e+02  2.811289e+02  1.147682e-13 
  431.000  3.855243e+02  2.514340e+02 -1.548638e-14 
  432.000  6.949699e+02  4.502225e+02  4.156878e-15 
  433.000  6.195249e+02  3.986827e+02  7.243839e-14 
  434.000  5.896823e+02  3.769758e+02  7.011532e-14 
  435.000  6.424781e+02  4.080361e+02 -1.526241e-13 
  436.000  7.134225e+02  4.501411e+02 -1.060937e-13 
  437.000  7.213193e+02  4.521762e+02  1.009189e-13 
  438.000  6.470513e+02  4.030080e+02 -1.530312e-13 
  439.000  6.270006e+02  3.880219e+02 -1.411586e-13 
  440.000  7.037045e+02  4.327173e+02 -1.372224e-13 
  441.000  7.023759e+02  4.291649e+02  4.656002e-14 
  442.000  7.407410e+02  4.497532e+02  1.465923e-13 
  443.000  7.466934e+02  4.505223e+02 -1.140829e-13 
  444.000  7.428306e+02  4.453918e+02 -4.686706e-14 
  445.000  7.824048e+02  4.661990e+02 -9.833321e-14 
  446.000  6.973671e+02  4.129465e+02 -2.005834e-13 
  447.000  7.963937e+02  4.687027e+02 -1.193940e-14 
  448.000  8.106981e+02  4.742734e+02 -9.001729e-14 
  449.000  8.172595e+02  4.752908e+02  5.530579e-14 
  450.000  8.361332e+02  4.834063e+02 -2.122929e-14 
  451.000  9.047534e+02  5.200027e+02  2.271151e-14 
  452.000  8.421199e+02  4.811622e+02 -1.356149e-13 
  453.000  7.826716e+02  4.445771e+02  2.714838e-14 
  454.000  8.354564e+02  4.717923e+02 -5.574423e-14 
  455.000  8.423221e+02  4.729077e+02 -4.520097e-14 
  456.000  8.637867e+02  4.821497e+02 -7.520320e-14 
  457.000  8.696797e+02  4.826496e+02  1.468205e-14 
  458.000  8.554141e+02  4.720185e+02  6.646174e-14 
  459.000  8.563298e+02  4.698320e+02 -9.359702e-14 
  460.000  8.498818e+02  4.636546e+02 -2.355993e-14 
  461.000  8.817299e+02  4.783217e+02 -1.194772e-13 
  462.000  8.683791e+02  4.684380e+02  8.705213e-14 
  463.000  8.695962e+02  4.664772e+02 -6.304219e-14 
  464.000  8.733741e+02  4.659182e+02 -1.155565e-14 
  465.000  8.615092e+02  4.570620e+02 -7.505662e-15 
  466.000  8.896988e+02  4.694311e+02  3.030332e-14 
  467.000  8.591490e+02  4.508330e+02 -6.186460e-14 
  468.000  9.104091e+02  4.751114e+02  1.547594e-15 
  469.000  9.032717e+02  4.687878e+02 -9.421102e-14 
  470.000  8.916370e+02  4.601846e+02  1.303232e-13 
  471.000  8.908037e+02  4.571883e+02  1.796748e-14 
  472.000  9.024522e+02  4.605708e+02  3.312439e-14 
  473.000  8.933643e+02  4.533596e+02  3.770603e-14 
  474.000  9.012583e+02  4.547687e+02  1.608608e-13 
  475.000  9.383422e+02  4.706913e+02  5.460774e-14 
  476.000  9.100603e+02  4.537180e+02  4.798736e-14 
  477.000  9.023004e+02  4.472166e+02 -6.280663e-14 
  478.000  9.476785e+02  4.674436e+02 -1.003371e-13 
  479.000  9.054514e+02  4.447046e+02  2.068485e-14 
  480.000  9.240925e+02  4.519859e+02 -7.390029e-14 
  481.000  9.192227e+02  4.476728e+02  3.598664e-14 
  482.000  9.391923e+02  4.553589e+02  1.413833e-13 
  483.000  9.408926e+02  4.540835e+02 -9.327550e-14 
  484.000  9.053833e+02  4.348774e+02 -2.575926e-14 
  485.000  9.127281e+02  4.362975e+02 -5.441014e-14 
  486.000  7.405729e+02  3.522952e+02 -4.344691e-14 
  487.000  8.329684e+02  3.943329e+02 -1.442696e-13 
  488.000  9.050779e+02  4.263991e+02  1.003917e-14 
  489.000  8.419515e+02  3.947476e+02  8.872615e-14 
  490.000  9.592040e+02  4.475634e+02 -7.720074e-14 
  491.000  8.982668e+02  4.171212e+02 -9.980502e-14 
  492.000  8.638784e+02  3.992345e+02  3.667182e-14 
  493.000  9.311224e+02  4.282650e+02  3.798912e-14 
  494.000  9.002070e+02  4.120823e+02 -1.263148e-13 
  495.000  9.630569e+02  4.387756e+02 -6.211133e-14 
  496.000  9.387223e+02  4.256755e+02  6.463459e-14 
  497.000  9.113635e+02  4.113370e+02  3.027373e-14 
  498.000  8.905665e+02  4.000808e+02 -1.482229e-13 
  499.000  8.891461e+02  3.975897e+02  3.045368e-14 
  500.000  8.859545e+02  3.943341e+02 -4.856804e-14 
  501.000  8.667991e+02  3.840322e+02  2.316459e-14 
  502.000  8.618184e+02  3.800784e+02 -7.916545e-14 
  503.000  9.139310e+02  4.012266e+02  2.316041e-14 
  504.000  8.510013e+02  3.719053e+02  2.942968e-14 
  505.000  9.186136e+02  3.996381e+02  3.295497e-14 
  506.000  9.840820e+02  4.262106e+02  5.335189e-14 
  507.000  9.162313e+02  3.950643e+02 -2.013543e-14 
  508.000  8.792629e+02  3.774525e+02 -5.802067e-14 
  509.000  9.487705e+02  4.055026e+02 -4.273138e-14 
  510.000  9.199047e+02  3.914441e+02  4.749773e-14 
  511.000  9.207704e+02  3.901025e+02 -7.759871e-14 
  512.000  9.670189e+02  4.079167e+02 -5.902115e-14 
  513.000  8.856040e+02  3.719590e+02  2.220891e-14 
  514.000  8.675652e+02  3.628144e+02  4.398721e-14 
  515.000  8.862477e+02  3.690398e+02 -4.880257e-14 
  516.000  9.315091e+02  3.862274e+02  5.631942e-14 
  517.000  6.866094e+02  2.834684e+02  3.481882e-14 
  518.000  8.505910e+02  3.496731e+02  2.960752e-14 
  519.000  8.063541e+02  3.300822e+02  1.895830e-14 
  520.000  8.883193e+02  3.621008e+02 -2.096384e-14 
  521.000  8.893516e+02  3.609945e+02 -7.887408e-14 
  522.000  9.251974e+02  3.739618e+02  3.118847e-14 
  523.000  8.623834e+02  3.470977e+02  4.656470e-14 
  524.000  9.361983e+02  3.752226e+02 -1.523110e-13 
  525.000  9.292490e+02  3.708712e+02  1.121537e-13 
  526.000  8.860942e+02  3.521802e+02  1.907887e-14 
  527.000  7.745037e+02  3.065486e+02  1.612661e-14 
  528.000  9.307297e+02  3.668566e+02 -6.907492e-14 
  529.000  9.577163e+02  3.759371e+02 -2.042418e-15 
  530.000  9.054872e+02  3.539789e+02 -3.087826e-14 
  531.000  9.861949e+02  3.839591e+02  2.333337e-14 
  532.000  9.413725e+02  3.650320e+02 -5.127332e-14 
  533.000  8.272820e+02  3.195204e+02 -9.377699e-14 
  534.000  9.001103e+02  3.463034e+02  7.439593e-14 
  535.000  9.188821e+02  3.521801e+02 -7.772170e-15 
  536.000  9.755685e+02  3.724856e+02  1.448269e-14 
  537.000  9.055923e+02  3.444496e+02 -1.314641e-13 
  538.000  9.484903e+02  3.593851e+02 -7.907458e-14 
  539.000  9.458848e+02  3.570256e+02 -2.524379e-14 
  540.000  9.261885e+02  3.482534e+02 -1.875019e-13 
  541.000  8.497759e+02  3.183023e+02  1.701987e-14 
  542.000  9.484622e+02  3.539145e+02 -8.767432e-14 
  543.000  9.077594e+02  3.374398e+02 -2.154866e-14 
  544.000  9.580239e+02  3.547732e+02  2.806747e-14 
  545.000  9.443301e+02  3.483789e+02 -4.639298e-15 
  546.000  9.238937e+02  3.395538e+02 -7.478949e-14 
  547.000  9.637347e+02  3.528679e+02  5.696126e-14 
  548.000  8.947451e+02  3.263825e+02  1.029518e-13 
  549.000  9.422330e+02  3.424252e+02 -7.743217e-15 
  550.000  9.222339e+02  3.339118e+02  2.246897e-14 
  551.000  9.172839e+02  3.308848e+02  9.002189e-14 
  552.000  9.576907e+02  3.441827e+02 -5.023566e-15 
  553.000  9.210006e+02  3.297740e+02 -7.494860e-14 
  554.000  9.519498e+02  3.396003e+02 -6.621936e-14 
  555.000  9.554929e+02  3.396133e+02 -6.688855e-14 
  556.000  9.300004e+02  3.293427e+02  2.216773e-13 
  557.000  9.032144e+02  3.186854e+02 -1.232587e-13 
  558.000  9.383625e+02  3.298773e+02 -2.805263e-14 
  559.000  8.877426e+02  3.109436e+02 -5.072733e-14 
  560.000  8.924109e+02  3.114355e+02  5.954337e-14 
  561.000  9.816207e+02  3.413125e+02  1.383967e-13 
  562.000  9.015388e+02  3.122493e+02 -3.917151e-14 
  563.000  9.439393e+02  3.257271e+02 -7.055763e-14 
  564.000  9.313032e+02  3.201623e+02 -1.159464e-13 
  565.000  9.428366e+02  3.228661e+02 -6.338455e-16 
  566.000  8.699525e+02  2.968144e+02  8.404522e-14 
  567.000  9.329705e+02  3.169069e+02  1.522938e-13 
  568.000  9.272819e+02  3.128375e+02 -4.768078e-14 
  569.000  9.001263e+02  3.009493e+02  2.832641e-14 
  570.000  9.071733e+02  3.024597e+02 -6.288727e-15 
  571.000  8.825083e+02  2.943706e+02 -6.844805e-14 
  572.000  9.269495e+02  3.069080e+02 -1.554465e-14 
  573.000  9.394737e+02  3.102804e+02  9.213330e-16 
  574.000  9.356970e+02  3.080456e+02  2.525551e-14 
  575.000  9.131577e+02  2.994869e+02 -1.376908e-14 
  576.000  8.972397e+02  2.932197e+02 -1.681071e-14 
  577.000  9.372838e+02  3.055403e+02  2.943990e-15 
  578.000  9.131798e+02  2.972274e+02 -5.019597e-15 
  579.000  9.087537e+02  2.951845e+02 -3.597106e-14 
  580.000  9.421431e+02  3.052878e+02  7.513923e-15 
  581.000  9.281186e+02  3.002352e+02  1.218706e-14 
  582.000  9.440302e+02  3.046323e+02  2.522164e-14 
  583.000  9.517794e+02  3.061865e+02  1.930970e-14 
  584.000  9.498972e+02  3.046337e+02 -1.470366e-13 
  585.000  9.444903e+02  3.019040e+02  9.072795e-15 
  586.000  9.047814e+02  2.882719e+02 -2.335364e-14 
  587.000  9.376740e+02  2.971685e+02  6.094463e-15 
  588.000  9.151235e+02  2.869986e+02 -5.234180e-15 
  589.000  7.931965e+02  2.460433e+02  1.772917e-16 
  590.000  8.275948e+02  2.557845e+02 -6.071356e-15 
  591.000  8.940668e+02  2.767727e+02 -9.191488e-15 
  592.000  8.703292e+02  2.678641e+02  2.557643e-14 
  593.000  8.959506e+02  2.765401e+02  2.341458e-14 
  594.000  9.013214e+02  2.768932e+02 -5.745658e-15 
  595.000  8.737349e+02  2.664680e+02 -2.694574e-14 
  596.000  9.122692e+02  2.790613e+02  5.301608e-14 
  597.000  9.124666e+02  2.778572e+02 -5.662294e-14 
  598.000  9.011585e+02  2.743711e+02 -1.461533e-15 
  599.000  9.049668e+02  2.750623e+02  3.337668e-14 
  600.000  9.118956e+02  2.772341e+02 -4.130568e-14 
  601.000  9.115979e+02  2.769526e+02  4.813304e-15 
  602.000  9.037805e+02  2.740268e+02 -6.851785e-14 
  603.000  9.113942e+02  2.757729e+02  1.639222e-14 
  604.000  9.421363e+02  2.844276e+02  8.557942e-14 
  605.000  9.410865e+02  2.833477e+02  5.429809e-15 
  606.000  9.311487e+02  2.795312e+02  1.894247e-14 
  607.000  9.268698e+02  2.774259e+02  6.740064e-14 
  608.000  9.243616e+02  2.758488e+02 -6.125471e-14 
  609.000  9.157289e+02  2.724535e+02 -8.046053e-15 
  610.000  9.018862e+02  2.675313e+02 -3.011508e-14 
  611.000  9.173369e+02  2.712990e+02  4.768844e-14 
  612.000  9.061865e+02  2.671985e+02  5.072514e-14 
  613.000  8.937145e+02  2.627307e+02 -3.460111e-14 
  614.000  8.621715e+02  2.526969e+02  1.792666e-14 
  615.000  9.042203e+02  2.642283e+02  5.076787e-14 
  616.000  8.604360e+02  2.506803e+02 -4.794412e-14 
  617.000  8.659695e+02  2.515332e+02  6.976284e-15 
  618.000  9.074761e+02  2.627917e+02 -3.298950e-14 
  619.000  8.997645e+02  2.597633e+02 -8.890428e-14 
  620.000  9.136441e+02  2.629628e+02 -6.549028e-14 
  621.000  9.299059e+02  2.668168e+02 -1.318009e-13 
  622.000  8.813083e+02  2.520853e+02  1.469194e-14 
  623.000  8.885802e+02  2.533609e+02 -2.109574e-14 
  624.000  8.899312e+02  2.529480e+02  2.101946e-14 
  625.000  8.661578e+02  2.454136e+02  1.674467e-13 
  626.000  8.702694e+02  2.456828e+02 -4.319306e-14 
  627.000  8.806206e+02  2.469467e+02  9.036440e-14 
  628.000  8.586837e+02  2.383969e+02  1.738688e-14 
  629.000  8.855526e+02  2.459047e+02  3.195888e-14 
  630.000  8.609195e+02  2.389566e+02 -3.420980e-14 
  631.000  8.951776e+02  2.481220e+02 -3.345141e-14 
  632.000  8.305703e+02  2.290371e+02 -3.611603e-14 
  633.000  8.975851e+02  2.476031e+02 -5.819810e-14 
  634.000  8.729972e+02  2.404543e+02 -2.020519e-14 
  635.000  8.895942e+02  2.443340e+02  1.877805e-14 
  636.000  8.598026e+02  2.356692e+02 -4.518431e-14 
  637.000  8.895267e+02  2.432512e+02 -2.921195e-14 
  638.000  9.064866e+02  2.476551e+02  3.763221e-15 
  639.000  8.998408e+02  2.451804e+02 -9.161474e-15 
  640.000  8.734571e+02  2.375576e+02  4.402465e-14 
  641.000  8.866860e+02  2.404835e+02  6.627804e-14 
  642.000  8.775269e+02  2.375008e+02  1.789100e-14 
  643.000  8.918613e+02  2.404023e+02  4.656503e-14 
  644.000  8.822532e+02  2.371578e+02  2.393200e-14 
  645.000  8.879648e+02  2.376644e+02 -1.291933e-14 
  646.000  8.441438e+02  2.239800e+02 -4.501602e-14 
  647.000  8.487780e+02  2.238531e+02  1.504851e-14 
  648.000  8.394845e+02  2.201155e+02 -2.732476e-14 
  649.000  8.638661e+02  2.264908e+02  1.933382e-14 
  650.000  8.139427e+02  2.141713e+02 -4.892984e-17 
  651.000  8.772475e+02  2.301976e+02 -7.468117e-15 
  652.000  8.487127e+02  2.208743e+02  1.700602e-14 
  653.000  8.804969e+02  2.300234e+02  1.773591e-14 
  654.000  8.679341e+02  2.259445e+02 -5.436714e-16 
  655.000  8.405344e+02  2.176775e+02  6.547155e-14 
  656.000  7.154890e+02  1.849529e+02 -1.285289e-14 
  657.000  7.665206e+02  1.978867e+02 -4.846515e-15 
  658.000  8.589733e+02  2.217342e+02  2.102423e-14 
  659.000  8.642460e+02  2.228650e+02 -2.844204e-14 
  660.000  8.727047e+02  2.246131e+02 -8.376223e-15 
  661.000  8.805221e+02  2.265221e+02  3.683307e-14 
  662.000  8.952226e+02  2.299508e+02  1.405527e-14 
  663.000  8.854736e+02  2.267850e+02 -2.268348e-14 
  664.000  8.724293e+02  2.229450e+02 -2.962714e-14 
  665.000  8.772043e+02  2.236495e+02 -4.893914e-14 
  666.000  8.888832e+02  2.261348e+02 -3.131285e-14 
  667.000  8.721481e+02  2.213665e+02  2.275490e-15 
  668.000  8.781480e+02  2.224008e+02  7.609861e-14 
  669.000  8.915405e+02  2.252483e+02  2.397231e-14 
  670.000  8.815518e+02  2.221737e+02  8.441960e-14 
  671.000  8.729256e+02  2.194637e+02  1.834957e-14 
  672.000  8.707177e+02  2.183636e+02  8.032720e-14 
  673.000  8.775818e+02  2.195366e+02 -2.963697e-14 
  674.000  8.799063e+02  2.195704e+02 -6.362865e-14 
  675.000  8.670763e+02  2.158325e+02  1.239912e-14 
  676.000  8.840453e+02  2.195097e+02  4.504359e-14 
  677.000  8.670494e+02  2.147563e+02  7.517731e-14 
  678.000  8.819879e+02  2.179171e+02 -5.422105e-14 
  679.000  8.700064e+02  2.144111e+02 -1.373723e-13 
  680.000  8.633839e+02  2.121738e+02  1.676801e-14 
  681.000  8.643113e+02  2.117810e+02 -3.731902e-14 
  682.000  8.627777e+02  2.108517e+02  1.781062e-14 
  683.000  8.687126e+02  2.117182e+02 -2.047404e-15 
  684.000  8.525478e+02  2.071047e+02  2.763313e-14 
  685.000  8.632681e+02  2.092916e+02  1.498309e-14 
  686.000  8.241530e+02  1.990286e+02 -3.503191e-14 
  687.000  7.176479e+02  1.693672e+02  8.840030e-15 
  688.000  7.528135e+02  1.780505e+02  4.437686e-14 
  689.000  7.444595e+02  1.753631e+02 -2.486976e-14 
  690.000  7.664236e+02  1.805632e+02 -3.781888e-16 
  691.000  7.909186e+02  1.864568e+02  4.713853e-14 
  692.000  7.947640e+02  1.870397e+02 -2.650606e-14 
  693.000  7.790181e+02  1.818508e+02  2.215838e-14 
  694.000  7.654646e+02  1.774562e+02 -3.165771e-14 
  695.000  7.656811e+02  1.774783e+02 -7.386689e-15 
  696.000  7.830699e+02  1.813678e+02 -2.669249e-14 
  697.000  8.235683e+02  1.922181e+02  7.570216e-15 
  698.000  8.002023e+02  1.858143e+02  5.092567e-14 
  699.000  7.798675e+02  1.791520e+02  2.394519e-14 
  700.000  7.765493e+02  1.781471e+02 -1.308302e-14 
  701.000  7.516901e+02  1.717691e+02  1.527937e-15 
  702.000  7.536902e+02  1.720042e+02  4.619439e-15 
  703.000  7.932466e+02  1.818311e+02 -1.525070e-14 
  704.000  7.969783e+02  1.823150e+02  2.751241e-15 
  705.000  7.912396e+02  1.800149e+02 -3.270824e-14 
  706.000  7.853823e+02  1.783624e+02  4.762634e-14 
  707.000  7.779482e+02  1.764470e+02 -2.833602e-14 
  708.000  8.054295e+02  1.824743e+02  7.649410e-15 
  709.000  7.862346e+02  1.781955e+02  2.038150e-14 
  710.000  7.945130e+02  1.791199e+02 -2.817210e-14 
  711.000  7.968444e+02  1.797513e+02  3.549717e-14 
  712.000  7.945027e+02  1.793117e+02 -1.881902e-15 
  713.000  7.843649e+02  1.761813e+02 -4.618423e-14 
  714.000  7.953767e+02  1.780846e+02  1.154763e-14 
  715.000  7.564641e+02  1.683986e+02 -1.693788e-14 
  716.000  7.641396e+02  1.691427e+02  1.279995e-16 
  717.000  6.707551e+02  1.460036e+02  1.568984e-14 
  718.000  6.232953e+02  1.337273e+02 -3.483951e-15 
  719.000  6.006981e+02  1.278776e+02  1.628599e-15 
  720.000  5.825651e+02  1.227538e+02 -1.168471e-15 
  721.000  6.839017e+02  1.479957e+02  2.227620e-16 
  722.000  7.322545e+02  1.591907e+02 -3.644419e-15 
  723.000  7.088562e+02  1.531648e+02  9.325265e-15 
  724.000  6.522128e+02  1.388646e+02  6.142170e-15 
  725.000  6.537435e+02  1.391589e+02 -5.876961e-15 
  726.000  6.499554e+02  1.379576e+02  1.906856e-14 
  727.000  6.682605e+02  1.418250e+02  6.141413e-18 
  728.000  6.478528e+02  1.368944e+02  7.931956e-15 
  729.000  6.441706e+02  1.365431e+02 -1.563787e-16 
  730.000  6.642933e+02  1.404166e+02 -5.831460e-15 
  731.000  6.489364e+02  1.367621e+02 -1.822214e-14 
  732.000  7.002172e+02  1.483616e+02  1.413517e-14 
  733.000  7.273490e+02  1.548795e+02 -1.028475e-14 
  734.000  7.613080e+02  1.624821e+02 -2.258128e-15 
  735.000  7.489026e+02  1.592377e+02  4.066738e-14 
  736.000  7.233256e+02  1.530621e+02  7.216961e-16 
  737.000  7.421140e+02  1.570070e+02 -2.365229e-14 
  738.000  7.527627e+02  1.594047e+02 -3.084191e-15 
  739.000  7.338122e+02  1.552885e+02 -1.570231e-14 
  740.000  7.526588e+02  1.595319e+02 -2.806638e-14 
  741.000  7.536008e+02  1.597813e+02 -4.000662e-14 
  742.000  7.441699e+02  1.576128e+02 -1.153604e-15 
  743.000  7.725452e+02  1.636940e+02  1.926073e-14 
  744.000  7.828199e+02  1.656912e+02 -1.553948e-14 
  745.000  7.647774e+02  1.616881e+02  9.080321e-15 
  746.000  7.773041e+02  1.641104e+02  2.239162e-14 
  747.000  7.899767e+02  1.664432e+02 -9.144871e-14 
  748.000  7.769662e+02  1.634522e+02 -2.487283e-14 
  749.000  7.779686e+02  1.633519e+02 -1.061470e-14 
  750.000  7.663164e+02  1.605094e+02  9.008916e-14 
  751.000  7.647292e+02  1.598377e+02  4.428918e-14 
  752.000  7.778024e+02  1.623112e+02  1.523708e-14 
  753.000  7.710955e+02  1.605954e+02 -1.246141e-14 
  754.000  7.837023e+02  1.628906e+02 -1.395226e-14 
  755.000  7.795902e+02  1.616955e+02 -8.810434e-14 
  756.000  7.647181e+02  1.582795e+02  4.442571e-14 
  757.000  7.706466e+02  1.591700e+02 -4.180082e-14 
  758.000  7.688580e+02  1.583890e+02  3.565135e-14 
  759.000  6.894315e+02  1.397420e+02  2.077453e-14 
  760.000  2.474158e+02  4.564175e+01  3.900783e-15 
  761.000  2.118149e+02  3.844107e+01  2.015901e-15 
  762.000  4.385501e+02  8.424133e+01  1.678842e-15 
  763.000  3.727821e+02  7.040169e+01  4.170503e-15 
  764.000  4.122733e+02  7.824537e+01  1.262783e-15 
  765.000  5.041089e+02  9.741981e+01  7.158607e-15 
  766.000  5.855244e+02  1.158869e+02  1.141755e-14 
  767.000  6.482321e+02  1.289007e+02  4.537884e-15 
  768.000  7.105443e+02  1.418502e+02  1.665953e-14 
  769.000  7.319709e+02  1.466199e+02  5.903430e-15 
  770.000  7.397735e+02  1.483277e+02 -3.723818e-14 
  771.000  7.462747e+02  1.495942e+02  1.416589e-14 
  772.000  7.449242e+02  1.490844e+02  6.809299e-14 
  773.000  7.426864e+02  1.483596e+02  3.004757e-15 
  774.000  7.513932e+02  1.498210e+02 -4.503903e-14 
  775.000  7.237115e+02  1.440251e+02  5.283982e-14 
  776.000  7.540164e+02  1.497656e+02 -3.126885e-16 
  777.000  7.490590e+02  1.484743e+02 -3.854377e-14 
  778.000  7.452144e+02  1.473988e+02  2.961685e-14 
  779.000  7.478159e+02  1.476003e+02  3.408234e-14 
  780.000  7.387398e+02  1.455013e+02 -2.145373e-14 
  781.000  7.381790e+02  1.451321e+02  3.071767e-14 
  782.000  7.472386e+02  1.466030e+02  7.154139e-14 
  783.000  7.299497e+02  1.429104e+02  8.574337e-15 
  784.000  7.339311e+02  1.433647e+02  9.840663e-14 
  785.000  7.340395e+02  1.429134e+02 -3.645694e-14 
  786.000  7.183556e+02  1.393018e+02 -5.085661e-14 
  787.000  7.220554e+02  1.392581e+02 -2.687563e-15 
  788.000  7.076642e+02  1.359681e+02 -7.514841e-15 
  789.000  6.985345e+02  1.332355e+02  7.082150e-17 
  790.000  6.904619e+02  1.313752e+02  2.016675e-14 
  791.000  6.895974e+02  1.310619e+02 -1.935395e-14 
  792.000  6.811734e+02  1.293128e+02 -2.129975e-14 
  793.000  6.860597e+02  1.302567e+02  7.306572e-15 
  794.000  6.903973e+02  1.314972e+02 -1.392697e-14 
  795.000  6.799991e+02  1.288324e+02  6.311566e-15 
  796.000  6.732621e+02  1.264147e+02  5.528118e-15 
  797.000  6.829850e+02  1.282115e+02 -1.554571e-14 
  798.000  6.953203e+02  1.308595e+02  1.074492e-14 
  799.000  6.922614e+02  1.298809e+02 -1.026022e-14 
  800.000  6.660779e+02  1.243196e+02 -4.576978e-15 
  801.000  6.796395e+02  1.266456e+02 -1.052153e-14 
  802.000  6.776476e+02  1.259876e+02  2.443343e-14 
  803.000  6.693483e+02  1.242555e+02  1.618338e-14 
  804.000  6.795927e+02  1.260984e+02 -5.030726e-15 
  805.000  6.686448e+02  1.242121e+02 -3.175963e-14 
  806.000  6.915281e+02  1.284778e+02  3.372482e-14 
  807.000  6.877818e+02  1.275429e+02 -3.840247e-14 
  808.000  6.811459e+02  1.259125e+02 -2.851386e-15 
  809.000  6.666171e+02  1.228114e+02 -1.096481e-14 
  810.000  6.602731e+02  1.212243e+02  1.737741e-15 
  811.000  6.636926e+02  1.212788e+02 -6.666174e-15 
  812.000  6.516820e+02  1.184627e+02  3.561586e-15 
  813.000  6.369634e+02  1.151693e+02  3.317980e-14 
  814.000  6.202640e+02  1.115140e+02 -3.323735e-15 
  815.000  5.940684e+02  1.061602e+02 -1.316900e-14 
  816.000  5.643676e+02  1.001790e+02  5.224592e-15 
  817.000  5.691246e+02  1.008358e+02  3.907014e-15 
  818.000  5.677385e+02  1.004362e+02  4.386325e-15 
  819.000  5.605672e+02  9.915446e+01 -4.558541e-15 
  820.000  5.762732e+02  1.022647e+02  1.362612e-14 
  821.000  6.272648e+02  1.119126e+02  2.484228e-15 
  822.000  5.862231e+02  1.037916e+02  1.737732e-14 
  823.000  5.296635e+02  9.237376e+01 -4.923786e-15 
  824.000  5.929749e+02  1.043921e+02 -1.349738e-14 
  825.000  6.285832e+02  1.113746e+02 -1.992936e-14 
  826.000  6.266032e+02  1.106520e+02  1.741998e-14 
  827.000  6.200687e+02  1.091646e+02  2.089679e-14 
  828.000  5.950548e+02  1.040379e+02 -6.996375e-15 
  829.000  6.034172e+02  1.054738e+02 -7.269867e-15 
  830.000  6.034894e+02  1.055097e+02  1.804994e-15 
  831.000  5.952702e+02  1.039409e+02 -1.104336e-14 
  832.000  6.087057e+02  1.061362e+02  5.628398e-15 
  833.000  5.952725e+02  1.037504e+02  6.201883e-15 
  834.000  6.106088e+02  1.064233e+02  8.484664e-15 
  835.000  6.242407e+02  1.090512e+02 -2.199682e-14 
  836.000  6.277523e+02  1.093137e+02  5.818707e-15 
  837.000  6.223455e+02  1.081640e+02  1.576496e-14 
  838.000  6.306581e+02  1.096403e+02  9.774012e-15 
  839.000  6.145834e+02  1.068009e+02 -1.291412e-14 
  840.000  6.324656e+02  1.097636e+02  1.296323e-14 
  841.000  6.305582e+02  1.090626e+02 -2.528342e-14 
  842.000  6.300878e+02  1.089313e+02 -1.599626e-15 
  843.000  6.336594e+02  1.097467e+02 -2.144680e-14 
  844.000  6.267522e+02  1.085514e+02 -6.566045e-15 
  845.000  6.380316e+02  1.104002e+02  4.035639e-15 
  846.000  6.455436e+02  1.116027e+02 -7.958081e-15 
  847.000  6.251716e+02  1.079794e+02 -1.239366e-14 
  848.000  6.407869e+02  1.102926e+02 -8.236994e-15 
  849.000  6.424759e+02  1.104031e+02 -3.823466e-15 
  850.000  5.543498e+02  9.500139e+01  1.463302e-14 
  851.000  6.335106e+02  1.082602e+02 -5.904457e-15 
  852.000  6.097844e+02  1.040241e+02  1.432784e-14 
  853.000  6.196928e+02  1.056951e+02  4.146550e-15 
  854.000  4.982104e+02  8.481215e+01  2.623670e-14 
  855.000  5.497581e+02  9.349691e+01  1.368461e-14 
  856.000  6.266543e+02  1.065645e+02  4.204054e-15 
  857.000  6.379341e+02  1.083801e+02 -2.149828e-15 
  858.000  6.284466e+02  1.066220e+02 -1.645486e-14 
  859.000  6.297264e+02  1.067513e+02  3.934311e-15 
  860.000  6.248043e+02  1.057743e+02 -2.340070e-14 
  861.000  6.249656e+02  1.056171e+02 -3.219667e-14 
  862.000  6.233555e+02  1.051807e+02 -3.910501e-14 
  863.000  6.354655e+02  1.070330e+02 -8.565650e-15 
  864.000  6.345648e+02  1.067079e+02 -1.146901e-14 
  865.000  6.230653e+02  1.046008e+02  3.560749e-14 
  866.000  5.227928e+02  8.761158e+01  3.496677e-14 
  867.000  5.568180e+02  9.314200e+01 -2.544192e-14 
  868.000  6.040544e+02  1.008633e+02 -3.929632e-15 
  869.000  5.957775e+02  9.930692e+01  1.536176e-14 
  870.000  6.204543e+02  1.032296e+02 -7.214066e-15 
  871.000  6.197769e+02  1.029364e+02 -1.160131e-15 
  872.000  6.175674e+02  1.023975e+02 -6.413318e-15 
  873.000  6.200490e+02  1.026116e+02 -1.576993e-15 
  874.000  6.065259e+02  1.001869e+02 -3.540800e-15 
  875.000  6.010681e+02  9.910582e+01  3.472676e-14 
  876.000  6.059999e+02  9.972161e+01 -1.721685e-14 
  877.000  6.181387e+02  1.015289e+02 -9.874077e-15 
  878.000  6.069807e+02  9.945476e+01 -1.199506e-14 
  879.000  6.084697e+02  9.951678e+01  3.559138e-15 
  880.000  6.044979e+02  9.863646e+01 -3.740235e-14 
  881.000  5.728747e+02  9.328104e+01  1.179482e-14 
  882.000  6.043449e+02  9.820152e+01 -2.425557e-14 
  883.000  5.909708e+02  9.588546e+01  4.826759e-14 
  884.000  5.962419e+02  9.658030e+01  1.109984e-14 
  885.000  6.012894e+02  9.711520e+01 -3.079592e-14 
  886.000  5.800784e+02  9.340539e+01 -7.181734e-15 
  887.000  5.755313e+02  9.259302e+01 -4.954418e-14 
  888.000  5.928013e+02  9.519552e+01  8.915974e-15 
  889.000  5.972588e+02  9.577424e+01 -4.670008e-14 
  890.000  5.944033e+02  9.505842e+01 -6.135965e-15 
  891.000  5.890495e+02  9.389803e+01 -2.032876e-14 
  892.000  5.817822e+02  9.226503e+01 -1.386727e-14 
  893.000  5.433954e+02  8.532097e+01 -1.567264e-15 
  894.000  5.529175e+02  8.636879e+01 -7.862298e-16 
  895.000  4.999203e+02  7.739133e+01 -1.800694e-14 
  896.000  4.930471e+02  7.578889e+01  2.718453e-15 
  897.000  4.547893e+02  6.933699e+01  8.560101e-15 
  898.000  4.432142e+02  6.719711e+01 -2.481101e-15 
  899.000  4.094196e+02  6.114637e+01  2.265931e-16 
  900.000  4.037220e+02  6.030945e+01 -1.347372e-15 
  901.000  3.870773e+02  5.749960e+01 -2.079638e-15 
  902.000  3.817074e+02  5.666732e+01  9.333010e-16 
  903.000  4.583217e+02  6.927737e+01 -2.570016e-15 
  904.000  5.011837e+02  7.614038e+01  1.107273e-14 
  905.000  4.987837e+02  7.565421e+01 -4.458293e-15 
  906.000  4.635002e+02  6.990586e+01 -6.736362e-15 
  907.000  4.327494e+02  6.452579e+01 -1.247786e-15 
  908.000  3.970882e+02  5.850268e+01  2.631163e-15 
  909.000  3.912648e+02  5.756474e+01 -3.795275e-15 
  910.000  3.995187e+02  5.877414e+01  3.535988e-15 
  911.000  4.142535e+02  6.124450e+01 -3.283654e-16 
  912.000  4.075575e+02  5.997136e+01  3.663799e-15 
  913.000  3.839155e+02  5.551944e+01  1.451687e-15 
  914.000  3.977498e+02  5.788982e+01  1.991649e-15 
  915.000  4.036609e+02  5.901607e+01  2.162638e-15 
  916.000  4.123477e+02  6.028746e+01 -3.055607e-16 
  917.000  4.131588e+02  6.049363e+01  1.546241e-15 
  918.000  4.204191e+02  6.167300e+01  3.330152e-15 
  919.000  4.584096e+02  6.769267e+01 -5.517793e-15 
  920.000  4.792069e+02  7.099684e+01  8.516617e-16 
  921.000  4.635277e+02  6.850675e+01 -3.438984e-16 
  922.000  4.590402e+02  6.773028e+01 -1.160763e-14 
  923.000  4.333904e+02  6.375866e+01  4.286651e-15 
  924.000  4.357124e+02  6.378557e+01 -2.104922e-15 
  925.000  4.399769e+02  6.424989e+01  1.261535e-15 
  926.000  4.232347e+02  6.161079e+01  2.105549e-15 
  927.000  4.197831e+02  6.064667e+01 -9.112025e-15 
  928.000  3.934839e+02  5.607256e+01  3.223925e-15 
  929.000  3.485482e+02  4.854252e+01  2.392622e-15 
  930.000  3.007151e+02  4.087602e+01  7.943951e-16 
  931.000  2.522079e+02  3.359035e+01  4.668233e-16 
  932.000  1.918687e+02  2.486305e+01  6.607088e-16 
  933.000  1.551542e+02  1.968611e+01 -8.242753e-16 
  934.000  1.204401e+02  1.491384e+01  3.416819e-17 
  935.000  1.151194e+02  1.419075e+01 -6.338701e-17 
  936.000  1.261246e+02  1.565688e+01 -5.958792e-17 
  937.000  1.261724e+02  1.561004e+01 -3.968432e-17 
  938.000  1.633100e+02  2.068660e+01 -1.275356e-16 
  939.000  2.853645e+02  3.778119e+01 -1.916018e-16 
  940.000  3.047859e+02  4.066444e+01  4.199523e-16 
  941.000  2.810936e+02  3.718576e+01 -8.096457e-16 
  942.000  2.318470e+02  3.019178e+01  5.223640e-16 
  943.000  1.831052e+02  2.328203e+01 -2.969509e-16 
  944.000  1.739857e+02  2.203530e+01 -3.035811e-16 
  945.000  1.957939e+02  2.495819e+01  3.019452e-16 
  946.000  1.999825e+02  2.547778e+01  6.295441e-17 
  947.000  2.187587e+02  2.805145e+01 -1.753726e-17 
  948.000  2.322266e+02  2.986418e+01  2.537764e-16 
  949.000  2.318590e+02  2.977727e+01  2.656328e-17 
  950.000  2.336231e+02  2.999651e+01 -3.525540e-16 
  951.000  2.599782e+02  3.364904e+01 -4.868848e-16 
  952.000  2.312488e+02  2.962325e+01  2.062772e-15 
  953.000  2.514750e+02  3.240984e+01  6.184041e-17 
  954.000  2.722061e+02  3.534049e+01  8.645330e-17 
  955.000  2.376853e+02  3.064282e+01 -2.058975e-17 
  956.000  2.504599e+02  3.225008e+01 -3.218062e-16 
  957.000  3.098470e+02  4.080048e+01  1.367910e-16 
  958.000  3.210233e+02  4.241180e+01 -1.456546e-15 
  959.000  3.123626e+02  4.102781e+01 -6.555897e-16 
  960.000  3.068708e+02  4.021222e+01 -6.650496e-16 
  961.000  2.988626e+02  3.903140e+01  1.052509e-15 
  962.000  3.053295e+02  3.991267e+01  1.062780e-15 
  963.000  3.395233e+02  4.511335e+01 -4.275588e-15 
  964.000  3.410012e+02  4.538195e+01  6.072597e-16 
  965.000  3.421288e+02  4.539306e+01  1.911822e-15 
  966.000  3.344712e+02  4.437339e+01  8.756472e-17 
  967.000  3.706581e+02  4.979258e+01 -1.761256e-15 
  968.000  4.116844e+02  5.605399e+01 -1.172706e-15 
  969.000  4.356287e+02  5.949739e+01  9.892123e-15 
  970.000  4.381887e+02  5.978161e+01  1.705275e-15 
  971.000  4.338994e+02  5.909929e+01  6.770172e-15 
  972.000  4.309347e+02  5.852537e+01  2.254698e-15 
  973.000  4.132686e+02  5.587784e+01  4.413550e-15 
  974.000  3.908200e+02  5.255585e+01 -4.254202e-15 
  975.000  3.825624e+02  5.120282e+01 -6.479794e-16 
  976.000  4.000261e+02  5.365594e+01 -3.711119e-15 
  977.000  4.109032e+02  5.528814e+01  2.440508e-16 
  978.000  4.194924e+02  5.634929e+01  9.679321e-17 
  979.000  4.130070e+02  5.546843e+01  2.372817e-15 
  980.000  4.411178e+02  5.943961e+01  3.389060e-15 
  981.000  4.493713e+02  6.054230e+01  1.439901e-14 
  982.000  4.435748e+02  5.960654e+01 -3.895355e-15 
  983.000  4.541660e+02  6.113058e+01  1.817925e-14 
  984.000  4.632952e+02  6.251392e+01 -6.401318e-15 
  985.000  4.701029e+02  6.350811e+01  7.981219e-15 
  986.000  4.752834e+02  6.437139e+01 -1.226677e-14 
  987.000  4.847418e+02  6.568212e+01  1.143327e-14 
  988.000  4.797673e+02  6.493772e+01  1.296598e-14 
  989.000  4.743359e+02  6.412122e+01  5.706005e-15 
  990.000  4.794034e+02  6.473648e+01  7.544272e-15 
  991.000  4.867364e+02  6.574599e+01 -2.481963e-14 
  992.000  4.832583e+02  6.520737e+01  1.617250e-15 
  993.000  4.836701e+02  6.517141e+01 -1.117430e-14 
  994.000  4.891535e+02  6.591355e+01  4.293906e-15 
  995.000  4.876540e+02  6.569790e+01 -1.465588e-14 
  996.000  4.876099e+02  6.558459e+01  3.901550e-15 
  997.000  4.869105e+02  6.532530e+01 -2.903293e-15 
  998.000  4.836959e+02  6.472100e+01  8.594737e-16 
  999.000  4.820516e+02  6.438934e+01 -7.537138e-15 
 1000.000  4.786707e+02  6.383610e+01  6.791254e-15 
 1001.000  4.783709e+02  6.358687e+01 -1.723734e-15 
 1002.000  4.729185e+02  6.258328e+01  1.126615e-14 
 1003.000  4.686052e+02  6.195233e+01 -1.734486e-14 
 1004.000  4.674889e+02  6.180530e+01 -2.238086e-14 
 1005.000  4.378742e+02  5.784120e+01 -1.947073e-14 
 1006.000  4.613265e+02  6.085631e+01  6.632808e-15 
 1007.000  4.688964e+02  6.171972e+01  2.356624e-16 
 1008.000  4.670857e+02  6.124085e+01 -1.185378e-14 
 1009.000  4.591968e+02  5.994091e+01 -1.265795e-15 
 1010.000  4.632746e+02  6.044954e+01  8.616709e-15 
 1011.000  4.662812e+02  6.093527e+01 -1.309700e-14 
 1012.000  4.685958e+02  6.121851e+01 -4.475093e-15 
 1013.000  4.668785e+02  6.096075e+01  3.844315e-15 
 1014.000  4.705909e+02  6.135921e+01 -2.737151e-14 
 1015.000  4.621046e+02  6.016203e+01 -7.181823e-15 
 1016.000  4.658617e+02  6.058702e+01  2.915001e-15 
 1017.000  4.617533e+02  5.997527e+01 -1.209023e-14 
 1018.000  4.669497e+02  6.051151e+01 -1.730250e-14 
 1019.000  4.546439e+02  5.876248e+01  1.466031e-14 
 1020.000  4.543716e+02  5.865830e+01  2.605814e-15 
 1021.000  4.601839e+02  5.935403e+01  5.224726e-15 
 1022.000  4.513052e+02  5.804081e+01  3.574916e-15 
 1023.000  4.582722e+02  5.877174e+01  6.220502e-16 
 1024.000  4.549556e+02  5.821235e+01  1.305870e-14 
 1025.000  4.580947e+02  5.864880e+01 -4.774369e-15 
 1026.000  4.600892e+02  5.885706e+01 -1.371197e-14 
 1027.000  4.568446e+02  5.833637e+01 -9.936550e-16 
 1028.000  4.584643e+02  5.845785e+01  7.546580e-16 
 1029.000  4.529130e+02  5.772395e+01 -1.189490e-14 
 1030.000  4.588004e+02  5.844263e+01  3.343666e-14 
 1031.000  4.580667e+02  5.828814e+01  7.023167e-15 
 1032.000  4.570439e+02  5.809018e+01 -6.367152e-16 
 1033.000  4.488541e+02  5.696505e+01 -2.069671e-14 
 1034.000  4.539648e+02  5.753647e+01  1.879366e-14 
 1035.000  4.493590e+02  5.686972e+01  3.747674e-14 
 1036.000  4.552628e+02  5.752513e+01  1.337484e-14 
 1037.000  4.458057e+02  5.624384e+01  3.505011e-15 
 1038.000  4.503458e+02  5.672947e+01  1.023620e-14 
 1039.000  4.521259e+02  5.685400e+01 -1.082065e-14 
 1040.000  4.467502e+02  5.608201e+01 -1.069690e-15 
 1041.000  4.490934e+02  5.628033e+01  1.667778e-14 
 1042.000  4.504521e+02  5.635821e+01  4.787618e-16 
 1043.000  4.427397e+02  5.530451e+01 -4.958349e-15 
 1044.000  4.471296e+02  5.575938e+01  9.760497e-16 
 1045.000  4.450749e+02  5.540034e+01 -4.329755e-15 
 1046.000  4.320494e+02  5.368417e+01 -1.611847e-14 
 1047.000  4.399065e+02  5.456419e+01  3.866314e-15 
 1048.000  4.442354e+02  5.500571e+01 -1.087511e-14 
 1049.000  4.413693e+02  5.455943e+01  1.506491e-15 
 1050.000  4.385652e+02  5.411212e+01 -7.496257e-16 
 1051.000  4.382922e+02  5.396837e+01 -7.113818e-15 
 1052.000  4.360945e+02  5.359904e+01 -1.136429e-14 
 1053.000  4.363288e+02  5.354134e+01 -1.862991e-14 
 1054.000  4.315486e+02  5.284820e+01  5.560584e-15 
 1055.000  4.344333e+02  5.309489e+01 -2.152482e-14 
 1056.000  4.330790e+02  5.282900e+01 -3.926637e-16 
 1057.000  4.316468e+02  5.252578e+01 -1.104995e-15 
 1058.000  4.257880e+02  5.164846e+01 -1.203195e-14 
 1059.000  4.125978e+02  4.997688e+01 -9.456451e-15 
 1060.000  4.283121e+02  5.184402e+01 -1.756779e-14 
 1061.000  4.132263e+02  4.994657e+01  1.115203e-14 
 1062.000  4.239276e+02  5.112731e+01 -1.842034e-15 
 1063.000  4.165872e+02  5.016790e+01 -1.689703e-14 
 1064.000  4.213770e+02  5.064265e+01 -4.151161e-15 
 1065.000  4.198788e+02  5.034539e+01  9.877700e-15 
 1066.000  4.071257e+02  4.875925e+01  4.875190e-15 
 1067.000  4.163794e+02  4.977920e+01 -9.253064e-15 
 1068.000  4.127458e+02  4.920472e+01  3.372416e-15 
 1069.000  3.805366e+02  4.525819e+01  2.104374e-15 
 1070.000  4.033246e+02  4.791288e+01 -3.634921e-15 
 1071.000  4.026535e+02  4.771704e+01  1.681608e-15 
 1072.000  4.025382e+02  4.759192e+01  7.166892e-15 
 1073.000  3.890068e+02  4.592307e+01 -4.121746e-15 
 1074.000  4.028405e+02  4.750177e+01 -4.842204e-15 
 1075.000  3.922907e+02  4.626659e+01 -3.594223e-15 
 1076.000  3.995883e+02  4.702168e+01 -4.286461e-15 
 1077.000  3.970107e+02  4.660205e+01  8.663591e-16 
 1078.000  3.961565e+02  4.638014e+01 -3.906348e-15 
 1079.000  3.805288e+02  4.448596e+01 -1.006940e-14 
 1080.000  3.864673e+02  4.498119e+01  4.931253e-15 
 1081.000  3.720061e+02  4.323695e+01  1.007187e-15 
 1082.000  3.790517e+02  4.405730e+01  4.821096e-15 
 1083.000  3.661178e+02  4.243272e+01  1.743540e-15 
 1084.000  3.770053e+02  4.357126e+01 -1.351180e-15 
 1085.000  3.647987e+02  4.197615e+01  9.607550e-15 
 1086.000  3.712717e+02  4.269463e+01  8.828799e-15 
 1087.000  3.561103e+02  4.104702e+01 -2.368739e-15 
 1088.000  3.780992e+02  4.353561e+01 -9.789414e-16 
 1089.000  3.541353e+02  4.054564e+01 -3.769619e-15 
 1090.000  3.599928e+02  4.113373e+01 -2.828451e-15 
 1091.000  3.641666e+02  4.158437e+01  6.309244e-15 
 1092.000  3.509400e+02  3.994975e+01 -5.432078e-15 
 1093.000  3.361249e+02  3.808687e+01  1.815328e-15 
 1094.000  3.017642e+02  3.410625e+01 -1.313475e-15 
 1095.000  3.273267e+02  3.695248e+01 -7.124474e-16 
 1096.000  3.265619e+02  3.681609e+01 -1.192684e-15 
 1097.000  3.200502e+02  3.600545e+01  3.080869e-15 
 1098.000  2.906977e+02  3.236038e+01 -1.204747e-15 
 1099.000  2.695379e+02  2.954341e+01  5.870422e-16 
 1100.000  2.755636e+02  3.019646e+01  1.651101e-15 
