  400.000  7.301392e+02  3.432489e+02  4.391252e-14 
  401.000  7.270995e+02  3.383296e+02 -2.403155e-13 
  402.000  7.720021e+02  3.555783e+02 -7.168886e-14 
  403.000  7.243517e+02  3.302661e+02  1.390166e-13 
  404.000  7.797585e+02  3.519642e+02  2.307742e-13 
  405.000  7.163002e+02  3.200956e+02 -2.280432e-14 
  406.000  7.120734e+02  3.150539e+02 -1.292853e-14 
  407.000  6.946404e+02  3.043147e+02  1.066495e-13 
  408.000  7.537262e+02  3.269674e+02 -1.461068e-13 
  409.000  8.355683e+02  3.589418e+02 -1.299820e-13 
  410.000  6.996210e+02  2.976322e+02 -1.007350e-13 
  411.000  8.227575e+02  3.466465e+02  9.555666e-14 
  412.000  8.537195e+02  3.562455e+02 -8.595195e-14 
  413.000  8.075795e+02  3.337854e+02  1.538622e-13 
  414.000  7.936958e+02  3.249323e+02 -3.735171e-13 
  415.000  8.476008e+02  3.437385e+02 -2.320378e-13 
  416.000  8.435048e+02  3.388751e+02  6.472345e-14 
  417.000  8.188581e+02  3.259095e+02  1.320114e-13 
  418.000  8.020198e+02  3.162509e+02 -2.824609e-13 
  419.000  8.226768e+02  3.214060e+02  3.058500e-13 
  420.000  6.971557e+02  2.698701e+02  1.382499e-13 
  421.000  8.744766e+02  3.354282e+02  1.300736e-13 
  422.000  8.388828e+02  3.188632e+02 -5.163405e-14 
  423.000  7.092808e+02  2.671755e+02  6.267980e-15 
  424.000  7.810322e+02  2.915705e+02 -1.967958e-13 
  425.000  8.097908e+02  2.996099e+02  8.117445e-14 
  426.000  7.792721e+02  2.857600e+02  4.128012e-14 
  427.000  7.503692e+02  2.727329e+02 -1.396392e-13 
  428.000  7.606105e+02  2.740283e+02  1.182652e-13 
  429.000  6.926963e+02  2.473813e+02 -1.017974e-14 
  430.000  5.533223e+02  1.958892e+02  1.140850e-13 
  431.000  4.979852e+02  1.747750e+02  8.105838e-14 
  432.000  8.972683e+02  3.122009e+02  1.534639e-13 
  433.000  7.994797e+02  2.757958e+02  8.221977e-15 
  434.000  7.606064e+02  2.601531e+02  2.136947e-13 
  435.000  8.283126e+02  2.809124e+02 -9.148788e-14 
  436.000  9.193430e+02  3.091571e+02  3.990650e-14 
  437.000  9.290817e+02  3.098117e+02 -1.641442e-13 
  438.000  8.330319e+02  2.754638e+02  2.306773e-14 
  439.000  8.068414e+02  2.645879e+02 -4.243312e-14 
  440.000  9.051252e+02  2.943614e+02 -1.792298e-13 
  441.000  9.029982e+02  2.912492e+02 -1.716727e-13 
  442.000  9.518828e+02  3.044942e+02 -1.207968e-13 
  443.000  9.590914e+02  3.042885e+02  4.687337e-14 
  444.000  9.536937e+02  3.001072e+02 -4.478121e-14 
  445.000  1.004045e+03  3.133788e+02 -1.195940e-13 
  446.000  8.945121e+02  2.769197e+02  4.719123e-14 
  447.000  1.021071e+03  3.135676e+02 -1.225262e-13 
  448.000  1.038941e+03  3.165588e+02  1.829891e-15 
  449.000  1.046878e+03  3.165074e+02 -1.037747e-13 
  450.000  1.070574e+03  3.211699e+02 -2.098390e-13 
  451.000  1.157917e+03  3.446855e+02  8.255113e-14 
  452.000  1.077278e+03  3.182010e+02  7.609427e-14 
  453.000  1.000786e+03  2.933251e+02 -7.751538e-14 
  454.000  1.067810e+03  3.105595e+02 -1.531133e-13 
  455.000  1.076114e+03  3.105725e+02  1.436512e-13 
  456.000  1.103055e+03  3.159072e+02  2.443702e-13 
  457.000  1.110098e+03  3.155039e+02  1.600107e-13 
  458.000  1.091416e+03  3.078423e+02  1.586112e-13 
  459.000  1.092113e+03  3.057090e+02 -1.345290e-13 
  460.000  1.083425e+03  3.009948e+02  2.081764e-13 
  461.000  1.123543e+03  3.098027e+02  4.387492e-14 
  462.000  1.106060e+03  3.027043e+02  7.744832e-14 
  463.000  1.107140e+03  3.007456e+02  9.548938e-15 
  464.000  1.111476e+03  2.997014e+02  1.017687e-13 
  465.000  1.095911e+03  2.933356e+02  3.907073e-14 
  466.000  1.131293e+03  3.005882e+02 -8.707957e-15 
  467.000  1.091988e+03  2.880216e+02  1.083464e-13 
  468.000  1.156658e+03  3.028362e+02  2.543532e-14 
  469.000  1.147115e+03  2.981149e+02 -5.218826e-15 
  470.000  1.131874e+03  2.919620e+02  5.251008e-14 
  471.000  1.130353e+03  2.893788e+02  8.309374e-14 
  472.000  1.144669e+03  2.908291e+02 -2.078641e-14 
  473.000  1.132686e+03  2.855906e+02 -5.909746e-14 
  474.000  1.142237e+03  2.857869e+02  1.044371e-13 
  475.000  1.188767e+03  2.950519e+02  1.561734e-13 
  476.000  1.152488e+03  2.836732e+02  4.172317e-14 
  477.000  1.142213e+03  2.789072e+02 -1.805755e-13 
  478.000  1.199171e+03  2.909086e+02  8.816571e-14 
  479.000  1.145266e+03  2.762339e+02 -2.661637e-13 
  480.000  1.168362e+03  2.802414e+02 -6.082098e-14 
  481.000  1.161730e+03  2.770382e+02 -4.110127e-14 
  482.000  1.186487e+03  2.812382e+02 -6.057539e-14 
  483.000  1.188159e+03  2.798791e+02 -2.218079e-14 
  484.000  1.142864e+03  2.674795e+02 -1.196756e-14 
  485.000  1.151681e+03  2.677811e+02 -1.879373e-14 
  486.000  9.340880e+02  2.157605e+02 -1.121572e-13 
  487.000  1.050215e+03  2.409869e+02 -2.628284e-14 
  488.000  1.140686e+03  2.600218e+02  5.053369e-14 
  489.000  1.060714e+03  2.402018e+02 -3.229597e-14 
  490.000  1.207964e+03  2.717541e+02 -1.464627e-13 
  491.000  1.130789e+03  2.527241e+02  2.632970e-13 
  492.000  1.087083e+03  2.413654e+02  1.836155e-13 
  493.000  1.171255e+03  2.583598e+02 -1.379288e-13 
  494.000  1.131937e+03  2.480628e+02  1.365444e-14 
  495.000  1.210508e+03  2.635658e+02  8.037522e-14 
  496.000  1.179479e+03  2.551476e+02  2.794074e-14 
  497.000  1.144677e+03  2.460258e+02 -4.168973e-15 
  498.000  1.118140e+03  2.387828e+02 -5.483711e-14 
  499.000  1.115944e+03  2.367899e+02 -3.763669e-14 
  500.000  1.111528e+03  2.343513e+02  1.767130e-14 
  501.000  1.087096e+03  2.277434e+02 -3.998085e-14 
  502.000  1.080453e+03  2.249208e+02  1.094281e-13 
  503.000  1.145369e+03  2.369338e+02  9.788174e-14 
  504.000  1.066115e+03  2.191550e+02  3.766397e-13 
  505.000  1.150401e+03  2.350004e+02  1.811722e-13 
  506.000  1.231939e+03  2.501035e+02  1.070770e-13 
  507.000  1.146581e+03  2.313449e+02  9.810246e-14 
  508.000  1.099919e+03  2.205738e+02 -2.327810e-13 
  509.000  1.186441e+03  2.364758e+02 -6.145388e-14 
  510.000  1.149929e+03  2.278058e+02  1.597636e-13 
  511.000  1.150598e+03  2.265566e+02  1.455338e-13 
  512.000  1.207959e+03  2.364146e+02  1.708700e-13 
  513.000  1.105865e+03  2.151320e+02 -3.083408e-14 
  514.000  1.082955e+03  2.094130e+02 -3.146574e-14 
  515.000  1.105884e+03  2.125708e+02  1.420058e-13 
  516.000  1.161955e+03  2.220157e+02 -1.045733e-13 
  517.000  8.561707e+02  1.626125e+02 -1.164401e-14 
  518.000  1.060280e+03  2.001805e+02 -9.052819e-14 
  519.000  1.004789e+03  1.885793e+02 -1.471173e-13 
  520.000  1.106543e+03  2.064507e+02  8.272551e-14 
  521.000  1.107448e+03  2.054008e+02 -8.991365e-14 
  522.000  1.151691e+03  2.123446e+02  5.808630e-14 
  523.000  1.073134e+03  1.966858e+02  4.311545e-14 
  524.000  1.164593e+03  2.121883e+02  8.651885e-14 
  525.000  1.155557e+03  2.092980e+02  1.378984e-14 
  526.000  1.101521e+03  1.983472e+02 -1.480618e-13 
  527.000  9.624780e+02  1.722964e+02  4.874191e-14 
  528.000  1.156235e+03  2.057737e+02  4.903712e-14 
  529.000  1.189364e+03  2.104400e+02  5.877794e-14 
  530.000  1.124129e+03  1.977487e+02  4.410448e-14 
  531.000  1.223920e+03  2.140659e+02  4.573394e-14 
  532.000  1.167907e+03  2.031085e+02 -1.363437e-13 
  533.000  1.026020e+03  1.774364e+02  1.249939e-14 
  534.000  1.115973e+03  1.919400e+02  6.547287e-14 
  535.000  1.138869e+03  1.948274e+02 -1.750897e-14 
  536.000  1.208726e+03  2.056702e+02 -7.643325e-14 
  537.000  1.121656e+03  1.898280e+02  1.695604e-13 
  538.000  1.174404e+03  1.976802e+02 -1.792198e-13 
  539.000  1.170795e+03  1.960061e+02 -7.205174e-14 
  540.000  1.146043e+03  1.908235e+02 -1.811625e-14 
  541.000  1.051151e+03  1.740779e+02  5.877898e-14 
  542.000  1.172845e+03  1.931835e+02  2.817292e-14 
  543.000  1.122152e+03  1.838386e+02  2.207393e-14 
  544.000  1.183909e+03  1.929120e+02 -2.964698e-14 
  545.000  1.166615e+03  1.890729e+02 -2.032231e-13 
  546.000  1.141005e+03  1.839317e+02 -3.391257e-14 
  547.000  1.189832e+03  1.907804e+02 -2.203156e-13 
  548.000  1.104308e+03  1.761261e+02 -7.745264e-14 
  549.000  1.162553e+03  1.844335e+02 -1.832657e-13 
  550.000  1.137521e+03  1.795079e+02 -8.223780e-14 
  551.000  1.131064e+03  1.775427e+02 -8.915518e-14 
  552.000  1.180521e+03  1.843284e+02 -6.794366e-14 
  553.000  1.134943e+03  1.762774e+02  3.779114e-14 
  554.000  1.172720e+03  1.811868e+02  4.058983e-14 
  555.000  1.176724e+03  1.808520e+02  6.464208e-14 
  556.000  1.144978e+03  1.750523e+02 -1.781512e-14 
  557.000  1.111662e+03  1.690680e+02 -2.736507e-14 
  558.000  1.154571e+03  1.746755e+02 -8.315670e-15 
  559.000  1.091958e+03  1.643395e+02 -1.955637e-14 
  560.000  1.097370e+03  1.642881e+02  1.140728e-13 
  561.000  1.206708e+03  1.797073e+02 -1.087977e-14 
  562.000  1.108050e+03  1.641046e+02  1.093315e-13 
  563.000  1.159828e+03  1.708624e+02  1.798686e-13 
  564.000  1.143994e+03  1.676241e+02 -9.634650e-15 
  565.000  1.157909e+03  1.687204e+02 -2.433605e-14 
  566.000  1.068037e+03  1.547971e+02 -1.508048e-14 
  567.000  1.145399e+03  1.649777e+02 -1.516338e-13 
  568.000  1.139793e+03  1.627101e+02  2.625372e-14 
  569.000  1.109939e+03  1.565888e+02 -5.491920e-15 
  570.000  1.117427e+03  1.569651e+02  1.465701e-14 
  571.000  1.083606e+03  1.521435e+02  1.171341e-14 
  572.000  1.140444e+03  1.585481e+02 -1.681084e-14 
  573.000  1.154385e+03  1.597495e+02 -3.331978e-14 
  574.000  1.149002e+03  1.582625e+02 -4.766862e-14 
  575.000  1.121047e+03  1.535644e+02  1.767434e-14 
  576.000  1.101164e+03  1.500634e+02 -3.794396e-14 
  577.000  1.149164e+03  1.560812e+02 -9.309763e-15 
  578.000  1.118325e+03  1.514832e+02  2.072429e-14 
  579.000  1.112072e+03  1.501612e+02  4.579162e-14 
  580.000  1.152653e+03  1.551155e+02 -3.408254e-14 
  581.000  1.134867e+03  1.523439e+02 -3.404295e-14 
  582.000  1.153989e+03  1.543752e+02 -4.703187e-14 
  583.000  1.163391e+03  1.549720e+02  8.114065e-14 
  584.000  1.160911e+03  1.539702e+02 -3.967231e-14 
  585.000  1.154256e+03  1.523890e+02 -1.207122e-13 
  586.000  1.105586e+03  1.452971e+02 -1.165528e-14 
  587.000  1.147009e+03  1.496123e+02 -1.052174e-14 
  588.000  1.125253e+03  1.448927e+02  7.983834e-15 
  589.000  9.831912e+02  1.248268e+02 -6.849141e-15 
  590.000  1.026197e+03  1.296240e+02  4.474683e-14 
  591.000  1.102305e+03  1.394090e+02 -9.774895e-16 
  592.000  1.075983e+03  1.350188e+02  6.398050e-15 
  593.000  1.100521e+03  1.384934e+02  8.357628e-15 
  594.000  1.108428e+03  1.385874e+02 -4.484355e-14 
  595.000  1.079027e+03  1.336115e+02  1.361704e-14 
  596.000  1.119261e+03  1.390121e+02 -5.085726e-14 
  597.000  1.120647e+03  1.383060e+02 -4.027129e-15 
  598.000  1.103579e+03  1.360779e+02  7.707050e-15 
  599.000  1.106715e+03  1.360795e+02 -1.064601e-14 
  600.000  1.112266e+03  1.366952e+02 -4.373141e-14 
  601.000  1.109818e+03  1.361731e+02  5.697134e-14 
  602.000  1.099387e+03  1.344544e+02  9.110116e-14 
  603.000  1.107726e+03  1.350297e+02 -7.713222e-14 
  604.000  1.144339e+03  1.390029e+02 -5.247825e-14 
  605.000  1.142581e+03  1.382379e+02  8.952393e-14 
  606.000  1.130155e+03  1.361471e+02  9.766173e-14 
  607.000  1.124609e+03  1.348955e+02  7.023774e-14 
  608.000  1.121255e+03  1.339095e+02 -8.431531e-14 
  609.000  1.110480e+03  1.320450e+02  2.212273e-16 
  610.000  1.093401e+03  1.294486e+02 -1.349171e-13 
  611.000  1.111835e+03  1.310581e+02  8.042894e-14 
  612.000  1.098028e+03  1.288672e+02  1.605274e-13 
  613.000  1.082629e+03  1.265058e+02  7.097227e-14 
  614.000  1.044142e+03  1.214759e+02 -5.658387e-15 
  615.000  1.094777e+03  1.268125e+02  8.630747e-14 
  616.000  1.041493e+03  1.201140e+02 -7.147841e-14 
  617.000  1.047917e+03  1.203251e+02  4.951941e-14 
  618.000  1.097859e+03  1.255034e+02  6.188061e-14 
  619.000  1.088249e+03  1.238506e+02  2.837575e-14 
  620.000  1.104753e+03  1.251665e+02  1.061780e-14 
  621.000  1.124129e+03  1.267868e+02 -1.378813e-13 
  622.000  1.065111e+03  1.195829e+02  6.562214e-14 
  623.000  1.073629e+03  1.199802e+02 -3.964867e-14 
  624.000  1.074992e+03  1.195788e+02  4.223413e-14 
  625.000  1.046016e+03  1.158169e+02  7.053573e-15 
  626.000  1.051003e+03  1.157675e+02  5.315339e-14 
  627.000  1.065076e+03  1.162760e+02  1.739167e-14 
  628.000  1.038100e+03  1.114993e+02 -2.536960e-14 
  629.000  1.071539e+03  1.152755e+02 -2.006994e-14 
  630.000  1.039646e+03  1.116843e+02  1.064742e-14 
  631.000  1.080697e+03  1.158883e+02 -9.148665e-15 
  632.000  1.004726e+03  1.070641e+02  3.661203e-15 
  633.000  1.083685e+03  1.154860e+02  5.154650e-14 
  634.000  1.053393e+03  1.120024e+02 -1.210265e-14 
  635.000  1.073479e+03  1.136958e+02  4.664713e-14 
  636.000  1.037132e+03  1.095162e+02 -4.443140e-14 
  637.000  1.072686e+03  1.128912e+02 -2.150249e-14 
  638.000  1.092008e+03  1.147219e+02  1.914807e-14 
  639.000  1.083828e+03  1.134271e+02 -4.046339e-14 
  640.000  1.051429e+03  1.097266e+02  5.669277e-15 
  641.000  1.067294e+03  1.109443e+02  3.665627e-14 
  642.000  1.055771e+03  1.094001e+02 -3.108110e-14 
  643.000  1.073571e+03  1.106349e+02 -3.305896e-14 
  644.000  1.061847e+03  1.089943e+02  2.286118e-14 
  645.000  1.069629e+03  1.091091e+02  3.446240e-14 
  646.000  1.021157e+03  1.030417e+02 -2.043100e-14 
  647.000  1.029740e+03  1.030721e+02  5.161450e-14 
  648.000  1.021777e+03  1.014782e+02  2.786011e-14 
  649.000  1.048240e+03  1.040381e+02  2.993788e-14 
  650.000  9.819995e+02  9.784585e+01 -9.942310e-15 
  651.000  1.058214e+03  1.050210e+02 -3.536280e-15 
  652.000  1.028678e+03  1.009832e+02  2.319199e-14 
  653.000  1.061020e+03  1.045958e+02  2.999760e-14 
  654.000  1.046352e+03  1.026403e+02 -1.435628e-14 
  655.000  1.015243e+03  9.889071e+01  1.010447e-14 
  656.000  8.634460e+02  8.386453e+01  3.162577e-15 
  657.000  9.238293e+02  8.953134e+01  4.675129e-14 
  658.000  1.033093e+03  1.000479e+02  1.550211e-14 
  659.000  1.038030e+03  1.002815e+02  3.113416e-14 
  660.000  1.047523e+03  1.009092e+02 -1.336224e-14 
  661.000  1.055311e+03  1.015782e+02  2.586357e-14 
  662.000  1.072094e+03  1.029323e+02  1.328643e-13 
  663.000  1.060341e+03  1.013793e+02 -9.370099e-14 
  664.000  1.044336e+03  9.951514e+01  3.879593e-14 
  665.000  1.049642e+03  9.967558e+01  2.299061e-14 
  666.000  1.063166e+03  1.006284e+02 -5.641413e-14 
  667.000  1.042785e+03  9.836058e+01  2.363389e-14 
  668.000  1.049558e+03  9.867480e+01 -1.546189e-13 
  669.000  1.065261e+03  9.979487e+01 -6.218845e-14 
  670.000  1.053065e+03  9.829433e+01  8.807879e-14 
  671.000  1.042487e+03  9.695809e+01 -5.616004e-14 
  672.000  1.039610e+03  9.633809e+01 -8.054241e-14 
  673.000  1.047569e+03  9.672172e+01 -1.529715e-14 
  674.000  1.050109e+03  9.660327e+01 -8.642295e-14 
  675.000  1.034565e+03  9.482800e+01  2.486837e-14 
  676.000  1.054581e+03  9.631147e+01 -9.601886e-15 
  677.000  1.034080e+03  9.409682e+01 -5.619409e-14 
  678.000  1.051665e+03  9.535123e+01 -7.618775e-14 
  679.000  1.037191e+03  9.369146e+01 -1.737247e-13 
  680.000  1.029252e+03  9.259445e+01 -4.110648e-15 
  681.000  1.030384e+03  9.231100e+01  1.630680e-13 
  682.000  1.028420e+03  9.178567e+01  1.154516e-13 
  683.000  1.035440e+03  9.204816e+01 -1.931681e-14 
  684.000  1.016380e+03  8.994372e+01  1.282973e-13 
  685.000  1.028738e+03  9.076281e+01 -3.690957e-14 
  686.000  9.820954e+02  8.613934e+01  2.744548e-14 
  687.000  8.552355e+02  7.239028e+01 -1.062165e-14 
  688.000  8.964811e+02  7.609476e+01  8.473528e-15 
  689.000  8.868710e+02  7.485355e+01  2.309169e-14 
  690.000  9.125372e+02  7.702158e+01  4.435190e-14 
  691.000  9.425556e+02  7.968260e+01 -2.346094e-14 
  692.000  9.496894e+02  8.021582e+01 -3.373022e-14 
  693.000  9.388906e+02  7.858321e+01 -3.061815e-15 
  694.000  9.297253e+02  7.716719e+01 -1.640379e-14 
  695.000  9.271163e+02  7.691122e+01 -4.585450e-15 
  696.000  9.461964e+02  7.838478e+01  1.273293e-14 
  697.000  9.848752e+02  8.236358e+01  1.337479e-14 
  698.000  9.589739e+02  7.964260e+01  1.372045e-15 
  699.000  9.434720e+02  7.724397e+01  1.844491e-14 
  700.000  9.379211e+02  7.662409e+01  6.746466e-14 
  701.000  9.097626e+02  7.391939e+01  1.804178e-14 
  702.000  9.106497e+02  7.383559e+01  9.312328e-15 
  703.000  9.507559e+02  7.749339e+01  2.399958e-14 
  704.000  9.547867e+02  7.758371e+01 -9.792754e-16 
  705.000  9.508578e+02  7.668707e+01 -8.988163e-15 
  706.000  9.430905e+02  7.585251e+01  2.179459e-14 
  707.000  9.329557e+02  7.488132e+01  8.756993e-15 
  708.000  9.645731e+02  7.727357e+01  6.543034e-15 
  709.000  9.390715e+02  7.523598e+01 -4.443191e-14 
  710.000  9.514245e+02  7.567607e+01  1.034933e-15 
  711.000  9.514655e+02  7.570465e+01 -1.218013e-14 
  712.000  9.463488e+02  7.531149e+01 -4.323262e-14 
  713.000  9.359484e+02  7.400148e+01  1.658588e-14 
  714.000  9.496416e+02  7.474876e+01 -2.295391e-15 
  715.000  9.060043e+02  7.076441e+01 -3.258560e-15 
  716.000  9.183651e+02  7.119212e+01  2.030707e-14 
  717.000  8.237398e+02  6.259614e+01  2.542026e-15 
  718.000  7.763390e+02  5.815554e+01  4.768438e-15 
  719.000  7.521571e+02  5.587352e+01 -2.471596e-15 
  720.000  7.349683e+02  5.399216e+01  1.790485e-15 
  721.000  8.346188e+02  6.279269e+01  1.122236e-14 
  722.000  8.836561e+02  6.680237e+01 -7.011608e-15 
  723.000  8.606478e+02  6.454074e+01 -9.744645e-15 
  724.000  8.064070e+02  5.953521e+01 -7.743418e-15 
  725.000  8.060995e+02  5.942245e+01  5.855449e-15 
  726.000  8.019778e+02  5.889388e+01  1.784024e-15 
  727.000  8.222593e+02  6.030142e+01  2.478727e-15 
  728.000  7.992651e+02  5.831360e+01  2.360382e-15 
  729.000  7.889802e+02  5.765974e+01  1.382797e-15 
  730.000  8.143762e+02  5.929181e+01 -1.154785e-14 
  731.000  7.964714e+02  5.776131e+01 -5.903593e-15 
  732.000  8.492974e+02  6.186529e+01 -4.747822e-15 
  733.000  8.724497e+02  6.390306e+01  8.140984e-15 
  734.000  9.082993e+02  6.669306e+01 -1.230868e-14 
  735.000  8.949298e+02  6.536586e+01  3.370751e-14 
  736.000  8.671262e+02  6.291736e+01 -1.642786e-14 
  737.000  8.872453e+02  6.433438e+01 -1.223267e-15 
  738.000  8.967274e+02  6.507243e+01  8.540341e-15 
  739.000  8.727134e+02  6.324940e+01  3.375348e-15 
  740.000  8.920631e+02  6.475579e+01 -3.945704e-14 
  741.000  8.913661e+02  6.470087e+01  1.183950e-14 
  742.000  8.793833e+02  6.371511e+01  1.903907e-14 
  743.000  9.111459e+02  6.600023e+01  7.069199e-15 
  744.000  9.225037e+02  6.672133e+01  5.438947e-14 
  745.000  9.005820e+02  6.501088e+01 -8.556435e-15 
  746.000  9.147839e+02  6.589045e+01  2.932588e-14 
  747.000  9.294845e+02  6.674665e+01  2.674925e-14 
  748.000  9.137064e+02  6.545767e+01 -1.185388e-14 
  749.000  9.146019e+02  6.533636e+01 -9.978031e-14 
  750.000  9.008782e+02  6.412790e+01 -8.685795e-15 
  751.000  8.988479e+02  6.378518e+01  8.419771e-14 
  752.000  9.138145e+02  6.468978e+01 -3.298315e-14 
  753.000  9.056989e+02  6.392874e+01 -1.353664e-13 
  754.000  9.202984e+02  6.476572e+01 -1.067574e-13 
  755.000  9.153033e+02  6.421634e+01  1.114943e-13 
  756.000  8.976758e+02  6.278718e+01 -5.220885e-14 
  757.000  9.044712e+02  6.306703e+01  1.432101e-13 
  758.000  9.022206e+02  6.266384e+01 -8.292386e-15 
  759.000  8.091637e+02  5.476074e+01  2.600818e-14 
  760.000  2.914731e+02  1.711312e+01  1.245556e-17 
  761.000  2.496352e+02  1.431059e+01  5.628358e-16 
  762.000  5.152877e+02  3.217380e+01 -3.309135e-15 
  763.000  4.382524e+02  2.666961e+01  5.082940e-16 
  764.000  4.844143e+02  2.970240e+01  1.160185e-15 
  765.000  5.917604e+02  3.730724e+01  3.485076e-15 
  766.000  6.866680e+02  4.489413e+01 -1.686344e-15 
  767.000  7.598021e+02  5.000231e+01  4.588658e-14 
  768.000  8.325098e+02  5.511582e+01  2.703381e-14 
  769.000  8.573436e+02  5.708741e+01 -7.426743e-15 
  770.000  8.662662e+02  5.780260e+01  2.040120e-14 
  771.000  8.736902e+02  5.830187e+01 -1.964985e-14 
  772.000  8.719509e+02  5.805622e+01 -6.080366e-14 
  773.000  8.691843e+02  5.771740e+01 -2.236056e-14 
  774.000  8.792298e+02  5.823039e+01  4.750395e-14 
  775.000  8.467009e+02  5.592170e+01  7.639547e-16 
  776.000  8.819909e+02  5.808864e+01 -2.828803e-15 
  777.000  8.760717e+02  5.752654e+01  3.985064e-14 
  778.000  8.714798e+02  5.704951e+01 -1.542104e-14 
  779.000  8.744215e+02  5.706680e+01 -7.439658e-14 
  780.000  8.637073e+02  5.619534e+01 -6.829972e-14 
  781.000  8.627980e+02  5.598767e+01  1.018632e-13 
  782.000  8.732900e+02  5.649536e+01 -2.555863e-14 
  783.000  8.529851e+02  5.501421e+01 -3.557456e-14 
  784.000  8.575942e+02  5.513083e+01  8.278184e-14 
  785.000  8.581841e+02  5.492038e+01 -1.884560e-14 
  786.000  8.406520e+02  5.350992e+01 -2.259420e-14 
  787.000  8.468217e+02  5.351196e+01 -3.096050e-16 
  788.000  8.308633e+02  5.223339e+01  3.541018e-14 
  789.000  8.236441e+02  5.127744e+01  7.311043e-15 
  790.000  8.143427e+02  5.052298e+01  1.307681e-15 
  791.000  8.125468e+02  5.032175e+01 -1.358454e-14 
  792.000  8.018939e+02  4.957232e+01  3.131500e-14 
  793.000  8.060941e+02  4.982307e+01  1.413412e-14 
  794.000  8.080513e+02  5.012856e+01  1.610875e-15 
  795.000  7.976002e+02  4.913044e+01  2.201083e-14 
  796.000  7.944674e+02  4.835704e+01 -3.923665e-15 
  797.000  8.044160e+02  4.893370e+01 -5.082204e-15 
  798.000  8.156686e+02  4.976523e+01  1.372449e-14 
  799.000  8.126870e+02  4.936984e+01 -5.537876e-15 
  800.000  7.840625e+02  4.729675e+01  6.218232e-15 
  801.000  7.996545e+02  4.812140e+01 -3.418964e-14 
  802.000  7.974364e+02  4.783195e+01 -6.357980e-15 
  803.000  7.872380e+02  4.711266e+01 -3.092348e-14 
  804.000  7.981089e+02  4.771905e+01 -7.243297e-16 
  805.000  7.831585e+02  4.688001e+01 -3.853353e-14 
  806.000  8.086315e+02  4.839489e+01  6.022819e-15 
  807.000  8.040928e+02  4.799199e+01  2.369825e-14 
  808.000  7.969183e+02  4.735611e+01  9.212378e-15 
  809.000  7.806547e+02  4.617497e+01 -2.416042e-14 
  810.000  7.740512e+02  4.556885e+01  2.406388e-15 
  811.000  7.798616e+02  4.561993e+01  4.788859e-15 
  812.000  7.682137e+02  4.462432e+01 -1.180482e-14 
  813.000  7.538766e+02  4.347853e+01 -4.334940e-15 
  814.000  7.380875e+02  4.224823e+01  3.261768e-15 
  815.000  7.118342e+02  4.043264e+01  4.322702e-15 
  816.000  6.822347e+02  3.844816e+01 -3.654237e-15 
  817.000  6.876567e+02  3.864870e+01  9.558859e-16 
  818.000  6.854119e+02  3.843075e+01  5.809190e-15 
  819.000  6.746068e+02  3.778923e+01 -8.297967e-16 
  820.000  6.867060e+02  3.859134e+01  4.464246e-15 
  821.000  7.394363e+02  4.183295e+01 -3.322808e-15 
  822.000  6.965782e+02  3.900561e+01  2.452909e-15 
  823.000  6.442405e+02  3.547886e+01 -3.896607e-15 
  824.000  7.069230e+02  3.927274e+01 -1.740594e-15 
  825.000  7.401063e+02  4.144653e+01  1.172769e-14 
  826.000  7.390854e+02  4.119255e+01 -2.605870e-15 
  827.000  7.324119e+02  4.064745e+01  6.092659e-15 
  828.000  7.085239e+02  3.896190e+01  6.342632e-15 
  829.000  7.162862e+02  3.936316e+01  2.736384e-15 
  830.000  7.139175e+02  3.923190e+01  1.254305e-15 
  831.000  7.035313e+02  3.858564e+01 -5.472691e-15 
  832.000  7.189833e+02  3.934619e+01  3.810022e-15 
  833.000  7.016746e+02  3.836633e+01  9.650534e-15 
  834.000  7.180352e+02  3.924862e+01 -7.963102e-15 
  835.000  7.307642e+02  4.005182e+01 -1.297183e-14 
  836.000  7.357662e+02  4.014642e+01  3.719566e-15 
  837.000  7.294042e+02  3.968775e+01  3.269741e-14 
  838.000  7.375053e+02  4.013215e+01 -5.220032e-17 
  839.000  7.176943e+02  3.902119e+01  4.131543e-15 
  840.000  7.381427e+02  4.005315e+01  1.125948e-14 
  841.000  7.368184e+02  3.979538e+01  8.500950e-15 
  842.000  7.352695e+02  3.967677e+01 -2.071735e-14 
  843.000  7.372071e+02  3.986141e+01 -4.899237e-15 
  844.000  7.281180e+02  3.935751e+01  1.463026e-14 
  845.000  7.406763e+02  3.997518e+01 -3.529872e-14 
  846.000  7.488231e+02  4.035697e+01  2.443693e-14 
  847.000  7.245768e+02  3.899154e+01 -5.823035e-15 
  848.000  7.434619e+02  3.981950e+01 -1.705925e-14 
  849.000  7.452239e+02  3.981899e+01  3.810072e-14 
  850.000  6.432966e+02  3.424421e+01  9.855155e-15 
  851.000  7.355727e+02  3.900361e+01  9.820299e-15 
  852.000  7.078902e+02  3.744121e+01 -2.384013e-14 
  853.000  7.184944e+02  3.798145e+01 -9.506888e-15 
  854.000  5.776033e+02  3.044980e+01 -3.855608e-15 
  855.000  6.369255e+02  3.352542e+01  6.030965e-15 
  856.000  7.250543e+02  3.814714e+01 -1.109550e-14 
  857.000  7.376738e+02  3.875211e+01  1.277691e-14 
  858.000  7.264008e+02  3.808115e+01  2.877489e-14 
  859.000  7.273802e+02  3.807997e+01 -6.329607e-15 
  860.000  7.214365e+02  3.769328e+01 -1.695412e-14 
  861.000  7.214793e+02  3.759990e+01  9.069097e-15 
  862.000  7.194474e+02  3.740945e+01  7.091112e-14 
  863.000  7.333199e+02  3.803325e+01 -2.870091e-14 
  864.000  7.321118e+02  3.788103e+01  6.749493e-14 
  865.000  7.186937e+02  3.709756e+01  2.454323e-14 
  866.000  6.029442e+02  3.104375e+01  2.082137e-14 
  867.000  6.421184e+02  3.297390e+01 -1.352587e-14 
  868.000  6.964976e+02  3.567502e+01 -1.502867e-14 
  869.000  6.868514e+02  3.509246e+01  5.627975e-15 
  870.000  7.152297e+02  3.644639e+01 -3.049399e-14 
  871.000  7.143434e+02  3.630984e+01 -1.749804e-15 
  872.000  7.116642e+02  3.608625e+01 -6.289203e-14 
  873.000  7.144861e+02  3.613082e+01 -7.096881e-14 
  874.000  6.988454e+02  3.524641e+01  2.630940e-14 
  875.000  6.924807e+02  3.483538e+01 -2.545972e-14 
  876.000  6.981540e+02  3.502265e+01 -2.896483e-14 
  877.000  7.120878e+02  3.562672e+01 -3.136430e-14 
  878.000  6.993688e+02  3.487274e+01 -2.535428e-14 
  879.000  7.010169e+02  3.486417e+01  3.422147e-15 
  880.000  6.965705e+02  3.453120e+01  3.840605e-15 
  881.000  6.601921e+02  3.263247e+01  1.660956e-14 
  882.000  6.964649e+02  3.432527e+01 -4.156286e-15 
  883.000  6.808914e+02  3.348529e+01 -1.254121e-14 
  884.000  6.868416e+02  3.369759e+01 -3.476145e-15 
  885.000  6.930092e+02  3.386625e+01  3.585704e-14 
  886.000  6.689948e+02  3.254629e+01  1.089085e-14 
  887.000  6.632780e+02  3.223572e+01 -1.320684e-14 
  888.000  6.831347e+02  3.311425e+01 -1.486462e-14 
  889.000  6.881050e+02  3.328651e+01  1.718891e-14 
  890.000  6.851033e+02  3.301964e+01  1.345247e-15 
  891.000  6.795942e+02  3.261156e+01  1.131146e-15 
  892.000  6.727051e+02  3.206440e+01 -1.833582e-14 
  893.000  6.326973e+02  2.976796e+01 -7.707420e-16 
  894.000  6.460975e+02  3.019263e+01  1.501616e-14 
  895.000  5.905728e+02  2.727503e+01  3.851015e-15 
  896.000  5.884961e+02  2.694518e+01 -4.418168e-15 
  897.000  5.490504e+02  2.492186e+01  1.667999e-15 
  898.000  5.379891e+02  2.428049e+01  2.291235e-15 
  899.000  5.044886e+02  2.246993e+01  1.811937e-13 
  900.000  4.964295e+02  2.209219e+01 -5.185111e-17 
  901.000  4.777679e+02  2.114006e+01 -3.246520e-16 
  902.000  4.705769e+02  2.079347e+01 -5.455038e-16 
  903.000  5.510291e+02  2.468576e+01 -2.735379e-16 
  904.000  5.938165e+02  2.673491e+01  3.523772e-15 
  905.000  5.910870e+02  2.654827e+01 -7.876618e-16 
  906.000  5.541342e+02  2.471610e+01 -1.749831e-15 
  907.000  5.258585e+02  2.320262e+01 -3.413909e-16 
  908.000  4.879437e+02  2.130089e+01 -1.579337e-14 
  909.000  4.805777e+02  2.093353e+01 -2.318130e-15 
  910.000  4.898547e+02  2.131470e+01  7.147060e-16 
  911.000  5.041309e+02  2.199896e+01 -3.536941e-16 
  912.000  4.976735e+02  2.161468e+01  6.882499e-17 
  913.000  4.761913e+02  2.034694e+01 -1.547574e-15 
  914.000  4.893945e+02  2.102270e+01 -8.750081e-16 
  915.000  4.935116e+02  2.126001e+01 -1.092910e-15 
  916.000  5.031689e+02  2.165527e+01 -4.327792e-16 
  917.000  5.023527e+02  2.162355e+01  1.401609e-15 
  918.000  5.088908e+02  2.191558e+01  1.655419e-15 
  919.000  5.470638e+02  2.367379e+01 -3.023670e-15 
  920.000  5.658856e+02  2.456688e+01  2.812045e-15 
  921.000  5.484435e+02  2.372970e+01  2.085249e-15 
  922.000  5.431516e+02  2.344493e+01  3.730550e-15 
  923.000  5.142064e+02  2.211102e+01  2.955149e-16 
  924.000  5.205213e+02  2.225487e+01 -3.005554e-15 
  925.000  5.260535e+02  2.242094e+01  1.891270e-15 
  926.000  5.065381e+02  2.150737e+01 -1.678632e-15 
  927.000  5.069869e+02  2.136100e+01 -2.463310e-15 
  928.000  4.821267e+02  2.006297e+01  2.475498e-16 
  929.000  4.364818e+02  1.775498e+01  8.142323e-17 
  930.000  3.878476e+02  1.528338e+01  6.124305e-16 
  931.000  3.370621e+02  1.290869e+01 -2.267702e-16 
  932.000  2.711924e+02  1.005169e+01 -6.594671e-17 
  933.000  2.290582e+02  8.299582e+00  7.659212e-17 
  934.000  1.865904e+02  6.588861e+00  7.886900e-17 
  935.000  1.795570e+02  6.305467e+00  2.855484e-17 
  936.000  1.931580e+02  6.829369e+00 -9.117368e-17 
  937.000  1.938148e+02  6.825782e+00  4.896310e-17 
  938.000  2.375620e+02  8.567064e+00  2.140072e-18 
  939.000  3.729057e+02  1.422939e+01 -4.457650e-17 
  940.000  3.926191e+02  1.514359e+01 -5.448832e-16 
  941.000  3.659570e+02  1.394023e+01 -1.417328e-16 
  942.000  3.107958e+02  1.156020e+01  2.488356e-16 
  943.000  2.594074e+02  9.366240e+00 -2.459330e-16 
  944.000  2.476955e+02  8.900896e+00  3.988210e-17 
  945.000  2.731296e+02  9.880021e+00 -7.604594e-17 
  946.000  2.783847e+02  1.005902e+01  2.262802e-16 
  947.000  2.986551e+02  1.087169e+01  1.669013e-17 
  948.000  3.136230e+02  1.145647e+01  1.375712e-16 
  949.000  3.131841e+02  1.141550e+01 -2.987868e-16 
  950.000  3.145923e+02  1.146057e+01 -8.478530e-19 
  951.000  3.424401e+02  1.261821e+01 -1.285768e-16 
  952.000  3.112157e+02  1.129396e+01 -2.431625e-16 
  953.000  3.326266e+02  1.216891e+01 -1.686360e-16 
  954.000  3.536738e+02  1.307657e+01  3.956718e-16 
  955.000  3.125602e+02  1.142967e+01 -1.137942e-16 
  956.000  3.296870e+02  1.202449e+01 -6.823455e-17 
  957.000  3.913035e+02  1.474354e+01  2.404340e-16 
  958.000  4.029707e+02  1.524056e+01 -9.367760e-17 
  959.000  3.941812e+02  1.478692e+01  4.069846e-16 
  960.000  3.876567e+02  1.448984e+01  5.905345e-16 
  961.000  3.785042e+02  1.407639e+01 -4.270087e-17 
  962.000  3.853233e+02  1.434607e+01 -4.379053e-16 
  963.000  4.195966e+02  1.593333e+01 -4.030270e-16 
  964.000  4.200111e+02  1.596443e+01 -7.531567e-17 
  965.000  4.219453e+02  1.597970e+01 -2.788565e-16 
  966.000  4.118126e+02  1.558525e+01  1.261227e-16 
  967.000  4.498787e+02  1.720048e+01 -6.460797e-16 
  968.000  4.885485e+02  1.887395e+01 -2.335717e-15 
  969.000  5.118580e+02  1.983382e+01 -3.637734e-15 
  970.000  5.144572e+02  1.990084e+01 -2.376799e-15 
  971.000  5.094546e+02  1.966197e+01 -2.065166e-15 
  972.000  5.072964e+02  1.950480e+01  1.516111e-15 
  973.000  4.895174e+02  1.872048e+01  3.464771e-16 
  974.000  4.664675e+02  1.773537e+01 -8.740167e-16 
  975.000  4.588640e+02  1.736311e+01  2.373046e-15 
  976.000  4.768064e+02  1.805804e+01 -3.252227e-16 
  977.000  4.848426e+02  1.840766e+01 -6.057017e-16 
  978.000  4.952342e+02  1.875813e+01  2.266281e-15 
  979.000  4.861866e+02  1.840307e+01 -2.370541e-15 
  980.000  5.140771e+02  1.953291e+01 -4.112120e-15 
  981.000  5.224526e+02  1.984275e+01  4.510815e-15 
  982.000  5.166817e+02  1.955285e+01 -3.322357e-16 
  983.000  5.262877e+02  1.995487e+01 -3.097370e-16 
  984.000  5.340753e+02  2.031185e+01 -5.619322e-15 
  985.000  5.403018e+02  2.057671e+01  1.200757e-14 
  986.000  5.441964e+02  2.078920e+01 -6.248328e-15 
  987.000  5.540719e+02  2.117452e+01 -1.331213e-15 
  988.000  5.481077e+02  2.091352e+01  1.895682e-14 
  989.000  5.417048e+02  2.063190e+01  3.155255e-15 
  990.000  5.472191e+02  2.080961e+01  2.268830e-15 
  991.000  5.547910e+02  2.110180e+01  3.705003e-15 
  992.000  5.505615e+02  2.090924e+01  2.209690e-15 
  993.000  5.508954e+02  2.088102e+01 -1.166835e-14 
  994.000  5.564121e+02  2.108796e+01  2.498009e-14 
  995.000  5.542076e+02  2.099512e+01 -7.366376e-15 
  996.000  5.541063e+02  2.094421e+01  8.466631e-15 
  997.000  5.535611e+02  2.085341e+01 -6.070202e-15 
  998.000  5.501796e+02  2.065263e+01  8.339868e-15 
  999.000  5.483223e+02  2.052716e+01 -1.005585e-16 
 1000.000  5.443852e+02  2.034253e+01 -1.654354e-15 
 1001.000  5.446672e+02  2.026462e+01 -4.388299e-15 
 1002.000  5.394938e+02  1.995535e+01 -3.404954e-15 
 1003.000  5.342665e+02  1.973470e+01 -2.873475e-15 
 1004.000  5.323269e+02  1.966052e+01 -1.134726e-14 
 1005.000  4.982946e+02  1.838111e+01 -7.971977e-15 
 1006.000  5.248356e+02  1.932362e+01 -1.285500e-14 
 1007.000  5.336027e+02  1.958882e+01  8.487526e-15 
 1008.000  5.323619e+02  1.944269e+01 -1.153320e-15 
 1009.000  5.244717e+02  1.904338e+01 -1.534820e-14 
 1010.000  5.285545e+02  1.917952e+01 -1.641667e-15 
 1011.000  5.306865e+02  1.929223e+01  2.942184e-15 
 1012.000  5.327921e+02  1.935822e+01 -6.362502e-15 
 1013.000  5.303599e+02  1.924625e+01  3.422499e-16 
 1014.000  5.344205e+02  1.936353e+01  8.507008e-15 
 1015.000  5.246945e+02  1.897182e+01 -2.601053e-15 
 1016.000  5.287160e+02  1.908843e+01  9.265416e-15 
 1017.000  5.239044e+02  1.888091e+01 -5.490924e-15 
 1018.000  5.299704e+02  1.904137e+01 -1.042811e-15 
 1019.000  5.163583e+02  1.848757e+01 -6.054006e-15 
 1020.000  5.157977e+02  1.843003e+01  2.221517e-15 
 1021.000  5.220750e+02  1.863722e+01 -5.971031e-15 
 1022.000  5.124571e+02  1.822398e+01 -3.754852e-15 
 1023.000  5.207332e+02  1.844951e+01 -4.093801e-16 
 1024.000  5.171575e+02  1.826653e+01 -4.192546e-15 
 1025.000  5.198333e+02  1.836461e+01  2.817826e-15 
 1026.000  5.217478e+02  1.841894e+01 -5.460007e-15 
 1027.000  5.180984e+02  1.823916e+01 -8.261440e-15 
 1028.000  5.198004e+02  1.826869e+01 -6.642315e-15 
 1029.000  5.131071e+02  1.802032e+01 -5.833541e-15 
 1030.000  5.193980e+02  1.822587e+01  2.767525e-16 
 1031.000  5.183400e+02  1.816180e+01 -2.226558e-14 
 1032.000  5.169884e+02  1.808481e+01 -4.401070e-15 
 1033.000  5.076039e+02  1.772029e+01  2.089302e-14 
 1034.000  5.132410e+02  1.788387e+01  2.904115e-15 
 1035.000  5.079225e+02  1.766303e+01 -1.049810e-14 
 1036.000  5.145151e+02  1.785307e+01 -1.799775e-14 
 1037.000  5.037404e+02  1.744260e+01  8.407388e-15 
 1038.000  5.087907e+02  1.758074e+01  2.070483e-14 
 1039.000  5.107805e+02  1.760778e+01  1.374620e-14 
 1040.000  5.046701e+02  1.735679e+01 -3.114999e-15 
 1041.000  5.072760e+02  1.740622e+01  3.025981e-14 
 1042.000  5.087547e+02  1.741824e+01  1.914612e-14 
 1043.000  4.999779e+02  1.708048e+01  4.281112e-15 
 1044.000  5.048834e+02  1.720883e+01 -3.538574e-15 
 1045.000  5.025593e+02  1.708668e+01 -6.250485e-15 
 1046.000  4.878251e+02  1.654610e+01  9.536564e-16 
 1047.000  4.966476e+02  1.680447e+01  2.918485e-15 
 1048.000  5.014783e+02  1.692745e+01  3.655521e-15 
 1049.000  4.981374e+02  1.677505e+01 -1.125890e-14 
 1050.000  4.949645e+02  1.662619e+01  7.591550e-15 
 1051.000  4.946952e+02  1.657171e+01  6.077356e-16 
 1052.000  4.921898e+02  1.644647e+01 -5.894720e-15 
 1053.000  4.923743e+02  1.641627e+01  1.106946e-15 
 1054.000  4.870020e+02  1.619288e+01 -5.026338e-15 
 1055.000  4.902607e+02  1.625685e+01  2.163810e-15 
 1056.000  4.887046e+02  1.616309e+01 -7.277822e-15 
 1057.000  4.872173e+02  1.606092e+01 -1.887214e-15 
 1058.000  4.809523e+02  1.578759e+01 -4.866234e-15 
 1059.000  4.659050e+02  1.526307e+01  6.012575e-15 
 1060.000  4.832776e+02  1.581516e+01  3.566267e-15 
 1061.000  4.662177e+02  1.522442e+01 -3.452242e-15 
 1062.000  4.784751e+02  1.557600e+01  1.541281e-15 
 1063.000  4.701375e+02  1.527034e+01 -1.435297e-15 
 1064.000  4.756395e+02  1.540424e+01 -2.100095e-15 
 1065.000  4.742058e+02  1.530849e+01  2.539311e-16 
 1066.000  4.597280e+02  1.481519e+01 -3.548170e-15 
 1067.000  4.702697e+02  1.511671e+01  3.419325e-15 
 1068.000  4.667489e+02  1.494674e+01 -9.948949e-16 
 1069.000  4.307504e+02  1.375180e+01 -2.084810e-15 
 1070.000  4.565750e+02  1.455326e+01  6.434765e-16 
 1071.000  4.562802e+02  1.449714e+01 -9.398089e-16 
 1072.000  4.565822e+02  1.446127e+01 -9.501432e-16 
 1073.000  4.413651e+02  1.395055e+01 -1.795354e-15 
 1074.000  4.570625e+02  1.442355e+01 -1.576637e-15 
 1075.000  4.446048e+02  1.403195e+01  5.565453e-16 
 1076.000  4.532716e+02  1.426235e+01  5.143560e-15 
 1077.000  4.508553e+02  1.413893e+01 -4.754923e-15 
 1078.000  4.504730e+02  1.407735e+01 -3.443401e-15 
 1079.000  4.328111e+02  1.349829e+01 -5.638290e-15 
 1080.000  4.410284e+02  1.367414e+01 -2.734002e-15 
 1081.000  4.246238e+02  1.313943e+01  1.742506e-15 
 1082.000  4.320611e+02  1.336815e+01  2.607028e-16 
 1083.000  4.180783e+02  1.288607e+01  6.242536e-16 
 1084.000  4.313547e+02  1.324464e+01 -5.668386e-15 
 1085.000  4.193174e+02  1.279973e+01 -2.206343e-15 
 1086.000  4.263199e+02  1.300132e+01  2.902348e-15 
 1087.000  4.068818e+02  1.244489e+01  3.263048e-15 
 1088.000  4.319123e+02  1.319001e+01  1.407683e-15 
 1089.000  4.070415e+02  1.233725e+01 -4.286160e-15 
 1090.000  4.142783e+02  1.252227e+01  2.338162e-15 
 1091.000  4.186109e+02  1.264124e+01 -1.084776e-15 
 1092.000  4.046903e+02  1.217040e+01  2.796044e-16 
 1093.000  3.903424e+02  1.166871e+01 -2.603609e-15 
 1094.000  3.515212e+02  1.047339e+01  1.169480e-16 
 1095.000  3.811282e+02  1.133659e+01 -2.889008e-15 
 1096.000  3.801251e+02  1.128576e+01  6.869333e-16 
 1097.000  3.731457e+02  1.104841e+01 -5.420850e-16 
 1098.000  3.450664e+02  1.011316e+01  3.483698e-16 
 1099.000  3.251499e+02  9.405849e+00  9.729338e-16 
 1100.000  3.320778e+02  9.597020e+00  1.852090e-16 
