  400.000  1.062875e+01  1.090430e+02  8.853194e-16 
  401.000  1.081782e+01  1.081464e+02 -1.267217e-14 
  402.000  1.173627e+01  1.143602e+02  5.498207e-15 
  403.000  1.124900e+01  1.068693e+02  3.063370e-15 
  404.000  1.236698e+01  1.145823e+02  2.158595e-14 
  405.000  1.159872e+01  1.048345e+02 -5.665866e-15 
  406.000  1.176964e+01  1.038013e+02  1.954584e-14 
  407.000  1.171724e+01  1.008599e+02  2.168762e-14 
  408.000  1.297181e+01  1.090083e+02 -1.496980e-14 
  409.000  1.466830e+01  1.203698e+02 -1.782465e-14 
  410.000  1.252459e+01  1.003902e+02 -2.356148e-14 
  411.000  1.501643e+01  1.175966e+02 -2.120335e-14 
  412.000  1.588144e+01  1.215431e+02  2.981909e-14 
  413.000  1.530980e+01  1.145281e+02  1.260302e-14 
  414.000  1.531934e+01  1.120471e+02  5.848595e-15 
  415.000  1.666871e+01  1.192243e+02  2.079607e-14 
  416.000  1.689638e+01  1.182157e+02  2.586640e-14 
  417.000  1.670248e+01  1.143346e+02 -1.764392e-15 
  418.000  1.665229e+01  1.115515e+02  9.959271e-15 
  419.000  1.738307e+01  1.139820e+02  1.369316e-15 
  420.000  1.498819e+01  9.621831e+01  1.329994e-14 
  421.000  1.912620e+01  1.202303e+02 -2.277755e-14 
  422.000  1.866297e+01  1.149001e+02 -9.152392e-15 
  423.000  1.604803e+01  9.678325e+01 -4.212223e-15 
  424.000  1.796821e+01  1.061709e+02 -3.645104e-15 
  425.000  1.893569e+01  1.096508e+02 -1.087143e-14 
  426.000  1.851763e+01  1.051070e+02  1.118658e-15 
  427.000  1.811682e+01  1.008152e+02 -1.679537e-14 
  428.000  1.865406e+01  1.017868e+02 -6.658915e-15 
  429.000  1.725298e+01  9.232836e+01 -3.173445e-14 
  430.000  1.399324e+01  7.345618e+01 -3.785271e-15 
  431.000  1.278537e+01  6.584681e+01 -8.797785e-15 
  432.000  2.338284e+01  1.181702e+02 -2.380589e-15 
  433.000  2.114400e+01  1.048729e+02 -1.964904e-14 
  434.000  2.041173e+01  9.937849e+01  1.959846e-14 
  435.000  2.255170e+01  1.077964e+02  7.900674e-15 
  436.000  2.538926e+01  1.191686e+02 -1.920915e-14 
  437.000  2.602170e+01  1.199528e+02  1.675283e-15 
  438.000  2.365778e+01  1.071239e+02 -1.990008e-14 
  439.000  2.323132e+01  1.033449e+02 -2.185089e-14 
  440.000  2.641551e+01  1.154692e+02 -1.247262e-14 
  441.000  2.670675e+01  1.147343e+02  3.434476e-17 
  442.000  2.852338e+01  1.204538e+02  2.592663e-14 
  443.000  2.911149e+01  1.208685e+02 -1.492879e-14 
  444.000  2.931588e+01  1.196909e+02 -1.290757e-14 
  445.000  3.124707e+01  1.254788e+02  4.202665e-15 
  446.000  2.817403e+01  1.113056e+02 -2.220101e-14 
  447.000  3.256447e+01  1.265532e+02  1.479355e-14 
  448.000  3.357953e+01  1.283350e+02 -8.156426e-15 
  449.000  3.429569e+01  1.289011e+02 -9.159933e-15 
  450.000  3.553832e+01  1.313862e+02  5.514079e-16 
  451.000  3.893023e+01  1.416076e+02  5.222887e-15 
  452.000  3.666781e+01  1.312603e+02  1.433874e-14 
  453.000  3.447711e+01  1.214816e+02 -1.608989e-14 
  454.000  3.722321e+01  1.291227e+02 -1.864556e-15 
  455.000  3.794147e+01  1.295892e+02 -3.921520e-16 
  456.000  3.931182e+01  1.322274e+02 -6.022336e-15 
  457.000  3.999053e+01  1.324736e+02  3.119125e-14 
  458.000  3.973673e+01  1.296573e+02  1.103319e-14 
  459.000  4.017710e+01  1.291485e+02 -8.232741e-15 
  460.000  4.026985e+01  1.275392e+02  1.415555e-14 
  461.000  4.218847e+01  1.316622e+02  3.009969e-15 
  462.000  4.194904e+01  1.290203e+02 -1.662708e-14 
  463.000  4.240754e+01  1.285603e+02  1.829274e-14 
  464.000  4.306207e+01  1.286870e+02 -6.501159e-15 
  465.000  4.293761e+01  1.265083e+02 -6.662162e-15 
  466.000  4.481347e+01  1.301964e+02 -4.295413e-17 
  467.000  4.372201e+01  1.252791e+02 -2.072374e-15 
  468.000  4.674692e+01  1.321336e+02 -5.434482e-15 
  469.000  4.675159e+01  1.303986e+02  1.000201e-15 
  470.000  4.648866e+01  1.279929e+02  2.704851e-14 
  471.000  4.675198e+01  1.271059e+02 -8.275531e-15 
  472.000  4.763834e+01  1.279307e+02  2.846310e-14 
  473.000  4.737468e+01  1.257081e+02 -1.623527e-14 
  474.000  4.797849e+01  1.258397e+02 -1.111260e-15 
  475.000  5.002596e+01  1.298348e+02  1.571007e-15 
  476.000  4.847126e+01  1.246182e+02  1.601442e-14 
  477.000  4.809703e+01  1.223949e+02 -3.172307e-15 
  478.000  5.103739e+01  1.280364e+02 -2.326033e-15 
  479.000  4.950699e+01  1.221909e+02 -1.130462e-14 
  480.000  5.135310e+01  1.246520e+02  3.932755e-15 
  481.000  5.182729e+01  1.238348e+02  9.787146e-15 
  482.000  5.365171e+01  1.263026e+02  5.641669e-16 
  483.000  5.436592e+01  1.261931e+02  1.521114e-14 
  484.000  5.283141e+01  1.210024e+02 -2.033530e-14 
  485.000  5.373208e+01  1.214889e+02 -1.537574e-14 
  486.000  4.398502e+01  9.820752e+01  5.745239e-15 
  487.000  4.991559e+01  1.100819e+02  7.513036e-15 
  488.000  5.470526e+01  1.191863e+02 -6.118998e-16 
  489.000  5.132033e+01  1.104733e+02 -4.061454e-15 
  490.000  5.895565e+01  1.254019e+02 -3.109307e-14 
  491.000  5.560972e+01  1.168903e+02  4.584767e-14 
  492.000  5.384627e+01  1.118617e+02 -2.976397e-15 
  493.000  5.843220e+01  1.199787e+02 -2.303743e-14 
  494.000  5.686595e+01  1.154205e+02  1.627662e-14 
  495.000  6.123853e+01  1.228728e+02 -2.847709e-14 
  496.000  5.998822e+01  1.189913e+02 -3.029845e-14 
  497.000  5.852671e+01  1.147723e+02 -1.214854e-15 
  498.000  5.747010e+01  1.114266e+02 -3.183741e-15 
  499.000  5.764883e+01  1.105227e+02  2.081253e-14 
  500.000  5.770991e+01  1.094095e+02  2.188194e-14 
  501.000  5.671219e+01  1.063336e+02  6.380845e-15 
  502.000  5.663584e+01  1.050260e+02  3.696689e-14 
  503.000  6.032426e+01  1.106457e+02 -7.764135e-15 
  504.000  5.641089e+01  1.023488e+02  1.556635e-14 
  505.000  6.114534e+01  1.097497e+02  1.432677e-15 
  506.000  6.592781e+01  1.170714e+02  2.634643e-14 
  507.000  6.178553e+01  1.085515e+02  2.222642e-14 
  508.000  5.968149e+01  1.037469e+02 -6.690984e-15 
  509.000  6.481668e+01  1.114913e+02 -2.609711e-14 
  510.000  6.324306e+01  1.076533e+02 -3.448484e-15 
  511.000  6.367879e+01  1.072750e+02  2.171424e-15 
  512.000  6.726588e+01  1.121539e+02  3.288231e-14 
  513.000  6.195878e+01  1.022493e+02 -9.760373e-15 
  514.000  6.104343e+01  9.971571e+01  1.964247e-15 
  515.000  6.271109e+01  1.014055e+02  4.863540e-15 
  516.000  6.622915e+01  1.060203e+02 -2.672708e-14 
  517.000  4.901103e+01  7.767738e+01  1.380624e-15 
  518.000  6.095332e+01  9.565067e+01 -5.060497e-15 
  519.000  5.800615e+01  9.013228e+01 -4.530796e-15 
  520.000  6.414742e+01  9.870105e+01  2.214806e-14 
  521.000  6.445461e+01  9.821533e+01 -6.052860e-15 
  522.000  6.726686e+01  1.015235e+02 -2.294878e-15 
  523.000  6.287426e+01  9.400810e+01 -3.462576e-16 
  524.000  6.844783e+01  1.013890e+02  1.941829e-15 
  525.000  6.811485e+01  9.996943e+01  1.459564e-14 
  526.000  6.514159e+01  9.471869e+01  1.975999e-15 
  527.000  5.706597e+01  8.221738e+01  7.951102e-15 
  528.000  6.871325e+01  9.809850e+01 -1.679905e-14 
  529.000  7.084521e+01  1.002274e+02  2.031459e-14 
  530.000  6.711709e+01  9.409602e+01  1.006244e-14 
  531.000  7.324915e+01  1.017687e+02 -6.884600e-15 
  532.000  7.008960e+01  9.649660e+01 -4.327095e-15 
  533.000  6.184262e+01  8.436459e+01  2.881049e-15 
  534.000  6.761007e+01  9.136542e+01 -8.679874e-15 
  535.000  6.938508e+01  9.286869e+01 -1.665164e-15 
  536.000  7.404440e+01  9.816749e+01  1.436855e-14 
  537.000  6.906252e+01  9.071185e+01 -4.841328e-15 
  538.000  7.265205e+01  9.455708e+01  6.255721e-15 
  539.000  7.275417e+01  9.383801e+01 -5.489817e-15 
  540.000  7.152199e+01  9.142854e+01 -2.241066e-14 
  541.000  6.587592e+01  8.346786e+01 -1.309193e-14 
  542.000  7.380243e+01  9.269330e+01 -2.162993e-14 
  543.000  7.089380e+01  8.826741e+01  2.011151e-14 
  544.000  7.506272e+01  9.265425e+01  8.585394e-15 
  545.000  7.420751e+01  9.081555e+01 -6.617342e-15 
  546.000  7.281023e+01  8.834889e+01 -2.372417e-15 
  547.000  7.617103e+01  9.164373e+01  1.123204e-15 
  548.000  7.091888e+01  8.460667e+01  1.715108e-14 
  549.000  7.489298e+01  8.859943e+01 -1.169304e-15 
  550.000  7.347973e+01  8.620417e+01  1.871548e-14 
  551.000  7.322844e+01  8.520185e+01  2.143359e-14 
  552.000  7.660552e+01  8.839914e+01  3.376849e-14 
  553.000  7.380598e+01  8.447629e+01  2.564549e-15 
  554.000  7.642105e+01  8.676328e+01  2.373840e-14 
  555.000  7.683794e+01  8.653629e+01 -2.947710e-15 
  556.000  7.490424e+01  8.368579e+01  5.950384e-15 
  557.000  7.283537e+01  8.073397e+01 -2.240766e-14 
  558.000  7.575558e+01  8.331510e+01  2.962087e-15 
  559.000  7.174142e+01  7.829012e+01  7.789162e-15 
  560.000  7.217030e+01  7.815999e+01 -4.874245e-15 
  561.000  7.942027e+01  8.536942e+01 -1.298371e-14 
  562.000  7.284773e+01  7.778604e+01 -3.952116e-15 
  563.000  7.626913e+01  8.085655e+01  1.277520e-14 
  564.000  7.519479e+01  7.917059e+01  6.301445e-15 
  565.000  7.596671e+01  7.948398e+01  2.753438e-15 
  566.000  7.003220e+01  7.277197e+01  1.331098e-14 
  567.000  7.468906e+01  7.725066e+01  3.951266e-15 
  568.000  7.342471e+01  7.587553e+01  1.057586e-14 
  569.000  6.942478e+01  7.247122e+01 -5.974061e-15 
  570.000  7.007153e+01  7.253599e+01 -6.396328e-15 
  571.000  6.924944e+01  7.035396e+01 -2.055505e-15 
  572.000  7.129382e+01  7.287853e+01 -4.872520e-15 
  573.000  7.250529e+01  7.330230e+01 -5.290447e-15 
  574.000  7.219011e+01  7.247322e+01 -9.495662e-16 
  575.000  7.031461e+01  7.019960e+01  9.986219e-16 
  576.000  6.917179e+01  6.862830e+01  8.397033e-16 
  577.000  7.275236e+01  7.149681e+01  9.177696e-15 
  578.000  7.163428e+01  6.962634e+01  1.093780e-14 
  579.000  7.208719e+01  6.933435e+01 -3.146371e-15 
  580.000  7.596637e+01  7.221425e+01  4.186966e-15 
  581.000  7.627484e+01  7.156742e+01  1.300813e-14 
  582.000  7.870641e+01  7.305318e+01  3.008433e-15 
  583.000  8.022750e+01  7.378448e+01  1.325875e-14 
  584.000  8.077252e+01  7.366145e+01  1.212799e-14 
  585.000  8.098611e+01  7.325838e+01  1.724185e-14 
  586.000  7.809817e+01  7.011009e+01  6.403659e-15 
  587.000  8.083348e+01  7.236912e+01 -5.606499e-15 
  588.000  7.665087e+01  6.961189e+01 -7.059890e-15 
  589.000  6.338600e+01  5.870700e+01  5.538169e-16 
  590.000  6.614435e+01  6.093217e+01 -3.086467e-15 
  591.000  7.420356e+01  6.671169e+01  5.313343e-16 
  592.000  7.115034e+01  6.412276e+01  8.380767e-15 
  593.000  7.637498e+01  6.698064e+01 -6.538169e-15 
  594.000  7.638450e+01  6.685910e+01  5.872293e-15 
  595.000  7.223784e+01  6.370897e+01  1.324978e-15 
  596.000  7.847498e+01  6.733640e+01  2.740455e-15 
  597.000  7.784908e+01  6.663994e+01 -8.275589e-15 
  598.000  7.811370e+01  6.582170e+01  3.015263e-15 
  599.000  7.896269e+01  6.583058e+01 -1.115904e-14 
  600.000  8.069170e+01  6.625741e+01 -1.564226e-14 
  601.000  8.154109e+01  6.598534e+01 -1.655798e-14 
  602.000  8.107067e+01  6.504450e+01 -3.087366e-15 
  603.000  8.215499e+01  6.538168e+01  1.233882e-14 
  604.000  8.554862e+01  6.755006e+01  1.500696e-14 
  605.000  8.606572e+01  6.743928e+01 -8.101718e-15 
  606.000  8.557596e+01  6.661060e+01 -2.189798e-15 
  607.000  8.558437e+01  6.618160e+01  5.982354e-15 
  608.000  8.573376e+01  6.587433e+01 -1.055901e-14 
  609.000  8.529126e+01  6.512350e+01  6.027997e-15 
  610.000  8.436208e+01  6.401357e+01 -4.477022e-15 
  611.000  8.619606e+01  6.500482e+01 -1.070710e-15 
  612.000  8.552323e+01  6.410651e+01 -1.161282e-14 
  613.000  8.470163e+01  6.311103e+01 -9.487069e-15 
  614.000  8.204245e+01  6.076880e+01 -1.439692e-14 
  615.000  8.639030e+01  6.361280e+01 -1.848554e-14 
  616.000  8.252124e+01  6.041169e+01 -2.330067e-14 
  617.000  8.334431e+01  6.066797e+01 -5.385533e-15 
  618.000  8.759442e+01  6.340760e+01  1.311022e-14 
  619.000  8.705461e+01  6.267779e+01  3.896863e-15 
  620.000  8.858200e+01  6.344130e+01 -3.688632e-15 
  621.000  9.030458e+01  6.434554e+01 -9.647792e-15 
  622.000  8.568346e+01  6.075275e+01 -3.042803e-15 
  623.000  8.642104e+01  6.099247e+01  1.285390e-16 
  624.000  8.659241e+01  6.082955e+01 -3.455649e-15 
  625.000  8.429443e+01  5.894704e+01 -1.993916e-15 
  626.000  8.440093e+01  5.885318e+01 -1.440322e-14 
  627.000  8.442447e+01  5.896745e+01  1.661591e-15 
  628.000  7.760215e+01  5.520492e+01 -1.848646e-15 
  629.000  8.292827e+01  5.808421e+01  1.264876e-15 
  630.000  8.170314e+01  5.655675e+01  1.672602e-15 
  631.000  8.615031e+01  5.906777e+01 -3.373074e-15 
  632.000  7.984890e+01  5.470972e+01  1.229427e-15 
  633.000  8.826805e+01  5.946894e+01 -1.034389e-15 
  634.000  8.695975e+01  5.807547e+01  1.062335e-14 
  635.000  8.945755e+01  5.935141e+01  8.769146e-15 
  636.000  8.746998e+01  5.756422e+01 -2.082525e-15 
  637.000  9.141824e+01  5.971559e+01  1.767511e-15 
  638.000  9.441104e+01  6.107781e+01 -7.288382e-15 
  639.000  9.442343e+01  6.070060e+01 -5.829703e-15 
  640.000  9.260387e+01  5.906556e+01 -1.580093e-14 
  641.000  9.471954e+01  6.003857e+01 -3.351018e-15 
  642.000  9.447122e+01  5.945881e+01 -1.231141e-16 
  643.000  9.612250e+01  6.028793e+01 -3.760864e-16 
  644.000  9.554860e+01  5.959021e+01 -1.232296e-14 
  645.000  9.609009e+01  5.980272e+01  1.082961e-14 
  646.000  8.928165e+01  5.619748e+01 -3.499092e-16 
  647.000  8.846481e+01  5.594115e+01 -4.139803e-15 
  648.000  8.601498e+01  5.467217e+01 -4.490522e-15 
  649.000  9.047208e+01  5.669163e+01  6.652836e-15 
  650.000  8.854755e+01  5.418218e+01 -1.169320e-14 
  651.000  9.575547e+01  5.828839e+01  3.629084e-15 
  652.000  9.018786e+01  5.550673e+01  1.788700e-15 
  653.000  9.719095e+01  5.840286e+01  7.163912e-15 
  654.000  9.576888e+01  5.737117e+01 -2.627648e-15 
  655.000  9.188507e+01  5.514219e+01 -2.306261e-15 
  656.000  7.881851e+01  4.694573e+01  4.051640e-17 
  657.000  8.528360e+01  5.034846e+01 -6.005082e-15 
  658.000  9.700789e+01  5.660422e+01  9.919253e-16 
  659.000  9.862192e+01  5.694274e+01 -8.700546e-15 
  660.000  1.002367e+02  5.748137e+01 -1.920430e-15 
  661.000  1.023024e+02  5.808750e+01  1.561887e-14 
  662.000  1.047639e+02  5.905954e+01  1.411629e-14 
  663.000  1.038065e+02  5.826334e+01 -5.536730e-15 
  664.000  1.027956e+02  5.735660e+01  1.325012e-14 
  665.000  1.037330e+02  5.756936e+01 -3.444066e-15 
  666.000  1.055977e+02  5.827068e+01  0.000000e+00 
  667.000  1.040493e+02  5.710405e+01  8.586839e-15 
  668.000  1.054223e+02  5.749430e+01  1.016405e-14 
  669.000  1.074923e+02  5.830487e+01 -8.265691e-15 
  670.000  1.066880e+02  5.756895e+01  4.968996e-15 
  671.000  1.060653e+02  5.693157e+01 -8.424851e-15 
  672.000  1.061682e+02  5.669921e+01  9.556797e-15 
  673.000  1.073724e+02  5.705539e+01  1.314247e-14 
  674.000  1.080222e+02  5.711496e+01 -6.581075e-15 
  675.000  1.068090e+02  5.619281e+01  3.355096e-15 
  676.000  1.092484e+02  5.719354e+01  6.478783e-15 
  677.000  1.074719e+02  5.598694e+01 -9.811428e-15 
  678.000  1.096548e+02  5.684371e+01  2.287041e-14 
  679.000  1.084248e+02  5.594588e+01  2.358629e-14 
  680.000  1.075631e+02  5.530890e+01 -1.170302e-14 
  681.000  1.078563e+02  5.522326e+01  2.985125e-15 
  682.000  1.078773e+02  5.499004e+01  6.532127e-15 
  683.000  1.088934e+02  5.525837e+01  9.805419e-15 
  684.000  1.069169e+02  5.406818e+01  5.215379e-15 
  685.000  1.087795e+02  5.469722e+01  3.321322e-15 
  686.000  1.032515e+02  5.179921e+01  1.758976e-15 
  687.000  6.830305e+01  3.715731e+01 -5.220771e-15 
  688.000  7.863686e+01  4.139182e+01 -9.526808e-15 
  689.000  7.587038e+01  4.006887e+01  4.948667e-16 
  690.000  8.201339e+01  4.256285e+01 -1.229603e-16 
  691.000  8.995367e+01  4.580737e+01  6.838493e-15 
  692.000  9.347153e+01  4.712380e+01  5.940594e-15 
  693.000  8.981652e+01  4.585135e+01 -2.561044e-15 
  694.000  8.596071e+01  4.439711e+01 -9.013823e-15 
  695.000  8.836126e+01  4.500086e+01 -3.592388e-15 
  696.000  9.193154e+01  4.631525e+01  2.584815e-15 
  697.000  1.031235e+02  5.010823e+01  1.684222e-15 
  698.000  9.911083e+01  4.829125e+01 -1.090063e-16 
  699.000  9.140546e+01  4.560030e+01 -4.815563e-15 
  700.000  9.199412e+01  4.551069e+01  3.628832e-15 
  701.000  8.804681e+01  4.361918e+01  3.216936e-15 
  702.000  8.926875e+01  4.384676e+01  1.702747e-15 
  703.000  9.868320e+01  4.715795e+01 -4.031814e-16 
  704.000  9.952997e+01  4.730441e+01 -5.221298e-16 
  705.000  9.709715e+01  4.639904e+01 -6.983649e-15 
  706.000  9.689907e+01  4.601438e+01  1.198353e-15 
  707.000  9.679867e+01  4.560714e+01 -3.471195e-15 
  708.000  1.011260e+02  4.725717e+01  4.505862e-15 
  709.000  1.003618e+02  4.632611e+01  4.432261e-15 
  710.000  9.994819e+01  4.633264e+01  8.581262e-15 
  711.000  1.020383e+02  4.669507e+01 -1.728488e-16 
  712.000  1.032824e+02  4.671211e+01  1.484526e-15 
  713.000  1.009589e+02  4.575526e+01  2.293868e-15 
  714.000  1.020721e+02  4.617451e+01 -1.867868e-15 
  715.000  9.533350e+01  4.339014e+01  3.600228e-15 
  716.000  9.430742e+01  4.322415e+01 -3.984735e-15 
  717.000  7.271609e+01  3.524853e+01  3.302105e-16 
  718.000  6.207802e+01  3.141926e+01 -5.744020e-21 
  719.000  5.795760e+01  2.977318e+01 -4.280790e-16 
  720.000  5.382711e+01  2.826143e+01 -3.311993e-16 
  721.000  7.710491e+01  3.617509e+01  1.309012e-20 
  722.000  8.839311e+01  4.010955e+01 -3.838175e-16 
  723.000  8.257115e+01  3.790861e+01 -1.078166e-15 
  724.000  6.823375e+01  3.293968e+01  1.945484e-15 
  725.000  6.951942e+01  3.315040e+01  1.603188e-15 
  726.000  6.888313e+01  3.279259e+01  1.642358e-16 
  727.000  7.205325e+01  3.386566e+01 -2.029135e-16 
  728.000  6.881409e+01  3.249266e+01  1.764879e-15 
  729.000  7.147949e+01  3.286307e+01  6.014216e-17 
  730.000  7.338995e+01  3.369712e+01  7.311903e-17 
  731.000  7.128573e+01  3.271307e+01 -3.554864e-16 
  732.000  8.256033e+01  3.647596e+01 -3.078582e-16 
  733.000  9.175487e+01  3.922888e+01  2.431018e-15 
  734.000  9.925415e+01  4.162191e+01 -7.947431e-16 
  735.000  9.677127e+01  4.061821e+01 -1.530574e-15 
  736.000  9.173328e+01  3.870088e+01 -3.170959e-15 
  737.000  9.567596e+01  3.991560e+01 -9.926322e-16 
  738.000  9.918410e+01  4.079510e+01 -1.901414e-15 
  739.000  9.766198e+01  3.982276e+01  1.680781e-15 
  740.000  1.022433e+02  4.109415e+01 -8.413382e-16 
  741.000  1.036230e+02  4.122782e+01  3.881814e-15 
  742.000  1.029141e+02  4.067582e+01  1.257112e-16 
  743.000  1.079575e+02  4.220527e+01  5.935090e-15 
  744.000  1.099831e+02  4.272058e+01  3.195493e-15 
  745.000  1.079123e+02  4.167349e+01 -3.886209e-15 
  746.000  1.100861e+02  4.228545e+01  1.251227e-14 
  747.000  1.120842e+02  4.287260e+01 -8.504312e-15 
  748.000  1.105900e+02  4.209552e+01  8.049432e-15 
  749.000  1.110137e+02  4.207093e+01 -6.675393e-15 
  750.000  1.092891e+02  4.128578e+01 -2.360894e-14 
  751.000  1.092222e+02  4.109705e+01  3.039727e-14 
  752.000  1.116493e+02  4.178440e+01  1.096918e-14 
  753.000  1.109828e+02  4.135040e+01  6.114495e-15 
  754.000  1.130385e+02  4.193878e+01  1.280785e-14 
  755.000  1.126074e+02  4.161501e+01  1.400579e-14 
  756.000  1.106253e+02  4.072143e+01 -3.264388e-14 
  757.000  1.116039e+02  4.092456e+01 -8.706133e-15 
  758.000  1.108145e+02  4.052305e+01 -1.072803e-14 
  759.000  8.678064e+01  3.302446e+01  2.063632e-15 
  760.000  6.784893e+00  4.831906e+00 -1.679424e-17 
  761.000  4.643998e+00  3.775150e+00 -4.069485e-17 
  762.000  2.887783e+01  1.346902e+01  1.471288e-16 
  763.000  1.847659e+01  9.598463e+00  8.946681e-17 
  764.000  2.365731e+01  1.152764e+01 -3.381582e-16 
  765.000  3.908354e+01  1.706416e+01  9.616706e-16 
  766.000  6.198022e+01  2.420446e+01 -1.354047e-15 
  767.000  7.902795e+01  2.948163e+01  5.600909e-15 
  768.000  9.472591e+01  3.438757e+01 -4.480551e-15 
  769.000  1.031609e+02  3.668701e+01 -6.750222e-15 
  770.000  1.076207e+02  3.784594e+01  7.721214e-16 
  771.000  1.099453e+02  3.829764e+01 -2.890027e-15 
  772.000  1.101837e+02  3.820394e+01  2.877496e-15 
  773.000  1.100581e+02  3.800886e+01 -5.730254e-15 
  774.000  1.116034e+02  3.840236e+01 -5.413711e-15 
  775.000  1.078452e+02  3.695033e+01  7.813583e-15 
  776.000  1.126358e+02  3.843330e+01  1.991232e-14 
  777.000  1.119944e+02  3.807668e+01 -8.170736e-15 
  778.000  1.114366e+02  3.776001e+01 -9.048777e-15 
  779.000  1.118347e+02  3.776813e+01 -6.205525e-15 
  780.000  1.104846e+02  3.718743e+01  1.327007e-14 
  781.000  1.107276e+02  3.710175e+01  7.396660e-15 
  782.000  1.120842e+02  3.743260e+01 -3.052978e-15 
  783.000  1.094982e+02  3.644746e+01 -1.282189e-14 
  784.000  1.100278e+02  3.651061e+01 -1.525631e-14 
  785.000  1.097343e+02  3.635027e+01 -4.101609e-15 
  786.000  1.068628e+02  3.538978e+01 -7.709436e-15 
  787.000  1.061744e+02  3.534446e+01  1.325029e-15 
  788.000  1.033867e+02  3.443290e+01  4.273965e-15 
  789.000  9.957089e+01  3.350029e+01 -3.843755e-15 
  790.000  9.825394e+01  3.298171e+01 -1.570100e-15 
  791.000  9.866467e+01  3.292179e+01  2.218088e-15 
  792.000  9.796716e+01  3.249726e+01 -6.946840e-15 
  793.000  9.976661e+01  3.279545e+01  9.693333e-16 
  794.000  1.026408e+02  3.322427e+01 -2.279766e-15 
  795.000  9.985005e+01  3.244614e+01 -2.581792e-15 
  796.000  9.548149e+01  3.150566e+01  3.286544e-15 
  797.000  9.791820e+01  3.203034e+01  2.504580e-15 
  798.000  1.020038e+02  3.285726e+01 -4.850759e-15 
  799.000  1.011151e+02  3.254795e+01  4.323889e-16 
  800.000  9.577941e+01  3.099182e+01 -9.158248e-16 
  801.000  9.798218e+01  3.156410e+01 -2.936622e-15 
  802.000  9.759695e+01  3.135935e+01  3.398415e-16 
  803.000  9.670021e+01  3.092578e+01 -2.171937e-15 
  804.000  9.901581e+01  3.142878e+01 -4.381830e-15 
  805.000  9.891850e+01  3.104491e+01  2.305966e-15 
  806.000  1.032636e+02  3.214378e+01 -3.432010e-15 
  807.000  1.028107e+02  3.188778e+01  4.219866e-15 
  808.000  1.013811e+02  3.142459e+01  1.005868e-15 
  809.000  9.866815e+01  3.058439e+01  3.925278e-15 
  810.000  9.710627e+01  3.011273e+01  1.599020e-15 
  811.000  9.628233e+01  2.998198e+01 -4.619542e-16 
  812.000  9.273975e+01  2.907081e+01 -2.576119e-15 
  813.000  8.848613e+01  2.796758e+01 -2.398685e-16 
  814.000  8.339768e+01  2.664667e+01  1.407570e-15 
  815.000  7.658408e+01  2.481139e+01 -1.899354e-15 
  816.000  6.907998e+01  2.282683e+01 -1.517305e-15 
  817.000  6.980572e+01  2.297550e+01  6.611601e-16 
  818.000  6.995758e+01  2.290545e+01  3.978296e-16 
  819.000  7.038730e+01  2.277676e+01 -8.398956e-16 
  820.000  7.667867e+01  2.415766e+01  1.520826e-15 
  821.000  8.892249e+01  2.717670e+01 -2.744723e-16 
  822.000  7.929745e+01  2.466722e+01 -1.551096e-15 
  823.000  6.254050e+01  2.060180e+01  6.738390e-16 
  824.000  7.866515e+01  2.450385e+01  1.072139e-15 
  825.000  8.971188e+01  2.700123e+01  5.498500e-16 
  826.000  8.855212e+01  2.669586e+01 -2.739665e-16 
  827.000  8.689120e+01  2.621712e+01  5.252371e-16 
  828.000  7.952122e+01  2.439093e+01 -2.597376e-15 
  829.000  8.208524e+01  2.492738e+01 -1.092133e-15 
  830.000  8.376671e+01  2.515082e+01  9.044935e-16 
  831.000  8.308736e+01  2.481112e+01 -1.061380e-15 
  832.000  8.528839e+01  2.534669e+01 -1.561376e-15 
  833.000  8.442080e+01  2.487902e+01 -4.323555e-16 
  834.000  8.782548e+01  2.563641e+01  3.269466e-15 
  835.000  9.218237e+01  2.648134e+01  1.360056e-15 
  836.000  9.205228e+01  2.646142e+01  3.739884e-15 
  837.000  9.128149e+01  2.616026e+01 -1.565071e-15 
  838.000  9.368830e+01  2.659898e+01  4.159380e-15 
  839.000  9.203983e+01  2.594623e+01  4.543382e-15 
  840.000  9.502553e+01  2.666519e+01  1.889486e-15 
  841.000  9.406228e+01  2.641827e+01 -4.180011e-15 
  842.000  9.471764e+01  2.641950e+01 -2.689227e-15 
  843.000  9.690427e+01  2.670441e+01  8.250166e-17 
  844.000  9.663241e+01  2.643515e+01  1.513024e-15 
  845.000  9.877055e+01  2.688307e+01 -5.833490e-15 
  846.000  1.003552e+02  2.717325e+01  5.010967e-15 
  847.000  9.750333e+01  2.623289e+01 -4.343844e-15 
  848.000  9.946269e+01  2.680329e+01  2.561638e-15 
  849.000  9.985530e+01  2.681372e+01 -2.620072e-15 
  850.000  8.591929e+01  2.304241e+01 -4.424008e-15 
  851.000  9.785649e+01  2.621930e+01  3.630939e-15 
  852.000  9.427557e+01  2.517665e+01  3.210975e-15 
  853.000  9.647363e+01  2.559305e+01  1.619781e-15 
  854.000  7.758057e+01  2.052095e+01  6.669534e-17 
  855.000  8.592970e+01  2.261870e+01 -9.410469e-16 
  856.000  9.846452e+01  2.571924e+01  7.639105e-17 
  857.000  1.006630e+02  2.616817e+01 -1.312803e-15 
  858.000  9.930113e+01  2.571837e+01 -1.517916e-14 
  859.000  9.983438e+01  2.573891e+01 -2.274962e-15 
  860.000  9.933318e+01  2.550793e+01  3.002918e-15 
  861.000  9.935092e+01  2.544069e+01  2.253124e-15 
  862.000  9.938347e+01  2.534785e+01  1.376596e-14 
  863.000  1.013745e+02  2.577598e+01  1.509625e-14 
  864.000  1.014378e+02  2.569813e+01  6.390118e-15 
  865.000  9.977057e+01  2.518705e+01 -1.045019e-15 
  866.000  8.376764e+01  2.108189e+01  3.506187e-15 
  867.000  8.921688e+01  2.238998e+01 -3.867947e-15 
  868.000  9.683150e+01  2.422777e+01 -4.194888e-15 
  869.000  9.557514e+01  2.383910e+01 -3.137760e-15 
  870.000  9.952138e+01  2.475465e+01 -1.603854e-14 
  871.000  9.948323e+01  2.466875e+01  4.151533e-15 
  872.000  9.926614e+01  2.453256e+01  2.052361e-14 
  873.000  9.957446e+01  2.454842e+01 -2.224848e-15 
  874.000  9.736533e+01  2.394017e+01 -3.045760e-15 
  875.000  9.649785e+01  2.365974e+01 -3.879372e-15 
  876.000  9.723040e+01  2.377756e+01  7.247721e-15 
  877.000  9.923991e+01  2.419609e+01 -5.174750e-15 
  878.000  9.721716e+01  2.366132e+01 -3.925647e-15 
  879.000  9.746946e+01  2.365568e+01  6.415258e-15 
  880.000  9.673488e+01  2.342758e+01 -9.427807e-15 
  881.000  9.169958e+01  2.215090e+01  1.382417e-16 
  882.000  9.665320e+01  2.329258e+01  8.567948e-15 
  883.000  9.466985e+01  2.273586e+01 -9.214821e-16 
  884.000  9.559712e+01  2.288709e+01 -1.001069e-15 
  885.000  9.611460e+01  2.298862e+01  3.183543e-15 
  886.000  9.232648e+01  2.207841e+01  6.239524e-15 
  887.000  9.193752e+01  2.187760e+01  5.889330e-15 
  888.000  9.470267e+01  2.247426e+01  2.141633e-15 
  889.000  9.556561e+01  2.260138e+01 -2.155144e-15 
  890.000  9.490350e+01  2.241759e+01  7.202231e-17 
  891.000  9.358628e+01  2.214379e+01 -3.843722e-15 
  892.000  9.122480e+01  2.168456e+01 -3.682565e-15 
  893.000  8.183276e+01  1.981907e+01 -1.148966e-15 
  894.000  8.147699e+01  1.989164e+01  4.950221e-16 
  895.000  6.907338e+01  1.728307e+01 -1.068775e-15 
  896.000  6.403933e+01  1.636967e+01 -1.289291e-16 
  897.000  5.517324e+01  1.452233e+01 -5.286497e-16 
  898.000  5.203429e+01  1.389403e+01 -5.017619e-16 
  899.000  4.406781e+01  1.231012e+01  2.517844e-16 
  900.000  4.393052e+01  1.216373e+01 -2.454421e-16 
  901.000  4.122105e+01  1.152266e+01  2.114202e-16 
  902.000  4.097806e+01  1.137394e+01  3.077803e-17 
  903.000  5.680803e+01  1.456192e+01 -1.363177e-16 
  904.000  6.758971e+01  1.668922e+01 -1.517934e-16 
  905.000  6.723114e+01  1.655228e+01  1.394033e-15 
  906.000  5.936957e+01  1.486914e+01  2.950509e-16 
  907.000  5.049039e+01  1.320957e+01  9.425221e-17 
  908.000  4.343481e+01  1.174410e+01 -2.129363e-16 
  909.000  4.286781e+01  1.154934e+01  2.158318e-16 
  910.000  4.419505e+01  1.181203e+01  6.864744e-16 
  911.000  4.781202e+01  1.245036e+01  4.508568e-16 
  912.000  4.613245e+01  1.211031e+01 -4.452767e-17 
  913.000  3.975303e+01  1.094103e+01 -2.625147e-16 
  914.000  4.311834e+01  1.153511e+01  3.848735e-18 
  915.000  4.539630e+01  1.186784e+01  4.737915e-16 
  916.000  4.690160e+01  1.215386e+01 -2.364184e-16 
  917.000  4.799493e+01  1.226331e+01  3.302403e-16 
  918.000  5.013240e+01  1.259832e+01  1.563117e-16 
  919.000  5.928949e+01  1.427728e+01  4.367908e-16 
  920.000  6.591637e+01  1.544952e+01  7.858260e-17 
  921.000  6.306847e+01  1.479686e+01  9.997952e-19 
  922.000  6.244954e+01  1.461214e+01  3.044958e-17 
  923.000  5.802892e+01  1.362352e+01  1.291551e-15 
  924.000  5.607102e+01  1.335307e+01  8.280497e-16 
  925.000  5.627229e+01  1.340747e+01 -1.270235e-16 
  926.000  5.362957e+01  1.280752e+01  6.603348e-17 
  927.000  5.031595e+01  1.232140e+01  2.247919e-16 
  928.000  4.317624e+01  1.105936e+01 -2.512509e-16 
  929.000  3.345203e+01  9.215833e+00 -1.107476e-16 
  930.000  2.407610e+01  7.335709e+00 -6.709803e-17 
  931.000  1.624345e+01  5.611572e+00  3.774613e-18 
  932.000  8.662730e+00  3.799082e+00 -2.732219e-17 
  933.000  5.383785e+00  2.904888e+00  5.074158e-19 
  934.000  3.149185e+00  2.191260e+00  3.529458e-18 
  935.000  2.877519e+00  2.079434e+00  1.172051e-20 
  936.000  3.482614e+00  2.274107e+00 -3.459389e-18 
  937.000  3.448719e+00  2.276886e+00  7.068782e-18 
  938.000  6.199514e+00  3.067061e+00  7.228766e-18 
  939.000  2.026589e+01  6.491469e+00 -5.570119e-17 
  940.000  2.360817e+01  7.161575e+00 -1.122463e-16 
  941.000  2.052267e+01  6.431117e+00  5.415209e-17 
  942.000  1.429846e+01  4.940959e+00  5.185948e-17 
  943.000  8.220364e+00  3.528761e+00 -1.610244e-20 
  944.000  7.567875e+00  3.318309e+00 -1.344226e-17 
  945.000  9.527828e+00  3.825744e+00 -1.209541e-20 
  946.000  9.882715e+00  3.916338e+00  2.648091e-17 
  947.000  1.215397e+01  4.431744e+00  1.085612e-20 
  948.000  1.376185e+01  4.799425e+00 -5.193889e-17 
  949.000  1.377365e+01  4.783185e+00  5.473640e-21 
  950.000  1.414612e+01  4.840630e+00  2.718271e-17 
  951.000  1.790581e+01  5.651602e+00  2.920722e-17 
  952.000  1.414316e+01  4.783497e+00  8.102116e-17 
  953.000  1.704890e+01  5.398462e+00 -5.274716e-17 
  954.000  2.054040e+01  6.093737e+00  5.151870e-17 
  955.000  1.680917e+01  5.160465e+00 -4.353539e-17 
  956.000  1.774111e+01  5.423401e+00 -1.059440e-16 
  957.000  2.795231e+01  7.430657e+00 -2.352893e-18 
  958.000  3.010116e+01  7.809409e+00 -3.206035e-16 
  959.000  2.850072e+01  7.489276e+00 -1.148509e-16 
  960.000  2.789726e+01  7.326478e+00  1.090666e-16 
  961.000  2.682220e+01  7.075767e+00 -1.002503e-16 
  962.000  2.801424e+01  7.281726e+00  1.131385e-16 
  963.000  3.516993e+01  8.523457e+00  3.189331e-16 
  964.000  3.605434e+01  8.617609e+00 -4.262662e-16 
  965.000  3.596386e+01  8.603701e+00  2.761470e-23 
  966.000  3.555408e+01  8.432958e+00  1.091823e-16 
  967.000  4.281488e+01  9.676040e+00 -4.350176e-16 
  968.000  5.415073e+01  1.143269e+01 -6.336383e-17 
  969.000  6.072562e+01  1.249936e+01 -1.121476e-16 
  970.000  6.138702e+01  1.257728e+01 -4.193041e-16 
  971.000  6.075383e+01  1.241776e+01  4.149231e-16 
  972.000  5.940134e+01  1.218082e+01 -7.330046e-16 
  973.000  5.494746e+01  1.140055e+01 -3.128201e-16 
  974.000  4.973941e+01  1.050369e+01  0.000000e+00 
  975.000  4.733479e+01  1.011467e+01  9.736092e-16 
  976.000  5.128078e+01  1.073846e+01  6.117352e-16 
  977.000  5.579665e+01  1.136456e+01 -7.490832e-16 
  978.000  5.681639e+01  1.155252e+01  8.776650e-16 
  979.000  5.689265e+01  1.146090e+01  8.264674e-16 
  980.000  6.442215e+01  1.267039e+01  1.190228e-15 
  981.000  6.655152e+01  1.298305e+01  2.146819e-15 
  982.000  6.500559e+01  1.270010e+01 -3.819933e-16 
  983.000  6.859614e+01  1.320394e+01 -1.540602e-15 
  984.000  7.210706e+01  1.365656e+01  5.839104e-16 
  985.000  7.442717e+01  1.394415e+01 -1.128627e-16 
  986.000  7.687289e+01  1.421033e+01 -2.393604e-17 
  987.000  7.916549e+01  1.452487e+01  3.137456e-17 
  988.000  7.857134e+01  1.436087e+01  2.312845e-15 
  989.000  7.783135e+01  1.417776e+01 -9.657439e-16 
  990.000  7.886766e+01  1.431275e+01 -1.871861e-15 
  991.000  8.070314e+01  1.454920e+01 -8.866071e-16 
  992.000  8.032177e+01  1.442716e+01  2.050401e-15 
  993.000  8.047988e+01  1.441286e+01  4.003162e-15 
  994.000  8.178442e+01  1.454463e+01  1.662151e-15 
  995.000  8.193068e+01  1.449875e+01 -5.802453e-15 
  996.000  8.193901e+01  1.446454e+01 -4.094766e-15 
  997.000  8.163496e+01  1.439671e+01  2.505539e-15 
  998.000  8.088213e+01  1.425416e+01 -3.290741e-15 
  999.000  8.050291e+01  1.416233e+01  1.706359e-16 
 1000.000  8.005347e+01  1.404078e+01  3.872940e-15 
 1001.000  7.957201e+01  1.398832e+01 -1.664353e-15 
 1002.000  7.780464e+01  1.372760e+01 -3.018096e-15 
 1003.000  7.731984e+01  1.358885e+01 -8.858577e-16 
 1004.000  7.765292e+01  1.356614e+01 -3.118581e-15 
 1005.000  7.296484e+01  1.269534e+01 -3.079254e-15 
 1006.000  7.694298e+01  1.334845e+01 -3.892155e-15 
 1007.000  7.805333e+01  1.352398e+01  4.301503e-16 
 1008.000  7.706037e+01  1.338564e+01 -2.863880e-15 
 1009.000  7.484081e+01  1.305390e+01  2.909094e-15 
 1010.000  7.593722e+01  1.317428e+01  3.355982e-15 
 1011.000  7.744401e+01  1.330915e+01 -1.625581e-15 
 1012.000  7.822776e+01  1.337479e+01 -1.290865e-15 
 1013.000  7.811671e+01  1.328343e+01  1.587013e-15 
 1014.000  7.890559e+01  1.337247e+01 -2.201857e-15 
 1015.000  7.751602e+01  1.310291e+01 -2.269797e-15 
 1016.000  7.822014e+01  1.317859e+01  8.160022e-16 
 1017.000  7.763605e+01  1.304100e+01  6.455340e-16 
 1018.000  7.839918e+01  1.315246e+01  7.637507e-16 
 1019.000  7.609504e+01  1.277831e+01 -4.950274e-15 
 1020.000  7.603336e+01  1.271561e+01  7.449628e-16 
 1021.000  7.720907e+01  1.285954e+01  8.601004e-16 
 1022.000  7.548756e+01  1.259046e+01  1.064013e-15 
 1023.000  7.630070e+01  1.272761e+01  1.388584e-15 
 1024.000  7.553537e+01  1.258891e+01 -2.187954e-15 
 1025.000  7.654413e+01  1.265808e+01 -1.078806e-16 
 1026.000  7.720244e+01  1.271023e+01 -2.417458e-15 
 1027.000  7.650993e+01  1.257748e+01  3.844674e-15 
 1028.000  7.688862e+01  1.260086e+01  4.709939e-15 
 1029.000  7.620008e+01  1.243404e+01  1.527630e-15 
 1030.000  7.743273e+01  1.258296e+01  8.512933e-16 
 1031.000  7.740837e+01  1.253896e+01  2.332084e-15 
 1032.000  7.730260e+01  1.248512e+01  8.452515e-16 
 1033.000  7.585648e+01  1.222434e+01 -1.555177e-15 
 1034.000  7.675565e+01  1.233710e+01 -2.515038e-15 
 1035.000  7.597291e+01  1.218194e+01 -3.730426e-15 
 1036.000  7.691569e+01  1.230427e+01 -3.779383e-15 
 1037.000  7.533269e+01  1.201957e+01  2.054696e-15 
 1038.000  7.615504e+01  1.211923e+01  6.746090e-15 
 1039.000  7.633672e+01  1.212657e+01 -8.342387e-16 
 1040.000  7.532742e+01  1.194337e+01  1.545488e-15 
 1041.000  7.563508e+01  1.196886e+01 -8.289748e-16 
 1042.000  7.583234e+01  1.197381e+01  3.635249e-15 
 1043.000  7.452202e+01  1.173973e+01  4.492263e-15 
 1044.000  7.518130e+01  1.181963e+01  2.372313e-15 
 1045.000  7.461253e+01  1.171452e+01  0.000000e+00 
 1046.000  7.228090e+01  1.132941e+01 -1.396250e-15 
 1047.000  7.340990e+01  1.148827e+01  6.090432e-16 
 1048.000  7.396398e+01  1.155163e+01 -9.249429e-16 
 1049.000  7.328179e+01  1.142279e+01 -2.959759e-15 
 1050.000  7.263789e+01  1.130502e+01 -5.886381e-15 
 1051.000  7.234942e+01  1.124834e+01  1.268329e-15 
 1052.000  7.177632e+01  1.114352e+01  3.639806e-15 
 1053.000  7.170120e+01  1.111075e+01 -1.517680e-15 
 1054.000  7.063345e+01  1.093512e+01 -2.854732e-15 
 1055.000  7.081786e+01  1.095331e+01  6.051577e-16 
 1056.000  7.031157e+01  1.086323e+01  1.410185e-15 
 1057.000  6.967132e+01  1.076196e+01 -7.046566e-16 
 1058.000  6.819714e+01  1.054513e+01 -7.487899e-16 
 1059.000  6.596263e+01  1.017851e+01 -7.738030e-16 
 1060.000  6.846081e+01  1.053001e+01  2.201807e-15 
 1061.000  6.590163e+01  1.012190e+01  4.250522e-15 
 1062.000  6.732275e+01  1.033730e+01 -2.982661e-15 
 1063.000  6.597761e+01  1.011629e+01 -4.913136e-17 
 1064.000  6.645715e+01  1.018530e+01  6.441292e-16 
 1065.000  6.601447e+01  1.011649e+01  1.387505e-15 
 1066.000  6.403450e+01  9.790517e+00  2.113732e-15 
 1067.000  6.545414e+01  9.993445e+00  0.000000e+00 
 1068.000  6.464472e+01  9.895478e+00 -5.344830e-16 
 1069.000  5.960653e+01  9.119533e+00 -2.457588e-16 
 1070.000  6.344993e+01  9.677768e+00  2.263807e-15 
 1071.000  6.326293e+01  9.648198e+00  5.197240e-16 
 1072.000  6.312831e+01  9.626849e+00 -2.684524e-16 
 1073.000  6.112417e+01  9.301893e+00 -5.613682e-16 
 1074.000  6.353119e+01  9.639455e+00 -6.333075e-17 
 1075.000  6.245990e+01  9.418843e+00  2.703855e-15 
 1076.000  6.351038e+01  9.575162e+00  2.972544e-16 
 1077.000  6.288608e+01  9.486339e+00  1.626575e-15 
 1078.000  6.245802e+01  9.432156e+00 -2.259025e-16 
 1079.000  6.006614e+01  9.053349e+00  2.747253e-16 
 1080.000  5.998606e+01  9.103028e+00  4.455596e-16 
 1081.000  5.777883e+01  8.751818e+00 -3.235285e-16 
 1082.000  5.944154e+01  8.947839e+00  5.921886e-16 
 1083.000  5.691961e+01  8.590456e+00  1.173057e-15 
 1084.000  5.804204e+01  8.785067e+00  1.150001e-15 
 1085.000  5.477131e+01  8.364983e+00 -3.209573e-16 
 1086.000  5.613854e+01  8.534237e+00 -1.906978e-15 
 1087.000  5.544955e+01  8.306910e+00  5.210310e-16 
 1088.000  5.901301e+01  8.815851e+00  1.180299e-15 
 1089.000  5.339299e+01  8.083184e+00  7.126678e-16 
 1090.000  5.393827e+01  8.171544e+00 -1.014377e-15 
 1091.000  5.495136e+01  8.287123e+00 -1.320272e-15 
 1092.000  5.203600e+01  7.887214e+00 -7.682316e-17 
 1093.000  4.786766e+01  7.345911e+00 -2.946701e-16 
 1094.000  4.223740e+01  6.509874e+00  9.198480e-16 
 1095.000  4.593472e+01  7.060548e+00  1.720457e-16 
 1096.000  4.588099e+01  7.038234e+00 -1.919309e-16 
 1097.000  4.455037e+01  6.846848e+00 -5.465373e-16 
 1098.000  3.653237e+01  5.871060e+00 -2.930194e-16 
 1099.000  3.090712e+01  5.205005e+00  1.480680e-17 
 1100.000  3.177846e+01  5.325528e+00  1.504993e-17 
