  400.000  5.345152e+02  2.902396e+02 -1.432180e-13 
  401.000  5.328893e+02  2.860376e+02  1.790638e-13 
  402.000  5.664276e+02  3.005743e+02 -3.526546e-13 
  403.000  5.320492e+02  2.791329e+02  5.746834e-14 
  404.000  5.733668e+02  2.974220e+02 -1.555254e-13 
  405.000  5.272665e+02  2.704444e+02 -1.669739e-13 
  406.000  5.247081e+02  2.661371e+02  3.678934e-13 
  407.000  5.123956e+02  2.570179e+02  3.856917e-14 
  408.000  5.565518e+02  2.760974e+02 -1.486009e-14 
  409.000  6.176098e+02  3.030374e+02 -1.262023e-14 
  410.000  5.176417e+02  2.512253e+02 -1.783189e-13 
  411.000  6.093492e+02  2.925355e+02  3.531934e-14 
  412.000  6.328943e+02  3.005703e+02 -1.238518e-13 
  413.000  5.992651e+02  2.815581e+02  2.575128e-13 
  414.000  5.894941e+02  2.740146e+02  2.400213e-14 
  415.000  6.301309e+02  2.898115e+02 -2.836406e-14 
  416.000  6.276733e+02  2.856467e+02 -1.067162e-13 
  417.000  6.098932e+02  2.746528e+02 -3.517384e-13 
  418.000  5.978883e+02  2.664461e+02  1.482337e-13 
  419.000  6.138301e+02  2.707191e+02 -1.864882e-13 
  420.000  5.206282e+02  2.272506e+02 -1.231434e-14 
  421.000  6.536146e+02  2.823802e+02 -5.526846e-14 
  422.000  6.275482e+02  2.683631e+02 -2.723989e-14 
  423.000  5.310461e+02  2.248005e+02  4.405060e-13 
  424.000  5.852559e+02  2.452583e+02  8.849304e-14 
  425.000  6.072997e+02  2.519468e+02  1.038364e-13 
  426.000  5.848818e+02  2.402285e+02 -3.883400e-14 
  427.000  5.636357e+02  2.292076e+02 -3.817397e-14 
  428.000  5.717733e+02  2.302243e+02 -1.431525e-13 
  429.000  5.211192e+02  2.077705e+02 -9.314891e-14 
  430.000  4.165815e+02  1.644698e+02 -4.244993e-14 
  431.000  3.751997e+02  1.466940e+02  2.621269e-14 
  432.000  6.765316e+02  2.619525e+02 -3.232577e-13 
  433.000  6.032383e+02  2.313288e+02 -2.485357e-14 
  434.000  5.743193e+02  2.181340e+02  0.000000e+00 
  435.000  6.258868e+02  2.354593e+02 -1.729560e-13 
  436.000  6.951567e+02  2.590432e+02 -5.375711e-14 
  437.000  7.030048e+02  2.594998e+02  3.818097e-14 
  438.000  6.307552e+02  2.306467e+02  1.630956e-14 
  439.000  6.113347e+02  2.214601e+02  1.897742e-13 
  440.000  6.862546e+02  2.462890e+02 -9.457094e-14 
  441.000  6.850851e+02  2.435931e+02  1.727792e-13 
  442.000  7.226308e+02  2.545725e+02 -1.706239e-13 
  443.000  7.285560e+02  2.543004e+02  2.683146e-13 
  444.000  7.248971e+02  2.507051e+02  1.212267e-13 
  445.000  7.636206e+02  2.616834e+02 -3.482827e-14 
  446.000  6.807053e+02  2.311389e+02 -3.354584e-13 
  447.000  7.774827e+02  2.616248e+02  1.226188e-13 
  448.000  7.916070e+02  2.640316e+02 -4.123229e-14 
  449.000  7.981832e+02  2.639037e+02  2.967570e-13 
  450.000  8.167781e+02  2.677018e+02 -1.418393e-13 
  451.000  8.839619e+02  2.871994e+02  5.571080e-14 
  452.000  8.228909e+02  2.650311e+02 -1.140342e-14 
  453.000  7.649043e+02  2.442162e+02 -1.080135e-13 
  454.000  8.165928e+02  2.584616e+02  1.217392e-13 
  455.000  8.233851e+02  2.583622e+02  5.494471e-14 
  456.000  8.444204e+02  2.626786e+02 -2.616265e-14 
  457.000  8.502366e+02  2.622231e+02 -7.749654e-14 
  458.000  8.363387e+02  2.557371e+02  3.342092e-13 
  459.000  8.372739e+02  2.538453e+02  1.699443e-13 
  460.000  8.310066e+02  2.498130e+02 -1.247414e-15 
  461.000  8.621820e+02  2.570013e+02  1.958177e-13 
  462.000  8.491536e+02  2.509919e+02  6.114507e-14 
  463.000  8.503676e+02  2.492476e+02  4.010170e-13 
  464.000  8.541718e+02  2.482902e+02  2.634166e-13 
  465.000  8.426681e+02  2.429246e+02  4.375003e-13 
  466.000  8.703354e+02  2.488344e+02  4.076729e-13 
  467.000  8.405293e+02  2.383358e+02  1.253128e-13 
  468.000  8.906887e+02  2.504725e+02 -1.434753e-13 
  469.000  8.836656e+02  2.464322e+02  1.863235e-13 
  470.000  8.722129e+02  2.412048e+02 -9.238741e-14 
  471.000  8.712918e+02  2.389204e+02 -3.532107e-13 
  472.000  8.825375e+02  2.399554e+02 -5.357219e-14 
  473.000  8.734407e+02  2.354555e+02 -2.427030e-13 
  474.000  8.809136e+02  2.354300e+02  7.367379e-14 
  475.000  9.167803e+02  2.428330e+02 -1.849626e-14 
  476.000  8.886575e+02  2.332123e+02 -7.302482e-14 
  477.000  8.806835e+02  2.290693e+02 -1.599255e-13 
  478.000  9.250613e+02  2.388367e+02  4.585264e-14 
  479.000  8.841736e+02  2.267755e+02  7.336657e-14 
  480.000  9.027735e+02  2.300696e+02  5.766440e-15 
  481.000  8.983230e+02  2.274199e+02  4.011307e-13 
  482.000  9.180861e+02  2.308292e+02  1.944977e-14 
  483.000  9.199082e+02  2.296515e+02  8.219470e-14 
  484.000  8.852662e+02  2.193964e+02  1.030753e-13 
  485.000  8.924734e+02  2.195496e+02  2.173226e-13 
  486.000  7.241652e+02  1.768245e+02 -1.399902e-13 
  487.000  8.145507e+02  1.974180e+02 -1.025881e-13 
  488.000  8.850917e+02  2.129210e+02 -2.518209e-14 
  489.000  8.233765e+02  1.966062e+02 -1.396649e-13 
  490.000  9.380573e+02  2.223350e+02 -2.338637e-13 
  491.000  8.784166e+02  2.066604e+02 -3.650095e-15 
  492.000  8.447235e+02  1.972668e+02 -7.431075e-14 
  493.000  9.104065e+02  2.110441e+02  4.055129e-13 
  494.000  8.801036e+02  2.025236e+02  6.088722e-14 
  495.000  9.414708e+02  2.150653e+02  4.556335e-13 
  496.000  9.175089e+02  2.080615e+02  1.791267e-13 
  497.000  8.905989e+02  2.004933e+02 -8.197802e-14 
  498.000  8.701093e+02  1.944650e+02 -2.001876e-13 
  499.000  8.685487e+02  1.927159e+02  2.007498e-13 
  500.000  8.652579e+02  1.906067e+02 -7.169233e-14 
  501.000  8.463699e+02  1.851090e+02 -3.850973e-13 
  502.000  8.413288e+02  1.826939e+02  3.190501e-13 
  503.000  8.920135e+02  1.923245e+02  8.745216e-14 
  504.000  8.304131e+02  1.777749e+02 -2.014162e-13 
  505.000  8.961901e+02  1.905009e+02  2.478995e-14 
  506.000  9.599931e+02  2.026423e+02  5.170646e-14 
  507.000  8.937469e+02  1.873513e+02  5.947173e-14 
  508.000  8.576323e+02  1.785411e+02 -2.100222e-13 
  509.000  9.253696e+02  1.913188e+02  1.158637e-13 
  510.000  8.971513e+02  1.842129e+02 -2.368422e-13 
  511.000  8.979099e+02  1.831072e+02 -1.305432e-13 
  512.000  9.429139e+02  1.909740e+02 -4.376346e-13 
  513.000  8.634402e+02  1.736908e+02 -2.720331e-13 
  514.000  8.457642e+02  1.689845e+02  3.029974e-14 
  515.000  8.638854e+02  1.714423e+02 -4.523572e-14 
  516.000  9.078588e+02  1.789551e+02 -2.043749e-14 
  517.000  6.690359e+02  1.309898e+02 -1.671355e-13 
  518.000  8.286437e+02  1.611491e+02 -1.641349e-14 
  519.000  7.853799e+02  1.517130e+02 -1.356917e-13 
  520.000  8.650276e+02  1.659848e+02  1.938731e-14 
  521.000  8.658377e+02  1.650336e+02 -4.273816e-14 
  522.000  9.005110e+02  1.704978e+02  2.101508e-13 
  523.000  8.391447e+02  1.578146e+02 -1.159448e-14 
  524.000  9.107258e+02  1.701353e+02 -5.917765e-14 
  525.000  9.037118e+02  1.676994e+02  1.540411e-14 
  526.000  8.615196e+02  1.588171e+02 -2.670742e-13 
  527.000  7.527980e+02  1.378584e+02  7.100684e-14 
  528.000  9.043610e+02  1.645229e+02 -2.457061e-13 
  529.000  9.302906e+02  1.681299e+02  6.449967e-14 
  530.000  8.792844e+02  1.578750e+02  2.311841e-15 
  531.000  9.573624e+02  1.707782e+02  9.573286e-14 
  532.000  9.135916e+02  1.619237e+02 -2.464730e-13 
  533.000  8.027225e+02  1.413750e+02  1.255811e-14 
  534.000  8.732708e+02  1.528505e+02  8.079416e-14 
  535.000  8.913883e+02  1.550737e+02  4.520937e-14 
  536.000  9.462715e+02  1.636227e+02 -2.354125e-13 
  537.000  8.782809e+02  1.509412e+02 -9.341157e-14 
  538.000  9.197443e+02  1.570998e+02  4.469908e-14 
  539.000  9.170660e+02  1.556831e+02  4.212938e-14 
  540.000  8.978127e+02  1.514812e+02  2.845081e-14 
  541.000  8.235938e+02  1.381097e+02  1.167960e-14 
  542.000  9.190698e+02  1.531799e+02 -4.978022e-14 
  543.000  8.794622e+02  1.456862e+02  1.059464e-13 
  544.000  9.279622e+02  1.527847e+02  5.912236e-14 
  545.000  9.144865e+02  1.496512e+02  1.240723e-13 
  546.000  8.944865e+02  1.454914e+02 -4.080543e-14 
  547.000  9.328441e+02  1.508158e+02 -2.820797e-13 
  548.000  8.658635e+02  1.391451e+02  6.220438e-14 
  549.000  9.116055e+02  1.456182e+02  4.031201e-14 
  550.000  8.920262e+02  1.416381e+02 -1.708492e-13 
  551.000  8.869857e+02  1.399942e+02 -1.163916e-13 
  552.000  9.257965e+02  1.452487e+02 -6.515526e-14 
  553.000  8.900709e+02  1.388118e+02  1.479457e-14 
  554.000  9.197122e+02  1.425821e+02 -6.584912e-14 
  555.000  9.228647e+02  1.422232e+02 -1.751483e-13 
  556.000  8.979713e+02  1.375687e+02  3.912020e-13 
  557.000  8.718274e+02  1.327728e+02 -5.124047e-14 
  558.000  9.054598e+02  1.370800e+02 -3.353233e-14 
  559.000  8.563311e+02  1.288771e+02 -9.892426e-14 
  560.000  8.605353e+02  1.287429e+02  1.713526e-13 
  561.000  9.462155e+02  1.407209e+02  3.260011e-14 
  562.000  8.684631e+02  1.283363e+02  2.041163e-13 
  563.000  9.089423e+02  1.335130e+02  1.962336e-13 
  564.000  8.963540e+02  1.308615e+02  1.488493e-14 
  565.000  9.068796e+02  1.315565e+02 -5.975349e-14 
  566.000  8.364843e+02  1.206248e+02 -4.494615e-14 
  567.000  8.960849e+02  1.282817e+02 -3.334337e-14 
  568.000  8.874160e+02  1.255873e+02 -5.783821e-16 
  569.000  8.548353e+02  1.192777e+02 -2.234441e-14 
  570.000  8.624564e+02  1.197762e+02 -2.513117e-14 
  571.000  8.434861e+02  1.171895e+02  4.246726e-14 
  572.000  8.813267e+02  1.210052e+02  6.119443e-16 
  573.000  8.944070e+02  1.222920e+02  1.905559e-14 
  574.000  8.910316e+02  1.211945e+02  4.469671e-14 
  575.000  8.691049e+02  1.174828e+02 -2.134867e-14 
  576.000  8.537522e+02  1.147394e+02  4.481544e-15 
  577.000  8.929393e+02  1.194870e+02 -8.157951e-15 
  578.000  8.715667e+02  1.163675e+02  1.890681e-14 
  579.000  8.682812e+02  1.155589e+02  3.970343e-14 
  580.000  9.006135e+02  1.193884e+02  4.908283e-14 
  581.000  8.882490e+02  1.174357e+02  4.864221e-14 
  582.000  9.038951e+02  1.190271e+02 -2.464345e-14 
  583.000  9.112006e+02  1.193792e+02  3.861223e-14 
  584.000  9.092516e+02  1.185134e+02 -4.191734e-14 
  585.000  9.038816e+02  1.171778e+02  1.595804e-14 
  586.000  8.656818e+02  1.116252e+02  1.395599e-13 
  587.000  8.946305e+02  1.143584e+02  7.597136e-14 
  588.000  8.633333e+02  1.085788e+02  5.124052e-15 
  589.000  7.354215e+02  9.103333e+01 -1.727768e-14 
  590.000  7.662089e+02  9.428521e+01  1.085320e-14 
  591.000  8.370475e+02  1.031561e+02 -9.243933e-15 
  592.000  8.096344e+02  9.891209e+01  3.748896e-15 
  593.000  8.441281e+02  1.034235e+02 -1.358942e-14 
  594.000  8.464846e+02  1.029625e+02  3.317634e-15 
  595.000  8.128602e+02  9.782307e+01 -3.836262e-15 
  596.000  8.595950e+02  1.037725e+02 -8.626983e-15 
  597.000  8.571747e+02  1.027563e+02  5.534412e-15 
  598.000  8.508470e+02  1.018924e+02  4.497253e-14 
  599.000  8.561166e+02  1.022129e+02 -5.421557e-14 
  600.000  8.665875e+02  1.034724e+02  2.647330e-14 
  601.000  8.688265e+02  1.036080e+02 -5.456138e-16 
  602.000  8.620674e+02  1.024808e+02  4.508219e-14 
  603.000  8.700700e+02  1.031013e+02  0.000000e+00 
  604.000  9.001154e+02  1.062797e+02  5.390330e-14 
  605.000  8.994366e+02  1.057420e+02  4.155239e-14 
  606.000  8.899905e+02  1.041306e+02 -2.423893e-13 
  607.000  8.859353e+02  1.031580e+02 -1.303814e-14 
  608.000  8.835050e+02  1.023720e+02 -9.422933e-14 
  609.000  8.752052e+02  1.009124e+02 -2.999572e-14 
  610.000  8.619252e+02  9.889333e+01  6.690483e-14 
  611.000  8.766557e+02  1.000894e+02  3.103610e-14 
  612.000  8.659593e+02  9.838268e+01 -8.979601e-15 
  613.000  8.539921e+02  9.654585e+01 -6.600830e-14 
  614.000  8.237967e+02  9.267358e+01  6.258430e-14 
  615.000  8.639167e+02  9.670987e+01 -2.936603e-14 
  616.000  8.220208e+02  9.156725e+01  1.265838e-13 
  617.000  8.272301e+02  9.169215e+01 -7.012877e-14 
  618.000  8.667683e+02  9.559689e+01 -1.054115e-15 
  619.000  8.592639e+02  9.429356e+01 -5.142360e-14 
  620.000  8.723655e+02  9.524904e+01 -8.273889e-14 
  621.000  8.877135e+02  9.643210e+01 -9.326521e-14 
  622.000  8.411290e+02  9.090301e+01  0.000000e+00 
  623.000  8.478380e+02  9.114999e+01  2.761677e-14 
  624.000  8.489002e+02  9.079085e+01  5.275391e-14 
  625.000  8.259871e+02  8.788007e+01  7.074357e-14 
  626.000  8.291796e+02  8.768116e+01 -1.301861e-14 
  627.000  8.357991e+02  8.742435e+01 -1.328427e-14 
  628.000  8.109520e+02  8.347298e+01 -1.500807e-14 
  629.000  8.370233e+02  8.613323e+01  2.949008e-14 
  630.000  8.165493e+02  8.396137e+01  1.759224e-14 
  631.000  8.497562e+02  8.717059e+01  1.755619e-14 
  632.000  7.852349e+02  7.986255e+01  6.067517e-16 
  633.000  8.519874e+02  8.673540e+01  2.418925e-14 
  634.000  8.293895e+02  8.418057e+01  0.000000e+00 
  635.000  8.449349e+02  8.535310e+01 -1.804931e-14 
  636.000  8.172015e+02  8.228196e+01  3.426924e-14 
  637.000  8.457477e+02  8.483465e+01  2.121013e-14 
  638.000  8.634741e+02  8.650421e+01 -6.645813e-15 
  639.000  8.570618e+02  8.547922e+01 -5.776942e-14 
  640.000  8.326844e+02  8.281068e+01 -3.478491e-14 
  641.000  8.452194e+02  8.367122e+01 -6.306337e-14 
  642.000  8.369558e+02  8.257533e+01  3.675746e-14 
  643.000  8.492469e+02  8.320445e+01  2.693421e-14 
  644.000  8.399547e+02  8.191821e+01 -6.404738e-15 
  645.000  8.435626e+02  8.168686e+01  6.908618e-15 
  646.000  7.946223e+02  7.588300e+01 -2.342497e-15 
  647.000  7.937872e+02  7.511558e+01  1.390661e-14 
  648.000  7.794265e+02  7.312508e+01 -9.826276e-15 
  649.000  8.067469e+02  7.561545e+01 -2.741441e-15 
  650.000  7.688247e+02  7.238755e+01 -4.050755e-15 
  651.000  8.284327e+02  7.765018e+01 -7.991808e-15 
  652.000  7.932020e+02  7.343681e+01 -2.472332e-14 
  653.000  8.324099e+02  7.744796e+01  4.354073e-14 
  654.000  8.193333e+02  7.579842e+01  7.315973e-15 
  655.000  7.899315e+02  7.248800e+01  1.287197e-14 
  656.000  6.732766e+02  6.158627e+01 -1.310485e-14 
  657.000  7.228435e+02  6.596545e+01 -5.456738e-15 
  658.000  8.131053e+02  7.417692e+01  5.067079e-15 
  659.000  8.198297e+02  7.466458e+01  8.480473e-15 
  660.000  8.285250e+02  7.522057e+01  1.450898e-15 
  661.000  8.381639e+02  7.604735e+01  3.411829e-14 
  662.000  8.530845e+02  7.722284e+01  1.460549e-14 
  663.000  8.433633e+02  7.596985e+01  7.221066e-15 
  664.000  8.312294e+02  7.460846e+01  1.420144e-14 
  665.000  8.358984e+02  7.474509e+01  2.564290e-14 
  666.000  8.473148e+02  7.550068e+01  3.410233e-14 
  667.000  8.315217e+02  7.381635e+01 -2.117582e-14 
  668.000  8.375461e+02  7.409058e+01  1.607244e-13 
  669.000  8.503953e+02  7.493190e+01  5.270775e-14 
  670.000  8.408619e+02  7.379144e+01 -1.486113e-13 
  671.000  8.326632e+02  7.278095e+01  1.441379e-13 
  672.000  8.305184e+02  7.229646e+01 -8.345043e-14 
  673.000  8.370173e+02  7.256371e+01 -5.351349e-14 
  674.000  8.391827e+02  7.245377e+01 -1.927073e-14 
  675.000  8.268984e+02  7.110217e+01 -1.115153e-13 
  676.000  8.430151e+02  7.219165e+01 -3.156502e-14 
  677.000  8.267363e+02  7.050901e+01 -2.263929e-14 
  678.000  8.409100e+02  7.142660e+01 -1.172824e-13 
  679.000  8.293322e+02  7.014716e+01 -2.174391e-14 
  680.000  8.225474e+02  6.923949e+01 -3.854333e-14 
  681.000  8.229587e+02  6.893539e+01  1.194050e-14 
  682.000  8.212621e+02  6.849403e+01 -2.843209e-14 
  683.000  8.265881e+02  6.862340e+01 -6.923431e-15 
  684.000  8.104431e+02  6.691405e+01 -5.259308e-14 
  685.000  8.209930e+02  6.757047e+01 -1.969774e-14 
  686.000  7.828956e+02  6.401355e+01  3.120398e-14 
  687.000  6.662119e+02  5.273497e+01  2.426147e-15 
  688.000  7.045336e+02  5.584701e+01  2.248240e-14 
  689.000  6.944700e+02  5.473103e+01  4.883626e-15 
  690.000  7.179153e+02  5.651352e+01  6.161329e-15 
  691.000  7.429435e+02  5.846422e+01 -9.298967e-15 
  692.000  7.449839e+02  5.843451e+01  6.033996e-16 
  693.000  7.190067e+02  5.577879e+01 -5.332922e-15 
  694.000  6.961470e+02  5.347894e+01 -2.667768e-15 
  695.000  7.007724e+02  5.377772e+01 -4.332653e-15 
  696.000  7.195710e+02  5.511575e+01  2.035265e-14 
  697.000  7.725756e+02  5.970890e+01  1.658345e-14 
  698.000  7.470613e+02  5.729134e+01  2.383017e-14 
  699.000  7.138763e+02  5.398429e+01  1.668152e-15 
  700.000  7.128004e+02  5.375263e+01 -1.116129e-15 
  701.000  6.867432e+02  5.149334e+01 -2.824068e-15 
  702.000  6.905662e+02  5.164815e+01  1.444255e-15 
  703.000  7.384035e+02  5.545788e+01  1.034066e-16 
  704.000  7.421979e+02  5.555537e+01 -4.800372e-15 
  705.000  7.318534e+02  5.436570e+01 -6.938207e-15 
  706.000  7.271885e+02  5.385017e+01 -1.096384e-14 
  707.000  7.218161e+02  5.331786e+01 -2.607175e-15 
  708.000  7.490264e+02  5.520261e+01 -3.415124e-15 
  709.000  7.347559e+02  5.414307e+01 -1.149112e-14 
  710.000  7.382014e+02  5.397721e+01  7.887335e-15 
  711.000  7.443120e+02  5.442789e+01 -3.777501e-14 
  712.000  7.454114e+02  5.452571e+01 -1.930162e-14 
  713.000  7.328243e+02  5.320742e+01 -3.365983e-14 
  714.000  7.418008e+02  5.358427e+01 -4.905839e-15 
  715.000  7.006180e+02  5.018113e+01  6.236670e-15 
  716.000  7.022416e+02  4.987712e+01  5.824203e-15 
  717.000  5.894431e+02  4.064022e+01  8.345546e-16 
  718.000  5.317681e+02  3.561079e+01 -1.370172e-16 
  719.000  5.066302e+02  3.351712e+01  3.965780e-16 
  720.000  4.836868e+02  3.159170e+01 -3.996509e-16 
  721.000  6.072711e+02  4.158209e+01 -1.620596e-15 
  722.000  6.649133e+02  4.588477e+01 -6.334568e-18 
  723.000  6.354298e+02  4.345032e+01  1.631541e-16 
  724.000  5.631226e+02  3.728732e+01  9.000249e-16 
  725.000  5.672281e+02  3.758800e+01 -1.363331e-16 
  726.000  5.628859e+02  3.710994e+01 -1.195210e-15 
  727.000  5.817591e+02  3.839733e+01 -6.734982e-16 
  728.000  5.607043e+02  3.669086e+01  1.285156e-15 
  729.000  5.655330e+02  3.734050e+01 -4.194159e-16 
  730.000  5.818829e+02  3.821912e+01 -3.205125e-15 
  731.000  5.668857e+02  3.702207e+01 -1.183918e-15 
  732.000  6.262681e+02  4.148756e+01  1.483147e-15 
  733.000  6.651357e+02  4.436814e+01  1.874357e-15 
  734.000  7.035215e+02  4.702158e+01 -5.951237e-15 
  735.000  6.894935e+02  4.584233e+01 -1.302934e-14 
  736.000  6.613212e+02  4.368692e+01  3.844466e-15 
  737.000  6.818876e+02  4.499048e+01 -3.744905e-15 
  738.000  6.964075e+02  4.595705e+01  2.057608e-14 
  739.000  6.808043e+02  4.485901e+01  1.495918e-14 
  740.000  7.028089e+02  4.639597e+01 -7.777021e-16 
  741.000  7.062350e+02  4.664038e+01  4.060897e-15 
  742.000  6.983721e+02  4.604269e+01 -2.864321e-14 
  743.000  7.273621e+02  4.799864e+01 -4.309457e-14 
  744.000  7.379406e+02  4.861162e+01 -3.393230e-14 
  745.000  7.216255e+02  4.746026e+01  1.593556e-14 
  746.000  7.339561e+02  4.817211e+01  2.798110e-14 
  747.000  7.458902e+02  4.879301e+01  1.120500e-14 
  748.000  7.339946e+02  4.790295e+01 -2.357037e-14 
  749.000  7.350312e+02  4.782552e+01  1.688940e-14 
  750.000  7.235981e+02  4.688735e+01  6.656902e-14 
  751.000  7.220035e+02  4.662315e+01  2.662876e-14 
  752.000  7.347141e+02  4.732888e+01  1.433869e-13 
  753.000  7.284308e+02  4.677728e+01 -9.195391e-14 
  754.000  7.403274e+02  4.738676e+01 -4.059476e-14 
  755.000  7.363459e+02  4.697132e+01  2.299706e-13 
  756.000  7.222118e+02  4.591383e+01 -5.186084e-14 
  757.000  7.277015e+02  4.610436e+01 -9.669759e-14 
  758.000  7.256072e+02  4.577425e+01  3.516788e-14 
  759.000  6.429500e+02  3.951951e+01  1.351853e-14 
  760.000  2.021518e+02  1.085936e+01 -8.515676e-17 
  761.000  1.696217e+02  8.894262e+00  8.394969e-17 
  762.000  3.866843e+02  2.195580e+01 -6.241013e-16 
  763.000  3.206468e+02  1.784785e+01 -3.537015e-16 
  764.000  3.590616e+02  2.007698e+01  3.214066e-17 
  765.000  4.503707e+02  2.568958e+01  1.847726e-15 
  766.000  5.371163e+02  3.187589e+01  4.931247e-15 
  767.000  6.017281e+02  3.589394e+01 -2.274091e-14 
  768.000  6.643586e+02  3.981517e+01  6.243198e-15 
  769.000  6.875057e+02  4.142318e+01  2.313579e-14 
  770.000  6.964977e+02  4.204586e+01 -6.338190e-14 
  771.000  7.032221e+02  4.244424e+01 -7.492841e-16 
  772.000  7.020331e+02  4.226575e+01  6.458369e-14 
  773.000  6.998788e+02  4.200991e+01  9.603437e-15 
  774.000  7.080473e+02  4.237372e+01 -2.575530e-14 
  775.000  6.819377e+02  4.068649e+01  3.628287e-14 
  776.000  7.104619e+02  4.225745e+01 -9.087055e-14 
  777.000  7.056390e+02  4.183038e+01  6.387299e-14 
  778.000  7.018047e+02  4.145893e+01  1.484967e-15 
  779.000  7.040461e+02  4.144778e+01  5.336895e-14 
  780.000  6.953611e+02  4.079787e+01  6.624517e-14 
  781.000  6.948920e+02  4.065546e+01 -6.950818e-15 
  782.000  7.032054e+02  4.100010e+01 -9.610187e-15 
  783.000  6.867944e+02  3.990844e+01  7.910940e-14 
  784.000  6.901809e+02  3.995463e+01 -6.180792e-15 
  785.000  6.892021e+02  3.967396e+01 -1.567376e-14 
  786.000  6.730757e+02  3.850009e+01 -3.473810e-14 
  787.000  6.731736e+02  3.814111e+01  4.389404e-15 
  788.000  6.579608e+02  3.705183e+01  6.100031e-15 
  789.000  6.436276e+02  3.584891e+01 -5.869724e-15 
  790.000  6.355320e+02  3.526339e+01  1.215166e-14 
  791.000  6.356428e+02  3.519660e+01  1.722995e-15 
  792.000  6.287216e+02  3.474330e+01  1.638281e-14 
  793.000  6.353809e+02  3.510709e+01  2.790818e-15 
  794.000  6.440811e+02  3.576956e+01 -1.509149e-14 
  795.000  6.313378e+02  3.476095e+01  1.035058e-14 
  796.000  6.172856e+02  3.354946e+01 -6.579577e-15 
  797.000  6.282811e+02  3.411424e+01  1.469990e-15 
  798.000  6.444818e+02  3.510905e+01 -1.090253e-14 
  799.000  6.403850e+02  3.471738e+01 -8.912533e-15 
  800.000  6.125447e+02  3.295442e+01 -2.514766e-16 
  801.000  6.253023e+02  3.355076e+01  4.154047e-15 
  802.000  6.229787e+02  3.330812e+01  1.229621e-14 
  803.000  6.157386e+02  3.283781e+01  3.250055e-15 
  804.000  6.267274e+02  3.338892e+01  1.269908e-14 
  805.000  6.196534e+02  3.306281e+01  7.863429e-15 
  806.000  6.426780e+02  3.429863e+01  1.007713e-14 
  807.000  6.391504e+02  3.400897e+01  7.264151e-15 
  808.000  6.317549e+02  3.344469e+01  4.384191e-16 
  809.000  6.168160e+02  3.247930e+01  1.478772e-15 
  810.000  6.093358e+02  3.191275e+01  1.092876e-14 
  811.000  6.093436e+02  3.168925e+01  1.443626e-14 
  812.000  5.941411e+02  3.067257e+01  1.300059e-15 
  813.000  5.757413e+02  2.951486e+01  1.548333e-16 
  814.000  5.542596e+02  2.820626e+01 -2.909829e-16 
  815.000  5.231384e+02  2.637659e+01  2.575834e-15 
  816.000  4.879947e+02  2.425825e+01 -8.347573e-16 
  817.000  4.922962e+02  2.440529e+01 -1.889548e-15 
  818.000  4.916834e+02  2.432545e+01  7.389203e-18 
  819.000  4.884072e+02  2.419530e+01  1.227326e-15 
  820.000  5.119441e+02  2.552191e+01 -1.306470e-15 
  821.000  5.692067e+02  2.850869e+01  1.807816e-15 
  822.000  5.232952e+02  2.597687e+01  1.014519e-16 
  823.000  4.509731e+02  2.169640e+01 -1.048395e-15 
  824.000  5.253884e+02  2.587085e+01 -1.350125e-15 
  825.000  5.707866e+02  2.827620e+01 -7.624085e-16 
  826.000  5.667860e+02  2.796036e+01  2.057270e-15 
  827.000  5.590361e+02  2.746377e+01  2.003516e-15 
  828.000  5.276728e+02  2.570625e+01 -3.629925e-15 
  829.000  5.381400e+02  2.618918e+01 -9.920858e-16 
  830.000  5.416988e+02  2.634356e+01 -8.956915e-16 
  831.000  5.351172e+02  2.596611e+01 -1.349852e-15 
  832.000  5.476631e+02  2.651746e+01  3.273286e-15 
  833.000  5.375735e+02  2.599438e+01  7.304218e-15 
  834.000  5.538624e+02  2.676143e+01 -7.283915e-16 
  835.000  5.711568e+02  2.766051e+01  3.589193e-15 
  836.000  5.727413e+02  2.761099e+01 -8.191409e-16 
  837.000  5.676226e+02  2.728557e+01  2.722028e-16 
  838.000  5.775286e+02  2.775859e+01 -2.093223e-15 
  839.000  5.641674e+02  2.709285e+01 -8.776137e-16 
  840.000  5.810170e+02  2.784290e+01  7.955399e-15 
  841.000  5.775982e+02  2.754029e+01  1.105114e-14 
  842.000  5.784940e+02  2.755742e+01  1.451593e-14 
  843.000  5.850566e+02  2.794497e+01 -1.162743e-14 
  844.000  5.801155e+02  2.771402e+01 -2.226336e-14 
  845.000  5.911745e+02  2.820398e+01  8.283299e-15 
  846.000  5.987984e+02  2.853350e+01 -9.797058e-15 
  847.000  5.806458e+02  2.764244e+01 -9.836693e-16 
  848.000  5.936226e+02  2.808907e+01 -1.864444e-14 
  849.000  5.952446e+02  2.809494e+01 -3.151677e-15 
  850.000  5.129067e+02  2.410319e+01  1.863348e-14 
  851.000  5.852372e+02  2.737788e+01 -1.150499e-14 
  852.000  5.632906e+02  2.627989e+01  2.724892e-15 
  853.000  5.736339e+02  2.676041e+01 -1.452514e-14 
  854.000  4.610513e+02  2.144407e+01 -3.017598e-14 
  855.000  5.092438e+02  2.365343e+01 -2.093215e-14 
  856.000  5.816873e+02  2.702042e+01  6.231158e-15 
  857.000  5.926416e+02  2.749630e+01  4.320596e-15 
  858.000  5.839907e+02  2.704052e+01  4.249726e-15 
  859.000  5.857289e+02  2.709445e+01 -2.153047e-14 
  860.000  5.814089e+02  2.684340e+01  5.110922e-15 
  861.000  5.815106e+02  2.677599e+01 -5.105637e-14 
  862.000  5.800540e+02  2.664578e+01  2.064625e-14 
  863.000  5.912427e+02  2.708487e+01 -6.130616e-16 
  864.000  5.904623e+02  2.698346e+01  0.000000e+00 
  865.000  5.797885e+02  2.642955e+01  1.027228e-13 
  866.000  4.864187e+02  2.211275e+01  0.000000e+00 
  867.000  5.179568e+02  2.347886e+01 -1.600795e-14 
  868.000  5.618112e+02  2.539657e+01  6.084712e-15 
  869.000  5.540516e+02  2.497833e+01  9.754178e-14 
  870.000  5.768591e+02  2.593175e+01  2.048922e-14 
  871.000  5.761636e+02  2.583085e+01 -2.490920e-14 
  872.000  5.741045e+02  2.567326e+01 -5.463778e-14 
  873.000  5.762009e+02  2.568889e+01  1.313830e-13 
  874.000  5.634746e+02  2.504837e+01 -8.705162e-15 
  875.000  5.582866e+02  2.474816e+01 -6.869385e-14 
  876.000  5.626949e+02  2.486702e+01  4.551548e-14 
  877.000  5.738209e+02  2.528502e+01  1.655920e-14 
  878.000  5.629298e+02  2.470694e+01 -8.143638e-15 
  879.000  5.642340e+02  2.469511e+01  1.312355e-14 
  880.000  5.600715e+02  2.442008e+01 -4.060565e-14 
  881.000  5.305394e+02  2.305636e+01 -3.850916e-15 
  882.000  5.593736e+02  2.422950e+01 -8.713878e-15 
  883.000  5.471012e+02  2.364626e+01  1.616925e-14 
  884.000  5.519543e+02  2.379621e+01 -3.716783e-15 
  885.000  5.558402e+02  2.384844e+01 -8.101664e-15 
  886.000  5.352753e+02  2.285635e+01  1.137268e-14 
  887.000  5.315947e+02  2.266922e+01 -8.038145e-15 
  888.000  5.473942e+02  2.327636e+01  8.279608e-15 
  889.000  5.516161e+02  2.340681e+01 -1.048699e-14 
  890.000  5.483916e+02  2.318159e+01 -1.153531e-14 
  891.000  5.421005e+02  2.278538e+01 -3.634644e-16 
  892.000  5.327850e+02  2.220716e+01  5.555868e-15 
  893.000  4.905215e+02  2.014948e+01  6.869495e-16 
  894.000  4.952742e+02  2.020454e+01 -1.540214e-16 
  895.000  4.379229e+02  1.769059e+01  9.104823e-16 
  896.000  4.227748e+02  1.688199e+01 -7.873019e-18 
  897.000  3.808495e+02  1.491518e+01 -2.011446e-16 
  898.000  3.669079e+02  1.419654e+01 -1.634738e-17 
  899.000  3.287685e+02  1.241615e+01 -2.330822e-16 
  900.000  3.253616e+02  1.228120e+01  1.079819e-16 
  901.000  3.094993e+02  1.160211e+01  1.123135e-16 
  902.000  3.058987e+02  1.145606e+01  2.358293e-16 
  903.000  3.860012e+02  1.496007e+01  5.281105e-16 
  904.000  4.344553e+02  1.704150e+01  9.959528e-16 
  905.000  4.321111e+02  1.691390e+01 -5.470157e-16 
  906.000  3.944059e+02  1.528289e+01 -9.940411e-16 
  907.000  3.563471e+02  1.343068e+01 -2.303407e-17 
  908.000  3.196451e+02  1.182850e+01  0.000000e+00 
  909.000  3.150714e+02  1.163205e+01  1.473856e-16 
  910.000  3.227055e+02  1.190680e+01 -2.228961e-17 
  911.000  3.394936e+02  1.262402e+01 -6.599253e-18 
  912.000  3.316387e+02  1.223761e+01 -2.338174e-16 
  913.000  3.027557e+02  1.095628e+01 -2.195211e-16 
  914.000  3.186072e+02  1.158695e+01  1.075781e-16 
  915.000  3.273750e+02  1.196725e+01 -1.390451e-16 
  916.000  3.356080e+02  1.226936e+01  1.182016e-16 
  917.000  3.386024e+02  1.241293e+01 -3.776303e-17 
  918.000  3.475615e+02  1.280014e+01  4.350447e-20 
  919.000  3.897128e+02  1.463469e+01  2.203966e-16 
  920.000  4.159630e+02  1.573465e+01 -4.632548e-16 
  921.000  4.006822e+02  1.510588e+01  1.454188e-17 
  922.000  3.966420e+02  1.491723e+01  7.539719e-16 
  923.000  3.722989e+02  1.393503e+01  2.411271e-16 
  924.000  3.690496e+02  1.366763e+01 -4.917372e-16 
  925.000  3.717965e+02  1.371027e+01  1.103543e-16 
  926.000  3.565455e+02  1.307822e+01  2.354143e-16 
  927.000  3.469164e+02  1.250374e+01 -2.276590e-16 
  928.000  3.154951e+02  1.108682e+01  2.358788e-16 
  929.000  2.670276e+02  9.150420e+00 -1.079143e-16 
  930.000  2.166711e+02  7.278215e+00 -5.285499e-17 
  931.000  1.687902e+02  5.556195e+00  1.352294e-18 
  932.000  1.140106e+02  3.633470e+00 -1.395228e-17 
  933.000  8.424420e+01  2.646667e+00 -6.204394e-17 
  934.000  5.927377e+01  1.872216e+00 -2.279156e-21 
  935.000  5.580533e+01  1.763169e+00  6.973995e-18 
  936.000  6.333669e+01  1.983931e+00 -2.671114e-17 
  937.000  6.303894e+01  1.971594e+00 -3.533607e-18 
  938.000  9.125314e+01  2.838576e+00  6.960374e-18 
  939.000  1.978867e+02  6.389550e+00 -2.648118e-18 
  940.000  2.175786e+02  7.042816e+00  2.022043e-18 
  941.000  1.964979e+02  6.332509e+00 -1.778286e-24 
  942.000  1.528552e+02  4.873949e+00 -2.607454e-17 
  943.000  1.080547e+02  3.347364e+00 -1.397593e-17 
  944.000  1.015768e+02  3.133209e+00 -4.443993e-36 
  945.000  1.189246e+02  3.695663e+00  1.369767e-17 
  946.000  1.220205e+02  3.786365e+00  2.618276e-33 
  947.000  1.388856e+02  4.342367e+00  1.393785e-17 
  948.000  1.506940e+02  4.725509e+00  8.941817e-30 
  949.000  1.504666e+02  4.708609e+00 -1.336476e-16 
  950.000  1.525523e+02  4.770352e+00  3.795854e-17 
  951.000  1.774265e+02  5.586338e+00 -2.576338e-17 
  952.000  1.512940e+02  4.713596e+00  2.529493e-17 
  953.000  1.703866e+02  5.341834e+00  2.699476e-17 
  954.000  1.912343e+02  6.028604e+00 -3.828937e-26 
  955.000  1.631240e+02  5.113147e+00 -2.488783e-17 
  956.000  1.717570e+02  5.377606e+00  2.434364e-17 
  957.000  2.308642e+02  7.344280e+00  1.060976e-16 
  958.000  2.422098e+02  7.721539e+00 -1.633196e-16 
  959.000  2.332891e+02  7.410916e+00 -1.073543e-16 
  960.000  2.287577e+02  7.254250e+00  1.817932e-16 
  961.000  2.216823e+02  7.011551e+00  1.289586e-16 
  962.000  2.281004e+02  7.214742e+00 -5.287685e-17 
  963.000  2.644226e+02  8.450223e+00  1.153493e-16 
  964.000  2.673474e+02  8.551512e+00 -9.417611e-17 
  965.000  2.675545e+02  8.534369e+00 -6.823642e-17 
  966.000  2.624497e+02  8.368901e+00  1.412898e-16 
  967.000  2.992373e+02  9.671753e+00 -1.487007e-19 
  968.000  3.475968e+02  1.159797e+01  1.007446e-16 
  969.000  3.751293e+02  1.260283e+01  2.304264e-16 
  970.000  3.778589e+02  1.267737e+01 -1.207474e-16 
  971.000  3.740008e+02  1.251988e+01  1.248263e-18 
  972.000  3.693790e+02  1.231360e+01 -3.109856e-16 
  973.000  3.497676e+02  1.156483e+01  2.188907e-16 
  974.000  3.256853e+02  1.062945e+01  7.677754e-20 
  975.000  3.156029e+02  1.019301e+01 -2.043157e-16 
  976.000  3.340453e+02  1.087262e+01  3.955170e-17 
  977.000  3.499970e+02  1.150949e+01  3.002550e-16 
  978.000  3.568748e+02  1.170703e+01  4.421439e-16 
  979.000  3.533021e+02  1.159759e+01  3.313763e-16 
  980.000  3.848956e+02  1.268378e+01 -8.019579e-17 
  981.000  3.938657e+02  1.296993e+01 -6.599790e-16 
  982.000  3.872613e+02  1.271866e+01 -2.148208e-15 
  983.000  4.005200e+02  1.316478e+01  1.728315e-15 
  984.000  4.127233e+02  1.359273e+01  4.251856e-15 
  985.000  4.211769e+02  1.388800e+01 -8.854972e-16 
  986.000  4.289120e+02  1.419374e+01  5.267859e-15 
  987.000  4.388268e+02  1.453615e+01  9.445718e-15 
  988.000  4.346367e+02  1.437791e+01 -2.246097e-15 
  989.000  4.298997e+02  1.419772e+01  1.818297e-15 
  990.000  4.347877e+02  1.433966e+01 -6.290990e-16 
  991.000  4.425630e+02  1.460951e+01  6.848795e-15 
  992.000  4.396789e+02  1.449562e+01 -6.773750e-15 
  993.000  4.401260e+02  1.448319e+01 -2.090724e-15 
  994.000  4.460322e+02  1.468411e+01  3.324303e-15 
  995.000  4.453195e+02  1.466594e+01  1.706845e-15 
  996.000  4.452143e+02  1.462914e+01 -1.706494e-15 
  997.000  4.440904e+02  1.453534e+01 -3.417018e-15 
  998.000  4.406653e+02  1.437257e+01  2.878327e-15 
  999.000  4.388717e+02  1.427339e+01 -6.883258e-15 
 1000.000  4.359254e+02  1.415259e+01  3.241144e-15 
 1001.000  4.344687e+02  1.402794e+01  9.944606e-15 
 1002.000  4.277442e+02  1.371709e+01 -2.070095e-15 
 1003.000  4.241874e+02  1.358668e+01  3.086415e-15 
 1004.000  4.240908e+02  1.358925e+01  3.231858e-15 
 1005.000  3.975867e+02  1.272813e+01 -1.286627e-14 
 1006.000  4.189703e+02  1.338875e+01 -4.779980e-15 
 1007.000  4.254600e+02  1.355305e+01  1.823588e-15 
 1008.000  4.223868e+02  1.337536e+01 -5.174330e-15 
 1009.000  4.133894e+02  1.300630e+01  2.325086e-15 
 1010.000  4.178243e+02  1.314071e+01 -4.490217e-15 
 1011.000  4.224397e+02  1.332260e+01 -8.701730e-15 
 1012.000  4.252350e+02  1.341036e+01 -4.769615e-15 
 1013.000  4.242183e+02  1.337334e+01  7.169179e-17 
 1014.000  4.278362e+02  1.346874e+01 -2.918253e-15 
 1015.000  4.201216e+02  1.319925e+01 -8.032032e-15 
 1016.000  4.237472e+02  1.329580e+01  1.138176e-14 
 1017.000  4.200089e+02  1.315038e+01  3.015082e-15 
 1018.000  4.244627e+02  1.325289e+01  8.596832e-15 
 1019.000  4.125301e+02  1.282501e+01 -4.046599e-15 
 1020.000  4.124652e+02  1.280471e+01 -6.701653e-15 
 1021.000  4.182075e+02  1.297515e+01 -5.299631e-15 
 1022.000  4.092637e+02  1.263764e+01  1.999955e-15 
 1023.000  4.148650e+02  1.275741e+01  1.578541e-15 
 1024.000  4.114189e+02  1.260988e+01  2.434378e-15 
 1025.000  4.154471e+02  1.275276e+01 -1.066425e-15 
 1026.000  4.178013e+02  1.282032e+01  1.814047e-15 
 1027.000  4.145473e+02  1.268391e+01 -4.819562e-15 
 1028.000  4.162113e+02  1.271590e+01 -1.586429e-15 
 1029.000  4.115892e+02  1.256659e+01 -1.580569e-15 
 1030.000  4.173980e+02  1.274179e+01  1.381913e-15 
 1031.000  4.169490e+02  1.271412e+01  2.754360e-15 
 1032.000  4.161815e+02  1.267401e+01  6.125216e-15 
 1033.000  4.087443e+02  1.242414e+01 -8.706000e-15 
 1034.000  4.134437e+02  1.254602e+01  9.007495e-15 
 1035.000  4.092795e+02  1.239681e+01  5.593770e-15 
 1036.000  4.146290e+02  1.253270e+01 -1.175640e-14 
 1037.000  4.060208e+02  1.224843e+01  0.000000e+00 
 1038.000  4.101625e+02  1.234919e+01  2.075605e-14 
 1039.000  4.116569e+02  1.236457e+01 -2.917955e-15 
 1040.000  4.066648e+02  1.218652e+01  3.298031e-15 
 1041.000  4.087089e+02  1.221992e+01  4.163557e-16 
 1042.000  4.098941e+02  1.222907e+01 -1.433219e-14 
 1043.000  4.028470e+02  1.199390e+01 -1.429021e-14 
 1044.000  4.067710e+02  1.208394e+01  2.886739e-15 
 1045.000  4.047228e+02  1.199220e+01 -2.064504e-16 
 1046.000  3.927906e+02  1.161141e+01  2.004925e-16 
 1047.000  3.997965e+02  1.179004e+01  3.048882e-15 
 1048.000  4.036675e+02  1.187709e+01  5.748615e-15 
 1049.000  4.009990e+02  1.177257e+01 -7.245544e-15 
 1050.000  3.982938e+02  1.166343e+01  2.841196e-15 
 1051.000  3.978079e+02  1.161592e+01  1.319355e-15 
 1052.000  3.956713e+02  1.152471e+01 -2.830555e-15 
 1053.000  3.958465e+02  1.150586e+01 -4.553041e-15 
 1054.000  3.913147e+02  1.134248e+01  3.005742e-15 
 1055.000  3.936980e+02  1.137963e+01  5.855928e-15 
 1056.000  3.923105e+02  1.131023e+01 -2.921617e-15 
 1057.000  3.906035e+02  1.122074e+01 -2.919811e-15 
 1058.000  3.845999e+02  1.099419e+01  0.000000e+00 
 1059.000  3.727378e+02  1.063683e+01 -1.450445e-15 
 1060.000  3.872874e+02  1.104772e+01  2.902218e-15 
 1061.000  3.735465e+02  1.063111e+01 -1.449200e-15 
 1062.000  3.828039e+02  1.085420e+01 -1.491330e-15 
 1063.000  3.760703e+02  1.063775e+01 -1.466886e-15 
 1064.000  3.800324e+02  1.071349e+01  2.131682e-15 
 1065.000  3.781628e+02  1.061868e+01 -2.131067e-15 
 1066.000  3.666805e+02  1.027740e+01  7.206693e-16 
 1067.000  3.748591e+02  1.048339e+01 -3.517161e-16 
 1068.000  3.705667e+02  1.031079e+01  1.288606e-15 
 1069.000  3.410066e+02  9.452807e+00  1.356991e-15 
 1070.000  3.613800e+02  9.999507e+00  1.068888e-15 
 1071.000  3.600409e+02  9.924758e+00  1.498993e-15 
 1072.000  3.592290e+02  9.866988e+00 -1.139960e-15 
 1073.000  3.469192e+02  9.506909e+00 -1.649157e-15 
 1074.000  3.592256e+02  9.826766e+00  1.614295e-16 
 1075.000  3.505463e+02  9.591269e+00  5.134132e-16 
 1076.000  3.564081e+02  9.718318e+00  1.523394e-15 
 1077.000  3.532722e+02  9.597034e+00  1.444275e-15 
 1078.000  3.515487e+02  9.514012e+00 -4.809511e-17 
 1079.000  3.374614e+02  9.112617e+00 -3.779495e-16 
 1080.000  3.404132e+02  9.139882e+00  8.254684e-18 
 1081.000  3.274665e+02  8.773831e+00 -1.707484e-15 
 1082.000  3.345294e+02  8.958355e+00  6.386296e-16 
 1083.000  3.218799e+02  8.587196e+00 -9.027239e-16 
 1084.000  3.300921e+02  8.775105e+00 -4.092309e-16 
 1085.000  3.164301e+02  8.373579e+00  8.787213e-16 
 1086.000  3.226207e+02  8.524380e+00  2.072688e-16 
 1087.000  3.124274e+02  8.264380e+00  2.696678e-16 
 1088.000  3.317936e+02  8.761751e+00 -6.927792e-16 
 1089.000  3.069012e+02  8.056481e+00  2.809994e-16 
 1090.000  3.111383e+02  8.146127e+00 -2.674290e-16 
 1091.000  3.153556e+02  8.243187e+00  4.726843e-16 
 1092.000  3.019029e+02  7.863451e+00  1.151985e-16 
 1093.000  2.850585e+02  7.383587e+00  3.195235e-17 
 1094.000  2.542874e+02  6.559206e+00 -2.607440e-16 
 1095.000  2.759820e+02  7.105729e+00 -1.327732e-16 
 1096.000  2.753789e+02  7.074162e+00 -1.250867e-16 
 1097.000  2.689147e+02  6.882837e+00  2.977730e-17 
 1098.000  2.356032e+02  5.874757e+00  7.128864e-17 
 1099.000  2.114922e+02  5.151502e+00  0.000000e+00 
 1100.000  2.165837e+02  5.269999e+00  7.123971e-17 
