  300.000  1.633362e-05  7.857527e-03 -1.060564e-19  4.715572e-06  9.838742e-04 -3.063690e-20 
  301.000  1.365840e-04  2.571792e-02  6.749142e-18  3.943229e-05  3.251789e-03  2.541488e-18 
  302.000  3.303588e-04  3.316286e-02 -2.381976e-18  9.537575e-05  4.239459e-03 -8.969679e-19 
  303.000  2.433112e-03  1.154574e-01  3.219572e-18  7.024481e-04  1.510904e-02  3.248554e-19 
  304.000  4.263614e-03  1.505064e-01  5.750329e-18  1.230920e-03  1.996337e-02  5.802093e-19 
  305.000  1.805731e-02  3.915990e-01 -3.277698e-17  5.213210e-03  5.372411e-02 -5.216618e-18 
  306.000  3.062507e-02  5.287337e-01  3.406761e-17  8.841566e-03  7.407477e-02  6.714172e-18 
  307.000  7.746263e-02  1.055098e+00  4.840689e-17  2.236373e-02  1.519538e-01  4.884265e-18 
  308.000  1.391824e-01  1.642836e+00  2.358402e-17  4.018246e-02  2.412330e-01 -5.127395e-18 
  309.000  2.002692e-01  2.108981e+00  3.982669e-17  5.781843e-02  3.147795e-01 -2.346153e-17 
  310.000  3.735752e-01  3.382341e+00  2.395273e-16  1.078525e-01  5.194710e-01  6.919315e-17 
  311.000  8.833842e-01  7.452098e+00  1.076992e-15  2.550361e-01  1.158118e+00  1.868171e-16 
  312.000  1.009568e+00  7.868031e+00  1.570803e-15  2.914658e-01  1.242766e+00  3.279703e-16 
  313.000  1.627217e+00  1.189724e+01  6.419194e-16  4.697832e-01  1.904424e+00  6.476980e-17 
  314.000  1.853231e+00  1.294903e+01  1.713048e-15  5.350342e-01  2.086890e+00  2.971484e-16 
  315.000  2.957041e+00  1.947092e+01 -1.282913e-15  8.537081e-01  3.186063e+00 -1.294462e-16 
  316.000  2.562508e+00  1.619293e+01  6.417438e-16  7.398049e-01  2.667114e+00  6.475207e-17 
  317.000  4.298913e+00  2.604011e+01  3.401276e-15  1.241111e+00  4.325902e+00  8.736549e-17 
  318.000  4.673107e+00  2.722265e+01  3.748150e-15  1.349142e+00  4.554765e+00  9.698209e-16 
  319.000  6.793219e+00  3.802943e+01 -1.677014e-16  1.961226e+00  6.445756e+00 -7.070416e-16 
  320.000  5.602207e+00  3.040290e+01 -1.960632e-15  1.617377e+00  5.130784e+00 -1.210917e-15 
  321.000  9.947675e+00  5.202629e+01  2.750129e-15  2.871928e+00  8.931582e+00  1.035601e-15 
  322.000  7.748870e+00  3.914225e+01  2.427671e-14  2.237126e+00  6.705727e+00  3.186058e-15 
  323.000  8.167592e+00  3.994236e+01  4.004291e-15  2.358012e+00  6.906324e+00  4.040338e-16 
  324.000  1.195485e+01  5.673297e+01  3.415581e-15  3.451407e+00  9.897677e+00  1.711193e-15 
  325.000  1.212084e+01  5.551537e+01  8.622741e-15  3.499328e+00  9.671123e+00  1.699402e-15 
  326.000  2.019105e+01  8.995594e+01 -3.433923e-14  5.829226e+00  1.582588e+01 -7.064935e-16 
  327.000  2.149081e+01  9.283678e+01  4.517693e-14  6.204472e+00  1.641279e+01  9.349249e-15 
  328.000  1.634894e+01  6.818520e+01 -1.294866e-14  4.719995e+00  1.204028e+01 -3.153115e-15 
  329.000  2.377655e+01  9.680771e+01  6.223138e-14  6.864373e+00  1.727207e+01  1.610215e-14 
  330.000  2.580873e+01  1.019492e+02  6.760756e-15  7.451070e+00  1.826467e+01  0.000000e+00 
  331.000  2.012016e+01  7.685682e+01 -5.604249e-14  5.808761e+00  1.377747e+01 -8.574074e-15 
  332.000  2.502213e+01  9.321230e+01  1.684513e-13  7.223975e+00  1.682752e+01  2.369039e-14 
  333.000  2.952713e+01  1.068800e+02  3.080788e-14  8.524586e+00  1.937361e+01 -3.744633e-15 
  334.000  2.451753e+01  8.602820e+01  1.285163e-15  7.078296e+00  1.562121e+01 -2.832104e-15 
  335.000  2.872042e+01  9.824913e+01  8.321805e-14  8.291686e+00  1.794216e+01  1.640092e-14 
  336.000  2.251195e+01  7.491906e+01 -5.200887e-14  6.499278e+00  1.373594e+01 -7.550884e-15 
  337.000  2.156651e+01  6.967690e+01 -1.666663e-14  6.226326e+00  1.280305e+01 -1.231065e-15 
  338.000  2.756267e+01  8.671651e+01  3.349148e-14  7.957439e+00  1.599885e+01  4.470069e-15 
  339.000  2.907956e+01  8.912852e+01  1.632977e-14  8.395371e+00  1.651083e+01  8.181153e-15 
  340.000  3.291349e+01  9.806540e+01  4.005214e-14  9.502238e+00  1.820949e+01 -4.680633e-15 
  341.000  2.909918e+01  8.452261e+01 -4.215943e-14  8.401035e+00  1.575495e+01 -3.209624e-15 
  342.000  3.161988e+01  8.951163e+01  7.081395e-14  9.128770e+00  1.674206e+01  9.330981e-15 
  343.000  3.252173e+01  8.968548e+01 -2.321736e-14  9.389137e+00  1.682404e+01 -5.653634e-15 
  344.000  2.983150e+01  8.010844e+01  2.221179e-14  8.612458e+00  1.506810e+01  9.305801e-15 
  345.000  4.002140e+01  1.048458e+02 -4.887406e-14  1.155432e+01  1.980234e+01 -8.793990e-15 
  346.000  4.577964e+01  1.169637e+02  1.743315e-13  1.321674e+01  2.216777e+01  1.901799e-14 
  347.000  4.472025e+01  1.114424e+02 -1.086636e-14  1.291089e+01  2.118900e+01 -7.901328e-15 
  348.000  4.319168e+01  1.050091e+02 -1.565301e-13  1.246959e+01  2.002737e+01 -1.579391e-14 
  349.000  4.865684e+01  1.154601e+02  4.087991e-15  1.404740e+01  2.208871e+01 -2.408197e-15 
  350.000  5.097371e+01  1.180722e+02  1.094003e-13  1.471629e+01  2.265524e+01  1.826670e-14 
  351.000  4.957008e+01  1.121094e+02 -9.781021e-14  1.431106e+01  2.157378e+01 -9.869070e-15 
  352.000  5.189627e+01  1.146124e+02  9.309923e-14  1.498263e+01  2.211642e+01 -1.934297e-15 
  353.000  4.858496e+01  1.048351e+02 -6.284268e-14  1.402665e+01  2.028890e+01 -1.280622e-14 
  354.000  5.739491e+01  1.210134e+02  1.952964e-14  1.657011e+01  2.348475e+01 -1.021959e-15 
  355.000  5.946669e+01  1.225459e+02 -3.714028e-14  1.716824e+01  2.384439e+01 -8.309929e-15 
  356.000  5.745504e+01  1.157547e+02 -3.905541e-14  1.658747e+01  2.257912e+01 -3.940698e-15 
  357.000  3.747481e+01  7.383469e+01 -9.173335e-15  1.081911e+01  1.443434e+01  0.000000e+00 
  358.000  4.157415e+01  8.013000e+01  1.415176e-14  1.200260e+01  1.569897e+01  3.446080e-15 
  359.000  4.269291e+01  8.050804e+01  4.555255e-14  1.232559e+01  1.580829e+01  7.651514e-15 
  360.000  6.464361e+01  1.192669e+02 -1.099121e-14  1.866284e+01  2.347787e+01 -4.138901e-15 
  361.000  5.244608e+01  9.465866e+01 -4.939301e-14  1.514137e+01  1.869508e+01 -7.387249e-15 
  362.000  5.889326e+01  1.039931e+02  3.377588e-14  1.700269e+01  2.061052e+01 -4.502436e-15 
  363.000  6.404102e+01  1.106755e+02 -1.900222e-14  1.848887e+01  2.200315e+01 -1.917327e-15 
  364.000  6.526893e+01  1.104328e+02 -2.001478e-13  1.884337e+01  2.201587e+01 -2.300131e-14 
  365.000  6.234587e+01  1.033000e+02  8.975917e-14  1.799947e+01  2.064750e+01  1.168980e-14 
  366.000  8.730090e+01  1.416828e+02  1.326264e-13  2.520408e+01  2.839137e+01  2.967441e-14 
  367.000  7.963569e+01  1.266170e+02  3.842012e-13  2.299110e+01  2.543458e+01  5.986736e-14 
  368.000  7.653666e+01  1.192392e+02  1.820734e-13  2.209640e+01  2.401044e+01  1.990508e-14 
  369.000  7.500690e+01  1.145231e+02  2.753266e-14  2.165475e+01  2.311579e+01  1.312645e-14 
  370.000  8.786535e+01  1.315009e+02 -3.286368e-13  2.536703e+01  2.660498e+01 -9.308776e-15 
  371.000  7.145592e+01  1.048437e+02 -9.360611e-14  2.062957e+01  2.126098e+01 -1.489787e-14 
  372.000  7.656816e+01  1.101585e+02 -3.655782e-14  2.210550e+01  2.238995e+01 -5.400800e-14 
  373.000  7.764741e+01  1.095558e+02 -1.210944e-13  2.241708e+01  2.231783e+01 -1.078320e-14 
  374.000  6.116449e+01  8.464869e+01 -2.556606e-14  1.765840e+01  1.728204e+01  7.604329e-16 
  375.000  5.695729e+01  7.733180e+01  1.259393e-13  1.644377e+01  1.582210e+01  1.883556e-14 
  376.000  8.278090e+01  1.102832e+02 -1.195765e-13  2.389914e+01  2.261000e+01 -1.499191e-14 
  377.000  8.598609e+01  1.124267e+02  7.251869e-14  2.482449e+01  2.309271e+01  1.331584e-14 
  378.000  1.127860e+02  1.447622e+02 -6.859231e-14  3.256173e+01  2.978444e+01 -1.857842e-14 
  379.000  8.804051e+01  1.109410e+02  9.343033e-14  2.541760e+01  2.286518e+01  1.841360e-14 
  380.000  8.365170e+01  1.034911e+02 -1.058753e-13  2.415054e+01  2.137219e+01 -1.629711e-14 
  381.000  9.534075e+01  1.158006e+02  1.065932e-14  2.752521e+01  2.397133e+01  1.075528e-15 
  382.000  7.232783e+01  8.625392e+01 -1.705427e-14  2.088130e+01  1.789965e+01 -6.422037e-15 
  383.000  5.112888e+01  5.987862e+01  1.147557e-14  1.476109e+01  1.245490e+01  2.794404e-15 
  384.000  5.701261e+01  6.558335e+01  6.653466e-14  1.645974e+01  1.367077e+01  4.914521e-15 
  385.000  8.686450e+01  9.816487e+01  1.600964e-13  2.507809e+01  2.050399e+01 -2.769623e-15 
  386.000  6.822873e+01  7.575979e+01 -1.068867e-13  1.969787e+01  1.585519e+01 -1.288022e-14 
  387.000  7.920784e+01  8.642864e+01  6.618417e-13  2.286758e+01  1.812263e+01  1.484161e-13 
  388.000  7.931145e+01  8.505524e+01  3.558021e-13  2.289750e+01  1.786816e+01  4.539525e-14 
  389.000  9.131596e+01  9.625921e+01 -7.085729e-13  2.636324e+01  2.025941e+01 -9.308498e-14 
  390.000  1.118352e+02  1.158932e+02  8.679947e-14  3.228721e+01  2.443648e+01  2.229539e-15 
  391.000  1.263411e+02  1.287245e+02  2.360259e-13  3.647512e+01  2.719106e+01  3.110056e-14 
  392.000  1.133570e+02  1.135676e+02  7.345415e-13  3.272657e+01  2.403231e+01  3.859588e-14 
  393.000  6.134338e+01  6.043867e+01  1.298565e-13  1.771005e+01  1.281216e+01  4.245545e-14 
  394.000  6.850787e+01  6.638648e+01  2.046156e-13  1.977846e+01  1.409755e+01  6.638272e-14 
  395.000  1.160373e+02  1.106061e+02  5.593802e-13  3.350037e+01  2.352818e+01  1.808743e-13 
  396.000  1.204932e+02  1.129887e+02  2.165986e-12  3.478682e+01  2.407591e+01  5.100472e-13 
  397.000  4.946547e+01  4.563678e+01 -5.823560e-13  1.428086e+01  9.740674e+00 -2.951147e-14 
  398.000  1.395750e+02  1.267094e+02  4.314748e-13  4.029580e+01  2.708940e+01  1.140209e-13 
  399.000  1.687554e+02  1.507627e+02  6.297007e-13  4.872029e+01  3.228440e+01  1.833152e-13 
  400.000  1.671499e+02  1.469689e+02  1.471980e-13  4.825675e+01  3.152235e+01  7.570774e-14 
  401.000  1.673548e+02  1.448387e+02  6.808309e-13  4.831591e+01  3.111489e+01  1.117534e-13 
  402.000  1.786391e+02  1.521931e+02  3.728028e-13  5.157373e+01  3.274620e+01  1.149262e-13 
  403.000  1.684961e+02  1.413268e+02 -4.618097e-13  4.864541e+01  3.045544e+01 -5.508638e-14 
  404.000  1.823274e+02  1.505726e+02  1.051907e-12  5.263855e+01  3.249769e+01  1.925142e-13 
  405.000  1.683458e+02  1.368988e+02 -7.630194e-14  4.860201e+01  2.959117e+01  2.554173e-14 
  406.000  1.681985e+02  1.346992e+02 -4.073236e-14  4.855950e+01  2.915929e+01  0.000000e+00 
  407.000  1.649000e+02  1.300619e+02 -1.404419e-12  4.760720e+01  2.819712e+01 -2.534109e-13 
  408.000  1.798078e+02  1.396902e+02  4.280425e-13  5.191113e+01  3.032880e+01  6.472776e-14 
  409.000  2.002995e+02  1.532874e+02 -4.078923e-13  5.782715e+01  3.332895e+01 -6.491807e-14 
  410.000  1.685133e+02  1.270486e+02  1.923924e-13  4.865038e+01  2.766325e+01 -1.622906e-14 
  411.000  1.991070e+02  1.479012e+02 -7.487041e-13  5.748289e+01  3.224885e+01 -1.867907e-13 
  412.000  2.075592e+02  1.519203e+02  1.533669e-12  5.992308e+01  3.317103e+01  2.648573e-13 
  413.000  1.972442e+02  1.422670e+02  8.763287e-15  5.694508e+01  3.110592e+01  3.694668e-14 
  414.000  1.946546e+02  1.383641e+02 -9.600851e-14  5.619747e+01  3.029292e+01 -3.615341e-14 
  415.000  2.088350e+02  1.463074e+02 -1.036241e-12  6.029140e+01  3.207508e+01 -1.889611e-13 
  416.000  2.087692e+02  1.441690e+02  8.243788e-13  6.027241e+01  3.164802e+01  1.110531e-13 
  417.000  2.035670e+02  1.385769e+02  4.721794e-13  5.877050e+01  3.046006e+01  5.213286e-14 
  418.000  2.002349e+02  1.343802e+02  5.927819e-14  5.780852e+01  2.957554e+01  5.981181e-15 
  419.000  2.062582e+02  1.364756e+02  6.660018e-13  5.954745e+01  3.007472e+01  6.719971e-14 
  420.000  1.755152e+02  1.145097e+02 -8.580767e-14  5.067186e+01  2.526569e+01 -4.639623e-14 
  421.000  2.210644e+02  1.422208e+02  8.923960e-13  6.382206e+01  3.141885e+01  1.513236e-13 
  422.000  2.129313e+02  1.350935e+02 -1.872785e-13  6.147400e+01  2.988100e+01 -3.690954e-14 
  423.000  1.807606e+02  1.131052e+02 -1.677648e-13  5.218621e+01  2.504792e+01 -2.071941e-14 
  424.000  1.998352e+02  1.233297e+02  2.864830e-13  5.769313e+01  2.734505e+01 -8.521106e-15 
  425.000  2.079892e+02  1.266155e+02 -5.441537e-13  6.004721e+01  2.810661e+01 -1.407979e-13 
  426.000  2.009088e+02  1.206503e+02 -1.373297e-13  5.800307e+01  2.681351e+01 -5.623387e-15 
  427.000  1.941806e+02  1.150404e+02  5.729540e-14  5.606063e+01  2.559611e+01  2.157542e-14 
  428.000  1.975480e+02  1.154683e+02 -2.439512e-13  5.703280e+01  2.572043e+01 -8.442313e-14 
  429.000  1.805514e+02  1.041280e+02  1.522030e-13  5.212581e+01  2.322035e+01  3.706277e-14 
  430.000  1.447303e+02  8.236341e+01  2.798424e-15  4.178415e+01  1.838713e+01  1.179836e-14 
  431.000  1.307086e+02  7.340357e+01  3.244095e-14  3.773604e+01  1.640479e+01 -7.052976e-15 
  432.000  2.363169e+02  1.309713e+02  7.955754e-14  6.822552e+01  2.930201e+01  1.266198e-14 
  433.000  2.112735e+02  1.155646e+02 -1.581922e-13  6.099540e+01  2.588260e+01 -3.653515e-14 
  434.000  2.016717e+02  1.088811e+02 -4.178073e-13  5.822332e+01  2.441138e+01 -7.726357e-14 
  435.000  2.203469e+02  1.174279e+02 -4.974139e-13  6.361493e+01  2.635496e+01 -9.251999e-14 
  436.000  2.453559e+02  1.290763e+02 -2.705330e-13  7.083511e+01  2.899898e+01 -3.197886e-14 
  437.000  2.487472e+02  1.291882e+02 -2.474197e-13  7.181418e+01  2.905346e+01 -5.797287e-14 
  438.000  2.237331e+02  1.147197e+02 -4.995260e-14  6.459254e+01  2.582530e+01 -3.453613e-14 
  439.000  2.173732e+02  1.100485e+02  2.900978e-13  6.275641e+01  2.479818e+01  3.333850e-14 
  440.000  2.445955e+02  1.222716e+02  1.352252e-13  7.061556e+01  2.757913e+01  0.000000e+00 
  441.000  2.447520e+02  1.208177e+02  3.501123e-14  7.066077e+01  2.727709e+01  2.162348e-14 
  442.000  2.587597e+02  1.261409e+02  9.650948e-14  7.470483e+01  2.850543e+01  9.737824e-15 
  443.000  2.614705e+02  1.258823e+02  4.639806e-15  7.548744e+01  2.847294e+01  1.956177e-14 
  444.000  2.607332e+02  1.239791e+02  5.149685e-14  7.527458e+01  2.806752e+01  1.939189e-14 
  445.000  2.752534e+02  1.292775e+02 -2.413902e-15  7.946661e+01  2.929245e+01 -1.017719e-14 
  446.000  2.458772e+02  1.140711e+02  7.788187e-14  7.098561e+01  2.586854e+01  2.109452e-14 
  447.000  2.814540e+02  1.289882e+02  1.044047e-13  8.125676e+01  2.927711e+01  2.057646e-14 
  448.000  2.872512e+02  1.300475e+02  3.447076e-14  8.293041e+01  2.954575e+01  3.478107e-15 
  449.000  2.903358e+02  1.298552e+02  3.710578e-14  8.382098e+01  2.953070e+01  1.397273e-14 
  450.000  2.977991e+02  1.315913e+02 -7.311393e-14  8.597565e+01  2.995384e+01 -1.780389e-14 
  451.000  3.230146e+02  1.410258e+02  1.223494e-13  9.325546e+01  3.213059e+01  4.607246e-14 
  452.000  3.013392e+02  1.299963e+02 -7.565892e-14  8.699770e+01  2.964370e+01 -2.849047e-14 
  453.000  2.806869e+02  1.196527e+02 -1.284257e-13  8.103529e+01  2.730831e+01 -3.298755e-15 
  454.000  3.002632e+02  1.264888e+02  2.136904e-13  8.668705e+01  2.889263e+01  4.211489e-14 
  455.000  3.033180e+02  1.262755e+02  1.423363e-13  8.756896e+01  2.886746e+01  2.468991e-14 
  456.000  3.115646e+02  1.281922e+02  6.458652e-13  8.994979e+01  2.932871e+01  7.572718e-14 
  457.000  3.142115e+02  1.277760e+02 -2.100916e-13  9.071396e+01  2.925656e+01  0.000000e+00 
  458.000  3.095598e+02  1.244254e+02 -2.412078e-13  8.937102e+01  2.851149e+01 -3.549661e-15 
  459.000  3.103784e+02  1.233152e+02 -2.755102e-14  8.960732e+01  2.827850e+01  2.834431e-14 
  460.000  3.085192e+02  1.211685e+02  1.439836e-13  8.907056e+01  2.780709e+01  3.506128e-14 
  461.000  3.205685e+02  1.244609e+02 -3.852760e-14  9.254923e+01  2.858386e+01 -1.450813e-14 
  462.000  3.161812e+02  1.213599e+02 -2.143473e-13  9.128262e+01  2.789193e+01 -3.205792e-14 
  463.000  3.170916e+02  1.203300e+02  3.778324e-14  9.154546e+01  2.767497e+01  1.422783e-14 
  464.000  3.192322e+02  1.197782e+02 -3.176203e-13  9.216346e+01  2.756864e+01 -3.204794e-14 
  465.000  3.156342e+02  1.171005e+02  7.189354e-14  9.112469e+01  2.697205e+01  1.750672e-14 
  466.000  3.267085e+02  1.198564e+02 -3.572461e-14  9.432188e+01  2.762648e+01 -3.604620e-15 
  467.000  3.161902e+02  1.147091e+02 -2.112943e-13  9.128519e+01  2.645826e+01 -4.164267e-14 
  468.000  3.355770e+02  1.203948e+02 -1.479952e-13  9.688226e+01  2.778726e+01 -2.567152e-14 
  469.000  3.333401e+02  1.182752e+02  2.582768e-15  9.623647e+01  2.731363e+01  1.088914e-14 
  470.000  3.293838e+02  1.155917e+02 -1.113736e-13  9.509426e+01  2.670761e+01 -3.217292e-14 
  471.000  3.293542e+02  1.143233e+02  0.000000e+00  9.508571e+01  2.642637e+01  0.000000e+00 
  472.000  3.338503e+02  1.146292e+02  1.454234e-13  9.638374e+01  2.650747e+01  2.522541e-14 
  473.000  3.305143e+02  1.122612e+02  0.000000e+00  9.542064e+01  2.596818e+01  0.000000e+00 
  474.000  3.334044e+02  1.120303e+02 -1.092341e-13  9.625503e+01  2.592142e+01 -2.152827e-14 
  475.000  3.468884e+02  1.153273e+02  7.398503e-14  1.001479e+02  2.668531e+01  7.465105e-15 
  476.000  3.360069e+02  1.105410e+02  3.844385e-14  9.700639e+01  2.557320e+01  1.447659e-14 
  477.000  3.328372e+02  1.083496e+02 -7.107800e-14  9.609128e+01  2.506616e+01 -7.171784e-15 
  478.000  3.500572e+02  1.127273e+02  0.000000e+00  1.010627e+02  2.610141e+01  0.000000e+00 
  479.000  3.353180e+02  1.068037e+02  0.000000e+00  9.680749e+01  2.476213e+01  0.000000e+00 
  480.000  3.431924e+02  1.081206e+02 -1.105328e-13  9.908085e+01  2.510266e+01 -2.178422e-14 
  481.000  3.422273e+02  1.066533e+02 -7.386364e-14  9.880224e+01  2.479252e+01 -1.798645e-14 
  482.000  3.504809e+02  1.080592e+02  5.211551e-15  1.011851e+02  2.514623e+01  2.197229e-14 
  483.000  3.517928e+02  1.073158e+02 -7.248373e-14  1.015638e+02  2.499613e+01 -7.313622e-15 
  484.000  3.390391e+02  1.023399e+02 -1.068204e-13  9.788178e+01  2.385561e+01 -2.105255e-14 
  485.000  3.422332e+02  1.022272e+02 -2.497774e-13  9.880392e+01  2.384563e+01 -4.586399e-14 
  486.000  2.781061e+02  8.221150e+01 -1.414774e-13  8.029022e+01  1.918912e+01 -1.427509e-14 
  487.000  3.133385e+02  9.167229e+01 -3.219664e-13  9.046193e+01  2.141063e+01 -5.124254e-14 
  488.000  3.410203e+02  9.874773e+01  3.686914e-14  9.845377e+01  2.307680e+01  1.388362e-14 
  489.000  3.177399e+02  9.106655e+01  1.299665e-13  9.173263e+01  2.129404e+01  2.254423e-14 
  490.000  3.625552e+02  1.028533e+02 -1.114212e-13  1.046710e+02  2.406382e+01 -2.195931e-14 
  491.000  3.398452e+02  9.543193e+01 -2.902605e-14  9.811449e+01  2.233943e+01  1.709897e-14 
  492.000  3.270868e+02  9.092015e+01  1.254361e-13  9.443111e+01  2.129424e+01 -6.563895e-15 
  493.000  3.528165e+02  9.708363e+01 -6.745827e-14  1.018594e+02  2.274945e+01  3.529998e-15 
  494.000  3.413483e+02  9.298489e+01 -2.423434e-15  9.854845e+01  2.179984e+01 -1.021738e-14 
  495.000  3.654440e+02  9.855255e+01  6.948609e-14  1.055050e+02  2.311666e+01 -3.636110e-15 
  496.000  3.561286e+02  9.508080e+01  7.013995e-14  1.028156e+02  2.231251e+01  7.077134e-15 
  497.000  3.456574e+02  9.136600e+01  1.772921e-13  9.979250e+01  2.145058e+01  4.802004e-14 
  498.000  3.376772e+02  8.837077e+01  1.326647e-13  9.748858e+01  2.075680e+01  1.338589e-14 
  499.000  3.370342e+02  8.733054e+01  3.306266e-14  9.730295e+01  2.052149e+01  3.336029e-15 
  500.000  3.357178e+02  8.613249e+01  6.578811e-14  9.692290e+01  2.024878e+01  6.638034e-15 
  501.000  3.283271e+02  8.340958e+01  0.000000e+00  9.478918e+01  1.961690e+01  0.000000e+00 
  502.000  3.263104e+02  8.208635e+01  3.874415e-13  9.420695e+01  1.931381e+01  5.794599e-14 
  503.000  3.459023e+02  8.616661e+01  3.378544e-14  9.986320e+01  2.028231e+01  3.408957e-15 
  504.000  3.219473e+02  7.942030e+01  1.907433e-13  9.294731e+01  1.870196e+01  2.852768e-14 
  505.000  3.473680e+02  8.486208e+01  3.872631e-14  1.002864e+02  1.999131e+01  2.391798e-14 
  506.000  3.724612e+02  9.011681e+01 -1.862179e-13  1.075308e+02  2.123889e+01 -4.018273e-14 
  507.000  3.471162e+02  8.317927e+01  2.018329e-13  1.002137e+02  1.961279e+01  2.036498e-14 
  508.000  3.334321e+02  7.913643e+01 -3.221576e-14  9.626303e+01  1.866806e+01 -3.250577e-15 
  509.000  3.601314e+02  8.465896e+01  3.469236e-14  1.039712e+02  1.997981e+01  3.500466e-15 
  510.000  3.494936e+02  8.137839e+01 -6.473015e-14  1.009000e+02  1.921401e+01  3.387238e-15 
  511.000  3.500703e+02  8.074129e+01  2.407977e-15  1.010665e+02  1.907169e+01  1.015221e-14 
  512.000  3.678927e+02  8.405147e+01 -3.768287e-14  1.062119e+02  1.986191e+01 -1.419004e-14 
  513.000  3.371361e+02  7.630030e+01 -1.308661e-13  9.733237e+01  1.803778e+01 -2.270027e-14 
  514.000  3.304764e+02  7.409212e+01  9.428386e-14  9.540969e+01  1.752296e+01  9.513260e-15 
  515.000  3.378014e+02  7.502686e+01 -3.434787e-14  9.752445e+01  1.775127e+01 -1.293420e-14 
  516.000  3.551021e+02  7.813448e+01 -3.604576e-14  1.025192e+02  1.849357e+01 -1.357356e-14 
  517.000  2.616681e+02  5.704088e+01  0.000000e+00  7.554449e+01  1.350570e+01  0.000000e+00 
  518.000  3.240639e+02  6.998830e+01 -6.125598e-14  9.355840e+01  1.657704e+01 -6.180740e-15 
  519.000  3.071151e+02  6.571559e+01 -4.163795e-15  8.866522e+01  1.557036e+01 -1.755487e-14 
  520.000  3.382274e+02  7.170692e+01  3.419355e-14  9.764744e+01  1.699572e+01  1.287608e-14 
  521.000  3.384941e+02  7.110548e+01 -6.838105e-14  9.772443e+01  1.685864e+01 -2.574989e-14 
  522.000  3.519486e+02  7.325645e+01  6.629629e-14  1.016088e+02  1.737381e+01  6.689309e-15 
  523.000  3.278460e+02  6.761911e+01  1.234623e-13  9.465028e+01  1.604104e+01  1.245737e-14 
  524.000  3.556862e+02  7.269611e+01  6.694496e-14  1.026879e+02  1.725002e+01  6.754760e-15 
  525.000  3.528073e+02  7.145649e+01  0.000000e+00  1.018567e+02  1.696001e+01  0.000000e+00 
  526.000  3.362252e+02  6.748399e+01 -4.539852e-15  9.706938e+01  1.602157e+01 -1.914036e-14 
  527.000  2.936198e+02  5.840316e+01 -2.959211e-14  8.476907e+01  1.386903e+01 -1.114334e-14 
  528.000  3.524865e+02  6.948420e+01 -1.326072e-13  1.017641e+02  1.650429e+01 -1.338010e-14 
  529.000  3.623374e+02  7.078822e+01  0.000000e+00  1.046081e+02  1.681792e+01  0.000000e+00 
  530.000  3.422337e+02  6.626525e+01 -1.287992e-13  9.880406e+01  1.574705e+01 -1.299586e-14 
  531.000  3.723679e+02  7.145975e+01  0.000000e+00  1.075039e+02  1.698550e+01  0.000000e+00 
  532.000  3.551397e+02  6.754958e+01  3.581638e-14  1.025301e+02  1.606031e+01  1.348718e-14 
  533.000  3.120897e+02  5.883659e+01  1.215210e-13  9.010140e+01  1.399328e+01  2.959145e-14 
  534.000  3.396203e+02  6.346075e+01  0.000000e+00  9.804957e+01  1.509900e+01  0.000000e+00 
  535.000  3.468021e+02  6.423034e+01  3.013958e-14  1.001230e+02  1.528878e+01 -6.552637e-15 
  536.000  3.682896e+02  6.760954e+01 -3.688943e-14  1.063265e+02  1.609995e+01 -1.389126e-14 
  537.000  3.419307e+02  6.222038e+01 -6.380129e-14  9.871658e+01  1.482245e+01 -6.437562e-15 
  538.000  3.581542e+02  6.460367e+01 -3.575926e-14  1.034004e+02  1.539574e+01 -1.346567e-14 
  539.000  3.571751e+02  6.386674e+01  7.122388e-14  1.031177e+02  1.522530e+01  2.682039e-14 
  540.000  3.497267e+02  6.199293e+01 -3.482406e-14  1.009673e+02  1.478337e+01 -1.311351e-14 
  541.000  3.208574e+02  5.638415e+01 -5.954347e-14  9.263264e+01  1.345010e+01 -6.007948e-15 
  542.000  3.580914e+02  6.238536e+01  2.038863e-13  1.033822e+02  1.488620e+01  4.018267e-14 
  543.000  3.426902e+02  5.918970e+01  6.344578e-14  9.893585e+01  1.412785e+01  6.401692e-15 
  544.000  3.615608e+02  6.191456e+01  1.337648e-13  1.043839e+02  1.478236e+01  1.349690e-14 
  545.000  3.562326e+02  6.048150e+01 -3.529249e-14  1.028456e+02  1.444407e+01 -1.328990e-14 
  546.000  3.483621e+02  5.864194e+01 -1.632217e-13  1.005733e+02  1.400842e+01 -2.597754e-14 
  547.000  3.632206e+02  6.062421e+01 -6.706967e-14  1.048631e+02  1.448579e+01 -6.767343e-15 
  548.000  3.370622e+02  5.578211e+01 -3.333523e-14  9.731104e+01  1.333225e+01 -1.255287e-14 
  549.000  3.547854e+02  5.821973e+01  0.000000e+00  1.024278e+02  1.391843e+01  0.000000e+00 
  550.000  3.470192e+02  5.646605e+01  2.969856e-14  1.001856e+02  1.350246e+01 -6.456755e-15 
  551.000  3.448527e+02  5.564280e+01 -3.408183e-14  9.956019e+01  1.330854e+01 -1.283401e-14 
  552.000  3.597300e+02  5.755762e+01  0.000000e+00  1.038553e+02  1.376959e+01  0.000000e+00 
  553.000  3.456363e+02  5.484138e+01 -9.792232e-14  9.978642e+01  1.312254e+01 -1.929890e-14 
  554.000  3.569243e+02  5.616150e+01 -1.011376e-13  1.030453e+02  1.344117e+01 -1.993257e-14 
  555.000  3.579227e+02  5.585163e+01 -3.539380e-14  1.033335e+02  1.336969e+01 -1.332805e-14 
  556.000  3.480265e+02  5.385837e+01  6.423945e-14  1.004765e+02  1.289503e+01  6.481774e-15 
  557.000  3.376241e+02  5.181807e+01 -4.476655e-15  9.747327e+01  1.240865e+01 -1.887391e-14 
  558.000  3.503643e+02  5.333166e+01  9.943496e-14  1.011514e+02  1.277320e+01  1.959701e-14 
  559.000  3.310791e+02  4.998341e+01 -9.401932e-14  9.558370e+01  1.197311e+01 -1.852968e-14 
  560.000  3.324116e+02  4.977524e+01  6.592314e-14  9.596840e+01  1.192476e+01  2.482432e-14 
  561.000  3.651704e+02  5.423622e+01  0.000000e+00  1.054260e+02  1.299483e+01  0.000000e+00 
  562.000  3.349506e+02  4.934732e+01 -6.657880e-14  9.670141e+01  1.182332e+01 -2.507122e-14 
  563.000  3.502400e+02  5.118399e+01  0.000000e+00  1.011155e+02  1.226402e+01  0.000000e+00 
  564.000  3.450652e+02  5.002349e+01 -1.282903e-13  9.962154e+01  1.198599e+01 -1.294451e-14 
  565.000  3.487989e+02  5.016276e+01 -6.962221e-14  1.006995e+02  1.201814e+01 -2.621726e-14 
  566.000  3.212764e+02  4.583683e+01  0.000000e+00  9.275362e+01  1.098127e+01  0.000000e+00 
  567.000  3.439487e+02  4.869070e+01 -1.287515e-13  9.929920e+01  1.166005e+01 -1.299105e-14 
  568.000  3.418915e+02  4.804035e+01  8.249164e-12  9.870529e+01  1.149114e+01  8.323422e-13 
  569.000  3.335779e+02  4.656428e+01  7.127854e-16  9.630510e+01  1.111396e+01  1.735696e-16 
  570.000  3.351110e+02  4.640402e+01  1.293789e-12  9.674773e+01  1.107760e+01  4.871952e-13 
  571.000  3.234793e+02  4.440236e+01 -1.315523e-13  9.338960e+01  1.061268e+01 -4.953796e-14 
  572.000  3.405127e+02  4.641257e+01  3.493379e-14  9.830720e+01  1.107412e+01  1.315483e-14 
  573.000  3.437633e+02  4.648494e+01 -1.011040e-13  9.924567e+01  1.109308e+01 -1.992595e-14 
  574.000  3.416257e+02  4.583551e+01  3.508687e-14  9.862854e+01  1.093806e+01  1.321247e-14 
  575.000  3.330140e+02  4.433744e+01  3.195590e-14  9.614230e+01  1.057827e+01  3.224356e-15 
  576.000  3.271851e+02  4.322527e+01  0.000000e+00  9.445949e+01  1.031264e+01  0.000000e+00 
  577.000  3.414088e+02  4.474552e+01  0.000000e+00  9.856590e+01  1.068078e+01  0.000000e+00 
  578.000  3.324623e+02  4.322041e+01  3.388240e-14  9.598304e+01  1.032558e+01  1.275891e-14 
  579.000  3.312799e+02  4.271803e+01  6.712258e-14  9.564165e+01  1.021524e+01  2.527599e-14 
  580.000  3.446555e+02  4.407867e+01  6.466992e-14  9.950327e+01  1.055337e+01  6.525207e-15 
  581.000  3.408796e+02  4.323027e+01  1.357761e-13  9.841313e+01  1.036750e+01  5.112846e-14 
  582.000  3.478880e+02  4.376135e+01  0.000000e+00  1.004365e+02  1.050667e+01  0.000000e+00 
  583.000  3.517625e+02  4.389949e+01 -1.586539e-12  1.015551e+02  1.054722e+01 -3.126811e-13 
  584.000  3.521164e+02  4.359599e+01  3.950202e-13  1.016572e+02  1.048207e+01  7.785206e-14 
  585.000  3.509098e+02  4.310927e+01  0.000000e+00  1.013089e+02  1.036997e+01  0.000000e+00 
  586.000  3.368091e+02  4.105736e+01  0.000000e+00  9.723798e+01  9.880565e+00  0.000000e+00 
  587.000  3.505483e+02  4.241725e+01  0.000000e+00  1.012045e+02  1.020467e+01  0.000000e+00 
  588.000  3.461472e+02  4.163972e+01 -1.771344e-13  9.993393e+01  9.991536e+00 -4.613020e-14 
  589.000  3.046487e+02  3.647470e+01 -1.299305e-13  8.795313e+01  8.714925e+00 -1.174827e-14 
  590.000  3.183540e+02  3.783376e+01 -9.816813e-15  9.190991e+01  9.039300e+00 -4.122240e-14 
  591.000  3.407870e+02  4.011199e+01  0.000000e+00  9.838642e+01  9.614790e+00  0.000000e+00 
  592.000  3.336038e+02  3.901186e+01  1.565262e-13  9.631258e+01  9.337821e+00  5.896532e-14 
  593.000  3.397984e+02  3.935012e+01  1.514827e-13  9.810100e+01  9.453684e+00  3.691123e-14 
  594.000  3.427848e+02  3.941705e+01  3.958309e-14  9.896317e+01  9.463938e+00  1.485895e-14 
  595.000  3.349748e+02  3.829131e+01  7.830263e-14  9.670839e+01  9.172602e+00  2.948600e-14 
  596.000  3.454760e+02  3.910994e+01 -3.418882e-14  9.974014e+01  9.402892e+00  7.540945e-15 
  597.000  3.457386e+02  3.886499e+01 -1.937836e-14  9.981594e+01  9.337955e+00 -1.291291e-14 
  598.000  3.393049e+02  3.782455e+01  0.000000e+00  9.795850e+01  9.102527e+00  0.000000e+00 
  599.000  3.394868e+02  3.755027e+01  3.924964e-14  9.801102e+01  9.043205e+00  1.468834e-14 
  600.000  3.397278e+02  3.726727e+01 -1.313490e-13  9.808059e+01  8.986504e+00 -4.946141e-14 
  601.000  3.381417e+02  3.680192e+01 -1.215907e-13  9.762269e+01  8.883915e+00 -1.226853e-14 
  602.000  3.342990e+02  3.611033e+01  0.000000e+00  9.651331e+01  8.720445e+00  0.000000e+00 
  603.000  3.368171e+02  3.611001e+01  6.474865e-14  9.724027e+01  8.724494e+00  2.438205e-14 
  604.000  3.485675e+02  3.708913e+01  0.000000e+00  1.006327e+02  8.966400e+00  0.000000e+00 
  605.000  3.485650e+02  3.681473e+01 -6.203026e-14  1.006319e+02  8.903436e+00 -6.258865e-15 
  606.000  3.452537e+02  3.619846e+01  6.127485e-14  9.967595e+01  8.756465e+00  6.182645e-15 
  607.000  3.440240e+02  3.580669e+01 -6.526917e-14  9.932095e+01  8.663612e+00 -2.457806e-14 
  608.000  3.434770e+02  3.548997e+01  0.000000e+00  9.916300e+01  8.588809e+00  0.000000e+00 
  609.000  3.406334e+02  3.494124e+01  6.429863e-14  9.834205e+01  8.457648e+00  2.421259e-14 
  610.000  3.358716e+02  3.420388e+01  0.000000e+00  9.696731e+01  8.280763e+00  0.000000e+00 
  611.000  3.420938e+02  3.458666e+01 -6.422326e-14  9.876366e+01  8.374994e+00 -2.418421e-14 
  612.000  3.383877e+02  3.396629e+01 -1.224555e-13  9.769373e+01  8.226222e+00 -2.981901e-14 
  613.000  3.341614e+02  3.330192e+01 -6.238894e-14  9.647356e+01  8.066616e+00 -2.349347e-14 
  614.000  3.227697e+02  3.193704e+01  0.000000e+00  9.318476e+01  7.737139e+00  0.000000e+00 
  615.000  3.389324e+02  3.329741e+01  0.000000e+00  9.785096e+01  8.067881e+00  0.000000e+00 
  616.000  3.229050e+02  3.149759e+01  1.116284e-13  9.322379e+01  7.632772e+00  1.126333e-14 
  617.000  3.253448e+02  3.151106e+01 -6.013103e-14  9.392819e+01  7.636828e+00 -2.264322e-14 
  618.000  3.412371e+02  3.281733e+01 -2.433438e-13  9.851636e+01  7.953964e+00 -5.925639e-14 
  619.000  3.385733e+02  3.233264e+01  1.246996e-13  9.774731e+01  7.836713e+00  4.695747e-14 
  620.000  3.440134e+02  3.262241e+01 -2.360724e-13  9.931787e+01  7.906993e+00 -2.381975e-14 
  621.000  3.503173e+02  3.298897e+01 -2.400884e-13  1.011378e+02  7.995564e+00 -2.422497e-14 
  622.000  3.321426e+02  3.106078e+01  0.000000e+00  9.589075e+01  7.527667e+00  0.000000e+00 
  623.000  3.349525e+02  3.110793e+01  1.964909e-12  9.670196e+01  7.538017e+00  7.399152e-13 
  624.000  3.355406e+02  3.094836e+01 -2.458664e-13  9.687173e+01  7.498355e+00 -9.258460e-14 
  625.000  3.266330e+02  2.992046e+01  1.195990e-13  9.430009e+01  7.248180e+00  4.503675e-14 
  626.000  3.282901e+02  2.986980e+01  6.013037e-14  9.477852e+01  7.233257e+00  2.264297e-14 
  627.000  3.328721e+02  3.009815e+01  0.000000e+00  9.610133e+01  7.277811e+00  0.000000e+00 
  628.000  3.190887e+02  2.877748e+01  2.719382e-14  9.212202e+01  6.903418e+00  2.651258e-15 
  629.000  3.339363e+02  2.983347e+01 -9.300469e-14  9.640858e+01  7.190302e+00 -1.842986e-14 
  630.000  3.238286e+02  2.871533e+01 -5.661984e-14  9.349043e+01  6.927831e+00 -1.378743e-14 
  631.000  3.377311e+02  2.971632e+01  2.911754e-14  9.750416e+01  7.180278e+00  2.937966e-15 
  632.000  3.160540e+02  2.762808e+01  3.936200e-14  9.124592e+01  6.675653e+00  4.080239e-15 
  633.000  3.412703e+02  2.959585e+01  0.000000e+00  9.852594e+01  7.165072e+00  0.000000e+00 
  634.000  3.329582e+02  2.866631e+01  0.000000e+00  9.612621e+01  6.947230e+00  0.000000e+00 
  635.000  3.405027e+02  2.911158e+01 -5.694015e-14  9.830434e+01  7.058636e+00 -5.745272e-15 
  636.000  3.300759e+02  2.801976e+01 -5.876744e-14  9.529407e+01  6.799257e+00 -2.212974e-14 
  637.000  3.424911e+02  2.886946e+01  1.212424e-13  9.887837e+01  7.009990e+00  4.565559e-14 
  638.000  3.494099e+02  2.924232e+01 -3.665852e-12  1.008759e+02  7.107244e+00 -3.698852e-13 
  639.000  3.479313e+02  2.891636e+01 -9.732050e-13  1.004490e+02  7.031658e+00 -3.664746e-13 
  640.000  3.383517e+02  2.792394e+01  6.741731e-13  9.768333e+01  6.794736e+00  1.328685e-13 
  641.000  3.443350e+02  2.822412e+01 -2.384220e-13  9.941073e+01  6.869885e+00 -8.978129e-14 
  642.000  3.413987e+02  2.778883e+01  3.371130e-13  9.856300e+01  6.768045e+00  6.643948e-14 
  643.000  3.480703e+02  2.814415e+01 -3.432685e-13  1.004891e+02  6.853957e+00 -6.765264e-14 
  644.000  3.449125e+02  2.770025e+01  3.391335e-13  9.957745e+01  6.747505e+00  6.683770e-14 
  645.000  3.483301e+02  2.779422e+01  8.921016e-13  1.005641e+02  6.767735e+00  9.001322e-14 
  646.000  3.345400e+02  2.655178e+01 -1.143018e-13  9.658287e+01  6.451256e+00 -2.085475e-14 
  647.000  3.387485e+02  2.673253e+01  1.876478e-13  9.779790e+01  6.485242e+00  3.783416e-14 
  648.000  3.375964e+02  2.649475e+01  1.283672e-13  9.746526e+01  6.416651e+00  4.958569e-14 
  649.000  3.460902e+02  2.695340e+01  1.950422e-13  9.991746e+01  6.539242e+00  3.758788e-14 
  650.000  3.232354e+02  2.496057e+01  5.984635e-14  9.331919e+01  6.075972e+00  5.995182e-15 
  651.000  3.487886e+02  2.675539e+01  3.900994e-14  1.006965e+02  6.513723e+00  1.468976e-14 
  652.000  3.408429e+02  2.601490e+01  5.480194e-14  9.840255e+01  6.316487e+00  5.529526e-15 
  653.000  3.504299e+02  2.652125e+01  1.373917e-13  1.011703e+02  6.461163e+00  3.403842e-14 
  654.000  3.462049e+02  2.603395e+01 -6.955725e-14  9.995055e+01  6.340975e+00 -1.634044e-14 
  655.000  3.369008e+02  2.518434e+01  5.985297e-14  9.726443e+01  6.127557e+00  1.772577e-14 
  656.000  2.867308e+02  2.128840e+01  1.228117e-14  8.278019e+01  5.182442e+00  4.624653e-15 
  657.000  3.068696e+02  2.262655e+01 -8.602918e-14  8.859434e+01  5.512329e+00 -1.698137e-14 
  658.000  3.428147e+02  2.509462e+01  5.721510e-14  9.897182e+01  6.120288e+00  2.154518e-14 
  659.000  3.445067e+02  2.504655e+01 -2.288664e-13  9.946028e+01  6.113058e+00 -8.618301e-14 
  660.000  3.480146e+02  2.513314e+01 -1.843058e-12  1.004730e+02  6.136861e+00 -6.940306e-13 
  661.000  3.505671e+02  2.514385e+01 -1.153607e-13  1.012099e+02  6.144989e+00 -4.344075e-14 
  662.000  3.564422e+02  2.539537e+01  5.842194e-14  1.029061e+02  6.209424e+00  2.199964e-14 
  663.000  3.531049e+02  2.499450e+01  0.000000e+00  1.019426e+02  6.112141e+00  0.000000e+00 
  664.000  3.480213e+02  2.447504e+01  5.680576e-14  1.004750e+02  5.986125e+00  2.139104e-14 
  665.000  3.502412e+02  2.447045e+01 -1.140294e-13  1.011159e+02  5.986648e+00 -4.293943e-14 
  666.000  3.552252e+02  2.465630e+01  0.000000e+00  1.025547e+02  6.034158e+00  0.000000e+00 
  667.000  3.488603e+02  2.405715e+01  4.890345e-14  1.007172e+02  5.889123e+00 -1.063209e-14 
  668.000  3.515803e+02  2.408695e+01 -5.674230e-14  1.015025e+02  5.898284e+00 -2.136714e-14 
  669.000  3.572769e+02  2.431954e+01 -1.111956e-13  1.031471e+02  5.956441e+00 -2.707713e-14 
  670.000  3.536104e+02  2.391555e+01  0.000000e+00  1.020886e+02  5.858482e+00  0.000000e+00 
  671.000  3.504792e+02  2.355184e+01  1.572414e-13  1.011846e+02  5.770436e+00  1.586568e-14 
  672.000  3.499251e+02  2.336446e+01  0.000000e+00  1.010246e+02  5.725405e+00  0.000000e+00 
  673.000  3.530181e+02  2.342078e+01 -5.256989e-14  1.019175e+02  5.740062e+00 -5.304313e-15 
  674.000  3.542873e+02  2.335551e+01 -5.642860e-14  1.022840e+02  5.724905e+00 -2.124902e-14 
  675.000  3.494492e+02  2.289033e+01 -5.554183e-14  1.008872e+02  5.611707e+00 -2.091509e-14 
  676.000  3.566024e+02  2.321093e+01 -5.277758e-14  1.029524e+02  5.691094e+00 -5.325268e-15 
  677.000  3.500145e+02  2.263806e+01  5.170886e-14  1.010504e+02  5.551378e+00  5.217434e-15 
  678.000  3.563163e+02  2.290016e+01  2.438608e-14  1.028698e+02  5.616408e+00 -5.301769e-15 
  679.000  3.517461e+02  2.246439e+01 -1.072919e-13  1.015503e+02  5.510063e+00 -2.612653e-14 
  680.000  3.493396e+02  2.217247e+01 -1.027822e-13  1.008556e+02  5.438079e+00 -1.037075e-14 
  681.000  3.499583e+02  2.207502e+01  0.000000e+00  1.010342e+02  5.413459e+00  0.000000e+00 
  682.000  3.495972e+02  2.191501e+01  0.000000e+00  1.009299e+02  5.374419e+00  0.000000e+00 
  683.000  3.522946e+02  2.194736e+01 -1.033544e-13  1.017087e+02  5.382305e+00 -1.042848e-14 
  684.000  3.464273e+02  2.144824e+01 -1.015410e-13  1.000148e+02  5.259857e+00 -1.024551e-14 
  685.000  3.508034e+02  2.158302e+01  2.051983e-13  1.012782e+02  5.294027e+00  2.070455e-14 
  686.000  3.345306e+02  2.046111e+01 -2.110136e-13  9.658016e+01  5.014755e+00 -7.946027e-14 
  687.000  2.690993e+02  1.672092e+01 -5.589076e-15  7.768992e+01  3.983255e+00  1.216538e-15 
  688.000  2.896334e+02  1.775589e+01  4.871672e-14  8.361818e+01  4.261416e+00  5.243969e-15 
  689.000  2.848997e+02  1.739783e+01  2.562880e-14  8.225156e+01  4.166373e+00  9.650900e-15 
  690.000  2.971231e+02  1.796005e+01  1.977309e-13  8.578049e+01  4.319008e+00  4.815176e-14 
  691.000  3.132776e+02  1.872406e+01 -3.480829e-14  9.044432e+01  4.530453e+00  1.182457e-14 
  692.000  3.212042e+02  1.902771e+01 -1.209547e-15  9.273277e+01  4.622977e+00  1.260799e-14 
  693.000  3.231252e+02  1.904444e+01 -1.937037e-13  9.328738e+01  4.622059e+00  3.926079e-14 
  694.000  3.242307e+02  1.902404e+01  6.040891e-14  9.360654e+01  4.608021e+00  2.274786e-14 
  695.000  3.234511e+02  1.882898e+01  0.000000e+00  9.338146e+01  4.572555e+00  0.000000e+00 
  696.000  3.300997e+02  1.908041e+01  2.260027e-13  9.530095e+01  4.640732e+00  8.389035e-14 
  697.000  3.409455e+02  1.951377e+01 -2.679362e-14  9.843215e+01  4.776194e+00 -5.130802e-15 
  698.000  3.329143e+02  1.895262e+01  2.437881e-14  9.611352e+01  4.632988e+00 -3.178084e-17 
  699.000  3.305118e+02  1.876749e+01 -7.667084e-13  9.541991e+01  4.562516e+00  1.680936e-13 
  700.000  3.283554e+02  1.852140e+01 -4.158253e-13  9.479736e+01  4.506897e+00 -4.258549e-14 
  701.000  3.193155e+02  1.791791e+01  4.619396e-15  9.218749e+01  4.354942e+00  1.739501e-15 
  702.000  3.194080e+02  1.780464e+01  6.824712e-12  9.221421e+01  4.331425e+00  2.571113e-12 
  703.000  3.314005e+02  1.830881e+01 -5.889315e-14  9.567649e+01  4.474926e+00 -5.942330e-15 
  704.000  3.329303e+02  1.828099e+01 -1.635956e-13  9.611815e+01  4.469201e+00 -3.141541e-14 
  705.000  3.326805e+02  1.817906e+01  1.516009e-13  9.604604e+01  4.435905e+00  2.902501e-14 
  706.000  3.299469e+02  1.791780e+01 -1.545504e-13  9.525682e+01  4.373980e+00 -3.044035e-14 
  707.000  3.262349e+02  1.760315e+01 -4.524127e-15  9.418515e+01  4.300309e+00 -1.703626e-15 
  708.000  3.370908e+02  1.807253e+01 -8.275563e-14  9.731928e+01  4.418459e+00 -1.716423e-14 
  709.000  3.276132e+02  1.744449e+01  2.068414e-16  9.458306e+01  4.271655e+00  7.788917e-17 
  710.000  3.328784e+02  1.763631e+01  2.784595e-14  9.610316e+01  4.311724e+00 -3.326784e-15 
  711.000  3.322543e+02  1.748202e+01 -8.073490e-15  9.592299e+01  4.281313e+00  1.630842e-15 
  712.000  3.299578e+02  1.724484e+01  8.612018e-14  9.525996e+01  4.229450e+00  2.322603e-14 
  713.000  3.270356e+02  1.700191e+01 -7.500968e-14  9.441632e+01  4.165196e+00 -1.483854e-14 
  714.000  3.321801e+02  1.717131e+01  4.374153e-14  9.590155e+01  4.205190e+00  1.180797e-14 
  715.000  3.179851e+02  1.635867e+01  1.428728e-13  9.180342e+01  3.998823e+00  2.735394e-14 
  716.000  3.234963e+02  1.656422e+01 -1.946990e-15  9.339453e+01  4.041346e+00  4.232946e-16 
  717.000  2.958234e+02  1.518819e+01  1.257607e-14  8.540527e+01  3.664046e+00  1.420235e-15 
  718.000  2.823722e+02  1.449654e+01  5.465164e-16  8.152184e+01  3.475595e+00  2.057987e-16 
  719.000  2.749903e+02  1.406422e+01  9.362999e-15  7.939066e+01  3.364881e+00  1.893787e-15 
  720.000  2.706547e+02  1.380260e+01  1.570104e-18  7.813897e+01  3.292735e+00  5.912455e-19 
  721.000  2.989086e+02  1.495216e+01 -1.096873e-15  8.629595e+01  3.618644e+00 -4.130434e-16 
  722.000  3.136351e+02  1.552870e+01  2.584888e-14  9.054754e+01  3.780560e+00  9.733776e-15 
  723.000  3.073049e+02  1.516428e+01 -1.287631e-14  8.872002e+01  3.679525e+00 -4.848762e-15 
  724.000  2.926954e+02  1.446971e+01 -6.610351e-15  8.450218e+01  3.480217e+00 -8.210060e-16 
  725.000  2.920632e+02  1.433835e+01 -6.952737e-15  8.431969e+01  3.452909e+00 -2.618155e-15 
  726.000  2.908810e+02  1.420303e+01  5.451296e-16  8.397837e+01  3.419187e+00  2.052765e-16 
  727.000  2.976595e+02  1.443415e+01 -1.031965e-15  8.593534e+01  3.479171e+00 -1.041255e-16 
  728.000  2.901377e+02  1.400530e+01 -7.483501e-15  8.376376e+01  3.371647e+00 -2.818022e-15 
  729.000  2.847541e+02  1.362573e+01  6.114008e-15  8.220951e+01  3.291188e+00  2.302319e-15 
  730.000  2.943029e+02  1.400900e+01  6.881030e-15  8.496628e+01  3.382078e+00  2.591153e-15 
  731.000  2.882672e+02  1.365157e+01  5.198007e-16  8.322376e+01  3.293797e+00  1.957385e-16 
  732.000  3.043956e+02  1.426318e+01 -1.163408e-14  8.788007e+01  3.461355e+00 -4.380984e-15 
  733.000  3.098420e+02  1.437403e+01  4.914066e-17  8.945248e+01  3.509159e+00  1.850464e-17 
  734.000  3.212275e+02  1.478951e+01 -9.511956e-14  9.273951e+01  3.621495e+00 -9.569950e-15 
  735.000  3.170882e+02  1.452509e+01  9.689980e-14  9.154448e+01  3.553133e+00  3.648904e-14 
  736.000  3.082054e+02  1.405532e+01  4.882771e-17  8.897997e+01  3.431694e+00  1.838679e-17 
  737.000  3.147179e+02  1.425721e+01  1.817528e-13  9.086017e+01  3.486201e+00  1.774794e-14 
  738.000  3.171830e+02  1.426946e+01 -5.017925e-14  9.157183e+01  3.496420e+00 -1.889573e-14 
  739.000  3.083460e+02  1.378609e+01  8.593816e-14  8.902056e+01  3.381094e+00  2.205210e-14 
  740.000  3.143424e+02  1.395912e+01 -2.052650e-16  9.075175e+01  3.430434e+00 -1.267749e-16 
  741.000  3.136405e+02  1.384070e+01 -5.755136e-14  9.054911e+01  3.405377e+00 -2.167181e-14 
  742.000  3.092682e+02  1.356729e+01 -4.455076e-14  8.928683e+01  3.339842e+00 -4.495181e-15 
  743.000  3.196878e+02  1.393786e+01 -9.496143e-14  9.229499e+01  3.434256e+00 -3.575912e-14 
  744.000  3.234713e+02  1.402046e+01  0.000000e+00  9.338728e+01  3.456279e+00  0.000000e+00 
  745.000  3.156620e+02  1.360296e+01  0.000000e+00  9.113273e+01  3.354610e+00  0.000000e+00 
  746.000  3.205574e+02  1.373490e+01 -1.828816e-13  9.254604e+01  3.388100e+00 -4.453330e-14 
  747.000  3.258112e+02  1.388133e+01  0.000000e+00  9.406286e+01  3.424598e+00  0.000000e+00 
  748.000  3.205127e+02  1.357676e+01 -4.398291e-14  9.253314e+01  3.350869e+00 -4.437884e-15 
  749.000  3.209744e+02  1.351937e+01  4.714376e-14  9.266644e+01  3.337368e+00  1.775267e-14 
  750.000  3.161975e+02  1.324498e+01 -8.668415e-14  9.128732e+01  3.269195e+00 -8.746448e-15 
  751.000  3.155861e+02  1.314559e+01 -4.633025e-14  9.111082e+01  3.244883e+00 -1.744634e-14 
  752.000  3.210306e+02  1.329599e+01  0.000000e+00  9.268266e+01  3.283207e+00  0.000000e+00 
  753.000  3.182991e+02  1.310905e+01  0.000000e+00  9.189407e+01  3.237507e+00  0.000000e+00 
  754.000  3.235431e+02  1.325073e+01 -6.778048e-14  9.340802e+01  3.272855e+00 -1.335843e-14 
  755.000  3.218886e+02  1.310984e+01  4.387353e-14  9.293037e+01  3.238274e+00  4.426848e-15 
  756.000  3.157897e+02  1.279018e+01  4.609852e-14  9.116959e+01  3.159539e+00  1.735907e-14 
  757.000  3.182447e+02  1.281848e+01 -6.964907e-14  9.187837e+01  3.166653e+00 -2.622738e-14 
  758.000  3.168742e+02  1.269553e+01 -1.330110e-13  9.148270e+01  3.134745e+00 -2.621430e-14 
  759.000  2.735200e+02  1.100955e+01 -3.159706e-17  7.896618e+01  2.673685e+00 -1.189833e-17 
  760.000  6.304559e+01  2.951583e+00 -4.207845e-17  1.820148e+01  6.004489e-01 -1.584526e-17 
  761.000  5.051825e+01  2.429567e+00  6.252242e-20  1.458480e+01  4.770356e-01  2.354373e-20 
  762.000  1.444295e+02  6.041773e+00  1.556950e-17  4.169729e+01  1.366475e+00  5.862936e-18 
  763.000  1.130289e+02  4.871143e+00 -1.645472e-16  3.263186e+01  1.066444e+00 -6.093088e-17 
  764.000  1.304336e+02  5.492069e+00 -1.120208e-23  3.765662e+01  1.222052e+00 -1.736664e-24 
  765.000  1.737845e+02  7.018890e+00  3.214033e-17  5.017219e+01  1.619623e+00  1.210291e-17 
  766.000  2.206350e+02  8.668707e+00 -2.552012e-15  6.369809e+01  2.073716e+00 -9.609974e-16 
  767.000  2.544015e+02  9.836737e+00  1.970188e-14  7.344662e+01  2.380063e+00  7.921718e-15 
  768.000  2.858562e+02  1.091270e+01  1.179683e-13  8.252768e+01  2.664383e+00  2.254675e-14 
  769.000  2.991052e+02  1.131116e+01  2.085461e-14  8.635272e+01  2.780092e+00  7.853108e-15 
  770.000  3.055860e+02  1.147554e+01  9.247828e-16  8.822375e+01  2.830023e+00  9.331077e-17 
  771.000  3.090768e+02  1.153401e+01 -8.348945e-14  8.923154e+01  2.849555e+00 -8.424102e-15 
  772.000  3.086930e+02  1.145571e+01  1.276753e-13  8.912075e+01  2.831365e+00  2.516273e-14 
  773.000  3.078802e+02  1.136325e+01 -8.574144e-14  8.888609e+01  2.809062e+00 -2.087880e-14 
  774.000  3.117197e+02  1.144226e+01  0.000000e+00  8.999457e+01  2.829245e+00  0.000000e+00 
  775.000  3.004201e+02  1.096734e+01 -2.888263e-15  8.673234e+01  2.712429e+00 -1.217713e-14 
  776.000  3.130946e+02  1.136808e+01  8.676329e-14  9.039153e+01  2.811996e+00  2.112763e-14 
  777.000  3.110587e+02  1.123356e+01  8.615925e-14  8.980373e+01  2.778871e+00  2.098055e-14 
  778.000  3.094583e+02  1.111613e+01  2.216789e-14  8.934171e+01  2.749833e+00  8.347642e-15 
  779.000  3.105186e+02  1.109481e+01 -1.719726e-13  8.964779e+01  2.744552e+00 -4.187685e-14 
  780.000  3.067241e+02  1.090096e+01  3.804952e-14  8.855231e+01  2.696586e+00 -8.272334e-15 
  781.000  3.064586e+02  1.083280e+01 -1.286287e-13  8.847569e+01  2.680188e+00 -3.715747e-14 
  782.000  3.101944e+02  1.090674e+01  0.000000e+00  8.955421e+01  2.698457e+00  0.000000e+00 
  783.000  3.029922e+02  1.059710e+01 -3.754508e-14  8.747492e+01  2.621837e+00  8.162665e-15 
  784.000  3.045978e+02  1.059752e+01  0.000000e+00  8.793845e+01  2.621623e+00  0.000000e+00 
  785.000  3.049746e+02  1.055651e+01  8.750100e-14  8.804723e+01  2.610427e+00  3.294978e-14 
  786.000  2.989795e+02  1.029771e+01 -8.607808e-14  8.631642e+01  2.544683e+00 -3.241396e-14 
  787.000  3.021872e+02  1.036080e+01  2.756531e-14  8.724249e+01  2.556989e+00 -3.167157e-15 
  788.000  2.968596e+02  1.012865e+01 -2.429888e-14  8.570441e+01  2.497806e+00  1.688238e-15 
  789.000  2.955004e+02  1.004452e+01 -2.744675e-15  8.531200e+01  2.470306e+00 -1.197455e-14 
  790.000  2.922987e+02  9.884851e+00  3.929971e-14  8.438765e+01  2.430521e+00  3.965348e-15 
  791.000  2.914629e+02  9.801978e+00 -3.834564e-15  8.414635e+01  2.411443e+00 -1.443961e-15 
  792.000  2.874675e+02  9.614366e+00 -8.050629e-15  8.299287e+01  2.366476e+00  9.503423e-15 
  793.000  2.885281e+02  9.593402e+00  2.116724e-14  8.329906e+01  2.364017e+00  2.163717e-15 
  794.000  2.879234e+02  9.511284e+00 -2.076553e-14  8.312451e+01  2.349048e+00 -7.819564e-15 
  795.000  2.851622e+02  9.378091e+00  2.140797e-14  8.232733e+01  2.313207e+00  4.254934e-15 
  796.000  2.856824e+02  9.366586e+00  4.124272e-14  8.247751e+01  2.301553e+00  1.553055e-14 
  797.000  2.888191e+02  9.414145e+00  3.861663e-14  8.338309e+01  2.315815e+00  3.868214e-15 
  798.000  2.918446e+02  9.450508e+00 -3.883002e-14  8.425657e+01  2.330477e+00 -3.974245e-15 
  799.000  2.910413e+02  9.378463e+00 -7.390146e-15  8.402464e+01  2.311473e+00 -2.835381e-15 
  800.000  2.815487e+02  9.034592e+00 -3.400103e-14  8.128410e+01  2.222834e+00 -2.410787e-15 
  801.000  2.870861e+02  9.163535e+00  4.501155e-14  8.288275e+01  2.255081e+00  1.692366e-14 
  802.000  2.863921e+02  9.095119e+00 -3.741989e-14  8.268241e+01  2.237896e+00 -1.409101e-14 
  803.000  2.826472e+02  8.928580e+00 -3.699834e-15  8.160125e+01  2.197533e+00 -1.367550e-15 
  804.000  2.862241e+02  8.990772e+00 -3.433746e-14  8.263390e+01  2.214729e+00 -2.434641e-15 
  805.000  2.802328e+02  8.749639e+00  5.030638e-14  8.090421e+01  2.158827e+00  5.022057e-15 
  806.000  2.889722e+02  8.971623e+00 -2.439773e-14  8.342729e+01  2.215773e+00 -3.960303e-15 
  807.000  2.873581e+02  8.875561e+00 -3.519804e-14  8.296130e+01  2.192187e+00 -1.325434e-14 
  808.000  2.850441e+02  8.761506e+00 -1.453153e-14  8.229323e+01  2.162879e+00 -5.523032e-15 
  809.000  2.795243e+02  8.550961e+00  0.000000e+00  8.069967e+01  2.109534e+00  0.000000e+00 
  810.000  2.774845e+02  8.448587e+00  1.715033e-14  8.011076e+01  2.082793e+00 -3.670960e-15 
  811.000  2.802130e+02  8.495301e+00  1.216025e-13  8.089847e+01  2.091227e+00  2.331619e-14 
  812.000  2.768876e+02  8.361610e+00 -1.566649e-13  7.993842e+01  2.054258e+00 -5.993665e-14 
  813.000  2.727606e+02  8.207556e+00 -3.582153e-15  7.874693e+01  2.011598e+00 -8.788359e-16 
  814.000  2.684056e+02  8.052567e+00  0.000000e+00  7.748963e+01  1.967509e+00  0.000000e+00 
  815.000  2.605243e+02  7.798378e+00 -9.912753e-15  7.521427e+01  1.898259e+00 -3.732792e-15 
  816.000  2.517456e+02  7.526289e+00  3.301554e-16  7.267985e+01  1.823722e+00  1.391960e-15 
  817.000  2.536713e+02  7.543883e+00  5.405389e-15  7.323580e+01  1.828419e+00  2.035478e-15 
  818.000  2.526989e+02  7.474639e+00 -4.145008e-15  7.295507e+01  1.812326e+00 -2.938949e-16 
  819.000  2.480562e+02  7.290974e+00  8.300005e-16  7.161469e+01  1.770502e+00  8.700266e-17 
  820.000  2.503029e+02  7.290154e+00 -2.309333e-17  7.226334e+01  1.779531e+00 -8.696133e-18 
  821.000  2.669200e+02  7.702618e+00  1.804194e-14  7.706072e+01  1.891987e+00  1.833547e-15 
  822.000  2.533400e+02  7.296956e+00  8.742696e-15  7.314014e+01  1.783869e+00  8.757526e-16 
  823.000  2.393992e+02  6.930818e+00 -2.176866e-15  6.911538e+01  1.674074e+00 -8.197308e-16 
  824.000  2.579825e+02  7.367256e+00 -1.301683e-14  7.448045e+01  1.797504e+00 -2.640639e-15 
  825.000  2.670849e+02  7.552348e+00 -1.762444e-15  7.710835e+01  1.855903e+00 -6.636742e-16 
  826.000  2.672195e+02  7.524220e+00 -1.655983e-15  7.714722e+01  1.846768e+00 -1.670890e-16 
  827.000  2.651998e+02  7.434488e+00 -1.803610e-14  7.656413e+01  1.823111e+00 -1.819846e-15 
  828.000  2.584868e+02  7.233717e+00 -2.385202e-17  7.462605e+01  1.765668e+00 -8.981827e-18 
  829.000  2.606357e+02  7.248828e+00 -9.681443e-15  7.524644e+01  1.772315e+00 -3.645689e-15 
  830.000  2.590103e+02  7.158473e+00  7.002619e-15  7.477720e+01  1.753565e+00  3.084111e-15 
  831.000  2.550743e+02  7.012600e+00 -1.570271e-15  7.364084e+01  1.718645e+00 -1.521013e-16 
  832.000  2.605963e+02  7.127959e+00 -3.312347e-14  7.523506e+01  1.747329e+00 -3.108475e-15 
  833.000  2.538973e+02  6.905357e+00  0.000000e+00  7.330104e+01  1.694675e+00  0.000000e+00 
  834.000  2.593033e+02  7.011703e+00 -3.403179e-14  7.486179e+01  1.723078e+00 -1.281517e-14 
  835.000  2.628660e+02  7.061800e+00 -1.494563e-13  7.589034e+01  1.740008e+00 -5.627996e-14 
  836.000  2.650124e+02  7.087879e+00  1.864576e-15  7.651000e+01  1.744989e+00  6.781519e-16 
  837.000  2.627656e+02  6.993550e+00  3.002763e-13  7.586134e+01  1.721654e+00  1.139566e-13 
  838.000  2.651907e+02  7.018124e+00 -9.268813e-17  7.656148e+01  1.729960e+00 -3.490307e-17 
  839.000  2.577814e+02  6.785520e+00  6.662045e-15  7.442238e+01  1.673971e+00  2.508691e-15 
  840.000  2.650305e+02  6.941019e+00  3.327005e-15  7.651521e+01  1.712852e+00  1.252833e-15 
  841.000  2.649014e+02  6.906971e+00  3.428105e-14  7.647797e+01  1.703030e+00  1.379176e-14 
  842.000  2.640621e+02  6.848457e+00 -7.200741e-14  7.623564e+01  1.689924e+00 -1.749782e-14 
  843.000  2.640698e+02  6.808444e+00  1.150951e-14  7.623786e+01  1.683153e+00  4.380829e-15 
  844.000  2.605146e+02  6.681102e+00  1.343764e-14  7.521149e+01  1.653080e+00  5.060141e-15 
  845.000  2.645694e+02  6.750737e+00  9.403637e-15  7.638210e+01  1.670712e+00  3.541077e-15 
  846.000  2.673940e+02  6.788172e+00 -1.896198e-14  7.719757e+01  1.680749e+00 -7.140413e-15 
  847.000  2.585323e+02  6.530044e+00 -2.450998e-15  7.463920e+01  1.617512e+00 -1.033359e-14 
  848.000  2.655747e+02  6.677680e+00  1.759553e-14  7.667236e+01  1.652910e+00  1.775392e-15 
  849.000  2.661955e+02  6.660520e+00 -1.889027e-14  7.685158e+01  1.648856e+00 -7.113407e-15 
  850.000  2.301700e+02  5.732275e+00  0.000000e+00  6.645087e+01  1.418778e+00  0.000000e+00 
  851.000  2.633669e+02  6.528799e+00  1.807334e-15  7.603494e+01  1.615239e+00  6.805775e-16 
  852.000  2.534537e+02  6.252577e+00  2.248724e-14  7.317298e+01  1.546993e+00  8.467898e-15 
  853.000  2.567057e+02  6.299974e+00 -2.609669e-14  7.411185e+01  1.559621e+00 -5.143232e-15 
  854.000  2.063829e+02  5.040681e+00  1.366155e-14  5.958347e+01  1.247835e+00  1.378453e-15 
  855.000  2.275152e+02  5.529045e+00  0.000000e+00  6.568443e+01  1.369291e+00  0.000000e+00 
  856.000  2.587487e+02  6.255633e+00  0.000000e+00  7.470166e+01  1.550417e+00  0.000000e+00 
  857.000  2.630924e+02  6.329292e+00 -1.481856e-13  7.595570e+01  1.569134e+00 -5.580147e-14 
  858.000  2.590842e+02  6.202412e+00  0.000000e+00  7.479852e+01  1.538011e+00  0.000000e+00 
  859.000  2.592554e+02  6.176037e+00  1.260912e-13  7.484795e+01  1.531917e+00 -2.741345e-14 
  860.000  2.572258e+02  6.097544e+00  0.000000e+00  7.426200e+01  1.512916e+00  0.000000e+00 
  861.000  2.572619e+02  6.069178e+00  0.000000e+00  7.427242e+01  1.505957e+00  0.000000e+00 
  862.000  2.565749e+02  6.023674e+00  2.406287e-15  7.407407e+01  1.494917e+00  1.014509e-14 
  863.000  2.615290e+02  6.110708e+00 -3.660764e-14  7.550433e+01  1.516559e+00 -1.378514e-14 
  864.000  2.611251e+02  6.071959e+00 -3.408063e-14  7.538773e+01  1.507119e+00 -3.438742e-15 
  865.000  2.563611e+02  5.932637e+00 -2.030446e-13  7.401235e+01  1.472681e+00 -3.036747e-14 
  866.000  2.150789e+02  4.953646e+00  7.113067e-14  6.209402e+01  1.229701e+00  1.132080e-14 
  867.000  2.290509e+02  5.250514e+00  2.772659e-14  6.612779e+01  1.303383e+00 -6.028029e-15 
  868.000  2.484533e+02  5.668307e+00 -8.447924e-14  7.172933e+01  1.407126e+00 -2.288143e-14 
  869.000  2.450204e+02  5.563513e+00 -1.711692e-14  7.073827e+01  1.381163e+00 -6.445629e-15 
  870.000  2.551402e+02  5.766034e+00  3.326035e-14  7.365987e+01  1.431417e+00  3.355976e-15 
  871.000  2.548320e+02  5.731863e+00 -3.559680e-14  7.357088e+01  1.422985e+00 -1.340450e-14 
  872.000  2.538936e+02  5.683701e+00 -5.080021e-14  7.329996e+01  1.411137e+00 -1.001189e-14 
  873.000  2.548856e+02  5.679289e+00  3.321299e-14  7.358637e+01  1.409952e+00  3.351196e-15 
  874.000  2.492987e+02  5.528837e+00  3.248810e-14  7.197341e+01  1.372558e+00  3.278056e-15 
  875.000  2.470277e+02  5.452817e+00  0.000000e+00  7.131776e+01  1.353683e+00  0.000000e+00 
  876.000  2.490157e+02  5.471291e+00  4.661972e-15  7.189172e+01  1.358111e+00  1.965522e-14 
  877.000  2.539608e+02  5.554020e+00  0.000000e+00  7.331938e+01  1.378570e+00  0.000000e+00 
  878.000  2.494734e+02  5.431010e+00  6.047161e-14  7.202385e+01  1.347720e+00 -1.314711e-14 
  879.000  2.500629e+02  5.418502e+00 -6.061509e-14  7.219403e+01  1.344600e+00  1.317831e-14 
  880.000  2.485847e+02  5.361770e+00 -3.991434e-13  7.176727e+01  1.330322e+00 -7.866467e-14 
  881.000  2.356014e+02  5.058413e+00  6.603840e-14  6.801894e+01  1.254893e+00  2.486773e-14 
  882.000  2.485541e+02  5.312042e+00 -3.485551e-14  7.175844e+01  1.317650e+00 -1.312535e-14 
  883.000  2.429999e+02  5.168903e+00 -1.316349e-13  7.015491e+01  1.282329e+00 -3.205426e-14 
  884.000  2.451286e+02  5.189875e+00 -1.968052e-13  7.076948e+01  1.287614e+00 -3.878711e-14 
  885.000  2.475122e+02  5.217013e+00  0.000000e+00  7.145763e+01  1.293868e+00  0.000000e+00 
  886.000  2.391963e+02  5.019697e+00  8.413295e-15  6.905681e+01  1.244283e+00  3.168150e-15 
  887.000  2.369275e+02  4.948194e+00 -4.767176e-14  6.840179e+01  1.227043e+00 -9.395328e-15 
  888.000  2.440327e+02  5.073140e+00  3.426613e-14  7.045309e+01  1.258003e+00  1.290341e-14 
  889.000  2.458015e+02  5.085988e+00  1.724115e-14  7.096375e+01  1.261398e+00  6.492409e-15 
  890.000  2.449483e+02  5.045683e+00 -1.720262e-14  7.071744e+01  1.251069e+00 -6.477898e-15 
  891.000  2.431365e+02  4.987130e+00  2.398786e-14  7.019436e+01  1.235635e+00  2.420379e-15 
  892.000  2.415698e+02  4.935852e+00  9.147296e-14  6.974204e+01  1.221390e+00  1.802783e-14 
  893.000  2.288265e+02  4.665472e+00  5.607681e-18  6.606302e+01  1.149455e+00  3.808468e-16 
  894.000  2.345334e+02  4.766197e+00 -1.650685e-14  6.771061e+01  1.171738e+00 -2.093022e-15 
  895.000  2.167712e+02  4.404214e+00 -3.838539e-15  6.258259e+01  1.075852e+00 -1.445458e-15 
  896.000  2.182549e+02  4.433254e+00 -6.008673e-18  6.301096e+01  1.076988e+00 -2.262654e-18 
  897.000  2.059343e+02  4.184417e+00 -9.767342e-16  5.945394e+01  1.010933e+00 -3.678036e-16 
  898.000  2.028813e+02  4.113382e+00  9.788956e-16  5.857254e+01  9.913350e-01  3.686175e-16 
  899.000  1.931532e+02  3.924513e+00  9.475349e-17  5.576400e+01  9.400168e-01  3.568082e-17 
  900.000  1.896751e+02  3.832745e+00 -8.949229e-17  5.475987e+01  9.187521e-01 -3.369963e-17 
  901.000  1.832729e+02  3.692791e+00  3.157237e-16  5.291152e+01  8.839293e-01 -1.215149e-16 
  902.000  1.803569e+02  3.616348e+00  8.552537e-16  5.206966e+01  8.659782e-01  8.610506e-17 
  903.000  2.059693e+02  4.065443e+00  1.811160e-15  5.946405e+01  9.839846e-01  1.859455e-16 
  904.000  2.187512e+02  4.270803e+00  1.270411e-15  6.315423e+01  1.041588e+00  6.697096e-16 
  905.000  2.178446e+02  4.234787e+00  0.000000e+00  6.289248e+01  1.032564e+00  0.000000e+00 
  906.000  2.060865e+02  4.003863e+00  0.000000e+00  5.949791e+01  9.716094e-01  0.000000e+00 
  907.000  1.988325e+02  3.874366e+00  1.840908e-16  5.740364e+01  9.329432e-01  6.932210e-17 
  908.000  1.865973e+02  3.637661e+00 -1.730086e-15  5.387130e+01  8.719972e-01 -4.093625e-16 
  909.000  1.837112e+02  3.564584e+00  0.000000e+00  5.303807e+01  8.546072e-01  0.000000e+00 
  910.000  1.869487e+02  3.608447e+00 -1.720430e-15  5.397274e+01  8.656869e-01 -4.067022e-16 
  911.000  1.909767e+02  3.657516e+00  8.426919e-16  5.513564e+01  8.801014e-01  3.173279e-16 
  912.000  1.892098e+02  3.613251e+00 -8.907003e-17  5.462552e+01  8.681924e-01 -3.354063e-17 
  913.000  1.839508e+02  3.520396e+00 -4.565299e-17  5.310723e+01  8.410037e-01 -1.719130e-17 
  914.000  1.875543e+02  3.561960e+00 -1.272601e-15  5.414758e+01  8.533171e-01 -2.344112e-16 
  915.000  1.879621e+02  3.544304e+00  8.617510e-17  5.426532e+01  8.511211e-01  3.245050e-17 
  916.000  1.913141e+02  3.588760e+00 -9.006351e-17  5.523305e+01  8.624176e-01 -3.391474e-17 
  917.000  1.903613e+02  3.549700e+00  7.810408e-16  5.495796e+01  8.542441e-01  5.476205e-17 
  918.000  1.920136e+02  3.557739e+00 -1.096208e-15  5.543500e+01  8.577799e-01 -4.127931e-16 
  919.000  2.035260e+02  3.730425e+00  1.361624e-15  5.875866e+01  9.054363e-01  6.044844e-16 
  920.000  2.083488e+02  3.784810e+00 -3.810724e-15  6.015103e+01  9.237154e-01 -4.817967e-16 
  921.000  2.023727e+02  3.663435e+00 -3.221743e-16  5.842569e+01  8.930375e-01 -3.250745e-17 
  922.000  2.004595e+02  3.613020e+00  1.466603e-15  5.787337e+01  8.806790e-01  6.402885e-16 
  923.000  1.903287e+02  3.419492e+00 -2.890264e-15  5.494856e+01  8.322460e-01 -2.026485e-16 
  924.000  1.940281e+02  3.481305e+00  1.656305e-16  5.601660e+01  8.442830e-01  6.237058e-17 
  925.000  1.962458e+02  3.506506e+00  1.733223e-16  5.665687e+01  8.500970e-01  6.526704e-17 
  926.000  1.890903e+02  3.364100e+00 -7.156041e-16  5.459103e+01  8.153453e-01 -2.694712e-16 
  927.000  1.909328e+02  3.394819e+00  9.135472e-16  5.512298e+01  8.193737e-01  3.440096e-16 
  928.000  1.841111e+02  3.278755e+00  1.003625e-15  5.315351e+01  7.866422e-01  3.779298e-16 
  929.000  1.701990e+02  3.042440e+00  7.233260e-16  4.913704e+01  7.243161e-01  2.723790e-16 
  930.000  1.555627e+02  2.789666e+00  2.696740e-16  4.491148e+01  6.577168e-01  1.015497e-16 
  931.000  1.399009e+02  2.516886e+00  1.276213e-16  4.038988e+01  5.845711e-01  1.884075e-17 
  932.000  1.185727e+02  2.168080e+00 -5.378721e-18  3.423235e+01  4.894257e-01 -2.025500e-18 
  933.000  1.044470e+02  1.946319e+00  5.684248e-17  3.015422e+01  4.288541e-01  2.140487e-17 
  934.000  8.921512e+01  1.705225e+00  2.695008e-17  2.575672e+01  3.659675e-01  1.014845e-17 
  935.000  8.637514e+01  1.649716e+00 -8.633876e-25  2.493681e+01  3.529072e-01 -3.276939e-25 
  936.000  9.118766e+01  1.712685e+00  2.763645e-17  2.632620e+01  3.701352e-01  1.040691e-17 
  937.000  9.186565e+01  1.722928e+00  5.788380e-17  2.652194e+01  3.715369e-01  2.179699e-17 
  938.000  1.068643e+02  1.932895e+00  2.651543e-18  3.085211e+01  4.292716e-01  9.984670e-19 
  939.000  1.508467e+02  2.608963e+00  2.012651e-16  4.354998e+01  6.122596e-01  7.578933e-17 
  940.000  1.566640e+02  2.688336e+00  0.000000e+00  4.522946e+01  6.338664e-01  0.000000e+00 
  941.000  1.476500e+02  2.529547e+00 -8.753593e-17  4.262708e+01  5.943653e-01 -3.296294e-17 
  942.000  1.291549e+02  2.216458e+00  9.436538e-17  3.728747e+01  5.145546e-01  3.553467e-17 
  943.000  1.139751e+02  1.991989e+00  6.050734e-17  3.290500e+01  4.484428e-01  2.278494e-17 
  944.000  1.093346e+02  1.907170e+00 -7.630853e-23  3.156527e+01  4.282173e-01 -1.858181e-23 
  945.000  1.180798e+02  2.028942e+00  5.156434e-18  3.409005e+01  4.611359e-01  1.941772e-18 
  946.000  1.201669e+02  2.054563e+00 -1.097519e-16  3.469260e+01  4.673630e-01 -4.132871e-17 
  947.000  1.265366e+02  2.137626e+00  1.633647e-16  3.653155e+01  4.913538e-01  6.151737e-17 
  948.000  1.315009e+02  2.204099e+00  1.042295e-17  3.796477e+01  5.094610e-01  3.924916e-18 
  949.000  1.314265e+02  2.193856e+00 -1.202864e-16  3.794331e+01  5.068731e-01 -4.529559e-17 
  950.000  1.316551e+02  2.186306e+00 -1.281836e-21  3.800928e+01  5.058601e-01 -4.826942e-22 
  951.000  1.402235e+02  2.306115e+00  7.729113e-17  4.048302e+01  5.391615e-01  2.910510e-17 
  952.000  1.303278e+02  2.145985e+00 -2.272184e-16  3.762608e+01  4.963683e-01 -8.556242e-17 
  953.000  1.369768e+02  2.235379e+00 -3.050118e-18  3.954567e+01  5.214063e-01  2.662348e-17 
  954.000  1.431583e+02  2.317916e+00 -1.362219e-18  4.133030e+01  5.447113e-01 -5.743218e-18 
  955.000  1.281537e+02  2.070892e+00 -9.986989e-17  3.699842e+01  4.840881e-01 -3.760747e-17 
  956.000  1.354664e+02  2.180257e+00 -8.627881e-17  3.910963e+01  5.091920e-01 -3.249084e-17 
  957.000  1.543217e+02  2.451779e+00 -6.081567e-16  4.455320e+01  5.817693e-01 -1.198578e-16 
  958.000  1.580650e+02  2.496538e+00  3.867613e-16  4.563391e+01  5.935367e-01  1.456406e-16 
  959.000  1.555299e+02  2.450062e+00 -2.044768e-17  4.490203e+01  5.815210e-01 -7.699874e-18 
  960.000  1.531887e+02  2.403726e+00 -1.924705e-16  4.422611e+01  5.703322e-01 -7.247759e-17 
  961.000  1.500155e+02  2.345419e+00 -4.269967e-16  4.330999e+01  5.560290e-01 -1.066452e-16 
  962.000  1.522323e+02  2.368174e+00  2.318782e-16  4.394999e+01  5.620684e-01  8.727621e-17 
  963.000  1.623755e+02  2.499313e+00  0.000000e+00  4.687837e+01  5.971844e-01  0.000000e+00 
  964.000  1.620416e+02  2.480800e+00  4.157297e-16  4.678199e+01  5.934245e-01  1.565491e-16 
  965.000  1.630591e+02  2.487562e+00  4.619970e-16  4.707574e+01  5.947616e-01  1.739717e-16 
  966.000  1.589350e+02  2.413315e+00 -3.867303e-17  4.588509e+01  5.773221e-01 -1.456290e-17 
  967.000  1.711989e+02  2.573512e+00 -1.448132e-15  4.942570e+01  6.188787e-01 -3.287981e-16 
  968.000  1.818022e+02  2.694288e+00 -1.656471e-15  5.248695e+01  6.545392e-01 -6.237685e-16 
  969.000  1.886259e+02  2.772037e+00 -1.680088e-15  5.445695e+01  6.769022e-01 -6.326616e-16 
  970.000  1.894718e+02  2.772176e+00 -3.051477e-15  5.470117e+01  6.771545e-01 -1.231111e-15 
  971.000  1.876688e+02  2.734549e+00  1.639720e-15  5.418064e+01  6.678918e-01  6.174606e-16 
  972.000  1.873859e+02  2.722137e+00  2.908256e-15  5.409895e+01  6.638835e-01  6.651471e-16 
  973.000  1.819707e+02  2.639703e+00  9.865933e-16  5.253558e+01  6.416537e-01  3.715162e-16 
  974.000  1.747655e+02  2.533497e+00  6.690810e-16  5.045543e+01  6.134865e-01  2.919595e-16 
  975.000  1.727967e+02  2.500309e+00  8.492999e-16  4.988700e+01  6.040450e-01  1.086144e-16 
  976.000  1.784379e+02  2.563892e+00 -3.164136e-16  5.151565e+01  6.211948e-01 -1.191502e-16 
  977.000  1.796207e+02  2.558582e+00  1.663129e-15  5.185711e+01  6.230587e-01  2.102724e-16 
  978.000  1.836054e+02  2.605380e+00 -1.528687e-16  5.300751e+01  6.342154e-01 -5.756497e-17 
  979.000  1.797702e+02  2.537490e+00 -1.580755e-16  5.190029e+01  6.185585e-01 -5.952565e-17 
  980.000  1.881830e+02  2.634127e+00  3.104463e-16  5.432909e+01  6.456839e-01  1.169031e-16 
  981.000  1.908221e+02  2.657657e+00 -3.224062e-16  5.509102e+01  6.522889e-01 -1.214068e-16 
  982.000  1.891141e+02  2.625257e+00  0.000000e+00  5.459790e+01  6.435490e-01  0.000000e+00 
  983.000  1.916529e+02  2.644195e+00 -3.536517e-15  5.533088e+01  6.501043e-01 -1.331727e-15 
  984.000  1.934897e+02  2.653343e+00 -7.100152e-15  5.586115e+01  6.543653e-01 -2.673666e-15 
  985.000  1.951780e+02  2.662646e+00 -1.112208e-15  5.634857e+01  6.578263e-01 -1.014776e-16 
  986.000  1.958577e+02  2.657451e+00 -2.800664e-14  5.654482e+01  6.580566e-01 -9.897167e-15 
  987.000  1.990914e+02  2.688737e+00  2.630374e-15  5.747840e+01  6.664774e-01  9.905058e-16 
  988.000  1.968738e+02  2.647516e+00 -1.027155e-13  5.683815e+01  6.564175e-01 -3.930747e-14 
  989.000  1.945270e+02  2.604997e+00 -7.620528e-17  5.616063e+01  6.459763e-01 -2.869621e-17 
  990.000  1.964311e+02  2.619354e+00  2.509626e-15  5.671036e+01  6.497001e-01  9.450364e-16 
  991.000  1.985835e+02  2.636111e+00 -9.902387e-15  5.733175e+01  6.542895e-01 -1.951599e-15 
  992.000  1.970224e+02  2.604335e+00  6.387395e-15  5.688106e+01  6.465784e-01  6.444894e-16 
  993.000  1.971240e+02  2.594886e+00  0.000000e+00  5.691039e+01  6.443001e-01  0.000000e+00 
  994.000  1.988531e+02  2.605997e+00 -1.283640e-14  5.740958e+01  6.475469e-01 -1.295196e-15 
  995.000  1.979021e+02  2.582307e+00  0.000000e+00  5.713504e+01  6.419920e-01  0.000000e+00 
  996.000  1.978648e+02  2.571293e+00  9.145075e-16  5.712425e+01  6.392527e-01  3.855633e-15 
  997.000  1.978102e+02  2.560460e+00  0.000000e+00  5.710848e+01  6.363789e-01  0.000000e+00 
  998.000  1.967770e+02  2.537137e+00 -1.316296e-14  5.681020e+01  6.303700e-01 -3.205299e-15 
  999.000  1.961421e+02  2.518855e+00 -4.550290e-16  5.662691e+01  6.257327e-01 -1.918436e-15 
 1000.000  1.947118e+02  2.490174e+00  0.000000e+00  5.621398e+01  6.186900e-01  0.000000e+00 
 1001.000  1.949508e+02  2.484187e+00  0.000000e+00  5.628297e+01  6.166521e-01  0.000000e+00 
 1002.000  1.937924e+02  2.461013e+00 -4.574936e-14  5.594853e+01  6.102278e-01 -1.784571e-14 
 1003.000  1.918217e+02  2.425717e+00 -4.408399e-14  5.537958e+01  6.016666e-01 -3.772724e-15 
 1004.000  1.907226e+02  2.401100e+00  3.317106e-15  5.506228e+01  5.959381e-01  1.249105e-15 
 1005.000  1.783377e+02  2.235800e+00 -3.097741e-15  5.148671e+01  5.550658e-01 -1.166500e-15 
 1006.000  1.877984e+02  2.344783e+00  3.260189e-15  5.421805e+01  5.821856e-01  1.227672e-15 
 1007.000  1.911130e+02  2.376758e+00  6.417675e-15  5.517499e+01  5.900225e-01  1.562761e-15 
 1008.000  1.911512e+02  2.368996e+00 -2.851658e-13  5.518603e+01  5.875356e-01 -5.683895e-14 
 1009.000  1.887372e+02  2.331474e+00 -2.476525e-14  5.448908e+01  5.774055e-01 -9.325716e-15 
 1010.000  1.900093e+02  2.336943e+00  5.297378e-14  5.485635e+01  5.791273e-01  1.934029e-14 
 1011.000  1.903092e+02  2.329353e+00  4.696885e-14  5.494292e+01  5.781209e-01  1.768681e-14 
 1012.000  1.906121e+02  2.323097e+00  3.308951e-15  5.503039e+01  5.767904e-01  1.246034e-15 
 1013.000  1.896624e+02  2.301714e+00  0.000000e+00  5.475619e+01  5.717618e-01  0.000000e+00 
 1014.000  1.910662e+02  2.309244e+00 -9.028806e-15  5.516147e+01  5.737490e-01  0.000000e+00 
 1015.000  1.875663e+02  2.257848e+00 -6.052792e-15  5.415106e+01  5.609966e-01 -6.107279e-16 
 1016.000  1.888417e+02  2.263989e+00 -6.090723e-15  5.451927e+01  5.625883e-01 -6.145552e-16 
 1017.000  1.870995e+02  2.234009e+00  6.463110e-15  5.401629e+01  5.552129e-01  2.433779e-15 
 1018.000  1.894012e+02  2.252696e+00  3.274342e-15  5.468081e+01  5.597473e-01  1.233002e-15 
 1019.000  1.846044e+02  2.187517e+00  6.187675e-15  5.329594e+01  5.432359e-01  1.506754e-15 
 1020.000  1.843742e+02  2.175895e+00  3.193795e-15  5.322947e+01  5.404543e-01  1.202670e-15 
 1021.000  1.865408e+02  2.192285e+00 -3.224407e-15  5.385499e+01  5.447477e-01 -1.214198e-15 
 1022.000  1.831738e+02  2.144910e+00  6.143084e-15  5.288291e+01  5.325959e-01  1.495896e-15 
 1023.000  1.863415e+02  2.173886e+00 -1.620355e-15  5.379743e+01  5.395221e-01 -6.101682e-16 
 1024.000  1.852990e+02  2.153548e+00 -1.415351e-14  5.349648e+01  5.343601e-01 -4.740977e-15 
 1025.000  1.857405e+02  2.149126e+00  2.157611e-16  5.362393e+01  5.336919e-01  9.096652e-16 
 1026.000  1.863137e+02  2.146766e+00  9.237995e-15  5.378942e+01  5.333468e-01  1.820658e-15 
 1027.000  1.850204e+02  2.123670e+00  0.000000e+00  5.341605e+01  5.274938e-01  0.000000e+00 
 1028.000  1.855644e+02  2.121369e+00  0.000000e+00  5.357310e+01  5.269950e-01  0.000000e+00 
 1029.000  1.829802e+02  2.083208e+00  3.161138e-15  5.282701e+01  5.177051e-01  1.190373e-15 
 1030.000  1.850645e+02  2.098294e+00 -5.955215e-15  5.342878e+01  5.216340e-01 -6.008824e-16 
 1031.000  1.845679e+02  2.084303e+00 -5.508721e-15  5.328540e+01  5.182239e-01  1.197649e-15 
 1032.000  1.839913e+02  2.069545e+00  0.000000e+00  5.311894e+01  5.146003e-01  0.000000e+00 
 1033.000  1.806194e+02  2.023625e+00  5.804000e-15  5.214547e+01  5.031912e-01  5.856248e-16 
 1034.000  1.826291e+02  2.037976e+00  0.000000e+00  5.272566e+01  5.068315e-01  0.000000e+00 
 1035.000  1.807007e+02  2.008512e+00 -1.160411e-14  5.216893e+01  4.995260e-01 -1.170857e-15 
 1036.000  1.829430e+02  2.025561e+00  0.000000e+00  5.281630e+01  5.037197e-01  0.000000e+00 
 1037.000  1.790351e+02  1.974569e+00  0.000000e+00  5.168806e+01  4.910223e-01  0.000000e+00 
 1038.000  1.808212e+02  1.986457e+00  5.393876e-15  5.220370e+01  4.939906e-01 -1.172681e-15 
 1039.000  1.814837e+02  1.986076e+00 -1.250982e-14  5.239500e+01  4.938355e-01 -4.710756e-15 
 1040.000  1.792537e+02  1.954135e+00  0.000000e+00  5.175117e+01  4.858366e-01  0.000000e+00 
 1041.000  1.801306e+02  1.956148e+00 -5.799087e-15  5.200433e+01  4.862864e-01 -5.851290e-16 
 1042.000  1.806242e+02  1.953931e+00 -4.175985e-16  5.214684e+01  4.857090e-01 -1.760627e-15 
 1043.000  1.774729e+02  1.912418e+00  3.063241e-15  5.123705e+01  4.753708e-01  1.153508e-15 
 1044.000  1.791532e+02  1.923127e+00  0.000000e+00  5.172216e+01  4.779832e-01  0.000000e+00 
 1045.000  1.782355e+02  1.906066e+00 -3.081934e-15  5.145721e+01  4.736345e-01 -1.160547e-15 
 1046.000  1.729339e+02  1.842354e+00  0.000000e+00  4.992662e+01  4.577262e-01  0.000000e+00 
 1047.000  1.759586e+02  1.867507e+00  0.000000e+00  5.079986e+01  4.638797e-01  0.000000e+00 
 1048.000  1.774591e+02  1.876394e+00  0.000000e+00  5.123307e+01  4.659567e-01  0.000000e+00 
 1049.000  1.760255e+02  1.854300e+00  0.000000e+00  5.081917e+01  4.603324e-01  0.000000e+00 
 1050.000  1.748284e+02  1.834764e+00  2.841196e-15  5.047358e+01  4.553888e-01  2.866772e-16 
 1051.000  1.746667e+02  1.826280e+00  0.000000e+00  5.042690e+01  4.531432e-01  0.000000e+00 
 1052.000  1.736645e+02  1.809039e+00  2.830555e-15  5.013754e+01  4.487477e-01  2.856035e-16 
 1053.000  1.735650e+02  1.801244e+00  0.000000e+00  5.010881e+01  4.467156e-01  0.000000e+00 
 1054.000  1.715377e+02  1.773701e+00  0.000000e+00  4.952353e+01  4.397155e-01  0.000000e+00 
 1055.000  1.725642e+02  1.777779e+00 -1.514715e-15  4.981988e+01  4.405686e-01 -5.703883e-16 
 1056.000  1.718461e+02  1.763903e+00 -1.511432e-15  4.961256e+01  4.369717e-01 -5.691518e-16 
 1057.000  1.712864e+02  1.751799e+00  1.409313e-15  4.945099e+01  4.337797e-01  1.422000e-16 
 1058.000  1.690013e+02  1.722569e+00 -2.894841e-15  4.879127e+01  4.261629e-01 -7.049196e-16 
 1059.000  1.635503e+02  1.660733e+00  6.280610e-16  4.721755e+01  4.108138e-01 -1.365465e-16 
 1060.000  1.694173e+02  1.713591e+00  7.506980e-16  4.891138e+01  4.239593e-01  2.826863e-16 
 1061.000  1.633353e+02  1.645930e+00  0.000000e+00  4.715546e+01  4.071374e-01  0.000000e+00 
 1062.000  1.675533e+02  1.682439e+00  6.457650e-16  4.837322e+01  4.159456e-01 -1.403956e-16 
 1063.000  1.644963e+02  1.645647e+00 -7.334429e-16  4.749067e+01  4.067470e-01 -2.761887e-16 
 1064.000  1.663562e+02  1.658289e+00  0.000000e+00  4.802763e+01  4.096864e-01  0.000000e+00 
 1065.000  1.659651e+02  1.648457e+00 -6.937526e-16  4.791470e+01  4.070852e-01 -6.999977e-17 
 1066.000  1.608722e+02  1.591773e+00 -7.206693e-16  4.644436e+01  3.931008e-01 -2.713786e-16 
 1067.000  1.646289e+02  1.622901e+00  4.945436e-17  4.752893e+01  4.007199e-01  2.085033e-16 
 1068.000  1.636634e+02  1.607873e+00  7.365926e-16  4.725020e+01  3.967179e-01  2.773747e-16 
 1069.000  1.516468e+02  1.484372e+00  3.161224e-16  4.378096e+01  3.662468e-01  1.190405e-16 
 1070.000  1.609695e+02  1.569368e+00  4.132993e-16  4.647245e+01  3.873659e-01  1.556339e-16 
 1071.000  1.612355e+02  1.566301e+00  3.328651e-17  4.654926e+01  3.864977e-01  1.253452e-17 
 1072.000  1.616596e+02  1.564818e+00  3.017881e-16  4.667170e+01  3.860007e-01  2.864693e-16 
 1073.000  1.564842e+02  1.508946e+00  8.649511e-16  4.517753e+01  3.722590e-01  1.979629e-16 
 1074.000  1.622264e+02  1.558190e+00  1.454583e-16  4.683532e+01  3.845231e-01  2.277418e-16 
 1075.000  1.577939e+02  1.509089e+00  1.508350e-15  4.555565e+01  3.727803e-01  4.089929e-16 
 1076.000  1.611615e+02  1.535794e+00 -3.406555e-17  4.652789e+01  3.792585e-01 -1.436229e-16 
 1077.000  1.606236e+02  1.525369e+00  1.731855e-15  4.637259e+01  3.764994e-01  3.102312e-16 
 1078.000  1.608280e+02  1.522151e+00  1.325950e-15  4.643162e+01  3.754729e-01  2.466459e-17 
 1079.000  1.546869e+02  1.458513e+00  0.000000e+00  4.465866e+01  3.597983e-01  0.000000e+00 
 1080.000  1.582453e+02  1.488252e+00  2.530160e-16  4.568597e+01  3.664181e-01  3.008041e-17 
 1081.000  1.524931e+02  1.428805e+00 -4.271338e-16  4.402530e+01  3.517869e-01 -2.236592e-16 
 1082.000  1.550400e+02  1.446348e+00 -1.539182e-15  4.476061e+01  3.564734e-01 -5.796017e-16 
 1083.000  1.503821e+02  1.398521e+00 -3.809450e-16  4.341584e+01  3.443486e-01  2.425095e-16 
 1084.000  1.555371e+02  1.442088e+00 -1.870148e-15  4.490411e+01  3.546879e-01 -3.671119e-16 
 1085.000  1.519598e+02  1.406245e+00 -1.241991e-16  4.387133e+01  3.449337e-01 -4.676900e-17 
 1086.000  1.544125e+02  1.422920e+00 -4.231893e-16  4.457942e+01  3.492846e-01 -2.240010e-16 
 1087.000  1.467095e+02  1.344118e+00  1.036475e-15  4.235554e+01  3.309945e-01  2.696121e-16 
 1088.000  1.557695e+02  1.421655e+00  1.542908e-15  4.497119e+01  3.501609e-01  5.810045e-16 
 1089.000  1.477473e+02  1.346728e+00  2.408719e-16  4.265516e+01  3.304790e-01  9.070383e-17 
 1090.000  1.506093e+02  1.368342e+00 -7.679761e-16  4.348145e+01  3.355719e-01 -2.891927e-16 
 1091.000  1.520660e+02  1.375736e+00 -5.408847e-16  4.390199e+01  3.376447e-01 -2.673821e-16 
 1092.000  1.475265e+02  1.331401e+00  6.311494e-16  4.259142e+01  3.261883e-01  2.376686e-16 
 1093.000  1.433154e+02  1.292519e+00  2.876286e-16  4.137565e+01  3.154083e-01  2.707709e-16 
 1094.000  1.294854e+02  1.165067e+00 -6.831528e-16  3.738287e+01  2.838374e-01 -2.572512e-16 
 1095.000  1.403581e+02  1.257923e+00  1.153033e-16  4.052188e+01  3.065521e-01  4.341913e-17 
 1096.000  1.399623e+02  1.249473e+00  1.931763e-18  4.040760e+01  3.045684e-01  7.274335e-19 
 1097.000  1.376390e+02  1.224961e+00  4.238899e-16  3.973685e+01  2.983704e-01  1.596220e-16 
 1098.000  1.295539e+02  1.158311e+00  0.000000e+00  3.740266e+01  2.796643e-01  0.000000e+00 
 1099.000  1.240303e+02  1.112809e+00  1.046077e-16  3.580797e+01  2.669576e-01 -4.033256e-17 
 1100.000  1.265676e+02  1.130854e+00  3.009964e-17  3.654051e+01  2.713987e-01  1.133446e-17 
