  300.000  3.619573e-02  8.666308e-02  2.660228e-18  5.675167e-03  1.271010e-02  1.089312e-19 
  301.000  1.397948e-01  3.073288e-01 -7.984322e-18  2.191857e-02  4.602346e-02 -1.270744e-18 
  302.000  1.960914e-01  4.067383e-01  9.527903e-18  3.074538e-02  6.186537e-02  3.587872e-18 
  303.000  7.035232e-01  1.378031e+00 -9.107264e-17  1.103061e-01  2.136569e-01 -1.299422e-17 
  304.000  9.147692e-01  1.731010e+00 -1.585914e-16  1.434276e-01  2.709749e-01 -5.337926e-17 
  305.000  2.154378e+00  3.928238e+00  7.386586e-16  3.377872e-01  6.245559e-01  1.356321e-16 
  306.000  2.702532e+00  4.794600e+00  2.725409e-16  4.237328e-01  7.695600e-01  5.371338e-17 
  307.000  4.712152e+00  8.157154e+00 -1.466109e-15  7.388233e-01  1.323006e+00 -2.051391e-16 
  308.000  6.673920e+00  1.130520e+01  2.468380e-15  1.046411e+00  1.848915e+00  3.691725e-16 
  309.000  7.859032e+00  1.303190e+01  1.501497e-15  1.232226e+00  2.145794e+00  2.064614e-16 
  310.000  1.018613e+01  1.666771e+01  2.667231e-15  1.597093e+00  2.773473e+00  5.842977e-16 
  311.000  2.100184e+01  3.371200e+01 -6.102502e-15  3.292900e+00  5.641426e+00 -6.938919e-16 
  312.000  1.959574e+01  3.100636e+01  6.938201e-15  3.072436e+00  5.225284e+00  9.260338e-16 
  313.000  2.687107e+01  4.190268e+01  3.087800e-15  4.213142e+00  7.106571e+00  6.908778e-16 
  314.000  2.866674e+01  4.379475e+01 -8.414211e-16  4.494688e+00  7.458291e+00 -8.489955e-17 
  315.000  3.746253e+01  5.673640e+01  1.466249e-14  5.873789e+00  9.730159e+00  1.984841e-15 
  316.000  3.045162e+01  4.523573e+01 -3.850463e-15  4.774540e+00  7.789421e+00 -3.885124e-16 
  317.000  4.638140e+01  6.784772e+01 -9.528928e-15  7.272188e+00  1.173957e+01 -4.543005e-15 
  318.000  4.693284e+01  6.748673e+01  1.070020e-14  7.358648e+00  1.172858e+01  2.262915e-15 
  319.000  5.708977e+01  8.185828e+01 -3.398260e-14  8.951165e+00  1.431976e+01 -5.499213e-15 
  320.000  5.347783e+01  7.359563e+01 -2.822685e-14  8.384845e+00  1.287413e+01 -2.594823e-15 
  321.000  7.357957e+01  1.022072e+02 -4.532658e-14  1.153662e+01  1.802783e+01 -1.035601e-15 
  322.000  6.317516e+01  8.442629e+01 -1.900552e-15  9.905299e+00  1.490446e+01 -1.173811e-15 
  323.000  5.903241e+01  7.829448e+01  2.041166e-14  9.255753e+00  1.389279e+01  9.158098e-15 
  324.000  7.779693e+01  1.024407e+02 -3.226609e-14  1.219786e+01  1.827678e+01 -2.800134e-15 
  325.000  8.538208e+01  1.083028e+02 -2.874247e-14  1.338714e+01  1.933663e+01 -5.664673e-15 
  326.000  1.251172e+02  1.582009e+02 -3.850446e-14  1.961726e+01  2.840679e+01  9.419913e-16 
  327.000  1.290834e+02  1.602335e+02 -6.585876e-14  2.023912e+01  2.887803e+01 -1.075164e-14 
  328.000  1.057095e+02  1.265324e+02 -5.536300e-14  1.657430e+01  2.282060e+01 -1.051038e-14 
  329.000  1.338618e+02  1.602834e+02  8.170209e-14  2.098832e+01  2.908273e+01  1.610215e-14 
  330.000  1.426445e+02  1.674105e+02  1.060528e-13  2.236538e+01  3.047630e+01  1.956885e-14 
  331.000  1.158600e+02  1.318405e+02 -1.318468e-13  1.816581e+01  2.403554e+01 -1.914212e-14 
  332.000  1.332282e+02  1.502716e+02  1.352025e-13  2.088898e+01  2.752146e+01  1.911856e-14 
  333.000  1.539649e+02  1.703951e+02 -2.503899e-14  2.414032e+01  3.130670e+01 -1.965932e-14 
  334.000  1.300986e+02  1.402621e+02 -2.424676e-13  2.039830e+01  2.581963e+01 -4.045863e-14 
  335.000  1.445230e+02  1.538689e+02 -8.186073e-14  2.265991e+01  2.843718e+01 -2.102682e-15 
  336.000  1.109452e+02  1.159690e+02  2.775149e-14  1.739521e+01  2.149929e+01  2.076493e-14 
  337.000  1.072453e+02  1.094416e+02 -4.684804e-14  1.681510e+01  2.033228e+01 -9.232986e-15 
  338.000  1.337749e+02  1.341641e+02 -6.792019e-14  2.097471e+01  2.500300e+01 -2.048782e-14 
  339.000  1.376991e+02  1.357611e+02  3.697810e-14  2.158998e+01  2.537976e+01 -3.346835e-15 
  340.000  1.565711e+02  1.509247e+02 -9.641083e-14  2.454894e+01  2.827580e+01 -2.467970e-14 
  341.000  1.351661e+02  1.280963e+02  6.313048e-14  2.119284e+01  2.406920e+01  1.890112e-14 
  342.000  1.444276e+02  1.344123e+02  1.724062e-13  2.264496e+01  2.532429e+01  1.903520e-14 
  343.000  1.473167e+02  1.344449e+02 -6.164477e-14  2.309794e+01  2.539212e+01 -1.394563e-14 
  344.000  1.349156e+02  1.206288e+02  7.567428e-15  2.115355e+01  2.283604e+01  3.791253e-15 
  345.000  1.769794e+02  1.556972e+02 -1.599859e-13  2.774878e+01  2.957001e+01 -1.099249e-14 
  346.000  1.996502e+02  1.725544e+02 -3.588732e-14  3.130337e+01  3.286366e+01  7.802252e-15 
  347.000  1.928814e+02  1.637032e+02  4.771735e-14  3.024208e+01  3.125963e+01  1.161960e-14 
  348.000  1.843725e+02  1.536624e+02 -2.155746e-13  2.890796e+01  2.941645e+01 -5.001406e-14 
  349.000  2.053053e+02  1.680890e+02  2.521338e-14  3.219003e+01  3.225915e+01 -1.155935e-14 
  350.000  2.129777e+02  1.712635e+02  1.233259e-13  3.339300e+01  3.294810e+01 -2.369734e-14 
  351.000  2.051283e+02  1.620310e+02 -3.639639e-13  3.216227e+01  3.124642e+01 -3.947628e-14 
  352.000  2.130794e+02  1.653008e+02  1.376337e-13  3.340895e+01  3.194992e+01  2.804730e-14 
  353.000  1.972658e+02  1.504104e+02  5.687247e-14  3.092951e+01  2.914099e+01 -1.236463e-14 
  354.000  2.308724e+02  1.729816e+02  3.072272e-14  3.619872e+01  3.359007e+01 -1.635134e-14 
  355.000  2.371473e+02  1.745933e+02 -1.117639e-13  3.718258e+01  3.397574e+01 -5.193706e-15 
  356.000  2.272191e+02  1.643794e+02 -3.592601e-14  3.562592e+01  3.205330e+01 -1.083692e-14 
  357.000  1.471174e+02  1.045636e+02  1.343069e-14  2.306668e+01  2.042650e+01  5.057524e-15 
  358.000  1.619339e+02  1.130953e+02  3.879474e-14  2.538978e+01  2.213181e+01  8.959807e-15 
  359.000  1.649977e+02  1.132578e+02  3.964860e-14  2.587016e+01  2.220385e+01  1.112948e-14 
  360.000  2.478417e+02  1.672754e+02 -1.025494e-14  3.885936e+01  3.286191e+01 -1.034725e-15 
  361.000  1.990465e+02  1.322356e+02 -2.607277e-15  3.120871e+01  2.604979e+01  5.745638e-15 
  362.000  2.211789e+02  1.446895e+02  1.440740e-13  3.467887e+01  2.858706e+01  1.981072e-14 
  363.000  2.382239e+02  1.534086e+02  1.231978e-13  3.735137e+01  3.038870e+01  3.067724e-14 
  364.000  2.406899e+02  1.525414e+02 -7.866585e-14  3.773802e+01  3.028688e+01  2.012615e-14 
  365.000  2.280607e+02  1.422368e+02  6.302337e-14  3.575787e+01  2.830214e+01  8.992156e-15 
  366.000  3.167376e+02  1.944190e+02  1.703310e-12  4.966162e+01  3.876697e+01  1.718643e-13 
  367.000  2.866973e+02  1.731988e+02  1.348917e-12  4.495157e+01  3.460604e+01  2.838156e-13 
  368.000  2.734467e+02  1.625991e+02  1.619439e-12  4.287399e+01  3.255350e+01  2.262894e-13 
  369.000  2.659751e+02  1.556873e+02  6.676591e-13  4.170251e+01  3.123162e+01  9.693379e-14 
  370.000  3.092775e+02  1.782241e+02 -4.119647e-13  4.849194e+01  3.582256e+01 -1.233413e-13 
  371.000  2.496919e+02  1.416678e+02 -7.167867e-13  3.914945e+01  2.852995e+01 -4.096915e-14 
  372.000  2.656409e+02  1.484062e+02  7.194714e-13  4.165011e+01  2.994412e+01  6.971942e-14 
  373.000  2.674849e+02  1.471592e+02 -1.661840e-13  4.193924e+01  2.974863e+01 -9.802913e-16 
  374.000  2.092503e+02  1.133739e+02 -3.943905e-13  3.280857e+01  2.296111e+01 -9.657498e-14 
  375.000  1.935475e+02  1.032799e+02  8.938424e-14  3.034651e+01  2.095432e+01  6.976133e-15 
  376.000  2.794862e+02  1.468827e+02 -5.526222e-13  4.382093e+01  2.985149e+01 -8.795257e-14 
  377.000  2.885541e+02  1.493451e+02  1.850718e-14  4.524269e+01  3.039914e+01  1.536443e-14 
  378.000  3.763870e+02  1.918252e+02  6.437702e-14  5.901411e+01  3.909983e+01  2.786762e-14 
  379.000  2.921529e+02  1.466433e+02  8.654130e-14  4.580696e+01  2.993292e+01  1.022978e-14 
  380.000  2.758666e+02  1.364311e+02  1.001016e-13  4.325341e+01  2.789478e+01  1.150384e-14 
  381.000  3.121876e+02  1.522080e+02 -3.922089e-14  4.894823e+01  3.118367e+01 -1.183080e-14 
  382.000  2.351011e+02  1.130288e+02  2.386778e-14  3.686175e+01  2.320625e+01  2.408264e-15 
  383.000  1.650545e+02  7.824020e+01  1.274243e-13  2.587907e+01  1.609532e+01  3.576837e-14 
  384.000  1.828610e+02  8.545892e+01  1.305093e-14  2.867097e+01  1.761234e+01  4.914521e-15 
  385.000  2.768876e+02  1.275750e+02 -2.983510e-13  4.341350e+01  2.633741e+01 -3.415868e-14 
  386.000  2.161848e+02  9.820247e+01  2.383403e-13  3.389584e+01  2.030718e+01  2.719157e-14 
  387.000  2.495049e+02  1.117467e+02  1.132915e-12  3.912014e+01  2.314541e+01  2.115545e-13 
  388.000  2.483965e+02  1.096951e+02 -2.304103e-13  3.894635e+01  2.275662e+01 -2.918266e-14 
  389.000  2.843727e+02  1.238366e+02 -1.009427e-14  4.458709e+01  2.573074e+01  1.382450e-14 
  390.000  3.463241e+02  1.487293e+02 -2.391521e-13  5.430052e+01  3.095103e+01 -5.350894e-14 
  391.000  3.890890e+02  1.647956e+02 -3.363031e-13  6.100566e+01  3.434708e+01  5.349296e-14 
  392.000  3.472014e+02  1.450422e+02  3.822076e-13  5.443808e+01  3.027595e+01  1.047602e-13 
  393.000  1.868789e+02  7.700542e+01  1.782264e-13  2.930094e+01  1.609817e+01  5.896591e-15 
  394.000  2.075989e+02  8.438481e+01 -1.934551e-12  3.254965e+01  1.766701e+01 -1.932909e-13 
  395.000  3.497908e+02  1.402666e+02  4.576502e-13  5.484406e+01  2.940951e+01  2.408025e-13 
  396.000  3.613470e+02  1.429586e+02  1.177429e-11  5.665597e+01  3.001740e+01  1.787402e-12 
  397.000  1.475881e+02  5.761073e+01 -3.687004e-13  2.314049e+01  1.211394e+01 -7.309765e-14 
  398.000  4.143565e+02  1.595958e+02  9.868658e-13  6.496739e+01  3.360587e+01  1.266899e-15 
  399.000  4.985051e+02  1.894704e+02 -9.108975e-14  7.816114e+01  3.995214e+01  4.848005e-14 
  400.000  4.913634e+02  1.842987e+02 -3.525271e-13  7.704138e+01  3.891473e+01 -2.968931e-15 
  401.000  4.895942e+02  1.812331e+02  1.763735e-12  7.676398e+01  3.831952e+01  4.793635e-13 
  402.000  5.201173e+02  1.900261e+02 -1.369894e-13  8.154973e+01  4.023280e+01 -1.025017e-13 
  403.000  4.882787e+02  1.760835e+02  5.419713e-13  7.655772e+01  3.733047e+01  1.565613e-13 
  404.000  5.259072e+02  1.872087e+02 -9.666056e-14  8.245755e+01  3.974129e+01  3.570828e-14 
  405.000  4.833586e+02  1.698546e+02  5.026732e-14  7.578631e+01  3.610406e+01  3.831259e-14 
  406.000  4.807513e+02  1.667817e+02  8.318405e-13  7.537749e+01  3.549647e+01  2.442191e-13 
  407.000  4.692159e+02  1.607120e+02  5.058661e-13  7.356885e+01  3.424818e+01  4.904726e-14 
  408.000  5.093763e+02  1.722616e+02 -8.699186e-14  7.986564e+01  3.675562e+01 -3.677714e-14 
  409.000  5.649563e+02  1.886529e+02  3.779004e-12  8.858009e+01  4.030305e+01  5.761479e-13 
  410.000  4.732592e+02  1.560529e+02  2.818804e-12  7.420280e+01  3.337939e+01  4.665855e-13 
  411.000  5.568099e+02  1.813126e+02 -3.040513e-12  8.730280e+01  3.882934e+01 -5.524574e-13 
  412.000  5.780223e+02  1.858820e+02 -6.677440e-13  9.062872e+01  3.985540e+01 -1.471429e-14 
  413.000  5.470229e+02  1.737392e+02  3.638224e-13  8.576830e+01  3.729598e+01 -9.852447e-14 
  414.000  5.377763e+02  1.686939e+02 -1.077070e-12  8.431851e+01  3.625468e+01 -1.174986e-13 
  415.000  5.745712e+02  1.780309e+02 -1.022120e-12  9.008762e+01  3.830580e+01 -2.273938e-13 
  416.000  5.720579e+02  1.750916e+02 -6.667851e-13  8.969356e+01  3.771640e+01 -2.554220e-13 
  417.000  5.555841e+02  1.679850e+02 -2.768083e-13  8.711061e+01  3.622634e+01 -4.139963e-14 
  418.000  5.443733e+02  1.626049e+02  3.075247e-13  8.535286e+01  3.510512e+01  4.635415e-14 
  419.000  5.586084e+02  1.648473e+02 -3.487977e-13  8.758479e+01  3.562826e+01 -1.313449e-13 
  420.000  4.735554e+02  1.380721e+02  1.552401e-14  7.424925e+01  2.987369e+01  1.288784e-14 
  421.000  5.942226e+02  1.711867e+02 -1.282509e-13  9.316879e+01  3.707835e+01 -4.829475e-14 
  422.000  5.702421e+02  1.623270e+02 -1.963837e-13  8.940886e+01  3.519695e+01  8.150856e-14 
  423.000  4.823143e+02  1.356738e+02  8.315184e-13  7.562256e+01  2.944894e+01  1.256114e-13 
  424.000  5.312866e+02  1.476898e+02 -5.882693e-13  8.330097e+01  3.209064e+01 -1.633212e-13 
  425.000  5.510226e+02  1.513777e+02  2.272766e-13  8.639540e+01  3.292564e+01 -5.866578e-14 
  426.000  5.304190e+02  1.440137e+02 -3.486852e-14  8.316495e+01  3.135558e+01 -3.233448e-14 
  427.000  5.108993e+02  1.370988e+02 -8.657343e-13  8.010443e+01  2.987989e+01 -2.022696e-14 
  428.000  5.180149e+02  1.373961e+02 -8.290873e-13  8.122009e+01  2.997426e+01 -1.633996e-13 
  429.000  4.718841e+02  1.237147e+02  8.865635e-13  7.398719e+01  2.701591e+01  2.359663e-13 
  430.000  3.770334e+02  9.770998e+01  3.832763e-14  5.911546e+01  2.135772e+01  4.129427e-14 
  431.000  3.394101e+02  8.695187e+01 -2.562349e-13  5.321646e+01  1.902431e+01 -5.554219e-14 
  432.000  6.116940e+02  1.549184e+02 -1.109301e-13  9.590814e+01  3.392672e+01 -1.582747e-14 
  433.000  5.451552e+02  1.364971e+02 -1.290247e-12  8.547546e+01  2.992035e+01 -1.672186e-13 
  434.000  5.187653e+02  1.284191e+02  1.905218e-13  8.133775e+01  2.817557e+01  4.262818e-14 
  435.000  5.650679e+02  1.383038e+02 -1.535593e-13  8.859760e+01  3.037194e+01 -5.782499e-14 
  436.000  6.273016e+02  1.518109e+02 -2.762218e-13  9.835528e+01  3.336809e+01 -5.596301e-14 
  437.000  6.340775e+02  1.517332e+02 -6.715443e-13  9.941766e+01  3.338055e+01 -1.384908e-13 
  438.000  5.686392e+02  1.345564e+02  2.099028e-13  8.915752e+01  2.962761e+01  6.331623e-14 
  439.000  5.508683e+02  1.289036e+02  6.844018e-13  8.637122e+01  2.840750e+01  5.278595e-14 
  440.000  6.180870e+02  1.430311e+02  9.532870e-13  9.691051e+01  3.154760e+01  9.163877e-14 
  441.000  6.167458e+02  1.411457e+02 -7.324065e-14  9.670021e+01  3.115769e+01  6.178138e-15 
  442.000  6.502462e+02  1.471751e+02  1.573846e-13  1.019528e+02  3.251520e+01  1.622971e-15 
  443.000  6.552794e+02  1.466874e+02  8.401973e-13  1.027420e+02  3.243339e+01  1.516037e-13 
  444.000  6.516955e+02  1.442896e+02  1.361751e-13  1.021800e+02  3.192822e+01  4.686374e-14 
  445.000  6.862054e+02  1.502725e+02 -2.605219e-13  1.075909e+02  3.327740e+01  8.480994e-15 
  446.000  6.114317e+02  1.324390e+02  2.250684e-13  9.586701e+01  2.934971e+01  2.712152e-14 
  447.000  6.980573e+02  1.495707e+02 -1.943431e-14  1.094491e+02  3.317189e+01 -1.200293e-14 
  448.000  7.104175e+02  1.505974e+02 -3.694565e-14  1.113871e+02  3.342790e+01 -1.391243e-14 
  449.000  7.159906e+02  1.501723e+02 -1.682188e-13  1.122609e+02  3.336232e+01 -6.811704e-14 
  450.000  7.323400e+02  1.519791e+02 -8.315783e-14  1.148243e+02  3.379214e+01  1.246272e-14 
  451.000  7.922205e+02  1.626705e+02 -3.288990e-13  1.242131e+02  3.619856e+01 -5.567089e-14 
  452.000  7.371550e+02  1.497678e+02  2.130392e-13  1.155793e+02  3.335331e+01  2.670982e-14 
  453.000  6.849057e+02  1.376885e+02  2.183743e-13  1.073871e+02  3.068646e+01  4.618257e-14 
  454.000  7.308680e+02  1.453866e+02  3.702122e-13  1.145936e+02  3.242610e+01  5.790798e-14 
  455.000  7.365942e+02  1.449913e+02 -6.442778e-13  1.154914e+02  3.236132e+01 -1.269767e-13 
  456.000  7.550157e+02  1.470623e+02  8.577323e-13  1.183797e+02  3.284642e+01  8.654535e-14 
  457.000  7.598162e+02  1.464558e+02 -5.855713e-13  1.191324e+02  3.273384e+01 -1.067804e-13 
  458.000  7.470061e+02  1.424918e+02 -4.082671e-13  1.171239e+02  3.186977e+01  1.597347e-14 
  459.000  7.474556e+02  1.411008e+02 -1.313005e-12  1.171943e+02  3.157985e+01 -1.169203e-13 
  460.000  7.414793e+02  1.385284e+02  4.120816e-13  1.162573e+02  3.102475e+01  9.291239e-14 
  461.000  7.689028e+02  1.421748e+02  5.262968e-14  1.205571e+02  3.186234e+01  0.000000e+00 
  462.000  7.569008e+02  1.385202e+02 -4.210909e-13  1.186753e+02  3.106331e+01 -3.205792e-14 
  463.000  7.576092e+02  1.372324e+02  3.487260e-13  1.187863e+02  3.079400e+01  1.956327e-14 
  464.000  7.607968e+02  1.364160e+02  4.913602e-14  1.192861e+02  3.063108e+01 -1.068265e-14 
  465.000  7.503549e+02  1.331863e+02  4.092961e-14  1.176489e+02  2.992527e+01  2.976142e-14 
  466.000  7.747933e+02  1.361396e+02 -1.581958e-13  1.214806e+02  3.060814e+01 -5.406931e-15 
  467.000  7.480735e+02  1.301234e+02 -1.953326e-13  1.172912e+02  2.927333e+01 -4.511289e-14 
  468.000  7.924192e+02  1.364464e+02 -3.634641e-14  1.242442e+02  3.071288e+01 -3.667360e-15 
  469.000  7.858476e+02  1.339450e+02 -1.451846e-13  1.232139e+02  3.016487e+01 -1.996343e-14 
  470.000  7.753594e+02  1.308164e+02 -2.708031e-13  1.215694e+02  2.947334e+01 -4.825938e-14 
  471.000  7.742564e+02  1.293005e+02 -3.912498e-14  1.213965e+02  2.914288e+01 -1.960146e-14 
  472.000  7.839487e+02  1.295831e+02 -1.785740e-14  1.229161e+02  2.921613e+01 -1.801815e-15 
  473.000  7.755259e+02  1.268764e+02  1.273478e-13  1.215955e+02  2.861322e+01  2.849336e-14 
  474.000  7.818340e+02  1.265931e+02  5.589362e-14  1.225846e+02  2.855495e+01  1.614620e-14 
  475.000  8.133915e+02  1.303217e+02 -3.964846e-14  1.275325e+02  2.939556e+01 -1.493021e-14 
  476.000  7.882371e+02  1.249413e+02  1.793430e-14  1.235885e+02  2.817552e+01  1.809574e-15 
  477.000  7.808839e+02  1.224821e+02  5.586009e-14  1.224356e+02  2.761946e+01  1.613651e-14 
  478.000  8.196730e+02  1.273515e+02 -3.855254e-14  1.285174e+02  2.874021e+01 -9.387886e-15 
  479.000  7.827820e+02  1.205357e+02  9.107260e-14  1.227332e+02  2.723536e+01  1.965196e-14 
  480.000  7.985450e+02  1.218856e+02  1.490994e-13  1.252047e+02  2.757682e+01  3.630703e-14 
  481.000  7.939798e+02  1.201089e+02  2.166553e-14  1.244889e+02  2.720627e+01  1.798645e-14 
  482.000  8.109260e+02  1.215626e+02 -1.283311e-13  1.271459e+02  2.756302e+01 -1.831024e-14 
  483.000  8.120589e+02  1.206147e+02  1.643894e-13  1.273236e+02  2.737132e+01  2.194087e-14 
  484.000  7.810605e+02  1.149311e+02 -5.590688e-14  1.224633e+02  2.610005e+01 -2.105255e-14 
  485.000  7.870247e+02  1.147234e+02 -3.496524e-14  1.233984e+02  2.606909e+01 -3.527999e-15 
  486.000  6.383528e+02  9.217987e+01  8.894946e-14  1.000880e+02  2.095866e+01  2.569516e-14 
  487.000  7.178070e+02  1.026835e+02  9.829090e-13  1.125457e+02  2.335986e+01  1.601329e-13 
  488.000  7.797371e+02  1.104996e+02 -2.138056e-13  1.222558e+02  2.515137e+01 -5.206356e-14 
  489.000  7.251548e+02  1.018054e+02  2.713914e-13  1.136978e+02  2.318448e+01  9.339753e-14 
  490.000  8.259147e+02  1.148720e+02  4.158297e-13  1.294960e+02  2.617353e+01  3.659885e-14 
  491.000  7.730724e+02  1.065197e+02  1.488677e-13  1.212108e+02  2.428211e+01  0.000000e+00 
  492.000  7.430797e+02  1.014332e+02  8.123284e-14  1.165082e+02  2.313328e+01 -5.907505e-14 
  493.000  8.004933e+02  1.082559e+02 -1.287272e-13  1.255102e+02  2.470064e+01 -3.882997e-14 
  494.000  7.734999e+02  1.036359e+02 -6.508472e-14  1.212779e+02  2.365704e+01  3.405793e-15 
  495.000  8.270607e+02  1.097889e+02 -1.351841e-13  1.296757e+02  2.507279e+01 -5.090555e-14 
  496.000  8.054643e+02  1.059311e+02 -1.590738e-13  1.262896e+02  2.420169e+01 -2.123140e-14 
  497.000  7.813013e+02  1.018045e+02  1.481794e-13  1.225011e+02  2.326845e+01  6.517005e-14 
  498.000  7.628018e+02  9.847903e+01  1.042609e-13  1.196005e+02  2.251756e+01  3.011825e-14 
  499.000  7.609155e+02  9.733289e+01  4.747585e-15  1.193047e+02  2.226427e+01  2.001618e-14 
  500.000  7.575186e+02  9.601081e+01 -1.233951e-13  1.187721e+02  2.197043e+01 -4.646624e-14 
  501.000  7.404754e+02  9.299236e+01  2.501667e-13  1.160999e+02  2.128772e+01 -3.242535e-15 
  502.000  7.355623e+02  9.153351e+01 -1.697509e-13  1.153296e+02  2.096165e+01  6.438444e-15 
  503.000  7.793442e+02  9.610075e+01 -2.893407e-14  1.221942e+02  2.201583e+01  1.704479e-14 
  504.000  7.250341e+02  8.859345e+01 -2.255469e-15  1.136789e+02  2.030338e+01 -9.509227e-15 
  505.000  7.819396e+02  9.468263e+01  3.749320e-13  1.226011e+02  2.170656e+01  4.783595e-14 
  506.000  8.373182e+02  1.004840e+02  6.980839e-14  1.312840e+02  2.304602e+01 -3.652976e-15 
  507.000  7.792812e+02  9.268809e+01  1.609486e-13  1.221843e+02  2.126678e+01 -1.357665e-14 
  508.000  7.475461e+02  8.812603e+01 -1.737172e-13  1.172085e+02  2.022837e+01 -3.250577e-15 
  509.000  8.063251e+02  9.421564e+01  4.956562e-13  1.264246e+02  2.163495e+01  9.101210e-14 
  510.000  7.814850e+02  9.050805e+01  0.000000e+00  1.225298e+02  2.079179e+01  0.000000e+00 
  511.000  7.818603e+02  8.975402e+01  4.096895e-13  1.225887e+02  2.062645e+01  7.106549e-14 
  512.000  8.207397e+02  9.338953e+01 -4.432689e-13  1.286846e+02  2.147003e+01 -6.030766e-14 
  513.000  7.512823e+02  8.473745e+01  2.594246e-13  1.177943e+02  1.948826e+01  3.567185e-14 
  514.000  7.356287e+02  8.224705e+01  9.202744e-14  1.153400e+02  1.892252e+01  0.000000e+00 
  515.000  7.511118e+02  8.324659e+01 -1.797098e-13  1.177676e+02  1.915953e+01 -3.233549e-14 
  516.000  7.889680e+02  8.667958e+01 -3.363115e-14  1.237031e+02  1.995647e+01 -3.393390e-15 
  517.000  5.810909e+02  6.328377e+01  1.158459e-13  9.110985e+01  1.457459e+01  2.997473e-14 
  518.000  7.193121e+02  7.765442e+01 -3.435049e-13  1.127817e+02  1.788978e+01 -6.180740e-14 
  519.000  6.813737e+02  7.291972e+01  7.561558e-14  1.068333e+02  1.680417e+01  2.048069e-14 
  520.000  7.500536e+02  7.957453e+01  6.380604e-14  1.176017e+02  1.834336e+01  6.438041e-15 
  521.000  7.503368e+02  7.891586e+01 -1.595010e-13  1.176461e+02  1.819680e+01 -1.609368e-14 
  522.000  7.799360e+02  8.131895e+01  8.406034e-14  1.222870e+02  1.875588e+01  1.337862e-14 
  523.000  7.263793e+02  7.507837e+01 -1.113536e-13  1.138898e+02  1.732048e+01 -2.491474e-14 
  524.000  7.878996e+02  8.073363e+01 -8.488282e-14  1.235356e+02  1.862947e+01 -1.350952e-14 
  525.000  7.814005e+02  7.937636e+01 -2.501259e-13  1.225166e+02  1.832016e+01 -3.014103e-14 
  526.000  7.445002e+02  7.497964e+01  6.323198e-14  1.167310e+02  1.730961e+01  6.380119e-15 
  527.000  6.501483e+02  6.491507e+01 -3.844128e-14  1.019374e+02  1.498930e+01  8.357508e-15 
  528.000  7.805480e+02  7.726685e+01  2.320627e-13  1.223829e+02  1.784501e+01  2.341517e-14 
  529.000  8.024189e+02  7.875282e+01  1.047029e-13  1.258121e+02  1.819186e+01  2.063524e-14 
  530.000  7.579432e+02  7.375415e+01 -4.945561e-14  1.188387e+02  1.704068e+01 -9.746896e-15 
  531.000  8.247239e+02  7.957122e+01 -6.504970e-14  1.293093e+02  1.838853e+01  1.414244e-14 
  532.000  7.865267e+02  7.524590e+01  1.312693e-13  1.233203e+02  1.739305e+01  3.371796e-15 
  533.000  6.907644e+02  6.553401e+01  2.052921e-13  1.083057e+02  1.515258e+01  2.071402e-14 
  534.000  7.511135e+02  7.067319e+01  3.186017e-14  1.177679e+02  1.634676e+01  3.214698e-15 
  535.000  7.663179e+02  7.151586e+01  5.220328e-14  1.201518e+02  1.654837e+01  1.965791e-14 
  536.000  8.131030e+02  7.526411e+01  3.072937e-13  1.274873e+02  1.742254e+01  2.083689e-14 
  537.000  7.543214e+02  6.925375e+01  1.082167e-13  1.182708e+02  1.603705e+01 -3.218781e-15 
  538.000  7.895658e+02  7.189752e+01 -1.024869e-13  1.237968e+02  1.665475e+01 -2.019851e-14 
  539.000  7.869054e+02  7.107026e+01 -2.385548e-15  1.233797e+02  1.646824e+01 -1.005765e-14 
  540.000  7.700367e+02  6.897930e+01 -3.482406e-14  1.207349e+02  1.598843e+01 -1.311351e-14 
  541.000  7.060640e+02  6.273361e+01  1.329041e-13  1.107045e+02  1.454494e+01  9.011921e-15 
  542.000  7.875658e+02  6.940601e+01 -1.540205e-14  1.234833e+02  1.609641e+01  3.348556e-15 
  543.000  7.532941e+02  6.584686e+01  1.586145e-13  1.181098e+02  1.527509e+01  1.600423e-14 
  544.000  7.944598e+02  6.888159e+01  1.552012e-14  1.245642e+02  1.598310e+01 -3.374225e-15 
  545.000  7.825265e+02  6.729686e+01  1.528210e-14  1.226931e+02  1.561915e+01 -3.322476e-15 
  546.000  7.650275e+02  6.525963e+01  1.287289e-13  1.199494e+02  1.514990e+01  1.298877e-14 
  547.000  7.974320e+02  6.747530e+01  3.594253e-14  1.250302e+02  1.566801e+01  1.353469e-14 
  548.000  7.398044e+02  6.209526e+01 -1.099742e-13  1.159947e+02  1.442211e+01 -1.569109e-14 
  549.000  7.784989e+02  6.481851e+01  3.271944e-14  1.220617e+02  1.505810e+01  3.301397e-15 
  550.000  7.613651e+02  6.288330e+01  2.297192e-15  1.193752e+02  1.461172e+01  9.685132e-15 
  551.000  7.566278e+02  6.199037e+01  1.124373e-13  1.186325e+02  1.440708e+01  1.604251e-14 
  552.000  7.892813e+02  6.414813e+01  5.333217e-14  1.237523e+02  1.491154e+01  2.008301e-14 
  553.000  7.583928e+02  6.114491e+01  4.667243e-14  1.189092e+02  1.421608e+01  0.000000e+00 
  554.000  7.832067e+02  6.264164e+01 -2.681242e-13  1.227998e+02  1.456672e+01 -4.650932e-14 
  555.000  7.854501e+02  6.232091e+01 -6.604573e-14  1.231515e+02  1.449472e+01 -6.664027e-15 
  556.000  7.638253e+02  6.012331e+01  2.145435e-13  1.197609e+02  1.398598e+01  4.537241e-14 
  557.000  7.411541e+02  5.787484e+01 -1.670710e-14  1.162063e+02  1.346495e+01 -6.291304e-15 
  558.000  7.692994e+02  5.959572e+01 -4.971748e-14  1.206193e+02  1.386730e+01 -9.798506e-15 
  559.000  7.271415e+02  5.588317e+01  1.420488e-14  1.140093e+02  1.300514e+01 -3.088280e-15 
  560.000  7.303018e+02  5.568059e+01 -8.240393e-14  1.145048e+02  1.295938e+01 -3.103040e-14 
  561.000  8.025752e+02  6.070498e+01  2.427734e-15  1.258366e+02  1.412995e+01  1.023551e-14 
  562.000  7.366133e+02  5.526762e+01 -7.764859e-14  1.154944e+02  1.286390e+01 -7.834757e-15 
  563.000  7.705867e+02  5.735673e+01 -3.134399e-14  1.208211e+02  1.335059e+01  1.640187e-15 
  564.000  7.596362e+02  5.608998e+01 -6.414513e-14  1.191041e+02  1.305550e+01 -6.472257e-15 
  565.000  7.684805e+02  5.628457e+01  1.160091e-13  1.204909e+02  1.309920e+01  2.130153e-14 
  566.000  7.083403e+02  5.146498e+01  2.996410e-14  1.110614e+02  1.197680e+01  3.023384e-15 
  567.000  7.594827e+02  5.471842e+01  1.724943e-14  1.190801e+02  1.272829e+01  6.495526e-15 
  568.000  7.570252e+02  5.403217e+01 -7.477442e-15  1.186948e+02  1.255147e+01  1.625668e-15 
  569.000  7.413746e+02  5.235939e+01  1.918766e-14  1.162409e+02  1.213037e+01  3.221566e-15 
  570.000  7.449973e+02  5.221393e+01  1.371819e-14  1.168089e+02  1.209958e+01  3.743938e-15 
  571.000  7.183629e+02  5.003193e+01 -5.424952e-14  1.126329e+02  1.161280e+01 -7.740306e-15 
  572.000  7.585992e+02  5.230701e+01  0.000000e+00  1.189416e+02  1.211528e+01  0.000000e+00 
  573.000  7.662455e+02  5.243872e+01 -2.409445e-14  1.201404e+02  1.214945e+01  0.000000e+00 
  574.000  7.618443e+02  5.173391e+01 -7.596529e-15  1.194504e+02  1.198645e+01  1.651559e-15 
  575.000  7.430976e+02  5.005775e+01  1.597795e-14  1.165110e+02  1.159528e+01  1.612178e-15 
  576.000  7.298828e+02  4.878625e+01  5.547096e-14  1.144391e+02  1.130021e+01  7.914581e-15 
  577.000  7.607225e+02  5.048914e+01  2.505957e-14  1.192745e+02  1.170189e+01  4.938833e-15 
  578.000  7.392786e+02  4.873893e+01 -3.161271e-14  1.159123e+02  1.130714e+01 -3.189728e-15 
  579.000  7.347906e+02  4.812394e+01  0.000000e+00  1.152086e+02  1.117565e+01  0.000000e+00 
  580.000  7.618837e+02  4.958085e+01  0.000000e+00  1.194565e+02  1.152763e+01  0.000000e+00 
  581.000  7.502204e+02  4.853591e+01  8.486004e-15  1.176278e+02  1.130324e+01  3.195529e-15 
  582.000  7.631667e+02  4.905717e+01 -1.295118e-13  1.196577e+02  1.143723e+01 -1.780835e-14 
  583.000  7.698763e+02  4.915014e+01 -2.594849e-14  1.207097e+02  1.146666e+01 -9.771283e-15 
  584.000  7.687839e+02  4.874408e+01  1.607448e-14  1.205384e+02  1.137940e+01  1.621918e-15 
  585.000  7.648052e+02  4.814931e+01 -3.191608e-14  1.199146e+02  1.124547e+01 -3.220339e-15 
  586.000  7.329014e+02  4.581326e+01  2.344262e-14  1.149124e+02  1.070407e+01  4.620159e-15 
  587.000  7.624143e+02  4.727200e+01  5.731754e-14  1.195397e+02  1.103853e+01  1.282448e-14 
  588.000  7.551862e+02  4.632643e+01  2.163436e-14  1.184064e+02  1.078250e+01  5.658009e-15 
  589.000  6.692097e+02  4.056651e+01 -6.648108e-15  1.049261e+02  9.396138e+00  2.361297e-15 
  590.000  6.991729e+02  4.206573e+01 -1.067129e-14  1.096240e+02  9.742561e+00  8.382554e-16 
  591.000  7.440366e+02  4.457392e+01 -1.898810e-14  1.166583e+02  1.036012e+01 -3.437988e-15 
  592.000  7.299417e+02  4.334211e+01  2.732331e-14  1.144483e+02  1.005735e+01  2.732198e-15 
  593.000  7.386823e+02  4.370428e+01  1.142584e-14  1.158188e+02  1.018346e+01  4.537971e-15 
  594.000  7.457546e+02  4.376550e+01  8.419125e-15  1.169276e+02  1.018995e+01  4.324243e-15 
  595.000  7.314473e+02  4.250771e+01  2.084089e-14  1.146844e+02  9.871136e+00  4.189567e-15 
  596.000  7.502034e+02  4.344187e+01  3.854021e-14  1.176252e+02  1.012953e+01  9.409070e-15 
  597.000  7.522160e+02  4.320557e+01 -3.417696e-15  1.179407e+02  1.006656e+01 -1.046793e-15 
  598.000  7.369108e+02  4.209019e+01  3.671835e-15  1.155410e+02  9.824685e+00  3.887615e-15 
  599.000  7.370497e+02  4.182441e+01 -7.969221e-15  1.155628e+02  9.770870e+00  1.144691e-15 
  600.000  7.369493e+02  4.157564e+01  1.099840e-15  1.155471e+02  9.728054e+00  4.637007e-15 
  601.000  7.328331e+02  4.109867e+01 -3.963394e-14  1.149017e+02  9.629104e+00 -1.073496e-14 
  602.000  7.246747e+02  4.036597e+01 -3.113371e-14  1.136225e+02  9.462054e+00 -7.581335e-15 
  603.000  7.294337e+02  4.035998e+01 -4.530848e-14  1.143687e+02  9.465784e+00 -4.571635e-15 
  604.000  7.533788e+02  4.140955e+01 -4.333004e-14  1.181230e+02  9.717600e+00  9.420370e-15 
  605.000  7.522262e+02  4.106416e+01 -1.216739e-14  1.179423e+02  9.640043e+00  1.251773e-14 
  606.000  7.441805e+02  4.034228e+01 -3.063743e-14  1.166808e+02  9.472651e+00 -3.091322e-15 
  607.000  7.406644e+02  3.987225e+01 -1.381112e-13  1.161296e+02  9.364188e+00 -1.843355e-14 
  608.000  7.386315e+02  3.948639e+01  3.032129e-14  1.158108e+02  9.275380e+00  3.059424e-15 
  609.000  7.317066e+02  3.884404e+01  1.607466e-14  1.147250e+02  9.126096e+00  6.053148e-15 
  610.000  7.206487e+02  3.799144e+01  5.688228e-14  1.129913e+02  8.927345e+00 -2.976570e-15 
  611.000  7.330632e+02  3.837802e+01 -3.211163e-14  1.149377e+02  9.019702e+00 -1.209211e-14 
  612.000  7.242181e+02  3.765229e+01  3.167479e-14  1.135509e+02  8.850537e+00  1.192760e-14 
  613.000  7.143118e+02  3.687991e+01  5.820968e-14  1.119977e+02  8.670219e+00  5.873368e-15 
  614.000  6.891567e+02  3.533459e+01 -4.306494e-14  1.080536e+02  8.307992e+00 -8.487399e-15 
  615.000  7.228258e+02  3.680459e+01 -2.108386e-15  1.133326e+02  8.654733e+00 -8.889113e-15 
  616.000  6.878770e+02  3.478274e+01 -1.295173e-14  1.078530e+02  8.180197e+00  2.815833e-15 
  617.000  6.923481e+02  3.476614e+01  4.509827e-14  1.085540e+02  8.176995e+00  1.698241e-14 
  618.000  7.255348e+02  3.617921e+01 -1.054115e-15  1.137574e+02  8.509797e+00 -4.444229e-15 
  619.000  7.193469e+02  3.562002e+01 -7.376062e-14  1.127871e+02  8.378361e+00 -1.173937e-14 
  620.000  7.304161e+02  3.591508e+01 -4.532291e-14  1.145227e+02  8.447666e+00 -8.932407e-15 
  621.000  7.433803e+02  3.629574e+01  3.001105e-14  1.165554e+02  8.536757e+00  3.028121e-15 
  622.000  7.044884e+02  3.415416e+01 -5.582745e-14  1.104575e+02  8.032316e+00 -1.433989e-15 
  623.000  7.102450e+02  3.418826e+01  2.967339e-14  1.113601e+02  8.039039e+00  7.225735e-15 
  624.000  7.112717e+02  3.399497e+01  2.099124e-14  1.115210e+02  7.992386e+00  0.000000e+00 
  625.000  6.922173e+02  3.284940e+01  7.474937e-15  1.085335e+02  7.721714e+00  2.814797e-15 
  626.000  6.958865e+02  3.278219e+01  1.402560e-14  1.091088e+02  7.702930e+00  1.415186e-15 
  627.000  7.072562e+02  3.302314e+01 -2.199548e-14  1.108914e+02  7.745225e+00 -4.334952e-15 
  628.000  6.885999e+02  3.161942e+01  1.110987e-14  1.079663e+02  7.343966e+00  4.356384e-15 
  629.000  7.129087e+02  3.269169e+01  1.586685e-14  1.117777e+02  7.635737e+00  3.900844e-15 
  630.000  6.897336e+02  3.144701e+01  1.011273e-14  1.081441e+02  7.353401e+00  1.924698e-15 
  631.000  7.169989e+02  3.252495e+01 -7.802022e-15  1.124190e+02  7.618948e+00 -2.937966e-15 
  632.000  6.697427e+02  3.018107e+01  1.507828e-14  1.050097e+02  7.070121e+00  2.243086e-15 
  633.000  7.203755e+02  3.231782e+01  4.445539e-14  1.129484e+02  7.588160e+00  8.761434e-15 
  634.000  7.003900e+02  3.124833e+01  6.496018e-15  1.098149e+02  7.345745e+00 -1.412297e-15 
  635.000  7.145390e+02  3.168149e+01  3.712064e-14  1.120333e+02  7.451310e+00  1.005423e-14 
  636.000  6.906289e+02  3.044090e+01 -2.105362e-14  1.082844e+02  7.165261e+00 -4.149326e-15 
  637.000  7.147299e+02  3.131269e+01  3.585782e-14  1.120632e+02  7.375198e+00  5.706949e-15 
  638.000  7.270101e+02  3.167389e+01  7.673924e-15  1.139887e+02  7.468448e+00  2.889728e-15 
  639.000  7.222260e+02  3.126964e+01  2.939403e-14  1.132386e+02  7.376483e+00  7.157707e-15 
  640.000  7.006114e+02  3.015382e+01 -5.585281e-14  1.098496e+02  7.118300e+00 -9.688332e-15 
  641.000  7.117158e+02  3.043677e+01 -2.880455e-14  1.115907e+02  7.187207e+00 -7.014163e-15 
  642.000  7.041157e+02  2.993017e+01  6.859035e-14  1.103990e+02  7.071838e+00  6.920779e-15 
  643.000  7.172567e+02  3.027746e+01 -1.196276e-14  1.124594e+02  7.152108e+00  7.047149e-15 
  644.000  7.097839e+02  2.977000e+01 -1.280948e-14  1.112878e+02  7.033817e+00  2.784904e-15 
  645.000  7.165933e+02  2.983755e+01 -7.716537e-14  1.123554e+02  7.045668e+00 -9.845196e-15 
  646.000  6.897656e+02  2.845212e+01  4.634139e-14  1.081491e+02  6.700070e+00  5.687881e-15 
  647.000  6.995803e+02  2.861512e+01  3.448453e-14  1.096879e+02  6.726006e+00  4.168472e-15 
  648.000  6.986059e+02  2.833475e+01 -1.102794e-14  1.095351e+02  6.646894e+00 -4.152732e-15 
  649.000  7.134241e+02  2.879866e+01  1.706018e-14  1.118585e+02  6.769046e+00  6.718352e-16 
  650.000  6.621561e+02  2.665559e+01  2.067292e-14  1.038202e+02  6.289768e+00  3.669692e-15 
  651.000  7.138268e+02  2.855038e+01  5.959989e-14  1.119217e+02  6.737598e+00  5.966985e-15 
  652.000  7.001303e+02  2.773137e+01 -4.849178e-15  1.097742e+02  6.523273e+00  1.836816e-15 
  653.000  7.153488e+02  2.825956e+01 -2.803310e-14  1.121603e+02  6.673875e+00 -6.902644e-15 
  654.000  7.064734e+02  2.771767e+01  5.455960e-14  1.107687e+02  6.543736e+00  1.553318e-14 
  655.000  6.881749e+02  2.678895e+01  6.116548e-14  1.078997e+02  6.316192e+00  9.104495e-15 
  656.000  5.847620e+02  2.262904e+01  2.769041e-14  9.168544e+01  5.338582e+00  5.788358e-15 
  657.000  6.246445e+02  2.403635e+01  8.014261e-15  9.793865e+01  5.675457e+00  1.931960e-15 
  658.000  6.962589e+02  2.665178e+01  1.334560e-14  1.091672e+02  6.301152e+00  1.346574e-15 
  659.000  6.984717e+02  2.658950e+01 -2.669191e-14  1.095141e+02  6.292181e+00 -2.693219e-15 
  660.000  7.045486e+02  2.666146e+01 -1.966926e-14  1.104669e+02  6.312243e+00  0.000000e+00 
  661.000  7.082496e+02  2.666143e+01  0.000000e+00  1.110472e+02  6.319417e+00  0.000000e+00 
  662.000  7.190118e+02  2.690894e+01 -1.460549e-14  1.127346e+02  6.381674e+00 -5.499909e-15 
  663.000  7.116013e+02  2.646188e+01  4.139152e-14  1.115727e+02  6.275944e+00  8.157595e-15 
  664.000  7.007311e+02  2.589702e+01 -7.950074e-14  1.098684e+02  6.143350e+00 -8.021641e-15 
  665.000  7.043538e+02  2.587190e+01 -9.404681e-14  1.104364e+02  6.139038e+00 -1.341857e-14 
  666.000  7.134208e+02  2.604703e+01 -7.875596e-14  1.118580e+02  6.182662e+00  0.000000e+00 
  667.000  6.997991e+02  2.539414e+01 -1.222586e-14  1.097222e+02  6.029281e+00  2.658021e-15 
  668.000  7.043294e+02  2.540451e+01  1.058826e-13  1.104325e+02  6.033623e+00  1.068357e-14 
  669.000  7.149816e+02  2.563037e+01 -6.612553e-14  1.121027e+02  6.088449e+00 -2.707713e-15 
  670.000  7.069454e+02  2.518606e+01  4.070333e-14  1.108427e+02  5.983864e+00  8.021963e-15 
  671.000  6.999745e+02  2.478462e+01  6.457645e-14  1.097497e+02  5.889517e+00  2.644281e-15 
  672.000  6.982039e+02  2.456968e+01  1.586671e-14  1.094721e+02  5.839289e+00  1.317234e-14 
  673.000  7.037144e+02  2.461124e+01 -1.173387e-13  1.103361e+02  5.849990e+00 -7.956468e-15 
  674.000  7.055869e+02  2.452514e+01  2.002673e-13  1.106297e+02  5.830333e+00  3.187352e-14 
  675.000  6.953044e+02  2.401956e+01 -7.587155e-14  1.090175e+02  5.710938e+00  0.000000e+00 
  676.000  7.089133e+02  2.433957e+01  2.828342e-14  1.111513e+02  5.787781e+00  1.065054e-14 
  677.000  6.952559e+02  2.372447e+01 -1.846936e-13  1.090099e+02  5.642229e+00 -3.391332e-14 
  678.000  7.072032e+02  2.398465e+01 -3.657911e-14  1.108831e+02  5.704832e+00  7.952654e-15 
  679.000  6.976306e+02  2.351464e+01 -1.054328e-13  1.093822e+02  5.593529e+00 -1.828857e-14 
  680.000  6.926146e+02  2.319810e+01 -1.147076e-13  1.085958e+02  5.517776e+00 -7.778060e-15 
  681.000  6.936944e+02  2.308616e+01 -9.466671e-14  1.087651e+02  5.490347e+00 -2.855579e-14 
  682.000  6.925745e+02  2.290655e+01  2.566779e-14  1.085895e+02  5.447781e+00  2.589885e-15 
  683.000  6.975743e+02  2.292812e+01  3.783033e-14  1.093734e+02  5.452726e+00  0.000000e+00 
  684.000  6.854788e+02  2.238750e+01 -1.178133e-14  1.074769e+02  5.323354e+00  2.561376e-15 
  685.000  6.935704e+02  2.251862e+01 -1.841572e-15  1.087456e+02  5.355996e+00 -7.764206e-15 
  686.000  6.623669e+02  2.134253e+01 -2.460980e-14  1.038532e+02  5.069852e+00 -2.483133e-15 
  687.000  5.741163e+02  1.795175e+01 -3.228233e-15  9.001629e+01  4.137002e+00 -1.215638e-15 
  688.000  6.023883e+02  1.878333e+01  2.684967e-15  9.444909e+01  4.357929e+00  2.026118e-15 
  689.000  5.963594e+02  1.846213e+01  2.562714e-15  9.350381e+01  4.274621e+00  3.249961e-15 
  690.000  6.138594e+02  1.893049e+01  7.394265e-15  9.624765e+01  4.400439e+00  7.460827e-16 
  691.000  6.362278e+02  1.958837e+01  4.269824e-15  9.975482e+01  4.581957e+00  2.849568e-15 
  692.000  6.450993e+02  1.981961e+01  4.577413e-15  1.011458e+02  4.657371e+00  5.009979e-16 
  693.000  6.484951e+02  1.978871e+01  1.302933e-14  1.016782e+02  4.644980e+00  3.172758e-15 
  694.000  6.518238e+02  1.973815e+01 -3.070553e-15  1.022001e+02  4.623385e+00  1.896729e-17 
  695.000  6.467174e+02  1.951165e+01  1.120625e-15  1.013995e+02  4.583277e+00 -1.790534e-16 
  696.000  6.578887e+02  1.975883e+01 -5.848200e-15  1.031511e+02  4.649291e+00 -2.809357e-15 
  697.000  6.722947e+02  2.021311e+01  4.451813e-15  1.054098e+02  4.791861e+00 -7.469952e-16 
  698.000  6.574749e+02  1.961739e+01 -1.871179e-14  1.030862e+02  4.643283e+00 -1.250413e-15 
  699.000  6.583837e+02  1.940906e+01  3.939081e-14  1.032287e+02  4.564314e+00  5.872037e-15 
  700.000  6.528239e+02  1.914718e+01  1.113285e-15  1.023569e+02  4.507416e+00  4.192239e-16 
  701.000  6.358832e+02  1.851679e+01  2.774911e-14  9.970081e+01  4.353160e+00  5.277169e-15 
  702.000  6.348372e+02  1.839223e+01  1.643549e-14  9.953679e+01  4.328301e+00  5.020871e-15 
  703.000  6.534164e+02  1.891253e+01 -4.179468e-15  1.024499e+02  4.474986e+00 -3.925032e-16 
  704.000  6.559362e+02  1.887693e+01  1.305169e-14  1.028449e+02  4.467718e+00  2.545688e-15 
  705.000  6.572305e+02  1.876067e+01 -2.591851e-15  1.030479e+02  4.430104e+00 -2.170893e-15 
  706.000  6.512042e+02  1.848622e+01 -3.025884e-14  1.021030e+02  4.367332e+00 -6.742753e-15 
  707.000  6.429383e+02  1.815768e+01 -4.378615e-15  1.008070e+02  4.293321e+00 -1.648832e-15 
  708.000  6.633068e+02  1.863830e+01 -3.168528e-14  1.040006e+02  4.411004e+00 -1.314194e-15 
  709.000  6.428718e+02  1.799053e+01  1.014219e-14  1.007965e+02  4.265757e+00  4.338800e-16 
  710.000  6.546746e+02  1.817747e+01 -6.527658e-15  1.026471e+02  4.301616e+00 -2.458085e-15 
  711.000  6.515029e+02  1.801871e+01 -2.033563e-14  1.021498e+02  4.272773e+00 -2.022999e-15 
  712.000  6.453430e+02  1.777526e+01 -1.103887e-14  1.011840e+02  4.222608e+00 -4.156848e-15 
  713.000  6.405699e+02  1.751495e+01 -2.423629e-14  1.004356e+02  4.154897e+00 -2.502124e-15 
  714.000  6.508430e+02  1.768323e+01 -5.334655e-14  1.020463e+02  4.192894e+00 -1.207722e-14 
  715.000  6.246705e+02  1.683607e+01  1.199234e-14  9.794275e+01  3.983136e+00  1.210029e-15 
  716.000  6.373037e+02  1.704004e+01  3.415951e-14  9.992352e+01  4.022368e+00  3.770870e-15 
  717.000  5.946511e+02  1.565373e+01  2.673794e-15  9.323595e+01  3.650560e+00  1.006856e-15 
  718.000  5.750488e+02  1.499447e+01  0.000000e+00  9.016250e+01  3.475979e+00  0.000000e+00 
  719.000  5.626158e+02  1.456940e+01 -3.712981e-15  8.821313e+01  3.370848e+00 -1.398177e-15 
  720.000  5.576678e+02  1.433982e+01 -2.295141e-16  8.743732e+01  3.309057e+00  5.362900e-17 
  721.000  5.964107e+02  1.537295e+01  5.002547e-17  9.351187e+01  3.596617e+00  1.883782e-17 
  722.000  6.189671e+02  1.594425e+01 -1.233988e-14  9.704850e+01  3.754216e+00 -2.422895e-15 
  723.000  6.098477e+02  1.557093e+01  3.675645e-15  9.561867e+01  3.652834e+00  3.040001e-15 
  724.000  5.908844e+02  1.490768e+01  2.703445e-15  9.264539e+01  3.466247e+00  1.018022e-15 
  725.000  5.878942e+02  1.475727e+01 -4.169867e-16  9.217654e+01  3.435355e+00 -1.806414e-15 
  726.000  5.858430e+02  1.461881e+01 -4.290904e-15  9.185493e+01  3.402028e+00 -1.615803e-15 
  727.000  5.978275e+02  1.484375e+01  7.733809e-15  9.373400e+01  3.458560e+00  1.526497e-15 
  728.000  5.841591e+02  1.441113e+01  2.507956e-17  9.159090e+01  3.353751e+00  9.444075e-18 
  729.000  5.692971e+02  1.399354e+01 -9.894745e-15  8.926067e+01  3.267191e+00 -2.687114e-15 
  730.000  5.888887e+02  1.438827e+01 -4.560216e-16  9.233248e+01  3.357673e+00  1.065555e-16 
  731.000  5.774420e+02  1.402341e+01  5.841717e-15  9.053773e+01  3.270580e+00  5.928137e-16 
  732.000  6.028094e+02  1.461719e+01 -6.570356e-16  9.451511e+01  3.429215e+00  1.387987e-15 
  733.000  6.070851e+02  1.471831e+01  7.393457e-15  9.518549e+01  3.475695e+00  3.332043e-15 
  734.000  6.261505e+02  1.514363e+01  1.891439e-16  9.817478e+01  3.588675e+00  6.456694e-16 
  735.000  6.189763e+02  1.486784e+01 -5.431195e-15  9.704994e+01  3.518986e+00  1.210332e-15 
  736.000  6.034462e+02  1.438338e+01  1.509904e-15  9.461497e+01  3.396761e+00 -1.574159e-15 
  737.000  6.145895e+02  1.458885e+01 -2.655913e-14  9.636214e+01  3.451186e+00 -2.975300e-15 
  738.000  6.172488e+02  1.460264e+01  1.509849e-14  9.677910e+01  3.462846e+00 -7.674563e-16 
  739.000  5.990952e+02  1.410811e+01 -2.524735e-14  9.393275e+01  3.349218e+00 -5.322938e-15 
  740.000  6.087390e+02  1.428938e+01 -1.895296e-14  9.544483e+01  3.400578e+00 -1.912358e-15 
  741.000  6.061888e+02  1.417070e+01 -2.467389e-14  9.504497e+01  3.377275e+00 -4.178747e-15 
  742.000  5.971870e+02  1.389093e+01 -2.351381e-14  9.363356e+01  3.312691e+00 -7.905120e-15 
  743.000  6.166500e+02  1.428158e+01 -5.935090e-15  9.668520e+01  3.410138e+00 -2.234945e-15 
  744.000  6.234403e+02  1.436779e+01  2.315652e-14  9.774986e+01  3.432913e+00  5.638819e-15 
  745.000  6.079670e+02  1.394018e+01 -2.176838e-14  9.532378e+01  3.332373e+00 -2.196434e-15 
  746.000  6.170362e+02  1.407481e+01  2.206800e-14  9.674575e+01  3.365815e+00  2.226665e-15 
  747.000  6.269022e+02  1.422171e+01 -1.200949e-14  9.829264e+01  3.401309e+00 -4.522348e-15 
  748.000  6.160226e+02  1.390348e+01  7.933847e-14  9.658682e+01  3.326621e+00  1.775154e-14 
  749.000  6.165281e+02  1.384048e+01 -1.178594e-14  9.666608e+01  3.312206e+00 -4.438168e-15 
  750.000  6.074255e+02  1.355827e+01 -3.328451e-14  9.523888e+01  3.244203e+00 -6.559836e-15 
  751.000  6.060533e+02  1.345355e+01  1.158256e-14  9.502374e+01  3.219351e+00  4.361584e-15 
  752.000  6.159023e+02  1.360194e+01 -6.739020e-14  9.656796e+01  3.256063e+00 -1.328151e-14 
  753.000  6.103626e+02  1.340711e+01  2.638558e-13  9.569939e+01  3.209877e+00  3.946243e-14 
  754.000  6.201595e+02  1.354868e+01  2.427196e-13  9.723546e+01  3.244118e+00  2.449045e-14 
  755.000  6.167896e+02  1.340170e+01 -2.899029e-13  9.670707e+01  3.209127e+00 -4.869533e-14 
  756.000  6.049034e+02  1.307205e+01  1.106143e-13  9.484344e+01  3.130400e+00  2.386872e-14 
  757.000  6.094647e+02  1.309872e+01 -1.471858e-14  9.555860e+01  3.136898e+00 -1.748492e-14 
  758.000  6.077252e+02  1.298066e+01 -1.004796e-14  9.528587e+01  3.106724e+00  2.184525e-15 
  759.000  5.441010e+02  1.134371e+01 -9.961105e-15  8.531017e+01  2.661730e+00 -1.005077e-15 
  760.000  1.912919e+02  3.622650e+00  8.315706e-17  2.999286e+01  7.171519e-01  3.131400e-17 
  761.000  1.632324e+02  3.024882e+00 -8.419977e-17  2.559338e+01  5.795159e-01 -3.170666e-17 
  762.000  3.429641e+02  6.656719e+00  1.253835e-15  5.377369e+01  1.451357e+00  1.350962e-16 
  763.000  2.903883e+02  5.537862e+00 -2.924179e-16  4.553028e+01  1.168064e+00  6.357449e-17 
  764.000  3.217198e+02  6.131771e+00  3.220879e-16  5.044280e+01  1.313918e+00  1.212869e-16 
  765.000  3.948417e+02  7.651793e+00  0.000000e+00  6.190765e+01  1.707486e+00  0.000000e+00 
  766.000  4.604510e+02  9.169827e+00 -3.036007e-15  7.219460e+01  2.121698e+00 -1.143253e-15 
  767.000  5.106241e+02  1.016749e+01 -9.420814e-15  8.006128e+01  2.376773e+00 -1.219951e-15 
  768.000  5.602291e+02  1.117328e+01  6.687685e-15  8.783890e+01  2.636720e+00 -2.161469e-16 
  769.000  5.774161e+02  1.153865e+01 -3.351315e-14  9.053368e+01  2.744382e+00 -7.191837e-15 
  770.000  5.844171e+02  1.166699e+01  3.373145e-14  9.163136e+01  2.786614e+00  2.579883e-15 
  771.000  5.893147e+02  1.173127e+01 -4.174472e-14  9.239927e+01  2.808582e+00 -4.212051e-15 
  772.000  5.880821e+02  1.165116e+01  4.305580e-14  9.220601e+01  2.790987e+00  1.048447e-14 
  773.000  5.862083e+02  1.155508e+01 -4.435637e-14  9.191220e+01  2.768701e+00 -1.670304e-14 
  774.000  5.930440e+02  1.163124e+01  1.120264e-14  9.298399e+01  2.787814e+00  4.218518e-15 
  775.000  5.711307e+02  1.114434e+01  4.022831e-14  8.954817e+01  2.671723e+00  4.059045e-15 
  776.000  5.949235e+02  1.154862e+01 -2.303305e-13  9.327869e+01  2.769093e+00 -2.324040e-14 
  777.000  5.909321e+02  1.141056e+01 -2.094266e-13  9.265285e+01  2.736126e+00 -2.727471e-14 
  778.000  5.878479e+02  1.129051e+01  1.919795e-14  9.216928e+01  2.707337e+00 -4.173821e-15 
  779.000  5.898347e+02  1.126828e+01  6.523466e-14  9.248080e+01  2.701987e+00  1.884458e-14 
  780.000  5.826056e+02  1.107091e+01 -1.902476e-14  9.134734e+01  2.654634e+00  4.136167e-15 
  781.000  5.818475e+02  1.099992e+01  4.238662e-14  9.122847e+01  2.638072e+00  1.032152e-14 
  782.000  5.889255e+02  1.107456e+01 -4.290085e-14  9.233826e+01  2.655932e+00 -1.044674e-14 
  783.000  5.752305e+02  1.075968e+01 -1.025751e-13  9.019099e+01  2.580394e+00 -1.632533e-14 
  784.000  5.784081e+02  1.076044e+01 -5.158461e-14  9.068922e+01  2.580242e+00 -8.209946e-15 
  785.000  5.794925e+02  1.071714e+01  0.000000e+00  9.085924e+01  2.568418e+00  0.000000e+00 
  786.000  5.687127e+02  1.045195e+01  1.075976e-14  8.916907e+01  2.502571e+00  4.051745e-15 
  787.000  5.755591e+02  1.050255e+01 -8.539366e-15  9.024251e+01  2.510193e+00 -4.677161e-16 
  788.000  5.660133e+02  1.026365e+01  6.963050e-15  8.874581e+01  2.450685e+00  4.339225e-15 
  789.000  5.657327e+02  1.016951e+01 -1.339717e-14  8.870183e+01  2.419871e+00 -2.309651e-15 
  790.000  5.597477e+02  1.000657e+01  2.228364e-14  8.776344e+01  2.380449e+00  5.682848e-15 
  791.000  5.576401e+02  9.923136e+00  8.709259e-15  8.743299e+01  2.362138e+00  2.293355e-15 
  792.000  5.495270e+02  9.733590e+00 -9.454133e-15  8.616092e+01  2.318428e+00 -1.881489e-15 
  793.000  5.505472e+02  9.714637e+00  3.903299e-14  8.632088e+01  2.317192e+00  6.770734e-15 
  794.000  5.477883e+02  9.644137e+00 -5.191382e-15  8.588830e+01  2.307088e+00 -1.954891e-15 
  795.000  5.432426e+02  9.497923e+00 -1.495415e-14  8.517556e+01  2.268226e+00 -5.631204e-15 
  796.000  5.474015e+02  9.475807e+00 -2.166822e-14  8.582765e+01  2.252163e+00 -5.018088e-15 
  797.000  5.524120e+02  9.525449e+00  8.474825e-15  8.661326e+01  2.267019e+00  3.191319e-15 
  798.000  5.560619e+02  9.568015e+00  9.319175e-15  8.718552e+01  2.284125e+00 -8.396645e-16 
  799.000  5.549399e+02  9.492651e+00 -2.000483e-15  8.700961e+01  2.264563e+00  1.196418e-15 
  800.000  5.382441e+02  9.139553e+00 -2.390142e-14  8.439186e+01  2.175556e+00 -3.804029e-15 
  801.000  5.485943e+02  9.269775e+00  8.571124e-15  8.601467e+01  2.207156e+00  2.310720e-15 
  802.000  5.473615e+02  9.199489e+00  1.728572e-14  8.582138e+01  2.189970e+00  6.509192e-15 
  803.000  5.399312e+02  9.030912e+00  1.012007e-14  8.465636e+01  2.150554e+00  3.810862e-15 
  804.000  5.460045e+02  9.095046e+00  9.518485e-15  8.560860e+01  2.168090e+00  9.604170e-16 
  805.000  5.332191e+02  8.854726e+00 -3.444112e-14  8.360397e+01  2.115091e+00 -4.394135e-15 
  806.000  5.489948e+02  9.081675e+00  1.176972e-15  8.607746e+01  2.171995e+00 -2.558852e-16 
  807.000  5.458373e+02  8.983891e+00 -7.695180e-15  8.558240e+01  2.148751e+00 -1.148844e-15 
  808.000  5.418324e+02  8.866104e+00  9.174144e-15  8.495447e+01  2.119122e+00  8.710411e-16 
  809.000  5.318271e+02  8.650554e+00  1.597170e-14  8.338574e+01  2.065870e+00  3.472583e-15 
  810.000  5.284880e+02  8.544575e+00 -2.557415e-15  8.286218e+01  2.038705e+00  1.569260e-15 
  811.000  5.348677e+02  8.587991e+00 -1.068684e-14  8.386246e+01  2.045296e+00 -1.447659e-15 
  812.000  5.301382e+02  8.449173e+00  1.104103e-14  8.312091e+01  2.007398e+00  1.114043e-15 
  813.000  5.242293e+02  8.290875e+00  2.495096e-15  8.219446e+01  1.964219e+00  9.395648e-16 
  814.000  5.185146e+02  8.133792e+00 -9.681735e-15  8.129844e+01  1.920195e+00 -2.360867e-15 
  815.000  5.066014e+02  7.880628e+00  2.195066e-15  7.943056e+01  1.852815e+00 -4.481880e-16 
  816.000  4.937132e+02  7.616046e+00 -2.073491e-15  7.740981e+01  1.782217e+00 -1.012942e-15 
  817.000  4.972356e+02  7.632756e+00 -2.024852e-15  7.796210e+01  1.786544e+00 -7.624876e-16 
  818.000  4.949385e+02  7.561197e+00 -5.498145e-15  7.760194e+01  1.770467e+00 -8.034382e-16 
  819.000  4.843970e+02  7.371013e+00  6.423750e-15  7.594912e+01  1.728625e+00  1.187320e-15 
  820.000  4.841926e+02  7.362009e+00 -1.533137e-14  7.591706e+01  1.736105e+00 -3.364792e-15 
  821.000  5.110038e+02  7.779870e+00 -3.950362e-15  8.012083e+01  1.847883e+00  6.609219e-16 
  822.000  4.887556e+02  7.367356e+00 -7.614096e-15  7.663251e+01  1.740257e+00  7.574576e-16 
  823.000  4.724507e+02  7.023272e+00  6.452456e-15  7.407604e+01  1.638356e+00  1.309994e-15 
  824.000  4.993418e+02  7.438431e+00  3.329211e-15  7.829233e+01  1.753165e+00  1.253663e-15 
  825.000  5.108217e+02  7.626344e+00  2.679817e-15  8.009228e+01  1.812295e+00 -2.285347e-16 
  826.000  5.120112e+02  7.595727e+00 -6.944413e-15  8.027876e+01  1.802381e+00 -1.368631e-15 
  827.000  5.088495e+02  7.504006e+00  2.740112e-15  7.978305e+01  1.778724e+00  2.274807e-15 
  828.000  4.998302e+02  7.301404e+00 -1.627370e-15  7.836889e+01  1.721609e+00  6.309821e-16 
  829.000  5.025140e+02  7.315361e+00  2.114754e-15  7.878970e+01  1.728094e+00 -4.456214e-16 
  830.000  4.977556e+02  7.223655e+00 -5.298367e-15  7.804362e+01  1.710120e+00 -7.742450e-16 
  831.000  4.897760e+02  7.076076e+00 -2.299662e-17  7.679249e+01  1.676079e+00 -8.659714e-18 
  832.000  5.001436e+02  7.191879e+00 -3.226408e-15  7.841804e+01  1.703943e+00 -1.214951e-15 
  833.000  4.863556e+02  6.967348e+00  1.302253e-16  7.625620e+01  1.652906e+00  2.566528e-17 
  834.000  4.956068e+02  7.075200e+00 -1.491041e-14  7.770671e+01  1.681133e+00 -3.212466e-15 
  835.000  5.002810e+02  7.128775e+00 -2.347297e-14  7.843958e+01  1.699317e+00 -4.916442e-15 
  836.000  5.049822e+02  7.153194e+00 -2.952164e-14  7.917670e+01  1.703379e+00 -4.268709e-15 
  837.000  5.007166e+02  7.057315e+00  1.867037e-15  7.850788e+01  1.680387e+00 -6.099506e-17 
  838.000  5.042807e+02  7.083732e+00  1.853763e-16  7.906669e+01  1.689369e+00  6.980614e-17 
  839.000  4.895519e+02  6.849905e+00  1.172690e-14  7.675735e+01  1.635221e+00  2.076760e-15 
  840.000  5.030547e+02  7.007006e+00  2.290034e-15  7.887448e+01  1.673342e+00  2.383985e-15 
  841.000  5.034243e+02  6.970562e+00 -1.460925e-14  7.893241e+01  1.662884e+00 -6.810127e-16 
  842.000  5.011957e+02  6.912505e+00  1.185829e-14  7.858301e+01  1.650626e+00  1.196504e-15 
  843.000  4.997787e+02  6.875683e+00 -4.867686e-15  7.836081e+01  1.645661e+00 -1.786242e-15 
  844.000  4.923892e+02  6.748668e+00  1.585932e-14  7.720220e+01  1.617011e+00 -3.885785e-16 
  845.000  5.001052e+02  6.823378e+00  0.000000e+00  7.841202e+01  1.635500e+00  0.000000e+00 
  846.000  5.050224e+02  6.861309e+00  0.000000e+00  7.918298e+01  1.645546e+00  0.000000e+00 
  847.000  4.880151e+02  6.602272e+00 -8.534501e-15  7.651640e+01  1.584349e+00 -8.611328e-16 
  848.000  5.017867e+02  6.748526e+00  0.000000e+00  7.867567e+01  1.617852e+00  0.000000e+00 
  849.000  5.028350e+02  6.730938e+00 -4.089863e-15  7.884003e+01  1.613863e+00  8.891759e-16 
  850.000  4.346770e+02  5.788690e+00 -1.945606e-14  6.815346e+01  1.387483e+00 -4.522337e-15 
  851.000  4.976574e+02  6.591590e+00 -2.264129e-15  7.802823e+01  1.579046e+00 -2.576425e-15 
  852.000  4.788575e+02  6.312454e+00  2.072772e-15  7.508056e+01  1.512275e+00  1.699036e-15 
  853.000  4.848065e+02  6.365170e+00 -3.942811e-15  7.601331e+01  1.526121e+00  8.572054e-16 
  854.000  3.897685e+02  5.092524e+00 -3.660602e-15  6.111221e+01  1.220929e+00 -1.378453e-15 
  855.000  4.293574e+02  5.585964e+00 -7.513890e-15  6.731939e+01  1.339924e+00 -7.581530e-16 
  856.000  4.877244e+02  6.321895e+00  0.000000e+00  7.647082e+01  1.518004e+00  0.000000e+00 
  857.000  4.956960e+02  6.397320e+00 -4.630801e-15  7.772070e+01  1.536748e+00 -1.743796e-15 
  858.000  4.879161e+02  6.268522e+00 -1.760914e-14  7.650087e+01  1.506187e+00 -4.287981e-15 
  859.000  4.880141e+02  6.242864e+00 -4.306095e-14  7.651624e+01  1.500687e+00 -6.853362e-15 
  860.000  4.838423e+02  6.162106e+00  1.682068e-14  7.586215e+01  1.481744e+00  1.697210e-15 
  861.000  4.838389e+02  6.133053e+00  8.529520e-14  7.586160e+01  1.474834e+00  1.357515e-14 
  862.000  4.823510e+02  6.086235e+00  1.687794e-13  7.562831e+01  1.463825e+00  2.198102e-14 
  863.000  4.916190e+02  6.173882e+00  0.000000e+00  7.708147e+01  1.484944e+00  0.000000e+00 
  864.000  4.907163e+02  6.134092e+00  9.555689e-14  7.693992e+01  1.475549e+00  1.719371e-14 
  865.000  4.816446e+02  5.992797e+00 -8.064346e-14  7.551756e+01  1.441701e+00 -3.036747e-14 
  866.000  4.040449e+02  5.003637e+00 -1.142118e-13  6.335061e+01  1.203772e+00 -1.981139e-14 
  867.000  4.302901e+02  5.303389e+00 -5.388318e-14  6.746564e+01  1.275869e+00 -1.205606e-14 
  868.000  4.667038e+02  5.725152e+00 -1.267189e-13  7.317497e+01  1.377362e+00 -3.432215e-14 
  869.000  4.602040e+02  5.619015e+00 -1.163786e-13  7.215587e+01  1.351876e+00 -3.061674e-14 
  870.000  4.792150e+02  5.823457e+00 -7.718092e-15  7.513663e+01  1.401037e+00  1.677988e-15 
  871.000  4.785847e+02  5.788655e+00 -2.788987e-14  7.503780e+01  1.392711e+00 -1.508006e-14 
  872.000  4.767263e+02  5.739569e+00 -8.506280e-14  7.474641e+01  1.381008e+00 -1.835514e-14 
  873.000  4.786450e+02  5.735201e+00 -6.761826e-14  7.504724e+01  1.379862e+00 -1.172919e-14 
  874.000  4.681742e+02  5.583234e+00 -8.992542e-14  7.340552e+01  1.343253e+00 -1.147320e-14 
  875.000  4.638991e+02  5.506328e+00 -2.356513e-14  7.273523e+01  1.324744e+00  0.000000e+00 
  876.000  4.677428e+02  5.525259e+00  4.233129e-14  7.333789e+01  1.329136e+00  1.146555e-14 
  877.000  4.770790e+02  5.608863e+00  0.000000e+00  7.480172e+01  1.349166e+00  0.000000e+00 
  878.000  4.688470e+02  5.484468e+00  0.000000e+00  7.351102e+01  1.318825e+00  0.000000e+00 
  879.000  4.699532e+02  5.471690e+00  0.000000e+00  7.368446e+01  1.315727e+00  0.000000e+00 
  880.000  4.672496e+02  5.413473e+00  2.871549e-14  7.326054e+01  1.301413e+00  4.097118e-15 
  881.000  4.429453e+02  5.107135e+00  1.238220e-14  6.944987e+01  1.227567e+00  4.662699e-15 
  882.000  4.673975e+02  5.363144e+00  2.497420e-14  7.328374e+01  1.288900e+00  4.922008e-15 
  883.000  4.568075e+02  5.218282e+00 -3.685928e-15  7.162333e+01  1.254295e+00  8.013565e-16 
  884.000  4.607360e+02  5.239195e+00  8.008555e-15  7.223927e+01  1.259410e+00  8.080647e-16 
  885.000  4.654417e+02  5.265185e+00 -8.683338e-15  7.297709e+01  1.264982e+00 -3.269838e-15 
  886.000  4.500918e+02  5.063935e+00 -2.354914e-14  7.057037e+01  1.215722e+00 -2.376112e-15 
  887.000  4.456100e+02  4.993473e+00 -2.327876e-14  6.986766e+01  1.199492e+00 -2.348832e-15 
  888.000  4.589737e+02  5.119358e+00 -4.283266e-15  7.196297e+01  1.229692e+00 -1.612927e-15 
  889.000  4.621446e+02  5.132154e+00  4.310289e-15  7.246014e+01  1.233019e+00  1.623102e-15 
  890.000  4.606345e+02  5.089611e+00  1.662644e-14  7.222337e+01  1.222294e+00  4.048686e-15 
  891.000  4.577893e+02  5.029701e+00 -1.228097e-14  7.177726e+01  1.206737e+00 -2.420379e-15 
  892.000  4.553820e+02  4.971622e+00 -3.893522e-15  7.139983e+01  1.190755e+00 -1.466162e-15 
  893.000  4.341880e+02  4.692590e+00 -4.773268e-16  6.807679e+01  1.117737e+00  8.144716e-16 
  894.000  4.465063e+02  4.791740e+00  4.079821e-15  7.000818e+01  1.138365e+00  1.536316e-15 
  895.000  4.169694e+02  4.425746e+00 -1.553708e-15  6.537707e+01  1.043662e+00 -5.850713e-16 
  896.000  4.239022e+02  4.458756e+00 -1.379064e-15  6.646407e+01  1.045237e+00 -5.193068e-16 
  897.000  4.042407e+02  4.217463e+00 -2.014526e-15  6.338131e+01  9.832080e-01 -2.561701e-16 
  898.000  4.002743e+02  4.151643e+00  1.994004e-15  6.275943e+01  9.655914e-01  1.514215e-16 
  899.000  3.866185e+02  3.982522e+00 -3.935118e-16  6.061832e+01  9.211019e-01 -1.481826e-16 
  900.000  3.788700e+02  3.885672e+00 -1.876017e-16  5.940342e+01  8.993062e-01 -7.064419e-17 
  901.000  3.674498e+02  3.750030e+00 -3.783373e-16  5.761283e+01  8.668195e-01 -1.424684e-16 
  902.000  3.612653e+02  3.671159e+00  7.740955e-16  5.664316e+01  8.489106e-01  5.554375e-17 
  903.000  4.027753e+02  4.093335e+00 -1.148063e-15  6.315156e+01  9.559617e-01 -4.323200e-16 
  904.000  4.218784e+02  4.291810e+00 -2.528705e-16  6.614676e+01  1.010296e+00  4.070058e-16 
  905.000  4.202676e+02  4.255386e+00  0.000000e+00  6.589420e+01  1.001456e+00  0.000000e+00 
  906.000  4.009685e+02  4.027088e+00 -2.042815e-15  6.286827e+01  9.429570e-01 -6.762859e-16 
  907.000  3.929556e+02  3.912312e+00  1.803536e-15  6.161191e+01  9.092337e-01  1.819772e-16 
  908.000  3.727669e+02  3.688635e+00  4.076387e-16  5.844651e+01  8.537674e-01 -8.862460e-17 
  909.000  3.668377e+02  3.613682e+00  4.626517e-16  5.751686e+01  8.365197e-01  1.742183e-16 
  910.000  3.726781e+02  3.655472e+00  0.000000e+00  5.843259e+01  8.466786e-01  0.000000e+00 
  911.000  3.779827e+02  3.694866e+00 -1.113447e-15  5.926430e+01  8.581226e-01 -4.192850e-16 
  912.000  3.757451e+02  3.654671e+00  1.834306e-15  5.891346e+01  8.476763e-01  2.096353e-16 
  913.000  3.709100e+02  3.585746e+00 -1.048612e-15  5.815536e+01  8.274881e-01 -3.948701e-16 
  914.000  3.752607e+02  3.614311e+00 -5.027935e-16  5.883752e+01  8.361087e-01  5.547096e-17 
  915.000  3.738094e+02  3.587110e+00  1.654607e-15  5.860996e+01  8.315811e-01  1.424198e-16 
  916.000  3.798223e+02  3.629709e+00  1.032920e-15  5.955273e+01  8.420089e-01  3.889611e-16 
  917.000  3.766808e+02  3.585829e+00  6.258767e-16  5.906017e+01  8.329107e-01 -2.430176e-16 
  918.000  3.783636e+02  3.588863e+00  1.101776e-15  5.932402e+01  8.350589e-01  4.148901e-16 
  919.000  3.956721e+02  3.750288e+00  7.524075e-16  6.203785e+01  8.782995e-01  2.833301e-16 
  920.000  4.010474e+02  3.800326e+00  1.129794e-16  6.288064e+01  8.952034e-01  5.191377e-16 
  921.000  3.903188e+02  3.678764e+00 -1.812919e-15  6.119850e+01  8.654517e-01 -6.826814e-16 
  922.000  3.866668e+02  3.628033e+00  4.816278e-16  6.062590e+01  8.534411e-01 -1.047106e-16 
  923.000  3.681003e+02  3.434567e+00  1.639813e-16  5.771484e+01  8.066315e-01  6.174956e-17 
  924.000  3.777317e+02  3.500342e+00  4.243779e-15  5.922495e+01  8.190864e-01  6.742437e-16 
  925.000  3.823011e+02  3.526105e+00 -1.088773e-15  5.994138e+01  8.248211e-01 -4.099933e-16 
  926.000  3.685604e+02  3.383253e+00  5.279491e-18  5.778697e+01  7.911744e-01  1.988070e-18 
  927.000  3.752520e+02  3.420923e+00 -1.067847e-15  5.883614e+01  7.967250e-01 -4.021136e-16 
  928.000  3.666554e+02  3.318319e+00  3.973397e-16  5.748828e+01  7.685258e-01 -8.638550e-17 
  929.000  3.458065e+02  3.106936e+00  1.298927e-15  5.421936e+01  7.146044e-01  2.559974e-16 
  930.000  3.247568e+02  2.892225e+00  4.096972e-16  5.091896e+01  6.596523e-01  1.542775e-16 
  931.000  3.017466e+02  2.644698e+00 -4.271839e-20  4.731116e+01  5.953420e-01 -1.608623e-20 
  932.000  2.687180e+02  2.285326e+00 -5.310004e-21  4.213257e+01  4.993992e-01 -1.999560e-21 
  933.000  2.463477e+02  2.052174e+00 -5.142945e-17  3.862512e+01  4.365501e-01 -1.936651e-17 
  934.000  2.201459e+02  1.807551e+00  5.390015e-17  3.451691e+01  3.739867e-01  2.029689e-17 
  935.000  2.143723e+02  1.750625e+00  1.024258e-23  3.361165e+01  3.610365e-01  3.856995e-24 
  936.000  2.222861e+02  1.812141e+00 -5.264098e-17  3.485246e+01  3.776640e-01 -1.982273e-17 
  937.000  2.247714e+02  1.823698e+00 -4.152568e-23  3.524215e+01  3.791846e-01 -1.563711e-23 
  938.000  2.487238e+02  2.036504e+00  0.000000e+00  3.899767e+01  4.369699e-01  0.000000e+00 
  939.000  3.173269e+02  2.705035e+00  1.105558e-16  4.975401e+01  6.139125e-01  4.163141e-17 
  940.000  3.252203e+02  2.766049e+00  2.581503e-16  5.099163e+01  6.302921e-01  7.555478e-17 
  941.000  3.097729e+02  2.620358e+00 -2.162634e-16  4.856961e+01  5.954130e-01 -8.143714e-17 
  942.000  2.787176e+02  2.328142e+00  8.435415e-17  4.370042e+01  5.236980e-01  3.176479e-17 
  943.000  2.592924e+02  2.097138e+00 -5.258740e-18  4.065473e+01  4.567409e-01 -1.980256e-18 
  944.000  2.498239e+02  2.007863e+00  5.121167e-18  3.917014e+01  4.360209e-01  1.928450e-18 
  945.000  2.645243e+02  2.138548e+00  1.448709e-16  4.147504e+01  4.708274e-01  2.670068e-17 
  946.000  2.687794e+02  2.165111e+00 -2.090438e-17  4.214219e+01  4.771016e-01 -7.871851e-18 
  947.000  2.780435e+02  2.251923e+00 -1.192818e-16  4.359473e+01  5.017535e-01 -4.491730e-17 
  948.000  2.860925e+02  2.319333e+00 -1.094585e-16  4.485674e+01  5.196397e-01 -4.121820e-17 
  949.000  2.861374e+02  2.308607e+00 -2.091512e-16  4.486378e+01  5.170276e-01 -7.875894e-17 
  950.000  2.858709e+02  2.299637e+00  9.446362e-17  4.482200e+01  5.157432e-01 -2.053731e-17 
  951.000  2.982212e+02  2.410105e+00  0.000000e+00  4.675840e+01  5.455908e-01  0.000000e+00 
  952.000  2.831216e+02  2.257017e+00  8.984775e-18  4.439093e+01  5.060391e-01 -1.929155e-18 
  953.000  2.928405e+02  2.342246e+00  8.733115e-17  4.591476e+01  5.292750e-01  3.288583e-17 
  954.000  3.010509e+02  2.411237e+00 -1.931949e-16  4.720209e+01  5.483615e-01 -7.275036e-17 
  955.000  2.728032e+02  2.167349e+00  0.000000e+00  4.277310e+01  4.907685e-01  0.000000e+00 
  956.000  2.889353e+02  2.283947e+00 -1.066585e-16  4.530246e+01  5.168301e-01 -4.016384e-17 
  957.000  3.164547e+02  2.516332e+00 -6.068800e-16  4.961727e+01  5.770903e-01 -1.193770e-16 
  958.000  3.224261e+02  2.555321e+00  0.000000e+00  5.055353e+01  5.870486e-01  0.000000e+00 
  959.000  3.190458e+02  2.517228e+00 -4.154130e-17  5.002353e+01  5.775363e-01 -1.564299e-17 
  960.000  3.146903e+02  2.472548e+00  0.000000e+00  4.934061e+01  5.671651e-01  0.000000e+00 
  961.000  3.090378e+02  2.417382e+00 -2.227351e-16  4.845436e+01  5.541548e-01  2.441919e-17 
  962.000  3.126302e+02  2.436669e+00 -2.517504e-16  4.901762e+01  5.591373e-01 -9.463666e-17 
  963.000  3.268527e+02  2.542172e+00 -7.897307e-17  5.124757e+01  5.866955e-01 -2.973847e-17 
  964.000  3.252099e+02  2.519834e+00  3.383055e-16  5.099000e+01  5.821227e-01  1.273939e-16 
  965.000  3.277623e+02  2.529087e+00 -1.208131e-15  5.139020e+01  5.840460e-01 -2.381029e-16 
  966.000  3.190546e+02  2.452334e+00 -2.533907e-16  5.002491e+01  5.666096e-01 -9.541796e-17 
  967.000  3.390374e+02  2.599309e+00  0.000000e+00  5.315802e+01  6.033583e-01  0.000000e+00 
  968.000  3.524282e+02  2.704736e+00 -7.194374e-16  5.525759e+01  6.339604e-01  1.564127e-16 
  969.000  3.622824e+02  2.779613e+00  8.249712e-16  5.680264e+01  6.550560e-01  3.106550e-16 
  970.000  3.636869e+02  2.779503e+00  2.716453e-16  5.702284e+01  6.552554e-01  5.329782e-16 
  971.000  3.602810e+02  2.741714e+00 -1.304027e-15  5.648883e+01  6.462680e-01 -4.910504e-16 
  972.000  3.606516e+02  2.729756e+00 -1.559865e-15  5.654693e+01  6.424255e-01 -1.573907e-16 
  973.000  3.523220e+02  2.649098e+00 -4.986416e-18  5.524093e+01  6.212860e-01 -1.877708e-18 
  974.000  3.408795e+02  2.546413e+00 -6.562043e-16  5.344685e+01  5.949305e-01 -2.471033e-16 
  975.000  3.386662e+02  2.516406e+00 -8.236338e-16  5.309983e+01  5.866169e-01 -3.101514e-16 
  976.000  3.476385e+02  2.576163e+00 -4.997685e-18  5.450661e+01  6.022092e-01 -1.881951e-18 
  977.000  3.465921e+02  2.566206e+00  2.317814e-15  5.434253e+01  6.029680e-01  4.568033e-16 
  978.000  3.545092e+02  2.613277e+00 -4.986581e-18  5.558386e+01  6.137836e-01 -1.877770e-18 
  979.000  3.462121e+02  2.544265e+00  1.609025e-15  5.428295e+01  5.984554e-01  6.059020e-16 
  980.000  3.589875e+02  2.639833e+00 -1.831166e-15  5.628601e+01  6.247293e-01 -2.703440e-16 
  981.000  3.632425e+02  2.663420e+00  1.963267e-15  5.695317e+01  6.312358e-01  7.392968e-16 
  982.000  3.606881e+02  2.630614e+00  0.000000e+00  5.655267e+01  6.225756e-01  0.000000e+00 
  983.000  3.637751e+02  2.650009e+00  6.311047e-15  5.703667e+01  6.293073e-01  1.536796e-15 
  984.000  3.654818e+02  2.660510e+00 -2.001441e-15  5.730428e+01  6.341410e-01  8.000677e-17 
  985.000  3.676574e+02  2.670938e+00 -6.621879e-15  5.764539e+01  6.380206e-01 -8.274668e-16 
  986.000  3.676508e+02  2.667607e+00  3.431372e-15  5.764436e+01  6.390806e-01 -3.597526e-16 
  987.000  3.731462e+02  2.699905e+00 -2.628812e-15  5.850599e+01  6.476541e-01 -9.899178e-16 
  988.000  3.688437e+02  2.658628e+00 -4.136858e-15  5.783139e+01  6.379436e-01 -7.329191e-16 
  989.000  3.643495e+02  2.615973e+00 -1.524106e-16  5.712674e+01  6.278293e-01 -5.739242e-17 
  990.000  3.677681e+02  2.630560e+00  3.058400e-15  5.766275e+01  6.315321e-01 -1.116559e-15 
  991.000  3.716873e+02  2.650168e+00 -1.496100e-15  5.827724e+01  6.368379e-01  3.252666e-16 
  992.000  3.685862e+02  2.618280e+00  1.711497e-15  5.779101e+01  6.293945e-01  6.444894e-16 
  993.000  3.687018e+02  2.608758e+00 -1.711402e-15  5.780915e+01  6.271874e-01 -6.444535e-16 
  994.000  3.715387e+02  2.621047e+00 -6.418202e-15  5.825393e+01  6.308010e-01 -6.475979e-16 
  995.000  3.694669e+02  2.597801e+00  9.783723e-15  5.792910e+01  6.256528e-01  1.928212e-15 
  996.000  3.693920e+02  2.586670e+00  6.368723e-15  5.791736e+01  6.229681e-01  6.426054e-16 
  997.000  3.694104e+02  2.575070e+00  0.000000e+00  5.792024e+01  6.199090e-01  0.000000e+00 
  998.000  3.676069e+02  2.550685e+00 -3.176702e-15  5.763747e+01  6.137290e-01 -3.205299e-16 
  999.000  3.665079e+02  2.532171e+00  5.094575e-15  5.746516e+01  6.091507e-01  1.918436e-15 
 1000.000  3.637458e+02  2.503344e+00 -3.143490e-15  5.703209e+01  6.023180e-01 -3.171788e-16 
 1001.000  3.647376e+02  2.496840e+00  1.694473e-15  5.718760e+01  6.000503e-01  6.380787e-16 
 1002.000  3.628877e+02  2.470319e+00 -1.196429e-14  5.689754e+01  5.927719e-01 -2.573638e-15 
 1003.000  3.590221e+02  2.435142e+00 -1.437082e-15  5.629145e+01  5.845695e-01  1.062314e-15 
 1004.000  3.567804e+02  2.412110e+00  1.658553e-15  5.593997e+01  5.795238e-01  6.245524e-16 
 1005.000  3.335560e+02  2.247027e+00 -3.097741e-15  5.229859e+01  5.400946e-01 -1.166500e-15 
 1006.000  3.511885e+02  2.356636e+00  2.183913e-16  5.506321e+01  5.665228e-01  9.207540e-16 
 1007.000  3.573785e+02  2.387748e+00  1.660019e-15  5.603375e+01  5.738308e-01  6.251044e-16 
 1008.000  3.577969e+02  2.377911e+00  3.837331e-16  5.609934e+01  5.707452e-01 -6.547709e-16 
 1009.000  3.540185e+02  2.338922e+00 -6.600893e-15  5.550693e+01  5.603513e-01 -1.690661e-15 
 1010.000  3.560655e+02  2.344934e+00 -1.488869e-14  5.582787e+01  5.622492e-01 -2.092616e-15 
 1011.000  3.558349e+02  2.338767e+00  1.095088e-14  5.579173e+01  5.618773e-01  1.934184e-15 
 1012.000  3.564364e+02  2.334652e+00  3.087293e-15  5.588603e+01  5.612161e-01  3.115085e-16 
 1013.000  3.543642e+02  2.313380e+00  2.199876e-16  5.556113e+01  5.564594e-01  9.274842e-16 
 1014.000  3.568614e+02  2.321026e+00 -4.735781e-15  5.595267e+01  5.584463e-01 -9.333454e-16 
 1015.000  3.503068e+02  2.269392e+00  3.243681e-15  5.492497e+01  5.460456e-01  1.221456e-15 
 1016.000  3.527052e+02  2.276354e+00  6.090723e-15  5.530102e+01  5.478433e-01  6.145552e-16 
 1017.000  3.493627e+02  2.246201e+00  6.246638e-15  5.477694e+01  5.406779e-01  1.521112e-15 
 1018.000  3.536992e+02  2.264242e+00  1.637171e-15  5.545686e+01  5.448466e-01  6.165008e-16 
 1019.000  3.450811e+02  2.198480e+00  1.600526e-15  5.410562e+01  5.286208e-01  6.027016e-16 
 1020.000  3.445382e+02  2.186896e+00  3.193795e-15  5.402051e+01  5.259697e-01  1.202670e-15 
 1021.000  3.483452e+02  2.203550e+00 -7.629029e-15  5.461740e+01  5.302588e-01 -1.214198e-15 
 1022.000  3.424773e+02  2.155681e+00  0.000000e+00  5.369736e+01  5.182593e-01  0.000000e+00 
 1023.000  3.485887e+02  2.183772e+00 -1.620355e-15  5.465559e+01  5.246359e-01 -6.101682e-16 
 1024.000  3.466074e+02  2.162237e+00  6.101977e-15  5.434493e+01  5.193145e-01  4.579399e-16 
 1025.000  3.472354e+02  2.160085e+00  3.005165e-15  5.444340e+01  5.193883e-01  3.032217e-16 
 1026.000  3.480476e+02  2.157971e+00 -1.611639e-15  5.457074e+01  5.191901e-01 -6.068861e-16 
 1027.000  3.457650e+02  2.134713e+00  4.592143e-15  5.421285e+01  5.134511e-01  9.050366e-16 
 1028.000  3.467110e+02  2.132550e+00  4.602368e-15  5.436118e+01  5.130286e-01  9.070519e-16 
 1029.000  3.417452e+02  2.094953e+00 -2.949382e-15  5.358258e+01  5.042582e-01 -2.975932e-16 
 1030.000  3.454799e+02  2.110656e+00  0.000000e+00  5.416816e+01  5.082924e-01  0.000000e+00 
 1031.000  3.445117e+02  2.096980e+00 -9.541384e-15  5.401635e+01  5.051131e-01 -3.592948e-15 
 1032.000  3.434021e+02  2.082386e+00 -9.081691e-15  5.384237e+01  5.016798e-01 -1.789853e-15 
 1033.000  3.371030e+02  2.036238e+00  5.804000e-15  5.285473e+01  4.905774e-01  5.856248e-16 
 1034.000  3.407498e+02  2.050522e+00 -2.721790e-15  5.342652e+01  4.940908e-01  5.917435e-16 
 1035.000  3.371341e+02  2.020916e+00 -8.911366e-15  5.285961e+01  4.869785e-01 -1.756285e-15 
 1036.000  3.414263e+02  2.038423e+00  9.028315e-15  5.353259e+01  4.911501e-01  1.779334e-15 
 1037.000  3.341852e+02  1.987315e+00  8.838529e-15  5.239724e+01  4.788185e-01  1.741930e-15 
 1038.000  3.374943e+02  1.999211e+00  0.000000e+00  5.291608e+01  4.816961e-01  0.000000e+00 
 1039.000  3.388239e+02  1.998984e+00 -3.127455e-15  5.312455e+01  4.815801e-01 -1.177689e-15 
 1040.000  3.347563e+02  1.967031e+00 -3.090975e-15  5.248679e+01  4.738244e-01 -1.163952e-15 
 1041.000  3.364739e+02  1.969196e+00 -3.107721e-15  5.275609e+01  4.742943e-01 -1.170258e-15 
 1042.000  3.374334e+02  1.967013e+00  5.816397e-15  5.290654e+01  4.737414e-01  5.868756e-16 
 1043.000  3.315771e+02  1.925277e+00  0.000000e+00  5.198831e+01  4.636701e-01  0.000000e+00 
 1044.000  3.348025e+02  1.936236e+00  3.093997e-15  5.249404e+01  4.662591e-01  1.165090e-15 
 1045.000  3.332732e+02  1.919427e+00  4.416451e-15  5.225425e+01  4.621013e-01  8.704105e-16 
 1046.000  3.234939e+02  1.855540e+00  1.296004e-15  5.072094e+01  4.466431e-01 -2.817638e-16 
 1047.000  3.293253e+02  1.881244e+00  2.042363e-16  5.163526e+01  4.527331e-01  8.610758e-16 
 1048.000  3.324163e+02  1.890967e+00  1.333971e-15  5.211990e+01  4.549409e-01 -2.900182e-16 
 1049.000  3.300493e+02  1.869624e+00  0.000000e+00  5.174877e+01  4.496667e-01  0.000000e+00 
 1050.000  3.279638e+02  1.850159e+00  0.000000e+00  5.142179e+01  4.448772e-01  0.000000e+00 
 1051.000  3.278734e+02  1.841861e+00  3.046920e-15  5.140761e+01  4.427340e-01  1.147363e-15 
 1052.000  3.262015e+02  1.824877e+00  1.313665e-15  5.114547e+01  4.385310e-01 -2.856035e-16 
 1053.000  3.262094e+02  1.817549e+00  1.517680e-15  5.114672e+01  4.366907e-01  5.715047e-16 
 1054.000  3.226838e+02  1.790236e+00 -2.804396e-15  5.059394e+01  4.299570e-01 -2.829641e-16 
 1055.000  3.248839e+02  1.794787e+00  0.000000e+00  5.093888e+01  4.308845e-01  0.000000e+00 
 1056.000  3.238250e+02  1.781364e+00  0.000000e+00  5.077286e+01  4.275016e-01  0.000000e+00 
 1057.000  3.230621e+02  1.769249e+00  0.000000e+00  5.065324e+01  4.243443e-01  0.000000e+00 
 1058.000  3.193196e+02  1.740050e+00 -7.487899e-16  5.006645e+01  4.168872e-01 -2.819678e-16 
 1059.000  3.091612e+02  1.678095e+00  0.000000e+00  4.847371e+01  4.020078e-01  0.000000e+00 
 1060.000  3.202584e+02  1.732262e+00  7.506980e-16  5.021365e+01  4.151137e-01  2.826863e-16 
 1061.000  3.089234e+02  1.664201e+00 -7.245999e-16  4.843642e+01  3.987196e-01 -2.728587e-16 
 1062.000  3.172588e+02  1.701376e+00  7.456652e-16  4.974333e+01  4.073512e-01  2.807912e-16 
 1063.000  3.116823e+02  1.664543e+00 -7.334429e-16  4.886899e+01  3.984054e-01 -2.761887e-16 
 1064.000  3.154939e+02  1.677453e+00  0.000000e+00  4.946662e+01  4.012603e-01  0.000000e+00 
 1065.000  3.149175e+02  1.667000e+00 -7.435618e-16  4.937625e+01  3.985259e-01 -2.799991e-16 
 1066.000  3.052449e+02  1.609736e+00  0.000000e+00  4.785967e+01  3.848523e-01  0.000000e+00 
 1067.000  3.124187e+02  1.640827e+00  0.000000e+00  4.898446e+01  3.921734e-01  0.000000e+00 
 1068.000  3.108554e+02  1.624638e+00 -7.365926e-16  4.873935e+01  3.878937e-01 -2.773747e-16 
 1069.000  2.876547e+02  1.497694e+00 -6.586240e-16  4.510168e+01  3.575542e-01 -1.242109e-16 
 1070.000  3.050200e+02  1.582757e+00  6.235051e-16  4.782440e+01  3.780119e-01  6.291179e-17 
 1071.000  3.055095e+02  1.578584e+00 -1.768374e-16  4.790115e+01  3.768379e-01 -6.659073e-17 
 1072.000  3.063497e+02  1.576158e+00  7.395823e-16  4.803290e+01  3.760630e-01  1.056739e-16 
 1073.000  2.963799e+02  1.519225e+00 -7.883550e-16  4.646972e+01  3.624997e-01 -1.691195e-16 
 1074.000  3.069979e+02  1.568215e+00 -4.155132e-16  4.813451e+01  3.743007e-01 -1.564676e-16 
 1075.000  2.980599e+02  1.518689e+00  6.829546e-16  4.673313e+01  3.629200e-01  2.571765e-16 
 1076.000  3.044554e+02  1.544726e+00  1.618125e-15  4.773587e+01  3.689656e-01  6.093287e-16 
 1077.000  3.035610e+02  1.533368e+00 -1.271235e-15  4.759565e+01  3.659977e-01 -1.282679e-16 
 1078.000  3.041369e+02  1.529271e+00  6.842095e-16  4.768594e+01  3.647115e-01  2.576491e-16 
 1079.000  2.924108e+02  1.464856e+00  2.612292e-16  4.584739e+01  3.493573e-01  9.836968e-17 
 1080.000  2.999536e+02  1.493515e+00  2.534870e-16  4.703005e+01  3.553119e-01  9.545425e-17 
 1081.000  2.889799e+02  1.433489e+00  0.000000e+00  4.530947e+01  3.410240e-01  0.000000e+00 
 1082.000  2.932881e+02  1.451128e+00  0.000000e+00  4.598494e+01  3.456467e-01  0.000000e+00 
 1083.000  2.848449e+02  1.402480e+00 -2.407341e-16  4.466113e+01  3.336453e-01 -9.065195e-17 
 1084.000  2.950576e+02  1.445567e+00  6.553688e-16  4.626238e+01  3.434303e-01  2.467887e-16 
 1085.000  2.894660e+02  1.408881e+00  1.987126e-15  4.538568e+01  3.336314e-01  4.139216e-16 
 1086.000  2.937454e+02  1.425461e+00 -6.495031e-16  4.605665e+01  3.378460e-01 -2.445799e-16 
 1087.000  2.776672e+02  1.347016e+00 -9.263047e-16  4.353573e+01  3.204671e-01 -3.300026e-17 
 1088.000  2.946778e+02  1.424543e+00  6.510970e-16  4.620284e+01  3.389886e-01  2.451801e-16 
 1089.000  2.811052e+02  1.348556e+00 -6.381527e-16  4.407478e+01  3.194881e-01 -2.403057e-16 
 1090.000  2.868110e+02  1.369980e+00  3.983755e-16  4.496939e+01  3.243236e-01  1.500141e-16 
 1091.000  2.891984e+02  1.377312e+00 -1.865638e-15  4.534371e+01  3.263467e-01 -3.691344e-16 
 1092.000  2.813392e+02  1.332657e+00  5.058460e-16  4.411146e+01  3.151234e-01  1.904837e-16 
 1093.000  2.751348e+02  1.294008e+00  1.768021e-15  4.313867e+01  3.046435e-01  1.783936e-16 
 1094.000  2.492963e+02  1.166693e+00  1.114521e-15  3.908743e+01  2.741875e-01  2.713959e-16 
 1095.000  2.700703e+02  1.259535e+00 -4.310640e-16  4.234460e+01  2.961001e-01 -1.623235e-16 
 1096.000  2.691833e+02  1.250982e+00  3.065968e-16  4.220552e+01  2.941668e-01  1.154535e-16 
 1097.000  2.650547e+02  1.226569e+00  8.751620e-16  4.155820e+01  2.881988e-01  1.717952e-16 
 1098.000  2.538445e+02  1.164416e+00  6.143392e-16  3.980055e+01  2.712292e-01  2.313385e-16 
 1099.000  2.468288e+02  1.125638e+00  2.076413e-17  3.870055e+01  2.606909e-01  8.754314e-17 
 1100.000  2.515881e+02  1.143245e+00 -4.820698e-16  3.944676e+01  2.648632e-01 -1.004984e-16 
