  300.000  4.506417e+00  2.359931e+00 -2.221641e-16  3.712597e-01  3.674871e-01 -8.365915e-17 
  301.000  1.101026e+01  5.830514e+00 -1.115512e-15  9.070769e-01  9.135151e-01 -1.423233e-16 
  302.000  1.118269e+01  5.950561e+00  3.811161e-16  9.212824e-01  9.373680e-01  1.435149e-16 
  303.000  2.619462e+01  1.413971e+01  1.295491e-15  2.158035e+00  2.241674e+00  3.742334e-16 
  304.000  2.854441e+01  1.535727e+01  3.088545e-15  2.351621e+00  2.444898e+00  1.485336e-16 
  305.000  4.747664e+01  2.585874e+01  5.584749e-15  3.911347e+00  4.140674e+00  1.418920e-15 
  306.000  4.981660e+01  2.711108e+01  2.713584e-15  4.104124e+00  4.360034e+00  1.217503e-15 
  307.000  6.968150e+01  3.807287e+01 -7.745103e-15  5.740687e+00  6.150447e+00 -7.814824e-16 
  308.000  8.572700e+01  4.675794e+01  1.364696e-14  7.062590e+00  7.585828e+00  6.563066e-16 
  309.000  8.966228e+01  4.865696e+01  1.381298e-15  7.386797e+00  7.920733e+00 -3.003076e-16 
  310.000  9.366454e+01  5.134309e+01  1.376050e-14  7.716522e+00  8.401096e+00  2.829231e-15 
  311.000  1.780934e+02  9.689717e+01 -5.191806e-14  1.467217e+01  1.590578e+01 -5.551135e-15 
  312.000  1.473768e+02  8.014936e+01  2.207361e-14  1.214159e+01  1.320766e+01  4.938847e-15 
  313.000  1.836721e+02  9.960954e+01  1.602057e-14  1.513177e+01  1.647569e+01  4.145267e-15 
  314.000  1.885497e+02  1.009544e+02  8.370838e-16  1.553360e+01  1.674153e+01 -3.395982e-15 
  315.000  2.189411e+02  1.176114e+02  1.719368e-15  1.803739e+01  1.958475e+01  7.248985e-15 
  316.000  1.713875e+02  9.094892e+01 -1.540185e-14  1.411970e+01  1.518424e+01 -1.554050e-15 
  317.000  2.465715e+02  1.298766e+02  7.854910e-14  2.031371e+01  2.175001e+01  1.048386e-14 
  318.000  2.391877e+02  1.247263e+02  4.989866e-14  1.970540e+01  2.094798e+01  1.260767e-14 
  319.000  2.618315e+02  1.374255e+02  7.954434e-14  2.157090e+01  2.318003e+01  2.136837e-14 
  320.000  2.646032e+02  1.335221e+02  6.833176e-14  2.179925e+01  2.252328e+01  5.881599e-15 
  321.000  3.130117e+02  1.611352e+02  1.918509e-13  2.578736e+01  2.733297e+01  3.452005e-14 
  322.000  2.848089e+02  1.414582e+02 -1.377258e-14  2.346388e+01  2.400937e+01 -3.353746e-15 
  323.000  2.478406e+02  1.230173e+02  6.560197e-14  2.041827e+01  2.095187e+01  1.292908e-14 
  324.000  3.069795e+02  1.523085e+02  2.563894e-13  2.529041e+01  2.604382e+01  4.044638e-14 
  325.000  3.532255e+02  1.693052e+02  8.101636e-14  2.910036e+01  2.895819e+01  1.812695e-14 
  326.000  4.798136e+02  2.307989e+02  7.102447e-14  3.952928e+01  3.964010e+01  1.130390e-14 
  327.000  4.860694e+02  2.306984e+02  1.466142e-13  4.004467e+01  3.972808e+01  2.711282e-14 
  328.000  4.159542e+02  1.909071e+02  5.713642e-14  3.426825e+01  3.288248e+01  8.408306e-16 
  329.000  4.853069e+02  2.242592e+02 -2.816599e-14  3.998185e+01  3.880385e+01  8.945640e-15 
  330.000  5.116342e+02  2.327906e+02 -4.087006e-13  4.215081e+01  4.037502e+01 -6.988876e-14 
  331.000  4.259056e+02  1.885113e+02 -5.813000e-14  3.508809e+01  3.271955e+01  1.515418e-14 
  332.000  4.676070e+02  2.062045e+02  5.322974e-13  3.852364e+01  3.591451e+01  9.143660e-14 
  333.000  5.338536e+02  2.319736e+02 -1.932457e-13  4.398135e+01  4.049488e+01 -7.021187e-14 
  334.000  4.559108e+02  1.936514e+02 -7.752315e-15  3.756006e+01  3.384348e+01 -1.618345e-14 
  335.000  4.908590e+02  2.068278e+02  2.900397e-13  4.043925e+01  3.625459e+01  9.083588e-14 
  336.000  3.722646e+02  1.546171e+02 -4.723581e-14  3.066889e+01  2.716302e+01 -1.950645e-14 
  337.000  3.618523e+02  1.472292e+02  2.158502e-15  2.981108e+01  2.589958e+01 -1.600384e-14 
  338.000  4.450009e+02  1.786342e+02 -3.716251e-13  3.666125e+01  3.149488e+01 -9.312644e-14 
  339.000  4.514924e+02  1.788525e+02  3.125141e-13  3.719604e+01  3.160510e+01  5.875555e-14 
  340.000  5.148755e+02  2.000706e+02  2.927789e-13  4.241784e+01  3.540373e+01  1.957356e-14 
  341.000  4.383288e+02  1.680565e+02  5.681197e-13  3.611157e+01  2.980122e+01  1.262452e-13 
  342.000  4.638032e+02  1.752248e+02 -2.217372e-13  3.821027e+01  3.113149e+01 -6.718306e-14 
  343.000  4.708410e+02  1.750064e+02  1.067000e-13  3.879007e+01  3.114422e+01 -1.130727e-14 
  344.000  4.308833e+02  1.574089e+02  5.257089e-16  3.549818e+01  2.805668e+01  3.033002e-14 
  345.000  5.578520e+02  2.012500e+02 -1.161403e-13  4.595845e+01  3.595802e+01 -4.133175e-14 
  346.000  6.242673e+02  2.219956e+02  5.476304e-13  5.143006e+01  3.974560e+01  1.609214e-13 
  347.000  5.992628e+02  2.099396e+02  3.448404e-13  4.937006e+01  3.765726e+01  5.112624e-14 
  348.000  5.694262e+02  1.965029e+02  1.007590e-12  4.691198e+01  3.530996e+01  1.684684e-13 
  349.000  6.298358e+02  2.141664e+02 -7.933920e-13  5.188880e+01  3.855251e+01 -6.453969e-14 
  350.000  6.496868e+02  2.176248e+02  1.407098e-12  5.352423e+01  3.924176e+01  1.737805e-13 
  351.000  6.222829e+02  2.053517e+02  1.045223e-13  5.126656e+01  3.709080e+01  5.733460e-14 
  352.000  6.435148e+02  2.091493e+02  1.358391e-13  5.301575e+01  3.783663e+01 -3.868593e-14 
  353.000  5.919140e+02  1.896159e+02 -1.252374e-14  4.876463e+01  3.436058e+01 -1.678056e-14 
  354.000  6.890393e+02  2.174948e+02  1.104101e-12  5.676627e+01  3.947498e+01  1.951941e-13 
  355.000  7.042531e+02  2.190050e+02 -3.147021e-13  5.801966e+01  3.980753e+01 -1.350364e-14 
  356.000  6.715304e+02  2.057213e+02  2.632987e-13  5.532380e+01  3.744442e+01  4.531803e-14 
  357.000  4.329604e+02  1.306161e+02  1.042967e-13  3.566930e+01  2.380187e+01  2.718419e-14 
  358.000  4.744095e+02  1.409545e+02 -1.566150e-13  3.908407e+01  2.571433e+01 -1.378432e-14 
  359.000  4.812122e+02  1.408453e+02  1.800007e-13  3.964451e+01  2.572474e+01  3.547520e-14 
  360.000  7.195070e+02  2.075734e+02  1.047582e-13  5.927634e+01  3.796689e+01  1.965978e-14 
  361.000  5.744852e+02  1.636056e+02  2.975261e-13  4.732877e+01  2.998785e+01  4.924833e-14 
  362.000  6.345165e+02  1.784638e+02 -5.645359e-14  5.227443e+01  3.278645e+01 -3.601949e-14 
  363.000  6.796662e+02  1.886921e+02 -2.528026e-13  5.599407e+01  3.473413e+01 -2.971857e-14 
  364.000  6.832736e+02  1.871565e+02 -9.179327e-13  5.629126e+01  3.451019e+01 -7.858781e-14 
  365.000  6.444190e+02  1.741190e+02  1.084993e-12  5.309024e+01  3.215649e+01  8.182862e-14 
  366.000  8.907692e+02  2.374263e+02  2.478488e-12  7.338572e+01  4.391479e+01  3.387828e-13 
  367.000  8.026971e+02  2.110459e+02  2.046773e-12  6.612992e+01  3.909222e+01  4.678523e-13 
  368.000  7.622426e+02  1.976997e+02 -5.981881e-13  6.279710e+01  3.667266e+01 -1.079065e-13 
  369.000  7.382144e+02  1.888903e+02  1.764242e-12  6.081755e+01  3.508823e+01  2.726263e-13 
  370.000  8.547558e+02  2.157772e+02 -1.474460e-12  7.041877e+01  4.013872e+01 -1.419588e-13 
  371.000  6.871888e+02  1.711610e+02  2.507485e-15  5.661382e+01  3.188324e+01 -1.033540e-13 
  372.000  7.280655e+02  1.789336e+02 -1.518945e-13  5.998143e+01  3.337663e+01 -1.963927e-14 
  373.000  7.301375e+02  1.770701e+02 -9.856699e-13  6.015213e+01  3.307364e+01 -1.764524e-14 
  374.000  5.689063e+02  1.361470e+02  3.798197e-13  4.686915e+01  2.546332e+01  6.615766e-14 
  375.000  5.241743e+02  1.237859e+02  2.286549e-13  4.318392e+01  2.318078e+01  2.511408e-14 
  376.000  7.541037e+02  1.757205e+02  1.839874e-13  6.212658e+01  3.294525e+01  4.197736e-14 
  377.000  7.758572e+02  1.783588e+02  5.094268e-13  6.391873e+01  3.347488e+01  7.989503e-14 
  378.000  1.008774e+03  2.287326e+02  2.014939e-13  8.310754e+01  4.296685e+01  1.061624e-14 
  379.000  7.804705e+02  1.745785e+02  5.646359e-14  6.429879e+01  3.282454e+01 -1.227573e-14 
  380.000  7.343253e+02  1.621301e+02 -1.442449e-13  6.049713e+01  3.051971e+01 -4.122209e-14 
  381.000  8.276161e+02  1.805016e+02  3.658334e-13  6.818288e+01  3.403031e+01  2.903925e-14 
  382.000  6.206323e+02  1.337489e+02 -3.552017e-13  5.113058e+01  2.525760e+01 -5.699557e-14 
  383.000  4.339980e+02  9.239567e+01  2.269408e-13  3.575478e+01  1.747436e+01  5.644696e-14 
  384.000  4.790312e+02  1.007293e+02  1.435603e-13  3.946483e+01  1.907622e+01  5.405973e-14 
  385.000  7.227670e+02  1.500991e+02 -3.627511e-13  5.954491e+01  2.846182e+01 -6.093171e-14 
  386.000  5.623688e+02  1.153389e+02  1.094689e-12  4.633056e+01  2.189689e+01  1.209309e-13 
  387.000  6.468575e+02  1.310223e+02 -3.818679e-13  5.329114e+01  2.490347e+01  2.869925e-14 
  388.000  6.418519e+02  1.284008e+02 -1.084813e-12  5.287875e+01  2.443320e+01 -6.079721e-14 
  389.000  7.324128e+02  1.447134e+02  2.181425e-13  6.033958e+01  2.756856e+01  2.055243e-13 
  390.000  8.890941e+02  1.735179e+02 -3.129514e-12  7.324771e+01  3.309308e+01 -3.957432e-13 
  391.000  9.957080e+02  1.919514e+02 -7.990920e-13  8.203107e+01  3.664922e+01  4.976089e-15 
  392.000  8.857260e+02  1.686731e+02  1.371424e-12  7.297024e+01  3.224005e+01  3.175889e-13 
  393.000  4.752592e+02  8.941013e+01  1.945599e-13  3.915407e+01  1.710835e+01  5.071068e-14 
  394.000  5.263402e+02  9.782571e+01 -2.772014e-12  4.336236e+01  1.873872e+01  5.206488e-15 
  395.000  8.841797e+02  1.623589e+02  2.380035e-12  7.284285e+01  3.113305e+01  2.800283e-13 
  396.000  9.106714e+02  1.652233e+02  3.324726e-12  7.502535e+01  3.171559e+01  2.404828e-13 
  397.000  3.708640e+02  6.648357e+01  1.414173e-13  3.055350e+01  1.277508e+01 -1.166838e-13 
  398.000  1.038199e+03  1.839038e+02  4.427911e-12  8.553169e+01  3.537386e+01  9.197686e-13 
  399.000  1.245477e+03  2.180102e+02 -2.623943e-12  1.026082e+02  4.197652e+01 -3.423904e-13 
  400.000  1.224196e+03  2.117559e+02  3.506602e-12  1.008549e+02  4.081250e+01  6.472269e-13 
  401.000  1.216399e+03  2.079373e+02 -9.667283e-13  1.002126e+02  4.011603e+01 -2.676201e-13 
  402.000  1.288686e+03  2.177193e+02 -3.870695e-12  1.061680e+02  4.204420e+01 -5.156147e-13 
  403.000  1.206522e+03  2.014645e+02  4.976836e-12  9.939889e+01  3.894276e+01  1.058238e-12 
  404.000  1.296024e+03  2.138994e+02 -6.200507e-13  1.067725e+02  4.138588e+01 -2.080396e-13 
  405.000  1.188031e+03  1.938087e+02 -2.710241e-12  9.787552e+01  3.753391e+01 -3.150146e-13 
  406.000  1.178542e+03  1.900476e+02  1.102450e-12  9.709373e+01  3.683987e+01  1.543914e-13 
  407.000  1.147299e+03  1.828887e+02 -1.102202e-12  9.451984e+01  3.548493e+01 -3.406060e-13 
  408.000  1.242328e+03  1.957755e+02 -2.064996e-12  1.023488e+02  3.802004e+01 -1.265133e-13 
  409.000  1.374425e+03  2.141275e+02 -1.828586e-12  1.132315e+02  4.162156e+01 -2.629182e-13 
  410.000  1.148494e+03  1.768996e+02  3.628860e-12  9.461825e+01  3.441595e+01  6.275236e-13 
  411.000  1.347952e+03  2.052753e+02  5.834117e-13  1.110505e+02  3.997158e+01  1.677951e-13 
  412.000  1.395935e+03  2.101877e+02 -7.026832e-13  1.150037e+02  4.096360e+01  2.713969e-13 
  413.000  1.317920e+03  1.962156e+02  1.035292e-12  1.085764e+02  3.827355e+01  9.544558e-14 
  414.000  1.292793e+03  1.903145e+02  1.655839e-12  1.065063e+02  3.715340e+01  3.765981e-13 
  415.000  1.377958e+03  2.005964e+02 -8.227183e-13  1.135226e+02  3.919386e+01 -3.010566e-13 
  416.000  1.368718e+03  1.970414e+02 -8.015206e-13  1.127614e+02  3.853127e+01 -2.411438e-13 
  417.000  1.326254e+03  1.888171e+02 -6.414435e-13  1.092630e+02  3.695327e+01 -1.533320e-14 
  418.000  1.296592e+03  1.825592e+02 -5.086908e-13  1.068193e+02  3.575746e+01 -1.016801e-13 
  419.000  1.327571e+03  1.848667e+02  7.433530e-13  1.093715e+02  3.623825e+01  1.130177e-13 
  420.000  1.122992e+03  1.546661e+02  1.650810e-12  9.251729e+01  3.034210e+01  1.005252e-13 
  421.000  1.406109e+03  1.915472e+02  3.316107e-13  1.158418e+02  3.760683e+01  1.931790e-14 
  422.000  1.346486e+03  1.814335e+02  1.197340e-12  1.109298e+02  3.564896e+01  3.752470e-13 
  423.000  1.136463e+03  1.514774e+02 -4.915139e-13  9.362708e+01  2.978607e+01 -1.709352e-13 
  424.000  1.249252e+03  1.647161e+02  1.938182e-12  1.029192e+02  3.241405e+01  6.248811e-14 
  425.000  1.293038e+03  1.686542e+02  4.942103e-13  1.065265e+02  3.321375e+01  4.986591e-14 
  426.000  1.242203e+03  1.602856e+02  2.763960e-12  1.023385e+02  3.158891e+01  4.723646e-13 
  427.000  1.194128e+03  1.524351e+02  5.481444e-13  9.837782e+01  3.006362e+01  2.211481e-13 
  428.000  1.208420e+03  1.526156e+02 -4.594936e-13  9.955527e+01  3.012089e+01 -1.879095e-13 
  429.000  1.098716e+03  1.372868e+02 -2.265681e-12  9.051732e+01  2.711480e+01 -3.063856e-13 
  430.000  8.762263e+02  1.083267e+02 -8.035008e-13  7.218761e+01  2.141001e+01 -3.932788e-14 
  431.000  7.873285e+02  9.630933e+01 -7.821247e-13  6.486379e+01  1.904809e+01 -1.692714e-13 
  432.000  1.416351e+03  1.714316e+02 -3.897274e-12  1.166856e+02  3.392904e+01 -6.805812e-13 
  433.000  1.260004e+03  1.509089e+02 -3.908733e-13  1.038050e+02  2.988752e+01  1.405198e-14 
  434.000  1.196869e+03  1.418497e+02 -1.148818e-12  9.860365e+01  2.811221e+01 -2.797474e-13 
  435.000  1.301398e+03  1.526320e+02 -1.907807e-12  1.072152e+02  3.026915e+01 -3.787537e-13 
  436.000  1.442215e+03  1.673912e+02  2.047946e-14  1.188164e+02  3.321782e+01  8.634293e-14 
  437.000  1.455293e+03  1.671604e+02  7.239252e-13  1.198938e+02  3.319342e+01  9.662146e-14 
  438.000  1.302897e+03  1.481106e+02  7.533060e-14  1.073387e+02  2.942933e+01 -3.453613e-14 
  439.000  1.260067e+03  1.417684e+02 -4.759892e-13  1.038102e+02  2.818687e+01 -8.056804e-14 
  440.000  1.411503e+03  1.571755e+02  1.593809e-13  1.162862e+02  3.126935e+01 -2.485119e-14 
  441.000  1.406163e+03  1.549771e+02 -1.158662e-13  1.158462e+02  3.085058e+01  1.544534e-14 
  442.000  1.480190e+03  1.614682e+02 -2.411908e-13  1.219450e+02  3.216163e+01  4.219724e-14 
  443.000  1.489323e+03  1.608068e+02  1.366387e-12  1.226974e+02  3.204830e+01  1.760559e-13 
  444.000  1.478912e+03  1.580566e+02 -3.305811e-13  1.218397e+02  3.151781e+01 -9.695947e-15 
  445.000  1.554903e+03  1.644872e+02  1.500890e-13  1.281001e+02  3.281781e+01  1.017719e-14 
  446.000  1.383467e+03  1.448621e+02 -3.415476e-14  1.139764e+02  2.891710e+01 -2.109452e-14 
  447.000  1.577074e+03  1.634740e+02  1.160477e-12  1.299267e+02  3.265057e+01  1.371764e-13 
  448.000  1.602382e+03  1.644561e+02 -8.052020e-13  1.320117e+02  3.286768e+01 -1.321681e-13 
  449.000  1.612290e+03  1.638503e+02  4.687935e-13  1.328280e+02  3.276814e+01  1.956182e-13 
  450.000  1.646448e+03  1.656819e+02  1.042325e-12  1.356421e+02  3.315558e+01  1.103841e-13 
  451.000  1.778324e+03  1.771962e+02 -3.397287e-13  1.465066e+02  3.548120e+01 -2.303623e-14 
  452.000  1.652263e+03  1.630180e+02 -1.487838e-13  1.361211e+02  3.266104e+01 -4.629702e-14 
  453.000  1.532927e+03  1.497596e+02 -3.468001e-13  1.262897e+02  3.002142e+01 -4.948133e-14 
  454.000  1.633478e+03  1.580187e+02  1.413781e-12  1.345735e+02  3.169424e+01  2.351415e-13 
  455.000  1.644085e+03  1.574877e+02 -1.772929e-13  1.354474e+02  3.160439e+01 -2.821704e-14 
  456.000  1.683153e+03  1.596500e+02  1.224009e-12  1.386660e+02  3.205441e+01  8.654535e-14 
  457.000  1.691797e+03  1.589048e+02  1.180250e-12  1.393782e+02  3.192096e+01  3.257707e-13 
  458.000  1.661286e+03  1.545208e+02 -3.368257e-13  1.368644e+02  3.105577e+01 -1.171388e-13 
  459.000  1.660344e+03  1.529327e+02  2.241284e-12  1.367869e+02  3.075142e+01  4.180786e-13 
  460.000  1.645165e+03  1.500670e+02 -7.807724e-13  1.355363e+02  3.018968e+01 -2.173799e-13 
  461.000  1.704062e+03  1.539387e+02  7.010540e-13  1.403886e+02  3.098324e+01  1.450813e-13 
  462.000  1.675589e+03  1.499073e+02 -8.447163e-13  1.380428e+02  3.018576e+01 -7.480180e-14 
  463.000  1.675294e+03  1.484397e+02 -3.688831e-13  1.380185e+02  2.990375e+01 -3.201263e-14 
  464.000  1.679884e+03  1.474323e+02  1.554168e-12  1.383967e+02  2.971528e+01  2.350182e-13 
  465.000  1.654449e+03  1.438228e+02  1.560653e-13  1.363012e+02  2.900149e+01 -5.602149e-14 
  466.000  1.705930e+03  1.468929e+02 -2.998119e-13  1.405424e+02  2.963412e+01 -1.441848e-14 
  467.000  1.644842e+03  1.402907e+02  2.517715e-13  1.355097e+02  2.831457e+01  0.000000e+00 
  468.000  1.740425e+03  1.470268e+02  1.933814e-13  1.433843e+02  2.968549e+01 -7.334720e-15 
  469.000  1.724367e+03  1.442706e+02 -1.105027e-13  1.420614e+02  2.913847e+01 -2.177829e-14 
  470.000  1.699891e+03  1.408483e+02  9.493109e-14  1.400450e+02  2.845490e+01  3.574769e-14 
  471.000  1.696172e+03  1.391719e+02  2.257830e-13  1.397386e+02  2.812199e+01  7.127805e-15 
  472.000  1.716305e+03  1.394450e+02  1.237197e-13  1.413972e+02  2.818141e+01  7.207259e-15 
  473.000  1.697133e+03  1.365250e+02  1.840978e-13  1.398177e+02  2.759350e+01  4.986338e-14 
  474.000  1.710350e+03  1.362201e+02  1.066810e-13  1.409066e+02  2.753237e+01  1.076413e-14 
  475.000  1.779313e+03  1.402577e+02  1.624824e-13  1.465881e+02  2.834271e+01  0.000000e+00 
  476.000  1.724743e+03  1.345163e+02  3.997051e-13  1.420924e+02  2.717098e+01  6.152553e-14 
  477.000  1.708766e+03  1.319031e+02  7.362959e-14  1.407761e+02  2.663679e+01  1.792946e-14 
  478.000  1.791644e+03  1.370849e+02  2.140429e-13  1.476040e+02  2.770117e+01  6.008247e-14 
  479.000  1.708052e+03  1.296409e+02 -1.643479e-14  1.407173e+02  2.622593e+01  3.573083e-15 
  480.000  1.739199e+03  1.309733e+02 -3.598311e-14  1.432833e+02  2.652760e+01 -3.630703e-15 
  481.000  1.726382e+03  1.289602e+02  3.539600e-13  1.422274e+02  2.614705e+01  2.518104e-14 
  482.000  1.760496e+03  1.304185e+02 -6.195999e-13  1.450378e+02  2.646589e+01 -7.324097e-14 
  483.000  1.760597e+03  1.293165e+02 -1.475695e-13  1.450462e+02  2.626119e+01 -2.559768e-14 
  484.000  1.691461e+03  1.231565e+02  3.093156e-13  1.393505e+02  2.502468e+01  8.771898e-14 
  485.000  1.702653e+03  1.228772e+02 -5.457268e-13  1.402725e+02  2.498007e+01 -7.055999e-14 
  486.000  1.379525e+03  9.867657e+01 -3.425200e-13  1.136517e+02  2.006925e+01  1.142007e-14 
  487.000  1.549467e+03  1.098512e+02 -5.474889e-13  1.276523e+02  2.235145e+01 -2.241861e-14 
  488.000  1.681304e+03  1.181412e+02  6.634673e-13  1.385137e+02  2.404778e+01  1.075980e-13 
  489.000  1.561932e+03  1.087811e+02  5.050525e-13  1.286792e+02  2.215107e+01  9.339753e-14 
  490.000  1.777077e+03  1.226711e+02  5.466892e-13  1.464038e+02  2.498893e+01  6.587793e-14 
  491.000  1.662015e+03  1.137106e+02 -1.114901e-12  1.369246e+02  2.317167e+01 -1.675699e-13 
  492.000  1.596344e+03  1.082485e+02  9.632853e-14  1.315143e+02  2.206588e+01 -6.235700e-14 
  493.000  1.718411e+03  1.154953e+02 -1.098261e-12  1.415707e+02  2.355086e+01 -9.530994e-14 
  494.000  1.659273e+03  1.105350e+02 -6.880687e-14  1.366986e+02  2.254651e+01 -8.173903e-14 
  495.000  1.772896e+03  1.170643e+02  8.867802e-13  1.460594e+02  2.388594e+01  1.054472e-13 
  496.000  1.725997e+03  1.129583e+02  1.553874e-13  1.421957e+02  2.305462e+01  7.784847e-14 
  497.000  1.673657e+03  1.085666e+02  7.176229e-13  1.378837e+02  2.216455e+01  1.577801e-13 
  498.000  1.633489e+03  1.050288e+02  3.316616e-13  1.345744e+02  2.144832e+01  3.346472e-14 
  499.000  1.628943e+03  1.038159e+02  1.806578e-13  1.342000e+02  2.120634e+01  1.334412e-14 
  500.000  1.621177e+03  1.024153e+02  1.163101e-13  1.335601e+02  2.092582e+01  1.659508e-14 
  501.000  1.584279e+03  9.920751e+01 -3.259751e-13  1.305203e+02  2.027553e+01 -5.188055e-14 
  502.000  1.573346e+03  9.766283e+01 -7.338152e-13  1.296196e+02  1.996493e+01 -7.404210e-14 
  503.000  1.666554e+03  1.025482e+02 -8.362331e-13  1.372985e+02  2.096897e+01 -1.193135e-13 
  504.000  1.550030e+03  9.454926e+01  7.740884e-14  1.276987e+02  1.933809e+01  3.169742e-15 
  505.000  1.671294e+03  1.010614e+02 -3.047733e-13  1.376890e+02  2.067489e+01 -3.075168e-14 
  506.000  1.788301e+03  1.072142e+02  9.154936e-13  1.473286e+02  2.194013e+01  1.351601e-13 
  507.000  1.663048e+03  9.885742e+01  3.363882e-14  1.370097e+02  2.023607e+01  3.394164e-15 
  508.000  1.594080e+03  9.395495e+01  3.164582e-13  1.313277e+02  1.923833e+01  7.476327e-14 
  509.000  1.718098e+03  1.004086e+02  8.190066e-13  1.415450e+02  2.056588e+01  9.801304e-14 
  510.000  1.663918e+03  9.642105e+01 -1.810207e-13  1.370813e+02  1.975479e+01 -3.387238e-15 
  511.000  1.663603e+03  9.558894e+01 -2.084567e-13  1.370553e+02  1.958967e+01 -5.076107e-14 
  512.000  1.745202e+03  9.943285e+01  8.488549e-13  1.437778e+02  2.038293e+01  1.064253e-13 
  513.000  1.596485e+03  9.019570e+01  2.307522e-15  1.315259e+02  1.849437e+01  9.728687e-15 
  514.000  1.562233e+03  8.752084e+01 -5.278300e-14  1.287040e+02  1.795066e+01 -2.853978e-14 
  515.000  1.594115e+03  8.856041e+01 -2.358334e-13  1.313306e+02  1.816866e+01 -7.113808e-14 
  516.000  1.673726e+03  9.220364e+01  4.697155e-13  1.378894e+02  1.892058e+01  1.119819e-13 
  517.000  1.232402e+03  6.732077e+01  1.582485e-13  1.015310e+02  1.381742e+01  4.995788e-15 
  518.000  1.525150e+03  8.261329e+01 -6.125598e-14  1.256490e+02  1.695967e+01 -6.180740e-15 
  519.000  1.444341e+03  7.758122e+01  1.398555e-13  1.189916e+02  1.592988e+01  5.266462e-14 
  520.000  1.589524e+03  8.466692e+01  3.623859e-13  1.309524e+02  1.738834e+01  8.369453e-14 
  521.000  1.589770e+03  8.397318e+01 -3.702878e-13  1.309726e+02  1.724910e+01 -5.149978e-14 
  522.000  1.652232e+03  8.654244e+01  1.988889e-13  1.361186e+02  1.777975e+01  2.006793e-14 
  523.000  1.538622e+03  7.991467e+01 -2.777902e-13  1.267589e+02  1.642017e+01 -2.802908e-14 
  524.000  1.668760e+03  8.594855e+01 -5.381355e-14  1.374802e+02  1.766226e+01 -2.026428e-14 
  525.000  1.654870e+03  8.451909e+01  5.336141e-14  1.363359e+02  1.737041e+01  2.009402e-14 
  526.000  1.576532e+03  7.984985e+01  0.000000e+00  1.298820e+02  1.641316e+01  0.000000e+00 
  527.000  1.376744e+03  6.914981e+01  7.929183e-15  1.134226e+02  1.421535e+01  3.343003e-14 
  528.000  1.652972e+03  8.233281e+01  2.036712e-13  1.361796e+02  1.692717e+01  4.014029e-14 
  529.000  1.699389e+03  8.394211e+01  8.643671e-14  1.400036e+02  1.725980e+01  1.375683e-14 
  530.000  1.605281e+03  7.863787e+01  1.851903e-13  1.322505e+02  1.617092e+01  5.198345e-14 
  531.000  1.746802e+03  8.486547e+01  0.000000e+00  1.439097e+02  1.745353e+01  0.000000e+00 
  532.000  1.665879e+03  8.027256e+01  2.649379e-13  1.372429e+02  1.651127e+01  1.685898e-14 
  533.000  1.462554e+03  6.990839e+01  2.388308e-13  1.204920e+02  1.438240e+01  4.142803e-14 
  534.000  1.589633e+03  7.538226e+01  2.423825e-13  1.309613e+02  1.551287e+01  3.857637e-14 
  535.000  1.621000e+03  7.626970e+01  3.480219e-14  1.335455e+02  1.570062e+01  1.310527e-14 
  536.000  1.719136e+03  8.025594e+01 -5.533415e-14  1.416304e+02  1.652640e+01 -2.083689e-14 
  537.000  1.594156e+03  7.383859e+01 -3.725833e-13  1.313340e+02  1.520923e+01 -6.115684e-14 
  538.000  1.667992e+03  7.665102e+01 -1.155757e-13  1.374169e+02  1.579246e+01 -6.732837e-15 
  539.000  1.661777e+03  7.576423e+01  2.575473e-13  1.369049e+02  1.561334e+01  6.034589e-14 
  540.000  1.625611e+03  7.353148e+01  5.640158e-13  1.339254e+02  1.515644e+01  1.049081e-13 
  541.000  1.490077e+03  6.687064e+01  4.444385e-13  1.227595e+02  1.378634e+01  3.604769e-14 
  542.000  1.661567e+03  7.398038e+01  1.481493e-13  1.368876e+02  1.525511e+01  1.004567e-14 
  543.000  1.588792e+03  7.018456e+01 -2.707834e-13  1.308921e+02  1.447513e+01 -3.200846e-14 
  544.000  1.675251e+03  7.342205e+01  2.412914e-13  1.380150e+02  1.514543e+01  5.398759e-14 
  545.000  1.649833e+03  7.173978e+01 -2.399550e-13  1.359209e+02  1.480080e+01 -6.312704e-14 
  546.000  1.612704e+03  6.957504e+01 -2.919506e-13  1.328621e+02  1.435643e+01 -3.896631e-14 
  547.000  1.680760e+03  7.194415e+01  2.084321e-13  1.384689e+02  1.484768e+01  5.075507e-14 
  548.000  1.559076e+03  6.621445e+01 -2.276838e-13  1.284439e+02  1.366732e+01  0.000000e+00 
  549.000  1.640392e+03  6.912534e+01  2.266869e-13  1.351431e+02  1.427036e+01  1.320559e-14 
  550.000  1.604200e+03  6.707349e+01 -8.113798e-14  1.321615e+02  1.384874e+01 -1.291351e-14 
  551.000  1.594263e+03  6.613756e+01 -3.520696e-13  1.313428e+02  1.365713e+01 -4.491904e-14 
  552.000  1.663107e+03  6.845654e+01 -1.658653e-13  1.370145e+02  1.413773e+01 -1.673584e-14 
  553.000  1.598089e+03  6.526827e+01 -9.563359e-14  1.316580e+02  1.348078e+01 -9.649448e-15 
  554.000  1.650459e+03  6.688329e+01  6.821300e-14  1.359725e+02  1.381581e+01  1.661047e-14 
  555.000  1.655276e+03  6.655820e+01  3.302287e-14  1.363694e+02  1.375007e+01  3.332014e-15 
  556.000  1.609841e+03  6.422963e+01  1.490682e-14  1.326262e+02  1.327028e+01 -3.240887e-15 
  557.000  1.562279e+03  6.184801e+01  1.681098e-13  1.287079e+02  1.277916e+01  3.145652e-15 
  558.000  1.621850e+03  6.370836e+01 -1.341293e-13  1.336156e+02  1.316444e+01 -3.266169e-14 
  559.000  1.533225e+03  5.976009e+01 -1.880386e-13  1.263142e+02  1.234928e+01 -3.705936e-14 
  560.000  1.540198e+03  5.956508e+01 -1.911454e-13  1.268887e+02  1.230935e+01 -4.654561e-14 
  561.000  1.693017e+03  6.496483e+01  1.171351e-13  1.394787e+02  1.342531e+01  6.823674e-15 
  562.000  1.554448e+03  5.917273e+01  1.286977e-13  1.280627e+02  1.222692e+01  3.133903e-14 
  563.000  1.626590e+03  6.143365e+01  8.711318e-14  1.340060e+02  1.269350e+01  3.280374e-14 
  564.000  1.604026e+03  6.010287e+01 -1.500833e-13  1.321471e+02  1.241730e+01 -3.883354e-14 
  565.000  1.623483e+03  6.034223e+01 -1.021014e-13  1.337501e+02  1.246414e+01 -2.949442e-14 
  566.000  1.497057e+03  5.520184e+01  4.817314e-14  1.233345e+02  1.140072e+01  1.814030e-14 
  567.000  1.606567e+03  5.873455e+01  3.449886e-14  1.323565e+02  1.212365e+01  1.299105e-14 
  568.000  1.604175e+03  5.803673e+01 -1.265796e-13  1.321594e+02  1.195792e+01 -3.251337e-15 
  569.000  1.575096e+03  5.624134e+01 -4.408728e-15  1.297638e+02  1.154674e+01  1.275396e-15 
  570.000  1.582902e+03  5.611403e+01  1.011062e-14  1.304068e+02  1.152402e+01  3.807303e-15 
  571.000  1.524820e+03  5.382404e+01 -1.084990e-13  1.256218e+02  1.107819e+01 -1.548061e-14 
  572.000  1.613696e+03  5.628848e+01  1.746690e-14  1.329438e+02  1.155280e+01  6.577416e-15 
  573.000  1.630221e+03  5.647323e+01 -1.140161e-13  1.343052e+02  1.159619e+01 -6.641982e-15 
  574.000  1.621252e+03  5.573887e+01 -1.754343e-14  1.335663e+02  1.144560e+01 -6.606237e-15 
  575.000  1.581927e+03  5.394924e+01  1.278236e-13  1.303266e+02  1.107438e+01  1.289743e-14 
  576.000  1.553527e+03  5.257293e+01 -7.956605e-14  1.279868e+02  1.079054e+01 -1.266333e-14 
  577.000  1.617885e+03  5.440288e+01 -1.305272e-13  1.332889e+02  1.117468e+01 -1.317022e-14 
  578.000  1.570266e+03  5.249630e+01  3.388240e-14  1.293658e+02  1.079527e+01  1.275891e-14 
  579.000  1.558375e+03  5.179677e+01  1.252524e-13  1.283862e+02  1.066315e+01  1.263800e-14 
  580.000  1.612708e+03  5.330089e+01  4.966321e-14  1.328624e+02  1.098584e+01  9.787811e-15 
  581.000  1.584008e+03  5.209756e+01 -1.266808e-13  1.304980e+02  1.075587e+01 -1.278212e-14 
  582.000  1.608342e+03  5.259528e+01 -3.208995e-14  1.325027e+02  1.087062e+01 -3.237882e-15 
  583.000  1.620308e+03  5.264809e+01  1.936821e-13  1.334886e+02  1.088864e+01  1.954257e-14 
  584.000  1.615828e+03  5.215888e+01 -1.458244e-13  1.331194e+02  1.079331e+01 -1.946301e-14 
  585.000  1.605851e+03  5.148545e+01  3.191608e-14  1.322975e+02  1.065798e+01  3.220339e-15 
  586.000  1.537451e+03  4.895585e+01 -1.221050e-13  1.266624e+02  1.013774e+01 -1.232042e-14 
  587.000  1.599214e+03  5.047185e+01 -2.417357e-13  1.317507e+02  1.044106e+01 -3.847343e-14 
  588.000  1.587961e+03  4.941915e+01  9.289933e-14  1.308236e+02  1.017893e+01  2.044898e-14 
  589.000  1.414200e+03  4.329051e+01 -8.744808e-14  1.165084e+02  8.863912e+00 -8.823529e-15 
  590.000  1.477465e+03  4.488369e+01  9.355032e-15  1.217205e+02  9.188376e+00  3.522774e-15 
  591.000  1.565861e+03  4.752374e+01 -9.750045e-15  1.290029e+02  9.768664e+00 -3.671522e-15 
  592.000  1.538724e+03  4.621419e+01 -4.411615e-14  1.267673e+02  9.480109e+00 -1.498996e-15 
  593.000  1.550121e+03  4.657087e+01 -6.933907e-15  1.277062e+02  9.600215e+00 -2.426662e-15 
  594.000  1.565956e+03  4.663212e+01 -2.048681e-14  1.290107e+02  9.602916e+00  7.561142e-15 
  595.000  1.540050e+03  4.530160e+01 -4.942749e-14  1.268765e+02  9.298721e+00 -2.566200e-15 
  596.000  1.573287e+03  4.629349e+01  6.051867e-14  1.296147e+02  9.548820e+00  1.162670e-14 
  597.000  1.579559e+03  4.606932e+01  3.952915e-14  1.301315e+02  9.492674e+00  9.749958e-15 
  598.000  1.545369e+03  4.489984e+01 -6.634489e-14  1.273147e+02  9.272080e+00 -1.363010e-14 
  599.000  1.545177e+03  4.463951e+01  6.640800e-14  1.272989e+02  9.227389e+00  1.499750e-14 
  600.000  1.543750e+03  4.441664e+01 -1.553876e-13  1.271813e+02  9.199819e+00 -2.473070e-14 
  601.000  1.534053e+03  4.393338e+01 -1.215907e-13  1.263825e+02  9.114945e+00 -1.226853e-14 
  602.000  1.517093e+03  4.317733e+01  3.005479e-14  1.249852e+02  8.963471e+00  3.032534e-15 
  603.000  1.526125e+03  4.316800e+01  3.454299e-14  1.257293e+02  8.967260e+00  2.133430e-14 
  604.000  1.574406e+03  4.425679e+01 -6.671095e-14  1.297069e+02  9.198634e+00 -2.512099e-14 
  605.000  1.570604e+03  4.386042e+01  2.359536e-13  1.293937e+02  9.119261e+00  3.755319e-14 
  606.000  1.552707e+03  4.306687e+01 -1.641855e-14  1.279193e+02  8.955854e+00 -6.182645e-15 
  607.000  1.544316e+03  4.254345e+01  2.784085e-13  1.272279e+02  8.848433e+00  4.608387e-14 
  608.000  1.539034e+03  4.211036e+01 -3.249826e-14  1.267928e+02  8.759692e+00 -1.223770e-14 
  609.000  1.523617e+03  4.140503e+01 -2.153596e-15  1.255227e+02  8.614110e+00 -9.079721e-15 
  610.000  1.499580e+03  4.047527e+01  1.885739e-13  1.235424e+02  8.421785e+00  5.953141e-15 
  611.000  1.524269e+03  4.086266e+01  6.422326e-14  1.255763e+02  8.503451e+00  2.418421e-14 
  612.000  1.504773e+03  4.006638e+01  5.910595e-14  1.239702e+02  8.338699e+00  5.963802e-15 
  613.000  1.483137e+03  3.922201e+01  0.000000e+00  1.221877e+02  8.163768e+00  0.000000e+00 
  614.000  1.429924e+03  3.755754e+01 -9.712968e-14  1.178038e+02  7.817976e+00 -5.658266e-15 
  615.000  1.498757e+03  3.909824e+01 -3.147441e-14  1.234746e+02  8.139366e+00 -1.185215e-14 
  616.000  1.425354e+03  3.693042e+01 -9.867671e-14  1.174273e+02  7.688581e+00 -1.407916e-14 
  617.000  1.433729e+03  3.689372e+01 -4.107026e-14  1.181173e+02  7.681242e+00  0.000000e+00 
  618.000  1.501677e+03  3.837669e+01  2.391273e-13  1.237152e+02  7.990027e+00  4.147947e-14 
  619.000  1.488225e+03  3.776948e+01 -1.475212e-13  1.226069e+02  7.863288e+00 -2.347873e-14 
  620.000  1.510522e+03  3.806897e+01 -1.633591e-13  1.244439e+02  7.925132e+00 -2.084228e-14 
  621.000  1.536810e+03  3.846035e+01  1.608288e-14  1.266096e+02  8.005752e+00  6.056242e-15 
  622.000  1.456000e+03  3.618098e+01  1.523233e-14  1.199521e+02  7.530159e+00  5.735957e-15 
  623.000  1.467633e+03  3.620926e+01 -3.070170e-14  1.209104e+02  7.534360e+00 -1.156118e-14 
  624.000  1.469470e+03  3.599645e+01 -8.808243e-14  1.210618e+02  7.488496e+00 -1.735961e-14 
  625.000  1.429877e+03  3.477636e+01  5.579369e-14  1.177999e+02  7.232966e+00  5.629594e-15 
  626.000  1.437618e+03  3.470336e+01  0.000000e+00  1.184377e+02  7.214432e+00  0.000000e+00 
  627.000  1.463470e+03  3.495500e+01  3.069824e-14  1.205675e+02  7.248480e+00  1.155987e-14 
  628.000  1.442310e+03  3.353483e+01  6.321591e-14  1.188242e+02  6.864994e+00  8.319353e-15 
  629.000  1.481015e+03  3.459195e+01  3.111781e-14  1.220129e+02  7.132493e+00  1.114378e-14 
  630.000  1.430720e+03  3.325941e+01 -9.593532e-15  1.178694e+02  6.866855e+00  1.542121e-16 
  631.000  1.483720e+03  3.437770e+01  3.120809e-14  1.222358e+02  7.113217e+00  1.175186e-14 
  632.000  1.384324e+03  3.186771e+01 -1.214081e-14  1.140471e+02  6.594740e+00  4.585966e-15 
  633.000  1.484972e+03  3.410762e+01  1.551116e-14  1.223389e+02  7.078760e+00  5.840956e-15 
  634.000  1.440652e+03  3.294239e+01  3.000382e-14  1.186877e+02  6.846873e+00  1.129838e-14 
  635.000  1.467662e+03  3.336398e+01  0.000000e+00  1.209128e+02  6.938142e+00  0.000000e+00 
  636.000  1.416113e+03  3.201964e+01  1.272352e-14  1.166660e+02  6.664198e+00 -2.766218e-15 
  637.000  1.463296e+03  3.289989e+01  2.030425e-15  1.205531e+02  6.851845e+00  8.560423e-15 
  638.000  1.485694e+03  3.325070e+01  0.000000e+00  1.223984e+02  6.934256e+00  0.000000e+00 
  639.000  1.473950e+03  3.278872e+01  1.520633e-14  1.214309e+02  6.840435e+00  5.726166e-15 
  640.000  1.427715e+03  3.159009e+01  5.683765e-14  1.176218e+02  6.595735e+00  1.384047e-14 
  641.000  1.448812e+03  3.185942e+01  1.490137e-14  1.193598e+02  6.653776e+00  5.611331e-15 
  642.000  1.431537e+03  3.130172e+01  7.154509e-14  1.179367e+02  6.541260e+00  1.937818e-14 
  643.000  1.457672e+03  3.163983e+01 -1.546570e-13  1.200898e+02  6.608537e+00 -1.973202e-14 
  644.000  1.441348e+03  3.108972e+01 -1.280948e-14  1.187450e+02  6.494851e+00  2.784904e-15 
  645.000  1.455099e+03  3.113867e+01 -1.115127e-13  1.198778e+02  6.499190e+00 -1.125165e-14 
  646.000  1.403236e+03  2.966354e+01 -8.959916e-15  1.156051e+02  6.168326e+00  4.029446e-16 
  647.000  1.425083e+03  2.981941e+01  2.633503e-14  1.174050e+02  6.185917e+00 -4.430462e-15 
  648.000  1.425363e+03  2.951770e+01  1.753942e-13  1.174281e+02  6.108113e+00  2.839069e-14 
  649.000  1.451822e+03  2.997804e+01 -4.230803e-14  1.196078e+02  6.217801e+00 -6.956162e-15 
  650.000  1.341682e+03  2.772919e+01 -4.182670e-14  1.105340e+02  5.779193e+00  1.432979e-15 
  651.000  1.445595e+03  2.968646e+01  5.532919e-14  1.190948e+02  6.187495e+00  1.197254e-14 
  652.000  1.421766e+03  2.882504e+01 -1.135398e-13  1.171317e+02  5.983153e+00 -1.645335e-14 
  653.000  1.446408e+03  2.935717e+01 -2.749144e-14  1.191618e+02  6.123733e+00 -1.863873e-14 
  654.000  1.428289e+03  2.878081e+01 -1.124392e-13  1.176691e+02  6.000478e+00 -1.500714e-14 
  655.000  1.392466e+03  2.780442e+01 -5.699015e-14  1.147179e+02  5.786808e+00 -1.719082e-14 
  656.000  1.182025e+03  2.347596e+01 -6.795557e-14  9.738069e+01  4.889312e+00 -7.494512e-15 
  657.000  1.261079e+03  2.492510e+01  7.813016e-14  1.038936e+02  5.196457e+00  1.465920e-15 
  658.000  1.403487e+03  2.763134e+01  4.291132e-14  1.156258e+02  5.769897e+00  1.615889e-14 
  659.000  1.406291e+03  2.755999e+01  4.099606e-14  1.158568e+02  5.761886e+00  8.079657e-15 
  660.000  1.417257e+03  2.762133e+01  1.439889e-14  1.167603e+02  5.777888e+00  5.422114e-15 
  661.000  1.422712e+03  2.761522e+01  5.381649e-14  1.172096e+02  5.785391e+00  5.430094e-15 
  662.000  1.442943e+03  2.785991e+01 -1.069196e-14  1.188764e+02  5.840715e+00  1.099982e-14 
  663.000  1.427344e+03  2.738119e+01 -2.050227e-13  1.175912e+02  5.739915e+00 -3.263038e-14 
  664.000  1.404734e+03  2.678933e+01 -1.467027e-13  1.157286e+02  5.617500e+00 -1.871716e-14 
  665.000  1.411008e+03  2.674968e+01 -6.935873e-14  1.162454e+02  5.610607e+00 -1.878600e-14 
  666.000  1.428059e+03  2.691589e+01 -2.026829e-13  1.176501e+02  5.647305e+00 -2.442399e-14 
  667.000  1.399814e+03  2.622779e+01  2.512049e-13  1.153232e+02  5.504311e+00  2.923824e-14 
  668.000  1.407799e+03  2.622403e+01 -1.200682e-13  1.159810e+02  5.505180e+00 -1.602536e-14 
  669.000  1.428202e+03  2.644460e+01  3.928998e-14  1.176619e+02  5.552456e+00  0.000000e+00 
  670.000  1.411331e+03  2.597442e+01  1.902709e-15  1.162720e+02  5.454491e+00  8.021963e-15 
  671.000  1.396584e+03  2.554866e+01 -2.761132e-13  1.150571e+02  5.365911e+00 -3.173137e-14 
  672.000  1.392274e+03  2.531595e+01 -4.559817e-13  1.147020e+02  5.317687e+00 -4.215150e-14 
  673.000  1.402489e+03  2.534772e+01 -4.650189e-15  1.155436e+02  5.324989e+00  3.447803e-14 
  674.000  1.405452e+03  2.524810e+01 -1.758330e-13  1.157877e+02  5.304677e+00 -3.718578e-14 
  675.000  1.384214e+03  2.471693e+01  6.012579e-14  1.140380e+02  5.193684e+00 -1.307193e-14 
  676.000  1.410578e+03  2.503602e+01 -1.621220e-13  1.162100e+02  5.261301e+00 -3.195161e-14 
  677.000  1.382749e+03  2.439437e+01 -1.228419e-13  1.139173e+02  5.126992e+00 -3.913076e-14 
  678.000  1.405846e+03  2.465288e+01  3.387788e-13  1.158201e+02  5.181865e+00  7.687565e-14 
  679.000  1.386229e+03  2.416158e+01  1.015812e-14  1.142040e+02  5.078913e+00 -1.045061e-14 
  680.000  1.375969e+03  2.383094e+01  1.321675e-13  1.133587e+02  5.008798e+00  2.851955e-14 
  681.000  1.377930e+03  2.371160e+01 -3.482544e-13  1.135203e+02  4.982761e+00 -3.893971e-14 
  682.000  1.375230e+03  2.352015e+01 -2.365387e-13  1.132978e+02  4.942517e+00 -4.661793e-14 
  683.000  1.384764e+03  2.353517e+01 -2.583860e-14  1.140833e+02  4.945224e+00 -2.607119e-15 
  684.000  1.360335e+03  2.296537e+01  3.716658e-14  1.120707e+02  4.823633e+00  0.000000e+00 
  685.000  1.375659e+03  2.309529e+01 -6.688683e-14  1.133332e+02  4.852677e+00 -1.811648e-14 
  686.000  1.315436e+03  2.188098e+01  2.637670e-14  1.083718e+02  4.588195e+00  9.932534e-15 
  687.000  1.206736e+03  1.884030e+01 -1.114472e-14  9.941652e+01  3.813691e+00  2.445665e-15 
  688.000  1.242420e+03  1.950463e+01 -4.215354e-14  1.023563e+02  3.974806e+00 -1.259828e-14 
  689.000  1.236033e+03  1.921707e+01  4.143212e-14  1.018302e+02  3.907894e+00  2.413618e-15 
  690.000  1.260023e+03  1.960583e+01  3.653508e-14  1.038066e+02  4.003109e+00  5.469465e-15 
  691.000  1.289232e+03  2.016471e+01 -7.429213e-13  1.062129e+02  4.145352e+00 -1.175482e-13 
  692.000  1.296187e+03  2.032831e+01  1.838900e-14  1.067859e+02  4.201672e+00  3.649653e-15 
  693.000  1.302053e+03  2.026483e+01 -6.740426e-15  1.072692e+02  4.183797e+00 -2.538206e-15 
  694.000  1.310237e+03  2.019737e+01  4.131656e-15  1.079434e+02  4.160106e+00 -8.982620e-16 
  695.000  1.294816e+03  1.994286e+01 -1.054542e-14  1.066729e+02  4.121130e+00  8.372992e-16 
  696.000  1.314167e+03  2.018300e+01 -1.610889e-14  1.082672e+02  4.179130e+00 -6.122189e-15 
  697.000  1.332585e+03  2.063913e+01 -1.099439e-13  1.097845e+02  4.313764e+00 -1.877543e-14 
  698.000  1.304798e+03  2.002340e+01  1.020854e-14  1.074954e+02  4.176244e+00  3.513841e-16 
  699.000  1.314982e+03  1.981114e+01  4.206695e-14  1.083343e+02  4.098771e+00  9.997164e-15 
  700.000  1.302126e+03  1.953746e+01 -3.577559e-14  1.072752e+02  4.047028e+00 -9.946856e-15 
  701.000  1.269948e+03  1.889312e+01 -6.248912e-14  1.046242e+02  3.907130e+00 -6.290645e-15 
  702.000  1.266168e+03  1.875950e+01 -4.640425e-14  1.043128e+02  3.884059e+00 -7.186245e-15 
  703.000  1.295709e+03  1.928121e+01 -2.330780e-14  1.067466e+02  4.018797e+00 -1.840857e-15 
  704.000  1.300096e+03  1.924042e+01 -1.153874e-14  1.071080e+02  4.011415e+00  5.131380e-15 
  705.000  1.305362e+03  1.911825e+01  1.071481e-12  1.075418e+02  3.974319e+00  1.081127e-13 
  706.000  1.292573e+03  1.883500e+01  1.632742e-14  1.064882e+02  3.917538e+00  2.002727e-14 
  707.000  1.274889e+03  1.849683e+01 -1.248064e-13  1.050313e+02  3.851088e+00 -1.625419e-14 
  708.000  1.313880e+03  1.898314e+01  5.915167e-15  1.082435e+02  3.956749e+00 -1.286015e-15 
  709.000  1.270895e+03  1.832141e+01  2.196826e-14  1.047022e+02  3.827943e+00  1.501852e-15 
  710.000  1.296454e+03  1.850733e+01  3.167973e-14  1.068080e+02  3.856859e+00  4.995934e-15 
  711.000  1.287438e+03  1.834377e+01 -7.004544e-14  1.060652e+02  3.832652e+00 -1.257903e-14 
  712.000  1.272946e+03  1.809532e+01 -1.990368e-14  1.048712e+02  3.789475e+00 -7.495022e-15 
  713.000  1.264972e+03  1.782533e+01 -6.624250e-14  1.042143e+02  3.725850e+00 -1.821442e-14 
  714.000  1.285613e+03  1.799345e+01  6.548849e-14  1.059148e+02  3.758614e+00  1.097001e-14 
  715.000  1.236355e+03  1.712787e+01  8.610111e-16  1.018567e+02  3.567534e+00  3.630087e-15 
  716.000  1.264003e+03  1.733466e+01  2.369528e-14  1.041344e+02  3.600516e+00 -1.262182e-15 
  717.000  1.196875e+03  1.596718e+01 -1.123086e-15  9.860411e+01  3.270890e+00 -4.229143e-16 
  718.000  1.168403e+03  1.534126e+01 -4.708602e-12  9.625846e+01  3.123238e+00 -9.279911e-13 
  719.000  1.147006e+03  1.492444e+01  0.000000e+00  9.449570e+01  3.032329e+00  0.000000e+00 
  720.000  1.142870e+03  1.471994e+01 -4.772228e-14  9.415492e+01  2.982949e+00 -4.813456e-15 
  721.000  1.194196e+03  1.565209e+01  1.381775e-14  9.838345e+01  3.217155e+00  5.203274e-15 
  722.000  1.229585e+03  1.620748e+01 -6.449552e-15  1.012989e+02  3.355608e+00 -2.428673e-15 
  723.000  1.216479e+03  1.583573e+01  9.909768e-15  1.002192e+02  3.264570e+00  8.098978e-15 
  724.000  1.193504e+03  1.521090e+01  9.681330e-14  9.832643e+01  3.105806e+00  9.764969e-15 
  725.000  1.184998e+03  1.504604e+01  1.224898e-13  9.762569e+01  3.075846e+00  1.973506e-14 
  726.000  1.181417e+03  1.490612e+01  9.299275e-14  9.733064e+01  3.046165e+00  9.236179e-15 
  727.000  1.203217e+03  1.512506e+01 -1.275653e-17  9.912663e+01  3.094736e+00 -4.803659e-18 
  728.000  1.177892e+03  1.469190e+01 -1.253978e-17  9.704028e+01  3.002320e+00 -4.722037e-18 
  729.000  1.142131e+03  1.424313e+01 -3.244197e-14  9.409410e+01  2.920494e+00  3.883683e-16 
  730.000  1.182265e+03  1.464656e+01 -4.741594e-14  9.740054e+01  3.001559e+00 -4.784278e-15 
  731.000  1.160304e+03  1.427763e+01 -2.499192e-14  9.559128e+01  2.924061e+00 -9.411072e-15 
  732.000  1.201285e+03  1.484897e+01 -4.748568e-14  9.896744e+01  3.060456e+00 -4.798201e-15 
  733.000  1.200505e+03  1.493228e+01  6.070686e-15  9.890316e+01  3.101155e+00  2.336561e-15 
  734.000  1.233628e+03  1.535903e+01 -1.999710e-13  1.016320e+02  3.203498e+00 -2.017711e-14 
  735.000  1.220860e+03  1.507758e+01  9.774588e-14  1.005801e+02  3.139807e+00  1.160721e-14 
  736.000  1.192904e+03  1.458705e+01  7.046805e-15  9.827702e+01  3.029279e+00  5.850169e-15 
  737.000  1.212664e+03  1.479244e+01 -2.656247e-14  9.990488e+01  3.078255e+00 -6.765204e-15 
  738.000  1.214855e+03  1.480448e+01  7.116573e-14  1.000854e+02  3.090030e+00  1.066597e-14 
  739.000  1.177796e+03  1.430222e+01 -3.898856e-14  9.703234e+01  2.989235e+00 -8.439426e-15 
  740.000  1.193918e+03  1.448684e+01 -5.580176e-14  9.836052e+01  3.037393e+00 -1.243274e-14 
  741.000  1.187254e+03  1.436750e+01  1.213955e-14  9.781149e+01  3.018130e+00  4.571326e-15 
  742.000  1.168878e+03  1.408377e+01  8.132609e-15  9.629758e+01  2.960927e+00  3.062453e-15 
  743.000  1.205854e+03  1.448785e+01 -7.673004e-14  9.934390e+01  3.051290e+00 -4.469890e-15 
  744.000  1.218415e+03  1.457706e+01 -7.904163e-14  1.003787e+02  3.072799e+00 -1.127764e-14 
  745.000  1.187596e+03  1.414407e+01 -2.020548e-14  9.783974e+01  2.983538e+00  4.392868e-15 
  746.000  1.204830e+03  1.428119e+01 -1.221662e-13  9.925950e+01  3.014030e+00 -1.558665e-14 
  747.000  1.223815e+03  1.442815e+01 -1.040052e-14  1.008236e+02  3.045340e+00  2.261174e-15 
  748.000  1.201810e+03  1.410007e+01 -1.178519e-14  9.901073e+01  2.977413e+00 -4.437884e-15 
  749.000  1.202367e+03  1.403306e+01 -2.654934e-13  9.905656e+01  2.963845e+00 -3.328626e-14 
  750.000  1.184690e+03  1.374698e+01  8.668415e-14  9.760030e+01  2.902911e+00  8.746448e-15 
  751.000  1.181789e+03  1.363900e+01 -3.164415e-14  9.736130e+01  2.880251e+00  0.000000e+00 
  752.000  1.200316e+03  1.378484e+01 -9.951020e-14  9.888760e+01  2.912164e+00 -1.328151e-14 
  753.000  1.189182e+03  1.358492e+01  4.189596e-14  9.797035e+01  2.870313e+00 -2.192357e-15 
  754.000  1.207977e+03  1.372618e+01 -2.199189e-13  9.951879e+01  2.900439e+00 -6.456574e-14 
  755.000  1.201187e+03  1.357549e+01 -4.011617e-13  9.895939e+01  2.868741e+00 -6.640272e-14 
  756.000  1.177812e+03  1.323981e+01  8.221642e-14  9.703369e+01  2.797956e+00  3.688803e-14 
  757.000  1.186532e+03  1.326557e+01 -2.351623e-13  9.775207e+01  2.803453e+00 -1.092807e-14 
  758.000  1.184241e+03  1.315083e+01  4.330071e-14  9.756329e+01  2.776866e+00  4.369050e-15 
  759.000  1.090578e+03  1.157824e+01 -3.650064e-14  8.984687e+01  2.383933e+00 -5.507081e-15 
  760.000  5.275978e+02  4.398558e+00 -5.938223e-26  4.346596e+01  7.639487e-01 -2.236125e-26 
  761.000  4.724056e+02  3.808598e+00 -8.419977e-17  3.891898e+01  6.454816e-01 -3.170666e-17 
  762.000  7.860499e+02  7.420128e+00 -1.372760e-15  6.475845e+01  1.422958e+00 -5.169328e-16 
  763.000  7.062875e+02  6.267052e+00 -3.376561e-16  5.818726e+01  1.153558e+00 -1.271493e-16 
  764.000  7.588877e+02  6.877167e+00 -2.738613e-16  6.252071e+01  1.289942e+00 -1.031265e-16 
  765.000  8.753455e+02  8.416492e+00  1.352880e-15  7.211504e+01  1.657257e+00  5.094467e-16 
  766.000  9.570673e+02  9.546695e+00  7.550030e-18  7.884766e+01  1.937453e+00  2.843074e-18 
  767.000  1.030898e+03  1.040839e+01  5.140851e-15  8.493021e+01  2.134059e+00  1.935863e-15 
  768.000  1.110903e+03  1.134831e+01  2.515520e-14  9.152136e+01  2.351417e+00  4.003575e-15 
  769.000  1.131941e+03  1.167893e+01  3.542758e-14  9.325456e+01  2.443742e+00  3.785433e-15 
  770.000  1.138004e+03  1.178051e+01 -8.147558e-14  9.375408e+01  2.478851e+00 -1.722179e-14 
  771.000  1.144669e+03  1.184656e+01 -1.118547e-14  9.430316e+01  2.500992e+00 -4.212051e-15 
  772.000  1.141508e+03  1.176591e+01  6.383765e-14  9.404271e+01  2.486032e+00  1.258136e-14 
  773.000  1.137431e+03  1.166812e+01  6.356325e-14  9.370689e+01  2.466279e+00  1.252728e-14 
  774.000  1.150090e+03  1.174324e+01  3.060618e-14  9.474976e+01  2.483251e+00  0.000000e+00 
  775.000  1.107130e+03  1.124860e+01  1.221291e-13  9.121049e+01  2.379207e+00  1.826570e-14 
  776.000  1.152914e+03  1.165455e+01 -6.732750e-14  9.498246e+01  2.465462e+00 -2.535316e-14 
  777.000  1.145042e+03  1.151438e+01  1.263603e-14  9.433386e+01  2.435903e+00  1.049027e-14 
  778.000  1.139016e+03  1.139294e+01 -1.063845e-13  9.383742e+01  2.410171e+00 -2.295602e-14 
  779.000  1.142834e+03  1.137037e+01 -2.727509e-13  9.415200e+01  2.405335e+00 -3.978301e-14 
  780.000  1.128803e+03  1.117111e+01 -1.098395e-14  9.299602e+01  2.363119e+00 -4.136167e-15 
  781.000  1.127052e+03  1.109802e+01  2.060576e-13  9.285183e+01  2.348065e+00  2.683595e-14 
  782.000  1.140745e+03  1.117327e+01 -2.219377e-14  9.397993e+01  2.363908e+00 -8.357391e-15 
  783.000  1.114194e+03  1.085549e+01  5.564372e-14  9.179249e+01  2.296616e+00  2.652866e-14 
  784.000  1.120490e+03  1.085702e+01  2.034175e-14  9.231123e+01  2.296580e+00  2.052487e-15 
  785.000  1.123117e+03  1.081171e+01  9.111180e-14  9.252760e+01  2.285078e+00  6.178084e-15 
  786.000  1.103080e+03  1.054223e+01 -1.075976e-14  9.087685e+01  2.225193e+00 -4.051745e-15 
  787.000  1.117698e+03  1.058375e+01 -7.337021e-15  9.208115e+01  2.228113e+00  2.540693e-15 
  788.000  1.100053e+03  1.034085e+01  2.565395e-14  9.062753e+01  2.174011e+00  4.611932e-16 
  789.000  1.102891e+03  1.024138e+01 -4.854890e-14  9.086127e+01  2.143224e+00  1.377571e-14 
  790.000  1.091456e+03  1.007669e+01 -8.397307e-14  8.991927e+01  2.107960e+00 -1.845836e-14 
  791.000  1.086638e+03  9.992767e+00  8.293136e-14  8.952232e+01  2.092131e+00  3.930737e-14 
  792.000  1.070177e+03  9.801950e+00 -6.712260e-14  8.816620e+01  2.053766e+00  8.415850e-15 
  793.000  1.070735e+03  9.783930e+00  3.210663e-14  8.821211e+01  2.053791e+00 -9.377394e-16 
  794.000  1.062860e+03  9.720975e+00  7.749801e-14  8.756335e+01  2.048728e+00  7.819564e-15 
  795.000  1.055302e+03  9.566383e+00 -1.750233e-14  8.694067e+01  2.011271e+00 -6.590759e-15 
  796.000  1.068015e+03  9.539084e+00 -1.995528e-14  8.798802e+01  1.992893e+00 -4.859289e-15 
  797.000  1.076365e+03  9.589433e+00  8.057583e-14  8.867600e+01  2.006863e+00  6.700146e-15 
  798.000  1.080411e+03  9.635094e+00  3.673237e-15  8.900928e+01  2.024556e+00  3.858908e-15 
  799.000  1.078852e+03  9.557849e+00 -3.689042e-14  8.888082e+01  2.006406e+00 -3.722251e-15 
  800.000  1.048455e+03  9.199846e+00  1.099657e-15  8.637663e+01  1.925630e+00  5.610492e-15 
  801.000  1.068301e+03  9.330750e+00 -9.732921e-14  8.801158e+01  1.953681e+00 -1.812964e-14 
  802.000  1.066059e+03  9.259427e+00 -2.704603e-14  8.782691e+01  1.938181e+00 -2.629911e-15 
  803.000  1.051218e+03  9.089603e+00  1.888431e-14  8.660426e+01  1.903414e+00  1.905431e-15 
  804.000  1.061971e+03  9.154599e+00 -6.721217e-14  8.749012e+01  1.919610e+00 -9.566273e-15 
  805.000  1.035166e+03  8.914590e+00 -2.563918e-14  8.528179e+01  1.874314e+00 -4.560025e-15 
  806.000  1.064587e+03  9.144481e+00 -3.879002e-15  8.770565e+01  1.925847e+00 -6.687713e-15 
  807.000  1.058357e+03  9.045701e+00  1.528753e-14  8.719241e+01  1.905169e+00  7.427843e-16 
  808.000  1.051178e+03  8.925682e+00  6.514873e-14  8.660099e+01  1.878084e+00  6.628151e-15 
  809.000  1.032492e+03  8.707246e+00  2.369883e-14  8.506150e+01  1.830006e+00  6.382345e-15 
  810.000  1.026810e+03  8.599318e+00  2.144296e-14  8.459341e+01  1.805091e+00 -7.119093e-15 
  811.000  1.040931e+03  8.641238e+00  2.963482e-15  8.575672e+01  1.809464e+00 -3.857036e-15 
  812.000  1.034075e+03  8.500513e+00 -5.001046e-15  8.519193e+01  1.774476e+00 -1.883217e-15 
  813.000  1.025443e+03  8.341565e+00  1.803066e-15  8.448081e+01  1.735140e+00  6.789709e-16 
  814.000  1.018121e+03  8.186223e+00 -2.464095e-17  8.387753e+01  1.695595e+00 -9.278909e-18 
  815.000  9.995397e+02  7.937811e+00  2.153142e-14  8.234674e+01  1.636427e+00  7.641082e-15 
  816.000  9.802622e+02  7.682603e+00 -4.634373e-16  8.075857e+01  1.575738e+00 -1.745141e-16 
  817.000  9.868761e+02  7.698703e+00  1.222600e-17  8.130345e+01  1.579408e+00  4.603880e-18 
  818.000  9.817603e+02  7.625283e+00 -1.470494e-13  8.088200e+01  1.564957e+00 -1.483062e-14 
  819.000  9.587750e+02  7.429201e+00 -2.065035e-13  7.898836e+01  1.527242e+00  1.606642e-16 
  820.000  9.517334e+02  7.409873e+00  1.022163e-14  7.840823e+01  1.532719e+00  3.849103e-15 
  821.000  9.967408e+02  7.826169e+00  2.250683e-16  8.211615e+01  1.632970e+00  3.582074e-17 
  822.000  9.588340e+02  7.413034e+00 -4.127133e-14  7.899323e+01  1.536309e+00 -6.760602e-15 
  823.000  9.425618e+02  7.093866e+00 -9.573292e-15  7.765263e+01  1.450158e+00 -3.604963e-15 
  824.000  9.820334e+02  7.486518e+00 -1.935420e-14  8.090449e+01  1.547492e+00 -7.288109e-15 
  825.000  9.957660e+02  7.670441e+00 -1.091135e-14  8.203585e+01  1.601319e+00 -4.108827e-15 
  826.000  9.994914e+02  7.638922e+00 -9.692046e-15  8.234276e+01  1.591749e+00 -3.649682e-15 
  827.000  9.943681e+02  7.546653e+00 -3.427834e-14  8.192068e+01  1.570425e+00 -2.964189e-15 
  828.000  9.823963e+02  7.346922e+00  0.000000e+00  8.093439e+01  1.519285e+00  0.000000e+00 
  829.000  9.855475e+02  7.358680e+00  3.599512e-14  8.119399e+01  1.524976e+00  3.618783e-15 
  830.000  9.738830e+02  7.264549e+00  3.540902e-14  8.023302e+01  1.509328e+00  3.566323e-15 
  831.000  9.576959e+02  7.115542e+00 -1.103265e-14  7.889946e+01  1.479298e+00 -4.154506e-15 
  832.000  9.776715e+02  7.231380e+00 -1.654828e-15  8.054514e+01  1.503807e+00 -6.472899e-16 
  833.000  9.493984e+02  7.004865e+00 -9.212332e-15  7.821587e+01  1.459011e+00 -3.469039e-15 
  834.000  9.658906e+02  7.112771e+00 -3.957398e-14  7.957458e+01  1.484360e+00 -5.293092e-15 
  835.000  9.719502e+02  7.167199e+00  8.709920e-15  8.007378e+01  1.501864e+00  8.788326e-16 
  836.000  9.820025e+02  7.190887e+00 -2.709033e-14  8.090195e+01  1.504771e+00 -5.339063e-15 
  837.000  9.737592e+02  7.094088e+00 -4.431675e-14  8.022283e+01  1.484295e+00 -7.043176e-15 
  838.000  9.791854e+02  7.121168e+00  2.853112e-14  8.066986e+01  1.493025e+00  3.493808e-15 
  839.000  9.496854e+02  6.886464e+00 -7.185403e-14  7.823952e+01  1.445670e+00 -1.101077e-14 
  840.000  9.755181e+02  7.044425e+00 -1.022660e-13  8.036773e+01  1.479525e+00 -1.036943e-14 
  841.000  9.771443e+02  7.006730e+00  6.564291e-15  8.050170e+01  1.469525e+00  6.172221e-17 
  842.000  9.719240e+02  6.948791e+00 -4.505614e-14  8.007163e+01  1.459205e+00  1.839499e-15 
  843.000  9.671301e+02  6.913748e+00 -2.386867e-14  7.967668e+01  1.456372e+00 -6.783991e-15 
  844.000  9.518998e+02  6.787032e+00  1.810093e-14  7.842194e+01  1.431770e+00  6.816169e-15 
  845.000  9.667164e+02  6.865091e+00 -1.504582e-13  7.964259e+01  1.449007e+00 -5.665723e-14 
  846.000  9.756707e+02  6.903395e+00 -1.036102e-13  8.038029e+01  1.458232e+00  0.000000e+00 
  847.000  9.423868e+02  6.644405e+00  1.584350e-14  7.763821e+01  1.404733e+00 -3.444531e-15 
  848.000  9.697109e+02  6.789197e+00  0.000000e+00  7.988931e+01  1.433260e+00  0.000000e+00 
  849.000  9.715812e+02  6.771386e+00 -7.556107e-14  8.004339e+01  1.429751e+00 -2.845363e-14 
  850.000  8.399038e+02  5.820702e+00 -3.393563e-14  6.919520e+01  1.228363e+00 -5.667289e-15 
  851.000  9.620294e+02  6.627119e+00  1.952138e-14  7.925647e+01  1.397442e+00  2.644402e-15 
  852.000  9.256046e+02  6.346331e+00  3.870857e-14  7.625562e+01  1.338326e+00  3.256642e-15 
  853.000  9.366529e+02  6.402579e+00  0.000000e+00  7.716583e+01  1.351722e+00  0.000000e+00 
  854.000  7.530481e+02  5.122246e+00  0.000000e+00  6.203962e+01  1.081320e+00  0.000000e+00 
  855.000  8.291171e+02  5.618663e+00  1.202222e-13  6.830653e+01  1.186941e+00  1.213045e-14 
  856.000  9.410073e+02  6.360507e+00  6.809536e-14  7.752457e+01  1.345612e+00  6.870835e-15 
  857.000  9.560617e+02  6.437390e+00  0.000000e+00  7.876482e+01  1.362699e+00  0.000000e+00 
  858.000  9.407833e+02  6.307375e+00 -1.821937e-14  7.750610e+01  1.335591e+00 -6.860770e-15 
  859.000  9.406226e+02  6.282936e+00 -5.094164e-14  7.749287e+01  1.331334e+00 -5.140022e-15 
  860.000  9.321957e+02  6.200286e+00  2.583485e-14  7.679862e+01  1.314263e+00  5.091629e-15 
  861.000  9.321101e+02  6.170784e+00 -1.561010e-14  7.679158e+01  1.308070e+00  3.393788e-15 
  862.000  9.290283e+02  6.122924e+00  7.777241e-15  7.653768e+01  1.298153e+00 -1.690848e-15 
  863.000  9.468287e+02  6.210935e+00  1.732292e-13  7.800417e+01  1.316837e+00  2.757028e-14 
  864.000  9.449321e+02  6.170361e+00  1.280220e-14  7.784791e+01  1.308391e+00  1.891308e-14 
  865.000  9.273324e+02  6.027783e+00 -7.667330e-13  7.639797e+01  1.278282e+00 -6.748328e-14 
  866.000  7.778820e+02  5.032703e+00  5.314661e-13  6.408555e+01  1.067284e+00  7.641538e-14 
  867.000  8.284073e+02  5.334196e+00  1.712235e-13  6.824806e+01  1.131195e+00  1.507007e-14 
  868.000  8.984728e+02  5.758285e+00 -3.389964e-13  7.402038e+01  1.221143e+00 -2.941899e-14 
  869.000  8.859029e+02  5.651348e+00  7.817278e-14  7.298482e+01  1.198501e+00  3.383955e-14 
  870.000  9.225032e+02  5.856992e+00 -1.663018e-14  7.600011e+01  1.242075e+00 -1.677988e-15 
  871.000  9.212328e+02  5.821805e+00 -2.093651e-13  7.589545e+01  1.234647e+00 -2.848456e-14 
  872.000  9.175498e+02  5.772089e+00 -1.169507e-13  7.559203e+01  1.224195e+00 -1.668649e-14 
  873.000  9.213036e+02  5.767913e+00 -2.018337e-14  7.590128e+01  1.223206e+00 -1.675598e-14 
  874.000  9.011714e+02  5.615165e+00 -1.972612e-13  7.424271e+01  1.190756e+00 -2.950250e-14 
  875.000  8.929311e+02  5.537792e+00 -9.541611e-14  7.356383e+01  1.174331e+00 -4.872051e-15 
  876.000  9.004500e+02  5.557243e+00 -8.233161e-14  7.418327e+01  1.178287e+00 -1.310348e-14 
  877.000  9.184746e+02  5.641513e+00  9.285893e-14  7.566822e+01  1.196065e+00  1.670826e-14 
  878.000  9.028878e+02  5.516145e+00  2.501560e-14  7.438410e+01  1.168942e+00  4.930168e-15 
  879.000  9.050183e+02  5.503242e+00 -1.154536e-13  7.455962e+01  1.166166e+00 -1.647289e-14 
  880.000  8.999507e+02  5.443782e+00  8.704201e-15  7.414214e+01  1.153103e+00  3.277694e-15 
  881.000  8.532652e+02  5.135741e+00 -1.650960e-14  7.029597e+01  1.087605e+00 -6.216931e-15 
  882.000  9.004953e+02  5.393192e+00 -1.742776e-14  7.418700e+01  1.141874e+00 -6.562677e-15 
  883.000  8.799191e+02  5.247286e+00  1.702457e-14  7.249184e+01  1.111209e+00  6.410852e-15 
  884.000  8.874010e+02  5.268156e+00  0.000000e+00  7.310823e+01  1.115716e+00  0.000000e+00 
  885.000  8.968177e+02  5.293018e+00  1.736668e-14  7.388403e+01  1.120067e+00  6.539676e-15 
  886.000  8.677049e+02  5.088919e+00  2.692255e-13  7.148558e+01  1.075655e+00  1.013808e-13 
  887.000  8.587108e+02  5.019623e+00  0.000000e+00  7.074461e+01  1.061927e+00  0.000000e+00 
  888.000  8.844695e+02  5.146052e+00 -3.426613e-14  7.286672e+01  1.088611e+00 -1.290341e-14 
  889.000  8.903841e+02  5.158859e+00  8.158602e-14  7.335400e+01  1.091615e+00  1.298482e-14 
  890.000  8.876791e+02  5.114550e+00  6.881047e-14  7.313114e+01  1.081524e+00  2.591159e-14 
  891.000  8.829513e+02  5.053651e+00  1.714007e-14  7.274165e+01  1.067189e+00  6.454345e-15 
  892.000  8.793080e+02  4.991016e+00  1.532764e-14  7.244149e+01  1.051372e+00  3.719641e-15 
  893.000  8.425031e+02  4.707123e+00 -3.805660e-14  6.940933e+01  9.842697e-01 -6.377040e-15 
  894.000  8.685599e+02  4.805988e+00  7.013502e-15  7.155601e+01  1.001578e+00 -1.481837e-15 
  895.000  8.173900e+02  4.440524e+00 -1.729857e-15  6.734040e+01  9.171526e-01 -2.753153e-16 
  896.000  8.369600e+02  4.479450e+00  3.982553e-15  6.895266e+01  9.190937e-01  1.499689e-15 
  897.000  8.044015e+02  4.245966e+00 -9.249790e-15  6.627034e+01  8.661569e-01 -1.473427e-15 
  898.000  7.994846e+02  4.184662e+00  9.258478e-15  6.586526e+01  8.516364e-01  1.472252e-15 
  899.000  7.805403e+02  4.029811e+00  0.000000e+00  6.430455e+01  8.157144e-01  0.000000e+00 
  900.000  7.636949e+02  3.929421e+00  9.519115e-16  6.291675e+01  7.958865e-01  3.584562e-16 
  901.000  7.427553e+02  3.796443e+00  1.029348e-15  6.119165e+01  7.680328e-01  3.876161e-16 
  902.000  7.298049e+02  3.715578e+00  0.000000e+00  6.012472e+01  7.519560e-01  0.000000e+00 
  903.000  7.992407e+02  4.117640e+00  1.894870e-16  6.584517e+01  8.414571e-01  7.135411e-17 
  904.000  8.285256e+02  4.307786e+00 -3.905372e-15  6.825780e+01  8.879080e-01 -1.470625e-15 
  905.000  8.256112e+02  4.271144e+00  3.709527e-16  6.801770e+01  8.800749e-01  1.396877e-16 
  906.000  7.927322e+02  4.046905e+00 -3.307386e-15  6.530898e+01  8.292558e-01 -1.431377e-15 
  907.000  7.860328e+02  3.944908e+00  3.601257e-15  6.475705e+01  8.022178e-01  3.617645e-16 
  908.000  7.516515e+02  3.730341e+00  0.000000e+00  6.192455e+01  7.556205e-01  0.000000e+00 
  909.000  7.394374e+02  3.654058e+00  9.225197e-16  6.091831e+01  7.402425e-01  3.473883e-16 
  910.000  7.502761e+02  3.694529e+00  2.816477e-18  6.181124e+01  7.488426e-01  1.060586e-18 
  911.000  7.568962e+02  3.727051e+00  0.000000e+00  6.235664e+01  7.573923e-01  0.000000e+00 
  912.000  7.543198e+02  3.689783e+00  2.813684e-18  6.214438e+01  7.488717e-01  1.059534e-18 
  913.000  7.531435e+02  3.636916e+00 -9.573056e-16  6.204747e+01  7.346047e-01 -3.604875e-16 
  914.000  7.576091e+02  3.656893e+00 -9.350914e-17  6.241536e+01  7.403366e-01 -3.521224e-17 
  915.000  7.513138e+02  3.623003e+00  9.343885e-16  6.189674e+01  7.349593e-01  3.518577e-16 
  916.000  7.624548e+02  3.664285e+00  4.261851e-16  6.281458e+01  7.438031e-01  6.782947e-17 
  917.000  7.543212e+02  3.616755e+00 -3.298615e-15  6.214449e+01  7.350763e-01 -2.847407e-16 
  918.000  7.553646e+02  3.615934e+00 -1.674716e-15  6.223045e+01  7.361490e-01 -6.306390e-16 
  919.000  7.820190e+02  3.767552e+00 -5.634148e-18  6.442637e+01  7.720871e-01 -2.121621e-18 
  920.000  7.868163e+02  3.812082e+00  7.400927e-15  6.482160e+01  7.861933e-01  2.786927e-15 
  921.000  7.669451e+02  3.690860e+00  7.262587e-15  6.318451e+01  7.600778e-01  2.734833e-15 
  922.000  7.598437e+02  3.639930e+00 -2.681078e-14  6.259946e+01  7.495078e-01 -2.702233e-15 
  923.000  7.248083e+02  3.447072e+00  3.279626e-16  5.971309e+01  7.085319e-01  1.234991e-16 
  924.000  7.474477e+02  3.517072e+00 -1.656305e-16  6.157823e+01  7.201107e-01 -6.237058e-17 
  925.000  7.568239e+02  3.543500e+00 -5.475175e-18  6.235067e+01  7.252451e-01 -2.061758e-18 
  926.000  7.298001e+02  3.400572e+00 -8.299019e-15  6.012434e+01  6.957673e-01 -1.319682e-15 
  927.000  7.475515e+02  3.444733e+00  7.373264e-16  6.158678e+01  7.018622e-01  2.776510e-16 
  928.000  7.374625e+02  3.352835e+00  1.007766e-15  6.075559e+01  6.793876e-01  3.794891e-16 
  929.000  7.056890e+02  3.158804e+00  4.545790e-16  5.813795e+01  6.358002e-01  1.711784e-16 
  930.000  6.758953e+02  2.973337e+00 -1.834389e-16  5.568340e+01  5.936298e-01 -6.907662e-17 
  931.000  6.431439e+02  2.771559e+00  3.292380e-16  5.298519e+01  5.469946e-01  1.017197e-16 
  932.000  5.933931e+02  2.465883e+00  1.075799e-17  4.888648e+01  4.743701e-01  4.051079e-18 
  933.000  5.600834e+02  2.243066e+00 -5.413373e-18  4.614228e+01  4.200365e-01 -2.038485e-18 
  934.000  5.174642e+02  1.984122e+00  2.829620e-17  4.263111e+01  3.600564e-01  1.065535e-17 
  935.000  5.059183e+02  1.922847e+00 -2.656169e-18  4.167991e+01  3.476960e-01 -1.000219e-18 
  936.000  5.175143e+02  1.989044e+00 -5.263892e-18  4.263524e+01  3.640721e-01 -1.982196e-18 
  937.000  5.249302e+02  2.001349e+00  2.657644e-21  4.324619e+01  3.652682e-01  1.000775e-21 
  938.000  5.600969e+02  2.219409e+00  5.282009e-18  4.614340e+01  4.194114e-01  1.989018e-18 
  939.000  6.628757e+02  2.784723e+00  4.236989e-17  5.461079e+01  5.530162e-01  1.595501e-17 
  940.000  6.728303e+02  2.831549e+00  2.210267e-16  5.543090e+01  5.644846e-01  8.323085e-17 
  941.000  6.460312e+02  2.695142e+00 -1.750719e-16  5.322306e+01  5.358793e-01 -6.592587e-17 
  942.000  5.936678e+02  2.434751e+00  8.443259e-17  4.890912e+01  4.798632e-01  3.179433e-17 
  943.000  5.745651e+02  2.268507e+00 -4.155084e-20  4.733535e+01  4.350833e-01 -1.564658e-20 
  944.000  5.553122e+02  2.175631e+00  1.019686e-17  4.574921e+01  4.160966e-01  3.839776e-18 
  945.000  5.792589e+02  2.293588e+00 -9.814192e-17  4.772205e+01  4.441207e-01 -3.695678e-17 
  946.000  5.879961e+02  2.320662e+00  1.097520e-16  4.844186e+01  4.497410e-01  4.132873e-17 
  947.000  6.004073e+02  2.386644e+00  5.223622e-17  4.946435e+01  4.668319e-01  4.101158e-17 
  948.000  6.132868e+02  2.441360e+00 -1.301423e-16  5.052543e+01  4.796903e-01 -4.900701e-17 
  949.000  6.138398e+02  2.432557e+00 -2.614886e-16  5.057099e+01  4.778666e-01 -9.846736e-17 
  950.000  6.121013e+02  2.419004e+00 -4.155170e-17  5.042776e+01  4.757650e-01 -1.564690e-17 
  951.000  6.287634e+02  2.500243e+00  4.121983e-17  5.180046e+01  4.955692e-01  1.552193e-17 
  952.000  6.066617e+02  2.377241e+00 -2.081839e-17  4.997962e+01  4.675558e-01 -7.839470e-18 
  953.000  6.201268e+02  2.440402e+00 -2.075919e-16  5.108894e+01  4.830897e-01  3.291641e-17 
  954.000  6.298400e+02  2.487816e+00  6.423891e-19  5.188916e+01  4.952509e-01  2.419010e-19 
  955.000  5.761192e+02  2.254051e+00  1.902214e-17  4.746339e+01  4.470917e-01  7.163066e-18 
  956.000  6.113244e+02  2.380523e+00 -1.965864e-17  5.036375e+01  4.720264e-01 -7.402749e-18 
  957.000  6.502679e+02  2.567369e+00 -5.393113e-16  5.357211e+01  5.152318e-01  1.521948e-17 
  958.000  6.600798e+02  2.602086e+00 -1.286013e-18  5.438045e+01  5.230899e-01 -4.842672e-19 
  959.000  6.560199e+02  2.569408e+00 -4.024943e-17  5.404598e+01  5.158946e-01 -1.515651e-17 
  960.000  6.478411e+02  2.525644e+00 -3.923851e-17  5.337217e+01  5.070218e-01 -1.477584e-17 
  961.000  6.376105e+02  2.472684e+00 -6.333475e-19  5.252932e+01  4.961014e-01 -2.384963e-19 
  962.000  6.435950e+02  2.489152e+00  4.028565e-17  5.302236e+01  4.998926e-01  1.517015e-17 
  963.000  6.629696e+02  2.577158e+00  4.225451e-16  5.461853e+01  5.204036e-01  1.591156e-16 
  964.000  6.582314e+02  2.552081e+00  3.383055e-16  5.422818e+01  5.158387e-01  1.273939e-16 
  965.000  6.642346e+02  2.562817e+00  0.000000e+00  5.472274e+01  5.178419e-01  0.000000e+00 
  966.000  6.460234e+02  2.484036e+00 -1.780972e-15  5.322242e+01  5.021782e-01 -2.495512e-16 
  967.000  6.796292e+02  2.622205e+00 -8.418290e-16  5.599102e+01  5.324582e-01 -3.170031e-16 
  968.000  6.953533e+02  2.715077e+00  5.129740e-15  5.728644e+01  5.567193e-01  5.958361e-17 
  969.000  7.098965e+02  2.786297e+00  5.734694e-16  5.848459e+01  5.747266e-01  5.232322e-17 
  970.000  7.123566e+02  2.785881e+00  5.850864e-16  5.868726e+01  5.748576e-01  5.625791e-17 
  971.000  7.057794e+02  2.747999e+00  9.159950e-16  5.814539e+01  5.669580e-01  1.823200e-16 
  972.000  7.078505e+02  2.736862e+00 -3.134079e-16  5.831603e+01  5.636477e-01 -1.180183e-16 
  973.000  6.945966e+02  2.658438e+00  0.000000e+00  5.722410e+01  5.454334e-01  0.000000e+00 
  974.000  6.757710e+02  2.559083e+00  3.203397e-15  5.567317e+01  5.229715e-01  3.661031e-16 
  975.000  6.738157e+02  2.531694e+00  8.162226e-16  5.551208e+01  5.162255e-01  3.073606e-16 
  976.000  6.885882e+02  2.588314e+00  1.661232e-15  5.672911e+01  5.292335e-01  6.255613e-16 
  977.000  6.815948e+02  2.573729e+00  6.036372e-15  5.615297e+01  5.291012e-01  6.090711e-16 
  978.000  6.975317e+02  2.621119e+00  4.986581e-18  5.746591e+01  5.386072e-01  1.877770e-18 
  979.000  6.799266e+02  2.550814e+00 -4.840624e-18  5.601553e+01  5.249988e-01 -1.822808e-18 
  980.000  7.000261e+02  2.643964e+00  3.006394e-16  5.767141e+01  5.479725e-01  1.132102e-16 
  981.000  7.072069e+02  2.667200e+00  3.026606e-16  5.826300e+01  5.537519e-01  1.139713e-16 
  982.000  7.032870e+02  2.634442e+00  9.853640e-18  5.794006e+01  5.460103e-01  3.710533e-18 
  983.000  7.067663e+02  2.653312e+00 -1.041749e-13  5.822670e+01  5.521879e-01 -3.922860e-14 
  984.000  7.075076e+02  2.664039e+00 -6.482768e-15  5.828778e+01  5.570047e-01 -2.441181e-15 
  985.000  7.102606e+02  2.674937e+00 -1.525811e-14  5.851458e+01  5.608721e-01 -5.110985e-15 
  986.000  7.083951e+02  2.672667e+00  9.595275e-15  5.836089e+01  5.625744e-01  3.613241e-15 
  987.000  7.181641e+02  2.705580e+00 -6.533734e-15  5.916571e+01  5.704986e-01 -2.460373e-15 
  988.000  7.096852e+02  2.664278e+00  1.762967e-14  5.846718e+01  5.620124e-01  0.000000e+00 
  989.000  7.009081e+02  2.621555e+00 -8.415253e-15  5.774408e+01  5.531389e-01 -4.797638e-15 
  990.000  7.072792e+02  2.636289e+00  9.151604e-15  5.826896e+01  5.564873e-01  1.803632e-15 
  991.000  7.144676e+02  2.657821e+00 -1.289459e-14  5.886117e+01  5.618030e-01 -1.301066e-15 
  992.000  7.082720e+02  2.625914e+00  0.000000e+00  5.835075e+01  5.553243e-01  0.000000e+00 
  993.000  7.083998e+02  2.616363e+00  0.000000e+00  5.836128e+01  5.533999e-01  0.000000e+00 
  994.000  7.132593e+02  2.629684e+00  0.000000e+00  5.876163e+01  5.570742e-01  0.000000e+00 
  995.000  7.088584e+02  2.606949e+00  2.730952e-14  5.839906e+01  5.528359e-01  1.028380e-14 
  996.000  7.087104e+02  2.595751e+00  1.018996e-13  5.838687e+01  5.504525e-01  1.028169e-14 
  997.000  7.089532e+02  2.583464e+00  1.020199e-13  5.840687e+01  5.474780e-01  1.029382e-14 
  998.000  7.057209e+02  2.558210e+00 -1.361912e-14  5.814058e+01  5.416992e-01 -5.128478e-15 
  999.000  7.037308e+02  2.539537e+00 -6.792765e-15  5.797662e+01  5.375876e-01 -2.557915e-15 
 1000.000  6.983110e+02  2.510654e+00 -2.514792e-14  5.753012e+01  5.315958e-01 -2.537430e-15 
 1001.000  7.009470e+02  2.503698e+00  3.388946e-15  5.774728e+01  5.292474e-01  1.276157e-15 
 1002.000  6.980542e+02  2.474923e+00 -2.731816e-15  5.750896e+01  5.220130e-01  5.939233e-16 
 1003.000  6.903686e+02  2.439860e+00 -2.060491e-14  5.687579e+01  5.149041e-01 -2.948676e-15 
 1004.000  6.856816e+02  2.417803e+00  3.317106e-15  5.648965e+01  5.108306e-01  1.249105e-15 
 1005.000  6.409019e+02  2.253123e+00  0.000000e+00  5.280048e+01  4.763627e-01  0.000000e+00 
 1006.000  6.746947e+02  2.363118e+00  0.000000e+00  5.558449e+01  4.997216e-01  0.000000e+00 
 1007.000  6.866516e+02  2.393512e+00  3.320038e-15  5.656956e+01  5.058929e-01  1.250209e-15 
 1008.000  6.880684e+02  2.382372e+00 -8.523164e-15  5.668628e+01  5.026532e-01 -8.496801e-16 
 1009.000  6.818835e+02  2.342456e+00 -1.863996e-14  5.617674e+01  4.929798e-01 -1.870522e-15 
 1010.000  6.853350e+02  2.348821e+00 -3.877431e-15  5.646109e+01  4.948655e-01 -1.460104e-15 
 1011.000  6.837390e+02  2.343643e+00  3.184081e-14  5.632961e+01  4.951210e-01  4.062431e-15 
 1012.000  6.847670e+02  2.341000e+00 -3.308951e-15  5.641430e+01  4.950008e-01 -1.246034e-15 
 1013.000  6.803901e+02  2.319887e+00 -1.225613e-14  5.605371e+01  4.909776e-01 -1.236646e-15 
 1014.000  6.850177e+02  2.327642e+00  0.000000e+00  5.643495e+01  4.928001e-01  0.000000e+00 
 1015.000  6.724103e+02  2.275897e+00 -6.487363e-15  5.539630e+01  4.818725e-01 -2.442911e-15 
 1016.000  6.769700e+02  2.283570e+00  6.528018e-15  5.577195e+01  4.836881e-01  2.458221e-15 
 1017.000  6.704415e+02  2.253332e+00 -2.412066e-14  5.523410e+01  4.773924e-01 -2.433779e-15 
 1018.000  6.788729e+02  2.270803e+00  0.000000e+00  5.592871e+01  4.808412e-01  0.000000e+00 
 1019.000  6.627848e+02  2.204633e+00  0.000000e+00  5.460330e+01  4.663307e-01  0.000000e+00 
 1020.000  6.615900e+02  2.193121e+00 -3.193795e-15  5.450487e+01  4.640621e-01 -1.202670e-15 
 1021.000  6.685761e+02  2.210006e+00  0.000000e+00  5.508041e+01  4.679866e-01  0.000000e+00 
 1022.000  6.578697e+02  2.161776e+00  0.000000e+00  5.419837e+01  4.571794e-01  0.000000e+00 
 1023.000  6.699329e+02  2.189126e+00  0.000000e+00  5.519220e+01  4.624595e-01  0.000000e+00 
 1024.000  6.661801e+02  2.166932e+00 -7.801580e-15  5.488302e+01  4.575964e-01  8.891949e-16 
 1025.000  6.669422e+02  2.166384e+00  0.000000e+00  5.494581e+01  4.582456e-01  0.000000e+00 
 1026.000  6.681497e+02  2.164515e+00 -6.446554e-15  5.504528e+01  4.582382e-01 -2.427545e-15 
 1027.000  6.639410e+02  2.141159e+00  1.195950e-14  5.469856e+01  4.531173e-01  1.206715e-15 
 1028.000  6.656550e+02  2.139139e+00  0.000000e+00  5.483976e+01  4.528155e-01  0.000000e+00 
 1029.000  6.558805e+02  2.102105e+00  0.000000e+00  5.403449e+01  4.453494e-01  0.000000e+00 
 1030.000  6.627991e+02  2.118382e+00  0.000000e+00  5.460448e+01  4.491398e-01  0.000000e+00 
 1031.000  6.608506e+02  2.105088e+00  0.000000e+00  5.444395e+01  4.464914e-01  0.000000e+00 
 1032.000  6.586520e+02  2.090766e+00 -4.730360e-14  5.426283e+01  4.435797e-01 -4.772943e-15 
 1033.000  6.465580e+02  2.044507e+00  0.000000e+00  5.326646e+01  4.337879e-01  0.000000e+00 
 1034.000  6.534393e+02  2.058673e+00 -5.948855e-14  5.383337e+01  4.368615e-01 -9.467896e-15 
 1035.000  6.464866e+02  2.028951e+00 -1.243725e-14  5.326059e+01  4.305734e-01 -4.683427e-15 
 1036.000  6.548372e+02  2.046801e+00  0.000000e+00  5.394854e+01  4.343140e-01  0.000000e+00 
 1037.000  6.410070e+02  1.995632e+00 -7.070823e-14  5.280915e+01  4.234380e-01 -1.393544e-14 
 1038.000  6.473269e+02  2.007529e+00  7.140200e-14  5.332981e+01  4.259718e-01  1.407217e-14 
 1039.000  6.499786e+02  2.007477e+00 -1.250982e-14  5.354827e+01  4.258998e-01 -4.710756e-15 
 1040.000  6.422805e+02  1.975582e+00  1.170132e-13  5.291406e+01  4.190754e-01  1.862323e-14 
 1041.000  6.456632e+02  1.977910e+00  1.176472e-13  5.319275e+01  4.195176e-01  1.872413e-14 
 1042.000  6.475453e+02  1.975785e+00  1.362528e-13  5.334780e+01  4.190393e-01  0.000000e+00 
 1043.000  6.363403e+02  1.933928e+00  1.829147e-13  5.242468e+01  4.101413e-01  1.845613e-14 
 1044.000  6.426247e+02  1.945110e+00  3.168253e-12  5.294242e+01  4.124625e-01  1.193052e-12 
 1045.000  6.398928e+02  1.928583e+00  2.465547e-14  5.271735e+01  4.088503e-01  9.284379e-15 
 1046.000  6.212629e+02  1.864656e+00 -2.073606e-14  5.118253e+01  3.952213e-01  4.508220e-15 
 1047.000  6.326523e+02  1.890831e+00  0.000000e+00  5.212085e+01  4.006740e-01  0.000000e+00 
 1048.000  6.389019e+02  1.901226e+00  0.000000e+00  5.263572e+01  4.027476e-01  0.000000e+00 
 1049.000  6.347045e+02  1.880489e+00  1.224931e-14  5.228992e+01  3.982185e-01  4.612657e-15 
 1050.000  6.308837e+02  1.861106e+00 -6.090370e-15  5.197515e+01  3.939916e-01 -2.293418e-15 
 1051.000  6.309486e+02  1.853055e+00  1.137126e-14  5.198049e+01  3.921343e-01  1.147363e-15 
 1052.000  6.279628e+02  1.836351e+00 -3.033779e-15  5.173450e+01  3.884797e-01 -1.142414e-15 
 1053.000  6.281699e+02  1.829539e+00  0.000000e+00  5.175156e+01  3.869868e-01  0.000000e+00 
 1054.000  6.216932e+02  1.802549e+00 -3.005742e-15  5.121798e+01  3.811110e-01 -1.131856e-15 
 1055.000  6.262327e+02  1.807558e+00 -5.652995e-15  5.159197e+01  3.820011e-01 -5.703883e-16 
 1056.000  6.245145e+02  1.794589e+00 -1.511432e-15  5.145042e+01  3.791036e-01 -5.691518e-16 
 1057.000  6.234238e+02  1.782366e+00  0.000000e+00  5.136055e+01  3.762060e-01  0.000000e+00 
 1058.000  6.169091e+02  1.753210e+00  0.000000e+00  5.082385e+01  3.695174e-01  0.000000e+00 
 1059.000  5.974222e+02  1.691249e+00  0.000000e+00  4.921843e+01  3.564433e-01  0.000000e+00 
 1060.000  6.188061e+02  1.746547e+00  0.000000e+00  5.098013e+01  3.683004e-01  0.000000e+00 
 1061.000  5.970852e+02  1.678226e+00  0.000000e+00  4.919067e+01  3.538090e-01  0.000000e+00 
 1062.000  6.136517e+02  1.715870e+00  0.000000e+00  5.055548e+01  3.614127e-01  0.000000e+00 
 1063.000  6.031364e+02  1.678966e+00 -7.334429e-16  4.968918e+01  3.534855e-01 -2.761887e-16 
 1064.000  6.108971e+02  1.692051e+00 -2.775811e-15  5.032855e+01  3.559493e-01 -2.800799e-16 
 1065.000  6.100436e+02  1.681115e+00  2.775010e-15  5.025824e+01  3.533428e-01  2.799991e-16 
 1066.000  5.912933e+02  1.623406e+00  7.206693e-16  4.871350e+01  3.412319e-01  2.713786e-16 
 1067.000  6.053040e+02  1.654410e+00  0.000000e+00  4.986777e+01  3.475832e-01  0.000000e+00 
 1068.000  6.027202e+02  1.637233e+00  0.000000e+00  4.965490e+01  3.434244e-01  0.000000e+00 
 1069.000  5.574073e+02  1.507914e+00  8.417589e-16  4.592182e+01  3.162377e-01  3.169766e-16 
 1070.000  5.906901e+02  1.592952e+00 -9.846812e-16  4.866380e+01  3.342169e-01 -1.084830e-16 
 1071.000  5.917172e+02  1.587894e+00  9.249840e-16  4.874841e+01  3.329034e-01  3.483163e-16 
 1072.000  5.934879e+02  1.584725e+00  9.120171e-16  4.889430e+01  3.319722e-01  3.434334e-16 
 1073.000  5.740248e+02  1.526939e+00  6.498794e-16  4.729084e+01  3.198617e-01  2.447216e-16 
 1074.000  5.943092e+02  1.575667e+00 -2.904618e-16  4.896196e+01  3.301701e-01 -1.093777e-16 
 1075.000  5.762873e+02  1.525722e+00  1.619020e-17  4.747723e+01  3.202045e-01  6.096656e-18 
 1076.000  5.887852e+02  1.551228e+00  3.797366e-15  4.850687e+01  3.253173e-01  7.454269e-16 
 1077.000  5.873128e+02  1.539170e+00 -5.080349e-16  4.838557e+01  3.224591e-01 -1.913080e-16 
 1078.000  5.887762e+02  1.534434e+00  0.000000e+00  4.850613e+01  3.210810e-01  0.000000e+00 
 1079.000  5.659792e+02  1.469414e+00 -1.597326e-17  4.662800e+01  3.074646e-01 -6.014964e-18 
 1080.000  5.818331e+02  1.497453e+00 -2.309348e-16  4.793412e+01  3.123032e-01 -9.545425e-17 
 1081.000  5.604977e+02  1.436981e+00  7.953246e-18  4.617641e+01  2.996692e-01  2.994911e-18 
 1082.000  5.681420e+02  1.454563e+00  4.822793e-15  4.680618e+01  3.038087e-01  4.866208e-16 
 1083.000  5.523722e+02  1.405409e+00  1.492791e-15  4.550700e+01  2.930609e-01  5.621324e-16 
 1084.000  5.728760e+02  1.448276e+00  2.586043e-16  4.719619e+01  3.014708e-01  9.738123e-17 
 1085.000  5.638193e+02  1.411346e+00  1.322881e-16  4.645007e+01  2.926013e-01  4.981502e-17 
 1086.000  5.716126e+02  1.427749e+00 -1.197893e-15  4.709212e+01  2.963034e-01 -4.510841e-16 
 1087.000  5.382657e+02  1.349131e+00  1.227898e-15  4.434484e+01  2.813117e-01  4.623828e-16 
 1088.000  5.710776e+02  1.426617e+00 -4.851752e-15  4.704804e+01  2.975460e-01 -4.873091e-16 
 1089.000  5.471589e+02  1.350344e+00 -1.083883e-15  4.507750e+01  2.800846e-01  2.403057e-16 
 1090.000  5.586726e+02  1.371734e+00 -2.279124e-15  4.602605e+01  2.842635e-01 -1.948962e-16 
 1091.000  5.627758e+02  1.378913e+00 -1.238421e-16  4.636409e+01  2.860512e-01 -4.663456e-17 
 1092.000  5.486459e+02  1.334276e+00  2.378133e-15  4.520001e+01  2.761145e-01  2.421328e-16 
 1093.000  5.392585e+02  1.296378e+00  8.529385e-16  4.442662e+01  2.669223e-01  2.591025e-16 
 1094.000  4.896838e+02  1.169258e+00  5.765722e-16  4.034244e+01  2.402810e-01  2.171167e-16 
 1095.000  5.302615e+02  1.262166e+00  0.000000e+00  4.368541e+01  2.594621e-01  0.000000e+00 
 1096.000  5.283265e+02  1.253514e+00 -5.577361e-16  4.352600e+01  2.577573e-01 -2.100237e-16 
 1097.000  5.207273e+02  1.229264e+00 -1.172009e-16  4.289994e+01  2.525527e-01 -4.413372e-17 
 1098.000  5.052307e+02  1.171119e+00  3.662478e-16  4.162326e+01  2.384680e-01  1.379160e-16 
 1099.000  4.970139e+02  1.137014e+00  3.405493e-16  4.094632e+01  2.302543e-01  1.282388e-16 
 1100.000  5.061633e+02  1.154380e+00  5.879035e-16  4.170009e+01  2.338491e-01  5.931958e-17 
