  400.000  4.470208e-02  5.024701e+01 -1.012698e-15 
  401.000  4.683310e-02  4.990771e+01  8.189697e-15 
  402.000  5.228471e-02  5.285476e+01  4.085012e-15 
  403.000  5.155575e-02  4.946804e+01  5.220394e-15 
  404.000  5.829030e-02  5.312035e+01 -1.089307e-14 
  405.000  5.620380e-02  4.867761e+01 -5.994015e-15 
  406.000  5.861932e-02  4.827464e+01  1.947073e-15 
  407.000  5.996580e-02  4.698236e+01 -1.304712e-15 
  408.000  6.819782e-02  5.086101e+01  6.328347e-15 
  409.000  7.919569e-02  5.625512e+01  1.453963e-16 
  410.000  6.942315e-02  4.699622e+01 -3.818819e-15 
  411.000  8.542896e-02  5.514452e+01 -4.285703e-15 
  412.000  9.270431e-02  5.709306e+01  6.650337e-15 
  413.000  9.167475e-02  5.389141e+01  5.861262e-15 
  414.000  9.402873e-02  5.279090e+01 -6.049868e-15 
  415.000  1.049191e-01  5.628253e+01  3.144395e-15 
  416.000  1.090189e-01  5.591675e+01 -5.083697e-15 
  417.000  1.104420e-01  5.418563e+01  1.870820e-15 
  418.000  1.128056e-01  5.296365e+01 -8.537232e-15 
  419.000  1.205959e-01  5.421773e+01  4.494361e-16 
  420.000  1.064698e-01  4.585367e+01  1.425081e-15 
  421.000  1.390892e-01  5.740508e+01 -5.830572e-15 
  422.000  1.389186e-01  5.496488e+01 -1.592531e-15 
  423.000  1.222443e-01  4.638758e+01  9.545850e-15 
  424.000  1.400300e-01  5.098488e+01 -5.774069e-16 
  425.000  1.509228e-01  5.275511e+01  3.307670e-15 
  426.000  1.509078e-01  5.066503e+01  6.221172e-15 
  427.000  1.509221e-01  4.868934e+01 -5.547023e-15 
  428.000  1.588180e-01  4.925051e+01 -5.130162e-15 
  429.000  1.500853e-01  4.475662e+01 -1.089255e-15 
  430.000  1.243448e-01  3.567466e+01 -4.941323e-15 
  431.000  1.160324e-01  3.203931e+01 -6.047340e-16 
  432.000  2.166892e-01  5.760764e+01  8.715705e-17 
  433.000  2.000324e-01  5.122320e+01 -5.924533e-15 
  434.000  1.971010e-01  4.863330e+01  2.345804e-15 
  435.000  2.222304e-01  5.285545e+01  6.088447e-15 
  436.000  2.552634e-01  5.854604e+01  4.070262e-15 
  437.000  2.668643e-01  5.904755e+01  4.982754e-15 
  438.000  2.474361e-01  5.283714e+01 -3.823392e-15 
  439.000  2.477524e-01  5.107522e+01  3.848007e-15 
  440.000  2.871588e-01  5.718192e+01 -4.547595e-16 
  441.000  2.958842e-01  5.693288e+01  5.171666e-15 
  442.000  3.219671e-01  5.989217e+01 -3.958241e-15 
  443.000  3.347154e-01  6.022077e+01 -2.323562e-15 
  444.000  3.432307e-01  5.975593e+01 -6.827229e-15 
  445.000  3.724087e-01  6.277348e+01 -5.378692e-15 
  446.000  3.416733e-01  5.579629e+01  8.264877e-15 
  447.000  4.020435e-01  6.357685e+01  5.853712e-15 
  448.000  4.224480e-01  6.462106e+01 -5.270418e-16 
  449.000  4.397319e-01  6.505886e+01  1.665729e-15 
  450.000  4.642470e-01  6.646935e+01  5.125711e-15 
  451.000  5.178484e-01  7.180394e+01 -3.800639e-15 
  452.000  4.964497e-01  6.670509e+01 -9.098445e-15 
  453.000  4.749701e-01  6.187283e+01 -8.260113e-16 
  454.000  5.216410e-01  6.591064e+01 -6.059270e-15 
  455.000  5.406519e-01  6.628052e+01 -6.311006e-16 
  456.000  5.693123e-01  6.774495e+01  9.920542e-15 
  457.000  5.885847e-01  6.798843e+01 -6.566808e-15 
  458.000  5.942675e-01  6.665858e+01 -6.773122e-15 
  459.000  6.103649e-01  6.651225e+01  1.927876e-15 
  460.000  6.213948e-01  6.579840e+01 -1.890212e-15 
  461.000  6.611512e-01  6.804508e+01  4.545909e-15 
  462.000  6.674726e-01  6.679704e+01 -2.042145e-15 
  463.000  6.850274e-01  6.667950e+01  3.672024e-17 
  464.000  7.068464e-01  6.694949e+01  7.225956e-15 
  465.000  7.160093e-01  6.601693e+01 -1.269318e-15 
  466.000  7.589764e-01  6.814828e+01 -1.810210e-15 
  467.000  7.518377e-01  6.577273e+01  5.029029e-15 
  468.000  8.152925e-01  6.952694e+01  7.006122e-16 
  469.000  8.261815e-01  6.874249e+01 -4.285703e-15 
  470.000  8.318186e-01  6.759560e+01 -6.475404e-15 
  471.000  8.462508e-01  6.724128e+01  1.153491e-15 
  472.000  8.716354e-01  6.777563e+01  2.187435e-16 
  473.000  8.751900e-01  6.665984e+01  4.605414e-15 
  474.000  8.941839e-01  6.678495e+01 -7.119012e-15 
  475.000  9.379856e-01  6.893786e+01 -4.600017e-16 
  476.000  9.117949e-01  6.617495e+01  4.728770e-15 
  477.000  9.096324e-01  6.500887e+01  1.055417e-15 
  478.000  9.810317e-01  6.811758e+01  3.692582e-15 
  479.000  9.725407e-01  6.516770e+01  6.966074e-15 
  480.000  1.032300e+00  6.666087e+01  7.841575e-15 
  481.000  1.063830e+00  6.639687e+01  2.557312e-15 
  482.000  1.122447e+00  6.790996e+01  6.765463e-15 
  483.000  1.157000e+00  6.802502e+01 -2.346431e-15 
  484.000  1.141622e+00  6.537851e+01 -5.263902e-15 
  485.000  1.177559e+00  6.578416e+01  5.024151e-15 
  486.000  9.773563e-01  5.331526e+01  1.318415e-15 
  487.000  1.124354e+00  5.993587e+01  5.182057e-15 
  488.000  1.248673e+00  6.507957e+01 -5.446913e-15 
  489.000  1.186774e+00  6.049457e+01 -2.362586e-16 
  490.000  1.381065e+00  6.886576e+01 -3.233775e-15 
  491.000  1.318569e+00  6.432525e+01 -5.900351e-15 
  492.000  1.291869e+00  6.167389e+01 -1.838097e-15 
  493.000  1.418383e+00  6.627434e+01 -3.055234e-15 
  494.000  1.396291e+00  6.387609e+01 -5.448187e-15 
  495.000  1.521013e+00  6.812922e+01  1.047281e-14 
  496.000  1.505508e+00  6.602032e+01  9.536056e-15 
  497.000  1.484109e+00  6.371902e+01  3.457969e-15 
  498.000  1.472327e+00  6.190063e+01 -2.823648e-16 
  499.000  1.491856e+00  6.143658e+01 -7.694758e-15 
  500.000  1.508443e+00  6.085624e+01  1.115315e-14 
  501.000  1.496907e+00  5.917815e+01 -7.339733e-15 
  502.000  1.509527e+00  5.848396e+01  3.770186e-15 
  503.000  1.623435e+00  6.164941e+01  2.923407e-15 
  504.000  1.532677e+00  5.705990e+01  3.369897e-15 
  505.000  1.676966e+00  6.122120e+01  4.040314e-15 
  506.000  1.827954e+00  6.546157e+01  8.647735e-15 
  507.000  1.731927e+00  6.084898e+01  1.023588e-15 
  508.000  1.691315e+00  5.830171e+01 -5.569333e-16 
  509.000  1.856786e+00  6.281069e+01  1.245888e-14 
  510.000  1.831097e+00  6.079935e+01  4.843540e-15 
  511.000  1.862873e+00  6.072132e+01 -1.441120e-15 
  512.000  1.987969e+00  6.362101e+01  1.131210e-14 
  513.000  1.849841e+00  5.812929e+01 -2.427243e-16 
  514.000  1.840945e+00  5.681272e+01 -8.761367e-15 
  515.000  1.910268e+00  5.790190e+01 -6.098369e-15 
  516.000  2.036442e+00  6.063198e+01 -6.015140e-15 
  517.000  1.520261e+00  4.446851e+01  3.791232e-16 
  518.000  1.907154e+00  5.481399e+01 -2.248018e-15 
  519.000  1.830620e+00  5.170481e+01 -4.878738e-15 
  520.000  2.041816e+00  5.667925e+01  5.607953e-16 
  521.000  2.068748e+00  5.645581e+01 -3.257757e-15 
  522.000  2.176170e+00  5.840368e+01  2.422694e-15 
  523.000  2.049200e+00  5.411795e+01  6.121212e-16 
  524.000  2.247516e+00  5.840886e+01 -3.605401e-15 
  525.000  2.252666e+00  5.762960e+01 -5.667177e-15 
  526.000  2.170622e+00  5.464505e+01 -8.866033e-15 
  527.000  1.914823e+00  4.745144e+01  3.814052e-15 
  528.000  2.321224e+00  5.663055e+01 -8.792695e-16 
  529.000  2.409372e+00  5.787385e+01 -7.447274e-15 
  530.000  2.298055e+00  5.434841e+01 -3.908224e-15 
  531.000  2.525034e+00  5.879742e+01 -6.306902e-15 
  532.000  2.433369e+00  5.577805e+01 -1.632033e-15 
  533.000  2.164990e+00  4.884240e+01 -5.605822e-15 
  534.000  2.388744e+00  5.299186e+01  2.320587e-15 
  535.000  2.475459e+00  5.397071e+01 -3.025278e-15 
  536.000  2.667083e+00  5.716212e+01 -3.610750e-15 
  537.000  2.510501e+00  5.291990e+01  1.305869e-14 
  538.000  2.663990e+00  5.526073e+01  3.808913e-15 
  539.000  2.690271e+00  5.493427e+01  2.253033e-15 
  540.000  2.666460e+00  5.361292e+01  6.917418e-15 
  541.000  2.475881e+00  4.902573e+01  1.307523e-14 
  542.000  2.795854e+00  5.453307e+01 -4.879630e-15 
  543.000  2.706703e+00  5.201304e+01 -5.576290e-15 
  544.000  2.887285e+00  5.467281e+01 -2.987746e-16 
  545.000  2.874999e+00  5.365034e+01  9.546717e-15 
  546.000  2.841029e+00  5.225368e+01  6.169553e-15 
  547.000  2.993494e+00  5.426660e+01  6.101032e-15 
  548.000  2.806818e+00  5.015847e+01  3.003059e-15 
  549.000  2.984971e+00  5.258754e+01 -1.022482e-15 
  550.000  2.948327e+00  5.121215e+01 -4.281464e-16 
  551.000  2.956777e+00  5.064958e+01 -4.685739e-15 
  552.000  3.112742e+00  5.258553e+01 -1.927514e-17 
  553.000  3.017477e+00  5.028395e+01  5.765099e-15 
  554.000  3.143371e+00  5.167765e+01 -1.075062e-15 
  555.000  3.179524e+00  5.157468e+01  2.359631e-15 
  556.000  3.117653e+00  4.990234e+01  5.520578e-15 
  557.000  3.048261e+00  4.815989e+01  1.043566e-15 
  558.000  3.187530e+00  4.971695e+01  1.254734e-15 
  559.000  3.034465e+00  4.673328e+01  3.749886e-15 
  560.000  3.067502e+00  4.666600e+01 -1.578954e-15 
  561.000  3.391010e+00  5.097738e+01  1.821433e-15 
  562.000  3.110409e+00  4.639120e+01  1.910124e-16 
  563.000  3.268450e+00  4.822079e+01  1.479022e-15 
  564.000  3.230398e+00  4.719683e+01  5.826004e-15 
  565.000  3.262514e+00  4.732413e+01 -3.969465e-15 
  566.000  3.019824e+00  4.333295e+01 -1.229298e-15 
  567.000  3.218665e+00  4.593844e+01  5.712838e-15 
  568.000  3.095559e+00  4.477691e+01 -5.601639e-15 
  569.000  2.641974e+00  4.163549e+01  2.601754e-15 
  570.000  2.701087e+00  4.183967e+01 -4.777741e-18 
  571.000  2.923345e+00  4.145456e+01  4.803137e-15 
  572.000  2.770631e+00  4.210279e+01  1.755298e-15 
  573.000  2.851845e+00  4.253373e+01 -1.861468e-16 
  574.000  2.856703e+00  4.209779e+01 -6.346678e-16 
  575.000  2.784329e+00  4.077411e+01  1.711525e-15 
  576.000  2.750510e+00  3.993304e+01  1.396715e-15 
  577.000  3.083553e+00  4.213930e+01  2.431044e-15 
  578.000  3.100732e+00  4.131350e+01  8.821419e-16 
  579.000  3.185462e+00  4.144159e+01 -8.825638e-16 
  580.000  3.419528e+00  4.342743e+01  2.896676e-15 
  581.000  3.523287e+00  4.342514e+01  7.041910e-17 
  582.000  3.703786e+00  4.463070e+01  5.914037e-16 
  583.000  3.825056e+00  4.531295e+01 -8.214941e-15 
  584.000  3.892362e+00  4.543322e+01 -2.511637e-15 
  585.000  3.942714e+00  4.538906e+01 -1.962807e-16 
  586.000  3.833096e+00  4.359361e+01  1.345921e-15 
  587.000  3.755320e+00  4.457781e+01 -5.970532e-16 
  588.000  3.282800e+00  4.154027e+01  4.155915e-16 
  589.000  2.391799e+00  3.353319e+01 -1.158970e-16 
  590.000  2.488160e+00  3.477843e+01  5.127572e-16 
  591.000  3.065338e+00  3.922293e+01 -4.522873e-16 
  592.000  2.822809e+00  3.719497e+01  1.551149e-15 
  593.000  3.366765e+00  4.035564e+01  8.622650e-16 
  594.000  3.309437e+00  3.998208e+01  1.828808e-15 
  595.000  2.934382e+00  3.723596e+01  2.500203e-17 
  596.000  3.544348e+00  4.086136e+01 -2.384630e-15 
  597.000  3.460384e+00  4.008006e+01  2.108842e-18 
  598.000  3.639622e+00  4.029577e+01  6.595639e-16 
  599.000  3.766593e+00  4.061109e+01  1.028891e-16 
  600.000  4.021874e+00  4.149089e+01  1.102702e-15 
  601.000  4.356299e+00  4.199051e+01 -2.460071e-15 
  602.000  4.381614e+00  4.148272e+01 -1.023503e-15 
  603.000  4.493454e+00  4.186478e+01  8.259359e-16 
  604.000  4.737943e+00  4.351553e+01  1.302948e-15 
  605.000  4.819892e+00  4.367684e+01 -4.150243e-16 
  606.000  4.833329e+00  4.332248e+01 -3.042874e-15 
  607.000  4.873276e+00  4.322015e+01 -5.123678e-17 
  608.000  4.916016e+00  4.317831e+01 -2.588728e-15 
  609.000  4.923159e+00  4.283815e+01 -3.950157e-15 
  610.000  4.901330e+00  4.225976e+01 -1.662930e-15 
  611.000  5.040859e+00  4.308002e+01 -1.136724e-15 
  612.000  5.033694e+00  4.264654e+01  9.945977e-17 
  613.000  5.016296e+00  4.214070e+01  2.810205e-15 
  614.000  4.887999e+00  4.072477e+01  2.441050e-15 
  615.000  5.177850e+00  4.278595e+01  1.785962e-15 
  616.000  4.974339e+00  4.077700e+01 -7.927142e-15 
  617.000  5.050984e+00  4.108957e+01  2.035309e-15 
  618.000  5.334243e+00  4.307588e+01  3.326966e-15 
  619.000  5.323760e+00  4.269702e+01  1.655933e-15 
  620.000  5.438389e+00  4.333039e+01  2.751110e-15 
  621.000  5.562862e+00  4.405360e+01  2.663243e-15 
  622.000  5.293129e+00  4.168460e+01  9.201340e-16 
  623.000  5.348887e+00  4.192485e+01  2.477754e-15 
  624.000  5.370278e+00  4.189022e+01  1.392372e-15 
  625.000  5.236358e+00  4.066291e+01 -2.179441e-15 
  626.000  5.211701e+00  4.054002e+01  1.816137e-15 
  627.000  4.907591e+00  4.008702e+01  1.879156e-15 
  628.000  4.372581e+00  3.716255e+01  8.529414e-16 
  629.000  4.726229e+00  3.925996e+01  2.420792e-15 
  630.000  4.826720e+00  3.877800e+01  4.193257e-16 
  631.000  5.153537e+00  4.071016e+01 -4.147614e-16 
  632.000  4.654255e+00  3.739072e+01  2.178145e-15 
  633.000  5.349672e+00  4.134522e+01 -9.935616e-16 
  634.000  5.564442e+00  4.093241e+01 -1.087877e-16 
  635.000  5.773483e+00  4.206629e+01 -1.891164e-15 
  636.000  5.731240e+00  4.112176e+01 -2.799753e-15 
  637.000  6.066567e+00  4.295321e+01  4.577404e-16 
  638.000  6.401043e+00  4.436552e+01 -6.153588e-15 
  639.000  6.456544e+00  4.431784e+01 -2.454427e-15 
  640.000  6.427503e+00  4.346213e+01 -4.286561e-15 
  641.000  6.631522e+00  4.441738e+01 -6.734349e-15 
  642.000  6.690330e+00  4.425176e+01  4.594682e-16 
  643.000  6.786806e+00  4.488094e+01  4.271152e-15 
  644.000  6.784832e+00  4.452337e+01  1.971629e-15 
  645.000  6.526257e+00  4.433652e+01 -1.121135e-15 
  646.000  5.675448e+00  4.049355e+01 -2.833791e-15 
  647.000  5.374952e+00  3.950764e+01 -6.148517e-16 
  648.000  4.975982e+00  3.788408e+01 -8.828538e-16 
  649.000  5.505614e+00  4.014490e+01  5.487691e-16 
  650.000  5.931858e+00  4.014201e+01 -1.346592e-15 
  651.000  6.444583e+00  4.330677e+01  1.810715e-15 
  652.000  5.632482e+00  3.984066e+01  2.416814e-16 
  653.000  6.684370e+00  4.387926e+01 -1.868825e-15 
  654.000  6.553335e+00  4.303775e+01  3.996213e-15 
  655.000  6.105587e+00  4.082019e+01  3.809494e-16 
  656.000  5.323939e+00  3.504819e+01 -7.240106e-16 
  657.000  5.897645e+00  3.803098e+01 -1.659050e-16 
  658.000  6.959928e+00  4.349969e+01 -1.800470e-15 
  659.000  7.238331e+00  4.427981e+01  2.435242e-15 
  660.000  7.449117e+00  4.496856e+01 -1.134830e-15 
  661.000  8.067395e+00  4.622333e+01 -1.562104e-15 
  662.000  8.375355e+00  4.731850e+01 -2.424004e-16 
  663.000  8.314876e+00  4.676176e+01  1.384182e-15 
  664.000  8.304340e+00  4.625724e+01 -3.282802e-15 
  665.000  8.431265e+00  4.659320e+01  9.196213e-16 
  666.000  8.649318e+00  4.737429e+01  6.605392e-16 
  667.000  8.578860e+00  4.662138e+01 -4.352524e-15 
  668.000  8.775004e+00  4.719933e+01  2.924922e-15 
  669.000  9.015284e+00  4.807524e+01  8.085063e-16 
  670.000  9.002033e+00  4.764583e+01 -4.200290e-15 
  671.000  9.009538e+00  4.730795e+01  1.257848e-15 
  672.000  9.066817e+00  4.727754e+01 -7.839175e-15 
  673.000  9.217173e+00  4.773492e+01  2.874916e-15 
  674.000  9.320333e+00  4.794434e+01  1.233952e-15 
  675.000  9.263070e+00  4.732867e+01  4.598723e-15 
  676.000  9.520463e+00  4.832466e+01  3.710924e-15 
  677.000  9.410195e+00  4.744950e+01 -8.166522e-15 
  678.000  9.647316e+00  4.832347e+01  7.888021e-15 
  679.000  9.568868e+00  4.767098e+01 -4.653771e-15 
  680.000  9.484856e+00  4.713963e+01  8.318120e-16 
  681.000  9.534089e+00  4.714219e+01 -3.731406e-16 
  682.000  9.563423e+00  4.704081e+01 -2.034091e-15 
  683.000  9.687474e+00  4.739290e+01  1.240171e-15 
  684.000  9.505529e+00  4.640470e+01  3.966445e-16 
  685.000  9.751435e+00  4.716851e+01  2.061439e-15 
  686.000  9.255634e+00  4.468478e+01  1.510505e-15 
  687.000  4.965821e+00  2.956927e+01  3.002412e-16 
  688.000  6.101646e+00  3.371673e+01 -2.780615e-16 
  689.000  5.781803e+00  3.246666e+01  2.666462e-17 
  690.000  6.471057e+00  3.494476e+01  1.012141e-15 
  691.000  7.306401e+00  3.817789e+01  1.359894e-15 
  692.000  7.527232e+00  3.919351e+01  7.682437e-18 
  693.000  6.497682e+00  3.621387e+01  4.973684e-16 
  694.000  5.624232e+00  3.372723e+01 -7.342766e-16 
  695.000  6.071585e+00  3.481131e+01 -3.841372e-17 
  696.000  6.546273e+00  3.635365e+01 -2.427367e-15 
  697.000  8.588563e+00  4.257066e+01 -2.314044e-15 
  698.000  8.007230e+00  4.039344e+01  4.142011e-16 
  699.000  6.445197e+00  3.570465e+01 -4.487804e-16 
  700.000  6.637384e+00  3.599820e+01  2.199003e-16 
  701.000  6.177549e+00  3.413861e+01 -1.776407e-16 
  702.000  6.427378e+00  3.469494e+01  5.897509e-16 
  703.000  7.997157e+00  3.954801e+01  1.229671e-15 
  704.000  8.141221e+00  3.986617e+01 -2.678883e-16 
  705.000  7.607316e+00  3.819181e+01  2.364833e-15 
  706.000  7.691063e+00  3.812951e+01  1.451235e-15 
  707.000  7.841981e+00  3.820580e+01 -2.229004e-15 
  708.000  8.376453e+00  4.006938e+01 -1.516698e-15 
  709.000  8.666070e+00  4.018892e+01 -8.566307e-16 
  710.000  8.309473e+00  3.936149e+01  2.043578e-15 
  711.000  8.867861e+00  4.065816e+01 -4.623758e-15 
  712.000  9.322033e+00  4.148541e+01 -3.332720e-16 
  713.000  8.866794e+00  4.008917e+01  5.847980e-16 
  714.000  8.872547e+00  4.025992e+01 -1.290843e-15 
  715.000  7.877898e+00  3.683811e+01 -1.579998e-16 
  716.000  7.332709e+00  3.567054e+01  1.004239e-15 
  717.000  4.065255e+00  2.559661e+01 -6.227837e-16 
  718.000  2.767621e+00  2.080914e+01 -5.151175e-16 
  719.000  2.366879e+00  1.906781e+01  1.293911e-16 
  720.000  1.989787e+00  1.741545e+01 -1.278139e-16 
  721.000  4.675939e+00  2.722715e+01 -4.199081e-16 
  722.000  6.341385e+00  3.216588e+01  1.347295e-15 
  723.000  5.434623e+00  2.945318e+01 -4.452171e-16 
  724.000  3.427242e+00  2.297176e+01  1.208098e-16 
  725.000  3.621113e+00  2.350813e+01 -5.305822e-16 
  726.000  3.563784e+00  2.317994e+01 -9.415287e-17 
  727.000  3.897932e+00  2.439395e+01  9.325418e-17 
  728.000  3.594459e+00  2.304501e+01 -4.228915e-16 
  729.000  4.174948e+00  2.443437e+01  8.320063e-17 
  730.000  4.261071e+00  2.497582e+01 -1.029858e-15 
  731.000  4.103297e+00  2.413507e+01  3.737521e-16 
  732.000  5.673822e+00  2.893361e+01 -6.446794e-16 
  733.000  7.455855e+00  3.326947e+01 -7.979417e-17 
  734.000  8.770463e+00  3.680521e+01 -4.917516e-16 
  735.000  8.384957e+00  3.551318e+01 -6.129622e-16 
  736.000  7.613235e+00  3.313527e+01  3.325632e-16 
  737.000  8.267865e+00  3.483864e+01  8.273655e-17 
  738.000  9.045319e+00  3.665229e+01 -4.696888e-16 
  739.000  9.144711e+00  3.630914e+01  2.467541e-15 
  740.000  1.010476e+01  3.858784e+01  3.501010e-15 
  741.000  1.057500e+01  3.934432e+01  2.437070e-15 
  742.000  1.066459e+01  3.911253e+01  1.549242e-15 
  743.000  1.150977e+01  4.120067e+01  4.920186e-16 
  744.000  1.217567e+01  4.210132e+01 -6.985639e-16 
  745.000  1.206663e+01  4.127798e+01 -3.498991e-15 
  746.000  1.241457e+01  4.207500e+01  4.236775e-15 
  747.000  1.269060e+01  4.276607e+01  3.501564e-16 
  748.000  1.260577e+01  4.215945e+01 -3.732212e-15 
  749.000  1.271606e+01  4.227396e+01  5.410156e-16 
  750.000  1.251501e+01  4.148011e+01 -6.628078e-15 
  751.000  1.254645e+01  4.137627e+01 -2.893900e-15 
  752.000  1.292760e+01  4.229313e+01  3.477092e-15 
  753.000  1.293221e+01  4.200961e+01 -6.789994e-16 
  754.000  1.323664e+01  4.273537e+01 -7.885585e-16 
  755.000  1.322664e+01  4.249318e+01  8.331792e-16 
  756.000  1.303588e+01  4.167040e+01  4.416505e-15 
  757.000  1.318678e+01  4.195448e+01 -3.191900e-15 
  758.000  1.307088e+01  4.145001e+01  0.000000e+00 
  759.000  9.103206e+00  3.198135e+01 -4.425795e-16 
  760.000  2.938096e-01  3.646632e+00  5.785981e-18 
  761.000  1.792605e-01  2.850470e+00  1.984617e-18 
  762.000  2.004056e+00  1.084416e+01  3.469025e-17 
  763.000  1.102374e+00  7.502696e+00  5.852733e-16 
  764.000  1.530242e+00  9.150421e+00  2.119054e-16 
  765.000  3.001815e+00  1.424351e+01 -6.645132e-17 
  766.000  5.905240e+00  2.247276e+01  5.967905e-16 
  767.000  8.258573e+00  2.856551e+01 -1.047504e-15 
  768.000  1.057698e+01  3.463027e+01 -1.959885e-15 
  769.000  1.203767e+01  3.784263e+01 -2.821205e-15 
  770.000  1.284101e+01  3.961978e+01 -3.338642e-16 
  771.000  1.353428e+01  4.044457e+01  2.793004e-16 
  772.000  1.361373e+01  4.044175e+01 -2.412898e-15 
  773.000  1.363107e+01  4.029919e+01  1.939925e-15 
  774.000  1.386501e+01  4.083288e+01 -1.167503e-15 
  775.000  1.344759e+01  3.940264e+01  5.882752e-15 
  776.000  1.410811e+01  4.110460e+01  3.645895e-15 
  777.000  1.405070e+01  4.077604e+01 -7.897517e-16 
  778.000  1.398318e+01  4.045619e+01  4.201218e-15 
  779.000  1.403666e+01  4.048450e+01 -9.265071e-15 
  780.000  1.391329e+01  3.992894e+01  5.582297e-15 
  781.000  1.401073e+01  3.996789e+01 -1.918019e-15 
  782.000  1.418327e+01  4.033960e+01  3.698407e-15 
  783.000  1.389954e+01  3.934137e+01  1.941433e-15 
  784.000  1.396667e+01  3.940589e+01  1.907039e-15 
  785.000  1.385468e+01  3.912996e+01  7.517973e-15 
  786.000  1.307470e+01  3.785254e+01 -7.982121e-16 
  787.000  1.259098e+01  3.718411e+01  1.480993e-15 
  788.000  1.206300e+01  3.594158e+01  7.390864e-16 
  789.000  1.091652e+01  3.377412e+01  6.512917e-16 
  790.000  1.072343e+01  3.316803e+01 -5.932250e-16 
  791.000  1.091770e+01  3.339054e+01 -3.293761e-16 
  792.000  1.099002e+01  3.322955e+01 -2.198461e-15 
  793.000  1.151689e+01  3.408732e+01  4.407419e-15 
  794.000  1.251534e+01  3.554253e+01  2.900990e-15 
  795.000  1.181645e+01  3.419705e+01  1.103952e-15 
  796.000  1.035842e+01  3.156136e+01  1.478255e-15 
  797.000  1.091560e+01  3.263918e+01  1.420783e-15 
  798.000  1.205305e+01  3.463363e+01 -2.804779e-15 
  799.000  1.182433e+01  3.411972e+01  1.681118e-15 
  800.000  1.076823e+01  3.175112e+01 -2.923795e-16 
  801.000  1.109066e+01  3.247485e+01 -2.032867e-16 
  802.000  1.102268e+01  3.222259e+01 -1.493187e-15 
  803.000  1.101195e+01  3.193915e+01 -8.600359e-16 
  804.000  1.152895e+01  3.289202e+01  1.771643e-15 
  805.000  1.197412e+01  3.321228e+01 -7.718796e-17 
  806.000  1.279871e+01  3.482790e+01 -6.328179e-16 
  807.000  1.278051e+01  3.461591e+01  4.165561e-16 
  808.000  1.247233e+01  3.394088e+01 -3.703779e-16 
  809.000  1.196996e+01  3.279879e+01  1.748061e-17 
  810.000  1.158335e+01  3.200655e+01  2.271660e-15 
  811.000  1.107869e+01  3.121440e+01  3.175722e-16 
  812.000  1.014705e+01  2.936261e+01  3.556641e-16 
  813.000  9.115767e+00  2.731378e+01 -4.078864e-16 
  814.000  7.929224e+00  2.506348e+01 -1.032669e-15 
  815.000  6.545242e+00  2.232272e+01 -9.451836e-17 
  816.000  5.204121e+00  1.944670e+01  2.134186e-16 
  817.000  5.264570e+00  1.960049e+01 -1.160549e-15 
  818.000  5.333766e+00  1.964444e+01 -2.085861e-16 
  819.000  5.637811e+00  1.996599e+01 -3.979636e-16 
  820.000  7.065018e+00  2.247885e+01  2.919278e-16 
  821.000  9.489943e+00  2.724596e+01 -6.987259e-16 
  822.000  7.598497e+00  2.336917e+01 -5.992179e-17 
  823.000  4.354641e+00  1.690937e+01  2.994294e-16 
  824.000  7.230888e+00  2.281718e+01 -4.859268e-16 
  825.000  9.780033e+00  2.740353e+01  1.793384e-16 
  826.000  9.482730e+00  2.675849e+01 -6.024069e-16 
  827.000  9.129633e+00  2.600406e+01  8.145685e-16 
  828.000  7.493317e+00  2.299258e+01  8.618017e-16 
  829.000  8.059588e+00  2.393558e+01 -1.067037e-15 
  830.000  8.627310e+00  2.470881e+01  8.212970e-16 
  831.000  8.686598e+00  2.456302e+01 -6.104938e-16 
  832.000  9.037971e+00  2.526013e+01 -5.119914e-16 
  833.000  9.220668e+00  2.520116e+01 -3.410485e-16 
  834.000  9.942952e+00  2.651093e+01  1.207213e-17 
  835.000  1.116466e+01  2.855862e+01 -8.262103e-16 
  836.000  1.097176e+01  2.823781e+01 -9.997940e-16 
  837.000  1.090872e+01  2.794761e+01 -1.162143e-15 
  838.000  1.157040e+01  2.901326e+01 -2.944586e-16 
  839.000  1.161534e+01  2.867403e+01 -3.183138e-16 
  840.000  1.209871e+01  2.962798e+01 -2.325014e-15 
  841.000  1.177066e+01  2.905006e+01  4.825489e-16 
  842.000  1.209432e+01  2.941192e+01 -7.828715e-16 
  843.000  1.292335e+01  3.048119e+01  3.151373e-16 
  844.000  1.315836e+01  3.052317e+01 -1.331994e-15 
  845.000  1.359034e+01  3.122357e+01  9.451465e-16 
  846.000  1.395735e+01  3.175123e+01  1.786664e-15 
  847.000  1.373066e+01  3.091650e+01  8.306335e-16 
  848.000  1.379788e+01  3.130251e+01  4.744388e-16 
  849.000  1.390045e+01  3.138534e+01  2.535266e-15 
  850.000  1.188617e+01  2.689314e+01  3.508452e-15 
  851.000  1.343409e+01  3.048672e+01  7.435321e-16 
  852.000  1.297655e+01  2.932708e+01  2.683000e-16 
  853.000  1.350838e+01  3.009875e+01  2.385383e-15 
  854.000  1.087795e+01  2.416050e+01  3.414347e-16 
  855.000  1.216413e+01  2.677617e+01  2.736659e-15 
  856.000  1.448232e+01  3.089037e+01  1.634181e-15 
  857.000  1.489907e+01  3.153152e+01 -5.400746e-16 
  858.000  1.475728e+01  3.106197e+01  2.770497e-15 
  859.000  1.495167e+01  3.123397e+01 -1.137481e-15 
  860.000  1.496431e+01  3.108184e+01  4.879064e-16 
  861.000  1.501974e+01  3.107596e+01  2.778673e-15 
  862.000  1.504024e+01  3.101318e+01  1.571027e-15 
  863.000  1.537065e+01  3.158283e+01  4.803102e-15 
  864.000  1.546729e+01  3.160120e+01  2.130039e-15 
  865.000  1.528616e+01  3.106967e+01  1.567528e-15 
  866.000  1.286004e+01  2.604537e+01 -2.692573e-15 
  867.000  1.370094e+01  2.767667e+01  9.334765e-16 
  868.000  1.489391e+01  2.998691e+01  1.085065e-15 
  869.000  1.473365e+01  2.955505e+01  4.670808e-15 
  870.000  1.534309e+01  3.070275e+01  2.598465e-15 
  871.000  1.537060e+01  3.064609e+01 -2.557450e-15 
  872.000  1.539657e+01  3.055678e+01 -5.464844e-15 
  873.000  1.541486e+01  3.055404e+01  1.519600e-15 
  874.000  1.506402e+01  2.979791e+01 -1.522880e-15 
  875.000  1.493858e+01  2.946996e+01 -2.551000e-15 
  876.000  1.509237e+01  2.964885e+01 -1.992731e-15 
  877.000  1.543340e+01  3.021414e+01 -5.917811e-16 
  878.000  1.506710e+01  2.948674e+01  1.017955e-15 
  879.000  1.516508e+01  2.957457e+01 -5.321628e-15 
  880.000  1.498536e+01  2.920938e+01 -1.522712e-15 
  881.000  1.421382e+01  2.764799e+01 -1.409533e-15 
  882.000  1.496903e+01  2.906620e+01 -2.105505e-15 
  883.000  1.471519e+01  2.844524e+01 -3.563844e-17 
  884.000  1.489262e+01  2.868390e+01 -5.685566e-15 
  885.000  1.489123e+01  2.873918e+01  4.775314e-15 
  886.000  1.394027e+01  2.745606e+01  2.537600e-16 
  887.000  1.424320e+01  2.736912e+01 -1.594201e-15 
  888.000  1.467956e+01  2.813563e+01  1.962305e-15 
  889.000  1.484841e+01  2.835094e+01  2.513471e-15 
  890.000  1.440929e+01  2.801411e+01 -8.375953e-16 
  891.000  1.398779e+01  2.741192e+01  3.133844e-15 
  892.000  1.317898e+01  2.636658e+01 -1.759050e-17 
  893.000  1.063567e+01  2.263260e+01  1.198684e-16 
  894.000  9.982480e+00  2.189727e+01 -1.039355e-17 
  895.000  7.262074e+00  1.754293e+01 -2.955665e-16 
  896.000  5.758467e+00  1.551944e+01 -8.865889e-18 
  897.000  4.136092e+00  1.266893e+01 -2.503166e-16 
  898.000  3.570819e+00  1.163006e+01 -4.136016e-16 
  899.000  2.460375e+00  9.335054e+00  3.334510e-16 
  900.000  2.499354e+00  9.318539e+00 -1.215505e-16 
  901.000  2.238411e+00  8.639855e+00 -2.531262e-16 
  902.000  2.291468e+00  8.626043e+00  9.516425e-17 
  903.000  4.462911e+00  1.303263e+01 -4.190002e-16 
  904.000  6.493646e+00  1.634450e+01 -8.851675e-16 
  905.000  6.495196e+00  1.625805e+01 -6.587116e-16 
  906.000  5.100560e+00  1.387550e+01 -1.020318e-16 
  907.000  3.475800e+00  1.105621e+01  5.163788e-16 
  908.000  2.570099e+00  9.132666e+00  1.107929e-16 
  909.000  2.535609e+00  8.989981e+00 -2.981046e-19 
  910.000  2.668982e+00  9.290518e+00 -1.169129e-16 
  911.000  3.183460e+00  1.027987e+01 -3.923547e-16 
  912.000  2.942342e+00  9.783977e+00 -1.679799e-16 
  913.000  2.084601e+00  8.078546e+00  2.669005e-17 
  914.000  2.506314e+00  8.908569e+00 -8.899810e-17 
  915.000  2.880448e+00  9.550340e+00  9.275673e-17 
  916.000  3.070073e+00  9.923557e+00  3.973475e-17 
  917.000  3.319633e+00  1.028280e+01 -1.745366e-16 
  918.000  3.707150e+00  1.092136e+01 -9.337362e-20 
  919.000  5.335835e+00  1.365787e+01 -3.414104e-18 
  920.000  6.894320e+00  1.582785e+01  1.255697e-15 
  921.000  6.466740e+00  1.503312e+01 -1.829610e-16 
  922.000  6.413532e+00  1.486313e+01  3.393043e-16 
  923.000  5.745187e+00  1.363603e+01  1.826747e-16 
  924.000  5.049286e+00  1.278307e+01 -4.393323e-16 
  925.000  4.944399e+00  1.270273e+01 -7.607002e-16 
  926.000  4.490277e+00  1.189947e+01 -2.687423e-16 
  927.000  3.596352e+00  1.063978e+01 -6.921464e-17 
  928.000  2.406339e+00  8.530549e+00  2.502244e-16 
  929.000  1.290529e+00  6.162596e+00 -3.063659e-17 
  930.000  5.711876e-01  4.286662e+00  2.528415e-17 
  931.000  2.167161e-01  2.963561e+00 -8.701232e-18 
  932.000  4.043001e-02  1.770933e+00  3.843221e-19 
  933.000  1.250898e-02  1.302704e+00 -7.739548e-18 
  934.000  3.651312e-03  9.683139e-01 -6.452249e-19 
  935.000  2.876199e-03  9.108293e-01 -3.038039e-19 
  936.000  4.208442e-03  9.885713e-01 -5.835506e-18 
  937.000  4.288736e-03  1.000213e+00  4.657577e-19 
  938.000  1.837587e-02  1.393605e+00 -1.581463e-18 
  939.000  2.627472e-01  3.283525e+00 -8.897588e-18 
  940.000  3.829183e-01  3.787784e+00  1.386551e-17 
  941.000  2.982472e-01  3.334676e+00 -1.483220e-17 
  942.000  1.441835e-01  2.452352e+00 -4.931562e-18 
  943.000  4.086461e-02  1.678085e+00  3.176749e-18 
  944.000  3.425275e-02  1.564674e+00  1.389103e-18 
  945.000  5.393368e-02  1.810478e+00 -6.651777e-18 
  946.000  5.948198e-02  1.869995e+00  1.320200e-18 
  947.000  9.961271e-02  2.177295e+00 -2.461865e-18 
  948.000  1.330765e-01  2.398748e+00  4.397367e-18 
  949.000  1.382406e-01  2.414336e+00  1.183277e-17 
  950.000  1.503294e-01  2.463313e+00 -3.587721e-18 
  951.000  2.575375e-01  2.981625e+00 -1.176287e-17 
  952.000  1.631017e-01  2.483728e+00  3.642455e-17 
  953.000  2.546964e-01  2.901289e+00 -1.002104e-17 
  954.000  4.029160e-01  3.430183e+00  3.810492e-18 
  955.000  2.974125e-01  2.877803e+00 -1.522114e-17 
  956.000  3.350964e-01  3.088030e+00  1.000431e-17 
  957.000  9.227555e-01  4.767255e+00  5.212691e-18 
  958.000  1.118256e+00  5.197788e+00 -4.060872e-17 
  959.000  1.026238e+00  4.938537e+00  1.413867e-17 
  960.000  1.019131e+00  4.856910e+00 -1.038661e-17 
  961.000  9.703294e-01  4.683764e+00  5.105527e-18 
  962.000  1.081336e+00  4.915727e+00  6.799675e-17 
  963.000  1.793128e+00  6.344752e+00  1.564575e-16 
  964.000  1.949505e+00  6.567900e+00 -3.817713e-19 
  965.000  1.949917e+00  6.553443e+00  3.519164e-18 
  966.000  2.007587e+00  6.525570e+00  2.807558e-16 
  967.000  2.952956e+00  8.221014e+00 -1.699267e-16 
  968.000  5.137123e+00  1.143626e+01 -6.120679e-16 
  969.000  6.658492e+00  1.338449e+01 -2.279807e-16 
  970.000  6.850615e+00  1.358493e+01  2.484920e-16 
  971.000  6.787544e+00  1.342597e+01  3.233014e-16 
  972.000  6.398745e+00  1.295472e+01  1.396894e-16 
  973.000  5.439034e+00  1.165116e+01  2.633414e-16 
  974.000  4.446984e+00  1.019079e+01  3.247323e-16 
  975.000  3.967518e+00  9.478899e+00 -5.094794e-16 
  976.000  4.674964e+00  1.053059e+01 -5.103946e-17 
  977.000  5.831009e+00  1.194160e+01  3.153090e-17 
  978.000  5.937193e+00  1.214081e+01 -8.028923e-17 
  979.000  6.224717e+00  1.231553e+01 -1.497880e-16 
  980.000  8.078574e+00  1.454571e+01 -1.500353e-16 
  981.000  8.651006e+00  1.519481e+01  5.574666e-16 
  982.000  8.303808e+00  1.472474e+01  5.920869e-16 
  983.000  9.418526e+00  1.594095e+01  7.733927e-16 
  984.000  1.065444e+01  1.730978e+01 -7.545618e-16 
  985.000  1.150249e+01  1.822569e+01 -6.612076e-17 
  986.000  1.256061e+01  1.925224e+01 -2.646453e-17 
  987.000  1.327645e+01  1.999498e+01  2.079254e-15 
  988.000  1.329298e+01  1.987753e+01 -3.163652e-16 
  989.000  1.325103e+01  1.970352e+01  8.506607e-16 
  990.000  1.352752e+01  1.998659e+01  9.251917e-16 
  991.000  1.411443e+01  2.056125e+01 -1.274658e-15 
  992.000  1.413886e+01  2.047560e+01  1.114888e-15 
  993.000  1.421454e+01  2.050500e+01 -1.001599e-15 
  994.000  1.489790e+01  2.093480e+01  2.120890e-15 
  995.000  1.507655e+01  2.100626e+01 -9.105910e-16 
  996.000  1.509441e+01  2.097959e+01  1.136979e-15 
  997.000  1.497831e+01  2.084464e+01  3.643860e-15 
  998.000  1.455158e+01  2.057931e+01 -7.427422e-16 
  999.000  1.446020e+01  2.043866e+01  5.210146e-16 
 1000.000  1.442148e+01  2.030738e+01 -1.288715e-15 
 1001.000  1.410450e+01  2.001785e+01 -7.330191e-16 
 1002.000  1.344879e+01  1.935721e+01 -1.701908e-16 
 1003.000  1.346325e+01  1.925624e+01  3.001132e-16 
 1004.000  1.373929e+01  1.942008e+01 -2.836673e-16 
 1005.000  1.301051e+01  1.826703e+01 -6.789039e-16 
 1006.000  1.376056e+01  1.924923e+01  1.752544e-15 
 1007.000  1.390294e+01  1.946475e+01 -1.944247e-15 
 1008.000  1.345257e+01  1.904055e+01  7.214478e-17 
 1009.000  1.269893e+01  1.824879e+01 -1.900988e-15 
 1010.000  1.307203e+01  1.859344e+01 -1.068390e-15 
 1011.000  1.376247e+01  1.916317e+01 -8.324253e-16 
 1012.000  1.407763e+01  1.941266e+01  1.337528e-16 
 1013.000  1.422467e+01  1.945546e+01 -3.285495e-16 
 1014.000  1.443634e+01  1.964837e+01 -6.492482e-16 
 1015.000  1.420764e+01  1.928119e+01 -5.101554e-16 
 1016.000  1.442085e+01  1.947414e+01  3.371013e-15 
 1017.000  1.453236e+01  1.928752e+01 -7.537705e-16 
 1018.000  1.442992e+01  1.942893e+01 -1.609542e-15 
 1019.000  1.386034e+01  1.874018e+01 -1.475120e-15 
 1020.000  1.393537e+01  1.875598e+01 -1.326848e-15 
 1021.000  1.427487e+01  1.908063e+01  1.301272e-15 
 1022.000  1.376380e+01  1.850142e+01  8.398512e-16 
 1023.000  1.378098e+01  1.860419e+01  8.162770e-16 
 1024.000  1.356889e+01  1.834851e+01  2.577079e-16 
 1025.000  1.405568e+01  1.873498e+01 -8.994966e-17 
 1026.000  1.429849e+01  1.891395e+01  5.600856e-17 
 1027.000  1.413960e+01  1.870138e+01  2.183595e-15 
 1028.000  1.426117e+01  1.878329e+01  8.841562e-16 
 1029.000  1.444717e+01  1.863589e+01  1.949242e-15 
 1030.000  1.478900e+01  1.895140e+01  1.170049e-15 
 1031.000  1.484349e+01  1.893827e+01 -1.854632e-15 
 1032.000  1.487050e+01  1.890244e+01 -3.695594e-16 
 1033.000  1.463739e+01  1.855650e+01  2.643427e-15 
 1034.000  1.479680e+01  1.872020e+01 -4.137207e-15 
 1035.000  1.466257e+01  1.851246e+01 -3.105573e-16 
 1036.000  1.485905e+01  1.871512e+01 -1.522304e-15 
 1037.000  1.456518e+01  1.830485e+01  5.164549e-17 
 1038.000  1.476745e+01  1.850037e+01  5.215222e-17 
 1039.000  1.476751e+01  1.849166e+01  3.022705e-15 
 1040.000  1.455303e+01  1.820370e+01  3.039211e-15 
 1041.000  1.459806e+01  1.823896e+01 -3.418120e-15 
 1042.000  1.464404e+01  1.826145e+01 -4.157247e-16 
 1043.000  1.441091e+01  1.792821e+01 -4.598545e-16 
 1044.000  1.453388e+01  1.805351e+01 -7.734994e-16 
 1045.000  1.435597e+01  1.784481e+01 -4.416451e-15 
 1046.000  1.391117e+01  1.725815e+01  2.194621e-15 
 1047.000  1.409500e+01  1.747697e+01 -1.371264e-15 
 1048.000  1.419907e+01  1.756896e+01 -5.184813e-15 
 1049.000  1.406094e+01  1.736665e+01  1.025685e-16 
 1050.000  1.388531e+01  1.714801e+01 -1.775748e-15 
 1051.000  1.378682e+01  1.703434e+01  3.553519e-16 
 1052.000  1.363776e+01  1.684773e+01 -4.046255e-16 
 1053.000  1.358731e+01  1.677331e+01  0.000000e+00 
 1054.000  1.334479e+01  1.648396e+01  2.504183e-15 
 1055.000  1.331400e+01  1.646166e+01  3.533122e-16 
 1056.000  1.316323e+01  1.628480e+01 -2.543759e-15 
 1057.000  1.294464e+01  1.605565e+01  3.776243e-16 
 1058.000  1.252724e+01  1.562753e+01  2.171131e-15 
 1059.000  1.211395e+01  1.508627e+01 -1.353283e-15 
 1060.000  1.261443e+01  1.563617e+01  1.501396e-15 
 1061.000  1.212095e+01  1.501297e+01  0.000000e+00 
 1062.000  1.231709e+01  1.528705e+01  7.956153e-16 
 1063.000  1.205944e+01  1.495223e+01  1.051033e-15 
 1064.000  1.209125e+01  1.501337e+01  1.784705e-15 
 1065.000  1.191802e+01  1.483834e+01  3.717809e-16 
 1066.000  1.157884e+01  1.437743e+01  1.032728e-15 
 1067.000  1.165114e+01  1.467478e+01 -2.169335e-16 
 1068.000  1.133823e+01  1.438493e+01  2.042959e-16 
 1069.000  1.037732e+01  1.320879e+01 -8.059727e-16 
 1070.000  1.108723e+01  1.406049e+01  2.884835e-16 
 1071.000  1.095449e+01  1.394963e+01 -1.369892e-15 
 1072.000  1.083057e+01  1.384694e+01  3.527286e-16 
 1073.000  1.048003e+01  1.338281e+01 -5.928721e-16 
 1074.000  1.093351e+01  1.391008e+01 -3.405975e-16 
 1075.000  1.094455e+01  1.375721e+01 -6.867005e-16 
 1076.000  1.102978e+01  1.391546e+01  3.288570e-17 
 1077.000  1.078021e+01  1.367888e+01  3.092706e-17 
 1078.000  1.053549e+01  1.346240e+01  1.811159e-16 
 1079.000  1.011481e+01  1.291410e+01  4.960887e-16 
 1080.000  9.655187e+00  1.257910e+01 -4.585069e-16 
 1081.000  9.284499e+00  1.208286e+01  7.856077e-16 
 1082.000  9.747095e+00  1.254296e+01 -4.697578e-16 
 1083.000  9.100377e+00  1.183124e+01  2.377925e-16 
 1084.000  9.039656e+00  1.187978e+01  2.443355e-16 
 1085.000  8.046281e+00  1.089365e+01  5.268211e-16 
 1086.000  8.349070e+00  1.120559e+01  9.667719e-16 
 1087.000  8.783012e+00  1.139590e+01 -5.045871e-16 
 1088.000  9.388077e+00  1.213322e+01  4.872381e-16 
 1089.000  7.829360e+00  1.054253e+01 -1.947316e-16 
 1090.000  7.774605e+00  1.055892e+01 -5.814959e-16 
 1091.000  8.016768e+00  1.079209e+01  5.861889e-16 
 1092.000  7.270143e+00  1.003060e+01 -2.087945e-16 
 1093.000  6.094104e+00  8.909760e+00  5.094520e-16 
 1094.000  5.162255e+00  7.737132e+00 -1.376618e-17 
 1095.000  5.627092e+00  8.406062e+00  3.740718e-16 
 1096.000  5.596295e+00  8.366182e+00  2.273947e-17 
 1097.000  5.279789e+00  8.025971e+00 -1.247730e-16 
 1098.000  3.393179e+00  6.021453e+00 -8.082253e-17 
 1099.000  2.314190e+00  4.742447e+00 -3.992619e-17 
 1100.000  2.399510e+00  4.878466e+00 -3.556031e-17 
