  400.000  7.538892e+02  2.190117e+02  3.783683e-14 
  401.000  7.500662e+02  2.155008e+02  2.419524e-14 
  402.000  7.956676e+02  2.260978e+02  1.874668e-13 
  403.000  7.458886e+02  2.096425e+02 -7.159606e-14 
  404.000  8.022318e+02  2.230335e+02 -9.508280e-14 
  405.000  7.363001e+02  2.024939e+02 -1.341057e-13 
  406.000  7.313197e+02  1.989655e+02  6.409469e-14 
  407.000  7.128016e+02  1.918571e+02  8.970639e-14 
  408.000  7.727729e+02  2.057896e+02  9.626247e-15 
  409.000  8.559609e+02  2.255330e+02 -1.780868e-13 
  410.000  7.160978e+02  1.866962e+02  1.232612e-13 
  411.000  8.414396e+02  2.170776e+02 -2.514145e-15 
  412.000  8.723930e+02  2.227172e+02  2.520453e-13 
  413.000  8.245750e+02  2.083279e+02  2.069484e-14 
  414.000  8.097140e+02  2.024550e+02 -2.560997e-14 
  415.000  8.640347e+02  2.138225e+02 -1.315241e-13 
  416.000  8.592006e+02  2.104552e+02  4.547624e-14 
  417.000  8.334582e+02  2.020744e+02 -1.763168e-14 
  418.000  8.156918e+02  1.957650e+02  1.452886e-13 
  419.000  8.360652e+02  1.986323e+02 -5.920669e-14 
  420.000  7.079680e+02  1.665119e+02 -1.498519e-13 
  421.000  8.873744e+02  2.066259e+02  1.767286e-14 
  422.000  8.506223e+02  1.961030e+02 -3.919873e-14 
  423.000  7.186755e+02  1.640485e+02  6.877774e-15 
  424.000  7.907966e+02  1.787376e+02  2.262853e-14 
  425.000  8.193187e+02  1.833701e+02 -6.593199e-14 
  426.000  7.878734e+02  1.746128e+02  2.886644e-14 
  427.000  7.581101e+02  1.663859e+02  4.463348e-14 
  428.000  7.679086e+02  1.669079e+02  1.125461e-13 
  429.000  6.988454e+02  1.504356e+02 -9.839185e-14 
  430.000  5.578419e+02  1.189324e+02  3.235587e-14 
  431.000  5.017024e+02  1.059439e+02  7.755152e-14 
  432.000  9.033412e+02  1.889472e+02  8.406243e-15 
  433.000  8.043398e+02  1.666503e+02 -5.274269e-14 
  434.000  7.647102e+02  1.569498e+02 -4.927225e-14 
  435.000  8.322213e+02  1.692070e+02 -6.882606e-14 
  436.000  9.230661e+02  1.859282e+02  1.103586e-13 
  437.000  9.322294e+02  1.860311e+02  1.966342e-14 
  438.000  8.353094e+02  1.651494e+02 -1.095224e-14 
  439.000  8.085236e+02  1.583830e+02 -5.286221e-14 
  440.000  9.064352e+02  1.759346e+02  5.498219e-14 
  441.000  9.037368e+02  1.738084e+02  1.730342e-13 
  442.000  9.520720e+02  1.814370e+02 -1.350724e-14 
  443.000  9.586979e+02  1.810416e+02  5.078802e-14 
  444.000  9.527314e+02  1.782874e+02 -1.398503e-13 
  445.000  1.002444e+03  1.858971e+02 -1.582142e-13 
  446.000  8.925771e+02  1.640311e+02 -8.506114e-14 
  447.000  1.018266e+03  1.854634e+02 -1.575002e-13 
  448.000  1.035444e+03  1.869422e+02  6.432332e-14 
  449.000  1.042696e+03  1.866184e+02 -4.016819e-15 
  450.000  1.065638e+03  1.890736e+02  3.719039e-14 
  451.000  1.151881e+03  2.026065e+02  6.795555e-14 
  452.000  1.071027e+03  1.867556e+02 -5.362206e-15 
  453.000  9.944005e+02  1.718979e+02  8.611320e-14 
  454.000  1.060391e+03  1.817279e+02  6.120418e-14 
  455.000  1.068008e+03  1.814620e+02 -8.111713e-15 
  456.000  1.094086e+03  1.842978e+02  1.400917e-13 
  457.000  1.100406e+03  1.837813e+02 -1.699416e-14 
  458.000  1.081240e+03  1.790459e+02  1.756065e-13 
  459.000  1.081295e+03  1.775375e+02  1.288650e-13 
  460.000  1.072066e+03  1.745371e+02  2.202965e-14 
  461.000  1.111120e+03  1.793754e+02 -2.537018e-14 
  462.000  1.093205e+03  1.750050e+02 -4.095943e-15 
  463.000  1.093660e+03  1.736168e+02  1.312695e-13 
  464.000  1.097458e+03  1.727844e+02  9.232251e-14 
  465.000  1.081620e+03  1.688919e+02  1.186732e-13 
  466.000  1.116065e+03  1.728424e+02  5.644943e-14 
  467.000  1.076845e+03  1.654038e+02 -1.547668e-13 
  468.000  1.140090e+03  1.736779e+02  1.460849e-14 
  469.000  1.130160e+03  1.707421e+02 -6.936387e-14 
  470.000  1.114663e+03  1.670032e+02  6.929057e-14 
  471.000  1.112727e+03  1.653221e+02  1.356239e-14 
  472.000  1.126386e+03  1.659497e+02 -4.143824e-15 
  473.000  1.114158e+03  1.627636e+02  1.828306e-14 
  474.000  1.123152e+03  1.626871e+02  4.572698e-14 
  475.000  1.168629e+03  1.677988e+02  7.234891e-14 
  476.000  1.132837e+03  1.612019e+02 -1.088934e-13 
  477.000  1.122477e+03  1.583405e+02  5.586009e-14 
  478.000  1.177606e+03  1.648690e+02  5.654075e-15 
  479.000  1.123588e+03  1.562217e+02 -3.321021e-14 
  480.000  1.145081e+03  1.581398e+02 -1.140619e-13 
  481.000  1.137549e+03  1.560147e+02 -1.123723e-13 
  482.000  1.160900e+03  1.580911e+02  2.235788e-14 
  483.000  1.161743e+03  1.570611e+02  4.204977e-15 
  484.000  1.116781e+03  1.498675e+02 -1.248350e-15 
  485.000  1.124776e+03  1.498134e+02  7.712532e-14 
  486.000  9.118322e+02  1.205428e+02  4.826560e-14 
  487.000  1.024762e+03  1.344603e+02  9.324900e-14 
  488.000  1.112589e+03  1.448945e+02  5.592116e-14 
  489.000  1.034176e+03  1.336795e+02 -8.834938e-14 
  490.000  1.177279e+03  1.510477e+02 -7.740423e-14 
  491.000  1.101559e+03  1.402813e+02 -1.165176e-13 
  492.000  1.058488e+03  1.337946e+02  5.256393e-14 
  493.000  1.139914e+03  1.430211e+02 -8.118308e-15 
  494.000  1.101144e+03  1.371369e+02 -9.650237e-15 
  495.000  1.177038e+03  1.455120e+02 -3.668353e-14 
  496.000  1.146213e+03  1.406559e+02  1.191488e-14 
  497.000  1.111749e+03  1.354252e+02 -1.025922e-13 
  498.000  1.085351e+03  1.312431e+02  1.122335e-13 
  499.000  1.082605e+03  1.299562e+02 -1.071782e-13 
  500.000  1.077714e+03  1.284292e+02 -1.042700e-13 
  501.000  1.053433e+03  1.246254e+02  1.730449e-15 
  502.000  1.046410e+03  1.229010e+02  5.992468e-15 
  503.000  1.108660e+03  1.292765e+02 -3.952467e-14 
  504.000  1.031377e+03  1.194030e+02  0.000000e+00 
  505.000  1.112311e+03  1.278523e+02 -1.620682e-13 
  506.000  1.190692e+03  1.359007e+02 -2.715289e-14 
  507.000  1.107778e+03  1.255538e+02 -1.050129e-14 
  508.000  1.062299e+03  1.195617e+02 -2.358358e-14 
  509.000  1.145437e+03  1.280253e+02  3.066716e-14 
  510.000  1.109785e+03  1.231825e+02 -3.236507e-14 
  511.000  1.110006e+03  1.223564e+02  1.733913e-13 
  512.000  1.164893e+03  1.275231e+02 -1.067379e-13 
  513.000  1.066029e+03  1.159005e+02 -6.716368e-14 
  514.000  1.043547e+03  1.126814e+02  1.215013e-13 
  515.000  1.065239e+03  1.142410e+02 -4.665311e-14 
  516.000  1.118767e+03  1.191642e+02 -9.908251e-14 
  517.000  8.239611e+02  8.716447e+01  1.282240e-14 
  518.000  1.019916e+03  1.071602e+02 -3.473136e-14 
  519.000  9.660901e+02  1.008172e+02  1.345760e-14 
  520.000  1.063434e+03  1.102267e+02 -4.957243e-14 
  521.000  1.063819e+03  1.095236e+02 -1.110370e-14 
  522.000  1.105815e+03  1.130794e+02  7.097072e-15 
  523.000  1.029941e+03  1.046084e+02  1.543279e-14 
  524.000  1.117233e+03  1.127109e+02 -3.883658e-15 
  525.000  1.108098e+03  1.110373e+02  1.719138e-14 
  526.000  1.055817e+03  1.050942e+02  5.589546e-14 
  527.000  9.221229e+02  9.117402e+01 -8.332502e-14 
  528.000  1.107240e+03  1.087484e+02  2.930536e-14 
  529.000  1.138438e+03  1.110710e+02  6.299212e-14 
  530.000  1.075496e+03  1.042377e+02  4.313954e-15 
  531.000  1.170425e+03  1.126933e+02 -4.036417e-14 
  532.000  1.116336e+03  1.067861e+02 -4.804791e-14 
  533.000  9.803283e+02  9.317609e+01  3.378298e-14 
  534.000  1.065813e+03  1.006648e+02 -1.280536e-14 
  535.000  1.087182e+03  1.020465e+02 -3.767447e-15 
  536.000  1.153350e+03  1.075872e+02 -1.321576e-14 
  537.000  1.069807e+03  9.917523e+01 -9.120343e-15 
  538.000  1.119654e+03  1.031507e+02  2.234954e-14 
  539.000  1.115764e+03  1.021533e+02 -1.780597e-14 
  540.000  1.091747e+03  9.933334e+01 -7.427179e-14 
  541.000  1.000962e+03  9.050889e+01 -9.038396e-14 
  542.000  1.116419e+03  1.003244e+02  1.718908e-14 
  543.000  1.067763e+03  9.536004e+01  3.654235e-14 
  544.000  1.126089e+03  9.994865e+01 -5.404185e-14 
  545.000  1.109192e+03  9.784264e+01  3.233730e-14 
  546.000  1.084410e+03  9.506924e+01 -6.120814e-14 
  547.000  1.130362e+03  9.849217e+01 -6.947738e-14 
  548.000  1.048697e+03  9.081956e+01  4.416116e-14 
  549.000  1.103573e+03  9.499159e+01  3.769030e-14 
  550.000  1.079364e+03  9.234412e+01  1.113696e-14 
  551.000  1.072781e+03  9.122371e+01 -4.031924e-14 
  552.000  1.119214e+03  9.459692e+01 -1.333304e-14 
  553.000  1.075554e+03  9.035809e+01 -1.593893e-14 
  554.000  1.110896e+03  9.276541e+01  5.820895e-14 
  555.000  1.114231e+03  9.248567e+01 -1.778201e-15 
  556.000  1.083724e+03  8.941489e+01  1.049656e-13 
  557.000  1.051757e+03  8.625758e+01 -9.464680e-14 
  558.000  1.091910e+03  8.901550e+01  1.301039e-14 
  559.000  1.032283e+03  8.365244e+01 -3.001845e-15 
  560.000  1.037002e+03  8.353275e+01  5.135455e-14 
  561.000  1.139906e+03  9.127264e+01 -1.812086e-14 
  562.000  1.046562e+03  8.328740e+01 -1.969089e-14 
  563.000  1.095125e+03  8.662941e+01 -1.007218e-13 
  564.000  1.079897e+03  8.490906e+01 -1.022416e-13 
  565.000  1.092900e+03  8.540359e+01 -7.536825e-15 
  566.000  1.007728e+03  7.827181e+01  1.845865e-14 
  567.000  1.081176e+03  8.343188e+01  3.765573e-14 
  568.000  1.078908e+03  8.261287e+01 -2.042875e-14 
  569.000  1.058297e+03  8.027251e+01  3.623544e-15 
  570.000  1.063634e+03  8.023078e+01 -1.899992e-14 
  571.000  1.025164e+03  7.704672e+01  5.068928e-14 
  572.000  1.084059e+03  8.077133e+01 -4.366724e-15 
  573.000  1.095222e+03  8.116764e+01 -2.850403e-14 
  574.000  1.089204e+03  8.025951e+01 -3.391168e-14 
  575.000  1.062738e+03  7.783521e+01  3.134114e-15 
  576.000  1.043832e+03  7.600780e+01 -1.932834e-14 
  577.000  1.087538e+03  7.880331e+01  1.311550e-14 
  578.000  1.056178e+03  7.619029e+01  2.427695e-14 
  579.000  1.048914e+03  7.533215e+01  4.389859e-14 
  580.000  1.086416e+03  7.769564e+01 -3.724741e-14 
  581.000  1.068247e+03  7.611697e+01  3.534475e-14 
  582.000  1.085557e+03  7.701908e+01 -8.022487e-15 
  583.000  1.094315e+03  7.726985e+01 -3.745342e-15 
  584.000  1.091965e+03  7.673105e+01 -2.841886e-14 
  585.000  1.085754e+03  7.591009e+01 -2.393706e-14 
  586.000  1.039980e+03  7.234088e+01 -7.686358e-14 
  587.000  1.081869e+03  7.477381e+01 -2.440171e-14 
  588.000  1.073204e+03  7.345391e+01 -1.204008e-14 
  589.000  9.538484e+02  6.454447e+01 -9.308135e-15 
  590.000  9.966153e+02  6.706376e+01 -2.788370e-15 
  591.000  1.058141e+03  7.111642e+01  1.212193e-14 
  592.000  1.039170e+03  6.932553e+01 -1.817638e-14 
  593.000  1.048944e+03  6.995145e+01  1.954713e-14 
  594.000  1.059464e+03  7.020475e+01  5.734244e-15 
  595.000  1.040847e+03  6.838206e+01  1.808543e-14 
  596.000  1.065185e+03  6.995541e+01 -9.051702e-15 
  597.000  1.068955e+03  6.975932e+01  2.795916e-16 
  598.000  1.046504e+03  6.808630e+01  5.789825e-14 
  599.000  1.046615e+03  6.780405e+01 -2.505736e-14 
  600.000  1.046122e+03  6.755089e+01  3.008766e-14 
  601.000  1.039957e+03  6.691508e+01 -2.443510e-14 
  602.000  1.028529e+03  6.587514e+01 -1.851452e-14 
  603.000  1.035001e+03  6.598994e+01 -3.074782e-14 
  604.000  1.068324e+03  6.780680e+01 -5.585984e-16 
  605.000  1.066211e+03  6.735039e+01  1.495087e-14 
  606.000  1.054448e+03  6.627991e+01 -5.499171e-16 
  607.000  1.049124e+03  6.562093e+01 -4.268645e-14 
  608.000  1.045906e+03  6.509850e+01 -2.031141e-14 
  609.000  1.035784e+03  6.415151e+01  2.705385e-14 
  610.000  1.019803e+03  6.285221e+01  1.870234e-14 
  611.000  1.036989e+03  6.359887e+01 -1.390474e-14 
  612.000  1.024110e+03  6.250211e+01 -5.171771e-14 
  613.000  1.009754e+03  6.132476e+01  1.034342e-13 
  614.000  9.738734e+02  5.885648e+01  1.066558e-13 
  615.000  1.021116e+03  6.141095e+01  1.180290e-14 
  616.000  9.714405e+02  5.813852e+01  3.812182e-14 
  617.000  9.774706e+02  5.821334e+01  3.657489e-14 
  618.000  1.024091e+03  6.069008e+01  4.063884e-14 
  619.000  1.015176e+03  5.986407e+01  2.623388e-14 
  620.000  1.030635e+03  6.047432e+01  3.688632e-14 
  621.000  1.048800e+03  6.123310e+01  2.545166e-14 
  622.000  9.938433e+02  5.773315e+01 -3.984816e-14 
  623.000  1.001939e+03  5.790734e+01  2.199797e-14 
  624.000  1.003353e+03  5.769578e+01  0.000000e+00 
  625.000  9.764611e+02  5.586480e+01  4.234599e-14 
  626.000  9.817855e+02  5.587169e+01  0.000000e+00 
  627.000  9.988491e+02  5.643070e+01 -1.099774e-14 
  628.000  9.793333e+02  5.437528e+01  2.287348e-14 
  629.000  1.009233e+03  5.616414e+01  2.472144e-14 
  630.000  9.756383e+02  5.410912e+01 -5.882463e-15 
  631.000  1.012898e+03  5.603260e+01 -2.131552e-14 
  632.000  9.455519e+02  5.206852e+01  2.125807e-14 
  633.000  1.015530e+03  5.581961e+01  1.059432e-14 
  634.000  9.861595e+02  5.403127e+01  2.575087e-14 
  635.000  1.005296e+03  5.485421e+01  1.372402e-14 
  636.000  9.707234e+02  5.276979e+01 -7.345931e-15 
  637.000  1.003750e+03  5.435118e+01  7.070042e-15 
  638.000  1.019952e+03  5.504838e+01  7.159868e-15 
  639.000  1.012496e+03  5.441886e+01 -1.798928e-14 
  640.000  9.813937e+02  5.254944e+01  1.739245e-14 
  641.000  9.963881e+02  5.312436e+01 -2.727141e-15 
  642.000  9.850727e+02  5.231620e+01  2.106956e-14 
  643.000  1.003278e+03  5.301705e+01 -1.396856e-14 
  644.000  9.924267e+02  5.221705e+01  0.000000e+00 
  645.000  1.001974e+03  5.243644e+01 -1.070451e-14 
  646.000  9.655416e+02  5.012307e+01 -2.330705e-14 
  647.000  9.800861e+02  5.053234e+01 -1.583568e-14 
  648.000  9.796797e+02  5.016433e+01  1.440850e-14 
  649.000  9.990128e+02  5.104283e+01 -5.145948e-15 
  650.000  9.249577e+02  4.727229e+01  2.316812e-14 
  651.000  9.968820e+02  5.072604e+01  1.218499e-14 
  652.000  9.793734e+02  4.941566e+01  4.900226e-15 
  653.000  9.982190e+02  5.038727e+01  2.182759e-14 
  654.000  9.858229e+02  4.951925e+01 -1.840429e-14 
  655.000  9.608145e+02  4.797062e+01  2.227231e-15 
  656.000  8.160024e+02  4.059048e+01  2.176271e-14 
  657.000  8.710826e+02  4.318537e+01  3.337209e-14 
  658.000  9.701537e+02  4.796222e+01  3.122532e-14 
  659.000  9.726356e+02  4.793182e+01  2.097713e-14 
  660.000  9.806435e+02  4.814454e+01 -1.031690e-14 
  661.000  9.850583e+02  4.822344e+01  5.278117e-15 
  662.000  9.995265e+02  4.875511e+01  1.727848e-14 
  663.000  9.889847e+02  4.803271e+01 -7.704786e-15 
  664.000  9.736163e+02  4.709730e+01 -1.680049e-14 
  665.000  9.783052e+02  4.713565e+01 -3.086010e-15 
  666.000  9.905023e+02  4.753753e+01 -3.603335e-15 
  667.000  9.712487e+02  4.642884e+01  6.327406e-14 
  668.000  9.771530e+02  4.652920e+01  1.063918e-14 
  669.000  9.916285e+02  4.702880e+01  4.696222e-14 
  670.000  9.802086e+02  4.629922e+01  1.727684e-14 
  671.000  9.702624e+02  4.564542e+01 -4.188061e-14 
  672.000  9.675494e+02  4.533408e+01 -9.556797e-15 
  673.000  9.749290e+02  4.549579e+01 -6.759954e-14 
  674.000  9.772681e+02  4.542166e+01 -1.974322e-14 
  675.000  9.627754e+02  4.456881e+01  2.541215e-15 
  676.000  9.813807e+02  4.524821e+01 -1.013263e-14 
  677.000  9.622653e+02  4.418954e+01 -6.927674e-15 
  678.000  9.785887e+02  4.476014e+01 -5.464982e-14 
  679.000  9.651619e+02  4.396868e+01 -8.901705e-14 
  680.000  9.581650e+02  4.346652e+01  4.542844e-14 
  681.000  9.596474e+02  4.334818e+01 -1.929615e-14 
  682.000  9.579633e+02  4.309687e+01  1.031650e-14 
  683.000  9.647775e+02  4.322456e+01  2.376823e-14 
  684.000  9.479241e+02  4.228542e+01  1.269262e-14 
  685.000  9.588758e+02  4.261660e+01  2.313416e-14 
  686.000  9.164497e+02  4.049355e+01 -3.647297e-14 
  687.000  8.205819e+02  3.494196e+01 -9.505023e-15 
  688.000  8.517513e+02  3.634425e+01  6.702247e-15 
  689.000  8.456458e+02  3.587278e+01  8.141751e-16 
  690.000  8.656852e+02  3.671413e+01  1.378309e-14 
  691.000  8.906960e+02  3.786779e+01  1.347918e-14 
  692.000  8.988113e+02  3.825902e+01 -1.096134e-14 
  693.000  9.032383e+02  3.825716e+01 -2.896567e-14 
  694.000  9.085422e+02  3.824880e+01 -7.087438e-16 
  695.000  8.994196e+02  3.783348e+01  4.047646e-15 
  696.000  9.138013e+02  3.836192e+01 -9.010704e-16 
  697.000  9.297072e+02  3.922203e+01  2.311635e-14 
  698.000  9.099022e+02  3.816299e+01 -7.629433e-15 
  699.000  9.145725e+02  3.792413e+01  9.447185e-15 
  700.000  9.061982e+02  3.747529e+01 -2.765096e-15 
  701.000  8.833782e+02  3.633657e+01 -4.526085e-15 
  702.000  8.812946e+02  3.615260e+01 -9.546333e-16 
  703.000  9.041185e+02  3.717908e+01 -1.067982e-14 
  704.000  9.074100e+02  3.718298e+01 -4.722684e-15 
  705.000  9.103355e+02  3.706093e+01 -2.990547e-14 
  706.000  9.017090e+02  3.658992e+01  2.729252e-15 
  707.000  8.897991e+02  3.600503e+01  1.530230e-15 
  708.000  9.174765e+02  3.702454e+01  5.829704e-15 
  709.000  8.882516e+02  3.579092e+01  1.160419e-14 
  710.000  9.055052e+02  3.626330e+01 -3.992920e-14 
  711.000  9.000679e+02  3.599817e+01  3.749781e-14 
  712.000  8.906720e+02  3.556681e+01  7.872464e-15 
  713.000  8.847142e+02  3.513618e+01 -1.886323e-14 
  714.000  8.990959e+02  3.555486e+01  2.096160e-14 
  715.000  8.639709e+02  3.394945e+01  1.384465e-14 
  716.000  8.825604e+02  3.446311e+01  1.986620e-14 
  717.000  8.305515e+02  3.190631e+01  6.311291e-15 
  718.000  8.076088e+02  3.074219e+01  7.655870e-16 
  719.000  7.917336e+02  2.997671e+01 -3.170641e-15 
  720.000  7.871760e+02  2.963055e+01  2.952960e-15 
  721.000  8.307004e+02  3.154865e+01 -1.697343e-15 
  722.000  8.582346e+02  3.269379e+01 -7.579225e-15 
  723.000  8.476478e+02  3.204835e+01 -5.772995e-15 
  724.000  8.272844e+02  3.089891e+01 -1.565293e-15 
  725.000  8.221572e+02  3.063062e+01 -1.141788e-14 
  726.000  8.195533e+02  3.041587e+01 -6.943940e-15 
  727.000  8.354153e+02  3.092885e+01 -4.674682e-15 
  728.000  8.172321e+02  3.011543e+01  7.808140e-15 
  729.000  7.941611e+02  2.925029e+01 -6.370108e-15 
  730.000  8.218648e+02  3.014977e+01 -1.165976e-14 
  731.000  8.063380e+02  2.945991e+01  5.707103e-15 
  732.000  8.377950e+02  3.067688e+01  1.028814e-15 
  733.000  8.400350e+02  3.086524e+01 -1.355317e-14 
  734.000  8.646123e+02  3.178253e+01  3.408204e-15 
  735.000  8.553019e+02  3.128567e+01  8.797467e-15 
  736.000  8.349656e+02  3.035928e+01 -1.001105e-14 
  737.000  8.495145e+02  3.083954e+01  3.184003e-15 
  738.000  8.520015e+02  3.090807e+01  1.135425e-14 
  739.000  8.264509e+02  2.991517e+01 -7.147606e-15 
  740.000  8.386509e+02  3.034026e+01  2.447961e-15 
  741.000  8.345087e+02  3.013982e+01  7.895750e-15 
  742.000  8.218577e+02  2.960359e+01  1.760799e-14 
  743.000  8.482559e+02  3.049811e+01  1.661254e-14 
  744.000  8.573531e+02  3.074487e+01 -3.952082e-14 
  745.000  8.358851e+02  2.989153e+01 -1.963342e-14 
  746.000  8.482039e+02  3.024354e+01  3.901510e-14 
  747.000  8.616953e+02  3.062391e+01  1.460962e-14 
  748.000  8.464614e+02  2.999491e+01  8.286269e-14 
  749.000  8.470199e+02  2.991996e+01  1.236390e-14 
  750.000  8.345935e+02  2.937696e+01  3.579891e-14 
  751.000  8.326586e+02  2.921245e+01 -1.370232e-14 
  752.000  8.459470e+02  2.959140e+01 -1.757856e-15 
  753.000  8.382404e+02  2.922840e+01  2.754998e-14 
  754.000  8.516171e+02  2.959938e+01 -1.438497e-14 
  755.000  8.469395e+02  2.934101e+01 -3.114742e-14 
  756.000  8.305671e+02  2.868055e+01  2.495156e-15 
  757.000  8.368069e+02  2.880159e+01  3.539378e-14 
  758.000  8.349226e+02  2.862014e+01  2.511991e-15 
  759.000  7.596721e+02  2.537405e+01 -5.274903e-15 
  760.000  3.206516e+02  9.421109e+00 -8.015750e-17 
  761.000  2.812741e+02  8.104721e+00  7.491986e-17 
  762.000  5.171169e+02  1.605045e+01  1.859552e-15 
  763.000  4.530086e+02  1.366287e+01  2.924179e-16 
  764.000  4.931856e+02  1.499519e+01 -3.060203e-16 
  765.000  5.842007e+02  1.834437e+01  1.336666e-15 
  766.000  6.566179e+02  2.117947e+01  7.108991e-15 
  767.000  7.161549e+02  2.322686e+01  8.674121e-15 
  768.000  7.777247e+02  2.538013e+01 -1.988485e-15 
  769.000  7.963878e+02  2.613533e+01 -7.988502e-15 
  770.000  8.029568e+02  2.640014e+01  8.023903e-15 
  771.000  8.085900e+02  2.657895e+01  1.043618e-14 
  772.000  8.066324e+02  2.645000e+01 -3.674128e-14 
  773.000  8.039233e+02  2.628650e+01 -2.032111e-14 
  774.000  8.130881e+02  2.651280e+01  3.175877e-15 
  775.000  7.828859e+02  2.545391e+01 -3.519978e-14 
  776.000  8.153980e+02  2.643230e+01  1.677791e-15 
  777.000  8.099103e+02  2.617349e+01  3.732241e-16 
  778.000  8.057036e+02  2.595604e+01  1.476971e-14 
  779.000  8.084550e+02  2.596316e+01  6.486218e-14 
  780.000  7.985769e+02  2.556581e+01  2.397810e-14 
  781.000  7.974579e+02  2.545559e+01  2.082609e-14 
  782.000  8.071927e+02  2.568611e+01 -3.716753e-16 
  783.000  7.884518e+02  2.501198e+01  0.000000e+00 
  784.000  7.929085e+02  2.507230e+01 -1.095354e-15 
  785.000  7.946496e+02  2.503202e+01  9.838602e-15 
  786.000  7.802566e+02  2.447510e+01 -1.541887e-14 
  787.000  7.902099e+02  2.465626e+01 -4.091205e-15 
  788.000  7.775038e+02  2.415712e+01 -2.083289e-14 
  789.000  7.785274e+02  2.401807e+01 -1.541478e-14 
  790.000  7.704227e+02  2.368856e+01 -4.828812e-15 
  791.000  7.672703e+02  2.353796e+01 -1.310485e-14 
  792.000  7.558786e+02  2.313481e+01  1.213613e-14 
  793.000  7.567381e+02  2.312971e+01 -2.812952e-15 
  794.000  7.519818e+02  2.299560e+01  1.471724e-15 
  795.000  7.462693e+02  2.270545e+01  9.161596e-15 
  796.000  7.538975e+02  2.274264e+01 -3.783459e-15 
  797.000  7.602557e+02  2.290125e+01 -1.302940e-15 
  798.000  7.640699e+02  2.302966e+01  9.057465e-16 
  799.000  7.628159e+02  2.290492e+01 -2.363893e-14 
  800.000  7.407366e+02  2.211994e+01  7.108743e-15 
  801.000  7.548866e+02  2.248306e+01 -6.376783e-15 
  802.000  7.532899e+02  2.236428e+01  8.970658e-15 
  803.000  7.429477e+02  2.200088e+01  4.466515e-15 
  804.000  7.509037e+02  2.219809e+01  8.586544e-15 
  805.000  7.325670e+02  2.164417e+01  7.965377e-15 
  806.000  7.537849e+02  2.223902e+01  1.037479e-14 
  807.000  7.494401e+02  2.204827e+01 -1.450922e-14 
  808.000  7.442135e+02  2.181306e+01  1.373432e-14 
  809.000  7.307988e+02  2.133674e+01  2.660676e-15 
  810.000  7.265694e+02  2.112963e+01  4.327128e-15 
  811.000  7.360746e+02  2.129939e+01 -4.265608e-15 
  812.000  7.305537e+02  2.102238e+01  9.791346e-15 
  813.000  7.236189e+02  2.069984e+01  3.229026e-15 
  814.000  7.173267e+02  2.038647e+01  1.959094e-15 
  815.000  7.028272e+02  1.983758e+01  1.380088e-15 
  816.000  6.874597e+02  1.926554e+01 -4.883971e-15 
  817.000  6.922441e+02  1.934892e+01  4.267075e-15 
  818.000  6.888525e+02  1.920656e+01 -6.598878e-15 
  819.000  6.733720e+02  1.874882e+01 -1.084085e-15 
  820.000  6.704340e+02  1.871340e+01 -3.589988e-15 
  821.000  7.044716e+02  1.975612e+01 -1.434402e-14 
  822.000  6.760549e+02  1.879642e+01  4.045620e-15 
  823.000  6.598726e+02  1.808551e+01  1.675085e-15 
  824.000  6.917422e+02  1.908378e+01  8.714982e-16 
  825.000  7.040901e+02  1.953666e+01  3.067057e-15 
  826.000  7.063287e+02  1.951344e+01  5.359635e-16 
  827.000  7.024230e+02  1.933009e+01 -1.208723e-14 
  828.000  6.922941e+02  1.889730e+01 -1.800846e-15 
  829.000  6.951807e+02  1.895890e+01 -1.883679e-15 
  830.000  6.876818e+02  1.874438e+01 -5.257818e-15 
  831.000  6.764526e+02  1.839816e+01 -1.930169e-15 
  832.000  6.906789e+02  1.873883e+01 -2.605971e-15 
  833.000  6.711299e+02  1.818392e+01  5.846107e-15 
  834.000  6.832875e+02  1.849416e+01  2.470726e-15 
  835.000  6.885200e+02  1.865126e+01  2.830404e-15 
  836.000  6.953926e+02  1.876480e+01 -3.543847e-15 
  837.000  6.895679e+02  1.855542e+01 -1.219328e-16 
  838.000  6.938926e+02  1.865472e+01  1.890062e-15 
  839.000  6.732872e+02  1.807238e+01  6.578580e-15 
  840.000  6.917402e+02  1.852573e+01  8.561141e-15 
  841.000  6.926466e+02  1.847823e+01  1.029148e-14 
  842.000  6.892455e+02  1.835854e+01  2.383428e-15 
  843.000  6.864914e+02  1.828561e+01  4.158043e-15 
  844.000  6.759896e+02  1.798092e+01  3.996477e-17 
  845.000  6.865878e+02  1.822227e+01  5.719792e-15 
  846.000  6.931395e+02  1.836018e+01 -1.121614e-14 
  847.000  6.696545e+02  1.770423e+01 -2.286813e-15 
  848.000  6.888766e+02  1.814252e+01  4.872621e-15 
  849.000  6.902801e+02  1.813476e+01  1.235436e-14 
  850.000  5.967318e+02  1.562977e+01 -2.091113e-14 
  851.000  6.833964e+02  1.784117e+01 -1.003489e-14 
  852.000  6.575730e+02  1.712354e+01 -1.150135e-14 
  853.000  6.656022e+02  1.730389e+01  1.403405e-14 
  854.000  5.351483e+02  1.387548e+01  6.160840e-15 
  855.000  5.893542e+02  1.525073e+01  9.392363e-15 
  856.000  6.691639e+02  1.729269e+01  4.583463e-16 
  857.000  6.799978e+02  1.753638e+01 -2.005196e-15 
  858.000  6.692376e+02  1.721949e+01 -4.249726e-15 
  859.000  6.692592e+02  1.718574e+01 -2.608040e-14 
  860.000  6.633990e+02  1.699737e+01  8.108421e-15 
  861.000  6.633879e+02  1.695462e+01  6.155651e-15 
  862.000  6.612822e+02  1.686079e+01 -1.256822e-14 
  863.000  6.739947e+02  1.714174e+01 -1.738422e-14 
  864.000  6.727166e+02  1.706799e+01 -1.278024e-14 
  865.000  6.602510e+02  1.671107e+01  2.150061e-14 
  866.000  5.538790e+02  1.398384e+01 -2.130693e-15 
  867.000  5.898799e+02  1.485506e+01 -2.093861e-14 
  868.000  6.398082e+02  1.607227e+01 -2.646723e-14 
  869.000  6.308989e+02  1.580935e+01 -1.440400e-14 
  870.000  6.569897e+02  1.642166e+01  1.559615e-14 
  871.000  6.561276e+02  1.635979e+01  3.853467e-15 
  872.000  6.535605e+02  1.625654e+01  9.890758e-15 
  873.000  6.562439e+02  1.628158e+01  8.601320e-15 
  874.000  6.419235e+02  1.588625e+01  1.465090e-14 
  875.000  6.360826e+02  1.570271e+01 -1.796274e-14 
  876.000  6.414308e+02  1.579366e+01  8.699357e-15 
  877.000  6.542824e+02  1.606945e+01 -3.842575e-15 
  878.000  6.431272e+02  1.575063e+01  0.000000e+00 
  879.000  6.446702e+02  1.574940e+01 -1.253748e-14 
  880.000  6.410413e+02  1.561758e+01 -1.884515e-15 
  881.000  6.077741e+02  1.476819e+01  5.776375e-15 
  882.000  6.414039e+02  1.554461e+01  1.277896e-14 
  883.000  6.268226e+02  1.515723e+01  4.276613e-16 
  884.000  6.322017e+02  1.525147e+01 -4.291772e-15 
  885.000  6.388260e+02  1.536393e+01  6.367086e-15 
  886.000  6.179681e+02  1.481288e+01 -7.849712e-15 
  887.000  6.116976e+02  1.463765e+01 -3.118763e-15 
  888.000  6.300688e+02  1.504051e+01 -1.491455e-14 
  889.000  6.343643e+02  1.511040e+01 -3.088349e-15 
  890.000  6.323942e+02  1.501972e+01  2.006283e-15 
  891.000  6.288254e+02  1.488245e+01 -4.925710e-15 
  892.000  6.259322e+02  1.474928e+01  5.203144e-15 
  893.000  5.985027e+02  1.398360e+01 -1.293748e-15 
  894.000  6.163845e+02  1.432766e+01 -3.005103e-15 
  895.000  5.781849e+02  1.330984e+01 -3.205667e-15 
  896.000  5.902458e+02  1.348313e+01 -1.668867e-15 
  897.000  5.654240e+02  1.282663e+01  1.387919e-15 
  898.000  5.610989e+02  1.267550e+01  2.921315e-15 
  899.000  5.453219e+02  1.224089e+01 -1.028209e-15 
  900.000  5.339330e+02  1.196287e+01  9.092848e-17 
  901.000  5.186900e+02  1.158455e+01  1.563720e-15 
  902.000  5.097949e+02  1.136308e+01  6.244897e-16 
  903.000  5.625950e+02  1.260397e+01 -9.643788e-16 
  904.000  5.858129e+02  1.318428e+01  1.072450e-15 
  905.000  5.836955e+02  1.310327e+01  1.014184e-16 
  906.000  5.589476e+02  1.246351e+01 -4.933042e-15 
  907.000  5.514825e+02  1.219641e+01 -7.866938e-16 
  908.000  5.255787e+02  1.156340e+01 -7.544012e-16 
  909.000  5.171356e+02  1.135262e+01 -5.452052e-16 
  910.000  5.250137e+02  1.150403e+01 -2.731083e-16 
  911.000  5.308760e+02  1.162858e+01 -1.288338e-15 
  912.000  5.285162e+02  1.153999e+01  3.133655e-15 
  913.000  5.251498e+02  1.140128e+01 -3.851032e-16 
  914.000  5.295802e+02  1.149048e+01 -3.998856e-16 
  915.000  5.261998e+02  1.140848e+01  1.430146e-15 
  916.000  5.343016e+02  1.156379e+01 -1.625393e-15 
  917.000  5.291646e+02  1.143792e+01  2.489888e-15 
  918.000  5.306093e+02  1.145833e+01 -3.277725e-15 
  919.000  5.517133e+02  1.194861e+01  9.173205e-16 
  920.000  5.568664e+02  1.209464e+01  1.696304e-15 
  921.000  5.424641e+02  1.174205e+01 -3.087462e-15 
  922.000  5.374366e+02  1.160656e+01 -2.815662e-15 
  923.000  5.122354e+02  1.102229e+01 -5.071600e-15 
  924.000  5.271425e+02  1.128339e+01 -6.293703e-16 
  925.000  5.336763e+02  1.139468e+01 -1.041539e-15 
  926.000  5.145942e+02  1.096009e+01 -1.977030e-15 
  927.000  5.257820e+02  1.113754e+01  1.023275e-15 
  928.000  5.166004e+02  1.087373e+01 -6.595063e-16 
  929.000  4.913319e+02  1.026937e+01 -4.559424e-16 
  930.000  4.667006e+02  9.676414e+00  8.758495e-18 
  931.000  4.396414e+02  9.011464e+00  4.391683e-16 
  932.000  3.996327e+02  8.001767e+00 -3.218901e-17 
  933.000  3.725760e+02  7.303691e+00  1.082675e-17 
  934.000  3.393926e+02  6.523887e+00 -5.390141e-18 
  935.000  3.312746e+02  6.342638e+00  5.312338e-18 
  936.000  3.408574e+02  6.552510e+00  5.527158e-17 
  937.000  3.452826e+02  6.614340e+00  4.896376e-17 
  938.000  3.741623e+02  7.301031e+00 -4.507710e-17 
  939.000  4.572328e+02  9.260285e+00 -1.787417e-16 
  940.000  4.660211e+02  9.443934e+00 -2.510164e-16 
  941.000  4.459411e+02  9.001924e+00 -1.393990e-16 
  942.000  4.061355e+02  8.125372e+00  4.432644e-16 
  943.000  3.865041e+02  7.542655e+00 -2.100380e-17 
  944.000  3.730746e+02  7.250177e+00  3.953717e-17 
  945.000  3.916765e+02  7.671145e+00  8.144710e-20 
  946.000  3.977576e+02  7.779063e+00 -1.985584e-16 
  947.000  4.084133e+02  8.033389e+00 -9.431865e-17 
  948.000  4.184860e+02  8.246116e+00  8.844538e-17 
  949.000  4.187354e+02  8.232018e+00 -2.902780e-16 
  950.000  4.178988e+02  8.206702e+00 -2.183185e-16 
  951.000  4.321195e+02  8.523122e+00 -2.431350e-16 
  952.000  4.140656e+02  8.097020e+00 -5.485102e-16 
  953.000  4.253970e+02  8.346840e+00 -3.236123e-16 
  954.000  4.343008e+02  8.542050e+00 -2.141727e-16 
  955.000  3.956754e+02  7.743949e+00 -1.483155e-16 
  956.000  4.195175e+02  8.190974e+00 -3.149174e-16 
  957.000  4.518448e+02  8.885382e+00 -1.342232e-16 
  958.000  4.593955e+02  9.026530e+00 -1.596647e-16 
  959.000  4.557258e+02  8.929300e+00 -2.083046e-16 
  960.000  4.498218e+02  8.795037e+00  2.688140e-16 
  961.000  4.423108e+02  8.627360e+00  8.138947e-16 
  962.000  4.468940e+02  8.705331e+00  2.637421e-16 
  963.000  4.632804e+02  9.040267e+00  8.336676e-16 
  964.000  4.603993e+02  8.972133e+00 -1.865664e-16 
  965.000  4.643583e+02  9.029373e+00  8.618122e-16 
  966.000  4.518052e+02  8.770976e+00  2.046571e-16 
  967.000  4.773597e+02  9.277423e+00 -2.198393e-15 
  968.000  4.917345e+02  9.607655e+00  1.101105e-16 
  969.000  5.035086e+02  9.863501e+00 -1.683779e-15 
  970.000  5.053559e+02  9.882865e+00  5.340216e-15 
  971.000  5.006766e+02  9.770701e+00 -4.355452e-15 
  972.000  5.017547e+02  9.758547e+00 -8.398864e-16 
  973.000  4.914369e+02  9.511026e+00 -2.805795e-17 
  974.000  4.770026e+02  9.185597e+00 -5.042641e-16 
  975.000  4.749027e+02  9.111938e+00  1.430913e-15 
  976.000  4.862550e+02  9.330665e+00  4.246338e-16 
  977.000  4.828127e+02  9.284636e+00 -2.191157e-15 
  978.000  4.940037e+02  9.478002e+00 -1.154455e-15 
  979.000  4.819354e+02  9.239772e+00 -4.643720e-15 
  980.000  4.977038e+02  9.575268e+00 -1.809779e-15 
  981.000  5.031623e+02  9.674585e+00  2.094989e-15 
  982.000  5.000665e+02  9.583366e+00 -7.430915e-16 
  983.000  5.033253e+02  9.658209e+00 -3.343816e-16 
  984.000  5.046505e+02  9.700336e+00  2.111579e-17 
  985.000  5.070731e+02  9.749822e+00 -4.821337e-15 
  986.000  5.063206e+02  9.746399e+00 -9.772904e-16 
  987.000  5.135683e+02  9.880467e+00  3.302859e-15 
  988.000  5.075802e+02  9.749426e+00  5.913459e-15 
  989.000  5.013571e+02  9.613195e+00 -1.462218e-15 
  990.000  5.059921e+02  9.686652e+00  6.121254e-15 
  991.000  5.112732e+02  9.779110e+00 -2.359873e-15 
  992.000  5.069250e+02  9.680979e+00  3.308346e-15 
  993.000  5.070599e+02  9.666286e+00  2.337819e-15 
  994.000  5.107358e+02  9.729342e+00 -1.152015e-16 
  995.000  5.077293e+02  9.661455e+00  1.592508e-15 
  996.000  5.076400e+02  9.641164e+00 -6.597350e-15 
  997.000  5.077633e+02  9.620149e+00 -1.144484e-16 
  998.000  5.053902e+02  9.551208e+00 -1.702390e-15 
  999.000  5.039442e+02  9.503567e+00 -4.867060e-15 
 1000.000  5.001128e+02  9.415156e+00  1.684591e-15 
 1001.000  5.017964e+02  9.416593e+00 -1.694473e-15 
 1002.000  4.995208e+02  9.340333e+00  1.662102e-15 
 1003.000  4.941120e+02  9.225842e+00  8.388382e-15 
 1004.000  4.908972e+02  9.156689e+00 -2.222040e-16 
 1005.000  4.589015e+02  8.548150e+00  3.664668e-15 
 1006.000  4.831386e+02  8.984200e+00  8.150473e-16 
 1007.000  4.916898e+02  9.122730e+00  4.038847e-15 
 1008.000  4.925215e+02  9.108593e+00 -5.678927e-16 
 1009.000  4.877773e+02  8.986100e+00  2.144531e-15 
 1010.000  4.904113e+02  9.025667e+00 -4.501537e-15 
 1011.000  4.896360e+02  9.013949e+00  2.737162e-15 
 1012.000  4.904410e+02  9.017922e+00  3.914531e-15 
 1013.000  4.874391e+02  8.952490e+00 -5.417053e-15 
 1014.000  4.908188e+02  9.000529e+00 -1.652386e-15 
 1015.000  4.818075e+02  8.819380e+00  1.086427e-16 
 1016.000  4.851075e+02  8.865924e+00  2.448007e-15 
 1017.000  4.804768e+02  8.766761e+00  3.714735e-15 
 1018.000  4.864958e+02  8.856871e+00 -7.038261e-15 
 1019.000  4.748449e+02  8.621655e+00 -2.186360e-15 
 1020.000  4.740485e+02  8.593890e+00  1.382954e-15 
 1021.000  4.791653e+02  8.675945e+00  1.504206e-15 
 1022.000  4.713395e+02  8.509984e+00  7.944960e-16 
 1023.000  4.798934e+02  8.641544e+00  8.101773e-16 
 1024.000  4.771929e+02  8.574876e+00  1.561281e-15 
 1025.000  4.779023e+02  8.582916e+00 -9.131121e-16 
 1026.000  4.788874e+02  8.590759e+00  1.079593e-16 
 1027.000  4.758330e+02  8.517950e+00 -1.073316e-16 
 1028.000  4.771064e+02  8.527195e+00  3.104103e-15 
 1029.000  4.701908e+02  8.393785e+00 -6.844065e-16 
 1030.000  4.752420e+02  8.473642e+00 -2.072869e-15 
 1031.000  4.738886e+02  8.436730e+00 -3.869052e-15 
 1032.000  4.723485e+02  8.396005e+00  4.646978e-15 
 1033.000  4.636926e+02  8.227751e+00  2.228589e-15 
 1034.000  4.686728e+02  8.302463e+00  8.796963e-15 
 1035.000  4.637045e+02  8.200182e+00 -1.041422e-16 
 1036.000  4.696735e+02  8.290217e+00 -8.930382e-16 
 1037.000  4.597505e+02  8.100398e+00  7.709743e-16 
 1038.000  4.643041e+02  8.166328e+00  8.828434e-16 
 1039.000  4.661906e+02  8.184006e+00  3.385570e-15 
 1040.000  4.606524e+02  8.071565e+00 -2.214703e-15 
 1041.000  4.630669e+02  8.098731e+00 -4.646635e-16 
 1042.000  4.644182e+02  8.107640e+00  7.479296e-15 
 1043.000  4.563852e+02  7.953098e+00  1.326422e-15 
 1044.000  4.608786e+02  8.016506e+00  1.546999e-15 
 1045.000  4.588747e+02  7.965878e+00  5.957418e-15 
 1046.000  4.454859e+02  7.718675e+00 -2.892746e-15 
 1047.000  4.536118e+02  7.844168e+00  4.062732e-15 
 1048.000  4.580174e+02  7.904415e+00 -5.851798e-15 
 1049.000  4.549216e+02  7.835079e+00 -7.908558e-15 
 1050.000  4.521406e+02  7.771751e+00  2.181894e-15 
 1051.000  4.521316e+02  7.755608e+00 -3.706598e-15 
 1052.000  4.499389e+02  7.702653e+00  7.584448e-16 
 1053.000  4.500477e+02  7.690156e+00  1.416015e-15 
 1054.000  4.453317e+02  7.593616e+00 -1.402198e-15 
 1055.000  4.485104e+02  7.631851e+00 -2.826497e-15 
 1056.000  4.472010e+02  7.593849e+00  7.557160e-16 
 1057.000  4.463190e+02  7.561081e+00  6.540645e-16 
 1058.000  4.414598e+02  7.457545e+00 -1.003188e-16 
 1059.000  4.274892e+02  7.208842e+00  1.981344e-15 
 1060.000  4.428262e+02  7.457671e+00  7.004108e-16 
 1061.000  4.272429e+02  7.181589e+00 -6.760609e-16 
 1062.000  4.389745e+02  7.361086e+00  1.441380e-15 
 1063.000  4.313843e+02  7.219215e+00  6.351802e-16 
 1064.000  4.368319e+02  7.293553e+00  1.982211e-15 
 1065.000  4.361515e+02  7.265270e+00 -1.387505e-15 
 1066.000  4.227611e+02  7.030702e+00  1.081004e-15 
 1067.000  4.327515e+02  7.182382e+00  1.057943e-15 
 1068.000  4.307758e+02  7.129281e+00 -1.104889e-15 
 1069.000  3.984815e+02  6.583096e+00  1.801231e-15 
 1070.000  4.223904e+02  6.968966e+00  8.708447e-16 
 1071.000  4.231042e+02  6.965381e+00  1.335764e-15 
 1072.000  4.243305e+02  6.969949e+00 -4.038135e-16 
 1073.000  4.104642e+02  6.731129e+00  2.971874e-16 
 1074.000  4.250582e+02  6.960751e+00 -2.686457e-16 
 1075.000  4.123932e+02  6.750356e+00 -2.476857e-16 
 1076.000  4.213004e+02  6.881129e+00  1.303726e-15 
 1077.000  4.201730e+02  6.846313e+00 -8.280050e-16 
 1078.000  4.211186e+02  6.844403e+00 -9.121749e-17 
 1079.000  4.048479e+02  6.569139e+00  4.939732e-16 
 1080.000  4.158106e+02  6.719430e+00  5.737183e-16 
 1081.000  4.005844e+02  6.462551e+00  1.251744e-15 
 1082.000  4.062720e+02  6.551393e+00  6.028492e-16 
 1083.000  3.948225e+02  6.348643e+00 -7.243601e-17 
 1084.000  4.092715e+02  6.561715e+00 -5.143609e-16 
 1085.000  4.022579e+02  6.419467e+00 -1.362480e-15 
 1086.000  4.079911e+02  6.505437e+00  6.944547e-16 
 1087.000  3.848256e+02  6.147906e+00  7.139895e-16 
 1088.000  4.083416e+02  6.514412e+00 -1.601039e-15 
 1089.000  3.905165e+02  6.194318e+00 -6.610810e-16 
 1090.000  3.986176e+02  6.308427e+00 -4.133483e-16 
 1091.000  4.017208e+02  6.352345e+00 -2.832276e-15 
 1092.000  3.912870e+02  6.166221e+00  4.499446e-17 
 1093.000  3.837727e+02  6.015648e+00 -6.262179e-16 
 1094.000  3.481742e+02  5.441195e+00  1.726413e-15 
 1095.000  3.771039e+02  5.885406e+00  3.641671e-17 
 1096.000  3.757966e+02  5.856896e+00  4.372832e-16 
 1097.000  3.702470e+02  5.757609e+00  8.528629e-16 
 1098.000  3.572462e+02  5.511323e+00  3.222921e-16 
 1099.000  3.497025e+02  5.366545e+00  1.588430e-16 
 1100.000  3.562791e+02  5.460049e+00 -4.664844e-16 
