  400.000  4.045676e+02  3.326299e+02  2.995258e-14 
  401.000  4.035042e+02  3.286031e+02 -1.119149e-14 
  402.000  4.290761e+02  3.461348e+02 -7.143455e-15 
  403.000  4.031989e+02  3.222187e+02 -8.730808e-15 
  404.000  4.346869e+02  3.441601e+02  7.693415e-15 
  405.000  3.998980e+02  3.137003e+02  3.842152e-14 
  406.000  3.981171e+02  3.094515e+02  4.918561e-14 
  407.000  3.889301e+02  2.995724e+02  3.618035e-15 
  408.000  4.226138e+02  3.225917e+02  1.046769e-15 
  409.000  4.691620e+02  3.549285e+02  0.000000e+00 
  410.000  3.933756e+02  2.949601e+02  2.106767e-14 
  411.000  4.632471e+02  3.442983e+02  1.568850e-14 
  412.000  4.813318e+02  3.546177e+02  3.298838e-14 
  413.000  4.559305e+02  3.329973e+02  5.394757e-14 
  414.000  4.486624e+02  3.248666e+02 -3.732382e-14 
  415.000  4.797741e+02  3.444357e+02 -2.278942e-15 
  416.000  4.780837e+02  3.403179e+02  3.257524e-14 
  417.000  4.647151e+02  3.280223e+02  8.576230e-14 
  418.000  4.557365e+02  3.190016e+02 -5.346441e-14 
  419.000  4.680599e+02  3.249137e+02  2.216123e-14 
  420.000  3.971363e+02  2.734138e+02  6.569840e-14 
  421.000  4.987600e+02  3.405777e+02  9.695551e-15 
  422.000  4.790428e+02  3.244677e+02  7.730315e-14 
  423.000  4.055234e+02  2.724665e+02 -4.538008e-14 
  424.000  4.470797e+02  2.979939e+02 -1.559096e-14 
  425.000  4.640831e+02  3.068755e+02 -2.180340e-14 
  426.000  4.471089e+02  2.933245e+02  0.000000e+00 
  427.000  4.310179e+02  2.805589e+02 -6.157877e-14 
  428.000  4.373922e+02  2.824995e+02 -2.121164e-14 
  429.000  3.987800e+02  2.555773e+02  2.448808e-14 
  430.000  3.188926e+02  2.028138e+02  0.000000e+00 
  431.000  2.873125e+02  1.813414e+02 -2.684002e-14 
  432.000  5.182349e+02  3.246243e+02  2.352939e-14 
  433.000  4.622460e+02  2.873841e+02 -1.392661e-14 
  434.000  4.402332e+02  2.716634e+02  7.075176e-15 
  435.000  4.799206e+02  2.939673e+02 -5.117412e-14 
  436.000  5.332116e+02  3.242138e+02 -7.923390e-15 
  437.000  5.394082e+02  3.255914e+02  2.393986e-14 
  438.000  4.841296e+02  2.901089e+02 -3.616615e-14 
  439.000  4.693758e+02  2.792461e+02  5.655109e-14 
  440.000  5.270677e+02  3.113266e+02 -8.249311e-15 
  441.000  5.263374e+02  3.086858e+02  8.203290e-15 
  442.000  5.553586e+02  3.234040e+02  3.274725e-14 
  443.000  5.600879e+02  3.238653e+02  2.365408e-14 
  444.000  5.574484e+02  3.200852e+02  2.459855e-14 
  445.000  5.874073e+02  3.349393e+02  6.034755e-16 
  446.000  5.237840e+02  2.965882e+02  0.000000e+00 
  447.000  5.984370e+02  3.365453e+02  9.717154e-15 
  448.000  6.095046e+02  3.404799e+02  8.741436e-14 
  449.000  6.147670e+02  3.411521e+02 -1.544587e-14 
  450.000  6.292903e+02  3.469150e+02  3.529010e-14 
  451.000  6.812662e+02  3.731027e+02  1.019578e-14 
  452.000  6.343947e+02  3.451579e+02  9.013900e-14 
  453.000  5.898708e+02  3.188406e+02 -1.575981e-14 
  454.000  6.299217e+02  3.382789e+02  9.319979e-15 
  455.000  6.353492e+02  3.389904e+02 -4.557811e-14 
  456.000  6.517681e+02  3.455123e+02  8.934711e-15 
  457.000  6.564460e+02  3.457710e+02 -2.819317e-14 
  458.000  6.459005e+02  3.380576e+02 -6.282776e-14 
  459.000  6.468057e+02  3.363930e+02  5.267144e-14 
  460.000  6.421452e+02  3.318741e+02  7.439705e-15 
  461.000  6.664224e+02  3.422742e+02  2.760527e-14 
  462.000  6.565349e+02  3.351043e+02  2.647659e-14 
  463.000  6.576558e+02  3.336060e+02  1.007856e-14 
  464.000  6.607961e+02  3.331562e+02  0.000000e+00 
  465.000  6.520907e+02  3.267730e+02 -6.228559e-16 
  466.000  6.736993e+02  3.355623e+02 -1.786231e-14 
  467.000  6.508167e+02  3.222128e+02  7.125453e-14 
  468.000  6.898424e+02  3.394736e+02 -2.725981e-14 
  469.000  6.845798e+02  3.348440e+02 -1.927804e-14 
  470.000  6.758760e+02  3.285779e+02  1.707846e-14 
  471.000  6.753243e+02  3.263045e+02 -3.532107e-14 
  472.000  6.841974e+02  3.285672e+02  4.592560e-14 
  473.000  6.772887e+02  3.232467e+02  1.764947e-14 
  474.000  6.832218e+02  3.240620e+02 -3.683689e-14 
  475.000  7.111609e+02  3.351592e+02 -2.840838e-14 
  476.000  6.894410e+02  3.227815e+02  1.025478e-14 
  477.000  6.833652e+02  3.179101e+02  1.840740e-14 
  478.000  7.180070e+02  3.322530e+02  2.858040e-14 
  479.000  6.865135e+02  3.161663e+02  2.783027e-14 
  480.000  7.012132e+02  3.214475e+02 -8.995779e-15 
  481.000  6.979969e+02  3.184483e+02  6.399241e-16 
  482.000  7.135864e+02  3.239595e+02  4.667010e-14 
  483.000  7.152207e+02  3.230604e+02 -8.409954e-15 
  484.000  6.884824e+02  3.093724e+02  4.409237e-14 
  485.000  6.942751e+02  3.103393e+02 -3.622043e-14 
  486.000  5.634975e+02  2.505580e+02 -2.172948e-14 
  487.000  6.340029e+02  2.804272e+02 -3.231058e-14 
  488.000  6.890939e+02  3.031956e+02  7.982404e-15 
  489.000  6.412162e+02  2.806555e+02  1.447800e-13 
  490.000  7.307195e+02  3.181677e+02  6.542976e-14 
  491.000  6.844317e+02  2.964663e+02  5.388100e-14 
  492.000  6.583396e+02  2.836890e+02 -1.684717e-14 
  493.000  7.097024e+02  3.042500e+02 -4.498721e-14 
  494.000  6.862451e+02  2.926871e+02 -8.559692e-14 
  495.000  7.342719e+02  3.115779e+02  5.534872e-14 
  496.000  7.157383e+02  3.021705e+02  3.632893e-14 
  497.000  6.948961e+02  2.918916e+02  1.760717e-14 
  498.000  6.790549e+02  2.838075e+02 -6.871356e-14 
  499.000  6.779814e+02  2.819433e+02  1.712478e-14 
  500.000  6.755559e+02  2.795395e+02 -4.288884e-14 
  501.000  6.609471e+02  2.721411e+02  0.000000e+00 
  502.000  6.571477e+02  2.692468e+02  7.293161e-14 
  503.000  6.968820e+02  2.841318e+02  6.064213e-16 
  504.000  6.488912e+02  2.632782e+02  4.768581e-14 
  505.000  7.004337e+02  2.828141e+02 -4.172180e-14 
  506.000  7.504799e+02  3.015758e+02  1.875176e-14 
  507.000  6.988601e+02  2.795015e+02  1.742320e-14 
  508.000  6.707820e+02  2.670086e+02 -2.589656e-14 
  509.000  7.239352e+02  2.868163e+02 -6.133433e-14 
  510.000  7.020264e+02  2.768380e+02 -7.789989e-15 
  511.000  7.027832e+02  2.758479e+02  3.474278e-14 
  512.000  7.381772e+02  2.884004e+02 -2.700002e-14 
  513.000  6.761151e+02  2.629387e+02 -5.797501e-14 
  514.000  6.624255e+02  2.564365e+02  2.187865e-14 
  515.000  6.767729e+02  2.607988e+02 -8.927970e-14 
  516.000  7.113749e+02  2.728881e+02  1.027044e-13 
  517.000  5.243461e+02  2.002304e+02 -5.040088e-14 
  518.000  6.495676e+02  2.469288e+02 -3.828499e-14 
  519.000  6.157776e+02  2.330329e+02  1.553950e-14 
  520.000  6.783620e+02  2.555714e+02 -3.987877e-14 
  521.000  6.791321e+02  2.547224e+02 -4.899546e-14 
  522.000  7.064645e+02  2.637948e+02 -3.314815e-14 
  523.000  6.584448e+02  2.447672e+02  8.824418e-15 
  524.000  7.147455e+02  2.645189e+02 -3.467409e-14 
  525.000  7.093715e+02  2.613680e+02 -8.893568e-15 
  526.000  6.763801e+02  2.481242e+02  1.580799e-14 
  527.000  5.911284e+02  2.159028e+02 -2.909654e-14 
  528.000  7.102663e+02  2.582876e+02  9.478050e-15 
  529.000  7.307587e+02  2.645896e+02 -9.133112e-15 
  530.000  6.908137e+02  2.490516e+02 -2.299392e-14 
  531.000  7.522882e+02  2.700565e+02  9.389116e-15 
  532.000  7.180232e+02  2.566687e+02 -1.610876e-14 
  533.000  6.310160e+02  2.246314e+02 -8.384671e-15 
  534.000  6.866208e+02  2.434357e+02  1.650195e-14 
  535.000  7.010206e+02  2.475511e+02  4.870633e-14 
  536.000  7.443456e+02  2.618064e+02 -5.100969e-14 
  537.000  6.910113e+02  2.420800e+02 -4.899615e-14 
  538.000  7.237847e+02  2.525493e+02 -2.681944e-14 
  539.000  7.218253e+02  2.508613e+02 -6.517437e-15 
  540.000  7.068141e+02  2.446663e+02  0.000000e+00 
  541.000  6.485149e+02  2.235954e+02 -2.286318e-14 
  542.000  7.238392e+02  2.485789e+02 -8.296703e-15 
  543.000  6.927825e+02  2.369760e+02  9.638924e-15 
  544.000  7.311281e+02  2.491090e+02 -1.672060e-14 
  545.000  7.206461e+02  2.445752e+02  3.292834e-14 
  546.000  7.050171e+02  2.383371e+02  0.000000e+00 
  547.000  7.353873e+02  2.476399e+02  7.781787e-15 
  548.000  6.827117e+02  2.290134e+02 -1.555109e-14 
  549.000  7.189115e+02  2.402297e+02  1.635972e-14 
  550.000  7.035972e+02  2.342113e+02 -9.147534e-15 
  551.000  6.997426e+02  2.320361e+02  1.818244e-14 
  552.000  7.304869e+02  2.413088e+02  4.975959e-14 
  553.000  7.024184e+02  2.311553e+02  1.201142e-13 
  554.000  7.259341e+02  2.379900e+02 -7.644413e-14 
  555.000  7.285460e+02  2.379466e+02  2.476715e-14 
  556.000  7.090125e+02  2.306976e+02 -8.029932e-15 
  557.000  6.884817e+02  2.231767e+02 -3.896985e-14 
  558.000  7.151564e+02  2.309565e+02  1.618514e-14 
  559.000  6.764609e+02  2.176450e+02 -2.240608e-14 
  560.000  6.798875e+02  2.179302e+02  0.000000e+00 
  561.000  7.476946e+02  2.387685e+02  5.072097e-14 
  562.000  6.863335e+02  2.182971e+02 -1.497223e-14 
  563.000  7.184266e+02  2.276447e+02  1.508845e-14 
  564.000  7.085707e+02  2.236640e+02 -7.442465e-15 
  565.000  7.169682e+02  2.254146e+02  3.247920e-14 
  566.000  6.614068e+02  2.071758e+02  3.745513e-14 
  567.000  7.085741e+02  2.209503e+02 -9.780209e-15 
  568.000  7.015872e+02  2.172244e+02 -5.064847e-14 
  569.000  6.754218e+02  2.073142e+02  7.147686e-15 
  570.000  6.816183e+02  2.086096e+02  2.163078e-14 
  571.000  6.670830e+02  2.041989e+02  8.222020e-15 
  572.000  6.967447e+02  2.117425e+02  2.774910e-15 
  573.000  7.072783e+02  2.143946e+02 -6.680102e-15 
  574.000  7.047365e+02  2.129372e+02 -4.568308e-15 
  575.000  6.874742e+02  2.069333e+02  3.021339e-14 
  576.000  6.754429e+02  2.025878e+02  4.859387e-15 
  577.000  7.066922e+02  2.113855e+02  2.447385e-14 
  578.000  6.900481e+02  2.061165e+02  3.104528e-14 
  579.000  6.876951e+02  2.050032e+02  5.592203e-14 
  580.000  7.135510e+02  2.121859e+02  1.616748e-14 
  581.000  7.040579e+02  2.090085e+02  4.072466e-14 
  582.000  7.167022e+02  2.122330e+02 -9.174465e-15 
  583.000  7.226871e+02  2.133339e+02  3.170095e-14 
  584.000  7.213187e+02  2.122585e+02  5.683772e-14 
  585.000  7.172243e+02  2.103546e+02  4.218658e-14 
  586.000  6.870625e+02  2.008478e+02 -3.925367e-14 
  587.000  7.099949e+02  2.064657e+02 -9.489398e-15 
  588.000  6.845803e+02  1.971102e+02  3.023807e-14 
  589.000  5.823157e+02  1.660297e+02 -2.142773e-15 
  590.000  6.067375e+02  1.723717e+02 -9.894637e-16 
  591.000  6.636743e+02  1.887381e+02  8.612282e-15 
  592.000  6.416814e+02  1.815145e+02 -2.310496e-14 
  593.000  6.699641e+02  1.898674e+02  9.063849e-15 
  594.000  6.717661e+02  1.895415e+02  4.318790e-15 
  595.000  6.446323e+02  1.807039e+02  4.564583e-15 
  596.000  6.826431e+02  1.917468e+02 -1.266929e-14 
  597.000  6.806411e+02  1.903760e+02  5.498531e-15 
  598.000  6.760562e+02  1.889867e+02  1.670833e-14 
  599.000  6.804859e+02  1.898836e+02  2.160186e-16 
  600.000  6.892214e+02  1.923361e+02  8.738631e-16 
  601.000  6.913293e+02  1.927689e+02 -7.599420e-15 
  602.000  6.861183e+02  1.909563e+02 -6.974238e-15 
  603.000  6.926771e+02  1.924107e+02 -1.456066e-14 
  604.000  7.168019e+02  1.986821e+02  8.338869e-15 
  605.000  7.164421e+02  1.980691e+02 -8.867175e-15 
  606.000  7.090718e+02  1.954707e+02  8.759191e-15 
  607.000  7.059919e+02  1.940635e+02  4.676578e-14 
  608.000  7.042000e+02  1.930063e+02 -4.602618e-14 
  609.000  6.977253e+02  1.906723e+02  1.076798e-15 
  610.000  6.872772e+02  1.872684e+02 -6.058880e-14 
  611.000  6.991667e+02  1.899518e+02 -2.300819e-14 
  612.000  6.907767e+02  1.871251e+02 -6.857792e-15 
  613.000  6.813676e+02  1.840378e+02  3.690346e-14 
  614.000  6.574063e+02  1.770479e+02  2.803892e-14 
  615.000  6.895598e+02  1.851679e+02  2.883893e-14 
  616.000  6.562474e+02  1.757103e+02 -4.983926e-14 
  617.000  6.605325e+02  1.763419e+02 -7.516379e-15 
  618.000  6.922297e+02  1.842625e+02  2.254995e-14 
  619.000  6.863564e+02  1.821596e+02  6.749565e-15 
  620.000  6.969407e+02  1.844213e+02 -4.532291e-14 
  621.000  7.093191e+02  1.871370e+02  6.964089e-15 
  622.000  6.722025e+02  1.768120e+02  3.552989e-14 
  623.000  6.776639e+02  1.777047e+02 -2.199797e-14 
  624.000  6.786137e+02  1.774147e+02  7.168641e-15 
  625.000  6.603922e+02  1.721263e+02 -5.032166e-14 
  626.000  6.629921e+02  1.721892e+02 -7.012800e-15 
  627.000  6.681204e+02  1.724409e+02 -1.067513e-14 
  628.000  6.476398e+02  1.656928e+02  1.518289e-14 
  629.000  6.689360e+02  1.710522e+02 -7.828821e-15 
  630.000  6.529081e+02  1.668898e+02 -1.817932e-14 
  631.000  6.797231e+02  1.734887e+02 -9.360955e-15 
  632.000  6.280540e+02  1.594849e+02  1.154653e-14 
  633.000  6.818839e+02  1.732462e+02 -1.596798e-14 
  634.000  6.640532e+02  1.684072e+02 -1.449944e-14 
  635.000  6.766584e+02  1.711299e+02 -3.712064e-14 
  636.000  6.546544e+02  1.652486e+02  2.839955e-14 
  637.000  6.777126e+02  1.706927e+02 -6.054830e-15 
  638.000  6.922029e+02  1.742126e+02  3.579934e-14 
  639.000  6.872192e+02  1.725116e+02 -2.179086e-14 
  640.000  6.678852e+02  1.673795e+02  6.858497e-15 
  641.000  6.780895e+02  1.694851e+02 -7.450687e-15 
  642.000  6.716412e+02  1.675475e+02 -7.692675e-14 
  643.000  6.815466e+02  1.693368e+02 -1.447000e-14 
  644.000  6.742192e+02  1.670754e+02 -7.890962e-15 
  645.000  6.770986e+02  1.671112e+02 -1.651457e-14 
  646.000  6.373924e+02  1.560436e+02  1.136143e-14 
  647.000  6.364573e+02  1.549869e+02 -1.027311e-14 
  648.000  6.246385e+02  1.513443e+02  1.382929e-14 
  649.000  6.470192e+02  1.566969e+02 -4.444514e-15 
  650.000  6.173920e+02  1.499363e+02 -5.066140e-14 
  651.000  6.653741e+02  1.611754e+02  7.434221e-15 
  652.000  6.365743e+02  1.530941e+02 -2.566660e-14 
  653.000  6.688962e+02  1.613506e+02  2.605892e-14 
  654.000  6.584241e+02  1.583084e+02  1.307471e-14 
  655.000  6.346498e+02  1.518801e+02 -4.324893e-15 
  656.000  5.410957e+02  1.292602e+02  1.743039e-14 
  657.000  5.811592e+02  1.386521e+02 -4.153474e-15 
  658.000  6.540881e+02  1.560296e+02  2.042694e-14 
  659.000  6.597551e+02  1.572356e+02 -9.382769e-15 
  660.000  6.669308e+02  1.586658e+02 -1.222045e-14 
  661.000  6.750035e+02  1.605233e+02 -2.066416e-14 
  662.000  6.872226e+02  1.632161e+02 -2.823259e-14 
  663.000  6.794861e+02  1.609331e+02  4.139152e-14 
  664.000  6.698579e+02  1.583313e+02  1.372578e-14 
  665.000  6.737557e+02  1.589144e+02  2.707512e-14 
  666.000  6.831069e+02  1.608015e+02  5.523958e-14 
  667.000  6.705117e+02  1.575033e+02 -4.751889e-14 
  668.000  6.755244e+02  1.583670e+02  2.837115e-14 
  669.000  6.860248e+02  1.604736e+02 -1.964499e-14 
  670.000  6.784611e+02  1.583425e+02 -3.975197e-14 
  671.000  6.719750e+02  1.564779e+02  6.081331e-15 
  672.000  6.703656e+02  1.557446e+02  2.892154e-14 
  673.000  6.757327e+02  1.566307e+02 -1.408606e-14 
  674.000  6.776021e+02  1.567036e+02 -2.116072e-14 
  675.000  6.678024e+02  1.540848e+02 -5.275138e-14 
  676.000  6.809376e+02  1.567560e+02 -1.319440e-14 
  677.000  6.679037e+02  1.534051e+02  1.199908e-14 
  678.000  6.794718e+02  1.557079e+02  2.532921e-14 
  679.000  6.702233e+02  1.532280e+02 -3.283157e-14 
  680.000  6.648156e+02  1.515854e+02 -3.258066e-14 
  681.000  6.652327e+02  1.512683e+02  1.332590e-14 
  682.000  6.639604e+02  1.506135e+02 -7.799097e-15 
  683.000  6.683632e+02  1.512270e+02 -7.387213e-15 
  684.000  6.553674e+02  1.478348e+02 -4.556447e-16 
  685.000  6.640439e+02  1.495282e+02  1.877695e-14 
  686.000  6.332217e+02  1.420841e+02  6.152450e-15 
  687.000  5.361445e+02  1.182295e+02  4.338802e-15 
  688.000  5.680601e+02  1.253883e+02 -6.253991e-16 
  689.000  5.597295e+02  1.231427e+02  2.651132e-15 
  690.000  5.792282e+02  1.273641e+02 -1.935165e-14 
  691.000  6.001028e+02  1.319137e+02  2.566602e-15 
  692.000  6.020536e+02  1.320551e+02  5.852469e-15 
  693.000  5.805132e+02  1.264760e+02  1.209625e-14 
  694.000  5.614931e+02  1.216280e+02  1.112440e-15 
  695.000  5.657034e+02  1.224816e+02 -3.196609e-15 
  696.000  5.812189e+02  1.257200e+02 -9.033739e-15 
  697.000  6.253578e+02  1.359983e+02  3.001565e-16 
  698.000  6.045408e+02  1.309004e+02 -1.216407e-14 
  699.000  5.767205e+02  1.238670e+02 -1.670024e-14 
  700.000  5.760964e+02  1.235507e+02 -1.228748e-14 
  701.000  5.548856e+02  1.186211e+02 -2.286401e-15 
  702.000  5.582197e+02  1.191751e+02  1.022527e-16 
  703.000  5.978747e+02  1.279806e+02 -6.156893e-16 
  704.000  6.010726e+02  1.284310e+02  1.702813e-15 
  705.000  5.924163e+02  1.260370e+02 -1.267793e-14 
  706.000  5.887946e+02  1.250568e+02  7.260773e-15 
  707.000  5.846556e+02  1.240147e+02  5.448533e-15 
  708.000  6.069246e+02  1.285878e+02  1.382454e-14 
  709.000  5.957315e+02  1.262223e+02  1.358442e-17 
  710.000  5.982988e+02  1.262160e+02 -6.600591e-15 
  711.000  6.036497e+02  1.273672e+02  8.835878e-15 
  712.000  6.048895e+02  1.276638e+02  2.747724e-15 
  713.000  5.945387e+02  1.249617e+02  1.811624e-15 
  714.000  6.018183e+02  1.261354e+02  1.114627e-15 
  715.000  5.681275e+02  1.185048e+02  2.165711e-14 
  716.000  5.691166e+02  1.181468e+02  1.779282e-15 
  717.000  4.757734e+02  9.706255e+01  7.731288e-15 
  718.000  4.280965e+02  8.585818e+01  1.575288e-15 
  719.000  4.074829e+02  8.116479e+01  3.046632e-15 
  720.000  3.885248e+02  7.683892e+01 -1.662121e-15 
  721.000  4.909532e+02  9.983889e+01 -4.119597e-15 
  722.000  5.387715e+02  1.100858e+02 -1.395125e-16 
  723.000  5.143436e+02  1.045498e+02 -6.681805e-16 
  724.000  4.542882e+02  9.060860e+01  6.831065e-16 
  725.000  4.578819e+02  9.138721e+01  3.518733e-15 
  726.000  4.543696e+02  9.042943e+01 -1.327365e-15 
  727.000  4.699073e+02  9.360457e+01  2.049687e-15 
  728.000  4.527252e+02  8.974010e+01  2.246463e-15 
  729.000  4.573071e+02  9.115548e+01  1.018900e-16 
  730.000  4.705047e+02  9.351190e+01 -4.926942e-15 
  731.000  4.583359e+02  9.080159e+01  1.419180e-15 
  732.000  5.075457e+02  1.014308e+02  3.002566e-15 
  733.000  5.402539e+02  1.084260e+02  1.042055e-14 
  734.000  5.720844e+02  1.149694e+02  1.403414e-14 
  735.000  5.605704e+02  1.123293e+02 -1.236773e-14 
  736.000  5.373983e+02  1.072981e+02  2.855318e-15 
  737.000  5.544540e+02  1.106457e+02 -9.133891e-16 
  738.000  5.667083e+02  1.131243e+02 -1.363100e-14 
  739.000  5.542426e+02  1.105559e+02  4.902906e-15 
  740.000  5.725889e+02  1.143508e+02  7.643633e-15 
  741.000  5.756620e+02  1.149988e+02 -8.528857e-15 
  742.000  5.694134e+02  1.136513e+02  2.582208e-16 
  743.000  5.933197e+02  1.184883e+02 -1.521867e-14 
  744.000  6.021180e+02  1.201298e+02  1.756801e-14 
  745.000  5.889470e+02  1.174018e+02 -2.721048e-14 
  746.000  5.991396e+02  1.193035e+02  2.877330e-14 
  747.000  6.089719e+02  1.210470e+02  0.000000e+00 
  748.000  5.993797e+02  1.189926e+02  1.688832e-14 
  749.000  6.003252e+02  1.189880e+02  1.767891e-14 
  750.000  5.910428e+02  1.168913e+02  1.586430e-14 
  751.000  5.898220e+02  1.164365e+02  1.080668e-14 
  752.000  6.003289e+02  1.183568e+02  3.878592e-14 
  753.000  5.952925e+02  1.171691e+02  1.008399e-14 
  754.000  6.051071e+02  1.188955e+02 -7.921129e-16 
  755.000  6.019354e+02  1.180583e+02 -1.763382e-14 
  756.000  5.904631e+02  1.156003e+02  1.152463e-14 
  757.000  5.950302e+02  1.162829e+02  1.663466e-14 
  758.000  5.933414e+02  1.156945e+02 -3.827673e-14 
  759.000  5.244485e+02  1.009453e+02  1.531727e-14 
  760.000  1.601915e+02  2.872854e+01  1.634039e-15 
  761.000  1.338438e+02  2.369377e+01  1.786798e-16 
  762.000  3.117015e+02  5.756107e+01  1.310482e-15 
  763.000  2.571058e+02  4.699261e+01 -6.988018e-25 
  764.000  2.887464e+02  5.290206e+01 -1.167110e-15 
  765.000  3.642676e+02  6.739967e+01  1.837387e-16 
  766.000  4.370330e+02  8.254692e+01  7.220605e-15 
  767.000  4.909660e+02  9.301443e+01 -3.186377e-15 
  768.000  5.430199e+02  1.031333e+02  8.749886e-15 
  769.000  5.625914e+02  1.071227e+02 -2.074816e-15 
  770.000  5.703433e+02  1.086839e+02  6.753449e-15 
  771.000  5.760687e+02  1.097415e+02 -4.733746e-14 
  772.000  5.752025e+02  1.094271e+02 -1.670545e-14 
  773.000  5.735224e+02  1.089340e+02 -1.108909e-14 
  774.000  5.803075e+02  1.100477e+02 -4.850885e-15 
  775.000  5.589937e+02  1.058341e+02  1.005708e-14 
  776.000  5.824619e+02  1.100979e+02  1.046957e-14 
  777.000  5.785782e+02  1.091715e+02  5.571565e-15 
  778.000  5.754965e+02  1.083921e+02 -9.598976e-15 
  779.000  5.773966e+02  1.085528e+02  0.000000e+00 
  780.000  5.703423e+02  1.070370e+02  5.491974e-15 
  781.000  5.700466e+02  1.068230e+02  2.594080e-14 
  782.000  5.769273e+02  1.079169e+02  1.109689e-14 
  783.000  5.635301e+02  1.052258e+02  3.967105e-15 
  784.000  5.663600e+02  1.055468e+02 -1.562143e-14 
  785.000  5.655539e+02  1.050863e+02  9.472261e-15 
  786.000  5.522770e+02  1.022823e+02 -1.887171e-15 
  787.000  5.521826e+02  1.017507e+02 -6.939913e-16 
  788.000  5.396417e+02  9.911724e+01 -6.765275e-15 
  789.000  5.275161e+02  9.631300e+01  1.174031e-14 
  790.000  5.209017e+02  9.491403e+01  0.000000e+00 
  791.000  5.211332e+02  9.485874e+01  2.791555e-15 
  792.000  5.155941e+02  9.375668e+01 -2.222838e-15 
  793.000  5.212908e+02  9.479674e+01  1.048002e-14 
  794.000  5.288591e+02  9.644451e+01  1.460036e-14 
  795.000  5.182350e+02  9.407544e+01  1.232787e-14 
  796.000  5.061792e+02  9.123621e+01  5.475506e-15 
  797.000  5.154240e+02  9.286671e+01 -1.474922e-14 
  798.000  5.291579e+02  9.552596e+01  1.203204e-15 
  799.000  5.257696e+02  9.467154e+01  1.817887e-14 
  800.000  5.027056e+02  9.014346e+01 -6.707454e-15 
  801.000  5.132664e+02  9.191130e+01 -5.175154e-15 
  802.000  5.113909e+02  9.140607e+01  7.295574e-15 
  803.000  5.055453e+02  9.024526e+01 -1.416076e-14 
  804.000  5.147565e+02  9.184777e+01  2.624721e-14 
  805.000  5.092458e+02  9.095005e+01  2.790755e-14 
  806.000  5.283779e+02  9.438421e+01 -1.205617e-15 
  807.000  5.255445e+02  9.373380e+01  1.081427e-14 
  808.000  5.194391e+02  9.239728e+01 -3.462877e-15 
  809.000  5.071119e+02  8.994964e+01  7.816716e-15 
  810.000  5.009054e+02  8.859460e+01  1.584160e-14 
  811.000  5.007381e+02  8.822903e+01  2.626260e-15 
  812.000  4.879901e+02  8.563690e+01 -4.148131e-15 
  813.000  4.725594e+02  8.260619e+01 -9.814892e-15 
  814.000  4.545002e+02  7.912514e+01  8.407552e-15 
  815.000  4.284482e+02  7.420578e+01  6.227403e-15 
  816.000  3.990390e+02  6.855644e+01  3.232953e-16 
  817.000  4.026216e+02  6.907733e+01  1.903559e-15 
  818.000  4.022176e+02  6.894124e+01  1.141846e-15 
  819.000  3.998158e+02  6.859700e+01  4.055837e-15 
  820.000  4.198985e+02  7.231957e+01 -6.600070e-15 
  821.000  4.678495e+02  8.081763e+01 -3.505278e-16 
  822.000  4.295131e+02  7.382235e+01 -3.888818e-15 
  823.000  3.685773e+02  6.220901e+01  2.747061e-15 
  824.000  4.310451e+02  7.376763e+01  3.539124e-15 
  825.000  4.694233e+02  8.063867e+01 -3.390909e-15 
  826.000  4.660286e+02  7.987476e+01  1.432709e-15 
  827.000  4.595754e+02  7.859351e+01  7.040482e-16 
  828.000  4.331801e+02  7.373074e+01  4.231956e-15 
  829.000  4.420633e+02  7.521293e+01  1.170761e-14 
  830.000  4.453124e+02  7.575101e+01  1.028309e-15 
  831.000  4.400201e+02  7.477007e+01 -2.308251e-15 
  832.000  4.504323e+02  7.645803e+01  2.195868e-15 
  833.000  4.423444e+02  7.504342e+01  3.645872e-15 
  834.000  4.559942e+02  7.734086e+01  2.930474e-15 
  835.000  4.706729e+02  7.994964e+01  4.037087e-15 
  836.000  4.719151e+02  7.996659e+01  1.120174e-14 
  837.000  4.677439e+02  7.914315e+01  2.955500e-15 
  838.000  4.761454e+02  8.057195e+01  7.194075e-15 
  839.000  4.652934e+02  7.870767e+01  1.987979e-15 
  840.000  4.792840e+02  8.098888e+01 -1.277255e-15 
  841.000  4.763968e+02  8.028739e+01  1.571919e-14 
  842.000  4.772977e+02  8.040778e+01 -1.084851e-14 
  843.000  4.830253e+02  8.149824e+01 -5.930554e-15 
  844.000  4.791167e+02  8.085147e+01 -8.894794e-15 
  845.000  4.883592e+02  8.235603e+01 -1.488054e-14 
  846.000  4.947700e+02  8.338808e+01  3.556798e-15 
  847.000  4.798853e+02  8.084215e+01  6.780758e-15 
  848.000  4.905576e+02  8.238115e+01 -7.441854e-15 
  849.000  4.919635e+02  8.251142e+01  5.512433e-15 
  850.000  4.239119e+02  7.093806e+01  3.847986e-15 
  851.000  4.836825e+02  8.075092e+01 -6.601714e-15 
  852.000  4.655998e+02  7.762492e+01  1.548087e-14 
  853.000  4.742993e+02  7.907589e+01  1.630456e-14 
  854.000  3.812496e+02  6.346561e+01  4.992062e-16 
  855.000  4.211903e+02  7.006743e+01  4.416880e-15 
  856.000  4.812672e+02  8.006390e+01  2.584133e-14 
  857.000  4.904272e+02  8.153856e+01  1.358220e-14 
  858.000  4.833402e+02  8.027849e+01 -2.944296e-14 
  859.000  4.848796e+02  8.049463e+01  3.940350e-15 
  860.000  4.813827e+02  7.983651e+01  1.352126e-14 
  861.000  4.815227e+02  7.975056e+01 -1.742127e-14 
  862.000  4.803791e+02  7.946458e+01  1.735920e-14 
  863.000  4.896985e+02  8.089256e+01  3.962893e-15 
  864.000  4.891205e+02  8.069760e+01 -2.160625e-14 
  865.000  4.803422e+02  7.914898e+01 -4.480192e-15 
  866.000  4.030316e+02  6.631780e+01 -1.127376e-14 
  867.000  4.292041e+02  7.052119e+01  8.540142e-15 
  868.000  4.655931e+02  7.639300e+01 -1.619807e-14 
  869.000  4.592136e+02  7.524317e+01  2.823469e-14 
  870.000  4.781616e+02  7.823324e+01  1.782417e-14 
  871.000  4.776378e+02  7.804086e+01  0.000000e+00 
  872.000  4.759900e+02  7.767164e+01  0.000000e+00 
  873.000  4.777646e+02  7.784098e+01 -2.490974e-14 
  874.000  4.672532e+02  7.601574e+01 -8.705162e-15 
  875.000  4.629960e+02  7.521590e+01  1.667308e-14 
  876.000  4.666943e+02  7.569978e+01 -2.116565e-14 
  877.000  4.759692e+02  7.709048e+01 -1.715365e-14 
  878.000  4.669489e+02  7.547784e+01  1.192311e-14 
  879.000  4.680818e+02  7.555370e+01  2.157955e-14 
  880.000  4.646456e+02  7.485523e+01 -2.915355e-16 
  881.000  4.401797e+02  7.079536e+01 -1.210572e-14 
  882.000  4.641344e+02  7.452377e+01 -4.065079e-15 
  883.000  4.540124e+02  7.281803e+01 -2.808236e-14 
  884.000  4.580920e+02  7.337907e+01 -3.716783e-15 
  885.000  4.613110e+02  7.371445e+01 -2.083583e-14 
  886.000  4.442184e+02  7.081280e+01  1.211295e-14 
  887.000  4.412597e+02  7.029282e+01 -1.080371e-14 
  888.000  4.544156e+02  7.228396e+01 -2.869244e-16 
  889.000  4.579806e+02  7.277334e+01  3.303864e-14 
  890.000  4.553035e+02  7.221030e+01 -1.409139e-14 
  891.000  4.500323e+02  7.116599e+01 -6.296355e-15 
  892.000  4.421476e+02  6.961569e+01 -2.409371e-15 
  893.000  4.065776e+02  6.351334e+01 -4.200533e-15 
  894.000  4.102677e+02  6.384680e+01  2.187644e-15 
  895.000  3.620508e+02  5.602723e+01  2.521826e-15 
  896.000  3.488708e+02  5.364069e+01  4.648458e-15 
  897.000  3.136151e+02  4.768513e+01  5.577462e-16 
  898.000  3.018440e+02  4.558060e+01 -1.093711e-15 
  899.000  2.697380e+02  4.017633e+01  3.470172e-16 
  900.000  2.670600e+02  3.977217e+01 -9.652115e-16 
  901.000  2.538854e+02  3.767004e+01 -9.376919e-16 
  902.000  2.510165e+02  3.722943e+01  9.204056e-16 
  903.000  3.182419e+02  4.815910e+01  7.683897e-16 
  904.000  3.591908e+02  5.474705e+01 -5.289924e-15 
  905.000  3.572762e+02  5.439865e+01 -4.071276e-16 
  906.000  3.255970e+02  4.929712e+01  5.272244e-16 
  907.000  2.933198e+02  4.369915e+01 -8.792683e-17 
  908.000  2.625875e+02  3.871952e+01  4.288823e-16 
  909.000  2.588666e+02  3.812674e+01 -4.461568e-16 
  910.000  2.652434e+02  3.905892e+01 -2.267535e-15 
  911.000  2.794470e+02  4.134173e+01  1.021789e-15 
  912.000  2.728336e+02  4.019247e+01  9.407391e-16 
  913.000  2.483817e+02  3.620015e+01  4.929149e-16 
  914.000  2.617931e+02  3.826274e+01 -3.987076e-16 
  915.000  2.693369e+02  3.948518e+01  2.871050e-15 
  916.000  2.762333e+02  4.050503e+01  9.006351e-17 
  917.000  2.789092e+02  4.096916e+01 -3.455075e-16 
  918.000  2.865529e+02  4.221281e+01 -3.466535e-16 
  919.000  3.221740e+02  4.801967e+01  5.949737e-16 
  920.000  3.445805e+02  5.158385e+01 -2.711217e-15 
  921.000  3.318333e+02  4.958861e+01  1.938471e-15 
  922.000  3.285126e+02  4.903252e+01  6.905032e-16 
  923.000  3.082188e+02  4.588615e+01  2.349523e-15 
  924.000  3.051639e+02  4.516083e+01 -5.002922e-16 
  925.000  3.074002e+02  4.538833e+01  3.182268e-15 
  926.000  2.947302e+02  4.339574e+01  6.627419e-16 
  927.000  2.862849e+02  4.173069e+01  3.997405e-16 
  928.000  2.596444e+02  3.730545e+01  1.757899e-15 
  929.000  2.188417e+02  3.101154e+01 -2.417991e-16 
  930.000  1.765695e+02  2.475586e+01 -3.468375e-25 
  931.000  1.366142e+02  1.894448e+01  7.609546e-18 
  932.000  9.124919e+01  1.241271e+01  4.523130e-17 
  933.000  6.686415e+01  9.009109e+00 -1.972948e-16 
  934.000  4.662147e+01  6.294154e+00  1.543787e-20 
  935.000  4.383437e+01  5.919194e+00 -1.394540e-17 
  936.000  4.991630e+01  6.710617e+00  1.096974e-20 
  937.000  4.966700e+01  6.671830e+00 -2.103261e-20 
  938.000  7.266383e+01  9.748075e+00  5.543997e-17 
  939.000  1.607880e+02  2.207402e+01  2.000981e-16 
  940.000  1.772894e+02  2.437470e+01 -2.827648e-16 
  941.000  1.598226e+02  2.192476e+01  1.029788e-17 
  942.000  1.236676e+02  1.686972e+01  1.115814e-16 
  943.000  8.653876e+01  1.160224e+01 -5.524606e-17 
  944.000  8.127618e+01  1.086991e+01 -5.359844e-17 
  945.000  9.551287e+01  1.283927e+01 -3.627101e-18 
  946.000  9.805411e+01  1.317279e+01 -5.487601e-17 
  947.000  1.120354e+02  1.512447e+01  1.623099e-16 
  948.000  1.218227e+02  1.647773e+01  5.839542e-17 
  949.000  1.216567e+02  1.643887e+01 -2.614806e-18 
  950.000  1.234286e+02  1.667434e+01  2.801152e-29 
  951.000  1.441594e+02  1.955263e+01  3.194655e-16 
  952.000  1.224662e+02  1.651567e+01 -5.163817e-18 
  953.000  1.383874e+02  1.873223e+01 -3.167040e-16 
  954.000  1.558634e+02  2.116405e+01 -2.033626e-16 
  955.000  1.326852e+02  1.796447e+01  1.018044e-16 
  956.000  1.397216e+02  1.890905e+01  6.430457e-19 
  957.000  1.892754e+02  2.583723e+01  4.101759e-16 
  958.000  1.988356e+02  2.717680e+01 -1.980962e-16 
  959.000  1.913586e+02  2.610935e+01  1.486703e-16 
  960.000  1.876335e+02  2.558054e+01 -2.025924e-17 
  961.000  1.817689e+02  2.474969e+01 -2.399273e-16 
  962.000  1.871777e+02  2.548921e+01  4.976123e-16 
  963.000  2.178435e+02  2.983238e+01  5.776863e-16 
  964.000  2.204144e+02  3.020330e+01 -4.838993e-16 
  965.000  2.205605e+02  3.018116e+01  1.458985e-16 
  966.000  2.164458e+02  2.961670e+01 -6.653959e-16 
  967.000  2.474626e+02  3.412214e+01 -5.390296e-16 
  968.000  2.886816e+02  4.056175e+01 -1.244313e-15 
  969.000  3.121515e+02  4.403931e+01  8.404893e-15 
  970.000  3.144976e+02  4.434313e+01  1.769131e-15 
  971.000  3.113065e+02  4.384444e+01  6.856484e-17 
  972.000  3.073314e+02  4.318888e+01 -6.183023e-16 
  973.000  2.907017e+02  4.066788e+01 -1.123295e-15 
  974.000  2.703267e+02  3.753688e+01  5.335394e-16 
  975.000  2.617411e+02  3.612766e+01 -6.877983e-16 
  976.000  2.773752e+02  3.847005e+01  3.176631e-16 
  977.000  2.911835e+02  4.063667e+01 -3.770900e-15 
  978.000  2.969040e+02  4.138367e+01  1.857384e-15 
  979.000  2.941138e+02  4.101689e+01 -4.694083e-15 
  980.000  3.210358e+02  4.488054e+01  3.900311e-15 
  981.000  3.286891e+02  4.594083e+01 -1.490263e-15 
  982.000  3.230950e+02  4.509542e+01 -1.165317e-15 
  983.000  3.345033e+02  4.672234e+01  8.624276e-15 
  984.000  3.450532e+02  4.826332e+01 -2.689068e-16 
  985.000  3.523421e+02  4.932484e+01 -5.284653e-16 
  986.000  3.590899e+02  5.037322e+01  1.215938e-15 
  987.000  3.675351e+02  5.158888e+01 -7.105691e-16 
  988.000  3.640872e+02  5.107225e+01  2.694912e-15 
  989.000  3.601699e+02  5.048237e+01 -1.947812e-15 
  990.000  3.643245e+02  5.103152e+01  4.524868e-15 
  991.000  3.709639e+02  5.198846e+01 -9.056983e-15 
  992.000  3.686047e+02  5.162562e+01  6.210061e-15 
  993.000  3.690219e+02  5.163631e+01  3.382617e-15 
  994.000  3.740850e+02  5.235639e+01  1.031851e-14 
  995.000  3.735752e+02  5.229431e+01  1.319741e-14 
  996.000  3.735187e+02  5.222741e+01 -1.273745e-14 
  997.000  3.725745e+02  5.199451e+01  2.288968e-16 
  998.000  3.696937e+02  5.150377e+01  3.009987e-15 
  999.000  3.682055e+02  5.122372e+01  6.523253e-15 
 1000.000  3.657764e+02  5.084143e+01 -9.274719e-15 
 1001.000  3.645018e+02  5.052431e+01  1.398809e-14 
 1002.000  3.587587e+02  4.955592e+01  3.631443e-16 
 1003.000  3.558370e+02  4.912426e+01 -1.696355e-15 
 1004.000  3.558615e+02  4.914034e+01 -4.975839e-15 
 1005.000  3.336820e+02  4.605727e+01 -5.800329e-15 
 1006.000  3.516687e+02  4.849725e+01 -1.832649e-15 
 1007.000  3.571208e+02  4.917097e+01  6.270555e-15 
 1008.000  3.544651e+02  4.865804e+01  1.678601e-15 
 1009.000  3.468041e+02  4.744815e+01 -1.092927e-14 
 1010.000  3.506175e+02  4.796371e+01 -4.204413e-15 
 1011.000  3.546719e+02  4.859082e+01  6.076905e-17 
 1012.000  3.571071e+02  4.892544e+01 -3.879205e-15 
 1013.000  3.563289e+02  4.881101e+01 -1.847641e-14 
 1014.000  3.594177e+02  4.920082e+01 -3.233324e-15 
 1015.000  3.529701e+02  4.827016e+01 -2.995657e-15 
 1016.000  3.560664e+02  4.866251e+01  3.092788e-17 
 1017.000  3.529642e+02  4.818612e+01 -6.246638e-15 
 1018.000  3.567133e+02  4.863210e+01  2.367595e-15 
 1019.000  3.466631e+02  4.716035e+01 -3.490726e-15 
 1020.000  3.466550e+02  4.712634e+01 -4.307849e-15 
 1021.000  3.515471e+02  4.777778e+01 -4.278037e-15 
 1022.000  3.439957e+02  4.664086e+01  1.037214e-15 
 1023.000  3.486803e+02  4.717747e+01  3.575224e-15 
 1024.000  3.457812e+02  4.670826e+01 -7.995517e-15 
 1025.000  3.492911e+02  4.722060e+01  7.167552e-15 
 1026.000  3.513415e+02  4.749003e+01  2.360331e-15 
 1027.000  3.486161e+02  4.705441e+01  1.044427e-15 
 1028.000  3.500587e+02  4.721478e+01  1.908892e-15 
 1029.000  3.462402e+02  4.668370e+01  1.517042e-14 
 1030.000  3.511937e+02  4.734757e+01  9.574171e-15 
 1031.000  3.508636e+02  4.727746e+01 -3.393512e-15 
 1032.000  3.502609e+02  4.716561e+01 -2.956475e-15 
 1033.000  3.440343e+02  4.628411e+01 -2.093907e-14 
 1034.000  3.480220e+02  4.678209e+01 -2.932321e-15 
 1035.000  3.445481e+02  4.627285e+01 -1.761445e-14 
 1036.000  3.490779e+02  4.683324e+01 -9.239333e-15 
 1037.000  3.418594e+02  4.582026e+01 -9.251692e-15 
 1038.000  3.453801e+02  4.624746e+01 -6.019703e-15 
 1039.000  3.466562e+02  4.636346e+01 -6.284993e-16 
 1040.000  3.424724e+02  4.575187e+01 -9.065869e-15 
 1041.000  3.442151e+02  4.593301e+01 -1.159817e-14 
 1042.000  3.452393e+02  4.602086e+01 -1.205039e-14 
 1043.000  3.393314e+02  4.518706e+01 -5.716086e-15 
 1044.000  3.426593e+02  4.558045e+01 -3.301256e-15 
 1045.000  3.409434e+02  4.529469e+01 -2.462583e-15 
 1046.000  3.309108e+02  4.391158e+01 -1.675500e-14 
 1047.000  3.368275e+02  4.464381e+01 -3.048882e-15 
 1048.000  3.401059e+02  4.502841e+01  0.000000e+00 
 1049.000  3.378739e+02  4.468497e+01  1.510650e-14 
 1050.000  3.356053e+02  4.432955e+01 -5.682393e-15 
 1051.000  3.352029e+02  4.421404e+01  1.462229e-14 
 1052.000  3.334142e+02  4.392427e+01 -2.830555e-15 
 1053.000  3.335814e+02  4.390144e+01  6.070720e-15 
 1054.000  3.297691e+02  4.334029e+01  2.013465e-16 
 1055.000  3.317815e+02  4.354490e+01 -2.623564e-15 
 1056.000  3.306191e+02  4.333744e+01 -8.663605e-15 
 1057.000  3.291677e+02  4.307162e+01 -5.839621e-15 
 1058.000  3.240721e+02  4.230311e+01 -3.195797e-15 
 1059.000  3.141007e+02  4.096707e+01 -5.996101e-15 
 1060.000  3.264094e+02  4.256444e+01 -5.402138e-15 
 1061.000  3.148429e+02  4.100957e+01  5.602644e-15 
 1062.000  3.226350e+02  4.194823e+01 -1.153104e-14 
 1063.000  3.169714e+02  4.116393e+01 -3.930509e-16 
 1064.000  3.203048e+02  4.152824e+01 -8.925316e-15 
 1065.000  3.187152e+02  4.124192e+01  5.749258e-15 
 1066.000  3.090652e+02  3.995703e+01 -2.882677e-15 
 1067.000  3.159715e+02  4.080593e+01 -5.164205e-16 
 1068.000  3.123108e+02  4.023021e+01  1.080150e-15 
 1069.000  2.873889e+02  3.694878e+01  2.838875e-16 
 1070.000  3.045956e+02  3.912497e+01  5.428770e-15 
 1071.000  3.034489e+02  3.890186e+01 -2.524922e-15 
 1072.000  3.027459e+02  3.874026e+01  1.828780e-15 
 1073.000  2.923888e+02  3.737081e+01 -9.871695e-16 
 1074.000  3.027951e+02  3.866630e+01 -2.431377e-15 
 1075.000  2.955710e+02  3.774928e+01 -3.758635e-15 
 1076.000  3.004974e+02  3.831083e+01  3.728702e-16 
 1077.000  2.978226e+02  3.789645e+01 -5.520963e-15 
 1078.000  2.963282e+02  3.763120e+01 -7.045027e-15 
 1079.000  2.844683e+02  3.608427e+01 -3.186981e-15 
 1080.000  2.868080e+02  3.626768e+01 -6.977789e-16 
 1081.000  2.759131e+02  3.485254e+01 -9.790526e-16 
 1082.000  2.819601e+02  3.561079e+01  3.076210e-15 
 1083.000  2.712308e+02  3.418597e+01  3.067918e-15 
 1084.000  2.780735e+02  3.498063e+01  3.633910e-16 
 1085.000  2.663615e+02  3.341949e+01  3.409886e-15 
 1086.000  2.716442e+02  3.405843e+01 -1.054167e-16 
 1087.000  2.633195e+02  3.304560e+01 -9.444821e-16 
 1088.000  2.796750e+02  3.506896e+01  4.545438e-15 
 1089.000  2.584192e+02  3.229263e+01  2.018692e-15 
 1090.000  2.619468e+02  3.268745e+01  2.185282e-15 
 1091.000  2.655697e+02  3.311483e+01 -1.081309e-15 
 1092.000  2.541103e+02  3.162318e+01  1.379044e-15 
 1093.000  2.396381e+02  2.972988e+01 -8.069515e-17 
 1094.000  2.136634e+02  2.644841e+01 -1.217310e-15 
 1095.000  2.319247e+02  2.868300e+01 -2.899460e-15 
 1096.000  2.314405e+02  2.859058e+01  6.228524e-16 
 1097.000  2.259521e+02  2.785854e+01 -6.525583e-16 
 1098.000  1.973224e+02  2.396274e+01  1.643647e-15 
 1099.000  1.766168e+02  2.116424e+01  3.101045e-16 
 1100.000  1.809123e+02  2.166899e+01 -3.150527e-16 
