  400.000  3.816956e+01  1.879561e+02  1.668328e-14 
  401.000  3.849480e+01  1.863002e+02 -2.745557e-14 
  402.000  4.138736e+01  1.968897e+02  2.762741e-16 
  403.000  3.931702e+01  1.838875e+02 -3.591771e-15 
  404.000  4.284634e+01  1.970486e+02  4.258997e-14 
  405.000  3.983865e+01  1.801868e+02  5.526143e-15 
  406.000  4.008139e+01  1.783148e+02  1.950126e-14 
  407.000  3.956715e+01  1.731702e+02 -6.993708e-15 
  408.000  4.344002e+01  1.870635e+02 -2.616922e-16 
  409.000  4.871936e+01  2.064561e+02  1.594037e-14 
  410.000  4.126381e+01  1.721027e+02  1.136724e-14 
  411.000  4.908038e+01  2.015037e+02 -7.562653e-15 
  412.000  5.150170e+01  2.081696e+02  6.221676e-15 
  413.000  4.926321e+01  1.960649e+02  1.321304e-14 
  414.000  4.893468e+01  1.917928e+02  2.666262e-14 
  415.000  5.283689e+01  2.039657e+02 -2.026578e-14 
  416.000  5.315580e+01  2.021328e+02 -9.685881e-15 
  417.000  5.215805e+01  1.954031e+02 -3.840014e-14 
  418.000  5.162606e+01  1.905717e+02 -3.837886e-15 
  419.000  5.350921e+01  1.946506e+02 -1.189568e-14 
  420.000  4.581400e+01  1.642551e+02 -3.193215e-15 
  421.000  5.805658e+01  2.051725e+02  1.040120e-14 
  422.000  5.626064e+01  1.960072e+02  3.103069e-14 
  423.000  4.804866e+01  1.650450e+02 -4.927969e-15 
  424.000  5.343709e+01  1.809961e+02  1.734129e-14 
  425.000  5.594692e+01  1.868798e+02 -1.505740e-14 
  426.000  5.435971e+01  1.790915e+02 -2.164983e-14 
  427.000  5.284528e+01  1.717381e+02 -1.312445e-14 
  428.000  5.407296e+01  1.733610e+02  3.470679e-14 
  429.000  4.970471e+01  1.572275e+02 -1.836606e-14 
  430.000  4.007024e+01  1.250726e+02  2.086260e-15 
  431.000  3.639277e+01  1.121017e+02  1.713895e-15 
  432.000  6.616582e+01  2.011569e+02 -1.624938e-14 
  433.000  5.948292e+01  1.785026e+02 -3.456656e-14 
  434.000  5.709301e+01  1.691343e+02 -2.357825e-14 
  435.000  6.272137e+01  1.834455e+02  1.868058e-14 
  436.000  7.021915e+01  2.027844e+02  2.377017e-14 
  437.000  7.157269e+01  2.041073e+02 -2.821631e-14 
  438.000  6.471854e+01  1.822705e+02 -4.024353e-14 
  439.000  6.321170e+01  1.758346e+02 -3.688886e-15 
  440.000  7.149979e+01  1.964609e+02  4.260822e-14 
  441.000  7.191627e+01  1.952114e+02  1.968395e-14 
  442.000  7.642165e+01  2.049483e+02 -1.579620e-14 
  443.000  7.761326e+01  2.056633e+02  2.899878e-16 
  444.000  7.778178e+01  2.036732e+02  2.802754e-14 
  445.000  8.251850e+01  2.135432e+02  1.650892e-14 
  446.000  7.406902e+01  1.894494e+02  3.733271e-15 
  447.000  8.520341e+01  2.154085e+02 -8.802065e-15 
  448.000  8.739980e+01  2.184156e+02 -9.236413e-15 
  449.000  8.878900e+01  2.193468e+02  8.965744e-15 
  450.000  9.152959e+01  2.235495e+02 -9.139241e-15 
  451.000  9.977047e+01  2.409330e+02  9.512796e-15 
  452.000  9.352818e+01  2.233368e+02  2.615476e-14 
  453.000  8.753619e+01  2.067129e+02  0.000000e+00 
  454.000  9.408498e+01  2.197357e+02  8.071338e-15 
  455.000  9.549150e+01  2.205862e+02  6.274431e-16 
  456.000  9.854855e+01  2.251812e+02  4.788097e-15 
  457.000  9.985188e+01  2.257032e+02  6.439059e-16 
  458.000  9.883102e+01  2.210085e+02  4.397490e-15 
  459.000  9.954728e+01  2.202495e+02  2.728113e-14 
  460.000  9.940243e+01  2.176132e+02 -1.334253e-14 
  461.000  1.037525e+02  2.247614e+02 -1.829598e-14 
  462.000  1.027909e+02  2.203672e+02 -2.206383e-14 
  463.000  1.035436e+02  2.196937e+02 -8.180312e-15 
  464.000  1.046869e+02  2.198523e+02  9.139508e-15 
  465.000  1.039430e+02  2.160782e+02  3.114280e-16 
  466.000  1.080372e+02  2.223304e+02 -4.786191e-15 
  467.000  1.049865e+02  2.138958e+02  1.227991e-14 
  468.000  1.118788e+02  2.256776e+02  1.362990e-14 
  469.000  1.115757e+02  2.228532e+02  4.978616e-14 
  470.000  1.106740e+02  2.188987e+02  8.857191e-15 
  471.000  1.110692e+02  2.175613e+02 -1.009824e-14 
  472.000  1.129855e+02  2.191980e+02  3.539427e-14 
  473.000  1.122422e+02  2.156908e+02 -4.729162e-15 
  474.000  1.135956e+02  2.162412e+02 -1.016664e-14 
  475.000  1.185145e+02  2.235242e+02  5.186069e-14 
  476.000  1.150499e+02  2.150262e+02  2.722336e-14 
  477.000  1.142677e+02  2.116232e+02 -1.840740e-14 
  478.000  1.207497e+02  2.215081e+02  1.097415e-14 
  479.000  1.163371e+02  2.113553e+02 -4.108698e-15 
  480.000  1.197880e+02  2.155292e+02  3.229340e-16 
  481.000  1.201184e+02  2.140759e+02  4.106836e-14 
  482.000  1.236419e+02  2.183020e+02 -9.724886e-15 
  483.000  1.246897e+02  2.181290e+02  2.815717e-14 
  484.000  1.206930e+02  2.092234e+02 -9.005726e-15 
  485.000  1.223329e+02  2.101642e+02 -1.436716e-14 
  486.000  9.980102e+01  1.699325e+02  2.880335e-14 
  487.000  1.128698e+02  1.904932e+02 -8.504937e-15 
  488.000  1.232967e+02  2.062726e+02  1.320849e-14 
  489.000  1.153003e+02  1.912205e+02  8.266136e-15 
  490.000  1.320405e+02  2.170943e+02 -1.425318e-14 
  491.000  1.242259e+02  2.024922e+02  8.473209e-15 
  492.000  1.200005e+02  1.939352e+02  8.423583e-15 
  493.000  1.299124e+02  2.081728e+02  8.432284e-15 
  494.000  1.261422e+02  2.004278e+02 -3.310472e-15 
  495.000  1.355316e+02  2.135421e+02 -1.834177e-14 
  496.000  1.325684e+02  2.071278e+02  0.000000e+00 
  497.000  1.291499e+02  2.001095e+02 -3.050826e-16 
  498.000  1.266356e+02  1.945927e+02 -7.993889e-15 
  499.000  1.268569e+02  1.933325e+02 -1.712478e-14 
  500.000  1.268212e+02  1.917006e+02 -3.289406e-14 
  501.000  1.244763e+02  1.866299e+02 -2.884082e-16 
  502.000  1.241562e+02  1.846484e+02 -1.282338e-14 
  503.000  1.320812e+02  1.948593e+02 -1.719593e-14 
  504.000  1.233694e+02  1.805558e+02  4.208762e-15 
  505.000  1.335768e+02  1.939458e+02  2.086090e-14 
  506.000  1.436986e+02  2.070045e+02 -5.825142e-15 
  507.000  1.343588e+02  1.920396e+02 -3.363882e-14 
  508.000  1.294834e+02  1.836347e+02 -4.605218e-15 
  509.000  1.403047e+02  1.974461e+02 -4.336544e-15 
  510.000  1.365964e+02  1.907529e+02 -4.196273e-15 
  511.000  1.372605e+02  1.902175e+02 -4.312748e-14 
  512.000  1.447095e+02  1.990183e+02 -8.474117e-15 
  513.000  1.330334e+02  1.815790e+02  1.205236e-14 
  514.000  1.308176e+02  1.772140e+02 -8.139042e-15 
  515.000  1.341372e+02  1.803543e+02 -3.262222e-14 
  516.000  1.414558e+02  1.887803e+02  5.225769e-14 
  517.000  1.045699e+02  1.385215e+02 -1.901142e-14 
  518.000  1.299168e+02  1.708314e+02 -3.117774e-14 
  519.000  1.235110e+02  1.612196e+02 -1.501902e-14 
  520.000  1.364512e+02  1.768136e+02  7.403121e-15 
  521.000  1.369825e+02  1.762173e+02  3.987525e-14 
  522.000  1.428626e+02  1.824594e+02 -1.776404e-14 
  523.000  1.334723e+02  1.692489e+02 -7.716393e-15 
  524.000  1.452344e+02  1.828550e+02 -2.510436e-14 
  525.000  1.444758e+02  1.806152e+02 -2.489344e-14 
  526.000  1.380930e+02  1.714207e+02  1.637548e-14 
  527.000  1.209482e+02  1.490870e+02 -1.430048e-14 
  528.000  1.456218e+02  1.782506e+02  8.883001e-15 
  529.000  1.501278e+02  1.824927e+02  2.617573e-14 
  530.000  1.422117e+02  1.716777e+02 -5.779603e-16 
  531.000  1.551844e+02  1.860524e+02  0.000000e+00 
  532.000  1.484412e+02  1.767508e+02  5.998107e-16 
  533.000  1.308254e+02  1.547162e+02 -2.985385e-14 
  534.000  1.428021e+02  1.677324e+02 -8.536907e-15 
  535.000  1.462829e+02  1.706559e+02 -3.363654e-14 
  536.000  1.558316e+02  1.805697e+02 -1.844472e-14 
  537.000  1.451180e+02  1.670293e+02  0.000000e+00 
  538.000  1.524515e+02  1.743029e+02  7.742107e-15 
  539.000  1.524748e+02  1.731768e+02  1.780597e-14 
  540.000  1.497197e+02  1.689298e+02 -3.190810e-14 
  541.000  1.377477e+02  1.544052e+02 -7.442934e-15 
  542.000  1.541605e+02  1.716788e+02  4.207919e-14 
  543.000  1.479366e+02  1.636816e+02 -1.643085e-14 
  544.000  1.565110e+02  1.720536e+02  2.448067e-14 
  545.000  1.546278e+02  1.688938e+02 -8.823122e-15 
  546.000  1.516231e+02  1.645556e+02  2.471431e-14 
  547.000  1.585206e+02  1.709489e+02  7.781787e-15 
  548.000  1.475013e+02  1.580607e+02 -2.388490e-14 
  549.000  1.556741e+02  1.657696e+02  8.767146e-15 
  550.000  1.526763e+02  1.615597e+02  1.714647e-14 
  551.000  1.521285e+02  1.599771e+02 -9.661983e-15 
  552.000  1.591149e+02  1.662861e+02 -1.190859e-15 
  553.000  1.532829e+02  1.592029e+02 -5.721819e-16 
  554.000  1.587012e+02  1.638187e+02  1.705325e-14 
  555.000  1.595571e+02  1.636959e+02 -1.710417e-14 
  556.000  1.555450e+02  1.586093e+02 -1.663639e-14 
  557.000  1.512782e+02  1.533255e+02  5.595818e-16 
  558.000  1.573803e+02  1.585502e+02 -1.618514e-14 
  559.000  1.490850e+02  1.492940e+02 -8.750570e-15 
  560.000  1.500435e+02  1.493599e+02 -2.361717e-14 
  561.000  1.652130e+02  1.634878e+02 -8.453495e-15 
  562.000  1.516779e+02  1.492320e+02 -7.764859e-15 
  563.000  1.589302e+02  1.554556e+02  4.180594e-14 
  564.000  1.568564e+02  1.525421e+02 -8.018142e-15 
  565.000  1.587056e+02  1.534677e+02 -9.868728e-15 
  566.000  1.465366e+02  1.408829e+02  1.551988e-14 
  567.000  1.567960e+02  1.499253e+02 -8.624716e-15 
  568.000  1.541003e+02  1.467212e+02  1.669003e-14 
  569.000  1.457348e+02  1.387183e+02  1.698929e-14 
  570.000  1.476056e+02  1.395902e+02  4.378028e-15 
  571.000  1.465370e+02  1.372095e+02  5.507709e-16 
  572.000  1.511821e+02  1.413197e+02  1.042695e-14 
  573.000  1.540757e+02  1.430912e+02 -1.693843e-14 
  574.000  1.537912e+02  1.419924e+02 -7.342534e-15 
  575.000  1.500560e+02  1.378011e+02  3.773506e-14 
  576.000  1.476697e+02  1.348712e+02 -5.247452e-15 
  577.000  1.554656e+02  1.409387e+02  8.743666e-15 
  578.000  1.529412e+02  1.377664e+02  8.470599e-15 
  579.000  1.534828e+02  1.374147e+02  1.621860e-14 
  580.000  1.603659e+02  1.427383e+02  8.083739e-15 
  581.000  1.596866e+02  1.412623e+02 -1.583510e-14 
  582.000  1.636421e+02  1.439297e+02  5.759887e-16 
  583.000  1.657947e+02  1.450297e+02 -1.729899e-14 
  584.000  1.661552e+02  1.445607e+02  0.000000e+00 
  585.000  1.658292e+02  1.435127e+02 -7.979021e-15 
  586.000  1.593683e+02  1.371934e+02 -1.471521e-14 
  587.000  1.640863e+02  1.408429e+02  3.373108e-15 
  588.000  1.545485e+02  1.327947e+02 -9.555462e-15 
  589.000  1.265003e+02  1.091136e+02 -1.281770e-12 
  590.000  1.317267e+02  1.130872e+02  8.700495e-14 
  591.000  1.483838e+02  1.260108e+02 -2.644047e-14 
  592.000  1.416898e+02  1.200802e+02 -9.148134e-15 
  593.000  1.528832e+02  1.279997e+02  1.258895e-14 
  594.000  1.525289e+02  1.272642e+02  2.751532e-15 
  595.000  1.434811e+02  1.196840e+02 -4.998445e-15 
  596.000  1.569301e+02  1.293101e+02 -2.414394e-16 
  597.000  1.556106e+02  1.277595e+02  7.066559e-15 
  598.000  1.566948e+02  1.275932e+02 -9.838045e-15 
  599.000  1.587249e+02  1.284184e+02  1.772080e-14 
  600.000  1.627625e+02  1.306697e+02  7.757023e-15 
  601.000  1.647512e+02  1.312493e+02 -7.053806e-15 
  602.000  1.640716e+02  1.299897e+02  1.078918e-15 
  603.000  1.663456e+02  1.310805e+02  1.564499e-14 
  604.000  1.729631e+02  1.355846e+02  0.000000e+00 
  605.000  1.735772e+02  1.353793e+02 -1.662096e-14 
  606.000  1.723236e+02  1.337387e+02 -7.659356e-15 
  607.000  1.720889e+02  1.329014e+02  5.465257e-16 
  608.000  1.721244e+02  1.322836e+02  1.516065e-14 
  609.000  1.709919e+02  1.307792e+02 -1.553626e-14 
  610.000  1.688774e+02  1.285419e+02  2.371362e-14 
  611.000  1.722714e+02  1.304997e+02  3.157386e-14 
  612.000  1.706631e+02  1.286673e+02  3.061388e-14 
  613.000  1.687791e+02  1.266455e+02 -3.014966e-14 
  614.000  1.632584e+02  1.219268e+02  4.256166e-14 
  615.000  1.716777e+02  1.276137e+02  7.341506e-15 
  616.000  1.637845e+02  1.211788e+02 -1.495537e-14 
  617.000  1.652381e+02  1.216874e+02  6.509375e-15 
  618.000  1.735282e+02  1.272030e+02 -8.922139e-15 
  619.000  1.723748e+02  1.257783e+02  0.000000e+00 
  620.000  1.753385e+02  1.273576e+02  0.000000e+00 
  621.000  1.787305e+02  1.292336e+02 -8.041438e-15 
  622.000  1.696098e+02  1.220873e+02  6.595792e-15 
  623.000  1.711678e+02  1.226599e+02 -7.161270e-15 
  624.000  1.715943e+02  1.224194e+02 -3.584321e-14 
  625.000  1.671484e+02  1.187211e+02 -6.974211e-15 
  626.000  1.676221e+02  1.185620e+02  0.000000e+00 
  627.000  1.675036e+02  1.182489e+02  1.667473e-14 
  628.000  1.583982e+02  1.116658e+02 -8.524153e-15 
  629.000  1.659427e+02  1.163483e+02  1.473700e-14 
  630.000  1.636574e+02  1.140240e+02  2.813936e-16 
  631.000  1.715782e+02  1.189520e+02  7.023627e-15 
  632.000  1.577836e+02  1.091151e+02 -4.806501e-16 
  633.000  1.736786e+02  1.193356e+02 -1.661808e-14 
  634.000  1.703641e+02  1.163754e+02  7.500955e-15 
  635.000  1.742630e+02  1.185262e+02  4.372714e-14 
  636.000  1.695799e+02  1.148043e+02 -3.377715e-14 
  637.000  1.764227e+02  1.188971e+02 -3.585782e-14 
  638.000  1.816611e+02  1.218073e+02 -2.250772e-14 
  639.000  1.809909e+02  1.208334e+02  5.093155e-16 
  640.000  1.769164e+02  1.175642e+02  2.841883e-14 
  641.000  1.802336e+02  1.192589e+02 -1.490137e-14 
  642.000  1.793164e+02  1.181169e+02 -1.421053e-14 
  643.000  1.818323e+02  1.193291e+02 -3.742863e-14 
  644.000  1.803224e+02  1.178402e+02  2.119585e-14 
  645.000  1.806146e+02  1.177510e+02 -5.878254e-15 
  646.000  1.668337e+02  1.087971e+02  3.255424e-15 
  647.000  1.644623e+02  1.071620e+02 -1.739602e-14 
  648.000  1.590694e+02  1.035784e+02 -7.881171e-15 
  649.000  1.674958e+02  1.082982e+02  1.452842e-14 
  650.000  1.646091e+02  1.053611e+02 -2.507454e-15 
  651.000  1.777443e+02  1.133047e+02 -2.287540e-14 
  652.000  1.663337e+02  1.061561e+02 -1.293512e-14 
  653.000  1.800246e+02  1.137418e+02  6.968219e-16 
  654.000  1.770283e+02  1.114658e+02  1.127005e-14 
  655.000  1.692498e+02  1.063701e+02  1.371198e-14 
  656.000  1.450852e+02  9.074680e+01  3.252124e-15 
  657.000  1.569844e+02  9.767935e+01 -7.011020e-16 
  658.000  1.786958e+02  1.105280e+02 -1.177157e-14 
  659.000  1.815754e+02  1.117422e+02  1.674858e-14 
  660.000  1.843404e+02  1.129426e+02 -1.774835e-14 
  661.000  1.882424e+02  1.146381e+02 -6.244080e-15 
  662.000  1.926084e+02  1.167803e+02 -4.891910e-16 
  663.000  1.906364e+02  1.151396e+02  2.021204e-14 
  664.000  1.885302e+02  1.134004e+02  0.000000e+00 
  665.000  1.901090e+02  1.138873e+02  7.126836e-15 
  666.000  1.933346e+02  1.153472e+02  2.017174e-14 
  667.000  1.902808e+02  1.130708e+02 -4.728369e-16 
  668.000  1.923672e+02  1.138480e+02  4.751267e-16 
  669.000  1.958800e+02  1.154668e+02 -2.731723e-14 
  670.000  1.941677e+02  1.140090e+02  7.101006e-15 
  671.000  1.927843e+02  1.127528e+02 -3.275862e-14 
  672.000  1.927349e+02  1.122868e+02  2.657830e-14 
  673.000  1.946851e+02  1.129851e+02  0.000000e+00 
  674.000  1.956281e+02  1.130957e+02 -1.974322e-14 
  675.000  1.931993e+02  1.112630e+02 -4.026115e-14 
  676.000  1.973885e+02  1.132414e+02  2.073891e-14 
  677.000  1.939785e+02  1.108608e+02  6.927674e-15 
  678.000  1.977143e+02  1.125663e+02  7.511221e-15 
  679.000  1.953169e+02  1.107845e+02  2.034961e-14 
  680.000  1.937878e+02  1.095184e+02 -1.377021e-14 
  681.000  1.940723e+02  1.092808e+02 -1.332590e-14 
  682.000  1.939507e+02  1.088089e+02 -4.607161e-16 
  683.000  1.954904e+02  1.092733e+02  1.431064e-14 
  684.000  1.916682e+02  1.067673e+02 -9.112894e-16 
  685.000  1.948057e+02  1.080941e+02 -1.969774e-14 
  686.000  1.853011e+02  1.024693e+02  5.710724e-15 
  687.000  1.389179e+02  7.766256e+01 -1.339950e-14 
  688.000  1.536823e+02  8.525166e+01  1.317878e-14 
  689.000  1.496786e+02  8.286783e+01 -2.776407e-15 
  690.000  1.584586e+02  8.717850e+01  1.244644e-14 
  691.000  1.682828e+02  9.200237e+01  1.180451e-14 
  692.000  1.703761e+02  9.283335e+01 -1.189070e-14 
  693.000  1.600326e+02  8.752030e+01  1.285194e-14 
  694.000  1.506000e+02  8.252948e+01  4.305023e-15 
  695.000  1.545304e+02  8.417453e+01  3.169096e-14 
  696.000  1.607065e+02  8.706471e+01  9.687565e-15 
  697.000  1.817364e+02  9.710099e+01  6.999936e-15 
  698.000  1.741186e+02  9.291096e+01 -1.244923e-15 
  699.000  1.590446e+02  8.535662e+01  2.893662e-13 
  700.000  1.601527e+02  8.554140e+01  1.526122e-14 
  701.000  1.528707e+02  8.151221e+01  4.350740e-15 
  702.000  1.551012e+02  8.230650e+01  4.767504e-15 
  703.000  1.725903e+02  9.057081e+01 -7.915292e-16 
  704.000  1.740125e+02  9.096922e+01 -1.113949e-14 
  705.000  1.691575e+02  8.841464e+01  1.441792e-14 
  706.000  1.688212e+02  8.787720e+01 -1.190767e-15 
  707.000  1.687361e+02  8.742728e+01 -1.648628e-15 
  708.000  1.763920e+02  9.096371e+01  7.275408e-15 
  709.000  1.753847e+02  8.990418e+01 -7.460189e-15 
  710.000  1.741146e+02  8.919319e+01 -1.875879e-14 
  711.000  1.781191e+02  9.068231e+01 -8.977926e-15 
  712.000  1.805911e+02  9.142441e+01  1.196159e-15 
  713.000  1.760907e+02  8.900940e+01  4.462694e-15 
  714.000  1.777892e+02  8.962949e+01 -1.075478e-14 
  715.000  1.653963e+02  8.337687e+01 -9.209505e-15 
  716.000  1.628714e+02  8.212736e+01  2.089408e-14 
  717.000  1.229135e+02  6.287675e+01  2.560305e-16 
  718.000  1.033625e+02  5.363691e+01 -1.856217e-15 
  719.000  9.589277e+01  4.997628e+01 -6.118304e-15 
  720.000  8.839170e+01  4.641066e+01  9.377451e-15 
  721.000  1.306008e+02  6.559686e+01  1.223200e-14 
  722.000  1.511755e+02  7.507045e+01 -1.289277e-14 
  723.000  1.403487e+02  6.976737e+01 -7.904216e-19 
  724.000  1.139123e+02  5.744228e+01  5.161274e-14 
  725.000  1.162560e+02  5.825215e+01 -2.566996e-14 
  726.000  1.150702e+02  5.752113e+01 -2.363566e-14 
  727.000  1.206386e+02  5.991714e+01  2.569963e-14 
  728.000  1.148862e+02  5.705497e+01  1.456901e-15 
  729.000  1.201199e+02  5.898786e+01 -5.218495e-16 
  730.000  1.232024e+02  6.035998e+01  1.299475e-14 
  731.000  1.195236e+02  5.843847e+01 -2.481819e-16 
  732.000  1.399224e+02  6.748545e+01  7.806460e-19 
  733.000  1.570490e+02  7.489554e+01  8.752706e-15 
  734.000  1.706858e+02  8.073183e+01 -7.534781e-15 
  735.000  1.661134e+02  7.844830e+01  5.043518e-15 
  736.000  1.569608e+02  7.411074e+01  1.980985e-14 
  737.000  1.640552e+02  7.703419e+01  8.153430e-15 
  738.000  1.705799e+02  7.957496e+01  1.347175e-14 
  739.000  1.681687e+02  7.808493e+01  7.990471e-15 
  740.000  1.765829e+02  8.147627e+01 -2.281050e-15 
  741.000  1.792642e+02  8.231300e+01  5.661345e-15 
  742.000  1.781434e+02  8.148477e+01  7.754188e-15 
  743.000  1.872654e+02  8.527094e+01 -6.193462e-15 
  744.000  1.908390e+02  8.651007e+01 -5.989748e-15 
  745.000  1.873270e+02  8.461943e+01 -1.127492e-14 
  746.000  1.911374e+02  8.604570e+01  0.000000e+00 
  747.000  1.945389e+02  8.729920e+01 -1.200949e-14 
  748.000  1.919656e+02  8.585799e+01  7.894577e-16 
  749.000  1.926109e+02  8.587196e+01  1.099643e-14 
  750.000  1.896217e+02  8.428513e+01  4.250827e-15 
  751.000  1.894401e+02  8.394266e+01  2.277719e-14 
  752.000  1.933712e+02  8.540585e+01  0.000000e+00 
  753.000  1.921091e+02  8.457982e+01 -7.799994e-16 
  754.000  1.955761e+02  8.583711e+01 -5.912411e-15 
  755.000  1.947634e+02  8.521744e+01 -2.272426e-14 
  756.000  1.912674e+02  8.343060e+01  4.990311e-15 
  757.000  1.929300e+02  8.389857e+01  1.663466e-14 
  758.000  1.920900e+02  8.328337e+01 -3.886064e-16 
  759.000  1.598355e+02  6.956459e+01 -3.823116e-15 
  760.000  2.452017e+01  1.191569e+01  2.915225e-20 
  761.000  1.850164e+01  9.248778e+00  1.324567e-15 
  762.000  7.120203e+01  3.191637e+01 -4.059313e-14 
  763.000  5.165466e+01  2.354843e+01 -2.701241e-15 
  764.000  6.203953e+01  2.791807e+01 -1.085320e-14 
  765.000  8.961519e+01  3.933493e+01  3.624355e-16 
  766.000  1.236053e+02  5.307913e+01  5.443914e-15 
  767.000  1.480641e+02  6.304944e+01  4.968666e-15 
  768.000  1.704162e+02  7.201335e+01 -3.543964e-15 
  769.000  1.810857e+02  7.610630e+01 -1.162509e-14 
  770.000  1.862820e+02  7.800095e+01  7.446910e-15 
  771.000  1.893462e+02  7.896453e+01 -5.592733e-15 
  772.000  1.894914e+02  7.878638e+01  3.341090e-14 
  773.000  1.891855e+02  7.842558e+01 -2.143536e-14 
  774.000  1.917266e+02  7.924583e+01 -1.082742e-14 
  775.000  1.849764e+02  7.623088e+01 -3.610329e-16 
  776.000  1.930294e+02  7.931441e+01  5.986466e-15 
  777.000  1.918751e+02  7.861182e+01 -1.076991e-14 
  778.000  1.909103e+02  7.799281e+01  4.428246e-15 
  779.000  1.915967e+02  7.804961e+01 -1.593619e-14 
  780.000  1.893922e+02  7.692733e+01  5.859868e-15 
  781.000  1.896113e+02  7.678892e+01  3.252440e-14 
  782.000  1.919455e+02  7.751397e+01  2.033540e-14 
  783.000  1.876180e+02  7.554789e+01 -3.630153e-16 
  784.000  1.885463e+02  7.570968e+01 -5.085438e-15 
  785.000  1.878496e+02  7.524417e+01 -5.102471e-15 
  786.000  1.827728e+02  7.310386e+01  1.674888e-14 
  787.000  1.809527e+02  7.229530e+01  1.643089e-14 
  788.000  1.759560e+02  7.017084e+01 -1.142696e-15 
  789.000  1.687318e+02  6.735970e+01 -1.458712e-14 
  790.000  1.664088e+02  6.627033e+01  9.824927e-15 
  791.000  1.672052e+02  6.635068e+01  7.998445e-15 
  792.000  1.661217e+02  6.569003e+01  1.453212e-14 
  793.000  1.694386e+02  6.670892e+01  7.533766e-15 
  794.000  1.749280e+02  6.847124e+01  1.916298e-13 
  795.000  1.697691e+02  6.638626e+01 -8.836155e-15 
  796.000  1.613920e+02  6.328080e+01 -6.624856e-15 
  797.000  1.657530e+02  6.470553e+01 -9.568010e-15 
  798.000  1.732741e+02  6.722483e+01  0.000000e+00 
  799.000  1.716003e+02  6.644144e+01  4.185216e-15 
  800.000  1.620949e+02  6.274630e+01 -8.412487e-15 
  801.000  1.658522e+02  6.400525e+01 -2.780161e-15 
  802.000  1.651355e+02  6.357089e+01  5.904976e-15 
  803.000  1.636624e+02  6.280786e+01  1.122024e-14 
  804.000  1.677750e+02  6.413332e+01 -3.920267e-15 
  805.000  1.679951e+02  6.390421e+01 -1.280905e-14 
  806.000  1.756119e+02  6.653988e+01  6.912888e-15 
  807.000  1.748322e+02  6.606166e+01 -5.251501e-15 
  808.000  1.722328e+02  6.494788e+01 -8.607227e-15 
  809.000  1.674252e+02  6.302018e+01  2.169600e-14 
  810.000  1.645553e+02  6.183662e+01 -9.697142e-15 
  811.000  1.627498e+02  6.112660e+01 -4.765688e-15 
  812.000  1.562346e+02  5.870329e+01 -3.613976e-15 
  813.000  1.484714e+02  5.584560e+01  9.631240e-15 
  814.000  1.392075e+02  5.244663e+01 -3.286447e-18 
  815.000  1.269736e+02  4.791912e+01 -4.957141e-15 
  816.000  1.135887e+02  4.302210e+01  1.971444e-14 
  817.000  1.147740e+02  4.334761e+01  3.833220e-14 
  818.000  1.150791e+02  4.332284e+01  3.742683e-14 
  819.000  1.161183e+02  4.349287e+01 -1.783425e-19 
  820.000  1.275858e+02  4.738374e+01 -5.738644e-15 
  821.000  1.493079e+02  5.484464e+01  2.269897e-14 
  822.000  1.322111e+02  4.876160e+01 -8.090390e-15 
  823.000  1.021379e+02  3.822946e+01 -7.668108e-14 
  824.000  1.307589e+02  4.807401e+01  3.183630e-15 
  825.000  1.507037e+02  5.474401e+01  1.863357e-14 
  826.000  1.485390e+02  5.390685e+01  7.051703e-15 
  827.000  1.455460e+02  5.275399e+01  4.247099e-14 
  828.000  1.322678e+02  4.809217e+01 -2.740901e-15 
  829.000  1.368585e+02  4.954447e+01  2.982688e-15 
  830.000  1.400535e+02  5.044804e+01 -7.826750e-16 
  831.000  1.390184e+02  4.991187e+01  2.733404e-14 
  832.000  1.427855e+02  5.110926e+01  1.118439e-13 
  833.000  1.415738e+02  5.046236e+01 -9.088441e-15 
  834.000  1.475871e+02  5.236507e+01 -1.582295e-14 
  835.000  1.555368e+02  5.482772e+01  1.081672e-14 
  836.000  1.551271e+02  5.460834e+01 -1.257157e-15 
  837.000  1.538207e+02  5.401438e+01  8.816374e-16 
  838.000  1.581738e+02  5.529899e+01  5.409511e-15 
  839.000  1.555741e+02  5.419194e+01  8.057873e-15 
  840.000  1.606815e+02  5.580764e+01  5.367546e-15 
  841.000  1.588452e+02  5.509398e+01  9.370809e-15 
  842.000  1.601284e+02  5.534071e+01 -5.664853e-15 
  843.000  1.642685e+02  5.649643e+01 -6.078006e-15 
  844.000  1.640125e+02  5.621098e+01 -5.987043e-15 
  845.000  1.677326e+02  5.731680e+01  9.348664e-15 
  846.000  1.705222e+02  5.809840e+01 -1.148380e-15 
  847.000  1.660007e+02  5.639037e+01 -1.199972e-14 
  848.000  1.689064e+02  5.727989e+01 -5.668404e-14 
  849.000  1.695840e+02  5.736137e+01  1.887234e-14 
  850.000  1.458228e+02  4.922226e+01  7.120551e-15 
  851.000  1.659605e+02  5.590921e+01  9.295084e-15 
  852.000  1.598872e+02  5.372772e+01  1.063290e-14 
  853.000  1.637850e+02  5.485750e+01 -1.781503e-14 
  854.000  1.316968e+02  4.400310e+01  1.932859e-15 
  855.000  1.459435e+02  4.862441e+01 -2.878938e-16 
  856.000  1.676873e+02  5.565098e+01 -8.511920e-15 
  857.000  1.713383e+02  5.670700e+01 -4.320596e-15 
  858.000  1.691126e+02  5.582561e+01 -1.335941e-14 
  859.000  1.701473e+02  5.601307e+01 -8.490274e-15 
  860.000  1.692590e+02  5.557686e+01 -6.038351e-16 
  861.000  1.694397e+02  5.549981e+01  1.321689e-14 
  862.000  1.692186e+02  5.529095e+01  4.189406e-15 
  863.000  1.726038e+02  5.626017e+01 -8.538847e-15 
  864.000  1.726581e+02  5.613719e+01  1.339196e-14 
  865.000  1.697784e+02  5.506413e+01 -3.579844e-15 
  866.000  1.425408e+02  4.611850e+01  7.515839e-15 
  867.000  1.518288e+02  4.900685e+01 -6.931647e-15 
  868.000  1.647862e+02  5.306167e+01  1.736104e-14 
  869.000  1.626380e+02  5.224393e+01  1.654362e-14 
  870.000  1.693736e+02  5.427929e+01 -1.306963e-14 
  871.000  1.692993e+02  5.412543e+01  0.000000e+00 
  872.000  1.688958e+02  5.386541e+01 -4.728079e-15 
  873.000  1.694685e+02  5.392353e+01 -5.961462e-16 
  874.000  1.657374e+02  5.261362e+01  8.122026e-15 
  875.000  1.642718e+02  5.202603e+01  4.023821e-15 
  876.000  1.656266e+02  5.233150e+01  1.565048e-14 
  877.000  1.689923e+02  5.327026e+01 -4.734248e-15 
  878.000  1.655638e+02  5.207701e+01  8.728325e-15 
  879.000  1.660863e+02  5.211936e+01  5.860743e-16 
  880.000  1.646685e+02  5.156244e+01  5.830709e-16 
  881.000  1.559951e+02  4.873712e+01 -8.254799e-15 
  882.000  1.644204e+02  5.125455e+01  1.684404e-14 
  883.000  1.610368e+02  5.007862e+01 -8.512286e-15 
  884.000  1.626064e+02  5.044769e+01 -1.659210e-14 
  885.000  1.633785e+02  5.058792e+01  8.683338e-15 
  886.000  1.568754e+02  4.852051e+01  8.184335e-15 
  887.000  1.562550e+02  4.816492e+01 -5.571134e-16 
  888.000  1.609426e+02  4.949716e+01  5.738488e-16 
  889.000  1.623885e+02  4.982304e+01  1.666368e-14 
  890.000  1.611875e+02  4.939096e+01  7.808101e-15 
  891.000  1.585868e+02  4.851928e+01 -2.583954e-14 
  892.000  1.541955e+02  4.714873e+01 -1.964159e-14 
  893.000  1.373580e+02  4.215063e+01  5.983196e-15 
  894.000  1.362473e+02  4.185367e+01  4.055709e-15 
  895.000  1.143897e+02  3.535598e+01 -2.376292e-15 
  896.000  1.050266e+02  3.257879e+01  1.705110e-14 
  897.000  8.945190e+01  2.795608e+01  1.070934e-20 
  898.000  8.388705e+01  2.631628e+01 -2.622929e-16 
  899.000  7.007607e+01  2.234080e+01 -1.980712e-15 
  900.000  6.994704e+01  2.219614e+01  1.909567e-15 
  901.000  6.541045e+01  2.081090e+01  2.076335e-17 
  902.000  6.512395e+01  2.063962e+01  9.403856e-16 
  903.000  9.231050e+01  2.837274e+01  7.198188e-15 
  904.000  1.112252e+02  3.379981e+01 -1.487617e-14 
  905.000  1.106444e+02  3.354480e+01  2.929559e-18 
  906.000  9.697047e+01  2.947495e+01  3.614599e-16 
  907.000  8.127484e+01  2.503558e+01  7.732096e-15 
  908.000  6.921346e+01  2.156510e+01 -1.882802e-15 
  909.000  6.830805e+01  2.122858e+01  1.850607e-15 
  910.000  7.051321e+01  2.182092e+01 -5.321756e-15 
  911.000  7.677325e+01  2.349507e+01  4.739838e-17 
  912.000  7.385257e+01  2.264481e+01 -1.781453e-15 
  913.000  6.279010e+01  1.958714e+01 -3.055795e-15 
  914.000  6.857225e+01  2.113253e+01  1.858306e-15 
  915.000  7.260279e+01  2.215161e+01 -1.913270e-15 
  916.000  7.514630e+01  2.282524e+01  1.584576e-15 
  917.000  7.715755e+01  2.328587e+01  3.722421e-15 
  918.000  8.092703e+01  2.424655e+01  3.454006e-15 
  919.000  9.692259e+01  2.859820e+01  5.976290e-14 
  920.000  1.087480e+02  3.182927e+01 -8.117963e-15 
  921.000  1.038923e+02  3.036564e+01  0.000000e+00 
  922.000  1.028594e+02  2.999815e+01  1.400851e-14 
  923.000  9.533616e+01  2.778195e+01  2.629883e-14 
  924.000  9.153889e+01  2.673783e+01  2.873464e-14 
  925.000  9.171211e+01  2.675741e+01  1.473291e-14 
  926.000  8.715380e+01  2.541348e+01 -1.390329e-14 
  927.000  8.095804e+01  2.377376e+01 -8.674537e-17 
  928.000  6.839449e+01  2.040095e+01  8.768486e-16 
  929.000  5.177628e+01  1.587956e+01 -1.079047e-17 
  930.000  3.614082e+01  1.152357e+01 -4.417941e-16 
  931.000  2.350543e+01  7.882905e+00 -1.132332e-20 
  932.000  1.173872e+01  4.453363e+00 -2.823095e-17 
  933.000  6.963415e+00  3.000182e+00 -1.108293e-16 
  934.000  3.879274e+00  1.984964e+00 -7.074958e-18 
  935.000  3.511994e+00  1.846113e+00  6.794088e-22 
  936.000  4.314767e+00  2.113473e+00  3.747008e-23 
  937.000  4.271251e+00  2.106076e+00  1.036509e-17 
  938.000  8.135274e+00  3.308539e+00  2.784409e-17 
  939.000  2.940352e+01  9.541457e+00  5.296237e-18 
  940.000  3.473266e+01  1.099912e+01 -2.262891e-16 
  941.000  2.995671e+01  9.602204e+00 -9.573931e-17 
  942.000  2.036240e+01  6.786560e+00  5.200429e-17 
  943.000  1.113730e+01  4.141205e+00  1.288837e-17 
  944.000  1.019402e+01  3.835651e+00  1.252716e-17 
  945.000  1.305473e+01  4.673151e+00  7.982464e-19 
  946.000  1.358522e+01  4.823509e+00 -1.157473e-20 
  947.000  1.705063e+01  5.793197e+00 -5.453593e-17 
  948.000  1.951947e+01  6.486201e+00  8.490667e-30 
  949.000  1.956965e+01  6.479456e+00 -5.483121e-17 
  950.000  2.017145e+01  6.625967e+00 -1.623113e-19 
  951.000  2.605833e+01  8.262255e+00 -1.082060e-16 
  952.000  2.024604e+01  6.594497e+00  3.684212e-16 
  953.000  2.482522e+01  7.849721e+00 -1.079791e-16 
  954.000  3.044053e+01  9.365530e+00 -2.141233e-16 
  955.000  2.470994e+01  7.686750e+00 -2.972210e-19 
  956.000  2.615218e+01  8.100671e+00 -1.070648e-16 
  957.000  4.276583e+01  1.255059e+01  4.193382e-16 
  958.000  4.638074e+01  1.346599e+01 -4.071163e-16 
  959.000  4.378849e+01  1.275826e+01  1.550034e-16 
  960.000  4.287827e+01  1.247330e+01 -6.239391e-16 
  961.000  4.117944e+01  1.198238e+01 -2.906664e-17 
  962.000  4.318012e+01  1.248046e+01  3.927367e-17 
  963.000  5.522408e+01  1.552884e+01  2.078170e-15 
  964.000  5.681794e+01  1.587538e+01 -1.629469e-15 
  965.000  5.666122e+01  1.582064e+01  6.276527e-16 
  966.000  5.614546e+01  1.560907e+01  8.186283e-16 
  967.000  6.850483e+01  1.867973e+01  3.177047e-15 
  968.000  8.844809e+01  2.354002e+01 -1.949245e-14 
  969.000  1.000846e+02  2.643711e+01  5.855279e-15 
  970.000  1.012744e+02  2.668328e+01  6.887319e-15 
  971.000  1.002325e+02  2.635614e+01  6.162641e-16 
  972.000  9.777846e+01  2.569255e+01 -1.303478e-14 
  973.000  8.996091e+01  2.367120e+01 -1.397967e-14 
  974.000  8.089266e+01  2.136951e+01  6.605906e-15 
  975.000  7.665189e+01  2.030668e+01  9.477532e-15 
  976.000  8.349807e+01  2.194657e+01 -3.629650e-15 
  977.000  9.165440e+01  2.387516e+01  2.229980e-19 
  978.000  9.331451e+01  2.426250e+01  2.861299e-14 
  979.000  9.369842e+01  2.427450e+01 -1.346447e-14 
  980.000  1.069974e+02  2.752267e+01  3.262092e-15 
  981.000  1.107720e+02  2.839067e+01 -5.409147e-15 
  982.000  1.080641e+02  2.767588e+01  3.048721e-15 
  983.000  1.145437e+02  2.916910e+01 -1.277720e-14 
  984.000  1.209618e+02  3.061399e+01  1.619676e-15 
  985.000  1.251980e+02  3.154862e+01 -6.301143e-15 
  986.000  1.297710e+02  3.254346e+01  1.323924e-14 
  987.000  1.338656e+02  3.346476e+01  8.195458e-15 
  988.000  1.329282e+02  3.315560e+01 -1.662275e-15 
  989.000  1.317218e+02  3.278431e+01 -1.150264e-14 
  990.000  1.335350e+02  3.316169e+01 -1.324227e-15 
  991.000  1.368267e+02  3.388287e+01 -6.221594e-15 
  992.000  1.362351e+02  3.366268e+01 -1.487402e-14 
  993.000  1.365270e+02  3.366636e+01  9.820693e-15 
  994.000  1.390687e+02  3.418050e+01 -2.017622e-14 
  995.000  1.394161e+02  3.418499e+01  6.370033e-15 
  996.000  1.394352e+02  3.412397e+01  1.319470e-14 
  997.000  1.388344e+02  3.392097e+01  6.376242e-15 
  998.000  1.375247e+02  3.356913e+01 -6.015050e-15 
  999.000  1.368792e+02  3.335217e+01 -6.747104e-15 
 1000.000  1.361178e+02  3.309980e+01  1.229397e-14 
 1001.000  1.349462e+02  3.277800e+01  1.059505e-15 
 1002.000  1.316981e+02  3.197118e+01 -2.242297e-15 
 1003.000  1.309375e+02  3.171564e+01  2.490490e-15 
 1004.000  1.316467e+02  3.180231e+01 -1.594449e-14 
 1005.000  1.237622e+02  2.983078e+01 -7.352736e-15 
 1006.000  1.305594e+02  3.140607e+01  1.104153e-14 
 1007.000  1.323970e+02  3.179577e+01 -7.416684e-15 
 1008.000  1.305167e+02  3.131909e+01 -5.683644e-15 
 1009.000  1.265101e+02  3.034781e+01 -4.461669e-15 
 1010.000  1.284907e+02  3.074286e+01  5.189324e-15 
 1011.000  1.313454e+02  3.131643e+01 -8.650657e-16 
 1012.000  1.328008e+02  3.158574e+01  1.733474e-15 
 1013.000  1.329555e+02  3.154929e+01 -2.748146e-14 
 1014.000  1.343222e+02  3.180800e+01 -8.901957e-16 
 1015.000  1.319830e+02  3.119438e+01 -7.315973e-15 
 1016.000  1.333600e+02  3.145494e+01 -1.276638e-14 
 1017.000  1.322509e+02  3.111253e+01  0.000000e+00 
 1018.000  1.335500e+02  3.138630e+01  1.963895e-15 
 1019.000  1.293684e+02  3.036193e+01 -1.086578e-14 
 1020.000  1.295553e+02  3.034399e+01 -1.852973e-14 
 1021.000  1.317453e+02  3.078892e+01  1.419904e-15 
 1022.000  1.283981e+02  2.996890e+01 -9.598748e-15 
 1023.000  1.297153e+02  3.023590e+01  2.068076e-15 
 1024.000  1.283914e+02  2.988145e+01  5.606389e-15 
 1025.000  1.305757e+02  3.030466e+01  1.020742e-15 
 1026.000  1.317492e+02  3.050827e+01 -7.739623e-16 
 1027.000  1.306024e+02  3.019196e+01 -4.109666e-14 
 1028.000  1.313040e+02  3.029392e+01  7.291504e-15 
 1029.000  1.302031e+02  2.995496e+01  6.322277e-15 
 1030.000  1.324368e+02  3.040320e+01  1.276556e-14 
 1031.000  1.325096e+02  3.035921e+01  4.261010e-16 
 1032.000  1.324387e+02  3.028369e+01 -5.912950e-15 
 1033.000  1.301595e+02  2.970717e+01 -1.782871e-14 
 1034.000  1.317134e+02  3.000537e+01  5.864642e-15 
 1035.000  1.304536e+02  2.966348e+01 -5.802055e-15 
 1036.000  1.321788e+02  3.000069e+01  6.300234e-15 
 1037.000  1.294838e+02  2.933524e+01 -6.167794e-15 
 1038.000  1.309110e+02  2.960385e+01  6.228312e-15 
 1039.000  1.313139e+02  2.964323e+01 -5.835910e-15 
 1040.000  1.296762e+02  2.922192e+01  6.181950e-15 
 1041.000  1.302962e+02  2.930987e+01  5.799087e-15 
 1042.000  1.306962e+02  2.934727e+01  6.233996e-15 
 1043.000  1.284955e+02  2.880105e+01  1.796905e-14 
 1044.000  1.297317e+02  2.902665e+01  5.773478e-15 
 1045.000  1.289148e+02  2.879525e+01  6.163868e-15 
 1046.000  1.250774e+02  2.788867e+01  5.584999e-15 
 1047.000  1.272084e+02  2.831488e+01  6.097764e-15 
 1048.000  1.283742e+02  2.852353e+01  0.000000e+00 
 1049.000  1.274454e+02  2.826667e+01 -4.102741e-16 
 1050.000  1.264485e+02  2.799813e+01 -1.177276e-14 
 1051.000  1.261309e+02  2.788226e+01 -1.137126e-14 
 1052.000  1.253284e+02  2.765799e+01  1.172867e-14 
 1053.000  1.253279e+02  2.760943e+01  5.664059e-15 
 1054.000  1.237266e+02  2.721224e+01  4.026931e-16 
 1055.000  1.242772e+02  2.728895e+01  0.000000e+00 
 1056.000  1.236613e+02  2.710870e+01 -5.640741e-15 
 1057.000  1.227665e+02  2.687243e+01  6.041989e-15 
 1058.000  1.203206e+02  2.630418e+01 -5.589044e-15 
 1059.000  1.166127e+02  2.544762e+01  1.121491e-14 
 1060.000  1.213681e+02  2.643149e+01  1.160887e-14 
 1061.000  1.169847e+02  2.543359e+01  5.408487e-15 
 1062.000  1.195850e+02  2.596090e+01 -1.153104e-14 
 1063.000  1.173832e+02  2.543957e+01 -1.134204e-14 
 1064.000  1.183593e+02  2.561226e+01  5.153033e-15 
 1065.000  1.174532e+02  2.538087e+01 -1.110004e-14 
 1066.000  1.139513e+02  2.458031e+01  1.191692e-14 
 1067.000  1.164931e+02  2.510547e+01 -8.758620e-15 
 1068.000  1.146041e+02  2.467529e+01  6.593470e-15 
 1069.000  1.052420e+02  2.263301e+01  3.715314e-16 
 1070.000  1.117135e+02  2.398265e+01  4.023450e-15 
 1071.000  1.109863e+02  2.380063e+01  7.219855e-15 
 1072.000  1.104139e+02  2.365212e+01 -1.270206e-15 
 1073.000  1.066386e+02  2.280817e+01 -2.245470e-15 
 1074.000  1.105843e+02  2.361065e+01 -1.655549e-15 
 1075.000  1.085986e+02  2.312828e+01 -1.038660e-14 
 1076.000  1.101123e+02  2.342441e+01 -6.068659e-15 
 1077.000  1.087065e+02  2.310428e+01  4.829094e-15 
 1078.000  1.076427e+02  2.286112e+01 -2.936224e-15 
 1079.000  1.033111e+02  2.190775e+01  3.666560e-16 
 1080.000  1.027202e+02  2.180155e+01 -1.116985e-16 
 1081.000  9.878327e+01  2.093424e+01 -5.049152e-15 
 1082.000  1.016227e+02  2.147618e+01  7.545233e-15 
 1083.000  9.701819e+01  2.049796e+01  1.761844e-14 
 1084.000  9.864783e+01  2.083953e+01 -2.347048e-14 
 1085.000  9.263453e+01  1.960395e+01  6.445585e-15 
 1086.000  9.491964e+01  2.003967e+01  2.342671e-16 
 1087.000  9.404900e+01  1.974796e+01  5.596903e-14 
 1088.000  1.000284e+02  2.096497e+01  3.464460e-14 
 1089.000  8.995367e+01  1.891062e+01  5.942602e-16 
 1090.000  9.069431e+01  1.905103e+01 -7.999676e-15 
 1091.000  9.239706e+01  1.936252e+01 -4.837747e-15 
 1092.000  8.717201e+01  1.827575e+01 -9.817317e-15 
 1093.000  7.967958e+01  1.673490e+01 -8.940157e-15 
 1094.000  7.008792e+01  1.471580e+01 -3.442665e-14 
 1095.000  7.619911e+01  1.597080e+01 -2.425741e-19 
 1096.000  7.606304e+01  1.591747e+01 -4.748099e-16 
 1097.000  7.367513e+01  1.540684e+01 -6.572974e-16 
 1098.000  5.943238e+01  1.257848e+01  3.760127e-18 
 1099.000  4.953025e+01  1.064800e+01  1.239882e-15 
 1100.000  5.093673e+01  1.092106e+01  2.885276e-21 
