  400.000  6.998416e+02  4.544369e+02 -1.576850e-14 
  401.000  6.970867e+02  4.487246e+02 -3.357446e-14 
  402.000  7.403054e+02  4.724424e+02 -1.088491e-13 
  403.000  6.947715e+02  4.395918e+02  6.671490e-14 
  404.000  7.480895e+02  4.693045e+02  2.061444e-14 
  405.000  6.873699e+02  4.275692e+02 -4.067521e-14 
  406.000  6.834745e+02  4.215793e+02  1.167400e-13 
  407.000  6.668992e+02  4.079273e+02  5.039272e-14 
  408.000  7.237974e+02  4.390645e+02 -4.112191e-14 
  409.000  8.025818e+02  4.828485e+02  4.252147e-14 
  410.000  6.721634e+02  4.010777e+02  4.787479e-14 
  411.000  7.906591e+02  4.679463e+02  3.306657e-14 
  412.000  8.206142e+02  4.817469e+02 -3.298838e-14 
  413.000  7.764532e+02  4.521615e+02  2.233795e-14 
  414.000  7.633063e+02  4.409474e+02 -7.464763e-15 
  415.000  8.153433e+02  4.672743e+02 -3.599413e-14 
  416.000  8.116005e+02  4.614596e+02  0.000000e+00 
  417.000  7.880804e+02  4.445714e+02 -9.336049e-14 
  418.000  7.720690e+02  4.321424e+02  7.012685e-14 
  419.000  7.921550e+02  4.399457e+02  9.002288e-14 
  420.000  6.714613e+02  3.700396e+02  3.055658e-14 
  421.000  8.424604e+02  4.607209e+02  4.958212e-14 
  422.000  8.083743e+02  4.387173e+02  3.675618e-14 
  423.000  6.836588e+02  3.682276e+02 -1.542561e-13 
  424.000  7.530099e+02  4.025329e+02 -1.093350e-13 
  425.000  7.809395e+02  4.143377e+02 -1.121478e-13 
  426.000  7.517040e+02  3.958575e+02  2.836626e-14 
  427.000  7.240126e+02  3.784531e+02  9.857058e-14 
  428.000  7.340877e+02  3.808959e+02  9.278787e-14 
  429.000  6.687189e+02  3.444393e+02  4.985524e-14 
  430.000  5.343117e+02  2.732063e+02 -1.356697e-14 
  431.000  4.810039e+02  2.441693e+02  6.082677e-15 
  432.000  8.669031e+02  4.368943e+02 -4.900946e-14 
  433.000  7.726306e+02  3.865970e+02 -3.431659e-14 
  434.000  7.352594e+02  3.652802e+02 -8.887963e-14 
  435.000  8.009241e+02  3.950871e+02 -8.263900e-14 
  436.000  8.891838e+02  4.355366e+02 -9.113941e-14 
  437.000  8.988456e+02  4.371854e+02 -1.473427e-13 
  438.000  8.061400e+02  3.893621e+02  1.374970e-14 
  439.000  7.810062e+02  3.746088e+02  5.895121e-15 
  440.000  8.763821e+02  4.174543e+02  1.278246e-13 
  441.000  8.745625e+02  4.137252e+02  3.061509e-14 
  442.000  9.221627e+02  4.332575e+02  2.297252e-14 
  443.000  9.294048e+02  4.336837e+02 -5.453704e-14 
  444.000  9.244335e+02  4.284350e+02  5.233862e-14 
  445.000  9.735159e+02  4.481274e+02 -1.014674e-13 
  446.000  8.675648e+02  3.966561e+02  8.906245e-14 
  447.000  9.905830e+02  4.498837e+02 -4.581860e-14 
  448.000  1.008173e+03  4.548860e+02  5.570563e-14 
  449.000  1.016122e+03  4.555130e+02 -7.727398e-14 
  450.000  1.039380e+03  4.629383e+02  9.231981e-14 
  451.000  1.124467e+03  4.976110e+02 -8.156627e-14 
  452.000  1.046434e+03  4.601005e+02 -7.093024e-14 
  453.000  9.723910e+02  4.248024e+02  2.393312e-14 
  454.000  1.037793e+03  4.504749e+02 -2.267563e-14 
  455.000  1.046153e+03  4.512114e+02 -1.559598e-14 
  456.000  1.072656e+03  4.597008e+02  1.222223e-13 
  457.000  1.079815e+03  4.598476e+02 -7.462208e-14 
  458.000  1.061948e+03  4.493967e+02  1.209423e-13 
  459.000  1.062935e+03  4.469961e+02  1.533099e-13 
  460.000  1.054784e+03  4.408040e+02  1.101482e-13 
  461.000  1.094159e+03  4.544236e+02 -1.509306e-14 
  462.000  1.077446e+03  4.447171e+02 -6.494694e-14 
  463.000  1.078811e+03  4.425404e+02  1.876053e-13 
  464.000  1.083305e+03  4.416752e+02  8.349973e-14 
  465.000  1.068401e+03  4.329527e+02  7.716545e-14 
  466.000  1.103172e+03  4.443350e+02 -1.085484e-14 
  467.000  1.065117e+03  4.264125e+02  2.138459e-15 
  468.000  1.128519e+03  4.490559e+02 -3.504164e-14 
  469.000  1.119554e+03  4.427743e+02  4.173818e-15 
  470.000  1.105034e+03  4.343560e+02  1.607013e-13 
  471.000  1.103920e+03  4.312450e+02 -9.366879e-14 
  472.000  1.118296e+03  4.341591e+02  4.528455e-14 
  473.000  1.107009e+03  4.271026e+02  2.048697e-13 
  474.000  1.116783e+03  4.281777e+02  5.206395e-14 
  475.000  1.162796e+03  4.429355e+02  1.060215e-13 
  476.000  1.127875e+03  4.267642e+02 -3.809883e-14 
  477.000  1.118332e+03  4.204324e+02 -9.900805e-14 
  478.000  1.174376e+03  4.391111e+02 -2.590837e-14 
  479.000  1.121721e+03  4.173753e+02  1.897726e-14 
  480.000  1.144448e+03  4.238151e+02 -6.843715e-14 
  481.000  1.138101e+03  4.193994e+02 -9.326647e-14 
  482.000  1.162539e+03  4.262368e+02  3.855043e-14 
  483.000  1.164404e+03  4.246994e+02 -9.060466e-14 
  484.000  1.120271e+03  4.064236e+02  1.189246e-13 
  485.000  1.129197e+03  4.074477e+02  1.748262e-14 
  486.000  9.160774e+02  3.287542e+02 -7.757683e-14 
  487.000  1.030213e+03  3.677066e+02 -3.941166e-14 
  488.000  1.119236e+03  3.973116e+02  8.599846e-14 
  489.000  1.041025e+03  3.675466e+02 -4.730516e-14 
  490.000  1.185836e+03  4.164146e+02 -3.206382e-14 
  491.000  1.110379e+03  3.878154e+02 -2.935206e-14 
  492.000  1.067763e+03  3.709251e+02  5.139628e-14 
  493.000  1.150762e+03  3.976180e+02  2.230522e-13 
  494.000  1.112447e+03  3.823263e+02  6.811402e-14 
  495.000  1.189999e+03  4.068074e+02  1.435000e-13 
  496.000  1.159869e+03  3.944031e+02 -7.861530e-14 
  497.000  1.126006e+03  3.808686e+02 -1.226401e-13 
  498.000  1.100254e+03  3.702035e+02  1.785918e-15 
  499.000  1.098446e+03  3.676586e+02 -7.822711e-14 
  500.000  1.094450e+03  3.644104e+02 -5.288362e-14 
  501.000  1.070741e+03  3.546607e+02  3.874874e-14 
  502.000  1.064541e+03  3.507820e+02  3.503413e-14 
  503.000  1.128862e+03  3.700600e+02  1.749914e-14 
  504.000  1.051089e+03  3.427947e+02  5.862050e-14 
  505.000  1.134553e+03  3.681195e+02 -1.875533e-14 
  506.000  1.215282e+03  3.923173e+02 -9.050963e-15 
  507.000  1.131367e+03  3.633882e+02  2.522912e-14 
  508.000  1.085599e+03  3.469403e+02 -3.337226e-14 
  509.000  1.171290e+03  3.724570e+02 -2.323947e-14 
  510.000  1.135533e+03  3.592885e+02 -7.822280e-14 
  511.000  1.136492e+03  3.578063e+02 -1.024224e-13 
  512.000  1.193464e+03  3.738845e+02  7.002432e-14 
  513.000  1.092883e+03  3.406887e+02 -1.664670e-14 
  514.000  1.070523e+03  3.320812e+02  2.469918e-14 
  515.000  1.093475e+03  3.375439e+02 -1.173002e-14 
  516.000  1.149241e+03  3.530268e+02 -1.570532e-13 
  517.000  8.470581e+02  2.589323e+02  5.792296e-14 
  518.000  1.049311e+03  3.191989e+02  8.206745e-15 
  519.000  9.946936e+02  3.011196e+02  0.000000e+00 
  520.000  1.095753e+03  3.301141e+02  4.102404e-14 
  521.000  1.096981e+03  3.288933e+02  8.089566e-14 
  522.000  1.141160e+03  3.404915e+02  1.095164e-13 
  523.000  1.063661e+03  3.158347e+02  1.543279e-14 
  524.000  1.154677e+03  3.412129e+02 -4.244141e-14 
  525.000  1.146086e+03  3.370471e+02  0.000000e+00 
  526.000  1.092832e+03  3.198593e+02  8.694397e-14 
  527.000  9.551963e+02  2.782454e+02 -7.001570e-14 
  528.000  1.147866e+03  3.327838e+02 -8.672598e-14 
  529.000  1.181144e+03  3.408148e+02 -4.505376e-14 
  530.000  1.116724e+03  3.207135e+02  6.894028e-15 
  531.000  1.216251e+03  3.476649e+02  6.581413e-15 
  532.000  1.160953e+03  3.303226e+02  1.730838e-14 
  533.000  1.020187e+03  2.889469e+02  1.466372e-14 
  534.000  1.109906e+03  3.129529e+02 -3.441303e-14 
  535.000  1.132946e+03  3.180417e+02  1.310492e-13 
  536.000  1.202728e+03  3.361456e+02  4.026505e-14 
  537.000  1.116365e+03  3.106320e+02 -8.204197e-14 
  538.000  1.169160e+03  3.238826e+02 -8.281076e-14 
  539.000  1.165868e+03  3.215411e+02  7.595215e-14 
  540.000  1.141516e+03  3.134325e+02  8.122823e-14 
  541.000  1.047272e+03  2.862867e+02 -4.679512e-14 
  542.000  1.168823e+03  3.181072e+02 -4.088784e-14 
  543.000  1.118597e+03  3.031003e+02 -9.630748e-14 
  544.000  1.180479e+03  3.184642e+02 -5.076206e-14 
  545.000  1.163558e+03  3.125251e+02  0.000000e+00 
  546.000  1.138331e+03  3.044148e+02 -1.051699e-13 
  547.000  1.187371e+03  3.161498e+02  9.587557e-15 
  548.000  1.102328e+03  2.922349e+02 -1.194245e-13 
  549.000  1.160786e+03  3.064047e+02 -2.571415e-14 
  550.000  1.136115e+03  2.986008e+02 -9.656155e-14 
  551.000  1.129997e+03  2.957136e+02  3.179878e-14 
  552.000  1.179751e+03  3.074103e+02  8.531436e-14 
  553.000  1.134535e+03  2.943625e+02  2.505276e-14 
  554.000  1.172643e+03  3.029503e+02 -6.762203e-14 
  555.000  1.176990e+03  3.027790e+02 -1.002541e-13 
  556.000  1.145576e+03  2.934464e+02  2.466632e-14 
  557.000  1.112578e+03  2.837832e+02 -2.394149e-14 
  558.000  1.155873e+03  2.935767e+02  3.295131e-14 
  559.000  1.093521e+03  2.765647e+02  2.950852e-14 
  560.000  1.099281e+03  2.768423e+02 -5.520016e-16 
  561.000  1.209187e+03  3.032275e+02 -2.475355e-14 
  562.000  1.110493e+03  2.772206e+02 -7.155620e-14 
  563.000  1.162741e+03  2.890220e+02  9.294865e-15 
  564.000  1.147195e+03  2.839206e+02  8.593818e-15 
  565.000  1.161406e+03  2.861441e+02 -1.078893e-13 
  566.000  1.071722e+03  2.629326e+02 -2.139741e-14 
  567.000  1.149185e+03  2.804830e+02  3.650024e-14 
  568.000  1.140974e+03  2.762168e+02  3.160339e-15 
  569.000  1.104587e+03  2.646049e+02 -6.377969e-14 
  570.000  1.114042e+03  2.660288e+02  1.574439e-14 
  571.000  1.086391e+03  2.596197e+02  8.772792e-15 
  572.000  1.139144e+03  2.698786e+02 -2.333617e-14 
  573.000  1.155512e+03  2.729977e+02  5.817877e-14 
  574.000  1.151307e+03  2.710164e+02 -9.118910e-15 
  575.000  1.123603e+03  2.633416e+02 -1.188561e-15 
  576.000  1.104017e+03  2.576878e+02 -5.081258e-14 
  577.000  1.153903e+03  2.685414e+02  5.543262e-15 
  578.000  1.124918e+03  2.613640e+02  5.645708e-14 
  579.000  1.119569e+03  2.594952e+02 -8.667309e-14 
  580.000  1.160237e+03  2.681047e+02  1.442632e-14 
  581.000  1.142690e+03  2.634792e+02  6.561421e-14 
  582.000  1.161854e+03  2.670793e+02  1.976822e-14 
  583.000  1.170812e+03  2.681172e+02  7.089259e-14 
  584.000  1.168008e+03  2.664642e+02  1.024852e-13 
  585.000  1.160926e+03  2.637971e+02  3.676490e-14 
  586.000  1.111765e+03  2.516404e+02  6.535722e-15 
  587.000  1.150630e+03  2.587790e+02 -3.074075e-14 
  588.000  1.117966e+03  2.483401e+02  1.169329e-14 
  589.000  9.625479e+02  2.110636e+02  5.540984e-15 
  590.000  1.003681e+03  2.191355e+02 -1.857613e-14 
  591.000  1.088855e+03  2.381983e+02  4.277737e-14 
  592.000  1.057336e+03  2.297269e+02 -2.012613e-14 
  593.000  1.093706e+03  2.384115e+02 -3.502669e-14 
  594.000  1.098907e+03  2.382316e+02 -5.331226e-15 
  595.000  1.061441e+03  2.281524e+02 -6.411980e-15 
  596.000  1.113770e+03  2.402347e+02 -1.261745e-14 
  597.000  1.112906e+03  2.387818e+02  1.572088e-14 
  598.000  1.101412e+03  2.362569e+02  1.867393e-14 
  599.000  1.107071e+03  2.369933e+02  2.244014e-14 
  600.000  1.117660e+03  2.393284e+02  2.753967e-14 
  601.000  1.118793e+03  2.393817e+02 -6.839478e-14 
  602.000  1.109725e+03  2.368996e+02  1.448794e-14 
  603.000  1.119449e+03  2.384171e+02 -1.510283e-14 
  604.000  1.157426e+03  2.458573e+02  6.663075e-15 
  605.000  1.156138e+03  2.448083e+02 -2.878834e-14 
  606.000  1.143835e+03  2.413623e+02 -7.659356e-15 
  607.000  1.138486e+03  2.393970e+02 -5.383137e-14 
  608.000  1.135280e+03  2.378796e+02  1.164261e-13 
  609.000  1.124558e+03  2.347978e+02 -1.499786e-14 
  610.000  1.107432e+03  2.304032e+02  7.375036e-15 
  611.000  1.126267e+03  2.334916e+02  1.551805e-14 
  612.000  1.112445e+03  2.298095e+02 -6.857792e-15 
  613.000  1.097008e+03  2.258177e+02 -6.029931e-14 
  614.000  1.058172e+03  2.170515e+02 -5.032761e-16 
  615.000  1.109657e+03  2.268078e+02  8.128367e-14 
  616.000  1.055813e+03  2.150391e+02 -4.486613e-14 
  617.000  1.062499e+03  2.156329e+02 -2.754801e-14 
  618.000  1.113332e+03  2.251445e+02 -6.606869e-14 
  619.000  1.103795e+03  2.224152e+02  6.596689e-14 
  620.000  1.120751e+03  2.250200e+02 -1.687318e-14 
  621.000  1.140641e+03  2.281846e+02 -3.751382e-14 
  622.000  1.080987e+03  2.154631e+02 -1.574252e-14 
  623.000  1.089883e+03  2.164347e+02  9.217894e-15 
  624.000  1.091514e+03  2.159627e+02 -9.227382e-15 
  625.000  1.062335e+03  2.094156e+02  3.386961e-14 
  626.000  1.067205e+03  2.094825e+02  1.006993e-15 
  627.000  1.078501e+03  2.100912e+02 -1.679722e-14 
  628.000  1.054453e+03  2.032142e+02  1.396090e-15 
  629.000  1.084493e+03  2.088678e+02  3.403588e-14 
  630.000  1.055726e+03  2.032323e+02 -4.769685e-15 
  631.000  1.097188e+03  2.108141e+02 -8.909185e-15 
  632.000  1.015706e+03  1.939212e+02  2.352710e-14 
  633.000  1.098756e+03  2.098894e+02  9.870601e-15 
  634.000  1.068495e+03  2.036467e+02 -7.423782e-14 
  635.000  1.088199e+03  2.066769e+02  5.642914e-14 
  636.000  1.051619e+03  1.992289e+02 -3.377715e-14 
  637.000  1.087701e+03  2.054783e+02 -1.742130e-14 
  638.000  1.108860e+03  2.092400e+02  8.702034e-15 
  639.000  1.100325e+03  2.069483e+02  6.384465e-14 
  640.000  1.068106e+03  2.004464e+02 -6.956981e-14 
  641.000  1.083937e+03  2.027297e+02 -2.235206e-14 
  642.000  1.072737e+03  2.001299e+02  5.487227e-14 
  643.000  1.089355e+03  2.022260e+02 -7.485726e-15 
  644.000  1.077364e+03  1.993364e+02  7.738783e-14 
  645.000  1.083197e+03  1.993854e+02 -1.934770e-14 
  646.000  1.026001e+03  1.869398e+02 -2.947677e-14 
  647.000  1.028932e+03  1.861613e+02  3.077636e-15 
  648.000  1.014732e+03  1.823493e+02 -3.801169e-14 
  649.000  1.046391e+03  1.879953e+02 -2.422075e-14 
  650.000  9.900939e+02  1.785824e+02  4.538691e-15 
  651.000  1.066905e+03  1.918104e+02  1.351442e-14 
  652.000  1.028029e+03  1.830679e+02  6.449942e-15 
  653.000  1.071101e+03  1.915384e+02 -3.044611e-14 
  654.000  1.055133e+03  1.879003e+02  2.080882e-14 
  655.000  1.019994e+03  1.805457e+02  1.038380e-14 
  656.000  8.685956e+02  1.534027e+02 -6.075935e-15 
  657.000  9.312371e+02  1.642008e+02 -1.040952e-14 
  658.000  1.044977e+03  1.842178e+02  2.731391e-15 
  659.000  1.052148e+03  1.852472e+02 -1.105184e-14 
  660.000  1.062677e+03  1.866696e+02  1.648895e-14 
  661.000  1.073265e+03  1.884242e+02 -1.248816e-14 
  662.000  1.091521e+03  1.912843e+02 -4.965163e-14 
  663.000  1.079332e+03  1.884872e+02  2.549823e-14 
  664.000  1.063488e+03  1.852281e+02  2.745157e-14 
  665.000  1.069274e+03  1.857240e+02 -1.282145e-14 
  666.000  1.083562e+03  1.877195e+02  2.737841e-14 
  667.000  1.063152e+03  1.836787e+02  4.093312e-14 
  668.000  1.070479e+03  1.844611e+02  6.003408e-14 
  669.000  1.086723e+03  1.867202e+02  2.683555e-14 
  670.000  1.074443e+03  1.840641e+02  9.180325e-14 
  671.000  1.063836e+03  1.817159e+02  7.909107e-14 
  672.000  1.061033e+03  1.806976e+02  5.827808e-14 
  673.000  1.069282e+03  1.815599e+02  5.866934e-14 
  674.000  1.071999e+03  1.814796e+02  8.133540e-14 
  675.000  1.056254e+03  1.782840e+02  1.295531e-14 
  676.000  1.076810e+03  1.812137e+02 -4.702568e-15 
  677.000  1.056002e+03  1.771856e+02 -3.970978e-14 
  678.000  1.074089e+03  1.796883e+02  1.455088e-14 
  679.000  1.059370e+03  1.766885e+02 -1.434102e-14 
  680.000  1.051069e+03  1.747085e+02  7.754788e-14 
  681.000  1.051888e+03  1.742315e+02 -3.169845e-14 
  682.000  1.049851e+03  1.733493e+02  1.237318e-14 
  683.000  1.056827e+03  1.739264e+02  6.923431e-15 
  684.000  1.036722e+03  1.699543e+02  1.903894e-14 
  685.000  1.049871e+03  1.717023e+02  1.923734e-14 
  686.000  1.002352e+03  1.631986e+02  2.549325e-14 
  687.000  8.827905e+02  1.403911e+02 -5.827764e-15 
  688.000  9.229156e+02  1.470439e+02 -2.166085e-14 
  689.000  9.130773e+02  1.448017e+02  1.898545e-14 
  690.000  9.384357e+02  1.487908e+02 -1.125886e-14 
  691.000  9.648765e+02  1.529812e+02 -1.078000e-14 
  692.000  9.652869e+02  1.526149e+02 -2.115281e-14 
  693.000  9.383729e+02  1.469186e+02  1.728742e-14 
  694.000  9.155099e+02  1.421559e+02  4.867706e-15 
  695.000  9.174385e+02  1.424060e+02 -1.321657e-14 
  696.000  9.394492e+02  1.456693e+02  2.406127e-14 
  697.000  9.957277e+02  1.556613e+02  8.027617e-15 
  698.000  9.656225e+02  1.500759e+02  6.365815e-15 
  699.000  9.339604e+02  1.434242e+02  9.168244e-15 
  700.000  9.309349e+02  1.427139e+02 -2.485595e-15 
  701.000  8.994778e+02  1.372650e+02 -7.913411e-15 
  702.000  9.028394e+02  1.375574e+02  2.878843e-15 
  703.000  9.559722e+02  1.463186e+02 -1.713790e-14 
  704.000  9.605936e+02  1.466679e+02 -3.375792e-14 
  705.000  9.511646e+02  1.443374e+02  1.550466e-14 
  706.000  9.444775e+02  1.430103e+02 -2.139918e-14 
  707.000  9.362683e+02  1.415352e+02  8.738251e-15 
  708.000  9.701711e+02  1.464461e+02  5.536321e-17 
  709.000  9.488055e+02  1.432492e+02  9.164480e-15 
  710.000  9.566457e+02  1.435685e+02  3.464994e-14 
  711.000  9.613884e+02  1.443382e+02  1.417550e-15 
  712.000  9.601686e+02  1.442047e+02  4.792409e-14 
  713.000  9.463741e+02  1.413551e+02  5.068333e-15 
  714.000  9.589903e+02  1.427028e+02  2.852780e-14 
  715.000  9.096181e+02  1.344703e+02 -3.082010e-15 
  716.000  9.160895e+02  1.345418e+02 -1.313010e-14 
  717.000  7.904551e+02  1.137160e+02 -1.202719e-14 
  718.000  7.262394e+02  1.025347e+02 -3.025186e-15 
  719.000  6.968184e+02  9.746710e+01 -1.004871e-14 
  720.000  6.717043e+02  9.288914e+01  7.376418e-15 
  721.000  8.090599e+02  1.156503e+02 -5.593464e-15 
  722.000  8.736807e+02  1.255981e+02 -3.008757e-15 
  723.000  8.415754e+02  1.201153e+02 -1.828735e-14 
  724.000  7.632606e+02  1.068412e+02  4.795345e-15 
  725.000  7.664810e+02  1.072974e+02  2.006823e-15 
  726.000  7.614834e+02  1.062240e+02  5.827347e-15 
  727.000  7.844835e+02  1.094534e+02  1.406002e-15 
  728.000  7.588162e+02  1.052846e+02 -4.894681e-15 
  729.000  7.586304e+02  1.057493e+02 -1.013286e-14 
  730.000  7.816406e+02  1.085807e+02 -2.093579e-15 
  731.000  7.627631e+02  1.055638e+02 -3.732308e-15 
  732.000  8.304907e+02  1.158110e+02 -4.187389e-16 
  733.000  8.700241e+02  1.220289e+02 -2.615798e-15 
  734.000  9.142964e+02  1.285329e+02  5.464301e-15 
  735.000  8.981088e+02  1.257249e+02 -9.575151e-15 
  736.000  8.651201e+02  1.204546e+02  1.265717e-14 
  737.000  8.892892e+02  1.237666e+02  1.575132e-14 
  738.000  9.044146e+02  1.259639e+02 -1.381795e-14 
  739.000  8.826061e+02  1.228108e+02 -8.771234e-16 
  740.000  9.075182e+02  1.264732e+02  1.022447e-14 
  741.000  9.099152e+02  1.268321e+02  2.341732e-14 
  742.000  8.990110e+02  1.251454e+02  2.179234e-14 
  743.000  9.344572e+02  1.301318e+02 -1.854010e-14 
  744.000  9.474215e+02  1.317594e+02  1.278197e-14 
  745.000  9.259282e+02  1.285954e+02  3.770394e-14 
  746.000  9.413420e+02  1.305216e+02  3.270589e-14 
  747.000  9.566576e+02  1.323204e+02  1.080276e-14 
  748.000  9.410862e+02  1.299312e+02 -5.497864e-15 
  749.000  9.423185e+02  1.298069e+02  2.080860e-14 
  750.000  9.279893e+02  1.274563e+02 -7.120883e-14 
  751.000  9.260063e+02  1.268631e+02 -3.358386e-14 
  752.000  9.419655e+02  1.288043e+02 -1.802888e-14 
  753.000  9.338204e+02  1.273907e+02  2.133798e-14 
  754.000  9.490476e+02  1.291553e+02 -5.912411e-15 
  755.000  9.440062e+02  1.281478e+02  3.957058e-14 
  756.000  9.259391e+02  1.253825e+02  4.218308e-15 
  757.000  9.330654e+02  1.260307e+02 -3.288053e-14 
  758.000  9.310158e+02  1.253788e+02 -8.660142e-14 
  759.000  8.393975e+02  1.111902e+02 -2.261847e-14 
  760.000  3.203201e+02  3.866815e+01 -1.362508e-15 
  761.000  2.767744e+02  3.290366e+01 -2.513903e-15 
  762.000  5.478585e+02  6.881696e+01  3.668088e-15 
  763.000  4.710461e+02  5.808478e+01  2.308797e-15 
  764.000  5.178654e+02  6.418008e+01  2.761371e-15 
  765.000  6.256862e+02  7.902603e+01 -1.352630e-15 
  766.000  7.177560e+02  9.258617e+01  1.291895e-14 
  767.000  7.901616e+02  1.023636e+02  9.963975e-15 
  768.000  8.630971e+02  1.122115e+02 -6.379179e-15 
  769.000  8.871365e+02  1.156740e+02 -4.838441e-14 
  770.000  8.954960e+02  1.168284e+02  2.055134e-14 
  771.000  9.028690e+02  1.177128e+02 -5.777364e-14 
  772.000  9.010722e+02  1.172449e+02 -1.484036e-14 
  773.000  8.982682e+02  1.166172e+02  2.660849e-14 
  774.000  9.086611e+02  1.177022e+02  7.504152e-14 
  775.000  8.750984e+02  1.130944e+02 -5.675807e-14 
  776.000  9.116695e+02  1.175479e+02  7.441451e-14 
  777.000  9.055991e+02  1.164793e+02 -3.268294e-14 
  778.000  9.008692e+02  1.155797e+02 -4.396453e-14 
  779.000  9.039386e+02  1.156830e+02  2.705695e-14 
  780.000  8.929135e+02  1.139881e+02  2.012844e-14 
  781.000  8.922252e+02  1.136568e+02 -1.022943e-14 
  782.000  9.030998e+02  1.147547e+02  9.610187e-15 
  783.000  8.821499e+02  1.118156e+02  3.033690e-14 
  784.000  8.867847e+02  1.120994e+02  5.012414e-14 
  785.000  8.863773e+02  1.116119e+02 -4.736131e-15 
  786.000  8.667303e+02  1.086568e+02  3.275337e-14 
  787.000  8.694702e+02  1.082943e+02  9.591398e-15 
  788.000  8.512508e+02  1.055658e+02 -3.375213e-16 
  789.000  8.373514e+02  1.030036e+02 -2.955345e-14 
  790.000  8.273489e+02  1.014852e+02 -5.456615e-14 
  791.000  8.267714e+02  1.012676e+02 -9.564987e-15 
  792.000  8.170971e+02  9.993823e+01 -4.566906e-14 
  793.000  8.240363e+02  1.007799e+02  2.203129e-14 
  794.000  8.315850e+02  1.020435e+02  2.391436e-14 
  795.000  8.175477e+02  9.971912e+01 -5.324687e-15 
  796.000  8.055466e+02  9.729446e+01  7.577980e-16 
  797.000  8.182280e+02  9.877758e+01 -1.890251e-14 
  798.000  8.354392e+02  1.011090e+02  4.204295e-14 
  799.000  8.311365e+02  1.002326e+02 -1.069769e-14 
  800.000  7.978910e+02  9.566930e+01 -6.206516e-15 
  801.000  8.142834e+02  9.744453e+01 -7.947487e-15 
  802.000  8.116537e+02  9.687380e+01 -7.300094e-16 
  803.000  8.019118e+02  9.553505e+01 -1.582814e-14 
  804.000  8.149720e+02  9.702174e+01 -6.563313e-15 
  805.000  8.033583e+02  9.574148e+01  1.915928e-14 
  806.000  8.317620e+02  9.912392e+01  3.493367e-14 
  807.000  8.272361e+02  9.836697e+01  3.014022e-14 
  808.000  8.186445e+02  9.699146e+01 -3.438133e-14 
  809.000  8.004547e+02  9.447122e+01  2.101322e-15 
  810.000  7.920354e+02  9.311146e+01  8.107212e-15 
  811.000  7.945633e+02  9.291850e+01 -1.664263e-14 
  812.000  7.780898e+02  9.046796e+01 -1.166510e-14 
  813.000  7.580059e+02  8.761578e+01  5.445760e-15 
  814.000  7.348947e+02  8.440823e+01 -8.230340e-15 
  815.000  6.999191e+02  7.982317e+01 -7.042709e-15 
  816.000  6.602821e+02  7.466317e+01 -9.082355e-16 
  817.000  6.659515e+02  7.514325e+01  1.774067e-15 
  818.000  6.646366e+02  7.486575e+01  5.376517e-15 
  819.000  6.577617e+02  7.410067e+01 -2.779212e-15 
  820.000  6.812602e+02  7.706097e+01 -2.734151e-15 
  821.000  7.476297e+02  8.502924e+01  4.878255e-14 
  822.000  6.943127e+02  7.831792e+01  6.889080e-15 
  823.000  6.160249e+02  6.816734e+01 -9.815912e-16 
  824.000  7.003021e+02  7.848133e+01  3.484271e-15 
  825.000  7.494056e+02  8.454110e+01 -7.620532e-15 
  826.000  7.459275e+02  8.384338e+01 -1.427730e-14 
  827.000  7.372195e+02  8.258285e+01 -7.623979e-15 
  828.000  7.029916e+02  7.815205e+01 -9.951361e-15 
  829.000  7.144358e+02  7.939305e+01  1.112573e-14 
  830.000  7.163051e+02  7.960483e+01  5.850232e-15 
  831.000  7.069557e+02  7.844582e+01  5.452147e-15 
  832.000  7.231492e+02  8.011064e+01 -1.266850e-15 
  833.000  7.082048e+02  7.840408e+01 -9.284459e-15 
  834.000  7.276870e+02  8.054372e+01 -1.371427e-14 
  835.000  7.464202e+02  8.279951e+01 -3.433429e-15 
  836.000  7.498005e+02  8.287936e+01  2.516021e-14 
  837.000  7.432502e+02  8.197440e+01  4.739160e-15 
  838.000  7.543513e+02  8.320564e+01  1.324779e-14 
  839.000  7.358096e+02  8.110904e+01 -3.261689e-14 
  840.000  7.574400e+02  8.336086e+01 -4.251007e-16 
  841.000  7.543206e+02  8.270496e+01  2.567282e-15 
  842.000  7.544277e+02  8.266049e+01 -2.421842e-16 
  843.000  7.603540e+02  8.345791e+01  6.671956e-15 
  844.000  7.527871e+02  8.261810e+01 -1.401226e-14 
  845.000  7.666468e+02  8.404197e+01  1.135755e-14 
  846.000  7.760075e+02  8.497758e+01  2.335780e-15 
  847.000  7.519225e+02  8.226485e+01 -9.724012e-15 
  848.000  7.699139e+02  8.388162e+01  1.074910e-14 
  849.000  7.719752e+02  8.394563e+01 -1.726959e-14 
  850.000  6.657435e+02  7.216930e+01  8.555202e-15 
  851.000  7.603576e+02  8.215997e+01  3.424517e-16 
  852.000  7.318693e+02  7.892115e+01  3.093964e-16 
  853.000  7.443599e+02  8.024300e+01 -5.468619e-15 
  854.000  5.983754e+02  6.436264e+01  1.185421e-14 
  855.000  6.605339e+02  7.096573e+01 -8.566902e-15 
  856.000  7.535956e+02  8.094697e+01 -1.307345e-14 
  857.000  7.674108e+02  8.233941e+01 -4.351617e-14 
  858.000  7.560781e+02  8.099364e+01 -4.705210e-14 
  859.000  7.579008e+02  8.111047e+01 -4.549924e-15 
  860.000  7.521081e+02  8.036560e+01  2.162968e-14 
  861.000  7.522755e+02  8.022067e+01 -3.844321e-14 
  862.000  7.503515e+02  7.986999e+01  7.777241e-15 
  863.000  7.648920e+02  8.124959e+01 -1.738422e-14 
  864.000  7.638048e+02  8.098082e+01  5.173266e-14 
  865.000  7.499529e+02  7.935916e+01 -2.986076e-14 
  866.000  6.292304e+02  6.644796e+01  2.454331e-14 
  867.000  6.701391e+02  7.061771e+01 -1.146980e-14 
  868.000  7.269515e+02  7.644653e+01  2.111981e-14 
  869.000  7.169589e+02  7.524281e+01  1.996289e-14 
  870.000  7.466044e+02  7.818758e+01 -4.662849e-14 
  871.000  7.457559e+02  7.794066e+01  1.305073e-14 
  872.000  7.430777e+02  7.750990e+01  4.607213e-14 
  873.000  7.459968e+02  7.764285e+01  4.449696e-15 
  874.000  7.296722e+02  7.578127e+01  2.524078e-14 
  875.000  7.230608e+02  7.493824e+01  1.120477e-14 
  876.000  7.289137e+02  7.537360e+01  2.913732e-16 
  877.000  7.434310e+02  7.670846e+01  1.301385e-14 
  878.000  7.297505e+02  7.508693e+01 -3.345158e-14 
  879.000  7.314977e+02  7.510892e+01 -3.819851e-14 
  880.000  7.264922e+02  7.439510e+01  4.060565e-15 
  881.000  6.883729e+02  7.032275e+01  3.850916e-15 
  882.000  7.260262e+02  7.399275e+01 -8.713878e-15 
  883.000  7.100245e+02  7.223817e+01  8.512286e-15 
  884.000  7.163431e+02  7.274201e+01  3.716783e-15 
  885.000  7.220145e+02  7.307498e+01 -2.893750e-14 
  886.000  6.959940e+02  7.020208e+01 -5.499951e-15 
  887.000  6.908598e+02  6.960954e+01  5.571134e-16 
  888.000  7.115172e+02  7.153925e+01 -2.084248e-14 
  889.000  7.169331e+02  7.196473e+01 -5.774692e-16 
  890.000  7.131757e+02  7.138866e+01 -1.300480e-14 
  891.000  7.060349e+02  7.039774e+01  1.207809e-15 
  892.000  6.960027e+02  6.900283e+01  1.052065e-14 
  893.000  6.464796e+02  6.341152e+01  1.486288e-15 
  894.000  6.558552e+02  6.397416e+01 -1.393301e-14 
  895.000  5.879127e+02  5.680478e+01 -1.103411e-14 
  896.000  5.750857e+02  5.510457e+01  1.507467e-15 
  897.000  5.256605e+02  4.983543e+01 -3.080910e-16 
  898.000  5.100218e+02  4.800916e+01  1.891482e-15 
  899.000  4.656339e+02  4.304947e+01 -2.054954e-15 
  900.000  4.597968e+02  4.251619e+01  3.691219e-15 
  901.000  4.394974e+02  4.039121e+01 -4.754300e-16 
  902.000  4.337722e+02  3.983721e+01  1.747360e-16 
  903.000  5.309124e+02  4.986874e+01 -1.261328e-15 
  904.000  5.870554e+02  5.550837e+01 -7.438533e-16 
  905.000  5.840998e+02  5.513111e+01  3.137707e-15 
  906.000  5.390408e+02  5.053489e+01 -1.804605e-15 
  907.000  4.969480e+02  4.588715e+01  5.183033e-14 
  908.000  4.520233e+02  4.115435e+01  9.414012e-16 
  909.000  4.454606e+02  4.049200e+01  3.224850e-15 
  910.000  4.553970e+02  4.138962e+01 -2.326534e-15 
  911.000  4.748438e+02  4.341774e+01 -1.719404e-15 
  912.000  4.658872e+02  4.235976e+01 -2.811054e-16 
  913.000  4.335771e+02  3.870246e+01  2.303487e-15 
  914.000  4.519207e+02  4.058972e+01 -1.812914e-16 
  915.000  4.608336e+02  4.159493e+01 -4.480934e-15 
  916.000  4.713922e+02  4.255269e+01  7.205081e-16 
  917.000  4.735771e+02  4.283180e+01 -5.946539e-15 
  918.000  4.835138e+02  4.384774e+01  9.254976e-16 
  919.000  5.329178e+02  4.878658e+01  2.122854e-15 
  920.000  5.615731e+02  5.162700e+01 -3.350137e-15 
  921.000  5.423200e+02  4.972129e+01  4.665792e-16 
  922.000  5.369801e+02  4.913951e+01 -1.750858e-15 
  923.000  5.058302e+02  4.613173e+01 -2.530308e-15 
  924.000  5.057761e+02  4.584397e+01 -5.554595e-15 
  925.000  5.102665e+02  4.611627e+01 -5.582491e-15 
  926.000  4.902744e+02  4.414708e+01  2.573579e-15 
  927.000  4.827036e+02  4.304361e+01 -2.315320e-15 
  928.000  4.472373e+02  3.921338e+01  2.280604e-15 
  929.000  3.892975e+02  3.332680e+01 -9.120066e-16 
  930.000  3.280523e+02  2.742334e+01  1.401230e-16 
  931.000  2.674483e+02  2.186777e+01  9.188684e-16 
  932.000  1.944165e+02  1.539457e+01 -2.509335e-18 
  933.000  1.518650e+02  1.173626e+01  5.684249e-17 
  934.000  1.135100e+02  8.541227e+00  7.828061e-17 
  935.000  1.078714e+02  8.076894e+00  7.744499e-20 
  936.000  1.198083e+02  9.038233e+00 -8.224831e-20 
  937.000  1.196054e+02  8.990380e+00 -2.826885e-17 
  938.000  1.615994e+02  1.246925e+01  6.628686e-19 
  939.000  3.068541e+02  2.489049e+01 -7.118402e-15 
  940.000  3.314084e+02  2.707339e+01  3.494328e-15 
  941.000  3.031764e+02  2.457121e+01  0.000000e+00 
  942.000  2.444824e+02  1.949533e+01  7.784923e-16 
  943.000  1.850097e+02  1.434546e+01  1.315334e-18 
  944.000  1.750793e+02  1.351501e+01  1.074954e-16 
  945.000  2.000653e+02  1.556709e+01  4.244925e-17 
  946.000  2.046933e+02  1.591836e+01 -2.613048e-18 
  947.000  2.273560e+02  1.781998e+01 -4.064569e-16 
  948.000  2.433937e+02  1.914362e+01  1.962764e-26 
  949.000  2.430093e+02  1.908614e+01 -4.393034e-16 
  950.000  2.454426e+02  1.927411e+01  5.193963e-18 
  951.000  2.778217e+02  2.201274e+01 -2.193520e-22 
  952.000  2.431148e+02  1.904474e+01  8.094379e-16 
  953.000  2.679639e+02  2.113841e+01 -1.727665e-15 
  954.000  2.941255e+02  2.338513e+01 -2.033547e-17 
  955.000  2.545069e+02  2.008884e+01 -9.511071e-18 
  956.000  2.680854e+02  2.113573e+01  2.953587e-15 
  957.000  3.424346e+02  2.760710e+01 -8.487800e-16 
  958.000  3.564935e+02  2.882909e+01 -1.573849e-16 
  959.000  3.455039e+02  2.779390e+01  7.819280e-16 
  960.000  3.391761e+02  2.722556e+01  8.509187e-16 
  961.000  3.296857e+02  2.637955e+01  2.396103e-15 
  962.000  3.377440e+02  2.704575e+01 -6.929831e-16 
  963.000  3.816484e+02  3.101890e+01  3.257735e-15 
  964.000  3.842921e+02  3.127924e+01  7.930300e-17 
  965.000  3.851808e+02  3.125858e+01 -3.902852e-16 
  966.000  3.770445e+02  3.059465e+01 -7.795214e-17 
  967.000  4.224476e+02  3.473086e+01 -4.638297e-15 
  968.000  4.773876e+02  3.995328e+01 -3.366629e-15 
  969.000  5.090021e+02  4.276811e+01 -7.043977e-16 
  970.000  5.122672e+02  4.299387e+01  1.432859e-16 
  971.000  5.071718e+02  4.249123e+01  9.410245e-16 
  972.000  5.026282e+02  4.197552e+01 -2.138406e-15 
  973.000  4.796729e+02  3.984955e+01  1.149571e-15 
  974.000  4.509182e+02  3.720190e+01 -4.766239e-15 
  975.000  4.396772e+02  3.605810e+01  0.000000e+00 
  976.000  4.619116e+02  3.801085e+01  1.343952e-16 
  977.000  4.781144e+02  3.952419e+01  3.018186e-15 
  978.000  4.878753e+02  4.025763e+01  7.227230e-16 
  979.000  4.813537e+02  3.972066e+01  1.692814e-15 
  980.000  5.180593e+02  4.290598e+01 -9.059055e-15 
  981.000  5.286688e+02  4.377533e+01  3.881803e-15 
  982.000  5.210558e+02  4.303116e+01 -3.984488e-15 
  983.000  5.355737e+02  4.430006e+01 -1.412394e-16 
  984.000  5.484773e+02  4.547408e+01 -7.770326e-15 
  985.000  5.577610e+02  4.629503e+01  1.419349e-14 
  986.000  5.654877e+02  4.705558e+01 -4.449085e-15 
  987.000  5.774431e+02  4.807187e+01 -4.753376e-15 
  988.000  5.716765e+02  4.753710e+01  2.639608e-15 
  989.000  5.652983e+02  4.694345e+01 -1.685190e-14 
  990.000  5.714883e+02  4.740291e+01 -1.688937e-15 
  991.000  5.808025e+02  4.819007e+01 -4.543406e-15 
  992.000  5.767944e+02  4.780383e+01 -9.985498e-15 
  993.000  5.773236e+02  4.777633e+01 -4.323792e-15 
  994.000  5.843878e+02  4.836237e+01  4.608062e-16 
  995.000  5.829268e+02  4.823312e+01 -1.319741e-14 
  996.000  5.828428e+02  4.814234e+01  4.572537e-16 
  997.000  5.817713e+02  4.792369e+01 -3.188121e-15 
  998.000  5.776541e+02  4.746241e+01 -9.894426e-15 
  999.000  5.755081e+02  4.718726e+01  6.139638e-15 
 1000.000  5.715734e+02  4.679800e+01 -8.583565e-15 
 1001.000  5.705812e+02  4.654182e+01 -1.792080e-14 
 1002.000  5.631765e+02  4.572338e+01 -1.823890e-15 
 1003.000  5.582162e+02  4.527390e+01 -1.198235e-15 
 1004.000  5.573521e+02  4.520388e+01 -1.495199e-14 
 1005.000  5.222291e+02  4.231769e+01 -5.027138e-15 
 1006.000  5.502545e+02  4.452513e+01  1.372989e-15 
 1007.000  5.590892e+02  4.513581e+01 -4.860422e-15 
 1008.000  5.562043e+02  4.471861e+01 -5.825022e-15 
 1009.000  5.458637e+02  4.368640e+01 -7.242650e-15 
 1010.000  5.511043e+02  4.408667e+01 -1.612683e-14 
 1011.000  5.556564e+02  4.452156e+01  3.288504e-15 
 1012.000  5.587740e+02  4.475731e+01  1.962008e-15 
 1013.000  5.570086e+02  4.459146e+01  4.799901e-15 
 1014.000  5.616017e+02  4.490586e+01  1.008451e-14 
 1015.000  5.514814e+02  4.402731e+01 -1.260358e-14 
 1016.000  5.560738e+02  4.434341e+01  8.912737e-15 
 1017.000  5.511943e+02  4.388533e+01 -5.597218e-15 
 1018.000  5.572494e+02  4.427335e+01  1.382714e-14 
 1019.000  5.421591e+02  4.294592e+01 -6.758697e-15 
 1020.000  5.419348e+02  4.287645e+01  7.632435e-15 
 1021.000  5.491412e+02  4.341611e+01 -1.570763e-14 
 1022.000  5.380823e+02  4.240366e+01  1.490679e-14 
 1023.000  5.460355e+02  4.290497e+01 -1.631522e-14 
 1024.000  5.418696e+02  4.247643e+01  6.599747e-15 
 1025.000  5.462238e+02  4.284631e+01  8.938433e-16 
 1026.000  5.489250e+02  4.303448e+01  4.390637e-15 
 1027.000  5.448782e+02  4.262762e+01 -1.042918e-15 
 1028.000  5.469573e+02  4.273717e+01 -3.417949e-15 
 1029.000  5.405838e+02  4.221085e+01  1.854332e-14 
 1030.000  5.478594e+02  4.275854e+01 -4.275652e-16 
 1031.000  5.471151e+02  4.265680e+01 -2.130505e-16 
 1032.000  5.459996e+02  4.252092e+01  1.858791e-14 
 1033.000  5.362379e+02  4.169848e+01  2.363271e-14 
 1034.000  5.423975e+02  4.212104e+01 -2.031572e-14 
 1035.000  5.369407e+02  4.163659e+01  2.114033e-14 
 1036.000  5.440214e+02  4.211815e+01 -6.089216e-15 
 1037.000  5.327564e+02  4.118287e+01  1.809022e-14 
 1038.000  5.381816e+02  4.153778e+01  1.743328e-14 
 1039.000  5.402832e+02  4.162621e+01 -3.564396e-14 
 1040.000  5.338473e+02  4.105956e+01  5.974894e-15 
 1041.000  5.366355e+02  4.120348e+01 -1.470590e-14 
 1042.000  5.382517e+02  4.125965e+01  2.659139e-14 
 1043.000  5.290362e+02  4.048813e+01 -1.225296e-14 
 1044.000  5.342798e+02  4.082101e+01  3.301256e-15 
 1045.000  5.318033e+02  4.055648e+01  2.669033e-15 
 1046.000  5.162383e+02  3.930053e+01 -2.234000e-14 
 1047.000  5.256071e+02  3.994290e+01  0.000000e+00 
 1048.000  5.308358e+02  4.027182e+01 -9.035655e-15 
 1049.000  5.274718e+02  3.995097e+01 -5.714381e-15 
 1050.000  5.241097e+02  3.962312e+01 -2.841196e-14 
 1051.000  5.237075e+02  3.951178e+01 -8.936658e-15 
 1052.000  5.210791e+02  3.924205e+01 -2.032247e-16 
 1053.000  5.214123e+02  3.920565e+01  5.664059e-15 
 1054.000  5.156761e+02  3.869711e+01  2.401703e-15 
 1055.000  5.190754e+02  3.887474e+01 -2.564141e-14 
 1056.000  5.174734e+02  3.868290e+01  1.430435e-14 
 1057.000  5.156518e+02  3.845255e+01 -1.258263e-14 
 1058.000  5.084000e+02  3.778950e+01  0.000000e+00 
 1059.000  4.927555e+02  3.657723e+01 -7.731054e-15 
 1060.000  5.117830e+02  3.796838e+01  5.804436e-15 
 1061.000  4.937623e+02  3.656865e+01 -2.315932e-15 
 1062.000  5.064079e+02  3.740988e+01 -1.291530e-15 
 1063.000  4.976710e+02  3.670012e+01 -1.270360e-15 
 1064.000  5.032735e+02  3.702654e+01 -1.259080e-14 
 1065.000  5.012369e+02  3.677706e+01  2.974247e-15 
 1066.000  4.860212e+02  3.560866e+01 -1.248236e-15 
 1067.000  4.969603e+02  3.634443e+01 -3.228199e-15 
 1068.000  4.920178e+02  3.585635e+01 -8.399571e-15 
 1069.000  4.531414e+02  3.293151e+01 -1.764942e-15 
 1070.000  4.801255e+02  3.483967e+01 -3.540555e-15 
 1071.000  4.788294e+02  3.464764e+01  5.086234e-16 
 1072.000  4.782378e+02  3.451135e+01 -5.509517e-15 
 1073.000  4.619511e+02  3.327445e+01 -1.536064e-16 
 1074.000  4.782696e+02  3.439886e+01  1.979630e-15 
 1075.000  4.660341e+02  3.351477e+01  5.728300e-15 
 1076.000  4.742829e+02  3.401942e+01  7.227881e-15 
 1077.000  4.707173e+02  3.366785e+01  4.386753e-15 
 1078.000  4.691374e+02  3.345588e+01  2.567496e-16 
 1079.000  4.504518e+02  3.206613e+01  3.215801e-15 
 1080.000  4.562309e+02  3.232560e+01 -2.389065e-15 
 1081.000  4.390018e+02  3.105122e+01  1.078307e-14 
 1082.000  4.477180e+02  3.165772e+01 -2.264190e-15 
 1083.000  4.317550e+02  3.043299e+01 -5.175864e-15 
 1084.000  4.438484e+02  3.118856e+01 -8.234225e-15 
 1085.000  4.278904e+02  2.992971e+01 -3.109129e-15 
 1086.000  4.357484e+02  3.044995e+01  1.248965e-15 
 1087.000  4.194771e+02  2.936797e+01 -2.689910e-15 
 1088.000  4.453869e+02  3.113969e+01 -3.048125e-15 
 1089.000  4.151190e+02  2.885436e+01  3.753834e-15 
 1090.000  4.215185e+02  2.923147e+01  1.190949e-15 
 1091.000  4.266997e+02  2.956178e+01  2.242242e-15 
 1092.000  4.101244e+02  2.831670e+01  1.136315e-15 
 1093.000  3.906333e+02  2.683399e+01  3.494182e-15 
 1094.000  3.498215e+02  2.395722e+01  1.633878e-15 
 1095.000  3.795234e+02  2.595371e+01 -1.009817e-15 
 1096.000  3.786487e+02  2.585020e+01  2.628135e-15 
 1097.000  3.705628e+02  2.523261e+01 -1.491994e-15 
 1098.000  3.319127e+02  2.229180e+01 -2.371363e-15 
 1099.000  3.039111e+02  2.004999e+01 -8.627752e-19 
 1100.000  3.108973e+02  2.049978e+01  0.000000e+00 
