  400.000  2.298273e-02  4.063803e+01  2.157532e-15 
  401.000  2.432494e-02  4.037259e+01 -1.145512e-15 
  402.000  2.743113e-02  4.276608e+01  2.319597e-15 
  403.000  2.731898e-02  4.003464e+01  4.695977e-15 
  404.000  3.119154e-02  4.299997e+01 -4.083988e-15 
  405.000  3.036650e-02  3.941238e+01  3.361753e-16 
  406.000  3.197537e-02  3.909475e+01  2.433614e-16 
  407.000  3.301972e-02  3.805656e+01 -6.925387e-16 
  408.000  3.790385e-02  4.120735e+01  4.262008e-15 
  409.000  4.442207e-02  4.558765e+01  4.309517e-15 
  410.000  3.929416e-02  3.809281e+01 -1.144737e-15 
  411.000  4.878670e-02  4.470716e+01 -3.776954e-15 
  412.000  5.340865e-02  4.629704e+01 -8.052180e-15 
  413.000  5.327661e-02  4.371032e+01 -6.084314e-15 
  414.000  5.510566e-02  4.281921e+01 -6.929411e-16 
  415.000  6.201489e-02  4.566425e+01 -1.385716e-15 
  416.000  6.497902e-02  4.538039e+01  4.520708e-15 
  417.000  6.637230e-02  4.398690e+01  4.971192e-15 
  418.000  6.834543e-02  4.300414e+01 -4.522436e-15 
  419.000  7.364966e-02  4.403179e+01 -2.599923e-15 
  420.000  6.553745e-02  3.724700e+01  1.997376e-15 
  421.000  8.628740e-02  4.664006e+01 -3.933270e-15 
  422.000  8.685131e-02  4.466681e+01 -6.085508e-16 
  423.000  7.701378e-02  3.770435e+01 -5.982614e-15 
  424.000  8.888664e-02  4.144926e+01 -4.270652e-15 
  425.000  9.651095e-02  4.289600e+01 -4.025715e-15 
  426.000  9.720672e-02  4.120377e+01 -3.031802e-16 
  427.000  9.791631e-02  3.960392e+01  4.413622e-15 
  428.000  1.037726e-01  4.006635e+01  3.658662e-16 
  429.000  9.875471e-02  3.641534e+01  5.730236e-17 
  430.000  8.238235e-02  2.902982e+01  2.024024e-15 
  431.000  7.739997e-02  2.607503e+01  8.469113e-16 
  432.000  1.455183e-01  4.688973e+01 -1.139432e-15 
  433.000  1.352251e-01  4.169849e+01  2.081218e-15 
  434.000  1.341187e-01  3.959519e+01 -1.819308e-15 
  435.000  1.521986e-01  4.303806e+01 -1.084412e-15 
  436.000  1.759387e-01  4.767754e+01 -4.405444e-15 
  437.000  1.850921e-01  4.809181e+01  2.065698e-16 
  438.000  1.726820e-01  4.303883e+01  1.490023e-15 
  439.000  1.739629e-01  4.160855e+01  3.468033e-17 
  440.000  2.028400e-01  4.658883e+01 -3.842733e-15 
  441.000  2.102374e-01  4.639129e+01 -2.405223e-15 
  442.000  2.300911e-01  4.880815e+01 -3.039848e-15 
  443.000  2.405551e-01  4.908147e+01 -4.155365e-15 
  444.000  2.480392e-01  4.870805e+01  2.053288e-16 
  445.000  2.705704e-01  5.117326e+01 -8.028145e-16 
  446.000  2.495258e-01  4.549024e+01  4.352119e-15 
  447.000  2.952110e-01  5.184034e+01  1.088257e-15 
  448.000  3.120248e-01  5.269962e+01  1.627040e-15 
  449.000  3.267393e-01  5.306441e+01 -1.540639e-15 
  450.000  3.469718e-01  5.422272e+01  1.388417e-15 
  451.000  3.891999e-01  5.858147e+01 -6.264690e-15 
  452.000  3.751312e-01  5.442689e+01  1.610459e-15 
  453.000  3.607882e-01  5.048890e+01  8.660000e-15 
  454.000  3.982724e-01  5.378878e+01 -3.722484e-15 
  455.000  4.148433e-01  5.409065e+01 -7.006070e-16 
  456.000  4.389194e-01  5.527966e+01  8.761286e-17 
  457.000  4.559477e-01  5.547217e+01 -6.356699e-15 
  458.000  4.625130e-01  5.438094e+01  4.372912e-15 
  459.000  4.772153e-01  5.425528e+01  7.338870e-15 
  460.000  4.880419e-01  5.366666e+01  1.446808e-15 
  461.000  5.215925e-01  5.549244e+01 -2.994665e-15 
  462.000  5.288773e-01  5.446788e+01  4.257362e-15 
  463.000  5.451228e-01  5.436612e+01  1.018306e-15 
  464.000  5.650836e-01  5.460545e+01 -1.120524e-15 
  465.000  5.749868e-01  5.386349e+01  6.453620e-15 
  466.000  6.121657e-01  5.562146e+01 -8.318750e-15 
  467.000  6.089795e-01  5.370055e+01  4.765679e-15 
  468.000  6.628973e-01  5.676834e+01 -1.826061e-15 
  469.000  6.740336e-01  5.612353e+01 -1.819747e-15 
  470.000  6.806968e-01  5.518228e+01  1.727614e-15 
  471.000  6.943183e-01  5.488732e+01 -1.801078e-15 
  472.000  7.167624e-01  5.531329e+01  6.109151e-15 
  473.000  7.209522e-01  5.438308e+01  3.041283e-15 
  474.000  7.376038e-01  5.446472e+01  9.625410e-15 
  475.000  7.737390e-01  5.619719e+01  4.492345e-15 
  476.000  7.511059e-01  5.392032e+01  2.925103e-15 
  477.000  7.491163e-01  5.294362e+01 -1.422412e-15 
  478.000  8.120529e-01  5.545427e+01  9.281434e-17 
  479.000  8.113770e-01  5.303700e+01 -7.258672e-16 
  480.000  8.685779e-01  5.423796e+01  1.832857e-15 
  481.000  9.017826e-01  5.401073e+01 -1.029493e-15 
  482.000  9.576352e-01  5.523687e+01 -4.931137e-15 
  483.000  9.925640e-01  5.532424e+01  3.110365e-15 
  484.000  9.838969e-01  5.316426e+01  3.187319e-15 
  485.000  1.018977e+00  5.348537e+01 -8.185875e-15 
  486.000  8.489928e-01  4.334794e+01 -1.911308e-15 
  487.000  9.803162e-01  4.873764e+01 -4.228616e-15 
  488.000  1.092566e+00  5.292723e+01  2.146177e-15 
  489.000  1.041985e+00  4.920448e+01 -2.128554e-15 
  490.000  1.216693e+00  5.602002e+01  9.972731e-16 
  491.000  1.165250e+00  5.231733e+01 -1.872526e-15 
  492.000  1.145044e+00  5.014836e+01 -6.924951e-15 
  493.000  1.260889e+00  5.387550e+01 -1.869444e-15 
  494.000  1.244786e+00  5.191248e+01 -7.111214e-15 
  495.000  1.359843e+00  5.535457e+01 -3.122534e-15 
  496.000  1.349325e+00  5.360192e+01  6.551384e-15 
  497.000  1.333451e+00  5.169459e+01  1.921360e-15 
  498.000  1.326108e+00  5.018155e+01 -1.393555e-15 
  499.000  1.346875e+00  4.976763e+01  5.350495e-15 
  500.000  1.365034e+00  4.926017e+01 -1.110305e-15 
  501.000  1.357621e+00  4.786411e+01  1.879113e-15 
  502.000  1.372123e+00  4.726542e+01 -7.976299e-16 
  503.000  1.478917e+00  4.978438e+01  1.442243e-15 
  504.000  1.399240e+00  4.604176e+01  2.545535e-16 
  505.000  1.534145e+00  4.936030e+01  6.184264e-15 
  506.000  1.676642e+00  5.277245e+01 -1.161831e-15 
  507.000  1.592728e+00  4.904933e+01  6.199487e-16 
  508.000  1.559456e+00  4.699150e+01 -5.837143e-16 
  509.000  1.716438e+00  5.062065e+01 -5.178836e-15 
  510.000  1.696927e+00  4.899434e+01 -4.515706e-15 
  511.000  1.730504e+00  4.892144e+01  2.835547e-15 
  512.000  1.851039e+00  5.124572e+01 -5.455505e-15 
  513.000  1.726444e+00  4.681126e+01 -3.853266e-16 
  514.000  1.722084e+00  4.574013e+01 -1.227971e-15 
  515.000  1.790993e+00  4.660577e+01  1.697999e-16 
  516.000  1.913191e+00  4.878011e+01  1.351106e-15 
  517.000  1.430842e+00  3.575198e+01  1.430222e-15 
  518.000  1.798169e+00  4.403970e+01 -6.755112e-16 
  519.000  1.729031e+00  4.151338e+01  5.243821e-15 
  520.000  1.931857e+00  4.547631e+01  4.805899e-16 
  521.000  1.960534e+00  4.526528e+01  1.754131e-15 
  522.000  2.065337e+00  4.679121e+01  7.217976e-16 
  523.000  1.947201e+00  4.332356e+01  2.713727e-15 
  524.000  2.138286e+00  4.672191e+01  2.111479e-15 
  525.000  2.145554e+00  4.606183e+01  1.287224e-15 
  526.000  2.070097e+00  4.364229e+01  3.457999e-15 
  527.000  1.828086e+00  3.786244e+01 -7.743343e-18 
  528.000  2.218245e+00  4.514256e+01  2.109179e-15 
  529.000  2.304721e+00  4.608864e+01 -2.406864e-15 
  530.000  2.200433e+00  4.323901e+01 -2.202130e-15 
  531.000  2.420218e+00  4.673316e+01 -1.564618e-15 
  532.000  2.335117e+00  4.429243e+01  2.545783e-15 
  533.000  2.081012e+00  3.876413e+01  1.596210e-15 
  534.000  2.300902e+00  4.203667e+01  1.271344e-15 
  535.000  2.390090e+00  4.279332e+01 -1.241074e-15 
  536.000  2.581010e+00  4.530251e+01  5.281332e-16 
  537.000  2.434569e+00  4.191991e+01 -1.772049e-15 
  538.000  2.588259e+00  4.375170e+01  3.668556e-15 
  539.000  2.618367e+00  4.347016e+01  2.531920e-15 
  540.000  2.599459e+00  4.240158e+01 -1.913553e-15 
  541.000  2.417516e+00  3.875240e+01 -2.820902e-16 
  542.000  2.734114e+00  4.308177e+01 -8.309876e-17 
  543.000  2.650829e+00  4.106788e+01  6.753187e-15 
  544.000  2.831457e+00  4.313994e+01  7.188002e-16 
  545.000  2.822918e+00  4.230247e+01  7.724210e-16 
  546.000  2.792935e+00  4.117118e+01  3.233052e-15 
  547.000  2.946434e+00  4.272608e+01  1.778181e-15 
  548.000  2.765975e+00  3.946270e+01  1.640468e-15 
  549.000  2.944995e+00  4.134348e+01 -5.754758e-16 
  550.000  2.911921e+00  4.022854e+01 -1.214585e-15 
  551.000  2.922888e+00  3.974979e+01  2.378542e-15 
  552.000  3.079873e+00  4.123100e+01 -7.223400e-16 
  553.000  2.988095e+00  3.938958e+01  4.109898e-15 
  554.000  3.115230e+00  4.044336e+01 -5.117424e-15 
  555.000  3.153481e+00  4.032484e+01  1.953457e-15 
  556.000  3.094303e+00  3.897923e+01 -1.882662e-15 
  557.000  3.027122e+00  3.757951e+01 -2.070273e-15 
  558.000  3.167037e+00  3.875440e+01 -2.294193e-15 
  559.000  3.016287e+00  3.639067e+01 -3.570238e-15 
  560.000  3.049952e+00  3.629963e+01  2.583128e-15 
  561.000  3.371997e+00  3.961030e+01  3.255410e-15 
  562.000  3.088058e+00  3.600358e+01 -5.892080e-16 
  563.000  3.244068e+00  3.738259e+01 -2.539928e-16 
  564.000  3.203851e+00  3.654701e+01  2.062380e-16 
  565.000  3.229603e+00  3.660007e+01  1.858188e-15 
  566.000  2.988302e+00  3.347430e+01 -1.422581e-16 
  567.000  3.179453e+00  3.544846e+01  5.002922e-15 
  568.000  3.041248e+00  3.453936e+01 -8.359197e-16 
  569.000  2.525990e+00  3.204050e+01 -2.612738e-15 
  570.000  2.585171e+00  3.216546e+01  3.479612e-16 
  571.000  2.852667e+00  3.186085e+01 -1.087375e-15 
  572.000  2.644310e+00  3.229279e+01  8.978089e-16 
  573.000  2.725020e+00  3.258095e+01 -9.152134e-16 
  574.000  2.728233e+00  3.220788e+01 -1.079024e-15 
  575.000  2.654346e+00  3.116759e+01  4.913688e-16 
  576.000  2.621031e+00  3.051247e+01  2.070981e-16 
  577.000  2.978672e+00  3.222733e+01  3.660716e-17 
  578.000  3.006985e+00  3.157123e+01 -2.381083e-16 
  579.000  3.105702e+00  3.166745e+01  6.115842e-16 
  580.000  3.358968e+00  3.320718e+01 -1.542907e-15 
  581.000  3.493056e+00  3.322957e+01  4.895814e-15 
  582.000  3.697405e+00  3.417657e+01  2.811729e-15 
  583.000  3.838681e+00  3.472440e+01  3.601790e-16 
  584.000  3.920787e+00  3.483254e+01  1.470917e-15 
  585.000  3.986703e+00  3.481836e+01 -3.313086e-15 
  586.000  3.885361e+00  3.345014e+01 -6.475837e-16 
  587.000  3.769230e+00  3.419150e+01  1.263715e-15 
  588.000  3.225921e+00  3.185018e+01  4.895890e-16 
  589.000  2.277733e+00  2.576414e+01  2.289355e-17 
  590.000  2.366591e+00  2.671356e+01  8.653615e-16 
  591.000  2.983969e+00  3.007214e+01  6.716995e-16 
  592.000  2.719617e+00  2.853187e+01  1.740492e-15 
  593.000  3.325499e+00  3.088599e+01  2.728370e-16 
  594.000  3.254425e+00  3.059834e+01  6.317100e-16 
  595.000  2.839307e+00  2.852346e+01 -1.330811e-17 
  596.000  3.516023e+00  3.120999e+01 -7.088806e-16 
  597.000  3.418403e+00  3.058156e+01 -6.314098e-16 
  598.000  3.632062e+00  3.069509e+01 -1.528764e-15 
  599.000  3.777831e+00  3.090110e+01  3.480081e-16 
  600.000  4.077133e+00  3.154300e+01  8.839841e-16 
  601.000  4.475147e+00  3.190421e+01  8.987762e-16 
  602.000  4.506649e+00  3.146265e+01 -2.231234e-15 
  603.000  4.627140e+00  3.172330e+01 -4.315441e-15 
  604.000  4.888856e+00  3.297268e+01  4.238007e-15 
  605.000  4.987430e+00  3.310147e+01 -7.791074e-16 
  606.000  5.009849e+00  3.283603e+01 -1.966394e-15 
  607.000  5.059130e+00  3.276089e+01 -1.495588e-15 
  608.000  5.109508e+00  3.273057e+01 -6.278065e-15 
  609.000  5.122164e+00  3.247322e+01 -4.603914e-15 
  610.000  5.104468e+00  3.203628e+01 -5.975670e-15 
  611.000  5.254891e+00  3.266312e+01  2.507515e-15 
  612.000  5.252178e+00  3.233892e+01 -5.114952e-16 
  613.000  5.238233e+00  3.195906e+01  6.757318e-15 
  614.000  5.107889e+00  3.088820e+01  5.324725e-16 
  615.000  5.414606e+00  3.245451e+01  1.294174e-15 
  616.000  5.204885e+00  3.093278e+01  1.665927e-15 
  617.000  5.287353e+00  3.117094e+01 -9.395474e-16 
  618.000  5.584928e+00  3.267506e+01 -7.376272e-16 
  619.000  5.573448e+00  3.238229e+01  2.110410e-15 
  620.000  5.692106e+00  3.285613e+01 -2.535934e-15 
  621.000  5.819492e+00  3.339615e+01 -3.818716e-15 
  622.000  5.533109e+00  3.159067e+01 -1.126252e-15 
  623.000  5.584660e+00  3.176031e+01 -4.540063e-15 
  624.000  5.600576e+00  3.172199e+01  2.000096e-15 
  625.000  5.453750e+00  3.077987e+01 -1.821791e-15 
  626.000  5.405382e+00  3.066485e+01  1.299166e-15 
  627.000  5.034865e+00  3.031791e+01 -8.850699e-16 
  628.000  4.419890e+00  2.815685e+01  6.839720e-16 
  629.000  4.803085e+00  2.970942e+01 -6.472038e-16 
  630.000  4.949471e+00  2.935118e+01  5.803040e-16 
  631.000  5.301087e+00  3.079287e+01  6.974931e-16 
  632.000  4.756739e+00  2.828018e+01 -7.489456e-16 
  633.000  5.527538e+00  3.126989e+01  1.268531e-15 
  634.000  5.809081e+00  3.098614e+01 -6.280859e-17 
  635.000  6.047850e+00  3.188363e+01  1.286627e-15 
  636.000  6.030966e+00  3.119503e+01  1.545412e-15 
  637.000  6.409387e+00  3.261271e+01  1.546572e-15 
  638.000  6.794719e+00  3.369141e+01  6.069807e-16 
  639.000  6.871547e+00  3.367929e+01  2.913709e-15 
  640.000  6.865394e+00  3.304745e+01 -2.725817e-15 
  641.000  7.104290e+00  3.380150e+01 -2.978931e-15 
  642.000  7.185211e+00  3.368341e+01  2.388572e-15 
  643.000  7.290513e+00  3.418355e+01 -4.864372e-15 
  644.000  7.297307e+00  3.391875e+01 -1.078148e-15 
  645.000  6.976573e+00  3.378363e+01  3.080268e-16 
  646.000  5.959764e+00  3.082243e+01 -9.338739e-16 
  647.000  5.582937e+00  3.007485e+01  1.607531e-15 
  648.000  5.105042e+00  2.886019e+01  3.838845e-16 
  649.000  5.715759e+00  3.056772e+01  5.529807e-16 
  650.000  6.298020e+00  3.058380e+01  2.364952e-15 
  651.000  6.846726e+00  3.299284e+01  3.457988e-16 
  652.000  5.877007e+00  3.033343e+01 -4.272017e-16 
  653.000  7.133735e+00  3.343547e+01 -1.032271e-16 
  654.000  6.980770e+00  3.278368e+01 -4.164170e-16 
  655.000  6.454016e+00  3.106963e+01 -1.079135e-15 
  656.000  5.646854e+00  2.667884e+01 -2.210617e-16 
  657.000  6.288204e+00  2.895913e+01 -1.425549e-15 
  658.000  7.488531e+00  3.314720e+01  1.141864e-15 
  659.000  7.830866e+00  3.374634e+01  2.580384e-15 
  660.000  8.080876e+00  3.427037e+01  1.384711e-15 
  661.000  8.826931e+00  3.521886e+01  8.408826e-16 
  662.000  9.184927e+00  3.604592e+01  2.616231e-15 
  663.000  9.117386e+00  3.561717e+01 -1.714569e-15 
  664.000  9.119804e+00  3.523227e+01 -3.815783e-15 
  665.000  9.263101e+00  3.547945e+01 -2.137622e-15 
  666.000  9.511725e+00  3.606915e+01 -3.452474e-15 
  667.000  9.441335e+00  3.549217e+01  2.117157e-15 
  668.000  9.680344e+00  3.593913e+01  3.427612e-15 
  669.000  9.960946e+00  3.660881e+01 -2.576043e-15 
  670.000  9.956178e+00  3.628126e+01  6.211246e-15 
  671.000  9.976792e+00  3.602480e+01 -1.346046e-15 
  672.000  1.004773e+01  3.599962e+01  7.081829e-15 
  673.000  1.022129e+01  3.634544e+01 -3.226644e-15 
  674.000  1.034242e+01  3.650222e+01 -7.140048e-15 
  675.000  1.028573e+01  3.603089e+01 -2.341919e-15 
  676.000  1.057740e+01  3.678489e+01  3.799734e-15 
  677.000  1.046040e+01  3.611258e+01  2.684890e-15 
  678.000  1.072981e+01  3.677155e+01  4.105054e-16 
  679.000  1.064170e+01  3.626508e+01  4.626808e-16 
  680.000  1.053008e+01  3.584082e+01 -3.986105e-15 
  681.000  1.059065e+01  3.583932e+01  4.537485e-15 
  682.000  1.062290e+01  3.575302e+01 -4.010592e-16 
  683.000  1.076852e+01  3.601958e+01 -5.076628e-15 
  684.000  1.056360e+01  3.526743e+01  3.681667e-16 
  685.000  1.085134e+01  3.584262e+01 -1.516788e-15 
  686.000  1.030339e+01  3.395646e+01 -2.774521e-15 
  687.000  5.174670e+00  2.253542e+01  1.167054e-15 
  688.000  6.496673e+00  2.562788e+01  2.060169e-16 
  689.000  6.117054e+00  2.469086e+01 -4.970128e-17 
  690.000  6.914843e+00  2.652790e+01  2.196388e-16 
  691.000  7.872227e+00  2.893653e+01  1.517670e-15 
  692.000  8.112474e+00  2.969214e+01 -2.118880e-15 
  693.000  6.846413e+00  2.743004e+01  2.896790e-16 
  694.000  5.779475e+00  2.554214e+01  2.113566e-16 
  695.000  6.315255e+00  2.634208e+01 -8.387339e-16 
  696.000  6.869673e+00  2.749384e+01 -5.779314e-16 
  697.000  9.348405e+00  3.222774e+01 -1.045292e-16 
  698.000  8.643931e+00  3.052360e+01  1.144830e-15 
  699.000  6.737750e+00  2.697936e+01  4.659913e-16 
  700.000  6.971476e+00  2.718390e+01  2.940655e-16 
  701.000  6.439421e+00  2.577552e+01 -4.912821e-16 
  702.000  6.739483e+00  2.618327e+01  2.564157e-17 
  703.000  8.613451e+00  2.981508e+01 -1.349862e-15 
  704.000  8.784554e+00  3.004846e+01  4.043889e-17 
  705.000  8.129492e+00  2.877533e+01  2.701259e-16 
  706.000  8.239661e+00  2.871465e+01 -6.585600e-16 
  707.000  8.435720e+00  2.875797e+01 -1.337589e-15 
  708.000  9.050855e+00  3.015139e+01  7.762991e-16 
  709.000  9.449214e+00  3.026344e+01 -3.332431e-19 
  710.000  8.977323e+00  2.959262e+01  1.837613e-15 
  711.000  9.672430e+00  3.058806e+01  1.246196e-15 
  712.000  1.026148e+01  3.124395e+01 -2.745974e-15 
  713.000  9.681637e+00  3.013694e+01 -1.027826e-15 
  714.000  9.652747e+00  3.023201e+01  4.102324e-16 
  715.000  8.459925e+00  2.761658e+01 -1.333072e-15 
  716.000  7.741436e+00  2.671945e+01 -8.379038e-17 
  717.000  3.926544e+00  1.913732e+01 -1.095353e-16 
  718.000  2.522504e+00  1.559734e+01  1.506259e-16 
  719.000  2.108720e+00  1.433642e+01 -1.921582e-16 
  720.000  1.736616e+00  1.318750e+01 -7.778620e-17 
  721.000  4.588155e+00  2.032281e+01 -2.343116e-16 
  722.000  6.503078e+00  2.400667e+01 -4.056559e-16 
  723.000  5.446550e+00  2.197685e+01 -6.256889e-16 
  724.000  3.201490e+00  1.712552e+01  1.245363e-16 
  725.000  3.405921e+00  1.750435e+01  1.387347e-16 
  726.000  3.346328e+00  1.725399e+01  1.900927e-16 
  727.000  3.699074e+00  1.814292e+01  3.098870e-16 
  728.000  3.382796e+00  1.713824e+01 -9.429734e-17 
  729.000  4.038766e+00  1.815814e+01 -2.900861e-16 
  730.000  4.118249e+00  1.855231e+01 -1.727207e-16 
  731.000  3.960494e+00  1.792123e+01  2.564821e-16 
  732.000  5.733041e+00  2.150495e+01  3.884019e-16 
  733.000  7.869459e+00  2.472963e+01  1.343605e-15 
  734.000  9.443839e+00  2.734334e+01 -7.014221e-17 
  735.000  8.990240e+00  2.637813e+01  8.612347e-17 
  736.000  8.077550e+00  2.460867e+01  3.105099e-17 
  737.000  8.853719e+00  2.585577e+01  7.238628e-16 
  738.000  9.799664e+00  2.718437e+01  7.994409e-16 
  739.000  9.962503e+00  2.692823e+01  6.948744e-16 
  740.000  1.115371e+01  2.866878e+01 -1.059855e-15 
  741.000  1.176682e+01  2.924428e+01  2.333422e-15 
  742.000  1.190668e+01  2.906288e+01 -8.414925e-16 
  743.000  1.292890e+01  3.059687e+01  1.795134e-15 
  744.000  1.371474e+01  3.121211e+01 -2.844410e-15 
  745.000  1.360693e+01  3.057622e+01 -2.478598e-15 
  746.000  1.401213e+01  3.114632e+01 -4.951284e-17 
  747.000  1.432827e+01  3.164314e+01 -3.851720e-15 
  748.000  1.423710e+01  3.117633e+01 -1.767424e-15 
  749.000  1.436773e+01  3.124826e+01 -6.382870e-15 
  750.000  1.412850e+01  3.064028e+01 -7.258421e-16 
  751.000  1.416513e+01  3.054881e+01 -6.269247e-16 
  752.000  1.461972e+01  3.122207e+01  2.105944e-15 
  753.000  1.464403e+01  3.100616e+01  1.455499e-15 
  754.000  1.500021e+01  3.153143e+01  1.478103e-15 
  755.000  1.498982e+01  3.133756e+01 -4.847886e-15 
  756.000  1.477553e+01  3.071637e+01  4.032235e-15 
  757.000  1.494496e+01  3.090843e+01  4.061466e-15 
  758.000  1.478917e+01  3.048274e+01  5.364013e-15 
  759.000  9.958652e+00  2.348938e+01  1.494672e-15 
  760.000  2.548741e-01  3.068532e+00  5.166630e-19 
  761.000  1.515522e-01  2.468677e+00 -1.070418e-17 
  762.000  1.928437e+00  8.167717e+00 -1.992254e-16 
  763.000  1.024611e+00  5.837773e+00 -5.792400e-17 
  764.000  1.447512e+00  6.993161e+00  5.666078e-17 
  765.000  2.950203e+00  1.054591e+01  1.524857e-17 
  766.000  6.211732e+00  1.648707e+01  3.786966e-16 
  767.000  8.971270e+00  2.091362e+01 -1.042098e-15 
  768.000  1.171317e+01  2.539056e+01 -2.281325e-15 
  769.000  1.355455e+01  2.779620e+01  2.540002e-15 
  770.000  1.455006e+01  2.912830e+01  1.104275e-15 
  771.000  1.535537e+01  2.963814e+01 -2.097275e-15 
  772.000  1.544440e+01  2.961194e+01  4.685914e-15 
  773.000  1.545761e+01  2.948569e+01  2.540139e-15 
  774.000  1.571661e+01  2.986948e+01  7.939694e-16 
  775.000  1.525321e+01  2.881820e+01 -3.861663e-15 
  776.000  1.601496e+01  3.005526e+01  7.483083e-16 
  777.000  1.594365e+01  2.979651e+01 -2.599171e-15 
  778.000  1.585164e+01  2.953936e+01 -5.217135e-15 
  779.000  1.589704e+01  2.953615e+01  1.992024e-15 
  780.000  1.575838e+01  2.911345e+01  1.143061e-15 
  781.000  1.588349e+01  2.913219e+01 -3.150795e-15 
  782.000  1.606258e+01  2.937871e+01  4.645941e-17 
  783.000  1.574149e+01  2.863433e+01  2.482698e-15 
  784.000  1.580637e+01  2.865902e+01  1.998319e-15 
  785.000  1.566597e+01  2.844496e+01  4.647833e-15 
  786.000  1.475694e+01  2.755440e+01 -8.703390e-16 
  787.000  1.410171e+01  2.705438e+01  1.334587e-15 
  788.000  1.344263e+01  2.612315e+01  1.445576e-15 
  789.000  1.195574e+01  2.444604e+01 -1.331642e-15 
  790.000  1.172195e+01  2.398312e+01 -1.224759e-15 
  791.000  1.196539e+01  2.414499e+01  2.172709e-16 
  792.000  1.207901e+01  2.403117e+01  3.476648e-16 
  793.000  1.274768e+01  2.467602e+01  8.009992e-16 
  794.000  1.403993e+01  2.574831e+01  9.002004e-16 
  795.000  1.314768e+01  2.474669e+01 -2.103537e-15 
  796.000  1.126704e+01  2.271922e+01 -1.223593e-15 
  797.000  1.193752e+01  2.350482e+01 -5.005501e-16 
  798.000  1.337531e+01  2.500863e+01  1.818828e-15 
  799.000  1.307494e+01  2.460719e+01 -3.292798e-16 
  800.000  1.177691e+01  2.282491e+01 -1.734733e-15 
  801.000  1.214103e+01  2.333690e+01  2.448873e-16 
  802.000  1.205215e+01  2.313514e+01  6.775661e-16 
  803.000  1.205688e+01  2.292565e+01  2.262236e-15 
  804.000  1.268752e+01  2.362584e+01 -2.328555e-16 
  805.000  1.330783e+01  2.388924e+01  1.110100e-16 
  806.000  1.430241e+01  2.505111e+01  4.655515e-16 
  807.000  1.428309e+01  2.488412e+01  2.329580e-16 
  808.000  1.389127e+01  2.437686e+01  2.567750e-15 
  809.000  1.327103e+01  2.352724e+01 -2.147948e-15 
  810.000  1.277104e+01  2.292068e+01 -1.480492e-15 
  811.000  1.208717e+01  2.228426e+01  1.673196e-15 
  812.000  1.093027e+01  2.090747e+01  1.825572e-15 
  813.000  9.670900e+00  1.942647e+01  2.551374e-16 
  814.000  8.231637e+00  1.779993e+01 -1.457808e-16 
  815.000  6.591763e+00  1.581580e+01  3.500882e-17 
  816.000  5.063424e+00  1.374246e+01 -1.017980e-16 
  817.000  5.114880e+00  1.383940e+01  3.755393e-16 
  818.000  5.192310e+00  1.386253e+01  7.238823e-17 
  819.000  5.560369e+00  1.409195e+01  9.174112e-19 
  820.000  7.228998e+00  1.588474e+01  2.818524e-16 
  821.000  1.005084e+01  1.924495e+01 -5.438225e-17 
  822.000  7.842118e+00  1.649695e+01  4.313729e-16 
  823.000  4.142165e+00  1.189465e+01 -7.581975e-18 
  824.000  7.377481e+00  1.608411e+01  3.476290e-16 
  825.000  1.039102e+01  1.931675e+01 -2.752756e-16 
  826.000  1.004562e+01  1.886074e+01  5.316166e-18 
  827.000  9.623673e+00  1.831833e+01  2.608373e-16 
  828.000  7.682683e+00  1.617600e+01  1.088502e-16 
  829.000  8.343734e+00  1.683429e+01 -4.452834e-16 
  830.000  9.033712e+00  1.737320e+01  4.680854e-16 
  831.000  9.126509e+00  1.726358e+01 -4.508163e-16 
  832.000  9.530328e+00  1.775116e+01  7.504537e-17 
  833.000  9.790488e+00  1.770309e+01  4.904699e-16 
  834.000  1.064281e+01  1.861787e+01  7.293512e-16 
  835.000  1.213169e+01  2.008791e+01  2.252101e-15 
  836.000  1.187431e+01  1.983169e+01 -5.231636e-16 
  837.000  1.181183e+01  1.961817e+01  1.657544e-15 
  838.000  1.261890e+01  2.038823e+01 -1.089726e-15 
  839.000  1.273330e+01  2.016491e+01 -5.853735e-16 
  840.000  1.328628e+01  2.083268e+01  1.208157e-16 
  841.000  1.285904e+01  2.038650e+01 -1.617532e-15 
  842.000  1.327505e+01  2.065405e+01 -2.907291e-16 
  843.000  1.434282e+01  2.143754e+01 -6.396208e-16 
  844.000  1.467207e+01  2.146390e+01 -9.703241e-16 
  845.000  1.518236e+01  2.194544e+01  1.027567e-15 
  846.000  1.562176e+01  2.230377e+01  2.358439e-15 
  847.000  1.539613e+01  2.170294e+01  1.242933e-15 
  848.000  1.541592e+01  2.196299e+01  4.302317e-16 
  849.000  1.553265e+01  2.200760e+01 -7.713145e-16 
  850.000  1.325406e+01  1.884543e+01 -4.564642e-16 
  851.000  1.494269e+01  2.134801e+01  1.641673e-15 
  852.000  1.443374e+01  2.052401e+01  6.953461e-16 
  853.000  1.507732e+01  2.105508e+01 -1.247801e-15 
  854.000  1.213873e+01  1.689179e+01 -3.564741e-16 
  855.000  1.359572e+01  1.871006e+01  4.660147e-16 
  856.000  1.622435e+01  2.153203e+01  1.140381e-15 
  857.000  1.670088e+01  2.195831e+01  4.514475e-15 
  858.000  1.653961e+01  2.161192e+01 -6.074949e-16 
  859.000  1.676316e+01  2.171547e+01 -1.591926e-15 
  860.000  1.678963e+01  2.160226e+01 -1.509588e-16 
  861.000  1.685253e+01  2.158668e+01 -1.576645e-15 
  862.000  1.687083e+01  2.153098e+01  7.519646e-17 
  863.000  1.723834e+01  2.191336e+01 -1.524401e-15 
  864.000  1.736863e+01  2.192191e+01  9.885547e-16 
  865.000  1.718133e+01  2.154712e+01 -5.975385e-16 
  866.000  1.445250e+01  1.805224e+01 -1.816027e-15 
  867.000  1.538546e+01  1.916821e+01 -1.333194e-15 
  868.000  1.672024e+01  2.075525e+01  9.396936e-16 
  869.000  1.653978e+01  2.044508e+01  1.497216e-15 
  870.000  1.720890e+01  2.122224e+01  3.118158e-15 
  871.000  1.723878e+01  2.117127e+01 -5.189417e-16 
  872.000  1.727832e+01  2.110182e+01 -1.107810e-15 
  873.000  1.727060e+01  2.107869e+01 -1.631377e-15 
  874.000  1.685861e+01  2.053937e+01  3.699170e-15 
  875.000  1.670716e+01  2.029854e+01 -2.659337e-15 
  876.000  1.688398e+01  2.041061e+01 -2.101996e-15 
  877.000  1.726901e+01  2.079003e+01 -1.552425e-15 
  878.000  1.683733e+01  2.027179e+01  1.600018e-15 
  879.000  1.695516e+01  2.032705e+01  3.207629e-15 
  880.000  1.673128e+01  2.005825e+01  3.118308e-15 
  881.000  1.587027e+01  1.898158e+01  2.063700e-15 
  882.000  1.670085e+01  1.994147e+01  9.433049e-16 
  883.000  1.642067e+01  1.950512e+01  3.474656e-15 
  884.000  1.661673e+01  1.965733e+01  1.072943e-15 
  885.000  1.659474e+01  1.969009e+01 -7.270917e-17 
  886.000  1.551650e+01  1.884279e+01 -1.575493e-15 
  887.000  1.585426e+01  1.872776e+01 -1.524562e-15 
  888.000  1.633183e+01  1.923998e+01  1.998171e-15 
  889.000  1.651330e+01  1.937326e+01 -5.748779e-16 
  890.000  1.601040e+01  1.917197e+01 -9.677178e-16 
  891.000  1.547732e+01  1.874593e+01 -2.986215e-16 
  892.000  1.444295e+01  1.800388e+01 -1.379849e-16 
  893.000  1.131058e+01  1.533698e+01  4.129729e-17 
  894.000  1.045285e+01  1.479251e+01 -3.665466e-16 
  895.000  7.312746e+00  1.182186e+01 -1.789387e-16 
  896.000  5.544281e+00  1.041659e+01  1.217259e-16 
  897.000  3.779700e+00  8.474464e+00 -1.458991e-16 
  898.000  3.184050e+00  7.777906e+00  5.933635e-17 
  899.000  2.093580e+00  6.305594e+00 -1.559154e-17 
  900.000  2.129553e+00  6.275438e+00  2.792429e-16 
  901.000  1.888799e+00  5.838055e+00  4.435094e-17 
  902.000  1.951222e+00  5.823140e+00  1.279080e-16 
  903.000  4.103803e+00  8.681038e+00 -1.111344e-16 
  904.000  6.297057e+00  1.090545e+01 -5.407760e-16 
  905.000  6.312399e+00  1.084659e+01 -1.549249e-16 
  906.000  4.802607e+00  9.237591e+00  8.845764e-17 
  907.000  3.098788e+00  7.365846e+00 -9.111722e-19 
  908.000  2.215121e+00  6.131381e+00  1.427940e-17 
  909.000  2.180711e+00  6.027758e+00  4.401794e-17 
  910.000  2.302996e+00  6.215137e+00 -2.662585e-17 
  911.000  2.802210e+00  6.833467e+00 -3.132713e-17 
  912.000  2.566145e+00  6.516287e+00  1.416054e-16 
  913.000  1.746497e+00  5.461957e+00 -1.836156e-17 
  914.000  2.144505e+00  5.969497e+00  1.461791e-17 
  915.000  2.512083e+00  6.360697e+00 -1.977685e-16 
  916.000  2.697740e+00  6.598103e+00  3.009764e-17 
  917.000  2.955511e+00  6.819478e+00  5.614332e-17 
  918.000  3.352874e+00  7.225594e+00  2.868293e-17 
  919.000  5.064135e+00  9.030306e+00  5.569448e-18 
  920.000  6.814842e+00  1.049022e+01  3.098754e-16 
  921.000  6.361677e+00  9.957278e+00  2.372404e-16 
  922.000  6.310408e+00  9.839813e+00  2.138661e-16 
  923.000  5.594864e+00  9.015297e+00  2.223035e-17 
  924.000  4.791661e+00  8.430053e+00  1.083318e-16 
  925.000  4.649024e+00  8.364236e+00 -2.234884e-16 
  926.000  4.141838e+00  7.814919e+00  2.129129e-17 
  927.000  3.166516e+00  6.973517e+00 -2.867760e-17 
  928.000  1.977982e+00  5.621725e+00 -1.401015e-17 
  929.000  9.600499e-01  4.146503e+00 -5.948794e-18 
  930.000  3.725713e-01  2.989274e+00  5.290521e-18 
  931.000  1.212644e-01  2.163380e+00 -2.911126e-18 
  932.000  1.665509e-02  1.375628e+00  2.174633e-20 
  933.000  4.290176e-03  1.052487e+00 -1.203927e-18 
  934.000  1.059433e-03  8.107000e-01  7.090150e-19 
  935.000  7.960100e-04  7.648421e-01  1.737818e-20 
  936.000  1.198760e-03  8.184911e-01 -2.754030e-18 
  937.000  1.249164e-03  8.308093e-01 -3.326379e-18 
  938.000  6.710816e-03  1.110055e+00  1.317279e-18 
  939.000  1.347954e-01  2.307551e+00 -6.861447e-18 
  940.000  2.080874e-01  2.608536e+00 -8.419667e-19 
  941.000  1.591875e-01  2.330985e+00  1.812689e-18 
  942.000  7.125020e-02  1.783088e+00  1.358536e-18 
  943.000  1.735877e-02  1.303262e+00  7.725232e-19 
  944.000  1.414522e-02  1.220398e+00 -3.796358e-19 
  945.000  2.313439e-02  1.379575e+00 -8.739994e-19 
  946.000  2.605546e-02  1.421674e+00 -8.567954e-19 
  947.000  4.726210e-02  1.617823e+00 -1.199054e-18 
  948.000  6.579733e-02  1.757912e+00  7.224485e-19 
  949.000  6.952552e-02  1.769983e+00 -9.132287e-18 
  950.000  7.681869e-02  1.798317e+00  1.107186e-18 
  951.000  1.410277e-01  2.112644e+00  3.327504e-18 
  952.000  8.627123e-02  1.812236e+00  2.269255e-18 
  953.000  1.436100e-01  2.068350e+00 -1.668729e-18 
  954.000  2.432955e-01  2.386133e+00  7.325919e-18 
  955.000  1.777405e-01  2.036377e+00 -3.781043e-18 
  956.000  2.068632e-01  2.190094e+00  7.726860e-19 
  957.000  6.462825e-01  3.194938e+00 -4.556228e-17 
  958.000  8.108532e-01  3.458287e+00 -4.520021e-17 
  959.000  7.453076e-01  3.310835e+00  1.963999e-18 
  960.000  7.470567e-01  3.261862e+00  4.508741e-17 
  961.000  7.133287e-01  3.156745e+00  6.433383e-18 
  962.000  8.094490e-01  3.298630e+00  3.956933e-17 
  963.000  1.427569e+00  4.150261e+00 -3.312962e-17 
  964.000  1.576803e+00  4.281288e+00 -1.399470e-17 
  965.000  1.584752e+00  4.280284e+00 -1.322129e-17 
  966.000  1.652665e+00  4.256668e+00  7.808214e-19 
  967.000  2.543552e+00  5.291617e+00  2.389946e-17 
  968.000  4.783571e+00  7.328948e+00 -2.438552e-17 
  969.000  6.451880e+00  8.600521e+00  1.329226e-17 
  970.000  6.672771e+00  8.730589e+00 -1.046572e-16 
  971.000  6.611615e+00  8.624350e+00 -1.241128e-16 
  972.000  6.167823e+00  8.309541e+00 -1.185080e-16 
  973.000  5.121914e+00  7.454887e+00  1.331464e-16 
  974.000  4.078845e+00  6.507338e+00 -4.948758e-17 
  975.000  3.583605e+00  6.052281e+00  9.142803e-17 
  976.000  4.304774e+00  6.717377e+00  5.539037e-17 
  977.000  5.560036e+00  7.631386e+00  9.399286e-17 
  978.000  5.664359e+00  7.756412e+00  3.347481e-19 
  979.000  6.015806e+00  7.874597e+00 -2.039645e-16 
  980.000  8.088809e+00  9.324638e+00  7.732304e-17 
  981.000  8.742477e+00  9.744894e+00  5.418362e-16 
  982.000  8.361975e+00  9.440352e+00  1.345808e-16 
  983.000  9.655253e+00  1.023044e+01  2.253070e-16 
  984.000  1.110145e+01  1.112090e+01 -4.462517e-16 
  985.000  1.211288e+01  1.173807e+01 -4.619027e-17 
  986.000  1.342852e+01  1.244723e+01  2.678521e-15 
  987.000  1.429061e+01  1.293885e+01 -8.367748e-17 
  988.000  1.433763e+01  1.286166e+01 -6.698788e-16 
  989.000  1.431103e+01  1.274604e+01 -5.838706e-16 
  990.000  1.463102e+01  1.292571e+01 -6.116627e-16 
  991.000  1.533038e+01  1.329627e+01  4.891157e-16 
  992.000  1.537248e+01  1.323499e+01 -1.626630e-15 
  993.000  1.545944e+01  1.324756e+01  1.443589e-17 
  994.000  1.621969e+01  1.348013e+01  1.546950e-15 
  995.000  1.643140e+01  1.351468e+01  0.000000e+00 
  996.000  1.644663e+01  1.349007e+01  1.649338e-15 
  997.000  1.630704e+01  1.340127e+01  2.107024e-15 
  998.000  1.584495e+01  1.326017e+01  1.989885e-15 
  999.000  1.573125e+01  1.316222e+01  1.257170e-15 
 1000.000  1.569060e+01  1.307010e+01 -2.208820e-16 
 1001.000  1.528898e+01  1.287575e+01  1.384558e-15 
 1002.000  1.448258e+01  1.243523e+01  4.934529e-16 
 1003.000  1.451676e+01  1.236638e+01  1.354950e-15 
 1004.000  1.486313e+01  1.246950e+01  1.542257e-15 
 1005.000  1.409219e+01  1.172382e+01  4.437455e-16 
 1006.000  1.490479e+01  1.234652e+01 -1.279075e-15 
 1007.000  1.503708e+01  1.247687e+01 -2.284845e-15 
 1008.000  1.447244e+01  1.219156e+01  1.214325e-15 
 1009.000  1.355144e+01  1.165919e+01  1.833826e-16 
 1010.000  1.399596e+01  1.188271e+01 -5.906168e-16 
 1011.000  1.484488e+01  1.225435e+01 -2.145657e-15 
 1012.000  1.522054e+01  1.240932e+01  1.149497e-15 
 1013.000  1.540506e+01  1.243031e+01  6.337738e-16 
 1014.000  1.564288e+01  1.254669e+01  2.963626e-16 
 1015.000  1.539259e+01  1.230500e+01  6.426975e-16 
 1016.000  1.563106e+01  1.242070e+01  8.507367e-16 
 1017.000  1.572363e+01  1.225946e+01  2.423666e-15 
 1018.000  1.562122e+01  1.237728e+01  1.658031e-15 
 1019.000  1.496758e+01  1.193135e+01 -7.165116e-18 
 1020.000  1.505380e+01  1.193424e+01 -3.458502e-16 
 1021.000  1.543711e+01  1.213326e+01 -1.855642e-15 
 1022.000  1.483923e+01  1.175712e+01 -7.774069e-16 
 1023.000  1.481700e+01  1.181337e+01 -2.459582e-16 
 1024.000  1.456103e+01  1.164195e+01 -5.898701e-16 
 1025.000  1.514262e+01  1.188314e+01 -5.408516e-16 
 1026.000  1.542385e+01  1.198881e+01 -4.259322e-16 
 1027.000  1.523595e+01  1.184682e+01 -2.267844e-17 
 1028.000  1.536904e+01  1.189063e+01 -9.167944e-16 
 1029.000  1.555917e+01  1.175695e+01 -3.686728e-16 
 1030.000  1.593320e+01  1.194450e+01  1.967896e-15 
 1031.000  1.598853e+01  1.192593e+01 -2.756272e-15 
 1032.000  1.601160e+01  1.189416e+01  7.391188e-16 
 1033.000  1.575692e+01  1.166990e+01  3.731677e-15 
 1034.000  1.590393e+01  1.176007e+01 -7.857131e-16 
 1035.000  1.574803e+01  1.162114e+01  3.626284e-16 
 1036.000  1.595154e+01  1.173876e+01 -1.154917e-15 
 1037.000  1.562905e+01  1.147318e+01 -2.672587e-15 
 1038.000  1.585221e+01  1.159205e+01  3.110412e-16 
 1039.000  1.582516e+01  1.157443e+01 -3.647444e-16 
 1040.000  1.557449e+01  1.138314e+01  1.133234e-15 
 1041.000  1.560384e+01  1.139505e+01 -1.501816e-15 
 1042.000  1.564380e+01  1.140159e+01  1.142774e-15 
 1043.000  1.539059e+01  1.118709e+01 -3.572554e-16 
 1044.000  1.550685e+01  1.125573e+01 -7.216848e-16 
 1045.000  1.527544e+01  1.110935e+01 -7.704835e-16 
 1046.000  1.478871e+01  1.073435e+01  0.000000e+00 
 1047.000  1.495602e+01  1.085714e+01 -4.576989e-16 
 1048.000  1.505360e+01  1.090165e+01  0.000000e+00 
 1049.000  1.488937e+01  1.076188e+01  1.428595e-15 
 1050.000  1.467229e+01  1.061254e+01 -7.102991e-16 
 1051.000  1.454123e+01  1.053138e+01  3.043257e-16 
 1052.000  1.435412e+01  1.040267e+01 -7.076387e-16 
 1053.000  1.426963e+01  1.034275e+01 -7.080074e-16 
 1054.000  1.398503e+01  1.015226e+01 -7.514355e-16 
 1055.000  1.391394e+01  1.012343e+01  1.161403e-15 
 1056.000  1.371832e+01  9.999008e+00  5.062337e-17 
 1057.000  1.344870e+01  9.843158e+00 -1.459905e-15 
 1058.000  1.297143e+01  9.571649e+00 -3.743950e-16 
 1059.000  1.252143e+01  9.227671e+00 -3.383208e-16 
 1060.000  1.301692e+01  9.545552e+00  1.100903e-15 
 1061.000  1.248761e+01  9.154825e+00  3.865695e-16 
 1062.000  1.267052e+01  9.316829e+00  7.456652e-16 
 1063.000  1.239167e+01  9.104775e+00  7.088773e-16 
 1064.000  1.240406e+01  9.136081e+00 -1.090753e-15 
 1065.000  1.220509e+01  9.025076e+00  3.468763e-16 
 1066.000  1.185548e+01  8.739383e+00 -1.056866e-15 
 1067.000  1.191942e+01  8.937119e+00  3.428182e-16 
 1068.000  1.156814e+01  8.761001e+00 -2.019786e-16 
 1069.000  1.057856e+01  8.046778e+00  4.914583e-16 
 1070.000  1.132108e+01  8.568878e+00 -2.314892e-16 
 1071.000  1.116766e+01  8.501103e+00 -1.068500e-16 
 1072.000  1.101934e+01  8.435586e+00 -2.846668e-17 
 1073.000  1.066556e+01  8.152922e+00  2.766833e-16 
 1074.000  1.114420e+01  8.476677e+00 -5.462502e-16 
 1075.000  1.121445e+01  8.391977e+00  5.599675e-16 
 1076.000  1.127852e+01  8.484539e+00 -5.401614e-16 
 1077.000  1.098608e+01  8.332096e+00  2.362819e-16 
 1078.000  1.068985e+01  8.187620e+00 -1.016179e-16 
 1079.000  1.025955e+01  7.851440e+00 -2.869600e-16 
 1080.000  9.685520e+00  7.618404e+00  2.860711e-16 
 1081.000  9.311738e+00  7.315818e+00 -1.215188e-16 
 1082.000  9.819583e+00  7.601607e+00  3.595217e-16 
 1083.000  9.114697e+00  7.157886e+00 -6.067349e-17 
 1084.000  9.002253e+00  7.180033e+00  1.537079e-16 
 1085.000  7.908038e+00  6.576461e+00  3.113565e-16 
 1086.000  8.225864e+00  6.763387e+00  2.623204e-16 
 1087.000  8.767276e+00  6.881731e+00  2.191140e-16 
 1088.000  9.380379e+00  7.326117e+00 -5.214844e-16 
 1089.000  7.678764e+00  6.353184e+00 -5.749204e-17 
 1090.000  7.588948e+00  6.357338e+00  6.340202e-16 
 1091.000  7.842153e+00  6.495406e+00 -4.904587e-16 
 1092.000  7.031678e+00  6.027617e+00 -1.436125e-16 
 1093.000  5.751513e+00  5.337442e+00  2.428952e-17 
 1094.000  4.817804e+00  4.627294e+00  3.592436e-16 
 1095.000  5.249761e+00  5.024303e+00  5.437329e-17 
 1096.000  5.206069e+00  4.995088e+00 -8.157415e-17 
 1097.000  4.866693e+00  4.784116e+00 -2.727464e-16 
 1098.000  2.939754e+00  3.577019e+00 -7.188243e-17 
 1099.000  1.911849e+00  2.844579e+00  2.876281e-17 
 1100.000  1.982791e+00  2.921180e+00  2.881054e-19 
