  400.000  1.162217e+02  2.305788e+02  3.048072e-14 
  401.000  1.166483e+02  2.280786e+02 -1.561952e-14 
  402.000  1.248158e+02  2.405485e+02  4.728111e-14 
  403.000  1.180128e+02  2.242031e+02  4.413276e-14 
  404.000  1.280057e+02  2.397582e+02  3.077366e-14 
  405.000  1.184705e+02  2.187942e+02 -1.305356e-14 
  406.000  1.186465e+02  2.160794e+02 -2.782072e-14 
  407.000  1.165929e+02  2.094174e+02  4.147752e-14 
  408.000  1.274300e+02  2.257582e+02  4.478560e-14 
  409.000  1.422813e+02  2.486559e+02  0.000000e+00 
  410.000  1.199775e+02  2.068602e+02  1.436589e-14 
  411.000  1.420832e+02  2.417089e+02  3.137699e-14 
  412.000  1.484503e+02  2.492007e+02  0.000000e+00 
  413.000  1.413909e+02  2.342364e+02  2.190822e-15 
  414.000  1.398688e+02  2.286942e+02 -5.757433e-14 
  415.000  1.503831e+02  2.427111e+02  0.000000e+00 
  416.000  1.506584e+02  2.400395e+02 -1.685206e-14 
  417.000  1.472202e+02  2.315782e+02 -1.628745e-14 
  418.000  1.451259e+02  2.254015e+02  1.588354e-14 
  419.000  1.498145e+02  2.297677e+02 -1.404966e-14 
  420.000  1.277583e+02  1.935035e+02 -5.292555e-14 
  421.000  1.612577e+02  2.412270e+02 -6.381851e-14 
  422.000  1.556554e+02  2.299938e+02  0.000000e+00 
  423.000  1.324177e+02  1.932791e+02  2.751109e-14 
  424.000  1.466998e+02  2.115407e+02 -3.017138e-14 
  425.000  1.530073e+02  2.179911e+02 -3.115841e-14 
  426.000  1.481080e+02  2.084996e+02  2.986678e-14 
  427.000  1.434457e+02  1.995503e+02  8.210504e-14 
  428.000  1.462382e+02  2.010480e+02 -5.591843e-14 
  429.000  1.339352e+02  1.819887e+02  2.448808e-14 
  430.000  1.075852e+02  1.444935e+02  0.000000e+00 
  431.000  9.736241e+01  1.292617e+02  0.000000e+00 
  432.000  1.763885e+02  2.315083e+02  0.000000e+00 
  433.000  1.580168e+02  2.050463e+02 -5.770623e-14 
  434.000  1.511405e+02  1.939174e+02 -5.470562e-14 
  435.000  1.654684e+02  2.099288e+02  1.187328e-13 
  436.000  1.846166e+02  2.316231e+02  6.338712e-14 
  437.000  1.875396e+02  2.326972e+02 -3.421155e-14 
  438.000  1.690127e+02  2.074135e+02 -3.057122e-14 
  439.000  1.645298e+02  1.997168e+02  0.000000e+00 
  440.000  1.854931e+02  2.227311e+02 -9.457094e-14 
  441.000  1.859691e+02  2.209060e+02  3.281316e-14 
  442.000  1.969874e+02  2.314989e+02 -3.216983e-14 
  443.000  1.994269e+02  2.318825e+02  6.694406e-14 
  444.000  1.992365e+02  2.292219e+02 -1.304257e-13 
  445.000  2.107208e+02  2.398975e+02 -6.724263e-14 
  446.000  1.885748e+02  2.124515e+02  2.986617e-14 
  447.000  2.162542e+02  2.411216e+02 -2.440239e-15 
  448.000  2.211184e+02  2.440247e+02  0.000000e+00 
  449.000  2.239100e+02  2.445977e+02  2.485616e-15 
  450.000  2.300894e+02  2.488123e+02  3.529010e-14 
  451.000  2.500300e+02  2.676624e+02  3.805118e-14 
  452.000  2.336780e+02  2.476608e+02  0.000000e+00 
  453.000  2.180560e+02  2.288110e+02  3.269325e-14 
  454.000  2.336811e+02  2.427883e+02  1.068452e-13 
  455.000  2.364958e+02  2.433025e+02  3.746640e-14 
  456.000  2.433931e+02  2.479544e+02  0.000000e+00 
  457.000  2.459324e+02  2.481119e+02  0.000000e+00 
  458.000  2.427540e+02  2.425448e+02  3.517992e-14 
  459.000  2.438557e+02  2.413107e+02  0.000000e+00 
  460.000  2.428508e+02  2.380275e+02 -3.724330e-14 
  461.000  2.528072e+02  2.454403e+02  3.594674e-14 
  462.000  2.498095e+02  2.402469e+02 -3.530212e-14 
  463.000  2.509859e+02  2.391196e+02  3.272125e-14 
  464.000  2.530403e+02  2.388419e+02  7.058227e-14 
  465.000  2.505410e+02  2.343030e+02  3.719248e-14 
  466.000  2.596929e+02  2.406352e+02 -2.564912e-15 
  467.000  2.516775e+02  2.310811e+02 -6.631597e-14 
  468.000  2.675317e+02  2.434039e+02 -3.373686e-14 
  469.000  2.661836e+02  2.399821e+02  3.855608e-14 
  470.000  2.634427e+02  2.353665e+02 -7.340120e-14 
  471.000  2.638241e+02  2.335865e+02  1.110351e-13 
  472.000  2.678419e+02  2.350177e+02 -7.399380e-14 
  473.000  2.656017e+02  2.309682e+02  3.529894e-14 
  474.000  2.683510e+02  2.312802e+02  3.556033e-14 
  475.000  2.796024e+02  2.388264e+02  3.699252e-14 
  476.000  2.711724e+02  2.295550e+02  0.000000e+00 
  477.000  2.690036e+02  2.257078e+02  3.553900e-14 
  478.000  2.835151e+02  2.358587e+02 -3.988855e-14 
  479.000  2.722361e+02  2.245908e+02  3.795452e-14 
  480.000  2.793240e+02  2.285401e+02  7.196623e-14 
  481.000  2.791834e+02  2.265435e+02  0.000000e+00 
  482.000  2.864979e+02  2.305646e+02  0.000000e+00 
  483.000  2.881213e+02  2.299612e+02 -3.884391e-14 
  484.000  2.781774e+02  2.201958e+02  0.000000e+00 
  485.000  2.812849e+02  2.208252e+02 -3.245485e-14 
  486.000  2.289287e+02  1.782521e+02  5.659094e-14 
  487.000  2.582868e+02  1.994744e+02  3.401975e-14 
  488.000  2.814866e+02  2.156298e+02  6.879876e-14 
  489.000  2.626226e+02  1.995569e+02  3.421037e-14 
  490.000  3.000636e+02  2.261775e+02 -7.775313e-14 
  491.000  2.817086e+02  2.106433e+02  3.145944e-14 
  492.000  2.715696e+02  2.014446e+02  0.000000e+00 
  493.000  2.934024e+02  2.159154e+02  0.000000e+00 
  494.000  2.843166e+02  2.075792e+02 -3.617751e-14 
  495.000  3.048691e+02  2.208389e+02 -3.862402e-14 
  496.000  2.976844e+02  2.139462e+02 -1.077278e-13 
  497.000  2.895071e+02  2.064486e+02 -1.408574e-13 
  498.000  2.833839e+02  2.005164e+02 -3.078494e-14 
  499.000  2.834003e+02  1.989815e+02  0.000000e+00 
  500.000  2.828458e+02  1.970685e+02  7.051149e-14 
  501.000  2.771620e+02  1.916334e+02 -9.871545e-14 
  502.000  2.759986e+02  1.893789e+02 -6.839137e-14 
  503.000  2.931399e+02  1.996200e+02  6.757087e-14 
  504.000  2.733669e+02  1.847545e+02 -3.367010e-14 
  505.000  2.955183e+02  1.982298e+02  7.259001e-14 
  506.000  3.172960e+02  2.112604e+02 -7.240770e-14 
  507.000  2.960957e+02  1.956915e+02 -7.210796e-14 
  508.000  2.847980e+02  1.868441e+02  0.000000e+00 
  509.000  3.080060e+02  2.005946e+02  6.938471e-14 
  510.000  2.992959e+02  1.935053e+02  0.000000e+00 
  511.000  3.001999e+02  1.926848e+02  7.189354e-14 
  512.000  3.159191e+02  2.013132e+02  7.031720e-14 
  513.000  2.899059e+02  1.834122e+02  4.615044e-15 
  514.000  2.845679e+02  1.787502e+02 -6.736876e-14 
  515.000  2.912715e+02  1.816614e+02 -6.409401e-14 
  516.000  3.066613e+02  1.899050e+02  0.000000e+00 
  517.000  2.263556e+02  1.391843e+02 -3.554815e-15 
  518.000  2.808032e+02  1.714496e+02  0.000000e+00 
  519.000  2.665628e+02  1.616159e+02  0.000000e+00 
  520.000  2.940569e+02  1.770437e+02  0.000000e+00 
  521.000  2.947778e+02  1.762465e+02  0.000000e+00 
  522.000  3.070110e+02  1.822915e+02  1.325926e-13 
  523.000  2.864582e+02  1.689156e+02  0.000000e+00 
  524.000  3.112962e+02  1.823027e+02  6.694496e-14 
  525.000  3.092792e+02  1.798838e+02  0.000000e+00 
  526.000  2.952280e+02  1.705451e+02 -1.310038e-13 
  527.000  2.582629e+02  1.481809e+02  5.521963e-14 
  528.000  3.105881e+02  1.770008e+02 -1.373676e-13 
  529.000  3.198293e+02  1.810432e+02  7.306490e-14 
  530.000  3.026143e+02  1.701538e+02  6.439958e-14 
  531.000  3.298366e+02  1.842267e+02  0.000000e+00 
  532.000  3.151217e+02  1.748442e+02  3.581638e-14 
  533.000  2.773213e+02  1.528624e+02  0.000000e+00 
  534.000  3.022338e+02  1.655112e+02 -4.574915e-15 
  535.000  3.090931e+02  1.681742e+02  0.000000e+00 
  536.000  3.287375e+02  1.777117e+02  0.000000e+00 
  537.000  3.056595e+02  1.641761e+02 -6.380129e-14 
  538.000  3.206256e+02  1.711132e+02  1.382462e-13 
  539.000  3.202074e+02  1.698007e+02 -7.122388e-14 
  540.000  3.139739e+02  1.654377e+02  1.346307e-13 
  541.000  2.884609e+02  1.510331e+02  0.000000e+00 
  542.000  3.223842e+02  1.677312e+02 -6.160822e-14 
  543.000  3.089455e+02  1.597305e+02  6.344578e-14 
  544.000  3.264266e+02  1.677127e+02  0.000000e+00 
  545.000  3.220959e+02  1.644560e+02  6.585668e-14 
  546.000  3.154465e+02  1.600610e+02  6.436445e-14 
  547.000  3.293880e+02  1.661020e+02  0.000000e+00 
  548.000  3.061158e+02  1.534161e+02 -1.288748e-13 
  549.000  3.226838e+02  1.607281e+02  0.000000e+00 
  550.000  3.161058e+02  1.564894e+02 -6.399150e-14 
  551.000  3.146317e+02  1.548106e+02 -6.816366e-14 
  552.000  3.287258e+02  1.607641e+02  6.634612e-14 
  553.000  3.163431e+02  1.537731e+02  6.375573e-14 
  554.000  3.271845e+02  1.580853e+02 -7.057687e-14 
  555.000  3.286096e+02  1.578216e+02  0.000000e+00 
  556.000  3.200258e+02  1.527806e+02 -1.973306e-13 
  557.000  3.109522e+02  1.475645e+02  6.682841e-14 
  558.000  3.231937e+02  1.524634e+02 -7.403691e-14 
  559.000  3.058801e+02  1.434425e+02 -6.121454e-14 
  560.000  3.075815e+02  1.433898e+02  1.274303e-13 
  561.000  3.384014e+02  1.568299e+02 -7.248342e-14 
  562.000  3.105554e+02  1.430726e+02  6.657880e-14 
  563.000  3.251691e+02  1.489289e+02  9.986743e-14 
  564.000  3.207350e+02  1.460396e+02  2.976986e-14 
  565.000  3.244162e+02  1.468496e+02 -3.481111e-14 
  566.000  2.993392e+02  1.347142e+02 -3.211543e-14 
  567.000  3.203251e+02  1.433033e+02 -6.206477e-14 
  568.000  3.155483e+02  1.402706e+02 -3.453682e-14 
  569.000  3.003643e+02  1.328680e+02  4.148226e-15 
  570.000  3.037314e+02  1.335624e+02  2.118697e-14 
  571.000  2.997681e+02  1.309762e+02  0.000000e+00 
  572.000  3.106786e+02  1.350454e+02 -1.980254e-14 
  573.000  3.160838e+02  1.366008e+02  3.082815e-14 
  574.000  3.152031e+02  1.354498e+02  2.638539e-14 
  575.000  3.074235e+02  1.313664e+02 -2.538570e-14 
  576.000  3.022527e+02  1.284413e+02 -3.035435e-14 
  577.000  3.172416e+02  1.339908e+02 -5.129057e-14 
  578.000  3.111394e+02  1.307378e+02  0.000000e+00 
  579.000  3.113292e+02  1.301419e+02 -3.131311e-14 
  580.000  3.243175e+02  1.348703e+02  0.000000e+00 
  581.000  3.217197e+02  1.331218e+02  3.394402e-14 
  582.000  3.287413e+02  1.353292e+02 -2.303955e-15 
  583.000  3.323426e+02  1.360941e+02  1.037940e-13 
  584.000  3.324364e+02  1.354170e+02 -3.214895e-14 
  585.000  3.311952e+02  1.342013e+02  0.000000e+00 
  586.000  3.177953e+02  1.280939e+02  6.324422e-14 
  587.000  3.276392e+02  1.314081e+02 -7.525964e-15 
  588.000  3.110700e+02  1.242358e+02 -2.566946e-14 
  589.000  2.580471e+02  1.027966e+02  1.234967e-15 
  590.000  2.686654e+02  1.064776e+02 -7.189146e-16 
  591.000  2.993692e+02  1.178562e+02 -2.692526e-15 
  592.000  2.870321e+02  1.125267e+02 -1.826413e-14 
  593.000  3.059751e+02  1.190711e+02  2.985749e-14 
  594.000  3.057032e+02  1.184179e+02  1.438522e-14 
  595.000  2.895190e+02  1.117496e+02  2.091359e-14 
  596.000  3.129101e+02  1.198928e+02 -1.304714e-14 
  597.000  3.107834e+02  1.185263e+02 -2.140388e-14 
  598.000  3.113142e+02  1.180173e+02  6.069940e-14 
  599.000  3.145265e+02  1.185967e+02  8.077907e-16 
  600.000  3.209991e+02  1.203895e+02 -2.929511e-15 
  601.000  3.236272e+02  1.207154e+02  0.000000e+00 
  602.000  3.217950e+02  1.194529e+02  6.010958e-14 
  603.000  3.256546e+02  1.203065e+02 -3.237432e-14 
  604.000  3.379119e+02  1.242383e+02  6.224217e-14 
  605.000  3.384920e+02  1.238497e+02  0.000000e+00 
  606.000  3.355536e+02  1.221740e+02  6.567419e-14 
  607.000  3.346174e+02  1.212386e+02  0.000000e+00 
  608.000  3.342397e+02  1.205111e+02  6.499652e-14 
  609.000  3.316120e+02  1.189819e+02  1.242901e-13 
  610.000  3.270879e+02  1.167894e+02 -6.323632e-14 
  611.000  3.332181e+02  1.184032e+02  0.000000e+00 
  612.000  3.296756e+02  1.165799e+02  6.334957e-14 
  613.000  3.256202e+02  1.145923e+02  0.000000e+00 
  614.000  3.145762e+02  1.101750e+02  0.000000e+00 
  615.000  3.303875e+02  1.151597e+02  0.000000e+00 
  616.000  3.148161e+02  1.092091e+02  5.581422e-14 
  617.000  3.172408e+02  1.095267e+02  0.000000e+00 
  618.000  3.328011e+02  1.143528e+02 -6.294418e-14 
  619.000  3.302652e+02  1.129427e+02  4.176645e-15 
  620.000  3.356286e+02  1.142331e+02  6.325541e-14 
  621.000  3.418259e+02  1.157919e+02  6.002211e-14 
  622.000  3.241260e+02  1.092772e+02  0.000000e+00 
  623.000  3.268848e+02  1.096862e+02 -1.186936e-13 
  624.000  3.274760e+02  1.093671e+02 -3.073330e-14 
  625.000  3.187892e+02  1.059656e+02 -5.579369e-14 
  626.000  3.197422e+02  1.057714e+02  8.818157e-14 
  627.000  3.204926e+02  1.055129e+02 -8.219563e-15 
  628.000  3.055448e+02  1.000748e+02  4.519457e-14 
  629.000  3.184655e+02  1.038549e+02  5.773956e-15 
  630.000  3.128097e+02  1.015344e+02 -4.982180e-14 
  631.000  3.270421e+02  1.056954e+02 -3.059528e-14 
  632.000  3.011689e+02  9.690768e+01 -4.628718e-15 
  633.000  3.297756e+02  1.056530e+02 -3.918587e-15 
  634.000  3.224100e+02  1.028053e+02 -2.799395e-14 
  635.000  3.292088e+02  1.045081e+02  0.000000e+00 
  636.000  3.195717e+02  1.010157e+02  2.741539e-14 
  637.000  3.317520e+02  1.044135e+02  0.000000e+00 
  638.000  3.404952e+02  1.067329e+02  3.069569e-14 
  639.000  3.386880e+02  1.057021e+02  0.000000e+00 
  640.000  3.302636e+02  1.026422e+02  5.880732e-14 
  641.000  3.359203e+02  1.039451e+02  5.960550e-14 
  642.000  3.335667e+02  1.027808e+02  0.000000e+00 
  643.000  3.382132e+02  1.037300e+02 -8.782292e-14 
  644.000  3.349987e+02  1.022975e+02 -2.958222e-14 
  645.000  3.358636e+02  1.021441e+02 -1.791661e-14 
  646.000  3.122382e+02  9.458680e+01  4.371458e-14 
  647.000  3.091189e+02  9.332852e+01  4.668492e-15 
  648.000  3.004507e+02  9.042771e+01 -2.424457e-15 
  649.000  3.144178e+02  9.413776e+01  2.275270e-15 
  650.000  3.056671e+02  9.098885e+01 -2.985512e-14 
  651.000  3.297272e+02  9.773521e+01 -3.882027e-14 
  652.000  3.109027e+02  9.189205e+01 -1.942943e-14 
  653.000  3.328602e+02  9.782501e+01  4.179710e-14 
  654.000  3.273330e+02  9.580427e+01  8.403586e-14 
  655.000  3.137642e+02  9.148959e+01  1.668216e-14 
  656.000  2.683638e+02  7.791068e+01 -2.417674e-14 
  657.000  2.895193e+02  8.368321e+01 -3.196620e-14 
  658.000  3.281318e+02  9.443085e+01 -1.732081e-14 
  659.000  3.324441e+02  9.527728e+01  2.879574e-14 
  660.000  3.368863e+02  9.615507e+01 -8.260269e-14 
  661.000  3.427059e+02  9.739951e+01  5.381649e-14 
  662.000  3.499254e+02  9.906461e+01  0.000000e+00 
  663.000  3.461147e+02  9.757523e+01 -5.776853e-14 
  664.000  3.417998e+02  9.597192e+01  5.300049e-14 
  665.000  3.442529e+02  9.627051e+01  4.937617e-14 
  666.000  3.496124e+02  9.737930e+01 -1.037206e-13 
  667.000  3.436599e+02  9.533803e+01  0.000000e+00 
  668.000  3.468882e+02  9.585340e+01 -5.294129e-14 
  669.000  3.527762e+02  9.709047e+01  4.981770e-14 
  670.000  3.493002e+02  9.574832e+01  5.680805e-14 
  671.000  3.464026e+02  9.457529e+01  7.526282e-15 
  672.000  3.459479e+02  9.407376e+01  1.566579e-13 
  673.000  3.490858e+02  9.454863e+01 -1.051398e-13 
  674.000  3.504163e+02  9.453159e+01  5.264860e-14 
  675.000  3.457096e+02  9.289216e+01 -1.591843e-13 
  676.000  3.528562e+02  9.443724e+01  0.000000e+00 
  677.000  3.464267e+02  9.235041e+01 -5.542139e-14 
  678.000  3.527585e+02  9.366816e+01  1.614066e-13 
  679.000  3.481997e+02  9.209256e+01  5.550501e-14 
  680.000  3.453594e+02  9.097359e+01  5.139111e-14 
  681.000  3.456603e+02  9.068819e+01  5.515081e-14 
  682.000  3.451906e+02  9.020841e+01  1.063569e-13 
  683.000  3.476666e+02  9.049737e+01  0.000000e+00 
  684.000  3.407828e+02  8.834687e+01  5.077049e-14 
  685.000  3.458828e+02  8.933174e+01  0.000000e+00 
  686.000  3.291880e+02  8.466239e+01 -4.921960e-14 
  687.000  2.574079e+02  6.614270e+01 -9.681779e-15 
  688.000  2.804481e+02  7.171021e+01 -9.644636e-15 
  689.000  2.741767e+02  6.989148e+01  7.274045e-15 
  690.000  2.878812e+02  7.301747e+01 -1.385317e-14 
  691.000  3.030340e+02  7.647898e+01 -9.652725e-15 
  692.000  3.057960e+02  7.688686e+01 -4.620848e-15 
  693.000  2.898766e+02  7.281898e+01  1.131299e-14 
  694.000  2.753976e+02  6.904636e+01 -6.517438e-15 
  695.000  2.807021e+02  7.006782e+01 -1.260207e-15 
  696.000  2.905870e+02  7.221613e+01 -1.149487e-14 
  697.000  3.227932e+02  7.962968e+01 -1.456630e-17 
  698.000  3.101543e+02  7.626866e+01  4.529519e-15 
  699.000  2.876088e+02  7.072310e+01 -1.386939e-14 
  700.000  2.887199e+02  7.069473e+01 -9.180769e-16 
  701.000  2.763966e+02  6.747598e+01  2.502057e-16 
  702.000  2.795122e+02  6.795396e+01 -1.046303e-15 
  703.000  3.067723e+02  7.407587e+01 -3.447364e-15 
  704.000  3.088990e+02  7.431118e+01  3.063485e-14 
  705.000  3.016615e+02  7.239975e+01  2.140507e-15 
  706.000  3.005391e+02  7.185081e+01  1.039004e-14 
  707.000  2.996118e+02  7.133722e+01  4.424776e-15 
  708.000  3.123484e+02  7.406732e+01  1.649599e-14 
  709.000  3.090736e+02  7.296984e+01 -1.034207e-16 
  710.000  3.080080e+02  7.251898e+01 -1.807039e-14 
  711.000  3.134756e+02  7.347717e+01 -4.236158e-15 
  712.000  3.164341e+02  7.387241e+01  9.358909e-15 
  713.000  3.093388e+02  7.197993e+01  3.284744e-14 
  714.000  3.125331e+02  7.247287e+01 -4.533022e-15 
  715.000  2.921959e+02  6.758208e+01  1.821604e-14 
  716.000  2.894478e+02  6.678649e+01 -2.450413e-15 
  717.000  2.264399e+02  5.211964e+01 -3.555577e-15 
  718.000  1.950086e+02  4.491254e+01 -1.741030e-15 
  719.000  1.825396e+02  4.202155e+01 -1.586312e-15 
  720.000  1.702216e+02  3.926434e+01  1.530536e-15 
  721.000  2.379378e+02  5.401955e+01 -2.808626e-16 
  722.000  2.702149e+02  6.111643e+01 -7.122327e-15 
  723.000  2.532752e+02  5.712751e+01 -6.769205e-15 
  724.000  2.117278e+02  4.761036e+01  1.897705e-15 
  725.000  2.150937e+02  4.816120e+01 -1.574143e-15 
  726.000  2.130310e+02  4.754379e+01  2.556918e-15 
  727.000  2.222079e+02  4.939057e+01 -5.345537e-16 
  728.000  2.124174e+02  4.708175e+01 -2.626880e-16 
  729.000  2.193501e+02  4.839959e+01  5.042164e-16 
  730.000  2.251503e+02  4.950843e+01  2.705342e-16 
  731.000  2.186686e+02  4.792306e+01 -3.656110e-15 
  732.000  2.509642e+02  5.485481e+01  0.000000e+00 
  733.000  2.763783e+02  6.012261e+01 -1.249588e-14 
  734.000  2.975339e+02  6.438018e+01  3.538933e-14 
  735.000  2.901818e+02  6.262473e+01  1.478862e-14 
  736.000  2.755262e+02  5.934148e+01 -1.341601e-14 
  737.000  2.865903e+02  6.145646e+01 -2.230539e-14 
  738.000  2.961153e+02  6.320042e+01 -2.814429e-14 
  739.000  2.910316e+02  6.187756e+01  5.109299e-14 
  740.000  3.037696e+02  6.432339e+01 -3.680151e-14 
  741.000  3.072520e+02  6.483537e+01 -1.852488e-16 
  742.000  3.047568e+02  6.409538e+01  2.227538e-14 
  743.000  3.192944e+02  6.694255e+01 -6.257928e-14 
  744.000  3.247482e+02  6.784401e+01 -7.187698e-14 
  745.000  3.183016e+02  6.628972e+01 -3.125799e-15 
  746.000  3.243604e+02  6.733807e+01  0.000000e+00 
  747.000  3.298957e+02  6.826163e+01  2.305359e-13 
  748.000  3.251657e+02  6.706924e+01 -1.414222e-13 
  749.000  3.259767e+02  6.701849e+01  4.714376e-14 
  750.000  3.208546e+02  6.574273e+01  0.000000e+00 
  751.000  3.203475e+02  6.542349e+01 -8.955698e-14 
  752.000  3.265790e+02  6.648658e+01  0.000000e+00 
  753.000  3.241494e+02  6.577933e+01  0.000000e+00 
  754.000  3.297400e+02  6.669749e+01  9.459857e-14 
  755.000  3.281682e+02  6.616379e+01 -9.404702e-14 
  756.000  3.220750e+02  6.472487e+01 -7.984498e-14 
  757.000  3.246931e+02  6.503945e+01 -6.220804e-15 
  758.000  3.233920e+02  6.455975e+01  9.281912e-14 
  759.000  2.747409e+02  5.465055e+01 -1.992221e-14 
  760.000  5.341676e+01  1.099933e+01 -1.681888e-16 
  761.000  4.172456e+01  8.703849e+00  6.511286e-16 
  762.000  1.351244e+02  2.689390e+01  5.216420e-15 
  763.000  1.024538e+02  2.053231e+01  3.331314e-15 
  764.000  1.202053e+02  2.390319e+01 -6.428131e-17 
  765.000  1.656370e+02  3.244841e+01  2.448134e-15 
  766.000  2.176873e+02  4.241857e+01 -7.649704e-15 
  767.000  2.549728e+02  4.948787e+01  6.031273e-14 
  768.000  2.893589e+02  5.589708e+01  4.160641e-14 
  769.000  3.047337e+02  5.869315e+01 -5.911288e-14 
  770.000  3.118160e+02  5.990607e+01  5.265394e-17 
  771.000  3.161232e+02  6.055099e+01  0.000000e+00 
  772.000  3.160499e+02  6.035422e+01  0.000000e+00 
  773.000  3.153308e+02  6.003110e+01  0.000000e+00 
  774.000  3.193217e+02  6.060420e+01  8.361764e-14 
  775.000  3.078366e+02  5.824489e+01  0.000000e+00 
  776.000  3.209944e+02  6.054776e+01 -1.735266e-13 
  777.000  3.189308e+02  5.997143e+01  0.000000e+00 
  778.000  3.172321e+02  5.946564e+01  0.000000e+00 
  779.000  3.182782e+02  5.947577e+01  8.300648e-14 
  780.000  3.144674e+02  5.858170e+01  8.787159e-14 
  781.000  3.145731e+02  5.842465e+01  1.695465e-13 
  782.000  3.183583e+02  5.894443e+01  8.877510e-14 
  783.000  3.110376e+02  5.741180e+01  8.089841e-14 
  784.000  3.125219e+02  5.750574e+01  3.776256e-14 
  785.000  3.115452e+02  5.713583e+01 -4.081977e-14 
  786.000  3.035120e+02  5.549382e+01 -2.766538e-14 
  787.000  3.014615e+02  5.493242e+01 -3.934897e-14 
  788.000  2.935940e+02  5.333516e+01 -2.086214e-14 
  789.000  2.833806e+02  5.136042e+01  3.529211e-15 
  790.000  2.795454e+02  5.051804e+01  1.736531e-14 
  791.000  2.803997e+02  5.050848e+01  1.715510e-14 
  792.000  2.781154e+02  4.993804e+01  3.047626e-16 
  793.000  2.827373e+02  5.060075e+01  1.698853e-14 
  794.000  2.900605e+02  5.175561e+01 -2.016700e-14 
  795.000  2.823972e+02  5.023286e+01  2.643714e-14 
  796.000  2.709630e+02  4.811929e+01  0.000000e+00 
  797.000  2.773939e+02  4.908714e+01  3.649700e-15 
  798.000  2.880924e+02  5.079239e+01  2.788610e-14 
  799.000  2.855780e+02  5.020519e+01 -1.920235e-14 
  800.000  2.708517e+02  4.750456e+01 -3.839337e-15 
  801.000  2.768676e+02  4.841253e+01 -3.815100e-15 
  802.000  2.756798e+02  4.806744e+01  1.891212e-14 
  803.000  2.729220e+02  4.744218e+01 -3.606691e-15 
  804.000  2.790596e+02  4.835290e+01  7.073009e-15 
  805.000  2.781909e+02  4.804640e+01  1.980877e-14 
  806.000  2.899869e+02  4.993790e+01 -2.004813e-14 
  807.000  2.885475e+02  4.954566e+01  4.711965e-14 
  808.000  2.845285e+02  4.871272e+01 -1.138644e-14 
  809.000  2.769486e+02  4.727950e+01  2.108927e-14 
  810.000  2.726265e+02  4.641239e+01 -9.712279e-17 
  811.000  2.706013e+02  4.595687e+01  2.708252e-14 
  812.000  2.611082e+02  4.426245e+01 -1.376407e-14 
  813.000  2.497491e+02  4.228258e+01  2.183767e-14 
  814.000  2.362448e+02  3.995418e+01 -8.745087e-15 
  815.000  2.179720e+02  3.676994e+01  4.388006e-16 
  816.000  1.977265e+02  3.321033e+01 -2.105262e-16 
  817.000  1.996642e+02  3.344214e+01 -2.269663e-16 
  818.000  1.999021e+02  3.338942e+01 -6.764796e-16 
  819.000  2.006034e+02  3.342697e+01  5.007714e-15 
  820.000  2.169100e+02  3.607125e+01 -8.545335e-16 
  821.000  2.494518e+02  4.120883e+01 -1.571275e-16 
  822.000  2.236659e+02  3.696392e+01  8.602605e-16 
  823.000  1.792110e+02  2.952058e+01 -1.088095e-15 
  824.000  2.222514e+02  3.654913e+01 -4.414436e-16 
  825.000  2.510527e+02  4.100346e+01  7.059258e-17 
  826.000  2.480074e+02  4.043169e+01  9.668144e-15 
  827.000  2.435122e+02  3.961434e+01  7.104767e-15 
  828.000  2.241105e+02  3.644392e+01  5.219396e-15 
  829.000  2.307262e+02  3.739565e+01 -8.453047e-15 
  830.000  2.347615e+02  3.790350e+01 -5.171462e-15 
  831.000  2.326054e+02  3.744131e+01 -9.889488e-15 
  832.000  2.385674e+02  3.829282e+01  9.502962e-15 
  833.000  2.356954e+02  3.769970e+01 -1.372501e-16 
  834.000  2.446860e+02  3.899679e+01  7.767311e-15 
  835.000  2.559342e+02  4.062001e+01  2.968389e-14 
  836.000  2.556795e+02  4.048590e+01 -8.819050e-15 
  837.000  2.534348e+02  4.002416e+01  1.601812e-15 
  838.000  2.596351e+02  4.086755e+01 -3.398129e-15 
  839.000  2.547379e+02  3.997763e+01  1.360017e-14 
  840.000  2.628046e+02  4.112851e+01 -8.591945e-17 
  841.000  2.602474e+02  4.062883e+01  1.255451e-15 
  842.000  2.617353e+02  4.074086e+01 -1.528980e-14 
  843.000  2.671787e+02  4.146607e+01  1.368098e-14 
  844.000  2.661000e+02  4.119013e+01 -1.607587e-14 
  845.000  2.717694e+02  4.195718e+01 -4.716372e-15 
  846.000  2.759052e+02  4.248520e+01 -4.811445e-14 
  847.000  2.681965e+02  4.119283e+01  0.000000e+00 
  848.000  2.732830e+02  4.185238e+01  4.941627e-14 
  849.000  2.742208e+02  4.188421e+01  3.700496e-14 
  850.000  2.359269e+02  3.593610e+01 -4.461375e-15 
  851.000  2.686977e+02  4.081612e+01 -1.793868e-14 
  852.000  2.587437e+02  3.919954e+01  3.023009e-14 
  853.000  2.644889e+02  3.996788e+01  5.107567e-15 
  854.000  2.126072e+02  3.204240e+01 -2.089848e-14 
  855.000  2.353104e+02  3.537312e+01  3.145579e-14 
  856.000  2.697431e+02  4.043779e+01  1.702384e-14 
  857.000  2.753110e+02  4.117064e+01 -3.704641e-14 
  858.000  2.715497e+02  4.050451e+01  7.043655e-14 
  859.000  2.728880e+02  4.060507e+01  2.438297e-15 
  860.000  2.712217e+02  4.025532e+01 -6.728271e-14 
  861.000  2.713886e+02  4.017502e+01  0.000000e+00 
  862.000  2.708873e+02  3.999770e+01 -4.812574e-15 
  863.000  2.762008e+02  4.067584e+01  6.831077e-14 
  864.000  2.760857e+02  4.055489e+01 -7.305501e-14 
  865.000  2.713040e+02  3.975034e+01 -7.168307e-14 
  866.000  2.276896e+02  3.327362e+01  6.012671e-14 
  867.000  2.424698e+02  3.534104e+01 -1.237743e-13 
  868.000  2.630705e+02  3.824441e+01 -1.342364e-13 
  869.000  2.595342e+02  3.763311e+01  6.388123e-14 
  870.000  2.702267e+02  3.908173e+01 -4.775972e-15 
  871.000  2.699989e+02  3.894851e+01  4.769067e-15 
  872.000  2.692035e+02  3.873509e+01  7.089987e-14 
  873.000  2.701112e+02  3.876428e+01  1.376211e-13 
  874.000  2.641266e+02  3.780732e+01  6.497621e-14 
  875.000  2.617246e+02  3.736727e+01 -6.900348e-14 
  876.000  2.638101e+02  3.756765e+01  6.493289e-14 
  877.000  2.690807e+02  3.821995e+01  3.549619e-14 
  878.000  2.637058e+02  3.735599e+01 -6.748785e-14 
  879.000  2.644202e+02  3.736204e+01  0.000000e+00 
  880.000  2.622335e+02  3.695463e+01  0.000000e+00 
  881.000  2.483762e+02  3.491127e+01  0.000000e+00 
  882.000  2.617842e+02  3.670057e+01  0.000000e+00 
  883.000  2.562409e+02  3.583491e+01 -3.404915e-14 
  884.000  2.586272e+02  3.607833e+01 -3.433417e-14 
  885.000  2.600147e+02  3.617265e+01 -6.597666e-14 
  886.000  2.499152e+02  3.468569e+01  0.000000e+00 
  887.000  2.486093e+02  3.441013e+01  0.000000e+00 
  888.000  2.560103e+02  3.534526e+01  1.147698e-15 
  889.000  2.581694e+02  3.555650e+01 -3.217243e-14 
  890.000  2.564046e+02  3.523338e+01  2.390262e-14 
  891.000  2.526372e+02  3.462210e+01  1.487155e-14 
  892.000  2.465052e+02  3.369028e+01  0.000000e+00 
  893.000  2.220198e+02  3.030033e+01 -1.463817e-15 
  894.000  2.215391e+02  3.019578e+01  8.760333e-15 
  895.000  1.892646e+02  2.583877e+01  3.838539e-15 
  896.000  1.767334e+02  2.405312e+01  1.124360e-15 
  897.000  1.534082e+02  2.080561e+01 -1.162773e-15 
  898.000  1.451765e+02  1.966337e+01 -9.788898e-16 
  899.000  1.241521e+02  1.690726e+01  2.331988e-17 
  900.000  1.235650e+02  1.676256e+01  1.386711e-15 
  901.000  1.161940e+02  1.576604e+01 -4.896021e-16 
  902.000  1.153658e+02  1.560643e+01  5.112678e-16 
  903.000  1.572514e+02  2.101488e+01  7.868465e-16 
  904.000  1.851726e+02  2.473226e+01 -4.149431e-15 
  905.000  1.841504e+02  2.453762e+01  3.474702e-16 
  906.000  1.635721e+02  2.171467e+01  9.490375e-16 
  907.000  1.405665e+02  1.864251e+01  4.048586e-16 
  908.000  1.217969e+02  1.621311e+01 -4.258736e-16 
  909.000  1.201473e+02  1.595048e+01 -3.435389e-16 
  910.000  1.236881e+02  1.636360e+01 -1.841039e-15 
  911.000  1.331141e+02  1.749762e+01 -4.352235e-16 
  912.000  1.286903e+02  1.690580e+01  4.676359e-16 
  913.000  1.120281e+02  1.483782e+01  4.565462e-16 
  914.000  1.208199e+02  1.587377e+01  2.266137e-17 
  915.000  1.266200e+02  1.653136e+01 -4.464378e-16 
  916.000  1.306081e+02  1.699533e+01 -5.598967e-16 
  917.000  1.332883e+02  1.727367e+01 -4.431266e-17 
  918.000  1.387630e+02  1.790968e+01 -4.406563e-17 
  919.000  1.625372e+02  2.091069e+01 -8.714280e-16 
  920.000  1.793075e+02  2.304991e+01  1.060223e-15 
  921.000  1.717379e+02  2.202407e+01 -1.200791e-16 
  922.000  1.699956e+02  2.174881e+01  1.797382e-15 
  923.000  1.582065e+02  2.018329e+01 -3.282863e-16 
  924.000  1.535146e+02  1.950963e+01  8.979155e-16 
  925.000  1.540971e+02  1.953710e+01 -4.277481e-20 
  926.000  1.469344e+02  1.858774e+01 -8.360508e-17 
  927.000  1.386695e+02  1.751137e+01  1.837259e-19 
  928.000  1.201503e+02  1.522957e+01 -4.588081e-16 
  929.000  9.451492e+01  1.213861e+01 -4.640060e-16 
  930.000  6.947855e+01  9.112134e+00  1.079045e-16 
  931.000  4.807045e+01  6.449076e+00  5.299366e-17 
  932.000  2.666967e+01  3.800412e+00  2.101170e-20 
  933.000  1.705556e+01  2.624598e+00 -2.554717e-21 
  934.000  1.028242e+01  1.777252e+00  7.074448e-18 
  935.000  9.438110e+00  1.659690e+00 -6.972969e-18 
  936.000  1.129726e+01  1.887911e+00 -2.717425e-17 
  937.000  1.119236e+01  1.879512e+00  7.067192e-18 
  938.000  1.940213e+01  2.864737e+00  1.391557e-17 
  939.000  5.902404e+01  7.701549e+00 -2.224501e-16 
  940.000  6.802056e+01  8.734087e+00 -1.052510e-16 
  941.000  5.955360e+01  7.704716e+00  1.081317e-16 
  942.000  4.234104e+01  5.589055e+00 -8.472467e-27 
  943.000  2.522910e+01  3.512426e+00  2.055210e-20 
  944.000  2.330599e+01  3.263765e+00 -2.713841e-17 
  945.000  2.897501e+01  3.942433e+00  1.444330e-17 
  946.000  2.999313e+01  4.058248e+00 -2.903560e-17 
  947.000  3.640101e+01  4.813298e+00  2.461487e-31 
  948.000  4.091234e+01  5.348163e+00  1.519679e-19 
  949.000  4.093544e+01  5.333627e+00  5.540320e-17 
  950.000  4.194726e+01  5.438498e+00  5.453860e-17 
  951.000  5.229926e+01  6.663436e+00 -5.047879e-17 
  952.000  4.188322e+01  5.392135e+00 -5.437262e-17 
  953.000  4.988631e+01  6.331511e+00  1.050052e-16 
  954.000  5.934458e+01  7.423491e+00 -1.042232e-16 
  955.000  4.894056e+01  6.148741e+00  4.934050e-17 
  956.000  5.164890e+01  6.466414e+00 -1.564683e-18 
  957.000  7.905235e+01  9.609007e+00  1.010416e-17 
  958.000  8.473173e+01  1.022914e+01 -4.769954e-16 
  959.000  8.048756e+01  9.737213e+00  2.044847e-16 
  960.000  7.881419e+01  9.521987e+00 -2.076649e-16 
  961.000  7.588976e+01  9.165481e+00 -3.407893e-17 
  962.000  7.904515e+01  9.502322e+00  2.363486e-16 
  963.000  9.779059e+01  1.154985e+01  1.905787e-16 
  964.000  9.999439e+01  1.175795e+01 -2.221217e-16 
  965.000  9.980048e+01  1.172367e+01 -4.014628e-16 
  966.000  9.852154e+01  1.153738e+01  1.009577e-15 
  967.000  1.174753e+02  1.360374e+01  2.846433e-16 
  968.000  1.463580e+02  1.683993e+01 -1.237264e-15 
  969.000  1.629697e+02  1.873729e+01 -1.876259e-15 
  970.000  1.646207e+02  1.888581e+01 -3.535886e-17 
  971.000  1.629084e+02  1.864891e+01  9.259367e-16 
  972.000  1.595628e+02  1.822412e+01  1.585901e-16 
  973.000  1.482078e+02  1.686911e+01  5.544258e-17 
  974.000  1.348136e+02  1.529843e+01 -8.397561e-16 
  975.000  1.286888e+02  1.458298e+01 -2.711838e-16 
  976.000  1.388266e+02  1.568509e+01  1.446868e-15 
  977.000  1.500204e+02  1.694054e+01  3.989287e-15 
  978.000  1.527826e+02  1.721171e+01 -2.272940e-15 
  979.000  1.526544e+02  1.716920e+01 -3.370983e-15 
  980.000  1.715678e+02  1.923993e+01  3.305083e-16 
  981.000  1.768958e+02  1.978013e+01 -6.333735e-15 
  982.000  1.729925e+02  1.931917e+01 -3.346978e-15 
  983.000  1.818250e+02  2.022393e+01  5.689189e-15 
  984.000  1.904086e+02  2.109235e+01  5.952296e-15 
  985.000  1.961150e+02  2.166092e+01  7.668033e-15 
  986.000  2.020498e+02  2.225665e+01 -2.061281e-14 
  987.000  2.078235e+02  2.284349e+01  8.527906e-15 
  988.000  2.061628e+02  2.261351e+01  1.961257e-14 
  989.000  2.041395e+02  2.234465e+01  1.662325e-14 
  990.000  2.067611e+02  2.258428e+01 -1.277254e-14 
  991.000  2.113652e+02  2.304131e+01  7.970045e-15 
  992.000  2.102729e+02  2.287506e+01  3.596217e-14 
  993.000  2.106206e+02  2.286511e+01 -5.933519e-16 
  994.000  2.141262e+02  2.319360e+01 -2.659442e-14 
  995.000  2.143468e+02  2.317474e+01 -1.365476e-14 
  996.000  2.143264e+02  2.312375e+01 -1.365195e-14 
  997.000  2.135044e+02  2.298288e+01  9.155871e-16 
  998.000  2.116177e+02  2.273659e+01 -4.953051e-15 
  999.000  2.106460e+02  2.258383e+01  3.975595e-14 
 1000.000  2.093719e+02  2.240105e+01 -8.356221e-15 
 1001.000  2.079135e+02  2.219412e+01  3.053556e-14 
 1002.000  2.034805e+02  2.167278e+01 -6.965916e-15 
 1003.000  2.021118e+02  2.148247e+01  1.821705e-14 
 1004.000  2.028050e+02  2.151306e+01 -1.479091e-14 
 1005.000  1.904628e+02  2.016315e+01 -1.952847e-14 
 1006.000  2.008314e+02  2.121719e+01 -1.885482e-14 
 1007.000  2.037316e+02  2.147798e+01  1.207341e-14 
 1008.000  2.012891e+02  2.117424e+01  1.946055e-14 
 1009.000  1.957179e+02  2.054740e+01  4.320035e-15 
 1010.000  1.984395e+02  2.078883e+01 -8.066444e-15 
 1011.000  2.020868e+02  2.112840e+01  4.548338e-15 
 1012.000  2.040044e+02  2.128721e+01  5.981044e-15 
 1013.000  2.039796e+02  2.124332e+01  6.755699e-15 
 1014.000  2.059361e+02  2.140434e+01  7.326918e-15 
 1015.000  2.022870e+02  2.098230e+01 -1.237752e-14 
 1016.000  2.042556e+02  2.114459e+01 -2.518329e-14 
 1017.000  2.024773e+02  2.091130e+01  3.704688e-14 
 1018.000  2.045239e+02  2.108519e+01 -2.905311e-15 
 1019.000  1.983175e+02  2.040083e+01  2.819176e-14 
 1020.000  1.984791e+02  2.037689e+01 -3.750395e-14 
 1021.000  2.016179e+02  2.065936e+01  1.259314e-14 
 1022.000  1.967458e+02  2.011579e+01 -3.446633e-14 
 1023.000  1.989691e+02  2.029984e+01 -2.584841e-15 
 1024.000  1.970454e+02  2.006205e+01 -1.084591e-15 
 1025.000  1.999043e+02  2.031565e+01 -5.934289e-15 
 1026.000  2.014613e+02  2.043505e+01  2.006082e-14 
 1027.000  1.997496e+02  2.021960e+01 -1.966352e-14 
 1028.000  2.007140e+02  2.027729e+01 -1.777381e-15 
 1029.000  1.988055e+02  2.004061e+01  0.000000e+00 
 1030.000  2.019977e+02  2.032555e+01  8.551304e-16 
 1031.000  2.019828e+02  2.028543e+01  2.544369e-14 
 1032.000  2.017704e+02  2.022519e+01  2.534992e-14 
 1033.000  1.982346e+02  1.983160e+01 -4.809884e-14 
 1034.000  2.005612e+02  2.002510e+01 -4.860139e-14 
 1035.000  1.985929e+02  1.978955e+01 -2.487449e-14 
 1036.000  2.011914e+02  2.000855e+01 -5.040187e-14 
 1037.000  1.970471e+02  1.955767e+01  0.000000e+00 
 1038.000  1.991422e+02  1.972686e+01  0.000000e+00 
 1039.000  1.997810e+02  1.975023e+01 -2.166764e-14 
 1040.000  1.972992e+02  1.946578e+01  4.945560e-14 
 1041.000  1.982446e+02  1.952000e+01 -4.805812e-14 
 1042.000  1.988246e+02  1.953840e+01  2.326559e-14 
 1043.000  1.954345e+02  1.916751e+01 -7.187621e-14 
 1044.000  1.973077e+02  1.931284e+01  2.475198e-14 
 1045.000  1.961426e+02  1.915985e+01 -1.651603e-15 
 1046.000  1.903075e+02  1.855288e+01  0.000000e+00 
 1047.000  1.935908e+02  1.883517e+01 -1.219553e-14 
 1048.000  1.953845e+02  1.897185e+01  1.149723e-14 
 1049.000  1.939999e+02  1.879998e+01  0.000000e+00 
 1050.000  1.925437e+02  1.862137e+01 -1.218074e-14 
 1051.000  1.921318e+02  1.854380e+01 -1.137126e-14 
 1052.000  1.909643e+02  1.839429e+01 -1.213512e-14 
 1053.000  1.909850e+02  1.836030e+01  0.000000e+00 
 1054.000  1.886202e+02  1.809636e+01  1.121758e-14 
 1055.000  1.895572e+02  1.814949e+01  0.000000e+00 
 1056.000  1.887036e+02  1.803160e+01 -1.128148e-14 
 1057.000  1.875139e+02  1.788042e+01  6.446726e-15 
 1058.000  1.840528e+02  1.751167e+01 -5.990319e-15 
 1059.000  1.783723e+02  1.693879e+01  0.000000e+00 
 1060.000  1.855398e+02  1.758791e+01  0.000000e+00 
 1061.000  1.788684e+02  1.692234e+01 -5.796800e-15 
 1062.000  1.829811e+02  1.727540e+01 -5.965321e-15 
 1063.000  1.796499e+02  1.692755e+01 -5.867543e-15 
 1064.000  1.812631e+02  1.704458e+01  5.950210e-15 
 1065.000  1.800257e+02  1.689298e+01  0.000000e+00 
 1066.000  1.746097e+02  1.635375e+01  5.379149e-15 
 1067.000  1.785058e+02  1.669264e+01  3.931464e-15 
 1068.000  1.758701e+02  1.641286e+01  1.343340e-16 
 1069.000  1.615907e+02  1.505165e+01  4.923516e-15 
 1070.000  1.714073e+02  1.593647e+01  1.327056e-16 
 1071.000  1.704259e+02  1.581588e+01 -4.992684e-15 
 1072.000  1.696875e+02  1.571889e+01  2.373863e-15 
 1073.000  1.638581e+02  1.515117e+01  8.017667e-16 
 1074.000  1.698124e+02  1.567283e+01 -3.786770e-15 
 1075.000  1.663882e+02  1.532741e+01  4.416826e-15 
 1076.000  1.688390e+02  1.552523e+01 -7.801656e-15 
 1077.000  1.668854e+02  1.531909e+01  4.930574e-15 
 1078.000  1.655050e+02  1.516754e+01 -4.320266e-15 
 1079.000  1.588353e+02  1.453013e+01  9.153074e-16 
 1080.000  1.586743e+02  1.450152e+01  1.856158e-15 
 1081.000  1.525910e+02  1.392102e+01  2.116556e-15 
 1082.000  1.565932e+02  1.425355e+01  9.876745e-16 
 1083.000  1.498764e+02  1.362463e+01  2.800215e-15 
 1084.000  1.528164e+02  1.387620e+01 -4.099105e-15 
 1085.000  1.444827e+02  1.312021e+01 -2.138000e-16 
 1086.000  1.477867e+02  1.338963e+01  1.981161e-15 
 1087.000  1.453010e+02  1.311352e+01 -9.961745e-16 
 1088.000  1.544442e+02  1.391245e+01  5.980040e-15 
 1089.000  1.401973e+02  1.263674e+01 -8.672412e-16 
 1090.000  1.416035e+02  1.274572e+01 -3.079928e-15 
 1091.000  1.440045e+02  1.293186e+01 -2.588508e-15 
 1092.000  1.365215e+02  1.225097e+01 -1.536641e-16 
 1093.000  1.261413e+02  1.130921e+01  1.608130e-15 
 1094.000  1.114670e+02  9.970740e+00 -2.303434e-15 
 1095.000  1.211113e+02  1.081457e+01 -1.194108e-16 
 1096.000  1.208816e+02  1.077512e+01 -6.977276e-16 
 1097.000  1.174060e+02  1.044342e+01  0.000000e+00 
 1098.000  9.735114e+01  8.637299e+00 -1.914549e-16 
 1099.000  8.317014e+01  7.421838e+00 -3.168787e-16 
 1100.000  8.540908e+01  7.602880e+00  1.504978e-17 
