  400.000  3.835898e+01  1.673981e+02 -2.923586e-15 
  401.000  3.872750e+01  1.658445e+02 -2.492162e-14 
  402.000  4.168159e+01  1.751870e+02 -6.186413e-15 
  403.000  3.963762e+01  1.635384e+02  1.247681e-14 
  404.000  4.323964e+01  1.751566e+02 -1.693043e-14 
  405.000  4.024423e+01  1.600878e+02  7.728057e-15 
  406.000  4.052902e+01  1.583446e+02 -4.948778e-16 
  407.000  4.004747e+01  1.536976e+02 -1.498281e-14 
  408.000  4.400875e+01  1.659428e+02  1.633664e-14 
  409.000  4.940266e+01  1.830499e+02 -2.838034e-15 
  410.000  4.188025e+01  1.525104e+02 -1.310715e-14 
  411.000  4.985750e+01  1.784686e+02 -6.164783e-15 
  412.000  5.236215e+01  1.842724e+02 -1.352877e-14 
  413.000  5.012880e+01  1.734625e+02 -1.113720e-14 
  414.000  4.983231e+01  1.695782e+02  1.849683e-14 
  415.000  5.385125e+01  1.802449e+02  2.699048e-14 
  416.000  5.422044e+01  1.785284e+02  1.523437e-14 
  417.000  5.324470e+01  1.724888e+02  1.404205e-14 
  418.000  5.274166e+01  1.681270e+02  1.045444e-14 
  419.000  5.470595e+01  1.716255e+02 -1.587867e-14 
  420.000  4.687259e+01  1.447405e+02 -7.299366e-15 
  421.000  5.944055e+01  1.806899e+02  1.239553e-14 
  422.000  5.764243e+01  1.725159e+02 -2.110404e-15 
  423.000  4.926291e+01  1.451777e+02  1.266133e-14 
  424.000  5.482456e+01  1.591123e+02  1.005561e-14 
  425.000  5.743653e+01  1.641827e+02  4.565789e-16 
  426.000  5.584221e+01  1.572419e+02 -3.483261e-15 
  427.000  5.431997e+01  1.506907e+02 -1.157385e-14 
  428.000  5.561503e+01  1.520170e+02 -5.722458e-15 
  429.000  5.115182e+01  1.377802e+02 -1.420620e-15 
  430.000  4.126006e+01  1.095306e+02  1.148385e-14 
  431.000  3.749411e+01  9.810679e+01 -3.276587e-15 
  432.000  6.820490e+01  1.759273e+02  2.142783e-14 
  433.000  6.134834e+01  1.560101e+02  8.271171e-15 
  434.000  5.891385e+01  1.477229e+02 -3.414848e-15 
  435.000  6.475431e+01  1.601142e+02 -1.682538e-14 
  436.000  7.253057e+01  1.768729e+02 -4.317241e-15 
  437.000  7.396385e+01  1.779050e+02 -2.002150e-14 
  438.000  6.691158e+01  1.587619e+02 -1.438966e-14 
  439.000  6.538329e+01  1.530499e+02 -5.224443e-15 
  440.000  7.398813e+01  1.708839e+02 -1.409092e-14 
  441.000  7.445017e+01  1.696774e+02 -1.127952e-14 
  442.000  7.914581e+01  1.780140e+02 -8.980768e-15 
  443.000  8.041051e+01  1.785069e+02 -4.508678e-14 
  444.000  8.061435e+01  1.766518e+02  4.991061e-14 
  445.000  8.555244e+01  1.850768e+02 -2.529142e-14 
  446.000  7.681577e+01  1.640728e+02  1.246337e-14 
  447.000  8.839484e+01  1.864208e+02 -4.385780e-14 
  448.000  9.071411e+01  1.888944e+02  2.424003e-14 
  449.000  9.219897e+01  1.895718e+02  1.738776e-14 
  450.000  9.508685e+01  1.930720e+02  2.340235e-14 
  451.000  1.036893e+02  2.079393e+02 -1.707426e-14 
  452.000  9.723687e+01  1.926140e+02  3.103614e-14 
  453.000  9.103805e+01  1.781471e+02  2.393839e-14 
  454.000  9.788000e+01  1.892310e+02  1.118173e-14 
  455.000  9.937084e+01  1.898175e+02  5.383542e-15 
  456.000  1.025747e+02  1.936144e+02  1.036654e-15 
  457.000  1.039545e+02  1.939062e+02  1.920160e-15 
  458.000  1.029136e+02  1.897184e+02 -1.146731e-14 
  459.000  1.036795e+02  1.889120e+02 -1.254890e-15 
  460.000  1.035483e+02  1.864977e+02  1.101483e-14 
  461.000  1.080994e+02  1.924654e+02  2.656259e-14 
  462.000  1.071153e+02  1.885464e+02 -3.018788e-14 
  463.000  1.079170e+02  1.878150e+02 -1.888594e-14 
  464.000  1.091430e+02  1.878246e+02  2.733366e-14 
  465.000  1.083999e+02  1.844755e+02  1.634398e-14 
  466.000  1.127012e+02  1.896837e+02 -7.129468e-14 
  467.000  1.095469e+02  1.823615e+02  1.566409e-14 
  468.000  1.167532e+02  1.922525e+02 -2.101570e-14 
  469.000  1.164406e+02  1.896836e+02  7.384894e-15 
  470.000  1.154962e+02  1.861537e+02 -3.241957e-15 
  471.000  1.158972e+02  1.848486e+02  6.111002e-14 
  472.000  1.178761e+02  1.860622e+02  2.687198e-14 
  473.000  1.170663e+02  1.828969e+02  2.119634e-14 
  474.000  1.184352e+02  1.831705e+02  3.349738e-14 
  475.000  1.234903e+02  1.891233e+02  4.790062e-15 
  476.000  1.197806e+02  1.817086e+02  1.016852e-14 
  477.000  1.188885e+02  1.786218e+02 -1.509279e-15 
  478.000  1.256685e+02  1.868118e+02  1.412320e-14 
  479.000  1.211695e+02  1.781368e+02  6.798664e-15 
  480.000  1.248739e+02  1.815485e+02 -3.365924e-14 
  481.000  1.253076e+02  1.802094e+02  1.488357e-14 
  482.000  1.290581e+02  1.836473e+02 -2.608030e-14 
  483.000  1.302059e+02  1.833709e+02 -2.750665e-14 
  484.000  1.260655e+02  1.757484e+02  2.980356e-14 
  485.000  1.277995e+02  1.763958e+02 -2.060934e-14 
  486.000  1.042786e+02  1.425187e+02 -7.454778e-15 
  487.000  1.179550e+02  1.596452e+02 -1.417149e-14 
  488.000  1.288715e+02  1.727405e+02 -1.367157e-14 
  489.000  1.205302e+02  1.600152e+02  2.052211e-14 
  490.000  1.380478e+02  1.815300e+02 -1.878722e-14 
  491.000  1.298805e+02  1.691756e+02 -1.574064e-14 
  492.000  1.254609e+02  1.618838e+02 -1.263537e-14 
  493.000  1.358218e+02  1.736155e+02 -1.401624e-15 
  494.000  1.318761e+02  1.670083e+02 -3.451140e-14 
  495.000  1.416885e+02  1.777788e+02 -2.461353e-14 
  496.000  1.385645e+02  1.722594e+02  3.147307e-14 
  497.000  1.349655e+02  1.662487e+02 -8.040880e-15 
  498.000  1.323125e+02  1.614966e+02  4.782519e-14 
  499.000  1.325164e+02  1.602826e+02  2.659865e-15 
  500.000  1.324515e+02  1.587633e+02 -1.820770e-14 
  501.000  1.299727e+02  1.544000e+02 -2.295877e-14 
  502.000  1.296090e+02  1.525993e+02  2.649549e-14 
  503.000  1.378508e+02  1.608678e+02  1.175991e-14 
  504.000  1.287280e+02  1.489018e+02  5.371703e-14 
  505.000  1.393444e+02  1.597748e+02 -6.289752e-14 
  506.000  1.499018e+02  1.703912e+02 -1.535181e-14 
  507.000  1.401588e+02  1.579439e+02  4.053905e-15 
  508.000  1.350733e+02  1.509081e+02 -1.452808e-14 
  509.000  1.463613e+02  1.621255e+02  2.479622e-15 
  510.000  1.424909e+02  1.565012e+02 -2.937391e-14 
  511.000  1.431764e+02  1.559289e+02  3.383979e-14 
  512.000  1.509372e+02  1.630029e+02  1.585519e-14 
  513.000  1.387500e+02  1.485916e+02 -1.864507e-15 
  514.000  1.364298e+02  1.448949e+02 -4.774654e-15 
  515.000  1.398822e+02  1.473356e+02  1.703013e-14 
  516.000  1.474915e+02  1.540743e+02 -1.066065e-14 
  517.000  1.090065e+02  1.129412e+02  3.371433e-14 
  518.000  1.353966e+02  1.391440e+02 -4.790557e-15 
  519.000  1.286899e+02  1.311827e+02  1.217510e-14 
  520.000  1.421387e+02  1.437265e+02  1.652414e-14 
  521.000  1.426554e+02  1.430964e+02  1.282145e-14 
  522.000  1.487348e+02  1.480110e+02  4.395318e-14 
  523.000  1.389118e+02  1.371497e+02  4.203460e-14 
  524.000  1.511033e+02  1.480193e+02 -2.242231e-15 
  525.000  1.502612e+02  1.460513e+02  1.304247e-14 
  526.000  1.435778e+02  1.384719e+02 -3.232534e-14 
  527.000  1.257042e+02  1.202994e+02 -3.575121e-15 
  528.000  1.512869e+02  1.436718e+02  2.738213e-14 
  529.000  1.559055e+02  1.469277e+02  3.104819e-14 
  530.000  1.476263e+02  1.380676e+02 -2.590447e-15 
  531.000  1.610300e+02  1.494633e+02 -2.533707e-14 
  532.000  1.539787e+02  1.418382e+02  2.388477e-15 
  533.000  1.356801e+02  1.240400e+02  6.156902e-15 
  534.000  1.480849e+02  1.343547e+02 -1.393883e-14 
  535.000  1.516854e+02  1.365769e+02  1.623544e-14 
  536.000  1.615750e+02  1.443840e+02  5.383405e-15 
  537.000  1.504508e+02  1.334381e+02 -1.181959e-14 
  538.000  1.580314e+02  1.391228e+02  2.308736e-14 
  539.000  1.580299e+02  1.380976e+02 -1.156532e-14 
  540.000  1.551467e+02  1.345870e+02  1.813055e-14 
  541.000  1.427142e+02  1.229019e+02  8.244502e-15 
  542.000  1.596875e+02  1.365248e+02  1.451923e-14 
  543.000  1.532093e+02  1.300447e+02 -3.682705e-14 
  544.000  1.620501e+02  1.365654e+02  3.001214e-16 
  545.000  1.600570e+02  1.339258e+02 -1.926099e-14 
  546.000  1.569035e+02  1.303576e+02  9.056435e-15 
  547.000  1.639970e+02  1.352899e+02  8.534191e-15 
  548.000  1.525551e+02  1.249676e+02  3.748209e-15 
  549.000  1.609636e+02  1.309345e+02  1.751321e-15 
  550.000  1.578145e+02  1.274802e+02  5.999204e-15 
  551.000  1.571922e+02  1.260996e+02  3.052481e-14 
  552.000  1.643532e+02  1.309363e+02  1.229104e-14 
  553.000  1.582715e+02  1.252281e+02 -3.914238e-14 
  554.000  1.638057e+02  1.287243e+02  6.616582e-15 
  555.000  1.646280e+02  1.284936e+02  1.481835e-16 
  556.000  1.604264e+02  1.243696e+02 -5.445926e-15 
  557.000  1.559605e+02  1.200973e+02  1.141116e-14 
  558.000  1.621827e+02  1.240563e+02  3.207978e-14 
  559.000  1.535675e+02  1.166879e+02 -3.457052e-14 
  560.000  1.544834e+02  1.166124e+02  9.196487e-15 
  561.000  1.700190e+02  1.275026e+02 -4.921453e-14 
  562.000  1.559717e+02  1.162462e+02  2.359334e-15 
  563.000  1.633408e+02  1.209598e+02 -4.376607e-16 
  564.000  1.611093e+02  1.185576e+02 -5.725768e-15 
  565.000  1.628775e+02  1.191330e+02 -1.029550e-14 
  566.000  1.503042e+02  1.092404e+02  4.033736e-16 
  567.000  1.606619e+02  1.161099e+02  7.758097e-15 
  568.000  1.575232e+02  1.134746e+02 -1.467607e-14 
  569.000  1.483297e+02  1.071016e+02 -5.363161e-15 
  570.000  1.502337e+02  1.076673e+02  1.088875e-15 
  571.000  1.494412e+02  1.057406e+02 -1.411315e-14 
  572.000  1.536970e+02  1.087520e+02 -1.660543e-14 
  573.000  1.566491e+02  1.100004e+02 -6.914672e-15 
  574.000  1.562988e+02  1.090361e+02  1.312222e-14 
  575.000  1.523950e+02  1.057039e+02  1.259196e-16 
  576.000  1.499168e+02  1.033673e+02 -1.425043e-15 
  577.000  1.578831e+02  1.079270e+02  6.411321e-15 
  578.000  1.554681e+02  1.054330e+02  8.612455e-15 
  579.000  1.561615e+02  1.051178e+02 -6.011719e-15 
  580.000  1.633282e+02  1.091658e+02 -6.643192e-15 
  581.000  1.628814e+02  1.080269e+02  1.357148e-14 
  582.000  1.670711e+02  1.100404e+02 -2.034421e-14 
  583.000  1.693521e+02  1.108437e+02  6.542983e-14 
  584.000  1.697715e+02  1.104346e+02  4.307143e-15 
  585.000  1.694792e+02  1.095850e+02 -1.482259e-14 
  586.000  1.628910e+02  1.047017e+02  1.785593e-14 
  587.000  1.675361e+02  1.074250e+02  4.931812e-15 
  588.000  1.568932e+02  1.010773e+02  6.267896e-17 
  589.000  1.272623e+02  8.271224e+01  1.841496e-15 
  590.000  1.324181e+02  8.563951e+01  1.151459e-15 
  591.000  1.500239e+02  9.556480e+01  4.393088e-15 
  592.000  1.427771e+02  9.087998e+01  2.292640e-15 
  593.000  1.550681e+02  9.704697e+01 -5.208277e-15 
  594.000  1.544400e+02  9.635896e+01 -3.836336e-15 
  595.000  1.445569e+02  9.037602e+01 -2.293874e-15 
  596.000  1.591240e+02  9.779904e+01  2.006515e-15 
  597.000  1.574933e+02  9.647269e+01  1.127471e-14 
  598.000  1.589626e+02  9.633250e+01 -5.142972e-16 
  599.000  1.611409e+02  9.688301e+01 -3.080666e-14 
  600.000  1.655774e+02  9.853117e+01  7.059046e-15 
  601.000  1.677654e+02  9.887266e+01 -2.581872e-15 
  602.000  1.670873e+02  9.782086e+01  1.341870e-14 
  603.000  1.694496e+02  9.856389e+01 -7.958040e-15 
  604.000  1.762674e+02  1.018976e+02  2.014893e-14 
  605.000  1.769484e+02  1.016928e+02 -2.216794e-15 
  606.000  1.756859e+02  1.004035e+02  2.161315e-14 
  607.000  1.754577e+02  9.971758e+01 -4.051016e-14 
  608.000  1.754948e+02  9.919530e+01 -2.084589e-14 
  609.000  1.743366e+02  9.800804e+01  2.744799e-14 
  610.000  1.721779e+02  9.627451e+01 -1.541195e-14 
  611.000  1.756398e+02  9.768673e+01  2.434296e-14 
  612.000  1.739997e+02  9.626136e+01 -1.768446e-14 
  613.000  1.720756e+02  9.469528e+01 -1.819053e-14 
  614.000  1.664413e+02  9.111491e+01  5.131479e-15 
  615.000  1.750187e+02  9.531032e+01 -8.000377e-15 
  616.000  1.669630e+02  9.045199e+01  4.230763e-15 
  617.000  1.684310e+02  9.077795e+01  8.640221e-15 
  618.000  1.768567e+02  9.483261e+01 -1.887947e-14 
  619.000  1.756470e+02  9.370835e+01  3.635823e-15 
  620.000  1.786277e+02  9.482103e+01 -1.133073e-14 
  621.000  1.820353e+02  9.615096e+01  1.889158e-14 
  622.000  1.726925e+02  9.076915e+01 -2.677497e-14 
  623.000  1.742115e+02  9.112641e+01  3.849644e-14 
  624.000  1.745800e+02  9.088003e+01  2.137725e-14 
  625.000  1.699882e+02  8.806790e+01 -1.407360e-14 
  626.000  1.703149e+02  8.786772e+01 -3.128778e-15 
  627.000  1.698448e+02  8.756413e+01  1.874398e-15 
  628.000  1.597108e+02  8.246581e+01 -7.089496e-15 
  629.000  1.677003e+02  8.596581e+01 -1.615711e-15 
  630.000  1.656719e+02  8.422647e+01  2.871336e-15 
  631.000  1.738511e+02  8.784406e+01 -2.512124e-15 
  632.000  1.596224e+02  8.052399e+01 -1.884166e-15 
  633.000  1.761352e+02  8.807151e+01  2.264884e-14 
  634.000  1.729041e+02  8.585553e+01 -1.249859e-14 
  635.000  1.769276e+02  8.742678e+01 -8.130377e-15 
  636.000  1.723124e+02  8.466844e+01 -6.607805e-15 
  637.000  1.793761e+02  8.766941e+01 -3.788824e-15 
  638.000  1.849364e+02  8.979789e+01  9.078349e-15 
  639.000  1.843074e+02  8.905270e+01  8.739982e-15 
  640.000  1.802973e+02  8.662291e+01 -1.028775e-14 
  641.000  1.837296e+02  8.784679e+01  5.338465e-15 
  642.000  1.828799e+02  8.697221e+01 -6.612807e-15 
  643.000  1.853275e+02  8.781754e+01  1.110323e-14 
  644.000  1.837942e+02  8.668040e+01  1.219911e-14 
  645.000  1.839583e+02  8.657836e+01 -1.201962e-14 
  646.000  1.691369e+02  7.985911e+01  1.418669e-14 
  647.000  1.661781e+02  7.852344e+01 -5.183953e-15 
  648.000  1.601347e+02  7.574046e+01  1.050679e-14 
  649.000  1.691364e+02  7.925359e+01 -2.115276e-17 
  650.000  1.672101e+02  7.722268e+01 -4.250553e-15 
  651.000  1.805371e+02  8.299809e+01  6.673693e-15 
  652.000  1.680502e+02  7.757595e+01 -4.107849e-15 
  653.000  1.829660e+02  8.324258e+01 -1.561370e-15 
  654.000  1.797921e+02  8.151746e+01  9.934412e-15 
  655.000  1.715006e+02  7.769315e+01  1.367990e-14 
  656.000  1.471149e+02  6.626157e+01  3.452871e-15 
  657.000  1.593581e+02  7.131003e+01  1.191165e-14 
  658.000  1.817550e+02  8.069008e+01 -7.096270e-15 
  659.000  1.848882e+02  8.155392e+01 -1.155628e-14 
  660.000  1.877868e+02  8.239433e+01  7.918759e-15 
  661.000  1.919729e+02  8.358863e+01 -1.681765e-15 
  662.000  1.965423e+02  8.511434e+01 -2.559472e-15 
  663.000  1.944761e+02  8.386840e+01  6.046497e-16 
  664.000  1.923676e+02  8.256268e+01  1.893241e-14 
  665.000  1.939877e+02  8.287165e+01 -5.345127e-15 
  666.000  1.973125e+02  8.389216e+01 -6.603225e-15 
  667.000  1.942143e+02  8.219508e+01 -1.281691e-14 
  668.000  1.964033e+02  8.272653e+01 -1.654415e-14 
  669.000  2.000137e+02  8.386398e+01  1.737432e-14 
  670.000  1.982711e+02  8.276398e+01  6.506409e-15 
  671.000  1.968719e+02  8.181261e+01 -5.384185e-15 
  672.000  1.968198e+02  8.143293e+01  3.124795e-14 
  673.000  1.988075e+02  8.189723e+01  3.403567e-15 
  674.000  1.997660e+02  8.193520e+01 -1.598867e-14 
  675.000  1.972818e+02  8.056622e+01  2.984705e-14 
  676.000  2.015508e+02  8.195562e+01  6.715612e-15 
  677.000  1.980571e+02  8.018913e+01  1.339961e-14 
  678.000  2.018602e+02  8.137875e+01  8.210108e-15 
  679.000  1.993817e+02  8.004411e+01  4.855020e-15 
  680.000  1.977295e+02  7.907446e+01 -2.696390e-14 
  681.000  1.979671e+02  7.885829e+01  5.632189e-15 
  682.000  1.978049e+02  7.847226e+01  2.968252e-14 
  683.000  1.993430e+02  7.876599e+01 -1.407875e-14 
  684.000  1.953533e+02  7.691467e+01  4.759734e-15 
  685.000  1.985940e+02  7.783340e+01 -1.065456e-14 
  686.000  1.887273e+02  7.371839e+01  9.228675e-15 
  687.000  1.379466e+02  5.512067e+01 -3.291359e-15 
  688.000  1.539071e+02  6.076509e+01 -8.975982e-17 
  689.000  1.494653e+02  5.893532e+01  1.384692e-15 
  690.000  1.589189e+02  6.213315e+01 -3.240143e-15 
  691.000  1.695685e+02  6.572797e+01 -2.164875e-15 
  692.000  1.719026e+02  6.636909e+01 -2.980288e-16 
  693.000  1.604588e+02  6.239838e+01  5.091580e-15 
  694.000  1.500358e+02  5.865273e+01  4.391173e-15 
  695.000  1.544782e+02  5.988699e+01  6.759114e-15 
  696.000  1.610027e+02  6.197715e+01 -3.091549e-15 
  697.000  1.839509e+02  6.937248e+01  5.540185e-15 
  698.000  1.758265e+02  6.629583e+01 -1.466335e-15 
  699.000  1.590412e+02  6.060939e+01 -3.370265e-16 
  700.000  1.603514e+02  6.074797e+01  3.118607e-15 
  701.000  1.526984e+02  5.778882e+01 -6.376041e-15 
  702.000  1.551422e+02  5.836063e+01 -2.598604e-15 
  703.000  1.739867e+02  6.441430e+01 -1.147318e-14 
  704.000  1.754557e+02  6.466794e+01  7.729613e-15 
  705.000  1.699848e+02  6.273018e+01 -4.262051e-15 
  706.000  1.697266e+02  6.232803e+01  3.500700e-15 
  707.000  1.698084e+02  6.200153e+01  6.860196e-15 
  708.000  1.777054e+02  6.450259e+01 -1.241075e-14 
  709.000  1.771049e+02  6.376968e+01 -1.408590e-14 
  710.000  1.753124e+02  6.316487e+01 -5.485527e-15 
  711.000  1.798013e+02  6.424406e+01  2.309930e-15 
  712.000  1.826762e+02  6.477425e+01 -1.120319e-14 
  713.000  1.777435e+02  6.298915e+01  4.477509e-15 
  714.000  1.792783e+02  6.337252e+01 -7.182042e-16 
  715.000  1.661772e+02  5.884035e+01  8.556915e-16 
  716.000  1.629443e+02  5.782353e+01  5.190255e-15 
  717.000  1.202289e+02  4.390689e+01 -3.344908e-16 
  718.000  9.957787e+01  3.730144e+01 -3.145053e-15 
  719.000  9.181937e+01  3.468275e+01  2.825009e-15 
  720.000  8.399500e+01  3.212596e+01  4.984138e-22 
  721.000  1.283125e+02  4.574523e+01  2.570941e-15 
  722.000  1.501748e+02  5.252974e+01 -3.400280e-15 
  723.000  1.385367e+02  4.866562e+01 -2.583770e-14 
  724.000  1.103734e+02  3.987224e+01 -3.163895e-15 
  725.000  1.128938e+02  4.043079e+01  1.818005e-15 
  726.000  1.116393e+02  3.989329e+01 -4.108971e-15 
  727.000  1.173413e+02  4.155585e+01  2.175153e-16 
  728.000  1.114277e+02  3.952414e+01 -9.653437e-15 
  729.000  1.173282e+02  4.090515e+01  8.046377e-16 
  730.000  1.202216e+02  4.182678e+01 -6.139774e-15 
  731.000  1.164945e+02  4.046469e+01 -5.145945e-16 
  732.000  1.379580e+02  4.683050e+01  5.921250e-15 
  733.000  1.565598e+02  5.218446e+01  9.234201e-16 
  734.000  1.710551e+02  5.635802e+01 -3.970263e-15 
  735.000  1.661685e+02  5.469019e+01 -3.220038e-15 
  736.000  1.564663e+02  5.155027e+01  7.551006e-16 
  737.000  1.639326e+02  5.361944e+01  2.329183e-15 
  738.000  1.710169e+02  5.544079e+01  2.771790e-15 
  739.000  1.688262e+02  5.440231e+01  2.372592e-15 
  740.000  1.778252e+02  5.679355e+01  3.212615e-15 
  741.000  1.808320e+02  5.737197e+01 -2.343486e-15 
  742.000  1.798113e+02  5.677216e+01  4.504323e-15 
  743.000  1.893001e+02  5.939534e+01  2.571314e-15 
  744.000  1.929501e+02  6.021360e+01  6.390986e-15 
  745.000  1.894678e+02  5.886718e+01 -3.362939e-14 
  746.000  1.933698e+02  5.982855e+01 -5.941541e-16 
  747.000  1.967937e+02  6.066730e+01  1.781311e-14 
  748.000  1.942204e+02  5.963535e+01 -1.139046e-14 
  749.000  1.948741e+02  5.961496e+01 -8.049947e-15 
  750.000  1.917713e+02  5.847586e+01 -3.486835e-15 
  751.000  1.915606e+02  5.820642e+01 -1.331438e-14 
  752.000  1.955885e+02  5.919736e+01 -3.369510e-14 
  753.000  1.943228e+02  5.859789e+01  5.236995e-15 
  754.000  1.978239e+02  5.943951e+01 -1.714315e-14 
  755.000  1.969742e+02  5.897838e+01 -2.487573e-14 
  756.000  1.934134e+02  5.771072e+01 -2.784657e-14 
  757.000  1.950608e+02  5.800177e+01 -2.902044e-15 
  758.000  1.940668e+02  5.752190e+01  1.894406e-14 
  759.000  1.594770e+02  4.775661e+01 -1.394325e-15 
  760.000  2.122975e+01  7.807267e+00 -6.507284e-16 
  761.000  1.568585e+01  6.063764e+00  6.623040e-16 
  762.000  6.684425e+01  2.128362e+01 -3.874799e-15 
  763.000  4.720828e+01  1.551780e+01 -5.221399e-15 
  764.000  5.746530e+01  1.848540e+01 -1.360668e-15 
  765.000  8.535203e+01  2.636284e+01  1.472580e-15 
  766.000  1.211287e+02  3.595394e+01 -7.011845e-16 
  767.000  1.469799e+02  4.299771e+01  2.952968e-15 
  768.000  1.705291e+02  4.930904e+01 -2.137244e-14 
  769.000  1.820888e+02  5.220511e+01  3.753405e-15 
  770.000  1.878246e+02  5.356388e+01  1.823408e-15 
  771.000  1.910340e+02  5.419882e+01  1.118547e-14 
  772.000  1.912010e+02  5.405313e+01  2.784241e-15 
  773.000  1.908739e+02  5.377723e+01  4.616012e-15 
  774.000  1.934326e+02  5.431616e+01  2.800660e-15 
  775.000  1.866227e+02  5.222681e+01  1.814144e-14 
  776.000  1.947448e+02  5.431441e+01 -1.346280e-14 
  777.000  1.935389e+02  5.380287e+01  1.392891e-14 
  778.000  1.925056e+02  5.334643e+01  9.281043e-16 
  779.000  1.931374e+02  5.335234e+01 -1.371471e-14 
  780.000  1.908789e+02  5.255598e+01  9.197313e-16 
  781.000  1.911052e+02  5.243681e+01 -1.808512e-14 
  782.000  1.933953e+02  5.289909e+01  3.716753e-16 
  783.000  1.889982e+02  5.152875e+01 -7.221211e-15 
  784.000  1.898623e+02  5.160700e+01  2.343215e-14 
  785.000  1.890075e+02  5.125650e+01 -7.653707e-15 
  786.000  1.837514e+02  4.978000e+01  1.833848e-14 
  787.000  1.814823e+02  4.918017e+01  1.735966e-14 
  788.000  1.762218e+02  4.769403e+01  4.870564e-16 
  789.000  1.682422e+02  4.569774e+01 -1.358860e-15 
  790.000  1.658237e+02  4.492662e+01  4.568251e-15 
  791.000  1.667134e+02  4.496881e+01  8.233802e-15 
  792.000  1.657250e+02  4.450802e+01 -1.764939e-15 
  793.000  1.692928e+02  4.519830e+01  5.757457e-15 
  794.000  1.753632e+02  4.640820e+01 -1.189043e-14 
  795.000  1.697895e+02  4.494757e+01 -7.882021e-15 
  796.000  1.604341e+02  4.273595e+01 -1.381968e-14 
  797.000  1.650141e+02  4.370311e+01 -5.734729e-15 
  798.000  1.731058e+02  4.543449e+01 -8.924632e-15 
  799.000  1.712585e+02  4.486987e+01 -5.954772e-15 
  800.000  1.613030e+02  4.231260e+01 -6.390151e-15 
  801.000  1.650617e+02  4.314300e+01  1.592090e-15 
  802.000  1.642709e+02  4.282246e+01  4.807511e-15 
  803.000  1.628402e+02  4.229182e+01  4.975298e-15 
  804.000  1.671185e+02  4.318073e+01 -2.856221e-15 
  805.000  1.677115e+02  4.303498e+01 -5.638859e-15 
  806.000  1.755352e+02  4.480264e+01 -3.635926e-15 
  807.000  1.747335e+02  4.445763e+01  8.841755e-17 
  808.000  1.719600e+02  4.367561e+01 -6.232510e-15 
  809.000  1.669533e+02  4.234433e+01  8.667697e-15 
  810.000  1.638626e+02  4.151143e+01  1.474266e-15 
  811.000  1.616399e+02  4.097832e+01 -7.385352e-15 
  812.000  1.546129e+02  3.927804e+01 -4.619770e-15 
  813.000  1.462825e+02  3.726971e+01 -4.928976e-15 
  814.000  1.363563e+02  3.487779e+01 -1.148314e-14 
  815.000  1.234506e+02  3.175047e+01  2.201176e-17 
  816.000  1.094597e+02  2.842318e+01  8.414095e-16 
  817.000  1.105920e+02  2.862204e+01  1.368143e-15 
  818.000  1.109356e+02  2.859457e+01  1.457390e-15 
  819.000  1.122655e+02  2.871494e+01 -1.603899e-16 
  820.000  1.245025e+02  3.137201e+01 -1.062389e-13 
  821.000  1.471851e+02  3.649025e+01 -2.034982e-15 
  822.000  1.292907e+02  3.229188e+01 -2.900717e-15 
  823.000  9.765963e+01  2.512487e+01  2.345552e-15 
  824.000  1.274020e+02  3.174873e+01 -4.436560e-15 
  825.000  1.485729e+02  3.635927e+01 -8.371302e-16 
  826.000  1.461808e+02  3.575563e+01 -3.051632e-15 
  827.000  1.429950e+02  3.494548e+01 -3.181308e-15 
  828.000  1.289046e+02  3.170666e+01  1.007550e-14 
  829.000  1.337270e+02  3.269348e+01 -1.205715e-15 
  830.000  1.372687e+02  3.333166e+01  2.373131e-15 
  831.000  1.363484e+02  3.297513e+01  6.656473e-16 
  832.000  1.401105e+02  3.375841e+01 -3.579198e-15 
  833.000  1.391688e+02  3.334787e+01 -2.838570e-15 
  834.000  1.453897e+02  3.462643e+01 -3.346131e-15 
  835.000  1.538617e+02  3.630336e+01  7.464082e-15 
  836.000  1.532416e+02  3.612220e+01 -7.826086e-15 
  837.000  1.519237e+02  3.571086e+01 -1.851189e-15 
  838.000  1.565137e+02  3.657082e+01  6.127751e-15 
  839.000  1.541096e+02  3.583679e+01  1.497318e-15 
  840.000  1.592126e+02  3.689226e+01  2.604145e-15 
  841.000  1.571661e+02  3.638624e+01 -7.366179e-15 
  842.000  1.585967e+02  3.654609e+01  7.343456e-15 
  843.000  1.631180e+02  3.732177e+01  1.645995e-14 
  844.000  1.630430e+02  3.712703e+01 -5.767943e-15 
  845.000  1.668095e+02  3.784393e+01  8.316072e-15 
  846.000  1.696580e+02  3.834631e+01  1.891306e-14 
  847.000  1.652388e+02  3.720556e+01  6.295907e-15 
  848.000  1.679189e+02  3.776530e+01  5.099751e-15 
  849.000  1.685838e+02  3.780135e+01  8.528366e-15 
  850.000  1.448575e+02  3.241756e+01  3.467727e-15 
  851.000  1.647263e+02  3.679764e+01 -6.765285e-15 
  852.000  1.586800e+02  3.534505e+01 -2.456918e-15 
  853.000  1.626924e+02  3.607978e+01 -6.573237e-15 
  854.000  1.307907e+02  2.892663e+01 -1.402347e-15 
  855.000  1.449924e+02  3.195294e+01 -1.278415e-14 
  856.000  1.666978e+02  3.655107e+01 -1.702384e-14 
  857.000  1.703738e+02  3.722859e+01 -1.836810e-14 
  858.000  1.681629e+02  3.663214e+01  8.804569e-15 
  859.000  1.692456e+02  3.674023e+01  4.245137e-15 
  860.000  1.683885e+02  3.644048e+01 -6.307754e-15 
  861.000  1.685495e+02  3.637327e+01  1.351875e-14 
  862.000  1.683191e+02  3.622007e+01 -8.829992e-15 
  863.000  1.716599e+02  3.683745e+01  1.326807e-14 
  864.000  1.717268e+02  3.674347e+01 -9.131877e-15 
  865.000  1.688667e+02  3.602708e+01  1.657025e-14 
  866.000  1.417547e+02  3.016002e+01  8.765467e-15 
  867.000  1.509539e+02  3.203232e+01 -5.600858e-15 
  868.000  1.638088e+02  3.466606e+01  9.978421e-15 
  869.000  1.616526e+02  3.411615e+01 -1.440400e-14 
  870.000  1.683033e+02  3.542679e+01  2.301574e-14 
  871.000  1.682072e+02  3.531016e+01  1.926733e-15 
  872.000  1.678019e+02  3.512621e+01 -1.461884e-14 
  873.000  1.683066e+02  3.514383e+01 -1.067713e-14 
  874.000  1.645517e+02  3.427171e+01 -1.044410e-14 
  875.000  1.630596e+02  3.387198e+01 -2.888973e-16 
  876.000  1.643718e+02  3.405495e+01 -1.737780e-15 
  877.000  1.676849e+02  3.465038e+01  2.528463e-14 
  878.000  1.641892e+02  3.385435e+01 -1.483605e-14 
  879.000  1.646927e+02  3.386848e+01  1.472474e-14 
  880.000  1.631988e+02  3.348703e+01 -3.623262e-15 
  881.000  1.545643e+02  3.163857e+01  2.201942e-15 
  882.000  1.628545e+02  3.325563e+01  8.422018e-15 
  883.000  1.595036e+02  3.247906e+01 -1.049780e-14 
  884.000  1.610411e+02  3.270379e+01  4.148025e-15 
  885.000  1.616878e+02  3.277713e+01  0.000000e+00 
  886.000  1.551592e+02  3.142826e+01 -4.167738e-15 
  887.000  1.545508e+02  3.117665e+01  8.455980e-15 
  888.000  1.591508e+02  3.202366e+01 -4.139804e-15 
  889.000  1.605744e+02  3.222010e+01 -6.321066e-15 
  890.000  1.593322e+02  3.193231e+01  1.274034e-14 
  891.000  1.565656e+02  3.134654e+01 -2.328676e-17 
  892.000  1.518505e+02  3.042842e+01  7.024801e-15 
  893.000  1.343170e+02  2.712660e+01 -3.002622e-15 
  894.000  1.326955e+02  2.687766e+01 -3.329009e-15 
  895.000  1.101932e+02  2.255880e+01 -6.854213e-15 
  896.000  1.001011e+02  2.068982e+01 -1.379064e-15 
  897.000  8.423754e+01  1.768825e+01  1.593857e-15 
  898.000  7.852799e+01  1.661667e+01  4.008808e-15 
  899.000  6.464632e+01  1.404425e+01  5.779833e-15 
  900.000  6.461473e+01  1.395232e+01  2.273236e-17 
  901.000  6.020036e+01  1.306233e+01  3.635861e-15 
  902.000  6.002137e+01  1.295526e+01  9.039412e-15 
  903.000  8.709470e+01  1.791333e+01  3.728316e-15 
  904.000  1.063722e+02  2.142359e+01  9.265144e-16 
  905.000  1.058050e+02  2.125138e+01 -3.532802e-15 
  906.000  9.195029e+01  1.861186e+01  1.807077e-16 
  907.000  7.588097e+01  1.573984e+01 -3.820027e-15 
  908.000  6.392056e+01  1.351100e+01  3.788018e-15 
  909.000  6.307821e+01  1.329397e+01 -3.431249e-15 
  910.000  6.519911e+01  1.366424e+01 -6.987877e-15 
  911.000  7.146449e+01  1.473370e+01  1.790893e-14 
  912.000  6.851531e+01  1.418184e+01 -1.116951e-13 
  913.000  5.740566e+01  1.220885e+01 -8.368891e-17 
  914.000  6.314946e+01  1.319621e+01 -3.829920e-15 
  915.000  6.725677e+01  1.385096e+01 -1.999124e-22 
  916.000  6.973663e+01  1.427395e+01 -4.868167e-22 
  917.000  7.184772e+01  1.457062e+01  3.449427e-15 
  918.000  7.567686e+01  1.518381e+01  3.622067e-15 
  919.000  9.183601e+01  1.796345e+01 -1.925445e-15 
  920.000  1.040699e+02  2.005412e+01  8.647936e-16 
  921.000  9.924201e+01  1.910889e+01  3.222538e-16 
  922.000  9.823615e+01  1.886899e+01 -1.454568e-15 
  923.000  9.079718e+01  1.745105e+01 -5.779300e-17 
  924.000  8.659657e+01  1.675703e+01  1.208923e-15 
  925.000  8.662469e+01  1.675368e+01  1.051793e-15 
  926.000  8.210516e+01  1.588974e+01 -1.548177e-15 
  927.000  7.549688e+01  1.481536e+01  3.904991e-22 
  928.000  6.276645e+01  1.264957e+01 -3.030584e-22 
  929.000  4.638102e+01  9.771937e+00  5.395239e-18 
  930.000  3.134259e+01  7.025813e+00 -1.132995e-16 
  931.000  1.961498e+01  4.784371e+00 -5.675334e-17 
  932.000  9.168938e+00  2.719191e+00  1.412441e-17 
  933.000  5.190706e+00  1.861910e+00 -5.920523e-17 
  934.000  2.754458e+00  1.266876e+00  6.389242e-22 
  935.000  2.471175e+00  1.182425e+00  1.169651e-19 
  936.000  3.082422e+00  1.335394e+00  6.908419e-18 
  937.000  3.050177e+00  1.334030e+00 -2.755819e-17 
  938.000  6.154994e+00  2.035593e+00 -1.392149e-17 
  939.000  2.469977e+01  5.756816e+00  1.643919e-16 
  940.000  2.961471e+01  6.653425e+00  8.999273e-17 
  941.000  2.530731e+01  5.794532e+00 -1.287235e-18 
  942.000  1.673648e+01  4.085685e+00  2.599694e-17 
  943.000  8.688978e+00  2.521855e+00  2.310876e-21 
  944.000  7.904742e+00  2.337782e+00 -8.518144e-17 
  945.000  1.030055e+01  2.826719e+00  1.378308e-17 
  946.000  1.075251e+01  2.916177e+00 -2.685864e-19 
  947.000  1.377337e+01  3.488711e+00 -2.725715e-17 
  948.000  1.594181e+01  3.899593e+00  2.734563e-17 
  949.000  1.600120e+01  3.896105e+00 -8.053016e-17 
  950.000  1.654863e+01  3.982067e+00  2.725037e-17 
  951.000  2.183802e+01  4.961771e+00  5.394198e-17 
  952.000  1.665990e+01  3.963768e+00  1.300679e-16 
  953.000  2.078842e+01  4.714440e+00  7.495696e-20 
  954.000  2.596108e+01  5.633108e+00  1.064474e-16 
  955.000  2.087373e+01  4.618948e+00 -1.464598e-16 
  956.000  2.213472e+01  4.870775e+00 -3.648996e-18 
  957.000  3.766978e+01  7.599295e+00 -2.345104e-25 
  958.000  4.114437e+01  8.167512e+00  7.462691e-18 
  959.000  3.869751e+01  7.725627e+00  2.172645e-16 
  960.000  3.788817e+01  7.549459e+00  2.532404e-18 
  961.000  3.632355e+01  7.245476e+00 -1.091532e-16 
  962.000  3.823635e+01  7.552355e+00  2.102485e-16 
  963.000  4.988519e+01  9.454094e+00  7.660549e-16 
  964.000  5.150689e+01  9.672424e+00 -8.426237e-16 
  965.000  5.132970e+01  9.633533e+00 -6.890868e-17 
  966.000  5.096913e+01  9.507731e+00 -5.198122e-18 
  967.000  6.305054e+01  1.142310e+01 -2.255674e-16 
  968.000  8.317068e+01  1.447772e+01  1.503469e-15 
  969.000  9.501038e+01  1.630900e+01 -1.087307e-15 
  970.000  9.621648e+01  1.646088e+01 -1.971942e-15 
  971.000  9.520624e+01  1.625163e+01  3.268633e-16 
  972.000  9.262121e+01  1.581800e+01  2.285474e-15 
  973.000  8.470212e+01  1.453939e+01  1.657477e-15 
  974.000  7.561192e+01  1.309498e+01  2.997067e-15 
  975.000  7.130898e+01  1.242296e+01 -3.362877e-15 
  976.000  7.811377e+01  1.344204e+01  1.661231e-15 
  977.000  8.653542e+01  1.465604e+01 -6.463100e-16 
  978.000  8.806535e+01  1.488721e+01  3.361921e-15 
  979.000  8.867067e+01  1.490352e+01  2.506384e-16 
  980.000  1.022045e+02  1.697142e+01  1.226504e-13 
  981.000  1.060446e+02  1.752348e+01  5.002200e-17 
  982.000  1.032743e+02  1.705693e+01 -1.146230e-14 
  983.000  1.099993e+02  1.802277e+01 -3.160106e-15 
  984.000  1.167250e+02  1.895608e+01 -2.274162e-15 
  985.000  1.211387e+02  1.955091e+01  1.270463e-15 
  986.000  1.259901e+02  2.018571e+01  2.841770e-15 
  987.000  1.301570e+02  2.076005e+01  1.809809e-15 
  988.000  1.292879e+02  2.056356e+01 -2.576264e-15 
  989.000  1.281367e+02  2.032759e+01  4.957251e-15 
  990.000  1.299355e+02  2.055625e+01  7.952818e-15 
  991.000  1.332877e+02  2.100250e+01 -2.091301e-15 
  992.000  1.327417e+02  2.086003e+01  1.625613e-15 
  993.000  1.330277e+02  2.085518e+01  2.944150e-15 
  994.000  1.355797e+02  2.116371e+01 -2.143517e-14 
  995.000  1.359994e+02  2.116125e+01 -6.370033e-15 
  996.000  1.359987e+02  2.111539e+01  1.477867e-15 
  997.000  1.353371e+02  2.098074e+01 -3.760363e-15 
  998.000  1.340175e+02  2.075943e+01  7.882550e-15 
  999.000  1.333429e+02  2.061642e+01  2.249306e-15 
 1000.000  1.326028e+02  2.045331e+01 -2.613972e-15 
 1001.000  1.312946e+02  2.024119e+01  3.857132e-15 
 1002.000  1.278828e+02  1.972540e+01  3.310605e-15 
 1003.000  1.271821e+02  1.956282e+01 -5.910471e-15 
 1004.000  1.279874e+02  1.961457e+01 -5.101767e-16 
 1005.000  1.203631e+02  1.839394e+01  2.050585e-15 
 1006.000  1.269730e+02  1.935840e+01 -1.353439e-15 
 1007.000  1.286967e+02  1.958939e+01 -3.558892e-15 
 1008.000  1.266636e+02  1.928045e+01 -4.146815e-15 
 1009.000  1.225121e+02  1.866348e+01  4.170581e-16 
 1010.000  1.245253e+02  1.890493e+01  5.571698e-15 
 1011.000  1.275450e+02  1.926250e+01  3.180909e-15 
 1012.000  1.290452e+02  1.942504e+01 -6.064205e-15 
 1013.000  1.292602e+02  1.939837e+01 -2.398951e-15 
 1014.000  1.306069e+02  1.955140e+01  2.608916e-15 
 1015.000  1.283215e+02  1.916720e+01  3.252267e-15 
 1016.000  1.296792e+02  1.932128e+01 -9.685974e-16 
 1017.000  1.285558e+02  1.909804e+01  4.955570e-15 
 1018.000  1.298025e+02  1.926368e+01 -1.843043e-15 
 1019.000  1.256295e+02  1.862467e+01 -1.668491e-15 
 1020.000  1.258245e+02  1.860774e+01 -1.778589e-15 
 1021.000  1.279992e+02  1.887573e+01 -2.884521e-15 
 1022.000  1.246185e+02  1.836199e+01 -4.222534e-15 
 1023.000  1.257854e+02  1.851489e+01 -6.153001e-15 
 1024.000  1.244277e+02  1.828855e+01 -2.592566e-15 
 1025.000  1.266980e+02  1.854721e+01  5.449659e-15 
 1026.000  1.278936e+02  1.866730e+01 -6.068479e-15 
 1027.000  1.267308e+02  1.846567e+01  9.342701e-15 
 1028.000  1.274190e+02  1.852177e+01 -5.733702e-16 
 1029.000  1.263642e+02  1.830422e+01 -4.953464e-15 
 1030.000  1.285809e+02  1.857267e+01 -1.233800e-14 
 1031.000  1.286652e+02  1.853930e+01  4.983743e-15 
 1032.000  1.286017e+02  1.848657e+01  1.478238e-15 
 1033.000  1.263799e+02  1.812823e+01 -1.451000e-15 
 1034.000  1.278679e+02  1.830205e+01 -1.068419e-14 
 1035.000  1.266304e+02  1.808652e+01 -9.015509e-15 
 1036.000  1.282818e+02  1.828438e+01 -1.055089e-16 
 1037.000  1.256496e+02  1.787178e+01 -1.541949e-15 
 1038.000  1.270323e+02  1.802999e+01  4.879843e-15 
 1039.000  1.273782e+02  1.804534e+01 -7.399638e-15 
 1040.000  1.257518e+02  1.778073e+01  1.153568e-14 
 1041.000  1.263183e+02  1.782644e+01  1.345683e-15 
 1042.000  1.266842e+02  1.784237e+01  0.000000e+00 
 1043.000  1.245355e+02  1.750397e+01  2.858043e-15 
 1044.000  1.257032e+02  1.763356e+01 -1.036293e-16 
 1045.000  1.248462e+02  1.748292e+01 -7.704835e-15 
 1046.000  1.210969e+02  1.692500e+01 -4.389242e-15 
 1047.000  1.231106e+02  1.717477e+01  2.844645e-15 
 1048.000  1.241986e+02  1.729242e+01 -1.643520e-15 
 1049.000  1.232556e+02  1.712719e+01  9.084413e-15 
 1050.000  1.222345e+02  1.695525e+01 -1.451196e-14 
 1051.000  1.218674e+02  1.687657e+01 -9.242814e-15 
 1052.000  1.210379e+02  1.673189e+01 -5.762722e-15 
 1053.000  1.209956e+02  1.669394e+01 -5.867390e-15 
 1054.000  1.193886e+02  1.644506e+01  1.502871e-15 
 1055.000  1.198491e+02  1.648169e+01  7.370644e-15 
 1056.000  1.191889e+02  1.636298e+01 -3.124111e-15 
 1057.000  1.182268e+02  1.620948e+01 -4.329124e-15 
 1058.000  1.157363e+02  1.585575e+01 -8.584204e-15 
 1059.000  1.121423e+02  1.533178e+01 -1.450445e-15 
 1060.000  1.167223e+02  1.591676e+01 -1.010748e-14 
 1061.000  1.124658e+02  1.530826e+01  2.801322e-15 
 1062.000  1.148853e+02  1.561734e+01  1.291530e-15 
 1063.000  1.127271e+02  1.529589e+01  1.466886e-15 
 1064.000  1.135906e+02  1.539132e+01  8.626375e-15 
 1065.000  1.126366e+02  1.524447e+01  9.961839e-17 
 1066.000  1.092700e+02  1.475852e+01  0.000000e+00 
 1067.000  1.117135e+02  1.507415e+01 -1.924738e-15 
 1068.000  1.097804e+02  1.480819e+01 -4.807244e-15 
 1069.000  1.007584e+02  1.357876e+01  1.616883e-15 
 1070.000  1.069765e+02  1.438707e+01 -1.213700e-15 
 1071.000  1.062074e+02  1.427247e+01 -2.124394e-15 
 1072.000  1.055845e+02  1.417730e+01  1.174402e-15 
 1073.000  1.019626e+02  1.366815e+01  2.885802e-15 
 1074.000  1.057537e+02  1.414710e+01 -2.185025e-15 
 1075.000  1.039735e+02  1.386057e+01  9.322248e-16 
 1076.000  1.053505e+02  1.403187e+01 -1.433129e-15 
 1077.000  1.039069e+02  1.383241e+01 -3.427220e-15 
 1078.000  1.027724e+02  1.367776e+01 -8.249465e-16 
 1079.000  9.861848e+01  1.310337e+01 -2.285487e-15 
 1080.000  9.775256e+01  1.301920e+01 -1.214728e-15 
 1081.000  9.398557e+01  1.249688e+01  4.725543e-16 
 1082.000  9.680865e+01  1.282464e+01  1.415350e-15 
 1083.000  9.225910e+01  1.222739e+01 -2.132230e-15 
 1084.000  9.362959e+01  1.241596e+01  2.191188e-15 
 1085.000  8.753940e+01  1.164732e+01  1.485032e-15 
 1086.000  8.977329e+01  1.190950e+01  1.929007e-15 
 1087.000  8.934756e+01  1.176254e+01  1.718466e-15 
 1088.000  9.504221e+01  1.248510e+01  1.551571e-15 
 1089.000  8.496439e+01  1.122138e+01  2.389900e-15 
 1090.000  8.555109e+01  1.129287e+01 -1.704526e-14 
 1091.000  8.723045e+01  1.148112e+01 -4.567666e-15 
 1092.000  8.203632e+01  1.081278e+01  1.561461e-15 
 1093.000  7.448204e+01  9.861490e+00  1.225411e-15 
 1094.000  6.532043e+01  8.658819e+00  1.878564e-15 
 1095.000  7.102451e+01  9.394949e+00 -3.630180e-17 
 1096.000  7.088246e+01  9.359954e+00 -1.166722e-15 
 1097.000  6.852562e+01  9.050464e+00 -2.343581e-16 
 1098.000  5.435157e+01  7.347928e+00  9.485450e-15 
 1099.000  4.460748e+01  6.186815e+00  6.273458e-16 
 1100.000  4.590248e+01  6.344937e+00 -6.376381e-16 
