  400.000  9.924383e+00  1.126039e+02  3.718130e-15 
  401.000  1.007848e+01  1.116958e+02  9.515213e-15 
  402.000  1.091019e+01  1.181334e+02  6.312817e-15 
  403.000  1.043464e+01  1.104149e+02  2.599439e-15 
  404.000  1.144727e+01  1.184059e+02  6.739749e-15 
  405.000  1.071370e+01  1.083540e+02 -1.661391e-14 
  406.000  1.084912e+01  1.073082e+02 -2.715746e-15 
  407.000  1.077880e+01  1.042897e+02  1.187599e-14 
  408.000  1.190894e+01  1.127404e+02  7.630927e-15 
  409.000  1.343979e+01  1.245199e+02 -8.257598e-15 
  410.000  1.145331e+01  1.038766e+02  9.275092e-15 
  411.000  1.370571e+01  1.217112e+02  3.938461e-15 
  412.000  1.446794e+01  1.258287e+02 -1.247710e-15 
  413.000  1.392119e+01  1.185984e+02 -3.924344e-16 
  414.000  1.390541e+01  1.160694e+02 -2.515767e-15 
  415.000  1.510249e+01  1.235370e+02  1.564188e-14 
  416.000  1.528125e+01  1.225255e+02  8.957722e-16 
  417.000  1.507929e+01  1.185376e+02  9.177515e-15 
  418.000  1.500809e+01  1.156889e+02  6.433678e-15 
  419.000  1.564021e+01  1.182483e+02  3.881107e-16 
  420.000  1.346297e+01  9.985333e+01  3.236202e-15 
  421.000  1.715158e+01  1.248155e+02  2.049309e-15 
  422.000  1.670888e+01  1.193242e+02 -7.026117e-15 
  423.000  1.434459e+01  1.005463e+02 -1.138925e-14 
  424.000  1.603551e+01  1.103403e+02 -2.403375e-15 
  425.000  1.687290e+01  1.140015e+02  1.980013e-15 
  426.000  1.647536e+01  1.093214e+02  6.516606e-15 
  427.000  1.609465e+01  1.049006e+02 -5.100503e-15 
  428.000  1.654765e+01  1.059569e+02  1.973452e-15 
  429.000  1.528274e+01  9.615345e+01  2.952111e-15 
  430.000  1.237774e+01  7.653395e+01  7.330052e-15 
  431.000  1.129351e+01  6.863728e+01 -5.393068e-15 
  432.000  2.062606e+01  1.232358e+02 -6.649046e-16 
  433.000  1.862593e+01  1.094207e+02 -8.766627e-15 
  434.000  1.795687e+01  1.037384e+02 -9.061879e-15 
  435.000  1.981340e+01  1.125813e+02  2.349992e-15 
  436.000  2.227760e+01  1.245210e+02  2.274547e-14 
  437.000  2.280355e+01  1.254047e+02 -5.753496e-15 
  438.000  2.070612e+01  1.120511e+02 -8.197031e-15 
  439.000  2.030783e+01  1.081555e+02 -2.996111e-15 
  440.000  2.306358e+01  1.209093e+02 -3.230402e-15 
  441.000  2.329040e+01  1.202056e+02  1.361461e-16 
  442.000  2.484606e+01  1.262682e+02 -3.787946e-15 
  443.000  2.532987e+01  1.267746e+02 -3.408565e-15 
  444.000  2.547977e+01  1.256117e+02 -1.253155e-14 
  445.000  2.712948e+01  1.317630e+02  4.745503e-15 
  446.000  2.443655e+01  1.169498e+02 -7.835095e-15 
  447.000  2.821420e+01  1.330486e+02 -8.571923e-15 
  448.000  2.905939e+01  1.349996e+02 -6.308587e-15 
  449.000  2.964366e+01  1.356737e+02 -1.081880e-14 
  450.000  3.068207e+01  1.383710e+02 -1.811728e-14 
  451.000  3.357337e+01  1.492268e+02 -6.582734e-15 
  452.000  3.158890e+01  1.384095e+02  4.963411e-15 
  453.000  2.967129e+01  1.281798e+02  4.964249e-15 
  454.000  3.200276e+01  1.363303e+02  3.960431e-15 
  455.000  3.258952e+01  1.369167e+02 -3.588090e-15 
  456.000  3.373701e+01  1.398064e+02  2.652636e-14 
  457.000  3.428946e+01  1.401701e+02 -2.923374e-15 
  458.000  3.404267e+01  1.372926e+02  1.201700e-14 
  459.000  3.439138e+01  1.368570e+02 -1.332543e-14 
  460.000  3.444253e+01  1.352546e+02  2.373645e-14 
  461.000  3.605444e+01  1.397342e+02 -1.733105e-14 
  462.000  3.582178e+01  1.370366e+02  5.909141e-15 
  463.000  3.618546e+01  1.366542e+02 -5.508164e-16 
  464.000  3.670979e+01  1.368736e+02  9.492979e-15 
  465.000  3.657049e+01  1.346406e+02 -4.376560e-15 
  466.000  3.813459e+01  1.386540e+02 -1.491389e-14 
  467.000  3.717435e+01  1.335033e+02  1.959397e-15 
  468.000  3.971859e+01  1.409143e+02  7.749834e-15 
  469.000  3.969936e+01  1.391764e+02  5.459408e-15 
  470.000  3.945617e+01  1.367211e+02  3.202212e-15 
  471.000  3.966317e+01  1.358870e+02 -9.619903e-15 
  472.000  4.040214e+01  1.368882e+02 -6.381752e-16 
  473.000  4.017125e+01  1.346367e+02 -1.236876e-14 
  474.000  4.067935e+01  1.349064e+02 -1.417000e-14 
  475.000  4.242366e+01  1.393268e+02  4.997557e-15 
  476.000  4.112542e+01  1.338651e+02 -7.326048e-15 
  477.000  4.081904e+01  1.316112e+02  8.249716e-15 
  478.000  4.327647e+01  1.378049e+02 -2.326033e-15 
  479.000  4.191716e+01  1.316284e+02 -1.355760e-14 
  480.000  4.341065e+01  1.343958e+02  6.423900e-15 
  481.000  4.375082e+01  1.336315e+02 -7.044702e-15 
  482.000  4.523607e+01  1.364090e+02 -1.741986e-15 
  483.000  4.579218e+01  1.364086e+02 -1.140690e-14 
  484.000  4.446345e+01  1.309138e+02  8.267319e-15 
  485.000  4.519024e+01  1.315590e+02 -2.745740e-16 
  486.000  3.696735e+01  1.064382e+02  1.307532e-14 
  487.000  4.192292e+01  1.194042e+02 -6.200665e-15 
  488.000  4.591589e+01  1.293851e+02 -1.624048e-14 
  489.000  4.304776e+01  1.200253e+02 -2.352992e-15 
  490.000  4.942197e+01  1.363577e+02  1.320105e-14 
  491.000  4.659414e+01  1.272218e+02 -1.740814e-15 
  492.000  4.509638e+01  1.218668e+02  1.524688e-15 
  493.000  4.891537e+01  1.308369e+02  7.069907e-15 
  494.000  4.758412e+01  1.259895e+02  6.104411e-15 
  495.000  5.122136e+01  1.342561e+02  3.378441e-15 
  496.000  5.016325e+01  1.301652e+02  7.241616e-15 
  497.000  4.892933e+01  1.256965e+02 -6.074272e-16 
  498.000  4.803471e+01  1.221752e+02  1.961265e-15 
  499.000  4.817371e+01  1.213266e+02 -9.706871e-15 
  500.000  4.821465e+01  1.202461e+02 -9.541367e-16 
  501.000  4.737249e+01  1.170050e+02 -9.576444e-15 
  502.000  4.730011e+01  1.157044e+02 -4.486642e-15 
  503.000  5.037162e+01  1.220417e+02 -7.769577e-15 
  504.000  4.709621e+01  1.130262e+02  8.626445e-15 
  505.000  5.104135e+01  1.213455e+02  5.253214e-15 
  506.000  5.501154e+01  1.295668e+02 -9.860334e-15 
  507.000  5.153410e+01  1.202535e+02 -1.126687e-15 
  508.000  4.975891e+01  1.150423e+02 -2.049626e-15 
  509.000  5.401884e+01  1.237502e+02 -3.057815e-15 
  510.000  5.268731e+01  1.196071e+02 -9.143040e-15 
  511.000  5.303241e+01  1.193079e+02  4.229974e-15 
  512.000  5.600166e+01  1.248622e+02 -5.023062e-15 
  513.000  5.156680e+01  1.139528e+02  8.681311e-15 
  514.000  5.078917e+01  1.112442e+02 -7.365926e-15 
  515.000  5.216077e+01  1.132470e+02 -6.085878e-16 
  516.000  5.507541e+01  1.185338e+02 -3.678407e-15 
  517.000  4.075208e+01  8.694962e+01  5.582027e-15 
  518.000  5.067620e+01  1.071970e+02 -3.281218e-15 
  519.000  4.822074e+01  1.011341e+02  6.473233e-15 
  520.000  5.332045e+01  1.108825e+02 -2.863167e-16 
  521.000  5.357155e+01  1.104709e+02  4.202244e-15 
  522.000  5.590725e+01  1.143333e+02  1.842539e-14 
  523.000  5.225747e+01  1.060014e+02 -1.026627e-14 
  524.000  5.689076e+01  1.144665e+02  5.230075e-16 
  525.000  5.661649e+01  1.130049e+02  8.816425e-15 
  526.000  5.414520e+01  1.072033e+02 -8.256127e-15 
  527.000  4.743652e+01  9.317500e+01 -1.480050e-15 
  528.000  5.712449e+01  1.113195e+02  1.243193e-14 
  529.000  5.890326e+01  1.138856e+02 -1.476209e-14 
  530.000  5.580930e+01  1.070603e+02 -3.596691e-15 
  531.000  6.091424e+01  1.159435e+02 -9.229057e-15 
  532.000  5.828995e+01  1.100814e+02 -4.849238e-15 
  533.000  5.142510e+01  9.635502e+01 -4.387374e-15 
  534.000  5.620882e+01  1.044737e+02 -7.324262e-15 
  535.000  5.766866e+01  1.063175e+02  7.285326e-17 
  536.000  6.152535e+01  1.125161e+02 -1.444300e-14 
  537.000  5.737343e+01  1.040939e+02  3.276981e-15 
  538.000  6.034528e+01  1.086355e+02  4.616934e-15 
  539.000  6.042160e+01  1.079383e+02  1.416916e-14 
  540.000  5.939133e+01  1.052929e+02 -5.803137e-15 
  541.000  5.469703e+01  9.624059e+01 -1.197556e-15 
  542.000  6.127277e+01  1.070065e+02 -2.667179e-15 
  543.000  5.885320e+01  1.020203e+02  6.380203e-16 
  544.000  6.231189e+01  1.072233e+02 -1.717617e-15 
  545.000  6.160183e+01  1.052287e+02 -4.559320e-15 
  546.000  6.044233e+01  1.025005e+02  1.329065e-14 
  547.000  6.323238e+01  1.064582e+02 -5.914281e-15 
  548.000  5.887304e+01  9.840876e+01  1.131691e-14 
  549.000  6.217296e+01  1.031842e+02  5.332645e-15 
  550.000  6.100322e+01  1.005264e+02  1.502378e-15 
  551.000  6.080121e+01  9.949142e+01  0.000000e+00 
  552.000  6.361189e+01  1.033642e+02 -1.236547e-14 
  553.000  6.129475e+01  9.891063e+01 -5.622054e-15 
  554.000  6.347483e+01  1.017258e+02 -1.102764e-15 
  555.000  6.382976e+01  1.015970e+02  2.654003e-15 
  556.000  6.223304e+01  9.838464e+01  6.809994e-15 
  557.000  6.052588e+01  9.504554e+01 -4.036880e-15 
  558.000  6.296532e+01  9.821991e+01  1.011572e-15 
  559.000  5.964181e+01  9.242371e+01  8.878052e-16 
  560.000  6.001325e+01  9.239780e+01 -1.098554e-14 
  561.000  6.606021e+01  1.010601e+02  1.305958e-14 
  562.000  6.055941e+01  9.213933e+01  3.743056e-15 
  563.000  6.342005e+01  9.590205e+01 -2.539928e-15 
  564.000  6.253680e+01  9.401371e+01  5.800311e-15 
  565.000  6.316840e+01  9.446380e+01 -9.421032e-16 
  566.000  5.828730e+01  8.663706e+01  1.671070e-15 
  567.000  6.221117e+01  9.206377e+01  5.751540e-16 
  568.000  6.066045e+01  8.989361e+01 -1.869360e-15 
  569.000  5.627750e+01  8.455093e+01  2.264821e-16 
  570.000  5.708549e+01  8.505445e+01  2.211167e-15 
  571.000  5.740090e+01  8.375361e+01 -4.111010e-15 
  572.000  5.837312e+01  8.592860e+01 -2.642865e-15 
  573.000  5.959323e+01  8.696214e+01 -5.793987e-15 
  574.000  5.947904e+01  8.622385e+01 -1.073730e-16 
  575.000  5.795744e+01  8.360950e+01  2.985657e-15 
  576.000  5.703862e+01  8.183629e+01 -9.151202e-16 
  577.000  6.042543e+01  8.563966e+01  1.966274e-15 
  578.000  5.976227e+01  8.382688e+01 -3.034619e-15 
  579.000  6.029220e+01  8.378270e+01 -1.748825e-15 
  580.000  6.336150e+01  8.727968e+01 -3.103951e-15 
  581.000  6.358785e+01  8.668212e+01 -3.392871e-15 
  582.000  6.551956e+01  8.856649e+01  3.008433e-15 
  583.000  6.662643e+01  8.944791e+01 -2.089948e-15 
  584.000  6.696152e+01  8.931650e+01 -5.239667e-15 
  585.000  6.700558e+01  8.883018e+01 -4.132728e-15 
  586.000  6.452070e+01  8.503296e+01 -7.631565e-15 
  587.000  6.604171e+01  8.728437e+01 -2.155872e-15 
  588.000  6.087876e+01  8.179516e+01  2.471193e-15 
  589.000  4.813746e+01  6.634608e+01 -1.605272e-15 
  590.000  5.005002e+01  6.874029e+01 -9.591707e-16 
  591.000  5.777187e+01  7.726538e+01  4.293571e-16 
  592.000  5.452019e+01  7.329559e+01  9.991938e-16 
  593.000  6.047450e+01  7.899483e+01  2.860305e-16 
  594.000  6.000636e+01  7.836745e+01  4.202813e-15 
  595.000  5.542202e+01  7.315903e+01  4.254911e-16 
  596.000  6.228406e+01  7.986246e+01 -2.586206e-15 
  597.000  6.139816e+01  7.865556e+01 -1.029945e-15 
  598.000  6.250542e+01  7.883212e+01 -4.109123e-15 
  599.000  6.360126e+01  7.940685e+01 -8.710202e-15 
  600.000  6.585469e+01  8.097210e+01  7.249618e-15 
  601.000  6.723537e+01  8.142306e+01  6.717694e-15 
  602.000  6.707789e+01  8.059924e+01  1.348648e-16 
  603.000  6.817743e+01  8.131371e+01 -4.922946e-15 
  604.000  7.111420e+01  8.423893e+01  7.226686e-15 
  605.000  7.156225e+01  8.424651e+01 -8.862179e-15 
  606.000  7.117397e+01  8.332706e+01  9.097955e-15 
  607.000  7.119838e+01  8.290282e+01  2.049471e-16 
  608.000  7.131668e+01  8.260744e+01  5.685242e-15 
  609.000  7.094251e+01  8.175275e+01 -2.677499e-15 
  610.000  7.015993e+01  8.044090e+01  4.874150e-15 
  611.000  7.167316e+01  8.176542e+01 -8.095129e-15 
  612.000  7.110284e+01  8.071349e+01  3.362590e-15 
  613.000  7.041050e+01  7.953702e+01 -1.474832e-14 
  614.000  6.819237e+01  7.665939e+01 -1.608644e-14 
  615.000  7.179829e+01  8.032490e+01  3.736641e-15 
  616.000  6.857677e+01  7.635689e+01 -9.347109e-16 
  617.000  6.925720e+01  7.675535e+01 -5.758641e-15 
  618.000  7.279018e+01  8.030183e+01 -5.439842e-15 
  619.000  7.234766e+01  7.945806e+01  4.027383e-15 
  620.000  7.362543e+01  8.050758e+01 -8.564253e-15 
  621.000  7.507001e+01  8.173798e+01  3.818716e-15 
  622.000  7.124465e+01  7.725243e+01 -5.457031e-15 
  623.000  7.188107e+01  7.763596e+01 -3.580635e-15 
  624.000  7.204530e+01  7.750677e+01  6.465568e-15 
  625.000  7.015565e+01  7.518306e+01  1.500797e-14 
  626.000  7.018236e+01  7.503266e+01 -7.075737e-15 
  627.000  6.945087e+01  7.470692e+01 -2.109712e-15 
  628.000  6.437074e+01  6.991094e+01 -7.645125e-16 
  629.000  6.809718e+01  7.327486e+01 -4.206588e-16 
  630.000  6.771817e+01  7.202342e+01 -2.742834e-15 
  631.000  7.134071e+01  7.533081e+01 -1.879279e-15 
  632.000  6.526865e+01  6.909652e+01  1.477284e-15 
  633.000  7.265032e+01  7.590161e+01 -2.232611e-15 
  634.000  7.178983e+01  7.425071e+01 -1.063237e-15 
  635.000  7.364859e+01  7.582468e+01 -5.593647e-15 
  636.000  7.200331e+01  7.365965e+01 -4.652717e-15 
  637.000  7.519987e+01  7.649015e+01  8.837553e-16 
  638.000  7.792739e+01  7.859524e+01 -1.661453e-15 
  639.000  7.783670e+01  7.813280e+01  8.107909e-15 
  640.000  7.642171e+01  7.621708e+01 -4.286561e-15 
  641.000  7.805135e+01  7.748769e+01 -6.207413e-15 
  642.000  7.790210e+01  7.689371e+01 -3.077853e-16 
  643.000  7.890497e+01  7.774993e+01 -4.302492e-15 
  644.000  7.836275e+01  7.688581e+01  2.477041e-16 
  645.000  7.814126e+01  7.685037e+01  4.777560e-15 
  646.000  7.094611e+01  7.064330e+01  6.529961e-16 
  647.000  6.909914e+01  6.926035e+01 -1.926169e-15 
  648.000  6.593914e+01  6.657362e+01  4.861697e-15 
  649.000  7.037762e+01  7.007929e+01 -2.729485e-16 
  650.000  7.091828e+01  6.894975e+01  1.642692e-15 
  651.000  7.664976e+01  7.422097e+01  4.110881e-15 
  652.000  7.030840e+01  6.898392e+01  6.388345e-16 
  653.000  7.802574e+01  7.473836e+01  2.586670e-15 
  654.000  7.660714e+01  7.324834e+01 -3.425214e-15 
  655.000  7.266833e+01  6.972017e+01 -5.394039e-15 
  656.000  6.254327e+01  5.961375e+01  5.875484e-15 
  657.000  6.806223e+01  6.435188e+01 -1.213452e-15 
  658.000  7.818694e+01  7.310445e+01 -1.274485e-15 
  659.000  7.989940e+01  7.409487e+01 -2.263325e-15 
  660.000  8.136266e+01  7.501532e+01  4.184475e-15 
  661.000  8.378931e+01  7.634277e+01  3.665394e-15 
  662.000  8.604123e+01  7.790717e+01  5.961858e-15 
  663.000  8.517164e+01  7.686649e+01  3.627898e-16 
  664.000  8.440617e+01  7.581329e+01  4.378493e-15 
  665.000  8.523112e+01  7.621706e+01 -1.483329e-15 
  666.000  8.684110e+01  7.729372e+01 -3.361957e-15 
  667.000  8.560577e+01  7.586288e+01 -1.646442e-15 
  668.000  8.675944e+01  7.651619e+01  7.092788e-15 
  669.000  8.849722e+01  7.771066e+01 -3.535073e-15 
  670.000  8.784218e+01  7.682150e+01 -7.750793e-15 
  671.000  8.734844e+01  7.607179e+01 -6.728121e-15 
  672.000  8.742950e+01  7.584263e+01  1.284574e-15 
  673.000  8.841460e+01  7.639853e+01  3.344593e-15 
  674.000  8.894215e+01  7.655706e+01 -4.231297e-15 
  675.000  8.793690e+01  7.539945e+01 -2.370986e-15 
  676.000  8.993612e+01  7.681965e+01  1.826921e-15 
  677.000  8.846781e+01  7.527734e+01  3.289812e-15 
  678.000  9.025963e+01  7.650970e+01 -2.698816e-15 
  679.000  8.921455e+01  7.535694e+01  8.382180e-15 
  680.000  8.845277e+01  7.450716e+01  2.882590e-16 
  681.000  8.859805e+01  7.439931e+01  2.012088e-15 
  682.000  8.857874e+01  7.413180e+01 -1.002855e-14 
  683.000  8.933407e+01  7.452013e+01 -2.770205e-15 
  684.000  8.753038e+01  7.285168e+01 -6.346312e-15 
  685.000  8.914462e+01  7.385578e+01 -4.866885e-15 
  686.000  8.459944e+01  6.996355e+01  3.076225e-15 
  687.000  5.743615e+01  5.010783e+01 -1.430908e-15 
  688.000  6.570646e+01  5.606031e+01 -2.334613e-15 
  689.000  6.336115e+01  5.418096e+01  2.724724e-15 
  690.000  6.828349e+01  5.767553e+01  3.326115e-15 
  691.000  7.394585e+01  6.173719e+01  9.750487e-16 
  692.000  7.530456e+01  6.268659e+01  3.264856e-15 
  693.000  6.904118e+01  5.850826e+01 -1.712572e-15 
  694.000  6.341264e+01  5.467761e+01  1.309774e-15 
  695.000  6.601520e+01  5.613889e+01 -3.046151e-15 
  696.000  6.932755e+01  5.836758e+01 -9.982919e-16 
  697.000  8.175954e+01  6.647264e+01 -1.582250e-15 
  698.000  7.769482e+01  6.341717e+01 -3.691544e-15 
  699.000  6.834793e+01  5.717600e+01  4.649011e-15 
  700.000  6.924241e+01  5.749493e+01  3.547514e-15 
  701.000  6.555696e+01  5.459146e+01 -9.535005e-17 
  702.000  6.695559e+01  5.531491e+01  1.850919e-16 
  703.000  7.693166e+01  6.191278e+01  1.290931e-15 
  704.000  7.771879e+01  6.226511e+01 -4.422728e-15 
  705.000  7.462842e+01  6.015356e+01 -2.477423e-15 
  706.000  7.470550e+01  5.989942e+01 -3.202739e-15 
  707.000  7.504759e+01  5.976772e+01  1.632280e-15 
  708.000  7.888253e+01  6.237509e+01  2.572630e-15 
  709.000  7.925623e+01  6.196966e+01 -6.582128e-15 
  710.000  7.786652e+01  6.119993e+01  5.053476e-15 
  711.000  8.055832e+01  6.257447e+01  2.647293e-15 
  712.000  8.244517e+01  6.335401e+01 -3.538323e-15 
  713.000  7.979910e+01  6.151999e+01  5.208442e-15 
  714.000  8.033370e+01  6.189378e+01  5.437644e-16 
  715.000  7.373530e+01  5.723009e+01 -2.384978e-15 
  716.000  7.144936e+01  5.593995e+01 -2.552837e-15 
  717.000  4.937529e+01  4.149517e+01 -1.085938e-15 
  718.000  3.912348e+01  3.469292e+01  1.176422e-15 
  719.000  3.545893e+01  3.205495e+01  3.264141e-17 
  720.000  3.175724e+01  2.943099e+01  9.814338e-16 
  721.000  5.359597e+01  4.362638e+01 -9.312505e-16 
  722.000  6.486903e+01  5.072522e+01 -1.034989e-15 
  723.000  5.880407e+01  4.673584e+01  1.253857e-15 
  724.000  4.440268e+01  3.763698e+01  2.803211e-16 
  725.000  4.575792e+01  3.830888e+01  1.581372e-15 
  726.000  4.517882e+01  3.780815e+01  1.202740e-15 
  727.000  4.790031e+01  3.954618e+01  1.536863e-15 
  728.000  4.515799e+01  3.754005e+01 -3.398902e-17 
  729.000  4.860422e+01  3.920137e+01  1.858703e-15 
  730.000  4.972242e+01  4.009894e+01  1.263224e-15 
  731.000  4.807531e+01  3.879674e+01 -6.472840e-16 
  732.000  5.896403e+01  4.547102e+01  1.797166e-15 
  733.000  6.919627e+01  5.139943e+01 -3.991353e-15 
  734.000  7.688884e+01  5.607755e+01 -2.256115e-15 
  735.000  7.437130e+01  5.431865e+01 -2.146031e-16 
  736.000  6.938786e+01  5.096655e+01  4.664186e-15 
  737.000  7.329677e+01  5.329533e+01  4.321878e-15 
  738.000  7.730304e+01  5.549208e+01  1.182910e-15 
  739.000  7.670253e+01  5.464263e+01  2.472846e-15 
  740.000  8.162983e+01  5.737823e+01  1.523728e-16 
  741.000  8.351775e+01  5.816365e+01 -3.348074e-15 
  742.000  8.328534e+01  5.767197e+01  4.979393e-15 
  743.000  8.815771e+01  6.051373e+01  9.512971e-15 
  744.000  9.021535e+01  6.145169e+01  8.880712e-15 
  745.000  8.876985e+01  6.017277e+01  8.456187e-15 
  746.000  9.075554e+01  6.124836e+01  6.404675e-15 
  747.000  9.243398e+01  6.218349e+01 -1.580912e-14 
  748.000  9.135604e+01  6.121491e+01 -6.382461e-15 
  749.000  9.175824e+01  6.127941e+01  8.543390e-15 
  750.000  9.027836e+01  6.015149e+01 -4.935029e-15 
  751.000  9.023324e+01  5.994377e+01 -1.341136e-14 
  752.000  9.230072e+01  6.107866e+01  9.844399e-17 
  753.000  9.181625e+01  6.055075e+01  1.357999e-15 
  754.000  9.355949e+01  6.150332e+01  5.813397e-15 
  755.000  9.321272e+01  6.109673e+01  3.937472e-16 
  756.000  9.158482e+01  5.985372e+01 -3.649697e-15 
  757.000  9.240958e+01  6.022027e+01 -2.030733e-15 
  758.000  9.182726e+01  5.970520e+01  4.736015e-15 
  759.000  7.272678e+01  4.851898e+01 -1.944701e-15 
  760.000  6.505851e+00  6.519484e+00 -8.411889e-17 
  761.000  4.540149e+00  4.982715e+00  1.459467e-16 
  762.000  2.568974e+01  1.949162e+01  1.113752e-15 
  763.000  1.685184e+01  1.368691e+01  1.069340e-15 
  764.000  2.131068e+01  1.660965e+01  3.268321e-16 
  765.000  3.428253e+01  2.488761e+01  6.160293e-16 
  766.000  5.284320e+01  3.570737e+01 -1.530224e-15 
  767.000  6.655836e+01  4.370778e+01  2.800320e-15 
  768.000  7.913257e+01  5.103719e+01 -5.132016e-15 
  769.000  8.576807e+01  5.458807e+01 -4.154057e-16 
  770.000  8.923730e+01  5.639036e+01  9.872031e-16 
  771.000  9.119457e+01  5.719900e+01  3.448628e-15 
  772.000  9.138396e+01  5.713038e+01 -9.325441e-17 
  773.000  9.128526e+01  5.690303e+01 -8.038260e-15 
  774.000  9.258656e+01  5.755535e+01  2.237834e-15 
  775.000  8.941531e+01  5.542302e+01 -4.848023e-15 
  776.000  9.339613e+01  5.771788e+01  3.832129e-15 
  777.000  9.284708e+01  5.723019e+01  1.884734e-14 
  778.000  9.235133e+01  5.678921e+01 -5.356350e-15 
  779.000  9.265414e+01  5.683942e+01 -2.780190e-15 
  780.000  9.160824e+01  5.604440e+01  9.197313e-17 
  781.000  9.181494e+01  5.599623e+01  2.740968e-15 
  782.000  9.291118e+01  5.653208e+01  4.254252e-15 
  783.000  9.083396e+01  5.511957e+01 -1.354791e-15 
  784.000  9.123402e+01  5.523995e+01  2.816558e-15 
  785.000  9.069957e+01  5.488295e+01 -5.831865e-15 
  786.000  8.786716e+01  5.331714e+01 -5.783857e-15 
  787.000  8.625150e+01  5.259122e+01 -2.711424e-15 
  788.000  8.348146e+01  5.097298e+01 -1.121342e-16 
  789.000  7.874289e+01  4.859032e+01  4.711463e-16 
  790.000  7.754070e+01  4.778386e+01  2.992104e-15 
  791.000  7.816277e+01  4.793342e+01 -2.115687e-15 
  792.000  7.790034e+01  4.754239e+01 -2.867693e-15 
  793.000  8.001299e+01  4.844765e+01 -2.801577e-15 
  794.000  8.377677e+01  5.001878e+01 -5.200889e-15 
  795.000  8.062870e+01  4.836099e+01 -1.317943e-15 
  796.000  7.490099e+01  4.561465e+01 -3.107983e-15 
  797.000  7.745048e+01  4.682307e+01  3.329126e-15 
  798.000  8.216664e+01  4.899217e+01 -7.031259e-15 
  799.000  8.112070e+01  4.837407e+01 -2.216906e-15 
  800.000  7.582197e+01  4.547274e+01  2.726344e-15 
  801.000  7.768739e+01  4.643221e+01  8.240375e-16 
  802.000  7.727802e+01  4.610980e+01 -4.711975e-16 
  803.000  7.672370e+01  4.561091e+01 -2.973026e-16 
  804.000  7.907298e+01  4.670821e+01 -5.315008e-16 
  805.000  7.994953e+01  4.675580e+01 -3.133284e-15 
  806.000  8.406375e+01  4.881443e+01 -4.243355e-16 
  807.000  8.372420e+01  4.848870e+01 -4.089108e-15 
  808.000  8.222251e+01  4.763018e+01  2.482580e-15 
  809.000  7.960878e+01  4.615660e+01 -2.536701e-15 
  810.000  7.788144e+01  4.521349e+01  3.099064e-15 
  811.000  7.629585e+01  4.450774e+01 -5.357934e-15 
  812.000  7.226285e+01  4.245343e+01  1.866550e-15 
  813.000  6.753331e+01  4.000783e+01  2.602296e-15 
  814.000  6.193007e+01  3.712793e+01  2.872148e-16 
  815.000  5.489889e+01  3.354265e+01  1.114578e-15 
  816.000  4.746638e+01  2.978543e+01  2.384121e-16 
  817.000  4.797974e+01  3.001987e+01 -8.918070e-16 
  818.000  4.823325e+01  3.003818e+01  2.636904e-16 
  819.000  4.928049e+01  3.029507e+01  1.896086e-16 
  820.000  5.620551e+01  3.345928e+01  7.826107e-16 
  821.000  6.850697e+01  3.963490e+01 -7.607517e-16 
  822.000  5.883052e+01  3.461946e+01  1.235373e-15 
  823.000  4.165495e+01  2.629152e+01  4.785898e-16 
  824.000  5.746112e+01  3.395574e+01 -7.232986e-18 
  825.000  6.941885e+01  3.969172e+01 -5.266203e-15 
  826.000  6.801501e+01  3.894506e+01  2.162675e-15 
  827.000  6.626142e+01  3.798891e+01  1.905845e-15 
  828.000  5.839425e+01  3.408009e+01 -1.906010e-15 
  829.000  6.108997e+01  3.529915e+01  7.989655e-17 
  830.000  6.332515e+01  3.620906e+01 -8.176744e-16 
  831.000  6.308538e+01  3.590862e+01  7.672153e-16 
  832.000  6.498203e+01  3.683425e+01  3.389371e-15 
  833.000  6.494284e+01  3.655114e+01 -2.299813e-15 
  834.000  6.833870e+01  3.815102e+01  2.296116e-15 
  835.000  7.328951e+01  4.034305e+01 -6.474529e-15 
  836.000  7.275673e+01  4.009453e+01  5.729395e-16 
  837.000  7.215750e+01  3.967235e+01  5.017349e-16 
  838.000  7.481274e+01  4.080467e+01  2.814944e-15 
  839.000  7.396638e+01  4.010254e+01 -1.318403e-15 
  840.000  7.654280e+01  4.135004e+01 -2.223912e-15 
  841.000  7.530210e+01  4.073956e+01 -1.050960e-15 
  842.000  7.628076e+01  4.103260e+01  6.672998e-16 
  843.000  7.911987e+01  4.210866e+01 -1.788379e-15 
  844.000  7.940587e+01  4.199851e+01  2.286924e-15 
  845.000  8.140574e+01  4.288110e+01 -1.660150e-15 
  846.000  8.297088e+01  4.352380e+01 -9.406514e-16 
  847.000  8.098946e+01  4.230148e+01  3.488959e-15 
  848.000  8.206892e+01  4.292073e+01 -1.974877e-15 
  849.000  8.244867e+01  4.300758e+01  2.100532e-15 
  850.000  7.075288e+01  3.689044e+01  1.357385e-15 
  851.000  8.033018e+01  4.187804e+01 -2.894153e-15 
  852.000  7.741907e+01  4.026482e+01  3.371469e-15 
  853.000  7.964703e+01  4.119549e+01 -1.968050e-15 
  854.000  6.404297e+01  3.305716e+01 -1.950455e-16 
  855.000  7.113068e+01  3.657381e+01 -6.964600e-16 
  856.000  8.215811e+01  4.192266e+01  4.103178e-15 
  857.000  8.410133e+01  4.275814e+01  1.018665e-14 
  858.000  8.307686e+01  4.211643e+01 -2.201142e-15 
  859.000  8.375179e+01  4.230223e+01 -5.839799e-15 
  860.000  8.343398e+01  4.201782e+01  3.078398e-15 
  861.000  8.355410e+01  4.198283e+01  1.352958e-15 
  862.000  8.348957e+01  4.185310e+01 -4.490192e-15 
  863.000  8.517611e+01  4.260603e+01  5.490045e-15 
  864.000  8.530180e+01  4.255537e+01 -3.347989e-15 
  865.000  8.395811e+01  4.177853e+01  4.405163e-15 
  866.000  7.050444e+01  3.500779e+01 -8.136134e-16 
  867.000  7.508241e+01  3.720862e+01  6.601356e-15 
  868.000  8.149966e+01  4.030389e+01  3.182509e-15 
  869.000  8.046053e+01  3.970303e+01  4.064241e-15 
  870.000  8.376973e+01  4.125768e+01 -3.416657e-15 
  871.000  8.375587e+01  4.116138e+01  8.452100e-15 
  872.000  8.361622e+01  4.099456e+01 -3.100804e-15 
  873.000  8.383378e+01  4.103470e+01  9.639225e-15 
  874.000  8.195183e+01  4.004173e+01 -1.957615e-15 
  875.000  8.121634e+01  3.960532e+01  3.162314e-15 
  876.000  8.188984e+01  3.985097e+01 -1.956310e-15 
  877.000  8.356817e+01  4.058638e+01 -3.104850e-15 
  878.000  8.175274e+01  3.966445e+01  1.017955e-15 
  879.000  8.204928e+01  3.972659e+01  3.061110e-15 
  880.000  8.123824e+01  3.929044e+01  1.457677e-16 
  881.000  7.694693e+01  3.715607e+01 -7.978317e-15 
  882.000  8.105206e+01  3.907878e+01  2.178469e-15 
  883.000  7.944562e+01  3.820950e+01  1.120546e-14 
  884.000  8.024767e+01  3.851122e+01  1.930265e-15 
  885.000  8.046410e+01  3.860778e+01 -4.268960e-15 
  886.000  7.699600e+01  3.703164e+01 -8.027785e-17 
  887.000  7.690230e+01  3.677530e+01  2.009536e-15 
  888.000  7.919762e+01  3.780408e+01  7.173110e-17 
  889.000  7.995432e+01  3.807504e+01  1.221939e-15 
  890.000  7.916656e+01  3.775837e+01 -6.470821e-15 
  891.000  7.756464e+01  3.704641e+01 -3.133491e-15 
  892.000  7.473108e+01  3.587917e+01 -2.706684e-15 
  893.000  6.477911e+01  3.167104e+01  1.733328e-15 
  894.000  6.327235e+01  3.118782e+01 -2.049372e-15 
  895.000  5.091339e+01  2.569395e+01 -2.438318e-16 
  896.000  4.485211e+01  2.330476e+01  7.824613e-16 
  897.000  3.644374e+01  1.965837e+01 -6.101356e-16 
  898.000  3.339974e+01  1.834022e+01  6.755534e-17 
  899.000  2.635873e+01  1.519032e+01  5.068379e-16 
  900.000  2.646432e+01  1.513932e+01  1.182792e-15 
  901.000  2.441043e+01  1.410792e+01 -3.445794e-16 
  902.000  2.446522e+01  1.403466e+01 -9.931146e-17 
  903.000  3.804916e+01  2.007373e+01 -3.878373e-16 
  904.000  4.838153e+01  2.438219e+01 -3.372020e-16 
  905.000  4.815459e+01  2.421444e+01 -2.596629e-16 
  906.000  4.086559e+01  2.104564e+01  4.337227e-16 
  907.000  3.225372e+01  1.747191e+01  1.292373e-15 
  908.000  2.633560e+01  1.477206e+01  2.241433e-16 
  909.000  2.599607e+01  1.454873e+01  2.313262e-16 
  910.000  2.699047e+01  1.499965e+01  1.567805e-17 
  911.000  3.019016e+01  1.635271e+01  2.176137e-16 
  912.000  2.868409e+01  1.567887e+01  3.428943e-16 
  913.000  2.304826e+01  1.320886e+01 -1.808949e-16 
  914.000  2.591600e+01  1.445450e+01  1.027456e-17 
  915.000  2.810503e+01  1.532538e+01  2.068260e-16 
  916.000  2.931857e+01  1.585154e+01 -7.541207e-16 
  917.000  3.053684e+01  1.627970e+01 -9.187855e-16 
  918.000  3.259306e+01  1.708624e+01 -2.416539e-16 
  919.000  4.113639e+01  2.057788e+01 -7.647532e-17 
  920.000  4.802962e+01  2.324723e+01  1.224856e-15 
  921.000  4.560055e+01  2.213499e+01 -6.589230e-16 
  922.000  4.514749e+01  2.187641e+01  6.504208e-16 
  923.000  4.142057e+01  2.019429e+01  1.248132e-15 
  924.000  3.876320e+01  1.926653e+01  8.129556e-16 
  925.000  3.861298e+01  1.923969e+01 -7.494956e-16 
  926.000  3.631362e+01  1.819310e+01 -2.340616e-16 
  927.000  3.240788e+01  1.675450e+01 -8.368728e-16 
  928.000  2.569073e+01  1.399644e+01  2.395959e-16 
  929.000  1.766483e+01  1.044807e+01  1.172599e-16 
  930.000  1.084492e+01  7.243455e+00 -3.014364e-17 
  931.000  6.057355e+00  4.826391e+00 -2.844183e-17 
  932.000  2.319010e+00  2.683762e+00 -7.290140e-18 
  933.000  1.143456e+00  1.837613e+00  5.085319e-18 
  934.000  5.265408e-01  1.263754e+00  1.003950e-18 
  935.000  4.597123e-01  1.180599e+00 -1.683739e-18 
  936.000  5.987331e-01  1.324058e+00 -2.274336e-17 
  937.000  5.933569e-01  1.327737e+00  2.652019e-18 
  938.000  1.422362e+00  2.014609e+00  5.103380e-18 
  939.000  7.748133e+00  5.776724e+00 -1.498888e-17 
  940.000  9.716101e+00  6.775458e+00  5.371280e-17 
  941.000  8.095605e+00  5.856470e+00  2.688280e-17 
  942.000  4.951212e+00  4.086647e+00 -2.604544e-17 
  943.000  2.212602e+00  2.518278e+00  9.579633e-21 
  944.000  1.977401e+00  2.332799e+00 -5.596785e-17 
  945.000  2.708412e+00  2.815236e+00  1.355235e-17 
  946.000  2.857446e+00  2.911563e+00  4.537151e-19 
  947.000  3.891417e+00  3.499565e+00 -1.359449e-17 
  948.000  4.655876e+00  3.924578e+00 -2.001056e-17 
  949.000  4.697120e+00  3.933175e+00  1.468019e-17 
  950.000  4.910768e+00  4.028693e+00 -9.634796e-21 
  951.000  6.899527e+00  5.055990e+00  5.408422e-17 
  952.000  5.004027e+00  4.034764e+00 -1.356812e-17 
  953.000  6.578854e+00  4.832223e+00 -6.480924e-17 
  954.000  8.677282e+00  5.836893e+00 -5.362622e-17 
  955.000  6.801893e+00  4.779473e+00  4.826617e-17 
  956.000  7.273821e+00  5.068451e+00  1.423322e-17 
  957.000  1.390870e+01  8.156463e+00  1.562666e-16 
  958.000  1.553390e+01  8.854856e+00  5.112672e-17 
  959.000  1.447467e+01  8.342433e+00 -1.090410e-17 
  960.000  1.418707e+01  8.159983e+00 -5.288709e-17 
  961.000  1.355055e+01  7.825642e+00 -5.799804e-17 
  962.000  1.444195e+01  8.201355e+00  1.034706e-16 
  963.000  1.997974e+01  1.056337e+01  8.355005e-16 
  964.000  2.086528e+01  1.087565e+01  4.328473e-18 
  965.000  2.077618e+01  1.082760e+01 -3.700058e-16 
  966.000  2.078050e+01  1.072914e+01  3.021130e-16 
  967.000  2.678724e+01  1.318655e+01  2.986066e-16 
  968.000  3.765866e+01  1.723388e+01  4.549202e-16 
  969.000  4.426648e+01  1.964458e+01 -2.107209e-16 
  970.000  4.497003e+01  1.986998e+01 -6.832534e-16 
  971.000  4.450160e+01  1.963254e+01  1.244594e-16 
  972.000  4.297665e+01  1.906686e+01  1.167765e-16 
  973.000  3.863969e+01  1.742521e+01 -3.748924e-16 
  974.000  3.379224e+01  1.556856e+01  4.401572e-16 
  975.000  3.145310e+01  1.468698e+01  2.305993e-16 
  976.000  3.504348e+01  1.603015e+01  4.107628e-16 
  977.000  3.990054e+01  1.768714e+01 -8.584420e-17 
  978.000  4.058940e+01  1.797956e+01  7.755882e-17 
  979.000  4.123111e+01  1.807591e+01 -1.658678e-15 
  980.000  4.885912e+01  2.085728e+01  1.298554e-16 
  981.000  5.106105e+01  2.164475e+01  6.622051e-16 
  982.000  4.952052e+01  2.102138e+01  1.036648e-16 
  983.000  5.353710e+01  2.244275e+01  1.511140e-16 
  984.000  5.766875e+01  2.386020e+01  1.092268e-16 
  985.000  6.037054e+01  2.475595e+01  1.715754e-15 
  986.000  6.346185e+01  2.572951e+01 -7.355799e-16 
  987.000  6.588978e+01  2.654819e+01  1.177836e-16 
  988.000  6.555711e+01  2.633678e+01 -9.522563e-16 
  989.000  6.504970e+01  2.606778e+01 -7.879610e-16 
  990.000  6.605756e+01  2.639787e+01  1.043033e-15 
  991.000  6.802626e+01  2.704055e+01  8.313515e-16 
  992.000  6.783524e+01  2.689211e+01 -3.923140e-15 
  993.000  6.802644e+01  2.691279e+01 -3.341842e-15 
  994.000  6.960205e+01  2.735494e+01 -1.662151e-15 
  995.000  6.997769e+01  2.739884e+01  1.535340e-15 
  996.000  6.999171e+01  2.736070e+01  7.389337e-16 
  997.000  6.958469e+01  2.719487e+01  1.765733e-15 
  998.000  6.877036e+01  2.692456e+01  1.078640e-15 
  999.000  6.839832e+01  2.675261e+01  1.570918e-15 
 1000.000  6.806235e+01  2.656686e+01 -3.305542e-15 
 1001.000  6.718491e+01  2.627135e+01 -5.957731e-16 
 1002.000  6.510649e+01  2.555473e+01  9.719123e-16 
 1003.000  6.484519e+01  2.537992e+01 -1.580888e-15 
 1004.000  6.546791e+01  2.550495e+01  8.820524e-17 
 1005.000  6.166583e+01  2.395221e+01  1.515938e-15 
 1006.000  6.509001e+01  2.523139e+01  2.264489e-15 
 1007.000  6.591913e+01  2.553943e+01 -4.222506e-15 
 1008.000  6.461266e+01  2.510251e+01 -3.456253e-16 
 1009.000  6.214276e+01  2.424298e+01 -2.503459e-15 
 1010.000  6.334312e+01  2.460987e+01 -2.355611e-15 
 1011.000  6.529367e+01  2.517314e+01 -3.454842e-16 
 1012.000  6.623028e+01  2.543377e+01 -2.880503e-15 
 1013.000  6.647616e+01  2.544017e+01  7.495173e-16 
 1014.000  6.723557e+01  2.566982e+01  2.553828e-15 
 1015.000  6.608182e+01  2.518589e+01  6.128944e-15 
 1016.000  6.684832e+01  2.541692e+01  3.694638e-17 
 1017.000  6.634952e+01  2.513195e+01 -6.996522e-16 
 1018.000  6.689872e+01  2.537196e+01 -1.503457e-16 
 1019.000  6.462423e+01  2.452422e+01  3.656383e-15 
 1020.000  6.478207e+01  2.452807e+01 -1.988758e-16 
 1021.000  6.601073e+01  2.491677e+01  3.197600e-15 
 1022.000  6.411288e+01  2.422642e+01 -3.299998e-15 
 1023.000  6.458479e+01  2.442007e+01 -1.760518e-15 
 1024.000  6.381440e+01  2.412302e+01  1.082363e-15 
 1025.000  6.524440e+01  2.452840e+01  7.325774e-16 
 1026.000  6.598219e+01  2.472427e+01 -2.868139e-16 
 1027.000  6.534598e+01  2.446630e+01 -1.701067e-17 
 1028.000  6.574906e+01  2.456422e+01 -3.269193e-15 
 1029.000  6.536761e+01  2.429905e+01  1.792326e-15 
 1030.000  6.662201e+01  2.468864e+01 -8.512933e-16 
 1031.000  6.672121e+01  2.466825e+01  4.610904e-15 
 1032.000  6.673174e+01  2.462024e+01  4.067058e-15 
 1033.000  6.560287e+01  2.416311e+01  8.817658e-16 
 1034.000  6.637582e+01  2.440689e+01 -8.379679e-15 
 1035.000  6.574669e+01  2.413704e+01 -3.938711e-15 
 1036.000  6.660656e+01  2.441497e+01  1.469550e-15 
 1037.000  6.525072e+01  2.388089e+01 -8.226199e-16 
 1038.000  6.600530e+01  2.411575e+01  5.293316e-15 
 1039.000  6.614973e+01  2.414268e+01 -3.856944e-15 
 1040.000  6.528171e+01  2.379716e+01  5.176402e-17 
 1041.000  6.555756e+01  2.386838e+01 -1.449772e-15 
 1042.000  6.575057e+01  2.390500e+01  9.358490e-16 
 1043.000  6.464827e+01  2.346872e+01  3.418655e-15 
 1044.000  6.524307e+01  2.365362e+01  7.216848e-16 
 1045.000  6.472823e+01  2.344864e+01 -3.542742e-15 
 1046.000  6.276844e+01  2.270844e+01  6.480018e-16 
 1047.000  6.376850e+01  2.304598e+01 -1.158282e-14 
 1048.000  6.430607e+01  2.320850e+01 -2.155731e-15 
 1049.000  6.378423e+01  2.298899e+01  6.117290e-16 
 1050.000  6.319979e+01  2.275765e+01  2.232892e-15 
 1051.000  6.295126e+01  2.265314e+01 -7.617301e-16 
 1052.000  6.247082e+01  2.245929e+01 -2.881361e-15 
 1053.000  6.241386e+01  2.241152e+01 -2.276520e-15 
 1054.000  6.152290e+01  2.207679e+01  1.502871e-15 
 1055.000  6.168145e+01  2.212025e+01 -5.073335e-17 
 1056.000  6.126912e+01  2.195561e+01 -2.267148e-15 
 1057.000  6.065389e+01  2.173558e+01 -1.510497e-15 
 1058.000  5.920618e+01  2.124123e+01 -2.196211e-15 
 1059.000  5.735257e+01  2.054483e+01  2.416826e-15 
 1060.000  5.972760e+01  2.133974e+01  7.004108e-16 
 1061.000  5.751651e+01  2.052740e+01  1.400661e-15 
 1062.000  5.866821e+01  2.093860e+01  2.979075e-16 
 1063.000  5.753269e+01  2.051071e+01 -1.124730e-15 
 1064.000  5.789601e+01  2.063536e+01  4.982357e-17 
 1065.000  5.731704e+01  2.043450e+01  6.439434e-16 
 1066.000  5.562163e+01  1.979821e+01  1.393063e-15 
 1067.000  5.681260e+01  2.024521e+01 -1.328423e-15 
 1068.000  5.568571e+01  1.987916e+01 -2.467845e-15 
 1069.000  5.106298e+01  1.823902e+01 -8.018017e-16 
 1070.000  5.428185e+01  1.935546e+01  3.751478e-16 
 1071.000  5.381885e+01  1.920563e+01  1.135237e-16 
 1072.000  5.342561e+01  1.907894e+01 -9.439744e-16 
 1073.000  5.160796e+01  1.841215e+01  6.858765e-16 
 1074.000  5.358800e+01  1.908529e+01 -9.364137e-16 
 1075.000  5.289439e+01  1.875433e+01  5.617613e-16 
 1076.000  5.352047e+01  1.898744e+01  1.070987e-15 
 1077.000  5.267245e+01  1.870964e+01 -7.048224e-16 
 1078.000  5.195341e+01  1.848482e+01 -4.961013e-16 
 1079.000  4.985527e+01  1.772213e+01 -7.130457e-16 
 1080.000  4.899828e+01  1.752617e+01  1.002681e-15 
 1081.000  4.710687e+01  1.683329e+01  1.631848e-15 
 1082.000  4.872934e+01  1.733473e+01  1.042428e-15 
 1083.000  4.622214e+01  1.648808e+01 -5.337704e-16 
 1084.000  4.666940e+01  1.669417e+01 -6.358754e-17 
 1085.000  4.310249e+01  1.553238e+01  2.667554e-18 
 1086.000  4.433217e+01  1.592625e+01  3.398890e-16 
 1087.000  4.472731e+01  1.589553e+01  3.646350e-16 
 1088.000  4.762606e+01  1.689363e+01  1.410889e-16 
 1089.000  4.186105e+01  1.501110e+01  1.655394e-16 
 1090.000  4.200937e+01  1.508244e+01 -2.309365e-16 
 1091.000  4.295856e+01  1.537577e+01  5.285405e-16 
 1092.000  4.004871e+01  1.440784e+01  1.218456e-16 
 1093.000  3.567934e+01  1.302759e+01 -5.623130e-17 
 1094.000  3.103648e+01  1.140894e+01 -1.895803e-16 
 1095.000  3.377302e+01  1.238981e+01  9.338773e-16 
 1096.000  3.369462e+01  1.234726e+01  7.064581e-16 
 1097.000  3.240367e+01  1.191953e+01 -2.598469e-16 
 1098.000  2.447691e+01  9.464561e+00 -1.499077e-16 
 1099.000  1.921799e+01  7.777465e+00 -3.701681e-18 
 1100.000  1.981947e+01  7.992324e+00 -7.725040e-17 
