  400.000  4.246664e+02  3.230666e+02  4.125081e-14 
  401.000  4.235540e+02  3.190519e+02  3.357446e-14 
  402.000  4.504008e+02  3.359645e+02 -4.124275e-15 
  403.000  4.232418e+02  3.126487e+02 -4.464852e-14 
  404.000  4.562999e+02  3.338286e+02 -7.034546e-14 
  405.000  4.197861e+02  3.041828e+02  2.435827e-14 
  406.000  4.179216e+02  2.999634e+02 -1.713827e-14 
  407.000  4.082826e+02  2.902906e+02 -1.663600e-14 
  408.000  4.436479e+02  3.124923e+02  3.358920e-14 
  409.000  4.925194e+02  3.437015e+02 -6.060643e-14 
  410.000  4.129657e+02  2.855339e+02  8.808546e-14 
  411.000  4.863239e+02  3.331828e+02 -4.398816e-14 
  412.000  5.053172e+02  3.430528e+02  5.035508e-14 
  413.000  4.786574e+02  3.220280e+02 -9.782158e-14 
  414.000  4.710371e+02  3.140593e+02  4.639642e-14 
  415.000  5.037075e+02  3.328627e+02  2.380617e-14 
  416.000  5.019404e+02  3.287698e+02  1.207461e-14 
  417.000  4.879127e+02  3.167818e+02 -1.112454e-14 
  418.000  4.784944e+02  3.079638e+02 -2.091843e-14 
  419.000  4.914423e+02  3.135625e+02 -2.082231e-14 
  420.000  4.169835e+02  2.637700e+02  2.258177e-14 
  421.000  5.236958e+02  3.284501e+02  6.439126e-14 
  422.000  5.030022e+02  3.128042e+02 -3.511471e-14 
  423.000  4.258138e+02  2.625800e+02 -2.269004e-14 
  424.000  4.694586e+02  2.870800e+02  3.845399e-14 
  425.000  4.873232e+02  2.955320e+02  1.738679e-14 
  426.000  4.695091e+02  2.823820e+02 -3.583296e-14 
  427.000  4.526218e+02  2.699969e+02  3.580962e-15 
  428.000  4.593259e+02  2.717680e+02 -1.808008e-14 
  429.000  4.187872e+02  2.457810e+02  2.820840e-14 
  430.000  3.348996e+02  1.949704e+02 -4.680991e-14 
  431.000  3.017415e+02  1.742660e+02  1.342001e-14 
  432.000  5.442740e+02  3.118467e+02 -6.807440e-14 
  433.000  4.854837e+02  2.759731e+02  6.740127e-14 
  434.000  4.623756e+02  2.607826e+02  5.653335e-15 
  435.000  5.040715e+02  2.820911e+02 -2.865455e-14 
  436.000  5.600582e+02  3.110031e+02 -7.923390e-15 
  437.000  5.665813e+02  3.122112e+02 -7.979953e-15 
  438.000  5.085310e+02  2.780856e+02 -2.801137e-14 
  439.000  4.930463e+02  2.675754e+02  2.065066e-14 
  440.000  5.536623e+02  2.982062e+02 -3.023425e-14 
  441.000  5.529100e+02  2.955684e+02  3.006558e-14 
  442.000  5.834127e+02  3.095475e+02 -4.136713e-14 
  443.000  5.883976e+02  3.098750e+02 -1.557606e-14 
  444.000  5.856417e+02  3.061454e+02  6.348801e-14 
  445.000  6.171346e+02  3.202343e+02  3.362132e-14 
  446.000  5.503091e+02  2.834621e+02 -1.493309e-14 
  447.000  6.287600e+02  3.215312e+02 -1.699407e-14 
  448.000  6.404019e+02  3.251689e+02 -4.494462e-14 
  449.000  6.459434e+02  3.256890e+02 -5.193025e-14 
  450.000  6.612167e+02  3.310666e+02  2.646758e-14 
  451.000  7.158459e+02  3.559245e+02  1.765962e-14 
  452.000  6.666119e+02  3.291430e+02  1.077867e-13 
  453.000  6.198430e+02  3.039327e+02  0.000000e+00 
  454.000  6.619468e+02  3.223410e+02 -1.551836e-14 
  455.000  6.676699e+02  3.228979e+02  2.747235e-14 
  456.000  6.849467e+02  3.289876e+02  1.282967e-15 
  457.000  6.898852e+02  3.291111e+02 -8.135997e-14 
  458.000  6.788247e+02  3.216491e+02 -8.794979e-15 
  459.000  6.797989e+02  3.199455e+02  1.818742e-14 
  460.000  6.749232e+02  3.155291e+02  6.080983e-14 
  461.000  7.004631e+02  3.252948e+02 -1.027712e-14 
  462.000  6.900940e+02  3.183609e+02  1.072646e-14 
  463.000  6.912957e+02  3.168178e+02 -1.699337e-14 
  464.000  6.946116e+02  3.162677e+02 -5.166981e-14 
  465.000  6.854759e+02  3.100876e+02  5.267444e-14 
  466.000  7.082070e+02  3.183040e+02  1.071738e-13 
  467.000  6.841691e+02  3.055219e+02 -1.308243e-13 
  468.000  7.252191e+02  3.217650e+02 -1.817321e-14 
  469.000  7.197153e+02  3.172557e+02  4.496664e-14 
  470.000  7.105959e+02  3.111997e+02  1.771438e-14 
  471.000  7.100502e+02  3.089281e+02  9.464251e-15 
  472.000  7.194177e+02  3.109515e+02  9.949779e-14 
  473.000  7.121970e+02  3.058003e+02 -3.529894e-14 
  474.000  7.184830e+02  3.064551e+02  1.080492e-14 
  475.000  7.479249e+02  3.168286e+02  9.912115e-15 
  476.000  7.251529e+02  3.050111e+02 -3.393716e-14 
  477.000  7.188232e+02  3.002935e+02 -8.884750e-15 
  478.000  7.552771e+02  3.137229e+02  9.304130e-15 
  479.000  7.221382e+02  2.984208e+02  5.375369e-14 
  480.000  7.375839e+02  3.032916e+02 -9.641646e-15 
  481.000  7.341923e+02  3.003481e+02 -2.673898e-14 
  482.000  7.505877e+02  3.054291e+02  1.944977e-14 
  483.000  7.523126e+02  3.044646e+02 -7.378476e-14 
  484.000  7.242006e+02  2.914525e+02  6.241752e-16 
  485.000  7.303117e+02  2.922507e+02 -3.559284e-14 
  486.000  5.927596e+02  2.358618e+02  6.366481e-14 
  487.000  6.669409e+02  2.638752e+02 -1.530071e-14 
  488.000  7.249106e+02  2.851872e+02 -3.563426e-14 
  489.000  6.745605e+02  2.638817e+02 -5.700358e-14 
  490.000  7.687366e+02  2.990339e+02 -1.943828e-14 
  491.000  7.200635e+02  2.785294e+02 -1.877147e-14 
  492.000  6.926368e+02  2.664219e+02 -4.124217e-14 
  493.000  7.467008e+02  2.856209e+02 -3.561300e-14 
  494.000  7.220457e+02  2.746594e+02 -2.531556e-14 
  495.000  7.726041e+02  2.922733e+02  7.336707e-14 
  496.000  7.531379e+02  2.833419e+02  2.504352e-14 
  497.000  7.312401e+02  2.736003e+02 -3.338385e-14 
  498.000  7.146031e+02  2.659225e+02  1.658308e-14 
  499.000  7.135063e+02  2.640761e+02  6.731223e-14 
  500.000  7.109866e+02  2.617258e+02 -4.111757e-14 
  501.000  6.956445e+02  2.547028e+02  2.583249e-14 
  502.000  6.916780e+02  2.518988e+02  7.350429e-14 
  503.000  7.335342e+02  2.657244e+02  1.206747e-13 
  504.000  6.830513e+02  2.461288e+02 -4.824968e-14 
  505.000  7.373419e+02  2.642922e+02 -2.539777e-14 
  506.000  7.900480e+02  2.817142e+02 -2.070125e-14 
  507.000  7.357269e+02  2.609908e+02 -1.621562e-14 
  508.000  7.061868e+02  2.492269e+02 -2.358358e-14 
  509.000  7.621661e+02  2.676099e+02  9.295788e-15 
  510.000  7.391208e+02  2.581978e+02  9.352313e-14 
  511.000  7.399399e+02  2.571734e+02  1.737139e-14 
  512.000  7.772290e+02  2.687706e+02 -1.884144e-14 
  513.000  7.119052e+02  2.449459e+02 -6.485615e-14 
  514.000  6.975122e+02  2.387949e+02 -2.526328e-14 
  515.000  7.126411e+02  2.427619e+02 -1.602350e-14 
  516.000  7.491042e+02  2.539167e+02 -1.862653e-14 
  517.000  5.521791e+02  1.862388e+02 -1.901142e-14 
  518.000  6.840763e+02  2.295862e+02  1.641349e-14 
  519.000  6.485184e+02  2.165833e+02  1.553950e-14 
  520.000  7.144601e+02  2.374398e+02 -5.754818e-14 
  521.000  7.153018e+02  2.365603e+02 -7.975049e-15 
  522.000  7.441235e+02  2.448922e+02  1.438545e-13 
  523.000  6.935770e+02  2.271411e+02  1.185160e-13 
  524.000  7.529172e+02  2.453766e+02  7.767317e-15 
  525.000  7.472921e+02  2.423610e+02 -9.489325e-15 
  526.000  7.125694e+02  2.299923e+02 -2.484695e-14 
  527.000  6.227874e+02  2.000494e+02 -1.430048e-14 
  528.000  7.483445e+02  2.392313e+02 -5.920577e-14 
  529.000  7.699748e+02  2.449756e+02  2.739934e-14 
  530.000  7.279227e+02  2.305021e+02  4.829969e-14 
  531.000  7.927388e+02  2.498480e+02  6.289516e-16 
  532.000  7.566667e+02  2.373720e+02 -2.626248e-14 
  533.000  6.649997e+02  2.076629e+02  2.199559e-14 
  534.000  7.236196e+02  2.249600e+02  1.593009e-14 
  535.000  7.388137e+02  2.286751e+02 -3.421936e-14 
  536.000  7.844941e+02  2.417504e+02  8.604577e-15 
  537.000  7.283030e+02  2.234490e+02  4.044840e-14 
  538.000  7.628676e+02  2.330228e+02 -3.456155e-14 
  539.000  7.608258e+02  2.313761e+02  8.306597e-15 
  540.000  7.450273e+02  2.255752e+02  8.122822e-15 
  541.000  6.835981e+02  2.060690e+02 -9.046070e-15 
  542.000  7.630219e+02  2.290058e+02  2.548579e-14 
  543.000  7.303080e+02  2.182323e+02 -3.229229e-14 
  544.000  7.707579e+02  2.293176e+02 -6.002428e-16 
  545.000  7.597360e+02  2.250580e+02 -4.234250e-14 
  546.000  7.432870e+02  2.192339e+02 -1.666876e-14 
  547.000  7.753344e+02  2.277041e+02 -5.150611e-14 
  548.000  7.198238e+02  2.104968e+02  6.659030e-15 
  549.000  7.580193e+02  2.207219e+02  8.767146e-15 
  550.000  7.419011e+02  2.151106e+02  5.714117e-14 
  551.000  7.378678e+02  2.130324e+02  3.351107e-14 
  552.000  7.703194e+02  2.214621e+02  4.146633e-14 
  553.000  7.407518e+02  2.120636e+02 -8.541648e-15 
  554.000  7.655833e+02  2.182515e+02 -1.118599e-14 
  555.000  7.683705e+02  2.181294e+02  3.183740e-14 
  556.000  7.478016e+02  2.114046e+02  8.029932e-15 
  557.000  7.261805e+02  2.044359e+02  3.285463e-14 
  558.000  7.543502e+02  2.114830e+02  8.092572e-15 
  559.000  7.135670e+02  1.992190e+02 -1.420488e-14 
  560.000  7.172159e+02  1.994051e+02 -3.020156e-14 
  561.000  7.887847e+02  2.183899e+02  9.359537e-14 
  562.000  7.241006e+02  1.995888e+02 -1.552972e-14 
  563.000  7.579996e+02  2.080566e+02  8.127770e-15 
  564.000  7.476441e+02  2.043407e+02 -4.066639e-14 
  565.000  7.565580e+02  2.058608e+02  5.800456e-14 
  566.000  6.979658e+02  1.891330e+02  5.378315e-16 
  567.000  7.478110e+02  2.016222e+02  2.298542e-14 
  568.000  7.406002e+02  1.981066e+02  0.000000e+00 
  569.000  7.132789e+02  1.889532e+02 -1.929625e-14 
  570.000  7.198170e+02  1.900674e+02 -4.626561e-15 
  571.000  7.043156e+02  1.860154e+02  2.356452e-14 
  572.000  7.358569e+02  1.927786e+02  9.429647e-15 
  573.000  7.469689e+02  1.951300e+02 -1.167773e-14 
  574.000  7.443063e+02  1.937344e+02  6.096367e-15 
  575.000  7.261197e+02  1.881979e+02 -1.248288e-14 
  576.000  7.134373e+02  1.841729e+02 -1.154607e-14 
  577.000  7.464103e+02  1.921033e+02 -8.157951e-15 
  578.000  7.287720e+02  1.872643e+02 -7.903177e-15 
  579.000  7.262396e+02  1.861922e+02 -3.970343e-14 
  580.000  7.535003e+02  1.926432e+02  2.541199e-14 
  581.000  7.434001e+02  1.896953e+02  1.583510e-14 
  582.000  7.567094e+02  1.925495e+02  1.604497e-14 
  583.000  7.630143e+02  1.934683e+02 -8.649496e-15 
  584.000  7.615633e+02  1.924151e+02  8.614286e-15 
  585.000  7.572397e+02  1.906097e+02  6.497790e-14 
  586.000  7.253992e+02  1.819212e+02 -7.631565e-15 
  587.000  7.497128e+02  1.869100e+02 -2.188262e-14 
  588.000  7.232717e+02  1.783211e+02 -4.785634e-15 
  589.000  6.157509e+02  1.501451e+02 -2.520547e-14 
  590.000  6.416254e+02  1.558214e+02 -6.680285e-15 
  591.000  7.014615e+02  1.705449e+02 -5.294727e-14 
  592.000  6.784337e+02  1.639579e+02 -9.422348e-15 
  593.000  7.079066e+02  1.714394e+02  5.230804e-15 
  594.000  7.099287e+02  1.710765e+02  5.970986e-15 
  595.000  6.815742e+02  1.630389e+02 -2.330095e-15 
  596.000  7.213324e+02  1.729435e+02 -4.404409e-14 
  597.000  7.193419e+02  1.716423e+02  5.824588e-15 
  598.000  7.143395e+02  1.703387e+02 -2.361259e-14 
  599.000  7.189701e+02  1.710937e+02  6.488135e-15 
  600.000  7.280586e+02  1.732674e+02 -2.368262e-14 
  601.000  7.301990e+02  1.736192e+02  7.599420e-15 
  602.000  7.246859e+02  1.719397e+02  1.502740e-14 
  603.000  7.315925e+02  1.731981e+02  1.564499e-14 
  604.000  7.570458e+02  1.787840e+02 -8.897469e-15 
  605.000  7.566516e+02  1.781667e+02 -3.045843e-14 
  606.000  7.488670e+02  1.757619e+02 -3.829679e-14 
  607.000  7.456146e+02  1.744294e+02 -4.621925e-14 
  608.000  7.437253e+02  1.734121e+02  4.439345e-14 
  609.000  7.368917e+02  1.712488e+02 -5.356931e-14 
  610.000  7.258611e+02  1.681263e+02 -6.690483e-14 
  611.000  7.384205e+02  1.704687e+02  6.153442e-14 
  612.000  7.295622e+02  1.678663e+02 -1.060904e-15 
  613.000  7.196284e+02  1.650322e+02 -5.197829e-14 
  614.000  6.943257e+02  1.587021e+02  2.002264e-14 
  615.000  7.282891e+02  1.659159e+02  8.395700e-15 
  616.000  6.931106e+02  1.573802e+02 -7.477687e-15 
  617.000  6.976426e+02  1.578842e+02 -1.452926e-14 
  618.000  7.311299e+02  1.649117e+02 -2.307701e-14 
  619.000  7.249387e+02  1.629663e+02 -3.635823e-14 
  620.000  7.361314e+02  1.649255e+02  1.581385e-14 
  621.000  7.492217e+02  1.672891e+02 -1.554420e-14 
  622.000  7.100344e+02  1.579975e+02 -3.501971e-14 
  623.000  7.158243e+02  1.587332e+02  1.432254e-14 
  624.000  7.168481e+02  1.584123e+02 -7.683326e-15 
  625.000  6.976211e+02  1.536303e+02  2.142336e-14 
  626.000  7.004148e+02  1.536224e+02  1.553609e-14 
  627.000  7.059866e+02  1.537487e+02 -2.273681e-14 
  628.000  6.847507e+02  1.476411e+02 -2.573369e-16 
  629.000  7.070826e+02  1.523656e+02  2.492005e-14 
  630.000  6.900309e+02  1.486212e+02  1.655404e-14 
  631.000  7.183019e+02  1.544487e+02 -1.020243e-14 
  632.000  6.637990e+02  1.419048e+02 -6.173948e-15 
  633.000  7.205284e+02  1.541187e+02 -2.620873e-14 
  634.000  7.016277e+02  1.497639e+02  7.500955e-15 
  635.000  7.149326e+02  1.521217e+02 -2.186357e-14 
  636.000  6.916421e+02  1.468420e+02  4.896110e-14 
  637.000  7.159722e+02  1.516233e+02 -2.171773e-14 
  638.000  7.311995e+02  1.547108e+02  1.380568e-14 
  639.000  7.259227e+02  1.531397e+02  5.016626e-14 
  640.000  7.054553e+02  1.485358e+02 -1.420941e-14 
  641.000  7.162235e+02  1.503437e+02 -3.525703e-14 
  642.000  7.093849e+02  1.485750e+02 -4.924565e-16 
  643.000  7.198953e+02  1.500872e+02  7.485726e-15 
  644.000  7.121555e+02  1.480257e+02  6.404738e-15 
  645.000  7.152684e+02  1.479834e+02  4.448313e-15 
  646.000  6.736186e+02  1.380894e+02 -1.078821e-14 
  647.000  6.728395e+02  1.370924e+02 -1.158249e-14 
  648.000  6.605740e+02  1.338190e+02 -1.505934e-14 
  649.000  6.840460e+02  1.385002e+02 -1.538228e-14 
  650.000  6.523609e+02  1.324977e+02 -1.203536e-14 
  651.000  7.030665e+02  1.423762e+02 -1.334734e-14 
  652.000  6.729722e+02  1.351666e+02  2.121638e-15 
  653.000  7.067471e+02  1.424310e+02 -6.663598e-15 
  654.000  6.957297e+02  1.396881e+02  2.513829e-14 
  655.000  6.707517e+02  1.339539e+02  7.299145e-15 
  656.000  5.718389e+02  1.139646e+02 -8.853811e-15 
  657.000  6.141138e+02  1.222061e+02 -1.259148e-14 
  658.000  6.910495e+02  1.374886e+02  3.447394e-14 
  659.000  6.969634e+02  1.385131e+02  4.164451e-15 
  660.000  7.045139e+02  1.397277e+02 -2.582383e-16 
  661.000  7.129465e+02  1.413346e+02 -2.018118e-14 
  662.000  7.258109e+02  1.436652e+02 -1.411629e-14 
  663.000  7.176559e+02  1.416000e+02 -2.646566e-14 
  664.000  7.074729e+02  1.392635e+02  1.325012e-14 
  665.000  7.115826e+02  1.397287e+02  6.649428e-15 
  666.000  7.214451e+02  1.413411e+02 -6.241159e-15 
  667.000  7.081343e+02  1.383945e+02 -7.997490e-14 
  668.000  7.134103e+02  1.391061e+02  1.323532e-14 
  669.000  7.244923e+02  1.409062e+02 -1.341778e-14 
  670.000  7.165015e+02  1.389849e+02  4.070333e-14 
  671.000  7.096469e+02  1.372992e+02 -7.022116e-15 
  672.000  7.079461e+02  1.366064e+02  6.996060e-15 
  673.000  7.136134e+02  1.373341e+02  1.267068e-14 
  674.000  7.155869e+02  1.373486e+02  2.021573e-14 
  675.000  7.052371e+02  1.350046e+02  5.275138e-14 
  676.000  7.191090e+02  1.372958e+02 -4.053050e-14 
  677.000  7.053457e+02  1.343128e+02 -2.724663e-14 
  678.000  7.175632e+02  1.362804e+02 -4.082322e-14 
  679.000  7.078019e+02  1.340616e+02  5.225165e-14 
  680.000  7.021129e+02  1.325739e+02 -3.992698e-14 
  681.000  7.025701e+02  1.322439e+02 -2.021975e-14 
  682.000  7.012351e+02  1.316229e+02  2.017228e-14 
  683.000  7.058951e+02  1.321083e+02  6.459649e-15 
  684.000  6.921988e+02  1.290899e+02 -1.903894e-14 
  685.000  7.013461e+02  1.305273e+02  1.282489e-14 
  686.000  6.688555e+02  1.239733e+02 -1.230490e-14 
  687.000  5.678178e+02  1.031583e+02 -1.369029e-14 
  688.000  6.010884e+02  1.093207e+02 -9.411539e-16 
  689.000  5.924421e+02  1.073371e+02 -2.621079e-15 
  690.000  6.128075e+02  1.109569e+02  3.323296e-14 
  691.000  6.345782e+02  1.148584e+02 -6.237766e-16 
  692.000  6.365321e+02  1.149253e+02 -1.314622e-14 
  693.000  6.141064e+02  1.100200e+02  3.295418e-15 
  694.000  5.943416e+02  1.057724e+02 -7.015230e-16 
  695.000  5.985898e+02  1.064668e+02 -8.242396e-15 
  696.000  6.148757e+02  1.092398e+02  3.570147e-15 
  697.000  6.609092e+02  1.181452e+02  5.363484e-15 
  698.000  6.390524e+02  1.136655e+02  1.679455e-14 
  699.000  6.102176e+02  1.075222e+02  1.243132e-14 
  700.000  6.094761e+02  1.072071e+02 -9.211995e-15 
  701.000  5.871675e+02  1.028990e+02 -9.758739e-15 
  702.000  5.906126e+02  1.033414e+02  9.827355e-15 
  703.000  6.320880e+02  1.109361e+02  3.557181e-14 
  704.000  6.354541e+02  1.112896e+02 -8.836677e-15 
  705.000  6.265056e+02  1.091752e+02  1.123527e-14 
  706.000  6.226439e+02  1.082897e+02 -4.951023e-15 
  707.000  6.182042e+02  1.073517e+02 -1.045687e-14 
  708.000  6.416798e+02  1.112749e+02  1.503883e-14 
  709.000  6.296979e+02  1.091989e+02 -1.505966e-14 
  710.000  6.325860e+02  1.091484e+02  1.083749e-14 
  711.000  6.380804e+02  1.101147e+02 -5.206301e-15 
  712.000  6.392551e+02  1.103475e+02  1.952494e-15 
  713.000  6.284415e+02  1.079635e+02  3.766472e-15 
  714.000  6.361896e+02  1.089370e+02 -7.391567e-15 
  715.000  6.007747e+02  1.023038e+02  3.331853e-15 
  716.000  6.020467e+02  1.019565e+02  4.546387e-15 
  717.000  5.043861e+02  8.374161e+01  2.971612e-15 
  718.000  4.544883e+02  7.400163e+01 -2.350492e-16 
  719.000  4.328435e+02  6.991687e+01 -5.213551e-15 
  720.000  4.130131e+02  6.615620e+01  6.631658e-16 
  721.000  5.202175e+02  8.602464e+01  7.492429e-15 
  722.000  5.702714e+02  9.480683e+01  1.107606e-14 
  723.000  5.447499e+02  9.002137e+01 -4.272564e-15 
  724.000  4.820094e+02  7.796328e+01  1.236531e-15 
  725.000  4.857083e+02  7.861655e+01 -1.241458e-15 
  726.000  4.820242e+02  7.776385e+01 -1.344566e-15 
  727.000  4.983822e+02  8.047731e+01  2.773115e-16 
  728.000  4.802920e+02  7.711965e+01  9.453864e-16 
  729.000  4.848199e+02  7.833223e+01 -1.758913e-15 
  730.000  4.988631e+02  8.032919e+01  1.481020e-15 
  731.000  4.860219e+02  7.797249e+01 -1.280948e-15 
  732.000  5.375952e+02  8.708641e+01 -5.491736e-16 
  733.000  5.716288e+02  9.304565e+01  1.388207e-15 
  734.000  6.050016e+02  9.862872e+01 -1.526428e-14 
  735.000  5.929286e+02  9.633298e+01 -1.825255e-15 
  736.000  5.686075e+02  9.199255e+01  1.086471e-14 
  737.000  5.865129e+02  9.482953e+01 -2.235105e-14 
  738.000  5.992793e+02  9.692364e+01  4.487586e-15 
  739.000  5.860167e+02  9.469572e+01 -1.065938e-14 
  740.000  6.052269e+02  9.792881e+01  1.413762e-14 
  741.000  6.083691e+02  9.846593e+01 -2.510699e-14 
  742.000  6.017243e+02  9.728782e+01  9.237737e-15 
  743.000  6.268890e+02  1.014153e+02 -2.040193e-14 
  744.000  6.361470e+02  1.027973e+02  1.157826e-14 
  745.000  6.222023e+02  1.004402e+02 -3.343402e-14 
  746.000  6.329482e+02  1.020417e+02  0.000000e+00 
  747.000  6.433347e+02  1.035005e+02  2.361673e-14 
  748.000  6.331838e+02  1.017172e+02  1.728305e-14 
  749.000  6.341763e+02  1.016827e+02  1.688940e-14 
  750.000  6.243870e+02  9.985606e+01  5.028782e-15 
  751.000  6.230993e+02  9.943575e+01 -1.080668e-14 
  752.000  6.341792e+02  1.010479e+02 -1.215051e-14 
  753.000  6.288525e+02  1.000028e+02 -1.590599e-14 
  754.000  6.392174e+02  1.014445e+02 -5.912411e-15 
  755.000  6.358689e+02  1.006982e+02 -1.136213e-14 
  756.000  6.237513e+02  9.857043e+01 -5.376313e-15 
  757.000  6.285792e+02  9.912109e+01  4.371111e-14 
  758.000  6.268281e+02  9.858659e+01 -6.578409e-15 
  759.000  5.547868e+02  8.595229e+01 -2.049145e-15 
  760.000  1.719984e+02  2.454924e+01 -3.120781e-16 
  761.000  1.440320e+02  2.024875e+01 -4.704234e-16 
  762.000  3.318090e+02  4.899201e+01  9.819276e-16 
  763.000  2.744532e+02  4.003053e+01  1.283714e-16 
  764.000  3.077924e+02  4.502064e+01  1.783452e-15 
  765.000  3.871790e+02  5.730335e+01  9.328891e-16 
  766.000  4.631360e+02  7.018397e+01 -4.881378e-15 
  767.000  5.195892e+02  7.900993e+01 -2.197192e-16 
  768.000  5.742029e+02  8.756541e+01  1.983665e-14 
  769.000  5.945875e+02  9.093810e+01 -3.231501e-15 
  770.000  6.026095e+02  9.224446e+01 -1.074219e-14 
  771.000  6.085881e+02  9.312587e+01 -3.652664e-14 
  772.000  6.076575e+02  9.283295e+01  3.191883e-14 
  773.000  6.058791e+02  9.238733e+01  2.697991e-14 
  774.000  6.130405e+02  9.330381e+01  3.752173e-16 
  775.000  5.905195e+02  8.970404e+01 -1.005708e-14 
  776.000  6.153073e+02  9.328956e+01 -1.046957e-14 
  777.000  6.112092e+02  9.247599e+01  1.596825e-14 
  778.000  6.079622e+02  9.178715e+01 -3.656635e-14 
  779.000  6.099781e+02  9.189462e+01 -1.037581e-14 
  780.000  6.025303e+02  9.058302e+01 -1.024816e-14 
  781.000  6.022112e+02  9.037583e+01  1.571137e-14 
  782.000  6.094891e+02  9.127305e+01  0.000000e+00 
  783.000  5.953405e+02  8.896920e+01 -4.623139e-14 
  784.000  5.983434e+02  8.921130e+01 -2.034175e-14 
  785.000  5.975340e+02  8.878409e+01  7.326819e-16 
  786.000  5.835649e+02  8.637355e+01  6.222656e-15 
  787.000  5.835992e+02  8.587425e+01  2.211536e-14 
  788.000  5.704170e+02  8.361658e+01 -1.514398e-14 
  789.000  5.578373e+02  8.120625e+01  2.022941e-14 
  790.000  5.508688e+02  8.000163e+01  1.479976e-15 
  791.000  5.510746e+02  7.993287e+01  2.249366e-15 
  792.000  5.451805e+02  7.898287e+01  3.619537e-15 
  793.000  5.511135e+02  7.984258e+01  9.295704e-15 
  794.000  5.589193e+02  8.123287e+01  1.956336e-14 
  795.000  5.478146e+02  7.919563e+01  8.168373e-15 
  796.000  5.353879e+02  7.676163e+01 -6.869449e-16 
  797.000  5.450786e+02  7.811294e+01 -5.836404e-15 
  798.000  5.593997e+02  8.034111e+01 -6.124159e-15 
  799.000  5.558677e+02  7.959402e+01  7.090751e-15 
  800.000  5.316304e+02  7.575500e+01 -9.559156e-16 
  801.000  5.427849e+02  7.721847e+01  7.917009e-15 
  802.000  5.408201e+02  7.677057e+01 -7.029922e-15 
  803.000  5.346199e+02  7.577417e+01 -1.715794e-14 
  804.000  5.442939e+02  7.710107e+01 -2.356106e-14 
  805.000  5.383400e+02  7.633682e+01  8.924586e-16 
  806.000  5.584879e+02  7.920628e+01  1.279755e-14 
  807.000  5.554927e+02  7.863762e+01  4.095788e-16 
  808.000  5.490881e+02  7.748717e+01  4.364754e-15 
  809.000  5.361157e+02  7.540580e+01 -1.176549e-14 
  810.000  5.296188e+02  7.424216e+01 -6.646938e-16 
  811.000  5.295696e+02  7.390591e+01 -5.732946e-15 
  812.000  5.162589e+02  7.170891e+01  1.246384e-15 
  813.000  5.001384e+02  6.915208e+01 -6.119254e-15 
  814.000  4.812874e+02  6.622620e+01  3.108210e-15 
  815.000  4.540171e+02  6.209998e+01 -1.930468e-15 
  816.000  4.232193e+02  5.735749e+01 -1.809907e-15 
  817.000  4.270107e+02  5.777607e+01  5.099984e-15 
  818.000  4.265564e+02  5.764587e+01  1.938394e-15 
  819.000  4.238848e+02  5.734266e+01 -1.194214e-15 
  820.000  4.447619e+02  6.042572e+01  4.994257e-15 
  821.000  4.950495e+02  6.749078e+01 -1.210320e-15 
  822.000  4.548376e+02  6.164106e+01 -9.174397e-15 
  823.000  3.911856e+02  5.192926e+01 -5.275204e-15 
  824.000  4.566175e+02  6.156765e+01  2.982761e-15 
  825.000  4.966893e+02  6.726505e+01  5.792604e-15 
  826.000  4.931844e+02  6.661098e+01 -9.583079e-16 
  827.000  4.864291e+02  6.552530e+01 -3.025327e-15 
  828.000  4.588510e+02  6.146741e+01  2.860757e-15 
  829.000  4.681320e+02  6.267940e+01 -3.669182e-15 
  830.000  4.714251e+02  6.310427e+01  3.159621e-15 
  831.000  4.657869e+02  6.226878e+01 -4.192462e-15 
  832.000  4.767858e+02  6.365731e+01  6.004498e-15 
  833.000  4.681392e+02  6.246017e+01  1.392934e-15 
  834.000  4.824808e+02  6.435356e+01 -1.696125e-15 
  835.000  4.978038e+02  6.650981e+01  6.136377e-15 
  836.000  4.991821e+02  6.650319e+01  1.143249e-14 
  837.000  4.947746e+02  6.580010e+01  1.912131e-15 
  838.000  5.035628e+02  6.697281e+01  1.700028e-14 
  839.000  4.920269e+02  6.540838e+01  2.068940e-15 
  840.000  5.068007e+02  6.728677e+01 -2.701969e-15 
  841.000  5.038141e+02  6.668111e+01 -1.392042e-14 
  842.000  5.047093e+02  6.676601e+01  4.736903e-15 
  843.000  5.106268e+02  6.766600e+01  5.046895e-15 
  844.000  5.064325e+02  6.711876e+01  2.390457e-15 
  845.000  5.161736e+02  6.835316e+01  1.609565e-14 
  846.000  5.229194e+02  6.919558e+01 -1.368943e-14 
  847.000  5.071559e+02  6.707026e+01  1.890867e-15 
  848.000  5.184935e+02  6.831770e+01  8.970944e-15 
  849.000  5.199746e+02  6.840768e+01 -1.510023e-14 
  850.000  4.480746e+02  5.879216e+01  1.349584e-14 
  851.000  5.112873e+02  6.690132e+01  1.984911e-15 
  852.000  4.921711e+02  6.429392e+01  5.977814e-15 
  853.000  5.013151e+02  6.548546e+01  1.394312e-14 
  854.000  4.029685e+02  5.254305e+01  1.842582e-15 
  855.000  4.451618e+02  5.799647e+01  1.094776e-14 
  856.000  5.086045e+02  6.626256e+01 -3.055642e-16 
  857.000  5.182623e+02  6.747001e+01  0.000000e+00 
  858.000  5.107636e+02  6.641190e+01 -9.109684e-15 
  859.000  5.123654e+02  6.657870e+01 -8.490274e-15 
  860.000  5.086563e+02  6.601897e+01  1.321934e-14 
  861.000  5.088032e+02  6.593000e+01 -1.651569e-14 
  862.000  5.075898e+02  6.567703e+01 -1.645684e-14 
  863.000  5.174377e+02  6.683898e+01 -9.151909e-15 
  864.000  5.168193e+02  6.666029e+01  8.214298e-15 
  865.000  5.075381e+02  6.536367e+01  3.001159e-16 
  866.000  4.258505e+02  5.475240e+01  1.127376e-14 
  867.000  4.535082e+02  5.820670e+01 -7.199729e-15 
  868.000  4.919588e+02  6.303600e+01 -2.907422e-16 
  869.000  4.852176e+02  6.207043e+01 -3.992577e-15 
  870.000  5.052428e+02  6.451927e+01 -4.456043e-15 
  871.000  5.046889e+02  6.434325e+01 -4.449600e-15 
  872.000  5.029438e+02  6.402183e+01 -3.750648e-14 
  873.000  5.048272e+02  6.414355e+01 -3.853550e-15 
  874.000  4.937258e+02  6.262226e+01 -2.494921e-14 
  875.000  4.892302e+02  6.194648e+01  8.047641e-15 
  876.000  4.931422e+02  6.232682e+01 -2.493258e-14 
  877.000  5.029449e+02  6.345389e+01 -1.271662e-14 
  878.000  4.934332e+02  6.210598e+01  4.071819e-15 
  879.000  4.946298e+02  6.215105e+01 -1.312355e-14 
  880.000  4.910163e+02  6.155672e+01 -3.477494e-15 
  881.000  4.651685e+02  5.820045e+01  4.403884e-15 
  882.000  4.904929e+02  6.124733e+01  1.219524e-14 
  883.000  4.797892e+02  5.983095e+01 -7.942071e-15 
  884.000  4.840984e+02  6.027633e+01 -8.008555e-15 
  885.000  4.875298e+02  6.052885e+01 -1.649417e-14 
  886.000  4.695015e+02  5.812366e+01  3.196553e-15 
  887.000  4.663507e+02  5.768631e+01  2.743712e-14 
  888.000  4.802582e+02  5.930405e+01  1.227595e-14 
  889.000  4.840194e+02  5.969153e+01 -2.887346e-16 
  890.000  4.812126e+02  5.920973e+01 -8.245911e-15 
  891.000  4.756928e+02  5.832967e+01  7.579489e-15 
  892.000  4.674651e+02  5.702975e+01  8.697102e-15 
  893.000  4.301498e+02  5.199733e+01 -2.287871e-15 
  894.000  4.342118e+02  5.225421e+01  1.427249e-15 
  895.000  3.835850e+02  4.585516e+01 -7.179563e-15 
  896.000  3.699965e+02  4.390165e+01  1.025480e-15 
  897.000  3.329813e+02  3.901138e+01  5.513247e-16 
  898.000  3.206582e+02  3.727063e+01 -1.744984e-15 
  899.000  2.869628e+02  3.282011e+01  9.331932e-16 
  900.000  2.840649e+02  3.248355e+01 -9.971915e-16 
  901.000  2.701497e+02  3.075513e+01 -3.915333e-16 
  902.000  2.670647e+02  3.038845e+01 -1.610316e-15 
  903.000  3.377908e+02  3.934050e+01  1.018861e-15 
  904.000  3.807310e+02  4.469941e+01  4.373292e-16 
  905.000  3.787083e+02  4.440567e+01 -1.731225e-15 
  906.000  3.454199e+02  4.024070e+01  1.671947e-16 
  907.000  3.116593e+02  3.564462e+01  2.291954e-15 
  908.000  2.793036e+02  3.155822e+01  3.465235e-16 
  909.000  2.753402e+02  3.106738e+01  4.406046e-17 
  910.000  2.820804e+02  3.182067e+01  5.674828e-16 
  911.000  2.969803e+02  3.368357e+01  8.477128e-20 
  912.000  2.900471e+02  3.273285e+01 -3.472611e-16 
  913.000  2.644414e+02  2.946209e+01 -4.793732e-16 
  914.000  2.785122e+02  3.113620e+01 -3.036055e-18 
  915.000  2.863674e+02  3.212978e+01 -1.879510e-15 
  916.000  2.936477e+02  3.295391e+01 -8.403040e-17 
  917.000  2.963922e+02  3.332888e+01  4.374457e-20 
  918.000  3.043867e+02  3.434006e+01 -1.476467e-15 
  919.000  3.417693e+02  3.907051e+01  1.265853e-15 
  920.000  3.651736e+02  4.195037e+01  2.921737e-17 
  921.000  3.517302e+02  4.032170e+01 -1.283901e-15 
  922.000  3.482141e+02  3.986002e+01 -3.976956e-15 
  923.000  3.267911e+02  3.729595e+01  1.746426e-15 
  924.000  3.237661e+02  3.669942e+01  4.869470e-17 
  925.000  3.261741e+02  3.687357e+01 -5.216662e-15 
  926.000  3.127789e+02  3.524282e+01  1.195450e-16 
  927.000  3.040954e+02  3.387244e+01 -1.935524e-15 
  928.000  2.761978e+02  3.025224e+01 -7.846031e-16 
  929.000  2.333036e+02  2.513436e+01 -7.078053e-16 
  930.000  1.887943e+02  2.007471e+01 -2.265991e-16 
  931.000  1.465920e+02  1.538054e+01 -2.190799e-16 
  932.000  9.848254e+01  1.009739e+01 -1.322229e-17 
  933.000  7.247785e+01  7.339863e+00  3.090777e-17 
  934.000  5.077297e+01  5.141078e+00  0.000000e+00 
  935.000  4.777293e+01  4.836419e+00  5.187830e-21 
  936.000  5.431124e+01  5.475511e+00 -4.149579e-17 
  937.000  5.405067e+01  5.442955e+00 -2.828918e-17 
  938.000  7.865192e+01  7.926935e+00  2.614219e-17 
  939.000  1.722565e+02  1.786275e+01 -2.181412e-16 
  940.000  1.896686e+02  1.970762e+01 -2.476360e-16 
  941.000  1.711489e+02  1.773141e+01  3.171516e-16 
  942.000  1.327984e+02  1.366012e+01  1.045948e-16 
  943.000  9.341693e+01  9.412392e+00  3.288336e-19 
  944.000  8.778156e+01  8.817901e+00 -1.573227e-16 
  945.000  1.029657e+02  1.040672e+01 -3.627101e-18 
  946.000  1.056799e+02  1.067335e+01  5.487601e-17 
  947.000  1.205173e+02  1.224243e+01 -3.889493e-18 
  948.000  1.309074e+02  1.332851e+01 -2.115847e-16 
  949.000  1.307252e+02  1.329411e+01 -2.122948e-16 
  950.000  1.325883e+02  1.347959e+01  3.431237e-16 
  951.000  1.545314e+02  1.578672e+01 -1.082060e-16 
  952.000  1.315360e+02  1.334485e+01  2.096239e-16 
  953.000  1.483863e+02  1.512129e+01 -1.131207e-16 
  954.000  1.668339e+02  1.706704e+01 -2.135303e-16 
  955.000  1.421771e+02  1.449204e+01  6.690014e-18 
  956.000  1.497157e+02  1.525206e+01  7.139398e-18 
  957.000  2.020146e+02  2.080159e+01  1.286070e-17 
  958.000  2.120867e+02  2.187248e+01  1.743890e-16 
  959.000  2.042046e+02  2.101248e+01  2.003258e-16 
  960.000  2.002429e+02  2.058354e+01  9.858196e-17 
  961.000  1.940264e+02  1.991270e+01 -5.946256e-18 
  962.000  1.997291e+02  2.050104e+01  1.416829e-17 
  963.000  2.319915e+02  2.397955e+01 -1.564073e-16 
  964.000  2.346521e+02  2.427250e+01 -3.965036e-17 
  965.000  2.348316e+02  2.424907e+01  6.838282e-17 
  966.000  2.304102e+02  2.379041e+01 -6.495390e-16 
  967.000  2.630704e+02  2.741311e+01 -9.312048e-16 
  968.000  3.062347e+02  3.260513e+01 -3.721075e-16 
  969.000  3.308185e+02  3.538461e+01 -4.156148e-15 
  970.000  3.332793e+02  3.562045e+01  2.414948e-16 
  971.000  3.299016e+02  3.521203e+01  1.147752e-15 
  972.000  3.257732e+02  3.468047e+01 -3.744342e-16 
  973.000  3.083290e+02  3.265295e+01  6.708932e-16 
  974.000  2.869264e+02  3.012953e+01 -9.722184e-16 
  975.000  2.779439e+02  2.898536e+01 -1.282589e-15 
  976.000  2.943745e+02  3.086499e+01 -5.534930e-17 
  977.000  3.087370e+02  3.259535e+01 -9.548714e-16 
  978.000  3.148172e+02  3.318803e+01 -1.343709e-15 
  979.000  3.117736e+02  3.288485e+01  1.892545e-15 
  980.000  3.399899e+02  3.596126e+01 -9.992029e-16 
  981.000  3.480175e+02  3.680002e+01 -2.879953e-15 
  982.000  3.421541e+02  3.611805e+01  5.031091e-16 
  983.000  3.540631e+02  3.740699e+01  3.191617e-16 
  984.000  3.650520e+02  3.863001e+01 -7.034117e-15 
  985.000  3.726598e+02  3.947255e+01 -6.871949e-15 
  986.000  3.796634e+02  4.030909e+01  8.351958e-16 
  987.000  3.885313e+02  4.127722e+01 -1.061740e-14 
  988.000  3.848698e+02  4.085569e+01  5.270496e-15 
  989.000  3.807180e+02  4.037529e+01  1.562778e-15 
  990.000  3.850942e+02  4.080642e+01 -1.348669e-16 
  991.000  3.920619e+02  4.156766e+01  5.424236e-15 
  992.000  3.895539e+02  4.126968e+01  3.037491e-15 
  993.000  3.899886e+02  4.126926e+01 -3.003713e-15 
  994.000  3.952986e+02  4.184113e+01 -6.648606e-15 
  995.000  3.947293e+02  4.178736e+01 -2.286739e-16 
  996.000  3.946693e+02  4.172409e+01  8.867205e-15 
  997.000  3.936891e+02  4.152468e+01 -6.605139e-15 
  998.000  3.906635e+02  4.111984e+01 -1.080294e-14 
  999.000  3.890985e+02  4.088555e+01  2.474126e-15 
 1000.000  3.865249e+02  4.057191e+01 -5.687545e-15 
 1001.000  3.852225e+02  4.030331e+01 -6.394072e-15 
 1002.000  3.792239e+02  3.951385e+01  1.083563e-15 
 1003.000  3.761183e+02  3.916225e+01 -3.463457e-15 
 1004.000  3.761028e+02  3.917048e+01  5.227341e-15 
 1005.000  3.526440e+02  3.670656e+01 -1.144523e-15 
 1006.000  3.716467e+02  3.864307e+01  7.866502e-15 
 1007.000  3.774217e+02  3.916916e+01 -1.639330e-15 
 1008.000  3.746719e+02  3.874537e+01 -8.767040e-15 
 1009.000  3.666491e+02  3.776718e+01  4.235911e-15 
 1010.000  3.706459e+02  3.817130e+01  3.399841e-15 
 1011.000  3.748495e+02  3.866941e+01  3.262819e-15 
 1012.000  3.773911e+02  3.893057e+01 -3.936352e-15 
 1013.000  3.765434e+02  3.883394e+01  7.192175e-15 
 1014.000  3.797962e+02  3.913663e+01 -5.478119e-15 
 1015.000  3.729804e+02  3.838790e+01 -1.315812e-15 
 1016.000  3.762406e+02  3.869276e+01 -8.953030e-16 
 1017.000  3.729589e+02  3.830606e+01 -5.813692e-15 
 1018.000  3.769304e+02  3.864997e+01  5.115554e-15 
 1019.000  3.663376e+02  3.746805e+01 -4.520609e-15 
 1020.000  3.663188e+02  3.743386e+01  2.258615e-15 
 1021.000  3.714679e+02  3.794557e+01 -7.239586e-15 
 1022.000  3.635213e+02  3.702978e+01  7.474540e-15 
 1023.000  3.684995e+02  3.744399e+01 -6.156531e-15 
 1024.000  3.654519e+02  3.706141e+01 -8.297902e-15 
 1025.000  3.691092e+02  3.746574e+01  4.532644e-15 
 1026.000  3.712525e+02  3.767426e+01  2.592600e-15 
 1027.000  3.683815e+02  3.731902e+01 -2.508954e-15 
 1028.000  3.698975e+02  3.743904e+01  1.380855e-16 
 1029.000  3.658419e+02  3.701306e+01  0.000000e+00 
 1030.000  3.710545e+02  3.753487e+01  3.191390e-15 
 1031.000  3.706948e+02  3.747302e+01 -6.147872e-15 
 1032.000  3.700495e+02  3.737770e+01  6.367961e-16 
 1033.000  3.634680e+02  3.667142e+01  1.451000e-14 
 1034.000  3.676782e+02  3.705893e+01 -2.721790e-15 
 1035.000  3.640056e+02  3.664803e+01  2.901027e-15 
 1036.000  3.687916e+02  3.708386e+01 -1.490651e-14 
 1037.000  3.611642e+02  3.627410e+01 -6.374377e-15 
 1038.000  3.648799e+02  3.660429e+01  1.473634e-14 
 1039.000  3.662329e+02  3.668774e+01 -1.209082e-14 
 1040.000  3.618163e+02  3.619565e+01 -2.676863e-15 
 1041.000  3.636602e+02  3.633079e+01  9.114987e-15 
 1042.000  3.647425e+02  3.639220e+01  8.724596e-15 
 1043.000  3.584998e+02  3.572501e+01 -6.126482e-15 
 1044.000  3.620177e+02  3.602803e+01 -2.886739e-15 
 1045.000  3.602138e+02  3.579393e+01  0.000000e+00 
 1046.000  3.496173e+02  3.469301e+01  1.675500e-14 
 1047.000  3.558745e+02  3.526358e+01 -5.893527e-15 
 1048.000  3.593430e+02  3.555960e+01 -8.829288e-15 
 1049.000  3.569897e+02  3.528095e+01  0.000000e+00 
 1050.000  3.546007e+02  3.499228e+01 -1.116080e-14 
 1051.000  3.541853e+02  3.489233e+01  1.157537e-14 
 1052.000  3.523026e+02  3.465574e+01 -5.864334e-15 
 1053.000  3.524822e+02  3.463060e+01  2.628699e-15 
 1054.000  3.484637e+02  3.417959e+01  5.608791e-15 
 1055.000  3.506015e+02  3.433270e+01 -8.885360e-15 
 1056.000  3.493828e+02  3.416135e+01  8.663605e-15 
 1057.000  3.478692e+02  3.394240e+01 -5.637252e-15 
 1058.000  3.425167e+02  3.332521e+01  5.789682e-15 
 1059.000  3.319776e+02  3.226671e+01 -2.900889e-15 
 1060.000  3.449739e+02  3.352099e+01  0.000000e+00 
 1061.000  3.327544e+02  3.228938e+01  0.000000e+00 
 1062.000  3.410083e+02  3.301878e+01  1.749637e-14 
 1063.000  3.350286e+02  3.239429e+01  2.933772e-15 
 1064.000  3.385678e+02  3.267207e+01  1.992943e-16 
 1065.000  3.369077e+02  3.243681e+01  0.000000e+00 
 1066.000  3.267043e+02  3.141981e+01  5.572252e-15 
 1067.000  3.340085e+02  3.207946e+01 -2.648114e-15 
 1068.000  3.301742e+02  3.161540e+01  1.369294e-15 
 1069.000  3.038429e+02  2.902758e+01  1.392146e-15 
 1070.000  3.220268e+02  3.073036e+01 -5.075850e-16 
 1071.000  3.208361e+02  3.054589e+01 -8.321324e-17 
 1072.000  3.201147e+02  3.041036e+01 -3.347264e-15 
 1073.000  3.091654e+02  2.932845e+01  3.393119e-15 
 1074.000  3.201621e+02  3.033857e+01 -9.526702e-16 
 1075.000  3.124854e+02  2.961477e+01 -3.441075e-15 
 1076.000  3.177141e+02  3.004705e+01  2.324900e-15 
 1077.000  3.149142e+02  2.971379e+01  1.703860e-15 
 1078.000  3.133679e+02  2.949784e+01 -9.572176e-16 
 1079.000  3.008291e+02  2.827891e+01 -3.374359e-15 
 1080.000  3.033948e+02  2.841488e+01  4.511247e-16 
 1081.000  2.918733e+02  2.730032e+01 -4.019303e-16 
 1082.000  2.982289e+02  2.788858e+01  7.662632e-16 
 1083.000  2.869276e+02  2.676666e+01  9.297895e-16 
 1084.000  2.942187e+02  2.738339e+01  1.811635e-15 
 1085.000  2.819467e+02  2.615889e+01 -8.567345e-16 
 1086.000  2.875101e+02  2.665233e+01  1.636919e-17 
 1087.000  2.785694e+02  2.585155e+01  2.438455e-15 
 1088.000  2.958647e+02  2.742868e+01  2.139166e-15 
 1089.000  2.735363e+02  2.525513e+01 -1.035881e-15 
 1090.000  2.773019e+02  2.555948e+01  5.306628e-16 
 1091.000  2.811080e+02  2.588691e+01  6.566792e-16 
 1092.000  2.690585e+02  2.471838e+01  3.091399e-15 
 1093.000  2.539034e+02  2.324032e+01  1.742147e-15 
 1094.000  2.264483e+02  2.067306e+01 -8.355317e-16 
 1095.000  2.457934e+02  2.241443e+01 -1.572962e-16 
 1096.000  2.452767e+02  2.233667e+01 -7.867898e-18 
 1097.000  2.394988e+02  2.176072e+01 -4.472376e-16 
 1098.000  2.095070e+02  1.870942e+01 -4.600731e-16 
 1099.000  1.878077e+02  1.650968e+01  8.499219e-16 
 1100.000  1.923584e+02  1.690028e+01 -5.818682e-17 
