  400.000  2.531517e+00  8.281670e+01  7.352574e-15 
  401.000  2.590960e+00  8.220462e+01 -1.497614e-15 
  402.000  2.826481e+00  8.700188e+01 -1.658220e-15 
  403.000  2.723978e+00  8.137318e+01  4.774640e-15 
  404.000  3.010921e+00  8.732241e+01 -3.721873e-15 
  405.000  2.838978e+00  7.996449e+01  2.170057e-15 
  406.000  2.896098e+00  7.924760e+01  4.893162e-16 
  407.000  2.898346e+00  7.707209e+01 -4.212560e-15 
  408.000  3.225373e+00  8.337553e+01 -9.196970e-16 
  409.000  3.665950e+00  9.215144e+01 -2.339273e-16 
  410.000  3.146098e+00  7.692828e+01  1.892394e-15 
  411.000  3.790998e+00  9.019954e+01  2.250826e-15 
  412.000  4.029309e+00  9.331676e+01  1.600862e-15 
  413.000  3.903430e+00  8.801693e+01  1.362505e-15 
  414.000  3.924403e+00  8.618507e+01  7.316434e-15 
  415.000  4.290915e+00  9.180151e+01  2.806631e-15 
  416.000  4.370418e+00  9.112077e+01  1.824922e-15 
  417.000  4.340773e+00  8.822168e+01 -2.933951e-15 
  418.000  4.347968e+00  8.616290e+01  4.631706e-15 
  419.000  4.559708e+00  8.813169e+01 -3.377791e-16 
  420.000  3.949500e+00  7.447478e+01  4.205938e-15 
  421.000  5.062778e+00  9.315928e+01  1.215390e-14 
  422.000  4.962431e+00  8.912464e+01 -8.507556e-15 
  423.000  4.286220e+00  7.515323e+01 -7.147120e-17 
  424.000  4.820274e+00  8.253245e+01 -5.469760e-17 
  425.000  5.101887e+00  8.532964e+01  2.514612e-15 
  426.000  5.010699e+00  8.188283e+01  6.749380e-15 
  427.000  4.923101e+00  7.862560e+01 -1.327330e-15 
  428.000  5.090425e+00  7.947011e+01 -2.891508e-15 
  429.000  4.727674e+00  7.216424e+01  2.459599e-15 
  430.000  3.850199e+00  5.747689e+01 -8.100684e-16 
  431.000  3.532203e+00  5.158006e+01 -1.853234e-15 
  432.000  6.486045e+00  9.267036e+01  3.361613e-15 
  433.000  5.888465e+00  8.233527e+01  3.124643e-17 
  434.000  5.707058e+00  7.811031e+01  1.400118e-15 
  435.000  6.330169e+00  8.482372e+01 -3.885469e-15 
  436.000  7.154328e+00  9.388045e+01  2.105927e-15 
  437.000  7.360700e+00  9.460779e+01  4.595506e-15 
  438.000  6.717470e+00  8.458807e+01  5.158434e-15 
  439.000  6.621254e+00  8.169996e+01 -2.765556e-15 
  440.000  7.556732e+00  9.139249e+01  7.886668e-15 
  441.000  7.668096e+00  9.091847e+01 -2.747581e-16 
  442.000  8.219284e+00  9.556427e+01  3.374219e-15 
  443.000  8.418665e+00  9.600766e+01  3.172950e-15 
  444.000  8.507510e+00  9.518604e+01  6.328015e-15 
  445.000  9.099157e+00  9.990834e+01 -5.441917e-16 
  446.000  8.231831e+00  8.872913e+01  4.008525e-16 
  447.000  9.547657e+00  1.010092e+02 -1.052734e-14 
  448.000  9.881455e+00  1.025649e+02  8.117755e-15 
  449.000  1.012972e+01  1.031540e+02 -1.295488e-15 
  450.000  1.053507e+01  1.052823e+02  1.173934e-14 
  451.000  1.158138e+01  1.136211e+02  6.158931e-16 
  452.000  1.094591e+01  1.054546e+02 -3.132184e-15 
  453.000  1.032676e+01  9.772430e+01 -1.111126e-14 
  454.000  1.118639e+01  1.040051e+02  5.454297e-15 
  455.000  1.143912e+01  1.045100e+02 -6.593582e-15 
  456.000  1.188922e+01  1.067620e+02 -2.633166e-15 
  457.000  1.213219e+01  1.070869e+02 -1.062135e-15 
  458.000  1.209233e+01  1.049344e+02  1.727990e-15 
  459.000  1.226335e+01  1.046463e+02 -1.025012e-14 
  460.000  1.232867e+01  1.034655e+02 -3.589014e-15 
  461.000  1.295462e+01  1.069381e+02 -9.168152e-15 
  462.000  1.291889e+01  1.049178e+02  4.275577e-15 
  463.000  1.309814e+01  1.046704e+02  2.160879e-16 
  464.000  1.334257e+01  1.049330e+02  8.865217e-16 
  465.000  1.334563e+01  1.033131e+02  4.744984e-15 
  466.000  1.397153e+01  1.064863e+02  2.189834e-16 
  467.000  1.367230e+01  1.026191e+02 -4.201237e-15 
  468.000  1.465843e+01  1.083759e+02  3.225456e-15 
  469.000  1.469708e+01  1.070823e+02  3.190897e-15 
  470.000  1.464925e+01  1.052305e+02  4.625893e-15 
  471.000  1.476467e+01  1.046198e+02 -2.010869e-15 
  472.000  1.507510e+01  1.054105e+02 -4.444316e-15 
  473.000  1.501815e+01  1.036740e+02  2.660154e-15 
  474.000  1.523387e+01  1.038733e+02  1.686837e-15 
  475.000  1.590009e+01  1.072475e+02  1.858522e-15 
  476.000  1.541258e+01  1.029950e+02  7.966971e-15 
  477.000  1.530693e+01  1.012225e+02  4.841060e-15 
  478.000  1.629421e+01  1.060265e+02  3.945306e-15 
  479.000  1.587436e+01  1.013549e+02 -3.830000e-17 
  480.000  1.654239e+01  1.035800e+02 -7.626208e-16 
  481.000  1.676492e+01  1.030768e+02  1.432650e-15 
  482.000  1.742125e+01  1.053068e+02  1.255888e-14 
  483.000  1.771320e+01  1.053814e+02  7.768198e-15 
  484.000  1.726514e+01  1.011954e+02  1.234246e-14 
  485.000  1.760812e+01  1.017452e+02 -8.965394e-16 
  486.000  1.445346e+01  8.237010e+01 -3.031332e-15 
  487.000  1.644688e+01  9.247390e+01 -3.046921e-15 
  488.000  1.807271e+01  1.002771e+02 -1.543603e-16 
  489.000  1.699855e+01  9.308987e+01  4.595991e-15 
  490.000  1.957789e+01  1.058326e+02  8.138238e-17 
  491.000  1.851063e+01  9.878288e+01 -1.854880e-15 
  492.000  1.796474e+01  9.465653e+01 -4.647042e-15 
  493.000  1.953924e+01  1.016580e+02 -5.973807e-15 
  494.000  1.905805e+01  9.792334e+01  8.062577e-15 
  495.000  2.056947e+01  1.043828e+02 -4.062795e-15 
  496.000  2.018880e+01  1.011888e+02  6.027652e-15 
  497.000  1.973520e+01  9.769937e+01 -5.009221e-15 
  498.000  1.941622e+01  9.494730e+01  7.414610e-16 
  499.000  1.951343e+01  9.427080e+01 -1.144480e-15 
  500.000  1.957080e+01  9.341572e+01  7.343181e-15 
  501.000  1.926759e+01  9.087950e+01  2.116657e-15 
  502.000  1.927679e+01  8.985164e+01  5.662633e-15 
  503.000  2.056938e+01  9.475571e+01 -5.920576e-15 
  504.000  1.926941e+01  8.773832e+01  1.588352e-14 
  505.000  2.092335e+01  9.417682e+01  9.222979e-15 
  506.000  2.260885e+01  1.006044e+02 -8.850807e-15 
  507.000  2.123455e+01  9.342108e+01 -2.741243e-15 
  508.000  2.055618e+01  8.941912e+01  5.395118e-16 
  509.000  2.237313e+01  9.623703e+01  6.199056e-16 
  510.000  2.187642e+01  9.306191e+01  4.048338e-15 
  511.000  2.207238e+01  9.286681e+01 -1.126829e-14 
  512.000  2.336293e+01  9.722717e+01 -2.276296e-15 
  513.000  2.156311e+01  8.876608e+01  3.839768e-15 
  514.000  2.128703e+01  8.668893e+01 -1.057700e-16 
  515.000  2.191211e+01  8.828284e+01 -1.753861e-15 
  516.000  2.318370e+01  9.241816e+01  5.742626e-15 
  517.000  1.718519e+01  6.778707e+01 -7.073738e-15 
  518.000  2.140808e+01  8.356600e+01  3.556092e-15 
  519.000  2.040655e+01  7.883376e+01  1.263985e-15 
  520.000  2.260402e+01  8.642629e+01 -7.584639e-15 
  521.000  2.274842e+01  8.609796e+01  3.739589e-15 
  522.000  2.377659e+01  8.909147e+01  4.549899e-15 
  523.000  2.225499e+01  8.258096e+01  9.541614e-15 
  524.000  2.426188e+01  8.915681e+01  4.371812e-15 
  525.000  2.417641e+01  8.799777e+01 -2.074453e-15 
  526.000  2.315415e+01  8.346404e+01  5.646804e-15 
  527.000  2.031000e+01  7.251738e+01 -1.449077e-15 
  528.000  2.448568e+01  8.660416e+01  6.439108e-15 
  529.000  2.527669e+01  8.856509e+01 -7.609097e-15 
  530.000  2.397649e+01  8.322465e+01 -1.617733e-15 
  531.000  2.619989e+01  9.009654e+01 -7.861894e-17 
  532.000  2.510327e+01  8.551433e+01 -1.499527e-16 
  533.000  2.218589e+01  7.485927e+01 -5.238056e-15 
  534.000  2.429927e+01  8.118232e+01 -6.765228e-16 
  535.000  2.498575e+01  8.263710e+01 -3.551503e-15 
  536.000  2.671452e+01  8.747740e+01 -7.694539e-16 
  537.000  2.496257e+01  8.094697e+01  4.450241e-15 
  538.000  2.630533e+01  8.449414e+01  1.377863e-14 
  539.000  2.638634e+01  8.396407e+01  7.454836e-17 
  540.000  2.598163e+01  8.191656e+01 -1.778176e-15 
  541.000  2.396899e+01  7.488288e+01  2.891296e-15 
  542.000  2.689531e+01  8.326770e+01 -7.764795e-16 
  543.000  2.587537e+01  7.939551e+01  4.143299e-15 
  544.000  2.743715e+01  8.344502e+01 -7.875299e-15 
  545.000  2.716267e+01  8.188661e+01  4.226862e-15 
  546.000  2.668831e+01  7.975729e+01 -4.347703e-15 
  547.000  2.795927e+01  8.283187e+01  3.517392e-15 
  548.000  2.606736e+01  7.656293e+01 -4.929500e-15 
  549.000  2.756594e+01  8.027138e+01  7.561136e-15 
  550.000  2.708087e+01  7.818950e+01  7.250327e-15 
  551.000  2.702069e+01  7.736258e+01 -5.572433e-15 
  552.000  2.830101e+01  8.035174e+01  5.406577e-15 
  553.000  2.729879e+01  7.686812e+01  4.873632e-15 
  554.000  2.829875e+01  7.903248e+01  4.152505e-15 
  555.000  2.848575e+01  7.890889e+01 -1.419084e-14 
  556.000  2.779972e+01  7.638828e+01  4.267195e-15 
  557.000  2.705991e+01  7.376633e+01 -5.920447e-16 
  558.000  2.817328e+01  7.619824e+01 -1.206884e-14 
  559.000  2.670663e+01  7.167155e+01 -1.434716e-15 
  560.000  2.689060e+01  7.161884e+01  9.610489e-16 
  561.000  2.961655e+01  7.829482e+01  7.700275e-15 
  562.000  2.713746e+01  7.132993e+01 -1.836685e-15 
  563.000  2.842862e+01  7.420329e+01  5.079856e-15 
  564.000  2.803328e+01  7.269676e+01  6.085566e-15 
  565.000  2.829735e+01  7.298499e+01  1.457439e-16 
  566.000  2.611704e+01  6.689658e+01  5.217309e-15 
  567.000  2.784114e+01  7.101879e+01  6.215773e-15 
  568.000  2.700310e+01  6.926409e+01 -4.422954e-15 
  569.000  2.461407e+01  6.490819e+01  3.441048e-16 
  570.000  2.501165e+01  6.527550e+01 -1.494695e-15 
  571.000  2.549587e+01  6.437386e+01  6.781190e-15 
  572.000  2.557083e+01  6.585039e+01 -1.903405e-15 
  573.000  2.615462e+01  6.660989e+01 -6.428051e-16 
  574.000  2.611792e+01  6.600414e+01  9.308484e-16 
  575.000  2.543793e+01  6.397021e+01 -6.477916e-16 
  576.000  2.505061e+01  6.262097e+01 -3.593155e-16 
  577.000  2.676834e+01  6.564347e+01  4.405812e-15 
  578.000  2.660123e+01  6.430604e+01 -1.833939e-15 
  579.000  2.697129e+01  6.436105e+01 -3.495127e-15 
  580.000  2.850520e+01  6.718730e+01 -4.326854e-16 
  581.000  2.881576e+01  6.689323e+01 -1.626654e-15 
  582.000  2.985016e+01  6.848731e+01  3.934076e-16 
  583.000  3.047348e+01  6.928958e+01 -1.086387e-16 
  584.000  3.072210e+01  6.928145e+01 -5.023274e-16 
  585.000  3.083411e+01  6.900261e+01 -7.160849e-17 
  586.000  2.975936e+01  6.612270e+01 -1.090926e-15 
  587.000  3.026070e+01  6.784235e+01  2.086291e-15 
  588.000  2.744079e+01  6.335923e+01  4.612393e-15 
  589.000  2.113774e+01  5.111872e+01  8.232891e-16 
  590.000  2.196735e+01  5.296961e+01  1.913483e-15 
  591.000  2.585786e+01  5.972924e+01 -3.222410e-15 
  592.000  2.420017e+01  5.657582e+01  2.458655e-15 
  593.000  2.744305e+01  6.128952e+01  1.811359e-15 
  594.000  2.713269e+01  6.072983e+01  2.808884e-15 
  595.000  2.472506e+01  5.652410e+01 -6.342057e-16 
  596.000  2.839943e+01  6.199361e+01 -1.700146e-15 
  597.000  2.788789e+01  6.093334e+01  1.657474e-15 
  598.000  2.865820e+01  6.119457e+01  3.027425e-15 
  599.000  2.928774e+01  6.166568e+01  1.003072e-16 
  600.000  3.058200e+01  6.295184e+01 -1.795370e-16 
  601.000  3.154165e+01  6.337836e+01  2.917984e-15 
  602.000  3.153045e+01  6.270255e+01  1.006645e-15 
  603.000  3.212523e+01  6.327244e+01  3.507056e-15 
  604.000  3.360995e+01  6.562247e+01  1.945068e-15 
  605.000  3.391730e+01  6.570660e+01  7.823369e-15 
  606.000  3.380216e+01  6.504932e+01 -3.692199e-15 
  607.000  3.387964e+01  6.477505e+01 -6.458111e-15 
  608.000  3.399437e+01  6.459731e+01  1.083601e-15 
  609.000  3.387088e+01  6.397902e+01  1.406049e-15 
  610.000  3.355136e+01  6.300355e+01 -3.687518e-15 
  611.000  3.433220e+01  6.409971e+01 -2.407890e-15 
  612.000  3.411429e+01  6.333187e+01 -8.181543e-15 
  613.000  3.383462e+01  6.246299e+01  9.748272e-16 
  614.000  3.281762e+01  6.025381e+01  1.314325e-15 
  615.000  3.460434e+01  6.318792e+01  7.014437e-15 
  616.000  3.309835e+01  6.011500e+01 -8.846199e-15 
  617.000  3.347028e+01  6.047467e+01 -6.293774e-17 
  618.000  3.521667e+01  6.330853e+01  1.769359e-15 
  619.000  3.503439e+01  6.267590e+01  2.661607e-15 
  620.000  3.568219e+01  6.353354e+01  2.766474e-15 
  621.000  3.640569e+01  6.453046e+01 -6.685084e-16 
  622.000  3.456686e+01  6.100914e+01  1.840268e-15 
  623.000  3.488202e+01  6.132475e+01  5.628030e-15 
  624.000  3.496940e+01  6.123586e+01  3.905998e-15 
  625.000  3.405598e+01  5.940995e+01 -6.259073e-17 
  626.000  3.401007e+01  5.926335e+01  1.065411e-15 
  627.000  3.334003e+01  5.891343e+01  9.542016e-16 
  628.000  3.047878e+01  5.485599e+01  7.406818e-16 
  629.000  3.247329e+01  5.769576e+01 -1.481800e-15 
  630.000  3.252649e+01  5.681799e+01  5.120288e-15 
  631.000  3.440454e+01  5.952031e+01  2.581827e-15 
  632.000  3.135766e+01  5.460218e+01 -7.291469e-16 
  633.000  3.523004e+01  6.014478e+01 -2.905840e-15 
  634.000  3.512017e+01  5.900347e+01 -5.311674e-15 
  635.000  3.613710e+01  6.037624e+01  2.605193e-15 
  636.000  3.548148e+01  5.877740e+01 -5.997116e-15 
  637.000  3.719350e+01  6.115542e+01  0.000000e+00 
  638.000  3.875188e+01  6.296305e+01  8.949835e-16 
  639.000  3.880674e+01  6.269085e+01 -8.230667e-16 
  640.000  3.825314e+01  6.126660e+01 -1.837729e-15 
  641.000  3.917157e+01  6.239159e+01  6.020250e-15 
  642.000  3.921383e+01  6.199714e+01  7.958222e-16 
  643.000  3.971047e+01  6.273535e+01 -3.617501e-15 
  644.000  3.950231e+01  6.210038e+01 -5.237035e-15 
  645.000  3.918548e+01  6.205597e+01  3.459288e-15 
  646.000  3.511158e+01  5.686470e+01 -7.959716e-16 
  647.000  3.388838e+01  5.559171e+01  1.969207e-15 
  648.000  3.201882e+01  5.330026e+01 -3.082588e-15 
  649.000  3.454927e+01  5.630660e+01  2.990013e-15 
  650.000  3.552652e+01  5.580227e+01 -1.736868e-15 
  651.000  3.844451e+01  6.010983e+01 -2.725694e-15 
  652.000  3.472829e+01  5.558372e+01 -2.414156e-16 
  653.000  3.932805e+01  6.065656e+01  6.923188e-16 
  654.000  3.858358e+01  5.945314e+01  2.465540e-15 
  655.000  3.638881e+01  5.649362e+01  2.415106e-15 
  656.000  3.143260e+01  4.837828e+01  2.655261e-15 
  657.000  3.437826e+01  5.232443e+01  1.192243e-16 
  658.000  3.979754e+01  5.959602e+01  9.067810e-15 
  659.000  4.087005e+01  6.050244e+01 -4.750910e-15 
  660.000  4.173700e+01  6.132122e+01  2.875586e-15 
  661.000  4.337880e+01  6.254973e+01  9.012552e-16 
  662.000  4.468662e+01  6.390521e+01  5.354759e-15 
  663.000  4.425843e+01  6.308146e+01 -1.209299e-16 
  664.000  4.395168e+01  6.227790e+01  8.281327e-16 
  665.000  4.444506e+01  6.265086e+01  5.758574e-15 
  666.000  4.536868e+01  6.359093e+01 -2.521468e-15 
  667.000  4.479638e+01  6.246723e+01  1.059640e-15 
  668.000  4.551160e+01  6.308210e+01 -5.790454e-15 
  669.000  4.650855e+01  6.412738e+01 -1.677222e-15 
  670.000  4.623335e+01  6.344545e+01 -1.775251e-15 
  671.000  4.604890e+01  6.288108e+01  1.170071e-14 
  672.000  4.615358e+01  6.273935e+01  4.196795e-15 
  673.000  4.673423e+01  6.324626e+01  1.583835e-15 
  674.000  4.707335e+01  6.342425e+01  6.699200e-15 
  675.000  4.660129e+01  6.251147e+01 -7.403629e-15 
  676.000  4.771827e+01  6.373290e+01 -4.123249e-15 
  677.000  4.699370e+01  6.249305e+01 -4.213780e-15 
  678.000  4.800154e+01  6.355673e+01 -6.744924e-15 
  679.000  4.748326e+01  6.262991e+01  5.780382e-15 
  680.000  4.706391e+01  6.192445e+01  8.029861e-16 
  681.000  4.717079e+01  6.186318e+01  1.731752e-16 
  682.000  4.719342e+01  6.166845e+01 -4.068182e-15 
  683.000  4.764038e+01  6.203261e+01  1.556940e-15 
  684.000  4.667744e+01  6.066736e+01 -1.071145e-14 
  685.000  4.763222e+01  6.155798e+01 -8.130658e-15 
  686.000  4.516172e+01  5.829213e+01  2.417600e-15 
  687.000  2.849027e+01  4.038461e+01  3.442256e-15 
  688.000  3.338334e+01  4.558019e+01  3.997155e-16 
  689.000  3.198289e+01  4.394855e+01  1.258912e-15 
  690.000  3.491339e+01  4.704913e+01  4.620267e-15 
  691.000  3.836640e+01  5.082901e+01  2.552936e-15 
  692.000  3.923376e+01  5.182344e+01 -1.756416e-15 
  693.000  3.529375e+01  4.807334e+01 -1.320363e-15 
  694.000  3.182425e+01  4.479136e+01  1.825192e-15 
  695.000  3.350366e+01  4.610966e+01 -2.794078e-16 
  696.000  3.546238e+01  4.804976e+01  8.924876e-17 
  697.000  4.322314e+01  5.543715e+01  2.446173e-15 
  698.000  4.082757e+01  5.277724e+01 -2.003382e-15 
  699.000  3.490571e+01  4.707728e+01 -1.564956e-15 
  700.000  3.553569e+01  4.740628e+01  4.860276e-16 
  701.000  3.345142e+01  4.495681e+01 -1.888537e-15 
  702.000  3.435128e+01  4.561947e+01  4.162581e-16 
  703.000  4.046829e+01  5.155678e+01  1.016150e-16 
  704.000  4.096342e+01  5.189256e+01 -2.095097e-15 
  705.000  3.897738e+01  4.992548e+01 -2.138513e-15 
  706.000  3.912527e+01  4.977077e+01  1.215470e-15 
  707.000  3.947570e+01  4.975459e+01  3.995479e-17 
  708.000  4.168777e+01  5.203052e+01 -2.939831e-15 
  709.000  4.224760e+01  5.187803e+01  7.854502e-15 
  710.000  4.118372e+01  5.106289e+01  1.384094e-15 
  711.000  4.300195e+01  5.241431e+01  4.063554e-15 
  712.000  4.434955e+01  5.321700e+01 -2.055117e-15 
  713.000  4.269242e+01  5.157952e+01  1.961957e-15 
  714.000  4.289115e+01  5.185503e+01  3.968359e-15 
  715.000  3.896023e+01  4.773929e+01 -1.766681e-15 
  716.000  3.727964e+01  4.643432e+01 -1.304465e-15 
  717.000  2.406863e+01  3.389352e+01  3.174490e-16 
  718.000  1.819924e+01  2.797073e+01  6.101890e-16 
  719.000  1.619533e+01  2.571054e+01  7.584832e-16 
  720.000  1.419653e+01  2.346129e+01 -6.513197e-16 
  721.000  2.658072e+01  3.579771e+01 -4.391309e-16 
  722.000  3.331023e+01  4.193460e+01 -3.194398e-16 
  723.000  2.966233e+01  3.850433e+01  4.106896e-16 
  724.000  2.118283e+01  3.057920e+01 -5.661827e-16 
  725.000  2.199775e+01  3.119739e+01  7.174258e-16 
  726.000  2.168768e+01  3.077515e+01  1.726102e-15 
  727.000  2.320687e+01  3.227304e+01 -3.455253e-16 
  728.000  2.171805e+01  3.056952e+01  3.004860e-16 
  729.000  2.392078e+01  3.212816e+01 -8.078416e-17 
  730.000  2.443834e+01  3.285197e+01  1.766236e-16 
  731.000  2.358363e+01  3.176692e+01 -4.479589e-16 
  732.000  3.000102e+01  3.758181e+01 -1.872761e-15 
  733.000  3.644888e+01  4.283588e+01 -2.124702e-16 
  734.000  4.122012e+01  4.706875e+01  1.972124e-15 
  735.000  3.970023e+01  4.549336e+01 -1.345173e-16 
  736.000  3.670133e+01  4.253188e+01  2.165105e-15 
  737.000  3.909715e+01  4.460963e+01  1.814602e-15 
  738.000  4.170560e+01  4.668279e+01 -1.341340e-15 
  739.000  4.160776e+01  4.607619e+01 -1.634255e-15 
  740.000  4.476859e+01  4.859423e+01 -1.460828e-15 
  741.000  4.610035e+01  4.936588e+01 -2.497908e-15 
  742.000  4.611349e+01  4.899564e+01 -1.654529e-15 
  743.000  4.908800e+01  5.149229e+01  2.193484e-16 
  744.000  5.049779e+01  5.234063e+01 -5.789130e-15 
  745.000  4.979298e+01  5.127951e+01 -2.818729e-15 
  746.000  5.099803e+01  5.222435e+01  2.659474e-15 
  747.000  5.198555e+01  5.304087e+01  6.503935e-15 
  748.000  5.145329e+01  5.224170e+01  6.872330e-15 
  749.000  5.173685e+01  5.232404e+01  4.810939e-15 
  750.000  5.089246e+01  5.135471e+01 -6.772199e-16 
  751.000  5.090067e+01  5.119276e+01 -5.597311e-15 
  752.000  5.217093e+01  5.221357e+01 -1.243877e-14 
  753.000  5.196945e+01  5.179456e+01 -9.119492e-15 
  754.000  5.301280e+01  5.263496e+01  2.659163e-15 
  755.000  5.285060e+01  5.230265e+01 -1.371048e-15 
  756.000  5.196331e+01  5.125478e+01 -1.104213e-14 
  757.000  5.245890e+01  5.158017e+01 -2.610444e-15 
  758.000  5.206528e+01  5.108022e+01 -2.029721e-15 
  759.000  3.971575e+01  4.073799e+01  6.376180e-16 
  760.000  2.441785e+00  4.906608e+00 -1.823827e-17 
  761.000  1.617308e+00  3.752517e+00  9.860853e-18 
  762.000  1.187641e+01  1.511615e+01  1.188112e-17 
  763.000  7.279961e+00  1.043763e+01 -9.027311e-17 
  764.000  9.535193e+00  1.275640e+01 -6.763443e-17 
  765.000  1.653434e+01  1.965483e+01  6.154892e-16 
  766.000  2.766853e+01  2.936209e+01  1.240883e-15 
  767.000  3.611308e+01  3.651972e+01  2.321586e-15 
  768.000  4.401116e+01  4.328994e+01 -7.576690e-16 
  769.000  4.842219e+01  4.666858e+01  4.969425e-15 
  770.000  5.080356e+01  4.845941e+01  2.780265e-15 
  771.000  5.220761e+01  4.922065e+01 -1.304523e-15 
  772.000  5.237505e+01  4.918676e+01 -2.041554e-15 
  773.000  5.234947e+01  4.900190e+01 -6.466416e-15 
  774.000  5.313843e+01  4.959249e+01 -1.306526e-15 
  775.000  5.137362e+01  4.778584e+01  5.657107e-15 
  776.000  5.371815e+01  4.979118e+01 -2.805313e-15 
  777.000  5.342005e+01  4.937717e+01  2.042684e-15 
  778.000  5.313302e+01  4.899396e+01  1.385493e-15 
  779.000  5.330537e+01  4.903391e+01  0.000000e+00 
  780.000  5.272897e+01  4.835300e+01  1.372994e-15 
  781.000  5.291028e+01  4.833851e+01  2.832773e-15 
  782.000  5.353761e+01  4.879648e+01  1.387111e-15 
  783.000  5.236427e+01  4.758174e+01  3.973621e-15 
  784.000  5.258676e+01  4.767760e+01  7.719436e-15 
  785.000  5.221464e+01  4.735342e+01 -7.382239e-15 
  786.000  5.036095e+01  4.597861e+01 -3.469829e-15 
  787.000  4.912840e+01  4.527139e+01 -1.791420e-16 
  788.000  4.739284e+01  4.383029e+01  1.686214e-15 
  789.000  4.414265e+01  4.156920e+01  1.298150e-15 
  790.000  4.342699e+01  4.085897e+01 -6.642590e-16 
  791.000  4.389716e+01  4.103717e+01 -7.798430e-16 
  792.000  4.386973e+01  4.074902e+01  7.933891e-16 
  793.000  4.531860e+01  4.162041e+01 -7.709068e-16 
  794.000  4.797829e+01  4.313180e+01  2.882815e-15 
  795.000  4.589365e+01  4.162004e+01 -1.932134e-15 
  796.000  4.188364e+01  3.895298e+01 -1.674138e-15 
  797.000  4.355207e+01  4.009260e+01  2.137368e-15 
  798.000  4.674990e+01  4.215550e+01 -5.160744e-16 
  799.000  4.605645e+01  4.158898e+01  1.669787e-15 
  800.000  4.270508e+01  3.895758e+01 -1.497017e-15 
  801.000  4.381448e+01  3.980200e+01  8.077604e-16 
  802.000  4.356214e+01  3.951376e+01  1.413569e-15 
  803.000  4.332079e+01  3.911349e+01 -3.108051e-15 
  804.000  4.484689e+01  4.013155e+01 -9.207408e-16 
  805.000  4.569915e+01  4.029531e+01  8.494374e-16 
  806.000  4.827952e+01  4.213868e+01  3.428238e-15 
  807.000  4.811171e+01  4.186562e+01  3.303591e-15 
  808.000  4.714742e+01  4.109429e+01 -2.062261e-15 
  809.000  4.551841e+01  3.978107e+01  9.433685e-16 
  810.000  4.437853e+01  3.891529e+01 -2.422166e-15 
  811.000  4.315841e+01  3.818471e+01 -2.596405e-15 
  812.000  4.045103e+01  3.623285e+01 -2.271026e-15 
  813.000  3.732280e+01  3.393076e+01 -7.681551e-16 
  814.000  3.365887e+01  3.130903e+01  5.199082e-16 
  815.000  2.918861e+01  2.812271e+01 -4.439901e-16 
  816.000  2.458810e+01  2.478816e+01  2.610787e-16 
  817.000  2.486052e+01  2.498386e+01  2.890923e-16 
  818.000  2.504722e+01  2.501484e+01  9.277823e-16 
  819.000  2.584970e+01  2.530366e+01  1.292257e-15 
  820.000  3.034663e+01  2.815931e+01 -6.172884e-16 
  821.000  3.814933e+01  3.375073e+01 -1.689737e-15 
  822.000  3.202041e+01  2.919664e+01  1.467228e-16 
  823.000  2.121928e+01  2.175091e+01  9.951447e-17 
  824.000  3.100124e+01  2.857578e+01 -3.948157e-16 
  825.000  3.881866e+01  3.385371e+01  1.450611e-15 
  826.000  3.787952e+01  3.313131e+01 -1.570649e-15 
  827.000  3.675087e+01  3.225024e+01  1.444263e-15 
  828.000  3.165724e+01  2.872246e+01 -4.533911e-16 
  829.000  3.340142e+01  2.981467e+01  2.484230e-15 
  830.000  3.496782e+01  3.067852e+01 -2.551127e-15 
  831.000  3.494194e+01  3.045828e+01  1.476169e-15 
  832.000  3.608891e+01  3.127388e+01  1.312790e-16 
  833.000  3.629525e+01  3.111853e+01 -6.753519e-16 
  834.000  3.848221e+01  3.260077e+01  9.183513e-16 
  835.000  4.185272e+01  3.471887e+01  9.418823e-16 
  836.000  4.140885e+01  3.444259e+01 -1.176101e-15 
  837.000  4.108669e+01  3.408207e+01 -9.068291e-16 
  838.000  4.288510e+01  3.516879e+01  7.840875e-17 
  839.000  4.258387e+01  3.462936e+01 -1.340676e-15 
  840.000  4.414409e+01  3.573210e+01 -9.285272e-16 
  841.000  4.327506e+01  3.514676e+01 -1.275082e-15 
  842.000  4.401487e+01  3.546228e+01  4.388150e-15 
  843.000  4.605396e+01  3.651883e+01  2.503400e-15 
  844.000  4.641479e+01  3.647757e+01  1.482889e-15 
  845.000  4.768316e+01  3.727068e+01  1.482997e-15 
  846.000  4.870490e+01  3.785654e+01  2.794387e-16 
  847.000  4.764888e+01  3.682007e+01 -1.640510e-15 
  848.000  4.814557e+01  3.732565e+01  1.985645e-15 
  849.000  4.840075e+01  3.740969e+01 -1.496468e-15 
  850.000  4.147995e+01  3.207486e+01 -9.608887e-16 
  851.000  4.701896e+01  3.639123e+01  1.876477e-15 
  852.000  4.533739e+01  3.499552e+01 -2.202854e-15 
  853.000  4.680380e+01  3.584712e+01  2.998579e-15 
  854.000  3.764302e+01  2.876816e+01 -1.951631e-15 
  855.000  4.188916e+01  3.184919e+01 -8.208758e-16 
  856.000  4.865287e+01  3.655111e+01  5.396341e-15 
  857.000  4.987909e+01  3.729467e+01  2.160298e-15 
  858.000  4.930837e+01  3.673999e+01  2.958457e-15 
  859.000  4.978802e+01  3.692081e+01 -6.215312e-15 
  860.000  4.966390e+01  3.669506e+01  2.253543e-15 
  861.000  4.976030e+01  3.667228e+01 -3.228756e-15 
  862.000  4.974954e+01  3.657080e+01 -1.503929e-16 
  863.000  5.077208e+01  3.723350e+01  2.287977e-15 
  864.000  5.090834e+01  3.721027e+01  8.596622e-15 
  865.000  5.015711e+01  3.654811e+01  2.250870e-16 
  866.000  4.213548e+01  3.062944e+01  1.258664e-16 
  867.000  4.487063e+01  3.255323e+01 -5.002486e-15 
  868.000  4.871919e+01  3.526461e+01 -2.097444e-15 
  869.000  4.811865e+01  3.474492e+01  1.433271e-16 
  870.000  5.009405e+01  3.610242e+01 -2.228021e-15 
  871.000  5.010647e+01  3.602415e+01  3.113650e-15 
  872.000  5.006330e+01  3.589141e+01 -1.918784e-15 
  873.000  5.016694e+01  3.591515e+01 -3.039199e-15 
  874.000  4.902979e+01  3.504045e+01  7.398341e-15 
  875.000  4.859217e+01  3.465790e+01  4.957552e-15 
  876.000  4.901049e+01  3.487302e+01 -1.014576e-15 
  877.000  5.003408e+01  3.552302e+01  8.651130e-15 
  878.000  4.890224e+01  3.469989e+01 -4.291077e-15 
  879.000  4.911073e+01  3.476822e+01 -1.020370e-15 
  880.000  4.858338e+01  3.437094e+01 -8.693735e-16 
  881.000  4.602419e+01  3.251101e+01  1.994579e-15 
  882.000  4.846571e+01  3.418832e+01 -2.975845e-15 
  883.000  4.754154e+01  3.343848e+01  0.000000e+00 
  884.000  4.804268e+01  3.370844e+01 -2.074012e-15 
  885.000  4.811181e+01  3.378181e+01 -1.454183e-16 
  886.000  4.587058e+01  3.238876e+01  1.628977e-15 
  887.000  4.597475e+01  3.217577e+01 -2.909846e-15 
  888.000  4.734979e+01  3.307636e+01  1.070817e-15 
  889.000  4.782767e+01  3.332009e+01  2.082961e-15 
  890.000  4.721482e+01  3.303501e+01 -4.544635e-16 
  891.000  4.611914e+01  3.237875e+01  1.272781e-15 
  892.000  4.412689e+01  3.127956e+01  1.931948e-16 
  893.000  3.744276e+01  2.735106e+01  1.741307e-15 
  894.000  3.612583e+01  2.675935e+01  7.784177e-16 
  895.000  2.815019e+01  2.175017e+01 -3.152252e-16 
  896.000  2.401420e+01  1.954565e+01  2.099541e-20 
  897.000  1.879984e+01  1.628621e+01  5.695642e-16 
  898.000  1.691895e+01  1.509736e+01 -9.858031e-16 
  899.000  1.278100e+01  1.230466e+01 -1.775702e-17 
  900.000  1.288641e+01  1.228327e+01 -1.274917e-16 
  901.000  1.176651e+01  1.140380e+01  1.196202e-16 
  902.000  1.186252e+01  1.136397e+01  3.629134e-16 
  903.000  1.981692e+01  1.668056e+01 -2.870070e-16 
  904.000  2.626572e+01  2.050788e+01 -1.035613e-16 
  905.000  2.616834e+01  2.037777e+01  1.074569e-16 
  906.000  2.167322e+01  1.759032e+01 -3.327491e-16 
  907.000  1.633664e+01  1.436907e+01  9.495331e-16 
  908.000  1.291618e+01  1.200125e+01  2.269453e-16 
  909.000  1.274996e+01  1.182058e+01  5.691918e-18 
  910.000  1.329686e+01  1.220686e+01 -1.030038e-15 
  911.000  1.518538e+01  1.341301e+01 -1.150555e-15 
  912.000  1.429523e+01  1.281343e+01 -1.113415e-16 
  913.000  1.101098e+01  1.063443e+01 -7.882635e-17 
  914.000  1.265778e+01  1.172056e+01 -2.320983e-16 
  915.000  1.398521e+01  1.251121e+01  3.180629e-16 
  916.000  1.468347e+01  1.297021e+01 -4.952924e-17 
  917.000  1.547032e+01  1.337694e+01 -1.038768e-15 
  918.000  1.674330e+01  1.411275e+01  1.285773e-16 
  919.000  2.200813e+01  1.724564e+01  4.523646e-16 
  920.000  2.650371e+01  1.966591e+01  7.366959e-16 
  921.000  2.505664e+01  1.870702e+01 -6.123367e-17 
  922.000  2.481448e+01  1.849110e+01  5.731493e-16 
  923.000  2.259348e+01  1.703128e+01  1.188479e-16 
  924.000  2.073470e+01  1.614534e+01 -1.666980e-16 
  925.000  2.055374e+01  1.609473e+01 -8.578337e-16 
  926.000  1.914778e+01  1.516829e+01  1.441167e-16 
  927.000  1.654643e+01  1.381335e+01 -1.034312e-15 
  928.000  1.246060e+01  1.133304e+01 -7.683816e-18 
  929.000  7.934721e+00  8.271031e+00 -5.698912e-17 
  930.000  4.403360e+00  5.667983e+00 -1.671320e-19 
  931.000  2.181935e+00  3.789523e+00  1.414498e-17 
  932.000  6.732821e-01  2.143428e+00  1.411093e-18 
  933.000  2.871896e-01  1.506477e+00 -2.072399e-17 
  934.000  1.143150e-01  1.070804e+00 -8.515708e-19 
  935.000  9.684397e-02  1.003826e+00  8.591131e-19 
  936.000  1.314341e-01  1.109908e+00 -7.955310e-18 
  937.000  1.308559e-01  1.117011e+00 -9.512233e-18 
  938.000  3.757130e-01  1.636184e+00 -8.659046e-19 
  939.000  2.794139e+00  4.427889e+00 -1.380800e-17 
  940.000  3.671265e+00  5.192959e+00  3.835567e-20 
  941.000  2.986299e+00  4.498840e+00  1.256413e-17 
  942.000  1.689208e+00  3.175829e+00  7.916630e-20 
  943.000  6.494378e-01  2.019258e+00 -1.814479e-18 
  944.000  5.693062e-01  1.874465e+00 -4.266019e-17 
  945.000  8.183184e-01  2.230267e+00  8.091007e-18 
  946.000  8.739593e-01  2.306307e+00 -1.784774e-18 
  947.000  1.269078e+00  2.747585e+00  6.817988e-18 
  948.000  1.571638e+00  3.067430e+00 -1.684193e-17 
  949.000  1.596547e+00  3.079639e+00  3.631814e-18 
  950.000  1.688749e+00  3.152143e+00  7.180988e-18 
  951.000  2.529121e+00  3.923717e+00  6.268258e-18 
  952.000  1.747723e+00  3.166545e+00  4.602431e-17 
  953.000  2.425577e+00  3.773087e+00 -1.985433e-17 
  954.000  3.386423e+00  4.544795e+00 -1.241391e-17 
  955.000  2.593623e+00  3.743383e+00 -6.768624e-18 
  956.000  2.807042e+00  3.987685e+00  7.084665e-18 
  957.000  6.039960e+00  6.406923e+00  5.197537e-17 
  958.000  6.910475e+00  6.985403e+00  4.857875e-17 
  959.000  6.390645e+00  6.583624e+00  1.074234e-16 
  960.000  6.278466e+00  6.448995e+00 -1.003652e-16 
  961.000  5.980778e+00  6.190855e+00  7.676116e-17 
  962.000  6.459321e+00  6.499959e+00  2.461487e-17 
  963.000  9.479923e+00  8.463352e+00  3.100731e-16 
  964.000  1.002108e+01  8.744932e+00  5.780444e-19 
  965.000  9.978269e+00  8.704412e+00  1.300438e-16 
  966.000  1.006199e+01  8.645762e+00  2.793437e-16 
  967.000  1.353383e+01  1.079175e+01 -4.706741e-17 
  968.000  2.032911e+01  1.446376e+01  3.644749e-16 
  969.000  2.461725e+01  1.664486e+01  3.022973e-16 
  970.000  2.509587e+01  1.685654e+01  4.970415e-16 
  971.000  2.483800e+01  1.665680e+01 -5.002444e-16 
  972.000  2.380526e+01  1.613959e+01  2.143887e-16 
  973.000  2.103128e+01  1.466590e+01  2.466445e-16 
  974.000  1.800909e+01  1.300221e+01 -4.996450e-16 
  975.000  1.653757e+01  1.219987e+01 -5.154719e-16 
  976.000  1.874902e+01  1.340640e+01 -6.102338e-16 
  977.000  2.195678e+01  1.494013e+01 -1.354932e-17 
  978.000  2.233220e+01  1.518788e+01  1.121838e-17 
  979.000  2.289819e+01  1.531786e+01  4.001387e-16 
  980.000  2.791095e+01  1.782961e+01 -1.012738e-15 
  981.000  2.938459e+01  1.855566e+01 -1.118750e-15 
  982.000  2.838936e+01  1.799603e+01 -9.373902e-16 
  983.000  3.115749e+01  1.933922e+01 -2.246517e-16 
  984.000  3.408816e+01  2.074612e+01  6.103551e-16 
  985.000  3.601349e+01  2.163179e+01 -4.396208e-16 
  986.000  3.828264e+01  2.260286e+01 -4.844931e-18 
  987.000  3.995509e+01  2.337441e+01 -1.659465e-15 
  988.000  3.982206e+01  2.320513e+01  8.223975e-16 
  989.000  3.956244e+01  2.297994e+01  1.354493e-15 
  990.000  4.023435e+01  2.328496e+01  3.620718e-16 
  991.000  4.159711e+01  2.388920e+01 -1.182847e-15 
  992.000  4.153370e+01  2.376997e+01  2.386517e-16 
  993.000  4.167783e+01  2.379435e+01 -9.344654e-16 
  994.000  4.283672e+01  2.420382e+01 -2.522028e-15 
  995.000  4.316174e+01  2.426161e+01  4.095607e-15 
  996.000  4.317796e+01  2.422942e+01 -3.355832e-15 
  997.000  4.288806e+01  2.407702e+01  3.188121e-15 
  998.000  4.227391e+01  2.383506e+01  3.315686e-16 
  999.000  4.202777e+01  2.367927e+01  1.436034e-15 
 1000.000  4.184636e+01  2.352007e+01  2.089717e-15 
 1001.000  4.117907e+01  2.323122e+01  7.363755e-16 
 1002.000  3.969860e+01  2.255001e+01 -1.639073e-16 
 1003.000  3.959694e+01  2.240923e+01 -9.766693e-16 
 1004.000  4.010701e+01  2.254907e+01  9.451411e-16 
 1005.000  3.783683e+01  2.118922e+01 -8.861886e-16 
 1006.000  3.995891e+01  2.232463e+01 -4.792391e-16 
 1007.000  4.043259e+01  2.258941e+01  5.133406e-16 
 1008.000  3.946615e+01  2.216523e+01 -1.483837e-15 
 1009.000  3.773722e+01  2.135088e+01 -4.024045e-17 
 1010.000  3.857656e+01  2.170170e+01 -5.621122e-16 
 1011.000  4.002098e+01  2.225823e+01 -1.504808e-15 
 1012.000  4.069794e+01  2.251096e+01 -1.135231e-15 
 1013.000  4.093120e+01  2.253363e+01  8.009017e-16 
 1014.000  4.143866e+01  2.274511e+01 -5.959785e-16 
 1015.000  4.073999e+01  2.231844e+01  4.187691e-15 
 1016.000  4.125229e+01  2.253092e+01  1.340211e-16 
 1017.000  4.101844e+01  2.227269e+01 -1.615778e-15 
 1018.000  4.127164e+01  2.248787e+01  1.489584e-15 
 1019.000  3.979061e+01  2.171997e+01 -1.193938e-16 
 1020.000  3.992124e+01  2.172981e+01 -1.096745e-15 
 1021.000  4.074340e+01  2.208701e+01  5.415431e-16 
 1022.000  3.947485e+01  2.145409e+01  1.019859e-15 
 1023.000  3.968406e+01  2.160727e+01 -4.922544e-17 
 1024.000  3.916322e+01  2.133304e+01 -1.337532e-16 
 1025.000  4.020320e+01  2.172571e+01 -1.355750e-15 
 1026.000  4.073075e+01  2.191311e+01 -1.675956e-15 
 1027.000  4.031384e+01  2.167876e+01  7.960599e-16 
 1028.000  4.058984e+01  2.176984e+01 -5.379392e-16 
 1029.000  4.047816e+01  2.154035e+01 -1.580569e-15 
 1030.000  4.131610e+01  2.189593e+01  1.068913e-16 
 1031.000  4.140726e+01  2.188160e+01 -1.065253e-16 
 1032.000  4.143605e+01  2.184181e+01  5.173831e-15 
 1033.000  4.074794e+01  2.143895e+01  2.384855e-15 
 1034.000  4.122012e+01  2.164939e+01 -1.466161e-15 
 1035.000  4.083361e+01  2.141045e+01  7.252568e-16 
 1036.000  4.136689e+01  2.165391e+01  2.886344e-15 
 1037.000  4.052892e+01  2.118030e+01 -1.593594e-15 
 1038.000  4.102086e+01  2.139480e+01 -2.231312e-15 
 1039.000  4.108211e+01  2.140927e+01 -3.127455e-15 
 1040.000  4.052327e+01  2.109553e+01  5.202151e-15 
 1041.000  4.067830e+01  2.115277e+01  6.728414e-16 
 1042.000  4.079722e+01  2.118412e+01  5.141548e-15 
 1043.000  4.011965e+01  2.079829e+01  7.145107e-16 
 1044.000  4.047772e+01  2.095738e+01  2.320498e-15 
 1045.000  4.010510e+01  2.075828e+01 -1.540967e-15 
 1046.000  3.887793e+01  2.009596e+01  1.396250e-15 
 1047.000  3.946357e+01  2.038228e+01 -2.184543e-15 
 1048.000  3.977734e+01  2.051540e+01  5.184813e-15 
 1049.000  3.942975e+01  2.030867e+01 -1.428595e-15 
 1050.000  3.902666e+01  2.008958e+01 -3.551495e-15 
 1051.000  3.883161e+01  1.998506e+01  7.617301e-16 
 1052.000  3.849619e+01  1.980034e+01  2.982973e-15 
 1053.000  3.843054e+01  1.974625e+01 -7.080074e-16 
 1054.000  3.783740e+01  1.943769e+01 -7.514355e-16 
 1055.000  3.787770e+01  1.945722e+01 -7.573577e-16 
 1056.000  3.757082e+01  1.929380e+01 -8.063394e-16 
 1057.000  3.711257e+01  1.907592e+01 -1.459905e-15 
 1058.000  3.611951e+01  1.861577e+01 -4.392421e-15 
 1059.000  3.497207e+01  1.799659e+01 -1.450445e-15 
 1060.000  3.642852e+01  1.868518e+01  3.652916e-15 
 1061.000  3.505469e+01  1.796439e+01  9.707798e-17 
 1062.000  3.570436e+01  1.831189e+01  3.978077e-16 
 1063.000  3.499070e+01  1.792880e+01 -4.913136e-17 
 1064.000  3.516333e+01  1.802496e+01  1.190400e-15 
 1065.000  3.475478e+01  1.783689e+01  6.937526e-16 
 1066.000  3.373593e+01  1.728271e+01 -2.737850e-15 
 1067.000  3.439883e+01  1.767970e+01 -5.206957e-16 
 1068.000  3.363182e+01  1.734694e+01 -1.505449e-15 
 1069.000  3.081490e+01  1.591789e+01  8.101438e-16 
 1070.000  3.280221e+01  1.690851e+01  2.525655e-18 
 1071.000  3.248103e+01  1.677460e+01 -5.748824e-16 
 1072.000  3.219845e+01  1.665806e+01  1.437496e-15 
 1073.000  3.111445e+01  1.608281e+01  7.721537e-16 
 1074.000  3.234905e+01  1.668493e+01 -3.989150e-16 
 1075.000  3.206210e+01  1.643050e+01  8.741833e-17 
 1076.000  3.239725e+01  1.662840e+01 -5.959543e-16 
 1077.000  3.181367e+01  1.637128e+01 -6.339225e-16 
 1078.000  3.128986e+01  1.615397e+01  2.302854e-16 
 1079.000  3.002754e+01  1.549008e+01 -1.164479e-15 
 1080.000  2.924897e+01  1.524284e+01  9.022044e-16 
 1081.000  2.811784e+01  1.464008e+01  7.555958e-16 
 1082.000  2.921597e+01  1.511703e+01 -2.922327e-17 
 1083.000  2.757529e+01  1.433744e+01 -7.370165e-16 
 1084.000  2.769310e+01  1.446882e+01 -3.191594e-16 
 1085.000  2.526259e+01  1.336678e+01  6.093889e-16 
 1086.000  2.605708e+01  1.372689e+01  1.166780e-15 
 1087.000  2.665407e+01  1.381714e+01  6.091021e-16 
 1088.000  2.841142e+01  1.469389e+01 -4.468776e-17 
 1089.000  2.454407e+01  1.292498e+01  7.040283e-16 
 1090.000  2.454692e+01  1.296731e+01 -1.354003e-15 
 1091.000  2.517010e+01  1.323691e+01 -1.123869e-15 
 1092.000  2.325909e+01  1.235928e+01 -1.126476e-16 
 1093.000  2.032735e+01  1.110421e+01  2.370669e-16 
 1094.000  1.753467e+01  9.696562e+00 -5.519294e-17 
 1095.000  1.909232e+01  1.053231e+01 -5.169662e-16 
 1096.000  1.903451e+01  1.049219e+01 -4.567743e-16 
 1097.000  1.820081e+01  1.010744e+01 -8.313756e-18 
 1098.000  1.307348e+01  7.863148e+00  2.453972e-16 
 1099.000  9.806343e+00  6.333937e+00  3.081203e-16 
 1100.000  1.013345e+01  6.514935e+00  3.051404e-16 
