  400.000  3.410810e+02  3.453844e+02 -7.250479e-14 
  401.000  3.407416e+02  3.411100e+02 -3.590988e-14 
  402.000  3.629238e+02  3.592063e+02 -4.728111e-14 
  403.000  3.415842e+02  3.342870e+02  9.544908e-14 
  404.000  3.688463e+02  3.569386e+02 -4.012416e-14 
  405.000  3.398613e+02  3.252416e+02 -6.526778e-15 
  406.000  3.388758e+02  3.207278e+02  6.955179e-15 
  407.000  3.315679e+02  3.103797e+02 -4.871359e-14 
  408.000  3.608355e+02  3.341079e+02  9.633762e-14 
  409.000  4.011869e+02  3.674605e+02 -1.154831e-15 
  410.000  3.368861e+02  3.052556e+02  7.371957e-14 
  411.000  3.973141e+02  3.561725e+02 -8.741312e-14 
  412.000  4.134329e+02  3.666952e+02  6.356654e-15 
  413.000  3.921866e+02  3.441914e+02 -5.985436e-15 
  414.000  3.864870e+02  3.356344e+02  2.878716e-14 
  415.000  4.138815e+02  3.556934e+02  3.288104e-14 
  416.000  4.130102e+02  3.512794e+02 -1.685206e-14 
  417.000  4.020264e+02  3.384274e+02  1.574192e-14 
  418.000  3.948077e+02  3.289597e+02 -6.775196e-14 
  419.000  4.060423e+02  3.348883e+02  7.568202e-15 
  420.000  3.449864e+02  2.816629e+02 -6.386431e-14 
  421.000  4.338519e+02  3.506696e+02  3.305475e-14 
  422.000  4.172599e+02  3.339039e+02  3.157785e-14 
  423.000  3.536924e+02  2.802378e+02 -2.751109e-14 
  424.000  3.904510e+02  3.063228e+02 -7.037569e-15 
  425.000  4.058283e+02  3.152724e+02 -6.697560e-14 
  426.000  3.914891e+02  3.011750e+02  3.533279e-14 
  427.000  3.778821e+02  2.878967e+02 -5.681564e-14 
  428.000  3.839556e+02  2.897124e+02 -5.640288e-14 
  429.000  3.504992e+02  2.619409e+02 -2.012422e-14 
  430.000  2.806315e+02  2.077328e+02  7.830383e-14 
  431.000  2.531513e+02  1.856209e+02 -4.837027e-14 
  432.000  4.571735e+02  3.320692e+02 -7.340374e-14 
  433.000  4.082739e+02  2.937807e+02 -9.848619e-14 
  434.000  3.892966e+02  2.775239e+02 -5.186194e-14 
  435.000  4.248951e+02  3.001045e+02 -9.735268e-15 
  436.000  4.726305e+02  3.307536e+02 -1.137748e-15 
  437.000  4.786794e+02  3.319258e+02  6.383963e-14 
  438.000  4.301194e+02  2.955422e+02  2.047884e-15 
  439.000  4.174882e+02  2.842705e+02 -7.377772e-15 
  440.000  4.693326e+02  3.166956e+02 -3.903616e-14 
  441.000  4.692070e+02  3.137753e+02  8.203290e-15 
  442.000  4.956269e+02  3.284874e+02  7.465034e-15 
  443.000  5.003958e+02  3.287033e+02  1.615604e-14 
  444.000  4.985782e+02  3.246135e+02 -2.574843e-14 
  445.000  5.259370e+02  3.394085e+02 -4.021622e-14 
  446.000  4.694685e+02  3.003029e+02 -5.866020e-14 
  447.000  5.369498e+02  3.404875e+02 -7.041652e-14 
  448.000  5.474664e+02  3.441978e+02  0.000000e+00 
  449.000  5.527829e+02  3.446059e+02  3.462016e-14 
  450.000  5.664395e+02  3.501469e+02 -8.189097e-15 
  451.000  6.138619e+02  3.762709e+02 -9.512796e-14 
  452.000  5.722141e+02  3.477990e+02  2.271587e-14 
  453.000  5.325935e+02  3.210088e+02 -8.760130e-15 
  454.000  5.693259e+02  3.402877e+02 -3.603128e-14 
  455.000  5.747984e+02  3.407059e+02 -9.675815e-14 
  456.000  5.902236e+02  3.469510e+02 -5.745717e-14 
  457.000  5.950319e+02  3.468990e+02  9.612358e-15 
  458.000  5.860312e+02  3.388529e+02  3.517992e-14 
  459.000  5.874059e+02  3.368750e+02 -6.334084e-14 
  460.000  5.837189e+02  3.320421e+02 -5.461754e-14 
  461.000  6.063489e+02  3.421281e+02 -8.410624e-14 
  462.000  5.979008e+02  3.346454e+02 -6.494694e-14 
  463.000  5.994667e+02  3.328323e+02 -1.271794e-13 
  464.000  6.028934e+02  3.320775e+02 -1.014848e-13 
  465.000  5.955025e+02  3.254119e+02  2.664865e-14 
  466.000  6.158002e+02  3.338499e+02  6.444176e-14 
  467.000  5.954232e+02  3.202628e+02  8.721620e-14 
  468.000  6.316781e+02  3.370847e+02 -5.712917e-14 
  469.000  6.273906e+02  3.321482e+02 -3.020845e-14 
  470.000  6.199280e+02  3.255924e+02  1.898622e-14 
  471.000  6.199239e+02  3.229942e+02 -8.196282e-15 
  472.000  6.285646e+02  3.248782e+02  7.005544e-15 
  473.000  6.226901e+02  3.192562e+02 -2.534350e-15 
  474.000  6.286100e+02  3.196920e+02  6.286887e-14 
  475.000  6.547670e+02  3.302344e+02 -3.832049e-14 
  476.000  6.351745e+02  3.176259e+02  4.547956e-14 
  477.000  6.299961e+02  3.124405e+02  4.251006e-14 
  478.000  6.624892e+02  3.262114e+02  2.724438e-14 
  479.000  6.340191e+02  3.101488e+02  8.853013e-14 
  480.000  6.482065e+02  3.150659e+02 -2.763321e-14 
  481.000  6.458182e+02  3.118489e+02 -4.648474e-14 
  482.000  6.608211e+02  3.169501e+02  1.102777e-14 
  483.000  6.628907e+02  3.157596e+02  1.231303e-14 
  484.000  6.386222e+02  3.020692e+02 -1.613893e-14 
  485.000  6.444982e+02  3.026909e+02 -9.368907e-15 
  486.000  5.235037e+02  2.441215e+02 -2.274525e-14 
  487.000  5.894617e+02  2.729300e+02  1.133719e-13 
  488.000  6.411722e+02  2.947689e+02 -7.678116e-14 
  489.000  5.970756e+02  2.725564e+02  1.595936e-14 
  490.000  6.809279e+02  3.086454e+02 -7.114906e-15 
  491.000  6.382545e+02  2.872678e+02 -1.694642e-14 
  492.000  6.143582e+02  2.745717e+02 -2.381118e-14 
  493.000  6.627561e+02  2.941331e+02 -2.561083e-14 
  494.000  6.412967e+02  2.826264e+02 -1.566532e-14 
  495.000  6.866523e+02  3.005179e+02  2.319299e-14 
  496.000  6.697576e+02  2.910930e+02 -7.139890e-14 
  497.000  6.506752e+02  2.808508e+02  1.019820e-13 
  498.000  6.362502e+02  2.727408e+02 -7.640979e-14 
  499.000  6.356475e+02  2.706179e+02 -1.186896e-15 
  500.000  6.337722e+02  2.679814e+02  8.223515e-14 
  501.000  6.204518e+02  2.605661e+02  7.288295e-14 
  502.000  6.172654e+02  2.574750e+02  4.045393e-14 
  503.000  6.549886e+02  2.713710e+02 -1.567988e-14 
  504.000  6.102521e+02  2.511394e+02  6.162056e-15 
  505.000  6.591199e+02  2.694350e+02  7.858098e-15 
  506.000  7.066696e+02  2.869625e+02  1.209117e-13 
  507.000  6.584860e+02  2.656367e+02  0.000000e+00 
  508.000  6.324334e+02  2.534563e+02 -1.052795e-13 
  509.000  6.829797e+02  2.719275e+02 -8.548549e-14 
  510.000  6.627253e+02  2.621461e+02  6.055550e-14 
  511.000  6.638474e+02  2.608857e+02 -7.782705e-15 
  512.000  6.977043e+02  2.724186e+02 -5.400004e-14 
  513.000  6.394305e+02  2.480585e+02 -1.491606e-14 
  514.000  6.268585e+02  2.416218e+02 -3.142795e-14 
  515.000  6.408159e+02  2.454238e+02  2.230960e-14 
  516.000  6.739645e+02  2.564719e+02 -1.021008e-13 
  517.000  4.970450e+02  1.879401e+02  1.326675e-14 
  518.000  6.160829e+02  2.314694e+02  2.462024e-14 
  519.000  5.843512e+02  2.181573e+02 -5.230634e-14 
  520.000  6.440877e+02  2.389426e+02  0.000000e+00 
  521.000  6.451606e+02  2.378339e+02  1.595010e-14 
  522.000  6.714736e+02  2.459755e+02 -3.314815e-14 
  523.000  6.261493e+02  2.279246e+02  2.370319e-14 
  524.000  6.800311e+02  2.459837e+02  2.570517e-14 
  525.000  6.752527e+02  2.427222e+02  1.778714e-14 
  526.000  6.441697e+02  2.301109e+02  4.855895e-14 
  527.000  5.632492e+02  1.999532e+02  2.021179e-14 
  528.000  6.770887e+02  2.388755e+02  3.077162e-14 
  529.000  6.969511e+02  2.443644e+02  4.321836e-14 
  530.000  6.591620e+02  2.296948e+02  4.598785e-14 
  531.000  7.181536e+02  2.487210e+02 -1.076378e-13 
  532.000  6.857650e+02  2.360643e+02 -6.147905e-14 
  533.000  6.029675e+02  2.063214e+02  9.689343e-14 
  534.000  6.564357e+02  2.232977e+02 -6.249450e-15 
  535.000  6.705488e+02  2.267759e+02  1.740109e-14 
  536.000  7.123544e+02  2.395197e+02  9.222358e-15 
  537.000  6.616438e+02  2.211787e+02  7.402570e-15 
  538.000  6.933644e+02  2.304348e+02 -4.230366e-14 
  539.000  6.918214e+02  2.285855e+02 -2.551618e-14 
  540.000  6.777570e+02  2.226378e+02 -1.857842e-14 
  541.000  6.221479e+02  2.031868e+02 -5.954347e-14 
  542.000  6.947336e+02  2.255807e+02  1.540205e-14 
  543.000  6.652327e+02  2.147558e+02  0.000000e+00 
  544.000  7.023697e+02  2.254383e+02 -1.016103e-14 
  545.000  6.926053e+02  2.210264e+02 -4.939251e-14 
  546.000  6.778805e+02  2.150873e+02  3.333751e-14 
  547.000  7.073893e+02  2.231697e+02 -2.454921e-14 
  548.000  6.570019e+02  2.060939e+02  7.887200e-14 
  549.000  6.921342e+02  2.158835e+02 -5.025373e-14 
  550.000  6.776721e+02  2.101765e+02  2.457111e-14 
  551.000  6.742319e+02  2.079255e+02  4.260229e-14 
  552.000  7.041383e+02  2.159241e+02  3.436392e-14 
  553.000  6.773506e+02  2.065402e+02 -2.333622e-14 
  554.000  7.003018e+02  2.123395e+02  2.528439e-14 
  555.000  7.030950e+02  2.119931e+02  3.302287e-14 
  556.000  6.845059e+02  2.052356e+02 -1.153046e-15 
  557.000  6.649330e+02  1.982535e+02  2.506065e-14 
  558.000  6.909505e+02  2.048627e+02 -2.369670e-14 
  559.000  6.538033e+02  1.927702e+02  6.941573e-14 
  560.000  6.573503e+02  1.927359e+02  3.406557e-14 
  561.000  7.231638e+02  2.108497e+02 -4.287441e-14 
  562.000  6.642394e+02  1.925543e+02 -1.026156e-13 
  563.000  6.955513e+02  2.005018e+02 -1.323785e-13 
  564.000  6.862843e+02  1.967131e+02  5.041156e-14 
  565.000  6.947816e+02  1.979984e+02 -4.755286e-14 
  566.000  6.410457e+02  1.816607e+02 -4.602182e-14 
  567.000  6.874209e+02  1.935931e+02  1.609394e-14 
  568.000  6.835591e+02  1.909917e+02 -8.919244e-14 
  569.000  6.643799e+02  1.838578e+02  4.853680e-15 
  570.000  6.692360e+02  1.842762e+02  3.265323e-14 
  571.000  6.500215e+02  1.785035e+02 -2.356452e-14 
  572.000  6.833002e+02  1.860765e+02  3.474709e-14 
  573.000  6.919879e+02  1.874521e+02 -2.409445e-14 
  574.000  6.890105e+02  1.856812e+02 -1.636825e-14 
  575.000  6.723859e+02  1.801732e+02 -7.415392e-15 
  576.000  6.607962e+02  1.761061e+02 -5.659730e-14 
  577.000  6.903372e+02  1.831947e+02  7.572237e-15 
  578.000  6.726829e+02  1.778245e+02  2.427695e-14 
  579.000  6.699763e+02  1.763980e+02  2.292279e-14 
  580.000  6.956386e+02  1.824058e+02 -6.342581e-15 
  581.000  6.863799e+02  1.793534e+02  1.469819e-14 
  582.000  6.992065e+02  1.819578e+02  7.446499e-15 
  583.000  7.058746e+02  1.828390e+02 -1.729899e-14 
  584.000  7.052137e+02  1.818012e+02  8.614286e-15 
  585.000  7.019552e+02  1.800781e+02  8.551889e-15 
  586.000  6.730256e+02  1.718092e+02  1.526313e-14 
  587.000  6.983732e+02  1.770739e+02  9.760683e-14 
  588.000  6.835987e+02  1.715945e+02 -3.992651e-14 
  589.000  5.947843e+02  1.477304e+02 -2.085914e-14 
  590.000  6.210210e+02  1.534424e+02  6.779646e-15 
  591.000  6.697543e+02  1.652241e+02  9.568216e-15 
  592.000  6.530169e+02  1.599992e+02 -3.239358e-14 
  593.000  6.708578e+02  1.642886e+02  9.363960e-15 
  594.000  6.755195e+02  1.644270e+02 -1.400384e-14 
  595.000  6.562377e+02  1.584709e+02  2.832107e-14 
  596.000  6.835464e+02  1.650029e+02  6.092493e-14 
  597.000  6.840508e+02  1.641389e+02 -1.266291e-14 
  598.000  6.748824e+02  1.615106e+02 -5.655514e-16 
  599.000  6.774396e+02  1.615054e+02  1.884441e-14 
  600.000  6.818607e+02  1.620938e+02 -8.209315e-15 
  601.000  6.812745e+02  1.615397e+02  1.519884e-14 
  602.000  6.752739e+02  1.594685e+02 -1.610631e-14 
  603.000  6.809664e+02  1.601588e+02  1.084334e-15 
  604.000  7.042010e+02  1.649295e+02 -4.668163e-14 
  605.000  7.037986e+02  1.641028e+02 -4.874948e-14 
  606.000  6.966957e+02  1.616879e+02 -4.705598e-14 
  607.000  6.938122e+02  1.602658e+02 -7.830731e-14 
  608.000  6.922652e+02  1.591579e+02  1.733762e-14 
  609.000  6.861143e+02  1.570021e+02 -2.999572e-14 
  610.000  6.760605e+02  1.539754e+02 -4.530923e-14 
  611.000  6.879839e+02  1.559558e+02 -9.095722e-14 
  612.000  6.799506e+02  1.534121e+02 -1.477649e-14 
  613.000  6.709052e+02  1.506611e+02 -1.044817e-15 
  614.000  6.475174e+02  1.447267e+02 -4.306494e-14 
  615.000  6.794014e+02  1.511426e+02 -6.084044e-14 
  616.000  6.467802e+02  1.432118e+02 -6.976777e-14 
  617.000  6.512005e+02  1.435134e+02 -1.301875e-14 
  618.000  6.826470e+02  1.497345e+02 -5.767361e-14 
  619.000  6.770419e+02  1.478007e+02  0.000000e+00 
  620.000  6.876680e+02  1.494069e+02 -4.532291e-14 
  621.000  7.000629e+02  1.513726e+02  1.077348e-15 
  622.000  6.635956e+02  1.427972e+02 -2.080775e-14 
  623.000  6.691423e+02  1.432898e+02  1.535085e-14 
  624.000  6.702374e+02  1.428293e+02 -4.404121e-14 
  625.000  6.523927e+02  1.383517e+02 -7.474937e-15 
  626.000  6.555422e+02  1.382920e+02  5.502311e-15 
  627.000  6.636855e+02  1.389587e+02 -3.734460e-14 
  628.000  6.419570e+02  1.327856e+02  2.351453e-14 
  629.000  6.661758e+02  1.376726e+02 -7.003290e-14 
  630.000  6.473481e+02  1.334102e+02 -9.171153e-15 
  631.000  6.742747e+02  1.385506e+02  4.083218e-15 
  632.000  6.271506e+02  1.281245e+02  1.138893e-14 
  633.000  6.780934e+02  1.382832e+02 -7.755582e-15 
  634.000  6.602243e+02  1.342061e+02  7.500955e-15 
  635.000  6.736241e+02  1.363540e+02  1.321301e-14 
  636.000  6.516517e+02  1.314222e+02  2.741539e-14 
  637.000  6.748342e+02  1.355714e+02 -3.484261e-14 
  638.000  6.881554e+02  1.378535e+02  4.398732e-14 
  639.000  6.836882e+02  1.363860e+02  2.179086e-14 
  640.000  6.640965e+02  1.320088e+02  1.371699e-14 
  641.000  6.747742e+02  1.335633e+02  4.370592e-14 
  642.000  6.681777e+02  1.317598e+02 -4.016929e-14 
  643.000  6.796869e+02  1.333274e+02 -3.441994e-14 
  644.000  6.727649e+02  1.314057e+02  5.619198e-14 
  645.000  6.777217e+02  1.316147e+02  2.140902e-14 
  646.000  6.458953e+02  1.243672e+02 -3.260476e-14 
  647.000  6.505671e+02  1.244143e+02  3.950563e-14 
  648.000  6.446353e+02  1.224692e+02 -2.039692e-15 
  649.000  6.629205e+02  1.256546e+02 -1.655979e-14 
  650.000  6.235115e+02  1.182584e+02 -1.003601e-14 
  651.000  6.722960e+02  1.269662e+02  2.251983e-14 
  652.000  6.519707e+02  1.220758e+02  1.622830e-14 
  653.000  6.751620e+02  1.265219e+02 -1.111249e-14 
  654.000  6.659662e+02  1.241906e+02 -1.782848e-14 
  655.000  6.457342e+02  1.196752e+02  1.422608e-15 
  656.000  5.497379e+02  1.015215e+02  4.710567e-15 
  657.000  5.889030e+02  1.084121e+02 -6.989557e-15 
  658.000  6.596869e+02  1.211763e+02 -3.457480e-14 
  659.000  6.635860e+02  1.214854e+02 -7.152076e-15 
  660.000  6.702418e+02  1.222710e+02 -5.997230e-14 
  661.000  6.761733e+02  1.230794e+02 -9.659625e-16 
  662.000  6.875117e+02  1.247245e+02  1.656225e-14 
  663.000  6.803424e+02  1.228888e+02  2.791683e-14 
  664.000  6.704854e+02  1.206414e+02  4.070169e-14 
  665.000  6.743854e+02  1.208732e+02 -1.329886e-14 
  666.000  6.835516e+02  1.220518e+02 -8.165249e-14 
  667.000  6.708882e+02  1.193257e+02 -5.079480e-14 
  668.000  6.757806e+02  1.197461e+02  0.000000e+00 
  669.000  6.863334e+02  1.211370e+02 -4.121668e-14 
  670.000  6.788838e+02  1.193443e+02  1.325066e-14 
  671.000  6.724782e+02  1.177510e+02 -6.833959e-14 
  672.000  6.710106e+02  1.170247e+02  0.000000e+00 
  673.000  6.765337e+02  1.175170e+02 -5.540066e-14 
  674.000  6.785582e+02  1.173990e+02  1.410715e-14 
  675.000  6.688920e+02  1.152668e+02 -9.254746e-14 
  676.000  6.822065e+02  1.170938e+02 -1.319440e-14 
  677.000  6.692964e+02  1.144222e+02  9.281323e-16 
  678.000  6.810359e+02  1.159687e+02 -2.829405e-15 
  679.000  6.719828e+02  1.139679e+02  6.473361e-14 
  680.000  6.670159e+02  1.126401e+02  2.661798e-14 
  681.000  6.679984e+02  1.123239e+02 -5.145640e-14 
  682.000  6.670132e+02  1.117026e+02  9.075870e-14 
  683.000  6.718654e+02  1.120499e+02  5.074963e-14 
  684.000  6.596630e+02  1.095178e+02  0.000000e+00 
  685.000  6.680606e+02  1.105149e+02 -9.207860e-16 
  686.000  6.374136e+02  1.048829e+02  3.779815e-14 
  687.000  5.352678e+02  8.608421e+01  1.152473e-14 
  688.000  5.681252e+02  9.133998e+01 -1.867543e-14 
  689.000  5.603360e+02  8.963996e+01 -1.239075e-14 
  690.000  5.803146e+02  9.264699e+01  1.034803e-14 
  691.000  6.044050e+02  9.638946e+01 -2.800295e-14 
  692.000  6.121387e+02  9.739668e+01 -9.444896e-15 
  693.000  6.047386e+02  9.553490e+01  2.025102e-15 
  694.000  5.977565e+02  9.381829e+01 -6.542065e-15 
  695.000  5.980029e+02  9.364831e+01 -6.901091e-15 
  696.000  6.115389e+02  9.551730e+01  2.404086e-14 
  697.000  6.408856e+02  1.005068e+02 -2.464278e-14 
  698.000  6.234567e+02  9.719134e+01 -1.320576e-14 
  699.000  6.100692e+02  9.413396e+01  1.051123e-15 
  700.000  6.072684e+02  9.341463e+01  2.285580e-15 
  701.000  5.884764e+02  9.008014e+01  1.524075e-14 
  702.000  5.898243e+02  9.001362e+01  2.235528e-14 
  703.000  6.189966e+02  9.459827e+01  1.822766e-14 
  704.000  6.219740e+02  9.471802e+01 -1.440050e-14 
  705.000  6.184139e+02  9.359052e+01 -1.672510e-14 
  706.000  6.138087e+02  9.258383e+01 -1.923011e-14 
  707.000  6.078467e+02  9.141578e+01 -8.306371e-15 
  708.000  6.291370e+02  9.435301e+01 -9.997625e-15 
  709.000  6.136550e+02  9.188600e+01 -4.015809e-14 
  710.000  6.209083e+02  9.240635e+01  1.310334e-14 
  711.000  6.221815e+02  9.246499e+01 -2.084527e-15 
  712.000  6.199128e+02  9.199200e+01  1.315881e-14 
  713.000  6.125905e+02  9.039149e+01 -6.076198e-15 
  714.000  6.214927e+02  9.130242e+01 -2.058513e-14 
  715.000  5.919779e+02  8.641051e+01  4.008616e-15 
  716.000  5.989766e+02  8.688685e+01 -1.010042e-14 
  717.000  5.304175e+02  7.595858e+01  2.617929e-14 
  718.000  4.957742e+02  7.020850e+01  3.660966e-17 
  719.000  4.789309e+02  6.731400e+01 -4.081443e-15 
  720.000  4.659633e+02  6.485528e+01 -3.196815e-15 
  721.000  5.400762e+02  7.634784e+01 -6.623094e-15 
  722.000  5.758643e+02  8.146419e+01  2.987188e-15 
  723.000  5.589413e+02  7.858302e+01  5.458340e-16 
  724.000  5.180904e+02  7.205827e+01 -5.523533e-16 
  725.000  5.188829e+02  7.199328e+01  6.259844e-15 
  726.000  5.161216e+02  7.132704e+01  6.916189e-15 
  727.000  5.301844e+02  7.309802e+01  7.382590e-15 
  728.000  5.146307e+02  7.061152e+01  4.578184e-15 
  729.000  5.103564e+02  6.999052e+01  1.928715e-14 
  730.000  5.265887e+02  7.193952e+01 -6.139762e-15 
  731.000  5.147445e+02  7.004405e+01  1.318300e-14 
  732.000  5.529609e+02  7.529589e+01  3.347663e-15 
  733.000  5.719913e+02  7.798585e+01 -1.568722e-15 
  734.000  5.975482e+02  8.146056e+01  1.135020e-14 
  735.000  5.882958e+02  7.981682e+01  1.811582e-15 
  736.000  5.690198e+02  7.677499e+01  1.440351e-14 
  737.000  5.832817e+02  7.853899e+01 -1.956129e-14 
  738.000  5.909141e+02  7.947778e+01  3.368153e-14 
  739.000  5.757645e+02  7.725999e+01  2.302518e-15 
  740.000  5.898566e+02  7.911074e+01 -1.451928e-14 
  741.000  5.902236e+02  7.903830e+01  4.623594e-15 
  742.000  5.827210e+02  7.782774e+01  1.399747e-15 
  743.000  6.044732e+02  8.059584e+01  3.481539e-14 
  744.000  6.124489e+02  8.145898e+01  8.064658e-14 
  745.000  5.982618e+02  7.935702e+01 -2.254983e-14 
  746.000  6.080254e+02  8.041974e+01  2.286020e-14 
  747.000  6.180063e+02  8.146237e+01  1.608966e-15 
  748.000  6.078204e+02  7.987970e+01 -3.377664e-14 
  749.000  6.086636e+02  7.972903e+01 -1.020692e-14 
  750.000  5.996123e+02  7.825096e+01 -1.083552e-14 
  751.000  5.984448e+02  7.783059e+01 -4.477849e-14 
  752.000  6.087733e+02  7.893784e+01  2.193837e-14 
  753.000  6.036080e+02  7.801034e+01 -2.172798e-14 
  754.000  6.135569e+02  7.903120e+01 -1.103271e-14 
  755.000  6.104114e+02  7.835821e+01  2.193677e-14 
  756.000  5.988392e+02  7.661186e+01  1.075263e-14 
  757.000  6.035341e+02  7.694871e+01  7.776004e-16 
  758.000  6.018073e+02  7.642519e+01  0.000000e+00 
  759.000  5.300826e+02  6.614593e+01  2.580374e-15 
  760.000  1.554988e+02  1.775201e+01 -1.999699e-18 
  761.000  1.291443e+02  1.449515e+01 -3.259852e-16 
  762.000  3.098189e+02  3.659489e+01  2.657734e-15 
  763.000  2.536508e+02  2.957006e+01  2.578674e-15 
  764.000  2.860051e+02  3.338957e+01  1.416915e-15 
  765.000  3.636840e+02  4.288332e+01 -4.547881e-16 
  766.000  4.399466e+02  5.320124e+01  2.478548e-15 
  767.000  4.961123e+02  6.014190e+01 -2.671605e-14 
  768.000  5.500101e+02  6.679485e+01 -7.917652e-15 
  769.000  5.707064e+02  6.945469e+01  3.051168e-14 
  770.000  5.790813e+02  7.046941e+01 -3.700727e-14 
  771.000  5.851241e+02  7.110398e+01 -3.205783e-14 
  772.000  5.843493e+02  7.080874e+01  0.000000e+00 
  773.000  5.827267e+02  7.039185e+01 -5.173133e-14 
  774.000  5.897286e+02  7.101567e+01  7.391587e-14 
  775.000  5.681683e+02  6.820453e+01 -9.335013e-15 
  776.000  5.920712e+02  7.084764e+01 -2.093914e-14 
  777.000  5.882399e+02  7.015635e+01  0.000000e+00 
  778.000  5.852617e+02  6.956624e+01  3.988087e-14 
  779.000  5.873375e+02  6.957838e+01 -7.449496e-16 
  780.000  5.802383e+02  6.850683e+01  6.296056e-14 
  781.000  5.798552e+02  6.825227e+01 -3.068830e-14 
  782.000  5.870004e+02  6.886176e+01 -7.433506e-16 
  783.000  5.734473e+02  6.704740e+01  3.106293e-14 
  784.000  5.766031e+02  6.718253e+01  1.888128e-14 
  785.000  5.768934e+02  6.693246e+01 -1.020494e-14 
  786.000  5.648723e+02  6.522472e+01  1.003899e-14 
  787.000  5.684219e+02  6.524546e+01  8.444509e-16 
  788.000  5.574069e+02  6.368356e+01  1.438763e-14 
  789.000  5.512072e+02  6.250303e+01 -1.949434e-14 
  790.000  5.449630e+02  6.157398e+01  1.360383e-14 
  791.000  5.441442e+02  6.132595e+01  5.885170e-15 
  792.000  5.373713e+02  6.040899e+01 -2.789392e-14 
  793.000  5.408825e+02  6.071178e+01 -8.150740e-15 
  794.000  5.435388e+02  6.106711e+01 -1.195049e-15 
  795.000  5.358717e+02  5.985351e+01 -5.893757e-16 
  796.000  5.318828e+02  5.888400e+01 -2.080356e-14 
  797.000  5.392272e+02  5.959050e+01  7.219506e-15 
  798.000  5.481671e+02  6.060622e+01 -9.508473e-15 
  799.000  5.459797e+02  6.011739e+01 -3.653478e-15 
  800.000  5.259480e+02  5.757680e+01 -1.778917e-14 
  801.000  5.366208e+02  5.857513e+01  3.030881e-15 
  802.000  5.351428e+02  5.821404e+01  1.385375e-14 
  803.000  5.285352e+02  5.733356e+01 -2.359256e-14 
  804.000  5.363740e+02  5.806973e+01  8.960375e-16 
  805.000  5.272392e+02  5.704438e+01  5.011268e-15 
  806.000  5.449921e+02  5.887706e+01 -1.810095e-14 
  807.000  5.420583e+02  5.837951e+01 -9.737520e-15 
  808.000  5.370434e+02  5.760119e+01  2.018688e-14 
  809.000  5.258420e+02  5.615823e+01 -1.465303e-14 
  810.000  5.211156e+02  5.541236e+01 -8.845614e-15 
  811.000  5.243508e+02  5.545819e+01 -4.075784e-15 
  812.000  5.155733e+02  5.421743e+01  9.720889e-16 
  813.000  5.047821e+02  5.277746e+01 -5.224877e-15 
  814.000  4.926509e+02  5.120924e+01 -9.580504e-15 
  815.000  4.731909e+02  4.890488e+01  8.733893e-15 
  816.000  4.511367e+02  4.636296e+01 -5.073877e-16 
  817.000  4.549084e+02  4.660520e+01  5.626346e-15 
  818.000  4.537015e+02  4.634692e+01 -4.479344e-15 
  819.000  4.474562e+02  4.561180e+01 -8.597958e-15 
  820.000  4.582658e+02  4.671028e+01 -4.008250e-15 
  821.000  4.967578e+02  5.075081e+01  1.415698e-14 
  822.000  4.657526e+02  4.723053e+01 -7.424634e-16 
  823.000  4.247122e+02  4.262146e+01  2.390368e-15 
  824.000  4.718150e+02  4.749303e+01 -1.253220e-15 
  825.000  4.977619e+02  5.025842e+01 -6.884349e-15 
  826.000  4.965814e+02  4.992670e+01 -5.288430e-15 
  827.000  4.917229e+02  4.924322e+01 -8.922703e-15 
  828.000  4.734173e+02  4.709672e+01 -4.643757e-15 
  829.000  4.795417e+02  4.761290e+01 -5.484898e-15 
  830.000  4.789985e+02  4.748611e+01  5.110779e-15 
  831.000  4.723428e+02  4.670536e+01 -7.190612e-15 
  832.000  4.829309e+02  4.762329e+01  1.709623e-14 
  833.000  4.719351e+02  4.644938e+01 -2.337063e-14 
  834.000  4.836822e+02  4.753062e+01 -2.207538e-15 
  835.000  4.936480e+02  4.852503e+01  7.067119e-15 
  836.000  4.967054e+02  4.862546e+01 -2.806030e-15 
  837.000  4.924630e+02  4.806224e+01 -2.693887e-15 
  838.000  4.986499e+02  4.860386e+01  1.980225e-14 
  839.000  4.857133e+02  4.725558e+01  2.798773e-14 
  840.000  4.997750e+02  4.849903e+01  9.022627e-15 
  841.000  4.985514e+02  4.817566e+01  4.489426e-15 
  842.000  4.979574e+02  4.802851e+01  1.856789e-14 
  843.000  5.002296e+02  4.824585e+01  2.057978e-14 
  844.000  4.945382e+02  4.762556e+01 -7.407070e-15 
  845.000  5.033361e+02  4.836320e+01  8.792641e-15 
  846.000  5.090455e+02  4.879045e+01 -8.845886e-15 
  847.000  4.928779e+02  4.714575e+01  1.768175e-14 
  848.000  5.055296e+02  4.815201e+01  1.132415e-14 
  849.000  5.068525e+02  4.814313e+01 -1.027225e-14 
  850.000  4.374448e+02  4.139865e+01  8.857654e-17 
  851.000  5.000643e+02  4.714724e+01  1.311719e-14 
  852.000  4.813403e+02  4.525130e+01 -1.097747e-14 
  853.000  4.889619e+02  4.589294e+01 -1.103944e-14 
  854.000  3.931289e+02  3.678697e+01  3.970075e-15 
  855.000  4.337219e+02  4.049395e+01  1.240131e-15 
  856.000  4.940666e+02  4.605316e+01  1.763497e-14 
  857.000  5.029247e+02  4.677402e+01 -8.641193e-15 
  858.000  4.953755e+02  4.595258e+01  1.699890e-14 
  859.000  4.962800e+02  4.593682e+01 -4.245137e-14 
  860.000  4.923557e+02  4.545591e+01  0.000000e+00 
  861.000  4.924980e+02  4.533918e+01 -2.583005e-14 
  862.000  4.912784e+02  4.510613e+01 -5.087445e-14 
  863.000  5.008331e+02  4.585064e+01  6.130616e-16 
  864.000  5.001460e+02  4.566215e+01  9.131877e-15 
  865.000  4.911019e+02  4.471225e+01 -5.792083e-14 
  866.000  4.120756e+02  3.740961e+01  5.034657e-16 
  867.000  4.388982e+02  3.972786e+01  2.293960e-14 
  868.000  4.761396e+02  4.297478e+01 -8.099033e-15 
  869.000  4.696260e+02  4.226612e+01  1.711692e-14 
  870.000  4.890801e+02  4.388807e+01  1.663018e-14 
  871.000  4.885566e+02  4.371640e+01 -3.380840e-14 
  872.000  4.868321e+02  4.344120e+01 -1.653762e-14 
  873.000  4.887827e+02  4.348475e+01  5.961462e-16 
  874.000  4.781219e+02  4.241135e+01  3.365438e-14 
  875.000  4.738237e+02  4.190868e+01  4.197159e-14 
  876.000  4.777289e+02  4.212674e+01  8.116611e-15 
  877.000  4.872779e+02  4.284191e+01  8.279599e-15 
  878.000  4.785662e+02  4.193571e+01 -5.846869e-16 
  879.000  4.797499e+02  4.191794e+01 -5.860743e-16 
  880.000  4.766920e+02  4.151438e+01  0.000000e+00 
  881.000  4.518349e+02  3.922862e+01  0.000000e+00 
  882.000  4.766678e+02  4.125711e+01 -8.713878e-15 
  883.000  4.661286e+02  4.023970e+01  2.382621e-14 
  884.000  4.702885e+02  4.048737e+01  1.659210e-14 
  885.000  4.743959e+02  4.068917e+01 -1.244333e-14 
  886.000  4.577823e+02  3.910510e+01  2.354914e-14 
  887.000  4.541030e+02  3.871750e+01  2.439299e-14 
  888.000  4.677463e+02  3.976574e+01 -2.826132e-14 
  889.000  4.712743e+02  3.996378e+01 -1.608621e-14 
  890.000  4.690887e+02  3.963682e+01  4.300654e-15 
  891.000  4.651917e+02  3.915300e+01  2.533392e-14 
  892.000  4.598904e+02  3.849471e+01 -1.825959e-14 
  893.000  4.307562e+02  3.571806e+01 -1.522626e-14 
  894.000  4.389596e+02  3.619942e+01  2.951623e-16 
  895.000  3.986182e+02  3.260755e+01 -1.061126e-15 
  896.000  3.947695e+02  3.210381e+01 -1.275392e-15 
  897.000  3.658053e+02  2.956793e+01  2.194687e-15 
  898.000  3.572844e+02  2.873827e+01 -2.455948e-15 
  899.000  3.320033e+02  2.639796e+01 -1.418210e-15 
  900.000  3.271443e+02  2.597733e+01  1.780933e-15 
  901.000  3.141389e+02  2.480368e+01  1.780330e-16 
  902.000  3.096466e+02  2.440141e+01 -1.948422e-15 
  903.000  3.682019e+02  2.929414e+01 -1.102430e-15 
  904.000  4.003652e+02  3.187428e+01 -2.515906e-15 
  905.000  3.984959e+02  3.164162e+01 -2.712154e-15 
  906.000  3.716040e+02  2.936601e+01 -2.401258e-15 
  907.000  3.491777e+02  2.738226e+01  2.417483e-15 
  908.000  3.218204e+02  2.499460e+01 -4.096665e-16 
  909.000  3.170697e+02  2.456423e+01  1.032742e-15 
  910.000  3.235583e+02  2.502782e+01  1.776128e-16 
  911.000  3.345356e+02  2.592072e+01  8.718518e-16 
  912.000  3.295816e+02  2.541861e+01  2.214886e-15 
  913.000  3.123720e+02  2.374121e+01  8.095146e-16 
  914.000  3.226335e+02  2.461375e+01 -2.008301e-15 
  915.000  3.266326e+02  2.496369e+01  1.627510e-15 
  916.000  3.334281e+02  2.544375e+01 -7.702926e-16 
  917.000  3.336310e+02  2.544243e+01 -1.703351e-15 
  918.000  3.389155e+02  2.583157e+01 -1.280840e-15 
  919.000  3.675229e+02  2.805368e+01 -1.159374e-15 
  920.000  3.826357e+02  2.920533e+01  8.823125e-15 
  921.000  3.704173e+02  2.818550e+01  1.880998e-15 
  922.000  3.668569e+02  2.784017e+01 -2.339163e-15 
  923.000  3.467502e+02  2.622665e+01 -3.727352e-15 
  924.000  3.495671e+02  2.632837e+01 -4.810475e-15 
  925.000  3.531394e+02  2.651273e+01 -4.194546e-15 
  926.000  3.398860e+02  2.542275e+01 -4.367703e-15 
  927.000  3.383584e+02  2.516041e+01  5.870877e-16 
  928.000  3.190079e+02  2.348015e+01 -1.846251e-15 
  929.000  2.850621e+02  2.058354e+01  8.202778e-16 
  930.000  2.488674e+02  1.759951e+01 -9.495538e-16 
  931.000  2.117171e+02  1.476446e+01 -8.801480e-18 
  932.000  1.647640e+02  1.132720e+01  1.183420e-16 
  933.000  1.355726e+02  9.214205e+00  1.136850e-16 
  934.000  1.072664e+02  7.174047e+00  5.592133e-17 
  935.000  1.028193e+02  6.846842e+00  4.338719e-17 
  936.000  1.118647e+02  7.471330e+00  1.370108e-31 
  937.000  1.120308e+02  7.453608e+00  5.519162e-17 
  938.000  1.419088e+02  9.549612e+00 -2.651474e-18 
  939.000  2.377472e+02  1.628886e+01  4.725458e-16 
  940.000  2.525020e+02  1.738197e+01 -3.929949e-17 
  941.000  2.338359e+02  1.596461e+01  4.180348e-16 
  942.000  1.950871e+02  1.317045e+01  1.986564e-17 
  943.000  1.574450e+02  1.051672e+01 -3.924558e-17 
  944.000  1.499044e+02  9.976134e+00 -4.415399e-27 
  945.000  1.673781e+02  1.113965e+01  1.113511e-16 
  946.000  1.708137e+02  1.134539e+01  3.292560e-16 
  947.000  1.854160e+02  1.232174e+01 -2.004917e-17 
  948.000  1.959920e+02  1.301442e+01 -9.731758e-17 
  949.000  1.956839e+02  1.296519e+01  4.343481e-16 
  950.000  1.969324e+02  1.302251e+01 -2.583137e-16 
  951.000  2.172603e+02  1.439697e+01  1.032441e-15 
  952.000  1.948678e+02  1.283051e+01 -2.168882e-16 
  953.000  2.104699e+02  1.387196e+01 -2.365247e-16 
  954.000  2.262179e+02  1.495098e+01  2.685051e-16 
  955.000  1.984462e+02  1.304122e+01  1.172268e-16 
  956.000  2.091627e+02  1.371757e+01 -2.071358e-16 
  957.000  2.545872e+02  1.693526e+01 -3.772920e-17 
  958.000  2.631322e+02  1.752791e+01 -3.988362e-16 
  959.000  2.565519e+02  1.698156e+01 -1.341276e-15 
  960.000  2.521373e+02  1.663420e+01  4.051847e-17 
  961.000  2.457981e+02  1.614988e+01  1.189848e-17 
  962.000  2.507654e+02  1.646612e+01  4.633104e-16 
  963.000  2.765792e+02  1.839006e+01 -4.211193e-16 
  964.000  2.774194e+02  1.844560e+01 -7.930300e-17 
  965.000  2.784742e+02  1.844471e+01 -1.629507e-15 
  966.000  2.720616e+02  1.799469e+01  7.637906e-16 
  967.000  2.998197e+02  1.999058e+01 -1.626042e-15 
  968.000  3.300960e+02  2.213823e+01  1.191316e-15 
  969.000  3.479452e+02  2.333382e+01 -1.513304e-15 
  970.000  3.498872e+02  2.341182e+01 -1.697109e-15 
  971.000  3.464810e+02  2.312424e+01  6.810946e-16 
  972.000  3.444776e+02  2.291461e+01 -4.702139e-15 
  973.000  3.311663e+02  2.194172e+01 -9.471006e-16 
  974.000  3.141181e+02  2.072242e+01 -4.913763e-18 
  975.000  3.080793e+02  2.024008e+01 -2.157937e-15 
  976.000  3.213672e+02  2.109931e+01 -1.866364e-15 
  977.000  3.288170e+02  2.158098e+01  4.512454e-15 
  978.000  3.357643e+02  2.198150e+01 -3.650088e-15 
  979.000  3.302099e+02  2.157975e+01 -1.491560e-15 
  980.000  3.513085e+02  2.296937e+01 -4.008857e-15 
  981.000  3.575568e+02  2.334253e+01 -6.746461e-15 
  982.000  3.532102e+02  2.298372e+01 -1.527973e-15 
  983.000  3.609198e+02  2.348151e+01  1.374444e-15 
  984.000  3.674324e+02  2.392055e+01 -1.922886e-15 
  985.000  3.724034e+02  2.423666e+01 -1.229137e-15 
  986.000  3.759595e+02  2.448758e+01  1.091602e-14 
  987.000  3.831925e+02  2.493638e+01 -2.464643e-15 
  988.000  3.791952e+02  2.462380e+01 -3.552665e-15 
  989.000  3.748596e+02  2.428701e+01  2.347483e-15 
  990.000  3.788017e+02  2.449059e+01 -2.290403e-15 
  991.000  3.843903e+02  2.482672e+01  1.081818e-14 
  992.000  3.815834e+02  2.459393e+01  4.616998e-15 
  993.000  3.817673e+02  2.453944e+01  3.193520e-15 
  994.000  3.859466e+02  2.478528e+01 -2.017622e-14 
  995.000  3.846461e+02  2.466645e+01  9.783723e-15 
  996.000  3.846084e+02  2.460126e+01  3.412988e-15 
  997.000  3.841507e+02  2.449256e+01  6.376242e-15 
  998.000  3.816621e+02  2.425210e+01 -6.353405e-15 
  999.000  3.803979e+02  2.410359e+01  0.000000e+00 
 1000.000  3.777447e+02  2.388078e+01 -3.369183e-15 
 1001.000  3.777431e+02  2.378929e+01  1.961655e-15 
 1002.000  3.737307e+02  2.342397e+01  7.623732e-15 
 1003.000  3.702500e+02  2.315939e+01  1.584684e-14 
 1004.000  3.691979e+02  2.306550e+01 -2.494017e-15 
 1005.000  3.457359e+02  2.155867e+01 -1.536284e-15 
 1006.000  3.642125e+02  2.265809e+01  2.143627e-15 
 1007.000  3.702414e+02  2.296474e+01 -1.718527e-15 
 1008.000  3.690435e+02  2.279066e+01 -7.340431e-15 
 1009.000  3.631157e+02  2.231758e+01 -4.796763e-16 
 1010.000  3.661913e+02  2.247225e+01 -8.200060e-15 
 1011.000  3.682190e+02  2.259708e+01  1.814819e-15 
 1012.000  3.699088e+02  2.266734e+01 -4.682903e-15 
 1013.000  3.683395e+02  2.252764e+01  1.247612e-14 
 1014.000  3.712607e+02  2.265853e+01  4.427556e-16 
 1015.000  3.645433e+02  2.219458e+01 -1.837566e-14 
 1016.000  3.674145e+02  2.232279e+01  1.588275e-14 
 1017.000  3.641443e+02  2.207433e+01  3.231555e-15 
 1018.000  3.682690e+02  2.225651e+01 -9.823027e-15 
 1019.000  3.586475e+02  2.159734e+01 -3.415482e-15 
 1020.000  3.583883e+02  2.153618e+01  3.193795e-15 
 1021.000  3.628878e+02  2.176916e+01  4.319886e-16 
 1022.000  3.559793e+02  2.127332e+01 -5.930199e-15 
 1023.000  3.616821e+02  2.154665e+01  8.658126e-15 
 1024.000  3.591117e+02  2.132823e+01 -4.773111e-18 
 1025.000  3.612538e+02  2.143325e+01  6.441852e-15 
 1026.000  3.627201e+02  2.148583e+01 -2.159186e-16 
 1027.000  3.601797e+02  2.127444e+01  2.146633e-16 
 1028.000  3.613916e+02  2.129943e+01  1.541294e-14 
 1029.000  3.569359e+02  2.100356e+01  9.059903e-15 
 1030.000  3.614619e+02  2.123445e+01 -9.574171e-15 
 1031.000  3.608051e+02  2.115213e+01 -1.505011e-14 
 1032.000  3.599265e+02  2.105502e+01  1.225043e-14 
 1033.000  3.534008e+02  2.062326e+01  9.331063e-15 
 1034.000  3.573682e+02  2.080682e+01 -2.721790e-15 
 1035.000  3.536857e+02  2.054303e+01 -2.692743e-15 
 1036.000  3.582685e+02  2.075727e+01  9.028315e-15 
 1037.000  3.507840e+02  2.027433e+01 -1.192243e-14 
 1038.000  3.543415e+02  2.043041e+01  4.172178e-16 
 1039.000  3.557028e+02  2.045523e+01 -2.063519e-14 
 1040.000  3.514273e+02  2.015712e+01 -3.090975e-15 
 1041.000  3.532275e+02  2.020821e+01  5.799087e-15 
 1042.000  3.542643e+02  2.021660e+01 -2.699399e-15 
 1043.000  3.481659e+02  1.981926e+01 -5.716086e-15 
 1044.000  3.515685e+02  1.996187e+01 -6.187995e-15 
 1045.000  3.498823e+02  1.981213e+01  3.081934e-15 
 1046.000  3.395841e+02  1.917836e+01  2.592007e-15 
 1047.000  3.456700e+02  1.947014e+01 -3.048882e-15 
 1048.000  3.489664e+02  1.960445e+01  3.080673e-15 
 1049.000  3.465600e+02  1.941849e+01 -5.714381e-15 
 1050.000  3.442913e+02  1.923905e+01  4.079774e-16 
 1051.000  3.440227e+02  1.916925e+01  0.000000e+00 
 1052.000  3.422097e+02  1.901655e+01  8.694889e-15 
 1053.000  3.422838e+02  1.897234e+01 -8.699420e-15 
 1054.000  3.384727e+02  1.870788e+01 -5.810138e-15 
 1055.000  3.406347e+02  1.877372e+01  0.000000e+00 
 1056.000  3.394483e+02  1.865632e+01  6.045728e-15 
 1057.000  3.382426e+02  1.853064e+01  5.839621e-15 
 1058.000  3.336416e+02  1.820977e+01 -2.593884e-15 
 1059.000  3.231376e+02  1.759392e+01 -1.943227e-16 
 1060.000  3.352650e+02  1.822095e+01  8.606078e-15 
 1061.000  3.233813e+02  1.753405e+01  1.680793e-14 
 1062.000  3.317419e+02  1.793461e+01  0.000000e+00 
 1063.000  3.258798e+02  1.757547e+01  0.000000e+00 
 1064.000  3.295599e+02  1.772414e+01  1.992943e-16 
 1065.000  3.284639e+02  1.761262e+01  5.749258e-15 
 1066.000  3.184650e+02  1.704109e+01  0.000000e+00 
 1067.000  3.257426e+02  1.738640e+01 -5.906118e-15 
 1068.000  3.231917e+02  1.719373e+01  2.898241e-15 
 1069.000  2.982776e+02  1.582325e+01 -1.198882e-15 
 1070.000  3.163123e+02  1.674773e+01 -6.741748e-16 
 1071.000  3.160654e+02  1.668548e+01  1.013981e-15 
 1072.000  3.162112e+02  1.664487e+01 -2.539478e-15 
 1073.000  3.057370e+02  1.605774e+01 -4.504910e-15 
 1074.000  3.167346e+02  1.660314e+01  9.871411e-16 
 1075.000  3.084211e+02  1.615323e+01 -5.512857e-15 
 1076.000  3.143753e+02  1.641863e+01  1.051536e-15 
 1077.000  3.125871e+02  1.627585e+01  8.016865e-16 
 1078.000  3.121695e+02  1.620323e+01 -4.868244e-15 
 1079.000  2.999745e+02  1.553607e+01  1.960224e-15 
 1080.000  3.051265e+02  1.573070e+01  5.088582e-16 
 1081.000  2.938043e+02  1.511397e+01 -2.073692e-16 
 1082.000  2.992676e+02  1.537909e+01 -1.619092e-15 
 1083.000  2.893284e+02  1.481904e+01  1.146242e-15 
 1084.000  2.982183e+02  1.522412e+01  1.407033e-15 
 1085.000  2.891351e+02  1.469495e+01  4.635174e-16 
 1086.000  2.941996e+02  1.492865e+01  2.039968e-15 
 1087.000  2.816815e+02  1.430368e+01 -1.339537e-15 
 1088.000  2.990932e+02  1.515874e+01 -2.429927e-15 
 1089.000  2.808537e+02  1.415680e+01  5.517160e-17 
 1090.000  2.856772e+02  1.436244e+01 -1.377010e-15 
 1091.000  2.889017e+02  1.450119e+01  2.711833e-15 
 1092.000  2.788010e+02  1.394704e+01 -3.477122e-16 
 1093.000  2.677937e+02  1.334050e+01 -1.999416e-15 
 1094.000  2.407301e+02  1.195933e+01 -3.091780e-15 
 1095.000  2.611014e+02  1.294479e+01 -3.646652e-15 
 1096.000  2.604855e+02  1.288602e+01  4.434765e-16 
 1097.000  2.554865e+02  1.260648e+01  2.145002e-15 
 1098.000  2.337074e+02  1.145659e+01 -6.133851e-16 
 1099.000  2.180864e+02  1.056851e+01 -6.197013e-16 
 1100.000  2.228923e+02  1.078730e+01 -6.303582e-16 
