  400.000  5.934120e+02  4.059603e+02 -1.720953e-13 
  401.000  5.915634e+02  4.005971e+02  4.759703e-15 
  402.000  6.287511e+02  4.214955e+02  1.916552e-13 
  403.000  5.905529e+02  3.919294e+02  1.731416e-14 
  404.000  6.363771e+02  4.181433e+02  2.568414e-14 
  405.000  5.851816e+02  3.807026e+02  2.065767e-14 
  406.000  5.823149e+02  3.751172e+02  9.780496e-14 
  407.000  5.686265e+02  3.627246e+02 -1.284054e-14 
  408.000  6.176053e+02  3.901461e+02  6.541667e-14 
  409.000  6.853397e+02  4.287581e+02 -3.878900e-14 
  410.000  5.743937e+02  3.559019e+02  4.570954e-14 
  411.000  6.761420e+02  4.149501e+02  3.832122e-14 
  412.000  7.022584e+02  4.268881e+02 -8.325024e-15 
  413.000  6.649353e+02  4.003906e+02 -1.670066e-13 
  414.000  6.541151e+02  3.901730e+02 -2.554778e-14 
  415.000  6.991945e+02  4.131789e+02  7.957267e-14 
  416.000  6.964614e+02  4.077485e+02  2.780792e-14 
  417.000  6.767330e+02  3.925449e+02  5.292442e-14 
  418.000  6.634208e+02  3.812938e+02 -1.969814e-13 
  419.000  6.811224e+02  3.878953e+02  9.034785e-14 
  420.000  5.777160e+02  3.260204e+02 -7.233820e-15 
  421.000  7.253014e+02  4.056162e+02  4.216727e-14 
  422.000  6.963930e+02  3.859600e+02  1.625643e-13 
  423.000  5.893198e+02  3.237079e+02  3.431060e-14 
  424.000  6.494988e+02  3.536030e+02 -2.620594e-14 
  425.000  6.739925e+02  3.636984e+02 -5.543101e-14 
  426.000  6.491441e+02  3.472135e+02  1.804152e-14 
  427.000  6.255958e+02  3.316953e+02 -5.739874e-15 
  428.000  6.346652e+02  3.335803e+02 -1.530316e-14 
  429.000  5.784764e+02  3.014198e+02 -1.460263e-14 
  430.000  4.624645e+02  2.388981e+02 -3.349901e-14 
  431.000  4.165542e+02  2.133415e+02 -7.770273e-14 
  432.000  7.511544e+02  3.814355e+02  1.386626e-14 
  433.000  6.698281e+02  3.372582e+02  4.127990e-14 
  434.000  6.377672e+02  3.184114e+02 -4.566266e-14 
  435.000  6.950884e+02  3.441219e+02 -1.348325e-13 
  436.000  7.720832e+02  3.790526e+02  1.618709e-13 
  437.000  7.808695e+02  3.801843e+02 -3.084042e-14 
  438.000  7.006828e+02  3.383250e+02  1.858635e-13 
  439.000  6.791734e+02  3.252443e+02  4.462842e-14 
  440.000  7.624843e+02  3.621501e+02 -2.556692e-14 
  441.000  7.612655e+02  3.586227e+02 -1.203018e-14 
  442.000  8.030765e+02  3.752451e+02  4.743006e-15 
  443.000  8.097573e+02  3.753032e+02 -3.080526e-14 
  444.000  8.057910e+02  3.704516e+02 -7.830781e-14 
  445.000  8.489498e+02  3.871517e+02  2.267288e-14 
  446.000  7.568810e+02  3.423897e+02 -2.100687e-14 
  447.000  8.645891e+02  3.880135e+02 -2.094792e-13 
  448.000  8.803560e+02  3.920215e+02 -1.784300e-14 
  449.000  8.877191e+02  3.922603e+02 -2.283656e-13 
  450.000  9.084592e+02  3.983444e+02  7.088555e-14 
  451.000  9.832680e+02  4.278378e+02  9.148755e-14 
  452.000  9.154296e+02  3.952651e+02 -1.257950e-14 
  453.000  8.510162e+02  3.646408e+02 -1.227464e-13 
  454.000  9.086309e+02  3.863565e+02 -2.053569e-13 
  455.000  9.163150e+02  3.866609e+02 -8.480898e-14 
  456.000  9.398810e+02  3.935938e+02 -1.101032e-13 
  457.000  9.465081e+02  3.933791e+02 -8.310761e-14 
  458.000  9.311904e+02  3.841053e+02  3.370856e-14 
  459.000  9.323918e+02  3.817191e+02 -7.362196e-14 
  460.000  9.255715e+02  3.761018e+02  2.278921e-13 
  461.000  9.604607e+02  3.873823e+02 -2.595943e-13 
  462.000  9.461159e+02  3.787732e+02  3.641100e-14 
  463.000  9.476376e+02  3.765858e+02  5.146604e-14 
  464.000  9.519603e+02  3.755414e+02 -6.074719e-14 
  465.000  9.392272e+02  3.678208e+02 -9.040633e-14 
  466.000  9.701619e+02  3.771760e+02  9.035929e-14 
  467.000  9.370406e+02  3.616567e+02 -8.791623e-14 
  468.000  9.931386e+02  3.805188e+02 -7.379938e-15 
  469.000  9.855325e+02  3.748423e+02 -9.564643e-14 
  470.000  9.730093e+02  3.673579e+02 -8.068001e-14 
  471.000  9.722637e+02  3.643591e+02  3.533245e-14 
  472.000  9.851356e+02  3.664384e+02 -3.615494e-13 
  473.000  9.753610e+02  3.600870e+02  2.377305e-13 
  474.000  9.841198e+02  3.605852e+02 -2.467604e-15 
  475.000  1.024740e+03  3.725455e+02  2.220138e-14 
  476.000  9.939587e+02  3.584493e+02  3.980617e-14 
  477.000  9.855967e+02  3.526797e+02  1.093166e-13 
  478.000  1.035349e+03  3.680623e+02 -3.013694e-14 
  479.000  9.894225e+02  3.496630e+02 -3.802827e-14 
  480.000  1.010010e+03  3.548974e+02 -1.610649e-13 
  481.000  1.004890e+03  3.510091e+02 -8.850149e-14 
  482.000  1.026916e+03  3.565109e+02 -1.153724e-13 
  483.000  1.028957e+03  3.549746e+02 -2.880768e-14 
  484.000  9.902870e+02  3.394326e+02  7.126559e-14 
  485.000  9.984758e+02  3.400036e+02  1.318478e-14 
  486.000  8.102722e+02  2.741061e+02 -1.851453e-14 
  487.000  9.115033e+02  3.063264e+02  3.484439e-15 
  488.000  9.905594e+02  3.307076e+02 -4.093199e-14 
  489.000  9.216058e+02  3.056699e+02  1.767810e-14 
  490.000  1.050102e+03  3.460131e+02 -7.364896e-15 
  491.000  9.835217e+02  3.219579e+02  1.436589e-13 
  492.000  9.459914e+02  3.076531e+02 -4.230017e-14 
  493.000  1.019756e+03  3.294903e+02  1.460515e-14 
  494.000  9.860201e+02  3.165261e+02  3.051390e-14 
  495.000  1.054990e+03  3.364838e+02 -2.153366e-13 
  496.000  1.028443e+03  3.259030e+02  1.218233e-13 
  497.000  9.985753e+02  3.144099e+02 -2.703071e-13 
  498.000  9.758892e+02  3.053058e+02 -5.204003e-14 
  499.000  9.744313e+02  3.029075e+02 -1.276252e-13 
  500.000  9.710297e+02  2.999350e+02 -3.906170e-14 
  501.000  9.501259e+02  2.916196e+02  1.559630e-13 
  502.000  9.447555e+02  2.881439e+02  1.788369e-13 
  503.000  1.001976e+03  3.036780e+02 -2.133627e-13 
  504.000  9.330677e+02  2.810236e+02  7.664871e-14 
  505.000  1.007289e+03  3.014833e+02  1.314385e-14 
  506.000  1.079190e+03  3.210111e+02 -5.535592e-14 
  507.000  1.004886e+03  2.970735e+02 -2.456611e-14 
  508.000  9.644387e+02  2.833736e+02  4.961432e-15 
  509.000  1.040784e+03  3.039427e+02  6.521502e-14 
  510.000  1.009217e+03  2.929327e+02  3.686263e-14 
  511.000  1.010261e+03  2.914575e+02 -4.648669e-14 
  512.000  1.061101e+03  3.042749e+02 -1.083156e-13 
  513.000  9.718524e+02  2.770054e+02 -5.293766e-14 
  514.000  9.521401e+02  2.697592e+02 -1.199196e-14 
  515.000  9.727272e+02  2.739452e+02 -5.479835e-14 
  516.000  1.022485e+03  2.862383e+02 -1.870741e-14 
  517.000  7.537198e+02  2.097391e+02 -2.343101e-14 
  518.000  9.337932e+02  2.583015e+02  2.508601e-13 
  519.000  8.852884e+02  2.434316e+02  8.601505e-15 
  520.000  9.753409e+02  2.666091e+02 -1.485638e-13 
  521.000  9.765355e+02  2.653599e+02 -4.629625e-14 
  522.000  1.015954e+03  2.744404e+02 -5.468918e-14 
  523.000  9.470300e+02  2.543046e+02  2.025653e-13 
  524.000  1.028145e+03  2.744571e+02  1.022306e-13 
  525.000  1.020564e+03  2.708255e+02  2.379243e-14 
  526.000  9.732192e+02  2.567542e+02  2.010958e-14 
  527.000  8.506950e+02  2.231174e+02  1.540663e-14 
  528.000  1.022333e+03  2.665697e+02 -4.965868e-14 
  529.000  1.052019e+03  2.727161e+02  2.055931e-13 
  530.000  9.946865e+02  2.563631e+02  5.598323e-14 
  531.000  1.083387e+03  2.776174e+02 -5.586299e-14 
  532.000  1.034189e+03  2.635002e+02 -3.364746e-14 
  533.000  9.088969e+02  2.302758e+02 -1.023123e-13 
  534.000  9.889655e+02  2.491820e+02 -8.947404e-14 
  535.000  1.009649e+03  2.530124e+02 -8.271236e-14 
  536.000  1.071995e+03  2.671791e+02 -3.980172e-14 
  537.000  9.951550e+02  2.466786e+02  6.758956e-14 
  538.000  1.042347e+03  2.569654e+02  3.679651e-14 
  539.000  1.039531e+03  2.548714e+02 -5.276876e-15 
  540.000  1.017930e+03  2.482118e+02 -1.098144e-13 
  541.000  9.339879e+02  2.265021e+02  1.955202e-13 
  542.000  1.042496e+03  2.514405e+02  3.667037e-14 
  543.000  9.977966e+02  2.393523e+02  6.019217e-14 
  544.000  1.053083e+03  2.512431e+02  7.701191e-15 
  545.000  1.038063e+03  2.463180e+02 -4.695979e-14 
  546.000  1.015629e+03  2.396922e+02  5.187325e-14 
  547.000  1.059457e+03  2.486908e+02 -5.507443e-14 
  548.000  9.836420e+02  2.296555e+02  8.471368e-14 
  549.000  1.035876e+03  2.405573e+02 -5.813994e-14 
  550.000  1.013912e+03  2.341994e+02 -4.179453e-14 
  551.000  1.008489e+03  2.317012e+02 -1.292030e-13 
  552.000  1.052932e+03  2.406242e+02  7.102406e-15 
  553.000  1.012609e+03  2.301783e+02  1.382549e-13 
  554.000  1.046651e+03  2.366540e+02  8.767748e-14 
  555.000  1.050561e+03  2.362809e+02  7.718571e-14 
  556.000  1.022543e+03  2.287650e+02  1.107771e-13 
  557.000  9.930996e+02  2.210034e+02  8.171687e-14 
  558.000  1.031752e+03  2.283938e+02  3.432602e-14 
  559.000  9.760990e+02  2.149355e+02  6.321096e-14 
  560.000  9.812344e+02  2.149248e+02 -5.614493e-14 
  561.000  1.079324e+03  2.351584e+02 -8.675648e-15 
  562.000  9.913820e+02  2.148108e+02 -5.926673e-14 
  563.000  1.038013e+03  2.237168e+02 -4.382741e-14 
  564.000  1.024139e+03  2.195385e+02  1.324536e-14 
  565.000  1.036893e+03  2.210440e+02 -9.214412e-14 
  566.000  9.566705e+02  2.028532e+02 -4.214185e-14 
  567.000  1.026277e+03  2.162971e+02 -1.623838e-14 
  568.000  1.021718e+03  2.135828e+02  2.136343e-14 
  569.000  9.956664e+02  2.059598e+02  4.427040e-14 
  570.000  1.002532e+03  2.064399e+02 -5.703358e-14 
  571.000  9.720215e+02  1.998575e+02 -1.911422e-14 
  572.000  1.023602e+03  2.085862e+02 -3.480675e-14 
  573.000  1.036239e+03  2.101635e+02  1.880930e-14 
  574.000  1.031616e+03  2.082174e+02  2.725417e-14 
  575.000  1.006784e+03  2.020959e+02  1.741191e-14 
  576.000  9.892044e+02  1.975371e+02 -1.198220e-14 
  577.000  1.032527e+03  2.054133e+02  3.008508e-14 
  578.000  1.004977e+03  1.992818e+02  7.761321e-15 
  579.000  9.996908e+02  1.975283e+02  3.459999e-14 
  580.000  1.036555e+03  2.040483e+02 -1.783088e-14 
  581.000  1.020955e+03  2.003748e+02  2.042828e-14 
  582.000  1.038602e+03  2.030722e+02 -8.310482e-15 
  583.000  1.047484e+03  2.039065e+02 -8.308575e-14 
  584.000  1.045641e+03  2.026336e+02  4.765674e-14 
  585.000  1.040030e+03  2.006059e+02  1.677129e-13 
  586.000  9.965231e+02  1.913156e+02  8.340913e-14 
  587.000  1.034384e+03  1.972011e+02 -3.198392e-14 
  588.000  1.015806e+03  1.914657e+02  2.037170e-14 
  589.000  8.887972e+02  1.654466e+02 -1.548003e-14 
  590.000  9.280190e+02  1.718649e+02  6.930801e-15 
  591.000  9.964151e+02  1.845463e+02  3.759338e-14 
  592.000  9.732820e+02  1.789393e+02 -2.785763e-14 
  593.000  9.949423e+02  1.831772e+02 -4.032707e-15 
  594.000  1.002560e+03  1.834319e+02  2.623733e-14 
  595.000  9.768088e+02  1.771415e+02  1.491410e-14 
  596.000  1.012643e+03  1.839200e+02 -5.844507e-15 
  597.000  1.014311e+03  1.831008e+02  1.309759e-14 
  598.000  9.987542e+02  1.799875e+02  4.746521e-14 
  599.000  1.001680e+03  1.799255e+02  1.710449e-14 
  600.000  1.006547e+03  1.804509e+02  5.115101e-14 
  601.000  1.004427e+03  1.797454e+02 -1.391770e-14 
  602.000  9.951403e+02  1.774363e+02  4.580942e-14 
  603.000  1.002874e+03  1.781613e+02  3.297940e-14 
  604.000  1.036255e+03  1.833851e+02 -3.132555e-14 
  605.000  1.034928e+03  1.823832e+02 -8.728001e-15 
  606.000  1.023945e+03  1.796456e+02 -7.686853e-14 
  607.000  1.019189e+03  1.780150e+02  9.678127e-14 
  608.000  1.016421e+03  1.767371e+02 -8.163641e-16 
  609.000  1.006920e+03  1.742994e+02 -6.924017e-14 
  610.000  9.916968e+02  1.708950e+02 -4.227408e-14 
  611.000  1.008686e+03  1.730434e+02 -2.461184e-14 
  612.000  9.964232e+02  1.701737e+02  1.095927e-14 
  613.000  9.827057e+02  1.670780e+02 -8.602725e-14 
  614.000  9.480171e+02  1.604565e+02 -2.227835e-14 
  615.000  9.942469e+02  1.675277e+02 -3.631221e-14 
  616.000  9.460962e+02  1.586995e+02 -1.069058e-13 
  617.000  9.521712e+02  1.589996e+02  3.883161e-14 
  618.000  9.977946e+02  1.658645e+02 -9.948886e-14 
  619.000  9.892963e+02  1.637024e+02 -3.180876e-14 
  620.000  1.004536e+03  1.654644e+02 -1.065826e-13 
  621.000  1.022389e+03  1.676299e+02 -1.430384e-13 
  622.000  9.689304e+02  1.581281e+02 -9.124812e-14 
  623.000  9.768914e+02  1.586776e+02  1.067948e-13 
  624.000  9.783438e+02  1.581700e+02 -1.733796e-14 
  625.000  9.521760e+02  1.532171e+02 -3.132585e-14 
  626.000  9.569432e+02  1.531960e+02  1.525374e-13 
  627.000  9.701571e+02  1.540663e+02  2.039354e-14 
  628.000  9.449645e+02  1.479677e+02  3.156927e-14 
  629.000  9.763270e+02  1.529301e+02  3.132702e-14 
  630.000  9.472583e+02  1.480613e+02  1.330532e-14 
  631.000  9.850258e+02  1.535966e+02 -2.317798e-14 
  632.000  9.163795e+02  1.420394e+02 -7.485864e-14 
  633.000  9.884893e+02  1.530774e+02  5.769830e-14 
  634.000  9.611242e+02  1.484240e+02 -3.699329e-14 
  635.000  9.797900e+02  1.506945e+02 -4.010484e-15 
  636.000  9.468354e+02  1.451346e+02 -3.121137e-14 
  637.000  9.795722e+02  1.496072e+02  5.738975e-14 
  638.000  9.974255e+02  1.519710e+02 -1.861111e-14 
  639.000  9.902401e+02  1.502716e+02 -4.637382e-14 
  640.000  9.608528e+02  1.453426e+02  1.089443e-14 
  641.000  9.756320e+02  1.469745e+02 -1.141662e-14 
  642.000  9.653120e+02  1.449128e+02 -9.848877e-14 
  643.000  9.819297e+02  1.466255e+02  2.482106e-14 
  644.000  9.714526e+02  1.444648e+02  1.602074e-14 
  645.000  9.789133e+02  1.447147e+02  7.554808e-14 
  646.000  9.353533e+02  1.369487e+02  4.329285e-16 
  647.000  9.438230e+02  1.371604e+02  3.453278e-14 
  648.000  9.371690e+02  1.352031e+02 -5.124418e-14 
  649.000  9.612990e+02  1.384900e+02 -6.376851e-15 
  650.000  9.000972e+02  1.299677e+02  1.936830e-14 
  651.000  9.701785e+02  1.395091e+02  3.010248e-14 
  652.000  9.439275e+02  1.344175e+02  5.072157e-15 
  653.000  9.730990e+02  1.389173e+02  2.172351e-14 
  654.000  9.599397e+02  1.363675e+02  1.996178e-14 
  655.000  9.318612e+02  1.315084e+02  7.436604e-14 
  656.000  7.926327e+02  1.114999e+02 -2.564033e-14 
  657.000  8.481217e+02  1.189839e+02 -3.255961e-14 
  658.000  9.483972e+02  1.328501e+02 -2.520701e-14 
  659.000  9.529945e+02  1.331125e+02  7.048118e-14 
  660.000  9.618589e+02  1.339155e+02  1.517826e-14 
  661.000  9.690391e+02  1.346959e+02  4.626155e-14 
  662.000  9.845466e+02  1.364411e+02 -1.058722e-14 
  663.000  9.740128e+02  1.344083e+02 -3.152736e-14 
  664.000  9.594478e+02  1.319175e+02 -2.779977e-14 
  665.000  9.645385e+02  1.321294e+02  1.816658e-14 
  666.000  9.771381e+02  1.333781e+02 -7.198005e-15 
  667.000  9.585829e+02  1.303635e+02  2.505126e-14 
  668.000  9.649865e+02  1.307679e+02 -1.879248e-14 
  669.000  9.796149e+02  1.322493e+02  4.911247e-15 
  670.000  9.685909e+02  1.302601e+02  8.968831e-14 
  671.000  9.590474e+02  1.284875e+02 -2.997003e-14 
  672.000  9.565891e+02  1.276659e+02  5.431981e-14 
  673.000  9.641011e+02  1.281744e+02 -6.313445e-14 
  674.000  9.666268e+02  1.280175e+02  3.491350e-14 
  675.000  9.525031e+02  1.256647e+02 -1.480726e-14 
  676.000  9.711187e+02  1.276304e+02 -4.465800e-14 
  677.000  9.524202e+02  1.246950e+02  3.129055e-14 
  678.000  9.687991e+02  1.263564e+02 -1.094276e-16 
  679.000  9.556483e+02  1.241585e+02  6.705744e-14 
  680.000  9.485264e+02  1.227179e+02 -4.830275e-14 
  681.000  9.497771e+02  1.223606e+02  5.623900e-15 
  682.000  9.481519e+02  1.216694e+02 -1.650309e-14 
  683.000  9.548227e+02  1.220284e+02 -5.656355e-15 
  684.000  9.374703e+02  1.192685e+02  1.213125e-14 
  685.000  9.489731e+02  1.203278e+02 -7.202493e-14 
  686.000  9.060738e+02  1.142489e+02  2.634499e-15 
  687.000  7.862155e+02  9.621641e+01 -1.080552e-14 
  688.000  8.252151e+02  1.011484e+02 -4.774571e-15 
  689.000  8.163131e+02  9.950618e+01 -1.215951e-15 
  690.000  8.405530e+02  1.023826e+02  1.137208e-14 
  691.000  8.692488e+02  1.059305e+02 -1.647563e-14 
  692.000  8.769033e+02  1.066955e+02 -7.114948e-15 
  693.000  8.684677e+02  1.047844e+02  1.223017e-14 
  694.000  8.612758e+02  1.031086e+02  1.061751e-14 
  695.000  8.587659e+02  1.026865e+02 -7.713948e-15 
  696.000  8.764083e+02  1.045930e+02 -3.914801e-15 
  697.000  9.111758e+02  1.095019e+02 -3.003654e-14 
  698.000  8.876442e+02  1.059833e+02 -4.832539e-15 
  699.000  8.745659e+02  1.031088e+02 -5.935173e-15 
  700.000  8.693986e+02  1.022370e+02 -3.253934e-15 
  701.000  8.436907e+02  9.868493e+01  8.036375e-15 
  702.000  8.444846e+02  9.852821e+01  2.507558e-14 
  703.000  8.808988e+02  1.031456e+02 -3.327953e-14 
  704.000  8.847470e+02  1.032505e+02  1.372751e-14 
  705.000  8.816361e+02  1.021695e+02 -4.446107e-14 
  706.000  8.745065e+02  1.010330e+02 -4.644626e-14 
  707.000  8.651193e+02  9.969682e+01  4.026767e-14 
  708.000  8.944368e+02  1.028325e+02 -4.609797e-14 
  709.000  8.706385e+02  1.000193e+02  4.207139e-14 
  710.000  8.825573e+02  1.007065e+02 -9.447182e-15 
  711.000  8.824155e+02  1.006350e+02  5.762659e-15 
  712.000  8.775418e+02  1.000087e+02  1.280629e-14 
  713.000  8.682605e+02  9.834826e+01 -1.074373e-14 
  714.000  8.811885e+02  9.936665e+01  1.896480e-14 
  715.000  8.411957e+02  9.418056e+01  7.100216e-15 
  716.000  8.532137e+02  9.485919e+01  2.338241e-14 
  717.000  7.676382e+02  8.387862e+01  5.326880e-16 
  718.000  7.249493e+02  7.825871e+01  1.479203e-15 
  719.000  7.029830e+02  7.532123e+01 -2.824802e-15 
  720.000  6.877307e+02  7.297429e+01  7.161973e-15 
  721.000  7.776694e+02  8.400694e+01 -3.305378e-14 
  722.000  8.222767e+02  8.911723e+01  4.082670e-15 
  723.000  8.016566e+02  8.622994e+01  1.900368e-14 
  724.000  7.530843e+02  7.992287e+01  1.692864e-14 
  725.000  7.526512e+02  7.970741e+01  1.976490e-14 
  726.000  7.489980e+02  7.901098e+01 -4.433429e-15 
  727.000  7.677827e+02  8.083163e+01  6.935581e-15 
  728.000  7.467012e+02  7.822286e+01 -7.099653e-15 
  729.000  7.365048e+02  7.718655e+01  2.096169e-15 
  730.000  7.604332e+02  7.938495e+01  1.886468e-14 
  731.000  7.439542e+02  7.735440e+01  3.658861e-15 
  732.000  7.921779e+02  8.259602e+01 -1.191013e-14 
  733.000  8.127038e+02  8.506714e+01  1.851875e-14 
  734.000  8.456331e+02  8.862748e+01  5.107142e-15 
  735.000  8.334999e+02  8.690682e+01  1.311557e-14 
  736.000  8.080781e+02  8.372754e+01 -2.011660e-15 
  737.000  8.266604e+02  8.554153e+01  2.625366e-14 
  738.000  8.352242e+02  8.641709e+01 -3.714279e-14 
  739.000  8.128069e+02  8.394319e+01  3.429725e-14 
  740.000  8.305791e+02  8.582053e+01  2.668751e-14 
  741.000  8.298350e+02  8.566634e+01 -8.252632e-15 
  742.000  8.187041e+02  8.432175e+01  3.240153e-14 
  743.000  8.481910e+02  8.726662e+01 -2.470576e-15 
  744.000  8.587912e+02  8.817170e+01 -5.508984e-14 
  745.000  8.384302e+02  8.587378e+01 -2.294056e-14 
  746.000  8.517144e+02  8.700455e+01 -6.650106e-14 
  747.000  8.655092e+02  8.812398e+01  4.701790e-14 
  748.000  8.508895e+02  8.639546e+01  2.156839e-15 
  749.000  8.518208e+02  8.621991e+01 -4.518416e-15 
  750.000  8.391653e+02  8.462656e+01 -7.363296e-14 
  751.000  8.373814e+02  8.416558e+01  6.107853e-14 
  752.000  8.514078e+02  8.533553e+01 -3.621224e-15 
  753.000  8.439485e+02  8.431911e+01  3.860196e-14 
  754.000  8.576581e+02  8.541189e+01  7.694614e-14 
  755.000  8.531104e+02  8.467824e+01 -5.484898e-14 
  756.000  8.367852e+02  8.278448e+01  5.617565e-14 
  757.000  8.432221e+02  8.314456e+01 -2.987431e-14 
  758.000  8.411744e+02  8.261362e+01  5.180820e-14 
  759.000  7.531251e+02  7.238181e+01 -2.929390e-14 
  760.000  2.658209e+02  2.270979e+01 -8.746273e-16 
  761.000  2.269889e+02  1.898901e+01  8.056018e-17 
  762.000  4.756548e+02  4.266704e+01 -8.766941e-16 
  763.000  4.030498e+02  3.539134e+01 -1.186530e-15 
  764.000  4.464290e+02  3.940533e+01 -4.569022e-15 
  765.000  5.475902e+02  4.937484e+01  4.357407e-15 
  766.000  6.381128e+02  5.927750e+01  1.676225e-15 
  767.000  7.074709e+02  6.603619e+01  2.092988e-14 
  768.000  7.761492e+02  7.274755e+01 -6.035718e-15 
  769.000  7.999744e+02  7.526561e+01  3.042312e-14 
  770.000  8.087088e+02  7.614886e+01 -1.825307e-14 
  771.000  8.158662e+02  7.676008e+01 -3.122161e-14 
  772.000  8.143687e+02  7.641809e+01 -1.763799e-14 
  773.000  8.118904e+02  7.595892e+01 -1.838452e-14 
  774.000  8.213884e+02  7.662065e+01 -2.237834e-15 
  775.000  7.911031e+02  7.357172e+01  5.370224e-14 
  776.000  8.241760e+02  7.641129e+01  7.609230e-14 
  777.000  8.187416e+02  7.566317e+01  1.026366e-15 
  778.000  8.145455e+02  7.502831e+01 -2.208174e-14 
  779.000  8.173889e+02  7.504342e+01  6.119092e-15 
  780.000  8.074651e+02  7.388981e+01  1.231685e-13 
  781.000  8.066958e+02  7.360196e+01  5.842566e-15 
  782.000  8.165978e+02  7.426178e+01  6.998597e-14 
  783.000  7.977006e+02  7.230716e+01 -1.047532e-14 
  784.000  8.021118e+02  7.245766e+01 -2.733751e-14 
  785.000  8.028267e+02  7.220352e+01 -2.131916e-14 
  786.000  7.866245e+02  7.038756e+01  4.181366e-17 
  787.000  7.927380e+02  7.046587e+01  2.531842e-14 
  788.000  7.780138e+02  6.881542e+01 -1.960332e-14 
  789.000  7.717925e+02  6.767387e+01 -5.124757e-16 
  790.000  7.632010e+02  6.667960e+01 -1.404564e-14 
  791.000  7.615170e+02  6.638459e+01 -1.645394e-14 
  792.000  7.515369e+02  6.536742e+01 -7.567413e-15 
  793.000  7.553738e+02  6.564014e+01 -1.387775e-14 
  794.000  7.569094e+02  6.591473e+01  2.660050e-15 
  795.000  7.474291e+02  6.466798e+01  1.510361e-14 
  796.000  7.451873e+02  6.380005e+01 -3.066453e-14 
  797.000  7.544207e+02  6.451105e+01 -1.725599e-14 
  798.000  7.646574e+02  6.549316e+01 -2.854011e-14 
  799.000  7.620323e+02  6.498952e+01  4.106099e-15 
  800.000  7.355483e+02  6.232343e+01 -4.909193e-15 
  801.000  7.502203e+02  6.339327e+01 -1.311230e-14 
  802.000  7.482460e+02  6.301007e+01  8.116653e-15 
  803.000  7.387119e+02  6.204397e+01 -4.361933e-15 
  804.000  7.488552e+02  6.280034e+01 -3.988506e-15 
  805.000  7.346528e+02  6.161945e+01 -9.282405e-15 
  806.000  7.584722e+02  6.355561e+01  3.649233e-14 
  807.000  7.542850e+02  6.301567e+01 -6.260919e-15 
  808.000  7.477172e+02  6.219817e+01  1.923878e-14 
  809.000  7.326365e+02  6.066833e+01 -7.888721e-15 
  810.000  7.266282e+02  5.989462e+01 -1.526381e-14 
  811.000  7.323947e+02  6.001176e+01 -1.250081e-14 
  812.000  7.218495e+02  5.876267e+01 -8.119245e-15 
  813.000  7.088387e+02  5.731753e+01 -2.548085e-15 
  814.000  6.945732e+02  5.576823e+01  5.091640e-15 
  815.000  6.705638e+02  5.345327e+01 -8.692310e-15 
  816.000  6.435125e+02  5.092598e+01 -1.078111e-14 
  817.000  6.486579e+02  5.118099e+01  5.565940e-15 
  818.000  6.465420e+02  5.087620e+01 -6.656503e-15 
  819.000  6.361530e+02  4.998264e+01  4.616957e-15 
  820.000  6.467831e+02  5.092326e+01 -2.007068e-15 
  821.000  6.955189e+02  5.503550e+01 -4.522319e-15 
  822.000  6.559794e+02  5.142201e+01 -8.532276e-15 
  823.000  6.086613e+02  4.702294e+01  3.904223e-15 
  824.000  6.661648e+02  5.179952e+01 -1.058471e-14 
  825.000  6.963510e+02  5.448024e+01  1.974011e-14 
  826.000  6.956353e+02  5.416860e+01  1.705950e-14 
  827.000  6.895608e+02  5.346681e+01 -1.139340e-14 
  828.000  6.678607e+02  5.134518e+01 -6.878646e-15 
  829.000  6.749747e+02  5.183027e+01  7.276719e-15 
  830.000  6.725074e+02  5.160614e+01  3.387989e-15 
  831.000  6.627124e+02  5.073623e+01  8.056999e-15 
  832.000  6.772891e+02  5.171999e+01 -1.219323e-14 
  833.000  6.608750e+02  5.039631e+01  3.029735e-15 
  834.000  6.761415e+02  5.151138e+01 -4.561572e-15 
  835.000  6.877871e+02  5.247768e+01  8.514787e-15 
  836.000  6.926821e+02  5.261863e+01  2.870645e-14 
  837.000  6.867634e+02  5.201040e+01 -7.385709e-15 
  838.000  6.942579e+02  5.254359e+01 -2.394951e-15 
  839.000  6.755527e+02  5.105461e+01  3.779608e-15 
  840.000  6.948189e+02  5.238614e+01  9.831270e-15 
  841.000  6.937592e+02  5.206873e+01 -2.753661e-14 
  842.000  6.922474e+02  5.187924e+01  1.690649e-14 
  843.000  6.938629e+02  5.204495e+01  3.853554e-16 
  844.000  6.852468e+02  5.134518e+01 -1.072766e-14 
  845.000  6.970690e+02  5.212593e+01 -9.284649e-16 
  846.000  7.046774e+02  5.257822e+01 -1.220564e-14 
  847.000  6.819069e+02  5.079230e+01  1.204131e-14 
  848.000  6.998541e+02  5.189217e+01 -1.512340e-14 
  849.000  7.015592e+02  5.187889e+01  1.404465e-14 
  850.000  6.057026e+02  4.462166e+01 -2.424520e-14 
  851.000  6.927083e+02  5.083238e+01 -1.568857e-14 
  852.000  6.666893e+02  4.878627e+01 -1.100182e-14 
  853.000  6.766309e+02  4.945327e+01  3.037411e-14 
  854.000  5.439985e+02  3.964123e+01  9.203825e-17 
  855.000  5.998735e+02  4.362466e+01  9.044738e-15 
  856.000  6.828175e+02  4.959950e+01  9.428613e-15 
  857.000  6.947153e+02  5.036219e+01 -4.027572e-14 
  858.000  6.841299e+02  4.947393e+01  1.487404e-14 
  859.000  6.850560e+02  4.944668e+01  3.260050e-15 
  860.000  6.794644e+02  4.892474e+01 -4.956712e-14 
  861.000  6.795800e+02  4.879675e+01 -5.930880e-14 
  862.000  6.777119e+02  4.853700e+01  1.092469e-14 
  863.000  6.908334e+02  4.933717e+01 -4.086055e-14 
  864.000  6.897442e+02  4.912823e+01  5.598725e-14 
  865.000  6.771514e+02  4.810137e+01  4.203662e-14 
  866.000  5.681360e+02  4.024427e+01  1.246497e-14 
  867.000  6.050964e+02  4.273926e+01  3.001491e-15 
  868.000  6.563906e+02  4.623178e+01 -1.048722e-14 
  869.000  6.473487e+02  4.546802e+01 -4.560740e-15 
  870.000  6.741478e+02  4.721436e+01 -8.762837e-15 
  871.000  6.733628e+02  4.702834e+01 -9.489983e-15 
  872.000  6.708854e+02  4.672865e+01  1.048443e-14 
  873.000  6.736000e+02  4.677962e+01  5.234240e-14 
  874.000  6.589059e+02  4.562720e+01  4.967975e-14 
  875.000  6.529548e+02  4.508714e+01 -3.212353e-14 
  876.000  6.583623e+02  4.532437e+01 -2.253398e-14 
  877.000  6.715305e+02  4.609647e+01 -1.649023e-14 
  878.000  6.596425e+02  4.512563e+01  3.148351e-14 
  879.000  6.612485e+02  4.510698e+01 -2.841333e-15 
  880.000  6.571312e+02  4.467662e+01  8.077923e-14 
  881.000  6.228754e+02  4.221689e+01 -1.829682e-14 
  882.000  6.571605e+02  4.440331e+01 -4.536732e-15 
  883.000  6.425008e+02  4.330440e+01  6.740600e-15 
  884.000  6.481586e+02  4.356920e+01 -1.072943e-15 
  885.000  6.540820e+02  4.379639e+01  3.759996e-15 
  886.000  6.315369e+02  4.210450e+01 -2.113440e-16 
  887.000  6.261296e+02  4.167756e+01 -1.673036e-14 
  888.000  6.449252e+02  4.280659e+01  4.818675e-15 
  889.000  6.496504e+02  4.301610e+01 -4.599023e-15 
  890.000  6.468817e+02  4.267495e+01 -1.923716e-14 
  891.000  6.418550e+02  4.216390e+01 -5.254353e-15 
  892.000  6.355931e+02  4.149702e+01 -2.179316e-14 
  893.000  5.984011e+02  3.862909e+01 -6.481888e-15 
  894.000  6.114202e+02  3.922022e+01 -1.290803e-14 
  895.000  5.597417e+02  3.552280e+01 -1.324874e-14 
  896.000  5.585910e+02  3.516632e+01 -2.506654e-15 
  897.000  5.219859e+02  3.260652e+01 -3.674862e-16 
  898.000  5.118831e+02  3.180689e+01 -6.917066e-16 
  899.000  4.810176e+02  2.956067e+01  3.909565e-15 
  900.000  4.732389e+02  2.903984e+01 -1.936065e-15 
  901.000  4.557201e+02  2.781718e+01  2.053680e-15 
  902.000  4.488298e+02  2.734588e+01  2.629030e-15 
  903.000  5.238405e+02  3.223434e+01 -1.997661e-15 
  904.000  5.634572e+02  3.479669e+01  1.343488e-15 
  905.000  5.609310e+02  3.454713e+01  2.327293e-15 
  906.000  5.265307e+02  3.221508e+01  2.050308e-15 
  907.000  5.007988e+02  3.035481e+01  2.077178e-15 
  908.000  4.654265e+02  2.795564e+01 -2.398606e-15 
  909.000  4.584100e+02  2.746519e+01 -1.759277e-17 
  910.000  4.671867e+02  2.794514e+01 -5.541671e-16 
  911.000  4.803575e+02  2.877313e+01  1.714447e-15 
  912.000  4.744610e+02  2.829338e+01  2.828729e-16 
  913.000  4.549745e+02  2.676250e+01  1.122470e-15 
  914.000  4.671213e+02  2.757409e+01 -8.343410e-16 
  915.000  4.706869e+02  2.782440e+01  1.267668e-15 
  916.000  4.798144e+02  2.832010e+01 -3.910946e-16 
  917.000  4.788454e+02  2.824344e+01 -2.653084e-15 
  918.000  4.848255e+02  2.858363e+01  2.796838e-15 
  919.000  5.202438e+02  3.076712e+01  6.007911e-16 
  920.000  5.374260e+02  3.185090e+01 -4.795740e-16 
  921.000  5.210411e+02  3.077086e+01 -9.954960e-16 
  922.000  5.160573e+02  3.039564e+01  3.590707e-15 
  923.000  4.887742e+02  2.867679e+01  5.492384e-15 
  924.000  4.952719e+02  2.889972e+01  8.182520e-16 
  925.000  5.006277e+02  2.911732e+01  1.249936e-15 
  926.000  4.821492e+02  2.793707e+01 -2.247354e-15 
  927.000  4.831944e+02  2.780483e+01  1.894299e-15 
  928.000  4.604151e+02  2.621814e+01  1.448144e-16 
  929.000  4.180638e+02  2.335797e+01 -5.731331e-16 
  930.000  3.729651e+02  2.026336e+01 -6.618582e-17 
  931.000  3.256865e+02  1.724856e+01 -1.559012e-16 
  932.000  2.639961e+02  1.359667e+01  4.658345e-18 
  933.000  2.242892e+02  1.133409e+01 -3.807725e-18 
  934.000  1.838988e+02  9.092439e+00 -1.347452e-18 
  935.000  1.771358e+02  8.711377e+00  7.939548e-17 
  936.000  1.900966e+02  9.395524e+00 -4.395083e-18 
  937.000  1.908407e+02  9.395769e+00  8.661006e-17 
  938.000  2.322488e+02  1.164910e+01 -1.927333e-16 
  939.000  3.593984e+02  1.890484e+01 -7.834694e-16 
  940.000  3.777057e+02  2.004547e+01  7.630607e-17 
  941.000  3.525884e+02  1.849568e+01  2.762662e-17 
  942.000  3.006438e+02  1.542991e+01 -1.865694e-16 
  943.000  2.528224e+02  1.264801e+01 -6.017646e-17 
  944.000  2.415803e+02  1.203045e+01 -2.125657e-16 
  945.000  2.656746e+02  1.329157e+01  1.588112e-16 
  946.000  2.707336e+02  1.352310e+01 -1.001498e-16 
  947.000  2.897188e+02  1.455114e+01 -3.647826e-18 
  948.000  3.038220e+02  1.529526e+01  3.654724e-16 
  949.000  3.034319e+02  1.523711e+01  2.951219e-16 
  950.000  3.046941e+02  1.528382e+01 -1.466110e-16 
  951.000  3.307110e+02  1.674613e+01  6.021606e-17 
  952.000  3.014544e+02  1.505186e+01 -1.180800e-16 
  953.000  3.214741e+02  1.615441e+01  6.176218e-17 
  954.000  3.410277e+02  1.728822e+01 -7.548007e-17 
  955.000  3.019006e+02  1.514521e+01  3.025271e-16 
  956.000  3.185203e+02  1.593089e+01 -2.883966e-16 
  957.000  3.759827e+02  1.934301e+01  1.057203e-16 
  958.000  3.869130e+02  1.995682e+01  2.853503e-16 
  959.000  3.787763e+02  1.938677e+01 -5.738008e-16 
  960.000  3.725901e+02  1.899805e+01 -6.995847e-16 
  961.000  3.639473e+02  1.846360e+01 -2.775289e-16 
  962.000  3.703565e+02  1.879611e+01  3.794533e-16 
  963.000  4.021953e+02  2.074485e+01 -1.190361e-15 
  964.000  4.024418e+02  2.075913e+01 -1.282669e-15 
  965.000  4.043969e+02  2.078373e+01 -1.035508e-15 
  966.000  3.946277e+02  2.025601e+01  2.183358e-16 
  967.000  4.303088e+02  2.224999e+01  4.014371e-16 
  968.000  4.659198e+02  2.427127e+01 -3.755236e-15 
  969.000  4.875349e+02  2.544719e+01 -1.849663e-15 
  970.000  4.899930e+02  2.552272e+01 -1.295179e-15 
  971.000  4.852657e+02  2.521131e+01 -5.761961e-15 
  972.000  4.834118e+02  2.501827e+01 -1.826169e-15 
  973.000  4.668887e+02  2.403776e+01 -2.576214e-15 
  974.000  4.453902e+02  2.280606e+01 -1.757079e-15 
  975.000  4.384496e+02  2.234962e+01 -4.611551e-16 
  976.000  4.552394e+02  2.320425e+01 -8.393551e-16 
  977.000  4.623138e+02  2.359789e+01 -1.980824e-15 
  978.000  4.722883e+02  2.404371e+01 -4.130321e-15 
  979.000  4.635142e+02  2.356900e+01 -3.131093e-15 
  980.000  4.894740e+02  2.495767e+01 -1.091766e-14 
  981.000  4.973233e+02  2.533372e+01 -6.944707e-15 
  982.000  4.919879e+02  2.496854e+01  1.054948e-14 
  983.000  5.008196e+02  2.544419e+01 -4.737895e-16 
  984.000  5.079077e+02  2.585477e+01 -5.457294e-15 
  985.000  5.136559e+02  2.615988e+01 -2.508643e-16 
  986.000  5.171295e+02  2.638538e+01 -2.463415e-16 
  987.000  5.264263e+02  2.684900e+01 -1.494495e-15 
  988.000  5.207579e+02  2.650726e+01 -2.068681e-15 
  989.000  5.146825e+02  2.614134e+01  2.596495e-15 
  990.000  5.199201e+02  2.635564e+01 -1.385854e-16 
  991.000  5.270457e+02  2.670177e+01  6.753508e-15 
  992.000  5.230270e+02  2.644697e+01 -2.591870e-15 
  993.000  5.232975e+02  2.639115e+01 -1.009645e-14 
  994.000  5.285367e+02  2.664307e+01  1.157746e-14 
  995.000  5.264121e+02  2.650666e+01 -1.663763e-14 
  996.000  5.263420e+02  2.643662e+01 -1.020834e-14 
  997.000  5.258865e+02  2.632449e+01  1.546036e-14 
  998.000  5.227179e+02  2.607347e+01  4.198955e-15 
  999.000  5.210182e+02  2.591421e+01 -1.049586e-14 
 1000.000  5.172905e+02  2.567260e+01  1.289630e-15 
 1001.000  5.176755e+02  2.558384e+01  4.684649e-15 
 1002.000  5.129225e+02  2.521288e+01 -5.341691e-15 
 1003.000  5.079444e+02  2.492278e+01 -1.188962e-14 
 1004.000  5.060457e+02  2.480928e+01 -1.150513e-14 
 1005.000  4.736826e+02  2.318327e+01  1.573494e-14 
 1006.000  4.989225e+02  2.436421e+01  3.466543e-15 
 1007.000  5.073070e+02  2.469798e+01  1.118987e-14 
 1008.000  5.062626e+02  2.452814e+01 -1.171626e-14 
 1009.000  4.989299e+02  2.404277e+01  1.016970e-14 
 1010.000  5.027698e+02  2.419869e+01  1.126512e-15 
 1011.000  5.046609e+02  2.430828e+01  9.624073e-15 
 1012.000  5.066250e+02  2.437468e+01  1.521734e-14 
 1013.000  5.042810e+02  2.422139e+01  7.110111e-16 
 1014.000  5.081442e+02  2.435900e+01  2.117067e-14 
 1015.000  4.989133e+02  2.385985e+01  9.513759e-15 
 1016.000  5.027355e+02  2.399624e+01  5.358676e-15 
 1017.000  4.981700e+02  2.372723e+01 -9.532311e-15 
 1018.000  5.039636e+02  2.392785e+01  7.637507e-16 
 1019.000  4.910621e+02  2.322593e+01  3.386754e-15 
 1020.000  4.905833e+02  2.315749e+01 -2.527141e-15 
 1021.000  4.965342e+02  2.340399e+01 -8.032081e-15 
 1022.000  4.874169e+02  2.287964e+01 -2.911878e-15 
 1023.000  4.954222e+02  2.317803e+01  4.687036e-15 
 1024.000  4.920713e+02  2.294839e+01 -3.057065e-15 
 1025.000  4.945310e+02  2.305088e+01  1.851258e-15 
 1026.000  4.963044e+02  2.310294e+01  4.834916e-15 
 1027.000  4.928918e+02  2.287710e+01  5.818751e-15 
 1028.000  4.944897e+02  2.290409e+01  2.996532e-15 
 1029.000  4.881183e+02  2.257929e+01  1.245737e-14 
 1030.000  4.940796e+02  2.282281e+01  7.949835e-15 
 1031.000  4.930684e+02  2.273263e+01 -2.350534e-14 
 1032.000  4.917815e+02  2.262729e+01 -4.724673e-15 
 1033.000  4.828639e+02  2.216487e+01 -1.036536e-14 
 1034.000  4.882314e+02  2.236190e+01 -1.976496e-14 
 1035.000  4.831791e+02  2.207910e+01  6.490194e-16 
 1036.000  4.894598e+02  2.231105e+01 -1.225567e-14 
 1037.000  4.792185e+02  2.179214e+01 -9.275661e-15 
 1038.000  4.840390e+02  2.195903e+01  5.241164e-15 
 1039.000  4.859506e+02  2.198849e+01 -1.021284e-14 
 1040.000  4.801528e+02  2.167048e+01  7.134010e-15 
 1041.000  4.826479e+02  2.172753e+01 -2.847499e-15 
 1042.000  4.840707e+02  2.173749e+01 -7.788747e-15 
 1043.000  4.757338e+02  2.131079e+01 -3.880351e-15 
 1044.000  4.804151e+02  2.146611e+01 -1.315693e-15 
 1045.000  4.782188e+02  2.131006e+01 -6.291047e-15 
 1046.000  4.642121e+02  2.063177e+01 -7.956851e-15 
 1047.000  4.726189e+02  2.094982e+01 -3.351570e-15 
 1048.000  4.772176e+02  2.109844e+01  1.157277e-14 
 1049.000  4.740332e+02  2.090337e+01 -3.007361e-15 
 1050.000  4.710269e+02  2.071431e+01 -7.466505e-17 
 1051.000  4.707935e+02  2.064427e+01 -8.072875e-15 
 1052.000  4.684193e+02  2.048450e+01 -1.106819e-14 
 1053.000  4.685845e+02  2.044071e+01  1.671442e-14 
 1054.000  4.634985e+02  2.016074e+01  1.351861e-15 
 1055.000  4.666139e+02  2.023780e+01 -6.890498e-15 
 1056.000  4.651373e+02  2.011752e+01 -1.234821e-15 
 1057.000  4.637462e+02  1.999075e+01 -5.789029e-15 
 1058.000  4.578328e+02  1.965602e+01 -7.720690e-16 
 1059.000  4.434813e+02  1.899563e+01  8.844922e-15 
 1060.000  4.599999e+02  1.967192e+01  2.828592e-15 
 1061.000  4.437702e+02  1.893371e+01 -7.849252e-15 
 1062.000  4.554712e+02  1.937276e+01 -5.476579e-16 
 1063.000  4.475355e+02  1.898936e+01  2.193274e-16 
 1064.000  4.527973e+02  1.915641e+01  8.055192e-15 
 1065.000  4.514857e+02  1.904047e+01 -6.887717e-15 
 1066.000  4.377129e+02  1.842234e+01  3.770579e-15 
 1067.000  4.477849e+02  1.879688e+01  1.280487e-15 
 1068.000  4.445450e+02  1.859265e+01  9.378531e-16 
 1069.000  4.103594e+02  1.711039e+01 -8.648618e-16 
 1070.000  4.350083e+02  1.810410e+01  5.691907e-15 
 1071.000  4.348286e+02  1.803892e+01 -2.442317e-16 
 1072.000  4.352085e+02  1.799815e+01 -5.251940e-15 
 1073.000  4.207564e+02  1.736108e+01 -2.934372e-15 
 1074.000  4.357583e+02  1.794598e+01 -3.639938e-15 
 1075.000  4.238538e+02  1.744674e+01  2.845131e-15 
 1076.000  4.322018e+02  1.773636e+01  4.933585e-15 
 1077.000  4.299965e+02  1.758753e+01 -7.147345e-15 
 1078.000  4.297400e+02  1.751634e+01  1.236604e-15 
 1079.000  4.129359e+02  1.679397e+01  7.792353e-15 
 1080.000  4.209935e+02  1.702901e+01 -4.062976e-15 
 1081.000  4.053746e+02  1.636102e+01 -2.708540e-16 
 1082.000  4.124242e+02  1.663487e+01 -5.748246e-16 
 1083.000  3.992014e+02  1.604126e+01 -1.927988e-15 
 1084.000  4.120132e+02  1.649400e+01  1.765892e-15 
 1085.000  4.007899e+02  1.595593e+01 -3.707135e-15 
 1086.000  4.074514e+02  1.620001e+01 -2.892063e-15 
 1087.000  3.886358e+02  1.548264e+01 -8.560009e-16 
 1088.000  4.125567e+02  1.640531e+01  2.159015e-15 
 1089.000  3.891464e+02  1.536726e+01 -1.261926e-15 
 1090.000  3.961524e+02  1.559921e+01  1.993786e-15 
 1091.000  4.002576e+02  1.574032e+01  1.452230e-15 
 1092.000  3.871352e+02  1.516224e+01 -1.860525e-15 
 1093.000  3.737833e+02  1.455550e+01  3.038474e-16 
 1094.000  3.367666e+02  1.306979e+01  1.182136e-15 
 1095.000  3.651274e+02  1.414324e+01 -2.392677e-15 
 1096.000  3.641691e+02  1.407692e+01 -2.557842e-15 
 1097.000  3.575783e+02  1.378310e+01  4.525669e-15 
 1098.000  3.314872e+02  1.266400e+01 -6.656557e-16 
 1099.000  3.130489e+02  1.183137e+01  2.972233e-16 
 1100.000  3.196905e+02  1.206564e+01  4.013096e-16 
