  400.000  8.188776e-06  1.824648e+01  6.771670e-17 
  401.000  9.080627e-06  1.812897e+01 -1.613441e-15 
  402.000  1.071614e-05  1.920553e+01 -1.654534e-15 
  403.000  1.116996e-05  1.798059e+01  3.001233e-15 
  404.000  1.333488e-05  1.931424e+01 -1.621553e-15 
  405.000  1.356610e-05  1.770462e+01 -1.821047e-16 
  406.000  1.491973e-05  1.756365e+01  1.692573e-15 
  407.000  1.608751e-05  1.709890e+01  1.161401e-15 
  408.000  1.927593e-05  1.851644e+01  1.363539e-15 
  409.000  2.355724e-05  2.048690e+01  2.660620e-16 
  410.000  2.172163e-05  1.712067e+01  1.130271e-17 
  411.000  2.809141e-05  2.009559e+01  4.232064e-16 
  412.000  3.202182e-05  2.081267e+01 -6.709210e-17 
  413.000  3.325066e-05  1.965207e+01  4.630299e-15 
  414.000  3.575599e-05  1.924039e+01 -4.489681e-16 
  415.000  4.185523e-05  2.052636e+01 -3.888680e-15 
  416.000  4.556002e-05  2.040657e+01  4.061563e-15 
  417.000  4.834309e-05  1.978585e+01 -2.090025e-15 
  418.000  5.168885e-05  1.934599e+01 -1.789925e-15 
  419.000  5.777520e-05  1.981091e+01  2.226611e-15 
  420.000  5.333318e-05  1.676052e+01 -1.175527e-15 
  421.000  7.280610e-05  2.099038e+01  1.738740e-16 
  422.000  7.594879e-05  2.010479e+01  6.083177e-16 
  423.000  6.980884e-05  1.697310e+01 -1.618384e-16 
  424.000  8.342860e-05  1.866065e+01  1.494144e-15 
  425.000  9.376896e-05  1.931255e+01  5.447486e-16 
  426.000  9.772935e-05  1.855127e+01 -1.611420e-15 
  427.000  1.017795e-04  1.783164e+01  4.825001e-16 
  428.000  1.115278e-04  1.803882e+01  7.351888e-17 
  429.000  1.097001e-04  1.639310e+01 -7.663589e-17 
  430.000  9.450377e-05  1.306699e+01 -1.684510e-16 
  431.000  9.169251e-05  1.173571e+01  1.166461e-15 
  432.000  1.779685e-04  2.110186e+01  1.736715e-15 
  433.000  1.706073e-04  1.876388e+01 -3.010713e-15 
  434.000  1.745326e-04  1.781576e+01  8.500428e-16 
  435.000  2.042629e-04  1.936307e+01 -1.672411e-15 
  436.000  2.433127e-04  2.144848e+01 -1.287444e-15 
  437.000  2.637234e-04  2.163313e+01 -3.795065e-15 
  438.000  2.534077e-04  1.935858e+01  1.417536e-15 
  439.000  2.627925e-04  1.871375e+01  6.046650e-18 
  440.000  3.152615e-04  2.095231e+01 -1.634466e-15 
  441.000  3.360747e-04  2.086227e+01  4.936595e-17 
  442.000  3.779601e-04  2.194797e+01  3.335171e-15 
  443.000  4.059644e-04  2.207009e+01 -4.659888e-16 
  444.000  4.297302e-04  2.190171e+01 -8.463198e-16 
  445.000  4.807435e-04  2.300998e+01  2.538395e-15 
  446.000  4.543632e-04  2.045474e+01 -3.664365e-16 
  447.000  5.517349e-04  2.331145e+01 -2.231864e-18 
  448.000  6.000124e-04  2.369984e+01  2.450144e-16 
  449.000  6.470917e-04  2.386551e+01  1.084931e-15 
  450.000  7.071003e-04  2.438850e+01  1.809841e-15 
  451.000  8.148479e-04  2.634950e+01  3.001256e-15 
  452.000  8.065044e-04  2.447994e+01 -2.491907e-15 
  453.000  7.958647e-04  2.270818e+01 -4.324600e-16 
  454.000  9.008753e-04  2.419220e+01  5.846704e-16 
  455.000  9.613457e-04  2.431951e+01  1.892084e-15 
  456.000  1.041800e-03  2.483541e+01 -2.811905e-16 
  457.000  1.108475e-03  2.490336e+01 -2.804607e-15 
  458.000  1.150949e-03  2.439547e+01 -1.314471e-15 
  459.000  1.214993e-03  2.432159e+01  5.064803e-16 
  460.000  1.271341e-03  2.404050e+01 -8.606692e-16 
  461.000  1.389858e-03  2.484074e+01 -5.515735e-16 
  462.000  1.440074e-03  2.436500e+01 -1.172675e-15 
  463.000  1.516894e-03  2.430430e+01 -4.645218e-16 
  464.000  1.607610e-03  2.443892e+01  1.441689e-15 
  465.000  1.671070e-03  2.413431e+01 -1.053545e-15 
  466.000  1.816733e-03  2.495036e+01  2.662498e-15 
  467.000  1.844158e-03  2.411654e+01 -3.240599e-15 
  468.000  2.045375e-03  2.549736e+01 -1.373987e-15 
  469.000  2.114446e-03  2.520056e+01  1.042829e-15 
  470.000  2.167178e-03  2.477179e+01 -4.461314e-15 
  471.000  2.238257e-03  2.463410e+01  1.282281e-15 
  472.000  2.335414e-03  2.481434e+01  7.893107e-16 
  473.000  2.368194e-03  2.437235e+01  2.084605e-16 
  474.000  2.438027e-03  2.438516e+01 -1.090535e-15 
  475.000  2.553053e-03  2.514011e+01 -2.564393e-16 
  476.000  2.455192e-03  2.410517e+01 -1.612125e-15 
  477.000  2.440927e-03  2.364329e+01 -4.205793e-16 
  478.000  2.722203e-03  2.472202e+01 -1.918865e-15 
  479.000  2.843287e-03  2.359715e+01 -2.330296e-16 
  480.000  3.193740e-03  2.408249e+01  6.419235e-16 
  481.000  3.456647e-03  2.394087e+01  2.078756e-16 
  482.000  3.804626e-03  2.446187e+01  1.982073e-15 
  483.000  4.064693e-03  2.448067e+01  3.533975e-16 
  484.000  4.131840e-03  2.350789e+01  2.318154e-16 
  485.000  4.372956e-03  2.363424e+01 -6.131076e-16 
  486.000  3.718108e-03  1.915601e+01  5.268996e-16 
  487.000  4.376450e-03  2.155138e+01  4.634785e-16 
  488.000  4.966475e-03  2.341904e+01 -1.464926e-15 
  489.000  4.820294e-03  2.178593e+01 -2.985590e-16 
  490.000  5.727852e-03  2.481984e+01 -2.512093e-15 
  491.000  5.578627e-03  2.316950e+01  1.260969e-16 
  492.000  5.571869e-03  2.219385e+01 -2.339312e-16 
  493.000  6.235674e-03  2.382727e+01 -5.023531e-16 
  494.000  6.252097e-03  2.294381e+01 -2.978038e-16 
  495.000  6.938845e-03  2.444890e+01 -3.153129e-15 
  496.000  6.990887e-03  2.361771e+01  4.350198e-17 
  497.000  7.015539e-03  2.272073e+01  8.810588e-16 
  498.000  7.081468e-03  2.200124e+01  5.337256e-16 
  499.000  7.299895e-03  2.176632e+01 -1.359201e-15 
  500.000  7.507825e-03  2.149203e+01  2.892602e-17 
  501.000  7.573770e-03  2.083060e+01  5.442577e-16 
  502.000  7.764560e-03  2.051881e+01 -9.414568e-17 
  503.000  8.485051e-03  2.155868e+01 -2.091224e-15 
  504.000  8.139827e-03  1.988902e+01 -1.672924e-15 
  505.000  9.045477e-03  2.127065e+01  7.615632e-17 
  506.000  1.003043e-02  2.274211e+01 -1.254196e-15 
  507.000  9.664429e-03  2.114159e+01  3.030357e-15 
  508.000  9.600375e-03  2.025853e+01  7.144207e-16 
  509.000  1.071777e-02  2.182722e+01  4.861029e-16 
  510.000  1.074412e-02  2.113002e+01  1.747250e-15 
  511.000  1.110653e-02  2.109566e+01 -9.362144e-16 
  512.000  1.203905e-02  2.209304e+01 -3.015178e-17 
  513.000  1.138033e-02  2.017691e+01  3.115702e-15 
  514.000  1.150180e-02  1.971107e+01  6.800408e-16 
  515.000  1.212039e-02  2.008001e+01 -1.797519e-15 
  516.000  1.311210e-02  2.099488e+01  4.706236e-16 
  517.000  9.922308e-03  1.536064e+01  3.821652e-17 
  518.000  1.261822e-02  1.888856e+01 -1.799854e-15 
  519.000  1.227609e-02  1.777429e+01 -1.389365e-16 
  520.000  1.387579e-02  1.943770e+01 -3.129281e-15 
  521.000  1.423914e-02  1.931380e+01  1.185963e-15 
  522.000  1.515556e-02  1.992650e+01 -8.214097e-16 
  523.000  1.441375e-02  1.841452e+01  4.269955e-16 
  524.000  1.597397e-02  1.982121e+01 -6.372109e-17 
  525.000  1.616293e-02  1.950427e+01 -7.308155e-16 
  526.000  1.574356e-02  1.844505e+01  6.533425e-16 
  527.000  1.402299e-02  1.596532e+01  9.462277e-16 
  528.000  1.715377e-02  1.898738e+01  3.540682e-16 
  529.000  1.797126e-02  1.933708e+01  7.211077e-17 
  530.000  1.730441e-02  1.809665e+01 -2.175455e-16 
  531.000  1.919810e-02  1.951094e+01  3.587997e-16 
  532.000  1.869850e-02  1.844931e+01  5.349242e-16 
  533.000  1.684961e-02  1.613141e+01  1.680421e-15 
  534.000  1.888290e-02  1.747740e+01  2.623482e-15 
  535.000  1.991682e-02  1.777646e+01  2.138688e-15 
  536.000  2.182934e-02  1.880266e+01  2.401295e-16 
  537.000  2.087525e-02  1.738387e+01 -2.467875e-15 
  538.000  2.247177e-02  1.812778e+01 -1.660047e-15 
  539.000  2.299823e-02  1.799533e+01 -1.208758e-15 
  540.000  2.309002e-02  1.753767e+01 -2.271202e-15 
  541.000  2.171139e-02  1.601436e+01 -5.321279e-16 
  542.000  2.481784e-02  1.778816e+01  3.672816e-16 
  543.000  2.431162e-02  1.694221e+01  1.582769e-15 
  544.000  2.622242e-02  1.777680e+01  1.906901e-16 
  545.000  2.638975e-02  1.740746e+01 -6.626109e-16 
  546.000  2.635567e-02  1.691858e+01  2.636112e-16 
  547.000  2.807039e-02  1.753349e+01 -3.906984e-16 
  548.000  2.659810e-02  1.617235e+01  1.351223e-16 
  549.000  2.858355e-02  1.692040e+01 -5.391997e-16 
  550.000  2.851901e-02  1.643627e+01 -5.401126e-16 
  551.000  2.885770e-02  1.620862e+01  9.198998e-16 
  552.000  3.066714e-02  1.677975e+01  3.479005e-16 
  553.000  2.999195e-02  1.599905e+01  9.177576e-16 
  554.000  3.151284e-02  1.639526e+01  1.308830e-15 
  555.000  3.214571e-02  1.631577e+01  3.271197e-16 
  556.000  3.177842e-02  1.573942e+01  1.158968e-15 
  557.000  3.129862e-02  1.514134e+01  6.587108e-16 
  558.000  3.294992e-02  1.558101e+01 -2.666724e-15 
  559.000  3.157312e-02  1.459923e+01  1.878850e-16 
  560.000  3.209141e-02  1.453113e+01 -1.447542e-15 
  561.000  3.563006e-02  1.582195e+01  5.897298e-17 
  562.000  3.240125e-02  1.435279e+01 -1.905012e-15 
  563.000  3.409804e-02  1.487197e+01  1.928355e-16 
  564.000  3.362543e-02  1.450965e+01 -5.015548e-16 
  565.000  3.360821e-02  1.450111e+01  1.546251e-16 
  566.000  3.116161e-02  1.323230e+01  2.664700e-16 
  567.000  3.335313e-02  1.399842e+01 -4.036384e-16 
  568.000  3.207463e-02  1.370932e+01 -6.609509e-16 
  569.000  1.811655e-02  1.278362e+01  1.485773e-17 
  570.000  1.846934e-02  1.274453e+01  4.614235e-16 
  571.000  2.900993e-02  1.257345e+01  2.649289e-16 
  572.000  1.853789e-02  1.270519e+01  1.412237e-16 
  573.000  1.913675e-02  1.272438e+01 -1.679511e-16 
  574.000  1.911012e-02  1.253151e+01  6.850057e-17 
  575.000  1.843993e-02  1.212034e+01  3.284477e-16 
  576.000  1.818067e-02  1.187378e+01  4.701077e-17 
  577.000  2.912362e-02  1.268774e+01 -2.422100e-16 
  578.000  2.949781e-02  1.238574e+01 -2.211095e-16 
  579.000  3.115822e-02  1.241827e+01 -3.260806e-16 
  580.000  3.526344e-02  1.305404e+01 -2.334073e-16 
  581.000  3.849178e-02  1.308341e+01 -5.782731e-16 
  582.000  4.245470e-02  1.349382e+01 -6.715944e-16 
  583.000  4.575669e-02  1.376324e+01 -2.264060e-16 
  584.000  4.798254e-02  1.384906e+01 -1.900634e-16 
  585.000  5.015846e-02  1.389619e+01  7.587429e-16 
  586.000  4.976274e-02  1.338787e+01 -3.294445e-17 
  587.000  3.616143e-02  1.360356e+01  1.521181e-16 
  588.000  2.935609e-02  1.317917e+01 -3.376760e-16 
  589.000  1.920689e-02  1.117104e+01 -5.211975e-17 
  590.000  2.000106e-02  1.162488e+01 -8.857985e-17 
  591.000  2.709042e-02  1.273920e+01  4.877553e-17 
  592.000  2.422020e-02  1.228603e+01  2.243700e-16 
  593.000  3.159447e-02  1.284192e+01  2.994806e-16 
  594.000  3.086376e-02  1.285039e+01 -6.591070e-16 
  595.000  2.605752e-02  1.228493e+01 -3.360655e-17 
  596.000  3.452135e-02  1.293510e+01  1.445323e-16 
  597.000  3.367517e-02  1.275324e+01  5.269640e-16 
  598.000  3.667348e-02  1.253656e+01  2.231879e-16 
  599.000  3.886186e-02  1.248639e+01 -1.118580e-16 
  600.000  4.361294e-02  1.250754e+01  1.171467e-15 
  601.000  6.545611e-02  1.270911e+01  4.888555e-16 
  602.000  6.590870e-02  1.245659e+01  7.588954e-16 
  603.000  6.745218e-02  1.252314e+01 -3.815045e-16 
  604.000  7.117883e-02  1.302848e+01  1.371055e-15 
  605.000  7.365690e-02  1.310744e+01 -7.853189e-16 
  606.000  7.480893e-02  1.303076e+01  1.381777e-15 
  607.000  7.630776e-02  1.302909e+01  1.158137e-16 
  608.000  7.764395e-02  1.304587e+01 -3.649326e-16 
  609.000  7.834912e-02  1.297132e+01 -3.987193e-16 
  610.000  7.854325e-02  1.282623e+01  3.138307e-16 
  611.000  8.131404e-02  1.311258e+01 -9.466954e-16 
  612.000  8.170024e-02  1.301713e+01 -1.293535e-15 
  613.000  8.186568e-02  1.289798e+01 -1.299574e-15 
  614.000  8.016098e-02  1.249795e+01  7.374122e-16 
  615.000  8.532839e-02  1.316545e+01 -5.480398e-16 
  616.000  8.231556e-02  1.257968e+01 -8.853725e-17 
  617.000  8.383029e-02  1.270734e+01  1.095762e-16 
  618.000  8.867873e-02  1.334817e+01  6.677751e-16 
  619.000  8.847714e-02  1.325300e+01  8.471939e-16 
  620.000  9.028552e-02  1.347074e+01 -1.002700e-15 
  621.000  9.208837e-02  1.371478e+01 -3.014935e-16 
  622.000  8.721780e-02  1.299324e+01  6.374313e-16 
  623.000  8.746419e-02  1.308040e+01 -8.399323e-17 
  624.000  8.718003e-02  1.308245e+01  1.130874e-16 
  625.000  8.429541e-02  1.271044e+01 -3.122515e-17 
  626.000  8.168422e-02  1.267952e+01  2.083327e-16 
  627.000  5.885356e-02  1.246809e+01  3.324542e-16 
  628.000  5.052745e-02  1.220631e+01  1.392914e-16 
  629.000  5.467998e-02  1.256050e+01 -1.118789e-16 
  630.000  5.973749e-02  1.231969e+01 -2.705199e-16 
  631.000  6.427816e-02  1.283616e+01  2.670773e-16 
  632.000  5.537521e-02  1.191541e+01  3.300773e-16 
  633.000  6.774390e-02  1.302088e+01  2.738589e-16 
  634.000  9.475881e-02  1.312612e+01 -4.491820e-16 
  635.000  1.011654e-01  1.360403e+01  3.096799e-16 
  636.000  1.031366e-01  1.336663e+01 -5.642208e-16 
  637.000  1.120654e-01  1.403938e+01 -3.314082e-16 
  638.000  1.199263e-01  1.449394e+01 -1.216835e-15 
  639.000  1.235025e-01  1.455760e+01  4.952358e-17 
  640.000  1.248896e-01  1.432209e+01  7.731612e-16 
  641.000  1.320029e-01  1.472812e+01  1.590986e-16 
  642.000  1.347134e-01  1.470625e+01 -4.115149e-16 
  643.000  1.395776e-01  1.503394e+01  9.823047e-16 
  644.000  1.409958e-01  1.496682e+01  2.330462e-16 
  645.000  1.050914e-01  1.478734e+01  8.763312e-17 
  646.000  8.527010e-02  1.395693e+01 -7.248378e-16 
  647.000  7.856076e-02  1.395994e+01 -3.014287e-16 
  648.000  6.991646e-02  1.371025e+01  7.406130e-16 
  649.000  8.094393e-02  1.432288e+01 -3.492170e-16 
  650.000  9.334872e-02  1.380739e+01  7.867823e-17 
  651.000  1.021582e-01  1.493812e+01 -9.188476e-17 
  652.000  8.576009e-02  1.427633e+01 -3.959845e-16 
  653.000  1.087690e-01  1.514379e+01 -4.402303e-16 
  654.000  1.066171e-01  1.495794e+01  1.452724e-15 
  655.000  9.787129e-02  1.443935e+01  3.535674e-16 
  656.000  8.653042e-02  1.236540e+01  2.549968e-16 
  657.000  9.779839e-02  1.334330e+01 -1.561470e-18 
  658.000  1.198937e-01  1.510375e+01  5.384846e-16 
  659.000  1.287172e-01  1.530292e+01 -4.476267e-16 
  660.000  1.348761e-01  1.553186e+01  7.273455e-16 
  661.000  1.903279e-01  1.616267e+01  1.933763e-16 
  662.000  1.984233e-01  1.653228e+01 -9.905039e-16 
  663.000  1.979711e-01  1.637786e+01 -3.197278e-16 
  664.000  1.991926e-01  1.622883e+01  3.956194e-16 
  665.000  2.023431e-01  1.635755e+01 -2.983797e-17 
  666.000  2.078607e-01  1.665030e+01  1.399603e-15 
  667.000  2.061404e-01  1.641390e+01 -1.043537e-15 
  668.000  2.138940e-01  1.666301e+01 -6.241176e-16 
  669.000  2.224498e-01  1.701349e+01 -4.866360e-16 
  670.000  2.239117e-01  1.689900e+01 -2.029937e-15 
  671.000  2.263272e-01  1.681787e+01 -2.084163e-16 
  672.000  2.291745e-01  1.684265e+01 -2.222882e-16 
  673.000  2.342799e-01  1.704104e+01  5.428650e-16 
  674.000  2.381951e-01  1.715129e+01 -4.921306e-16 
  675.000  2.380554e-01  1.696617e+01  2.067737e-15 
  676.000  2.458678e-01  1.735638e+01  7.214357e-16 
  677.000  2.442091e-01  1.707069e+01  2.488592e-16 
  678.000  2.516251e-01  1.741434e+01 -1.535976e-15 
  679.000  2.496527e-01  1.720330e+01  4.766834e-16 
  680.000  2.453753e-01  1.702064e+01  3.549097e-16 
  681.000  2.503402e-01  1.706302e+01 -8.246171e-17 
  682.000  2.519096e-01  1.705226e+01  5.370591e-16 
  683.000  2.578253e-01  1.723103e+01  1.892735e-15 
  684.000  2.552069e-01  1.693845e+01  3.295209e-16 
  685.000  2.632091e-01  1.723503e+01  1.313319e-15 
  686.000  2.543445e-01  1.644230e+01  6.799500e-16 
  687.000  9.902207e-02  1.302722e+01  5.359371e-16 
  688.000  1.273680e-01  1.410426e+01 -5.877959e-16 
  689.000  1.197665e-01  1.382556e+01  6.265867e-16 
  690.000  1.358413e-01  1.448788e+01 -7.785163e-17 
  691.000  1.512501e-01  1.523767e+01  3.957979e-16 
  692.000  1.509169e-01  1.534171e+01  5.430674e-16 
  693.000  1.197380e-01  1.461579e+01 -2.791120e-16 
  694.000  9.209542e-02  1.397190e+01  4.691895e-17 
  695.000  1.040770e-01  1.416923e+01  8.383647e-17 
  696.000  1.174183e-01  1.465102e+01 -2.939523e-16 
  697.000  1.728418e-01  1.608006e+01 -3.124600e-16 
  698.000  1.584730e-01  1.550732e+01 -2.273834e-16 
  699.000  1.157058e-01  1.454715e+01 -2.998725e-16 
  700.000  1.212547e-01  1.457046e+01  3.718059e-17 
  701.000  1.098471e-01  1.398466e+01  2.080255e-16 
  702.000  1.177296e-01  1.412706e+01 -4.018763e-16 
  703.000  1.604904e-01  1.537445e+01 -4.631010e-16 
  704.000  1.656458e-01  1.549228e+01 -2.096232e-16 
  705.000  1.525758e-01  1.519921e+01 -2.282160e-16 
  706.000  1.564561e-01  1.513340e+01 -5.870787e-17 
  707.000  1.623362e-01  1.506686e+01 -3.479832e-16 
  708.000  1.765452e-01  1.568659e+01  6.114305e-16 
  709.000  1.874592e-01  1.547556e+01  7.367731e-17 
  710.000  1.770785e-01  1.546869e+01 -1.744161e-16 
  711.000  1.938716e-01  1.569016e+01  9.867384e-16 
  712.000  2.105913e-01  1.579169e+01  7.342748e-16 
  713.000  1.950565e-01  1.545618e+01  1.797693e-16 
  714.000  1.924949e-01  1.559994e+01 -1.268181e-16 
  715.000  1.632275e-01  1.459317e+01  1.097800e-16 
  716.000  1.386259e-01  1.441118e+01 -1.720802e-16 
  717.000  5.506794e-02  1.161203e+01 -6.281876e-17 
  718.000  3.267694e-02  1.044024e+01  2.398900e-17 
  719.000  2.610064e-02  9.946388e+00 -9.539442e-17 
  720.000  2.282142e-02  9.652649e+00  9.324851e-18 
  721.000  6.175550e-02  1.191287e+01 -7.678357e-17 
  722.000  9.993995e-02  1.332191e+01 -7.790375e-17 
  723.000  7.844652e-02  1.259093e+01 -6.538048e-17 
  724.000  4.332706e-02  1.107400e+01  3.825079e-17 
  725.000  4.505622e-02  1.110986e+01 -3.605841e-17 
  726.000  4.510380e-02  1.104055e+01  1.306589e-17 
  727.000  5.062679e-02  1.141148e+01 -3.243205e-17 
  728.000  4.743202e-02  1.102669e+01  1.008560e-16 
  729.000  5.790013e-02  1.112980e+01 -3.402359e-17 
  730.000  6.134987e-02  1.149445e+01 -2.948072e-18 
  731.000  6.162604e-02  1.124836e+01  7.763347e-17 
  732.000  9.402181e-02  1.253337e+01 -1.808918e-16 
  733.000  1.501169e-01  1.368114e+01 -2.398802e-16 
  734.000  1.928371e-01  1.470300e+01  2.938438e-18 
  735.000  1.850198e-01  1.437704e+01 -1.111230e-16 
  736.000  1.636391e-01  1.368371e+01 -1.234343e-16 
  737.000  1.851209e-01  1.419748e+01 -3.022262e-16 
  738.000  2.107314e-01  1.461658e+01  6.503688e-17 
  739.000  2.177790e-01  1.434229e+01 -7.793842e-16 
  740.000  2.516349e-01  1.493155e+01  2.219878e-17 
  741.000  2.757935e-01  1.507174e+01  3.192130e-16 
  742.000  2.852817e-01  1.492308e+01 -2.494331e-16 
  743.000  3.188883e-01  1.554099e+01  7.804953e-16 
  744.000  4.135915e-01  1.609140e+01 -6.862503e-16 
  745.000  4.096876e-01  1.571604e+01 -4.495840e-16 
  746.000  4.216653e-01  1.598550e+01 -2.771766e-16 
  747.000  4.327663e-01  1.625500e+01  1.257005e-17 
  748.000  4.280522e-01  1.600306e+01 -2.006633e-15 
  749.000  4.319405e-01  1.605732e+01  5.586340e-16 
  750.000  4.264537e-01  1.575272e+01  1.638786e-15 
  751.000  4.287956e-01  1.572056e+01  1.043434e-15 
  752.000  4.438707e-01  1.609902e+01  2.937858e-16 
  753.000  4.495527e-01  1.601306e+01  1.630905e-15 
  754.000  4.639401e-01  1.630585e+01  1.175983e-15 
  755.000  4.649369e-01  1.622119e+01  5.514985e-17 
  756.000  4.597927e-01  1.591549e+01 -5.701569e-16 
  757.000  4.660067e-01  1.602596e+01 -9.732777e-16 
  758.000  4.621899e-01  1.575192e+01  3.259249e-16 
  759.000  2.542181e-01  1.337160e+01 -4.531208e-16 
  760.000  1.921673e-02  4.667163e+00 -1.457922e-17 
  761.000  1.415030e-02  4.220270e+00 -6.509967e-17 
  762.000  6.487232e-02  7.392640e+00  2.736723e-17 
  763.000  4.498912e-02  6.361109e+00  4.474826e-17 
  764.000  5.571861e-02  6.962461e+00  3.318623e-17 
  765.000  8.722344e-02  8.550051e+00  2.772159e-17 
  766.000  1.598732e-01  1.055548e+01  3.607259e-17 
  767.000  2.373845e-01  1.234693e+01  2.224285e-16 
  768.000  3.076259e-01  1.412199e+01 -2.493189e-16 
  769.000  3.768815e-01  1.485581e+01 -2.904171e-16 
  770.000  4.058800e-01  1.532359e+01  7.148147e-17 
  771.000  5.021887e-01  1.568155e+01 -1.136024e-15 
  772.000  5.042213e-01  1.562648e+01 -6.265380e-16 
  773.000  5.041137e-01  1.554274e+01  2.308839e-16 
  774.000  5.098546e-01  1.577381e+01  2.914548e-16 
  775.000  4.966537e-01  1.525467e+01  5.669199e-16 
  776.000  5.251148e-01  1.593797e+01  1.518420e-16 
  777.000  5.227478e-01  1.581186e+01 -2.786620e-16 
  778.000  5.178290e-01  1.567860e+01  1.056105e-15 
  779.000  5.175287e-01  1.567894e+01 -1.392602e-16 
  780.000  5.165254e-01  1.545972e+01 -9.895070e-16 
  781.000  5.234981e-01  1.549487e+01  1.721344e-17 
  782.000  5.273594e-01  1.562689e+01  3.467777e-16 
  783.000  5.200605e-01  1.523599e+01  1.806932e-16 
  784.000  5.244472e-01  1.525180e+01  6.299747e-16 
  785.000  5.270814e-01  1.520385e+01  4.726326e-16 
  786.000  4.203948e-01  1.457759e+01 -3.987124e-16 
  787.000  3.916306e-01  1.456230e+01  1.713510e-16 
  788.000  3.639718e-01  1.417269e+01 -4.064980e-16 
  789.000  3.082391e-01  1.365055e+01  1.424752e-16 
  790.000  3.014579e-01  1.343873e+01 -4.333881e-16 
  791.000  3.091332e-01  1.345835e+01 -2.360223e-17 
  792.000  3.146390e-01  1.333486e+01  9.358424e-17 
  793.000  3.393179e-01  1.354817e+01 -5.102426e-16 
  794.000  3.994581e-01  1.382985e+01  3.425288e-16 
  795.000  3.600782e-01  1.349504e+01  3.890231e-16 
  796.000  2.939472e-01  1.292397e+01 -1.276697e-17 
  797.000  3.136761e-01  1.320984e+01  3.542280e-16 
  798.000  3.646656e-01  1.371027e+01  4.460237e-16 
  799.000  3.528340e-01  1.357244e+01  2.719451e-16 
  800.000  3.120825e-01  1.284574e+01 -9.851667e-17 
  801.000  3.228147e-01  1.311264e+01 -4.416713e-17 
  802.000  3.209121e-01  1.303806e+01  1.287648e-16 
  803.000  3.226438e-01  1.289284e+01  7.109443e-16 
  804.000  3.438371e-01  1.317620e+01  6.104097e-17 
  805.000  3.738934e-01  1.313048e+01 -3.327613e-17 
  806.000  4.151289e-01  1.366172e+01 -1.580265e-16 
  807.000  4.160047e-01  1.357691e+01 -9.163350e-16 
  808.000  3.982659e-01  1.337792e+01 -5.873279e-17 
  809.000  3.725699e-01  1.299678e+01  4.539074e-16 
  810.000  3.509991e-01  1.275428e+01 -3.462257e-16 
  811.000  3.240834e-01  1.260738e+01  8.064056e-17 
  812.000  2.844257e-01  1.210167e+01  1.555590e-16 
  813.000  2.402619e-01  1.151161e+01 -1.461814e-16 
  814.000  1.880507e-01  1.081649e+01 -2.127871e-17 
  815.000  1.332992e-01  9.920473e+00 -1.362330e-16 
  816.000  9.717684e-02  9.106052e+00  6.736073e-17 
  817.000  9.574326e-02  9.138650e+00 -2.438083e-17 
  818.000  9.712325e-02  9.115244e+00 -1.040532e-16 
  819.000  1.075848e-01  9.105123e+00 -1.562683e-16 
  820.000  1.541308e-01  9.758451e+00  8.021865e-17 
  821.000  2.358032e-01  1.119324e+01 -6.679743e-17 
  822.000  1.730130e-01  1.002949e+01  2.508563e-17 
  823.000  8.410404e-02  8.364586e+00  1.494391e-16 
  824.000  1.590787e-01  9.962072e+00 -3.387814e-17 
  825.000  2.515544e-01  1.123611e+01  1.596640e-16 
  826.000  2.487403e-01  1.114026e+01 -8.216278e-17 
  827.000  2.363888e-01  1.092259e+01 -1.200345e-16 
  828.000  1.737679e-01  1.003326e+01  6.083991e-17 
  829.000  1.948178e-01  1.030682e+01  6.985063e-17 
  830.000  2.199111e-01  1.048427e+01 -4.231660e-18 
  831.000  2.263551e-01  1.039018e+01 -1.566702e-16 
  832.000  2.434388e-01  1.068435e+01  2.488894e-16 
  833.000  2.569561e-01  1.056317e+01  1.975569e-16 
  834.000  2.875389e-01  1.098173e+01 -1.867600e-16 
  835.000  3.389616e-01  1.151685e+01  6.126784e-16 
  836.000  3.334651e-01  1.149965e+01  2.183453e-17 
  837.000  3.357667e-01  1.140444e+01 -2.496973e-16 
  838.000  3.633027e-01  1.168644e+01 -3.439168e-16 
  839.000  3.721873e-01  1.147238e+01 -3.472083e-16 
  840.000  3.913586e-01  1.182842e+01  4.497544e-16 
  841.000  3.768830e-01  1.169277e+01 -7.487282e-17 
  842.000  3.939635e-01  1.176014e+01 -1.174854e-16 
  843.000  4.464452e-01  1.201439e+01  5.821917e-16 
  844.000  4.695428e-01  1.194584e+01 -3.516276e-16 
  845.000  4.911976e-01  1.217446e+01 -1.831499e-16 
  846.000  5.100505e-01  1.232749e+01  2.422962e-16 
  847.000  5.057899e-01  1.194104e+01 -3.621958e-16 
  848.000  5.033888e-01  1.220096e+01 -2.095893e-16 
  849.000  5.083766e-01  1.222192e+01 -5.723963e-16 
  850.000  4.314930e-01  1.051635e+01  4.925877e-16 
  851.000  4.822547e-01  1.197572e+01 -5.901624e-16 
  852.000  4.671203e-01  1.151783e+01 -1.974496e-16 
  853.000  4.964832e-01  1.173644e+01  4.297162e-16 
  854.000  4.008440e-01  9.429015e+00  3.272708e-16 
  855.000  4.525479e-01  1.041035e+01  2.008606e-16 
  856.000  6.392618e-01  1.213903e+01 -8.740409e-16 
  857.000  6.565329e-01  1.233151e+01  6.269717e-16 
  858.000  6.489121e-01  1.210932e+01 -6.071526e-16 
  859.000  6.531529e-01  1.213068e+01  1.052102e-15 
  860.000  6.544264e-01  1.207652e+01  2.830477e-17 
  861.000  6.585991e-01  1.207806e+01  6.569355e-17 
  862.000  6.552719e-01  1.205913e+01 -7.294538e-16 
  863.000  6.706699e-01  1.228105e+01 -8.292542e-16 
  864.000  6.833174e-01  1.230914e+01  1.236380e-15 
  865.000  6.820673e-01  1.211843e+01 -6.625156e-16 
  866.000  5.748746e-01  1.015983e+01 -7.866652e-18 
  867.000  6.105864e-01  1.078897e+01  4.419062e-16 
  868.000  6.641811e-01  1.168858e+01  3.887279e-16 
  869.000  6.587509e-01  1.152283e+01  7.220560e-16 
  870.000  6.834309e-01  1.196105e+01 -3.897698e-16 
  871.000  6.863052e-01  1.194137e+01  5.651802e-16 
  872.000  6.925564e-01  1.191848e+01 -9.242855e-17 
  873.000  6.867300e-01  1.189724e+01 -6.117664e-16 
  874.000  6.673288e-01  1.159038e+01 -4.623963e-16 
  875.000  6.603269e-01  1.145694e+01 -8.263667e-16 
  876.000  6.758767e-01  1.152462e+01 -1.105304e-15 
  877.000  6.957337e-01  1.175734e+01 -3.681960e-17 
  878.000  6.807328e-01  1.147582e+01 -2.707924e-17 
  879.000  6.893994e-01  1.153846e+01 -1.184546e-15 
  880.000  6.814893e-01  1.139360e+01  5.349021e-16 
  881.000  6.500350e-01  1.082088e+01  2.320422e-16 
  882.000  6.854118e-01  1.138014e+01  3.902218e-16 
  883.000  6.743688e-01  1.113431e+01  4.963795e-16 
  884.000  6.830328e-01  1.122686e+01 -3.664168e-16 
  885.000  6.868131e-01  1.131166e+01  9.088646e-18 
  886.000  5.526336e-01  1.069491e+01 -2.643665e-17 
  887.000  6.580277e-01  1.078232e+01 -4.156476e-16 
  888.000  6.782190e-01  1.108598e+01  4.281335e-16 
  889.000  6.824178e-01  1.115602e+01 -7.185974e-17 
  890.000  5.664043e-01  1.087449e+01  4.469225e-16 
  891.000  5.400978e-01  1.071601e+01 -1.357292e-16 
  892.000  4.791702e-01  1.042858e+01  5.359545e-17 
  893.000  3.321594e-01  9.226344e+00  1.406229e-16 
  894.000  2.900608e-01  9.089496e+00 -3.511932e-17 
  895.000  1.762492e-01  7.639477e+00  1.982916e-17 
  896.000  1.124329e-01  7.061708e+00 -2.497060e-18 
  897.000  6.587341e-02  6.156957e+00 -7.440026e-17 
  898.000  5.197035e-02  5.861215e+00 -4.068169e-17 
  899.000  3.422443e-02  5.284348e+00  2.797619e-17 
  900.000  3.327449e-02  5.179819e+00 -1.738155e-17 
  901.000  3.029140e-02  4.954799e+00 -2.708631e-17 
  902.000  3.343604e-02  4.930282e+00  5.421033e-18 
  903.000  6.922230e-02  6.160975e+00 -7.542685e-17 
  904.000  1.182406e-01  7.120244e+00  8.820293e-18 
  905.000  1.225434e-01  7.110686e+00 -4.984770e-17 
  906.000  8.785284e-02  6.368261e+00 -8.646100e-18 
  907.000  5.640277e-02  5.709229e+00  2.108613e-17 
  908.000  4.076620e-02  5.146321e+00 -2.713923e-17 
  909.000  3.898648e-02  5.042342e+00 -2.125780e-17 
  910.000  4.061732e-02  5.140896e+00 -4.584515e-17 
  911.000  4.827162e-02  5.363814e+00 -3.490298e-17 
  912.000  4.514404e-02  5.254370e+00  2.061673e-18 
  913.000  3.338187e-02  4.908430e+00 -2.878040e-18 
  914.000  3.992165e-02  5.098861e+00 -6.052235e-18 
  915.000  4.703422e-02  5.215237e+00  2.710905e-18 
  916.000  5.185670e-02  5.355720e+00  4.870243e-18 
  917.000  5.856666e-02  5.416202e+00  2.639716e-17 
  918.000  6.821295e-02  5.574572e+00 -2.899903e-17 
  919.000  1.054967e-01  6.314498e+00 -1.730948e-17 
  920.000  1.591145e-01  6.946554e+00  8.636724e-17 
  921.000  1.497588e-01  6.677098e+00 -1.914396e-17 
  922.000  1.499664e-01  6.612150e+00  5.455404e-17 
  923.000  1.303256e-01  6.155456e+00 -4.043232e-17 
  924.000  1.078006e-01  6.012794e+00  1.355867e-17 
  925.000  9.819452e-02  5.979847e+00  9.124752e-18 
  926.000  7.403632e-02  5.566525e+00 -2.093205e-17 
  927.000  4.773191e-02  5.251125e+00  5.571231e-18 
  928.000  2.330018e-02  4.632467e+00 -3.015352e-17 
  929.000  7.916781e-03  3.853694e+00  6.631724e-18 
  930.000  1.941046e-03  3.169615e+00 -1.625360e-18 
  931.000  3.751683e-04  2.603910e+00  3.131792e-18 
  932.000  1.105901e-05  1.879228e+00  1.270048e-19 
  933.000  1.522775e-06  1.581730e+00  4.276251e-18 
  934.000  5.698948e-15  6.512562e-01 -5.419227e-20 
  935.000  1.808724e-15  6.109124e-01 -1.491095e-19 
  936.000  2.855280e-14  6.684628e-01  1.000507e-19 
  937.000  1.960371e-14  6.757329e-01  2.858827e-19 
  938.000  3.080237e-06  1.629870e+00 -8.943349e-18 
  939.000  8.736744e-05  2.420514e+00  3.240638e-18 
  940.000  1.596281e-04  2.587283e+00 -7.760322e-18 
  941.000  1.420924e-04  2.440093e+00  6.721233e-18 
  942.000  7.001016e-05  2.103596e+00  3.335863e-18 
  943.000  1.851048e-05  1.845611e+00  1.554309e-18 
  944.000  1.305865e-05  1.744816e+00 -1.282656e-19 
  945.000  1.742420e-05  1.845686e+00  1.660012e-18 
  946.000  2.315671e-05  1.903395e+00 -3.964404e-20 
  947.000  5.471581e-05  2.057270e+00  6.773442e-19 
  948.000  8.542878e-05  2.165440e+00 -8.965612e-19 
  949.000  1.096250e-04  2.200074e+00  6.785267e-18 
  950.000  1.314952e-04  2.220222e+00  4.360546e-18 
  951.000  2.573088e-04  2.408778e+00 -9.854741e-19 
  952.000  2.124460e-04  2.269290e+00  3.329296e-18 
  953.000  4.129811e-04  2.445086e+00 -1.534082e-17 
  954.000  8.402556e-04  2.643055e+00  1.300803e-17 
  955.000  8.044487e-04  2.400505e+00  2.476652e-18 
  956.000  1.372804e-03  2.636899e+00  8.777874e-18 
  957.000  4.538287e-03  3.193775e+00 -3.009425e-17 
  958.000  6.849829e-03  3.378163e+00  7.362194e-18 
  959.000  7.639272e-03  3.361406e+00 -1.803708e-17 
  960.000  8.807485e-03  3.356107e+00 -2.970905e-18 
  961.000  9.471056e-03  3.313886e+00 -1.040973e-17 
  962.000  1.173646e-02  3.419274e+00  2.466841e-17 
  963.000  2.060686e-02  3.826393e+00  1.132781e-17 
  964.000  2.437375e-02  3.885415e+00 -9.868214e-18 
  965.000  2.708792e-02  3.944090e+00  2.856491e-18 
  966.000  3.092476e-02  3.907976e+00  7.989388e-18 
  967.000  4.901021e-02  4.431279e+00  1.762860e-17 
  968.000  9.821749e-02  5.245090e+00 -3.247597e-17 
  969.000  1.499117e-01  5.848915e+00 -2.223696e-17 
  970.000  1.613275e-01  5.935025e+00 -8.653072e-17 
  971.000  1.612042e-01  5.874817e+00 -8.354356e-18 
  972.000  1.456169e-01  5.737279e+00  2.759383e-17 
  973.000  1.157908e-01  5.339922e+00 -7.807676e-17 
  974.000  9.202383e-02  4.924383e+00 -1.246290e-17 
  975.000  8.223365e-02  4.761998e+00 -2.814948e-17 
  976.000  9.798909e-02  5.049653e+00  3.167312e-17 
  977.000  1.301729e-01  5.370866e+00 -6.157124e-17 
  978.000  1.366561e-01  5.496545e+00  1.544480e-17 
  979.000  1.532018e-01  5.512423e+00  6.988879e-17 
  980.000  2.318907e-01  6.242470e+00 -2.300902e-17 
  981.000  2.625050e-01  6.475467e+00 -8.377957e-17 
  982.000  2.538390e-01  6.348565e+00  1.611898e-17 
  983.000  3.142369e-01  6.741686e+00 -9.904321e-17 
  984.000  3.780309e-01  7.132337e+00 -3.307485e-16 
  985.000  4.234546e-01  7.401819e+00  1.743904e-16 
  986.000  4.955534e-01  7.710462e+00  1.138539e-16 
  987.000  5.515407e-01  7.973406e+00  2.263547e-16 
  988.000  5.629225e-01  7.925138e+00  7.803104e-17 
  989.000  5.686795e-01  7.856017e+00 -2.130957e-17 
  990.000  5.882314e-01  7.959601e+00  2.409169e-18 
  991.000  6.299297e-01  8.129365e+00  1.629342e-16 
  992.000  6.354316e-01  8.078222e+00 -4.638161e-16 
  993.000  6.412984e-01  8.085025e+00 -3.470914e-17 
  994.000  7.767431e-01  8.316440e+00 -1.074845e-16 
  995.000  7.820555e-01  8.288988e+00  3.343256e-16 
  996.000  7.838275e-01  8.279567e+00 -2.842447e-16 
  997.000  7.825919e-01  8.274589e+00 -5.124500e-16 
  998.000  6.645233e-01  8.069793e+00 -7.504054e-17 
  999.000  6.595368e-01  8.028716e+00 -3.238727e-16 
 1000.000  6.582845e-01  7.966146e+00 -1.383877e-16 
 1001.000  6.371122e-01  7.925573e+00  2.448484e-16 
 1002.000  5.864643e-01  7.751573e+00  1.930682e-16 
 1003.000  5.933862e-01  7.694390e+00  1.892093e-16 
 1004.000  6.181100e-01  7.709843e+00 -9.208571e-17 
 1005.000  5.895264e-01  7.227698e+00 -1.542017e-17 
 1006.000  6.240566e-01  7.603755e+00 -1.530301e-16 
 1007.000  6.275853e-01  7.708855e+00  4.563248e-17 
 1008.000  5.907386e-01  7.612134e+00  4.248536e-17 
 1009.000  5.310469e-01  7.358427e+00  2.074387e-17 
 1010.000  5.587121e-01  7.470516e+00  2.907026e-16 
 1011.000  6.179408e-01  7.614156e+00 -5.930175e-16 
 1012.000  6.401509e-01  7.669354e+00  4.282098e-17 
 1013.000  6.515548e-01  7.647049e+00  7.421440e-17 
 1014.000  6.633866e-01  7.705961e+00  2.832527e-17 
 1015.000  6.533986e-01  7.557218e+00  4.833130e-16 
 1016.000  6.644506e-01  7.612731e+00  1.047704e-16 
 1017.000  7.653570e-01  7.653666e+00  2.961935e-16 
 1018.000  6.639923e-01  7.604114e+00 -2.276651e-17 
 1019.000  6.341895e-01  7.377978e+00  8.418249e-18 
 1020.000  6.386864e-01  7.366088e+00 -1.669888e-16 
 1021.000  6.560443e-01  7.457483e+00  7.329227e-17 
 1022.000  6.275621e-01  7.280424e+00 -1.654490e-16 
 1023.000  6.221067e-01  7.357830e+00 -2.370517e-16 
 1024.000  6.075293e-01  7.274308e+00  9.796688e-18 
 1025.000  6.407424e-01  7.350770e+00  9.598676e-17 
 1026.000  6.541050e-01  7.378551e+00  4.743813e-16 
 1027.000  6.457837e-01  7.308212e+00  2.906949e-16 
 1028.000  6.516554e-01  7.321100e+00  3.174692e-16 
 1029.000  7.540811e-01  7.350746e+00  1.909538e-16 
 1030.000  7.668894e-01  7.427292e+00  6.981166e-16 
 1031.000  7.657526e-01  7.392500e+00  7.351949e-16 
 1032.000  7.628774e-01  7.356572e+00  1.062721e-15 
 1033.000  7.498764e-01  7.219026e+00  9.068750e-17 
 1034.000  7.479873e-01  7.249778e+00  1.766910e-16 
 1035.000  7.353463e-01  7.161564e+00 -4.858299e-16 
 1036.000  7.449634e-01  7.231475e+00 -4.856115e-16 
 1037.000  7.279157e-01  7.069895e+00 -3.790315e-16 
 1038.000  7.420008e-01  7.152630e+00  5.578281e-16 
 1039.000  7.344237e-01  7.131482e+00  1.758253e-16 
 1040.000  7.186177e-01  7.005724e+00 -7.274503e-16 
 1041.000  7.161826e-01  7.007065e+00  0.000000e+00 
 1042.000  7.171029e-01  7.011217e+00 -1.235061e-16 
 1043.000  7.061536e-01  6.881681e+00 -2.679415e-16 
 1044.000  7.090749e-01  6.919187e+00  3.157371e-16 
 1045.000  6.883606e-01  6.808988e+00  1.347883e-16 
 1046.000  6.666687e-01  6.570192e+00 -1.745312e-16 
 1047.000  6.686282e-01  6.631089e+00  9.525465e-16 
 1048.000  6.742607e-01  6.649188e+00 -1.540800e-16 
 1049.000  6.651688e-01  6.552494e+00  7.909939e-16 
 1050.000  6.498375e-01  6.446584e+00 -3.171305e-16 
 1051.000  6.406023e-01  6.394277e+00 -4.633248e-16 
 1052.000  6.265969e-01  6.301941e+00  3.152588e-17 
 1053.000  6.145398e-01  6.243237e+00 -2.655028e-16 
 1054.000  5.971463e-01  6.120985e+00  3.752660e-17 
 1055.000  5.868723e-01  6.085892e+00 -3.154898e-16 
 1056.000  5.707759e-01  5.991029e+00  5.039621e-17 
 1057.000  5.547732e-01  5.890186e+00 -1.824882e-16 
 1058.000  5.331976e-01  5.754529e+00 -2.682564e-16 
 1059.000  5.083588e-01  5.527218e+00  3.565386e-16 
 1060.000  5.187753e-01  5.663515e+00  1.438988e-16 
 1061.000  4.944230e-01  5.423222e+00  2.173364e-16 
 1062.000  5.027615e-01  5.544962e+00  2.236547e-16 
 1063.000  4.903877e-01  5.423545e+00 -7.939753e-17 
 1064.000  4.907432e-01  5.461254e+00  1.332301e-16 
 1065.000  4.844717e-01  5.418767e+00  8.671907e-17 
 1066.000  4.706482e-01  5.246981e+00 -5.409353e-17 
 1067.000  4.055824e-01  5.268064e+00 -1.043750e-16 
 1068.000  3.935100e-01  5.231939e+00  1.460141e-16 
 1069.000  3.604465e-01  4.852783e+00  9.122144e-17 
 1070.000  3.903477e-01  5.189353e+00 -2.428336e-17 
 1071.000  3.825749e-01  5.198527e+00  2.385449e-16 
 1072.000  3.737781e-01  5.202339e+00 -8.478981e-17 
 1073.000  3.631144e-01  5.054327e+00  9.197522e-17 
 1074.000  3.836871e-01  5.277405e+00 -4.861877e-17 
 1075.000  3.986202e-01  5.217998e+00 -1.554135e-16 
 1076.000  3.968543e-01  5.316081e+00  2.809493e-17 
 1077.000  3.816758e-01  5.266119e+00 -3.266064e-17 
 1078.000  3.681017e-01  5.227560e+00  4.309466e-17 
 1079.000  3.543679e-01  5.035689e+00 -4.181586e-18 
 1080.000  3.310955e-01  5.006821e+00 -8.597161e-17 
 1081.000  3.196736e-01  4.828707e+00 -7.764547e-17 
 1082.000  3.394338e-01  4.982046e+00  3.475060e-17 
 1083.000  3.123568e-01  4.756501e+00 -1.474003e-16 
 1084.000  3.057432e-01  4.837847e+00 -2.775697e-16 
 1085.000  2.615773e-01  4.547544e+00  1.307805e-16 
 1086.000  2.730522e-01  4.660377e+00 -5.739471e-18 
 1087.000  2.964624e-01  4.616789e+00  2.201288e-16 
 1088.000  3.192618e-01  4.920266e+00  3.966661e-17 
 1089.000  2.504590e-01  4.415092e+00  7.819630e-17 
 1090.000  2.429557e-01  4.445849e+00 -7.913391e-17 
 1091.000  2.509813e-01  4.521601e+00  7.530904e-17 
 1092.000  2.156271e-01  4.257267e+00 -3.298356e-17 
 1093.000  1.627546e-01  3.895036e+00 -2.587629e-19 
 1094.000  1.330405e-01  3.437814e+00  3.599155e-17 
 1095.000  1.430717e-01  3.722777e+00 -2.300546e-17 
 1096.000  1.370724e-01  3.687310e+00  3.850069e-18 
 1097.000  1.224938e-01  3.558485e+00 -4.030445e-17 
 1098.000  7.134439e-02  3.021249e+00  1.371704e-17 
 1099.000  4.728803e-02  2.705310e+00  4.594892e-18 
 1100.000  4.780439e-02  2.757267e+00 -1.232496e-17 
