  400.000  8.038709e+02  5.205415e+02  6.884569e-14 
  401.000  8.000732e+02  5.141694e+02 -2.367960e-13 
  402.000  8.490117e+02  5.415302e+02 -1.231360e-13 
  403.000  7.961744e+02  5.040499e+02  3.286021e-14 
  404.000  8.566169e+02  5.383090e+02 -6.707094e-14 
  405.000  7.864923e+02  4.906134e+02 -2.119585e-13 
  406.000  7.814482e+02  4.839169e+02  7.900377e-14 
  407.000  7.619304e+02  4.684198e+02 -1.834994e-14 
  408.000  8.263281e+02  5.043643e+02 -2.588069e-13 
  409.000  9.156062e+02  5.548726e+02  1.677762e-13 
  410.000  7.662697e+02  4.610839e+02  1.316643e-13 
  411.000  9.007139e+02  5.381697e+02 -2.700836e-13 
  412.000  9.341804e+02  5.542639e+02 -8.450681e-14 
  413.000  8.832912e+02  5.204366e+02 -6.102842e-14 
  414.000  8.677490e+02  5.077464e+02 -1.322220e-13 
  415.000  9.262678e+02  5.382833e+02  4.366510e-14 
  416.000  9.213886e+02  5.318077e+02  2.414921e-14 
  417.000  8.940861e+02  5.125634e+02 -1.585103e-13 
  418.000  8.753414e+02  4.984502e+02  2.931990e-13 
  419.000  8.975267e+02  5.076745e+02 -1.394879e-13 
  420.000  7.602858e+02  4.271969e+02 -3.239068e-14 
  421.000  9.532929e+02  5.321245e+02  3.139790e-13 
  422.000  9.141403e+02  5.069407e+02  1.970487e-13 
  423.000  7.726196e+02  4.256844e+02  4.672917e-14 
  424.000  8.504641e+02  4.655584e+02 -9.603588e-14 
  425.000  8.814667e+02  4.794379e+02  6.022961e-14 
  426.000  8.479522e+02  4.582726e+02  3.662605e-13 
  427.000  8.162238e+02  4.383350e+02 -9.214551e-14 
  428.000  8.270901e+02  4.413796e+02 -6.941357e-14 
  429.000  7.529971e+02  3.993307e+02  6.778175e-14 
  430.000  6.013010e+02  3.169036e+02 -6.298784e-14 
  431.000  5.409982e+02  2.833646e+02 -2.215758e-14 
  432.000  9.744738e+02  5.072834e+02  3.821014e-13 
  433.000  8.680133e+02  4.491120e+02  5.470657e-14 
  434.000  8.255670e+02  4.245666e+02 -1.207179e-13 
  435.000  8.987991e+02  4.594495e+02 -5.580305e-14 
  436.000  9.972982e+02  5.067536e+02 -3.510681e-14 
  437.000  1.007589e+03  5.089405e+02  1.858718e-13 
  438.000  9.031833e+02  4.535092e+02 -3.719009e-14 
  439.000  8.745590e+02  4.365591e+02  8.556797e-14 
  440.000  9.808454e+02  4.867533e+02 -7.917752e-14 
  441.000  9.783015e+02  4.826687e+02 -8.144393e-14 
  442.000  1.031020e+03  5.057347e+02 -5.341009e-14 
  443.000  1.038592e+03  5.065139e+02 -2.371624e-13 
  444.000  1.032522e+03  5.006649e+02 -1.784729e-13 
  445.000  1.086809e+03  5.239752e+02 -1.459080e-13 
  446.000  9.680612e+02  4.640595e+02 -1.328280e-13 
  447.000  1.104788e+03  5.266304e+02  3.593157e-13 
  448.000  1.123839e+03  5.327782e+02  8.436516e-14 
  449.000  1.132130e+03  5.338038e+02 -2.973338e-13 
  450.000  1.157467e+03  5.428051e+02 -4.035754e-14 
  451.000  1.251612e+03  5.837880e+02 -5.905253e-13 
  452.000  1.164202e+03  5.400903e+02  4.475274e-14 
  453.000  1.081319e+03  4.989439e+02  2.271345e-13 
  454.000  1.153514e+03  5.294059e+02 -1.988860e-14 
  455.000  1.162283e+03  5.305865e+02 -2.559002e-14 
  456.000  1.191207e+03  5.408981e+02 -1.442384e-13 
  457.000  1.198636e+03  5.414000e+02 -8.453328e-14 
  458.000  1.178298e+03  5.294195e+02  4.674422e-13 
  459.000  1.178894e+03  5.269163e+02 -2.602511e-13 
  460.000  1.169362e+03  5.199390e+02 -2.507238e-13 
  461.000  1.212510e+03  5.363369e+02  6.802219e-14 
  462.000  1.193499e+03  5.252094e+02  3.580904e-13 
  463.000  1.194525e+03  5.229670e+02  5.200161e-13 
  464.000  1.198975e+03  5.222546e+02  7.438296e-14 
  465.000  1.181969e+03  5.122469e+02 -4.706874e-14 
  466.000  1.219916e+03  5.260310e+02  1.282456e-15 
  467.000  1.177340e+03  5.051212e+02 -1.486823e-13 
  468.000  1.246937e+03  5.322849e+02 -5.712917e-14 
  469.000  1.236576e+03  5.251870e+02 -1.889063e-13 
  470.000  1.220105e+03  5.155511e+02 -8.984375e-14 
  471.000  1.218464e+03  5.122141e+02 -1.652847e-13 
  472.000  1.233935e+03  5.160432e+02 -1.326944e-13 
  473.000  1.221121e+03  5.080323e+02  3.189577e-13 
  474.000  1.231559e+03  5.096972e+02 -4.114970e-13 
  475.000  1.282003e+03  5.276936e+02  3.012521e-13 
  476.000  1.243273e+03  5.088700e+02  2.139240e-13 
  477.000  1.232488e+03  5.017360e+02  1.104444e-13 
  478.000  1.293744e+03  5.243475e+02  3.588051e-14 
  479.000  1.235138e+03  4.986412e+02  1.757890e-13 
  480.000  1.259528e+03  5.065742e+02  2.351820e-13 
  481.000  1.251955e+03  5.015529e+02 -1.591540e-13 
  482.000  1.278271e+03  5.100067e+02  2.061302e-13 
  483.000  1.279797e+03  5.084628e+02 -3.093569e-13 
  484.000  1.230826e+03  4.868834e+02  1.279527e-13 
  485.000  1.240189e+03  4.884234e+02  7.369607e-14 
  486.000  1.005761e+03  3.943432e+02  7.277020e-14 
  487.000  1.130665e+03  4.413489e+02  3.288030e-14 
  488.000  1.227937e+03  4.771914e+02 -4.189670e-13 
  489.000  1.141734e+03  4.417293e+02 -4.183808e-13 
  490.000  1.300108e+03  5.007871e+02  9.328505e-14 
  491.000  1.216993e+03  4.667096e+02 -2.130906e-13 
  492.000  1.169925e+03  4.466901e+02  6.622100e-14 
  493.000  1.260479e+03  4.791646e+02  2.524308e-13 
  494.000  1.218143e+03  4.610555e+02 -7.114331e-14 
  495.000  1.302673e+03  4.909169e+02 -1.892391e-13 
  496.000  1.269356e+03  4.762951e+02 -1.628507e-13 
  497.000  1.231975e+03  4.602859e+02  7.164903e-14 
  498.000  1.203489e+03  4.477239e+02 -2.771500e-13 
  499.000  1.201206e+03  4.449726e+02  5.078090e-14 
  500.000  1.196535e+03  4.413654e+02 -1.362996e-13 
  501.000  1.170326e+03  4.298748e+02  8.841558e-14 
  502.000  1.163266e+03  4.254880e+02 -6.610070e-14 
  503.000  1.233253e+03  4.492040e+02 -1.918841e-13 
  504.000  1.148013e+03  4.164164e+02 -1.368549e-13 
  505.000  1.238882e+03  4.475136e+02 -1.935443e-13 
  506.000  1.326658e+03  4.772598e+02 -1.862179e-13 
  507.000  1.234700e+03  4.423716e+02 -2.164973e-14 
  508.000  1.184416e+03  4.226394e+02 -1.139117e-13 
  509.000  1.277549e+03  4.540367e+02  2.490799e-15 
  510.000  1.238206e+03  4.382873e+02 -6.834549e-14 
  511.000  1.238921e+03  4.367854e+02  4.549224e-14 
  512.000  1.300685e+03  4.567339e+02  8.834959e-15 
  513.000  1.190755e+03  4.164754e+02  3.675468e-14 
  514.000  1.166091e+03  4.062395e+02 -1.120113e-14 
  515.000  1.190786e+03  4.132137e+02 -1.945829e-13 
  516.000  1.251218e+03  4.324814e+02  2.882794e-13 
  517.000  9.220197e+02  3.174456e+02  1.910029e-13 
  518.000  1.141924e+03  3.916230e+02  4.397981e-15 
  519.000  1.082254e+03  3.697173e+02 -8.907318e-14 
  520.000  1.191956e+03  4.056195e+02  4.546591e-13 
  521.000  1.193044e+03  4.044230e+02 -5.128579e-14 
  522.000  1.240847e+03  4.190031e+02  3.314815e-14 
  523.000  1.156359e+03  3.889604e+02  1.875686e-14 
  524.000  1.255071e+03  4.205377e+02  4.232125e-13 
  525.000  1.245505e+03  4.157251e+02 -8.893568e-14 
  526.000  1.187407e+03  3.948271e+02  2.213119e-13 
  527.000  1.037681e+03  3.437279e+02 -3.256556e-14 
  528.000  1.246780e+03  4.114247e+02 -3.570290e-15 
  529.000  1.282714e+03  4.216847e+02  3.432996e-13 
  530.000  1.212553e+03  3.971249e+02 -1.263214e-14 
  531.000  1.320403e+03  4.308347e+02 -2.403433e-13 
  532.000  1.260153e+03  4.096603e+02 -5.252496e-14 
  533.000  1.107133e+03  3.586103e+02 -5.760209e-14 
  534.000  1.204237e+03  3.886816e+02  8.308162e-14 
  535.000  1.228957e+03  3.952792e+02 -1.542785e-13 
  536.000  1.304363e+03  4.180741e+02  2.126877e-13 
  537.000  1.210442e+03  3.866175e+02  3.702930e-13 
  538.000  1.267425e+03  4.034005e+02  1.394439e-13 
  539.000  1.263602e+03  4.007754e+02 -2.159715e-13 
  540.000  1.236967e+03  3.909545e+02 -6.731535e-14 
  541.000  1.134623e+03  3.573564e+02 -2.105397e-13 
  542.000  1.266071e+03  3.973683e+02  2.603870e-14 
  543.000  1.211439e+03  3.789013e+02 -2.830649e-14 
  544.000  1.278229e+03  3.984044e+02  3.601457e-15 
  545.000  1.259692e+03  3.912689e+02  1.128850e-13 
  546.000  1.232175e+03  3.814024e+02 -2.068739e-13 
  547.000  1.285040e+03  3.964030e+02  1.820339e-13 
  548.000  1.192804e+03  3.666935e+02  2.799197e-13 
  549.000  1.255854e+03  3.847632e+02  6.778802e-14 
  550.000  1.228972e+03  3.752492e+02  2.308619e-13 
  551.000  1.222176e+03  3.719077e+02 -1.589939e-14 
  552.000  1.275805e+03  3.869163e+02  1.063223e-14 
  553.000  1.226735e+03  3.707804e+02  3.531096e-14 
  554.000  1.267763e+03  3.818932e+02 -2.492981e-13 
  555.000  1.272289e+03  3.819731e+02  3.349705e-13 
  556.000  1.238167e+03  3.704877e+02 -1.640578e-13 
  557.000  1.202352e+03  3.585690e+02 -2.872979e-13 
  558.000  1.248986e+03  3.712354e+02  3.486124e-15 
  559.000  1.181470e+03  3.499995e+02 -1.290216e-13 
  560.000  1.187559e+03  3.506299e+02 -1.900414e-13 
  561.000  1.306151e+03  3.843559e+02  5.314870e-14 
  562.000  1.199478e+03  3.516978e+02 -1.952765e-13 
  563.000  1.255794e+03  3.669693e+02 -9.986743e-14 
  564.000  1.238906e+03  3.607940e+02 -5.041156e-14 
  565.000  1.254201e+03  3.639413e+02 -1.310828e-13 
  566.000  1.157250e+03  3.346937e+02 -7.383459e-14 
  567.000  1.240947e+03  3.573857e+02  6.206477e-14 
  568.000  1.232617e+03  3.524768e+02  1.104680e-13 
  569.000  1.194567e+03  3.383606e+02 -8.763943e-14 
  570.000  1.204450e+03  3.403952e+02  7.630915e-14 
  571.000  1.173472e+03  3.321640e+02 -4.492596e-14 
  572.000  1.231306e+03  3.458773e+02 -7.059466e-14 
  573.000  1.248612e+03  3.500784e+02  4.456243e-14 
  574.000  1.243873e+03  3.477957e+02 -1.425525e-14 
  575.000  1.213883e+03  3.382391e+02  5.618069e-14 
  576.000  1.192578e+03  3.312340e+02 -1.333951e-13 
  577.000  1.246021e+03  3.453686e+02  6.526361e-14 
  578.000  1.214144e+03  3.362421e+02 -3.274755e-14 
  579.000  1.207873e+03  3.339664e+02  1.565656e-14 
  580.000  1.251278e+03  3.451931e+02 -1.120116e-13 
  581.000  1.231733e+03  3.393229e+02  1.572141e-13 
  582.000  1.251936e+03  3.441101e+02 -4.813492e-14 
  583.000  1.261273e+03  3.456505e+02 -1.176165e-13 
  584.000  1.257969e+03  3.437326e+02  7.921829e-14 
  585.000  1.250094e+03  3.405150e+02  2.168672e-14 
  586.000  1.196936e+03  3.250414e+02 -4.798108e-14 
  587.000  1.239039e+03  3.346424e+02 -7.622065e-15 
  588.000  1.205706e+03  3.219560e+02  2.460299e-14 
  589.000  1.040677e+03  2.745208e+02  1.047884e-14 
  590.000  1.085195e+03  2.852763e+02 -4.294172e-14 
  591.000  1.175058e+03  3.097913e+02 -2.677917e-14 
  592.000  1.141973e+03  2.992582e+02  3.908813e-14 
  593.000  1.178746e+03  3.102021e+02  2.612225e-14 
  594.000  1.184739e+03  3.103315e+02 -6.116792e-16 
  595.000  1.145827e+03  2.978210e+02 -2.000900e-15 
  596.000  1.199800e+03  3.132255e+02 -9.159223e-15 
  597.000  1.199285e+03  3.117029e+02  2.191659e-14 
  598.000  1.185832e+03  3.083916e+02  3.599914e-14 
  599.000  1.191424e+03  3.094792e+02  9.769380e-14 
  600.000  1.201839e+03  3.125103e+02  5.108474e-14 
  601.000  1.202388e+03  3.126471e+02 -7.708543e-14 
  602.000  1.192358e+03  3.095738e+02  4.508219e-14 
  603.000  1.202464e+03  3.117133e+02  3.020566e-14 
  604.000  1.242892e+03  3.216013e+02 -3.223828e-14 
  605.000  1.241219e+03  3.204142e+02 -1.240605e-13 
  606.000  1.227789e+03  3.161083e+02  3.074741e-13 
  607.000  1.221832e+03  3.137393e+02 -1.228870e-13 
  608.000  1.218193e+03  3.119589e+02  9.531782e-14 
  609.000  1.206498e+03  3.081250e+02  8.460318e-14 
  610.000  1.187937e+03  3.025616e+02 -1.059008e-15 
  611.000  1.207944e+03  3.068220e+02 -1.402002e-13 
  612.000  1.192928e+03  3.021859e+02 -1.488258e-13 
  613.000  1.176192e+03  2.971370e+02 -1.954504e-13 
  614.000  1.134381e+03  2.857957e+02 -4.105183e-14 
  615.000  1.189394e+03  2.988443e+02  3.419261e-13 
  616.000  1.131515e+03  2.835310e+02 -4.386431e-14 
  617.000  1.138520e+03  2.845097e+02 -3.125946e-13 
  618.000  1.192838e+03  2.972682e+02 -8.703747e-14 
  619.000  1.182482e+03  2.938748e+02  3.117490e-14 
  620.000  1.200515e+03  2.975314e+02  1.085783e-13 
  621.000  1.221697e+03  3.019371e+02 -1.243536e-13 
  622.000  1.157697e+03  2.853164e+02  1.319158e-14 
  623.000  1.167137e+03  2.868223e+02  4.399593e-14 
  624.000  1.168793e+03  2.864149e+02  1.433728e-14 
  625.000  1.137467e+03  2.779454e+02 -4.685253e-14 
  626.000  1.142722e+03  2.782882e+02  1.302584e-13 
  627.000  1.155414e+03  2.795239e+02 -1.207377e-14 
  628.000  1.131694e+03  2.712012e+02  1.689711e-14 
  629.000  1.162722e+03  2.786288e+02  2.924814e-14 
  630.000  1.131138e+03  2.711284e+02  6.532654e-14 
  631.000  1.175014e+03  2.813117e+02 -8.208958e-14 
  632.000  1.088100e+03  2.590810e+02  2.274897e-14 
  633.000  1.176048e+03  2.803466e+02 -7.333104e-14 
  634.000  1.143215e+03  2.721062e+02  2.497914e-14 
  635.000  1.164077e+03  2.763211e+02  1.260713e-13 
  636.000  1.124589e+03  2.664751e+02 -2.938372e-14 
  637.000  1.162868e+03  2.749691e+02 -1.858515e-13 
  638.000  1.184918e+03  2.800539e+02  3.069569e-14 
  639.000  1.175582e+03  2.771526e+02  9.727662e-14 
  640.000  1.140785e+03  2.685506e+02  7.153948e-14 
  641.000  1.157496e+03  2.717768e+02 -1.976390e-13 
  642.000  1.145243e+03  2.684221e+02 -2.087258e-13 
  643.000  1.163079e+03  2.714936e+02 -1.107455e-13 
  644.000  1.150125e+03  2.677897e+02 -8.280175e-14 
  645.000  1.156549e+03  2.681301e+02 -8.318272e-14 
  646.000  1.096859e+03  2.519627e+02  4.394555e-14 
  647.000  1.100933e+03  2.513312e+02 -6.202245e-14 
  648.000  1.086794e+03  2.466096e+02 -1.226386e-13 
  649.000  1.119533e+03  2.541848e+02 -4.316643e-15 
  650.000  1.057298e+03  2.411698e+02  2.300992e-14 
  651.000  1.139207e+03  2.592094e+02  8.075735e-14 
  652.000  1.099307e+03  2.479678e+02  7.155911e-14 
  653.000  1.143185e+03  2.591221e+02  6.732213e-14 
  654.000  1.126247e+03  2.544277e+02  9.048786e-15 
  655.000  1.089344e+03  2.448082e+02 -4.937948e-14 
  656.000  9.273463e+02  2.080932e+02  5.236280e-15 
  657.000  9.937697e+02  2.228036e+02 -4.640086e-14 
  658.000  1.114352e+03  2.499557e+02  6.597429e-14 
  659.000  1.121488e+03  2.514118e+02  4.541191e-14 
  660.000  1.132423e+03  2.534628e+02  2.398196e-14 
  661.000  1.143103e+03  2.558777e+02 -5.285052e-14 
  662.000  1.162201e+03  2.598628e+02  5.842194e-14 
  663.000  1.149164e+03  2.562525e+02 -1.126347e-13 
  664.000  1.132094e+03  2.519624e+02 -5.490313e-14 
  665.000  1.138083e+03  2.527873e+02  4.085139e-14 
  666.000  1.153086e+03  2.556456e+02  4.324002e-14 
  667.000  1.131193e+03  2.502901e+02  4.027115e-13 
  668.000  1.138777e+03  2.514923e+02 -6.522635e-14 
  669.000  1.155893e+03  2.547257e+02  1.015621e-13 
  670.000  1.142691e+03  2.512598e+02  5.490534e-14 
  671.000  1.131263e+03  2.482069e+02 -6.457645e-14 
  672.000  1.128153e+03  2.469729e+02 -1.706500e-13 
  673.000  1.136796e+03  2.483099e+02 -1.887174e-15 
  674.000  1.139557e+03  2.483585e+02 -3.854145e-14 
  675.000  1.122696e+03  2.441408e+02 -2.572459e-13 
  676.000  1.144424e+03  2.483121e+02 -3.674124e-14 
  677.000  1.122195e+03  2.429492e+02 -4.156604e-14 
  678.000  1.141299e+03  2.465396e+02 -1.473273e-13 
  679.000  1.125566e+03  2.425862e+02 -1.729550e-13 
  680.000  1.116731e+03  2.400511e+02  1.192535e-14 
  681.000  1.117573e+03  2.395747e+02  2.058256e-13 
  682.000  1.115335e+03  2.385262e+02  1.375533e-14 
  683.000  1.122687e+03  2.394894e+02 -3.597520e-14 
  684.000  1.101367e+03  2.342151e+02  1.822579e-15 
  685.000  1.115141e+03  2.367492e+02  1.062823e-13 
  686.000  1.064889e+03  2.252636e+02  7.647976e-14 
  687.000  9.460094e+02  1.957273e+02  1.327620e-14 
  688.000  9.860444e+02  2.045570e+02  4.923317e-14 
  689.000  9.763491e+02  2.017454e+02 -2.891678e-14 
  690.000  1.001895e+03  2.071421e+02  2.514057e-14 
  691.000  1.028331e+03  2.127523e+02 -2.530861e-14 
  692.000  1.028054e+03  2.122308e+02 -3.932585e-14 
  693.000  1.001094e+03  2.047682e+02 -8.836094e-15 
  694.000  9.784785e+02  1.986009e+02 -8.781887e-15 
  695.000  9.793367e+02  1.988638e+02 -1.714754e-14 
  696.000  1.002050e+03  2.034172e+02  8.809420e-15 
  697.000  1.058553e+03  2.168199e+02 -9.349981e-15 
  698.000  1.027202e+03  2.093344e+02  9.653884e-14 
  699.000  9.964553e+02  2.007569e+02 -8.394052e-15 
  700.000  9.927061e+02  1.998123e+02  8.126321e-15 
  701.000  9.597687e+02  1.924318e+02  1.687452e-15 
  702.000  9.628333e+02  1.928828e+02 -1.063168e-14 
  703.000  1.016907e+03  2.048258e+02 -2.036765e-14 
  704.000  1.021660e+03  2.054276e+02  1.937518e-14 
  705.000  1.012608e+03  2.024941e+02  1.091022e-14 
  706.000  1.005237e+03  2.007266e+02 -3.191886e-14 
  707.000  9.960887e+02  1.987189e+02  1.566571e-14 
  708.000  1.031700e+03  2.056703e+02 -4.393805e-14 
  709.000  1.008128e+03  2.011500e+02  1.532132e-14 
  710.000  1.017280e+03  2.019075e+02 -3.728121e-14 
  711.000  1.021394e+03  2.029468e+02  5.969037e-14 
  712.000  1.019310e+03  2.027321e+02  3.686520e-14 
  713.000  1.005229e+03  1.989922e+02 -5.060332e-14 
  714.000  1.018817e+03  2.010738e+02  7.140238e-14 
  715.000  9.673159e+02  1.898000e+02 -1.389505e-14 
  716.000  9.752715e+02  1.902459e+02  7.549052e-15 
  717.000  8.472797e+02  1.620862e+02  2.829787e-14 
  718.000  7.819371e+02  1.471248e+02  9.036180e-16 
  719.000  7.515208e+02  1.402321e+02  1.501263e-14 
  720.000  7.261397e+02  1.340493e+02  7.130914e-15 
  721.000  8.655115e+02  1.649222e+02  2.996394e-14 
  722.000  9.313357e+02  1.785898e+02 -3.556841e-15 
  723.000  8.988267e+02  1.712254e+02  3.439525e-14 
  724.000  8.198622e+02  1.534949e+02 -1.060596e-14 
  725.000  8.226223e+02  1.540825e+02  6.263921e-15 
  726.000  8.174339e+02  1.526952e+02  1.183735e-14 
  727.000  8.413821e+02  1.572624e+02  1.226893e-14 
  728.000  8.145308e+02  1.515523e+02 -1.685246e-14 
  729.000  8.124738e+02  1.518651e+02  2.593174e-14 
  730.000  8.373527e+02  1.560987e+02 -8.616446e-16 
  731.000  8.174194e+02  1.519415e+02  8.537967e-15 
  732.000  8.866935e+02  1.660509e+02 -2.253639e-14 
  733.000  9.256536e+02  1.744876e+02  7.112775e-15 
  734.000  9.711147e+02  1.836159e+02 -7.412079e-14 
  735.000  9.544012e+02  1.798093e+02 -3.650931e-14 
  736.000  9.202715e+02  1.725467e+02  7.267251e-14 
  737.000  9.451856e+02  1.772729e+02 -5.227206e-14 
  738.000  9.601786e+02  1.803488e+02  1.527128e-14 
  739.000  9.365497e+02  1.758633e+02 -7.077538e-15 
  740.000  9.619565e+02  1.810231e+02 -4.901726e-16 
  741.000  9.638914e+02  1.815269e+02  2.665884e-14 
  742.000  9.520688e+02  1.791727e+02  7.785319e-14 
  743.000  9.890406e+02  1.863020e+02  6.052745e-15 
  744.000  1.002517e+03  1.887037e+02  4.631304e-14 
  745.000  9.795606e+02  1.842419e+02  1.010274e-14 
  746.000  9.956906e+02  1.870832e+02 -1.678866e-13 
  747.000  1.011824e+03  1.897756e+02 -5.682950e-14 
  748.000  9.952034e+02  1.864370e+02  1.020627e-14 
  749.000  9.964144e+02  1.863633e+02 -6.755761e-14 
  750.000  9.812819e+02  1.831201e+02 -8.357234e-14 
  751.000  9.791360e+02  1.823807e+02 -8.107795e-14 
  752.000  9.958572e+02  1.852586e+02 -9.635999e-14 
  753.000  9.871605e+02  1.833287e+02 -2.103158e-13 
  754.000  1.003187e+03  1.859772e+02 -1.607948e-13 
  755.000  9.978096e+02  1.846403e+02 -2.546353e-13 
  756.000  9.786637e+02  1.807667e+02 -2.459327e-14 
  757.000  9.861548e+02  1.818145e+02 -6.498346e-14 
  758.000  9.840876e+02  1.810212e+02 -3.169832e-14 
  759.000  8.911196e+02  1.614953e+02  3.096443e-14 
  760.000  3.571618e+02  5.917398e+01 -2.480628e-15 
  761.000  3.108949e+02  5.081348e+01 -2.333413e-15 
  762.000  5.937016e+02  1.024856e+02  1.810434e-14 
  763.000  5.151407e+02  8.728435e+01  9.748632e-15 
  764.000  5.636709e+02  9.608541e+01  1.344972e-14 
  765.000  6.745447e+02  1.173233e+02  1.495085e-15 
  766.000  7.661616e+02  1.358326e+02  3.706285e-14 
  767.000  8.396699e+02  1.496080e+02 -1.202751e-15 
  768.000  9.146259e+02  1.636279e+02  4.716461e-14 
  769.000  9.384263e+02  1.684255e+02  3.714546e-14 
  770.000  9.463547e+02  1.700080e+02  3.093315e-14 
  771.000  9.537358e+02  1.713058e+02 -1.268403e-14 
  772.000  9.517081e+02  1.707052e+02 -3.065592e-13 
  773.000  9.486782e+02  1.698866e+02  1.529655e-13 
  774.000  9.595731e+02  1.715612e+02 -3.660966e-14 
  775.000  9.240627e+02  1.649377e+02 -2.444655e-14 
  776.000  9.626171e+02  1.715303e+02  2.123981e-13 
  777.000  9.561821e+02  1.700768e+02  1.054597e-13 
  778.000  9.511810e+02  1.688727e+02 -9.381561e-14 
  779.000  9.544151e+02  1.691332e+02  1.926172e-14 
  780.000  9.427540e+02  1.667591e+02 -1.339619e-13 
  781.000  9.419525e+02  1.663648e+02 -5.188161e-14 
  782.000  9.534294e+02  1.680808e+02  8.580170e-14 
  783.000  9.312930e+02  1.638780e+02  7.944634e-14 
  784.000  9.362075e+02  1.644063e+02  1.518329e-13 
  785.000  9.359517e+02  1.638431e+02  1.020494e-13 
  786.000  9.154551e+02  1.596688e+02 -3.072555e-14 
  787.000  9.189954e+02  1.593862e+02 -1.605629e-14 
  788.000  9.000689e+02  1.555403e+02 -7.472409e-14 
  789.000  8.865668e+02  1.520882e+02 -4.581279e-16 
  790.000  8.760693e+02  1.499579e+02  1.459064e-14 
  791.000  8.752166e+02  1.496892e+02  1.703672e-14 
  792.000  8.647495e+02  1.477769e+02  6.820794e-14 
  793.000  8.715892e+02  1.490212e+02  1.908629e-14 
  794.000  8.785316e+02  1.507694e+02  1.154889e-13 
  795.000  8.643011e+02  1.475558e+02  2.229414e-14 
  796.000  8.532302e+02  1.443499e+02 -5.969129e-14 
  797.000  8.661711e+02  1.465601e+02 -3.633500e-14 
  798.000  8.833080e+02  1.499146e+02 -1.622087e-14 
  799.000  8.789825e+02  1.487515e+02 -1.103975e-14 
  800.000  8.445518e+02  1.421990e+02  8.233465e-15 
  801.000  8.617979e+02  1.449100e+02  5.808915e-14 
  802.000  8.590764e+02  1.441615e+02 -1.008598e-14 
  803.000  8.486395e+02  1.422360e+02  2.704508e-14 
  804.000  8.620837e+02  1.444724e+02  2.476254e-14 
  805.000  8.491120e+02  1.425253e+02 -4.881031e-14 
  806.000  8.787038e+02  1.475653e+02 -7.245436e-15 
  807.000  8.738894e+02  1.465229e+02  4.928113e-14 
  808.000  8.650312e+02  1.446087e+02 -8.007255e-14 
  809.000  8.460800e+02  1.409919e+02 -2.230726e-14 
  810.000  8.374816e+02  1.391059e+02 -3.902141e-15 
  811.000  8.407837e+02  1.390154e+02  4.531794e-14 
  812.000  8.242041e+02  1.355730e+02  4.632986e-14 
  813.000  8.039599e+02  1.315371e+02  4.611964e-14 
  814.000  7.807909e+02  1.269988e+02  8.300949e-15 
  815.000  7.452761e+02  1.204334e+02 -3.046013e-14 
  816.000  7.050288e+02  1.130736e+02  5.179628e-15 
  817.000  7.110021e+02  1.138553e+02 -1.815731e-15 
  818.000  7.094332e+02  1.134721e+02 -1.042572e-14 
  819.000  7.014099e+02  1.122508e+02 -3.588357e-15 
  820.000  7.242507e+02  1.164420e+02  1.985223e-15 
  821.000  7.921571e+02  1.281768e+02 -2.064588e-14 
  822.000  7.375094e+02  1.183946e+02  2.893559e-15 
  823.000  6.591439e+02  1.039705e+02  4.514649e-15 
  824.000  7.446685e+02  1.188978e+02  3.466742e-14 
  825.000  7.938181e+02  1.277113e+02  2.217573e-14 
  826.000  7.905797e+02  1.267931e+02 -2.784203e-14 
  827.000  7.817145e+02  1.250136e+02 -6.788309e-15 
  828.000  7.473058e+02  1.186447e+02 -2.131403e-14 
  829.000  7.587681e+02  1.204995e+02 -2.778022e-15 
  830.000  7.599581e+02  1.207802e+02  2.817071e-14 
  831.000  7.498353e+02  1.190621e+02  5.438220e-15 
  832.000  7.668812e+02  1.216382e+02  1.505839e-14 
  833.000  7.505695e+02  1.190503e+02  2.356139e-14 
  834.000  7.706587e+02  1.222886e+02 -9.655887e-15 
  835.000  7.894056e+02  1.256171e+02 -3.848779e-14 
  836.000  7.932983e+02  1.258622e+02 -1.964655e-14 
  837.000  7.863773e+02  1.245614e+02  3.967763e-14 
  838.000  7.975905e+02  1.264216e+02  1.082440e-14 
  839.000  7.776636e+02  1.232542e+02  4.702615e-15 
  840.000  8.003990e+02  1.267292e+02 -8.124518e-14 
  841.000  7.974273e+02  1.258609e+02 -7.123180e-15 
  842.000  7.972242e+02  1.258138e+02  2.103196e-14 
  843.000  8.027530e+02  1.269692e+02  1.344406e-15 
  844.000  7.944271e+02  1.256994e+02  6.960367e-14 
  845.000  8.088898e+02  1.279081e+02  8.972611e-14 
  846.000  8.185931e+02  1.293724e+02 -1.804378e-14 
  847.000  7.930049e+02  1.252778e+02 -8.838793e-14 
  848.000  8.122630e+02  1.278750e+02 -6.146771e-14 
  849.000  8.143932e+02  1.280389e+02 -1.766549e-14 
  850.000  7.024435e+02  1.101658e+02  9.447316e-15 
  851.000  8.024363e+02  1.255222e+02 -1.009642e-14 
  852.000  7.723475e+02  1.206399e+02 -4.812261e-15 
  853.000  7.852456e+02  1.226758e+02  8.811756e-14 
  854.000  6.312462e+02  9.845602e+01 -5.494184e-15 
  855.000  6.966889e+02  1.085935e+02  2.740215e-15 
  856.000  7.945670e+02  1.238834e+02  1.702384e-14 
  857.000  8.090016e+02  1.260579e+02 -9.261602e-15 
  858.000  7.969883e+02  1.240546e+02  8.377405e-14 
  859.000  7.987647e+02  1.242728e+02  4.184179e-14 
  860.000  7.925773e+02  1.231848e+02  2.415340e-15 
  861.000  7.927337e+02  1.230297e+02  2.824494e-14 
  862.000  7.906655e+02  1.225542e+02 -8.980384e-15 
  863.000  8.059749e+02  1.247405e+02  1.878546e-13 
  864.000  8.047820e+02  1.243894e+02 -2.071063e-14 
  865.000  7.901484e+02  1.219604e+02 -1.039232e-13 
  866.000  6.629446e+02  1.021748e+02  3.006335e-14 
  867.000  7.060477e+02  1.086495e+02 -1.722958e-13 
  868.000  7.658956e+02  1.176833e+02  9.718840e-14 
  869.000  7.553534e+02  1.158936e+02 -1.768200e-13 
  870.000  7.865917e+02  1.204995e+02 -5.880262e-14 
  871.000  7.856837e+02  1.201847e+02 -2.788987e-14 
  872.000  7.828325e+02  1.195824e+02  1.123718e-14 
  873.000  7.859314e+02  1.198610e+02  1.287217e-13 
  874.000  7.687441e+02  1.170564e+02  3.365438e-14 
  875.000  7.617794e+02  1.158202e+02  0.000000e+00 
  876.000  7.679584e+02  1.165618e+02  0.000000e+00 
  877.000  7.832552e+02  1.186940e+02 -1.579068e-13 
  878.000  7.689283e+02  1.162697e+02 -4.013351e-14 
  879.000  7.707599e+02  1.163680e+02  9.037865e-14 
  880.000  7.655619e+02  1.153437e+02  6.730133e-14 
  881.000  7.254196e+02  1.090977e+02 -4.510506e-14 
  882.000  7.651369e+02  1.148642e+02 -4.240195e-14 
  883.000  7.482289e+02  1.121940e+02  7.204886e-14 
  884.000  7.548678e+02  1.130358e+02 -1.486713e-14 
  885.000  7.609867e+02  1.136482e+02 -1.503998e-14 
  886.000  7.337290e+02  1.092731e+02 -9.434622e-14 
  887.000  7.281918e+02  1.083890e+02 -4.878598e-14 
  888.000  7.499735e+02  1.114577e+02  3.369228e-14 
  889.000  7.556374e+02  1.121736e+02  4.941358e-14 
  890.000  7.517742e+02  1.113549e+02 -8.866403e-15 
  891.000  7.444990e+02  1.099201e+02 -1.481263e-14 
  892.000  7.344543e+02  1.079012e+02 -2.680320e-14 
  893.000  6.836941e+02  9.945113e+01  6.613358e-15 
  894.000  6.944135e+02  1.005029e+02  1.507566e-14 
  895.000  6.246119e+02  8.955807e+01  2.578878e-15 
  896.000  6.129827e+02  8.720696e+01 -9.439239e-15 
  897.000  5.623301e+02  7.926311e+01 -1.744088e-15 
  898.000  5.465521e+02  7.658311e+01  1.994995e-14 
  899.000  5.013339e+02  6.911839e+01  1.821137e-15 
  900.000  4.947525e+02  6.825625e+01 -3.563482e-15 
  901.000  4.734760e+02  6.496078e+01  1.618873e-15 
  902.000  4.671364e+02  6.407886e+01 -1.532144e-15 
  903.000  5.673344e+02  7.946390e+01 -8.725225e-15 
  904.000  6.245073e+02  8.807361e+01 -9.521264e-15 
  905.000  6.214089e+02  8.752368e+01  1.415595e-14 
  906.000  5.750561e+02  8.049369e+01  3.940426e-15 
  907.000  5.328480e+02  7.362125e+01  7.429316e-15 
  908.000  4.863759e+02  6.635207e+01 -3.759333e-15 
  909.000  4.792704e+02  6.531354e+01 -9.451030e-16 
  910.000  4.897123e+02  6.675984e+01  6.654878e-16 
  911.000  5.094582e+02  6.986685e+01  8.830176e-15 
  912.000  5.003891e+02  6.829865e+01  6.972740e-15 
  913.000  4.679538e+02  6.273986e+01  1.734884e-15 
  914.000  4.865533e+02  6.569250e+01 -3.576501e-16 
  915.000  4.951821e+02  6.721093e+01 -6.967403e-15 
  916.000  5.062369e+02  6.874687e+01  5.167409e-15 
  917.000  5.080269e+02  6.913675e+01  0.000000e+00 
  918.000  5.179745e+02  7.068125e+01 -3.701991e-15 
  919.000  5.684101e+02  7.823110e+01 -9.865167e-16 
  920.000  5.970275e+02  8.255200e+01 -2.823545e-15 
  921.000  5.769191e+02  7.959012e+01  2.217771e-14 
  922.000  5.712593e+02  7.870229e+01  3.385501e-16 
  923.000  5.385933e+02  7.398841e+01 -1.367222e-14 
  924.000  5.397006e+02  7.374519e+01 -2.736533e-15 
  925.000  5.446633e+02  7.425209e+01  3.210307e-15 
  926.000  5.235369e+02  7.115687e+01  6.779227e-15 
  927.000  5.169562e+02  6.967905e+01  1.906785e-15 
  928.000  4.811867e+02  6.389769e+01 -2.725481e-15 
  929.000  4.217711e+02  5.469372e+01 -5.282043e-15 
  930.000  3.587675e+02  4.534489e+01  7.251170e-15 
  931.000  2.958133e+02  3.651125e+01 -1.695797e-15 
  932.000  2.189564e+02  2.614472e+01  3.488001e-16 
  933.000  1.734145e+02  2.019449e+01 -3.061585e-16 
  934.000  1.315955e+02  1.486754e+01  1.442945e-40 
  935.000  1.253403e+02  1.408608e+01 -3.497221e-41 
  936.000  1.384385e+02  1.571736e+01 -1.031406e-16 
  937.000  1.383193e+02  1.565038e+01 -1.056691e-16 
  938.000  1.836931e+02  2.142645e+01 -1.325737e-18 
  939.000  3.373336e+02  4.158018e+01  3.267692e-22 
  940.000  3.626942e+02  4.511144e+01  5.472413e-14 
  941.000  3.328830e+02  4.104325e+01 -6.884755e-15 
  942.000  2.708877e+02  3.279731e+01 -9.932799e-18 
  943.000  2.085460e+02  2.452756e+01 -2.209842e-16 
  944.000  1.976707e+02  2.315407e+01 -1.279660e-18 
  945.000  2.244828e+02  2.652287e+01  4.383253e-16 
  946.000  2.295170e+02  2.711870e+01 -4.096001e-16 
  947.000  2.533726e+02  3.020356e+01 -5.185991e-18 
  948.000  2.703296e+02  3.236685e+01  0.000000e+00 
  949.000  2.699064e+02  3.228541e+01  2.185884e-23 
  950.000  2.723473e+02  3.259236e+01  1.038793e-17 
  951.000  3.061707e+02  3.703437e+01 -3.251252e-15 
  952.000  2.696950e+02  3.222785e+01  1.032765e-17 
  953.000  2.956566e+02  3.562357e+01  1.727665e-15 
  954.000  3.227120e+02  3.925515e+01 -1.277083e-14 
  955.000  2.802686e+02  3.382840e+01 -2.981756e-15 
  956.000  2.952775e+02  3.560804e+01  0.000000e+00 
  957.000  3.723444e+02  4.608799e+01  3.167586e-15 
  958.000  3.868865e+02  4.807875e+01 -8.705629e-15 
  959.000  3.755612e+02  4.641547e+01 -6.650318e-15 
  960.000  3.687946e+02  4.549121e+01  6.579349e-15 
  961.000  3.587547e+02  4.411776e+01 -3.182858e-15 
  962.000  3.671174e+02  4.521503e+01  6.928210e-15 
  963.000  4.121633e+02  5.164488e+01 -1.604611e-16 
  964.000  4.145881e+02  5.205670e+01 -2.949157e-15 
  965.000  4.157112e+02  5.206044e+01  4.671944e-15 
  966.000  4.067176e+02  5.095390e+01  1.417906e-15 
  967.000  4.536805e+02  5.761080e+01  0.000000e+00 
  968.000  5.091203e+02  6.570193e+01 -1.270834e-15 
  969.000  5.411749e+02  7.014415e+01 -9.879301e-15 
  970.000  5.445226e+02  7.053204e+01  5.518695e-16 
  971.000  5.391332e+02  6.974448e+01  1.311060e-14 
  972.000  5.347554e+02  6.898747e+01  1.367872e-16 
  973.000  5.113300e+02  6.565928e+01  3.586689e-16 
  974.000  4.818280e+02  6.150852e+01 -4.681184e-15 
  975.000  4.705467e+02  5.977507e+01 -1.642327e-15 
  976.000  4.933988e+02  6.287883e+01  4.596231e-15 
  977.000  5.091255e+02  6.517721e+01 -1.400745e-15 
  978.000  5.196129e+02  6.643020e+01  1.667514e-15 
  979.000  5.122223e+02  6.551608e+01  3.523082e-15 
  980.000  5.495805e+02  7.060536e+01 -1.200539e-14 
  981.000  5.604362e+02  7.202539e+01  1.962146e-14 
  982.000  5.526968e+02  7.086828e+01  3.055947e-15 
  983.000  5.672009e+02  7.289355e+01 -3.685851e-15 
  984.000  5.799457e+02  7.475458e+01 -4.226522e-16 
  985.000  5.892321e+02  7.607406e+01 -2.617609e-14 
  986.000  5.967137e+02  7.726735e+01  1.327080e-14 
  987.000  6.090221e+02  7.892825e+01 -5.880500e-15 
  988.000  6.028630e+02  7.807611e+01  3.594225e-14 
  989.000  5.960875e+02  7.713082e+01  8.069374e-15 
  990.000  6.025407e+02  7.791207e+01 -4.494720e-14 
  991.000  6.121083e+02  7.920369e+01 -5.355121e-15 
  992.000  6.078137e+02  7.859547e+01  1.730310e-14 
  993.000  6.083450e+02  7.858411e+01  8.399948e-15 
  994.000  6.155892e+02  7.955472e+01  1.191479e-14 
  995.000  6.138983e+02  7.935246e+01  6.370033e-14 
  996.000  6.138130e+02  7.924218e+01 -6.460175e-14 
  997.000  6.127809e+02  7.893851e+01  1.275248e-14 
  998.000  6.085377e+02  7.823116e+01  3.142408e-14 
  999.000  6.063207e+02  7.782275e+01  4.870097e-15 
 1000.000  6.021455e+02  7.721301e+01  3.273122e-15 
 1001.000  6.013351e+02  7.686640e+01 -2.536681e-14 
 1002.000  5.939031e+02  7.560903e+01 -1.032907e-14 
 1003.000  5.885875e+02  7.488898e+01  9.788109e-15 
 1004.000  5.874692e+02  7.477682e+01  8.315503e-15 
 1005.000  5.503610e+02  7.002209e+01 -1.712306e-15 
 1006.000  5.798691e+02  7.370569e+01  2.400548e-14 
 1007.000  5.892523e+02  7.476422e+01 -2.707727e-14 
 1008.000  5.865109e+02  7.415494e+01  4.588575e-16 
 1009.000  5.760010e+02  7.253476e+01  1.153579e-14 
 1010.000  5.813564e+02  7.320968e+01 -9.128849e-15 
 1011.000  5.857382e+02  7.390417e+01  1.838294e-14 
 1012.000  5.888652e+02  7.430562e+01 -1.689711e-14 
 1013.000  5.868802e+02  7.404516e+01 -3.728675e-14 
 1014.000  5.916680e+02  7.459409e+01 -6.825740e-16 
 1015.000  5.809980e+02  7.316810e+01  2.532749e-14 
 1016.000  5.857819e+02  7.371925e+01  3.660803e-14 
 1017.000  5.806336e+02  7.299261e+01  1.119444e-14 
 1018.000  5.870642e+02  7.367982e+01 -1.843625e-14 
 1019.000  5.713111e+02  7.152821e+01 -1.937784e-14 
 1020.000  5.710282e+02  7.143866e+01  2.445443e-14 
 1021.000  5.785217e+02  7.235546e+01  2.380541e-14 
 1022.000  5.670451e+02  7.072984e+01 -3.768095e-14 
 1023.000  5.755746e+02  7.162309e+01  1.277394e-15 
 1024.000  5.712729e+02  7.095483e+01  1.661412e-14 
 1025.000  5.756000e+02  7.156504e+01 -2.481849e-14 
 1026.000  5.783317e+02  7.189432e+01 -9.156835e-15 
 1027.000  5.741202e+02  7.125648e+01  2.469299e-14 
 1028.000  5.762729e+02  7.146677e+01  2.645584e-14 
 1029.000  5.694639e+02  7.060526e+01  0.000000e+00 
 1030.000  5.770244e+02  7.153625e+01  0.000000e+00 
 1031.000  5.761897e+02  7.139014e+01 -7.213125e-15 
 1032.000  5.749766e+02  7.118896e+01  2.998928e-14 
 1033.000  5.646871e+02  6.984275e+01 -3.565742e-14 
 1034.000  5.711611e+02  7.058083e+01 -5.443580e-15 
 1035.000  5.654072e+02  6.980006e+01 -2.320822e-14 
 1036.000  5.728710e+02  7.064120e+01  3.695733e-14 
 1037.000  5.610078e+02  6.910429e+01  1.233559e-14 
 1038.000  5.667112e+02  6.973046e+01  3.030712e-14 
 1039.000  5.689514e+02  6.991575e+01 -4.668728e-14 
 1040.000  5.621951e+02  6.899934e+01 -3.626348e-14 
 1041.000  5.651498e+02  6.927618e+01  1.014990e-13 
 1042.000  5.668595e+02  6.940380e+01 -3.116998e-14 
 1043.000  5.571567e+02  6.813771e+01 -2.817003e-14 
 1044.000  5.626942e+02  6.873193e+01  1.071792e-14 
 1045.000  5.601312e+02  6.832534e+01  4.600774e-14 
 1046.000  5.437590e+02  6.624323e+01 -1.277394e-14 
 1047.000  5.536599e+02  6.736211e+01 -5.280818e-15 
 1048.000  5.591956e+02  6.795219e+01  2.998127e-14 
 1049.000  5.556807e+02  6.744595e+01  6.945203e-15 
 1050.000  5.521808e+02  6.692981e+01  1.136479e-14 
 1051.000  5.518107e+02  6.678114e+01  2.883637e-14 
 1052.000  5.490803e+02  6.636179e+01  8.128988e-16 
 1053.000  5.494482e+02  6.633291e+01  1.658552e-14 
 1054.000  5.434561e+02  6.551093e+01  1.642368e-14 
 1055.000  5.470966e+02  6.585095e+01  1.090012e-14 
 1056.000  5.454576e+02  6.556362e+01 -2.296795e-14 
 1057.000  5.436415e+02  6.521973e+01 -1.610228e-14 
 1058.000  5.361664e+02  6.415239e+01  1.756968e-14 
 1059.000  5.196675e+02  6.212213e+01 -1.199220e-14 
 1060.000  5.396677e+02  6.450222e+01 -5.603287e-14 
 1061.000  5.206931e+02  6.215665e+01  5.796800e-15 
 1062.000  5.341302e+02  6.363189e+01  3.996008e-16 
 1063.000  5.249525e+02  6.245854e+01 -6.260595e-15 
 1064.000  5.309503e+02  6.305661e+01  5.950210e-15 
 1065.000  5.289120e+02  6.267785e+01  2.814858e-14 
 1066.000  5.128510e+02  6.071280e+01 -2.689575e-14 
 1067.000  5.244208e+02  6.199725e+01 -1.511112e-14 
 1068.000  5.194019e+02  6.122105e+01 -7.125948e-15 
 1069.000  4.784594e+02  5.626590e+01 -2.384000e-15 
 1070.000  5.069250e+02  5.954860e+01 -6.253433e-15 
 1071.000  5.056835e+02  5.926372e+01 -4.844424e-15 
 1072.000  5.051869e+02  5.907326e+01 -8.290863e-15 
 1073.000  4.880069e+02  5.698395e+01  1.077726e-14 
 1074.000  5.052250e+02  5.893232e+01  1.585351e-14 
 1075.000  4.921150e+02  5.741849e+01 -1.379037e-14 
 1076.000  5.009445e+02  5.832398e+01  1.319509e-14 
 1077.000  4.973380e+02  5.776641e+01  4.444217e-15 
 1078.000  4.958575e+02  5.745044e+01 -2.580907e-14 
 1079.000  4.761346e+02  5.509101e+01 -2.612613e-14 
 1080.000  4.827335e+02  5.561572e+01  2.525249e-14 
 1081.000  4.645328e+02  5.344934e+01 -5.345260e-15 
 1082.000  4.735500e+02  5.449479e+01 -6.654763e-16 
 1083.000  4.569209e+02  5.243698e+01  2.519793e-15 
 1084.000  4.700043e+02  5.379172e+01  5.310847e-15 
 1085.000  4.537523e+02  5.170583e+01  1.463966e-14 
 1086.000  4.619421e+02  5.261420e+01  5.404558e-17 
 1087.000  4.440164e+02  5.070043e+01 -5.935385e-15 
 1088.000  4.714136e+02  5.377921e+01 -6.452106e-15 
 1089.000  4.402209e+02  4.993731e+01  6.317356e-15 
 1090.000  4.471817e+02  5.062917e+01 -1.119344e-14 
 1091.000  4.525295e+02  5.121024e+01 -1.975270e-15 
 1092.000  4.353837e+02  4.911660e+01  1.620312e-14 
 1093.000  4.156039e+02  4.665552e+01 -1.290693e-14 
 1094.000  3.725457e+02  4.171103e+01  2.991053e-15 
 1095.000  4.041325e+02  4.520241e+01 -2.968183e-15 
 1096.000  4.031803e+02  4.504103e+01 -3.559149e-15 
 1097.000  3.947792e+02  4.400842e+01 -2.703102e-15 
 1098.000  3.555829e+02  3.916521e+01  2.975912e-15 
 1099.000  3.272199e+02  3.545870e+01 -3.269033e-15 
 1100.000  3.346466e+02  3.625994e+01  2.351553e-15 
