  400.000  2.347106e-03  3.987330e+01  9.835810e-15 
  401.000  2.486633e-03  3.960015e+01  3.657184e-15 
  402.000  2.806847e-03  4.193444e+01 -1.218081e-14 
  403.000  2.798227e-03  3.924362e+01  1.769500e-15 
  404.000  3.198104e-03  4.213698e+01 -1.371308e-14 
  405.000  3.116706e-03  3.860920e+01 -9.094353e-15 
  406.000  3.285244e-03  3.828599e+01 -4.365658e-15 
  407.000  3.396077e-03  3.725760e+01  1.245827e-14 
  408.000  3.902700e-03  4.032967e+01 -7.283920e-15 
  409.000  4.578766e-03  4.460283e+01 -2.544911e-16 
  410.000  4.054598e-03  3.725840e+01  1.383452e-15 
  411.000  5.039696e-03  4.371444e+01 -1.155322e-14 
  412.000  5.523468e-03  4.525521e+01  2.883655e-15 
  413.000  5.515953e-03  4.271374e+01  3.858699e-15 
  414.000  5.712080e-03  4.183028e+01  1.096970e-14 
  415.000  6.435808e-03  4.459628e+01  5.293649e-15 
  416.000  6.750936e-03  4.430592e+01  9.379664e-15 
  417.000  6.903965e-03  4.293277e+01 -3.319323e-15 
  418.000  7.117857e-03  4.196128e+01  1.170130e-14 
  419.000  7.679241e-03  4.295155e+01  2.113982e-15 
  420.000  6.841850e-03  3.632274e+01  1.189248e-14 
  421.000  9.019104e-03  4.546975e+01 -3.038933e-15 
  422.000  9.089283e-03  4.353367e+01  3.713886e-15 
  423.000  8.069889e-03  3.673751e+01 -5.782930e-15 
  424.000  9.325525e-03  4.037516e+01 -3.219140e-15 
  425.000  1.013858e-02  4.177293e+01  6.733061e-15 
  426.000  1.022490e-02  4.011408e+01  1.013428e-14 
  427.000  1.031258e-02  3.854617e+01 -5.976130e-15 
  428.000  1.094390e-02  3.898586e+01  6.042936e-15 
  429.000  1.042859e-02  3.542398e+01 -9.567485e-15 
  430.000  8.711252e-03  2.823219e+01  5.851946e-15 
  431.000  8.195341e-03  2.535207e+01  2.643764e-15 
  432.000  1.542908e-02  4.557812e+01 -7.400346e-15 
  433.000  1.435697e-02  4.052197e+01  8.905867e-15 
  434.000  1.425892e-02  3.846853e+01 -7.258007e-15 
  435.000  1.620374e-02  4.180328e+01 -1.108841e-15 
  436.000  1.875712e-02  4.629860e+01 -6.143017e-15 
  437.000  1.976016e-02  4.668992e+01 -1.023000e-14 
  438.000  1.846148e-02  4.177460e+01  3.023452e-15 
  439.000  1.862458e-02  4.037717e+01  3.043493e-15 
  440.000  2.174670e-02  4.520002e+01 -7.389898e-15 
  441.000  2.257230e-02  4.499859e+01 -1.587461e-15 
  442.000  2.473930e-02  4.733287e+01 -4.758165e-15 
  443.000  2.590204e-02  4.758809e+01 -1.001578e-14 
  444.000  2.674606e-02  4.721652e+01 -5.646439e-15 
  445.000  2.921804e-02  4.959658e+01  1.131005e-14 
  446.000  2.698545e-02  4.408042e+01  9.147779e-15 
  447.000  3.197271e-02  5.022422e+01 -1.331475e-14 
  448.000  3.384281e-02  5.104669e+01 -3.558883e-15 
  449.000  3.549181e-02  5.138998e+01  7.744102e-15 
  450.000  3.774612e-02  5.250179e+01 -2.901659e-15 
  451.000  4.240189e-02  5.671191e+01 -5.838859e-15 
  452.000  4.093076e-02  5.268073e+01 -1.737738e-14 
  453.000  3.942592e-02  4.886092e+01  7.378636e-15 
  454.000  4.358892e-02  5.204602e+01  5.711616e-15 
  455.000  4.547109e-02  5.232999e+01  1.481649e-15 
  456.000  4.818590e-02  5.347230e+01 -1.672910e-15 
  457.000  5.013501e-02  5.365071e+01  1.655520e-15 
  458.000  5.093718e-02  5.258798e+01  1.944890e-15 
  459.000  5.263927e-02  5.245952e+01 -2.186839e-15 
  460.000  5.391949e-02  5.188374e+01  3.104705e-15 
  461.000  5.771905e-02  5.364230e+01  9.472456e-16 
  462.000  5.861731e-02  5.264586e+01 -2.569626e-15 
  463.000  6.051584e-02  5.254183e+01 -2.676181e-15 
  464.000  6.282752e-02  5.276776e+01 -1.233551e-14 
  465.000  6.402443e-02  5.204583e+01 -1.126680e-15 
  466.000  6.826697e-02  5.373981e+01 -2.411045e-15 
  467.000  6.801622e-02  5.187988e+01 -8.969482e-15 
  468.000  7.415722e-02  5.484004e+01  6.120992e-15 
  469.000  7.552363e-02  5.421439e+01 -1.350797e-14 
  470.000  7.639513e-02  5.330345e+01  1.330354e-15 
  471.000  7.805015e-02  5.301787e+01 -9.015996e-15 
  472.000  8.070703e-02  5.342962e+01  1.518860e-15 
  473.000  8.131515e-02  5.253238e+01  3.025685e-15 
  474.000  8.333435e-02  5.261362e+01  3.758432e-15 
  475.000  8.756381e-02  5.429282e+01  2.657865e-15 
  476.000  8.514760e-02  5.210152e+01  2.064987e-15 
  477.000  8.506700e-02  5.116419e+01  2.559348e-16 
  478.000  9.237494e-02  5.358652e+01  8.166519e-16 
  479.000  9.245685e-02  5.124144e+01 -3.435487e-15 
  480.000  9.914915e-02  5.239087e+01  8.740525e-15 
  481.000  1.031176e-01  5.216270e+01 -1.382189e-14 
  482.000  1.096916e-01  5.334040e+01 -1.533323e-15 
  483.000  1.138874e-01  5.342056e+01 -1.436947e-14 
  484.000  1.130827e-01  5.133294e+01  2.848427e-15 
  485.000  1.173133e-01  5.164253e+01 -7.057573e-15 
  486.000  9.790754e-02  4.185483e+01  8.994454e-15 
  487.000  1.132381e-01  4.706007e+01  1.694657e-15 
  488.000  1.264098e-01  5.110739e+01 -1.026491e-14 
  489.000  1.207534e-01  4.751485e+01  2.217383e-15 
  490.000  1.412339e-01  5.409930e+01 -1.040586e-14 
  491.000  1.354956e-01  5.052672e+01  2.384873e-15 
  492.000  1.333785e-01  4.843544e+01  6.948272e-16 
  493.000  1.471251e-01  5.203925e+01  8.024071e-15 
  494.000  1.454957e-01  5.014747e+01 -1.085205e-14 
  495.000  1.592235e-01  5.347744e+01 -1.063796e-15 
  496.000  1.582869e-01  5.178933e+01 -9.903087e-15 
  497.000  1.567179e-01  4.995162e+01  1.899310e-14 
  498.000  1.561404e-01  4.849488e+01  4.870411e-15 
  499.000  1.588832e-01  4.810058e+01 -1.892779e-14 
  500.000  1.613263e-01  4.761609e+01 -6.461286e-16 
  501.000  1.607535e-01  4.627290e+01  4.735596e-15 
  502.000  1.627780e-01  4.570055e+01 -4.239782e-15 
  503.000  1.757724e-01  4.814321e+01 -5.516702e-15 
  504.000  1.666179e-01  4.453093e+01  3.314324e-15 
  505.000  1.830287e-01  4.774850e+01  6.184982e-15 
  506.000  2.003742e-01  5.105772e+01  1.334287e-14 
  507.000  1.906714e-01  4.746383e+01  6.062147e-16 
  508.000  1.870122e-01  4.548067e+01  4.897306e-15 
  509.000  2.061902e-01  4.900225e+01 -2.657345e-15 
  510.000  2.042013e-01  4.743723e+01  7.231767e-15 
  511.000  2.086084e-01  4.737631e+01 -3.231685e-15 
  512.000  2.235259e-01  4.963757e+01 -3.832881e-15 
  513.000  2.088490e-01  4.535209e+01 -6.862353e-15 
  514.000  2.086855e-01  4.432426e+01 -2.898288e-15 
  515.000  2.174205e-01  4.517354e+01 -2.994941e-15 
  516.000  2.326802e-01  4.729242e+01  8.414615e-15 
  517.000  1.743409e-01  3.467032e+01  6.459920e-15 
  518.000  2.195074e-01  4.271833e+01  2.734251e-15 
  519.000  2.114643e-01  4.027850e+01 -6.164472e-17 
  520.000  2.367098e-01  4.413556e+01  7.328210e-15 
  521.000  2.406769e-01  4.394324e+01  8.438266e-15 
  522.000  2.540242e-01  4.543816e+01 -6.494337e-15 
  523.000  2.399438e-01  4.208418e+01  8.023769e-15 
  524.000  2.639886e-01  4.539992e+01 -1.946607e-15 
  525.000  2.653892e-01  4.477361e+01 -4.847040e-15 
  526.000  2.565361e-01  4.243570e+01 -3.127639e-15 
  527.000  2.269828e-01  3.682840e+01 -1.839277e-15 
  528.000  2.759575e-01  4.392527e+01  5.721545e-15 
  529.000  2.872736e-01  4.486204e+01 -3.773052e-15 
  530.000  2.748087e-01  4.210363e+01  4.488911e-15 
  531.000  3.028432e-01  4.552283e+01 -4.431412e-15 
  532.000  2.927547e-01  4.316111e+01 -4.618542e-15 
  533.000  2.613806e-01  3.778752e+01 -6.262488e-15 
  534.000  2.895282e-01  4.099131e+01  6.949950e-15 
  535.000  3.013085e-01  4.174264e+01  7.535525e-16 
  536.000  3.259801e-01  4.420495e+01  7.676991e-15 
  537.000  3.080551e-01  4.091867e+01 -9.160179e-15 
  538.000  3.280989e-01  4.272243e+01  4.014757e-15 
  539.000  3.325242e-01  4.246378e+01 -9.705013e-15 
  540.000  3.307348e-01  4.143632e+01 -2.771098e-16 
  541.000  3.081571e-01  3.788549e+01 -6.521066e-15 
  542.000  3.491585e-01  4.213540e+01  2.195996e-15 
  543.000  3.391502e-01  4.018272e+01 -2.781313e-15 
  544.000  3.629306e-01  4.222840e+01  8.557065e-16 
  545.000  3.625095e-01  4.142688e+01 -7.091936e-15 
  546.000  3.593379e-01  4.033715e+01  6.225720e-15 
  547.000  3.798055e-01  4.187956e+01  2.430723e-15 
  548.000  3.572186e-01  3.869872e+01 -2.616929e-15 
  549.000  3.810584e-01  4.056208e+01  4.299915e-15 
  550.000  3.775011e-01  3.948701e+01  1.039205e-14 
  551.000  3.796425e-01  3.903622e+01 -3.046193e-15 
  552.000  4.008054e-01  4.051086e+01  2.738010e-15 
  553.000  3.896168e-01  3.872121e+01  1.794407e-15 
  554.000  4.069821e-01  3.977759e+01 -4.588771e-16 
  555.000  4.127780e-01  3.968172e+01  1.750369e-15 
  556.000  4.058209e-01  3.837791e+01 -4.807986e-15 
  557.000  3.977873e-01  3.701992e+01 -6.737916e-15 
  558.000  4.169682e-01  3.819832e+01  7.431488e-15 
  559.000  3.978963e-01  3.588871e+01 -1.264731e-15 
  560.000  4.031191e-01  3.581961e+01 -5.254962e-16 
  561.000  4.465531e-01  3.910978e+01 -1.641590e-15 
  562.000  4.097244e-01  3.557653e+01 -3.202227e-15 
  563.000  4.312548e-01  3.696279e+01  1.878083e-15 
  564.000  4.267175e-01  3.616145e+01 -8.410045e-16 
  565.000  4.309503e-01  3.624285e+01 -5.788775e-15 
  566.000  3.995282e-01  3.316818e+01 -4.893026e-15 
  567.000  4.259105e-01  3.514766e+01 -4.681169e-15 
  568.000  4.080713e-01  3.430200e+01 -1.070482e-15 
  569.000  3.186640e-01  3.181859e+01 -1.531869e-15 
  570.000  3.270066e-01  3.194783e+01 -7.183361e-16 
  571.000  3.848831e-01  3.171502e+01 -2.204562e-15 
  572.000  3.359836e-01  3.211052e+01 -1.136675e-15 
  573.000  3.472830e-01  3.240117e+01  9.888912e-17 
  574.000  3.485209e-01  3.204627e+01 -2.029022e-15 
  575.000  3.396945e-01  3.103543e+01 -7.881077e-16 
  576.000  3.360269e-01  3.040392e+01 -7.259725e-16 
  577.000  4.061713e-01  3.223196e+01 -2.018896e-15 
  578.000  4.107915e-01  3.157916e+01  1.389310e-15 
  579.000  4.250464e-01  3.168234e+01  1.402568e-15 
  580.000  4.605210e-01  3.323229e+01 -2.752231e-15 
  581.000  4.797653e-01  3.325756e+01  1.385095e-15 
  582.000  5.087155e-01  3.421600e+01  2.270309e-15 
  583.000  5.290378e-01  3.478193e+01 -1.263377e-15 
  584.000  5.412605e-01  3.490913e+01  9.444417e-16 
  585.000  5.512658e-01  3.491901e+01 -6.743476e-16 
  586.000  5.381253e-01  3.356890e+01  2.514809e-15 
  587.000  4.927361e-01  3.422522e+01  3.193502e-15 
  588.000  4.203159e-01  3.204687e+01 -5.536892e-16 
  589.000  2.961661e-01  2.609772e+01 -1.896570e-16 
  590.000  3.082024e-01  2.708998e+01 -8.514956e-16 
  591.000  3.901956e-01  3.040066e+01  2.013232e-16 
  592.000  3.558174e-01  2.892450e+01 -3.790588e-15 
  593.000  4.371472e-01  3.119111e+01 -9.984383e-16 
  594.000  4.282432e-01  3.095700e+01  1.624588e-15 
  595.000  3.735489e-01  2.897185e+01  5.278950e-16 
  596.000  4.649063e-01  3.157434e+01  1.089632e-15 
  597.000  4.526095e-01  3.099083e+01  1.399762e-15 
  598.000  4.826615e-01  3.106345e+01 -8.718745e-16 
  599.000  5.035203e-01  3.126407e+01  1.741147e-15 
  600.000  5.458786e-01  3.187154e+01 -1.056248e-15 
  601.000  6.370309e-01  3.237219e+01  1.047355e-15 
  602.000  6.428591e-01  3.193633e+01 -7.560511e-15 
  603.000  6.612847e-01  3.221402e+01  1.141787e-15 
  604.000  6.998481e-01  3.350925e+01  2.275326e-15 
  605.000  7.150944e-01  3.366150e+01  2.068609e-15 
  606.000  7.194763e-01  3.341465e+01 -1.654312e-15 
  607.000  7.277186e-01  3.336180e+01 -4.659984e-15 
  608.000  7.361436e-01  3.335650e+01  6.798301e-15 
  609.000  7.391455e-01  3.312011e+01 -5.824026e-16 
  610.000  7.377452e-01  3.270039e+01 -5.827787e-15 
  611.000  7.606587e-01  3.336691e+01 -1.525636e-15 
  612.000  7.614384e-01  3.306242e+01 -5.314445e-15 
  613.000  7.605869e-01  3.270076e+01  2.278483e-15 
  614.000  7.428012e-01  3.163115e+01  1.345638e-15 
  615.000  7.886153e-01  3.326268e+01  5.240090e-15 
  616.000  7.592256e-01  3.172959e+01 -3.987894e-15 
  617.000  7.724202e-01  3.200104e+01 -4.734249e-16 
  618.000  8.171571e-01  3.357431e+01 -4.470275e-17 
  619.000  8.167319e-01  3.330297e+01  6.860884e-16 
  620.000  8.354146e-01  3.382058e+01 -2.712977e-15 
  621.000  8.554361e-01  3.440794e+01  6.070443e-15 
  622.000  8.145973e-01  3.257815e+01 -1.839696e-15 
  623.000  8.234553e-01  3.278458e+01  9.869694e-16 
  624.000  8.270749e-01  3.277645e+01 -1.680439e-15 
  625.000  8.066315e-01  3.183395e+01 -1.490682e-15 
  626.000  8.006877e-01  3.175432e+01  4.259345e-16 
  627.000  7.062653e-01  3.128583e+01 -2.124086e-15 
  628.000  6.206660e-01  2.912498e+01 -1.010281e-15 
  629.000  6.751373e-01  3.075429e+01 -4.381561e-15 
  630.000  6.997584e-01  3.037014e+01  1.251528e-15 
  631.000  7.505612e-01  3.187936e+01  2.590538e-17 
  632.000  6.713349e-01  2.934380e+01 -1.102102e-15 
  633.000  7.832051e-01  3.242265e+01 -1.024300e-15 
  634.000  8.710290e-01  3.232080e+01 -5.077832e-16 
  635.000  9.080704e-01  3.328688e+01 -3.992304e-17 
  636.000  9.068670e-01  3.258826e+01  1.729115e-15 
  637.000  9.651374e-01  3.409271e+01  5.441310e-16 
  638.000  1.024788e+00  3.522541e+01  1.322683e-15 
  639.000  1.037850e+00  3.524038e+01 -1.559738e-15 
  640.000  1.038464e+00  3.459948e+01  1.725633e-16 
  641.000  1.076113e+00  3.541976e+01 -1.682268e-16 
  642.000  1.090036e+00  3.532008e+01  2.341851e-15 
  643.000  1.107538e+00  3.589219e+01 -1.902772e-15 
  644.000  1.110204e+00  3.564678e+01  3.366036e-15 
  645.000  1.005292e+00  3.535061e+01  1.457523e-16 
  646.000  8.563567e-01  3.240942e+01  7.229769e-16 
  647.000  8.020003e-01  3.173684e+01 -1.453271e-15 
  648.000  7.333860e-01  3.056843e+01 -6.107690e-17 
  649.000  8.233349e-01  3.233149e+01  1.827618e-15 
  650.000  9.117962e-01  3.222228e+01 -5.506628e-16 
  651.000  9.926986e-01  3.479311e+01  7.111229e-16 
  652.000  8.507009e-01  3.215459e+01  2.553219e-15 
  653.000  1.038091e+00  3.530241e+01  6.748642e-16 
  654.000  1.016743e+00  3.466531e+01 -5.807429e-16 
  655.000  9.399657e-01  3.294478e+01 -1.463197e-15 
  656.000  8.240388e-01  2.829783e+01  3.872698e-16 
  657.000  9.197954e-01  3.071341e+01  1.519669e-15 
  658.000  1.098983e+00  3.512494e+01 -4.327402e-16 
  659.000  1.152339e+00  3.575702e+01  4.038168e-15 
  660.000  1.191529e+00  3.633042e+01  2.994372e-15 
  661.000  1.377474e+00  3.757892e+01  2.424813e-15 
  662.000  1.435576e+00  3.848244e+01 -1.414303e-15 
  663.000  1.427125e+00  3.806259e+01 -3.060147e-15 
  664.000  1.429641e+00  3.768373e+01  3.557259e-15 
  665.000  1.454280e+00  3.797947e+01  3.206166e-15 
  666.000  1.495547e+00  3.864705e+01 -3.662055e-15 
  667.000  1.486672e+00  3.806899e+01  2.682857e-15 
  668.000  1.526480e+00  3.858088e+01  4.609033e-15 
  669.000  1.573042e+00  3.933245e+01  1.639109e-14 
  670.000  1.574607e+00  3.901577e+01 -9.280240e-15 
  671.000  1.580201e+00  3.877383e+01  8.965576e-15 
  672.000  1.593765e+00  3.878300e+01  4.568671e-15 
  673.000  1.623627e+00  3.919248e+01 -5.508681e-15 
  674.000  1.645262e+00  3.939891e+01 -2.321307e-15 
  675.000  1.638623e+00  3.892704e+01  2.552656e-15 
  676.000  1.687546e+00  3.977983e+01  6.899572e-15 
  677.000  1.671343e+00  3.909052e+01  9.959572e-16 
  678.000  1.716918e+00  3.984224e+01 -9.603726e-15 
  679.000  1.705288e+00  3.933430e+01 -5.996677e-15 
  680.000  1.689945e+00  3.891756e+01 -2.480506e-15 
  681.000  1.702142e+00  3.894659e+01 -7.112393e-16 
  682.000  1.709837e+00  3.889095e+01  3.315420e-15 
  683.000  1.735788e+00  3.922320e+01  2.458639e-16 
  684.000  1.705199e+00  3.845241e+01 -1.991364e-15 
  685.000  1.754222e+00  3.911398e+01  1.595918e-15 
  686.000  1.668514e+00  3.710769e+01 -2.026170e-15 
  687.000  7.907284e-01  2.457801e+01  6.601757e-17 
  688.000  9.958048e-01  2.794436e+01  2.915338e-16 
  689.000  9.385143e-01  2.696638e+01 -3.244983e-16 
  690.000  1.063376e+00  2.898237e+01 -3.239469e-16 
  691.000  1.213681e+00  3.164913e+01 -7.360137e-16 
  692.000  1.252322e+00  3.256134e+01 -3.653466e-16 
  693.000  1.054733e+00  3.030480e+01  2.745825e-16 
  694.000  8.897744e-01  2.841113e+01 -1.779208e-15 
  695.000  9.746552e-01  2.926648e+01  5.205485e-16 
  696.000  1.062533e+00  3.052629e+01 -1.873609e-15 
  697.000  1.455663e+00  3.552326e+01  1.418697e-15 
  698.000  1.345567e+00  3.374300e+01 -1.604216e-16 
  699.000  1.046483e+00  3.008090e+01 -6.151719e-16 
  700.000  1.084905e+00  3.030877e+01 -5.899935e-16 
  701.000  1.003002e+00  2.881654e+01  6.742716e-16 
  702.000  1.051817e+00  2.926739e+01 -3.994637e-16 
  703.000  1.350251e+00  3.315487e+01 -1.751495e-15 
  704.000  1.379385e+00  3.343745e+01 -3.914512e-15 
  705.000  1.276625e+00  3.213330e+01  1.200647e-16 
  706.000  1.296204e+00  3.208118e+01  1.748138e-15 
  707.000  1.329702e+00  3.213275e+01 -9.587231e-16 
  708.000  1.429674e+00  3.368986e+01 -2.003534e-16 
  709.000  1.497207e+00  3.377895e+01  4.388811e-15 
  710.000  1.422222e+00  3.313919e+01 -6.625457e-16 
  711.000  1.537168e+00  3.421254e+01  6.983134e-16 
  712.000  1.636436e+00  3.491397e+01 -5.410851e-16 
  713.000  1.543686e+00  3.377113e+01 -4.257587e-15 
  714.000  1.540602e+00  3.393939e+01  4.788310e-16 
  715.000  1.349875e+00  3.112848e+01 -1.585341e-15 
  716.000  1.235429e+00  3.025766e+01  1.160212e-16 
  717.000  6.240089e-01  2.204657e+01 -3.900808e-16 
  718.000  4.004392e-01  1.813382e+01  1.262320e-16 
  719.000  3.350455e-01  1.672856e+01  6.975614e-16 
  720.000  2.762007e-01  1.543901e+01 -3.303291e-16 
  721.000  7.345084e-01  2.344595e+01 -6.972086e-17 
  722.000  1.045565e+00  2.750840e+01 -8.401383e-16 
  723.000  8.756172e-01  2.532018e+01  7.752675e-17 
  724.000  5.134134e-01  1.997248e+01  2.799179e-16 
  725.000  5.472707e-01  2.041311e+01  1.090131e-16 
  726.000  5.384493e-01  2.014899e+01  3.960950e-16 
  727.000  5.964261e-01  2.117735e+01 -5.092739e-16 
  728.000  5.459950e-01  2.005272e+01  3.124922e-16 
  729.000  6.537946e-01  2.118102e+01 -2.978967e-16 
  730.000  6.675497e-01  2.167049e+01 -3.989643e-16 
  731.000  6.427990e-01  2.096388e+01 -5.863717e-16 
  732.000  9.344051e-01  2.499197e+01  4.963485e-16 
  733.000  1.288251e+00  2.852372e+01 -1.177755e-15 
  734.000  1.551008e+00  3.143021e+01 -4.337601e-17 
  735.000  1.477787e+00  3.038889e+01 -1.135438e-16 
  736.000  1.328471e+00  2.845302e+01 -3.825896e-16 
  737.000  1.459434e+00  2.986363e+01 -4.559318e-16 
  738.000  1.619866e+00  3.134345e+01 -2.572499e-15 
  739.000  1.650505e+00  3.104097e+01  3.285439e-15 
  740.000  1.855011e+00  3.298744e+01  5.605257e-16 
  741.000  1.963384e+00  3.362913e+01  1.693677e-15 
  742.000  1.991234e+00  3.343251e+01 -7.114169e-15 
  743.000  2.169290e+00  3.518735e+01 -1.542934e-16 
  744.000  2.418666e+00  3.621966e+01  9.220091e-16 
  745.000  2.403262e+00  3.550554e+01  5.369273e-15 
  746.000  2.478475e+00  3.619598e+01  8.867875e-16 
  747.000  2.538045e+00  3.681203e+01  1.049302e-14 
  748.000  2.525460e+00  3.630432e+01 -5.264379e-15 
  749.000  2.552234e+00  3.643135e+01  1.191284e-15 
  750.000  2.513379e+00  3.575649e+01 -3.301884e-15 
  751.000  2.523437e+00  3.568766e+01  2.038375e-15 
  752.000  2.607900e+00  3.651949e+01  7.383300e-17 
  753.000  2.615991e+00  3.630061e+01  6.340806e-15 
  754.000  2.683443e+00  3.695216e+01  1.785745e-15 
  755.000  2.685380e+00  3.676437e+01  7.003778e-15 
  756.000  2.650735e+00  3.607401e+01 -4.164923e-15 
  757.000  2.684942e+00  3.633864e+01  9.077612e-16 
  758.000  2.661451e+00  3.587556e+01  1.147572e-15 
  759.000  1.702090e+00  2.748807e+01  4.343186e-16 
  760.000  4.368985e-02  3.498505e+00  9.365943e-18 
  761.000  2.604781e-02  2.794945e+00 -1.187772e-17 
  762.000  3.296485e-01  9.586337e+00 -2.997925e-16 
  763.000  1.757531e-01  6.809083e+00  3.680563e-16 
  764.000  2.484000e-01  8.198032e+00 -1.176042e-16 
  765.000  5.061089e-01  1.244360e+01  1.770775e-16 
  766.000  1.069509e+00  1.946202e+01 -7.574575e-17 
  767.000  1.549740e+00  2.468828e+01 -2.080425e-15 
  768.000  2.032518e+00  2.997128e+01  2.108564e-16 
  769.000  2.366490e+00  3.282040e+01 -3.798845e-16 
  770.000  2.546890e+00  3.440707e+01  1.369704e-15 
  771.000  2.812106e+00  3.536095e+01  5.360263e-16 
  772.000  2.832122e+00  3.536319e+01 -1.157311e-16 
  773.000  2.838429e+00  3.524536e+01  9.699623e-16 
  774.000  2.889700e+00  3.574561e+01 -5.553576e-15 
  775.000  2.808172e+00  3.452867e+01  2.255587e-15 
  776.000  2.952470e+00  3.604903e+01  4.555260e-16 
  777.000  2.943405e+00  3.578014e+01 -1.369565e-15 
  778.000  2.930490e+00  3.551441e+01  2.204188e-15 
  779.000  2.942982e+00  3.555337e+01 -5.744110e-15 
  780.000  2.921629e+00  3.507705e+01  9.539500e-15 
  781.000  2.948749e+00  3.514009e+01 -1.004088e-15 
  782.000  2.986143e+00  3.548041e+01  1.075178e-15 
  783.000  2.930744e+00  3.461408e+01  1.241349e-15 
  784.000  2.947000e+00  3.467753e+01 -4.767598e-16 
  785.000  2.924911e+00  3.446947e+01  7.293942e-16 
  786.000  2.637910e+00  3.315116e+01 -1.324032e-15 
  787.000  2.518569e+00  3.264041e+01 -8.405770e-16 
  788.000  2.401371e+00  3.158403e+01 -8.822031e-16 
  789.000  2.131117e+00  2.969533e+01 -2.968456e-16 
  790.000  2.091896e+00  2.917611e+01  1.873128e-15 
  791.000  2.139440e+00  2.938717e+01 -2.679182e-16 
  792.000  2.163934e+00  2.926222e+01  1.809252e-15 
  793.000  2.290198e+00  3.003601e+01 -2.974252e-15 
  794.000  2.534820e+00  3.128656e+01  6.730469e-16 
  795.000  2.371760e+00  3.015427e+01 -2.919755e-16 
  796.000  2.026361e+00  2.784924e+01 -1.730740e-15 
  797.000  2.151910e+00  2.880593e+01  1.771524e-15 
  798.000  2.421687e+00  3.058813e+01  3.795838e-16 
  799.000  2.368710e+00  3.015125e+01  4.565754e-16 
  800.000  2.132042e+00  2.806206e+01  4.661024e-16 
  801.000  2.201465e+00  2.871606e+01 -2.266496e-16 
  802.000  2.187987e+00  2.850576e+01 -3.499122e-16 
  803.000  2.192435e+00  2.826936e+01  1.530196e-15 
  804.000  2.312444e+00  2.913263e+01 -2.741158e-15 
  805.000  2.434071e+00  2.942986e+01  5.753011e-16 
  806.000  2.623271e+00  3.085915e+01 -3.980086e-16 
  807.000  2.623454e+00  3.068582e+01  1.901520e-15 
  808.000  2.552837e+00  3.011377e+01  3.613995e-15 
  809.000  2.439797e+00  2.912234e+01 -1.396960e-15 
  810.000  2.348711e+00  2.843350e+01 -6.700098e-16 
  811.000  2.222119e+00  2.773311e+01  2.936612e-15 
  812.000  2.009067e+00  2.612223e+01  1.739498e-16 
  813.000  1.777926e+00  2.438346e+01 -3.831279e-16 
  814.000  1.513526e+00  2.247148e+01  1.437255e-15 
  815.000  1.211854e+00  2.010277e+01  3.832799e-16 
  816.000  9.305372e-01  1.758621e+01  9.777105e-17 
  817.000  9.413427e-01  1.773148e+01  8.633054e-17 
  818.000  9.570310e-01  1.777437e+01  8.289301e-16 
  819.000  1.026876e+00  1.805145e+01  2.264132e-17 
  820.000  1.339507e+00  2.023533e+01  1.014836e-16 
  821.000  1.869564e+00  2.435069e+01  2.607025e-17 
  822.000  1.457877e+00  2.102177e+01  3.183430e-18 
  823.000  7.677328e-01  1.538919e+01 -8.804743e-17 
  824.000  1.374240e+00  2.058996e+01 -2.688771e-16 
  825.000  1.943788e+00  2.453018e+01  3.851033e-16 
  826.000  1.880626e+00  2.399942e+01  1.127688e-17 
  827.000  1.803384e+00  2.336172e+01  8.104047e-16 
  828.000  1.439104e+00  2.077871e+01  6.017314e-16 
  829.000  1.565993e+00  2.160269e+01  6.055422e-16 
  830.000  1.698974e+00  2.226156e+01 -7.624289e-16 
  831.000  1.719031e+00  2.212864e+01  6.388810e-16 
  832.000  1.797725e+00  2.276264e+01  4.493318e-16 
  833.000  1.850123e+00  2.268921e+01  5.833517e-16 
  834.000  2.015131e+00  2.384261e+01 -5.953454e-16 
  835.000  2.304454e+00  2.566461e+01  2.395537e-15 
  836.000  2.256893e+00  2.538751e+01 -1.015141e-15 
  837.000  2.247876e+00  2.513946e+01 -1.578633e-16 
  838.000  2.407411e+00  2.611280e+01 -2.035300e-16 
  839.000  2.434594e+00  2.582744e+01 -1.952892e-15 
  840.000  2.544550e+00  2.670185e+01  3.173015e-15 
  841.000  2.463500e+00  2.618510e+01 -1.037879e-16 
  842.000  2.548780e+00  2.653175e+01  1.729343e-15 
  843.000  2.764220e+00  2.750702e+01 -1.357193e-15 
  844.000  2.834759e+00  2.754383e+01 -9.428133e-16 
  845.000  2.938803e+00  2.818058e+01 -1.065877e-15 
  846.000  3.029557e+00  2.865974e+01  8.372471e-16 
  847.000  2.991587e+00  2.790634e+01  8.548850e-16 
  848.000  2.996071e+00  2.829223e+01 -4.455992e-17 
  849.000  3.023012e+00  2.837874e+01  1.058121e-15 
  850.000  2.581485e+00  2.433744e+01 -3.590607e-15 
  851.000  2.912270e+00  2.761269e+01  3.240745e-16 
  852.000  2.816861e+00  2.657492e+01 -1.279274e-15 
  853.000  2.949301e+00  2.727190e+01  3.062022e-15 
  854.000  2.377378e+00  2.190353e+01 -6.306436e-16 
  855.000  2.667523e+00  2.427882e+01  2.555688e-15 
  856.000  3.327386e+00  2.823668e+01  2.052275e-15 
  857.000  3.429467e+00  2.881736e+01 -2.043971e-15 
  858.000  3.400709e+00  2.838683e+01 -4.003872e-15 
  859.000  3.450984e+00  2.854233e+01 -4.544454e-16 
  860.000  3.460660e+00  2.842609e+01  1.050615e-15 
  861.000  3.477960e+00  2.843682e+01  5.031798e-15 
  862.000  3.485814e+00  2.840343e+01  1.702621e-15 
  863.000  3.566197e+00  2.893964e+01  3.106277e-15 
  864.000  3.597666e+00  2.897872e+01  2.891258e-15 
  865.000  3.563325e+00  2.851155e+01 -1.903812e-15 
  866.000  3.001108e+00  2.391319e+01 -1.972795e-15 
  867.000  3.198798e+00  2.542083e+01  8.118857e-15 
  868.000  3.480626e+00  2.755607e+01  1.356331e-15 
  869.000  3.447299e+00  2.717361e+01  2.158175e-15 
  870.000  3.591183e+00  2.823931e+01 -4.643944e-16 
  871.000  3.601862e+00  2.820208e+01  1.316652e-15 
  872.000  3.614588e+00  2.813836e+01  6.275817e-15 
  873.000  3.617342e+00  2.814207e+01  1.779745e-15 
  874.000  3.535376e+00  2.745447e+01 -4.151474e-15 
  875.000  3.507908e+00  2.716352e+01  3.629828e-15 
  876.000  3.549731e+00  2.733225e+01  1.001894e-14 
  877.000  3.635123e+00  2.787034e+01  3.068364e-15 
  878.000  3.548736e+00  2.720792e+01 -2.471145e-15 
  879.000  3.577825e+00  2.731743e+01 -6.815554e-15 
  880.000  3.535022e+00  2.698752e+01  1.377598e-15 
  881.000  3.357096e+00  2.557283e+01  1.564435e-15 
  882.000  3.537135e+00  2.689732e+01  3.702220e-15 
  883.000  3.481969e+00  2.633640e+01  4.823160e-15 
  884.000  3.527790e+00  2.657079e+01  1.054975e-15 
  885.000  3.527284e+00  2.665447e+01  1.629431e-16 
  886.000  3.171262e+00  2.528968e+01 -1.710178e-15 
  887.000  3.378052e+00  2.541054e+01 -5.191689e-16 
  888.000  3.483995e+00  2.613542e+01  3.140075e-15 
  889.000  3.526828e+00  2.634622e+01 -1.310873e-15 
  890.000  3.289070e+00  2.584733e+01 -4.110802e-16 
  891.000  3.180529e+00  2.532015e+01  4.625653e-16 
  892.000  2.965803e+00  2.438841e+01  2.278686e-15 
  893.000  2.313627e+00  2.091511e+01 -3.187837e-17 
  894.000  2.137831e+00  2.025803e+01 -7.050989e-16 
  895.000  1.494065e+00  1.634526e+01 -1.203247e-16 
  896.000  1.132038e+00  1.452786e+01 -6.047028e-17 
  897.000  7.713859e-01  1.191357e+01  6.680397e-17 
  898.000  6.502424e-01  1.097542e+01 -6.736974e-18 
  899.000  4.277281e-01  8.944286e+00  3.721112e-17 
  900.000  4.356333e-01  8.909984e+00  4.155228e-17 
  901.000  3.868242e-01  8.302814e+00  1.649577e-16 
  902.000  4.001156e-01  8.285054e+00  3.047724e-16 
  903.000  8.441017e-01  1.226913e+01  1.083461e-16 
  904.000  1.299837e+00  1.530760e+01  2.750325e-16 
  905.000  1.304517e+00  1.523753e+01  2.247867e-16 
  906.000  9.922245e-01  1.305619e+01  7.775382e-16 
  907.000  6.397399e-01  1.049227e+01 -1.037779e-16 
  908.000  4.576174e-01  8.769943e+00 -1.160435e-16 
  909.000  4.510576e-01  8.631975e+00 -1.123154e-16 
  910.000  4.769529e-01  8.907200e+00  9.616007e-17 
  911.000  5.812477e-01  9.785901e+00 -4.102621e-17 
  912.000  5.328242e-01  9.349485e+00 -1.738716e-16 
  913.000  3.629509e-01  7.865983e+00 -1.163107e-16 
  914.000  4.462464e-01  8.595581e+00  7.864518e-17 
  915.000  5.234644e-01  9.154646e+00 -1.974666e-16 
  916.000  5.628756e-01  9.499740e+00  1.534367e-16 
  917.000  6.175114e-01  9.816123e+00 -8.636847e-17 
  918.000  7.016000e-01  1.039386e+01  3.523151e-16 
  919.000  1.062789e+00  1.292275e+01  1.030809e-16 
  920.000  1.434410e+00  1.492915e+01  6.020290e-16 
  921.000  1.340137e+00  1.419974e+01 -6.480575e-16 
  922.000  1.330881e+00  1.404680e+01  6.460791e-17 
  923.000  1.180790e+00  1.290587e+01  9.257488e-17 
  924.000  1.011337e+00  1.212830e+01  1.374032e-17 
  925.000  9.822586e-01  1.206015e+01 -2.604938e-16 
  926.000  8.760132e-01  1.130524e+01  1.968491e-17 
  927.000  6.698077e-01  1.015057e+01  9.847070e-17 
  928.000  4.185227e-01  8.236038e+00 -4.982355e-17 
  929.000  2.033125e-01  6.097491e+00  7.181256e-17 
  930.000  7.899093e-02  4.378184e+00 -8.128732e-20 
  931.000  2.574075e-02  3.126966e+00 -2.351543e-18 
  932.000  3.539363e-03  1.934924e+00  5.039485e-18 
  933.000  9.128170e-04  1.452278e+00  3.653668e-18 
  934.000  2.256986e-04  1.098296e+00 -5.471822e-19 
  935.000  1.697773e-04  1.034383e+00 -1.830900e-18 
  936.000  2.559628e-04  1.115192e+00 -9.008094e-18 
  937.000  2.670484e-04  1.131640e+00 -1.533279e-17 
  938.000  1.436259e-03  1.547996e+00 -5.056307e-18 
  939.000  2.887602e-02  3.388990e+00 -1.663950e-17 
  940.000  4.462776e-02  3.857596e+00 -5.430626e-18 
  941.000  3.418181e-02  3.436267e+00  2.837726e-17 
  942.000  1.531858e-02  2.596497e+00  1.095884e-18 
  943.000  3.736996e-03  1.848472e+00  3.704011e-18 
  944.000  3.048711e-03  1.728048e+00 -1.050139e-17 
  945.000  4.991562e-03  1.974212e+00  9.688434e-18 
  946.000  5.628415e-03  2.038635e+00 -5.925038e-18 
  947.000  1.022102e-02  2.345189e+00 -2.310172e-18 
  948.000  1.424573e-02  2.564544e+00 -3.657449e-18 
  949.000  1.507065e-02  2.584614e+00  9.215522e-18 
  950.000  1.667079e-02  2.632473e+00  4.364394e-18 
  951.000  3.063870e-02  3.128276e+00  1.886756e-18 
  952.000  1.876584e-02  2.659050e+00  6.630040e-18 
  953.000  3.127329e-02  3.063282e+00  1.433332e-18 
  954.000  5.304072e-02  3.564899e+00 -8.915853e-18 
  955.000  3.879640e-02  3.029917e+00 -1.035705e-18 
  956.000  4.520782e-02  3.260315e+00  1.837129e-17 
  957.000  1.413840e-01  4.826399e+00  4.226606e-17 
  958.000  1.775921e-01  5.232413e+00 -1.049153e-17 
  959.000  1.634308e-01  5.007858e+00 -2.630413e-17 
  960.000  1.640060e-01  4.936006e+00 -3.232475e-17 
  961.000  1.567844e-01  4.778025e+00  2.952736e-17 
  962.000  1.781145e-01  4.999292e+00 -3.697794e-17 
  963.000  3.144746e-01  6.302253e+00  7.966175e-17 
  964.000  3.477519e-01  6.503913e+00  7.851269e-17 
  965.000  3.499040e-01  6.506161e+00 -7.440271e-17 
  966.000  3.653204e-01  6.472420e+00 -3.365529e-17 
  967.000  5.630330e-01  8.031846e+00 -1.935782e-17 
  968.000  1.062239e+00  1.104115e+01 -7.961132e-17 
  969.000  1.436493e+00  1.289141e+01 -3.741036e-16 
  970.000  1.487487e+00  1.308882e+01  3.214515e-17 
  971.000  1.475445e+00  1.294256e+01  5.502252e-16 
  972.000  1.377322e+00  1.250469e+01 -3.796980e-16 
  973.000  1.143901e+00  1.126974e+01  5.373163e-17 
  974.000  9.110117e-01  9.881192e+00 -2.754915e-16 
  975.000  8.008776e-01  9.215924e+00  2.751176e-17 
  976.000  9.637256e-01  1.021509e+01 -2.042991e-16 
  977.000  1.247883e+00  1.156031e+01 -4.957773e-16 
  978.000  1.272562e+00  1.176121e+01  4.409897e-17 
  979.000  1.353585e+00  1.192882e+01  3.646076e-18 
  980.000  1.824999e+00  1.404536e+01  1.923818e-16 
  981.000  1.975393e+00  1.466516e+01  3.899084e-16 
  982.000  1.890859e+00  1.423553e+01 -1.134536e-15 
  983.000  2.187624e+00  1.538223e+01 -5.284138e-16 
  984.000  2.521301e+00  1.667820e+01  1.185519e-15 
  985.000  2.757651e+00  1.758631e+01  3.926951e-16 
  986.000  3.068138e+00  1.861958e+01 -1.088374e-15 
  987.000  3.272608e+00  1.935154e+01 -5.590659e-16 
  988.000  3.287806e+00  1.924825e+01  1.408514e-15 
  989.000  3.285794e+00  1.908963e+01 -1.417527e-15 
  990.000  3.363842e+00  1.937272e+01  5.087717e-16 
  991.000  3.532099e+00  1.993276e+01  1.978489e-16 
  992.000  3.546595e+00  1.985674e+01 -1.621267e-15 
  993.000  3.570812e+00  1.989392e+01  1.472467e-15 
  994.000  3.894682e+00  2.047659e+01  7.734750e-16 
  995.000  3.949572e+00  2.054190e+01  2.062096e-15 
  996.000  3.957326e+00  2.052541e+01  3.980452e-16 
  997.000  3.927740e+00  2.041695e+01 -1.665591e-15 
  998.000  3.681622e+00  2.000573e+01 -4.904569e-16 
  999.000  3.658391e+00  1.988030e+01 -1.111202e-15 
 1000.000  3.653244e+00  1.975997e+01  2.135524e-15 
 1001.000  3.559920e+00  1.949747e+01  1.359533e-15 
 1002.000  3.370230e+00  1.887013e+01 -7.075440e-16 
 1003.000  3.382994e+00  1.877962e+01  7.203755e-16 
 1004.000  3.470518e+00  1.894370e+01 -8.244544e-16 
 1005.000  3.295295e+00  1.782422e+01 -7.519139e-16 
 1006.000  3.489457e+00  1.878848e+01  3.300803e-16 
 1007.000  3.523001e+00  1.900986e+01  4.786703e-16 
 1008.000  3.389792e+00  1.861006e+01 -2.824555e-15 
 1009.000  3.171894e+00  1.783860e+01 -1.293784e-16 
 1010.000  3.281826e+00  1.818786e+01  6.219558e-16 
 1011.000  3.490956e+00  1.875081e+01 -1.042332e-15 
 1012.000  3.585507e+00  1.899835e+01  1.682528e-15 
 1013.000  3.634722e+00  1.904306e+01 -2.578197e-17 
 1014.000  3.695481e+00  1.923779e+01 -7.691643e-16 
 1015.000  3.640280e+00  1.888545e+01  4.357278e-16 
 1016.000  3.701384e+00  1.907951e+01  7.081283e-17 
 1017.000  3.864996e+00  1.906012e+01  1.352957e-17 
 1018.000  3.706079e+00  1.905260e+01  1.481362e-15 
 1019.000  3.552436e+00  1.839102e+01  1.079106e-15 
 1020.000  3.577364e+00  1.841160e+01  1.564292e-15 
 1021.000  3.673863e+00  1.873288e+01 -2.368351e-16 
 1022.000  3.532560e+00  1.817805e+01  2.117654e-16 
 1023.000  3.528654e+00  1.829026e+01  9.967236e-16 
 1024.000  3.469945e+00  1.804719e+01 -3.259621e-16 
 1025.000  3.616487e+00  1.842606e+01  7.910584e-17 
 1026.000  3.689343e+00  1.860303e+01 -4.486100e-16 
 1027.000  3.647364e+00  1.840284e+01 -8.048427e-16 
 1028.000  3.683697e+00  1.848721e+01  1.715695e-15 
 1029.000  3.870548e+00  1.849775e+01  1.132488e-15 
 1030.000  3.967515e+00  1.880590e+01 -3.177069e-15 
 1031.000  3.985248e+00  1.879107e+01 -1.655853e-15 
 1032.000  3.994925e+00  1.875574e+01 -1.359791e-15 
 1033.000  3.935201e+00  1.842072e+01 -7.775886e-16 
 1034.000  3.975871e+00  1.857859e+01 -9.031922e-16 
 1035.000  3.940738e+00  1.838116e+01 -2.085581e-15 
 1036.000  3.995636e+00  1.858622e+01 -1.469550e-15 
 1037.000  3.918563e+00  1.818692e+01  2.774952e-15 
 1038.000  3.978373e+00  1.839247e+01  1.388519e-15 
 1039.000  3.975453e+00  1.838387e+01 -1.003517e-15 
 1040.000  3.916337e+00  1.809858e+01 -3.927495e-15 
 1041.000  3.927488e+00  1.813585e+01  2.822411e-15 
 1042.000  3.941358e+00  1.816405e+01  4.930874e-16 
 1043.000  3.881334e+00  1.783948e+01  1.888876e-15 
 1044.000  3.914484e+00  1.796683e+01 -2.010540e-15 
 1045.000  3.859864e+00  1.775256e+01 -1.078306e-15 
 1046.000  3.740805e+00  1.716683e+01 -3.902341e-15 
 1047.000  3.786917e+00  1.738059e+01  3.035200e-15 
 1048.000  3.815584e+00  1.746829e+01 -3.592884e-16 
 1049.000  3.777939e+00  1.726350e+01  5.998286e-16 
 1050.000  3.726581e+00  1.704053e+01  3.108016e-15 
 1051.000  3.696870e+00  1.692801e+01 -1.294758e-15 
 1052.000  3.652914e+00  1.673780e+01 -4.081624e-15 
 1053.000  3.634955e+00  1.665628e+01 -1.302554e-15 
 1054.000  3.565904e+00  1.636769e+01  3.775248e-17 
 1055.000  3.551290e+00  1.633716e+01 -1.110670e-15 
 1056.000  3.504846e+00  1.615261e+01 -2.304207e-15 
 1057.000  3.439452e+00  1.591989e+01 -9.061168e-16 
 1058.000  3.320658e+00  1.550322e+01 -2.370868e-15 
 1059.000  3.208585e+00  1.496016e+01 -6.406421e-16 
 1060.000  3.338902e+00  1.548496e+01  1.063188e-15 
 1061.000  3.206313e+00  1.486593e+01  1.074330e-15 
 1062.000  3.256502e+00  1.514973e+01 -1.465907e-15 
 1063.000  3.188091e+00  1.482143e+01 -1.991961e-15 
 1064.000  3.194475e+00  1.488975e+01 -1.338529e-15 
 1065.000  3.146276e+00  1.472601e+01 -5.945812e-16 
 1066.000  3.059093e+00  1.427375e+01 -1.777102e-15 
 1067.000  2.971200e+00  1.445265e+01 -1.369501e-16 
 1068.000  2.883842e+00  1.418870e+01  8.255919e-16 
 1069.000  2.637824e+00  1.305030e+01 -1.020246e-15 
 1070.000  2.825419e+00  1.391136e+01  4.622613e-16 
 1071.000  2.787466e+00  1.382147e+01 -1.258934e-16 
 1072.000  2.750864e+00  1.373508e+01 -1.269055e-15 
 1073.000  2.664271e+00  1.329037e+01  7.448781e-16 
 1074.000  2.786205e+00  1.383193e+01 -5.964439e-17 
 1075.000  2.808478e+00  1.369992e+01  1.860423e-15 
 1076.000  2.825126e+00  1.387126e+01 -5.978178e-16 
 1077.000  2.752028e+00  1.364431e+01 -1.364818e-16 
 1078.000  2.677827e+00  1.343134e+01  1.088136e-16 
 1079.000  2.571890e+00  1.289520e+01 -1.049763e-15 
 1080.000  2.426186e+00  1.254790e+01 -5.862932e-16 
 1081.000  2.334452e+00  1.206339e+01 -1.049490e-15 
 1082.000  2.465337e+00  1.253854e+01 -4.992330e-16 
 1083.000  2.288864e+00  1.183133e+01  4.576283e-17 
 1084.000  2.261492e+00  1.189374e+01 -3.208867e-16 
 1085.000  1.986759e+00  1.093606e+01 -1.928897e-17 
 1086.000  2.068827e+00  1.125222e+01  2.361087e-16 
 1087.000  2.209222e+00  1.142872e+01 -8.455266e-16 
 1088.000  2.365971e+00  1.217712e+01 -3.844535e-16 
 1089.000  1.936208e+00  1.061127e+01  1.387411e-16 
 1090.000  1.914959e+00  1.063885e+01 -7.072580e-16 
 1091.000  1.981005e+00  1.087487e+01 -2.641758e-16 
 1092.000  1.777049e+00  1.012465e+01 -3.173191e-16 
 1093.000  1.453365e+00  9.013049e+00 -3.753270e-17 
 1094.000  1.218009e+00  7.834583e+00 -2.100916e-16 
 1095.000  1.328532e+00  8.515111e+00  4.618752e-16 
 1096.000  1.318762e+00  8.476514e+00 -4.193161e-17 
 1097.000  1.233661e+00  8.136555e+00  1.729831e-17 
 1098.000  7.444803e-01  6.130301e+00 -1.020024e-16 
 1099.000  4.843791e-01  4.895440e+00  6.881521e-17 
 1100.000  5.028282e-01  5.032395e+00 -2.287976e-17 
