  400.000  3.832256e+02  4.171364e+02  3.363063e-13 
  401.000  3.822896e+02  4.123889e+02 -5.205256e-14 
  402.000  4.065936e+02  4.347083e+02 -1.096581e-13 
  403.000  3.821449e+02  4.049669e+02 -8.183710e-14 
  404.000  4.120674e+02  4.328568e+02  3.817107e-14 
  405.000  3.791623e+02  3.948322e+02 -2.629649e-13 
  406.000  3.775471e+02  3.897648e+02  1.082867e-13 
  407.000  3.689070e+02  3.775921e+02  2.681497e-13 
  408.000  4.009354e+02  4.068965e+02  1.929007e-14 
  409.000  4.451842e+02  4.480024e+02  1.220997e-13 
  410.000  3.733458e+02  3.725719e+02  1.029325e-14 
  411.000  4.397483e+02  4.351990e+02  1.269362e-13 
  412.000  4.570088e+02  4.485579e+02  4.399843e-14 
  413.000  4.329792e+02  4.215045e+02 -8.066717e-14 
  414.000  4.261710e+02  4.115055e+02  1.307296e-14 
  415.000  4.558144e+02  4.365930e+02  5.392034e-15 
  416.000  4.543008e+02  4.316689e+02  3.088193e-14 
  417.000  4.416883e+02  4.163573e+02  1.956634e-13 
  418.000  4.332457e+02  4.051844e+02  2.886020e-14 
  419.000  4.450553e+02  4.129749e+02 -2.824492e-13 
  420.000  3.776979e+02  3.477526e+02  8.828018e-14 
  421.000  4.744484e+02  4.334698e+02  3.661179e-13 
  422.000  4.557892e+02  4.132425e+02  1.396185e-13 
  423.000  3.859207e+02  3.472450e+02  3.116381e-14 
  424.000  4.255594e+02  3.800304e+02  1.206492e-13 
  425.000  4.418408e+02  3.916168e+02  6.673343e-14 
  426.000  4.257737e+02  3.745709e+02  3.433244e-14 
  427.000  4.105409e+02  3.585048e+02  3.245132e-14 
  428.000  4.167050e+02  3.612212e+02  1.375477e-14 
  429.000  3.800042e+02  3.270102e+02  3.483431e-13 
  430.000  3.039465e+02  2.596681e+02 -8.823554e-14 
  431.000  2.739081e+02  2.323264e+02  9.488108e-14 
  432.000  4.941687e+02  4.161615e+02  4.762190e-14 
  433.000  4.408798e+02  3.686559e+02  1.342667e-14 
  434.000  4.199797e+02  3.487111e+02 -1.155385e-13 
  435.000  4.579453e+02  3.775792e+02 -3.390239e-13 
  436.000  5.089123e+02  4.166908e+02  3.055582e-14 
  437.000  5.149445e+02  4.187234e+02  3.249275e-14 
  438.000  4.622791e+02  3.733239e+02 -2.633657e-13 
  439.000  4.482943e+02  3.595677e+02 -1.189973e-13 
  440.000  5.035119e+02  4.011233e+02 -3.315595e-15 
  441.000  5.029315e+02  3.979651e+02 -5.027932e-14 
  442.000  5.307870e+02  4.171953e+02  1.654685e-13 
  443.000  5.354340e+02  4.180450e+02 -1.223302e-13 
  444.000  5.330378e+02  4.134166e+02 -1.774056e-14 
  445.000  5.618208e+02  4.328642e+02  8.526025e-14 
  446.000  5.010924e+02  3.835329e+02  1.877357e-13 
  447.000  5.726451e+02  4.354609e+02 -8.318396e-14 
  448.000  5.833610e+02  4.408044e+02 -2.474889e-15 
  449.000  5.885210e+02  4.419241e+02  1.545926e-13 
  450.000  6.025525e+02  4.496427e+02 -6.334289e-16 
  451.000  6.524633e+02  4.838588e+02 -8.020030e-14 
  452.000  6.077105e+02  4.478726e+02 -4.792035e-14 
  453.000  5.651885e+02  4.139578e+02  7.997268e-14 
  454.000  6.037027e+02  4.394428e+02  2.024974e-13 
  455.000  6.090492e+02  4.406173e+02 -3.683895e-14 
  456.000  6.249435e+02  4.493527e+02 -2.043536e-14 
  457.000  6.295838e+02  4.499455e+02 -2.575624e-15 
  458.000  6.196226e+02  4.401575e+02  1.695851e-14 
  459.000  6.206454e+02  4.382376e+02  1.561688e-13 
  460.000  6.163262e+02  4.325930e+02  7.136807e-14 
  461.000  6.397861e+02  4.463980e+02 -3.100638e-13 
  462.000  6.304510e+02  4.372896e+02  2.074227e-13 
  463.000  6.316847e+02  4.355741e+02  2.348344e-13 
  464.000  6.348367e+02  4.352084e+02 -2.426493e-13 
  465.000  6.266082e+02  4.270865e+02  0.000000e+00 
  466.000  6.475131e+02  4.387957e+02 -8.486897e-14 
  467.000  6.256581e+02  4.215521e+02 -3.011571e-14 
  468.000  6.633392e+02  4.443692e+02 -2.013037e-14 
  469.000  6.584532e+02  4.385466e+02  2.370550e-13 
  470.000  6.502609e+02  4.305752e+02 -3.442043e-13 
  471.000  6.499172e+02  4.278328e+02 -7.508003e-14 
  472.000  6.586553e+02  4.310422e+02  8.292249e-14 
  473.000  6.522164e+02  4.243091e+02  3.933571e-13 
  474.000  6.581514e+02  4.256295e+02  1.543228e-13 
  475.000  6.853267e+02  4.404782e+02  2.907236e-14 
  476.000  6.646794e+02  4.244889e+02 -1.210796e-13 
  477.000  6.590792e+02  4.183435e+02  2.348309e-13 
  478.000  6.926318e+02  4.374228e+02 -3.761733e-13 
  479.000  6.623230e+02  4.164053e+02  7.904150e-14 
  480.000  6.765621e+02  4.235155e+02 -1.863743e-14 
  481.000  6.735375e+02  4.197261e+02  1.590621e-14 
  482.000  6.886771e+02  4.271605e+02  2.140410e-14 
  483.000  6.903725e+02  4.261542e+02 -1.851124e-13 
  484.000  6.646959e+02  4.082784e+02 -4.036524e-13 
  485.000  6.704346e+02  4.097398e+02 -5.433065e-14 
  486.000  5.442640e+02  3.309573e+02 -5.455942e-14 
  487.000  6.124911e+02  3.705715e+02 -4.533240e-14 
  488.000  6.658551e+02  4.008327e+02 -1.542241e-13 
  489.000  6.197255e+02  3.711945e+02  6.326451e-14 
  490.000  7.063814e+02  4.209887e+02  3.822551e-14 
  491.000  6.617927e+02  3.924507e+02  8.838219e-14 
  492.000  6.367194e+02  3.757069e+02 -1.231427e-13 
  493.000  6.865625e+02  4.031185e+02 -3.184527e-14 
  494.000  6.640328e+02  3.879718e+02  6.015086e-15 
  495.000  7.106778e+02  4.131959e+02 -1.113443e-13 
  496.000  6.929320e+02  4.009117e+02 -2.567752e-13 
  497.000  6.729401e+02  3.874578e+02  2.811046e-13 
  498.000  6.577810e+02  3.769042e+02  2.189810e-14 
  499.000  6.569233e+02  3.746041e+02 -2.049039e-13 
  500.000  6.547543e+02  3.715833e+02 -4.012234e-13 
  501.000  6.407745e+02  3.619172e+02 -1.158957e-13 
  502.000  6.372682e+02  3.582333e+02  5.726692e-16 
  503.000  6.759878e+02  3.782108e+02  4.041253e-14 
  504.000  6.296107e+02  3.506119e+02 -1.413659e-13 
  505.000  6.798110e+02  3.767988e+02  1.856425e-13 
  506.000  7.285483e+02  4.019538e+02 -1.615244e-14 
  507.000  6.785880e+02  3.726768e+02 -2.415159e-15 
  508.000  6.514684e+02  3.561561e+02 -8.343064e-14 
  509.000  7.032465e+02  3.827231e+02 -1.356559e-13 
  510.000  6.821154e+02  3.695485e+02  8.934849e-14 
  511.000  6.830070e+02  3.683683e+02 -9.700442e-14 
  512.000  7.175701e+02  3.852786e+02  1.011036e-13 
  513.000  6.573912e+02  3.513973e+02  1.274048e-13 
  514.000  6.442283e+02  3.428367e+02  1.071773e-13 
  515.000  6.583320e+02  3.487991e+02 -1.024271e-13 
  516.000  6.921613e+02  3.651097e+02  1.957937e-13 
  517.000  5.103174e+02  2.680056e+02 -1.109581e-13 
  518.000  6.323539e+02  3.306433e+02 -1.366475e-14 
  519.000  5.996158e+02  3.121605e+02 -1.185908e-13 
  520.000  6.607292e+02  3.424869e+02  1.316205e-13 
  521.000  6.616530e+02  3.414836e+02  8.261341e-14 
  522.000  6.884677e+02  3.537870e+02 -2.095558e-13 
  523.000  6.418484e+02  3.283999e+02  1.223940e-13 
  524.000  6.969213e+02  3.550413e+02  2.558501e-13 
  525.000  6.918730e+02  3.509514e+02  3.970179e-14 
  526.000  6.598730e+02  3.332974e+02  4.122243e-14 
  527.000  5.768644e+02  2.901307e+02  4.831718e-14 
  528.000  6.933258e+02  3.472261e+02  8.997738e-14 
  529.000  7.135327e+02  3.558392e+02  4.990426e-14 
  530.000  6.747198e+02  3.350738e+02 -1.414313e-13 
  531.000  7.349682e+02  3.634747e+02 -9.761972e-14 
  532.000  7.016827e+02  3.455860e+02 -7.518857e-14 
  533.000  6.168011e+02  3.025526e+02 -1.644594e-13 
  534.000  6.713006e+02  3.279857e+02  1.535822e-14 
  535.000  6.855223e+02  3.336345e+02  4.620764e-15 
  536.000  7.280424e+02  3.529564e+02 -2.272483e-14 
  537.000  6.760221e+02  3.264641e+02  3.476360e-14 
  538.000  7.082418e+02  3.406904e+02 -1.907734e-14 
  539.000  7.064835e+02  3.385203e+02  1.780597e-14 
  540.000  6.919490e+02  3.302648e+02 -1.491268e-13 
  541.000  6.350208e+02  3.019168e+02 -7.019268e-14 
  542.000  7.089401e+02  3.357565e+02 -7.884007e-14 
  543.000  6.786786e+02  3.201839e+02 -5.323746e-14 
  544.000  7.164133e+02  3.366834e+02  2.748188e-14 
  545.000  7.063135e+02  3.306614e+02  8.759776e-14 
  546.000  6.911629e+02  3.223297e+02 -1.609111e-13 
  547.000  7.211097e+02  3.350159e+02  3.172907e-14 
  548.000  6.696179e+02  3.099139e+02  1.344174e-13 
  549.000  7.052925e+02  3.251927e+02  1.361633e-13 
  550.000  6.904390e+02  3.171455e+02  6.858588e-14 
  551.000  6.868319e+02  3.143007e+02  6.759290e-14 
  552.000  7.171909e+02  3.269644e+02 -4.622976e-14 
  553.000  6.898094e+02  3.133057e+02 -6.829211e-14 
  554.000  7.130851e+02  3.226707e+02  1.669867e-13 
  555.000  7.158333e+02  3.227123e+02  2.087638e-13 
  556.000  6.968200e+02  3.129786e+02  5.765232e-16 
  557.000  6.768203e+02  3.028706e+02 -5.903444e-14 
  558.000  7.032283e+02  3.135268e+02  8.673593e-15 
  559.000  6.653544e+02  2.955485e+02 -1.914927e-14 
  560.000  6.689048e+02  2.960287e+02 -1.241183e-13 
  561.000  7.358177e+02  3.244370e+02  9.667362e-15 
  562.000  6.756516e+02  2.967239e+02 -1.320026e-13 
  563.000  7.074448e+02  3.095280e+02 -3.309463e-14 
  564.000  6.979468e+02  3.042145e+02 -1.958895e-13 
  565.000  7.064531e+02  3.067027e+02 -1.165951e-15 
  566.000  6.518917e+02  2.819760e+02  6.903272e-14 
  567.000  6.986608e+02  3.008328e+02  1.035796e-14 
  568.000  6.922966e+02  2.959038e+02 -1.150951e-13 
  569.000  6.673400e+02  2.826156e+02  4.971488e-14 
  570.000  6.735349e+02  2.844490e+02  4.192545e-14 
  571.000  6.588755e+02  2.784421e+02 -5.507709e-16 
  572.000  6.888364e+02  2.888988e+02  3.767809e-14 
  573.000  6.993070e+02  2.925846e+02  2.138805e-14 
  574.000  6.969426e+02  2.906763e+02 -2.799071e-14 
  575.000  6.800792e+02  2.825656e+02 -9.425518e-14 
  576.000  6.683312e+02  2.766976e+02  8.671441e-17 
  577.000  6.992746e+02  2.887590e+02  5.857146e-16 
  578.000  6.827368e+02  2.815859e+02  1.694120e-14 
  579.000  6.803708e+02  2.800807e+02 -4.195161e-14 
  580.000  7.059246e+02  2.898955e+02 -1.500671e-14 
  581.000  6.964216e+02  2.855384e+02 -2.432110e-14 
  582.000  7.089097e+02  2.899472e+02 -1.037164e-13 
  583.000  7.148848e+02  2.914689e+02 -2.231071e-13 
  584.000  7.136065e+02  2.900271e+02  8.037238e-15 
  585.000  7.096453e+02  2.874537e+02  2.279955e-13 
  586.000  6.799003e+02  2.744966e+02 -7.741150e-14 
  587.000  7.029318e+02  2.822401e+02  2.373598e-14 
  588.000  6.789146e+02  2.696773e+02  8.982884e-14 
  589.000  5.789734e+02  2.274878e+02  1.723750e-14 
  590.000  6.034671e+02  2.362432e+02  8.110310e-15 
  591.000  6.591762e+02  2.584814e+02 -1.468644e-14 
  592.000  6.379962e+02  2.487499e+02  4.660599e-14 
  593.000  6.650482e+02  2.599935e+02 -2.758486e-14 
  594.000  6.672379e+02  2.596454e+02  4.082348e-16 
  595.000  6.412283e+02  2.477531e+02  2.890295e-14 
  596.000  6.779682e+02  2.627002e+02  4.818963e-14 
  597.000  6.763999e+02  2.609319e+02  2.396787e-14 
  598.000  6.715072e+02  2.589943e+02 -5.612211e-15 
  599.000  6.758580e+02  2.602451e+02  4.588544e-15 
  600.000  6.842416e+02  2.635891e+02  3.356365e-14 
  601.000  6.862117e+02  2.642026e+02  1.454802e-13 
  602.000  6.810995e+02  2.617663e+02 -3.756849e-14 
  603.000  6.876400e+02  2.637939e+02 -7.551414e-15 
  604.000  7.116060e+02  2.724118e+02  2.250693e-13 
  605.000  7.112996e+02  2.715915e+02  6.314365e-14 
  606.000  7.040677e+02  2.680548e+02  4.485631e-14 
  607.000  7.010974e+02  2.661515e+02  9.353155e-14 
  608.000  6.994131e+02  2.647293e+02  1.353573e-13 
  609.000  6.930800e+02  2.615557e+02  1.521322e-13 
  610.000  6.827963e+02  2.569126e+02  1.153911e-13 
  611.000  6.947003e+02  2.606181e+02  2.193265e-14 
  612.000  6.864559e+02  2.567638e+02  2.849207e-14 
  613.000  6.771983e+02  2.525513e+02  5.354551e-14 
  614.000  6.534747e+02  2.429822e+02  1.917791e-13 
  615.000  6.855310e+02  2.541497e+02  7.236087e-14 
  616.000  6.525060e+02  2.411916e+02 -7.076960e-14 
  617.000  6.568632e+02  2.420819e+02  1.007004e-15 
  618.000  6.884933e+02  2.529823e+02  3.041798e-14 
  619.000  6.827670e+02  2.501236e+02  8.725974e-14 
  620.000  6.934161e+02  2.532585e+02 -9.961206e-14 
  621.000  7.058600e+02  2.570192e+02 -2.520166e-14 
  622.000  6.690516e+02  2.428693e+02  8.071670e-14 
  623.000  6.746253e+02  2.441291e+02 -2.864508e-14 
  624.000  6.757073e+02  2.437634e+02 -2.253529e-14 
  625.000  6.576998e+02  2.365294e+02 -6.427007e-14 
  626.000  6.604949e+02  2.366619e+02 -1.006993e-15 
  627.000  6.660768e+02  2.370729e+02  9.568364e-15 
  628.000  6.468342e+02  2.280934e+02 -3.955061e-15 
  629.000  6.676826e+02  2.353343e+02 -6.902715e-14 
  630.000  6.514679e+02  2.295868e+02  1.050051e-15 
  631.000  6.781185e+02  2.386332e+02 -1.143361e-14 
  632.000  6.269109e+02  2.194011e+02 -1.890021e-14 
  633.000  6.802814e+02  2.382718e+02 -3.328639e-14 
  634.000  6.624327e+02  2.316018e+02  2.049299e-14 
  635.000  6.750508e+02  2.353368e+02  3.456556e-14 
  636.000  6.530645e+02  2.272335e+02  4.885511e-15 
  637.000  6.760640e+02  2.347081e+02 -2.030425e-15 
  638.000  6.903823e+02  2.395273e+02 -5.727894e-14 
  639.000  6.854598e+02  2.371856e+02  8.006960e-14 
  640.000  6.661339e+02  2.301180e+02 -8.335751e-15 
  641.000  6.763642e+02  2.330087e+02 -6.406158e-14 
  642.000  6.699366e+02  2.303428e+02 -7.791166e-14 
  643.000  6.800268e+02  2.328202e+02  4.989284e-14 
  644.000  6.727946e+02  2.297177e+02 -6.850605e-14 
  645.000  6.759181e+02  2.297865e+02 -1.263603e-14 
  646.000  6.371505e+02  2.146873e+02 -1.134372e-14 
  647.000  6.368546e+02  2.133303e+02  7.942159e-14 
  648.000  6.257200e+02  2.084307e+02  5.104178e-14 
  649.000  6.476839e+02  2.157162e+02 -2.496478e-14 
  650.000  6.171192e+02  2.062637e+02  7.124127e-15 
  651.000  6.651730e+02  2.217350e+02  4.580459e-14 
  652.000  6.373658e+02  2.107643e+02  7.362575e-15 
  653.000  6.687376e+02  2.219754e+02  3.793832e-14 
  654.000  6.584718e+02  2.178150e+02  3.558185e-14 
  655.000  6.351564e+02  2.090337e+02  3.181821e-14 
  656.000  5.414899e+02  1.778922e+02  2.494425e-14 
  657.000  5.814743e+02  1.907977e+02  1.572425e-14 
  658.000  6.541700e+02  2.146689e+02 -2.098954e-14 
  659.000  6.597151e+02  2.163083e+02 -6.930530e-14 
  660.000  6.668857e+02  2.182715e+02  9.450914e-14 
  661.000  6.747996e+02  2.208132e+02 -1.442008e-14 
  662.000  6.869810e+02  2.245122e+02  1.275358e-13 
  663.000  6.793674e+02  2.213821e+02 -3.513789e-14 
  664.000  6.697791e+02  2.178032e+02  8.140338e-14 
  665.000  6.737342e+02  2.186101e+02  5.415024e-14 
  666.000  6.831251e+02  2.212076e+02 -5.379132e-14 
  667.000  6.705819e+02  2.166724e+02 -8.281192e-14 
  668.000  6.756232e+02  2.178564e+02  4.445724e-14 
  669.000  6.861825e+02  2.207540e+02  1.917023e-13 
  670.000  6.786854e+02  2.178241e+02  5.395398e-14 
  671.000  6.722595e+02  2.152596e+02 -2.068328e-13 
  672.000  6.707215e+02  2.142529e+02  3.216842e-14 
  673.000  6.761652e+02  2.154741e+02 -1.140700e-13 
  674.000  6.781099e+02  2.155766e+02  1.890000e-15 
  675.000  6.683754e+02  2.119756e+02  3.886592e-14 
  676.000  6.815988e+02  2.156527e+02  5.984843e-14 
  677.000  6.686298e+02  2.110457e+02 -1.283440e-13 
  678.000  6.802886e+02  2.142164e+02 -1.041462e-13 
  679.000  6.711188e+02  2.108096e+02 -7.446033e-14 
  680.000  6.658365e+02  2.085613e+02  2.152168e-13 
  681.000  6.663733e+02  2.081292e+02  5.330361e-14 
  682.000  6.651956e+02  2.072328e+02 -1.420943e-13 
  683.000  6.697076e+02  2.080783e+02 -6.923431e-15 
  684.000  6.568374e+02  2.034168e+02  6.528569e-14 
  685.000  6.655610e+02  2.057436e+02 -5.031269e-15 
  686.000  6.349094e+02  1.955320e+02  4.827272e-15 
  687.000  5.417090e+02  1.635834e+02  3.622772e-14 
  688.000  5.725723e+02  1.731656e+02 -9.963012e-15 
  689.000  5.646969e+02  1.701550e+02  3.016226e-14 
  690.000  5.836884e+02  1.758338e+02  1.279285e-14 
  691.000  6.039337e+02  1.819159e+02 -5.514670e-15 
  692.000  6.056642e+02  1.819962e+02  7.268568e-15 
  693.000  5.850035e+02  1.743916e+02 -4.858223e-14 
  694.000  5.668658e+02  1.678531e+02 -1.529870e-14 
  695.000  5.706102e+02  1.689194e+02  7.324123e-15 
  696.000  5.859653e+02  1.733229e+02  2.318298e-14 
  697.000  6.287335e+02  1.872404e+02  1.662773e-14 
  698.000  6.082595e+02  1.802679e+02  1.275078e-14 
  699.000  5.818928e+02  1.708092e+02 -4.434618e-15 
  700.000  5.811044e+02  1.703353e+02  4.847819e-16 
  701.000  5.601269e+02  1.635973e+02  2.174202e-15 
  702.000  5.633264e+02  1.643224e+02  2.427059e-14 
  703.000  6.020998e+02  1.762713e+02  1.136202e-14 
  704.000  6.053449e+02  1.768851e+02 -2.044608e-14 
  705.000  5.972435e+02  1.736615e+02 -2.676539e-14 
  706.000  5.935692e+02  1.722977e+02  4.495481e-15 
  707.000  5.892884e+02  1.708373e+02 -1.609240e-14 
  708.000  6.116053e+02  1.771103e+02 -1.514554e-14 
  709.000  5.999863e+02  1.738002e+02  1.465902e-14 
  710.000  6.031109e+02  1.738495e+02 -1.677917e-14 
  711.000  6.081250e+02  1.753777e+02 -2.799470e-14 
  712.000  6.090684e+02  1.757422e+02 -5.223360e-15 
  713.000  5.990499e+02  1.720594e+02  3.276602e-14 
  714.000  6.065941e+02  1.736911e+02  2.358315e-14 
  715.000  5.732407e+02  1.632500e+02  2.018773e-14 
  716.000  5.749147e+02  1.628383e+02 -2.136129e-14 
  717.000  4.836322e+02  1.343150e+02  1.838768e-14 
  718.000  4.369863e+02  1.190349e+02 -2.387558e-15 
  719.000  4.166462e+02  1.125846e+02  8.811553e-17 
  720.000  3.981505e+02  1.066516e+02 -1.462480e-15 
  721.000  4.985544e+02  1.379941e+02  1.328746e-14 
  722.000  5.454885e+02  1.518389e+02 -2.079268e-14 
  723.000  5.217252e+02  1.443625e+02  5.197362e-15 
  724.000  4.632275e+02  1.255236e+02  1.603426e-15 
  725.000  4.666257e+02  1.265596e+02  2.228514e-15 
  726.000  4.632099e+02  1.252458e+02  5.702844e-15 
  727.000  4.787548e+02  1.295926e+02  2.176539e-15 
  728.000  4.616624e+02  1.242893e+02  3.990535e-15 
  729.000  4.654686e+02  1.261071e+02  8.926353e-15 
  730.000  4.790931e+02  1.293910e+02 -9.085436e-16 
  731.000  4.669174e+02  1.256665e+02 -2.714122e-14 
  732.000  5.154321e+02  1.400600e+02 -1.179059e-14 
  733.000  5.470324e+02  1.494303e+02 -5.353940e-15 
  734.000  5.784849e+02  1.583318e+02 -5.731493e-15 
  735.000  5.671830e+02  1.547284e+02  1.689279e-14 
  736.000  5.443087e+02  1.478665e+02 -6.993164e-15 
  737.000  5.612559e+02  1.524219e+02  3.400403e-15 
  738.000  5.731815e+02  1.557633e+02 -5.887357e-15 
  739.000  5.604103e+02  1.521968e+02 -1.864357e-14 
  740.000  5.785064e+02  1.573606e+02  2.920531e-14 
  741.000  5.813803e+02  1.582201e+02 -2.594419e-14 
  742.000  5.750153e+02  1.563520e+02 -1.724727e-14 
  743.000  5.989489e+02  1.629808e+02  1.783117e-14 
  744.000  6.078054e+02  1.652351e+02 -5.230279e-14 
  745.000  5.944893e+02  1.614753e+02 -8.177170e-15 
  746.000  6.047776e+02  1.640838e+02 -1.773930e-14 
  747.000  6.147623e+02  1.664764e+02 -2.841475e-14 
  748.000  6.050918e+02  1.636443e+02  1.688832e-14 
  749.000  6.060896e+02  1.636311e+02  1.150678e-13 
  750.000  5.968223e+02  1.607466e+02  1.149399e-13 
  751.000  5.956544e+02  1.601161e+02  1.080668e-14 
  752.000  6.062715e+02  1.627456e+02  7.054041e-14 
  753.000  6.012275e+02  1.611034e+02  7.838793e-14 
  754.000  6.111926e+02  1.634695e+02  1.221519e-13 
  755.000  6.080545e+02  1.623129e+02 -4.308604e-14 
  756.000  5.965284e+02  1.589278e+02 -3.457389e-14 
  757.000  6.012108e+02  1.598615e+02 -2.355790e-13 
  758.000  5.996533e+02  1.590645e+02 -5.568031e-14 
  759.000  5.320945e+02  1.391281e+02  2.404738e-14 
  760.000  1.696145e+02  4.084325e+01 -1.601206e-15 
  761.000  1.426455e+02  3.382831e+01  1.328503e-15 
  762.000  3.220728e+02  8.030314e+01 -5.443423e-15 
  763.000  2.678089e+02  6.591699e+01  1.543177e-15 
  764.000  2.995791e+02  7.398693e+01 -9.229013e-16 
  765.000  3.748689e+02  9.377783e+01  3.563874e-15 
  766.000  4.459675e+02  1.141614e+02 -9.589063e-15 
  767.000  4.991227e+02  1.282559e+02 -1.685603e-14 
  768.000  5.507903e+02  1.419754e+02  1.044961e-13 
  769.000  5.698439e+02  1.473120e+02  7.341682e-15 
  770.000  5.772833e+02  1.493623e+02 -5.434911e-14 
  771.000  5.829557e+02  1.507842e+02  1.602891e-14 
  772.000  5.820925e+02  1.503380e+02  2.560431e-14 
  773.000  5.804385e+02  1.496524e+02 -8.980033e-14 
  774.000  5.873441e+02  1.511713e+02 -6.346367e-14 
  775.000  5.658127e+02  1.453730e+02 -1.294534e-14 
  776.000  5.896130e+02  1.512200e+02 -5.385121e-14 
  777.000  5.857500e+02  1.499420e+02 -1.422213e-13 
  778.000  5.827092e+02  1.488678e+02 -1.311245e-13 
  779.000  5.847125e+02  1.490849e+02  3.410723e-14 
  780.000  5.776365e+02  1.469969e+02  7.026558e-14 
  781.000  5.773735e+02  1.466938e+02  1.501629e-13 
  782.000  5.844227e+02  1.481925e+02  1.194374e-13 
  783.000  5.709183e+02  1.444908e+02 -2.636980e-14 
  784.000  5.738759e+02  1.449276e+02  2.180222e-14 
  785.000  5.732292e+02  1.442921e+02  7.326819e-16 
  786.000  5.599710e+02  1.404347e+02 -5.854247e-14 
  787.000  5.602957e+02  1.397215e+02 -5.361833e-14 
  788.000  5.478206e+02  1.361138e+02 -1.939801e-14 
  789.000  5.362145e+02  1.323147e+02 -1.272560e-14 
  790.000  5.296117e+02  1.303933e+02 -7.474126e-15 
  791.000  5.297892e+02  1.302998e+02 -2.786565e-14 
  792.000  5.241064e+02  1.287695e+02  4.850487e-14 
  793.000  5.296978e+02  1.301685e+02  2.757055e-15 
  794.000  5.369012e+02  1.323834e+02  4.703003e-14 
  795.000  5.265031e+02  1.291489e+02  2.721954e-14 
  796.000  5.151755e+02  1.253250e+02 -9.259253e-15 
  797.000  5.243915e+02  1.275330e+02 -1.497947e-14 
  798.000  5.378570e+02  1.311275e+02 -3.572848e-14 
  799.000  5.345998e+02  1.299588e+02  2.978741e-14 
  800.000  5.115993e+02  1.237729e+02  1.084444e-14 
  801.000  5.223578e+02  1.261895e+02 -2.279912e-15 
  802.000  5.205472e+02  1.254934e+02 -2.307155e-14 
  803.000  5.145949e+02  1.238878e+02 -4.836172e-15 
  804.000  5.238354e+02  1.260634e+02  6.096828e-15 
  805.000  5.179257e+02  1.247945e+02 -5.804174e-15 
  806.000  5.372206e+02  1.294834e+02 -4.685278e-15 
  807.000  5.343880e+02  1.285835e+02  1.687172e-14 
  808.000  5.283619e+02  1.267523e+02  2.717227e-14 
  809.000  5.160308e+02  1.233997e+02 -9.553627e-15 
  810.000  5.099395e+02  1.215483e+02 -1.720525e-14 
  811.000  5.101678e+02  1.210711e+02 -6.118907e-15 
  812.000  4.976957e+02  1.175540e+02 -9.691117e-15 
  813.000  4.825645e+02  1.134495e+02  2.065067e-15 
  814.000  4.648881e+02  1.087544e+02 -7.048588e-15 
  815.000  4.391560e+02  1.021175e+02 -4.545617e-15 
  816.000  4.100632e+02  9.450859e+01 -2.103928e-15 
  817.000  4.137587e+02  9.521421e+01 -2.343145e-15 
  818.000  4.133092e+02  9.500797e+01 -2.977532e-15 
  819.000  4.105337e+02  9.447043e+01 -3.390251e-15 
  820.000  4.300467e+02  9.940326e+01  6.048959e-15 
  821.000  4.778114e+02  1.109018e+02  5.072614e-15 
  822.000  4.396738e+02  1.014130e+02 -4.481095e-15 
  823.000  3.797589e+02  8.581940e+01  7.614256e-15 
  824.000  4.417568e+02  1.013876e+02 -8.721727e-15 
  825.000  4.795203e+02  1.106198e+02 -9.330287e-16 
  826.000  4.763358e+02  1.095907e+02 -1.613354e-14 
  827.000  4.699857e+02  1.078485e+02 -5.784864e-15 
  828.000  4.440258e+02  1.013000e+02 -1.313618e-14 
  829.000  4.528156e+02  1.032782e+02  2.386818e-14 
  830.000  4.557762e+02  1.039571e+02 -1.604941e-14 
  831.000  4.503012e+02  1.025922e+02 -2.798354e-15 
  832.000  4.609346e+02  1.048943e+02 -3.298289e-15 
  833.000  4.524617e+02  1.029193e+02  3.024548e-15 
  834.000  4.661771e+02  1.060318e+02  3.678790e-14 
  835.000  4.806511e+02  1.095448e+02  2.597655e-14 
  836.000  4.821402e+02  1.095767e+02 -1.339093e-14 
  837.000  4.779337e+02  1.084419e+02 -2.441253e-14 
  838.000  4.862879e+02  1.103670e+02 -5.290311e-15 
  839.000  4.750834e+02  1.077918e+02 -2.801027e-15 
  840.000  4.893545e+02  1.109035e+02 -2.026865e-15 
  841.000  4.866322e+02  1.099502e+02 -8.060836e-15 
  842.000  4.874359e+02  1.100939e+02 -5.490586e-15 
  843.000  4.929443e+02  1.115505e+02  4.458691e-14 
  844.000  4.888260e+02  1.106464e+02  1.779676e-14 
  845.000  4.982209e+02  1.126928e+02 -5.940996e-14 
  846.000  5.047216e+02  1.140924e+02 -2.927150e-14 
  847.000  4.894919e+02  1.105969e+02  4.289555e-14 
  848.000  5.005837e+02  1.127021e+02 -1.090333e-14 
  849.000  5.020480e+02  1.128714e+02 -7.549025e-15 
  850.000  4.327113e+02  9.703648e+01 -1.052273e-14 
  851.000  4.938622e+02  1.104570e+02  2.723573e-14 
  852.000  4.754360e+02  1.061730e+02 -3.516321e-14 
  853.000  4.842171e+02  1.081414e+02  5.124383e-14 
  854.000  3.892638e+02  8.678722e+01  7.975636e-15 
  855.000  4.300182e+02  9.580457e+01 -3.134726e-14 
  856.000  4.912615e+02  1.094626e+02  9.212525e-14 
  857.000  5.005923e+02  1.114691e+02 -2.129278e-14 
  858.000  4.933742e+02  1.097384e+02  1.244406e-14 
  859.000  4.949183e+02  1.100245e+02 -3.123989e-14 
  860.000  4.913527e+02  1.091144e+02  3.935611e-14 
  861.000  4.915342e+02  1.089883e+02  2.373869e-14 
  862.000  4.903948e+02  1.085889e+02  1.286900e-14 
  863.000  4.999523e+02  1.105319e+02 -6.345030e-14 
  864.000  4.993834e+02  1.102542e+02  4.321251e-14 
  865.000  4.904467e+02  1.081279e+02  2.079265e-15 
  866.000  4.115448e+02  9.059173e+01  7.012373e-15 
  867.000  4.383163e+02  9.632726e+01 -3.919639e-14 
  868.000  4.755205e+02  1.043398e+02  3.355910e-14 
  869.000  4.690431e+02  1.027611e+02  8.099816e-14 
  870.000  4.884492e+02  1.068376e+02  6.831170e-14 
  871.000  4.879539e+02  1.065663e+02  3.853467e-15 
  872.000  4.863002e+02  1.060522e+02 -9.456158e-15 
  873.000  4.881768e+02  1.062778e+02  1.218874e-13 
  874.000  4.774908e+02  1.037793e+02  5.976986e-14 
  875.000  4.731874e+02  1.026800e+02 -6.322554e-14 
  876.000  4.770186e+02  1.033318e+02 -4.753417e-14 
  877.000  4.865452e+02  1.052210e+02 -1.017330e-13 
  878.000  4.774185e+02  1.030138e+02  3.315924e-14 
  879.000  4.786151e+02  1.031073e+02 -1.370963e-14 
  880.000  4.751898e+02  1.021482e+02  2.059436e-14 
  881.000  4.502244e+02  9.659937e+01  4.621100e-14 
  882.000  4.747916e+02  1.016795e+02  2.699626e-14 
  883.000  4.644565e+02  9.934327e+01 -1.588414e-14 
  884.000  4.686629e+02  1.001002e+02  2.946741e-14 
  885.000  4.720770e+02  1.005508e+02  9.086334e-14 
  886.000  4.547109e+02  9.658356e+01  5.111695e-14 
  887.000  4.516647e+02  9.586870e+01 -6.088248e-15 
  888.000  4.651786e+02  9.857649e+01  1.655922e-14 
  889.000  4.688479e+02  9.923540e+01 -1.666368e-14 
  890.000  4.661965e+02  9.845723e+01 -9.935411e-15 
  891.000  4.609789e+02  9.703120e+01  6.372020e-15 
  892.000  4.532346e+02  9.492472e+01  1.203696e-14 
  893.000  4.176147e+02  8.665300e+01  6.110904e-16 
  894.000  4.218774e+02  8.713860e+01 -5.307948e-15 
  895.000  3.734499e+02  7.658302e+01 -8.535622e-16 
  896.000  3.609294e+02  7.346127e+01  7.087015e-15 
  897.000  3.255287e+02  6.544206e+01 -1.968187e-15 
  898.000  3.138246e+02  6.259354e+01  5.490204e-15 
  899.000  2.816213e+02  5.522160e+01 -1.670166e-15 
  900.000  2.787101e+02  5.465747e+01 -2.597657e-15 
  901.000  2.652583e+02  5.177489e+01  2.913579e-15 
  902.000  2.621916e+02  5.115807e+01 -1.097818e-15 
  903.000  3.302022e+02  6.601915e+01  5.094545e-15 
  904.000  3.712566e+02  7.482577e+01  3.167034e-15 
  905.000  3.693264e+02  7.434809e+01  4.408606e-15 
  906.000  3.374182e+02  6.749169e+01 -7.315285e-15 
  907.000  3.053415e+02  5.996943e+01 -5.659626e-15 
  908.000  2.742079e+02  5.316551e+01  9.413790e-16 
  909.000  2.703277e+02  5.234742e+01  6.108065e-16 
  910.000  2.768895e+02  5.361828e+01  5.667635e-17 
  911.000  2.911635e+02  5.672445e+01  6.810232e-16 
  912.000  2.845626e+02  5.515311e+01 -2.241122e-15 
  913.000  2.601735e+02  4.971767e+01 -6.417586e-16 
  914.000  2.736590e+02  5.251580e+01 -1.819044e-15 
  915.000  2.810881e+02  5.416909e+01  1.229114e-15 
  916.000  2.881619e+02  5.555641e+01  8.410796e-16 
  917.000  2.906955e+02  5.617524e+01 -3.763123e-15 
  918.000  2.983259e+02  5.785582e+01  1.327733e-15 
  919.000  3.341614e+02  6.566682e+01  1.167652e-15 
  920.000  3.564104e+02  7.038750e+01 -1.849830e-16 
  921.000  3.434359e+02  6.768602e+01 -1.054723e-14 
  922.000  3.400360e+02  6.692307e+01  8.809586e-15 
  923.000  3.193007e+02  6.265887e+01  3.541037e-15 
  924.000  3.167590e+02  6.175118e+01 -3.463698e-15 
  925.000  3.192034e+02  6.206659e+01  2.142191e-15 
  926.000  3.062054e+02  5.934575e+01 -1.087802e-15 
  927.000  2.982351e+02  5.714867e+01  2.324448e-15 
  928.000  2.716260e+02  5.115050e+01  1.747801e-15 
  929.000  2.303934e+02  4.259988e+01  9.338994e-16 
  930.000  1.874778e+02  3.414215e+01  6.430379e-16 
  931.000  1.465435e+02  2.628690e+01 -9.809917e-18 
  932.000  9.952029e+01  1.739329e+01  1.129630e-16 
  933.000  7.383896e+01  1.269216e+01 -5.121543e-17 
  934.000  5.218289e+01  8.904712e+00  5.469807e-17 
  935.000  4.917050e+01  8.380653e+00  0.000000e+00 
  936.000  5.573183e+01  9.488760e+00  1.889660e-18 
  937.000  5.548963e+01  9.432148e+00  2.633314e-17 
  938.000  7.994725e+01  1.370467e+01  3.398619e-18 
  939.000  1.717873e+02  3.050323e+01  4.251343e-16 
  940.000  1.886743e+02  3.360954e+01 -8.075626e-16 
  941.000  1.705743e+02  3.027183e+01 -6.281944e-16 
  942.000  1.330456e+02  2.340412e+01  2.132301e-16 
  943.000  9.451625e+01  1.624507e+01 -7.357513e-18 
  944.000  8.890664e+01  1.522931e+01 -6.398300e-19 
  945.000  1.039317e+02  1.793561e+01 -1.058003e-16 
  946.000  1.066325e+02  1.839296e+01  4.651423e-18 
  947.000  1.211803e+02  2.104456e+01 -2.204126e-16 
  948.000  1.313799e+02  2.288036e+01 -8.436961e-17 
  949.000  1.312006e+02  2.282512e+01  4.879294e-18 
  950.000  1.330046e+02  2.313709e+01 -1.556062e-17 
  951.000  1.544215e+02  2.702179e+01  1.449685e-17 
  952.000  1.319354e+02  2.291039e+01  1.452876e-17 
  953.000  1.483833e+02  2.590134e+01  1.028334e-17 
  954.000  1.663036e+02  2.917136e+01  1.992265e-16 
  955.000  1.420207e+02  2.480899e+01 -8.873951e-18 
  956.000  1.495616e+02  2.611508e+01 -1.845992e-16 
  957.000  2.003444e+02  3.544754e+01 -2.842900e-17 
  958.000  2.101072e+02  3.725116e+01  7.855975e-16 
  959.000  2.024865e+02  3.580513e+01 -1.581025e-16 
  960.000  1.985990e+02  3.507987e+01 -3.444226e-16 
  961.000  1.925262e+02  3.394817e+01 -3.540894e-16 
  962.000  1.980695e+02  3.494120e+01 -9.146518e-16 
  963.000  2.292346e+02  4.079402e+01 -8.425580e-16 
  964.000  2.317390e+02  4.128389e+01  3.320742e-17 
  965.000  2.319783e+02  4.125099e+01 -1.261999e-15 
  966.000  2.275533e+02  4.046740e+01 -3.134508e-16 
  967.000  2.591719e+02  4.657600e+01  1.312718e-16 
  968.000  3.005231e+02  5.520970e+01  5.341545e-15 
  969.000  3.241019e+02  5.982079e+01 -9.704719e-15 
  970.000  3.264904e+02  6.022057e+01 -7.302677e-15 
  971.000  3.232126e+02  5.953957e+01 -1.753178e-15 
  972.000  3.193443e+02  5.867387e+01  1.488076e-15 
  973.000  3.026011e+02  5.531430e+01 -3.153862e-15 
  974.000  2.819968e+02  5.112426e+01  1.227957e-15 
  975.000  2.734270e+02  4.923097e+01  1.182988e-15 
  976.000  2.892984e+02  5.237526e+01  0.000000e+00 
  977.000  3.029020e+02  5.521142e+01  1.843869e-15 
  978.000  3.089170e+02  5.622889e+01  1.014158e-14 
  979.000  3.057976e+02  5.569472e+01  1.981026e-15 
  980.000  3.329104e+02  6.082592e+01  2.121998e-15 
  981.000  3.406543e+02  6.223533e+01  2.158187e-15 
  982.000  3.350484e+02  6.110247e+01  1.126404e-14 
  983.000  3.464218e+02  6.325375e+01  6.085540e-15 
  984.000  3.568757e+02  6.529227e+01  5.143254e-15 
  985.000  3.641512e+02  6.670117e+01 -6.546997e-15 
  986.000  3.707795e+02  6.808961e+01  8.895572e-15 
  987.000  3.793560e+02  6.971701e+01  8.397382e-15 
  988.000  3.757781e+02  6.900957e+01 -1.301948e-14 
  989.000  3.717312e+02  6.820413e+01  3.867887e-15 
  990.000  3.760029e+02  6.893716e+01 -1.797690e-14 
  991.000  3.827422e+02  7.021727e+01 -7.824581e-15 
  992.000  3.802942e+02  6.971871e+01 -2.090459e-14 
  993.000  3.807347e+02  6.972550e+01 -1.307033e-14 
  994.000  3.858807e+02  7.069084e+01 -4.538823e-14 
  995.000  3.852968e+02  7.059872e+01 -8.869027e-15 
  996.000  3.852650e+02  7.050124e+01  3.321538e-14 
  997.000  3.843673e+02  7.017996e+01  1.616950e-14 
  998.000  3.814650e+02  6.950847e+01  7.525590e-15 
  999.000  3.799775e+02  6.912415e+01 -1.533968e-14 
 1000.000  3.774786e+02  6.860083e+01  3.120453e-14 
 1001.000  3.763143e+02  6.816990e+01  1.334526e-14 
 1002.000  3.706095e+02  6.686446e+01 -8.525784e-15 
 1003.000  3.675686e+02  6.627322e+01  1.323080e-14 
 1004.000  3.675044e+02  6.628365e+01 -1.779177e-14 
 1005.000  3.445735e+02  6.211694e+01 -4.534041e-14 
 1006.000  3.631556e+02  6.540076e+01  7.485342e-15 
 1007.000  3.688485e+02  6.630384e+01 -5.893892e-15 
 1008.000  3.662899e+02  6.561176e+01 -8.720804e-15 
 1009.000  3.586082e+02  6.398399e+01  1.088808e-15 
 1010.000  3.624793e+02  6.466779e+01 -2.155039e-14 
 1011.000  3.664656e+02  6.549675e+01 -1.295159e-14 
 1012.000  3.689177e+02  6.593797e+01 -8.934877e-16 
 1013.000  3.680685e+02  6.577493e+01 -1.446791e-15 
 1014.000  3.712534e+02  6.629264e+01 -1.650646e-14 
 1015.000  3.646113e+02  6.503196e+01  3.351029e-15 
 1016.000  3.678025e+02  6.555312e+01  8.510365e-15 
 1017.000  3.646211e+02  6.490776e+01 -1.206033e-14 
 1018.000  3.685391e+02  6.549945e+01 -1.468911e-15 
 1019.000  3.582558e+02  6.351299e+01  2.565524e-14 
 1020.000  3.582437e+02  6.346001e+01 -4.803639e-14 
 1021.000  3.632668e+02  6.432924e+01 -2.762538e-15 
 1022.000  3.555796e+02  6.279485e+01  3.355461e-14 
 1023.000  3.605240e+02  6.351362e+01 -1.337526e-14 
 1024.000  3.575964e+02  6.287738e+01 -1.534397e-14 
 1025.000  3.611046e+02  6.355583e+01  3.474737e-14 
 1026.000  3.631835e+02  6.391040e+01 -1.979732e-14 
 1027.000  3.604157e+02  6.331853e+01  4.591859e-15 
 1028.000  3.619080e+02  6.352754e+01 -4.917863e-15 
 1029.000  3.579349e+02  6.280849e+01  9.059903e-15 
 1030.000  3.630206e+02  6.369485e+01 -4.296921e-14 
 1031.000  3.626733e+02  6.359427e+01 -7.843099e-14 
 1032.000  3.620509e+02  6.343769e+01  2.682054e-14 
 1033.000  3.556299e+02  6.224567e+01  3.482400e-14 
 1034.000  3.597683e+02  6.291053e+01  4.231568e-14 
 1035.000  3.561942e+02  6.221993e+01 -1.823930e-14 
 1036.000  3.609025e+02  6.296795e+01  6.300234e-15 
 1037.000  3.534596e+02  6.160024e+01 -1.459316e-14 
 1038.000  3.571134e+02  6.216730e+01  2.696938e-15 
 1039.000  3.584703e+02  6.231840e+01 -4.997912e-15 
 1040.000  3.541771e+02  6.149134e+01 -4.655682e-14 
 1041.000  3.560109e+02  6.172948e+01 -1.698090e-14 
 1042.000  3.570947e+02  6.184144e+01 -1.246799e-14 
 1043.000  3.510047e+02  6.071475e+01  2.940122e-14 
 1044.000  3.544761e+02  6.123792e+01 -1.113244e-14 
 1045.000  3.527494e+02  6.085064e+01  3.224967e-14 
 1046.000  3.424011e+02  5.898739e+01 -1.894602e-14 
 1047.000  3.485630e+02  5.996694e+01 -4.856321e-14 
 1048.000  3.519920e+02  6.047956e+01  5.335883e-15 
 1049.000  3.497192e+02  6.001501e+01  4.082121e-14 
 1050.000  3.474160e+02  5.953394e+01 -4.200598e-14 
 1051.000  3.470497e+02  5.937430e+01 -1.746510e-14 
 1052.000  3.452408e+02  5.898137e+01 -2.220881e-15 
 1053.000  3.454449e+02  5.894688e+01  4.046174e-14 
 1054.000  3.415468e+02  5.818942e+01  3.005742e-15 
 1055.000  3.436851e+02  5.846093e+01  1.474129e-14 
 1056.000  3.425304e+02  5.817956e+01  2.617877e-15 
 1057.000  3.411055e+02  5.782029e+01 -2.335849e-14 
 1058.000  3.359385e+02  5.678629e+01 -1.137873e-14 
 1059.000  3.256223e+02  5.498927e+01  4.640028e-14 
 1060.000  3.383684e+02  5.712993e+01  3.002792e-15 
 1061.000  3.264128e+02  5.503902e+01 -5.214332e-15 
 1062.000  3.345650e+02  5.629493e+01  2.246268e-14 
 1063.000  3.287311e+02  5.523910e+01  8.015214e-15 
 1064.000  3.322547e+02  5.572464e+01 -8.128139e-15 
 1065.000  3.306837e+02  5.533599e+01  1.149852e-14 
 1066.000  3.206850e+02  5.360638e+01 -7.875621e-15 
 1067.000  3.278757e+02  5.473657e+01  3.785268e-15 
 1068.000  3.241976e+02  5.396017e+01  1.085797e-14 
 1069.000  2.983916e+02  4.955185e+01  8.797362e-15 
 1070.000  3.162554e+02  5.246124e+01  7.125379e-15 
 1071.000  3.151460e+02  5.215652e+01  1.220070e-15 
 1072.000  3.144979e+02  5.193528e+01 -2.914497e-15 
 1073.000  3.037643e+02  5.009266e+01  4.682518e-15 
 1074.000  3.145768e+02  5.182100e+01  1.024719e-14 
 1075.000  3.069841e+02  5.058017e+01 -1.839279e-14 
 1076.000  3.121780e+02  5.132817e+01 -6.724172e-15 
 1077.000  3.094985e+02  5.077014e+01 -4.024293e-15 
 1078.000  3.080604e+02  5.041334e+01 -6.487804e-15 
 1079.000  2.957585e+02  4.833527e+01  9.119553e-15 
 1080.000  2.984676e+02  4.859084e+01  1.108278e-15 
 1081.000  2.871579e+02  4.668991e+01 -1.600273e-15 
 1082.000  2.933542e+02  4.769254e+01  4.922647e-15 
 1083.000  2.823415e+02  4.578749e+01 -1.427384e-14 
 1084.000  2.896306e+02  4.685688e+01 -4.337848e-15 
 1085.000  2.777877e+02  4.478786e+01  1.707359e-16 
 1086.000  2.832348e+02  4.563203e+01 -6.214968e-15 
 1087.000  2.742067e+02  4.424179e+01 -1.068543e-14 
 1088.000  2.912360e+02  4.694395e+01  5.426603e-15 
 1089.000  2.695632e+02  4.325723e+01  1.450307e-15 
 1090.000  2.733494e+02  4.378895e+01  5.990703e-15 
 1091.000  2.770652e+02  4.434909e+01  1.242620e-15 
 1092.000  2.653528e+02  4.236692e+01 -4.341199e-15 
 1093.000  2.507316e+02  3.987561e+01 -5.823298e-16 
 1094.000  2.237545e+02  3.549223e+01 -4.296418e-15 
 1095.000  2.428682e+02  3.848318e+01 -4.988160e-15 
 1096.000  2.423660e+02  3.835238e+01 -2.811535e-15 
 1097.000  2.367424e+02  3.737785e+01 -1.219123e-15 
 1098.000  2.077623e+02  3.224249e+01  2.445924e-16 
 1099.000  1.867821e+02  2.849882e+01 -1.097275e-15 
 1100.000  1.912884e+02  2.917416e+01  1.005384e-15 
