  400.000  4.265793e+02  2.057558e+02 -1.576850e-14 
  401.000  4.252474e+02  2.026795e+02 -1.248060e-14 
  402.000  4.519744e+02  2.128772e+02  2.210193e-15 
  403.000  4.245080e+02  1.975964e+02  3.540196e-14 
  404.000  4.574372e+02  2.104419e+02 -1.104725e-15 
  405.000  4.206244e+02  1.912629e+02  9.191598e-14 
  406.000  4.185493e+02  1.881264e+02 -4.073236e-14 
  407.000  4.086946e+02  1.815928e+02  8.101614e-14 
  408.000  4.438778e+02  1.949793e+02 -4.373883e-14 
  409.000  4.925346e+02  2.139020e+02  0.000000e+00 
  410.000  4.127782e+02  1.772455e+02  3.924834e-14 
  411.000  4.858687e+02  2.062932e+02 -3.250338e-14 
  412.000  5.046027e+02  2.118599e+02  2.326697e-15 
  413.000  4.777517e+02  1.983648e+02  1.525710e-14 
  414.000  4.698798e+02  1.929403e+02 -2.293024e-14 
  415.000  5.022487e+02  2.039748e+02  5.611747e-14 
  416.000  5.002689e+02  2.009581e+02  9.554903e-15 
  417.000  4.860716e+02  1.931393e+02 -3.962757e-14 
  418.000  4.764667e+02  1.872815e+02  9.792306e-14 
  419.000  4.891331e+02  1.901977e+02  8.379360e-14 
  420.000  4.148329e+02  1.595851e+02  1.277286e-14 
  421.000  5.207547e+02  1.982077e+02 -3.190926e-14 
  422.000  4.999467e+02  1.882809e+02  1.007130e-13 
  423.000  4.230327e+02  1.576439e+02 -3.346742e-14 
  424.000  4.661768e+02  1.719089e+02  5.630056e-14 
  425.000  4.836907e+02  1.765135e+02 -5.702385e-15 
  426.000  4.657928e+02  1.682244e+02 -9.953201e-14 
  427.000  4.488314e+02  1.604314e+02  1.860723e-14 
  428.000  4.552636e+02  1.610650e+02 -8.200938e-15 
  429.000  4.148849e+02  1.452849e+02 -1.616835e-14 
  430.000  3.316214e+02  1.149506e+02  2.331122e-14 
  431.000  2.986461e+02  1.024768e+02  5.309776e-15 
  432.000  5.384366e+02  1.829048e+02  7.843131e-14 
  433.000  4.800513e+02  1.614440e+02 -4.924309e-14 
  434.000  4.569877e+02  1.521617e+02  4.150316e-14 
  435.000  4.979656e+02  1.641678e+02  2.200524e-14 
  436.000  5.530177e+02  1.805246e+02 -7.923391e-14 
  437.000  5.592009e+02  1.807567e+02 -8.552888e-15 
  438.000  5.016769e+02  1.605832e+02  6.264160e-14 
  439.000  4.861789e+02  1.541144e+02  2.114488e-14 
  440.000  5.457045e+02  1.713140e+02 -3.793096e-14 
  441.000  5.447192e+02  1.693616e+02  1.093509e-13 
  442.000  5.745156e+02  1.769165e+02 -1.074391e-13 
  443.000  5.791711e+02  1.766504e+02 -1.130923e-13 
  444.000  5.762094e+02  1.740790e+02  7.432930e-15 
  445.000  6.069373e+02  1.816277e+02 -6.724263e-14 
  446.000  5.409913e+02  1.603658e+02  2.293570e-14 
  447.000  6.178548e+02  1.814403e+02  9.107094e-15 
  448.000  6.290178e+02  1.830176e+02  5.170614e-14 
  449.000  6.341763e+02  1.828322e+02  1.038605e-13 
  450.000  6.488849e+02  1.853685e+02 -4.347920e-14 
  451.000  7.021851e+02  1.987707e+02  2.922138e-14 
  452.000  6.536022e+02  1.833394e+02  1.638064e-14 
  453.000  6.074821e+02  1.688613e+02  2.510676e-14 
  454.000  6.484681e+02  1.786297e+02  6.149393e-14 
  455.000  6.537670e+02  1.784715e+02  4.557811e-14 
  456.000  6.703376e+02  1.813540e+02  2.043536e-14 
  457.000  6.748206e+02  1.809389e+02  6.342307e-14 
  458.000  6.636594e+02  1.763663e+02  6.093341e-14 
  459.000  6.642733e+02  1.749676e+02 -8.778574e-14 
  460.000  6.591738e+02  1.720956e+02  1.862165e-14 
  461.000  6.837714e+02  1.769527e+02 -2.760527e-14 
  462.000  6.733118e+02  1.727241e+02  2.711024e-14 
  463.000  6.741547e+02  1.714363e+02  1.762612e-14 
  464.000  6.772111e+02  1.707336e+02 -4.094668e-14 
  465.000  6.681321e+02  1.670022e+02  7.189354e-14 
  466.000  6.901138e+02  1.710242e+02  4.529699e-14 
  467.000  6.665262e+02  1.637724e+02 -1.596167e-14 
  468.000  7.062554e+02  1.720528e+02  1.090392e-13 
  469.000  7.006098e+02  1.692169e+02  8.287704e-14 
  470.000  6.914652e+02  1.655773e+02  4.492187e-14 
  471.000  6.906841e+02  1.639699e+02 -9.464251e-15 
  472.000  6.995319e+02  1.646422e+02 -6.442405e-14 
  473.000  6.922101e+02  1.615124e+02 -8.259056e-14 
  474.000  6.980334e+02  1.614624e+02 -3.556033e-14 
  475.000  7.264011e+02  1.665433e+02  2.840838e-14 
  476.000  7.041159e+02  1.599847e+02 -2.754526e-14 
  477.000  6.977285e+02  1.571438e+02  3.681479e-14 
  478.000  7.326036e+02  1.636940e+02 -4.585264e-14 
  479.000  6.998507e+02  1.552116e+02 -1.770602e-14 
  480.000  7.141700e+02  1.572299e+02 -3.727485e-14 
  481.000  7.103067e+02  1.552182e+02  1.910583e-14 
  482.000  7.256877e+02  1.573848e+02 -3.759666e-14 
  483.000  7.269169e+02  1.564471e+02  9.060466e-14 
  484.000  6.993706e+02  1.493542e+02 -1.613893e-14 
  485.000  7.049109e+02  1.493656e+02  3.496524e-14 
  486.000  5.719132e+02  1.202422e+02  5.862247e-14 
  487.000  6.432811e+02  1.341981e+02 -8.163103e-14 
  488.000  6.989788e+02  1.446884e+02  0.000000e+00 
  489.000  6.502321e+02  1.335589e+02  3.421037e-14 
  490.000  7.407881e+02  1.509890e+02  1.101191e-13 
  491.000  6.935798e+02  1.402787e+02  0.000000e+00 
  492.000  6.668490e+02  1.338361e+02 -3.135902e-14 
  493.000  7.185635e+02  1.431123e+02  5.373347e-14 
  494.000  6.945160e+02  1.372679e+02  2.423434e-15 
  495.000  7.428025e+02  1.456973e+02  1.094038e-13 
  496.000  7.235870e+02  1.408481e+02 -3.632893e-14 
  497.000  7.020546e+02  1.356216e+02  0.000000e+00 
  498.000  6.856008e+02  1.314440e+02  1.172722e-13 
  499.000  6.840732e+02  1.301648e+02 -1.771823e-14 
  500.000  6.811856e+02  1.286445e+02 -3.171322e-14 
  501.000  6.660207e+02  1.248410e+02  3.444332e-14 
  502.000  6.617607e+02  1.231201e+02 -5.014820e-14 
  503.000  7.013179e+02  1.295137e+02  0.000000e+00 
  504.000  6.526005e+02  1.196276e+02 -6.282927e-14 
  505.000  7.039873e+02  1.280980e+02 -1.705341e-13 
  506.000  7.540350e+02  1.362110e+02  3.880317e-14 
  507.000  7.019471e+02  1.258877e+02  3.605398e-14 
  508.000  6.735299e+02  1.199245e+02  3.469482e-15 
  509.000  7.266700e+02  1.284612e+02  1.226687e-13 
  510.000  7.044579e+02  1.236468e+02  1.799021e-14 
  511.000  7.049681e+02  1.228561e+02  1.006164e-13 
  512.000  7.402031e+02  1.280823e+02  5.147576e-14 
  513.000  6.777245e+02  1.164435e+02  1.722358e-14 
  514.000  6.637625e+02  1.132425e+02  3.255617e-14 
  515.000  6.778947e+02  1.148434e+02  3.434787e-14 
  516.000  7.122255e+02  1.198140e+02  1.008935e-13 
  517.000  5.246866e+02  8.764659e+01 -2.475609e-14 
  518.000  6.496368e+02  1.077610e+02 -3.062799e-14 
  519.000  6.155104e+02  1.013898e+02  0.000000e+00 
  520.000  6.777018e+02  1.108607e+02 -1.595151e-14 
  521.000  6.781069e+02  1.101599e+02  0.000000e+00 
  522.000  7.050095e+02  1.137388e+02 -1.776404e-14 
  523.000  6.567385e+02  1.052185e+02  1.432476e-14 
  524.000  7.125127e+02  1.133685e+02  1.016191e-13 
  525.000  7.067849e+02  1.116842e+02  4.740385e-14 
  526.000  6.735510e+02  1.057073e+02  4.855895e-14 
  527.000  5.883123e+02  9.170013e+01  0.000000e+00 
  528.000  7.064542e+02  1.093658e+02 -1.657590e-14 
  529.000  7.263970e+02  1.116911e+02  8.521310e-14 
  530.000  6.862741e+02  1.048102e+02  0.000000e+00 
  531.000  7.468911e+02  1.133021e+02  3.629856e-14 
  532.000  7.124435e+02  1.073566e+02 -6.683428e-14 
  533.000  6.258341e+02  9.368630e+01  4.609679e-14 
  534.000  6.806567e+02  1.012333e+02 -4.893399e-14 
  535.000  6.945848e+02  1.026427e+02  1.740109e-14 
  536.000  7.371486e+02  1.082361e+02  3.688943e-14 
  537.000  6.840029e+02  9.979028e+01  3.304582e-14 
  538.000  7.161121e+02  1.038060e+02  8.460732e-14 
  539.000  7.138477e+02  1.028161e+02  1.192774e-15 
  540.000  6.986892e+02  9.999054e+01  3.365768e-14 
  541.000  6.407752e+02  9.111880e+01 -3.190925e-14 
  542.000  7.148864e+02  1.010121e+02  5.097157e-14 
  543.000  6.839160e+02  9.602435e+01  1.700025e-14 
  544.000  7.214341e+02  1.006515e+02  3.464170e-14 
  545.000  7.107372e+02  9.853344e+01 -1.528210e-14 
  546.000  6.949794e+02  9.574276e+01 -5.058392e-14 
  547.000  7.245580e+02  9.919252e+01 -1.030122e-13 
  548.000  6.723269e+02  9.146738e+01  3.333523e-14 
  549.000  7.076285e+02  9.567118e+01  3.506858e-14 
  550.000  6.921855e+02  9.300204e+01 -4.914223e-14 
  551.000  6.880067e+02  9.186663e+01  1.704091e-14 
  552.000  7.178317e+02  9.525645e+01  3.317306e-14 
  553.000  6.898661e+02  9.098058e+01  1.593893e-14 
  554.000  7.125683e+02  9.339649e+01 -5.175072e-14 
  555.000  7.147394e+02  9.310671e+01  1.185468e-15 
  556.000  6.951866e+02  9.000581e+01 -6.423945e-14 
  557.000  6.746725e+02  8.681597e+01 -3.229504e-14 
  558.000  7.004170e+02  8.957938e+01 -6.590263e-14 
  559.000  6.621500e+02  8.417021e+01 -1.098752e-15 
  560.000  6.651432e+02  8.403645e+01  4.723435e-14 
  561.000  7.310939e+02  9.180721e+01 -7.005569e-14 
  562.000  6.711188e+02  8.375679e+01 -6.323386e-14 
  563.000  7.021901e+02  8.710177e+01  8.711317e-15 
  564.000  6.923265e+02  8.535423e+01 -8.593818e-15 
  565.000  7.004999e+02  8.582891e+01  4.001603e-14 
  566.000  6.457845e+02  7.864246e+01 -6.100387e-14 
  567.000  6.925120e+02  8.379265e+01 -2.471866e-14 
  568.000  6.903547e+02  8.293163e+01  2.474585e-14 
  569.000  6.761379e+02  8.056788e+01  1.976062e-14 
  570.000  6.795565e+02  8.050745e+01  6.669235e-15 
  571.000  6.554012e+02  7.728072e+01 -8.222020e-15 
  572.000  6.921857e+02  8.099171e+01  0.000000e+00 
  573.000  6.992767e+02  8.135953e+01 -2.527599e-14 
  574.000  6.953724e+02  8.043250e+01  2.513996e-14 
  575.000  6.783683e+02  7.799176e+01 -7.415392e-15 
  576.000  6.664203e+02  7.617036e+01  2.296874e-14 
  577.000  6.947111e+02  7.898571e+01  0.000000e+00 
  578.000  6.752668e+02  7.639527e+01  0.000000e+00 
  579.000  6.713105e+02  7.557728e+01  2.292279e-14 
  580.000  6.962209e+02  7.801414e+01 -2.367083e-14 
  581.000  6.857307e+02  7.651042e+01 -5.599130e-14 
  582.000  6.977198e+02  7.748102e+01 -9.750454e-15 
  583.000  7.039991e+02  7.778259e+01  2.363086e-14 
  584.000  7.031451e+02  7.729439e+01 -5.683772e-14 
  585.000  6.996420e+02  7.650655e+01 -7.467553e-14 
  586.000  6.705844e+02  7.294332e+01  3.162211e-14 
  587.000  6.977043e+02  7.543279e+01  7.373451e-15 
  588.000  6.911436e+02  7.412241e+01  9.555462e-15 
  589.000  6.124699e+02  6.509439e+01 -1.047671e-14 
  590.000  6.399960e+02  6.764303e+01  1.600367e-14 
  591.000  6.812508e+02  7.178647e+01 -8.176823e-15 
  592.000  6.684203e+02  6.996821e+01  1.727835e-14 
  593.000  6.766189e+02  7.065344e+01  4.836124e-15 
  594.000  6.831922e+02  7.091065e+01  3.068879e-15 
  595.000  6.701390e+02  6.904781e+01  4.893914e-15 
  596.000  6.875074e+02  7.066530e+01  7.233645e-15 
  597.000  6.894323e+02  7.043757e+01 -1.776348e-15 
  598.000  6.755336e+02  6.874161e+01  2.047964e-14 
  599.000  6.757701e+02  6.844090e+01  2.087635e-15 
  600.000  6.758052e+02  6.815661e+01  1.641863e-14 
  601.000  6.721458e+02  6.750018e+01 -4.777898e-14 
  602.000  6.647616e+02  6.643015e+01  1.610631e-14 
  603.000  6.692406e+02  6.655434e+01  3.938357e-14 
  604.000  6.913390e+02  6.842345e+01  3.223828e-14 
  605.000  6.904042e+02  6.799277e+01  3.212852e-14 
  606.000  6.831370e+02  6.693699e+01  3.063743e-14 
  607.000  6.800252e+02  6.629546e+01  3.044848e-14 
  608.000  6.782737e+02  6.579136e+01  1.516065e-14 
  609.000  6.720276e+02  6.485685e+01 -1.499786e-14 
  610.000  6.619831e+02  6.356644e+01  1.580908e-14 
  611.000  6.735015e+02  6.434833e+01  1.713135e-14 
  612.000  6.654876e+02  6.326444e+01 -4.432947e-14 
  613.000  6.564947e+02  6.209737e+01  1.044817e-15 
  614.000  6.334812e+02  5.962107e+01 -7.110386e-14 
  615.000  6.645404e+02  6.223267e+01  1.468301e-14 
  616.000  6.325138e+02  5.893844e+01  0.000000e+00 
  617.000  6.367286e+02  5.903531e+01  2.905851e-14 
  618.000  6.673553e+02  6.156548e+01  4.404579e-14 
  619.000  6.617667e+02  6.074332e+01  5.705403e-15 
  620.000  6.720534e+02  6.137752e+01 -1.475453e-14 
  621.000  6.840855e+02  6.216123e+01  4.393923e-14 
  622.000  6.483926e+02  5.861954e+01  7.616165e-15 
  623.000  6.537860e+02  5.880526e+01  2.864508e-14 
  624.000  6.548264e+02  5.859951e+01  3.738726e-14 
  625.000  6.373759e+02  5.674777e+01 -2.889830e-14 
  626.000  6.408406e+02  5.675676e+01  7.516296e-15 
  627.000  6.513704e+02  5.731639e+01 -1.432092e-14 
  628.000  6.340566e+02  5.509713e+01  1.488524e-14 
  629.000  6.566787e+02  5.703064e+01 -6.030013e-16 
  630.000  6.354470e+02  5.496608e+01 -4.594378e-16 
  631.000  6.607089e+02  5.695264e+01  2.911754e-14 
  632.000  6.172598e+02  5.296165e+01  6.919374e-16 
  633.000  6.640751e+02  5.680771e+01 -7.755582e-15 
  634.000  6.457809e+02  5.503375e+01 -2.799395e-14 
  635.000  6.589444e+02  5.591174e+01  7.628534e-15 
  636.000  6.370140e+02  5.383045e+01  1.370769e-14 
  637.000  6.593633e+02  5.548514e+01 -1.414008e-14 
  638.000  6.708188e+02  5.623462e+01 -1.431974e-14 
  639.000  6.665209e+02  5.563232e+01  6.584534e-15 
  640.000  6.466882e+02  5.375581e+01  2.841883e-14 
  641.000  6.570459e+02  5.437445e+01 -2.135386e-14 
  642.000  6.501404e+02  5.357880e+01  1.371807e-14 
  643.000  6.623696e+02  5.432029e+01 -6.335995e-14 
  644.000  6.555699e+02  5.352285e+01 -2.760058e-14 
  645.000  6.619472e+02  5.376643e+01 -6.469153e-15 
  646.000  6.372070e+02  5.140896e+01 -1.806858e-14 
  647.000  6.463338e+02  5.183315e+01 -1.963811e-14 
  648.000  6.454882e+02  5.145488e+01 -1.792767e-15 
  649.000  6.593138e+02  5.239151e+01 -5.607182e-15 
  650.000  6.120886e+02  4.856169e+01 -4.486976e-14 
  651.000  6.599470e+02  5.212498e+01 -9.007520e-15 
  652.000  6.473163e+02  5.077025e+01 -7.796707e-15 
  653.000  6.615524e+02  5.180989e+01  6.019563e-15 
  654.000  6.534296e+02  5.092958e+01  2.271535e-14 
  655.000  6.365702e+02  4.934209e+01 -9.027537e-15 
  656.000  5.409957e+02  4.176537e+01 -5.543942e-15 
  657.000  5.779860e+02  4.445138e+01  1.376535e-15 
  658.000  6.443678e+02  4.938159e+01 -4.099498e-14 
  659.000  6.465175e+02  4.936346e+01 -3.480219e-14 
  660.000  6.522402e+02  4.959950e+01  1.439889e-14 
  661.000  6.557733e+02  4.969518e+01 -2.787421e-14 
  662.000  6.658384e+02  5.025947e+01 -1.362710e-14 
  663.000  6.590669e+02  4.953119e+01 -1.347469e-14 
  664.000  6.490887e+02  4.857659e+01  4.070169e-14 
  665.000  6.525374e+02  4.863208e+01 -1.329886e-14 
  666.000  6.610328e+02  4.906421e+01  1.344783e-14 
  667.000  6.485031e+02  4.793559e+01 -6.680337e-14 
  668.000  6.527947e+02  4.805623e+01 -1.418558e-14 
  669.000  6.627590e+02  4.858676e+01  4.121668e-14 
  670.000  6.553992e+02  4.784652e+01 -1.515337e-14 
  671.000  6.490251e+02  4.718442e+01 -3.836956e-14 
  672.000  6.474707e+02  4.687535e+01  3.822719e-14 
  673.000  6.526685e+02  4.705523e+01  2.722854e-14 
  674.000  6.544927e+02  4.699108e+01  6.486575e-14 
  675.000  6.450408e+02  4.612101e+01 -2.684076e-14 
  676.000  6.577526e+02  4.683570e+01  9.473150e-16 
  677.000  6.451649e+02  4.575002e+01 -5.263700e-14 
  678.000  6.563366e+02  4.635096e+01  9.431348e-16 
  679.000  6.475353e+02  4.554049e+01  5.271642e-14 
  680.000  6.429572e+02  4.502571e+01 -1.377021e-14 
  681.000  6.440355e+02  4.490703e+01 -2.572820e-14 
  682.000  6.430756e+02  4.465417e+01 -1.283390e-14 
  683.000  6.477971e+02  4.479364e+01  6.459649e-14 
  684.000  6.366436e+02  4.383418e+01  1.178133e-14 
  685.000  6.442413e+02  4.418410e+01  1.282489e-14 
  686.000  6.153054e+02  4.197960e+01  1.889908e-14 
  687.000  5.325433e+02  3.555770e+01  2.613328e-15 
  688.000  5.591250e+02  3.726041e+01 -2.097908e-16 
  689.000  5.535158e+02  3.671132e+01  6.734160e-15 
  690.000  5.699756e+02  3.770695e+01  1.049189e-14 
  691.000  5.910211e+02  3.906691e+01  7.491884e-15 
  692.000  5.994682e+02  3.958287e+01  2.149619e-14 
  693.000  6.027003e+02  3.961514e+01 -3.761762e-16 
  694.000  6.058397e+02  3.961526e+01  1.116173e-14 
  695.000  6.012262e+02  3.922557e+01 -1.099274e-14 
  696.000  6.117178e+02  3.979594e+01 -1.990722e-14 
  697.000  6.253168e+02  4.073808e+01 -1.786183e-14 
  698.000  6.115779e+02  3.963657e+01  2.420347e-14 
  699.000  6.123795e+02  3.935183e+01 -1.005108e-14 
  700.000  6.072964e+02  3.889760e+01  3.293466e-14 
  701.000  5.915798e+02  3.770868e+01  2.104583e-15 
  702.000  5.906920e+02  3.752922e+01 -9.204599e-15 
  703.000  6.081431e+02  3.863290e+01  2.156528e-14 
  704.000  6.105613e+02  3.864212e+01 -1.060454e-14 
  705.000  6.117953e+02  3.850568e+01  1.898027e-14 
  706.000  6.062603e+02  3.802142e+01 -2.143768e-15 
  707.000  5.986447e+02  3.742060e+01  3.384577e-15 
  708.000  6.176932e+02  3.848748e+01 -1.098365e-14 
  709.000  5.987585e+02  3.721598e+01  8.666766e-15 
  710.000  6.097861e+02  3.770016e+01  1.467009e-14 
  711.000  6.069310e+02  3.743628e+01  5.850417e-15 
  712.000  6.012854e+02  3.699673e+01 -3.277302e-14 
  713.000  5.968806e+02  3.654543e+01  1.171855e-14 
  714.000  6.065104e+02  3.698054e+01 -3.384507e-14 
  715.000  5.821480e+02  3.530212e+01 -1.209333e-14 
  716.000  5.939465e+02  3.582423e+01 -2.297014e-14 
  717.000  5.540224e+02  3.305635e+01  9.162735e-15 
  718.000  5.356707e+02  3.176344e+01  1.234761e-15 
  719.000  5.240919e+02  3.093927e+01  2.947634e-15 
  720.000  5.194589e+02  3.052883e+01  2.141723e-16 
  721.000  5.559672e+02  3.272966e+01  8.722073e-15 
  722.000  5.771805e+02  3.397896e+01 -2.375915e-14 
  723.000  5.686676e+02  3.327939e+01 -5.104448e-15 
  724.000  5.508454e+02  3.198058e+01 -1.274096e-17 
  725.000  5.481440e+02  3.172108e+01  6.387722e-15 
  726.000  5.462783e+02  3.149355e+01 -2.110385e-15 
  727.000  5.575392e+02  3.204153e+01 -3.825563e-15 
  728.000  5.448170e+02  3.118148e+01  1.570602e-15 
  729.000  5.310836e+02  3.032756e+01  9.846142e-15 
  730.000  5.494030e+02  3.125358e+01  1.231459e-15 
  731.000  5.387630e+02  3.053041e+01 -1.549484e-15 
  732.000  5.626169e+02  3.185922e+01 -1.501897e-14 
  733.000  5.667852e+02  3.210812e+01  2.032092e-15 
  734.000  5.847025e+02  3.308372e+01 -6.096785e-15 
  735.000  5.780404e+02  3.256053e+01 -6.678203e-16 
  736.000  5.635556e+02  3.158280e+01 -2.116806e-15 
  737.000  5.740471e+02  3.209239e+01 -1.536708e-15 
  738.000  5.766263e+02  3.217616e+01  2.081617e-14 
  739.000  5.597382e+02  3.114689e+01  1.132225e-14 
  740.000  5.688400e+02  3.159873e+01 -3.433517e-15 
  741.000  5.665324e+02  3.139423e+01 -7.525590e-15 
  742.000  5.581816e+02  3.083701e+01 -1.738972e-14 
  743.000  5.764472e+02  3.176308e+01  1.780527e-14 
  744.000  5.828585e+02  3.201956e+01  5.187274e-15 
  745.000  5.684528e+02  3.113066e+01  0.000000e+00 
  746.000  5.769923e+02  3.149702e+01 -7.922054e-16 
  747.000  5.862759e+02  3.189435e+01 -3.441949e-14 
  748.000  5.761657e+02  3.124572e+01  7.894577e-16 
  749.000  5.766975e+02  3.117055e+01 -4.556474e-14 
  750.000  5.682334e+02  3.060247e+01 -3.328451e-14 
  751.000  5.670045e+02  3.043184e+01 -3.242004e-14 
  752.000  5.762812e+02  3.083204e+01  1.175673e-14 
  753.000  5.711544e+02  3.045570e+01  1.086399e-14 
  754.000  5.803784e+02  3.084362e+01  1.024060e-14 
  755.000  5.772797e+02  3.057506e+01  3.369264e-14 
  756.000  5.662089e+02  2.988751e+01 -4.378251e-14 
  757.000  5.705314e+02  3.001350e+01 -1.083058e-14 
  758.000  5.689377e+02  2.981200e+01  7.772128e-16 
  759.000  5.090198e+02  2.621806e+01 -1.974620e-14 
  760.000  1.773992e+02  8.579775e+00 -1.999699e-18 
  761.000  1.511897e+02  7.208545e+00  8.419977e-17 
  762.000  3.197477e+02  1.567558e+01 -6.227639e-17 
  763.000  2.703099e+02  1.312010e+01  3.537015e-16 
  764.000  2.997555e+02  1.453519e+01  6.763163e-16 
  765.000  3.685489e+02  1.806887e+01 -1.510596e-15 
  766.000  4.305942e+02  2.155681e+01  8.267170e-16 
  767.000  4.779417e+02  2.392620e+01  8.313713e-15 
  768.000  5.246781e+02  2.630864e+01 -6.138823e-15 
  769.000  5.409923e+02  2.718362e+01  1.584415e-14 
  770.000  5.477031e+02  2.752051e+01  2.222007e-14 
  771.000  5.523823e+02  2.771566e+01  1.118547e-14 
  772.000  5.512838e+02  2.758241e+01 -7.460353e-16 
  773.000  5.495798e+02  2.741262e+01  0.000000e+00 
  774.000  5.560441e+02  2.765127e+01 -1.120264e-14 
  775.000  5.355500e+02  2.655001e+01  2.944917e-14 
  776.000  5.579126e+02  2.757201e+01 -5.460289e-14 
  777.000  5.542178e+02  2.730130e+01  1.039668e-14 
  778.000  5.513720e+02  2.707279e+01  0.000000e+00 
  779.000  5.532820e+02  2.707828e+01  9.630860e-15 
  780.000  5.465466e+02  2.666187e+01  9.512379e-15 
  781.000  5.458848e+02  2.654744e+01 -5.261605e-14 
  782.000  5.525712e+02  2.678574e+01 -2.145042e-14 
  783.000  5.397662e+02  2.608077e+01  1.011230e-14 
  784.000  5.427902e+02  2.614005e+01  1.017088e-14 
  785.000  5.438450e+02  2.609502e+01 -2.114257e-14 
  786.000  5.337601e+02  2.551038e+01 -2.545787e-14 
  787.000  5.402079e+02  2.570175e+01 -2.462315e-14 
  788.000  5.312795e+02  2.517766e+01 -1.556310e-14 
  789.000  5.310136e+02  2.502121e+01 -1.259526e-14 
  790.000  5.254352e+02  2.467542e+01 -9.944572e-15 
  791.000  5.235085e+02  2.451915e+01  3.416476e-15 
  792.000  5.159422e+02  2.409965e+01 -7.722532e-15 
  793.000  5.169606e+02  2.409693e+01  5.339925e-15 
  794.000  5.144485e+02  2.395648e+01  9.687252e-15 
  795.000  5.101994e+02  2.365505e+01 -6.852614e-15 
  796.000  5.140839e+02  2.367787e+01 -7.027397e-15 
  797.000  5.188496e+02  2.384616e+01  4.873916e-16 
  798.000  5.223602e+02  2.398734e+01  6.274195e-15 
  799.000  5.213388e+02  2.385404e+01 -9.798085e-15 
  800.000  5.056660e+02  2.302857e+01 -3.201026e-15 
  801.000  5.154342e+02  2.340590e+01  6.658243e-15 
  802.000  5.143139e+02  2.327998e+01  4.791022e-15 
  803.000  5.073765e+02  2.290121e+01 -1.362678e-15 
  804.000  5.131378e+02  2.310818e+01 -6.627484e-15 
  805.000  5.011870e+02  2.253539e+01 -2.314056e-14 
  806.000  5.160710e+02  2.315608e+01 -1.586604e-15 
  807.000  5.131438e+02  2.295606e+01 -9.173023e-15 
  808.000  5.094099e+02  2.270806e+01  8.566596e-15 
  809.000  5.000317e+02  2.220859e+01 -2.982444e-15 
  810.000  4.969192e+02  2.198892e+01 -5.167474e-15 
  811.000  5.029327e+02  2.215833e+01  1.612802e-14 
  812.000  4.984915e+02  2.185980e+01  4.667184e-15 
  813.000  4.929336e+02  2.151073e+01 -2.160816e-15 
  814.000  4.875449e+02  2.116553e+01 -3.462101e-15 
  815.000  4.763145e+02  2.056908e+01  3.078267e-15 
  816.000  4.641500e+02  1.994000e+01  2.299236e-15 
  817.000  4.675012e+02  2.002629e+01 -2.791122e-15 
  818.000  4.653835e+02  1.988013e+01 -2.135838e-16 
  819.000  4.555329e+02  1.941622e+01  6.423750e-15 
  820.000  4.554628e+02  1.941238e+01 -6.709513e-15 
  821.000  4.808218e+02  2.052549e+01  1.992680e-15 
  822.000  4.598478e+02  1.950370e+01  3.115763e-16 
  823.000  4.443314e+02  1.867933e+01  1.723392e-16 
  824.000  4.698443e+02  1.978669e+01  1.712785e-15 
  825.000  4.807998e+02  2.029293e+01  5.316841e-15 
  826.000  4.819356e+02  2.026211e+01  1.316960e-14 
  827.000  4.789804e+02  2.006567e+01  5.394033e-15 
  828.000  4.704487e+02  1.958907e+01  9.802519e-15 
  829.000  4.730373e+02  1.966108e+01 -1.605658e-15 
  830.000  4.686230e+02  1.944720e+01  1.386260e-15 
  831.000  4.611513e+02  1.908877e+01  6.061622e-16 
  832.000  4.709508e+02  1.944196e+01 -1.363468e-14 
  833.000  4.580181e+02  1.887000e+01  2.883480e-15 
  834.000  4.667847e+02  1.919643e+01 -7.370840e-15 
  835.000  4.712617e+02  1.936863e+01  4.354960e-15 
  836.000  4.757115e+02  1.948182e+01 -7.311438e-15 
  837.000  4.717257e+02  1.926264e+01 -1.490107e-14 
  838.000  4.751373e+02  1.936897e+01  2.108901e-16 
  839.000  4.613043e+02  1.876546e+01  3.129738e-15 
  840.000  4.740660e+02  1.923550e+01  6.064523e-15 
  841.000  4.744350e+02  1.918173e+01 -8.544176e-15 
  842.000  4.723798e+02  1.905844e+01  4.365932e-15 
  843.000  4.711046e+02  1.898667e+01  8.012578e-15 
  844.000  4.641839e+02  1.867092e+01  4.605978e-16 
  845.000  4.714948e+02  1.891596e+01  8.773712e-15 
  846.000  4.761711e+02  1.905920e+01 -4.740496e-15 
  847.000  4.601725e+02  1.837618e+01 -4.573625e-15 
  848.000  4.731810e+02  1.882872e+01 -8.797764e-15 
  849.000  4.742040e+02  1.881939e+01 -4.722567e-15 
  850.000  4.099518e+02  1.622163e+01 -4.147391e-15 
  851.000  4.693759e+02  1.851403e+01 -1.675588e-15 
  852.000  4.516759e+02  1.776786e+01 -1.518718e-14 
  853.000  4.573271e+02  1.795053e+01  0.000000e+00 
  854.000  3.677006e+02  1.439259e+01 -3.660602e-15 
  855.000  4.050810e+02  1.581896e+01 -3.487209e-15 
  856.000  4.601898e+02  1.793655e+01 -6.111284e-16 
  857.000  4.677469e+02  1.818748e+01  2.191319e-14 
  858.000  4.604402e+02  1.785844e+01  0.000000e+00 
  859.000  4.605677e+02  1.782140e+01  0.000000e+00 
  860.000  4.566667e+02  1.762722e+01  1.682068e-14 
  861.000  4.566947e+02  1.758154e+01  0.000000e+00 
  862.000  4.553235e+02  1.748401e+01 -8.980384e-15 
  863.000  4.641034e+02  1.777373e+01 -1.769076e-14 
  864.000  4.632839e+02  1.769653e+01  1.826375e-14 
  865.000  4.547509e+02  1.732554e+01  1.672030e-14 
  866.000  3.815096e+02  1.449672e+01 -4.207424e-14 
  867.000  4.063174e+02  1.539815e+01  0.000000e+00 
  868.000  4.407314e+02  1.665826e+01  4.049517e-14 
  869.000  4.346222e+02  1.638431e+01  1.654362e-14 
  870.000  4.526054e+02  1.701689e+01  0.000000e+00 
  871.000  4.520399e+02  1.695126e+01 -8.303067e-15 
  872.000  4.503150e+02  1.684317e+01  1.653762e-14 
  873.000  4.521552e+02  1.686666e+01  1.660649e-14 
  874.000  4.422917e+02  1.645502e+01  0.000000e+00 
  875.000  4.382809e+02  1.626310e+01  2.529851e-14 
  876.000  4.419384e+02  1.635442e+01 -1.681597e-14 
  877.000  4.507871e+02  1.663763e+01 -3.371285e-14 
  878.000  4.430330e+02  1.630479e+01  0.000000e+00 
  879.000  4.441061e+02  1.630165e+01  8.749035e-15 
  880.000  4.415770e+02  1.616377e+01 -8.121130e-15 
  881.000  4.186324e+02  1.528233e+01  7.701833e-15 
  882.000  4.417681e+02  1.608334e+01  8.713878e-15 
  883.000  4.317882e+02  1.568164e+01 -8.512286e-15 
  884.000  4.355297e+02  1.577781e+01  4.291772e-15 
  885.000  4.400004e+02  1.589230e+01  8.101664e-15 
  886.000  4.255098e+02  1.532073e+01  3.643064e-15 
  887.000  4.213032e+02  1.513727e+01  1.191794e-14 
  888.000  4.339644e+02  1.555211e+01  8.566532e-15 
  889.000  4.369921e+02  1.562336e+01  3.732819e-15 
  890.000  4.355883e+02  1.552877e+01 -8.601309e-15 
  891.000  4.329135e+02  1.538276e+01  4.285018e-15 
  892.000  4.306473e+02  1.524505e+01 -1.037364e-14 
  893.000  4.105734e+02  1.444085e+01  1.632843e-15 
  894.000  4.222179e+02  1.478716e+01  5.694550e-15 
  895.000  3.942269e+02  1.371111e+01 -2.798961e-15 
  896.000  4.007256e+02  1.386094e+01 -2.401741e-15 
  897.000  3.820784e+02  1.315345e+01  2.824270e-15 
  898.000  3.783126e+02  1.298144e+01 -3.653288e-15 
  899.000  3.653188e+02  1.249024e+01  1.712675e-15 
  900.000  3.580339e+02  1.221142e+01 -1.200599e-15 
  901.000  3.472354e+02  1.181228e+01 -7.514273e-16 
  902.000  3.414174e+02  1.158762e+01  9.229175e-16 
  903.000  3.808586e+02  1.292603e+01 -2.265617e-16 
  904.000  3.990604e+02  1.355879e+01  4.899591e-15 
  905.000  3.975569e+02  1.347306e+01  7.156436e-16 
  906.000  3.792560e+02  1.279129e+01 -3.728752e-16 
  907.000  3.715779e+02  1.247077e+01 -2.349993e-15 
  908.000  3.524295e+02  1.179029e+01  1.849722e-16 
  909.000  3.468472e+02  1.157514e+01  1.794191e-15 
  910.000  3.524019e+02  1.173292e+01 -1.114515e-15 
  911.000  3.574916e+02  1.187953e+01  7.608600e-16 
  912.000  3.553709e+02  1.177769e+01 -5.677346e-16 
  913.000  3.507073e+02  1.158821e+01 -1.500281e-15 
  914.000  3.548981e+02  1.170154e+01 -1.841548e-16 
  915.000  3.535898e+02  1.163443e+01 -1.737971e-15 
  916.000  3.593104e+02  1.179626e+01 -2.263037e-15 
  917.000  3.563830e+02  1.167581e+01 -9.578520e-16 
  918.000  3.580262e+02  1.170694e+01 -3.134619e-15 
  919.000  3.745302e+02  1.224417e+01  4.596261e-16 
  920.000  3.797177e+02  1.241799e+01  5.991699e-15 
  921.000  3.695649e+02  1.204968e+01 -1.367988e-15 
  922.000  3.661267e+02  1.190888e+01  2.218608e-16 
  923.000  3.485467e+02  1.130168e+01  3.279626e-16 
  924.000  3.576375e+02  1.155134e+01  1.609620e-15 
  925.000  3.619789e+02  1.166189e+01  1.396514e-15 
  926.000  3.489854e+02  1.121404e+01  1.199876e-15 
  927.000  3.552809e+02  1.137214e+01  9.108071e-16 
  928.000  3.470675e+02  1.106550e+01 -1.211225e-15 
  929.000  3.272169e+02  1.039364e+01 -8.632361e-17 
  930.000  3.071457e+02  9.708508e+00 -4.531981e-16 
  931.000  2.852080e+02  8.921239e+00 -2.271083e-16 
  932.000  2.537490e+02  7.779272e+00 -2.044153e-16 
  933.000  2.324474e+02  7.038313e+00 -1.245117e-16 
  934.000  2.075421e+02  6.239419e+00  1.077964e-17 
  935.000  2.020868e+02  6.058585e+00  6.543036e-18 
  936.000  2.096370e+02  6.275920e+00 -1.052763e-16 
  937.000  2.119750e+02  6.331227e+00 -6.192206e-17 
  938.000  2.348164e+02  7.047631e+00 -9.400923e-17 
  939.000  3.002271e+02  9.265618e+00  8.473979e-17 
  940.000  3.077952e+02  9.488809e+00 -3.269140e-16 
  941.000  2.931262e+02  9.011068e+00 -6.506112e-19 
  942.000  2.635991e+02  8.038998e+00 -2.084395e-16 
  943.000  2.449719e+02  7.312215e+00 -9.996944e-17 
  944.000  2.360179e+02  7.020113e+00  1.074979e-16 
  945.000  2.500225e+02  7.469631e+00 -2.064669e-17 
  946.000  2.540652e+02  7.576846e+00  1.031813e-20 
  947.000  2.629318e+02  7.876224e+00  2.032694e-16 
  948.000  2.706130e+02  8.118111e+00 -1.980685e-16 
  949.000  2.706645e+02  8.098449e+00  2.196517e-16 
  950.000  2.704414e+02  8.081214e+00 -4.155329e-16 
  951.000  2.822611e+02  8.468885e+00  3.531455e-16 
  952.000  2.678639e+02  7.965544e+00 -8.156137e-20 
  953.000  2.771650e+02  8.268179e+00 -2.159581e-16 
  954.000  2.850475e+02  8.517915e+00  0.000000e+00 
  955.000  2.582482e+02  7.679248e+00  0.000000e+00 
  956.000  2.735211e+02  8.110572e+00  1.603163e-19 
  957.000  2.998316e+02  8.931640e+00  2.842876e-17 
  958.000  3.055374e+02  9.086361e+00  1.223858e-15 
  959.000  3.023135e+02  8.970658e+00  4.281252e-16 
  960.000  2.981922e+02  8.829748e+00 -6.399805e-19 
  961.000  2.928334e+02  8.651336e+00  3.928449e-16 
  962.000  2.962711e+02  8.737045e+00 -6.363032e-19 
  963.000  3.098930e+02  9.127316e+00  2.364964e-18 
  964.000  3.083697e+02  9.064547e+00  8.245925e-16 
  965.000  3.107951e+02  9.116963e+00 -1.580427e-16 
  966.000  3.025611e+02  8.857832e+00  1.583863e-16 
  967.000  3.216170e+02  9.401697e+00 -3.393008e-19 
  968.000  3.344841e+02  9.785192e+00 -5.466765e-16 
  969.000  3.439196e+02  1.006461e+01  9.177470e-17 
  970.000  3.452742e+02  1.008430e+01  6.680545e-15 
  971.000  3.420566e+02  9.968167e+00  1.884607e-15 
  972.000  3.424073e+02  9.949048e+00  1.241427e-15 
  973.000  3.344743e+02  9.682685e+00  1.831035e-15 
  974.000  3.235777e+02  9.334096e+00 -5.165801e-16 
  975.000  3.214604e+02  9.247193e+00 -1.532312e-15 
  976.000  3.300340e+02  9.481386e+00  2.085349e-15 
  977.000  3.291223e+02  9.453979e+00  1.693559e-16 
  978.000  3.366520e+02  9.648187e+00  2.759519e-16 
  979.000  3.288063e+02  9.409702e+00 -1.589663e-15 
  980.000  3.410232e+02  9.769072e+00 -1.719471e-15 
  981.000  3.450973e+02  9.873109e+00 -1.320428e-16 
  982.000  3.426730e+02  9.775185e+00 -2.999723e-16 
  983.000  3.456570e+02  9.859036e+00  8.194447e-15 
  984.000  3.473306e+02  9.908843e+00 -2.660954e-15 
  985.000  3.494348e+02  9.962288e+00  1.541516e-15 
  986.000  3.494707e+02  9.962315e+00  6.289442e-15 
  987.000  3.547226e+02  1.010003e+01 -7.344380e-17 
  988.000  3.506521e+02  9.965296e+00 -3.501507e-15 
  989.000  3.463979e+02  9.825104e+00 -7.961329e-15 
  990.000  3.496675e+02  9.899355e+00  8.712818e-15 
  991.000  3.534166e+02  9.990682e+00  6.678741e-15 
  992.000  3.504879e+02  9.889789e+00 -1.003969e-14 
  993.000  3.506158e+02  9.873741e+00 -3.422804e-15 
  994.000  3.533380e+02  9.937468e+00 -2.304031e-16 
  995.000  3.513901e+02  9.867454e+00 -3.871038e-15 
  996.000  3.513354e+02  9.845406e+00  2.955735e-15 
  997.000  3.513667e+02  9.822736e+00  3.417018e-15 
  998.000  3.496647e+02  9.751290e+00  6.581482e-15 
  999.000  3.486339e+02  9.701003e+00  9.734120e-15 
 1000.000  3.460242e+02  9.609782e+00 -3.369183e-15 
 1001.000  3.469733e+02  9.607882e+00  0.000000e+00 
 1002.000  3.452192e+02  9.529873e+00  1.121149e-15 
 1003.000  3.415610e+02  9.412336e+00  1.570871e-15 
 1004.000  3.394507e+02  9.340012e+00  3.094902e-15 
 1005.000  3.173706e+02  8.717405e+00 -2.682723e-15 
 1006.000  3.341639e+02  9.160975e+00 -5.865205e-15 
 1007.000  3.400690e+02  9.301868e+00  6.417675e-15 
 1008.000  3.404726e+02  9.286143e+00 -4.972818e-15 
 1009.000  3.368777e+02  9.157494e+00  8.682361e-16 
 1010.000  3.388476e+02  9.197666e+00 -3.176202e-15 
 1011.000  3.386593e+02  9.186943e+00 -5.948235e-15 
 1012.000  3.392500e+02  9.187668e+00 -3.530609e-15 
 1013.000  3.372985e+02  9.120794e+00 -3.284020e-15 
 1014.000  3.396931e+02  9.168898e+00 -3.304773e-15 
 1015.000  3.334691e+02  8.983117e+00 -9.296473e-15 
 1016.000  3.357674e+02  9.028365e+00 -2.826715e-15 
 1017.000  3.326019e+02  8.926496e+00  3.015082e-15 
 1018.000  3.367441e+02  9.017512e+00 -9.603688e-15 
 1019.000  3.285473e+02  8.775498e+00 -9.174298e-15 
 1020.000  3.280471e+02  8.746370e+00  2.979851e-15 
 1021.000  3.316911e+02  8.829488e+00  6.448814e-15 
 1022.000  3.261102e+02  8.657722e+00  3.177984e-15 
 1023.000  3.319400e+02  8.790409e+00  6.264332e-15 
 1024.000  3.300655e+02  8.722328e+00 -5.316624e-15 
 1025.000  3.306853e+02  8.728113e+00  0.000000e+00 
 1026.000  3.314783e+02  8.735698e+00 -3.007359e-15 
 1027.000  3.293162e+02  8.659850e+00 -2.989874e-15 
 1028.000  3.302329e+02  8.668139e+00  6.208205e-15 
 1029.000  3.255203e+02  8.531108e+00  2.949382e-15 
 1030.000  3.290953e+02  8.611131e+00  0.000000e+00 
 1031.000  3.281883e+02  8.572075e+00  0.000000e+00 
 1032.000  3.271461e+02  8.529246e+00  0.000000e+00 
 1033.000  3.211591e+02  8.357054e+00 -3.110354e-15 
 1034.000  3.246492e+02  8.432369e+00 -3.142852e-15 
 1035.000  3.212184e+02  8.327342e+00  8.911366e-15 
 1036.000  3.253199e+02  8.416719e+00 -1.490651e-14 
 1037.000  3.184331e+02  8.222381e+00 -8.838529e-15 
 1038.000  3.216003e+02  8.288277e+00  0.000000e+00 
 1039.000  3.228794e+02  8.304411e+00 -1.792673e-14 
 1040.000  3.190150e+02  8.188480e+00  2.676863e-15 
 1041.000  3.206640e+02  8.214326e+00  0.000000e+00 
 1042.000  3.215914e+02  8.221931e+00 -2.908199e-15 
 1043.000  3.160227e+02  8.063834e+00 -8.779327e-15 
 1044.000  3.191088e+02  8.126361e+00  0.000000e+00 
 1045.000  3.176613e+02  8.072627e+00  3.081934e-15 
 1046.000  3.083506e+02  7.820074e+00  8.577992e-15 
 1047.000  3.139192e+02  7.944885e+00 -6.097764e-15 
 1048.000  3.168738e+02  8.002701e+00 -1.478427e-14 
 1049.000  3.146250e+02  7.929010e+00  3.062327e-15 
 1050.000  3.126471e+02  7.862831e+00 -3.045185e-15 
 1051.000  3.125701e+02  7.844101e+00  2.041050e-16 
 1052.000  3.109854e+02  7.788032e+00  2.032247e-16 
 1053.000  3.110026e+02  7.772758e+00  2.832030e-15 
 1054.000  3.076490e+02  7.672240e+00 -2.804396e-15 
 1055.000  3.097546e+02  7.708073e+00  1.514715e-15 
 1056.000  3.087525e+02  7.666629e+00  3.022864e-15 
 1057.000  3.080323e+02  7.631133e+00  3.020994e-15 
 1058.000  3.044659e+02  7.522729e+00 -1.497580e-15 
 1059.000  2.947896e+02  7.269599e+00  0.000000e+00 
 1060.000  3.053838e+02  7.518531e+00  0.000000e+00 
 1061.000  2.945843e+02  7.238051e+00 -1.255044e-15 
 1062.000  3.025383e+02  7.416071e+00  0.000000e+00 
 1063.000  2.972285e+02  7.270766e+00 -2.638984e-15 
 1064.000  3.008700e+02  7.343153e+00 -2.975105e-15 
 1065.000  3.003289e+02  7.313343e+00  0.000000e+00 
 1066.000  2.911162e+02  7.076153e+00 -1.441339e-15 
 1067.000  2.979686e+02  7.227904e+00  0.000000e+00 
 1068.000  2.964836e+02  7.173267e+00 -2.946370e-15 
 1069.000  2.743706e+02  6.626372e+00 -1.125223e-15 
 1070.000  2.909510e+02  7.015916e+00 -2.107062e-15 
 1071.000  2.914290e+02  7.012403e+00  1.114143e-15 
 1072.000  2.922407e+02  7.016700e+00 -7.078758e-16 
 1073.000  2.827438e+02  6.776646e+00  1.334474e-15 
 1074.000  2.928890e+02  7.008524e+00  1.812090e-15 
 1075.000  2.843834e+02  6.798286e+00  2.528433e-16 
 1076.000  2.904953e+02  6.929618e+00 -6.313028e-16 
 1077.000  2.896503e+02  6.893800e+00  0.000000e+00 
 1078.000  2.902068e+02  6.890787e+00 -5.092920e-16 
 1079.000  2.790303e+02  6.613634e+00  1.773162e-15 
 1080.000  2.862224e+02  6.761259e+00 -4.730132e-16 
 1081.000  2.757627e+02  6.502462e+00 -4.884608e-16 
 1082.000  2.798946e+02  6.593227e+00 -2.090690e-15 
 1083.000  2.718397e+02  6.387115e+00  2.948222e-15 
 1084.000  2.815876e+02  6.598933e+00 -3.804714e-16 
 1085.000  2.762378e+02  6.449966e+00 -9.645251e-16 
 1086.000  2.803399e+02  6.537301e+00 -1.729931e-15 
 1087.000  2.650337e+02  6.183266e+00 -1.115083e-15 
 1088.000  2.812835e+02  6.551682e+00 -2.051936e-15 
 1089.000  2.683058e+02  6.222141e+00  1.206497e-15 
 1090.000  2.737568e+02  6.334773e+00 -1.043151e-15 
 1091.000  2.760535e+02  6.379767e+00 -1.048586e-15 
 1092.000  2.685461e+02  6.188512e+00 -1.580704e-17 
 1093.000  2.625971e+02  6.027700e+00 -5.639582e-17 
 1094.000  2.379307e+02  5.447724e+00 -5.837473e-16 
 1095.000  2.577704e+02  5.892418e+00 -2.649837e-15 
 1096.000  2.569359e+02  5.863620e+00 -7.861877e-17 
 1097.000  2.529979e+02  5.761657e+00 -3.871991e-15 
 1098.000  2.422194e+02  5.490822e+00 -1.544746e-16 
 1099.000  2.354579e+02  5.323611e+00  3.767083e-17 
 1100.000  2.400125e+02  5.417274e+00  9.860761e-32 
