  400.000  3.721021e+02  1.993699e+02  3.625239e-14 
  401.000  3.711338e+02  1.964334e+02 -5.933916e-14 
  402.000  3.946631e+02  2.063629e+02  9.456222e-14 
  403.000  3.708683e+02  1.915920e+02 -5.849985e-14 
  404.000  3.998376e+02  2.040916e+02  6.265205e-14 
  405.000  3.678424e+02  1.855312e+02 -6.580887e-14 
  406.000  3.662073e+02  1.825275e+02  2.036618e-14 
  407.000  3.577584e+02  1.762254e+02  2.603593e-14 
  408.000  3.887429e+02  1.892556e+02  2.915922e-14 
  409.000  4.315598e+02  2.076653e+02 -6.433889e-14 
  410.000  3.618459e+02  1.721124e+02  1.072285e-13 
  411.000  4.261140e+02  2.003589e+02 -3.362976e-14 
  412.000  4.427450e+02  2.058060e+02  1.620335e-14 
  413.000  4.193743e+02  1.927342e+02  7.080847e-15 
  414.000  4.126365e+02  1.874951e+02  1.385764e-14 
  415.000  4.412601e+02  1.982578e+02 -1.701025e-14 
  416.000  4.397148e+02  1.953640e+02  7.974480e-14 
  417.000  4.274212e+02  1.877988e+02  5.264187e-14 
  418.000  4.191521e+02  1.821362e+02  8.310351e-14 
  419.000  4.304741e+02  1.850057e+02  5.134730e-14 
  420.000  3.652345e+02  1.552564e+02 -5.885345e-14 
  421.000  4.586790e+02  1.928655e+02 -1.595463e-14 
  422.000  4.405294e+02  1.832383e+02 -7.073729e-15 
  423.000  3.729055e+02  1.534483e+02 -3.254598e-14 
  424.000  4.110994e+02  1.673621e+02  3.367203e-14 
  425.000  4.267080e+02  1.718732e+02 -3.790441e-14 
  426.000  4.110746e+02  1.638285e+02  2.886644e-14 
  427.000  3.962544e+02  1.562641e+02 -3.485011e-14 
  428.000  4.020811e+02  1.569056e+02  2.072718e-14 
  429.000  3.665519e+02  1.415544e+02  7.041900e-14 
  430.000  2.930930e+02  1.120158e+02 -5.464280e-14 
  431.000  2.640421e+02  9.987518e+01 -5.305272e-14 
  432.000  4.762143e+02  1.782872e+02 -2.521873e-14 
  433.000  4.247225e+02  1.573909e+02 -5.670634e-14 
  434.000  4.044551e+02  1.483627e+02  2.924860e-14 
  435.000  4.408710e+02  1.600915e+02  5.168845e-14 
  436.000  4.897740e+02  1.760665e+02  2.433905e-14 
  437.000  4.954126e+02  1.763168e+02 -5.017146e-14 
  438.000  4.445944e+02  1.566598e+02  0.000000e+00 
  439.000  4.309980e+02  1.503690e+02 -2.852266e-14 
  440.000  4.839200e+02  1.671724e+02  6.267889e-14 
  441.000  4.831963e+02  1.652884e+02  4.812071e-14 
  442.000  5.097827e+02  1.726832e+02  1.493007e-14 
  443.000  5.140679e+02  1.724448e+02 -1.615604e-14 
  444.000  5.115898e+02  1.699551e+02 -1.601574e-14 
  445.000  5.390267e+02  1.773458e+02  1.020709e-13 
  446.000  4.805940e+02  1.566029e+02  5.973234e-14 
  447.000  5.490366e+02  1.772045e+02  1.220119e-15 
  448.000  5.591306e+02  1.787686e+02  1.218851e-13 
  449.000  5.638936e+02  1.786114e+02  1.242808e-15 
  450.000  5.771500e+02  1.811129e+02 -1.266858e-15 
  451.000  6.247427e+02  1.942314e+02  9.512796e-14 
  452.000  5.816840e+02  1.791735e+02  5.421010e-14 
  453.000  5.407896e+02  1.650432e+02 -1.173635e-15 
  454.000  5.774341e+02  1.746102e+02 -1.248640e-15 
  455.000  5.823030e+02  1.744727e+02  5.368982e-14 
  456.000  5.972045e+02  1.773052e+02 -3.702181e-14 
  457.000  6.013414e+02  1.769139e+02 -3.587381e-14 
  458.000  5.915341e+02  1.724570e+02 -5.529569e-14 
  459.000  5.922170e+02  1.711025e+02 -7.022859e-14 
  460.000  5.878043e+02  1.683069e+02  1.612682e-14 
  461.000  6.098757e+02  1.730702e+02 -3.594674e-14 
  462.000  6.006786e+02  1.689469e+02 -2.018564e-14 
  463.000  6.015622e+02  1.676998e+02 -3.651775e-14 
  464.000  6.044586e+02  1.670346e+02  5.547050e-14 
  465.000  5.965191e+02  1.634054e+02  3.594677e-14 
  466.000  6.163109e+02  1.673623e+02  3.700707e-14 
  467.000  5.954026e+02  1.602858e+02  3.562727e-14 
  468.000  6.310291e+02  1.684041e+02  1.304777e-15 
  469.000  6.261025e+02  1.656389e+02  1.618799e-13 
  470.000  6.180377e+02  1.620853e+02 -1.771438e-14 
  471.000  6.174365e+02  1.605196e+02  1.766053e-14 
  472.000  6.254303e+02  1.611830e+02  1.785740e-14 
  473.000  6.189448e+02  1.581196e+02 -7.439942e-14 
  474.000  6.242031e+02  1.580702e+02  5.334050e-14 
  475.000  6.495894e+02  1.630395e+02  7.664098e-14 
  476.000  6.296450e+02  1.566100e+02 -7.431245e-14 
  477.000  6.239395e+02  1.538223e+02  1.776950e-14 
  478.000  6.552696e+02  1.602436e+02 -5.582478e-14 
  479.000  6.261786e+02  1.519574e+02 -1.100499e-13 
  480.000  6.392145e+02  1.539529e+02 -1.799156e-14 
  481.000  6.359567e+02  1.520002e+02 -1.279848e-15 
  482.000  6.499191e+02  1.541392e+02  3.629377e-14 
  483.000  6.511872e+02  1.532352e+02  0.000000e+00 
  484.000  6.266496e+02  1.462991e+02  2.496701e-15 
  485.000  6.317396e+02  1.463198e+02 -5.244786e-14 
  486.000  5.126553e+02  1.178000e+02  1.010657e-13 
  487.000  5.767556e+02  1.314850e+02 -2.946197e-14 
  488.000  6.268269e+02  1.417763e+02  7.250341e-14 
  489.000  5.832341e+02  1.308826e+02  9.690197e-14 
  490.000  6.645966e+02  1.479766e+02  9.068083e-14 
  491.000  6.223461e+02  1.374868e+02 -1.572972e-14 
  492.000  5.984514e+02  1.311777e+02  5.112532e-14 
  493.000  6.449586e+02  1.402751e+02  0.000000e+00 
  494.000  6.234657e+02  1.345516e+02  6.993160e-14 
  495.000  6.669099e+02  1.428195e+02  1.801835e-14 
  496.000  6.497112e+02  1.380629e+02  5.386392e-14 
  497.000  6.304274e+02  1.329363e+02  8.742570e-14 
  498.000  6.157007e+02  1.288381e+02 -1.006891e-13 
  499.000  6.143750e+02  1.275806e+02 -1.186896e-15 
  500.000  6.118268e+02  1.260870e+02  6.814980e-14 
  501.000  5.982463e+02  1.223550e+02  0.000000e+00 
  502.000  5.944598e+02  1.206646e+02 -1.145338e-15 
  503.000  6.300359e+02  1.269264e+02  6.878372e-14 
  504.000  5.863077e+02  1.172339e+02  8.079205e-14 
  505.000  6.325132e+02  1.255303e+02 -3.507935e-14 
  506.000  6.775828e+02  1.334875e+02  1.810193e-14 
  507.000  6.308746e+02  1.233774e+02  5.045823e-14 
  508.000  6.054289e+02  1.175397e+02  1.610788e-14 
  509.000  6.532964e+02  1.259135e+02  7.187552e-14 
  510.000  6.334227e+02  1.212009e+02  1.919533e-14 
  511.000  6.339678e+02  1.204307e+02  3.474278e-14 
  512.000  6.657419e+02  1.255582e+02  7.157934e-14 
  513.000  6.096284e+02  1.141528e+02  8.150286e-14 
  514.000  5.971465e+02  1.110188e+02  1.458576e-14 
  515.000  6.099385e+02  1.125921e+02 -6.524445e-14 
  516.000  6.408890e+02  1.174658e+02 -5.286134e-14 
  517.000  4.721652e+02  8.592691e+01  1.237804e-14 
  518.000  5.846454e+02  1.056443e+02  1.071980e-13 
  519.000  5.539681e+02  9.939587e+01  6.007609e-14 
  520.000  6.099796e+02  1.086780e+02  1.709678e-14 
  521.000  6.103793e+02  1.079881e+02  0.000000e+00 
  522.000  6.346235e+02  1.114924e+02  0.000000e+00 
  523.000  5.911929e+02  1.031362e+02 -6.283917e-14 
  524.000  6.414240e+02  1.111205e+02  6.694496e-14 
  525.000  6.362877e+02  1.094649e+02  1.778714e-14 
  526.000  6.063923e+02  1.036028e+02  4.742398e-14 
  527.000  5.296616e+02  8.986936e+01  1.380491e-14 
  528.000  6.360306e+02  1.071753e+02 -4.734752e-14 
  529.000  6.539903e+02  1.094470e+02  1.223605e-15 
  530.000  6.178722e+02  1.026978e+02  0.000000e+00 
  531.000  6.724538e+02  1.110115e+02  5.507680e-14 
  532.000  6.414520e+02  1.051804e+02 -6.803390e-14 
  533.000  5.635163e+02  9.178675e+01 -1.466372e-14 
  534.000  6.129377e+02  9.918123e+01 -9.786798e-14 
  535.000  6.255458e+02  1.005631e+02  3.247088e-14 
  536.000  6.639464e+02  1.060441e+02 -1.844472e-14 
  537.000  6.161363e+02  9.776987e+01 -1.145182e-15 
  538.000  6.451144e+02  1.017043e+02 -1.668192e-14 
  539.000  6.431257e+02  1.007342e+02 -3.322639e-14 
  540.000  6.295165e+02  9.796538e+01 -1.741203e-14 
  541.000  5.773785e+02  8.927282e+01 -4.572636e-14 
  542.000  6.442029e+02  9.896505e+01 -3.437817e-14 
  543.000  6.163369e+02  9.407758e+01 -1.586145e-14 
  544.000  6.501833e+02  9.860899e+01  6.808291e-14 
  545.000  6.405709e+02  9.653101e+01  3.292834e-14 
  546.000  6.263950e+02  9.379420e+01  1.493582e-14 
  547.000  6.530826e+02  9.717086e+01 -5.150611e-14 
  548.000  6.060290e+02  8.960044e+01  1.443458e-14 
  549.000  6.378755e+02  9.371556e+01 -3.154486e-14 
  550.000  6.239711e+02  9.109698e+01 -4.799363e-14 
  551.000  6.202111e+02  8.997978e+01 -6.473909e-14 
  552.000  6.471049e+02  9.329478e+01  3.317306e-14 
  553.000  6.219003e+02  8.910188e+01  1.708330e-14 
  554.000  6.423705e+02  9.146262e+01 -1.882616e-14 
  555.000  6.443319e+02  9.117354e+01 -3.539380e-14 
  556.000  6.267058e+02  8.813152e+01  6.423945e-14 
  557.000  6.082073e+02  8.500217e+01  6.235176e-14 
  558.000  6.314089e+02  8.770165e+01 -4.855544e-14 
  559.000  5.969044e+02  8.239996e+01 -3.170603e-14 
  560.000  5.995909e+02  8.226283e+01  3.075356e-14 
  561.000  6.590251e+02  8.986260e+01 -5.193484e-14 
  562.000  6.049322e+02  8.197546e+01 -4.658915e-14 
  563.000  6.329183e+02  8.524253e+01  3.484527e-14 
  564.000  6.239996e+02  8.352518e+01  1.603628e-14 
  565.000  6.313225e+02  8.398154e+01 -1.623960e-14 
  566.000  5.819766e+02  7.694259e+01  4.602182e-14 
  567.000  6.239991e+02  8.197078e+01  0.000000e+00 
  568.000  6.218828e+02  8.111726e+01  2.358909e-14 
  569.000  6.088337e+02  7.880124e+01  1.990033e-14 
  570.000  6.119070e+02  7.873510e+01 -3.352905e-15 
  571.000  5.902454e+02  7.556838e+01  2.356452e-14 
  572.000  6.231661e+02  7.919016e+01  7.563388e-15 
  573.000  6.295318e+02  7.954008e+01  8.819179e-15 
  574.000  6.259966e+02  7.862744e+01  1.636825e-14 
  575.000  6.106591e+02  7.623687e+01  0.000000e+00 
  576.000  5.999298e+02  7.445721e+01 -8.407142e-15 
  577.000  6.254863e+02  7.721058e+01 -8.743666e-15 
  578.000  6.081184e+02  7.468317e+01 -1.694120e-14 
  579.000  6.047209e+02  7.389177e+01 -2.404688e-14 
  580.000  6.273829e+02  7.628796e+01 -3.233496e-14 
  581.000  6.182136e+02  7.483472e+01  0.000000e+00 
  582.000  6.292372e+02  7.579742e+01 -4.068843e-14 
  583.000  6.350582e+02  7.610262e+01 -2.594849e-14 
  584.000  6.344500e+02  7.563621e+01 -3.099486e-14 
  585.000  6.314096e+02  7.487313e+01 -3.191608e-14 
  586.000  6.052917e+02  7.139272e+01  0.000000e+00 
  587.000  6.298026e+02  7.383706e+01 -1.702826e-14 
  588.000  6.236603e+02  7.256070e+01  1.941575e-14 
  589.000  5.522513e+02  6.371549e+01  7.592385e-15 
  590.000  5.770870e+02  6.621069e+01 -2.830735e-14 
  591.000  6.146924e+02  7.027609e+01 -1.075132e-14 
  592.000  6.029732e+02  6.849318e+01 -1.967716e-14 
  593.000  6.108130e+02  6.917270e+01  1.787986e-14 
  594.000  6.166981e+02  6.942396e+01  8.419125e-15 
  595.000  6.046727e+02  6.759522e+01 -4.138952e-15 
  596.000  6.207352e+02  6.918089e+01  3.349814e-14 
  597.000  6.223507e+02  6.894917e+01 -2.184402e-14 
  598.000  6.099346e+02  6.728410e+01  6.524090e-16 
  599.000  6.101817e+02  6.698331e+01 -9.433876e-15 
  600.000  6.102874e+02  6.669489e+01 -3.884690e-14 
  601.000  6.070541e+02  6.604614e+01 -1.410761e-14 
  602.000  6.003803e+02  6.499185e+01  1.610631e-14 
  603.000  6.044941e+02  6.511382e+01 -1.618716e-14 
  604.000  6.245887e+02  6.695009e+01  6.447657e-14 
  605.000  6.238489e+02  6.653481e+01  6.425704e-14 
  606.000  6.173660e+02  6.550671e+01 -4.815581e-14 
  607.000  6.146348e+02  6.488374e+01 -1.093051e-15 
  608.000  6.131318e+02  6.439520e+01  4.548194e-14 
  609.000  6.075618e+02  6.348510e+01  4.499358e-14 
  610.000  5.985586e+02  6.222677e+01 -2.950015e-14 
  611.000  6.090604e+02  6.299793e+01 -1.075536e-15 
  612.000  6.018975e+02  6.194233e+01 -5.910595e-14 
  613.000  5.938445e+02  6.080496e+01 -5.925449e-14 
  614.000  5.731027e+02  5.838515e+01 -5.607785e-14 
  615.000  6.012806e+02  6.094777e+01  0.000000e+00 
  616.000  5.723751e+02  5.772628e+01  5.781786e-14 
  617.000  5.762581e+02  5.782568e+01  2.805151e-14 
  618.000  6.040376e+02  6.030785e+01  0.000000e+00 
  619.000  5.990312e+02  5.950568e+01  1.558745e-14 
  620.000  6.083921e+02  6.013000e+01  3.056838e-14 
  621.000  6.193281e+02  6.090049e+01 -3.108840e-14 
  622.000  5.870491e+02  5.743287e+01 -2.944429e-14 
  623.000  5.919572e+02  5.761650e+01  4.399593e-14 
  624.000  5.929255e+02  5.741663e+01 -2.099124e-14 
  625.000  5.771467e+02  5.560375e+01  8.476389e-15 
  626.000  5.802785e+02  5.561275e+01  2.154190e-14 
  627.000  5.896686e+02  5.615923e+01  7.674559e-15 
  628.000  5.729637e+02  5.395808e+01  1.134383e-14 
  629.000  5.941476e+02  5.587730e+01  7.037065e-15 
  630.000  5.750861e+02  5.385868e+01  3.798198e-15 
  631.000  5.981758e+02  5.581102e+01  0.000000e+00 
  632.000  5.589533e+02  5.190966e+01  1.235289e-14 
  633.000  6.016110e+02  5.568449e+01  0.000000e+00 
  634.000  5.852576e+02  5.395627e+01 -7.500955e-15 
  635.000  5.973416e+02  5.482644e+01  6.606504e-15 
  636.000  5.776410e+02  5.279556e+01  1.370769e-14 
  637.000  5.980736e+02  5.442804e+01  1.515530e-14 
  638.000  6.086603e+02  5.517174e+01 -1.431974e-14 
  639.000  6.049109e+02  5.459031e+01 -1.018631e-15 
  640.000  5.870676e+02  5.275691e+01 -5.683765e-14 
  641.000  5.965869e+02  5.337121e+01 -2.880455e-14 
  642.000  5.904536e+02  5.259731e+01  2.842105e-14 
  643.000  6.016150e+02  5.333081e+01  1.002897e-15 
  644.000  5.955279e+02  5.255294e+01  2.859140e-14 
  645.000  6.013412e+02  5.279675e+01 -1.293831e-14 
  646.000  5.787157e+02  5.048692e+01  4.552362e-15 
  647.000  5.868982e+02  5.090552e+01  3.478314e-15 
  648.000  5.859990e+02  5.053482e+01  1.664196e-14 
  649.000  5.988071e+02  5.146198e+01  4.759058e-15 
  650.000  5.563031e+02  4.770749e+01  2.588830e-14 
  651.000  5.998636e+02  5.121153e+01 -9.286599e-15 
  652.000  5.881432e+02  4.988029e+01  6.966356e-15 
  653.000  6.014959e+02  5.090909e+01 -2.231478e-15 
  654.000  5.941346e+02  5.004708e+01  1.502380e-14 
  655.000  5.787415e+02  4.848897e+01  1.580196e-14 
  656.000  4.919372e+02  4.104630e+01 -4.719826e-15 
  657.000  5.256854e+02  4.368933e+01  7.181349e-17 
  658.000  5.862115e+02  4.853716e+01 -2.049749e-14 
  659.000  5.882851e+02  4.852184e+01  4.099606e-14 
  660.000  5.935889e+02  4.875756e+01  0.000000e+00 
  661.000  5.969446e+02  4.885435e+01  1.345412e-14 
  662.000  6.062109e+02  4.941267e+01 -2.823259e-14 
  663.000  6.001081e+02  4.870044e+01  1.250725e-14 
  664.000  5.910847e+02  4.776409e+01 -1.420144e-14 
  665.000  5.943039e+02  4.782226e+01  5.510506e-14 
  666.000  6.021293e+02  4.825113e+01  4.130900e-14 
  667.000  5.907941e+02  4.714477e+01 -2.823442e-14 
  668.000  5.947893e+02  4.726730e+01  1.323532e-14 
  669.000  6.039398e+02  4.779248e+01  5.463446e-14 
  670.000  5.972994e+02  4.706747e+01  1.325066e-14 
  671.000  5.915576e+02  4.641929e+01 -9.266492e-14 
  672.000  5.902040e+02  4.611821e+01 -3.916448e-14 
  673.000  5.950049e+02  4.629814e+01 -2.628495e-14 
  674.000  5.967307e+02  4.623796e+01 -6.864575e-14 
  675.000  5.881747e+02  4.538471e+01 -2.591061e-14 
  676.000  5.998257e+02  4.609072e+01  6.691930e-14 
  677.000  5.884006e+02  4.502464e+01  5.356513e-14 
  678.000  5.986445e+02  4.561841e+01  4.035165e-14 
  679.000  5.906660e+02  4.482289e+01  1.294672e-14 
  680.000  5.865170e+02  4.431754e+01  6.516132e-14 
  681.000  5.875195e+02  4.420174e+01  1.286410e-14 
  682.000  5.866846e+02  4.395464e+01  9.214322e-16 
  683.000  5.910273e+02  4.409367e+01  0.000000e+00 
  684.000  5.808938e+02  4.315253e+01 -9.112894e-16 
  685.000  5.878831e+02  4.349851e+01 -7.787016e-14 
  686.000  5.613827e+02  4.132750e+01  0.000000e+00 
  687.000  4.817482e+02  3.485350e+01  1.309406e-14 
  688.000  5.072563e+02  3.659021e+01 -1.048149e-15 
  689.000  5.018036e+02  3.603519e+01  3.543767e-15 
  690.000  5.174933e+02  3.704471e+01 -1.349638e-14 
  691.000  5.376529e+02  3.842147e+01 -1.497447e-16 
  692.000  5.460380e+02  3.895430e+01 -9.929902e-15 
  693.000  5.490402e+02  3.899509e+01 -4.913286e-15 
  694.000  5.518040e+02  3.899843e+01  1.133652e-15 
  695.000  5.479422e+02  3.862342e+01  6.438888e-15 
  696.000  5.577084e+02  3.918970e+01 -1.528997e-14 
  697.000  5.707935e+02  4.012570e+01  5.174177e-15 
  698.000  5.581570e+02  3.904125e+01  6.747777e-15 
  699.000  5.583486e+02  3.875517e+01  3.891768e-15 
  700.000  5.538365e+02  3.831018e+01  1.429605e-15 
  701.000  5.394066e+02  3.713821e+01  6.201509e-15 
  702.000  5.387160e+02  3.696380e+01 -8.832833e-15 
  703.000  5.551332e+02  3.805745e+01 -1.495691e-14 
  704.000  5.573895e+02  3.806775e+01  1.534263e-14 
  705.000  5.583467e+02  3.793219e+01  2.994034e-15 
  706.000  5.533572e+02  3.745618e+01 -3.995718e-15 
  707.000  5.464980e+02  3.686562e+01 -9.201831e-15 
  708.000  5.639874e+02  3.791802e+01  1.328378e-14 
  709.000  5.468719e+02  3.666709e+01  5.839930e-15 
  710.000  5.568049e+02  3.714349e+01 -4.417599e-15 
  711.000  5.543861e+02  3.688538e+01  2.121243e-14 
  712.000  5.493901e+02  3.645364e+01  3.243220e-15 
  713.000  5.452768e+02  3.600889e+01 -2.349647e-14 
  714.000  5.540583e+02  3.643790e+01  1.064830e-14 
  715.000  5.316482e+02  3.478319e+01 -1.357223e-14 
  716.000  5.422546e+02  3.529596e+01 -2.248191e-15 
  717.000  5.046662e+02  3.254683e+01 -2.532177e-17 
  718.000  4.872444e+02  3.125411e+01 -3.754458e-15 
  719.000  4.764691e+02  3.043539e+01 -6.327386e-15 
  720.000  4.718852e+02  3.001878e+01 -4.207080e-19 
  721.000  5.068692e+02  3.223543e+01 -2.731845e-15 
  722.000  5.268583e+02  3.347833e+01  6.500228e-15 
  723.000  5.187660e+02  3.278376e+01 -6.006879e-15 
  724.000  5.015470e+02  3.148149e+01 -7.069592e-15 
  725.000  4.992528e+02  3.123037e+01  5.879393e-15 
  726.000  4.975241e+02  3.100527e+01  5.959910e-15 
  727.000  5.079404e+02  3.154868e+01 -3.247021e-15 
  728.000  4.962146e+02  3.069800e+01 -1.001891e-15 
  729.000  4.840892e+02  2.986681e+01  2.065467e-15 
  730.000  5.007413e+02  3.077744e+01 -7.011826e-15 
  731.000  4.909846e+02  3.006357e+01  3.123990e-15 
  732.000  5.133834e+02  3.138682e+01  1.660332e-14 
  733.000  5.178080e+02  3.164241e+01  1.904232e-15 
  734.000  5.344886e+02  3.260759e+01 -1.856827e-14 
  735.000  5.283146e+02  3.209120e+01  4.239509e-16 
  736.000  5.149043e+02  3.112537e+01  0.000000e+00 
  737.000  5.246466e+02  3.162939e+01  1.207286e-14 
  738.000  5.272130e+02  3.171399e+01  3.986979e-15 
  739.000  5.118664e+02  3.070022e+01  1.338910e-14 
  740.000  5.203850e+02  3.114681e+01 -3.863865e-14 
  741.000  5.183909e+02  3.094573e+01  8.112311e-15 
  742.000  5.108055e+02  3.039665e+01  4.402535e-15 
  743.000  5.275948e+02  3.130750e+01 -1.107503e-14 
  744.000  5.335155e+02  3.156007e+01  2.315652e-14 
  745.000  5.203732e+02  3.068385e+01 -4.509967e-14 
  746.000  5.282281e+02  3.104493e+01  1.584411e-15 
  747.000  5.367526e+02  3.143699e+01  0.000000e+00 
  748.000  5.275596e+02  3.079925e+01 -3.298718e-14 
  749.000  5.280836e+02  3.072597e+01 -6.755761e-14 
  750.000  5.203309e+02  3.016569e+01  1.083552e-14 
  751.000  5.192267e+02  2.999787e+01 -1.080668e-14 
  752.000  5.277781e+02  3.039373e+01 -1.096918e-14 
  753.000  5.231127e+02  3.002336e+01  0.000000e+00 
  754.000  5.315874e+02  3.040628e+01  1.024060e-14 
  755.000  5.287704e+02  3.014188e+01  3.369264e-14 
  756.000  5.186512e+02  2.946444e+01 -2.150525e-14 
  757.000  5.226270e+02  2.958883e+01 -3.326933e-14 
  758.000  5.210905e+02  2.938738e+01 -7.772128e-16 
  759.000  4.642535e+02  2.580078e+01  1.893531e-15 
  760.000  1.541846e+02  8.200791e+00 -8.497793e-30 
  761.000  1.304571e+02  6.858083e+00 -3.350566e-20 
  762.000  2.857955e+02  1.524632e+01 -4.734430e-22 
  763.000  2.394527e+02  1.270419e+01 -3.537015e-16 
  764.000  2.667718e+02  1.410957e+01  6.631524e-16 
  765.000  3.310816e+02  1.760424e+01  1.262007e-15 
  766.000  3.906037e+02  2.113664e+01  2.547293e-15 
  767.000  4.354755e+02  2.353022e+01 -1.189180e-14 
  768.000  4.793622e+02  2.591083e+01  1.190014e-14 
  769.000  4.951253e+02  2.679219e+01 -1.648630e-14 
  770.000  5.017957e+02  2.713841e+01  1.768524e-14 
  771.000  5.062700e+02  2.733190e+01  0.000000e+00 
  772.000  5.053172e+02  2.720082e+01  0.000000e+00 
  773.000  5.037896e+02  2.703376e+01  1.034627e-14 
  774.000  5.097626e+02  2.727001e+01  0.000000e+00 
  775.000  4.910139e+02  2.618489e+01 -5.028539e-14 
  776.000  5.115467e+02  2.719340e+01 -2.093914e-14 
  777.000  5.081732e+02  2.692647e+01 -2.228626e-14 
  778.000  5.055711e+02  2.670094e+01 -3.176686e-14 
  779.000  5.073283e+02  2.670614e+01  7.449496e-16 
  780.000  5.011576e+02  2.629523e+01 -3.148028e-14 
  781.000  5.005762e+02  2.618267e+01 -2.119331e-14 
  782.000  5.067124e+02  2.641746e+01  3.254732e-14 
  783.000  4.949753e+02  2.572196e+01  0.000000e+00 
  784.000  4.977406e+02  2.577985e+01  0.000000e+00 
  785.000  4.986754e+02  2.573515e+01  1.020494e-14 
  786.000  4.893725e+02  2.515817e+01  1.003899e-14 
  787.000  4.952051e+02  2.534867e+01  4.626306e-15 
  788.000  4.869644e+02  2.483154e+01 -8.609045e-15 
  789.000  4.864973e+02  2.467613e+01  3.013677e-15 
  790.000  4.813750e+02  2.433487e+01  1.498621e-14 
  791.000  4.796616e+02  2.418092e+01  1.760420e-15 
  792.000  4.727768e+02  2.376734e+01 -2.292245e-15 
  793.000  4.738104e+02  2.376501e+01 -1.077610e-14 
  794.000  4.716746e+02  2.362525e+01 -1.557415e-14 
  795.000  4.677041e+02  2.332930e+01  1.338186e-14 
  796.000  4.709572e+02  2.335010e+01 -1.456536e-15 
  797.000  4.754229e+02  2.351658e+01 -9.089484e-15 
  798.000  4.788501e+02  2.365668e+01  5.236610e-15 
  799.000  4.778760e+02  2.352497e+01  6.879104e-15 
  800.000  4.633747e+02  2.271007e+01 -9.092347e-15 
  801.000  4.723513e+02  2.308219e+01 -8.314448e-15 
  802.000  4.713177e+02  2.295783e+01  4.703286e-15 
  803.000  4.649891e+02  2.258434e+01  6.864667e-15 
  804.000  4.703452e+02  2.278874e+01 -6.032299e-15 
  805.000  4.595255e+02  2.222431e+01  8.008083e-15 
  806.000  4.732577e+02  2.283657e+01  4.740381e-15 
  807.000  4.705843e+02  2.263924e+01  5.301273e-15 
  808.000  4.671242e+02  2.239447e+01 -1.839554e-15 
  809.000  4.584787e+02  2.190159e+01  7.373531e-15 
  810.000  4.555746e+02  2.168464e+01 -6.678536e-15 
  811.000  4.609746e+02  2.185094e+01  1.243166e-14 
  812.000  4.567486e+02  2.155522e+01 -4.986068e-15 
  813.000  4.514644e+02  2.120900e+01 -6.311934e-15 
  814.000  4.462731e+02  2.086538e+01 -8.074036e-15 
  815.000  4.356744e+02  2.027247e+01  3.635471e-17 
  816.000  4.241426e+02  1.964517e+01  3.908222e-16 
  817.000  4.272326e+02  1.973042e+01  2.312737e-15 
  818.000  4.253377e+02  1.958695e+01 -2.439229e-16 
  819.000  4.164760e+02  1.913219e+01  2.893326e-15 
  820.000  4.168570e+02  1.913516e+01 -2.294865e-15 
  821.000  4.405858e+02  2.023794e+01 -4.058419e-15 
  822.000  4.210018e+02  1.922652e+01  2.572837e-15 
  823.000  4.057582e+02  1.839607e+01  5.610620e-15 
  824.000  4.299984e+02  1.950308e+01 -2.359920e-15 
  825.000  4.406215e+02  2.000856e+01  4.929038e-15 
  826.000  4.415722e+02  1.997736e+01  3.849979e-15 
  827.000  4.387973e+02  1.978288e+01  2.225403e-15 
  828.000  4.306056e+02  1.930832e+01  1.186464e-16 
  829.000  4.331202e+02  1.938101e+01  2.462040e-15 
  830.000  4.292383e+02  1.917190e+01  8.224857e-16 
  831.000  4.224366e+02  1.881885e+01 -5.470331e-15 
  832.000  4.314375e+02  1.916721e+01 -6.181064e-15 
  833.000  4.196821e+02  1.860413e+01 -3.215609e-15 
  834.000  4.278242e+02  1.892684e+01  4.555488e-15 
  835.000  4.321374e+02  1.909805e+01  4.447047e-15 
  836.000  4.361591e+02  1.920918e+01 -2.227722e-14 
  837.000  4.325047e+02  1.899298e+01  8.220284e-15 
  838.000  4.357378e+02  1.909836e+01  8.139427e-15 
  839.000  4.231161e+02  1.850353e+01 -4.142006e-15 
  840.000  4.348491e+02  1.896704e+01  1.558400e-14 
  841.000  4.351292e+02  1.891362e+01  4.796030e-17 
  842.000  4.333081e+02  1.879228e+01 -1.835306e-16 
  843.000  4.322804e+02  1.872196e+01 -4.836128e-15 
  844.000  4.259965e+02  1.841070e+01 -3.916136e-15 
  845.000  4.327098e+02  1.865103e+01 -1.817735e-14 
  846.000  4.370436e+02  1.879242e+01  8.845886e-15 
  847.000  4.223897e+02  1.811856e+01  8.534501e-15 
  848.000  4.342843e+02  1.856483e+01  9.429416e-15 
  849.000  4.352371e+02  1.855559e+01  4.722567e-15 
  850.000  3.762709e+02  1.599518e+01 -4.940639e-15 
  851.000  4.307863e+02  1.825543e+01  6.250517e-15 
  852.000  4.145500e+02  1.751962e+01  9.484682e-15 
  853.000  4.197646e+02  1.769856e+01 -1.304834e-14 
  854.000  3.375010e+02  1.419048e+01 -3.660602e-15 
  855.000  3.718436e+02  1.559692e+01 -3.487209e-15 
  856.000  4.224893e+02  1.768468e+01 -1.307345e-14 
  857.000  4.294513e+02  1.793184e+01 -1.790280e-14 
  858.000  4.227658e+02  1.760757e+01  2.549835e-14 
  859.000  4.229082e+02  1.757076e+01 -2.608040e-14 
  860.000  4.193591e+02  1.737982e+01  2.583485e-14 
  861.000  4.193933e+02  1.733475e+01  2.583005e-14 
  862.000  4.181534e+02  1.723881e+01 -8.980384e-15 
  863.000  4.262228e+02  1.752438e+01 -6.130616e-16 
  864.000  4.254850e+02  1.744837e+01 -8.520157e-15 
  865.000  4.176609e+02  1.708266e+01  8.360152e-15 
  866.000  3.503985e+02  1.429344e+01 -7.515839e-15 
  867.000  3.731855e+02  1.518209e+01 -7.467812e-15 
  868.000  4.047986e+02  1.642444e+01 -1.619807e-14 
  869.000  3.991942e+02  1.615428e+01  1.711692e-14 
  870.000  4.157133e+02  1.677782e+01 -1.722717e-14 
  871.000  4.152006e+02  1.671307e+01 -7.706933e-15 
  872.000  4.136268e+02  1.660652e+01  0.000000e+00 
  873.000  4.153145e+02  1.662943e+01  4.211238e-14 
  874.000  4.062549e+02  1.622339e+01 -2.436608e-14 
  875.000  4.025739e+02  1.603405e+01  7.469846e-15 
  876.000  4.059260e+02  1.612374e+01  1.681597e-14 
  877.000  4.140516e+02  1.640273e+01  8.279599e-15 
  878.000  4.069127e+02  1.607432e+01  1.687196e-14 
  879.000  4.079005e+02  1.607109e+01  8.162961e-15 
  880.000  4.055714e+02  1.593519e+01  0.000000e+00 
  881.000  3.844904e+02  1.506599e+01  7.701833e-15 
  882.000  4.057319e+02  1.585543e+01 -1.626032e-14 
  883.000  3.965813e+02  1.545948e+01 -7.371856e-15 
  884.000  4.000263e+02  1.555425e+01  8.583543e-15 
  885.000  4.041115e+02  1.566714e+01 -1.244333e-14 
  886.000  3.907747e+02  1.510382e+01  7.849712e-15 
  887.000  3.869359e+02  1.492255e+01  0.000000e+00 
  888.000  3.985662e+02  1.533141e+01 -4.283266e-15 
  889.000  4.013633e+02  1.540166e+01 -8.620577e-15 
  890.000  4.000645e+02  1.530866e+01  0.000000e+00 
  891.000  3.975561e+02  1.516431e+01 -4.285018e-15 
  892.000  3.954158e+02  1.502950e+01  1.276314e-14 
  893.000  3.767061e+02  1.423543e+01 -3.699651e-15 
  894.000  3.872456e+02  1.457569e+01  1.955517e-15 
  895.000  3.611519e+02  1.351095e+01 -7.052434e-16 
  896.000  3.667067e+02  1.365326e+01 -4.570654e-15 
  897.000  3.492271e+02  1.294970e+01  3.764326e-15 
  898.000  3.455897e+02  1.277681e+01  1.969571e-15 
  899.000  3.331782e+02  1.228277e+01 -2.801314e-15 
  900.000  3.266130e+02  1.201004e+01  9.547839e-16 
  901.000  3.166296e+02  1.161460e+01  2.811993e-18 
  902.000  3.113571e+02  1.139419e+01 -6.867275e-16 
  903.000  3.482714e+02  1.272748e+01 -3.927555e-16 
  904.000  3.654910e+02  1.335838e+01 -7.332672e-17 
  905.000  3.641008e+02  1.327369e+01  3.022777e-15 
  906.000  3.470074e+02  1.259748e+01 -1.736340e-15 
  907.000  3.393818e+02  1.227185e+01 -2.515236e-15 
  908.000  3.215027e+02  1.159463e+01  1.902570e-16 
  909.000  3.164281e+02  1.138327e+01  1.908449e-15 
  910.000  3.215579e+02  1.153952e+01 -2.516116e-15 
  911.000  3.264686e+02  1.168861e+01 -1.282725e-15 
  912.000  3.244097e+02  1.158600e+01 -1.750864e-15 
  913.000  3.196023e+02  1.138823e+01 -7.761359e-16 
  914.000  3.237055e+02  1.150545e+01  1.250638e-15 
  915.000  3.227333e+02  1.144367e+01  6.352574e-16 
  916.000  3.280190e+02  1.160392e+01  0.000000e+00 
  917.000  3.254687e+02  1.148755e+01  2.672739e-15 
  918.000  3.271246e+02  1.152079e+01 -4.529339e-16 
  919.000  3.427285e+02  1.205772e+01 -1.758608e-15 
  920.000  3.478668e+02  1.223392e+01 -6.248611e-16 
  921.000  3.384898e+02  1.187009e+01 -1.214426e-16 
  922.000  3.353380e+02  1.173125e+01  3.571791e-15 
  923.000  3.191414e+02  1.113180e+01 -1.934486e-15 
  924.000  3.272223e+02  1.137419e+01 -1.134696e-15 
  925.000  3.311728e+02  1.148257e+01 -1.320080e-18 
  926.000  3.192704e+02  1.104119e+01  2.089160e-15 
  927.000  3.247302e+02  1.119203e+01  3.469615e-16 
  928.000  3.167570e+02  1.088199e+01 -3.532380e-15 
  929.000  2.979751e+02  1.020789e+01 -7.607515e-16 
  930.000  2.788527e+02  9.514428e+00  7.897176e-16 
  931.000  2.579907e+02  8.716696e+00 -1.687012e-16 
  932.000  2.282767e+02  7.579475e+00 -1.559950e-16 
  933.000  2.081812e+02  6.848932e+00 -1.237864e-16 
  934.000  1.849343e+02  6.061691e+00 -5.389808e-18 
  935.000  1.799602e+02  5.884443e+00 -9.877753e-17 
  936.000  1.870670e+02  6.099633e+00  1.052819e-16 
  937.000  1.890701e+02  6.152608e+00 -1.023067e-16 
  938.000  2.106189e+02  6.860477e+00  7.460107e-18 
  939.000  2.723863e+02  9.077339e+00 -3.071899e-16 
  940.000  2.796691e+02  9.305997e+00 -1.329883e-18 
  941.000  2.660201e+02  8.829234e+00  3.205193e-16 
  942.000  2.384593e+02  7.855256e+00 -1.945446e-16 
  943.000  2.202862e+02  7.123070e+00  2.209867e-16 
  944.000  2.121327e+02  6.837439e+00 -9.725321e-17 
  945.000  2.252277e+02  7.280026e+00  0.000000e+00 
  946.000  2.289081e+02  7.384990e+00  2.091470e-17 
  947.000  2.373704e+02  7.684115e+00  2.074396e-17 
  948.000  2.445793e+02  7.925790e+00 -2.189170e-16 
  949.000  2.446033e+02  7.905783e+00  2.196930e-16 
  950.000  2.444751e+02  7.890461e+00  2.389713e-16 
  951.000  2.557617e+02  8.284817e+00 -4.138259e-17 
  952.000  2.421275e+02  7.776565e+00 -2.061449e-17 
  953.000  2.509887e+02  8.083157e+00  2.755414e-18 
  954.000  2.586074e+02  8.340263e+00 -4.688822e-18 
  955.000  2.339663e+02  7.509469e+00 -1.235010e-16 
  956.000  2.477416e+02  7.928878e+00  2.251990e-16 
  957.000  2.727852e+02  8.763351e+00  7.679473e-16 
  958.000  2.781390e+02  8.918504e+00  7.149663e-16 
  959.000  2.750267e+02  8.800618e+00  1.348160e-16 
  960.000  2.712321e+02  8.661036e+00  7.746705e-16 
  961.000  2.662721e+02  8.483694e+00  5.288186e-16 
  962.000  2.694920e+02  8.569803e+00 -3.946782e-16 
  963.000  2.825209e+02  8.966366e+00  6.795399e-16 
  964.000  2.812263e+02  8.906386e+00  8.327119e-16 
  965.000  2.833874e+02  8.956749e+00 -1.580427e-16 
  966.000  2.759195e+02  8.702795e+00 -8.186283e-16 
  967.000  2.937474e+02  9.245199e+00  6.916168e-16 
  968.000  3.062384e+02  9.633457e+00  3.516899e-15 
  969.000  3.152080e+02  9.912467e+00  1.351948e-15 
  970.000  3.164715e+02  9.932048e+00 -1.223260e-15 
  971.000  3.135177e+02  9.817545e+00  1.111783e-16 
  972.000  3.137502e+02  9.797632e+00 -3.119730e-15 
  973.000  3.062754e+02  9.532726e+00  6.102525e-16 
  974.000  2.960504e+02  9.186073e+00  6.222007e-16 
  975.000  2.939537e+02  9.098088e+00 -7.111484e-16 
  976.000  3.019991e+02  9.331439e+00 -2.074149e-15 
  977.000  3.014946e+02  9.308720e+00  3.848787e-16 
  978.000  3.083700e+02  9.499609e+00 -1.110342e-16 
  979.000  3.012714e+02  9.265793e+00  1.271467e-16 
  980.000  3.128032e+02  9.623134e+00 -4.562159e-15 
  981.000  3.166178e+02  9.726252e+00 -1.660606e-15 
  982.000  3.143247e+02  9.629148e+00 -2.222116e-15 
  983.000  3.172360e+02  9.713160e+00 -4.206574e-15 
  984.000  3.189489e+02  9.763377e+00 -2.980544e-15 
  985.000  3.209825e+02  9.816538e+00 -3.021969e-15 
  986.000  3.211441e+02  9.817052e+00  1.212259e-14 
  987.000  3.260279e+02  9.952898e+00 -4.049301e-15 
  988.000  3.223023e+02  9.820148e+00 -6.272008e-15 
  989.000  3.184026e+02  9.681989e+00 -1.807744e-15 
  990.000  3.214237e+02  9.755156e+00  6.009405e-15 
  991.000  3.248890e+02  9.844344e+00  3.223646e-15 
  992.000  3.222149e+02  9.744970e+00 -3.193698e-15 
  993.000  3.223407e+02  9.729147e+00  6.387039e-15 
  994.000  3.248849e+02  9.791820e+00  2.978698e-15 
  995.000  3.231243e+02  9.722789e+00  6.827380e-15 
  996.000  3.230757e+02  9.701011e+00  4.572537e-16 
  997.000  3.230926e+02  9.678737e+00  0.000000e+00 
  998.000  3.215146e+02  9.608461e+00 -3.404779e-15 
  999.000  3.205596e+02  9.558815e+00  0.000000e+00 
 1000.000  3.181697e+02  9.468925e+00  2.256925e-16 
 1001.000  3.189912e+02  9.466727e+00 -3.388946e-15 
 1002.000  3.173406e+02  9.390492e+00 -1.049806e-15 
 1003.000  3.139966e+02  9.274685e+00  1.337499e-15 
 1004.000  3.120803e+02  9.202989e+00  2.222040e-16 
 1005.000  2.917893e+02  8.589200e+00  5.780464e-15 
 1006.000  3.072364e+02  9.026199e+00  2.183913e-16 
 1007.000  3.126651e+02  9.165270e+00  0.000000e+00 
 1008.000  3.129986e+02  9.150054e+00 -4.212111e-15 
 1009.000  3.096208e+02  9.023013e+00 -8.789494e-15 
 1010.000  3.114663e+02  9.062649e+00  5.787582e-15 
 1011.000  3.113734e+02  9.052218e+00 -2.064766e-16 
 1012.000  3.119206e+02  9.052167e+00 -9.705196e-15 
 1013.000  3.101559e+02  8.986362e+00  3.064032e-15 
 1014.000  3.123710e+02  9.033758e+00  0.000000e+00 
 1015.000  3.066506e+02  8.850656e+00 -3.026396e-15 
 1016.000  3.087658e+02  8.894909e+00  3.264009e-15 
 1017.000  3.058643e+02  8.794549e+00  0.000000e+00 
 1018.000  3.096690e+02  8.884366e+00 -3.274342e-15 
 1019.000  3.020996e+02  8.645696e+00 -3.201052e-15 
 1020.000  3.016517e+02  8.616986e+00  3.193795e-15 
 1021.000  3.050269e+02  8.698929e+00  3.008413e-15 
 1022.000  2.998555e+02  8.529417e+00 -2.965100e-15 
 1023.000  3.051965e+02  8.660259e+00 -3.240709e-15 
 1024.000  3.034735e+02  8.593497e+00  3.524150e-16 
 1025.000  3.040699e+02  8.598554e+00  3.005165e-15 
 1026.000  3.048253e+02  8.606066e+00 -3.007359e-15 
 1027.000  3.028255e+02  8.531200e+00  2.989874e-15 
 1028.000  3.036766e+02  8.539306e+00 -9.204737e-15 
 1029.000  2.993591e+02  8.404101e+00 -9.059903e-15 
 1030.000  3.026644e+02  8.482804e+00 -3.191390e-15 
 1031.000  3.018364e+02  8.444158e+00  3.180461e-15 
 1032.000  3.008831e+02  8.401833e+00  3.168741e-15 
 1033.000  2.953785e+02  8.232136e+00  8.914355e-15 
 1034.000  2.985986e+02  8.306401e+00  5.864642e-15 
 1035.000  2.954456e+02  8.202889e+00 -3.109312e-15 
 1036.000  2.992095e+02  8.290677e+00  2.728081e-15 
 1037.000  2.928718e+02  8.099088e+00  4.131639e-16 
 1038.000  2.957880e+02  8.163982e+00  0.000000e+00 
 1039.000  2.969573e+02  8.179694e+00  0.000000e+00 
 1040.000  2.933957e+02  8.065313e+00  1.194979e-14 
 1041.000  2.949062e+02  8.090609e+00  4.163557e-16 
 1042.000  2.957569e+02  8.098000e+00  2.699399e-15 
 1043.000  2.906338e+02  7.942190e+00  2.652845e-15 
 1044.000  2.934654e+02  8.003595e+00 -4.145171e-16 
 1045.000  2.921188e+02  7.950356e+00 -5.957418e-15 
 1046.000  2.835459e+02  7.701384e+00  0.000000e+00 
 1047.000  2.886522e+02  7.823993e+00 -3.048882e-15 
 1048.000  2.913450e+02  7.880407e+00 -2.874307e-15 
 1049.000  2.892501e+02  7.807244e+00 -3.062327e-15 
 1050.000  2.874181e+02  7.741837e+00 -3.045185e-15 
 1051.000  2.873293e+02  7.723097e+00 -2.041050e-16 
 1052.000  2.858550e+02  7.667547e+00  0.000000e+00 
 1053.000  2.858554e+02  7.652120e+00  0.000000e+00 
 1054.000  2.827489e+02  7.552732e+00  0.000000e+00 
 1055.000  2.846610e+02  7.587608e+00  3.029431e-15 
 1056.000  2.837152e+02  7.546341e+00 -2.820370e-15 
 1057.000  2.830266e+02  7.511121e+00 -1.308129e-15 
 1058.000  2.796978e+02  7.403852e+00 -4.292102e-15 
 1059.000  2.707977e+02  7.154390e+00 -1.353283e-15 
 1060.000  2.805322e+02  7.399051e+00 -1.400822e-15 
 1061.000  2.705981e+02  7.122745e+00  0.000000e+00 
 1062.000  2.778718e+02  7.297535e+00 -4.274191e-15 
 1063.000  2.729759e+02  7.154218e+00  1.466886e-15 
 1064.000  2.762935e+02  7.225139e+00  0.000000e+00 
 1065.000  2.757803e+02  7.195807e+00  0.000000e+00 
 1066.000  2.673224e+02  6.962370e+00 -1.441339e-15 
 1067.000  2.736094e+02  7.111729e+00 -1.476529e-15 
 1068.000  2.722182e+02  7.058074e+00  0.000000e+00 
 1069.000  2.519461e+02  6.520942e+00  8.856418e-17 
 1070.000  2.672009e+02  6.904731e+00  1.752295e-15 
 1071.000  2.676389e+02  6.901609e+00 -9.265521e-16 
 1072.000  2.683786e+02  6.906079e+00  4.170504e-15 
 1073.000  2.596712e+02  6.670112e+00  6.612493e-17 
 1074.000  2.690121e+02  6.898698e+00 -4.795538e-16 
 1075.000  2.612528e+02  6.692173e+00  7.724691e-16 
 1076.000  2.668625e+02  6.821667e+00 -8.562648e-16 
 1077.000  2.660723e+02  6.786561e+00 -1.563571e-15 
 1078.000  2.665630e+02  6.783690e+00  3.417962e-17 
 1079.000  2.563069e+02  6.511050e+00  3.353964e-16 
 1080.000  2.628306e+02  6.656094e+00 -5.390507e-16 
 1081.000  2.532318e+02  6.401457e+00  1.798468e-15 
 1082.000  2.570771e+02  6.491167e+00  2.163364e-15 
 1083.000  2.496414e+02  6.288130e+00  4.113151e-15 
 1084.000  2.585480e+02  6.496460e+00  1.444076e-15 
 1085.000  2.535158e+02  6.349041e+00  0.000000e+00 
 1086.000  2.573193e+02  6.435326e+00 -9.552972e-16 
 1087.000  2.434119e+02  6.087754e+00  1.697138e-15 
 1088.000  2.583494e+02  6.450603e+00 -8.045619e-16 
 1089.000  2.462691e+02  6.125114e+00 -4.817437e-16 
 1090.000  2.512464e+02  6.235806e+00  1.059199e-15 
 1091.000  2.533929e+02  6.280392e+00 -2.306322e-16 
 1092.000  2.464244e+02  6.091533e+00  1.043306e-15 
 1093.000  2.407833e+02  5.931612e+00 -1.255445e-15 
 1094.000  2.180952e+02  5.360169e+00 -1.075898e-15 
 1095.000  2.362973e+02  5.797854e+00 -2.383689e-16 
 1096.000  2.355457e+02  5.769612e+00 -1.241841e-15 
 1097.000  2.319025e+02  5.668926e+00 -1.508800e-15 
 1098.000  2.215874e+02  5.397404e+00  0.000000e+00 
 1099.000  2.150237e+02  5.227817e+00 -1.178728e-15 
 1100.000  2.192122e+02  5.320183e+00  0.000000e+00 
