  400.000  3.938854e+02  2.020229e+02 -1.576850e-14 
  401.000  3.927740e+02  1.990285e+02 -2.705381e-14 
  402.000  4.175845e+02  2.090696e+02  9.345713e-14 
  403.000  3.923235e+02  1.940869e+02 -4.413276e-14 
  404.000  4.228790e+02  2.067304e+02  6.868838e-14 
  405.000  3.889587e+02  1.879130e+02  6.580887e-14 
  406.000  3.871496e+02  1.848542e+02 -7.700633e-14 
  407.000  3.781401e+02  1.784560e+02  5.691911e-14 
  408.000  4.108069e+02  1.916344e+02  1.046769e-15 
  409.000  4.559630e+02  2.102573e+02 -3.963440e-14 
  410.000  3.822318e+02  1.742459e+02  9.286257e-14 
  411.000  4.500332e+02  2.028254e+02 -1.126383e-15 
  412.000  4.675082e+02  2.083224e+02  4.744671e-14 
  413.000  4.427463e+02  1.950746e+02 -7.519011e-14 
  414.000  4.355563e+02  1.897586e+02 -3.678787e-14 
  415.000  4.656816e+02  2.006343e+02  0.000000e+00 
  416.000  4.639644e+02  1.976895e+02  8.426029e-15 
  417.000  4.509103e+02  1.900189e+02 -3.962757e-14 
  418.000  4.421081e+02  1.842752e+02 -2.276132e-14 
  419.000  4.539704e+02  1.871642e+02  9.198320e-15 
  420.000  3.851030e+02  1.570560e+02 -3.740153e-14 
  421.000  4.835477e+02  1.950865e+02 -7.404569e-15 
  422.000  4.643350e+02  1.853348e+02  6.804081e-14 
  423.000  3.929904e+02  1.551927e+02 -1.971187e-14 
  424.000  4.331693e+02  1.692525e+02  9.751543e-14 
  425.000  4.495431e+02  1.738026e+02  5.348361e-14 
  426.000  4.330037e+02  1.656563e+02  5.673253e-14 
  427.000  4.173268e+02  1.579968e+02 -9.595160e-16 
  428.000  4.233976e+02  1.586351e+02  1.975827e-14 
  429.000  3.859259e+02  1.431056e+02  6.778175e-14 
  430.000  3.085378e+02  1.132361e+02  1.948851e-14 
  431.000  2.779147e+02  1.009570e+02  2.278491e-14 
  432.000  5.011605e+02  1.802072e+02  1.254901e-13 
  433.000  4.469063e+02  1.590762e+02 -1.492650e-14 
  434.000  4.255191e+02  1.499423e+02  9.478939e-16 
  435.000  4.637656e+02  1.617865e+02  2.865455e-14 
  436.000  5.151358e+02  1.779202e+02 -9.508068e-14 
  437.000  5.209943e+02  1.781630e+02  5.643261e-14 
  438.000  4.674881e+02  1.582912e+02  1.323773e-14 
  439.000  4.531302e+02  1.519264e+02  5.803374e-14 
  440.000  5.087022e+02  1.688945e+02 -2.585313e-14 
  441.000  5.078749e+02  1.669821e+02  4.921974e-14 
  442.000  5.357503e+02  1.744435e+02  7.180469e-14 
  443.000  5.401854e+02  1.741936e+02 -9.817947e-15 
  444.000  5.375146e+02  1.716698e+02 -4.689734e-14 
  445.000  5.662731e+02  1.791262e+02  7.866535e-14 
  446.000  5.048272e+02  1.581675e+02 -1.493309e-14 
  447.000  5.766498e+02  1.789657e+02  1.032721e-14 
  448.000  5.871743e+02  1.805353e+02  9.541332e-14 
  449.000  5.920974e+02  1.803664e+02 -5.441587e-14 
  450.000  6.059381e+02  1.828823e+02  5.420201e-14 
  451.000  6.558228e+02  1.961188e+02  9.785991e-14 
  452.000  6.105484e+02  1.809056e+02 -5.421010e-14 
  453.000  5.675579e+02  1.666307e+02  3.386689e-14 
  454.000  6.059462e+02  1.762814e+02 -1.739132e-14 
  455.000  6.109889e+02  1.761353e+02  6.991325e-14 
  456.000  6.265615e+02  1.789885e+02 -3.702181e-14 
  457.000  6.308386e+02  1.785873e+02  5.509852e-14 
  458.000  6.204888e+02  1.740823e+02 -2.137867e-14 
  459.000  6.211450e+02  1.727094e+02  1.881769e-14 
  460.000  6.164576e+02  1.698820e+02 -3.350106e-14 
  461.000  6.395444e+02  1.746842e+02  3.723717e-14 
  462.000  6.298414e+02  1.705171e+02  3.783670e-14 
  463.000  6.307096e+02  1.692531e+02  5.287837e-14 
  464.000  6.336716e+02  1.685723e+02 -1.637867e-14 
  465.000  6.252758e+02  1.649006e+02  7.064783e-14 
  466.000  6.459481e+02  1.688845e+02 -7.273168e-14 
  467.000  6.239651e+02  1.617351e+02  1.843095e-14 
  468.000  6.612402e+02  1.699207e+02 -1.947798e-14 
  469.000  6.560258e+02  1.671261e+02 -1.798666e-14 
  470.000  6.475281e+02  1.635366e+02 -1.265444e-13 
  471.000  6.468554e+02  1.619536e+02 -5.298160e-14 
  472.000  6.551927e+02  1.626206e+02 -1.913950e-14 
  473.000  6.483718e+02  1.595296e+02  3.529894e-14 
  474.000  6.538575e+02  1.594798e+02 -7.367379e-14 
  475.000  6.804412e+02  1.644954e+02 -3.832049e-14 
  476.000  6.595566e+02  1.580121e+02 -4.676719e-14 
  477.000  6.535773e+02  1.552022e+02  6.410694e-14 
  478.000  6.863322e+02  1.616771e+02 -9.437732e-14 
  479.000  6.557718e+02  1.533094e+02 -3.668329e-14 
  480.000  6.693248e+02  1.553145e+02  1.669982e-14 
  481.000  6.658252e+02  1.533372e+02  9.168963e-14 
  482.000  6.803588e+02  1.554877e+02 -1.309369e-13 
  483.000  6.816124e+02  1.545697e+02  0.000000e+00 
  484.000  6.558670e+02  1.475685e+02  0.000000e+00 
  485.000  6.611387e+02  1.475853e+02  3.622043e-14 
  486.000  5.364650e+02  1.188147e+02  8.590217e-14 
  487.000  6.034863e+02  1.326122e+02  3.288030e-14 
  488.000  6.558191e+02  1.429862e+02  1.228676e-13 
  489.000  6.101562e+02  1.319944e+02  1.145830e-15 
  490.000  6.952140e+02  1.492280e+02 -1.302118e-15 
  491.000  6.509719e+02  1.386466e+02  6.778568e-14 
  492.000  6.259379e+02  1.322820e+02 -1.167655e-15 
  493.000  6.745385e+02  1.414536e+02  1.749252e-14 
  494.000  6.520195e+02  1.356799e+02  1.217744e-13 
  495.000  6.974104e+02  1.440148e+02  1.081101e-13 
  496.000  6.794015e+02  1.392197e+02 -5.638183e-14 
  497.000  6.592143e+02  1.340516e+02  3.399401e-14 
  498.000  6.437938e+02  1.299204e+02  1.658308e-14 
  499.000  6.423871e+02  1.286538e+02 -1.771823e-14 
  500.000  6.397028e+02  1.271492e+02  3.407490e-14 
  501.000  6.254857e+02  1.233874e+02 -4.589683e-14 
  502.000  6.215092e+02  1.216843e+02 -9.800571e-14 
  503.000  6.586856e+02  1.280008e+02 -1.212843e-15 
  504.000  6.129523e+02  1.182279e+02  4.937742e-14 
  505.000  6.612405e+02  1.265965e+02  3.507935e-14 
  506.000  7.083116e+02  1.346184e+02 -1.810193e-14 
  507.000  6.594417e+02  1.244197e+02 -5.166581e-14 
  508.000  6.328022e+02  1.185299e+02 -6.443153e-14 
  509.000  6.827897e+02  1.269713e+02 -3.469236e-14 
  510.000  6.619767e+02  1.222164e+02 -1.557998e-14 
  511.000  6.625082e+02  1.214376e+02  6.707759e-14 
  512.000  6.956740e+02  1.266061e+02 -5.526218e-14 
  513.000  6.370024e+02  1.151038e+02  9.988019e-14 
  514.000  6.239260e+02  1.119419e+02  1.458576e-14 
  515.000  6.372571e+02  1.135266e+02  1.602350e-14 
  516.000  6.695670e+02  1.184405e+02  1.802288e-14 
  517.000  4.932795e+02  8.664072e+01  6.189022e-14 
  518.000  6.107730e+02  1.065229e+02 -1.641349e-14 
  519.000  5.787093e+02  1.002235e+02 -2.899709e-14 
  520.000  6.372054e+02  1.095839e+02 -1.595151e-14 
  521.000  6.376075e+02  1.088895e+02  8.204082e-14 
  522.000  6.629205e+02  1.124247e+02 -8.525030e-14 
  523.000  6.175441e+02  1.040004e+02 -9.481277e-14 
  524.000  6.700037e+02  1.120534e+02 -1.207585e-13 
  525.000  6.646297e+02  1.103859e+02  3.438276e-14 
  526.000  6.333923e+02  1.044761e+02  1.580799e-14 
  527.000  5.532411e+02  9.062904e+01  1.380491e-14 
  528.000  6.643431e+02  1.080842e+02 -1.657590e-14 
  529.000  6.831002e+02  1.103782e+02 -1.704262e-14 
  530.000  6.453719e+02  1.035743e+02  4.945561e-14 
  531.000  7.023801e+02  1.119619e+02  7.259713e-14 
  532.000  6.699930e+02  1.060833e+02  1.790819e-14 
  533.000  5.885704e+02  9.257485e+01  5.865490e-14 
  534.000  6.401636e+02  1.000326e+02 -7.965043e-14 
  535.000  6.533028e+02  1.014259e+02 -1.740109e-14 
  536.000  6.933775e+02  1.069535e+02  1.204641e-13 
  537.000  6.434226e+02  9.860803e+01  3.304582e-14 
  538.000  6.736599e+02  1.025761e+02  6.792539e-14 
  539.000  6.715605e+02  1.015979e+02  5.103236e-14 
  540.000  6.573287e+02  9.880546e+01  1.624564e-14 
  541.000  6.028687e+02  9.003855e+01 -3.084049e-14 
  542.000  6.726231e+02  9.981418e+01  8.296703e-14 
  543.000  6.435091e+02  9.488508e+01 -1.700025e-14 
  544.000  6.788320e+02  9.945618e+01 -5.016182e-14 
  545.000  6.687837e+02  9.736156e+01 -5.057459e-14 
  546.000  6.539719e+02  9.460238e+01  0.000000e+00 
  547.000  6.818220e+02  9.800934e+01 -5.150611e-14 
  548.000  6.326868e+02  9.037473e+01  1.666761e-14 
  549.000  6.659227e+02  9.452660e+01 -3.271944e-14 
  550.000  6.513997e+02  9.188703e+01  5.029082e-14 
  551.000  6.474712e+02  9.076227e+01 -6.359756e-14 
  552.000  6.755436e+02  9.410828e+01 -1.539567e-14 
  553.000  6.492289e+02  8.988095e+01 -1.708330e-14 
  554.000  6.705966e+02  9.226455e+01  6.584912e-14 
  555.000  6.726423e+02  9.197516e+01 -3.302287e-14 
  556.000  6.542415e+02  8.890870e+01 -6.539250e-14 
  557.000  6.349324e+02  8.575426e+01  3.229504e-14 
  558.000  6.591565e+02  8.848023e+01 -8.324981e-14 
  559.000  6.231390e+02  8.313396e+01 -1.530364e-14 
  560.000  6.259488e+02  8.299821e+01 -1.104003e-15 
  561.000  6.880031e+02  9.066885e+01  3.138624e-14 
  562.000  6.315447e+02  8.271398e+01  1.441473e-14 
  563.000  6.607712e+02  8.601334e+01  1.625554e-14 
  564.000  6.514724e+02  8.428344e+01 -8.018143e-14 
  565.000  6.591370e+02  8.474737e+01  0.000000e+00 
  566.000  6.076319e+02  7.764725e+01  3.103977e-14 
  567.000  6.515457e+02  8.272595e+01  8.624716e-15 
  568.000  6.494116e+02  8.186926e+01  0.000000e+00 
  569.000  6.358909e+02  7.953337e+01 -1.717360e-14 
  570.000  6.391031e+02  7.946958e+01  1.954396e-14 
  571.000  6.164402e+02  7.627798e+01 -2.356452e-14 
  572.000  6.509125e+02  7.993665e+01 -5.006057e-14 
  573.000  6.575699e+02  8.029395e+01  0.000000e+00 
  574.000  6.538862e+02  7.937532e+01  8.771717e-15 
  575.000  6.378785e+02  7.696392e+01  2.339334e-14 
  576.000  6.266594e+02  7.516693e+01  0.000000e+00 
  577.000  6.533159e+02  7.794595e+01 -1.631590e-14 
  578.000  6.351143e+02  7.539243e+01 -7.335754e-15 
  579.000  6.314932e+02  7.459001e+01  2.404688e-14 
  580.000  6.550604e+02  7.700307e+01  8.664126e-15 
  581.000  6.453616e+02  7.552897e+01  2.545801e-14 
  582.000  6.567746e+02  7.649496e+01 -1.719695e-14 
  583.000  6.627808e+02  7.679865e+01 -4.092986e-14 
  584.000  6.620746e+02  7.632321e+01  2.468876e-14 
  585.000  6.588488e+02  7.554987e+01  8.551889e-15 
  586.000  6.315493e+02  7.203513e+01  2.234678e-14 
  587.000  6.571091e+02  7.449814e+01 -1.702826e-14 
  588.000  6.507963e+02  7.320757e+01 -1.365482e-15 
  589.000  5.764622e+02  6.428648e+01  2.212820e-15 
  590.000  6.023795e+02  6.680378e+01 -3.395911e-15 
  591.000  6.414555e+02  7.090159e+01  1.511159e-14 
  592.000  6.292880e+02  6.910397e+01 -1.413390e-14 
  593.000  6.372758e+02  6.978595e+01  3.453877e-14 
  594.000  6.434370e+02  7.003963e+01  6.697412e-14 
  595.000  6.309960e+02  6.819667e+01  4.993216e-15 
  596.000  6.475871e+02  6.979562e+01 -2.323118e-14 
  597.000  6.493260e+02  6.956553e+01 -1.291503e-14 
  598.000  6.363149e+02  6.788771e+01 -2.758013e-14 
  599.000  6.365582e+02  6.758697e+01  5.261139e-14 
  600.000  6.366363e+02  6.730028e+01 -1.421895e-14 
  601.000  6.332323e+02  6.664838e+01 -1.629007e-14 
  602.000  6.262729e+02  6.558756e+01 -1.610631e-14 
  603.000  6.305341e+02  6.571044e+01 -1.618716e-14 
  604.000  6.514352e+02  6.756030e+01  6.447657e-14 
  605.000  6.506175e+02  6.713863e+01 -1.662096e-14 
  606.000  6.438196e+02  6.609904e+01 -4.705598e-14 
  607.000  6.409359e+02  6.546838e+01  9.353155e-14 
  608.000  6.393333e+02  6.497337e+01  1.516065e-14 
  609.000  6.334918e+02  6.405313e+01 -3.107252e-14 
  610.000  6.240701e+02  6.278149e+01  1.475007e-14 
  611.000  6.349813e+02  6.355707e+01  5.992112e-14 
  612.000  6.274766e+02  6.248973e+01 -5.910595e-14 
  613.000  6.190459e+02  6.134003e+01  2.089633e-15 
  614.000  5.973907e+02  5.889681e+01  1.603257e-14 
  615.000  6.267280e+02  6.147969e+01  4.510323e-14 
  616.000  5.965673e+02  5.822805e+01  2.890893e-14 
  617.000  6.005842e+02  5.832638e+01  2.805151e-14 
  618.000  6.295094e+02  6.082839e+01 -1.468193e-14 
  619.000  6.242691e+02  6.001791e+01  1.454329e-14 
  620.000  6.340026e+02  6.064630e+01  1.369520e-14 
  621.000  6.453798e+02  6.142223e+01 -3.108840e-14 
  622.000  6.117276e+02  5.792392e+01  1.523233e-14 
  623.000  6.168311e+02  5.810838e+01  1.432254e-14 
  624.000  6.178286e+02  5.790605e+01 -2.202061e-14 
  625.000  6.013773e+02  5.607706e+01 -1.394842e-14 
  626.000  6.046431e+02  5.608602e+01 -3.657449e-14 
  627.000  6.144906e+02  5.663789e+01  2.199548e-14 
  628.000  5.975305e+02  5.442899e+01 -4.887718e-15 
  629.000  6.192997e+02  5.635423e+01 -1.125139e-14 
  630.000  5.993662e+02  5.431662e+01  9.810049e-15 
  631.000  6.233316e+02  5.628315e+01 -7.802022e-15 
  632.000  5.824095e+02  5.234466e+01 -1.256696e-14 
  633.000  6.267418e+02  5.614899e+01 -4.341634e-14 
  634.000  6.096088e+02  5.440183e+01 -1.399697e-14 
  635.000  6.221279e+02  5.527521e+01  0.000000e+00 
  636.000  6.015309e+02  5.322346e+01 -3.476132e-14 
  637.000  6.227355e+02  5.486511e+01 -3.585782e-14 
  638.000  6.336730e+02  5.561118e+01  2.863947e-14 
  639.000  6.297034e+02  5.502110e+01  3.699719e-14 
  640.000  6.110604e+02  5.316986e+01 -2.644915e-14 
  641.000  6.209176e+02  5.378592e+01  0.000000e+00 
  642.000  6.144740e+02  5.300302e+01 -2.645123e-14 
  643.000  6.260652e+02  5.373979e+01  1.497145e-14 
  644.000  6.196918e+02  5.295381e+01 -4.239169e-14 
  645.000  6.257319e+02  5.319749e+01  2.140902e-14 
  646.000  6.022539e+02  5.086789e+01 -5.961220e-15 
  647.000  6.108152e+02  5.128873e+01  1.057982e-14 
  648.000  6.099364e+02  5.091483e+01 -2.749618e-14 
  649.000  6.231556e+02  5.184592e+01  4.128401e-14 
  650.000  5.787544e+02  4.806036e+01  6.324765e-15 
  651.000  6.240449e+02  5.158884e+01  1.548925e-14 
  652.000  6.119561e+02  5.024781e+01  1.548822e-14 
  653.000  6.256672e+02  5.128115e+01 -1.153703e-14 
  654.000  6.179993e+02  5.041154e+01  4.028393e-15 
  655.000  6.020154e+02  4.884125e+01  1.203672e-15 
  656.000  5.116819e+02  4.134322e+01  9.017923e-16 
  657.000  5.467356e+02  4.400398e+01 -1.595454e-14 
  658.000  6.096195e+02  4.888583e+01  1.334560e-14 
  659.000  6.117244e+02  4.886935e+01  9.581965e-16 
  660.000  6.171973e+02  4.910518e+01  7.199446e-15 
  661.000  6.206252e+02  4.920150e+01 -1.345412e-14 
  662.000  6.302136e+02  4.976227e+01 -1.362710e-14 
  663.000  6.238418e+02  4.904339e+01 -1.444213e-14 
  664.000  6.144343e+02  4.809948e+01  3.975037e-14 
  665.000  6.177462e+02  4.815652e+01  4.085139e-14 
  666.000  6.258416e+02  4.858672e+01  1.344783e-14 
  667.000  6.140259e+02  4.747115e+01  5.268615e-14 
  668.000  6.181407e+02  4.759288e+01  1.418558e-14 
  669.000  6.276191e+02  4.812025e+01 -1.534448e-14 
  670.000  6.206893e+02  4.738893e+01 -2.935538e-14 
  671.000  6.146932e+02  4.673499e+01  6.645802e-14 
  672.000  6.132590e+02  4.643059e+01  1.492942e-14 
  673.000  6.182198e+02  4.661047e+01  6.948672e-14 
  674.000  6.199855e+02  4.654864e+01 -1.505215e-14 
  675.000  6.110690e+02  4.568842e+01  3.886592e-14 
  676.000  6.231473e+02  4.639799e+01  2.638879e-14 
  677.000  6.112543e+02  4.532380e+01 -1.292722e-14 
  678.000  6.218720e+02  4.592052e+01  0.000000e+00 
  679.000  6.135624e+02  4.511881e+01  1.035738e-13 
  680.000  6.092407e+02  4.460955e+01  5.046868e-14 
  681.000  6.102739e+02  4.449253e+01  9.236009e-16 
  682.000  6.093888e+02  4.424304e+01 -3.942312e-14 
  683.000  6.138840e+02  4.438223e+01 -3.968546e-14 
  684.000  6.033399e+02  4.343352e+01  2.629654e-14 
  685.000  6.105744e+02  4.378110e+01  0.000000e+00 
  686.000  5.830924e+02  4.159628e+01  2.549325e-14 
  687.000  5.021630e+02  3.514357e+01  4.183089e-15 
  688.000  5.281146e+02  3.686619e+01  7.092489e-15 
  689.000  5.225958e+02  3.631361e+01 -1.360800e-14 
  690.000  5.386012e+02  3.731736e+01  1.206650e-14 
  691.000  5.591257e+02  3.868723e+01 -3.664234e-15 
  692.000  5.675413e+02  3.921312e+01  6.954360e-15 
  693.000  5.706367e+02  3.925035e+01 -3.466609e-15 
  694.000  5.735510e+02  3.925231e+01  2.714823e-14 
  695.000  5.693891e+02  3.887127e+01 -1.322744e-14 
  696.000  5.794487e+02  3.943925e+01  2.619892e-14 
  697.000  5.927453e+02  4.037785e+01 -6.449419e-15 
  698.000  5.796641e+02  3.928635e+01  1.498045e-15 
  699.000  5.800974e+02  3.900071e+01  2.472326e-15 
  700.000  5.753563e+02  3.855192e+01  2.136359e-14 
  701.000  5.604075e+02  3.737294e+01 -7.549425e-16 
  702.000  5.596382e+02  3.719645e+01 -1.910687e-14 
  703.000  5.764750e+02  3.829428e+01 -1.324410e-14 
  704.000  5.787966e+02  3.830413e+01 -1.745944e-15 
  705.000  5.798640e+02  3.816817e+01 -2.430066e-15 
  706.000  5.746552e+02  3.768875e+01 -1.714037e-14 
  707.000  5.674920e+02  3.709397e+01  4.429781e-15 
  708.000  5.856097e+02  3.815232e+01  3.261657e-14 
  709.000  5.677628e+02  3.689294e+01 -1.517001e-14 
  710.000  5.781354e+02  3.737251e+01 -1.313340e-14 
  711.000  5.755422e+02  3.711204e+01 -1.144208e-14 
  712.000  5.702856e+02  3.667710e+01  5.713232e-15 
  713.000  5.660540e+02  3.622960e+01  4.173750e-15 
  714.000  5.751771e+02  3.666113e+01  2.074477e-14 
  715.000  5.519798e+02  3.499662e+01  2.467201e-15 
  716.000  5.630652e+02  3.551321e+01 -1.260121e-14 
  717.000  5.245280e+02  3.275622e+01 -9.210950e-15 
  718.000  5.067271e+02  3.146344e+01  5.428554e-15 
  719.000  4.956267e+02  3.064248e+01  6.254260e-15 
  720.000  4.910201e+02  3.022843e+01 -1.025237e-14 
  721.000  5.266300e+02  3.243852e+01 -3.158332e-15 
  722.000  5.471161e+02  3.368409e+01  1.779231e-14 
  723.000  5.388522e+02  3.298742e+01  6.618167e-15 
  724.000  5.213834e+02  3.168654e+01  4.335023e-15 
  725.000  5.189265e+02  3.143196e+01  1.699657e-15 
  726.000  5.171424e+02  3.120585e+01  3.862099e-15 
  727.000  5.278997e+02  3.175113e+01 -1.466983e-15 
  728.000  5.157718e+02  3.089659e+01  1.621247e-15 
  729.000  5.030018e+02  3.005605e+01 -8.848590e-15 
  730.000  5.203246e+02  3.097300e+01 -1.081955e-15 
  731.000  5.102119e+02  3.025531e+01  0.000000e+00 
  732.000  5.332007e+02  3.158086e+01  5.150164e-15 
  733.000  5.375262e+02  3.183374e+01  1.014974e-14 
  734.000  5.547065e+02  3.280323e+01  4.120663e-15 
  735.000  5.483354e+02  3.228403e+01 -6.084955e-15 
  736.000  5.344913e+02  3.131328e+01 -8.189260e-15 
  737.000  5.445363e+02  3.181960e+01 -2.027956e-14 
  738.000  5.471091e+02  3.190387e+01 -1.050677e-14 
  739.000  5.311423e+02  3.088375e+01 -4.229038e-15 
  740.000  5.398970e+02  3.133252e+01  5.513606e-16 
  741.000  5.377773e+02  3.113003e+01 -1.905713e-14 
  742.000  5.298839e+02  3.057761e+01  1.460619e-14 
  743.000  5.472684e+02  3.149474e+01  2.808515e-14 
  744.000  5.533869e+02  3.174891e+01 -1.117702e-14 
  745.000  5.397361e+02  3.086748e+01  3.421547e-14 
  746.000  5.478668e+02  3.123072e+01  0.000000e+00 
  747.000  5.566971e+02  3.162494e+01 -2.321449e-14 
  748.000  5.471349e+02  3.098272e+01  7.894577e-16 
  749.000  5.476622e+02  3.090866e+01 -1.099643e-14 
  750.000  5.396229e+02  3.034516e+01  2.167104e-14 
  751.000  5.384686e+02  3.017618e+01 -1.080668e-14 
  752.000  5.473123e+02  3.057382e+01  2.193837e-14 
  753.000  5.424611e+02  3.020099e+01  4.345596e-14 
  754.000  5.512376e+02  3.058595e+01  7.921129e-16 
  755.000  5.483071e+02  3.031984e+01 -4.466103e-14 
  756.000  5.378047e+02  2.963824e+01 -4.455451e-14 
  757.000  5.419202e+02  2.976328e+01  1.005298e-14 
  758.000  5.403604e+02  2.956182e+01  1.004796e-14 
  759.000  4.822679e+02  2.597210e+01 -6.110934e-15 
  760.000  1.634240e+02  8.355347e+00 -1.999699e-18 
  761.000  1.386931e+02  7.000417e+00 -4.691408e-32 
  762.000  2.994000e+02  1.542156e+01 -9.468859e-22 
  763.000  2.517914e+02  1.287425e+01  3.376551e-16 
  764.000  2.799751e+02  1.428348e+01 -7.063040e-16 
  765.000  3.461115e+02  1.779383e+01  5.477212e-16 
  766.000  4.066790e+02  2.130929e+01  3.775015e-18 
  767.000  4.525605e+02  2.369276e+01 -3.720758e-16 
  768.000  4.976030e+02  2.607409e+01  9.272777e-16 
  769.000  5.135938e+02  2.695285e+01  1.710847e-14 
  770.000  5.202835e+02  2.729521e+01  1.701674e-15 
  771.000  5.248417e+02  2.748941e+01  2.087236e-14 
  772.000  5.238306e+02  2.735743e+01 -7.460353e-16 
  773.000  5.222322e+02  2.718924e+01  2.143536e-14 
  774.000  5.284032e+02  2.742647e+01  4.255926e-14 
  775.000  5.089516e+02  2.633472e+01 -4.167245e-14 
  776.000  5.302214e+02  2.734876e+01 -4.338164e-14 
  777.000  5.267186e+02  2.708027e+01  3.268294e-14 
  778.000  5.240184e+02  2.685352e+01  7.424834e-16 
  779.000  5.258371e+02  2.685883e+01 -3.112743e-14 
  780.000  5.194390e+02  2.644566e+01  0.000000e+00 
  781.000  5.188252e+02  2.633233e+01 -5.261605e-14 
  782.000  5.251830e+02  2.656855e+01  1.109689e-14 
  783.000  5.130159e+02  2.586916e+01  1.011230e-14 
  784.000  5.158853e+02  2.592762e+01 -9.440640e-15 
  785.000  5.168683e+02  2.588278e+01  2.114257e-14 
  786.000  5.072501e+02  2.530265e+01 -1.003899e-14 
  787.000  5.133297e+02  2.549348e+01  1.264387e-14 
  788.000  5.048116e+02  2.497348e+01  1.161022e-14 
  789.000  5.044242e+02  2.481761e+01  1.247740e-14 
  790.000  4.991180e+02  2.447448e+01  1.860577e-15 
  791.000  4.973190e+02  2.431958e+01 -1.444596e-14 
  792.000  4.901600e+02  2.390358e+01  2.459262e-15 
  793.000  4.911881e+02  2.390109e+01  1.891260e-16 
  794.000  4.889019e+02  2.376109e+01  9.687252e-15 
  795.000  4.848185e+02  2.346286e+01 -1.312559e-14 
  796.000  4.883240e+02  2.348444e+01 -4.650712e-15 
  797.000  4.929110e+02  2.365167e+01 -6.481983e-15 
  798.000  4.963730e+02  2.379224e+01  1.495700e-15 
  799.000  4.953797e+02  2.365987e+01  8.000701e-15 
  800.000  4.804057e+02  2.284061e+01 -4.380010e-16 
  801.000  4.897011e+02  2.321487e+01 -1.442125e-15 
  802.000  4.886325e+02  2.308986e+01 -3.162274e-15 
  803.000  4.820589e+02  2.271421e+01  4.387878e-16 
  804.000  4.875787e+02  2.291966e+01 -4.902371e-17 
  805.000  4.763042e+02  2.235182e+01  4.484129e-15 
  806.000  4.905008e+02  2.296755e+01  1.716680e-14 
  807.000  4.877252e+02  2.276911e+01  1.181127e-14 
  808.000  4.841546e+02  2.252301e+01 -1.419676e-14 
  809.000  4.752139e+02  2.202744e+01 -6.764149e-15 
  810.000  4.722253e+02  2.180934e+01 -5.761353e-15 
  811.000  4.778716e+02  2.197690e+01  4.116226e-15 
  812.000  4.735580e+02  2.168001e+01 -6.214915e-15 
  813.000  4.681624e+02  2.133259e+01  5.953257e-15 
  814.000  4.628899e+02  2.098831e+01  2.370504e-15 
  815.000  4.520349e+02  2.039392e+01  7.126997e-15 
  816.000  4.402455e+02  1.976588e+01 -4.512826e-16 
  817.000  4.434413e+02  1.985158e+01 -6.444318e-16 
  818.000  4.414566e+02  1.970699e+01  0.000000e+00 
  819.000  4.321978e+02  1.924848e+01 -3.784271e-16 
  820.000  4.324000e+02  1.924867e+01  2.607435e-15 
  821.000  4.567883e+02  2.035573e+01  2.755840e-15 
  822.000  4.366423e+02  1.934002e+01  5.557874e-15 
  823.000  4.212820e+02  1.851204e+01 -1.605202e-16 
  824.000  4.460404e+02  1.961920e+01  6.154721e-15 
  825.000  4.568011e+02  2.012503e+01  2.083691e-15 
  826.000  4.578256e+02  2.009397e+01  2.246470e-14 
  827.000  4.549777e+02  1.989868e+01  4.179729e-16 
  828.000  4.466467e+02  1.942326e+01 -5.397568e-15 
  829.000  4.491920e+02  1.949567e+01  1.648592e-15 
  830.000  4.450966e+02  1.928462e+01  1.234132e-15 
  831.000  4.380254e+02  1.892937e+01  3.184010e-15 
  832.000  4.473480e+02  1.927970e+01  8.242705e-16 
  833.000  4.351191e+02  1.871300e+01 -7.023699e-15 
  834.000  4.435132e+02  1.903724e+01 -1.521246e-14 
  835.000  4.478936e+02  1.920886e+01 -7.659522e-15 
  836.000  4.520873e+02  1.932084e+01  2.678565e-15 
  837.000  4.482995e+02  1.910341e+01 -5.035447e-15 
  838.000  4.516050e+02  1.920919e+01  1.807013e-14 
  839.000  4.384958e+02  1.861081e+01  4.242798e-15 
  840.000  4.506433e+02  1.907699e+01 -1.472962e-14 
  841.000  4.509588e+02  1.902342e+01  4.455498e-15 
  842.000  4.490438e+02  1.890128e+01  4.602709e-15 
  843.000  4.479173e+02  1.883038e+01  1.817903e-16 
  844.000  4.413772e+02  1.851729e+01  1.789809e-14 
  845.000  4.483314e+02  1.875956e+01  8.773712e-15 
  846.000  4.528033e+02  1.890171e+01  0.000000e+00 
  847.000  4.376080e+02  1.822410e+01  0.000000e+00 
  848.000  4.499509e+02  1.867293e+01  4.083057e-15 
  849.000  4.509320e+02  1.866365e+01 -9.445134e-15 
  850.000  3.898367e+02  1.608793e+01  2.628897e-15 
  851.000  4.463289e+02  1.836134e+01 -4.846245e-15 
  852.000  4.295032e+02  1.762128e+01  8.982607e-16 
  853.000  4.348939e+02  1.780177e+01 -2.548673e-14 
  854.000  3.496647e+02  1.427327e+01  0.000000e+00 
  855.000  3.852310e+02  1.568787e+01 -3.487209e-15 
  856.000  4.376747e+02  1.778785e+01  1.307345e-14 
  857.000  4.448765e+02  1.803656e+01  1.790280e-14 
  858.000  4.379409e+02  1.771033e+01 -8.499451e-15 
  859.000  4.380774e+02  1.767343e+01  8.490274e-15 
  860.000  4.343866e+02  1.748116e+01  6.038351e-16 
  861.000  4.344183e+02  1.743583e+01  0.000000e+00 
  862.000  4.331255e+02  1.733924e+01  0.000000e+00 
  863.000  4.414812e+02  1.762651e+01  0.000000e+00 
  864.000  4.407105e+02  1.755001e+01 -1.704031e-14 
  865.000  4.326009e+02  1.718213e+01 -8.960384e-15 
  866.000  3.629302e+02  1.437669e+01 -6.508907e-15 
  867.000  3.865312e+02  1.527058e+01 -1.547179e-14 
  868.000  4.192725e+02  1.652020e+01 -8.099033e-15 
  869.000  4.134647e+02  1.624849e+01 -8.558462e-15 
  870.000  4.305736e+02  1.687573e+01 -1.663018e-14 
  871.000  4.300397e+02  1.681061e+01  0.000000e+00 
  872.000  4.284050e+02  1.670343e+01  1.653762e-14 
  873.000  4.301541e+02  1.672658e+01  2.610203e-14 
  874.000  4.207707e+02  1.631824e+01 -2.436608e-14 
  875.000  4.169569e+02  1.612784e+01  2.414292e-14 
  876.000  4.204319e+02  1.621820e+01  0.000000e+00 
  877.000  4.288488e+02  1.649892e+01 -2.602769e-14 
  878.000  4.214620e+02  1.616869e+01 -1.687196e-14 
  879.000  4.224842e+02  1.616550e+01 -1.632592e-14 
  880.000  4.200744e+02  1.602878e+01  7.538060e-15 
  881.000  3.982428e+02  1.515457e+01  1.540367e-14 
  882.000  4.202473e+02  1.594874e+01  5.837192e-16 
  883.000  4.107626e+02  1.555044e+01 -2.382621e-14 
  884.000  4.143271e+02  1.564578e+01  8.583543e-15 
  885.000  4.185674e+02  1.575933e+01 -1.244333e-14 
  886.000  4.047656e+02  1.519262e+01 -1.205636e-14 
  887.000  4.007789e+02  1.501046e+01  1.191794e-14 
  888.000  4.128244e+02  1.542176e+01  3.709417e-15 
  889.000  4.157144e+02  1.549242e+01  0.000000e+00 
  890.000  4.143731e+02  1.539876e+01 -4.300654e-15 
  891.000  4.117975e+02  1.525373e+01 -2.870418e-16 
  892.000  4.096059e+02  1.511771e+01 -5.875466e-15 
  893.000  3.903451e+02  1.431947e+01 -3.906554e-15 
  894.000  4.013288e+02  1.466219e+01 -7.381617e-15 
  895.000  3.744684e+02  1.359279e+01  4.897599e-17 
  896.000  3.804007e+02  1.373816e+01  1.792998e-15 
  897.000  3.624484e+02  1.303300e+01  1.175371e-17 
  898.000  3.587581e+02  1.286047e+01 -1.596672e-15 
  899.000  3.461085e+02  1.236764e+01  9.138648e-16 
  900.000  3.392543e+02  1.209241e+01 -3.579691e-16 
  901.000  3.289420e+02  1.169547e+01 -1.098003e-15 
  902.000  3.234502e+02  1.147332e+01  1.767822e-15 
  903.000  3.613874e+02  1.280864e+01  2.614277e-15 
  904.000  3.790060e+02  1.344031e+01 -1.078028e-15 
  905.000  3.775700e+02  1.335519e+01  1.148339e-15 
  906.000  3.599884e+02  1.267670e+01  4.715995e-15 
  907.000  3.523376e+02  1.235318e+01 -1.328879e-15 
  908.000  3.339450e+02  1.167465e+01 -3.586159e-16 
  909.000  3.286663e+02  1.146174e+01 -1.726640e-15 
  910.000  3.339674e+02  1.161862e+01  5.632954e-18 
  911.000  3.389520e+02  1.176667e+01  1.538902e-16 
  912.000  3.368673e+02  1.166438e+01 -3.283362e-15 
  913.000  3.321139e+02  1.147006e+01  1.850388e-15 
  914.000  3.362543e+02  1.158566e+01 -1.787114e-17 
  915.000  3.351483e+02  1.152167e+01 -3.377228e-16 
  916.000  3.406095e+02  1.168256e+01 -3.070658e-15 
  917.000  3.379082e+02  1.156452e+01  3.603344e-15 
  918.000  3.395600e+02  1.159688e+01 -1.845427e-15 
  919.000  3.555295e+02  1.213392e+01  1.141850e-16 
  920.000  3.606900e+02  1.230915e+01 -2.579710e-15 
  921.000  3.510002e+02  1.194349e+01  5.840222e-15 
  922.000  3.477331e+02  1.180384e+01 -3.427208e-15 
  923.000  3.309789e+02  1.120123e+01  9.945366e-16 
  924.000  3.394647e+02  1.144658e+01  1.246962e-15 
  925.000  3.435725e+02  1.155585e+01  3.575949e-16 
  926.000  3.312308e+02  1.111182e+01 -2.239086e-17 
  927.000  3.370252e+02  1.126564e+01 -1.832575e-15 
  928.000  3.289523e+02  1.095701e+01 -1.829712e-15 
  929.000  3.097360e+02  1.028390e+01  1.915177e-16 
  930.000  2.902259e+02  9.593926e+00  4.531981e-16 
  931.000  2.689238e+02  8.800353e+00 -2.400289e-16 
  932.000  2.384981e+02  7.660721e+00 -2.259260e-16 
  933.000  2.179096e+02  6.925858e+00 -1.082708e-17 
  934.000  1.939877e+02  6.133929e+00 -9.518926e-17 
  935.000  1.888197e+02  5.955228e+00  5.701227e-17 
  936.000  1.961084e+02  6.171264e+00 -5.263887e-18 
  937.000  1.982445e+02  6.225194e+00  8.026968e-23 
  938.000  2.203227e+02  6.936500e+00  1.113660e-16 
  939.000  2.835775e+02  9.154431e+00 -3.071899e-16 
  940.000  2.909781e+02  9.380811e+00 -3.578559e-16 
  941.000  2.769164e+02  8.903687e+00  3.494931e-16 
  942.000  2.485586e+02  7.930439e+00  1.944662e-16 
  943.000  2.301907e+02  7.199943e+00 -1.956584e-16 
  944.000  2.217151e+02  6.911668e+00  1.692430e-22 
  945.000  2.351799e+02  7.357203e+00 -3.980239e-16 
  946.000  2.390060e+02  7.463088e+00 -4.452188e-16 
  947.000  2.476347e+02  7.762505e+00  0.000000e+00 
  948.000  2.550355e+02  8.004381e+00  2.084848e-17 
  949.000  2.550703e+02  7.984495e+00 -4.392621e-16 
  950.000  2.549045e+02  7.968415e+00 -2.061178e-17 
  951.000  2.664103e+02  8.360189e+00 -4.138259e-17 
  952.000  2.524642e+02  7.853765e+00 -2.057371e-17 
  953.000  2.615060e+02  8.158891e+00  2.159581e-16 
  954.000  2.692343e+02  8.413019e+00 -2.945511e-16 
  955.000  2.437229e+02  7.578968e+00  3.804428e-17 
  956.000  2.580991e+02  8.003228e+00 -1.603163e-19 
  957.000  2.836611e+02  8.832225e+00  3.892700e-16 
  958.000  2.891575e+02  8.987186e+00 -4.287573e-16 
  959.000  2.859988e+02  8.870218e+00  5.905013e-16 
  960.000  2.820724e+02  8.730101e+00  0.000000e+00 
  961.000  2.769514e+02  8.552331e+00 -4.204165e-16 
  962.000  2.802595e+02  8.638268e+00  8.596858e-17 
  963.000  2.935314e+02  9.032186e+00 -3.234966e-16 
  964.000  2.921453e+02  8.971056e+00 -9.863076e-16 
  965.000  2.944124e+02  9.022266e+00  8.970092e-16 
  966.000  2.866365e+02  8.766192e+00 -1.125550e-15 
  967.000  3.049613e+02  9.309154e+00  7.911129e-16 
  968.000  3.176085e+02  9.695436e+00  1.233713e-15 
  969.000  3.267676e+02  9.974613e+00 -1.578265e-15 
  970.000  3.280679e+02  9.994240e+00  5.006016e-15 
  971.000  3.250078e+02  9.879070e+00 -3.544299e-15 
  972.000  3.252873e+02  9.859479e+00 -1.014865e-15 
  973.000  3.176267e+02  9.593976e+00 -1.952039e-15 
  974.000  3.071298e+02  9.246537e+00  3.961551e-16 
  975.000  3.050237e+02  9.159000e+00  1.647268e-15 
  976.000  3.132830e+02  9.392687e+00 -5.241978e-16 
  977.000  3.126167e+02  9.368048e+00 -8.929474e-16 
  978.000  3.197554e+02  9.560292e+00  1.546507e-15 
  979.000  3.123565e+02  9.324569e+00 -1.599344e-15 
  980.000  3.241662e+02  9.682748e+00 -3.131008e-15 
  981.000  3.280857e+02  9.786244e+00  7.652978e-15 
  982.000  3.257394e+02  9.688801e+00 -2.541796e-15 
  983.000  3.286809e+02  9.772756e+00  1.270941e-15 
  984.000  3.303790e+02  9.822816e+00 -3.641636e-15 
  985.000  3.324416e+02  9.876101e+00  2.843384e-15 
  986.000  3.325533e+02  9.876425e+00 -1.141364e-15 
  987.000  3.375856e+02  1.001304e+01 -1.669734e-15 
  988.000  3.337213e+02  9.879478e+00 -4.977744e-15 
  989.000  3.296788e+02  9.740489e+00  2.882617e-15 
  990.000  3.328001e+02  9.814099e+00  2.139712e-15 
  991.000  3.363799e+02  9.904174e+00 -3.455094e-15 
  992.000  3.336034e+02  9.804179e+00  9.810391e-15 
  993.000  3.337301e+02  9.788263e+00 -3.422804e-15 
  994.000  3.363462e+02  9.851370e+00  6.418202e-15 
  995.000  3.345103e+02  9.781940e+00  0.000000e+00 
  996.000  3.344593e+02  9.760050e+00 -1.319470e-14 
  997.000  3.344818e+02  9.737612e+00  9.793259e-15 
  998.000  3.328538e+02  9.666855e+00  0.000000e+00 
  999.000  3.318682e+02  9.616945e+00  3.168868e-15 
 1000.000  3.293898e+02  9.526511e+00 -3.143490e-15 
 1001.000  3.302625e+02  9.524431e+00  0.000000e+00 
 1002.000  3.285699e+02  9.447465e+00 -1.010235e-14 
 1003.000  3.250993e+02  9.330944e+00 -1.360485e-16 
 1004.000  3.231051e+02  9.259000e+00  0.000000e+00 
 1005.000  3.020936e+02  8.641609e+00 -2.890232e-15 
 1006.000  3.180829e+02  9.081294e+00 -3.260189e-15 
 1007.000  3.237034e+02  9.221107e+00  6.640075e-15 
 1008.000  3.240648e+02  9.205672e+00 -6.111222e-16 
 1009.000  3.205992e+02  9.077967e+00  7.900185e-15 
 1010.000  3.224950e+02  9.117825e+00 -4.357704e-15 
 1011.000  3.223641e+02  9.107281e+00 -2.521005e-15 
 1012.000  3.229290e+02  9.107555e+00 -3.087293e-15 
 1013.000  3.210892e+02  9.041315e+00  3.504007e-15 
 1014.000  3.233767e+02  9.089000e+00 -1.255496e-14 
 1015.000  3.174534e+02  8.904802e+00  9.296473e-15 
 1016.000  3.196425e+02  8.949464e+00  3.264009e-15 
 1017.000  3.166346e+02  8.848487e+00  6.246638e-15 
 1018.000  3.205752e+02  8.938793e+00  2.193393e-16 
 1019.000  3.127530e+02  8.698753e+00  2.986623e-15 
 1020.000  3.122841e+02  8.669873e+00  0.000000e+00 
 1021.000  3.157676e+02  8.752296e+00 -6.016825e-15 
 1022.000  3.104311e+02  8.581861e+00 -6.143084e-15 
 1023.000  3.159688e+02  8.713453e+00  0.000000e+00 
 1024.000  3.141847e+02  8.646146e+00 -4.004348e-15 
 1025.000  3.147908e+02  8.651510e+00 -6.010330e-15 
 1026.000  3.155614e+02  8.659053e+00 -6.230636e-15 
 1027.000  3.134962e+02  8.583785e+00  2.989874e-15 
 1028.000  3.143738e+02  8.591965e+00 -2.996532e-15 
 1029.000  3.098973e+02  8.456017e+00  3.161138e-15 
 1030.000  3.133114e+02  8.535260e+00  0.000000e+00 
 1031.000  3.124516e+02  8.496448e+00 -3.180461e-15 
 1032.000  3.114625e+02  8.453917e+00  0.000000e+00 
 1033.000  3.057636e+02  8.283199e+00  0.000000e+00 
 1034.000  3.090925e+02  8.357894e+00 -9.007495e-15 
 1035.000  3.058276e+02  8.253762e+00 -3.109312e-15 
 1036.000  3.097275e+02  8.342200e+00 -4.220356e-16 
 1037.000  3.031685e+02  8.149487e+00  5.754631e-15 
 1038.000  3.061859e+02  8.214791e+00  1.203941e-14 
 1039.000  3.073994e+02  8.230676e+00  3.127455e-15 
 1040.000  3.037159e+02  8.115661e+00  0.000000e+00 
 1041.000  3.052822e+02  8.141182e+00  8.906808e-15 
 1042.000  3.061637e+02  8.148660e+00  5.816397e-15 
 1043.000  3.008611e+02  7.991915e+00 -4.103965e-16 
 1044.000  3.037952e+02  8.053779e+00 -2.072585e-16 
 1045.000  3.024079e+02  8.000338e+00 -3.081934e-15 
 1046.000  2.935379e+02  7.749902e+00  5.985984e-15 
 1047.000  2.988303e+02  7.873411e+00 -5.893527e-15 
 1048.000  3.016285e+02  7.930400e+00 -2.874307e-15 
 1049.000  2.994716e+02  7.857024e+00  0.000000e+00 
 1050.000  2.975808e+02  7.791301e+00 -5.478404e-15 
 1051.000  2.974968e+02  7.772564e+00  5.889736e-15 
 1052.000  2.959780e+02  7.716804e+00  0.000000e+00 
 1053.000  2.959851e+02  7.701440e+00  2.832030e-15 
 1054.000  2.927791e+02  7.601590e+00  3.005742e-15 
 1055.000  2.947691e+02  7.636857e+00 -3.029431e-15 
 1056.000  2.938006e+02  7.595519e+00 -1.308938e-15 
 1057.000  2.930991e+02  7.560185e+00 -5.839621e-15 
 1058.000  2.896744e+02  7.452453e+00  5.689363e-15 
 1059.000  2.804617e+02  7.201492e+00 -9.716137e-17 
 1060.000  2.905426e+02  7.447901e+00 -1.501396e-15 
 1061.000  2.802599e+02  7.169889e+00  9.707798e-17 
 1062.000  2.878074e+02  7.346000e+00 -2.882761e-15 
 1063.000  2.827448e+02  7.201871e+00 -9.826272e-17 
 1064.000  2.861927e+02  7.273392e+00  1.487553e-15 
 1065.000  2.856682e+02  7.243862e+00 -9.961839e-17 
 1066.000  2.769062e+02  7.008891e+00 -2.689574e-15 
 1067.000  2.834209e+02  7.159225e+00  0.000000e+00 
 1068.000  2.819917e+02  7.105165e+00 -1.473185e-15 
 1069.000  2.609781e+02  6.564032e+00  1.508903e-16 
 1070.000  2.767668e+02  6.950171e+00  6.424008e-16 
 1071.000  2.772208e+02  6.946885e+00  6.401501e-16 
 1072.000  2.779894e+02  6.951280e+00 -6.986241e-16 
 1073.000  2.689640e+02  6.713642e+00  1.512028e-15 
 1074.000  2.786289e+02  6.943571e+00 -7.069358e-16 
 1075.000  2.705692e+02  6.735529e+00 -1.334456e-15 
 1076.000  2.763810e+02  6.865771e+00  1.738970e-15 
 1077.000  2.755686e+02  6.830370e+00 -1.869596e-15 
 1078.000  2.760856e+02  6.827437e+00  8.370973e-16 
 1079.000  2.654588e+02  6.552951e+00  3.992894e-16 
 1080.000  2.722511e+02  6.699043e+00 -2.124417e-15 
 1081.000  2.623056e+02  6.442705e+00 -4.884608e-16 
 1082.000  2.662666e+02  6.532847e+00 -1.292264e-15 
 1083.000  2.585812e+02  6.328550e+00  7.784284e-16 
 1084.000  2.678263e+02  6.538302e+00 -2.533673e-15 
 1085.000  2.626654e+02  6.390244e+00 -1.564583e-15 
 1086.000  2.665894e+02  6.476956e+00  3.981867e-16 
 1087.000  2.521195e+02  6.126753e+00  1.258459e-15 
 1088.000  2.675855e+02  6.491874e+00 -1.247374e-15 
 1089.000  2.551428e+02  6.164722e+00  0.000000e+00 
 1090.000  2.603106e+02  6.276204e+00 -1.097439e-15 
 1091.000  2.625179e+02  6.320957e+00  7.260007e-16 
 1092.000  2.553318e+02  6.131116e+00 -9.266046e-16 
 1093.000  2.495656e+02  5.970827e+00  8.730386e-16 
 1094.000  2.260806e+02  5.395901e+00  5.765722e-16 
 1095.000  2.449420e+02  5.836445e+00  2.306065e-16 
 1096.000  2.441572e+02  5.807976e+00  2.009132e-15 
 1097.000  2.403951e+02  5.706769e+00 -6.057449e-16 
 1098.000  2.298907e+02  5.435536e+00  5.761127e-16 
 1099.000  2.232448e+02  5.266943e+00  4.883738e-16 
 1100.000  2.275808e+02  5.359837e+00  1.043692e-16 
