  400.000  3.030614e+02  1.988793e+02  1.061544e-13 
  401.000  3.025114e+02  1.960308e+02 -1.134468e-13 
  402.000  3.219409e+02  2.060243e+02 -7.143454e-14 
  403.000  3.027633e+02  1.913555e+02 -1.590694e-13 
  404.000  3.266605e+02  2.039221e+02 -1.241994e-13 
  405.000  3.007455e+02  1.854514e+02  3.519437e-14 
  406.000  2.996299e+02  1.825219e+02  4.372852e-14 
  407.000  2.929307e+02  1.762900e+02 -1.350269e-14 
  408.000  3.185300e+02  1.893997e+02  1.801892e-13 
  409.000  3.538647e+02  2.079050e+02  1.769320e-13 
  410.000  2.969094e+02  1.723783e+02 -1.101155e-13 
  411.000  3.498855e+02  2.007460e+02  4.819188e-14 
  412.000  3.637885e+02  2.062828e+02  6.714011e-14 
  413.000  3.448178e+02  1.932546e+02 -1.667327e-13 
  414.000  3.394873e+02  1.880646e+02  2.878716e-14 
  415.000  3.632810e+02  1.989384e+02  1.701025e-14 
  416.000  3.622483e+02  1.961113e+02  9.321024e-14 
  417.000  3.523484e+02  1.885893e+02 -3.366595e-14 
  418.000  3.457489e+02  1.829708e+02  1.788986e-13 
  419.000  3.553080e+02  1.859218e+02 -9.407867e-14 
  420.000  3.016442e+02  1.560823e+02 -6.569840e-14 
  421.000  3.790487e+02  1.939622e+02 -8.091864e-14 
  422.000  3.642684e+02  1.843474e+02  1.743039e-14 
  423.000  3.085340e+02  1.544331e+02 -5.502219e-14 
  424.000  3.403333e+02  1.684967e+02 -6.034276e-14 
  425.000  3.534556e+02  1.730990e+02  1.453560e-13 
  426.000  3.406966e+02  1.650544e+02 -1.005324e-13 
  427.000  3.285952e+02  1.574879e+02  1.240482e-14 
  428.000  3.336072e+02  1.581881e+02  7.038248e-14 
  429.000  3.042900e+02  1.427592e+02  1.469285e-13 
  430.000  2.434358e+02  1.130067e+02  5.986473e-14 
  431.000  2.194203e+02  1.007921e+02  1.248352e-13 
  432.000  3.959383e+02  1.799833e+02  4.593257e-14 
  433.000  3.533044e+02  1.589403e+02 -4.477950e-14 
  434.000  3.366124e+02  1.498721e+02  2.112393e-13 
  435.000  3.671002e+02  1.617729e+02 -1.535593e-14 
  436.000  4.080176e+02  1.779731e+02 -7.809616e-14 
  437.000  4.129119e+02  1.782834e+02  8.323714e-14 
  438.000  3.707306e+02  1.584577e+02 -5.909456e-14 
  439.000  3.595602e+02  1.521431e+02  2.951109e-14 
  440.000  4.038943e+02  1.691980e+02  2.177183e-13 
  441.000  4.034709e+02  1.673435e+02  1.530755e-13 
  442.000  4.258577e+02  1.748844e+02  1.608491e-13 
  443.000  4.296223e+02  1.746966e+02  1.811963e-13 
  444.000  4.277319e+02  1.722268e+02 -1.921889e-13 
  445.000  4.508567e+02  1.797702e+02  1.393131e-13 
  446.000  4.021415e+02  1.587905e+02 -2.293570e-13 
  447.000  4.596043e+02  1.797357e+02  5.464256e-14 
  448.000  4.682671e+02  1.813824e+02 -5.541848e-14 
  449.000  4.724738e+02  1.812840e+02 -5.317306e-14 
  450.000  4.837987e+02  1.838841e+02 -5.420201e-14 
  451.000  5.239182e+02  1.972666e+02 -7.610237e-14 
  452.000  4.880089e+02  1.820299e+02 -7.059074e-14 
  453.000  4.538820e+02  1.677258e+02  3.269325e-14 
  454.000  4.848273e+02  1.775022e+02  2.113724e-14 
  455.000  4.890937e+02  1.774124e+02  3.495662e-14 
  456.000  5.017755e+02  1.803383e+02 -2.195649e-13 
  457.000  5.054182e+02  1.799862e+02 -1.127727e-13 
  458.000  4.973368e+02  1.754963e+02  8.921270e-14 
  459.000  4.980684e+02  1.741616e+02 -4.267758e-14 
  460.000  4.945119e+02  1.713589e+02 -1.017506e-13 
  461.000  5.132388e+02  1.762525e+02  2.208422e-13 
  462.000  5.056515e+02  1.720959e+02 -8.698801e-14 
  463.000  5.065472e+02  1.708681e+02 -2.896110e-13 
  464.000  5.091933e+02  1.702509e+02  7.058227e-14 
  465.000  5.027057e+02  1.666105e+02  1.859624e-14 
  466.000  5.195879e+02  1.707045e+02 -2.360573e-13 
  467.000  5.021516e+02  1.635430e+02 -8.227764e-14 
  468.000  5.323571e+02  1.718734e+02  1.817321e-13 
  469.000  5.283323e+02  1.690911e+02 -1.490588e-13 
  470.000  5.216432e+02  1.655007e+02 -1.898622e-14 
  471.000  5.212374e+02  1.639366e+02 -7.317808e-14 
  472.000  5.280684e+02  1.646447e+02 -3.571480e-14 
  473.000  5.226409e+02  1.615375e+02  1.638230e-14 
  474.000  5.271154e+02  1.615068e+02  7.112067e-14 
  475.000  5.485374e+02  1.665967e+02  0.000000e+00 
  476.000  5.316302e+02  1.600314e+02  3.329335e-14 
  477.000  5.267810e+02  1.571913e+02  1.649371e-14 
  478.000  5.534026e+02  1.637934e+02  5.716080e-14 
  479.000  5.290976e+02  1.553771e+02  0.000000e+00 
  480.000  5.404049e+02  1.574756e+02 -9.124953e-14 
  481.000  5.379079e+02  1.555315e+02 -2.355774e-13 
  482.000  5.499610e+02  1.577744e+02 -7.258754e-14 
  483.000  5.512418e+02  1.568978e+02 -3.624186e-14 
  484.000  5.306376e+02  1.498378e+02 -1.366015e-13 
  485.000  5.350953e+02  1.498979e+02  2.510391e-15 
  486.000  4.343575e+02  1.207158e+02  2.031523e-15 
  487.000  4.888211e+02  1.347823e+02  2.278891e-15 
  488.000  5.314186e+02  1.453768e+02  0.000000e+00 
  489.000  4.946068e+02  1.342478e+02 -9.117282e-14 
  490.000  5.637695e+02  1.518279e+02  1.114212e-13 
  491.000  5.280438e+02  1.410989e+02  1.851939e-13 
  492.000  5.078688e+02  1.346538e+02 -1.452024e-13 
  493.000  5.474428e+02  1.440242e+02 -1.749252e-13 
  494.000  5.292986e+02  1.381780e+02  8.075005e-14 
  495.000  5.662872e+02  1.467010e+02 -9.138542e-14 
  496.000  5.517250e+02  1.418312e+02  3.506997e-14 
  497.000  5.353878e+02  1.365798e+02  1.821734e-14 
  498.000  5.229178e+02  1.323840e+02  8.172480e-14 
  499.000  5.218252e+02  1.311061e+02  4.747585e-15 
  500.000  5.196935e+02  1.295854e+02 -1.868215e-13 
  501.000  5.081840e+02  1.257627e+02  4.935772e-14 
  502.000  5.049935e+02  1.240379e+02 -1.128129e-13 
  503.000  5.352426e+02  1.304883e+02 -8.567644e-14 
  504.000  4.981167e+02  1.205361e+02  1.570732e-13 
  505.000  5.373947e+02  1.290794e+02  1.511710e-13 
  506.000  5.758030e+02  1.372966e+02  2.366247e-13 
  507.000  5.362229e+02  1.269314e+02  3.605398e-14 
  508.000  5.147023e+02  1.209574e+02  3.452875e-14 
  509.000  5.555110e+02  1.296088e+02 -1.412602e-13 
  510.000  5.387199e+02  1.247905e+02  3.357019e-14 
  511.000  5.392782e+02  1.240272e+02 -6.948557e-14 
  512.000  5.664020e+02  1.293381e+02  3.515860e-14 
  513.000  5.187484e+02  1.176169e+02  3.213964e-14 
  514.000  5.082110e+02  1.144144e+02 -3.368438e-14 
  515.000  5.191826e+02  1.160629e+02 -6.639488e-14 
  516.000  5.455856e+02  1.211087e+02 -5.165403e-14 
  517.000  4.019737e+02  8.860361e+01  0.000000e+00 
  518.000  4.977587e+02  1.089498e+02 -9.408296e-14 
  519.000  4.716645e+02  1.025196e+02 -7.353369e-14 
  520.000  5.193804e+02  1.121085e+02  4.899980e-14 
  521.000  5.197420e+02  1.114113e+02  1.938560e-14 
  522.000  5.403967e+02  1.150398e+02  5.091219e-14 
  523.000  5.034163e+02  1.064290e+02  3.086557e-14 
  524.000  5.461923e+02  1.146805e+02  3.106927e-14 
  525.000  5.418167e+02  1.129836e+02 -3.557427e-14 
  526.000  5.163654e+02  1.069451e+02 -6.323198e-14 
  527.000  4.510136e+02  9.277605e+01 -9.762551e-14 
  528.000  5.415645e+02  1.106492e+02  3.315181e-14 
  529.000  5.568323e+02  1.130022e+02 -1.205219e-13 
  530.000  5.260581e+02  1.060411e+02  4.714377e-14 
  531.000  5.725062e+02  1.146337e+02 -1.877823e-14 
  532.000  5.461005e+02  1.086216e+02  2.399243e-15 
  533.000  4.797879e+02  9.480663e+01  1.215210e-13 
  534.000  5.219236e+02  1.024643e+02 -1.126543e-13 
  535.000  5.327284e+02  1.039133e+02  8.234286e-14 
  536.000  5.655012e+02  1.095992e+02 -6.883662e-14 
  537.000  5.248379e+02  1.010674e+02  1.480514e-14 
  538.000  5.495743e+02  1.051544e+02 -8.221191e-14 
  539.000  5.479271e+02  1.041706e+02 -1.198707e-13 
  540.000  5.363744e+02  1.013257e+02  4.990332e-14 
  541.000  4.919879e+02  9.235156e+01  4.786387e-14 
  542.000  5.489681e+02  1.023963e+02 -1.540205e-14 
  543.000  5.252569e+02  9.735660e+01 -1.461694e-13 
  544.000  5.541257e+02  1.020620e+02 -8.240254e-14 
  545.000  5.459466e+02  9.992519e+01  0.000000e+00 
  546.000  5.338763e+02  9.710565e+01 -1.724640e-14 
  547.000  5.566353e+02  1.006157e+02 -8.263325e-14 
  548.000  5.165413e+02  9.278988e+01  3.110219e-14 
  549.000  5.436964e+02  9.706511e+01  3.271944e-14 
  550.000  5.318422e+02  9.436401e+01  1.484928e-14 
  551.000  5.286210e+02  9.321500e+01  7.835543e-14 
  552.000  5.515270e+02  9.665786e+01  1.042826e-13 
  553.000  5.300268e+02  9.232190e+01 -7.855030e-14 
  554.000  5.474528e+02  9.477620e+01  0.000000e+00 
  555.000  5.491035e+02  9.448487e+01 -8.374264e-14 
  556.000  5.340569e+02  9.133961e+01  4.933264e-14 
  557.000  5.182598e+02  8.810226e+01  3.341421e-14 
  558.000  5.379939e+02  9.090623e+01  8.208777e-14 
  559.000  5.085578e+02  8.541633e+01 -6.121454e-14 
  560.000  5.108046e+02  8.527926e+01 -4.723435e-14 
  561.000  5.613862e+02  9.316282e+01 -1.812086e-14 
  562.000  5.152750e+02  8.499637e+01 -4.770414e-14 
  563.000  5.390597e+02  8.838918e+01 -4.993371e-14 
  564.000  5.314058e+02  8.661399e+01 -1.488493e-14 
  565.000  5.375789e+02  8.709447e+01 -3.247920e-14 
  566.000  4.954693e+02  7.979379e+01 -6.207953e-14 
  567.000  5.312115e+02  8.502834e+01 -1.724943e-14 
  568.000  5.295813e+02  8.422160e+01 -1.495488e-14 
  569.000  5.188421e+02  8.193857e+01  3.294251e-14 
  570.000  5.212334e+02  8.184177e+01 -1.597374e-14 
  571.000  5.021619e+02  7.843365e+01  1.424096e-14 
  572.000  5.304869e+02  8.231088e+01  1.746690e-14 
  573.000  5.357307e+02  8.265213e+01 -1.527527e-14 
  574.000  5.324191e+02  8.166415e+01 -3.273649e-14 
  575.000  5.193166e+02  7.919026e+01 -4.051846e-14 
  576.000  5.102032e+02  7.735748e+01  8.407142e-15 
  577.000  5.319720e+02  8.022459e+01 -7.572237e-15 
  578.000  5.170126e+02  7.755859e+01 -3.161271e-14 
  579.000  5.143423e+02  7.676655e+01  0.000000e+00 
  580.000  5.339413e+02  7.929911e+01 -3.233496e-14 
  581.000  5.264450e+02  7.781896e+01 -1.469819e-14 
  582.000  5.361374e+02  7.886126e+01  3.324193e-14 
  583.000  5.414083e+02  7.922992e+01 -3.459798e-14 
  584.000  5.410201e+02  7.876467e+01  1.722857e-14 
  585.000  5.386689e+02  7.801413e+01  1.710378e-14 
  586.000  5.166888e+02  7.444268e+01 -4.688524e-14 
  587.000  5.379119e+02  7.706547e+01 -1.474690e-14 
  588.000  5.339736e+02  7.601821e+01  6.039233e-15 
  589.000  4.743649e+02  6.707095e+01 -1.292957e-14 
  590.000  4.958757e+02  6.973735e+01  3.592859e-14 
  591.000  5.271838e+02  7.382365e+01 -6.724604e-14 
  592.000  5.177690e+02  7.208488e+01 -3.170996e-14 
  593.000  5.233461e+02  7.256985e+01  3.367808e-14 
  594.000  5.287212e+02  7.290985e+01 -8.778135e-15 
  595.000  5.193192e+02  7.117860e+01 -9.238012e-15 
  596.000  5.318294e+02  7.260224e+01 -1.014761e-14 
  597.000  5.333967e+02  7.241351e+01 -1.503189e-14 
  598.000  5.221755e+02  7.056052e+01 -4.661727e-14 
  599.000  5.219117e+02  7.015773e+01  0.000000e+00 
  600.000  5.216788e+02  6.980770e+01 -4.705621e-14 
  601.000  5.184058e+02  6.903961e+01  9.119304e-14 
  602.000  5.126448e+02  6.793321e+01  4.616111e-14 
  603.000  5.160851e+02  6.805203e+01  4.639282e-14 
  604.000  5.332668e+02  6.997554e+01 -3.335548e-14 
  605.000  5.327051e+02  6.955676e+01  4.763609e-14 
  606.000  5.272575e+02  6.850253e+01  1.225497e-13 
  607.000  5.250104e+02  6.787147e+01 -4.676578e-14 
  608.000  5.238237e+02  6.738257e+01 -9.096387e-14 
  609.000  5.191577e+02  6.645193e+01  0.000000e+00 
  610.000  5.115615e+02  6.515686e+01 -1.580908e-14 
  611.000  5.206479e+02  6.598837e+01 -1.059375e-13 
  612.000  5.146318e+02  6.490613e+01  1.583739e-14 
  613.000  5.078483e+02  6.373711e+01  4.470208e-14 
  614.000  4.902051e+02  6.122226e+01 -3.005203e-14 
  615.000  5.144065e+02  6.393198e+01  1.573721e-14 
  616.000  4.897680e+02  6.057386e+01 -1.295173e-14 
  617.000  4.931761e+02  6.069892e+01  5.610301e-14 
  618.000  5.170236e+02  6.332446e+01  1.573605e-14 
  619.000  5.127980e+02  6.250087e+01  4.467404e-14 
  620.000  5.208662e+02  6.317515e+01 -1.338501e-13 
  621.000  5.302751e+02  6.400278e+01 -1.392818e-14 
  622.000  5.026721e+02  6.037500e+01  2.842392e-14 
  623.000  5.068939e+02  6.058353e+01  4.399593e-14 
  624.000  5.077446e+02  6.038897e+01  4.198247e-14 
  625.000  4.942486e+02  5.849706e+01  2.789684e-14 
  626.000  4.969950e+02  5.853138e+01  1.503259e-14 
  627.000  5.052836e+02  5.917894e+01  2.864185e-14 
  628.000  4.893642e+02  5.680095e+01 -2.444468e-14 
  629.000  5.088534e+02  5.892794e+01 -1.499967e-14 
  630.000  4.922585e+02  5.675802e+01 -1.583993e-14 
  631.000  5.123184e+02  5.883725e+01 -1.351350e-14 
  632.000  4.794907e+02  5.483245e+01  1.105413e-14 
  633.000  5.159895e+02  5.878312e+01  1.551116e-14 
  634.000  5.021299e+02  5.697148e+01 -1.500191e-14 
  635.000  5.129312e+02  5.794839e+01  0.000000e+00 
  636.000  4.961079e+02  5.581079e+01  0.000000e+00 
  637.000  5.138873e+02  5.756571e+01 -5.656034e-14 
  638.000  5.231421e+02  5.836531e+01 -2.863947e-14 
  639.000  5.200508e+02  5.776897e+01  5.675079e-14 
  640.000  5.049598e+02  5.585945e+01  1.273216e-14 
  641.000  5.133697e+02  5.654282e+01 -4.270772e-14 
  642.000  5.081964e+02  5.573642e+01  6.957526e-14 
  643.000  5.179979e+02  5.655117e+01  1.296566e-14 
  644.000  5.128979e+02  5.575002e+01  4.239169e-14 
  645.000  5.182231e+02  5.606644e+01  4.281804e-14 
  646.000  4.997514e+02  5.378439e+01  2.373584e-14 
  647.000  5.075114e+02  5.434529e+01 -8.078458e-15 
  648.000  5.074910e+02  5.407045e+01 -2.047177e-14 
  649.000  5.181503e+02  5.499804e+01 -9.124254e-14 
  650.000  4.803155e+02  5.081464e+01  5.229611e-14 
  651.000  5.180281e+02  5.456670e+01 -1.482351e-14 
  652.000  5.091169e+02  5.334798e+01  1.541286e-14 
  653.000  5.195295e+02  5.426499e+01  0.000000e+00 
  654.000  5.133593e+02  5.338028e+01  2.923924e-14 
  655.000  5.007241e+02  5.182983e+01 -1.185354e-14 
  656.000  4.255913e+02  4.387219e+01  5.343907e-16 
  657.000  4.546803e+02  4.668316e+01  2.651450e-14 
  658.000  5.066516e+02  5.181229e+01  2.669121e-14 
  659.000  5.084618e+02  5.179453e+01  0.000000e+00 
  660.000  5.129308e+02  5.203470e+01  6.620721e-14 
  661.000  5.157847e+02  5.212611e+01  0.000000e+00 
  662.000  5.237729e+02  5.272076e+01 -2.921097e-14 
  663.000  5.185009e+02  5.196869e+01  7.027578e-14 
  664.000  5.108701e+02  5.099458e+01 -6.529931e-14 
  665.000  5.137087e+02  5.106807e+01  1.234404e-14 
  666.000  5.205158e+02  5.153503e+01 -5.572234e-14 
  667.000  5.107737e+02  5.036474e+01  5.457750e-14 
  668.000  5.142772e+02  5.050550e+01 -2.647064e-14 
  669.000  5.222626e+02  5.108089e+01  8.243337e-14 
  670.000  5.165993e+02  5.032119e+01 -5.300263e-14 
  671.000  5.117083e+02  4.964262e+01  1.881570e-15 
  672.000  5.106175e+02  4.933593e+01  5.409390e-14 
  673.000  5.148522e+02  4.954389e+01  1.333119e-13 
  674.000  5.164268e+02  4.949495e+01  5.075860e-14 
  675.000  5.091017e+02  4.859669e+01  5.368153e-14 
  676.000  5.192648e+02  4.936785e+01 -2.638879e-14 
  677.000  5.094437e+02  4.824010e+01  5.356513e-14 
  678.000  5.183832e+02  4.889052e+01  7.881703e-14 
  679.000  5.115503e+02  4.805315e+01  2.589344e-14 
  680.000  5.080623e+02  4.753185e+01  1.844858e-15 
  681.000  5.090471e+02  4.743004e+01  2.572820e-14 
  682.000  5.084085e+02  4.718159e+01  1.191246e-14 
  683.000  5.122447e+02  4.734689e+01  0.000000e+00 
  684.000  5.035316e+02  4.635306e+01  2.720783e-14 
  685.000  5.095980e+02  4.672999e+01  3.939547e-14 
  686.000  4.865711e+02  4.441430e+01  6.417485e-14 
  687.000  4.114940e+02  3.717747e+01  6.014294e-15 
  688.000  4.353144e+02  3.915247e+01  2.847902e-14 
  689.000  4.302295e+02  3.854967e+01 -1.192190e-14 
  690.000  4.447274e+02  3.969026e+01  4.239895e-14 
  691.000  4.638985e+02  4.127794e+01 -2.683952e-14 
  692.000  4.729312e+02  4.198217e+01  3.088189e-17 
  693.000  4.779648e+02  4.227544e+01 -3.502103e-15 
  694.000  4.823670e+02  4.249213e+01 -2.134193e-14 
  695.000  4.787040e+02  4.204271e+01  1.512179e-14 
  696.000  4.870272e+02  4.263256e+01  1.055706e-14 
  697.000  4.966212e+02  4.341134e+01 -3.458375e-14 
  698.000  4.861218e+02  4.230853e+01 -2.371188e-14 
  699.000  4.881298e+02  4.223599e+01  1.956749e-14 
  700.000  4.839594e+02  4.172858e+01 -3.395081e-14 
  701.000  4.717997e+02  4.051046e+01 -1.250836e-14 
  702.000  4.709736e+02  4.029847e+01  2.137779e-14 
  703.000  4.839192e+02  4.131978e+01 -1.297598e-14 
  704.000  4.858851e+02  4.133513e+01 -4.283498e-14 
  705.000  4.873759e+02  4.127589e+01 -2.398807e-14 
  706.000  4.829524e+02  4.075418e+01  4.878032e-16 
  707.000  4.768022e+02  4.009579e+01  1.543910e-15 
  708.000  4.918750e+02  4.122164e+01 -1.387517e-14 
  709.000  4.765319e+02  3.981274e+01  2.915537e-15 
  710.000  4.857399e+02  4.040512e+01 -6.857647e-15 
  711.000  4.831668e+02  4.007001e+01 -2.152866e-14 
  712.000  4.784320e+02  3.955571e+01  1.397522e-14 
  713.000  4.752408e+02  3.912828e+01  4.650989e-15 
  714.000  4.830634e+02  3.962043e+01  4.315942e-15 
  715.000  4.641325e+02  3.790081e+01  3.974356e-15 
  716.000  4.740520e+02  3.854283e+01  6.392520e-15 
  717.000  4.448604e+02  3.593283e+01 -1.599233e-14 
  718.000  4.318318e+02  3.473126e+01  4.967864e-15 
  719.000  4.231645e+02  3.390888e+01 -1.165573e-15 
  720.000  4.203831e+02  3.356873e+01 -2.640103e-15 
  721.000  4.459618e+02  3.552682e+01  5.990228e-15 
  722.000  4.616542e+02  3.670318e+01 -8.545156e-15 
  723.000  4.556931e+02  3.606544e+01  1.640866e-15 
  724.000  4.436912e+02  3.493668e+01 -4.424704e-15 
  725.000  4.412521e+02  3.462568e+01 -2.184479e-15 
  726.000  4.399016e+02  3.439668e+01 -4.036564e-16 
  727.000  4.486966e+02  3.496604e+01  0.000000e+00 
  728.000  4.388466e+02  3.407366e+01  1.539969e-15 
  729.000  4.270048e+02  3.305277e+01  1.021024e-14 
  730.000  4.419243e+02  3.408570e+01  3.756247e-16 
  731.000  4.335819e+02  3.332321e+01 -5.829444e-15 
  732.000  4.513817e+02  3.460818e+01 -1.186517e-14 
  733.000  4.534206e+02  3.470360e+01 -2.130374e-15 
  734.000  4.671459e+02  3.566849e+01  1.023247e-14 
  735.000  4.620977e+02  3.514693e+01  1.603150e-14 
  736.000  4.509723e+02  3.415907e+01 -1.980639e-15 
  737.000  4.590838e+02  3.467126e+01 -3.831647e-14 
  738.000  4.607443e+02  3.470348e+01  2.386821e-14 
  739.000  4.471025e+02  3.357227e+01 -3.558528e-16 
  740.000  4.540005e+02  3.400171e+01  6.751903e-16 
  741.000  4.517345e+02  3.372702e+01 -3.440753e-14 
  742.000  4.450502e+02  3.312304e+01  1.076297e-14 
  743.000  4.596011e+02  3.410760e+01  0.000000e+00 
  744.000  4.646451e+02  3.437289e+01  3.433354e-14 
  745.000  4.531198e+02  3.341285e+01  3.343402e-14 
  746.000  4.599019e+02  3.380316e+01 -1.584411e-15 
  747.000  4.673388e+02  3.423555e+01 -4.642898e-14 
  748.000  4.593010e+02  3.353954e+01 -6.755328e-14 
  749.000  4.597603e+02  3.346329e+01 -8.955047e-14 
  750.000  4.530679e+02  3.286403e+01 -4.645390e-14 
  751.000  4.521305e+02  3.268755e+01 -2.161336e-14 
  752.000  4.595518e+02  3.311858e+01  6.581510e-14 
  753.000  4.555011e+02  3.271964e+01 -2.016798e-14 
  754.000  4.628976e+02  3.314235e+01  4.413084e-14 
  755.000  4.604684e+02  3.286044e+01  1.574989e-15 
  756.000  4.516790e+02  3.212794e+01 -2.304926e-14 
  757.000  4.551573e+02  3.226933e+01  6.498346e-14 
  758.000  4.536955e+02  3.204942e+01 -2.320478e-14 
  759.000  4.013582e+02  2.806051e+01  4.058960e-15 
  760.000  1.229059e+02  8.517616e+00  9.998494e-19 
  761.000  1.027335e+02  7.079337e+00  8.444987e-17 
  762.000  2.388062e+02  1.628589e+01 -6.552411e-16 
  763.000  1.970833e+02  1.347367e+01 -1.604642e-17 
  764.000  2.212886e+02  1.502794e+01 -6.310119e-16 
  765.000  2.789926e+02  1.886791e+01  1.352630e-15 
  766.000  3.345786e+02  2.287682e+01  3.495758e-15 
  767.000  3.758011e+02  2.559819e+01  1.122851e-14 
  768.000  4.155677e+02  2.826027e+01 -1.399718e-15 
  769.000  4.304788e+02  2.926296e+01 -2.440938e-14 
  770.000  4.370524e+02  2.967339e+01 -4.470087e-14 
  771.000  4.412126e+02  2.989241e+01  2.087236e-14 
  772.000  4.404532e+02  2.975464e+01  4.156372e-14 
  773.000  4.391672e+02  2.957766e+01 -4.287072e-14 
  774.000  4.444487e+02  2.984375e+01  1.500869e-15 
  775.000  4.281541e+02  2.866256e+01 -2.011416e-14 
  776.000  4.460921e+02  2.977205e+01 -1.061991e-13 
  777.000  4.431761e+02  2.948553e+01 -2.079336e-14 
  778.000  4.409309e+02  2.924450e+01  1.484967e-15 
  779.000  4.424832e+02  2.925585e+01  0.000000e+00 
  780.000  4.371192e+02  2.881114e+01  2.196790e-14 
  781.000  4.366035e+02  2.868987e+01  0.000000e+00 
  782.000  4.419742e+02  2.895266e+01  2.219377e-14 
  783.000  4.317542e+02  2.819567e+01  0.000000e+00 
  784.000  4.342010e+02  2.826656e+01  4.068350e-14 
  785.000  4.350547e+02  2.822803e+01  6.269502e-14 
  786.000  4.272161e+02  2.762584e+01  0.000000e+00 
  787.000  4.324519e+02  2.785805e+01  2.041681e-14 
  788.000  4.257241e+02  2.733669e+01  1.024497e-14 
  789.000  4.260556e+02  2.724267e+01  1.401318e-14 
  790.000  4.216474e+02  2.687653e+01 -1.453034e-14 
  791.000  4.200260e+02  2.669785e+01 -2.065566e-16 
  792.000  4.138879e+02  2.623353e+01  0.000000e+00 
  793.000  4.145200e+02  2.620699e+01  6.868629e-15 
  794.000  4.120685e+02  2.599779e+01  2.975727e-14 
  795.000  4.089733e+02  2.571186e+01  1.497013e-14 
  796.000  4.128188e+02  2.583436e+01  7.105036e-15 
  797.000  4.164608e+02  2.599583e+01 -1.063574e-14 
  798.000  4.188446e+02  2.609371e+01 -5.865813e-15 
  799.000  4.181502e+02  2.596673e+01  1.976935e-14 
  800.000  4.059207e+02  2.511394e+01 -2.775329e-15 
  801.000  4.137437e+02  2.552445e+01  1.939928e-14 
  802.000  4.128980e+02  2.539530e+01  1.927134e-14 
  803.000  4.073012e+02  2.497996e+01 -1.276274e-14 
  804.000  4.117925e+02  2.518992e+01  3.229509e-15 
  805.000  4.019359e+02  2.453189e+01 -5.167796e-15 
  806.000  4.134630e+02  2.516756e+01  1.040620e-14 
  807.000  4.111316e+02  2.495312e+01 -1.999488e-14 
  808.000  4.085071e+02  2.472036e+01  4.289032e-14 
  809.000  4.011242e+02  2.419588e+01  9.882623e-15 
  810.000  3.987763e+02  2.397696e+01 -3.062786e-14 
  811.000  4.038920e+02  2.419928e+01  2.278839e-14 
  812.000  4.007095e+02  2.392075e+01 -1.458165e-14 
  813.000  3.967076e+02  2.359336e+01  1.012991e-14 
  814.000  3.929807e+02  2.328171e+01 -1.261772e-14 
  815.000  3.846812e+02  2.270225e+01  9.653449e-15 
  816.000  3.758040e+02  2.209583e+01  7.416121e-15 
  817.000  3.784867e+02  2.219066e+01  8.106866e-16 
  818.000  3.767135e+02  2.202513e+01 -4.901739e-15 
  819.000  3.684514e+02  2.148675e+01  1.045426e-14 
  820.000  3.674194e+02  2.139148e+01 -1.646155e-15 
  821.000  3.867371e+02  2.249781e+01  5.456211e-16 
  822.000  3.707212e+02  2.147097e+01  1.605268e-15 
  823.000  3.605917e+02  2.077770e+01  2.775012e-15 
  824.000  3.791942e+02  2.182610e+01 -3.544280e-15 
  825.000  3.867209e+02  2.224773e+01 -1.564892e-14 
  826.000  3.878703e+02  2.224136e+01 -6.716507e-15 
  827.000  3.856745e+02  2.204666e+01  3.398245e-15 
  828.000  3.796832e+02  2.161315e+01 -7.300484e-15 
  829.000  3.814743e+02  2.166473e+01 -1.553724e-14 
  830.000  3.775840e+02  2.139673e+01 -8.014178e-15 
  831.000  3.714985e+02  2.099670e+01  1.336283e-14 
  832.000  3.793691e+02  2.138380e+01  6.619439e-15 
  833.000  3.687722e+02  2.073697e+01 -1.771816e-15 
  834.000  3.756139e+02  2.107347e+01 -7.769638e-15 
  835.000  3.787737e+02  2.121395e+01 -1.252531e-14 
  836.000  3.825120e+02  2.135734e+01 -2.299739e-14 
  837.000  3.793364e+02  2.112136e+01  0.000000e+00 
  838.000  3.818720e+02  2.121541e+01  1.220807e-14 
  839.000  3.706379e+02  2.054185e+01  1.717786e-14 
  840.000  3.808578e+02  2.105340e+01 -9.335299e-15 
  841.000  3.813146e+02  2.101395e+01 -9.236823e-15 
  842.000  3.795475e+02  2.086656e+01 -3.324738e-14 
  843.000  3.782313e+02  2.075447e+01 -6.038032e-15 
  844.000  3.723550e+02  2.038118e+01 -2.594277e-14 
  845.000  3.783474e+02  2.065755e+01 -1.880727e-14 
  846.000  3.819467e+02  2.080157e+01 -8.845886e-15 
  847.000  3.691501e+02  2.005558e+01 -9.147250e-15 
  848.000  3.797259e+02  2.056757e+01  0.000000e+00 
  849.000  3.804279e+02  2.055061e+01  1.889027e-14 
  850.000  3.289030e+02  1.771728e+01 -2.342150e-14 
  851.000  3.766273e+02  2.022949e+01  8.114872e-15 
  852.000  3.624338e+02  1.941584e+01  8.410433e-15 
  853.000  3.670633e+02  1.961906e+01 -1.760111e-14 
  854.000  2.951417e+02  1.573288e+01 -1.366155e-14 
  855.000  3.250176e+02  1.728223e+01 -1.502778e-14 
  856.000  3.691415e+02  1.958395e+01  0.000000e+00 
  857.000  3.751544e+02  1.985335e+01 -2.654399e-14 
  858.000  3.693029e+02  1.949435e+01  1.821937e-14 
  859.000  3.694334e+02  1.945386e+01  1.819970e-14 
  860.000  3.663029e+02  1.924095e+01  1.682068e-14 
  861.000  3.663349e+02  1.919274e+01  1.681755e-14 
  862.000  3.652397e+02  1.908674e+01  1.675763e-14 
  863.000  3.722932e+02  1.940490e+01 -1.226123e-15 
  864.000  3.716426e+02  1.932158e+01  1.704031e-14 
  865.000  3.648051e+02  1.891765e+01  1.200464e-15 
  866.000  3.060588e+02  1.583036e+01  1.503168e-14 
  867.000  3.259707e+02  1.681661e+01 -1.493562e-14 
  868.000  3.535897e+02  1.819456e+01  0.000000e+00 
  869.000  3.486978e+02  1.789692e+01 -3.308723e-14 
  870.000  3.631373e+02  1.859001e+01 -1.663018e-14 
  871.000  3.626934e+02  1.851993e+01  0.000000e+00 
  872.000  3.613177e+02  1.840305e+01 -5.080021e-14 
  873.000  3.628071e+02  1.843120e+01  3.321299e-14 
  874.000  3.549042e+02  1.798350e+01  1.741032e-14 
  875.000  3.516964e+02  1.777557e+01 -4.944144e-14 
  876.000  3.546455e+02  1.787821e+01  1.623322e-14 
  877.000  3.617588e+02  1.819013e+01  6.742569e-14 
  878.000  3.554763e+02  1.782596e+01 -3.374393e-14 
  879.000  3.563438e+02  1.782415e+01 -1.749807e-14 
  880.000  3.543779e+02  1.767985e+01  8.704201e-15 
  881.000  3.360674e+02  1.672377e+01  8.254799e-15 
  882.000  3.546629e+02  1.760376e+01  0.000000e+00 
  883.000  3.466497e+02  1.716399e+01  1.702457e-14 
  884.000  3.496593e+02  1.727016e+01 -2.460065e-14 
  885.000  3.533224e+02  1.740417e+01 -7.519992e-15 
  886.000  3.416794e+02  1.678351e+01 -1.626301e-14 
  887.000  3.383447e+02  1.658240e+01  1.551918e-14 
  888.000  3.485268e+02  1.703880e+01 -8.566532e-15 
  889.000  3.509532e+02  1.711623e+01 -8.620577e-15 
  890.000  3.498000e+02  1.701472e+01 -2.465157e-14 
  891.000  3.478510e+02  1.687280e+01  5.740836e-16 
  892.000  3.461176e+02  1.673564e+01  0.000000e+00 
  893.000  3.307927e+02  1.592918e+01 -1.589901e-14 
  894.000  3.405203e+02  1.634418e+01 -1.138910e-14 
  895.000  3.189179e+02  1.523925e+01  0.000000e+00 
  896.000  3.250984e+02  1.547742e+01 -1.179099e-15 
  897.000  3.109321e+02  1.475557e+01 -1.929961e-15 
  898.000  3.083293e+02  1.459385e+01  1.608452e-15 
  899.000  2.989949e+02  1.412070e+01 -3.798471e-15 
  900.000  2.928679e+02  1.379622e+01  4.054933e-15 
  901.000  2.843551e+02  1.336520e+01  1.518973e-15 
  902.000  2.795330e+02  1.310721e+01 -4.898059e-15 
  903.000  3.096808e+02  1.448621e+01  6.262606e-15 
  904.000  3.231894e+02  1.510260e+01  0.000000e+00 
  905.000  3.220211e+02  1.501104e+01 -1.478160e-15 
  906.000  3.079711e+02  1.430805e+01 -3.769847e-15 
  907.000  3.031226e+02  1.404011e+01  1.741475e-15 
  908.000  2.884093e+02  1.332961e+01  1.653212e-15 
  909.000  2.838149e+02  1.308543e+01  3.929730e-15 
  910.000  2.882328e+02  1.325659e+01  3.630631e-15 
  911.000  2.918015e+02  1.338681e+01  1.877114e-15 
  912.000  2.903657e+02  1.329007e+01 -3.272107e-15 
  913.000  2.878326e+02  1.315272e+01 -5.768633e-18 
  914.000  2.906354e+02  1.324346e+01  4.958286e-16 
  915.000  2.890729e+02  1.313845e+01 -1.124413e-17 
  916.000  2.936187e+02  1.331342e+01  1.415829e-15 
  917.000  2.909629e+02  1.316169e+01 -3.243242e-15 
  918.000  2.919656e+02  1.317632e+01  2.308124e-15 
  919.000  3.042448e+02  1.370623e+01 -2.734432e-16 
  920.000  3.075853e+02  1.383933e+01 -3.661441e-15 
  921.000  2.995501e+02  1.344264e+01  3.582207e-15 
  922.000  2.967854e+02  1.328722e+01 -6.464686e-15 
  923.000  2.827655e+02  1.262608e+01  6.119865e-16 
  924.000  2.907079e+02  1.294309e+01  3.591831e-15 
  925.000  2.943013e+02  1.307169e+01 -2.055937e-15 
  926.000  2.837808e+02  1.257381e+01 -1.041612e-15 
  927.000  2.895961e+02  1.279583e+01  1.096036e-17 
  928.000  2.839763e+02  1.251635e+01  2.173746e-15 
  929.000  2.692674e+02  1.184868e+01 -1.818316e-15 
  930.000  2.547076e+02  1.119862e+01  1.811429e-15 
  931.000  2.387267e+02  1.046895e+01 -3.373795e-16 
  932.000  2.153727e+02  9.353744e+00 -2.840922e-16 
  933.000  1.995556e+02  8.589857e+00  2.164815e-17 
  934.000  1.805057e+02  7.734468e+00 -3.325424e-22 
  935.000  1.760485e+02  7.526212e+00 -1.328125e-16 
  936.000  1.816787e+02  7.748411e+00  1.052778e-17 
  937.000  1.839253e+02  7.826524e+00  2.153801e-17 
  938.000  2.008749e+02  8.563334e+00  2.078118e-16 
  939.000  2.494841e+02  1.072816e+01  5.283014e-16 
  940.000  2.548211e+02  1.092378e+01 -4.393937e-16 
  941.000  2.434334e+02  1.042223e+01  1.016934e-16 
  942.000  2.207080e+02  9.434953e+00  4.677831e-17 
  943.000  2.082696e+02  8.810805e+00  2.210050e-16 
  944.000  2.009095e+02  8.473585e+00 -1.438144e-17 
  945.000  2.116170e+02  8.941932e+00  8.144710e-20 
  946.000  2.149586e+02  9.064563e+00  2.194215e-16 
  947.000  2.213457e+02  9.340549e+00  4.132411e-17 
  948.000  2.271735e+02  9.576152e+00  4.375047e-16 
  949.000  2.272827e+02  9.558651e+00 -9.201131e-16 
  950.000  2.269327e+02  9.525104e+00  3.947571e-16 
  951.000  2.354491e+02  9.868626e+00  1.129051e-15 
  952.000  2.248357e+02  9.394641e+00  4.334502e-16 
  953.000  2.315880e+02  9.665909e+00 -8.348995e-16 
  954.000  2.370639e+02  9.872115e+00  8.554062e-16 
  955.000  2.155533e+02  8.959641e+00  1.028486e-16 
  956.000  2.284593e+02  9.476193e+00 -4.795968e-16 
  957.000  2.476287e+02  1.023442e+01  1.640704e-15 
  958.000  2.519793e+02  1.038917e+01  1.652615e-15 
  959.000  2.497438e+02  1.028100e+01 -1.024999e-15 
  960.000  2.464563e+02  1.012600e+01 -8.483591e-16 
  961.000  2.422374e+02  9.934092e+00  8.288220e-16 
  962.000  2.448756e+02  1.001894e+01  7.893564e-16 
  963.000  2.546752e+02  1.038171e+01 -6.770051e-16 
  964.000  2.532189e+02  1.029861e+01  0.000000e+00 
  965.000  2.553395e+02  1.036422e+01  4.619242e-15 
  966.000  2.484949e+02  1.006452e+01 -1.608491e-16 
  967.000  2.631255e+02  1.062790e+01 -6.413701e-16 
  968.000  2.719773e+02  1.096769e+01 -1.008558e-15 
  969.000  2.789088e+02  1.123402e+01 -1.272364e-15 
  970.000  2.799695e+02  1.125308e+01 -3.207746e-15 
  971.000  2.773824e+02  1.112456e+01 -9.735798e-15 
  972.000  2.778806e+02  1.111664e+01  1.231088e-15 
  973.000  2.719219e+02  1.084804e+01 -4.770344e-15 
  974.000  2.636375e+02  1.049001e+01  5.804250e-15 
  975.000  2.622872e+02  1.041239e+01  1.339396e-15 
  976.000  2.688243e+02  1.065077e+01  5.704451e-16 
  977.000  2.673408e+02  1.057662e+01  9.310182e-15 
  978.000  2.735195e+02  1.079711e+01 -1.994633e-17 
  979.000  2.669559e+02  1.051821e+01  7.407686e-15 
  980.000  2.761175e+02  1.087047e+01  3.585706e-16 
  981.000  2.792515e+02  1.097440e+01 -5.599000e-15 
  982.000  2.774580e+02  1.087658e+01  3.029877e-16 
  983.000  2.794904e+02  1.094265e+01  4.469305e-15 
  984.000  2.804536e+02  1.096866e+01 -4.476152e-15 
  985.000  2.819344e+02  1.101046e+01  1.678406e-14 
  986.000  2.816836e+02  1.098753e+01 -6.602490e-15 
  987.000  2.857969e+02  1.112900e+01  1.554842e-14 
  988.000  2.823548e+02  1.097067e+01  1.284874e-14 
  989.000  2.789209e+02  1.081495e+01 -2.943609e-15 
  990.000  2.815379e+02  1.089453e+01 -3.427757e-15 
  991.000  2.845568e+02  1.099230e+01  6.910188e-15 
  992.000  2.821772e+02  1.087860e+01  0.000000e+00 
  993.000  2.822754e+02  1.085983e+01  0.000000e+00 
  994.000  2.843758e+02  1.092145e+01 -6.879009e-15 
  995.000  2.827498e+02  1.083876e+01  0.000000e+00 
  996.000  2.827113e+02  1.081437e+01 -6.825977e-15 
  997.000  2.827859e+02  1.079281e+01  1.958652e-14 
  998.000  2.813958e+02  1.071487e+01  6.809559e-15 
  999.000  2.805801e+02  1.066051e+01  1.313050e-14 
 1000.000  2.784778e+02  1.055906e+01 -4.513849e-16 
 1001.000  2.794152e+02  1.056833e+01 -4.540327e-16 
 1002.000  2.781912e+02  1.049540e+01 -6.744028e-15 
 1003.000  2.750811e+02  1.035600e+01 -6.244139e-15 
 1004.000  2.733304e+02  1.027205e+01 -4.444079e-16 
 1005.000  2.555855e+02  9.586796e+00  5.780464e-15 
 1006.000  2.690959e+02  1.007296e+01  6.520378e-15 
 1007.000  2.738187e+02  1.022704e+01 -1.283535e-14 
 1008.000  2.742289e+02  1.021590e+01 -3.112478e-15 
 1009.000  2.716370e+02  1.009379e+01 -1.048873e-14 
 1010.000  2.731530e+02  1.013174e+01 -2.363004e-15 
 1011.000  2.726293e+02  1.009624e+01  3.308806e-15 
 1012.000  2.732088e+02  1.009965e+01  0.000000e+00 
 1013.000  2.715887e+02  1.002121e+01  0.000000e+00 
 1014.000  2.734176e+02  1.006832e+01 -6.609545e-15 
 1015.000  2.684047e+02  9.863385e+00  4.345709e-16 
 1016.000  2.702986e+02  9.913478e+00  0.000000e+00 
 1017.000  2.677399e+02  9.799935e+00  6.030164e-15 
 1018.000  2.710366e+02  9.898705e+00 -6.110006e-15 
 1019.000  2.645659e+02  9.640193e+00 -6.402105e-15 
 1020.000  2.641431e+02  9.605808e+00  6.815477e-15 
 1021.000  2.669666e+02  9.689983e+00  6.448814e-15 
 1022.000  2.626058e+02  9.509262e+00  5.930199e-15 
 1023.000  2.672860e+02  9.656129e+00 -6.481418e-15 
 1024.000  2.657056e+02  9.577670e+00  2.793117e-15 
 1025.000  2.662656e+02  9.582882e+00 -6.441852e-15 
 1026.000  2.667800e+02  9.583352e+00  6.446554e-15 
 1027.000  2.650463e+02  9.500555e+00 -5.979748e-15 
 1028.000  2.657671e+02  9.507521e+00  5.993063e-15 
 1029.000  2.619139e+02  9.352168e+00 -1.811981e-14 
 1030.000  2.647394e+02  9.435328e+00 -5.955215e-15 
 1031.000  2.640462e+02  9.392473e+00 -6.360923e-15 
 1032.000  2.631634e+02  9.342349e+00  1.225043e-14 
 1033.000  2.583467e+02  9.152801e+00  0.000000e+00 
 1034.000  2.611375e+02  9.233291e+00 -1.215035e-14 
 1035.000  2.583556e+02  9.116395e+00 -6.218623e-15 
 1036.000  2.616190e+02  9.212261e+00  6.300234e-15 
 1037.000  2.560504e+02  8.997592e+00  0.000000e+00 
 1038.000  2.585924e+02  9.068536e+00 -1.826772e-14 
 1039.000  2.596134e+02  9.085381e+00  0.000000e+00 
 1040.000  2.564919e+02  8.957448e+00 -1.194979e-14 
 1041.000  2.578051e+02  8.984630e+00  4.163557e-16 
 1042.000  2.585414e+02  8.991809e+00  0.000000e+00 
 1043.000  2.540521e+02  8.817609e+00  4.103965e-16 
 1044.000  2.565146e+02  8.884620e+00  4.145171e-16 
 1045.000  2.553297e+02  8.824795e+00  6.163868e-15 
 1046.000  2.478265e+02  8.547507e+00  0.000000e+00 
 1047.000  2.522725e+02  8.682435e+00  1.178705e-14 
 1048.000  2.545773e+02  8.742787e+00 -8.829288e-15 
 1049.000  2.526823e+02  8.658777e+00  5.714381e-15 
 1050.000  2.510455e+02  8.584316e+00  0.000000e+00 
 1051.000  2.509999e+02  8.564474e+00  1.177947e-14 
 1052.000  2.496917e+02  8.501638e+00 -3.033779e-15 
 1053.000  2.496555e+02  8.482499e+00 -3.035360e-15 
 1054.000  2.469318e+02  8.371670e+00  2.013465e-16 
 1055.000  2.485774e+02  8.409077e+00  2.826497e-15 
 1056.000  2.477179e+02  8.361731e+00 -6.045728e-15 
 1057.000  2.470757e+02  8.321150e+00  0.000000e+00 
 1058.000  2.442582e+02  8.206596e+00  0.000000e+00 
 1059.000  2.363743e+02  7.924994e+00  2.900889e-15 
 1060.000  2.447871e+02  8.191239e+00  3.002792e-15 
 1061.000  2.360968e+02  7.885512e+00  1.941560e-16 
 1062.000  2.425057e+02  8.083211e+00 -2.982661e-15 
 1063.000  2.381911e+02  7.924056e+00  1.466886e-15 
 1064.000  2.410859e+02  8.004228e+00  1.487553e-15 
 1065.000  2.406961e+02  7.975506e+00  2.775010e-15 
 1066.000  2.333058e+02  7.717005e+00  0.000000e+00 
 1067.000  2.388227e+02  7.884752e+00  1.476529e-15 
 1068.000  2.377552e+02  7.833063e+00  1.473185e-15 
 1069.000  2.200818e+02  7.237864e+00 -5.177725e-15 
 1070.000  2.335040e+02  7.667352e+00 -1.249787e-15 
 1071.000  2.341618e+02  7.676114e+00 -2.405014e-15 
 1072.000  2.349421e+02  7.687281e+00  1.210270e-15 
 1073.000  2.273912e+02  7.427697e+00 -2.097292e-15 
 1074.000  2.356189e+02  7.684114e+00 -2.677376e-16 
 1075.000  2.287675e+02  7.450883e+00  3.223470e-15 
 1076.000  2.338016e+02  7.600735e+00  3.367803e-15 
 1077.000  2.332518e+02  7.568307e+00 -1.600118e-16 
 1078.000  2.338390e+02  7.572475e+00  2.420581e-15 
 1079.000  2.248988e+02  7.270655e+00 -8.495916e-16 
 1080.000  2.309553e+02  7.448208e+00  2.922194e-15 
 1081.000  2.225697e+02  7.165530e+00  1.744659e-15 
 1082.000  2.258509e+02  7.261437e+00  2.215612e-15 
 1083.000  2.195006e+02  7.042727e+00 -1.741365e-15 
 1084.000  2.275307e+02  7.285163e+00  8.098407e-16 
 1085.000  2.235320e+02  7.138803e+00 -6.471178e-17 
 1086.000  2.268140e+02  7.232934e+00 -3.367247e-17 
 1087.000  2.141504e+02  6.824609e+00 -1.227898e-15 
 1088.000  2.272954e+02  7.231708e+00  3.110457e-15 
 1089.000  2.172114e+02  6.890839e+00  2.128188e-15 
 1090.000  2.217238e+02  7.020792e+00 -2.612115e-15 
 1091.000  2.235331e+02  7.067683e+00 -1.641291e-16 
 1092.000  2.176734e+02  6.867382e+00 -1.068413e-15 
 1093.000  2.132921e+02  6.711438e+00  1.263306e-15 
 1094.000  1.934413e+02  6.074636e+00  7.724602e-17 
 1095.000  2.095571e+02  6.569960e+00  9.968145e-16 
 1096.000  2.088661e+02  6.537492e+00 -2.317308e-15 
 1097.000  2.057697e+02  6.428867e+00 -4.688036e-16 
 1098.000  1.980187e+02  6.171278e+00  3.613399e-15 
 1099.000  1.933842e+02  6.019622e+00  1.239885e-15 
 1100.000  1.970768e+02  6.123858e+00  6.580274e-16 
