  400.000  7.007919e+02  3.771606e+02  9.551633e-14 
  401.000  6.978693e+02  3.720775e+02  8.203972e-14 
  402.000  7.409618e+02  3.913864e+02 -2.019979e-13 
  403.000  6.952234e+02  3.638413e+02  1.470439e-13 
  404.000  7.483987e+02  3.880833e+02 -9.211880e-14 
  405.000  6.874901e+02  3.532527e+02 -1.068041e-13 
  406.000  6.834313e+02  3.479930e+02 -5.173139e-14 
  407.000  6.666982e+02  3.364252e+02  5.533940e-14 
  408.000  7.234065e+02  3.617853e+02 -7.908505e-14 
  409.000  8.019561e+02  3.975137e+02  1.182125e-13 
  410.000  6.714781e+02  3.299060e+02 -3.805752e-13 
  411.000  7.896625e+02  3.845741e+02  3.158819e-14 
  412.000  8.193813e+02  3.955728e+02  5.975508e-14 
  413.000  7.750996e+02  3.709610e+02 -1.915403e-13 
  414.000  7.617792e+02  3.614439e+02 -5.437789e-14 
  415.000  8.135197e+02  3.827018e+02 -5.788657e-15 
  416.000  8.095922e+02  3.776219e+02  4.626247e-14 
  417.000  7.859412e+02  3.634971e+02 -2.932133e-14 
  418.000  7.697853e+02  3.530390e+02 -8.509850e-14 
  419.000  7.896185e+02  3.591142e+02  5.764450e-14 
  420.000  6.691472e+02  3.018016e+02 -1.299475e-13 
  421.000  8.393519e+02  3.754521e+02  7.537548e-14 
  422.000  8.051957e+02  3.572299e+02 -5.036630e-14 
  423.000  6.808052e+02  2.995908e+02  1.058444e-13 
  424.000  7.496844e+02  3.272386e+02  1.110898e-13 
  425.000  7.772983e+02  3.365639e+02 -1.188239e-13 
  426.000  7.480140e+02  3.212948e+02  2.576279e-14 
  427.000  7.202804e+02  3.069241e+02  2.642451e-14 
  428.000  7.301217e+02  3.086602e+02 -1.566215e-14 
  429.000  6.649400e+02  2.788972e+02  1.556004e-14 
  430.000  5.311592e+02  2.210449e+02  6.396235e-15 
  431.000  4.780466e+02  1.973978e+02  7.111315e-14 
  432.000  8.613577e+02  3.529315e+02 -2.852195e-14 
  433.000  7.674965e+02  3.120596e+02 -5.359516e-14 
  434.000  7.301916e+02  2.946271e+02 -9.119863e-14 
  435.000  7.952053e+02  3.184262e+02  1.421844e-13 
  436.000  8.826144e+02  3.507612e+02  4.620969e-14 
  437.000  8.919820e+02  3.518237e+02 -1.652362e-13 
  438.000  7.997841e+02  3.131030e+02  5.571194e-14 
  439.000  7.746552e+02  3.010150e+02 -2.871242e-14 
  440.000  8.690374e+02  3.351936e+02 -2.267966e-13 
  441.000  8.670146e+02  3.319530e+02  1.220384e-13 
  442.000  9.139724e+02  3.473672e+02 -6.564922e-14 
  443.000  9.209160e+02  3.474516e+02 -3.787873e-14 
  444.000  9.157559e+02  3.429927e+02  4.268296e-14 
  445.000  9.641284e+02  3.584917e+02 -1.426481e-13 
  446.000  8.589734e+02  3.170784e+02  8.759308e-16 
  447.000  9.805292e+02  3.593705e+02 -2.253349e-14 
  448.000  9.977121e+02  3.631253e+02 -1.529033e-13 
  449.000  1.005356e+03  3.633913e+02 -5.586382e-14 
  450.000  1.028135e+03  3.690756e+02 -9.687806e-15 
  451.000  1.112043e+03  3.964570e+02  1.708039e-14 
  452.000  1.034626e+03  3.663272e+02  4.710570e-14 
  453.000  9.611882e+02  3.379969e+02  8.270251e-14 
  454.000  1.025589e+03  3.581833e+02  2.117606e-14 
  455.000  1.033593e+03  3.585267e+02  8.762122e-14 
  456.000  1.059503e+03  3.650214e+02  2.511448e-14 
  457.000  1.066301e+03  3.648908e+02  1.077077e-13 
  458.000  1.048389e+03  3.563577e+02  7.295891e-14 
  459.000  1.049092e+03  3.542149e+02  3.683624e-14 
  460.000  1.040780e+03  3.490745e+02 -7.136807e-14 
  461.000  1.079354e+03  3.596208e+02 -4.188023e-14 
  462.000  1.062594e+03  3.517057e+02 -1.255916e-15 
  463.000  1.063667e+03  3.497531e+02  7.376437e-14 
  464.000  1.067863e+03  3.488568e+02  8.808085e-14 
  465.000  1.052939e+03  3.417592e+02  9.140170e-14 
  466.000  1.086966e+03  3.505300e+02 -1.693828e-13 
  467.000  1.049232e+03  3.361845e+02 -8.513828e-14 
  468.000  1.111409e+03  3.538062e+02 -1.307889e-13 
  469.000  1.102281e+03  3.486194e+02  1.438183e-13 
  470.000  1.087679e+03  3.417508e+02 -5.448877e-14 
  471.000  1.086264e+03  3.390554e+02 -1.236465e-13 
  472.000  1.100071e+03  3.410889e+02 -3.499936e-14 
  473.000  1.088608e+03  3.352789e+02 -7.806120e-16 
  474.000  1.097844e+03  3.358478e+02  6.779261e-14 
  475.000  1.142632e+03  3.471021e+02  1.083574e-13 
  476.000  1.107834e+03  3.340846e+02 -6.933446e-14 
  477.000  1.098024e+03  3.288209e+02 -6.831583e-14 
  478.000  1.152814e+03  3.432675e+02 -1.716494e-13 
  479.000  1.101010e+03  3.262006e+02  8.963105e-14 
  480.000  1.123228e+03  3.311775e+02 -6.948089e-14 
  481.000  1.116872e+03  3.276456e+02 -2.447246e-13 
  482.000  1.140698e+03  3.328815e+02  9.930759e-14 
  483.000  1.142336e+03  3.315512e+02 -2.897031e-14 
  484.000  1.098823e+03  3.171384e+02 -8.012648e-14 
  485.000  1.107339e+03  3.177787e+02 -1.586828e-13 
  486.000  8.981552e+02  2.562748e+02 -6.336105e-14 
  487.000  1.009850e+03  2.864955e+02 -2.008678e-13 
  488.000  1.096882e+03  3.094044e+02 -6.958165e-14 
  489.000  1.020018e+03  2.860791e+02 -1.946530e-13 
  490.000  1.161660e+03  3.239508e+02  5.578615e-14 
  491.000  1.087486e+03  3.015409e+02  1.047203e-13 
  492.000  1.045497e+03  2.882520e+02 -2.700127e-14 
  493.000  1.126495e+03  3.088301e+02 -9.956721e-14 
  494.000  1.088725e+03  2.967936e+02 -9.952584e-14 
  495.000  1.164345e+03  3.156305e+02 -2.111671e-13 
  496.000  1.134553e+03  3.058323e+02  7.940214e-14 
  497.000  1.101129e+03  2.951708e+02 -1.890338e-15 
  498.000  1.075653e+03  2.867453e+02 -7.863150e-14 
  499.000  1.073591e+03  2.846149e+02  1.027882e-15 
  500.000  1.069395e+03  2.819438e+02 -1.838588e-13 
  501.000  1.045940e+03  2.742475e+02 -9.721683e-14 
  502.000  1.039600e+03  2.710987e+02  1.316082e-13 
  503.000  1.102114e+03  2.858414e+02 -2.142999e-14 
  504.000  1.025904e+03  2.646367e+02  1.798639e-13 
  505.000  1.107066e+03  2.840327e+02  6.621875e-14 
  506.000  1.185581e+03  3.025602e+02  2.473935e-14 
  507.000  1.103480e+03  2.801197e+02  2.198917e-14 
  508.000  1.058615e+03  2.673181e+02 -7.196950e-15 
  509.000  1.141935e+03  2.868480e+02  2.272127e-13 
  510.000  1.106839e+03  2.765802e+02  1.285889e-13 
  511.000  1.107530e+03  2.753118e+02  9.494066e-14 
  512.000  1.162794e+03  2.875505e+02  5.643977e-14 
  513.000  1.064563e+03  2.619005e+02  6.937726e-15 
  514.000  1.042554e+03  2.551679e+02 -1.076206e-13 
  515.000  1.064674e+03  2.592487e+02  8.699947e-14 
  516.000  1.118707e+03  2.710129e+02  5.194502e-14 
  517.000  8.243444e+02  1.986809e+02 -1.212414e-13 
  518.000  1.020916e+03  2.448047e+02  7.829287e-14 
  519.000  9.675339e+02  2.308275e+02  7.379392e-14 
  520.000  1.065568e+03  2.529325e+02 -6.314016e-15 
  521.000  1.066492e+03  2.518756e+02 -4.392921e-14 
  522.000  1.109155e+03  2.606291e+02 -9.457855e-14 
  523.000  1.033554e+03  2.416329e+02  8.685915e-15 
  524.000  1.121698e+03  2.609182e+02  9.628654e-15 
  525.000  1.113055e+03  2.576022e+02 -3.334019e-14 
  526.000  1.061061e+03  2.443474e+02  8.230299e-14 
  527.000  9.271754e+02  2.124508e+02  4.106084e-14 
  528.000  1.113886e+03  2.539644e+02  9.450929e-14 
  529.000  1.145865e+03  2.599629e+02  1.278196e-14 
  530.000  1.083075e+03  2.445095e+02 -9.711028e-14 
  531.000  1.179286e+03  2.649279e+02 -4.778217e-14 
  532.000  1.125375e+03  2.515953e+02  2.140516e-14 
  533.000  9.887030e+02  2.199903e+02  2.860837e-14 
  534.000  1.075433e+03  2.381793e+02 -3.371873e-14 
  535.000  1.097544e+03  2.419696e+02 -9.272912e-15 
  536.000  1.164917e+03  2.556555e+02 -2.329311e-14 
  537.000  1.081052e+03  2.361672e+02  1.402297e-14 
  538.000  1.131942e+03  2.461506e+02  3.158878e-14 
  539.000  1.128517e+03  2.442795e+02 -2.610186e-14 
  540.000  1.104711e+03  2.380291e+02  8.377446e-14 
  541.000  1.013289e+03  2.173316e+02 -1.714023e-13 
  542.000  1.130654e+03  2.413963e+02  1.106175e-13 
  543.000  1.081836e+03  2.299211e+02  3.214994e-14 
  544.000  1.141430e+03  2.414817e+02 -1.413160e-13 
  545.000  1.124813e+03  2.368850e+02  9.791969e-14 
  546.000  1.100177e+03  2.306472e+02 -3.365570e-13 
  547.000  1.147314e+03  2.394460e+02 -5.164578e-15 
  548.000  1.064900e+03  2.212482e+02 -1.982865e-13 
  549.000  1.121123e+03  2.318875e+02  2.154554e-14 
  550.000  1.097040e+03  2.258934e+02  5.456713e-14 
  551.000  1.090870e+03  2.236187e+02  8.795594e-15 
  552.000  1.138630e+03  2.323710e+02  1.236867e-13 
  553.000  1.094728e+03  2.224187e+02 -6.944674e-14 
  554.000  1.131227e+03  2.288159e+02  5.063734e-14 
  555.000  1.135150e+03  2.285954e+02  9.482448e-14 
  556.000  1.104586e+03  2.214608e+02 -9.859839e-14 
  557.000  1.072504e+03  2.140804e+02 -1.072173e-14 
  558.000  1.113963e+03  2.213779e+02  3.410293e-14 
  559.000  1.053610e+03  2.084640e+02 -1.263036e-14 
  560.000  1.058892e+03  2.085858e+02 -9.335479e-14 
  561.000  1.164463e+03  2.283683e+02  4.688989e-14 
  562.000  1.069358e+03  2.087475e+02 -5.498619e-14 
  563.000  1.119397e+03  2.175428e+02  1.982083e-13 
  564.000  1.104190e+03  2.136200e+02  1.129068e-13 
  565.000  1.117717e+03  2.152305e+02  7.391833e-16 
  566.000  1.031013e+03  1.976473e+02 -5.626440e-14 
  567.000  1.105882e+03  2.109015e+02  2.522937e-14 
  568.000  1.101054e+03  2.084423e+02  3.473815e-14 
  569.000  1.073462e+03  2.012423e+02 -4.052457e-14 
  570.000  1.080505e+03  2.018261e+02 -2.476595e-14 
  571.000  1.046890e+03  1.954460e+02 -7.829102e-14 
  572.000  1.102701e+03  2.041897e+02  5.433772e-14 
  573.000  1.115946e+03  2.058540e+02 -2.593531e-14 
  574.000  1.110681e+03  2.040762e+02  1.302220e-13 
  575.000  1.083740e+03  1.982125e+02  9.207838e-15 
  576.000  1.064567e+03  1.938668e+02  6.339038e-14 
  577.000  1.110764e+03  2.017023e+02  2.790442e-14 
  578.000  1.080660e+03  1.957766e+02  7.963920e-15 
  579.000  1.074539e+03  1.941529e+02  4.257382e-14 
  580.000  1.113733e+03  2.006680e+02  6.135353e-15 
  581.000  1.096464e+03  1.971474e+02 -1.104398e-13 
  582.000  1.114955e+03  1.998967e+02  1.627648e-14 
  583.000  1.124143e+03  2.008371e+02 -6.197419e-14 
  584.000  1.121872e+03  1.997140e+02  7.850734e-14 
  585.000  1.115511e+03  1.978288e+02  2.828976e-14 
  586.000  1.068596e+03  1.887944e+02  2.487600e-14 
  587.000  1.109137e+03  1.947583e+02 -1.908038e-14 
  588.000  1.090041e+03  1.893772e+02  5.313655e-14 
  589.000  9.549915e+02  1.639589e+02  1.525172e-14 
  590.000  9.970099e+02  1.704477e+02 -1.277999e-14 
  591.000  1.069141e+03  1.829885e+02  2.356527e-14 
  592.000  1.044664e+03  1.776290e+02  6.486570e-14 
  593.000  1.066425e+03  1.817796e+02  1.503386e-14 
  594.000  1.074637e+03  1.821949e+02 -1.366217e-14 
  595.000  1.047678e+03  1.761876e+02 -2.490988e-14 
  596.000  1.084625e+03  1.828763e+02 -3.123546e-14 
  597.000  1.086481e+03  1.822281e+02  4.339051e-14 
  598.000  1.069103e+03  1.791824e+02  1.435503e-14 
  599.000  1.071823e+03  1.792159e+02 -5.500837e-14 
  600.000  1.076386e+03  1.798038e+02  5.690541e-14 
  601.000  1.073570e+03  1.791707e+02  8.278499e-14 
  602.000  1.063381e+03  1.769858e+02  1.519646e-13 
  603.000  1.071320e+03  1.778147e+02 -1.962888e-14 
  604.000  1.106633e+03  1.831349e+02 -9.293428e-14 
  605.000  1.104909e+03  1.822447e+02  1.190902e-14 
  606.000  1.092919e+03  1.796250e+02 -1.497995e-14 
  607.000  1.087584e+03  1.781100e+02 -2.767206e-14 
  608.000  1.084380e+03  1.769474e+02 -4.831968e-14 
  609.000  1.074001e+03  1.746221e+02  3.206752e-14 
  610.000  1.057523e+03  1.713245e+02 -2.751451e-14 
  611.000  1.075394e+03  1.735924e+02 -1.128278e-15 
  612.000  1.062081e+03  1.708263e+02  2.974714e-14 
  613.000  1.047226e+03  1.678300e+02 -6.959517e-14 
  614.000  1.010038e+03  1.612861e+02  5.721022e-14 
  615.000  1.059061e+03  1.685061e+02 -2.798713e-14 
  616.000  1.007555e+03  1.597334e+02  6.821591e-14 
  617.000  1.013812e+03  1.601434e+02 -7.885453e-14 
  618.000  1.062174e+03  1.671716e+02 -2.923210e-14 
  619.000  1.052923e+03  1.651063e+02  3.071340e-14 
  620.000  1.068940e+03  1.669991e+02 -5.322983e-14 
  621.000  1.087739e+03  1.693030e+02 -4.549276e-14 
  622.000  1.030681e+03  1.598190e+02 -2.684332e-14 
  623.000  1.038976e+03  1.604888e+02 -1.333144e-13 
  624.000  1.040347e+03  1.600898e+02  1.575267e-14 
  625.000  1.012357e+03  1.551882e+02  6.718937e-14 
  626.000  1.017326e+03  1.552893e+02  4.683291e-14 
  627.000  1.031577e+03  1.563349e+02  1.592748e-14 
  628.000  1.005689e+03  1.503545e+02  4.388596e-14 
  629.000  1.038331e+03  1.554607e+02  5.432611e-14 
  630.000  1.006907e+03  1.505701e+02  4.456180e-14 
  631.000  1.046648e+03  1.562868e+02 -3.783613e-14 
  632.000  9.737806e+02  1.446702e+02  4.225582e-14 
  633.000  1.049763e+03  1.559631e+02  1.091903e-14 
  634.000  1.020339e+03  1.513055e+02 -9.079641e-14 
  635.000  1.039915e+03  1.537222e+02  1.608288e-14 
  636.000  1.004641e+03  1.481388e+02  2.252104e-14 
  637.000  1.039094e+03  1.527981e+02 -6.181732e-15 
  638.000  1.057601e+03  1.552867e+02 -1.278680e-14 
  639.000  1.049749e+03  1.536521e+02 -1.254157e-14 
  640.000  1.018283e+03  1.486982e+02  8.384046e-15 
  641.000  1.033725e+03  1.504682e+02  2.955320e-14 
  642.000  1.022522e+03  1.484498e+02  2.313598e-14 
  643.000  1.040059e+03  1.503272e+02 -5.076137e-14 
  644.000  1.028767e+03  1.482147e+02 -6.383524e-14 
  645.000  1.036680e+03  1.486038e+02  1.226015e-13 
  646.000  9.911503e+02  1.408308e+02 -3.360713e-15 
  647.000  1.000518e+03  1.412217e+02  4.310081e-14 
  648.000  9.939238e+02  1.393848e+02  1.523565e-14 
  649.000  1.018781e+03  1.428041e+02 -8.789802e-15 
  650.000  9.527567e+02  1.339812e+02  3.269888e-14 
  651.000  1.026769e+03  1.439198e+02  3.413944e-15 
  652.000  9.997468e+02  1.388852e+02 -9.978867e-14 
  653.000  1.029381e+03  1.434951e+02 -4.858980e-14 
  654.000  1.015412e+03  1.409773e+02  2.827113e-14 
  655.000  9.859321e+02  1.361008e+02 -3.223755e-14 
  656.000  8.383766e+02  1.154617e+02 -2.232952e-14 
  657.000  8.967366e+02  1.232753e+02  2.802117e-14 
  658.000  1.002239e+03  1.376924e+02 -2.077609e-14 
  659.000  1.006744e+03  1.380394e+02  1.088038e-13 
  660.000  1.015822e+03  1.389530e+02  1.623338e-15 
  661.000  1.023005e+03  1.398306e+02  2.332861e-15 
  662.000  1.039100e+03  1.417285e+02 -2.001700e-14 
  663.000  1.027843e+03  1.397198e+02  4.206500e-15 
  664.000  1.012278e+03  1.372240e+02  2.589714e-14 
  665.000  1.017451e+03  1.375374e+02  8.235493e-14 
  666.000  1.030535e+03  1.389304e+02  1.679298e-13 
  667.000  1.010777e+03  1.358835e+02  8.325930e-14 
  668.000  1.017316e+03  1.363943e+02  2.576648e-14 
  669.000  1.032555e+03  1.380349e+02  8.867787e-15 
  670.000  1.020765e+03  1.360545e+02 -1.127114e-13 
  671.000  1.010536e+03  1.342968e+02  1.298838e-13 
  672.000  1.007784e+03  1.335327e+02 -7.582259e-14 
  673.000  1.015536e+03  1.341599e+02 -8.684993e-14 
  674.000  1.018036e+03  1.340910e+02 -2.086965e-14 
  675.000  1.003004e+03  1.317202e+02  5.084547e-14 
  676.000  1.022449e+03  1.338763e+02  3.110836e-14 
  677.000  1.002611e+03  1.308911e+02 -8.980274e-14 
  678.000  1.019700e+03  1.327302e+02 -9.834869e-14 
  679.000  1.005718e+03  1.305167e+02  1.907985e-14 
  680.000  9.981296e+02  1.291032e+02  3.624554e-14 
  681.000  9.993447e+02  1.288256e+02 -2.981425e-14 
  682.000  9.975090e+02  1.281930e+02  1.936602e-14 
  683.000  1.004408e+03  1.286671e+02  4.066683e-14 
  684.000  9.860910e+02  1.258582e+02 -2.742747e-14 
  685.000  9.980087e+02  1.270627e+02  1.189222e-13 
  686.000  9.529166e+02  1.207464e+02  2.291000e-14 
  687.000  8.308730e+02  1.021802e+02 -2.484923e-15 
  688.000  8.705145e+02  1.073404e+02 -1.120925e-14 
  689.000  8.614658e+02  1.057234e+02  2.484458e-14 
  690.000  8.861744e+02  1.087817e+02  5.271812e-15 
  691.000  9.154485e+02  1.125517e+02 -2.360051e-14 
  692.000  9.230887e+02  1.134295e+02 -3.519380e-15 
  693.000  9.151024e+02  1.116059e+02 -2.016446e-14 
  694.000  9.084613e+02  1.100231e+02 -8.617426e-15 
  695.000  9.050718e+02  1.095883e+02  4.606378e-15 
  696.000  9.231645e+02  1.116639e+02  3.583133e-15 
  697.000  9.577850e+02  1.167772e+02 -1.322854e-14 
  698.000  9.333384e+02  1.131553e+02 -6.738936e-16 
  699.000  9.211578e+02  1.103527e+02  7.223525e-15 
  700.000  9.153498e+02  1.094738e+02  2.104615e-14 
  701.000  8.885532e+02  1.057885e+02  6.445322e-15 
  702.000  8.890307e+02  1.056717e+02  8.492305e-15 
  703.000  9.258681e+02  1.105532e+02 -2.564307e-14 
  704.000  9.297545e+02  1.107417e+02 -2.062183e-14 
  705.000  9.269599e+02  1.097275e+02  2.358578e-14 
  706.000  9.192570e+02  1.085762e+02  2.560932e-14 
  707.000  9.090945e+02  1.071986e+02  7.658228e-15 
  708.000  9.395817e+02  1.106282e+02 -1.738620e-14 
  709.000  9.140464e+02  1.076326e+02  1.419317e-14 
  710.000  9.269463e+02  1.085075e+02 -2.260686e-14 
  711.000  9.262175e+02  1.084574e+02  7.094639e-15 
  712.000  9.206024e+02  1.078166e+02 -5.701550e-14 
  713.000  9.111067e+02  1.061447e+02  4.141845e-14 
  714.000  9.247036e+02  1.073389e+02  1.012915e-14 
  715.000  8.831875e+02  1.018739e+02  2.699357e-14 
  716.000  8.963134e+02  1.027518e+02 -3.638686e-14 
  717.000  8.096600e+02  9.127533e+01 -8.558013e-15 
  718.000  7.666172e+02  8.547781e+01 -5.344017e-16 
  719.000  7.440701e+02  8.243560e+01 -7.938746e-16 
  720.000  7.289232e+02  8.008111e+01 -2.014058e-17 
  721.000  8.189989e+02  9.159503e+01  7.907397e-15 
  722.000  8.640704e+02  9.705311e+01  1.680966e-14 
  723.000  8.433197e+02  9.407963e+01 -1.362368e-14 
  724.000  7.949106e+02  8.756530e+01 -1.548567e-14 
  725.000  7.939819e+02  8.734816e+01  9.687845e-15 
  726.000  7.901818e+02  8.666523e+01  2.417268e-14 
  727.000  8.095179e+02  8.868163e+01 -1.536484e-15 
  728.000  7.876406e+02  8.593333e+01 -7.135162e-15 
  729.000  7.757673e+02  8.473955e+01  1.357018e-14 
  730.000  8.010680e+02  8.723624e+01 -7.201935e-15 
  731.000  7.838395e+02  8.509041e+01 -3.802028e-15 
  732.000  8.327200e+02  9.072913e+01 -5.861821e-15 
  733.000  8.524437e+02  9.333519e+01  2.557707e-14 
  734.000  8.860310e+02  9.722337e+01 -3.763816e-15 
  735.000  8.735342e+02  9.543736e+01 -3.222166e-14 
  736.000  8.473574e+02  9.206948e+01 -1.964793e-16 
  737.000  8.663486e+02  9.409248e+01  6.686700e-15 
  738.000  8.746722e+02  9.506744e+01 -3.405124e-14 
  739.000  8.508825e+02  9.238967e+01  1.151874e-14 
  740.000  8.688727e+02  9.446793e+01 -3.545524e-15 
  741.000  8.677115e+02  9.433423e+01 -1.900189e-14 
  742.000  8.558730e+02  9.290874e+01  2.893745e-14 
  743.000  8.863544e+02  9.619547e+01 -2.956892e-14 
  744.000  8.972273e+02  9.725069e+01  2.475427e-14 
  745.000  8.757859e+02  9.477578e+01 -1.637863e-14 
  746.000  8.895121e+02  9.608677e+01  2.414043e-14 
  747.000  9.037979e+02  9.738947e+01  5.447716e-14 
  748.000  8.884247e+02  9.554816e+01 -1.159486e-13 
  749.000  8.892926e+02  9.542185e+01 -5.012896e-14 
  750.000  8.760391e+02  9.373237e+01  8.858391e-14 
  751.000  8.740980e+02  9.329079e+01 -5.727894e-14 
  752.000  8.885981e+02  9.465002e+01  6.219387e-15 
  753.000  8.807166e+02  9.358953e+01 -2.637998e-14 
  754.000  8.949337e+02  9.487128e+01  1.698396e-14 
  755.000  8.901096e+02  9.412595e+01 -1.254337e-14 
  756.000  8.729988e+02  9.208884e+01 -5.122319e-14 
  757.000  8.796409e+02  9.255818e+01  5.980768e-14 
  758.000  8.775060e+02  9.204279e+01  5.059730e-14 
  759.000  7.875591e+02  8.088303e+01 -1.266696e-14 
  760.000  2.858618e+02  2.607440e+01  4.516251e-16 
  761.000  2.451190e+02  2.191767e+01  1.869860e-16 
  762.000  5.031913e+02  4.832759e+01  9.273845e-16 
  763.000  4.285863e+02  4.028330e+01  2.530006e-16 
  764.000  4.734058e+02  4.478691e+01  3.155321e-16 
  765.000  5.774832e+02  5.593229e+01 -5.505993e-15 
  766.000  6.691044e+02  6.678482e+01  7.230925e-15 
  767.000  7.398864e+02  7.428048e+01 -1.960218e-15 
  768.000  8.103754e+02  8.177734e+01 -2.736573e-14 
  769.000  8.343556e+02  8.459466e+01  9.328970e-15 
  770.000  8.429485e+02  8.560819e+01  2.876101e-14 
  771.000  8.501566e+02  8.634260e+01 -1.024214e-14 
  772.000  8.484830e+02  8.601730e+01 -5.614441e-14 
  773.000  8.458198e+02  8.556247e+01 -3.556196e-14 
  774.000  8.556291e+02  8.637045e+01  8.539319e-15 
  775.000  8.239974e+02  8.299261e+01  2.420471e-14 
  776.000  8.583663e+02  8.625799e+01 -3.178455e-14 
  777.000  8.526467e+02  8.547724e+01 -2.981056e-14 
  778.000  8.482269e+02  8.482438e+01  3.453119e-14 
  779.000  8.511381e+02  8.490588e+01  2.107419e-14 
  780.000  8.407560e+02  8.366408e+01  7.275546e-15 
  781.000  8.398670e+02  8.339652e+01  6.165860e-14 
  782.000  8.501287e+02  8.420810e+01 -2.630531e-14 
  783.000  8.304083e+02  8.205383e+01 -4.031634e-14 
  784.000  8.349705e+02  8.228869e+01  1.040265e-13 
  785.000  8.357676e+02  8.207296e+01  2.073372e-14 
  786.000  8.190126e+02  8.008669e+01  5.151406e-15 
  787.000  8.256743e+02  8.027216e+01 -1.832304e-14 
  788.000  8.104795e+02  7.847057e+01 -2.098062e-14 
  789.000  8.046249e+02  7.729372e+01 -6.240151e-15 
  790.000  7.956790e+02  7.622093e+01  2.528180e-15 
  791.000  7.937493e+02  7.592834e+01 -9.360975e-15 
  792.000  7.831835e+02  7.480945e+01  5.627281e-14 
  793.000  7.868647e+02  7.515092e+01 -7.184943e-15 
  794.000  7.878515e+02  7.546367e+01  8.167275e-15 
  795.000  7.782784e+02  7.412656e+01  5.495640e-15 
  796.000  7.768133e+02  7.327465e+01 -7.591481e-15 
  797.000  7.861263e+02  7.412147e+01 -1.098184e-14 
  798.000  7.961548e+02  7.524824e+01  7.572845e-15 
  799.000  7.935091e+02  7.473837e+01 -3.609996e-14 
  800.000  7.663021e+02  7.176569e+01 -4.873141e-15 
  801.000  7.814924e+02  7.304718e+01  3.447122e-14 
  802.000  7.794341e+02  7.266367e+01  2.377312e-14 
  803.000  7.693972e+02  7.159692e+01 -1.521517e-14 
  804.000  7.797174e+02  7.250441e+01 -6.874992e-15 
  805.000  7.645148e+02  7.115755e+01 -1.903692e-14 
  806.000  7.890297e+02  7.342495e+01 -4.281151e-14 
  807.000  7.846202e+02  7.285417e+01 -8.544396e-15 
  808.000  7.778731e+02  7.197523e+01 -1.572619e-14 
  809.000  7.622979e+02  7.027239e+01 -4.340308e-15 
  810.000  7.561768e+02  6.944447e+01  1.396397e-14 
  811.000  7.624906e+02  6.966559e+01  1.581943e-14 
  812.000  7.519486e+02  6.831009e+01 -3.382219e-14 
  813.000  7.389358e+02  6.673080e+01  2.372840e-14 
  814.000  7.247867e+02  6.503982e+01 -4.269815e-15 
  815.000  7.006328e+02  6.246427e+01 -1.470957e-14 
  816.000  6.734836e+02  5.965098e+01 -1.512139e-16 
  817.000  6.787827e+02  5.999051e+01 -5.651030e-15 
  818.000  6.764412e+02  5.966966e+01 -5.593917e-15 
  819.000  6.651518e+02  5.863213e+01  8.781341e-15 
  820.000  6.749754e+02  5.967715e+01 -6.758514e-15 
  821.000  7.243148e+02  6.442004e+01 -2.090393e-15 
  822.000  6.841634e+02  6.032318e+01 -5.469288e-15 
  823.000  6.376462e+02  5.544156e+01 -4.758911e-15 
  824.000  6.951903e+02  6.089317e+01  2.052981e-15 
  825.000  7.249433e+02  6.394971e+01  7.462293e-15 
  826.000  7.244317e+02  6.365279e+01 -1.447188e-14 
  827.000  7.182820e+02  6.289212e+01 -1.211669e-14 
  828.000  6.967299e+02  6.052849e+01  2.059748e-15 
  829.000  7.037216e+02  6.111392e+01  3.391564e-15 
  830.000  7.006714e+02  6.085835e+01 -3.085865e-15 
  831.000  6.903268e+02  5.986744e+01  6.742068e-15 
  832.000  7.054182e+02  6.106739e+01  6.362141e-15 
  833.000  6.880374e+02  5.952702e+01 -8.121853e-15 
  834.000  7.035953e+02  6.086288e+01  6.028419e-15 
  835.000  7.150822e+02  6.199755e+01 -2.450970e-14 
  836.000  7.203235e+02  6.222577e+01 -4.059596e-15 
  837.000  7.141495e+02  6.155245e+01  6.584729e-15 
  838.000  7.216198e+02  6.220335e+01  1.496075e-14 
  839.000  7.019730e+02  6.046923e+01 -4.680321e-16 
  840.000  7.218956e+02  6.208580e+01  3.023992e-14 
  841.000  7.209485e+02  6.177140e+01 -2.453931e-14 
  842.000  7.191750e+02  6.157626e+01  2.050213e-14 
  843.000  7.204212e+02  6.178111e+01 -1.056958e-14 
  844.000  7.112639e+02  6.097780e+01  1.843383e-14 
  845.000  7.234181e+02  6.194200e+01  1.646983e-14 
  846.000  7.311804e+02  6.251577e+01 -9.200284e-15 
  847.000  7.074547e+02  6.042957e+01 -1.562472e-14 
  848.000  7.261868e+02  6.179653e+01 -3.878333e-15 
  849.000  7.279043e+02  6.182373e+01 -1.148353e-14 
  850.000  6.284901e+02  5.322061e+01  1.699292e-14 
  851.000  7.188324e+02  6.068110e+01 -1.858108e-14 
  852.000  6.917936e+02  5.828002e+01  6.734197e-15 
  853.000  7.019280e+02  5.910540e+01 -1.240701e-14 
  854.000  5.643188e+02  4.741317e+01 -2.070080e-14 
  855.000  6.221456e+02  5.219096e+01  7.143003e-15 
  856.000  7.080470e+02  5.938947e+01 -2.132074e-14 
  857.000  7.202556e+02  6.033640e+01 -2.866273e-14 
  858.000  7.092440e+02  5.931461e+01 -5.500117e-15 
  859.000  7.100999e+02  5.931756e+01  2.851322e-14 
  860.000  7.042396e+02  5.873064e+01  4.167430e-14 
  861.000  7.043233e+02  5.861855e+01 -1.847237e-14 
  862.000  7.023299e+02  5.834561e+01 -1.095959e-14 
  863.000  7.158963e+02  5.934997e+01 -1.138487e-15 
  864.000  7.147191e+02  5.913923e+01  4.317153e-14 
  865.000  7.016266e+02  5.794323e+01  5.804146e-14 
  866.000  5.886448e+02  4.851316e+01  2.257672e-14 
  867.000  6.269185e+02  5.155828e+01 -5.241353e-14 
  868.000  6.800344e+02  5.581144e+01 -1.927416e-14 
  869.000  6.706364e+02  5.492847e+01 -1.660499e-14 
  870.000  6.983777e+02  5.707969e+01 -2.079308e-14 
  871.000  6.975334e+02  5.689522e+01 -2.120477e-14 
  872.000  6.949288e+02  5.657205e+01  1.013380e-13 
  873.000  6.977281e+02  5.667584e+01 -8.457632e-15 
  874.000  6.824897e+02  5.532005e+01 -1.747798e-14 
  875.000  6.763029e+02  5.470472e+01 -3.362468e-14 
  876.000  6.818945e+02  5.503342e+01  1.366036e-14 
  877.000  6.955184e+02  5.601204e+01  1.124117e-14 
  878.000  6.832252e+02  5.487562e+01 -6.760254e-15 
  879.000  6.848675e+02  5.489252e+01  5.321628e-15 
  880.000  6.806168e+02  5.441123e+01 -4.495775e-14 
  881.000  6.451306e+02  5.145383e+01  1.279196e-14 
  882.000  6.806397e+02  5.415943e+01  5.446174e-15 
  883.000  6.654102e+02  5.285469e+01  2.095229e-14 
  884.000  6.712371e+02  5.321498e+01  8.937751e-15 
  885.000  6.774292e+02  5.353814e+01 -2.394667e-14 
  886.000  6.541648e+02  5.151659e+01  1.762663e-14 
  887.000  6.484606e+02  5.102309e+01 -2.875026e-15 
  888.000  6.679097e+02  5.244315e+01  6.173841e-15 
  889.000  6.727549e+02  5.273505e+01 -7.290363e-15 
  890.000  6.699374e+02  5.236071e+01 -2.285877e-14 
  891.000  6.647642e+02  5.175621e+01  2.462855e-15 
  892.000  6.586118e+02  5.102356e+01 -5.486063e-15 
  893.000  6.208883e+02  4.759972e+01 -1.394686e-15 
  894.000  6.348200e+02  4.839731e+01  2.508228e-15 
  895.000  5.823716e+02  4.395378e+01 -4.671854e-15 
  896.000  5.823104e+02  4.362403e+01  2.156461e-15 
  897.000  5.453218e+02  4.056454e+01 -1.454968e-15 
  898.000  5.353115e+02  3.964270e+01 -1.653458e-15 
  899.000  5.044827e+02  3.700320e+01  1.657435e-17 
  900.000  4.961138e+02  3.635729e+01 -5.246723e-15 
  901.000  4.780933e+02  3.488755e+01  8.762347e-17 
  902.000  4.707590e+02  3.431187e+01  5.281878e-16 
  903.000  5.467809e+02  4.024529e+01  1.749611e-15 
  904.000  5.864763e+02  4.336313e+01  2.755524e-15 
  905.000  5.838683e+02  4.308407e+01  1.391021e-15 
  906.000  5.489874e+02  4.026671e+01  1.561506e-15 
  907.000  5.237924e+02  3.809129e+01 -3.015115e-16 
  908.000  4.878390e+02  3.520246e+01 -1.431062e-15 
  909.000  4.804362e+02  3.460572e+01 -2.954605e-15 
  910.000  4.894629e+02  3.521990e+01  5.578733e-15 
  911.000  5.025297e+02  3.622358e+01  5.875937e-15 
  912.000  4.966841e+02  3.567432e+01 -4.569822e-15 
  913.000  4.777237e+02  3.391129e+01  4.654435e-16 
  914.000  4.897119e+02  3.488700e+01 -2.955378e-16 
  915.000  4.928419e+02  3.517085e+01 -2.566948e-15 
  916.000  5.022132e+02  3.580675e+01 -1.107316e-15 
  917.000  5.008526e+02  3.570532e+01  5.200641e-15 
  918.000  5.066688e+02  3.612505e+01 -3.092830e-15 
  919.000  5.421976e+02  3.880434e+01 -2.427224e-15 
  920.000  5.589695e+02  4.012494e+01  2.084669e-17 
  921.000  5.421317e+02  3.880478e+01 -1.452735e-15 
  922.000  5.369461e+02  3.835899e+01  1.070579e-15 
  923.000  5.088221e+02  3.623286e+01 -1.898789e-15 
  924.000  5.162623e+02  3.658553e+01  3.152361e-16 
  925.000  5.219148e+02  3.689347e+01 -1.882167e-15 
  926.000  5.027196e+02  3.543114e+01  3.197228e-15 
  927.000  5.046647e+02  3.535146e+01  6.070328e-15 
  928.000  4.821747e+02  3.346569e+01  9.513221e-18 
  929.000  4.396178e+02  3.000576e+01  1.602867e-15 
  930.000  3.943723e+02  2.621754e+01 -3.335105e-16 
  931.000  3.466920e+02  2.245913e+01  9.655733e-16 
  932.000  2.839514e+02  1.787982e+01  2.824075e-16 
  933.000  2.432293e+02  1.503220e+01 -1.136850e-16 
  934.000  2.012654e+02  1.218421e+01  0.000000e+00 
  935.000  1.941002e+02  1.169687e+01  7.933125e-17 
  936.000  2.075584e+02  1.257577e+01 -1.658187e-16 
  937.000  2.085063e+02  1.259439e+01 -3.787308e-18 
  938.000  2.511511e+02  1.546240e+01 -6.765568e-16 
  939.000  3.807606e+02  2.467826e+01 -2.676754e-15 
  940.000  3.990702e+02  2.610923e+01  7.775344e-16 
  941.000  3.733034e+02  2.416151e+01  1.750719e-16 
  942.000  3.201052e+02  2.026357e+01  1.112861e-16 
  943.000  2.720648e+02  1.676874e+01 -1.252976e-15 
  944.000  2.602015e+02  1.597501e+01 -6.482387e-13 
  945.000  2.850227e+02  1.760122e+01 -5.382310e-16 
  946.000  2.903424e+02  1.791386e+01  2.519231e-16 
  947.000  3.095640e+02  1.922880e+01 -1.364362e-17 
  948.000  3.239671e+02  2.019237e+01 -4.675547e-16 
  949.000  3.235775e+02  2.012925e+01  1.778148e-16 
  950.000  3.247367e+02  2.019524e+01 -6.521742e-16 
  951.000  3.509803e+02  2.206983e+01  3.300969e-17 
  952.000  3.212755e+02  1.991291e+01 -5.819139e-16 
  953.000  3.414874e+02  2.133006e+01 -9.404789e-16 
  954.000  3.610345e+02  2.277969e+01  4.831003e-16 
  955.000  3.203713e+02  2.000517e+01 -2.378132e-17 
  956.000  3.381038e+02  2.105820e+01 -3.857160e-16 
  957.000  3.959428e+02  2.540201e+01 -1.411765e-16 
  958.000  4.069976e+02  2.618983e+01  1.332279e-15 
  959.000  3.988620e+02  2.549362e+01 -9.759371e-16 
  960.000  3.924395e+02  2.500640e+01 -7.735366e-16 
  961.000  3.835345e+02  2.433302e+01 -6.406293e-16 
  962.000  3.900306e+02  2.477072e+01  1.240173e-15 
  963.000  4.218602e+02  2.721464e+01 -7.128832e-16 
  964.000  4.218532e+02  2.722834e+01  9.751999e-16 
  965.000  4.240179e+02  2.729140e+01  5.481604e-16 
  966.000  4.136506e+02  2.660633e+01 -1.098683e-16 
  967.000  4.498149e+02  2.913484e+01  1.644198e-15 
  968.000  4.849401e+02  3.165464e+01  1.079101e-15 
  969.000  5.064758e+02  3.315263e+01  6.842065e-16 
  970.000  5.089557e+02  3.326897e+01 -5.243344e-15 
  971.000  5.040529e+02  3.288599e+01  1.067735e-14 
  972.000  5.023785e+02  3.267169e+01  2.317591e-15 
  973.000  4.857844e+02  3.144724e+01 -1.055548e-15 
  974.000  4.640975e+02  2.989882e+01  1.054047e-16 
  975.000  4.573001e+02  2.934994e+01  3.413252e-15 
  976.000  4.742366e+02  3.045479e+01  2.928807e-15 
  977.000  4.806685e+02  3.093554e+01  4.367391e-15 
  978.000  4.910922e+02  3.154413e+01 -1.490743e-15 
  979.000  4.817081e+02  3.092657e+01  5.617619e-15 
  980.000  5.077041e+02  3.271301e+01 -8.410983e-16 
  981.000  5.156127e+02  3.321413e+01  1.091987e-14 
  982.000  5.102699e+02  3.276850e+01 -2.703726e-15 
  983.000  5.189154e+02  3.338385e+01  1.295226e-15 
  984.000  5.257339e+02  3.391190e+01 -6.013432e-17 
  985.000  5.313793e+02  3.431501e+01 -1.043523e-15 
  986.000  5.345858e+02  3.460739e+01  3.177773e-15 
  987.000  5.440183e+02  3.522662e+01 -1.620798e-17 
  988.000  5.381096e+02  3.479824e+01 -6.908163e-15 
  989.000  5.317957e+02  3.433862e+01  1.133569e-14 
  990.000  5.371569e+02  3.464004e+01  7.431591e-15 
  991.000  5.443688e+02  3.510788e+01 -3.827646e-15 
  992.000  5.401174e+02  3.477745e+01  3.480319e-15 
  993.000  5.404382e+02  3.474282e+01  1.360318e-14 
  994.000  5.457144e+02  3.508805e+01  2.090022e-15 
  995.000  5.434257e+02  3.492490e+01 -3.640312e-15 
  996.000  5.433445e+02  3.485562e+01  1.651389e-15 
  997.000  5.429171e+02  3.473466e+01 -1.295482e-14 
  998.000  5.397028e+02  3.443111e+01 -5.276181e-15 
  999.000  5.379567e+02  3.424472e+01 -5.515039e-15 
 1000.000  5.340600e+02  3.394487e+01 -1.740204e-14 
 1001.000  5.345858e+02  3.385952e+01 -1.334627e-14 
 1002.000  5.298744e+02  3.340516e+01 -9.644980e-15 
 1003.000  5.246744e+02  3.303904e+01 -7.598489e-15 
 1004.000  5.225878e+02  3.290180e+01  1.200075e-15 
 1005.000  4.891090e+02  3.076195e+01  7.603562e-15 
 1006.000  5.151459e+02  3.234892e+01 -1.864701e-14 
 1007.000  5.238336e+02  3.281632e+01 -2.406110e-15 
 1008.000  5.229119e+02  3.262363e+01  1.145799e-14 
 1009.000  5.155489e+02  3.201403e+01 -5.094679e-16 
 1010.000  5.194097e+02  3.223590e+01 -2.029454e-15 
 1011.000  5.211201e+02  3.238659e+01 -1.833813e-15 
 1012.000  5.230502e+02  3.248982e+01 -2.130879e-15 
 1013.000  5.205648e+02  3.230270e+01  3.394013e-15 
 1014.000  5.245135e+02  3.250503e+01  9.250184e-15 
 1015.000  5.149523e+02  3.185783e+01  2.568565e-15 
 1016.000  5.188808e+02  3.206005e+01 -1.153139e-14 
 1017.000  5.141417e+02  3.171979e+01 -7.377293e-15 
 1018.000  5.201550e+02  3.201180e+01 -2.673128e-15 
 1019.000  5.069082e+02  3.109847e+01 -3.842418e-15 
 1020.000  5.063777e+02  3.102480e+01 -2.076351e-15 
 1021.000  5.124582e+02  3.137134e+01 -4.942669e-15 
 1022.000  5.031349e+02  3.069513e+01 -7.228386e-15 
 1023.000  5.114570e+02  3.111975e+01  6.393480e-15 
 1024.000  5.080385e+02  3.083464e+01 -7.132317e-15 
 1025.000  5.104367e+02  3.098332e+01 -3.245960e-15 
 1026.000  5.121970e+02  3.106875e+01  1.052769e-14 
 1027.000  5.086913e+02  3.078651e+01 -3.683677e-15 
 1028.000  5.103148e+02  3.084130e+01  5.618497e-15 
 1029.000  5.036645e+02  3.041858e+01 -6.163460e-15 
 1030.000  5.097311e+02  3.076071e+01  2.578684e-15 
 1031.000  5.086695e+02  3.065807e+01  4.586185e-15 
 1032.000  5.073122e+02  3.053392e+01 -2.180401e-14 
 1033.000  4.981039e+02  2.992892e+01  8.084678e-15 
 1034.000  5.036202e+02  3.021336e+01  9.084555e-15 
 1035.000  4.983955e+02  2.984991e+01 -3.471193e-14 
 1036.000  5.048696e+02  3.018285e+01 -1.199190e-14 
 1037.000  4.942950e+02  2.949927e+01 -1.669208e-15 
 1038.000  4.992546e+02  2.974368e+01  1.691550e-14 
 1039.000  5.012315e+02  2.980342e+01  4.152392e-16 
 1040.000  4.952542e+02  2.939175e+01  4.277831e-15 
 1041.000  4.978293e+02  2.948843e+01 -6.860394e-15 
 1042.000  4.992928e+02  2.952085e+01  5.965501e-16 
 1043.000  4.906876e+02  2.895973e+01 -4.261415e-15 
 1044.000  4.955161e+02  2.918974e+01  1.069946e-14 
 1045.000  4.932657e+02  2.899743e+01  6.598869e-15 
 1046.000  4.788257e+02  2.809318e+01  1.463736e-14 
 1047.000  4.875070e+02  2.854541e+01 -1.262403e-14 
 1048.000  4.922578e+02  2.876686e+01 -4.722341e-15 
 1049.000  4.889805e+02  2.851968e+01 -1.252782e-15 
 1050.000  4.858923e+02  2.828084e+01 -2.303738e-14 
 1051.000  4.856751e+02  2.820506e+01  1.073710e-14 
 1052.000  4.832393e+02  2.800573e+01  6.671762e-15 
 1053.000  4.834110e+02  2.796394e+01 -1.072360e-14 
 1054.000  4.781850e+02  2.760008e+01 -3.378040e-14 
 1055.000  4.814232e+02  2.772502e+01  2.772122e-16 
 1056.000  4.799190e+02  2.757923e+01 -3.400722e-15 
 1057.000  4.785330e+02  2.742632e+01  5.736621e-15 
 1058.000  4.725172e+02  2.699017e+01  1.253985e-16 
 1059.000  4.577019e+02  2.609980e+01 -4.616784e-15 
 1060.000  4.747015e+02  2.704296e+01  1.476072e-14 
 1061.000  4.579610e+02  2.604554e+01 -5.626913e-15 
 1062.000  4.700844e+02  2.666998e+01 -1.416405e-15 
 1063.000  4.619069e+02  2.615983e+01 -5.141155e-16 
 1064.000  4.673784e+02  2.640969e+01  5.453764e-15 
 1065.000  4.660747e+02  2.627020e+01 -5.923589e-15 
 1066.000  4.518470e+02  2.543308e+01 -2.520610e-15 
 1067.000  4.622635e+02  2.596817e+01 -4.796945e-15 
 1068.000  4.590089e+02  2.570818e+01  7.660362e-15 
 1069.000  4.237602e+02  2.367710e+01 -4.705223e-16 
 1070.000  4.491933e+02  2.506703e+01  4.540609e-15 
 1071.000  4.490719e+02  2.499687e+01 -2.695525e-15 
 1072.000  4.495287e+02  2.496034e+01 -8.471414e-16 
 1073.000  4.346078e+02  2.409268e+01 -7.574651e-15 
 1074.000  4.500853e+02  2.491917e+01  4.779442e-15 
 1075.000  4.376797e+02  2.423475e+01 -7.905680e-15 
 1076.000  4.463593e+02  2.465641e+01  2.008569e-15 
 1077.000  4.441635e+02  2.447004e+01  2.160833e-15 
 1078.000  4.439966e+02  2.439235e+01 -2.270733e-15 
 1079.000  4.266426e+02  2.340175e+01 -2.066577e-15 
 1080.000  4.352366e+02  2.375968e+01  3.584097e-16 
 1081.000  4.190990e+02  2.284268e+01  1.307576e-15 
 1082.000  4.262641e+02  2.323289e+01  6.421068e-16 
 1083.000  4.127332e+02  2.242566e+01 -5.635726e-15 
 1084.000  4.261329e+02  2.308158e+01  4.429824e-15 
 1085.000  4.148879e+02  2.236166e+01  9.797917e-16 
 1086.000  4.216937e+02  2.271354e+01 -8.381648e-16 
 1087.000  4.018288e+02  2.170080e+01 -3.690164e-15 
 1088.000  4.265400e+02  2.300734e+01  5.182045e-15 
 1089.000  4.028107e+02  2.159007e+01 -5.882666e-16 
 1090.000  4.101544e+02  2.193449e+01 -1.354335e-15 
 1091.000  4.143097e+02  2.214217e+01 -4.863600e-15 
 1092.000  4.009664e+02  2.135453e+01  6.540617e-15 
 1093.000  3.876604e+02  2.053834e+01  3.718808e-15 
 1094.000  3.494758e+02  1.846345e+01 -2.267356e-15 
 1095.000  3.788717e+02  1.999091e+01  1.371782e-15 
 1096.000  3.778516e+02  1.990886e+01  4.853263e-16 
 1097.000  3.711224e+02  1.951114e+01 -2.304385e-15 
 1098.000  3.452348e+02  1.799965e+01  4.452530e-16 
 1099.000  3.270446e+02  1.689329e+01 -4.596411e-16 
 1100.000  3.339147e+02  1.723361e+01  4.129353e-16 
