  400.000  6.185367e+01  1.888944e+02 -4.019452e-14 
  401.000  6.224122e+01  1.870103e+02  4.033792e-14 
  402.000  6.676944e+01  1.974079e+02 -1.896373e-14 
  403.000  6.328944e+01  1.841550e+02 -2.818139e-15 
  404.000  6.881951e+01  1.971034e+02  8.245777e-15 
  405.000  6.384925e+01  1.800251e+02 -2.888378e-14 
  406.000  6.409939e+01  1.779456e+02  2.186426e-14 
  407.000  6.314111e+01  1.726088e+02  0.000000e+00 
  408.000  6.917352e+01  1.862383e+02 -1.431792e-14 
  409.000  7.741586e+01  2.053042e+02 -5.774156e-16 
  410.000  6.543083e+01  1.709419e+02 -4.404273e-14 
  411.000  7.766259e+01  1.999102e+02  4.766912e-15 
  412.000  8.132467e+01  2.062816e+02  9.057263e-14 
  413.000  7.762946e+01  1.940596e+02 -6.259288e-15 
  414.000  7.695359e+01  1.896091e+02  5.359459e-16 
  415.000  8.292091e+01  2.014083e+02 -5.611747e-14 
  416.000  8.325266e+01  1.993658e+02 -1.179239e-14 
  417.000  8.152579e+01  1.925038e+02  1.139730e-14 
  418.000  8.053310e+01  1.875257e+02  7.143775e-15 
  419.000  8.330511e+01  1.913170e+02 -7.296516e-15 
  420.000  7.118436e+01  1.612548e+02  2.326956e-14 
  421.000  9.002985e+01  2.011915e+02  7.977314e-15 
  422.000  8.707506e+01  1.919819e+02 -4.904752e-15 
  423.000  7.422162e+01  1.614689e+02  1.352519e-14 
  424.000  8.238665e+01  1.768704e+02 -2.916083e-14 
  425.000  8.609158e+01  1.824099e+02  2.258610e-14 
  426.000  8.349057e+01  1.746071e+02  3.159943e-14 
  427.000  8.101171e+01  1.672459e+02 -4.300600e-15 
  428.000  8.273855e+01  1.686332e+02  7.905048e-14 
  429.000  7.591309e+01  1.527651e+02  0.000000e+00 
  430.000  6.108544e+01  1.213843e+02  4.872126e-15 
  431.000  5.537741e+01  1.086722e+02  1.060829e-14 
  432.000  1.004981e+02  1.947817e+02 -3.642031e-14 
  433.000  9.018372e+01  1.726497e+02  5.297472e-14 
  434.000  8.640432e+01  1.634038e+02 -2.122553e-14 
  435.000  9.475236e+01  1.770305e+02 -7.163638e-15 
  436.000  1.058904e+02  1.954732e+02  4.018583e-14 
  437.000  1.077407e+02  1.965278e+02  4.276444e-15 
  438.000  9.725168e+01  1.753056e+02  6.618864e-15 
  439.000  9.482150e+01  1.689270e+02 -1.057244e-14 
  440.000  1.070681e+02  1.885331e+02  2.007068e-14 
  441.000  1.075060e+02  1.871262e+02  1.393376e-14 
  442.000  1.140452e+02  1.962424e+02 -4.887362e-15 
  443.000  1.156262e+02  1.967098e+02  1.153705e-14 
  444.000  1.156811e+02  1.945921e+02 -3.574794e-14 
  445.000  1.225193e+02  2.037982e+02 -2.851344e-14 
  446.000  1.097901e+02  1.806063e+02  1.654131e-14 
  447.000  1.260844e+02  2.051299e+02  2.276774e-14 
  448.000  1.291210e+02  2.077672e+02  1.723538e-14 
  449.000  1.309580e+02  2.084267e+02 -7.449996e-14 
  450.000  1.347800e+02  2.121905e+02 -5.483544e-14 
  451.000  1.466767e+02  2.284442e+02 -3.805118e-14 
  452.000  1.372780e+02  2.115326e+02 -2.647152e-14 
  453.000  1.282773e+02  1.955777e+02  2.948682e-14 
  454.000  1.376545e+02  2.076772e+02 -6.149393e-14 
  455.000  1.394911e+02  2.082592e+02  1.216757e-14 
  456.000  1.437303e+02  2.123719e+02  8.934711e-15 
  457.000  1.454033e+02  2.126392e+02  3.235544e-14 
  458.000  1.436929e+02  2.079967e+02 -4.460635e-14 
  459.000  1.445105e+02  2.070648e+02  5.737587e-14 
  460.000  1.440785e+02  2.043723e+02 -9.934533e-15 
  461.000  1.501540e+02  2.108655e+02  5.461165e-15 
  462.000  1.485365e+02  2.065282e+02  4.095943e-15 
  463.000  1.493983e+02  2.056839e+02  1.889162e-14 
  464.000  1.508216e+02  2.056206e+02  8.130540e-14 
  465.000  1.495267e+02  2.018837e+02  5.205158e-14 
  466.000  1.551862e+02  2.075130e+02 -8.931153e-15 
  467.000  1.505821e+02  1.994376e+02  2.641179e-14 
  468.000  1.602326e+02  2.102098e+02  1.882560e-14 
  469.000  1.595657e+02  2.073695e+02  1.291384e-15 
  470.000  1.580470e+02  2.034854e+02  1.835030e-14 
  471.000  1.583831e+02  2.020404e+02 -1.956249e-14 
  472.000  1.608851e+02  2.033582e+02 -3.635585e-14 
  473.000  1.595992e+02  1.999069e+02  8.824736e-15 
  474.000  1.612949e+02  2.002205e+02 -4.508870e-14 
  475.000  1.680426e+02  2.067632e+02  1.916025e-14 
  476.000  1.629020e+02  1.987120e+02  6.405768e-14 
  477.000  1.615693e+02  1.953795e+02  0.000000e+00 
  478.000  1.704983e+02  2.043043e+02  3.788453e-14 
  479.000  1.640417e+02  1.947455e+02  2.592342e-14 
  480.000  1.686765e+02  1.983931e+02  9.641646e-15 
  481.000  1.689118e+02  1.968606e+02  8.912993e-15 
  482.000  1.736317e+02  2.005504e+02 -9.073442e-15 
  483.000  1.748678e+02  2.001972e+02  8.409954e-15 
  484.000  1.690367e+02  1.918391e+02  1.801145e-14 
  485.000  1.711058e+02  1.925180e+02 -5.182026e-14 
  486.000  1.394063e+02  1.555168e+02 -7.581748e-15 
  487.000  1.574545e+02  1.741691e+02  7.935215e-15 
  488.000  1.717757e+02  1.884196e+02 -3.625171e-14 
  489.000  1.604268e+02  1.745074e+02 -2.451195e-14 
  490.000  1.834817e+02  1.979358e+02  3.822551e-14 
  491.000  1.724010e+02  1.844514e+02  9.081559e-15 
  492.000  1.663242e+02  1.764940e+02  3.369433e-14 
  493.000  1.798337e+02  1.892773e+02  0.000000e+00 
  494.000  1.743943e+02  1.820689e+02  4.219260e-14 
  495.000  1.871402e+02  1.938055e+02 -9.656005e-15 
  496.000  1.828196e+02  1.878136e+02 -1.816446e-14 
  497.000  1.778838e+02  1.812858e+02 -8.498503e-15 
  498.000  1.742051e+02  1.761293e+02 -1.190612e-15 
  499.000  1.742948e+02  1.748320e+02  4.310868e-14 
  500.000  1.740327e+02  1.732018e+02  1.821829e-14 
  501.000  1.706070e+02  1.684708e+02 -2.410204e-14 
  502.000  1.699624e+02  1.665350e+02  1.145338e-15 
  503.000  1.805938e+02  1.755897e+02 -2.594550e-14 
  504.000  1.684803e+02  1.625584e+02  2.412484e-14 
  505.000  1.822030e+02  1.744617e+02 -6.169278e-14 
  506.000  1.957780e+02  1.860475e+02 -2.845255e-14 
  507.000  1.828380e+02  1.724490e+02 -4.204853e-14 
  508.000  1.759976e+02  1.647602e+02 -1.552964e-14 
  509.000  1.904847e+02  1.770009e+02 -2.664197e-14 
  510.000  1.852357e+02  1.708557e+02  1.205115e-15 
  511.000  1.859223e+02  1.702322e+02  1.676940e-14 
  512.000  1.957880e+02  1.779585e+02 -8.789650e-15 
  513.000  1.797858e+02  1.622286e+02 -8.034909e-15 
  514.000  1.765912e+02  1.581968e+02  5.641064e-16 
  515.000  1.808686e+02  1.608665e+02 -7.436533e-15 
  516.000  1.905232e+02  1.682431e+02 -5.225769e-14 
  517.000  1.406856e+02  1.233503e+02 -6.633374e-15 
  518.000  1.745927e+02  1.519971e+02  1.649243e-15 
  519.000  1.658011e+02  1.433282e+02  2.226829e-14 
  520.000  1.829710e+02  1.570643e+02  4.159667e-14 
  521.000  1.834829e+02  1.564084e+02 -2.449773e-14 
  522.000  1.911513e+02  1.618191e+02  5.949825e-16 
  523.000  1.783941e+02  1.499837e+02  2.314918e-14 
  524.000  1.939063e+02  1.619127e+02 -3.407329e-14 
  525.000  1.926873e+02  1.598036e+02  8.893568e-15 
  526.000  1.839789e+02  1.515495e+02  7.336516e-15 
  527.000  1.609666e+02  1.317018e+02 -4.290145e-14 
  528.000  1.936000e+02  1.573424e+02  5.950482e-16 
  529.000  1.993816e+02  1.609625e+02 -1.765442e-14 
  530.000  1.886717e+02  1.513069e+02 -4.829969e-14 
  531.000  2.056692e+02  1.638504e+02  1.814928e-14 
  532.000  1.965294e+02  1.555399e+02 -8.954095e-15 
  533.000  1.730295e+02  1.360460e+02 -1.052808e-15 
  534.000  1.886775e+02  1.473791e+02 -2.618259e-14 
  535.000  1.930806e+02  1.498336e+02  3.363654e-14 
  536.000  2.054765e+02  1.584178e+02  3.565387e-14 
  537.000  1.911579e+02  1.464283e+02 -7.975161e-15 
  538.000  2.006176e+02  1.526908e+02  5.988541e-16 
  539.000  2.004489e+02  1.515918e+02  5.103236e-14 
  540.000  1.966327e+02  1.477652e+02  4.932013e-14 
  541.000  1.807315e+02  1.349613e+02  1.542025e-14 
  542.000  2.020681e+02  1.499504e+02  9.488056e-15 
  543.000  1.937214e+02  1.428617e+02 -4.815374e-14 
  544.000  2.047511e+02  1.500605e+02 -1.200486e-15 
  545.000  2.020927e+02  1.471989e+02 -2.646937e-14 
  546.000  1.979757e+02  1.433156e+02 -4.080543e-14 
  547.000  2.067844e+02  1.487780e+02  2.515113e-14 
  548.000  1.922275e+02  1.374641e+02  1.666761e-14 
  549.000  2.026870e+02  1.440671e+02 -8.767146e-15 
  550.000  1.985972e+02  1.403101e+02  5.742979e-16 
  551.000  1.976995e+02  1.388386e+02  7.378933e-15 
  552.000  2.065863e+02  1.442136e+02 -3.376849e-14 
  553.000  1.988300e+02  1.379752e+02 -3.984733e-14 
  554.000  2.056687e+02  1.418779e+02  0.000000e+00 
  555.000  2.065883e+02  1.416746e+02 -2.535988e-14 
  556.000  2.012100e+02  1.371790e+02 -7.453409e-15 
  557.000  1.955129e+02  1.325195e+02  3.896985e-14 
  558.000  2.032156e+02  1.369432e+02 -3.237029e-14 
  559.000  1.923316e+02  1.288625e+02  2.240608e-14 
  560.000  1.933957e+02  1.288344e+02 -7.136389e-15 
  561.000  2.127602e+02  1.409290e+02  9.667362e-15 
  562.000  1.953049e+02  1.286480e+02  4.770414e-14 
  563.000  2.044763e+02  1.339347e+02 -5.835476e-16 
  564.000  2.016697e+02  1.313638e+02 -7.442465e-15 
  565.000  2.039805e+02  1.321449e+02  2.494238e-14 
  566.000  1.881125e+02  1.211940e+02  8.028857e-15 
  567.000  2.012773e+02  1.289994e+02 -5.777465e-16 
  568.000  1.991928e+02  1.270843e+02  1.669003e-14 
  569.000  1.915927e+02  1.219840e+02  6.125082e-15 
  570.000  1.931214e+02  1.222421e+02 -1.829692e-14 
  571.000  1.886604e+02  1.184717e+02 -2.246298e-14 
  572.000  1.968561e+02  1.232677e+02 -4.139769e-15 
  573.000  1.995438e+02  1.241252e+02  3.409517e-14 
  574.000  1.986594e+02  1.229083e+02  2.631515e-14 
  575.000  1.937056e+02  1.192284e+02  7.988975e-15 
  576.000  1.904425e+02  1.166111e+02  1.568794e-14 
  577.000  1.995020e+02  1.214624e+02  7.572237e-15 
  578.000  1.951412e+02  1.181125e+02  8.470599e-15 
  579.000  1.952682e+02  1.175091e+02 -8.390322e-15 
  580.000  2.038883e+02  1.219941e+02  2.483161e-14 
  581.000  2.026210e+02  1.205169e+02  1.640355e-14 
  582.000  2.074871e+02  1.227180e+02 -1.546899e-14 
  583.000  2.102976e+02  1.237105e+02  2.478967e-14 
  584.000  2.108762e+02  1.233917e+02 -3.157191e-14 
  585.000  2.104280e+02  1.224912e+02  2.393706e-14 
  586.000  2.023390e+02  1.171735e+02  4.743316e-14 
  587.000  2.096635e+02  1.208850e+02  0.000000e+00 
  588.000  2.029048e+02  1.169229e+02  7.584052e-15 
  589.000  1.730799e+02  9.987333e+01 -2.220600e-14 
  590.000  1.806828e+02  1.037795e+02  1.800995e-14 
  591.000  1.979043e+02  1.126130e+02 -3.836138e-15 
  592.000  1.917041e+02  1.087950e+02  4.438788e-15 
  593.000  2.003647e+02  1.125961e+02 -7.517683e-15 
  594.000  2.012265e+02  1.126440e+02  7.586837e-15 
  595.000  1.934411e+02  1.081284e+02 -9.917798e-15 
  596.000  2.048132e+02  1.133662e+02 -1.907931e-14 
  597.000  2.042318e+02  1.125984e+02 -8.806346e-15 
  598.000  2.028065e+02  1.110469e+02 -2.147740e-14 
  599.000  2.041084e+02  1.111253e+02  4.648950e-15 
  600.000  2.066293e+02  1.116857e+02 -7.659395e-15 
  601.000  2.071838e+02  1.113416e+02 -7.599420e-15 
  602.000  2.056831e+02  1.099664e+02 -7.513698e-15 
  603.000  2.078349e+02  1.105570e+02  7.551414e-15 
  604.000  2.155359e+02  1.140902e+02 -3.167968e-14 
  605.000  2.159783e+02  1.137684e+02 -1.662096e-14 
  606.000  2.141905e+02  1.122934e+02 -1.476880e-14 
  607.000  2.136790e+02  1.114987e+02  1.467772e-14 
  608.000  2.135592e+02  1.109165e+02  3.899010e-14 
  609.000  2.119967e+02  1.095944e+02  6.960531e-15 
  610.000  2.092275e+02  1.076638e+02 -1.475007e-14 
  611.000  2.132834e+02  1.092477e+02  6.952372e-15 
  612.000  2.111453e+02  1.076590e+02  1.424604e-14 
  613.000  2.086702e+02  1.059141e+02  4.470208e-14 
  614.000  2.017058e+02  1.019168e+02  1.552929e-14 
  615.000  2.119626e+02  1.066175e+02 -3.042022e-14 
  616.000  2.020795e+02  1.011914e+02 -3.638662e-14 
  617.000  2.037346e+02  1.015666e+02 -5.035019e-16 
  618.000  2.138116e+02  1.061189e+02  5.270576e-16 
  619.000  2.122477e+02  1.048804e+02  1.454329e-14 
  620.000  2.157524e+02  1.061471e+02 -2.213179e-14 
  621.000  2.197798e+02  1.076605e+02 -3.912984e-14 
  622.000  2.084261e+02  1.016605e+02  2.233831e-14 
  623.000  2.102020e+02  1.020914e+02  1.028312e-15 
  624.000  2.105885e+02  1.018460e+02  7.683326e-15 
  625.000  2.050017e+02  9.872697e+01  6.974211e-15 
  626.000  2.057426e+02  9.868889e+01  2.905819e-14 
  627.000  2.072491e+02  9.909280e+01  2.199548e-14 
  628.000  1.955607e+02  9.352950e+01 -4.542484e-15 
  629.000  2.060190e+02  9.792120e+01  1.380706e-14 
  630.000  2.012855e+02  9.515070e+01  1.218997e-14 
  631.000  2.108736e+02  9.919760e+01  6.456078e-15 
  632.000  1.960120e+02  9.190919e+01  1.291074e-14 
  633.000  2.138052e+02  9.961251e+01  2.274722e-14 
  634.000  2.092508e+02  9.703767e+01 -7.500955e-15 
  635.000  2.142588e+02  9.893650e+01 -7.117519e-15 
  636.000  2.081191e+02  9.567168e+01  1.469186e-14 
  637.000  2.163598e+02  9.902409e+01  0.000000e+00 
  638.000  2.218855e+02  1.010714e+02 -5.617702e-15 
  639.000  2.210759e+02  1.002787e+02 -2.179086e-14 
  640.000  2.156074e+02  9.736559e+01  5.873661e-15 
  641.000  2.196866e+02  9.879499e+01 -1.440227e-14 
  642.000  2.182003e+02  9.770396e+01 -7.843948e-15 
  643.000  2.220071e+02  9.903501e+01 -2.145428e-14 
  644.000  2.201517e+02  9.780631e+01 -9.908164e-16 
  645.000  2.215533e+02  9.808369e+01 -2.887896e-14 
  646.000  2.092276e+02  9.257024e+01  2.888941e-14 
  647.000  2.094235e+02  9.248370e+01 -8.061853e-15 
  648.000  2.060128e+02  9.083987e+01  9.841218e-15 
  649.000  2.137701e+02  9.368603e+01 -1.090661e-14 
  650.000  2.042600e+02  8.881807e+01 -1.110126e-14 
  651.000  2.205208e+02  9.551068e+01 -7.712145e-15 
  652.000  2.114305e+02  9.152457e+01 -7.474209e-15 
  653.000  2.224416e+02  9.554226e+01 -5.991980e-15 
  654.000  2.193445e+02  9.388114e+01  3.394291e-15 
  655.000  2.118218e+02  9.043317e+01 -2.275687e-15 
  656.000  1.808904e+02  7.689021e+01 -7.482933e-15 
  657.000  1.945635e+02  8.232086e+01 -9.863682e-15 
  658.000  2.192944e+02  9.231293e+01  1.278242e-14 
  659.000  2.214736e+02  9.274825e+01  1.430415e-14 
  660.000  2.241713e+02  9.349408e+01  0.000000e+00 
  661.000  2.273416e+02  9.438296e+01 -2.884017e-14 
  662.000  2.317470e+02  9.581715e+01 -2.823259e-14 
  663.000  2.295690e+02  9.456036e+01  6.737346e-15 
  664.000  2.266035e+02  9.297608e+01  2.650025e-14 
  665.000  2.283450e+02  9.332697e+01  2.042569e-14 
  666.000  2.318739e+02  9.440192e+01 -7.689426e-15 
  667.000  2.279588e+02  9.245349e+01 -4.728369e-16 
  668.000  2.301579e+02  9.298048e+01 -2.032811e-14 
  669.000  2.341387e+02  9.422926e+01 -7.190565e-15 
  670.000  2.319346e+02  9.299129e+01 -7.576683e-15 
  671.000  2.300991e+02  9.190850e+01  3.978073e-14 
  672.000  2.299104e+02  9.149113e+01  8.402002e-15 
  673.000  2.321131e+02  9.202501e+01 -2.722854e-14 
  674.000  2.331162e+02  9.208102e+01  9.449998e-16 
  675.000  2.301004e+02  9.055476e+01  1.249023e-14 
  676.000  2.349750e+02  9.213361e+01  2.073891e-14 
  677.000  2.308006e+02  9.016528e+01 -6.927674e-15 
  678.000  2.351268e+02  9.151980e+01  7.039654e-15 
  679.000  2.322238e+02  9.006339e+01  0.000000e+00 
  680.000  2.305052e+02  8.908700e+01  2.569556e-14 
  681.000  2.309774e+02  8.895342e+01  1.378770e-14 
  682.000  2.308183e+02  8.857600e+01 -6.877664e-15 
  683.000  2.327075e+02  8.898544e+01 -2.491103e-14 
  684.000  2.284978e+02  8.708044e+01 -3.990045e-14 
  685.000  2.317550e+02  8.799683e+01 -1.969774e-14 
  686.000  2.206046e+02  8.349171e+01 -5.010305e-14 
  687.000  1.650282e+02  6.337888e+01  3.288401e-16 
  688.000  1.822203e+02  6.938475e+01 -8.193929e-15 
  689.000  1.778412e+02  6.760661e+01 -1.240962e-14 
  690.000  1.879935e+02  7.098737e+01 -2.123457e-15 
  691.000  2.007936e+02  7.525087e+01 -2.736278e-15 
  692.000  2.062142e+02  7.690484e+01 -1.745045e-14 
  693.000  2.020061e+02  7.540261e+01 -3.171519e-15 
  694.000  1.974353e+02  7.376974e+01  1.641541e-16 
  695.000  1.998011e+02  7.419616e+01  1.812230e-14 
  696.000  2.057826e+02  7.602838e+01 -1.475151e-15 
  697.000  2.216346e+02  8.100652e+01  1.862820e-14 
  698.000  2.145790e+02  7.827690e+01 -1.269846e-14 
  699.000  2.050875e+02  7.507924e+01 -8.870813e-15 
  700.000  2.050679e+02  7.473380e+01 -1.814908e-14 
  701.000  1.977562e+02  7.194247e+01  1.250836e-14 
  702.000  1.991305e+02  7.211643e+01  8.978914e-15 
  703.000  2.133688e+02  7.657276e+01 -2.215241e-14 
  704.000  2.147247e+02  7.678488e+01 -8.846343e-15 
  705.000  2.118858e+02  7.569118e+01 -2.201656e-14 
  706.000  2.107732e+02  7.500914e+01  8.882906e-15 
  707.000  2.094641e+02  7.423469e+01 -7.044124e-15 
  708.000  2.176183e+02  7.680206e+01  6.815867e-15 
  709.000  2.137545e+02  7.505970e+01  5.812761e-15 
  710.000  2.149194e+02  7.536068e+01 -7.170155e-16 
  711.000  2.169890e+02  7.569427e+01 -2.834550e-15 
  712.000  2.175888e+02  7.554153e+01 -2.133827e-14 
  713.000  2.140970e+02  7.417813e+01  7.722859e-15 
  714.000  2.169325e+02  7.495049e+01 -5.817789e-15 
  715.000  2.050517e+02  7.077198e+01  4.440361e-16 
  716.000  2.056944e+02  7.094109e+01 -7.313508e-16 
  717.000  1.724021e+02  6.010601e+01 -4.302801e-16 
  718.000  1.554635e+02  5.441194e+01  2.500742e-14 
  719.000  1.482007e+02  5.187175e+01  2.342866e-14 
  720.000  1.415165e+02  4.963863e+01 -5.627953e-16 
  721.000  1.785624e+02  6.126630e+01  4.343299e-15 
  722.000  1.959946e+02  6.653127e+01  9.219871e-15 
  723.000  1.873578e+02  6.367747e+01  8.183822e-15 
  724.000  1.658359e+02  5.673812e+01  1.348209e-14 
  725.000  1.672715e+02  5.697963e+01  1.298574e-14 
  726.000  1.661195e+02  5.642731e+01  1.382132e-14 
  727.000  1.718926e+02  5.812947e+01 -8.723751e-16 
  728.000  1.657564e+02  5.594774e+01 -1.081302e-14 
  729.000  1.674715e+02  5.615742e+01  7.395075e-15 
  730.000  1.724298e+02  5.766508e+01  1.081955e-15 
  731.000  1.680932e+02  5.606915e+01  5.410909e-15 
  732.000  1.861357e+02  6.150320e+01  8.095935e-15 
  733.000  1.981170e+02  6.476350e+01 -8.225477e-15 
  734.000  2.098453e+02  6.813449e+01 -1.273070e-14 
  735.000  2.057919e+02  6.669483e+01 -2.316590e-14 
  736.000  1.974599e+02  6.395030e+01 -8.829047e-15 
  737.000  2.038143e+02  6.568509e+01 -1.409614e-14 
  738.000  2.083920e+02  6.679217e+01 -4.546279e-15 
  739.000  2.039081e+02  6.508923e+01 -1.212416e-14 
  740.000  2.107269e+02  6.691855e+01  6.172489e-15 
  741.000  2.119513e+02  6.702560e+01  2.255313e-15 
  742.000  2.097631e+02  6.610135e+01 -6.206777e-15 
  743.000  2.185575e+02  6.856149e+01  3.481539e-14 
  744.000  2.219499e+02  6.938821e+01 -3.513602e-14 
  745.000  2.172122e+02  6.768250e+01 -7.814498e-16 
  746.000  2.211048e+02  6.867290e+01  1.584411e-15 
  747.000  2.247885e+02  6.960644e+01  3.361501e-14 
  748.000  2.215000e+02  6.837054e+01  2.435983e-14 
  749.000  2.220354e+02  6.832675e+01 -5.656118e-14 
  750.000  2.186992e+02  6.710459e+01 -3.172860e-14 
  751.000  2.184051e+02  6.681409e+01  2.316513e-14 
  752.000  2.226005e+02  6.788335e+01 -1.096918e-14 
  753.000  2.209409e+02  6.717296e+01  7.799994e-16 
  754.000  2.247725e+02  6.813295e+01  0.000000e+00 
  755.000  2.237536e+02  6.762341e+01  1.096838e-14 
  756.000  2.196475e+02  6.618629e+01 -2.227726e-14 
  757.000  2.214720e+02  6.654002e+01  2.166115e-14 
  758.000  2.204245e+02  6.603820e+01  3.247553e-14 
  759.000  1.833852e+02  5.526720e+01  1.449557e-14 
  760.000  2.812357e+01  9.795775e+00 -1.569473e-16 
  761.000  2.121216e+01  7.671967e+00  1.571220e-16 
  762.000  8.160466e+01  2.564917e+01  2.377020e-23 
  763.000  5.917884e+01  1.903455e+01  2.614778e-15 
  764.000  7.105157e+01  2.249412e+01 -1.812184e-16 
  765.000  1.025905e+02  3.147116e+01  4.328417e-14 
  766.000  1.414496e+02  4.219534e+01 -7.042362e-15 
  767.000  1.693729e+02  5.002338e+01  1.519665e-14 
  768.000  1.948674e+02  5.703853e+01  9.618960e-15 
  769.000  2.069900e+02  6.021243e+01 -2.047590e-14 
  770.000  2.128536e+02  6.167306e+01  2.227680e-15 
  771.000  2.162321e+02  6.240691e+01  4.324330e-14 
  772.000  2.163211e+02  6.224833e+01  2.152790e-14 
  773.000  2.159030e+02  6.194943e+01  2.217819e-14 
  774.000  2.187245e+02  6.258211e+01  1.120264e-14 
  775.000  2.109974e+02  6.019754e+01  2.011416e-14 
  776.000  2.200868e+02  6.261139e+01  2.093914e-14 
  777.000  2.187490e+02  6.205672e+01 -2.079336e-14 
  778.000  2.176692e+02  6.157969e+01  1.994044e-14 
  779.000  2.184630e+02  6.163371e+01  1.112076e-14 
  780.000  2.158423e+02  6.072667e+01 -7.357851e-16 
  781.000  2.159433e+02  6.058006e+01  1.022943e-14 
  782.000  2.186177e+02  6.116245e+01 -7.433506e-16 
  783.000  2.135900e+02  5.959240e+01  0.000000e+00 
  784.000  2.147265e+02  5.974744e+01  0.000000e+00 
  785.000  2.145574e+02  5.955342e+01  6.342770e-14 
  786.000  2.096174e+02  5.805236e+01  1.441535e-15 
  787.000  2.098695e+02  5.806548e+01 -9.968305e-15 
  788.000  2.052272e+02  5.666700e+01 -5.009028e-15 
  789.000  2.007904e+02  5.544249e+01 -3.561978e-16 
  790.000  1.983757e+02  5.464122e+01 -6.673548e-15 
  791.000  1.985450e+02  5.451050e+01 -2.784958e-15 
  792.000  1.965140e+02  5.378054e+01  1.608565e-14 
  793.000  1.987468e+02  5.418436e+01 -1.190059e-15 
  794.000  2.016575e+02  5.471015e+01  1.799324e-14 
  795.000  1.977408e+02  5.357374e+01 -1.834493e-14 
  796.000  1.933319e+02  5.244337e+01 -5.208949e-15 
  797.000  1.969258e+02  5.321329e+01  1.307016e-14 
  798.000  2.021982e+02  5.435992e+01  6.256675e-15 
  799.000  2.010107e+02  5.392564e+01  2.719725e-15 
  800.000  1.923273e+02  5.155135e+01  1.384640e-15 
  801.000  1.964512e+02  5.250581e+01  3.767760e-15 
  802.000  1.958266e+02  5.221021e+01  4.988159e-15 
  803.000  1.936678e+02  5.148454e+01  5.060037e-15 
  804.000  1.972611e+02  5.225706e+01 -1.310174e-14 
  805.000  1.951920e+02  5.149314e+01  1.790249e-15 
  806.000  2.025867e+02  5.325697e+01  6.513032e-15 
  807.000  2.015881e+02  5.285372e+01 -4.802490e-15 
  808.000  1.993510e+02  5.215645e+01 -6.483108e-15 
  809.000  1.947261e+02  5.084564e+01  6.117860e-15 
  810.000  1.924506e+02  5.015687e+01  1.316817e-15 
  811.000  1.925151e+02  5.012003e+01  1.508683e-14 
  812.000  1.877550e+02  4.886111e+01  8.950634e-15 
  813.000  1.819632e+02  4.736530e+01  1.784463e-15 
  814.000  1.751643e+02  4.565367e+01  4.163336e-14 
  815.000  1.652870e+02  4.317124e+01  3.861569e-15 
  816.000  1.540915e+02  4.034272e+01 -1.799053e-15 
  817.000  1.555477e+02  4.061363e+01  1.173087e-14 
  818.000  1.554528e+02  4.047075e+01  2.150832e-14 
  819.000  1.545547e+02  4.006934e+01  8.568939e-15 
  820.000  1.622867e+02  4.171071e+01  1.748030e-14 
  821.000  1.807598e+02  4.599508e+01  7.165194e-15 
  822.000  1.661100e+02  4.239980e+01  9.373610e-15 
  823.000  1.427943e+02  3.682692e+01 -1.893757e-14 
  824.000  1.668691e+02  4.248272e+01  2.076697e-14 
  825.000  1.816431e+02  4.573349e+01  8.816845e-15 
  826.000  1.804168e+02  4.537118e+01 -2.047250e-14 
  827.000  1.780092e+02  4.470102e+01  7.632194e-15 
  828.000  1.679423e+02  4.230680e+01  4.181893e-15 
  829.000  1.714225e+02  4.298808e+01  1.131887e-13 
  830.000  1.727088e+02  4.310257e+01  1.297414e-14 
  831.000  1.707094e+02  4.247347e+01 -6.373069e-15 
  832.000  1.748010e+02  4.337036e+01 -4.501128e-15 
  833.000  1.717009e+02  4.243891e+01 -6.657237e-15 
  834.000  1.770319e+02  4.358108e+01 -2.702356e-16 
  835.000  1.827300e+02  4.474368e+01 -1.774657e-14 
  836.000  1.832998e+02  4.481133e+01  6.607250e-15 
  837.000  1.817458e+02  4.432500e+01  3.433635e-15 
  838.000  1.850472e+02  4.495844e+01  4.416705e-15 
  839.000  1.808759e+02  4.380207e+01  9.187931e-15 
  840.000  1.863765e+02  4.501070e+01  7.743066e-15 
  841.000  1.853437e+02  4.468908e+01  9.516762e-15 
  842.000  1.857429e+02  4.464180e+01  1.518418e-14 
  843.000  1.879926e+02  4.499498e+01  6.380013e-15 
  844.000  1.865161e+02  4.449989e+01  1.236523e-14 
  845.000  1.901729e+02  4.524686e+01 -1.201274e-14 
  846.000  1.925199e+02  4.565662e+01 -9.480992e-15 
  847.000  1.868502e+02  4.418927e+01  1.768175e-14 
  848.000  1.912349e+02  4.516510e+01 -2.944483e-14 
  849.000  1.918503e+02  4.519757e+01  2.221479e-14 
  850.000  1.653814e+02  3.888012e+01  7.452760e-15 
  851.000  1.887799e+02  4.429097e+01 -5.909573e-15 
  852.000  1.817864e+02  4.254618e+01 -3.007907e-15 
  853.000  1.852296e+02  4.322135e+01 -1.757780e-13 
  854.000  1.489438e+02  3.467230e+01  2.067186e-14 
  855.000  1.644975e+02  3.817152e+01  0.000000e+00 
  856.000  1.879651e+02  4.348839e+01 -1.702384e-14 
  857.000  1.915789e+02  4.420861e+01  8.641193e-15 
  858.000  1.889310e+02  4.348833e+01  0.000000e+00 
  859.000  1.895680e+02  4.352072e+01 -1.759012e-14 
  860.000  1.882249e+02  4.310670e+01  7.202668e-15 
  861.000  1.883605e+02  4.303453e+01  1.742127e-14 
  862.000  1.881011e+02  4.286893e+01 -1.203143e-15 
  863.000  1.918147e+02  4.361180e+01  2.684267e-14 
  864.000  1.917061e+02  4.348125e+01 -1.642860e-14 
  865.000  1.883694e+02  4.262148e+01  0.000000e+00 
  866.000  1.581058e+02  3.568954e+01  7.012373e-15 
  867.000  1.684079e+02  3.792675e+01  6.931647e-15 
  868.000  1.827425e+02  4.105864e+01 -1.736104e-14 
  869.000  1.803038e+02  4.041552e+01 -7.411846e-15 
  870.000  1.877785e+02  4.199387e+01  7.718092e-15 
  871.000  1.876392e+02  4.186450e+01 -8.303067e-15 
  872.000  1.870839e+02  4.164177e+01  8.268810e-15 
  873.000  1.877863e+02  4.170364e+01  0.000000e+00 
  874.000  1.836790e+02  4.069846e+01  8.705162e-15 
  875.000  1.820473e+02  4.024422e+01 -2.414292e-14 
  876.000  1.835140e+02  4.047647e+01  8.116611e-15 
  877.000  1.871602e+02  4.118720e+01  8.874047e-15 
  878.000  1.837127e+02  4.034087e+01  2.501560e-14 
  879.000  1.841879e+02  4.035291e+01 -1.749807e-14 
  880.000  1.829301e+02  3.999089e+01 -1.682533e-14 
  881.000  1.733978e+02  3.782302e+01 -1.650960e-14 
  882.000  1.828733e+02  3.980204e+01  0.000000e+00 
  883.000  1.789572e+02  3.885778e+01 -8.512286e-15 
  884.000  1.806277e+02  3.913000e+01  4.977629e-14 
  885.000  1.819637e+02  3.934172e+01  0.000000e+00 
  886.000  1.752632e+02  3.782319e+01 -1.569942e-14 
  887.000  1.741506e+02  3.748571e+01 -8.316701e-15 
  888.000  1.793966e+02  3.852844e+01 -2.397805e-14 
  889.000  1.808801e+02  3.875589e+01  0.000000e+00 
  890.000  1.797975e+02  3.844735e+01 -2.580393e-14 
  891.000  1.778138e+02  3.795823e+01  2.513602e-14 
  892.000  1.749795e+02  3.733515e+01  5.486549e-15 
  893.000  1.610688e+02  3.443851e+01 -3.606617e-15 
  894.000  1.626452e+02  3.478213e+01 -7.798814e-15 
  895.000  1.437003e+02  3.089866e+01  3.629092e-15 
  896.000  1.386237e+02  2.993867e+01 -6.473464e-15 
  897.000  1.247712e+02  2.703346e+01 -7.441513e-16 
  898.000  1.201849e+02  2.603887e+01 -1.422076e-15 
  899.000  1.075575e+02  2.342246e+01 -1.151047e-20 
  900.000  1.065163e+02  2.311718e+01 -2.558785e-16 
  901.000  1.013225e+02  2.199350e+01  2.504534e-16 
  902.000  1.001874e+02  2.168278e+01  1.747360e-16 
  903.000  1.268367e+02  2.707976e+01 -3.157919e-14 
  904.000  1.430774e+02  3.022958e+01  1.076266e-14 
  905.000  1.423497e+02  3.001650e+01  9.502915e-15 
  906.000  1.298283e+02  2.746388e+01 -1.465080e-14 
  907.000  1.171089e+02  2.488360e+01 -5.401225e-16 
  908.000  1.049573e+02  2.237792e+01  1.792976e-16 
  909.000  1.035035e+02  2.201554e+01  3.877445e-15 
  910.000  1.060748e+02  2.249162e+01  3.660397e-15 
  911.000  1.117297e+02  2.355388e+01 -5.875387e-21 
  912.000  1.091414e+02  2.299377e+01 -7.482026e-15 
  913.000  9.949605e+01  2.112635e+01  1.697750e-15 
  914.000  1.048383e+02  2.208693e+01  7.540803e-15 
  915.000  1.078373e+02  2.258596e+01 -7.475176e-15 
  916.000  1.106099e+02  2.309403e+01  7.037945e-15 
  917.000  1.116780e+02  2.322736e+01  7.102121e-15 
  918.000  1.147303e+02  2.376658e+01  0.000000e+00 
  919.000  1.289157e+02  2.649717e+01 -7.488354e-15 
  920.000  1.378359e+02  2.809439e+01 -1.393126e-14 
  921.000  1.327868e+02  2.704385e+01 -3.636747e-15 
  922.000  1.314989e+02  2.672610e+01 -4.470708e-15 
  923.000  1.234365e+02  2.507694e+01 -1.331391e-14 
  924.000  1.223046e+02  2.488312e+01  1.395175e-14 
  925.000  1.232731e+02  2.503851e+01 -7.282539e-15 
  926.000  1.182917e+02  2.399226e+01 -2.901893e-14 
  927.000  1.150485e+02  2.337665e+01 -6.850227e-19 
  928.000  1.045423e+02  2.133926e+01  7.106703e-15 
  929.000  8.835851e+01  1.827752e+01 -4.027300e-17 
  930.000  7.154190e+01  1.517987e+01 -1.350816e-15 
  931.000  5.557234e+01  1.219889e+01  4.435691e-16 
  932.000  3.739557e+01  8.666780e+00 -2.278981e-16 
  933.000  2.753512e+01  6.666488e+00 -5.701166e-17 
  934.000  1.929362e+01  4.964795e+00 -2.831717e-17 
  935.000  1.816678e+01  4.713707e+00  2.875187e-17 
  936.000  2.067267e+01  5.212323e+00 -5.521258e-17 
  937.000  2.057054e+01  5.196280e+00 -4.347413e-20 
  938.000  2.993274e+01  7.054651e+00 -4.376725e-16 
  939.000  6.570337e+01  1.384058e+01 -2.980258e-17 
  940.000  7.236865e+01  1.499192e+01 -8.965934e-16 
  941.000  6.528439e+01  1.364812e+01  7.948885e-16 
  942.000  5.061821e+01  1.089605e+01  4.633717e-18 
  943.000  3.555957e+01  8.066547e+00  9.633182e-17 
  944.000  3.342402e+01  7.604786e+00  1.002946e-16 
  945.000  3.924541e+01  8.742495e+00 -2.578291e-18 
  946.000  4.028208e+01  8.934665e+00  1.024000e-16 
  947.000  4.594563e+01  9.976288e+00  2.230056e-16 
  948.000  4.991707e+01  1.069926e+01 -5.809376e-16 
  949.000  4.983712e+01  1.066242e+01  6.547005e-16 
  950.000  5.055169e+01  1.076003e+01  5.193968e-18 
  951.000  5.895054e+01  1.224114e+01  8.469594e-16 
  952.000  5.013682e+01  1.062233e+01  5.163821e-18 
  953.000  5.657687e+01  1.175595e+01 -1.044757e-15 
  954.000  6.362467e+01  1.295595e+01 -7.997947e-17 
  955.000  5.419157e+01  1.115216e+01  9.319936e-17 
  956.000  5.703362e+01  1.172779e+01  1.014994e-17 
  957.000  7.702654e+01  1.517220e+01 -2.449068e-15 
  958.000  8.086577e+01  1.581224e+01 -8.956153e-16 
  959.000  7.784293e+01  1.526848e+01 -8.997131e-16 
  960.000  7.632719e+01  1.495901e+01 -7.939173e-16 
  961.000  7.395264e+01  1.450245e+01  8.233932e-16 
  962.000  7.613357e+01  1.485230e+01  4.029698e-17 
  963.000  8.847887e+01  1.691585e+01  1.840352e-15 
  964.000  8.950523e+01  1.703590e+01 -7.929110e-17 
  965.000  8.957425e+01  1.703205e+01  7.491590e-17 
  966.000  8.789360e+01  1.665918e+01  1.481337e-15 
  967.000  1.003897e+02  1.882063e+01 -6.574330e-15 
  968.000  1.169468e+02  2.167695e+01 -1.329176e-14 
  969.000  1.263921e+02  2.324510e+01  2.097243e-15 
  970.000  1.273518e+02  2.336382e+01  8.811071e-15 
  971.000  1.260822e+02  2.308659e+01  6.204042e-15 
  972.000  1.245180e+02  2.279348e+01 -8.358365e-16 
  973.000  1.178456e+02  2.160568e+01  0.000000e+00 
  974.000  1.096526e+02  2.012989e+01 -5.286751e-14 
  975.000  1.062216e+02  1.949511e+01  1.313831e-14 
  976.000  1.125467e+02  2.056802e+01 -2.721254e-14 
  977.000  1.181075e+02  2.143821e+01  1.625951e-15 
  978.000  1.204474e+02  2.182615e+01 -7.113528e-15 
  979.000  1.193113e+02  2.154214e+01  5.254264e-15 
  980.000  1.301749e+02  2.330342e+01  1.256326e-14 
  981.000  1.332778e+02  2.377412e+01 -1.063614e-14 
  982.000  1.310445e+02  2.336140e+01  1.645815e-14 
  983.000  1.356443e+02  2.404946e+01 -6.608329e-15 
  984.000  1.398902e+02  2.466855e+01 -3.012575e-15 
  985.000  1.428356e+02  2.509136e+01  1.612006e-15 
  986.000  1.455493e+02  2.546032e+01  0.000000e+00 
  987.000  1.489764e+02  2.598357e+01 -8.829716e-15 
  988.000  1.476002e+02  2.568625e+01  4.010696e-15 
  989.000  1.460360e+02  2.535953e+01  9.460896e-15 
  990.000  1.477436e+02  2.559916e+01 -6.615180e-15 
  991.000  1.504456e+02  2.599629e+01  2.643087e-15 
  992.000  1.493552e+02  2.573991e+01  2.007938e-14 
  993.000  1.495589e+02  2.572175e+01 -6.387039e-15 
  994.000  1.516635e+02  2.601654e+01  1.329721e-14 
  995.000  1.514857e+02  2.592418e+01 -1.911010e-14 
  996.000  1.514913e+02  2.587364e+01  2.002068e-14 
  997.000  1.511558e+02  2.577130e+01  1.275248e-14 
  998.000  1.499384e+02  2.552053e+01  1.361912e-14 
  999.000  1.494327e+02  2.538664e+01 -5.882708e-15 
 1000.000  1.484053e+02  2.516006e+01  6.286981e-15 
 1001.000  1.481211e+02  2.508887e+01  3.026590e-16 
 1002.000  1.458441e+02  2.468169e+01  3.170757e-15 
 1003.000  1.446789e+02  2.442951e+01  4.658926e-15 
 1004.000  1.447021e+02  2.436960e+01 -1.471627e-15 
 1005.000  1.357036e+02  2.280251e+01 -1.387251e-14 
 1006.000  1.430244e+02  2.398310e+01  3.688322e-15 
 1007.000  1.452745e+02  2.431741e+01  8.790785e-15 
 1008.000  1.442407e+02  2.411852e+01 -6.297809e-15 
 1009.000  1.411709e+02  2.358858e+01 -4.251530e-15 
 1010.000  1.427324e+02  2.378892e+01  1.315074e-14 
 1011.000  1.443691e+02  2.398291e+01 -6.385618e-15 
 1012.000  1.453681e+02  2.408985e+01  6.460435e-15 
 1013.000  1.449299e+02  2.395126e+01 -6.128064e-15 
 1014.000  1.462147e+02  2.411263e+01  1.938588e-14 
 1015.000  1.435284e+02  2.362266e+01 -6.921934e-15 
 1016.000  1.448243e+02  2.378552e+01  6.528018e-15 
 1017.000  1.436271e+02  2.354058e+01  6.463110e-15 
 1018.000  1.451003e+02  2.374013e+01 -6.110006e-15 
 1019.000  1.410657e+02  2.304399e+01 -5.973245e-15 
 1020.000  1.410852e+02  2.299889e+01 -1.234729e-14 
 1021.000  1.430429e+02  2.326593e+01  1.289763e-14 
 1022.000  1.400031e+02  2.273803e+01 -6.355968e-15 
 1023.000  1.420703e+02  2.304869e+01  4.052169e-15 
 1024.000  1.408961e+02  2.281976e+01 -1.256931e-14 
 1025.000  1.421767e+02  2.295410e+01  1.202066e-14 
 1026.000  1.429623e+02  2.302858e+01  0.000000e+00 
 1027.000  1.419148e+02  2.281840e+01  1.153017e-14 
 1028.000  1.424279e+02  2.285389e+01 -6.423346e-15 
 1029.000  1.409460e+02  2.256477e+01  0.000000e+00 
 1030.000  1.428730e+02  2.282259e+01  6.382780e-15 
 1031.000  1.427867e+02  2.276092e+01 -1.272185e-14 
 1032.000  1.425119e+02  2.267068e+01  5.488419e-15 
 1033.000  1.399092e+02  2.221340e+01  4.167085e-16 
 1034.000  1.415237e+02  2.242515e+01  1.257141e-14 
 1035.000  1.400763e+02  2.215258e+01 -1.243725e-14 
 1036.000  1.418596e+02  2.239108e+01  1.217843e-14 
 1037.000  1.389104e+02  2.188237e+01 -1.726389e-14 
 1038.000  1.403651e+02  2.206811e+01  0.000000e+00 
 1039.000  1.408342e+02  2.210058e+01  1.834573e-14 
 1040.000  1.390818e+02  2.178453e+01  1.194979e-14 
 1041.000  1.397446e+02  2.184712e+01 -4.163557e-16 
 1042.000  1.401425e+02  2.186746e+01 -1.205039e-14 
 1043.000  1.377303e+02  2.144966e+01  1.225296e-14 
 1044.000  1.390310e+02  2.161125e+01  1.196147e-14 
 1045.000  1.382226e+02  2.144673e+01 -1.150193e-14 
 1046.000  1.340626e+02  2.076279e+01  2.314197e-14 
 1047.000  1.363493e+02  2.107814e+01 -8.169454e-16 
 1048.000  1.375322e+02  2.122070e+01  0.000000e+00 
 1049.000  1.364446e+02  2.101315e+01 -6.945203e-15 
 1050.000  1.354318e+02  2.081920e+01  8.159548e-16 
 1051.000  1.351643e+02  2.074164e+01  0.000000e+00 
 1052.000  1.343140e+02  2.057386e+01  0.000000e+00 
 1053.000  1.342424e+02  2.052466e+01 -1.780550e-14 
 1054.000  1.325900e+02  2.023636e+01  4.006693e-14 
 1055.000  1.332445e+02  2.030079e+01  0.000000e+00 
 1056.000  1.325889e+02  2.016522e+01  0.000000e+00 
 1057.000  1.318215e+02  2.001608e+01  3.544246e-14 
 1058.000  1.296154e+02  1.965360e+01 -1.117809e-14 
 1059.000  1.254232e+02  1.898171e+01  1.160356e-14 
 1060.000  1.302151e+02  1.966486e+01  0.000000e+00 
 1061.000  1.255025e+02  1.892397e+01  1.159360e-14 
 1062.000  1.285176e+02  1.935292e+01 -3.499273e-14 
 1063.000  1.261165e+02  1.896228e+01  1.173509e-14 
 1064.000  1.273258e+02  1.911798e+01  2.300366e-14 
 1065.000  1.267273e+02  1.900369e+01 -2.379398e-14 
 1066.000  1.228983e+02  1.839910e+01  1.075830e-14 
 1067.000  1.256652e+02  1.878543e+01  2.125066e-14 
 1068.000  1.244707e+02  1.859746e+01  4.374379e-15 
 1069.000  1.148513e+02  1.713888e+01  8.905341e-15 
 1070.000  1.220000e+02  1.817429e+01 -8.398919e-15 
 1071.000  1.218078e+02  1.812469e+01  8.067516e-16 
 1072.000  1.217425e+02  1.809421e+01  1.635013e-15 
 1073.000  1.177880e+02  1.747968e+01  1.253150e-14 
 1074.000  1.221978e+02  1.810322e+01 -7.249830e-15 
 1075.000  1.194701e+02  1.765780e+01  4.863357e-15 
 1076.000  1.216631e+02  1.796087e+01  5.238899e-15 
 1077.000  1.207730e+02  1.781158e+01 -6.487105e-15 
 1078.000  1.203503e+02  1.773376e+01  7.492950e-15 
 1079.000  1.156969e+02  1.702240e+01 -7.870630e-16 
 1080.000  1.168140e+02  1.719456e+01  2.364980e-14 
 1081.000  1.125030e+02  1.653551e+01  2.321518e-15 
 1082.000  1.150709e+02  1.687053e+01 -7.772744e-15 
 1083.000  1.108289e+02  1.624104e+01 -4.701998e-15 
 1084.000  1.137482e+02  1.666330e+01  1.196399e-13 
 1085.000  1.090884e+02  1.600443e+01  2.105146e-15 
 1086.000  1.113407e+02  1.629738e+01 -7.688063e-15 
 1087.000  1.079737e+02  1.572740e+01  7.873920e-15 
 1088.000  1.147616e+02  1.668749e+01  4.342159e-18 
 1089.000  1.061636e+02  1.547607e+01  4.191731e-15 
 1090.000  1.077016e+02  1.568827e+01  9.970881e-15 
 1091.000  1.092584e+02  1.587786e+01  4.025311e-15 
 1092.000  1.046522e+02  1.521674e+01 -3.161408e-17 
 1093.000  9.878826e+01  1.440761e+01 -9.775808e-15 
 1094.000  8.813971e+01  1.285829e+01  1.292499e-15 
 1095.000  9.571922e+01  1.393882e+01 -9.304100e-15 
 1096.000  9.556727e+01  1.389278e+01 -1.964674e-14 
 1097.000  9.337484e+01  1.356553e+01 -1.803308e-14 
 1098.000  8.167160e+01  1.193672e+01  2.179952e-15 
 1099.000  7.323324e+01  1.076915e+01 -2.396706e-15 
 1100.000  7.504492e+01  1.101179e+01  1.940064e-20 
