  400.000  5.857062e+02  3.611273e+02  4.016155e-13 
  401.000  5.836088e+02  3.563373e+02  8.487985e-14 
  402.000  6.200085e+02  3.749097e+02  1.545123e-13 
  403.000  5.820726e+02  3.485981e+02  7.975690e-15 
  404.000  6.269512e+02  3.719024e+02 -2.611824e-14 
  405.000  5.762507e+02  3.385938e+02 -1.321226e-13 
  406.000  5.731678e+02  3.336206e+02  3.875284e-14 
  407.000  5.594426e+02  3.225963e+02  3.448381e-14 
  408.000  6.073585e+02  3.469837e+02  4.243037e-14 
  409.000  6.736691e+02  3.813259e+02 -2.246502e-13 
  410.000  5.643626e+02  3.165334e+02 -3.924834e-14 
  411.000  6.640416e+02  3.690567e+02  3.139721e-14 
  412.000  6.893884e+02  3.796838e+02  1.843027e-13 
  413.000  6.524658e+02  3.561281e+02  3.441261e-13 
  414.000  6.415630e+02  3.470486e+02 -1.305372e-14 
  415.000  6.854861e+02  3.675310e+02  1.975302e-13 
  416.000  6.825175e+02  3.627212e+02  1.269751e-13 
  417.000  6.629040e+02  3.492181e+02  1.462751e-13 
  418.000  6.495894e+02  3.392312e+02  1.329995e-15 
  419.000  6.666415e+02  3.451293e+02  7.486697e-14 
  420.000  5.651973e+02  2.900989e+02 -1.074395e-13 
  421.000  7.092906e+02  3.609560e+02  3.387701e-13 
  422.000  6.807405e+02  3.434966e+02 -5.877846e-14 
  423.000  5.758390e+02  2.881229e+02  2.099198e-13 
  424.000  6.343838e+02  3.147655e+02  8.091391e-14 
  425.000  6.580399e+02  3.237879e+02  7.735549e-14 
  426.000  6.335235e+02  3.091479e+02 -2.453288e-13 
  427.000  6.102967e+02  2.953674e+02  2.911540e-13 
  428.000  6.188965e+02  2.970841e+02  7.830641e-14 
  429.000  5.638790e+02  2.684782e+02  1.400220e-14 
  430.000  4.506158e+02  2.128190e+02 -7.480580e-14 
  431.000  4.057219e+02  1.900801e+02  9.097154e-14 
  432.000  7.313346e+02  3.398981e+02  1.456408e-13 
  433.000  6.519005e+02  3.005793e+02 -1.370523e-13 
  434.000  6.204579e+02  2.838291e+02 -1.462430e-14 
  435.000  6.759636e+02  3.067999e+02 -1.547528e-13 
  436.000  7.505532e+02  3.380020e+02 -3.602503e-13 
  437.000  7.588060e+02  3.390730e+02  3.220628e-14 
  438.000  6.806275e+02  3.017969e+02  6.189203e-14 
  439.000  6.594861e+02  2.901850e+02  1.273635e-13 
  440.000  7.401049e+02  3.231767e+02  1.467901e-13 
  441.000  7.386463e+02  3.200938e+02  2.615824e-13 
  442.000  7.789253e+02  3.349998e+02  1.740884e-13 
  443.000  7.851139e+02  3.351224e+02  6.648900e-15 
  444.000  7.809794e+02  3.308614e+02 -1.572827e-13 
  445.000  8.225049e+02  3.458519e+02  1.290973e-13 
  446.000  7.330318e+02  3.059315e+02 -4.549615e-13 
  447.000  8.370460e+02  3.467800e+02 -7.586325e-14 
  448.000  8.520206e+02  3.504561e+02  1.582120e-13 
  449.000  8.588602e+02  3.507682e+02  8.932443e-14 
  450.000  8.786328e+02  3.563094e+02 -1.058703e-13 
  451.000  9.506648e+02  3.827978e+02 -4.257099e-13 
  452.000  8.847749e+02  3.537529e+02  5.855866e-13 
  453.000  8.222390e+02  3.264366e+02 -2.200505e-13 
  454.000  8.776074e+02  3.459752e+02  4.256423e-14 
  455.000  8.847255e+02  3.463457e+02  4.746044e-14 
  456.000  9.071617e+02  3.526535e+02  2.515009e-13 
  457.000  9.132424e+02  3.525619e+02  3.311888e-13 
  458.000  8.981540e+02  3.443503e+02  1.328945e-13 
  459.000  8.990038e+02  3.423114e+02 -2.078722e-13 
  460.000  8.921234e+02  3.373750e+02 -2.783220e-13 
  461.000  9.254380e+02  3.475998e+02  1.553545e-13 
  462.000  9.113081e+02  3.399794e+02 -4.037794e-13 
  463.000  9.124674e+02  3.381219e+02 -6.267446e-13 
  464.000  9.163508e+02  3.373026e+02 -2.457711e-13 
  465.000  9.038194e+02  3.304853e+02  2.574774e-13 
  466.000  9.333046e+02  3.390119e+02 -1.735393e-13 
  467.000  9.011672e+02  3.251792e+02  2.702911e-14 
  468.000  9.548078e+02  3.422540e+02 -1.836892e-13 
  469.000  9.471758e+02  3.372570e+02  1.310258e-13 
  470.000  9.348183e+02  3.306271e+02  4.780633e-14 
  471.000  9.337730e+02  3.280281e+02 -6.634080e-15 
  472.000  9.457927e+02  3.299972e+02  1.789175e-13 
  473.000  9.360533e+02  3.243666e+02 -1.635744e-13 
  474.000  9.440934e+02  3.249019e+02  3.594331e-13 
  475.000  9.826465e+02  3.357519e+02 -1.324379e-13 
  476.000  9.526930e+02  3.231029e+02 -8.134816e-14 
  477.000  9.442752e+02  3.179720e+02  8.251434e-14 
  478.000  9.916718e+02  3.319879e+02  5.448877e-14 
  479.000  9.475031e+02  3.155687e+02  1.742228e-13 
  480.000  9.670545e+02  3.204822e+02 -2.087478e-14 
  481.000  9.619656e+02  3.171475e+02  1.120753e-13 
  482.000  9.828434e+02  3.222893e+02  1.322397e-13 
  483.000  9.845654e+02  3.210602e+02  6.988168e-14 
  484.000  9.473195e+02  3.071468e+02 -3.040533e-14 
  485.000  9.548944e+02  3.078023e+02 -6.650122e-14 
  486.000  7.746996e+02  2.482591e+02 -1.003221e-13 
  487.000  8.712593e+02  2.775695e+02 -1.981758e-14 
  488.000  9.465764e+02  2.998003e+02  2.641254e-13 
  489.000  8.804534e+02  2.772310e+02  3.447626e-14 
  490.000  1.002950e+03  3.139673e+02  3.355658e-13 
  491.000  9.390977e+02  2.922716e+02 -4.215531e-13 
  492.000  9.030078e+02  2.794109e+02 -1.606109e-13 
  493.000  9.731486e+02  2.993792e+02 -1.966782e-14 
  494.000  9.406911e+02  2.877305e+02 -1.787453e-13 
  495.000  1.006212e+03  3.060135e+02  1.653993e-13 
  496.000  9.805944e+02  2.965193e+02  3.325805e-13 
  497.000  9.518284e+02  2.861878e+02  2.338184e-14 
  498.000  9.299255e+02  2.780240e+02  2.025688e-13 
  499.000  9.282579e+02  2.759627e+02 -1.119030e-14 
  500.000  9.247422e+02  2.733773e+02 -6.960466e-14 
  501.000  9.045643e+02  2.659178e+02 -1.228175e-13 
  502.000  8.991849e+02  2.628679e+02  1.145309e-13 
  503.000  9.533646e+02  2.771667e+02 -1.079834e-13 
  504.000  8.875392e+02  2.566086e+02 -1.641013e-13 
  505.000  9.578580e+02  2.754188e+02 -2.818068e-13 
  506.000  1.025976e+03  2.934096e+02 -8.052890e-15 
  507.000  9.551030e+02  2.716723e+02  3.499084e-13 
  508.000  9.164384e+02  2.592805e+02  1.475523e-13 
  509.000  9.887463e+02  2.782484e+02 -7.063011e-14 
  510.000  9.585280e+02  2.683121e+02 -1.859277e-14 
  511.000  9.592850e+02  2.671023e+02  2.844345e-14 
  512.000  1.007313e+03  2.789970e+02  8.537223e-14 
  513.000  9.223651e+02  2.541292e+02  2.324769e-13 
  514.000  9.034388e+02  2.476149e+02 -1.024432e-13 
  515.000  9.227521e+02  2.515938e+02 -1.345567e-14 
  516.000  9.697081e+02  2.630235e+02  1.024243e-13 
  517.000  7.146266e+02  1.928286e+02 -1.193369e-13 
  518.000  8.851268e+02  2.375996e+02 -4.348786e-14 
  519.000  8.389302e+02  2.240392e+02 -2.667364e-14 
  520.000  9.240269e+02  2.455004e+02  8.319335e-14 
  521.000  9.249171e+02  2.444796e+02 -2.877155e-14 
  522.000  9.619964e+02  2.529785e+02 -2.061080e-15 
  523.000  8.964901e+02  2.345397e+02 -2.169099e-13 
  524.000  9.730156e+02  2.532593e+02 -1.348127e-13 
  525.000  9.655816e+02  2.500398e+02 -2.017016e-14 
  526.000  9.205463e+02  2.371759e+02 -1.038869e-13 
  527.000  8.044354e+02  2.062130e+02  4.191030e-14 
  528.000  9.664754e+02  2.465033e+02  9.767028e-14 
  529.000  9.942692e+02  2.523211e+02 -1.430708e-13 
  530.000  9.398319e+02  2.373185e+02  2.414984e-14 
  531.000  1.023369e+03  2.571331e+02 -1.500452e-14 
  532.000  9.766447e+02  2.441927e+02 -1.103190e-14 
  533.000  8.581286e+02  2.135284e+02 -3.090666e-14 
  534.000  9.335261e+02  2.312000e+02 -3.159477e-14 
  535.000  9.528569e+02  2.348998e+02 -3.856964e-14 
  536.000  1.011490e+03  2.482068e+02  8.847254e-14 
  537.000  9.387929e+02  2.293038e+02  1.410922e-15 
  538.000  9.831040e+02  2.390131e+02 -7.239530e-14 
  539.000  9.802399e+02  2.372108e+02 -1.691139e-13 
  540.000  9.596649e+02  2.311545e+02 -4.003092e-14 
  541.000  8.803394e+02  2.110667e+02 -2.153107e-13 
  542.000  9.824048e+02  2.344502e+02 -1.677211e-13 
  543.000  9.400812e+02  2.233169e+02  1.603227e-13 
  544.000  9.919531e+02  2.345552e+02 -3.147334e-13 
  545.000  9.775878e+02  2.300979e+02  8.145551e-14 
  546.000  9.562485e+02  2.240460e+02  5.466890e-15 
  547.000  9.972954e+02  2.326009e+02  5.928789e-14 
  548.000  9.257269e+02  2.149304e+02 -4.665329e-14 
  549.000  9.746738e+02  2.252736e+02  1.459786e-14 
  550.000  9.537958e+02  2.194554e+02  1.798730e-14 
  551.000  9.484772e+02  2.172484e+02 -6.074375e-14 
  552.000  9.900516e+02  2.257548e+02 -3.051500e-14 
  553.000  9.519210e+02  2.160885e+02  1.047474e-13 
  554.000  9.837010e+02  2.223063e+02 -1.382413e-14 
  555.000  9.871531e+02  2.220946e+02 -4.953430e-14 
  556.000  9.606094e+02  2.151644e+02 -5.305935e-14 
  557.000  9.327343e+02  2.079936e+02  1.940300e-13 
  558.000  9.688146e+02  2.150830e+02 -1.436536e-13 
  559.000  9.163452e+02  2.025353e+02  9.299946e-15 
  560.000  9.209502e+02  2.026509e+02 -7.386772e-14 
  561.000  1.012772e+03  2.218656e+02 -9.060428e-15 
  562.000  9.297538e+02  2.027046e+02  4.105426e-14 
  563.000  9.732291e+02  2.112316e+02 -4.993371e-14 
  564.000  9.599148e+02  2.073911e+02  1.231505e-14 
  565.000  9.714153e+02  2.088741e+02 -4.118198e-14 
  566.000  8.961463e+02  1.918375e+02 -6.609396e-14 
  567.000  9.603482e+02  2.044432e+02 -1.477342e-13 
  568.000  9.520208e+02  2.008323e+02 -6.673936e-14 
  569.000  9.188980e+02  1.916116e+02 -1.823447e-14 
  570.000  9.269382e+02  1.926559e+02 -5.612388e-15 
  571.000  9.054773e+02  1.884160e+02  3.151116e-14 
  572.000  9.474264e+02  1.952782e+02 -5.418646e-15 
  573.000  9.612875e+02  1.975778e+02 -1.201492e-14 
  574.000  9.576926e+02  1.960968e+02 -3.305837e-14 
  575.000  9.343168e+02  1.904308e+02  2.618672e-14 
  576.000  9.178785e+02  1.862781e+02  1.943067e-14 
  577.000  9.597280e+02  1.941893e+02  3.175324e-14 
  578.000  9.362693e+02  1.891912e+02  2.541180e-14 
  579.000  9.323350e+02  1.879855e+02  4.837478e-14 
  580.000  9.666702e+02  1.943491e+02 -6.408953e-14 
  581.000  9.528136e+02  1.912165e+02  8.341849e-14 
  582.000  9.692349e+02  1.939478e+02  3.455932e-15 
  583.000  9.768882e+02  1.947369e+02  1.181543e-14 
  584.000  9.746671e+02  1.935542e+02  5.368467e-14 
  585.000  9.688181e+02  1.916164e+02 -3.134321e-14 
  586.000  9.278149e+02  1.827767e+02  8.803697e-14 
  587.000  9.593760e+02  1.877061e+02 -7.085686e-14 
  588.000  9.283500e+02  1.791987e+02 -3.582743e-14 
  589.000  7.942181e+02  1.512286e+02  3.653492e-15 
  590.000  8.277277e+02  1.569104e+02  1.494833e-14 
  591.000  9.016798e+02  1.713232e+02  1.396297e-14 
  592.000  8.735186e+02  1.648020e+02 -7.457795e-15 
  593.000  9.078002e+02  1.718964e+02 -2.942834e-14 
  594.000  9.110378e+02  1.715300e+02 -1.737244e-14 
  595.000  8.769058e+02  1.636434e+02 -9.220393e-15 
  596.000  9.243844e+02  1.731731e+02 -5.634465e-14 
  597.000  9.225295e+02  1.718829e+02 -1.756267e-14 
  598.000  9.146006e+02  1.703999e+02 -5.293710e-16 
  599.000  9.198582e+02  1.710553e+02  1.296531e-13 
  600.000  9.300984e+02  1.730907e+02  4.895061e-14 
  601.000  9.319032e+02  1.733494e+02  2.796200e-14 
  602.000  9.245165e+02  1.716169e+02  4.831894e-14 
  603.000  9.328873e+02  1.727986e+02  1.278319e-13 
  604.000  9.648518e+02  1.782752e+02 -7.780271e-15 
  605.000  9.639619e+02  1.775589e+02 -2.032684e-13 
  606.000  9.537635e+02  1.750685e+02 -2.378320e-14 
  607.000  9.493514e+02  1.736493e+02  1.351249e-13 
  608.000  9.467006e+02  1.725475e+02 -2.176971e-15 
  609.000  9.377695e+02  1.703082e+02 -1.154258e-13 
  610.000  9.235016e+02  1.671172e+02 -4.005221e-14 
  611.000  9.392354e+02  1.693562e+02  2.300819e-13 
  612.000  9.277308e+02  1.666836e+02 -1.010674e-13 
  613.000  9.148716e+02  1.637847e+02 -1.678752e-13 
  614.000  8.824916e+02  1.574217e+02  4.732472e-14 
  615.000  9.254369e+02  1.644930e+02 -2.385044e-14 
  616.000  8.805318e+02  1.559514e+02  1.609668e-13 
  617.000  8.860950e+02  1.563729e+02  5.335183e-14 
  618.000  9.284489e+02  1.632551e+02 -6.870397e-14 
  619.000  9.204310e+02  1.612549e+02 -1.012435e-14 
  620.000  9.344942e+02  1.631195e+02 -2.319112e-14 
  621.000  9.509799e+02  1.653842e+02 -1.706975e-13 
  622.000  9.011321e+02  1.561314e+02 -8.856964e-14 
  623.000  9.084015e+02  1.567942e+02  6.445143e-14 
  624.000  9.096182e+02  1.564130e+02  4.839756e-14 
  625.000  8.851514e+02  1.516303e+02  3.984236e-14 
  626.000  8.888245e+02  1.515763e+02  7.163849e-14 
  627.000  8.968354e+02  1.516587e+02  3.554666e-15 
  628.000  8.728307e+02  1.458008e+02 -2.844141e-16 
  629.000  8.996017e+02  1.502662e+02 -8.583022e-15 
  630.000  8.768310e+02  1.464552e+02  6.490720e-15 
  631.000  9.119846e+02  1.520880e+02  1.658068e-14 
  632.000  8.433414e+02  1.396938e+02  2.663366e-14 
  633.000  9.139098e+02  1.515702e+02  3.558889e-14 
  634.000  8.892847e+02  1.471842e+02 -7.249721e-15 
  635.000  9.058246e+02  1.494014e+02 -1.067628e-14 
  636.000  8.757835e+02  1.441167e+02  3.745012e-14 
  637.000  9.061373e+02  1.487101e+02  4.847508e-14 
  638.000  9.245598e+02  1.516362e+02 -8.259551e-14 
  639.000  9.175758e+02  1.500048e+02  1.646865e-13 
  640.000  8.911498e+02  1.454024e+02 -2.841883e-14 
  641.000  9.044643e+02  1.470811e+02  2.557830e-14 
  642.000  8.954043e+02  1.452688e+02 -9.382811e-14 
  643.000  9.088323e+02  1.466747e+02 -5.413716e-14 
  644.000  8.988518e+02  1.445853e+02 -5.398043e-14 
  645.000  9.030981e+02  1.444842e+02  2.329184e-14 
  646.000  8.525974e+02  1.348899e+02  4.796851e-15 
  647.000  8.530403e+02  1.339757e+02  3.133513e-14 
  648.000  8.390795e+02  1.308684e+02  2.858526e-15 
  649.000  8.671687e+02  1.352463e+02  2.498905e-14 
  650.000  8.240041e+02  1.291143e+02  3.053785e-14 
  651.000  8.878962e+02  1.386770e+02 -1.201321e-14 
  652.000  8.523131e+02  1.317828e+02  2.837234e-14 
  653.000  8.918270e+02  1.385794e+02  1.981956e-14 
  654.000  8.780967e+02  1.358680e+02 -1.438920e-14 
  655.000  8.474955e+02  1.303042e+02  4.078477e-15 
  656.000  7.220730e+02  1.107868e+02  1.518630e-14 
  657.000  7.747849e+02  1.187094e+02 -4.255470e-14 
  658.000  8.706657e+02  1.334331e+02 -2.045698e-14 
  659.000  8.773606e+02  1.343361e+02  4.493173e-14 
  660.000  8.864445e+02  1.354400e+02  3.211237e-14 
  661.000  8.961574e+02  1.369134e+02 -5.548959e-14 
  662.000  9.118142e+02  1.390992e+02 -3.820832e-14 
  663.000  9.015006e+02  1.370400e+02  2.285513e-14 
  664.000  8.884150e+02  1.347125e+02 -3.762699e-14 
  665.000  8.933352e+02  1.351014e+02 -6.245346e-14 
  666.000  9.054215e+02  1.365961e+02  2.233374e-13 
  667.000  8.884660e+02  1.336864e+02 -1.206546e-13 
  668.000  8.947664e+02  1.343041e+02  4.087673e-14 
  669.000  9.084239e+02  1.359750e+02  2.099023e-13 
  670.000  8.981994e+02  1.340575e+02  1.623376e-13 
  671.000  8.893898e+02  1.323680e+02 -8.658359e-14 
  672.000  8.870707e+02  1.316392e+02 -7.414479e-14 
  673.000  8.939873e+02  1.322798e+02 -1.502965e-14 
  674.000  8.962765e+02  1.322333e+02  4.490324e-14 
  675.000  8.831324e+02  1.299173e+02  5.783381e-14 
  676.000  9.003286e+02  1.320627e+02  8.011369e-14 
  677.000  8.829323e+02  1.291366e+02  1.685512e-14 
  678.000  8.980577e+02  1.309708e+02 -2.228095e-14 
  679.000  8.857120e+02  1.287847e+02 -1.410530e-13 
  680.000  8.785878e+02  1.273094e+02 -1.142795e-13 
  681.000  8.791202e+02  1.269361e+02 -5.970250e-15 
  682.000  8.773477e+02  1.262873e+02  1.008614e-13 
  683.000  8.830882e+02  1.266961e+02 -4.475376e-14 
  684.000  8.660156e+02  1.237493e+02  7.163201e-14 
  685.000  8.771664e+02  1.250701e+02  2.288743e-14 
  686.000  8.368612e+02  1.187569e+02  2.650356e-15 
  687.000  7.220226e+02  9.982652e+01  7.803654e-15 
  688.000  7.600359e+02  1.053019e+02  3.086674e-15 
  689.000  7.502830e+02  1.034773e+02  1.876912e-14 
  690.000  7.738003e+02  1.067083e+02  5.048470e-15 
  691.000  7.986947e+02  1.101733e+02 -2.161700e-14 
  692.000  8.001492e+02  1.100913e+02  3.671956e-14 
  693.000  7.745067e+02  1.055333e+02 -2.060149e-14 
  694.000  7.522038e+02  1.016496e+02  4.646084e-15 
  695.000  7.558216e+02  1.021202e+02  2.054386e-14 
  696.000  7.752275e+02  1.046474e+02  1.252195e-14 
  697.000  8.280077e+02  1.127624e+02 -1.347108e-14 
  698.000  8.015911e+02  1.085075e+02  1.923872e-14 
  699.000  7.697314e+02  1.029405e+02 -7.206339e-15 
  700.000  7.680318e+02  1.025427e+02 -5.063273e-15 
  701.000  7.408100e+02  9.846906e+01  1.783524e-14 
  702.000  7.443839e+02  9.879679e+01  5.576742e-15 
  703.000  7.928063e+02  1.057285e+02 -1.787347e-14 
  704.000  7.967800e+02  1.060148e+02 -9.980220e-16 
  705.000  7.869951e+02  1.040704e+02  6.597373e-15 
  706.000  7.817679e+02  1.031670e+02 -3.666593e-15 
  707.000  7.755789e+02  1.021976e+02  2.030985e-15 
  708.000  8.043479e+02  1.058521e+02  6.625237e-15 
  709.000  7.880572e+02  1.037629e+02  2.488207e-14 
  710.000  7.928862e+02  1.037610e+02 -1.635405e-14 
  711.000  7.983852e+02  1.045570e+02  6.950433e-15 
  712.000  7.986786e+02  1.046789e+02  2.612933e-14 
  713.000  7.860028e+02  1.024308e+02  1.037848e-14 
  714.000  7.959747e+02  1.033397e+02  3.942612e-14 
  715.000  7.530813e+02  9.711165e+01 -4.564652e-14 
  716.000  7.562911e+02  9.687150e+01 -1.058338e-14 
  717.000  6.419334e+02  8.030800e+01 -3.406815e-15 
  718.000  5.834135e+02  7.132790e+01 -1.550558e-15 
  719.000  5.574296e+02  6.747083e+01 -1.606044e-15 
  720.000  5.342560e+02  6.393839e+01  1.569551e-15 
  721.000  6.596152e+02  8.215081e+01  1.398146e-16 
  722.000  7.181976e+02  9.006094e+01  3.374942e-15 
  723.000  6.885479e+02  8.571172e+01 -1.557365e-15 
  724.000  6.159221e+02  7.482907e+01 -7.169672e-16 
  725.000  6.196512e+02  7.535635e+01  2.985583e-15 
  726.000  6.151900e+02  7.453852e+01 -7.000633e-16 
  727.000  6.349888e+02  7.702937e+01 -8.330308e-15 
  728.000  6.128952e+02  7.387474e+01 -5.371923e-15 
  729.000  6.159741e+02  7.477941e+01  1.947600e-15 
  730.000  6.341310e+02  7.669985e+01  2.422579e-15 
  731.000  6.181977e+02  7.446931e+01 -3.153473e-16 
  732.000  6.789537e+02  8.268099e+01  1.483328e-15 
  733.000  7.171064e+02  8.790008e+01 -9.096457e-15 
  734.000  7.565090e+02  9.296965e+01  2.068121e-14 
  735.000  7.421041e+02  9.082732e+01 -4.635569e-15 
  736.000  7.130169e+02  8.681141e+01 -8.534510e-15 
  737.000  7.342802e+02  8.937460e+01  3.768283e-14 
  738.000  7.486447e+02  9.120988e+01  2.928108e-14 
  739.000  7.313557e+02  8.904146e+01  2.999123e-14 
  740.000  7.537836e+02  9.196581e+01 -5.027785e-14 
  741.000  7.567790e+02  9.239845e+01 -2.170894e-14 
  742.000  7.480945e+02  9.124710e+01 -3.843333e-14 
  743.000  7.785207e+02  9.505896e+01 -9.328085e-15 
  744.000  7.896425e+02  9.631726e+01  0.000000e+00 
  745.000  7.720021e+02  9.407337e+01  5.442096e-14 
  746.000  7.850579e+02  9.553798e+01 -1.024179e-14 
  747.000  7.978275e+02  9.686903e+01  3.881527e-14 
  748.000  7.849999e+02  9.516557e+01 -2.533248e-14 
  749.000  7.860772e+02  9.509849e+01  1.191985e-13 
  750.000  7.739635e+02  9.336068e+01  1.044654e-14 
  751.000  7.722805e+02  9.293509e+01  4.092691e-14 
  752.000  7.857607e+02  9.440343e+01  9.775234e-14 
  753.000  7.790109e+02  9.339001e+01  1.047399e-14 
  754.000  7.917264e+02  9.470078e+01  4.373478e-14 
  755.000  7.874916e+02  9.397139e+01 -2.334214e-15 
  756.000  7.723956e+02  9.195353e+01 -9.487134e-14 
  757.000  7.782990e+02  9.243610e+01  1.198860e-13 
  758.000  7.762790e+02  9.192095e+01  8.989063e-14 
  759.000  6.926501e+02  8.045808e+01 -3.152632e-15 
  760.000  2.353998e+02  2.459233e+01 -6.427067e-16 
  761.000  1.998596e+02  2.049236e+01  1.484755e-15 
  762.000  4.304915e+02  4.704539e+01  1.499014e-15 
  763.000  3.622043e+02  3.888909e+01  1.702924e-15 
  764.000  4.026129e+02  4.344246e+01  5.900133e-16 
  765.000  4.974607e+02  5.469113e+01 -4.571748e-16 
  766.000  5.840916e+02  6.609561e+01 -1.909102e-14 
  767.000  6.497743e+02  7.388828e+01  9.560721e-15 
  768.000  7.143244e+02  8.157983e+01  8.613232e-16 
  769.000  7.372067e+02  8.454311e+01  7.464940e-15 
  770.000  7.457612e+02  8.564812e+01 -4.508270e-14 
  771.000  7.525479e+02  8.642176e+01  9.597272e-14 
  772.000  7.511883e+02  8.611639e+01 -1.874366e-14 
  773.000  7.488739e+02  8.567400e+01 -8.648427e-14 
  774.000  7.575869e+02  8.649271e+01 -7.579196e-14 
  775.000  7.296338e+02  8.312509e+01 -1.867003e-14 
  776.000  7.601439e+02  8.641598e+01 -1.830825e-14 
  777.000  7.550274e+02  8.563561e+01 -1.596825e-14 
  778.000  7.509938e+02  8.497343e+01 -1.919795e-14 
  779.000  7.534617e+02  8.504874e+01 -1.705361e-14 
  780.000  7.442126e+02  8.380737e+01  4.373864e-14 
  781.000  7.436839e+02  8.358628e+01  3.763912e-14 
  782.000  7.526536e+02  8.439250e+01 -3.623738e-14 
  783.000  7.351342e+02  8.223568e+01  1.407941e-14 
  784.000  7.388594e+02  8.243549e+01 -4.214398e-14 
  785.000  7.381001e+02  8.201713e+01  3.100747e-15 
  786.000  7.211919e+02  7.976706e+01  9.909202e-14 
  787.000  7.221757e+02  7.931078e+01  1.528141e-14 
  788.000  7.063376e+02  7.722239e+01  2.369683e-14 
  789.000  6.925037e+02  7.506055e+01  2.359368e-14 
  790.000  6.839738e+02  7.393426e+01 -3.652981e-14 
  791.000  6.838568e+02  7.383060e+01  3.050658e-15 
  792.000  6.761903e+02  7.291483e+01  9.269809e-16 
  793.000  6.827839e+02  7.365070e+01  1.319842e-14 
  794.000  6.908896e+02  7.485132e+01 -1.975123e-14 
  795.000  6.780313e+02  7.298480e+01  3.198648e-15 
  796.000  6.650075e+02  7.084277e+01  4.111348e-15 
  797.000  6.763022e+02  7.202858e+01  2.450704e-14 
  798.000  6.924502e+02  7.398293e+01 -8.144190e-15 
  799.000  6.883886e+02  7.328893e+01 -5.388186e-14 
  800.000  6.594271e+02  6.978891e+01 -7.225959e-15 
  801.000  6.730903e+02  7.110915e+01  5.783705e-15 
  802.000  6.707248e+02  7.068200e+01  3.610525e-14 
  803.000  6.628309e+02  6.973532e+01  1.930610e-14 
  804.000  6.742473e+02  7.090771e+01 -2.338401e-15 
  805.000  6.658358e+02  7.013831e+01  1.832714e-14 
  806.000  6.900974e+02  7.272927e+01 -9.715521e-15 
  807.000  6.863270e+02  7.218470e+01 -3.379707e-15 
  808.000  6.787172e+02  7.112065e+01 -4.602263e-14 
  809.000  6.630624e+02  6.920757e+01 -1.133188e-14 
  810.000  6.554559e+02  6.814136e+01 -2.919255e-14 
  811.000  6.563082e+02  6.786159e+01  1.049249e-15 
  812.000  6.410541e+02  6.589854e+01 -2.667376e-14 
  813.000  6.225384e+02  6.362713e+01  1.044273e-14 
  814.000  6.010266e+02  6.105314e+01 -3.766284e-15 
  815.000  5.693570e+02  5.741481e+01 -1.808124e-15 
  816.000  5.335254e+02  5.325673e+01 -9.806947e-16 
  817.000  5.381861e+02  5.362020e+01 -1.494092e-15 
  818.000  5.373621e+02  5.346488e+01 -3.387930e-15 
  819.000  5.329846e+02  5.308519e+01  6.129949e-16 
  820.000  5.559843e+02  5.566496e+01  1.100457e-14 
  821.000  6.149323e+02  6.189676e+01 -6.867473e-15 
  822.000  5.676440e+02  5.669067e+01 -8.807579e-15 
  823.000  4.949627e+02  4.828678e+01  1.858721e-15 
  824.000  5.709774e+02  5.667734e+01  5.688322e-15 
  825.000  6.165544e+02  6.160417e+01 -4.908112e-15 
  826.000  6.128205e+02  6.102718e+01 -9.732940e-15 
  827.000  6.049387e+02  6.005005e+01 -1.163994e-14 
  828.000  5.733550e+02  5.650357e+01  1.684710e-15 
  829.000  5.839103e+02  5.752932e+01  5.469700e-15 
  830.000  5.868339e+02  5.782554e+01  2.706293e-15 
  831.000  5.794935e+02  5.702550e+01  7.948153e-15 
  832.000  5.929550e+02  5.826924e+01  5.797726e-15 
  833.000  5.814977e+02  5.711530e+01  2.364828e-15 
  834.000  5.984655e+02  5.878104e+01 -5.359911e-15 
  835.000  6.158322e+02  6.064399e+01  2.228118e-15 
  836.000  6.179790e+02  6.064610e+01 -1.255505e-14 
  837.000  6.125090e+02  5.998919e+01 -3.531506e-14 
  838.000  6.225816e+02  6.100074e+01  1.063034e-14 
  839.000  6.078198e+02  5.953634e+01  1.068869e-14 
  840.000  6.258627e+02  6.122096e+01 -3.427512e-14 
  841.000  6.226290e+02  6.067628e+01  1.047713e-14 
  842.000  6.232458e+02  6.071481e+01  7.178976e-15 
  843.000  6.294445e+02  6.147097e+01  8.880022e-15 
  844.000  6.237510e+02  6.093958e+01 -1.461257e-14 
  845.000  6.354828e+02  6.203576e+01 -1.898813e-14 
  846.000  6.435073e+02  6.277575e+01  2.109725e-14 
  847.000  6.238171e+02  6.082419e+01 -1.067484e-14 
  848.000  6.381600e+02  6.194936e+01 -1.049929e-15 
  849.000  6.398947e+02  6.201232e+01  3.777574e-14 
  850.000  5.515693e+02  5.328655e+01  5.877184e-15 
  851.000  6.296006e+02  6.062775e+01  2.897456e-14 
  852.000  6.060037e+02  5.824799e+01  2.648760e-14 
  853.000  6.168201e+02  5.929831e+01 -3.487400e-14 
  854.000  4.958005e+02  4.756581e+01  7.623308e-16 
  855.000  5.475001e+02  5.248292e+01  2.037234e-14 
  856.000  6.250949e+02  5.993852e+01  9.123049e-15 
  857.000  6.367463e+02  6.101165e+01 -8.951398e-15 
  858.000  6.274138e+02  6.003793e+01  3.597011e-14 
  859.000  6.291440e+02  6.017011e+01 -1.925551e-14 
  860.000  6.244402e+02  5.964516e+01 -1.382318e-14 
  861.000  6.245663e+02  5.954773e+01  1.144241e-13 
  862.000  6.229941e+02  5.930304e+01  2.094703e-14 
  863.000  6.350387e+02  6.033553e+01 -1.756594e-13 
  864.000  6.341780e+02  6.015409e+01 -6.095238e-15 
  865.000  6.227029e+02  5.896509e+01  2.688115e-14 
  866.000  5.224434e+02  4.937887e+01  6.336309e-14 
  867.000  5.563598e+02  5.248103e+01 -8.375442e-14 
  868.000  6.034953e+02  5.681993e+01 -4.396320e-14 
  869.000  5.951809e+02  5.593390e+01 -1.197773e-14 
  870.000  6.197318e+02  5.812637e+01 -1.038315e-14 
  871.000  6.190070e+02  5.795167e+01  5.931374e-14 
  872.000  6.167947e+02  5.764460e+01 -3.366892e-14 
  873.000  6.191230e+02  5.774186e+01 -4.747770e-15 
  874.000  6.055059e+02  5.635922e+01 -6.818346e-14 
  875.000  5.999724e+02  5.573699e+01 -9.772729e-14 
  876.000  6.047623e+02  5.606283e+01 -2.000016e-14 
  877.000  6.167598e+02  5.706040e+01  4.734248e-15 
  878.000  6.052032e+02  5.583588e+01  7.257238e-14 
  879.000  6.066284e+02  5.585974e+01  2.157955e-14 
  880.000  6.022899e+02  5.531350e+01 -5.684791e-14 
  881.000  5.705985e+02  5.228299e+01 -2.616667e-15 
  882.000  6.016960e+02  5.500668e+01  1.886610e-15 
  883.000  5.884757e+02  5.371934e+01  1.557857e-15 
  884.000  5.937079e+02  5.410456e+01  6.437657e-15 
  885.000  5.981023e+02  5.431902e+01 -8.101664e-15 
  886.000  5.762037e+02  5.215003e+01 -1.130652e-14 
  887.000  5.721371e+02  5.174227e+01  6.098248e-15 
  888.000  5.891886e+02  5.317985e+01  1.456105e-14 
  889.000  5.937150e+02  5.351329e+01  1.866410e-15 
  890.000  5.903888e+02  5.306935e+01  4.844446e-14 
  891.000  5.839686e+02  5.227698e+01  1.591229e-15 
  892.000  5.746392e+02  5.112452e+01 -7.675497e-15 
  893.000  5.309479e+02  4.669644e+01 -6.920565e-15 
  894.000  5.371288e+02  4.697773e+01  1.172250e-14 
  895.000  4.775657e+02  4.139684e+01  9.885045e-16 
  896.000  4.635047e+02  3.982229e+01  1.785163e-15 
  897.000  4.200111e+02  3.559501e+01 -4.592308e-16 
  898.000  4.058016e+02  3.408629e+01  8.202813e-16 
  899.000  3.663700e+02  3.014974e+01 -9.895669e-16 
  900.000  3.622599e+02  2.982092e+01  2.356953e-16 
  901.000  3.452704e+02  2.825407e+01 -4.932272e-16 
  902.000  3.410583e+02  2.789864e+01 -2.447129e-16 
  903.000  4.251227e+02  3.577658e+01  2.428587e-16 
  904.000  4.750887e+02  4.033868e+01 -4.940460e-16 
  905.000  4.725945e+02  4.006870e+01 -5.566314e-16 
  906.000  4.332776e+02  3.646424e+01 -2.078447e-15 
  907.000  3.946599e+02  3.255056e+01  9.551874e-16 
  908.000  3.560065e+02  2.890676e+01 -7.193358e-16 
  909.000  3.508882e+02  2.844969e+01  8.813179e-17 
  910.000  3.591228e+02  2.912077e+01  2.589264e-17 
  911.000  3.764604e+02  3.075282e+01 -4.002914e-16 
  912.000  3.683989e+02  2.990936e+01  4.159864e-17 
  913.000  3.389275e+02  2.702264e+01 -1.832676e-16 
  914.000  3.553030e+02  2.849288e+01  1.313681e-16 
  915.000  3.639661e+02  2.934637e+01 -6.314365e-16 
  916.000  3.727929e+02  3.007518e+01 -7.120649e-17 
  917.000  3.754763e+02  3.037648e+01  6.488465e-16 
  918.000  3.845838e+02  3.124096e+01 -6.331234e-16 
  919.000  4.282582e+02  3.528754e+01  2.498346e-15 
  920.000  4.547545e+02  3.768063e+01 -7.545462e-15 
  921.000  4.384982e+02  3.624373e+01 -4.784758e-15 
  922.000  4.341217e+02  3.582247e+01  5.028949e-15 
  923.000  4.080692e+02  3.355735e+01 -1.094133e-15 
  924.000  4.059240e+02  3.313621e+01 -7.833827e-16 
  925.000  4.091894e+02  3.330169e+01 -7.219840e-16 
  926.000  3.927259e+02  3.183817e+01 -4.971787e-16 
  927.000  3.839581e+02  3.073820e+01 -2.808231e-15 
  928.000  3.518315e+02  2.759888e+01 -4.717684e-16 
  929.000  3.011898e+02  2.308037e+01 -3.664493e-16 
  930.000  2.481670e+02  1.863159e+01 -3.538891e-16 
  931.000  1.969238e+02  1.449436e+01 -6.491219e-17 
  932.000  1.370533e+02  9.772456e+00  1.367479e-16 
  933.000  1.035768e+02  7.228099e+00  1.691679e-19 
  934.000  7.467733e+01  5.134772e+00  0.000000e+00 
  935.000  7.057772e+01  4.840711e+00  1.392534e-17 
  936.000  7.941270e+01  5.456195e+00  2.763644e-17 
  937.000  7.913055e+01  5.423582e+00  0.000000e+00 
  938.000  1.113930e+02  7.756597e+00 -1.657171e-19 
  939.000  2.289661e+02  1.668006e+01  2.149994e-16 
  940.000  2.499372e+02  1.830069e+01 -3.402217e-16 
  941.000  2.268896e+02  1.652097e+01 -2.024663e-16 
  942.000  1.790719e+02  1.287718e+01 -5.113896e-17 
  943.000  1.301074e+02  9.098550e+00 -2.762303e-17 
  944.000  1.226405e+02  8.541054e+00  1.050768e-16 
  945.000  1.421971e+02  9.989560e+00 -1.289146e-18 
  946.000  1.457290e+02  1.023286e+01 -3.675995e-18 
  947.000  1.642375e+02  1.162692e+01  6.199218e-17 
  948.000  1.772370e+02  1.259167e+01 -6.100148e-17 
  949.000  1.769590e+02  1.255665e+01 -2.719498e-16 
  950.000  1.791361e+02  1.271091e+01  5.194162e-17 
  951.000  2.060796e+02  1.473876e+01  1.033987e-16 
  952.000  1.775591e+02  1.257347e+01 -2.158380e-16 
  953.000  1.982354e+02  1.413197e+01 -2.262414e-16 
  954.000  2.204969e+02  1.582550e+01  1.223569e-17 
  955.000  1.891634e+02  1.349952e+01  8.842434e-17 
  956.000  1.991929e+02  1.420668e+01  9.943899e-17 
  957.000  2.623004e+02  1.905641e+01 -2.092017e-16 
  958.000  2.743265e+02  1.998718e+01  4.203126e-16 
  959.000  2.648765e+02  1.922553e+01 -2.075172e-16 
  960.000  2.598448e+02  1.883237e+01 -1.846669e-16 
  961.000  2.521123e+02  1.822870e+01 -8.753561e-17 
  962.000  2.589509e+02  1.873739e+01 -6.196792e-16 
  963.000  2.971161e+02  2.176576e+01  6.552392e-16 
  964.000  2.999060e+02  2.200357e+01  1.315311e-16 
  965.000  3.003205e+02  2.198135e+01 -3.117047e-16 
  966.000  2.943406e+02  2.154722e+01  2.059276e-16 
  967.000  3.332469e+02  2.472529e+01  2.598767e-17 
  968.000  3.828369e+02  2.910810e+01 -3.616615e-16 
  969.000  4.111524e+02  3.142550e+01 -7.721211e-16 
  970.000  4.140026e+02  3.161728e+01 -2.514549e-15 
  971.000  4.098227e+02  3.125004e+01  6.540708e-16 
  972.000  4.053230e+02  3.081113e+01  8.735321e-17 
  973.000  3.850154e+02  2.909777e+01  6.048770e-17 
  974.000  3.598843e+02  2.695638e+01  2.514332e-15 
  975.000  3.496166e+02  2.598942e+01 -1.614679e-15 
  976.000  3.689427e+02  2.758531e+01 -1.965259e-15 
  977.000  3.846770e+02  2.896762e+01  1.571987e-15 
  978.000  3.923557e+02  2.949743e+01 -3.013314e-15 
  979.000  3.878981e+02  2.918014e+01 -2.002705e-15 
  980.000  4.205255e+02  3.175730e+01 -3.021834e-15 
  981.000  4.298498e+02  3.245953e+01 -7.499221e-16 
  982.000  4.230522e+02  3.187610e+01 -2.024438e-15 
  983.000  4.364520e+02  3.293762e+01 -9.170347e-15 
  984.000  4.486322e+02  3.394135e+01  2.104527e-15 
  985.000  4.571826e+02  3.463906e+01  1.823079e-15 
  986.000  4.647520e+02  3.532549e+01 -3.217632e-15 
  987.000  4.751297e+02  3.614965e+01 -1.204987e-14 
  988.000  4.705132e+02  3.576807e+01  6.242735e-15 
  989.000  4.653404e+02  3.533668e+01 -2.279755e-14 
  990.000  4.705573e+02  3.570231e+01  2.203674e-14 
  991.000  4.786770e+02  3.634956e+01  1.590056e-14 
  992.000  4.754885e+02  3.607803e+01 -1.077162e-14 
  993.000  4.759578e+02  3.606840e+01  1.313216e-14 
  994.000  4.821285e+02  3.655464e+01 -1.834954e-15 
  995.000  4.811884e+02  3.649647e+01  5.120535e-15 
  996.000  4.810976e+02  3.643301e+01  3.844097e-14 
  997.000  4.800204e+02  3.625210e+01 -6.376242e-15 
  998.000  4.764412e+02  3.589187e+01 -4.525920e-14 
  999.000  4.745750e+02  3.568074e+01 -2.892035e-14 
 1000.000  4.713705e+02  3.539820e+01 -7.125876e-15 
 1001.000  4.701042e+02  3.516396e+01 -9.004254e-15 
 1002.000  4.633048e+02  3.448280e+01  1.477775e-15 
 1003.000  4.593656e+02  3.416456e+01 -8.056935e-15 
 1004.000  4.590222e+02  3.415556e+01 -1.377587e-14 
 1005.000  4.302435e+02  3.199665e+01 -4.452947e-15 
 1006.000  4.533681e+02  3.367641e+01 -1.816625e-14 
 1007.000  4.604986e+02  3.413000e+01  1.718484e-14 
 1008.000  4.575585e+02  3.376543e+01  6.698002e-15 
 1009.000  4.483144e+02  3.292459e+01  1.216700e-14 
 1010.000  4.529257e+02  3.326078e+01  3.263638e-15 
 1011.000  4.574265e+02  3.366873e+01  1.476431e-14 
 1012.000  4.602733e+02  3.388257e+01  9.627638e-15 
 1013.000  4.590356e+02  3.378674e+01 -2.691768e-14 
 1014.000  4.629034e+02  3.404089e+01 -3.784744e-15 
 1015.000  4.545635e+02  3.338211e+01 -3.678763e-15 
 1016.000  4.584360e+02  3.363824e+01  4.536502e-15 
 1017.000  4.544099e+02  3.329580e+01 -6.494195e-16 
 1018.000  4.592985e+02  3.358780e+01  9.374818e-15 
 1019.000  4.465818e+02  3.255829e+01 -1.409593e-14 
 1020.000  4.464705e+02  3.252005e+01 -4.400553e-15 
 1021.000  4.525793e+02  3.295439e+01  7.586030e-15 
 1022.000  4.431322e+02  3.215786e+01 -1.610513e-14 
 1023.000  4.493967e+02  3.251606e+01  7.909744e-15 
 1024.000  4.457909e+02  3.218051e+01  1.887594e-15 
 1025.000  4.498463e+02  3.251491e+01 -4.105948e-15 
 1026.000  4.522702e+02  3.268533e+01 -1.756203e-14 
 1027.000  4.488283e+02  3.237186e+01 -1.447413e-14 
 1028.000  4.505993e+02  3.246801e+01  1.154622e-14 
 1029.000  4.455054e+02  3.209046e+01 -1.580569e-15 
 1030.000  4.516809e+02  3.253428e+01  2.137826e-16 
 1031.000  4.511491e+02  3.247325e+01 -5.508721e-15 
 1032.000  4.502882e+02  3.238355e+01  2.122654e-16 
 1033.000  4.422448e+02  3.176476e+01 -7.775886e-15 
 1034.000  4.473339e+02  3.209496e+01  1.372177e-14 
 1035.000  4.428358e+02  3.173297e+01 -1.046602e-14 
 1036.000  4.486500e+02  3.210435e+01  2.057369e-14 
 1037.000  4.393503e+02  3.139721e+01  5.090389e-16 
 1038.000  4.438331e+02  3.167533e+01  6.019703e-15 
 1039.000  4.455030e+02  3.174279e+01  2.834155e-14 
 1040.000  4.401447e+02  3.131196e+01  1.483371e-14 
 1041.000  4.423976e+02  3.142353e+01 -6.907607e-14 
 1042.000  4.437055e+02  3.147040e+01  1.558499e-15 
 1043.000  4.360945e+02  3.088696e+01 -1.316899e-14 
 1044.000  4.403778e+02  3.114345e+01  4.743138e-14 
 1045.000  4.382385e+02  3.093806e+01 -3.903289e-14 
 1046.000  4.253611e+02  2.998116e+01  5.785492e-15 
 1047.000  4.330075e+02  3.047023e+01 -1.046685e-14 
 1048.000  4.372520e+02  3.072163e+01  4.414644e-15 
 1049.000  4.344158e+02  3.047724e+01  1.030787e-14 
 1050.000  4.315566e+02  3.022435e+01 -7.000996e-15 
 1051.000  4.311146e+02  3.013409e+01  8.732552e-15 
 1052.000  4.288666e+02  2.992618e+01  1.566966e-14 
 1053.000  4.290970e+02  2.990057e+01 -2.033306e-16 
 1054.000  4.242679e+02  2.950771e+01  1.001673e-14 
 1055.000  4.269443e+02  2.963717e+01  1.292217e-14 
 1056.000  4.255219e+02  2.948673e+01 -1.037753e-14 
 1057.000  4.238194e+02  2.929635e+01 -3.122179e-15 
 1058.000  4.175340e+02  2.876327e+01 -7.387581e-15 
 1059.000  4.046741e+02  2.784586e+01 -2.706567e-15 
 1060.000  4.204091e+02  2.892360e+01 -1.400822e-15 
 1061.000  4.055442e+02  2.785715e+01  4.347600e-15 
 1062.000  4.157346e+02  2.848369e+01  6.065222e-15 
 1063.000  4.084836e+02  2.794166e+01 -2.737246e-15 
 1064.000  4.129109e+02  2.817874e+01 -1.387906e-15 
 1065.000  4.110293e+02  2.797296e+01 -9.911774e-15 
 1066.000  3.985546e+02  2.709033e+01  4.227465e-15 
 1067.000  4.074760e+02  2.765282e+01  7.783669e-15 
 1068.000  4.030594e+02  2.725283e+01 -3.302966e-15 
 1069.000  3.710316e+02  2.501850e+01  2.859131e-17 
 1070.000  3.931719e+02  2.647768e+01  9.070161e-16 
 1071.000  3.918761e+02  2.631698e+01 -3.397033e-15 
 1072.000  3.911553e+02  2.619938e+01 -2.827421e-15 
 1073.000  3.777871e+02  2.526208e+01 -5.487054e-15 
 1074.000  3.911683e+02  2.612452e+01 -3.374234e-15 
 1075.000  3.814963e+02  2.548630e+01 -8.904143e-15 
 1076.000  3.880282e+02  2.585745e+01  8.501451e-15 
 1077.000  3.848166e+02  2.557235e+01 -5.377669e-16 
 1078.000  3.831774e+02  2.539034e+01  5.942704e-15 
 1079.000  3.678630e+02  2.433700e+01  3.454187e-16 
 1080.000  3.716866e+02  2.447626e+01 -3.028541e-15 
 1081.000  3.575937e+02  2.351271e+01  2.334853e-15 
 1082.000  3.650634e+02  2.400203e+01 -3.374013e-15 
 1083.000  3.515797e+02  2.304653e+01  5.004125e-15 
 1084.000  3.609055e+02  2.358990e+01  6.669356e-15 
 1085.000  3.467582e+02  2.257162e+01  3.088048e-15 
 1086.000  3.533789e+02  2.298314e+01 -3.124768e-15 
 1087.000  3.414006e+02  2.224519e+01  2.973234e-15 
 1088.000  3.625359e+02  2.359550e+01 -4.937614e-15 
 1089.000  3.363680e+02  2.177433e+01 -2.402477e-15 
 1090.000  3.412336e+02  2.204374e+01  2.782084e-15 
 1091.000  3.456899e+02  2.231168e+01  4.615328e-15 
 1092.000  3.314769e+02  2.132907e+01 -2.394404e-15 
 1093.000  3.140856e+02  2.011458e+01  1.276882e-16 
 1094.000  2.806220e+02  1.791708e+01  1.649785e-15 
 1095.000  3.045215e+02  1.941855e+01  2.302551e-16 
 1096.000  3.038473e+02  1.934516e+01 -1.546374e-15 
 1097.000  2.969791e+02  1.885855e+01  7.568075e-16 
 1098.000  2.625163e+02  1.636534e+01 -3.294771e-16 
 1099.000  2.375394e+02  1.451350e+01 -2.518896e-17 
 1100.000  2.431580e+02  1.485079e+01 -2.789020e-16 
