  400.000  3.871436e+02  3.224478e+02 -9.404497e-14 
  401.000  3.863325e+02  3.183579e+02  1.067209e-13 
  402.000  4.110334e+02  3.351457e+02 -5.442457e-14 
  403.000  3.864463e+02  3.118040e+02  6.619915e-14 
  404.000  4.168411e+02  3.328375e+02 -5.523624e-16 
  405.000  3.836758e+02  3.031971e+02  1.907549e-14 
  406.000  3.821597e+02  2.989096e+02 -1.137797e-13 
  407.000  3.735272e+02  2.891911e+02 -4.341642e-14 
  408.000  4.060769e+02  3.112221e+02 -2.239280e-14 
  409.000  4.510232e+02  3.422081e+02  7.064901e-14 
  410.000  3.783487e+02  2.842124e+02  2.091987e-13 
  411.000  4.457626e+02  3.315455e+02 -7.116143e-14 
  412.000  4.633818e+02  3.412676e+02 -7.466011e-14 
  413.000  4.391315e+02  3.202588e+02  3.787284e-13 
  414.000  4.323231e+02  3.122349e+02 -6.235937e-14 
  415.000  4.625138e+02  3.308335e+02  1.122349e-13 
  416.000  4.610925e+02  3.266696e+02 -1.280432e-13 
  417.000  4.483984e+02  3.146642e+02  2.006697e-14 
  418.000  4.399272e+02  3.058116e+02  5.813780e-15 
  419.000  4.520179e+02  3.112750e+02  9.675651e-14 
  420.000  3.836884e+02  2.617643e+02 -5.885345e-14 
  421.000  4.820745e+02  3.258511e+02 -4.045932e-14 
  422.000  4.632106e+02  3.102323e+02 -1.414746e-14 
  423.000  3.922835e+02  2.603395e+02  1.874766e-13 
  424.000  4.326599e+02  2.845406e+02 -7.340734e-14 
  425.000  4.492947e+02  2.928230e+02  1.043609e-15 
  426.000  4.330328e+02  2.797024e+02  1.647316e-13 
  427.000  4.176119e+02  2.673471e+02 -2.286674e-13 
  428.000  4.239513e+02  2.690115e+02  2.043651e-13 
  429.000  3.866728e+02  2.432066e+02 -1.880560e-14 
  430.000  3.093269e+02  1.928630e+02  8.457516e-14 
  431.000  2.787976e+02  1.723241e+02  8.737565e-15 
  432.000  5.030610e+02  3.082665e+02  1.047763e-13 
  433.000  4.488745e+02  2.727112e+02 -4.377962e-14 
  434.000  4.276520e+02  2.576117e+02  2.060600e-13 
  435.000  4.663707e+02  2.785648e+02  1.131122e-13 
  436.000  5.183387e+02  3.070084e+02 -1.069862e-13 
  437.000  5.245441e+02  3.080930e+02 -8.720655e-14 
  438.000  4.709497e+02  2.743207e+02  2.434723e-13 
  439.000  4.567521e+02  2.638594e+02 -1.996586e-13 
  440.000  5.130632e+02  2.939595e+02  9.397867e-14 
  441.000  5.125205e+02  2.912539e+02  1.355699e-13 
  442.000  5.409546e+02  3.049174e+02 -1.964835e-13 
  443.000  5.457347e+02  3.051273e+02  2.319903e-15 
  444.000  5.433326e+02  3.013421e+02 -7.264576e-14 
  445.000  5.727085e+02  3.150902e+02  9.008804e-15 
  446.000  5.108298e+02  2.788003e+02  2.112075e-13 
  447.000  5.838160e+02  3.161267e+02  1.019644e-13 
  448.000  5.948054e+02  3.195954e+02  8.988924e-14 
  449.000  6.001360e+02  3.200013e+02  1.607620e-13 
  450.000  6.145097e+02  3.251759e+02 -3.529010e-14 
  451.000  6.654702e+02  3.494698e+02 -1.406430e-13 
  452.000  6.198713e+02  3.230580e+02  1.367923e-13 
  453.000  5.765362e+02  2.982050e+02 -3.793248e-14 
  454.000  6.158596e+02  3.161495e+02  4.659990e-14 
  455.000  6.213391e+02  3.165752e+02  3.246487e-13 
  456.000  6.375652e+02  3.224174e+02  2.304241e-13 
  457.000  6.423112e+02  3.224111e+02  1.063336e-13 
  458.000  6.321578e+02  3.149759e+02  1.325561e-13 
  459.000  6.332059e+02  3.131819e+02  7.274968e-14 
  460.000  6.288029e+02  3.087349e+02 -9.618201e-14 
  461.000  6.527396e+02  3.181622e+02 -1.919465e-13 
  462.000  6.432135e+02  3.112539e+02  2.457566e-14 
  463.000  6.444689e+02  3.096194e+02  2.960293e-14 
  464.000  6.477250e+02  3.089718e+02 -4.348047e-14 
  465.000  6.393653e+02  3.028252e+02  7.064783e-14 
  466.000  6.607282e+02  3.107359e+02  9.187644e-14 
  467.000  6.384523e+02  2.981469e+02  5.529286e-14 
  468.000  6.768935e+02  3.138686e+02 -4.026075e-14 
  469.000  6.718719e+02  3.093333e+02  1.631713e-13 
  470.000  6.634615e+02  3.032887e+02  6.645176e-14 
  471.000  6.630419e+02  3.009294e+02  1.179634e-13 
  472.000  6.718661e+02  3.027469e+02 -2.614505e-14 
  473.000  6.651766e+02  2.975696e+02  2.117937e-13 
  474.000  6.710897e+02  2.980383e+02 -1.587450e-13 
  475.000  6.985898e+02  3.079286e+02  4.823261e-14 
  476.000  6.772775e+02  2.962291e+02  1.664667e-14 
  477.000  6.713541e+02  2.914551e+02  8.246853e-15 
  478.000  7.055612e+02  3.043855e+02  0.000000e+00 
  479.000  6.748423e+02  2.894883e+02 -8.158396e-14 
  480.000  6.895396e+02  2.941735e+02  8.349911e-15 
  481.000  6.866003e+02  2.912628e+02 -1.056761e-13 
  482.000  7.021460e+02  2.961203e+02  4.732154e-14 
  483.000  7.039423e+02  2.950994e+02 -1.197376e-13 
  484.000  6.777859e+02  2.823911e+02 -3.785062e-14 
  485.000  6.836369e+02  2.830589e+02  2.204155e-13 
  486.000  5.549842e+02  2.283587e+02 -1.000499e-13 
  487.000  6.245618e+02  2.553869e+02  9.750147e-14 
  488.000  6.789771e+02  2.759094e+02  1.468148e-13 
  489.000  6.319347e+02  2.552001e+02  1.413426e-13 
  490.000  7.202914e+02  2.890854e+02 -1.463914e-13 
  491.000  6.747874e+02  2.691513e+02  6.648163e-15 
  492.000  6.491758e+02  2.573419e+02 -3.486198e-14 
  493.000  6.999447e+02  2.757694e+02 -1.280541e-13 
  494.000  6.769242e+02  2.650724e+02  5.409227e-15 
  495.000  7.244204e+02  2.819512e+02  8.431674e-14 
  496.000  7.062294e+02  2.732051e+02 -1.240039e-13 
  497.000  6.857539e+02  2.636867e+02 -3.765501e-14 
  498.000  6.702081e+02  2.561653e+02  1.172722e-13 
  499.000  6.692328e+02  2.542649e+02  1.736216e-13 
  500.000  6.669219e+02  2.518815e+02 -9.750134e-14 
  501.000  6.525776e+02  2.450041e+02 -1.153633e-15 
  502.000  6.489036e+02  2.421901e+02  2.732366e-14 
  503.000  6.882205e+02  2.553600e+02  2.053125e-14 
  504.000  6.408998e+02  2.364145e+02  2.401207e-13 
  505.000  6.918851e+02  2.537378e+02 -2.551934e-13 
  506.000  7.414401e+02  2.703532e+02  1.461151e-13 
  507.000  6.905544e+02  2.503640e+02 -7.090038e-14 
  508.000  6.629174e+02  2.389826e+02 -1.484404e-13 
  509.000  7.155618e+02  2.565062e+02  2.108238e-14 
  510.000  6.940153e+02  2.473838e+02 -3.598042e-14 
  511.000  6.948663e+02  2.462993e+02  1.006164e-13 
  512.000  7.299674e+02  2.572980e+02  1.984209e-13 
  513.000  6.686917e+02  2.343918e+02  2.272850e-13 
  514.000  6.552455e+02  2.284099e+02 -3.142795e-14 
  515.000  6.695316e+02  2.321069e+02 -1.133150e-13 
  516.000  7.038491e+02  2.426639e+02  1.489256e-13 
  517.000  5.188530e+02  1.779017e+02 -3.446802e-14 
  518.000  6.428287e+02  2.192054e+02 -4.814098e-14 
  519.000  6.094509e+02  2.066933e+02  7.353369e-14 
  520.000  6.714598e+02  2.264911e+02 -1.412730e-13 
  521.000  6.722865e+02  2.255452e+02 -2.073513e-13 
  522.000  6.994042e+02  2.333756e+02 -6.986619e-14 
  523.000  6.519156e+02  2.163513e+02  1.411111e-13 
  524.000  7.077139e+02  2.336046e+02 -3.060588e-13 
  525.000  7.024446e+02  2.306178e+02  1.825519e-13 
  526.000  6.698291e+02  2.187414e+02 -1.896959e-13 
  527.000  5.854417e+02  1.901665e+02 -7.199799e-14 
  528.000  7.034758e+02  2.272955e+02 -1.895610e-14 
  529.000  7.238153e+02  2.326335e+02 -3.408524e-14 
  530.000  6.842908e+02  2.187775e+02  1.184789e-13 
  531.000  7.452296e+02  2.370187e+02 -1.264160e-13 
  532.000  7.113339e+02  2.250721e+02  1.199621e-15 
  533.000  6.251999e+02  1.968155e+02  2.722183e-14 
  534.000  6.803700e+02  2.131208e+02 -1.627321e-13 
  535.000  6.947244e+02  2.165547e+02  1.273849e-14 
  536.000  7.377487e+02  2.288456e+02 -1.905363e-13 
  537.000  6.849646e+02  2.114346e+02 -3.190064e-14 
  538.000  7.175267e+02  2.204008e+02  1.036847e-13 
  539.000  7.156561e+02  2.187498e+02  4.983958e-14 
  540.000  7.008407e+02  2.131734e+02 -1.166385e-15 
  541.000  6.430948e+02  1.946552e+02  6.061223e-14 
  542.000  7.178553e+02  2.162272e+02  1.149625e-13 
  543.000  6.871168e+02  2.059646e+02 -1.927785e-14 
  544.000  7.252073e+02  2.163295e+02 -1.720080e-13 
  545.000  7.148629e+02  2.122140e+02 -1.764624e-14 
  546.000  6.994098e+02  2.066275e+02  4.827333e-14 
  547.000  7.295914e+02  2.145129e+02 -8.744864e-14 
  548.000  6.773788e+02  1.982119e+02  9.665613e-14 
  549.000  7.133458e+02  2.077455e+02  3.506858e-14 
  550.000  6.981929e+02  2.023696e+02 -2.297192e-15 
  551.000  6.944036e+02  2.003182e+02 -4.427360e-14 
  552.000  7.249510e+02  2.081452e+02 -1.658653e-13 
  553.000  6.971292e+02  1.992159e+02 -1.144364e-15 
  554.000  7.205016e+02  2.049300e+02 -6.939494e-14 
  555.000  7.231273e+02  2.047166e+02 -8.492810e-14 
  556.000  7.037688e+02  1.983088e+02 -6.308641e-14 
  557.000  6.834138e+02  1.916766e+02  3.229504e-14 
  558.000  7.099157e+02  1.981853e+02  1.179442e-13 
  559.000  6.715244e+02  1.865991e+02 -1.366340e-13 
  560.000  6.749426e+02  1.866784e+02  1.405990e-13 
  561.000  7.422706e+02  2.043459e+02 -1.896185e-13 
  562.000  6.813318e+02  1.866405e+02  0.000000e+00 
  563.000  7.131965e+02  1.944550e+02  6.735635e-14 
  564.000  7.034066e+02  1.908751e+02  1.798532e-13 
  565.000  7.117114e+02  1.921755e+02  3.247920e-14 
  566.000  6.565584e+02  1.764646e+02  4.387049e-14 
  567.000  7.033007e+02  1.879794e+02 -1.724943e-14 
  568.000  6.960480e+02  1.844596e+02 -8.634206e-15 
  569.000  6.694405e+02  1.756000e+02  2.183392e-14 
  570.000  6.756927e+02  1.765760e+02  1.670962e-14 
  571.000  6.617438e+02  1.728872e+02  7.120478e-15 
  572.000  6.907131e+02  1.789040e+02  8.803195e-15 
  573.000  7.012853e+02  1.810338e+02 -1.396448e-15 
  574.000  6.988054e+02  1.796567e+02 -2.707069e-14 
  575.000  6.816668e+02  1.744202e+02 -1.075272e-14 
  576.000  6.697642e+02  1.706094e+02  2.504169e-14 
  577.000  7.009101e+02  1.779170e+02 -1.631590e-14 
  578.000  6.846459e+02  1.734468e+02 -2.314211e-14 
  579.000  6.825253e+02  1.724547e+02  6.487440e-14 
  580.000  7.083977e+02  1.784279e+02  9.932642e-14 
  581.000  6.992629e+02  1.757312e+02  6.447731e-14 
  582.000  7.120236e+02  1.783698e+02  0.000000e+00 
  583.000  7.181003e+02  1.791842e+02 -5.591122e-14 
  584.000  7.168506e+02  1.781630e+02 -1.722857e-14 
  585.000  7.128759e+02  1.764400e+02 -1.311016e-13 
  586.000  6.829741e+02  1.683426e+02  1.745482e-14 
  587.000  7.056223e+02  1.728181e+02  5.589991e-15 
  588.000  6.794331e+02  1.644858e+02 -3.153318e-14 
  589.000  5.766671e+02  1.380391e+02 -1.514022e-14 
  590.000  6.007968e+02  1.431700e+02 -1.169321e-14 
  591.000  6.582157e+02  1.569483e+02  2.096597e-14 
  592.000  6.359238e+02  1.506702e+02 -1.165671e-14 
  593.000  6.651334e+02  1.578255e+02 -1.412011e-14 
  594.000  6.666993e+02  1.573502e+02 -2.057863e-14 
  595.000  6.390233e+02  1.496653e+02  6.164632e-15 
  596.000  6.778870e+02  1.590339e+02  2.696322e-14 
  597.000  6.756561e+02  1.576900e+02 -1.161637e-14 
  598.000  6.715840e+02  1.565607e+02 -5.096609e-14 
  599.000  6.761889e+02  1.572438e+02 -7.392367e-14 
  600.000  6.853082e+02  1.593109e+02  5.343881e-14 
  601.000  6.876785e+02  1.596529e+02  7.053806e-15 
  602.000  6.825938e+02  1.580730e+02  4.616111e-14 
  603.000  6.892477e+02  1.592034e+02 -1.084334e-15 
  604.000  7.134009e+02  1.643148e+02  1.667774e-14 
  605.000  7.131570e+02  1.637119e+02  6.425704e-14 
  606.000  7.058990e+02  1.614533e+02 -1.311905e-14 
  607.000  7.029074e+02  1.601797e+02  3.154154e-14 
  608.000  7.011895e+02  1.591932e+02  2.923281e-14 
  609.000  6.948043e+02  1.571542e+02 -6.214504e-14 
  610.000  6.844611e+02  1.542370e+02 -5.794128e-14 
  611.000  6.963679e+02  1.563347e+02 -1.498028e-14 
  612.000  6.880749e+02  1.538972e+02 -5.910595e-14 
  613.000  6.787625e+02  1.512482e+02 -2.701521e-14 
  614.000  6.549485e+02  1.453973e+02  8.612987e-14 
  615.000  6.870396e+02  1.519547e+02  2.108386e-15 
  616.000  6.539016e+02  1.440873e+02 -1.295173e-14 
  617.000  6.582202e+02  1.444975e+02 -2.805151e-14 
  618.000  6.898493e+02  1.508728e+02 -4.404579e-14 
  619.000  6.840309e+02  1.490348e+02  1.663161e-14 
  620.000  6.946111e+02  1.507665e+02 -4.426358e-14 
  621.000  7.069738e+02  1.528639e+02 -1.077348e-15 
  622.000  6.699982e+02  1.443117e+02  1.625270e-14 
  623.000  6.754498e+02  1.449179e+02  2.967339e-14 
  624.000  6.764058e+02  1.445600e+02 -7.477452e-14 
  625.000  6.582487e+02  1.401319e+02  1.394842e-14 
  626.000  6.607773e+02  1.400355e+02 -8.516059e-14 
  627.000  6.655746e+02  1.399755e+02  4.247976e-14 
  628.000  6.441875e+02  1.340281e+02  1.058349e-14 
  629.000  6.659028e+02  1.384303e+02 -2.036722e-14 
  630.000  6.502863e+02  1.350708e+02 -5.223718e-14 
  631.000  6.772298e+02  1.403848e+02 -1.070318e-14 
  632.000  6.255510e+02  1.288686e+02  6.368291e-15 
  633.000  6.796484e+02  1.400535e+02 -5.595847e-15 
  634.000  6.620634e+02  1.360978e+02 -1.299204e-14 
  635.000  6.747245e+02  1.382101e+02 -5.694015e-14 
  636.000  6.529468e+02  1.334101e+02 -9.156043e-14 
  637.000  6.760818e+02  1.377396e+02 -8.592861e-15 
  638.000  6.908042e+02  1.405747e+02 -4.295921e-14 
  639.000  6.859191e+02  1.391152e+02  4.256309e-14 
  640.000  6.667916e+02  1.349315e+02 -8.230196e-14 
  641.000  6.770603e+02  1.365407e+02 -2.680814e-14 
  642.000  6.707469e+02  1.349180e+02 -4.312404e-14 
  643.000  6.805684e+02  1.362058e+02 -1.196276e-14 
  644.000  6.733042e+02  1.342936e+02 -2.859140e-14 
  645.000  6.760718e+02  1.341643e+02 -7.869512e-15 
  646.000  6.357143e+02  1.249393e+02 -3.184799e-15 
  647.000  6.342906e+02  1.238620e+02 -5.499792e-15 
  648.000  6.219694e+02  1.207220e+02  3.702873e-15 
  649.000  6.448085e+02  1.250314e+02 -2.979936e-14 
  650.000  6.162623e+02  1.198162e+02  1.000546e-14 
  651.000  6.641901e+02  1.287057e+02 -3.533179e-14 
  652.000  6.346190e+02  1.219303e+02 -4.481845e-14 
  653.000  6.679088e+02  1.287059e+02 -3.088747e-14 
  654.000  6.573768e+02  1.261554e+02 -3.694551e-15 
  655.000  6.333149e+02  1.208434e+02 -5.567054e-14 
  656.000  5.400908e+02  1.028032e+02 -3.009741e-15 
  657.000  5.802872e+02  1.102474e+02  2.372875e-14 
  658.000  6.534839e+02  1.240872e+02 -1.945878e-14 
  659.000  6.593801e+02  1.250285e+02 -3.213678e-14 
  660.000  6.666743e+02  1.261094e+02 -2.278586e-14 
  661.000  6.750107e+02  1.275884e+02  2.884017e-14 
  662.000  6.873829e+02  1.296884e+02 -1.362710e-14 
  663.000  6.796477e+02  1.277714e+02 -9.674394e-16 
  664.000  6.700972e+02  1.256368e+02  9.465351e-14 
  665.000  6.740572e+02  1.260236e+02 -1.358530e-13 
  666.000  6.834919e+02  1.274507e+02 -1.441334e-14 
  667.000  6.709542e+02  1.247629e+02 -5.363183e-14 
  668.000  6.760591e+02  1.253816e+02 -9.502533e-16 
  669.000  6.866299e+02  1.269718e+02  1.763578e-13 
  670.000  6.791088e+02  1.252048e+02 -1.902709e-15 
  671.000  6.726703e+02  1.236527e+02 -1.310345e-13 
  672.000  6.711027e+02  1.229924e+02  2.236048e-14 
  673.000  6.765179e+02  1.236105e+02  6.476878e-14 
  674.000  6.784309e+02  1.235864e+02 -1.071872e-13 
  675.000  6.686603e+02  1.214410e+02 -1.841648e-13 
  676.000  6.818511e+02  1.234641e+02  7.821906e-14 
  677.000  6.688350e+02  1.207443e+02  4.063791e-14 
  678.000  6.804551e+02  1.224753e+02  2.532921e-14 
  679.000  6.712159e+02  1.204400e+02  1.313263e-13 
  680.000  6.657799e+02  1.190492e+02 -1.284778e-14 
  681.000  6.661911e+02  1.187035e+02  6.432051e-14 
  682.000  6.649307e+02  1.181035e+02 -2.751065e-14 
  683.000  6.693503e+02  1.184952e+02  2.583860e-14 
  684.000  6.562946e+02  1.157294e+02 -2.629654e-14 
  685.000  6.650621e+02  1.169964e+02  3.663311e-14 
  686.000  6.340626e+02  1.110379e+02  5.010305e-14 
  687.000  5.330410e+02  9.143942e+01 -1.856216e-15 
  688.000  5.661597e+02  9.718232e+01 -2.147053e-14 
  689.000  5.574523e+02  9.529776e+01  1.678896e-14 
  690.000  5.776008e+02  9.863189e+01  3.849317e-14 
  691.000  5.992529e+02  1.022512e+02 -3.191293e-14 
  692.000  6.015103e+02  1.023543e+02 -4.133395e-15 
  693.000  5.791199e+02  9.778474e+01  1.283594e-14 
  694.000  5.592561e+02  9.378922e+01  6.434100e-15 
  695.000  5.640117e+02  9.449475e+01 -2.892294e-14 
  696.000  5.798468e+02  9.699842e+01  3.542898e-15 
  697.000  6.256158e+02  1.052335e+02  1.359343e-15 
  698.000  6.044473e+02  1.011299e+02  1.416627e-14 
  699.000  5.751794e+02  9.533636e+01  2.339186e-15 
  700.000  5.747914e+02  9.506932e+01 -3.477570e-15 
  701.000  5.533155e+02  9.115291e+01  4.519620e-15 
  702.000  5.568787e+02  9.156120e+01  2.068891e-14 
  703.000  5.977025e+02  9.850788e+01  1.317894e-14 
  704.000  6.009643e+02  9.880107e+01 -4.556605e-15 
  705.000  5.918111e+02  9.679056e+01  2.408802e-14 
  706.000  5.882999e+02  9.599319e+01 -3.277311e-14 
  707.000  5.843506e+02  9.516553e+01  2.747825e-15 
  708.000  6.068166e+02  9.865108e+01 -4.847624e-15 
  709.000  5.960318e+02  9.686192e+01  4.870727e-15 
  710.000  5.981743e+02  9.669479e+01  9.094256e-15 
  711.000  6.039688e+02  9.760887e+01  2.497668e-14 
  712.000  6.055840e+02  9.786415e+01 -2.131117e-14 
  713.000  5.949209e+02  9.564881e+01  3.742419e-15 
  714.000  6.020902e+02  9.645184e+01  6.644679e-15 
  715.000  5.678889e+02  9.044468e+01 -1.885290e-14 
  716.000  5.683143e+02  8.999131e+01 -2.202313e-15 
  717.000  4.723382e+02  7.324296e+01 -2.143296e-15 
  718.000  4.233708e+02  6.433636e+01 -3.247190e-15 
  719.000  4.023896e+02  6.065647e+01 -4.681488e-15 
  720.000  3.829031e+02  5.725456e+01 -1.530536e-15 
  721.000  4.881450e+02  7.533160e+01 -3.186471e-15 
  722.000  5.372869e+02  8.335674e+01 -1.073141e-15 
  723.000  5.120848e+02  7.894526e+01  7.873646e-15 
  724.000  4.500959e+02  6.780451e+01  5.181196e-15 
  725.000  4.539628e+02  6.841698e+01 -4.263594e-15 
  726.000  4.503888e+02  6.763081e+01  4.148637e-15 
  727.000  4.661259e+02  7.004469e+01 -2.712516e-15 
  728.000  4.487576e+02  6.702467e+01 -1.596316e-15 
  729.000  4.541646e+02  6.826475e+01 -7.469842e-15 
  730.000  4.671555e+02  6.995010e+01  1.352556e-15 
  731.000  4.549329e+02  6.783884e+01 -4.196175e-15 
  732.000  5.053513e+02  7.614571e+01 -9.062788e-16 
  733.000  5.395068e+02  8.165942e+01  2.083590e-15 
  734.000  5.721007e+02  8.668175e+01  1.795731e-14 
  735.000  5.603364e+02  8.459200e+01 -1.275566e-14 
  736.000  5.367037e+02  8.067006e+01 -5.956416e-16 
  737.000  5.541163e+02  8.319949e+01 -3.672412e-14 
  738.000  5.668864e+02  8.510471e+01  3.295447e-15 
  739.000  5.546405e+02  8.316424e+01  5.076750e-15 
  740.000  5.735011e+02  8.607722e+01  4.098884e-14 
  741.000  5.768693e+02  8.658482e+01 -5.020156e-14 
  742.000  5.707296e+02  8.554885e+01 -3.884017e-14 
  743.000  5.949614e+02  8.921382e+01 -2.457307e-14 
  744.000  6.038773e+02  9.042274e+01 -5.668759e-14 
  745.000  5.907591e+02  8.834453e+01  4.275531e-14 
  746.000  6.010563e+02  8.974300e+01  1.182620e-14 
  747.000  6.109371e+02  9.100040e+01 -2.321449e-14 
  748.000  6.013738e+02  8.941872e+01  7.933847e-14 
  749.000  6.023536e+02  8.936716e+01 -4.477524e-14 
  750.000  5.930115e+02  8.772547e+01  2.244899e-14 
  751.000  5.917953e+02  8.732986e+01 -8.800521e-14 
  752.000  6.024031e+02  8.873398e+01 -2.272592e-14 
  753.000  5.973804e+02  8.779578e+01  2.328798e-14 
  754.000  6.072508e+02  8.903811e+01 -3.072179e-14 
  755.000  6.040764e+02  8.835662e+01 -2.319110e-13 
  756.000  5.925727e+02  8.646406e+01 -6.374376e-14 
  757.000  5.971603e+02  8.692015e+01  4.409991e-14 
  758.000  5.953918e+02  8.640532e+01 -6.572828e-14 
  759.000  5.243803e+02  7.488821e+01 -4.956130e-14 
  760.000  1.538108e+02  2.019636e+01  1.999699e-18 
  761.000  1.277311e+02  1.651842e+01  1.167516e-15 
  762.000  3.063962e+02  4.162126e+01  3.677091e-17 
  763.000  2.508272e+02  3.368018e+01 -3.299221e-15 
  764.000  2.827902e+02  3.805354e+01  2.369156e-15 
  765.000  3.595696e+02  4.888437e+01 -1.035330e-14 
  766.000  4.349276e+02  6.062716e+01 -1.594206e-14 
  767.000  4.904085e+02  6.857819e+01  7.647693e-15 
  768.000  5.436362e+02  7.621361e+01  4.482484e-15 
  769.000  5.640421e+02  7.930158e+01  3.216457e-15 
  770.000  5.722674e+02  8.052166e+01 -1.129587e-14 
  771.000  5.781859e+02  8.131160e+01  4.174472e-14 
  772.000  5.773666e+02  8.104348e+01 -1.039093e-14 
  773.000  5.756985e+02  8.063416e+01 -2.143536e-14 
  774.000  5.825356e+02  8.141513e+01 -3.360792e-14 
  775.000  5.611621e+02  7.825536e+01 -6.895541e-14 
  776.000  5.847410e+02  8.136314e+01 -7.516813e-16 
  777.000  5.808392e+02  8.062817e+01 -5.123696e-14 
  778.000  5.777314e+02  7.999975e+01 -7.164773e-14 
  779.000  5.796247e+02  8.006557e+01 -9.487218e-14 
  780.000  5.725396e+02  7.889799e+01 -7.357851e-16 
  781.000  5.722686e+02  7.870007e+01  7.454380e-14 
  782.000  5.791603e+02  7.945355e+01  1.035354e-14 
  783.000  5.657070e+02  7.742371e+01 -5.201357e-14 
  784.000  5.685210e+02  7.760455e+01 -1.017088e-13 
  785.000  5.676097e+02  7.718508e+01  2.187525e-14 
  786.000  5.541583e+02  7.503680e+01 -7.109049e-15 
  787.000  5.537241e+02  7.450653e+01  6.770937e-15 
  788.000  5.409675e+02  7.248909e+01  3.694566e-14 
  789.000  5.282036e+02  7.026621e+01 -8.627892e-15 
  790.000  5.215206e+02  6.919276e+01 -1.663075e-15 
  791.000  5.218591e+02  6.913107e+01 -9.170123e-15 
  792.000  5.164125e+02  6.830702e+01  1.022228e-14 
  793.000  5.223580e+02  6.907400e+01 -3.093162e-14 
  794.000  5.304525e+02  7.035841e+01  7.885038e-15 
  795.000  5.194832e+02  6.850996e+01  2.409303e-15 
  796.000  5.065844e+02  6.624181e+01  1.363541e-14 
  797.000  5.160676e+02  6.742609e+01 -1.643504e-14 
  798.000  5.303473e+02  6.942374e+01 -8.848454e-15 
  799.000  5.268272e+02  6.873514e+01  1.718418e-14 
  800.000  5.033419e+02  6.533535e+01 -7.021306e-15 
  801.000  5.139563e+02  6.658502e+01 -7.837963e-15 
  802.000  5.120349e+02  6.617246e+01 -1.522419e-14 
  803.000  5.062332e+02  6.530347e+01 -2.478306e-14 
  804.000  5.156332e+02  6.645837e+01 -3.538707e-14 
  805.000  5.104453e+02  6.584132e+01 -3.716260e-15 
  806.000  5.298262e+02  6.833652e+01 -1.098465e-14 
  807.000  5.269894e+02  6.782745e+01 -2.013038e-14 
  808.000  5.207451e+02  6.679218e+01  3.346278e-14 
  809.000  5.082393e+02  6.495162e+01 -5.555833e-15 
  810.000  5.018547e+02  6.390105e+01  1.867839e-14 
  811.000  5.013588e+02  6.353702e+01  1.664901e-14 
  812.000  4.881569e+02  6.156014e+01  1.831654e-15 
  813.000  4.721970e+02  5.926876e+01 -1.200542e-15 
  814.000  4.534790e+02  5.664232e+01 -1.053533e-14 
  815.000  4.266725e+02  5.295680e+01  2.508589e-15 
  816.000  3.964488e+02  4.870248e+01  2.098174e-16 
  817.000  4.000307e+02  4.905012e+01 -3.641340e-16 
  818.000  3.996971e+02  4.894102e+01 -6.816442e-15 
  819.000  3.976306e+02  4.873906e+01  2.831323e-15 
  820.000  4.186682e+02  5.154582e+01 -6.709513e-15 
  821.000  4.677732e+02  5.774742e+01 -1.600067e-15 
  822.000  4.285355e+02  5.259691e+01 -6.708570e-15 
  823.000  3.654968e+02  4.386733e+01 -2.795576e-16 
  824.000  4.296623e+02  5.244320e+01  3.502854e-15 
  825.000  4.694187e+02  5.750307e+01 -1.386364e-14 
  826.000  4.658018e+02  5.689898e+01  1.446656e-15 
  827.000  4.591629e+02  5.592951e+01  1.189145e-14 
  828.000  4.318676e+02  5.231475e+01 -3.752339e-15 
  829.000  4.410552e+02  5.338310e+01 -1.152759e-14 
  830.000  4.446774e+02  5.378586e+01  9.807620e-15 
  831.000  4.394852e+02  5.307316e+01 -9.289724e-15 
  832.000  4.499446e+02  5.425249e+01 -2.650909e-15 
  833.000  4.420865e+02  5.324967e+01 -4.586868e-15 
  834.000  4.559977e+02  5.488830e+01 -6.945707e-16 
  835.000  4.712142e+02  5.679359e+01  7.812181e-15 
  836.000  4.722913e+02  5.674769e+01 -1.995874e-14 
  837.000  4.681046e+02  5.613166e+01  3.480826e-15 
  838.000  4.767687e+02  5.715631e+01  1.200011e-14 
  839.000  4.660548e+02  5.583113e+01  6.101360e-15 
  840.000  4.801211e+02  5.742799e+01  9.355593e-15 
  841.000  4.770576e+02  5.686840e+01  0.000000e+00 
  842.000  4.781081e+02  5.694974e+01  7.338289e-15 
  843.000  4.842042e+02  5.776403e+01  2.387499e-14 
  844.000  4.804465e+02  5.731157e+01 -2.514355e-14 
  845.000  4.897872e+02  5.836415e+01 -2.771371e-14 
  846.000  4.962943e+02  5.908308e+01 -2.816793e-14 
  847.000  4.814453e+02  5.726964e+01  2.205603e-15 
  848.000  4.919988e+02  5.828951e+01 -1.746461e-14 
  849.000  4.934207e+02  5.835335e+01 -2.561570e-14 
  850.000  4.250984e+02  5.012492e+01 -2.010555e-14 
  851.000  4.849442e+02  5.700677e+01  1.957143e-14 
  852.000  4.668166e+02  5.477124e+01  6.192805e-14 
  853.000  4.756720e+02  5.579670e+01  1.047227e-14 
  854.000  3.823436e+02  4.475589e+01 -6.740632e-16 
  855.000  4.224562e+02  4.939933e+01 -7.675912e-16 
  856.000  4.828340e+02  5.644907e+01 -1.763497e-14 
  857.000  4.920801e+02  5.747489e+01  5.370839e-14 
  858.000  4.849918e+02  5.656393e+01  3.338757e-14 
  859.000  4.865994e+02  5.670466e+01  7.702204e-14 
  860.000  4.831239e+02  5.622066e+01  9.251372e-14 
  861.000  4.832652e+02  5.613087e+01 -2.462260e-14 
  862.000  4.821278e+02  5.590353e+01  7.777241e-15 
  863.000  4.914775e+02  5.687749e+01  5.123308e-14 
  864.000  4.909151e+02  5.671483e+01 -1.022419e-13 
  865.000  4.821173e+02  5.560032e+01  0.000000e+00 
  866.000  4.045184e+02  4.656189e+01  3.455840e-14 
  867.000  4.307763e+02  4.948481e+01  3.094358e-14 
  868.000  4.672934e+02  5.357607e+01  1.619807e-14 
  869.000  4.608890e+02  5.274198e+01  2.338215e-14 
  870.000  4.798923e+02  5.480639e+01  3.445435e-14 
  871.000  4.793645e+02  5.464294e+01  1.779840e-14 
  872.000  4.777184e+02  5.435809e+01  1.080882e-13 
  873.000  4.794744e+02  5.444294e+01 -8.899392e-15 
  874.000  4.689081e+02  5.313519e+01  5.685419e-14 
  875.000  4.646253e+02  5.254678e+01 -5.748908e-14 
  876.000  4.683224e+02  5.285365e+01 -5.739903e-14 
  877.000  4.776206e+02  5.379447e+01 -5.974054e-14 
  878.000  4.685145e+02  5.262803e+01 -8.728325e-15 
  879.000  4.696490e+02  5.265294e+01 -1.691200e-14 
  880.000  4.661517e+02  5.212698e+01 -2.378032e-14 
  881.000  4.415860e+02  4.926873e+01 -3.850916e-14 
  882.000  4.655885e+02  5.182980e+01  2.439048e-14 
  883.000  4.554489e+02  5.062178e+01 -1.588414e-14 
  884.000  4.595426e+02  5.098659e+01  1.544212e-14 
  885.000  4.626914e+02  5.117192e+01  5.816734e-16 
  886.000  4.454655e+02  4.911152e+01 -1.439600e-14 
  887.000  4.425413e+02  4.873789e+01  2.272165e-14 
  888.000  4.557222e+02  5.009015e+01  1.598537e-14 
  889.000  4.593103e+02  5.040797e+01 -8.620577e-15 
  890.000  4.565775e+02  4.998042e+01 -4.155580e-15 
  891.000  4.511544e+02  4.920097e+01 -7.032914e-15 
  892.000  4.429699e+02  4.804482e+01  5.931338e-15 
  893.000  4.065779e+02  4.368178e+01 -3.399798e-15 
  894.000  4.098562e+02  4.383142e+01  5.694550e-15 
  895.000  3.606455e+02  3.832431e+01  5.836362e-15 
  896.000  3.465511e+02  3.653226e+01 -8.226758e-16 
  897.000  3.105682e+02  3.227913e+01 -5.913631e-17 
  898.000  2.984629e+02  3.075859e+01  1.798993e-15 
  899.000  2.656711e+02  2.695345e+01 -1.482883e-15 
  900.000  2.631537e+02  2.668172e+01  1.228965e-16 
  901.000  2.499211e+02  2.523064e+01 -8.720941e-16 
  902.000  2.471767e+02  2.493419e+01  9.174004e-16 
  903.000  3.153906e+02  3.255109e+01  1.941787e-15 
  904.000  3.573063e+02  3.720352e+01 -8.691775e-16 
  905.000  3.553810e+02  3.694875e+01 -1.853285e-15 
  906.000  3.231229e+02  3.335420e+01 -8.195857e-16 
  907.000  2.898630e+02  2.933156e+01  1.260561e-15 
  908.000  2.587351e+02  2.587613e+01  1.329898e-17 
  909.000  2.550796e+02  2.546778e+01  5.067067e-16 
  910.000  2.614672e+02  2.608960e+01  9.048469e-16 
  911.000  2.759845e+02  2.766906e+01  9.905241e-16 
  912.000  2.692089e+02  2.685322e+01 -1.123248e-15 
  913.000  2.440977e+02  2.406600e+01 -1.438123e-15 
  914.000  2.577978e+02  2.547839e+01 -1.286768e-15 
  915.000  2.656541e+02  2.633015e+01 -8.588893e-16 
  916.000  2.725850e+02  2.701424e+01  4.411757e-16 
  917.000  2.754761e+02  2.734530e+01  4.652809e-16 
  918.000  2.833479e+02  2.821078e+01 -6.199658e-17 
  919.000  3.197250e+02  3.228630e+01 -1.991895e-15 
  920.000  3.428895e+02  3.480798e+01  5.316374e-15 
  921.000  3.300331e+02  3.342534e+01 -2.913662e-15 
  922.000  3.267167e+02  3.303328e+01  1.676350e-15 
  923.000  3.063051e+02  3.086573e+01  3.003017e-15 
  924.000  3.027187e+02  3.026855e+01  5.947641e-17 
  925.000  3.048418e+02  3.038963e+01  7.976097e-16 
  926.000  2.921465e+02  2.901955e+01  0.000000e+00 
  927.000  2.830597e+02  2.776607e+01 -2.895902e-15 
  928.000  2.556988e+02  2.466231e+01 -4.866265e-16 
  929.000  2.142263e+02  2.035393e+01  3.531518e-17 
  930.000  1.714529e+02  1.611455e+01 -3.250624e-25 
  931.000  1.313711e+02  1.220421e+01 -1.059873e-16 
  932.000  8.636297e+01  7.863965e+00 -5.648151e-17 
  933.000  6.253706e+01  5.659984e+00 -2.982801e-17 
  934.000  4.304930e+01  3.942377e+00  0.000000e+00 
  935.000  4.039301e+01  3.704769e+00  1.394799e-17 
  936.000  4.620463e+01  4.197236e+00  1.381822e-17 
  937.000  4.594918e+01  4.172067e+00  1.413969e-17 
  938.000  6.822265e+01  6.121383e+00 -2.784150e-17 
  939.000  1.552596e+02  1.421030e+01  1.059247e-17 
  940.000  1.718490e+02  1.573256e+01 -2.574557e-16 
  941.000  1.545056e+02  1.411812e+01  1.111861e-16 
  942.000  1.186534e+02  1.078640e+01  6.575033e-28 
  943.000  8.184911e+01  7.305820e+00  3.288336e-19 
  944.000  7.676126e+01  6.833592e+00  8.063225e-17 
  945.000  9.066431e+01  8.106961e+00 -1.289146e-18 
  946.000  9.313669e+01  8.318224e+00  6.273131e-33 
  947.000  1.069749e+02  9.598460e+00  5.445489e-17 
  948.000  1.166540e+02  1.048450e+01 -5.700511e-17 
  949.000  1.165034e+02  1.045503e+01 -2.695787e-16 
  950.000  1.182980e+02  1.060914e+01  3.946973e-29 
  951.000  1.389624e+02  1.250759e+01 -3.451506e-19 
  952.000  1.174191e+02  1.050145e+01  3.095126e-16 
  953.000  1.332936e+02  1.196420e+01 -1.054082e-16 
  954.000  1.508412e+02  1.357479e+01  1.118490e-16 
  955.000  1.280329e+02  1.148590e+01  1.068439e-16 
  956.000  1.348258e+02  1.208544e+01  1.040409e-16 
  957.000  1.846197e+02  1.667750e+01  2.020833e-17 
  958.000  1.942718e+02  1.756485e+01 -1.791048e-16 
  959.000  1.867323e+02  1.685288e+01 -2.637731e-16 
  960.000  1.830612e+02  1.650415e+01 -1.526306e-16 
  961.000  1.772322e+02  1.595444e+01  1.964224e-16 
  962.000  1.826799e+02  1.643991e+01 -1.469820e-16 
  963.000  2.137569e+02  1.932960e+01 -2.140389e-17 
  964.000  2.164709e+02  1.958042e+01 -4.163572e-16 
  965.000  2.165508e+02  1.955410e+01 -4.402636e-16 
  966.000  2.126102e+02  1.919128e+01 -4.962270e-16 
  967.000  2.439758e+02  2.219475e+01 -2.725339e-16 
  968.000  2.862706e+02  2.662819e+01 -1.606404e-15 
  969.000  3.103389e+02  2.900956e+01  2.475129e-15 
  970.000  3.127313e+02  2.920513e+01  1.578684e-15 
  971.000  3.095422e+02  2.886248e+01  7.434190e-16 
  972.000  3.053688e+02  2.839169e+01 -3.526315e-15 
  973.000  2.883716e+02  2.665471e+01  1.485228e-16 
  974.000  2.676258e+02  2.450150e+01 -5.831951e-16 
  975.000  2.587902e+02  2.351678e+01 -5.098025e-16 
  976.000  2.746774e+02  2.510117e+01 -4.637103e-16 
  977.000  2.890898e+02  2.662374e+01 -2.356948e-16 
  978.000  2.947261e+02  2.709560e+01  5.685772e-16 
  979.000  2.921685e+02  2.687416e+01  3.838521e-15 
  980.000  3.197308e+02  2.948311e+01 -1.091011e-15 
  981.000  3.275460e+02  3.018595e+01  2.553613e-15 
  982.000  3.218121e+02  2.960508e+01  4.703477e-15 
  983.000  3.336107e+02  3.070193e+01 -1.422629e-15 
  984.000  3.445831e+02  3.174813e+01  5.643931e-17 
  985.000  3.521218e+02  3.246432e+01 -4.307470e-15 
  986.000  3.592014e+02  3.318821e+01 -1.647060e-14 
  987.000  3.678000e+02  3.399915e+01  8.826993e-15 
  988.000  3.643847e+02  3.365027e+01  4.683393e-15 
  989.000  3.604850e+02  3.325096e+01 -1.313329e-14 
  990.000  3.646757e+02  3.360394e+01  3.911228e-15 
  991.000  3.714434e+02  3.424171e+01 -1.069691e-14 
  992.000  3.691115e+02  3.399401e+01  1.423901e-14 
  993.000  3.695373e+02  3.398815e+01 -1.326874e-15 
  994.000  3.746928e+02  3.446511e+01 -6.879009e-15 
  995.000  3.742533e+02  3.442570e+01 -1.956745e-14 
  996.000  3.741895e+02  3.436572e+01  3.275813e-14 
  997.000  3.731902e+02  3.418611e+01  0.000000e+00 
  998.000  3.702611e+02  3.383953e+01  2.394639e-15 
  999.000  3.687431e+02  3.363596e+01 -1.091052e-14 
 1000.000  3.663199e+02  3.337284e+01 -1.288115e-14 
 1001.000  3.649203e+02  3.312720e+01  1.801097e-14 
 1002.000  3.589800e+02  3.244523e+01  1.727315e-15 
 1003.000  3.560935e+02  3.215526e+01 -2.186140e-15 
 1004.000  3.562163e+02  3.216950e+01 -1.656256e-14 
 1005.000  3.340535e+02  3.014568e+01  4.000988e-16 
 1006.000  3.520681e+02  3.173103e+01  6.742443e-15 
 1007.000  3.574845e+02  3.215073e+01 -4.760982e-15 
 1008.000  3.546718e+02  3.177523e+01 -6.973660e-15 
 1009.000  3.468054e+02  3.094076e+01  9.129218e-15 
 1010.000  3.507004e+02  3.127617e+01  1.565046e-14 
 1011.000  3.549605e+02  3.170574e+01  8.114397e-15 
 1012.000  3.574723e+02  3.192432e+01 -2.666047e-14 
 1013.000  3.567505e+02  3.184730e+01  2.330760e-15 
 1014.000  3.598639e+02  3.209248e+01 -1.404888e-14 
 1015.000  3.534070e+02  3.147234e+01 -1.107947e-14 
 1016.000  3.565292e+02  3.171951e+01  3.150304e-15 
 1017.000  3.534130e+02  3.139496e+01 -4.329463e-16 
 1018.000  3.571442e+02  3.166759e+01 -3.785457e-15 
 1019.000  3.470043e+02  3.068209e+01  1.000623e-14 
 1020.000  3.470143e+02  3.065088e+01  1.337510e-14 
 1021.000  3.519561e+02  3.107055e+01  6.622222e-15 
 1022.000  3.443036e+02  3.030157e+01  1.004574e-14 
 1023.000  3.489129e+02  3.062357e+01  1.375785e-14 
 1024.000  3.459618e+02  3.029804e+01 -5.564312e-15 
 1025.000  3.496002e+02  3.064048e+01 -1.504230e-14 
 1026.000  3.517044e+02  3.081275e+01  1.858773e-14 
 1027.000  3.489449e+02  3.051197e+01  9.948959e-15 
 1028.000  3.504026e+02  3.060635e+01 -3.429876e-14 
 1029.000  3.466142e+02  3.025748e+01 -6.322277e-15 
 1030.000  3.516196e+02  3.068561e+01 -6.382780e-15 
 1031.000  3.513089e+02  3.063247e+01 -6.360923e-15 
 1032.000  3.507189e+02  3.055102e+01 -2.450086e-14 
 1033.000  3.444842e+02  2.996824e+01 -3.524071e-14 
 1034.000  3.484756e+02  3.027915e+01  1.801499e-14 
 1035.000  3.449951e+02  2.993766e+01 -1.118754e-14 
 1036.000  3.495213e+02  3.028676e+01  3.653530e-14 
 1037.000  3.422887e+02  2.961929e+01 -6.167794e-15 
 1038.000  3.458150e+02  2.988365e+01  2.324438e-14 
 1039.000  3.470717e+02  2.994315e+01  1.209082e-14 
 1040.000  3.428654e+02  2.953357e+01  4.078898e-14 
 1041.000  3.445943e+02  2.963610e+01 -1.118182e-14 
 1042.000  3.456105e+02  2.967945e+01  4.175985e-16 
 1043.000  3.396903e+02  2.912919e+01 -1.673786e-14 
 1044.000  3.430080e+02  2.936894e+01  1.814947e-14 
 1045.000  3.412584e+02  2.916812e+01  1.766580e-14 
 1046.000  3.311998e+02  2.826346e+01  5.584999e-15 
 1047.000  3.370976e+02  2.871958e+01 -5.689291e-15 
 1048.000  3.403580e+02  2.895252e+01  4.127320e-16 
 1049.000  3.381025e+02  2.871739e+01 -2.326780e-14 
 1050.000  3.358033e+02  2.847308e+01  2.354553e-14 
 1051.000  3.353665e+02  2.838168e+01  8.164199e-16 
 1052.000  3.335497e+02  2.818023e+01 -2.993135e-14 
 1053.000  3.337002e+02  2.815236e+01  6.070720e-15 
 1054.000  3.298528e+02  2.777587e+01  1.763176e-14 
 1055.000  3.318279e+02  2.788985e+01  0.000000e+00 
 1056.000  3.306315e+02  2.774087e+01 -1.128148e-14 
 1057.000  3.291191e+02  2.754943e+01  3.020994e-15 
 1058.000  3.239315e+02  2.703027e+01  2.995160e-15 
 1059.000  3.139570e+02  2.616608e+01  5.607456e-15 
 1060.000  3.262841e+02  2.718205e+01 -6.005584e-15 
 1061.000  3.147015e+02  2.617582e+01  5.408487e-15 
 1062.000  3.224340e+02  2.675437e+01  5.765522e-15 
 1063.000  3.167492e+02  2.624025e+01 -2.933772e-15 
 1064.000  3.200304e+02  2.645354e+01  2.775811e-15 
 1065.000  3.183822e+02  2.624994e+01 -2.974247e-15 
 1066.000  3.087408e+02  2.542230e+01  5.765354e-15 
 1067.000  3.156321e+02  2.595078e+01 -3.274320e-15 
 1068.000  3.118764e+02  2.555810e+01  1.227950e-14 
 1069.000  2.869410e+02  2.345621e+01  1.048859e-14 
 1070.000  3.041338e+02  2.482970e+01  5.164746e-16 
 1071.000  3.029259e+02  2.466900e+01 -2.304612e-15 
 1072.000  3.021602e+02  2.454804e+01  2.754545e-15 
 1073.000  2.918104e+02  2.366943e+01 -1.672610e-15 
 1074.000  3.022062e+02  2.448190e+01 -1.275093e-15 
 1075.000  2.950868e+02  2.390452e+01  3.291606e-15 
 1076.000  2.999452e+02  2.424253e+01 -2.087728e-15 
 1077.000  2.971952e+02  2.396074e+01 -6.087558e-15 
 1078.000  2.956093e+02  2.377247e+01 -4.612972e-15 
 1079.000  2.837632e+02  2.278482e+01 -3.745401e-15 
 1080.000  2.858549e+02  2.286622e+01  4.014822e-15 
 1081.000  2.749799e+02  2.196415e+01 -1.644001e-15 
 1082.000  2.811051e+02  2.244324e+01 -1.194857e-15 
 1083.000  2.702804e+02  2.152427e+01  1.260791e-15 
 1084.000  2.769571e+02  2.200322e+01 -3.001016e-15 
 1085.000  2.649774e+02  2.098771e+01 -2.032962e-15 
 1086.000  2.702983e+02  2.138557e+01  3.052943e-15 
 1087.000  2.623403e+02  2.076848e+01  7.930290e-15 
 1088.000  2.786468e+02  2.203299e+01  1.730614e-15 
 1089.000  2.570575e+02  2.024648e+01  3.737667e-16 
 1090.000  2.604784e+02  2.047886e+01  1.695969e-15 
 1091.000  2.641483e+02  2.074323e+01 -2.043522e-15 
 1092.000  2.525378e+02  1.978416e+01 -1.286460e-15 
 1093.000  2.377181e+02  1.855427e+01  2.237149e-15 
 1094.000  2.117780e+02  1.648155e+01 -1.193446e-15 
 1095.000  2.298943e+02  1.786882e+01  9.444682e-16 
 1096.000  2.294166e+02  1.780402e+01  1.107384e-15 
 1097.000  2.238711e+02  1.732931e+01  1.043001e-15 
 1098.000  1.945997e+02  1.478014e+01 -4.000574e-17 
 1099.000  1.734557e+02  1.297729e+01  5.695635e-16 
 1100.000  1.777121e+02  1.328449e+01  3.451609e-16 
