  400.000  6.921378e+02  3.773531e+02 -9.869798e-14 
  401.000  6.892809e+02  3.722647e+02  3.178667e-13 
  402.000  7.318743e+02  3.915807e+02  9.257031e-14 
  403.000  6.867256e+02  3.640197e+02 -1.787355e-13 
  404.000  7.392814e+02  3.882710e+02 -2.404083e-13 
  405.000  6.791423e+02  3.534214e+02  3.327289e-13 
  406.000  6.751598e+02  3.481572e+02 -2.352044e-13 
  407.000  6.586551e+02  3.365823e+02  1.080322e-14 
  408.000  7.147069e+02  3.619525e+02 -1.480275e-13 
  409.000  7.923421e+02  3.976955e+02  5.307828e-14 
  410.000  6.634531e+02  3.300555e+02 -3.153651e-13 
  411.000  7.802537e+02  3.847466e+02  4.347376e-13 
  412.000  8.096475e+02  3.957486e+02  2.943713e-13 
  413.000  7.659191e+02  3.711246e+02  2.664393e-13 
  414.000  7.527809e+02  3.616010e+02  1.260432e-13 
  415.000  8.039388e+02  3.828674e+02  4.199032e-14 
  416.000  8.000853e+02  3.777846e+02 -3.895117e-13 
  417.000  7.767382e+02  3.636529e+02 -8.041177e-14 
  418.000  7.607963e+02  3.531895e+02  4.287331e-14 
  419.000  7.804227e+02  3.592666e+02  2.399024e-15 
  420.000  6.613752e+02  3.019291e+02  6.141921e-14 
  421.000  8.296290e+02  3.756103e+02 -3.336424e-16 
  422.000  7.958931e+02  3.573802e+02  1.371381e-13 
  423.000  6.729601e+02  2.997168e+02  2.685501e-14 
  424.000  7.410677e+02  3.273763e+02  2.485379e-13 
  425.000  7.683864e+02  3.367054e+02 -1.107408e-13 
  426.000  7.394587e+02  3.214298e+02 -3.935416e-13 
  427.000  7.120621e+02  3.070532e+02  2.494814e-13 
  428.000  7.218107e+02  3.087901e+02  1.763562e-13 
  429.000  6.573884e+02  2.790147e+02  2.278776e-13 
  430.000  5.251406e+02  2.211383e+02 -1.126165e-13 
  431.000  4.726419e+02  1.974814e+02  5.236170e-14 
  432.000  8.516409e+02  3.530815e+02  6.229898e-14 
  433.000  7.588572e+02  3.121929e+02  8.465106e-14 
  434.000  7.219899e+02  2.947536e+02  1.385391e-13 
  435.000  7.862922e+02  3.185637e+02  2.030997e-13 
  436.000  8.727421e+02  3.509137e+02 -2.281670e-13 
  437.000  8.820252e+02  3.519778e+02 -4.163877e-15 
  438.000  7.908743e+02  3.132412e+02  4.289850e-13 
  439.000  7.660424e+02  3.011491e+02 -9.737135e-14 
  440.000  8.593937e+02  3.353442e+02 -4.660349e-14 
  441.000  8.574116e+02  3.321034e+02  8.932218e-14 
  442.000  9.038678e+02  3.475260e+02  3.004425e-13 
  443.000  9.107527e+02  3.476118e+02 -2.667154e-14 
  444.000  9.056669e+02  3.431522e+02 -2.036553e-13 
  445.000  9.535242e+02  3.586598e+02 -2.559866e-13 
  446.000  8.495405e+02  3.172280e+02 -2.024460e-14 
  447.000  9.697801e+02  3.595424e+02  1.991888e-13 
  448.000  9.867962e+02  3.633031e+02 -2.326543e-13 
  449.000  9.943785e+02  3.635739e+02  6.221239e-14 
  450.000  1.016931e+03  3.692659e+02 -6.151883e-14 
  451.000  1.099947e+03  3.966660e+02 -1.668473e-13 
  452.000  1.023392e+03  3.665242e+02 -1.965831e-14 
  453.000  9.507686e+02  3.381822e+02  1.585686e-14 
  454.000  1.014489e+03  3.583833e+02  1.635595e-13 
  455.000  1.022423e+03  3.587302e+02  4.721022e-13 
  456.000  1.048068e+03  3.652315e+02 -1.083613e-14 
  457.000  1.054807e+03  3.651039e+02  2.692748e-13 
  458.000  1.037103e+03  3.565690e+02  1.103600e-13 
  459.000  1.037813e+03  3.544280e+02 -1.531525e-13 
  460.000  1.029603e+03  3.492878e+02  4.385879e-14 
  461.000  1.067777e+03  3.598441e+02  4.305862e-13 
  462.000  1.051209e+03  3.519275e+02  5.110170e-14 
  463.000  1.052284e+03  3.499772e+02 -4.605137e-13 
  464.000  1.056454e+03  3.490863e+02 -3.133869e-13 
  465.000  1.041708e+03  3.419898e+02  3.142268e-14 
  466.000  1.075388e+03  3.507725e+02  1.591714e-14 
  467.000  1.038073e+03  3.364227e+02 -1.479228e-13 
  468.000  1.099601e+03  3.540611e+02 -1.438292e-13 
  469.000  1.090579e+03  3.488737e+02  3.806787e-13 
  470.000  1.076139e+03  3.420023e+02 -1.042125e-13 
  471.000  1.074743e+03  3.393065e+02 -1.483004e-13 
  472.000  1.088405e+03  3.413422e+02  3.650327e-14 
  473.000  1.077060e+03  3.355273e+02 -1.670338e-13 
  474.000  1.086193e+03  3.360952e+02 -7.690354e-14 
  475.000  1.130492e+03  3.473532e+02  2.435796e-14 
  476.000  1.096042e+03  3.343188e+02  8.324514e-14 
  477.000  1.086322e+03  3.290470e+02  2.238699e-14 
  478.000  1.140545e+03  3.435127e+02  1.149592e-14 
  479.000  1.089326e+03  3.264493e+02 -2.486506e-13 
  480.000  1.111346e+03  3.314475e+02 -6.841127e-14 
  481.000  1.105089e+03  3.279279e+02 -3.003695e-14 
  482.000  1.128693e+03  3.331820e+02 -6.317825e-14 
  483.000  1.130335e+03  3.318620e+02 -5.398969e-14 
  484.000  1.087296e+03  3.174448e+02 -1.365473e-14 
  485.000  1.095735e+03  3.180937e+02 -8.314492e-14 
  486.000  8.887542e+02  2.565355e+02  2.258547e-14 
  487.000  9.992921e+02  2.867947e+02  2.101190e-14 
  488.000  1.085427e+03  3.097356e+02 -2.066363e-13 
  489.000  1.009377e+03  2.863929e+02 -1.305829e-13 
  490.000  1.149554e+03  3.243147e+02  2.081707e-13 
  491.000  1.076161e+03  3.018866e+02 -5.462019e-13 
  492.000  1.034616e+03  2.885889e+02  8.550911e-14 
  493.000  1.114777e+03  3.091980e+02  2.887528e-14 
  494.000  1.077406e+03  2.971540e+02 -1.850458e-13 
  495.000  1.152246e+03  3.160212e+02  1.534434e-13 
  496.000  1.122763e+03  3.062163e+02 -1.783455e-13 
  497.000  1.089686e+03  2.955469e+02  1.622629e-13 
  498.000  1.064474e+03  2.871161e+02 -1.296976e-13 
  499.000  1.062433e+03  2.849883e+02  2.440254e-13 
  500.000  1.058279e+03  2.823192e+02 -1.549024e-13 
  501.000  1.035066e+03  2.746179e+02  4.704408e-14 
  502.000  1.028790e+03  2.714702e+02 -5.055852e-14 
  503.000  1.090653e+03  2.862390e+02  1.841820e-14 
  504.000  1.015233e+03  2.650104e+02  1.910920e-13 
  505.000  1.095549e+03  2.844397e+02 -1.700770e-13 
  506.000  1.173254e+03  3.030031e+02 -2.030825e-13 
  507.000  1.092014e+03  2.805385e+02  2.278451e-13 
  508.000  1.047622e+03  2.677264e+02  4.004628e-14 
  509.000  1.130083e+03  2.872955e+02 -2.365337e-13 
  510.000  1.095357e+03  2.770206e+02  2.936114e-13 
  511.000  1.096047e+03  2.757590e+02  3.742745e-14 
  512.000  1.150742e+03  2.880269e+02 -3.350619e-14 
  513.000  1.053533e+03  2.623428e+02  2.305395e-14 
  514.000  1.031756e+03  2.556072e+02 -1.643231e-15 
  515.000  1.053651e+03  2.597038e+02 -1.282317e-13 
  516.000  1.107126e+03  2.714969e+02  2.414425e-13 
  517.000  8.158091e+02  1.990414e+02  3.034410e-14 
  518.000  1.010344e+03  2.452559e+02  1.025975e-14 
  519.000  9.575121e+02  2.312596e+02 -1.910841e-14 
  520.000  1.054528e+03  2.534135e+02 -4.704678e-14 
  521.000  1.055440e+03  2.523621e+02 -6.028699e-14 
  522.000  1.097657e+03  2.611401e+02  8.773769e-14 
  523.000  1.022834e+03  2.421134e+02 -1.806626e-13 
  524.000  1.110058e+03  2.614445e+02 -4.420627e-14 
  525.000  1.101498e+03  2.581292e+02 -1.021164e-13 
  526.000  1.050039e+03  2.448548e+02 -1.936252e-13 
  527.000  9.175376e+02  2.128980e+02 -1.490232e-14 
  528.000  1.102299e+03  2.545063e+02  7.989627e-14 
  529.000  1.133937e+03  2.605251e+02 -4.950286e-14 
  530.000  1.071792e+03  2.450455e+02 -1.809793e-13 
  531.000  1.166991e+03  2.655168e+02 -5.384974e-14 
  532.000  1.113636e+03  2.521627e+02 -1.223475e-13 
  533.000  9.783890e+02  2.204949e+02  1.676099e-14 
  534.000  1.064216e+03  2.387356e+02 -2.139278e-13 
  535.000  1.086100e+03  2.425454e+02  7.790283e-14 
  536.000  1.152775e+03  2.562750e+02 -1.676487e-13 
  537.000  1.069786e+03  2.367497e+02  1.380597e-13 
  538.000  1.120147e+03  2.467682e+02 -1.506828e-13 
  539.000  1.116757e+03  2.449028e+02 -1.586547e-13 
  540.000  1.093199e+03  2.386466e+02 -2.814090e-14 
  541.000  1.002729e+03  2.179047e+02  2.216301e-15 
  542.000  1.118870e+03  2.420432e+02 -1.418258e-13 
  543.000  1.070559e+03  2.305472e+02 -5.481472e-14 
  544.000  1.129530e+03  2.421495e+02 -1.753991e-13 
  545.000  1.113082e+03  2.375501e+02  3.860504e-14 
  546.000  1.088698e+03  2.313045e+02 -1.368582e-13 
  547.000  1.135340e+03  2.401387e+02 -2.745492e-13 
  548.000  1.053782e+03  2.218978e+02 -8.548361e-14 
  549.000  1.109413e+03  2.325785e+02 -2.406768e-14 
  550.000  1.085577e+03  2.265762e+02  3.958578e-14 
  551.000  1.079464e+03  2.243049e+02  1.323880e-13 
  552.000  1.126718e+03  2.330947e+02  2.729730e-14 
  553.000  1.083268e+03  2.231217e+02  6.530117e-15 
  554.000  1.119376e+03  2.295498e+02 -1.901459e-13 
  555.000  1.123250e+03  2.293394e+02  2.798515e-13 
  556.000  1.092998e+03  2.221919e+02 -1.032631e-13 
  557.000  1.061243e+03  2.147971e+02  1.910759e-13 
  558.000  1.102257e+03  2.221293e+02 -4.096483e-14 
  559.000  1.042529e+03  2.091813e+02  6.185346e-14 
  560.000  1.047744e+03  2.093130e+02 -3.873644e-14 
  561.000  1.152188e+03  2.291742e+02 -5.897390e-14 
  562.000  1.057796e+03  2.094095e+02 -8.334152e-14 
  563.000  1.107255e+03  2.182354e+02  4.495018e-14 
  564.000  1.092127e+03  2.142885e+02  1.870772e-13 
  565.000  1.105282e+03  2.158516e+02 -7.558968e-15 
  566.000  1.019644e+03  1.982624e+02  1.287753e-14 
  567.000  1.092870e+03  2.113327e+02  6.410485e-15 
  568.000  1.084087e+03  2.077157e+02 -5.915226e-14 
  569.000  1.047817e+03  1.983937e+02  3.417257e-16 
  570.000  1.056740e+03  1.994610e+02 -6.414578e-14 
  571.000  1.031241e+03  1.949528e+02 -8.950997e-15 
  572.000  1.080035e+03  2.022081e+02 -4.682826e-14 
  573.000  1.095547e+03  2.045706e+02  1.500871e-14 
  574.000  1.091359e+03  2.030436e+02  2.973756e-14 
  575.000  1.064769e+03  1.971997e+02 -1.763545e-14 
  576.000  1.045983e+03  1.929043e+02  6.994107e-14 
  577.000  1.093309e+03  2.010629e+02  5.311952e-14 
  578.000  1.066068e+03  1.958254e+02 -7.053334e-14 
  579.000  1.061146e+03  1.945189e+02 -2.149516e-14 
  580.000  1.099804e+03  2.010400e+02 -3.281694e-14 
  581.000  1.083452e+03  1.977111e+02 -3.835191e-14 
  582.000  1.101721e+03  2.004750e+02  8.972333e-14 
  583.000  1.110167e+03  2.012529e+02 -6.819482e-14 
  584.000  1.107428e+03  2.000022e+02  5.827775e-14 
  585.000  1.100603e+03  1.979756e+02 -3.178949e-14 
  586.000  1.053872e+03  1.888257e+02  1.042173e-13 
  587.000  1.090082e+03  1.939658e+02  3.139913e-15 
  588.000  1.056869e+03  1.854475e+02  3.000919e-14 
  589.000  9.069681e+02  1.568847e+02  2.199054e-15 
  590.000  9.453632e+02  1.628065e+02  4.093650e-14 
  591.000  1.027552e+03  1.774561e+02 -1.464467e-14 
  592.000  9.965206e+02  1.708507e+02 -4.704786e-15 
  593.000  1.033056e+03  1.778750e+02 -4.743788e-15 
  594.000  1.037233e+03  1.775670e+02  5.632848e-14 
  595.000  1.000015e+03  1.696249e+02  2.370675e-14 
  596.000  1.051579e+03  1.791777e+02  6.933909e-14 
  597.000  1.049996e+03  1.779209e+02 -9.741986e-14 
  598.000  1.039926e+03  1.762647e+02 -3.814412e-14 
  599.000  1.045457e+03  1.768970e+02  2.741850e-14 
  600.000  1.056141e+03  1.788913e+02 -3.867103e-14 
  601.000  1.057568e+03  1.790939e+02  6.826573e-14 
  602.000  1.048967e+03  1.772878e+02  4.568666e-14 
  603.000  1.058184e+03  1.784822e+02 -1.551189e-14 
  604.000  1.094130e+03  1.841048e+02  5.193200e-14 
  605.000  1.092885e+03  1.833381e+02 -1.645045e-13 
  606.000  1.081160e+03  1.807502e+02  1.158859e-13 
  607.000  1.076004e+03  1.792698e+02  1.579649e-13 
  608.000  1.072862e+03  1.781199e+02 -2.296645e-13 
  609.000  1.062611e+03  1.757970e+02 -2.859352e-13 
  610.000  1.046315e+03  1.724920e+02 -1.103301e-13 
  611.000  1.064002e+03  1.747904e+02  9.655328e-14 
  612.000  1.050836e+03  1.720200e+02 -4.994410e-14 
  613.000  1.036144e+03  1.690172e+02 -1.899507e-14 
  614.000  9.993538e+02  1.624410e+02  1.070491e-13 
  615.000  1.047863e+03  1.697274e+02 -3.219208e-14 
  616.000  9.969050e+02  1.609050e+02  6.016363e-14 
  617.000  1.003098e+03  1.613319e+02 -3.929687e-14 
  618.000  1.050950e+03  1.684267e+02  5.627496e-14 
  619.000  1.041796e+03  1.663600e+02  7.528611e-14 
  620.000  1.057641e+03  1.682815e+02  3.366589e-14 
  621.000  1.076238e+03  1.706176e+02  1.366200e-13 
  622.000  1.019778e+03  1.610736e+02  3.978439e-14 
  623.000  1.027978e+03  1.617623e+02 -2.166124e-13 
  624.000  1.029326e+03  1.613734e+02  3.579149e-14 
  625.000  1.001618e+03  1.564444e+02  9.230992e-14 
  626.000  1.005890e+03  1.564141e+02 -9.326802e-14 
  627.000  1.015647e+03  1.565842e+02 -2.859228e-14 
  628.000  9.906357e+02  1.508158e+02  2.963973e-14 
  629.000  1.019827e+03  1.552884e+02  1.971068e-14 
  630.000  9.932822e+02  1.512682e+02  1.087336e-14 
  631.000  1.032587e+03  1.570260e+02  1.007958e-14 
  632.000  9.552896e+02  1.442794e+02  2.047674e-14 
  633.000  1.034194e+03  1.564241e+02  4.146031e-14 
  634.000  1.005909e+03  1.518499e+02  1.190046e-13 
  635.000  1.024428e+03  1.541129e+02  5.099977e-14 
  636.000  9.901154e+02  1.486199e+02  3.324343e-14 
  637.000  1.024149e+03  1.533220e+02 -2.448346e-14 
  638.000  1.044409e+03  1.562728e+02 -4.800816e-15 
  639.000  1.036336e+03  1.545697e+02 -4.254040e-14 
  640.000  1.006134e+03  1.497857e+02  6.840915e-14 
  641.000  1.021000e+03  1.514947e+02  8.086681e-14 
  642.000  1.010507e+03  1.495988e+02  1.078803e-13 
  643.000  1.025810e+03  1.510650e+02 -1.277536e-14 
  644.000  1.014430e+03  1.489023e+02 -6.582815e-15 
  645.000  1.019475e+03  1.488259e+02  2.951189e-14 
  646.000  9.639750e+02  1.391168e+02  1.224884e-14 
  647.000  9.655192e+02  1.382926e+02  7.952112e-15 
  648.000  9.508745e+02  1.352173e+02 -1.819635e-14 
  649.000  9.815151e+02  1.396105e+02 -3.393032e-14 
  650.000  9.305701e+02  1.330517e+02 -3.600959e-14 
  651.000  1.002647e+03  1.429005e+02  1.063259e-14 
  652.000  9.642133e+02  1.359901e+02  1.686632e-15 
  653.000  1.006642e+03  1.427566e+02 -4.390053e-15 
  654.000  9.912968e+02  1.399832e+02  2.775173e-15 
  655.000  9.574335e+02  1.343284e+02 -1.693817e-14 
  656.000  8.154517e+02  1.141793e+02 -2.746731e-14 
  657.000  8.745339e+02  1.222982e+02 -9.758106e-15 
  658.000  9.819535e+02  1.373811e+02  6.422521e-14 
  659.000  9.890009e+02  1.382578e+02  1.265546e-14 
  660.000  9.989742e+02  1.393671e+02  9.752013e-14 
  661.000  1.009324e+03  1.408230e+02 -6.330452e-14 
  662.000  1.026628e+03  1.430372e+02 -1.966671e-13 
  663.000  1.014997e+03  1.409213e+02  5.161095e-14 
  664.000  1.000088e+03  1.385109e+02 -1.486860e-13 
  665.000  1.005486e+03  1.388991e+02  9.051109e-14 
  666.000  1.018912e+03  1.404196e+02  3.463676e-14 
  667.000  9.996846e+02  1.374156e+02 -4.516744e-14 
  668.000  1.006582e+03  1.380309e+02  7.738640e-14 
  669.000  1.021808e+03  1.397347e+02 -1.038803e-13 
  670.000  1.010193e+03  1.377543e+02 -1.627177e-13 
  671.000  1.000163e+03  1.360070e+02  2.002892e-14 
  672.000  9.974534e+02  1.352498e+02 -1.413354e-13 
  673.000  1.005131e+03  1.358998e+02 -1.931060e-13 
  674.000  1.007605e+03  1.358442e+02  2.074264e-13 
  675.000  9.927308e+02  1.334570e+02  1.049921e-13 
  676.000  1.011968e+03  1.356538e+02 -6.225696e-14 
  677.000  9.923271e+02  1.326417e+02  8.109971e-14 
  678.000  1.009238e+03  1.345190e+02  1.249285e-13 
  679.000  9.953007e+02  1.322707e+02 -2.834181e-15 
  680.000  9.873165e+02  1.307626e+02  1.980165e-13 
  681.000  9.879164e+02  1.303809e+02 -8.302506e-14 
  682.000  9.858806e+02  1.297130e+02 -7.721734e-14 
  683.000  9.922979e+02  1.301311e+02  2.450938e-14 
  684.000  9.731862e+02  1.271141e+02 -1.024045e-13 
  685.000  9.855394e+02  1.284548e+02 -7.125422e-14 
  686.000  9.405170e+02  1.220011e+02  3.082171e-15 
  687.000  8.198301e+02  1.034596e+02  1.709528e-14 
  688.000  8.599485e+02  1.088012e+02  2.412992e-14 
  689.000  8.497830e+02  1.070099e+02  1.015435e-14 
  690.000  8.748185e+02  1.101855e+02 -7.333100e-15 
  691.000  9.011312e+02  1.135703e+02 -3.181362e-14 
  692.000  9.020703e+02  1.134072e+02 -2.134464e-14 
  693.000  8.749874e+02  1.088796e+02 -4.466729e-14 
  694.000  8.516785e+02  1.050611e+02  4.544159e-16 
  695.000  8.545455e+02  1.054228e+02 -7.929372e-15 
  696.000  8.756897e+02  1.079545e+02  1.075381e-14 
  697.000  9.316174e+02  1.159748e+02 -4.621969e-14 
  698.000  9.026072e+02  1.116686e+02 -4.941003e-14 
  699.000  8.698241e+02  1.062323e+02 -3.105680e-15 
  700.000  8.673832e+02  1.057751e+02  2.424529e-14 
  701.000  8.372969e+02  1.016387e+02  2.258582e-14 
  702.000  8.408112e+02  1.019283e+02  7.773110e-15 
  703.000  8.928043e+02  1.088286e+02  5.035707e-15 
  704.000  8.971289e+02  1.091107e+02 -4.959797e-14 
  705.000  8.871571e+02  1.072075e+02  1.174428e-14 
  706.000  8.810226e+02  1.062565e+02 -2.909958e-14 
  707.000  8.736368e+02  1.052223e+02  3.361333e-14 
  708.000  9.055850e+02  1.089446e+02 -4.710226e-14 
  709.000  8.863681e+02  1.067152e+02  3.311931e-15 
  710.000  8.926854e+02  1.067971e+02 -2.065083e-14 
  711.000  8.979186e+02  1.075302e+02 -2.425916e-14 
  712.000  8.974404e+02  1.075822e+02 -4.682194e-14 
  713.000  8.838117e+02  1.053319e+02 -2.651248e-14 
  714.000  8.952457e+02  1.062906e+02  1.187538e-14 
  715.000  8.480264e+02  9.998241e+01  1.793419e-14 
  716.000  8.528002e+02  9.984769e+01 -1.209774e-14 
  717.000  7.298256e+02  8.343060e+01  1.662051e-15 
  718.000  6.668911e+02  7.452505e+01  1.231853e-15 
  719.000  6.384982e+02  7.061682e+01  1.912845e-15 
  720.000  6.136863e+02  6.704993e+01 -1.335237e-15 
  721.000  7.482379e+02  8.514179e+01  1.113349e-15 
  722.000  8.112502e+02  9.297889e+01 -1.257858e-14 
  723.000  7.795564e+02  8.866801e+01 -1.533240e-14 
  724.000  7.021474e+02  7.799549e+01 -1.669234e-15 
  725.000  7.056996e+02  7.846316e+01 -7.188963e-15 
  726.000  7.008100e+02  7.763871e+01  2.291378e-15 
  727.000  7.226129e+02  8.014383e+01  1.483330e-15 
  728.000  6.981760e+02  7.695207e+01  1.775994e-15 
  729.000  6.997762e+02  7.765813e+01  4.030064e-15 
  730.000  7.206523e+02  7.968958e+01 -2.106134e-15 
  731.000  7.028483e+02  7.741598e+01 -4.314237e-15 
  732.000  7.685000e+02  8.553468e+01  5.394082e-15 
  733.000  8.082906e+02  9.060432e+01  1.740873e-14 
  734.000  8.509860e+02  9.567936e+01 -1.461135e-14 
  735.000  8.352975e+02  9.351957e+01  1.019554e-14 
  736.000  8.035394e+02  8.947083e+01  2.239449e-14 
  737.000  8.266819e+02  9.204274e+01  5.629682e-15 
  738.000  8.417311e+02  9.383758e+01 -3.881163e-14 
  739.000  8.218036e+02  9.156559e+01 -1.875032e-14 
  740.000  8.459366e+02  9.448000e+01 -1.493277e-14 
  741.000  8.486726e+02  9.486977e+01  1.180124e-14 
  742.000  8.386600e+02  9.366446e+01 -2.003759e-14 
  743.000  8.721857e+02  9.752603e+01 -4.856061e-14 
  744.000  8.844058e+02  9.879940e+01  6.409150e-14 
  745.000  8.644370e+02  9.648057e+01 -5.489721e-14 
  746.000  8.788829e+02  9.796900e+01 -6.233145e-14 
  747.000  8.931218e+02  9.933061e+01 -4.128080e-14 
  748.000  8.786155e+02  9.757294e+01 -2.198096e-14 
  749.000  8.797360e+02  9.749832e+01  1.420778e-13 
  750.000  8.662139e+02  9.572203e+01  1.620466e-14 
  751.000  8.642910e+02  9.528394e+01  1.051572e-14 
  752.000  8.792236e+02  9.677676e+01  4.902207e-14 
  753.000  8.715892e+02  9.573123e+01  7.579731e-14 
  754.000  8.857517e+02  9.707030e+01 -2.707261e-14 
  755.000  8.809744e+02  9.632092e+01 -1.030430e-13 
  756.000  8.640455e+02  9.425066e+01  2.266153e-14 
  757.000  8.706177e+02  9.474442e+01  4.773618e-14 
  758.000  8.684801e+02  9.423094e+01 -6.603356e-14 
  759.000  7.789291e+02  8.285141e+01  4.620379e-14 
  760.000  2.805912e+02  2.671172e+01  6.035895e-17 
  761.000  2.403250e+02  2.245633e+01 -7.434150e-16 
  762.000  4.960838e+02  4.954984e+01  4.214789e-16 
  763.000  4.219373e+02  4.131196e+01 -1.863986e-16 
  764.000  4.663915e+02  4.593893e+01 -1.904013e-15 
  765.000  5.697726e+02  5.735278e+01 -7.269246e-15 
  766.000  6.611757e+02  6.847231e+01 -1.388113e-14 
  767.000  7.316221e+02  7.617929e+01  3.684746e-14 
  768.000  8.016606e+02  8.387397e+01 -3.137009e-14 
  769.000  8.256042e+02  8.676250e+01 -6.882448e-14 
  770.000  8.342256e+02  8.780697e+01 -3.870034e-14 
  771.000  8.414044e+02  8.856544e+01  4.082157e-14 
  772.000  8.397567e+02  8.824265e+01  1.279234e-13 
  773.000  8.371070e+02  8.778568e+01  1.265594e-14 
  774.000  8.467691e+02  8.861966e+01  3.221589e-14 
  775.000  8.154601e+02  8.516470e+01 -7.728810e-14 
  776.000  8.494985e+02  8.853202e+01 -9.628482e-14 
  777.000  8.437624e+02  8.773287e+01 -9.870520e-14 
  778.000  8.392572e+02  8.705704e+01 -1.480957e-14 
  779.000  8.420180e+02  8.713680e+01 -4.137514e-14 
  780.000  8.316670e+02  8.586485e+01 -1.371727e-13 
  781.000  8.310024e+02  8.563321e+01 -1.174587e-14 
  782.000  8.410308e+02  8.646202e+01 -6.116059e-14 
  783.000  8.214406e+02  8.425233e+01 -3.973621e-15 
  784.000  8.256337e+02  8.446130e+01 -5.751766e-14 
  785.000  8.249745e+02  8.404940e+01 -3.202454e-14 
  786.000  8.063385e+02  8.176483e+01 -2.882927e-14 
  787.000  8.081224e+02  8.135533e+01 -1.602633e-14 
  788.000  7.907525e+02  7.924377e+01 -5.184754e-14 
  789.000  7.765179e+02  7.712658e+01 -2.732821e-15 
  790.000  7.670562e+02  7.597900e+01 -1.130423e-14 
  791.000  7.666788e+02  7.585478e+01 -1.098651e-14 
  792.000  7.578523e+02  7.489699e+01 -1.556883e-14 
  793.000  7.647194e+02  7.561265e+01  7.354516e-15 
  794.000  7.727108e+02  7.675864e+01  6.916944e-15 
  795.000  7.589614e+02  7.489697e+01 -2.073714e-14 
  796.000  7.460714e+02  7.283128e+01 -1.346189e-14 
  797.000  7.582347e+02  7.401292e+01  4.786208e-15 
  798.000  7.752111e+02  7.593414e+01 -1.655855e-14 
  799.000  7.709016e+02  7.524182e+01  8.328417e-15 
  800.000  7.392325e+02  7.170894e+01  1.211205e-14 
  801.000  7.544436e+02  7.305872e+01 -2.758474e-14 
  802.000  7.518602e+02  7.262629e+01  8.300653e-15 
  803.000  7.428835e+02  7.164497e+01  1.941006e-15 
  804.000  7.552877e+02  7.282046e+01  2.697310e-15 
  805.000  7.451502e+02  7.197565e+01  3.959632e-14 
  806.000  7.718552e+02  7.460023e+01 -2.783106e-14 
  807.000  7.676064e+02  7.404039e+01 -3.110535e-14 
  808.000  7.593269e+02  7.296861e+01  3.113563e-14 
  809.000  7.420978e+02  7.102958e+01  2.138412e-14 
  810.000  7.339031e+02  6.996165e+01 -2.289939e-15 
  811.000  7.355187e+02  6.972660e+01 -1.835262e-14 
  812.000  7.193169e+02  6.777840e+01  2.680008e-14 
  813.000  6.996178e+02  6.552337e+01 -2.884420e-15 
  814.000  6.768409e+02  6.297941e+01 -1.317089e-14 
  815.000  6.428832e+02  5.936927e+01  8.778413e-15 
  816.000  6.044322e+02  5.526977e+01 -5.659865e-16 
  817.000  6.096372e+02  5.563944e+01 -1.952738e-15 
  818.000  6.085370e+02  5.546189e+01 -7.835822e-15 
  819.000  6.028743e+02  5.499722e+01 -4.781925e-15 
  820.000  6.265977e+02  5.746751e+01 -5.847845e-15 
  821.000  6.902775e+02  6.370023e+01 -5.538307e-15 
  822.000  6.391021e+02  5.848013e+01 -1.124159e-14 
  823.000  5.621415e+02  5.027309e+01 -4.543293e-16 
  824.000  6.436765e+02  5.853073e+01  3.560105e-15 
  825.000  6.918688e+02  6.338532e+01 -7.674014e-15 
  826.000  6.881357e+02  6.282275e+01  1.371782e-16 
  827.000  6.796634e+02  6.184453e+01  1.464005e-14 
  828.000  6.461231e+02  5.833579e+01  1.633143e-14 
  829.000  6.572925e+02  5.934070e+01 -7.828423e-15 
  830.000  6.597593e+02  5.958717e+01 -7.291766e-15 
  831.000  6.512938e+02  5.874797e+01  1.282807e-14 
  832.000  6.662836e+02  6.001869e+01  8.791999e-15 
  833.000  6.529264e+02  5.879635e+01 -5.068792e-15 
  834.000  6.713959e+02  6.047020e+01  6.279815e-15 
  835.000  6.897370e+02  6.230527e+01 -6.029990e-15 
  836.000  6.924700e+02  6.233132e+01 -6.702261e-15 
  837.000  6.863480e+02  6.165687e+01  1.120029e-14 
  838.000  6.970800e+02  6.265755e+01 -6.775040e-15 
  839.000  6.802144e+02  6.112949e+01 -1.339193e-14 
  840.000  7.002747e+02  6.285042e+01  5.570885e-15 
  841.000  6.969935e+02  6.231637e+01 -2.507487e-14 
  842.000  6.973533e+02  6.233282e+01 -3.156930e-15 
  843.000  7.035219e+02  6.305342e+01  1.108399e-14 
  844.000  6.968047e+02  6.248260e+01 -6.599308e-14 
  845.000  7.097383e+02  6.359446e+01  2.599653e-14 
  846.000  7.185182e+02  6.434018e+01 -2.030145e-14 
  847.000  6.963421e+02  6.232652e+01  5.224319e-14 
  848.000  7.126476e+02  6.350256e+01 -3.388543e-14 
  849.000  7.145377e+02  6.356456e+01  6.759238e-15 
  850.000  6.160328e+02  5.463041e+01  2.337354e-14 
  851.000  7.033525e+02  6.217015e+01  1.843234e-14 
  852.000  6.769653e+02  5.972880e+01 -1.870080e-14 
  853.000  6.887507e+02  6.078465e+01 -5.856918e-15 
  854.000  5.536206e+02  4.875885e+01 -4.970319e-15 
  855.000  6.112117e+02  5.378980e+01 -2.774637e-14 
  856.000  6.975477e+02  6.141154e+01  2.525478e-14 
  857.000  7.104103e+02  6.250162e+01 -2.432692e-14 
  858.000  6.999278e+02  6.149997e+01 -3.813957e-17 
  859.000  7.017050e+02  6.162519e+01 -4.565701e-14 
  860.000  6.963688e+02  6.108155e+01 -5.266574e-14 
  861.000  6.964862e+02  6.098080e+01 -6.707476e-14 
  862.000  6.946887e+02  6.072817e+01  3.833573e-15 
  863.000  7.081043e+02  6.178521e+01 -6.696911e-15 
  864.000  7.070897e+02  6.159542e+01  2.118981e-14 
  865.000  6.942501e+02  6.037484e+01  1.085454e-13 
  866.000  5.824576e+02  5.055912e+01 -1.076423e-13 
  867.000  6.202717e+02  5.373655e+01 -3.907386e-15 
  868.000  6.728106e+02  5.817927e+01  3.678057e-14 
  869.000  6.635234e+02  5.727144e+01  7.340964e-14 
  870.000  6.908977e+02  5.951781e+01 -6.996798e-14 
  871.000  6.900720e+02  5.933835e+01  1.650993e-13 
  872.000  6.875703e+02  5.902173e+01 -5.633146e-15 
  873.000  6.901906e+02  5.912467e+01  3.546210e-15 
  874.000  6.750213e+02  5.771095e+01  3.639035e-14 
  875.000  6.688514e+02  5.707470e+01 -3.956634e-14 
  876.000  6.742001e+02  5.740911e+01  7.678244e-15 
  877.000  6.875729e+02  5.843092e+01  5.347902e-14 
  878.000  6.747781e+02  5.718415e+01  4.322785e-14 
  879.000  6.763522e+02  5.720788e+01 -2.418777e-15 
  880.000  6.715930e+02  5.665494e+01  2.945863e-14 
  881.000  6.362786e+02  5.355304e+01  1.569495e-14 
  882.000  6.709922e+02  5.634628e+01 -4.221037e-14 
  883.000  6.561995e+02  5.502474e+01 -4.930322e-14 
  884.000  6.620096e+02  5.541834e+01 -1.110677e-14 
  885.000  6.670543e+02  5.564878e+01  3.849395e-14 
  886.000  6.427975e+02  5.343797e+01  7.238452e-14 
  887.000  6.381328e+02  5.301303e+01  2.467896e-14 
  888.000  6.571564e+02  5.448706e+01 -6.942283e-16 
  889.000  6.621555e+02  5.482624e+01 -7.881991e-15 
  890.000  6.585397e+02  5.437786e+01  4.235497e-14 
  891.000  6.516385e+02  5.358512e+01 -1.984446e-16 
  892.000  6.417828e+02  5.244360e+01 -2.646974e-14 
  893.000  5.945385e+02  4.800597e+01  1.297190e-14 
  894.000  6.022935e+02  4.835068e+01 -2.128166e-15 
  895.000  5.376929e+02  4.274626e+01 -3.004577e-15 
  896.000  5.239048e+02  4.127377e+01 -3.878674e-15 
  897.000  4.768068e+02  3.708101e+01  3.447671e-15 
  898.000  4.616388e+02  3.559864e+01  1.768221e-16 
  899.000  4.191147e+02  3.165116e+01  1.018329e-15 
  900.000  4.141205e+02  3.129136e+01  4.435039e-16 
  901.000  3.952558e+02  2.967724e+01  8.042776e-16 
  902.000  3.902522e+02  2.929272e+01  7.274136e-16 
  903.000  4.819769e+02  3.721252e+01 -1.518295e-16 
  904.000  5.357372e+02  4.172208e+01  1.726863e-15 
  905.000  5.329608e+02  4.144476e+01  3.143468e-15 
  906.000  4.902237e+02  3.784044e+01 -2.750133e-16 
  907.000  4.492292e+02  3.402497e+01  5.129606e-16 
  908.000  4.069173e+02  3.032812e+01 -8.611417e-16 
  909.000  4.010240e+02  2.984745e+01 -1.285519e-16 
  910.000  4.101857e+02  3.053809e+01 -3.664174e-16 
  911.000  4.288208e+02  3.217180e+01  3.409863e-16 
  912.000  4.201722e+02  3.132803e+01  1.453155e-16 
  913.000  3.887879e+02  2.842026e+01 -7.159572e-16 
  914.000  4.063806e+02  2.991010e+01  1.763869e-16 
  915.000  4.153192e+02  3.075179e+01  2.431810e-16 
  916.000  4.250945e+02  3.149671e+01  5.206707e-16 
  917.000  4.275891e+02  3.177327e+01  4.123280e-16 
  918.000  4.372386e+02  3.262099e+01  1.865732e-16 
  919.000  4.843626e+02  3.661431e+01  1.400920e-15 
  920.000  5.123313e+02  3.894437e+01 -4.437688e-15 
  921.000  4.943749e+02  3.748373e+01  4.436742e-15 
  922.000  4.894560e+02  3.704951e+01 -9.406064e-16 
  923.000  4.605593e+02  3.474253e+01 -1.099030e-15 
  924.000  4.593144e+02  3.440567e+01  7.071861e-16 
  925.000  4.631880e+02  3.459274e+01  2.318583e-15 
  926.000  4.447882e+02  3.309053e+01  5.927137e-16 
  927.000  4.363870e+02  3.208239e+01  6.412776e-16 
  928.000  4.021016e+02  2.897174e+01  7.630444e-16 
  929.000  3.471226e+02  2.437757e+01 -2.322676e-16 
  930.000  2.892686e+02  1.983598e+01 -3.220056e-16 
  931.000  2.326868e+02  1.559995e+01  5.532878e-17 
  932.000  1.655467e+02  1.072359e+01  1.439069e-16 
  933.000  1.272115e+02  8.038383e+00 -1.421062e-17 
  934.000  9.339603e+01  5.769066e+00  3.407655e-17 
  935.000  8.851310e+01  5.446493e+00  1.491518e-17 
  936.000  9.894247e+01  6.121658e+00 -7.368610e-17 
  937.000  9.867749e+01  6.086603e+00  6.830507e-17 
  938.000  1.360552e+02  8.592081e+00  1.172478e-16 
  939.000  2.687006e+02  1.787268e+01  6.624395e-17 
  940.000  2.917273e+02  1.953810e+01 -1.404397e-16 
  941.000  2.658439e+02  1.767955e+01  3.511372e-17 
  942.000  2.120923e+02  1.389035e+01 -1.140942e-16 
  943.000  1.572828e+02  9.996270e+00  9.475375e-18 
  944.000  1.485469e+02  9.399482e+00  9.672292e-19 
  945.000  1.709743e+02  1.091957e+01  8.439778e-18 
  946.000  1.750659e+02  1.117765e+01 -1.247775e-16 
  947.000  1.958484e+02  1.261651e+01  4.126288e-17 
  948.000  2.104900e+02  1.361488e+01  3.631760e-17 
  949.000  2.101485e+02  1.357701e+01  5.568850e-17 
  950.000  2.124830e+02  1.373006e+01 -1.437617e-16 
  951.000  2.424469e+02  1.581413e+01 -2.983097e-17 
  952.000  2.105197e+02  1.357755e+01  1.097665e-17 
  953.000  2.335095e+02  1.517640e+01 -3.618971e-17 
  954.000  2.579897e+02  1.690559e+01 -2.823707e-16 
  955.000  2.222762e+02  1.446715e+01 -2.251568e-16 
  956.000  2.340837e+02  1.522519e+01 -1.402763e-16 
  957.000  3.035447e+02  2.019112e+01 -3.436228e-17 
  958.000  3.167134e+02  2.114087e+01 -5.428983e-16 
  959.000  3.063657e+02  2.035544e+01  6.806647e-17 
  960.000  3.006379e+02  1.994059e+01  7.324149e-16 
  961.000  2.919483e+02  1.931099e+01 -1.452949e-17 
  962.000  2.994612e+02  1.982991e+01  4.343601e-16 
  963.000  3.409539e+02  2.291966e+01 -8.194546e-17 
  964.000  3.437196e+02  2.314934e+01  5.339667e-17 
  965.000  3.443420e+02  2.312973e+01 -2.208680e-16 
  966.000  3.372623e+02  2.266084e+01 -3.270052e-16 
  967.000  3.798268e+02  2.590203e+01  2.386814e-16 
  968.000  4.327324e+02  3.020590e+01 -8.361743e-16 
  969.000  4.630331e+02  3.249008e+01  3.010076e-17 
  970.000  4.661064e+02  3.267949e+01 -1.275051e-15 
  971.000  4.614209e+02  3.230132e+01  9.433612e-16 
  972.000  4.568099e+02  3.187732e+01  1.559042e-15 
  973.000  4.349274e+02  3.017741e+01 -1.566420e-15 
  974.000  4.076898e+02  2.805330e+01 -1.444948e-15 
  975.000  3.967838e+02  2.710920e+01 -5.020137e-16 
  976.000  4.177635e+02  2.869268e+01  2.259370e-15 
  977.000  4.339723e+02  3.000140e+01 -3.624812e-15 
  978.000  4.427194e+02  3.055660e+01  4.021723e-16 
  979.000  4.372277e+02  3.019548e+01  3.124644e-15 
  980.000  4.722570e+02  3.275546e+01  1.883437e-15 
  981.000  4.823101e+02  3.345612e+01 -5.148077e-15 
  982.000  4.750102e+02  3.287196e+01  1.241104e-15 
  983.000  4.891281e+02  3.391520e+01  8.385181e-15 
  984.000  5.018232e+02  3.489594e+01 -1.289488e-15 
  985.000  5.108326e+02  3.558181e+01 -1.642266e-15 
  986.000  5.185790e+02  3.624545e+01 -1.340187e-14 
  987.000  5.298324e+02  3.707156e+01  3.166081e-14 
  988.000  5.245964e+02  3.667499e+01 -4.433308e-15 
  989.000  5.187704e+02  3.622923e+01 -8.773420e-16 
  990.000  5.245025e+02  3.659927e+01  2.008160e-14 
  991.000  5.332847e+02  3.724685e+01  4.059675e-14 
  992.000  5.296526e+02  3.696408e+01 -4.242646e-14 
  993.000  5.301413e+02  3.695244e+01 -1.691114e-14 
  994.000  5.368052e+02  3.743898e+01  1.697070e-14 
  995.000  5.355944e+02  3.736984e+01 -2.444904e-15 
  996.000  5.354899e+02  3.730497e+01 -7.587333e-15 
  997.000  5.343834e+02  3.712555e+01 -4.570672e-15 
  998.000  5.304849e+02  3.676150e+01  4.512846e-14 
  999.000  5.284458e+02  3.654792e+01 -1.236582e-14 
 1000.000  5.248403e+02  3.625663e+01 -3.221038e-14 
 1001.000  5.236663e+02  3.603108e+01  7.832747e-15 
 1002.000  5.164688e+02  3.535558e+01  1.122208e-14 
 1003.000  5.119838e+02  3.502412e+01  2.844808e-14 
 1004.000  5.113805e+02  3.500224e+01  1.352231e-15 
 1005.000  4.792229e+02  3.278443e+01  9.960182e-15 
 1006.000  5.049460e+02  3.450392e+01  3.879293e-14 
 1007.000  5.129567e+02  3.497305e+01 -4.138487e-16 
 1008.000  5.099834e+02  3.461738e+01  7.443520e-15 
 1009.000  5.000795e+02  3.377853e+01  1.281869e-14 
 1010.000  5.050368e+02  3.411310e+01 -1.646735e-16 
 1011.000  5.096152e+02  3.450632e+01 -2.320777e-15 
 1012.000  5.126155e+02  3.471576e+01  6.834833e-15 
 1013.000  5.111018e+02  3.460992e+01  1.542631e-14 
 1014.000  5.153479e+02  3.486701e+01  3.149990e-14 
 1015.000  5.060484e+02  3.419169e+01  1.938134e-14 
 1016.000  5.102969e+02  3.445066e+01  7.459949e-15 
 1017.000  5.058041e+02  3.410022e+01 -1.746574e-14 
 1018.000  5.112891e+02  3.440153e+01 -1.072145e-14 
 1019.000  4.972756e+02  3.335571e+01 -5.112157e-16 
 1020.000  4.970972e+02  3.331368e+01  1.559440e-14 
 1021.000  5.037891e+02  3.375257e+01  3.398760e-14 
 1022.000  4.934462e+02  3.294716e+01 -1.167771e-14 
 1023.000  5.005684e+02  3.332292e+01  1.777748e-15 
 1024.000  4.966382e+02  3.298433e+01  1.261238e-14 
 1025.000  5.008776e+02  3.331137e+01  1.802843e-14 
 1026.000  5.034517e+02  3.347909e+01  1.489751e-14 
 1027.000  4.996674e+02  3.316104e+01 -4.462653e-14 
 1028.000  5.015933e+02  3.325723e+01 -3.885040e-14 
 1029.000  4.958227e+02  3.286561e+01  8.626007e-16 
 1030.000  5.025822e+02  3.331396e+01 -6.714897e-15 
 1031.000  5.019318e+02  3.324849e+01  4.955008e-14 
 1032.000  5.009282e+02  3.315444e+01  3.334375e-14 
 1033.000  4.919635e+02  3.252027e+01  2.055494e-16 
 1034.000  4.976074e+02  3.285803e+01  1.128474e-14 
 1035.000  4.925899e+02  3.248714e+01  3.331068e-14 
 1036.000  4.990591e+02  3.286782e+01 -3.534832e-14 
 1037.000  4.887074e+02  3.214387e+01  3.070986e-15 
 1038.000  4.936760e+02  3.242767e+01  5.955449e-15 
 1039.000  4.955568e+02  3.249871e+01  3.730707e-15 
 1040.000  4.896133e+02  3.205912e+01  2.644059e-14 
 1041.000  4.921329e+02  3.217463e+01  6.832503e-15 
 1042.000  4.935892e+02  3.222303e+01 -3.222696e-14 
 1043.000  4.851183e+02  3.162564e+01 -6.029191e-14 
 1044.000  4.898930e+02  3.188926e+01 -3.863777e-15 
 1045.000  4.875568e+02  3.168232e+01 -1.456177e-14 
 1046.000  4.732471e+02  3.070365e+01 -5.586799e-15 
 1047.000  4.817839e+02  3.120683e+01  6.031191e-15 
 1048.000  4.865301e+02  3.146611e+01  2.002067e-14 
 1049.000  4.833994e+02  3.121785e+01 -8.570650e-15 
 1050.000  4.802573e+02  3.096173e+01  1.516126e-14 
 1051.000  4.798161e+02  3.087266e+01  5.154435e-15 
 1052.000  4.773504e+02  3.066236e+01 -2.766982e-16 
 1053.000  4.776205e+02  3.063761e+01 -1.537739e-14 
 1054.000  4.722951e+02  3.023846e+01 -1.270516e-15 
 1055.000  4.753312e+02  3.037505e+01 -2.536013e-14 
 1056.000  4.737958e+02  3.022437e+01 -6.617480e-15 
 1057.000  4.720042e+02  3.003577e+01  1.335144e-14 
 1058.000  4.651758e+02  2.949941e+01 -8.365689e-16 
 1059.000  4.508449e+02  2.855899e+01  1.152981e-14 
 1060.000  4.683040e+02  2.966121e+01  8.779376e-15 
 1061.000  4.517699e+02  2.856943e+01  9.370389e-15 
 1062.000  4.632207e+02  2.921786e+01 -3.343358e-14 
 1063.000  4.551750e+02  2.866425e+01  1.126132e-14 
 1064.000  4.601938e+02  2.891264e+01 -1.110459e-14 
 1065.000  4.582041e+02  2.870770e+01  3.123228e-15 
 1066.000  4.442857e+02  2.780145e+01 -5.693745e-16 
 1067.000  4.542464e+02  2.837910e+01 -5.371704e-15 
 1068.000  4.495157e+02  2.797895e+01  2.034279e-15 
 1069.000  4.138870e+02  2.568956e+01 -1.832767e-17 
 1070.000  4.385478e+02  2.718557e+01  6.031342e-16 
 1071.000  4.372228e+02  2.702667e+01  4.560435e-15 
 1072.000  4.365405e+02  2.691208e+01  4.969084e-17 
 1073.000  4.216373e+02  2.594990e+01 -4.222596e-15 
 1074.000  4.365406e+02  2.683390e+01 -6.971049e-15 
 1075.000  4.255481e+02  2.616770e+01 -2.530034e-15 
 1076.000  4.329472e+02  2.655454e+01 -5.793929e-17 
 1077.000  4.295186e+02  2.626966e+01  6.760120e-16 
 1078.000  4.278739e+02  2.609206e+01 -3.079190e-15 
 1079.000  4.107928e+02  2.501053e+01 -2.427894e-15 
 1080.000  4.155558e+02  2.517816e+01 -4.949529e-15 
 1081.000  3.998220e+02  2.418803e+01 -2.854967e-15 
 1082.000  4.079560e+02  2.468072e+01  6.063858e-15 
 1083.000  3.931418e+02  2.371075e+01  7.814950e-16 
 1084.000  4.038544e+02  2.428361e+01  1.586358e-15 
 1085.000  3.886733e+02  2.326617e+01 -3.961019e-16 
 1086.000  3.959430e+02  2.368341e+01  3.956437e-15 
 1087.000  3.818271e+02  2.289026e+01 -2.488114e-15 
 1088.000  4.054286e+02  2.427791e+01  1.429161e-15 
 1089.000  3.770164e+02  2.244460e+01  1.527070e-15 
 1090.000  3.826418e+02  2.273074e+01 -1.352848e-15 
 1091.000  3.874829e+02  2.300005e+01  3.072759e-15 
 1092.000  3.719858e+02  2.200813e+01 -2.622771e-15 
 1093.000  3.533853e+02  2.080181e+01 -2.719193e-15 
 1094.000  3.160950e+02  1.854991e+01  7.391366e-16 
 1095.000  3.429670e+02  2.010181e+01  1.960199e-15 
 1096.000  3.421856e+02  2.002495e+01 -7.758929e-16 
 1097.000  3.346595e+02  1.953376e+01  1.697309e-15 
 1098.000  2.977888e+02  1.708596e+01  9.037668e-16 
 1099.000  2.710606e+02  1.523582e+01  9.977618e-16 
 1100.000  2.773758e+02  1.558645e+01 -2.935109e-16 
