  400.000  2.334116e+02  3.444131e+02  3.836497e-14 
  401.000  2.334601e+02  3.405695e+02 -2.395244e-14 
  402.000  2.489551e+02  3.590780e+02 -9.290458e-14 
  403.000  2.345939e+02  3.345778e+02 -3.591771e-14 
  404.000  2.536140e+02  3.576868e+02 -5.551100e-14 
  405.000  2.339553e+02  3.263216e+02  1.406325e-14 
  406.000  2.335455e+02  3.221857e+02 -4.272979e-14 
  407.000  2.287699e+02  3.121706e+02  2.073876e-14 
  408.000  2.492453e+02  3.364445e+02  3.854256e-14 
  409.000  2.774285e+02  3.704796e+02  1.781697e-14 
  410.000  2.332221e+02  3.081365e+02 -1.340356e-14 
  411.000  2.753582e+02  3.599685e+02 -5.631917e-16 
  412.000  2.868415e+02  3.710502e+02  4.919173e-14 
  413.000  2.723952e+02  3.486988e+02 -1.643116e-15 
  414.000  2.687166e+02  3.404295e+02  2.346618e-14 
  415.000  2.880724e+02  3.612114e+02  4.932155e-14 
  416.000  2.877710e+02  3.571591e+02 -9.554903e-15 
  417.000  2.804118e+02  3.445049e+02  2.334012e-14 
  418.000  2.756616e+02  3.352663e+02 -1.588354e-14 
  419.000  2.837961e+02  3.417144e+02 -4.377910e-14 
  420.000  2.413670e+02  2.877450e+02 -2.737982e-14 
  421.000  3.038473e+02  3.586664e+02  3.133651e-14 
  422.000  2.925201e+02  3.419227e+02 -8.437688e-14 
  423.000  2.482029e+02  2.873069e+02  8.250021e-14 
  424.000  2.742684e+02  3.144201e+02  3.771422e-14 
  425.000  2.853467e+02  3.239852e+02  6.488838e-14 
  426.000  2.755294e+02  3.098599e+02 -9.156514e-14 
  427.000  2.662069e+02  2.965443e+02  4.057276e-14 
  428.000  2.707408e+02  2.987610e+02 -1.176155e-13 
  429.000  2.473806e+02  2.704346e+02  6.561560e-15 
  430.000  1.982517e+02  2.147163e+02  4.522323e-15 
  431.000  1.790028e+02  1.920821e+02 -4.868394e-14 
  432.000  3.235614e+02  3.440232e+02 -1.624938e-14 
  433.000  2.892143e+02  3.047056e+02 -2.138986e-14 
  434.000  2.760187e+02  2.881739e+02  1.225457e-14 
  435.000  3.015269e+02  3.119771e+02 -2.200524e-14 
  436.000  3.356983e+02  3.442307e+02  4.018583e-14 
  437.000  3.402921e+02  3.458436e+02 -5.757848e-14 
  438.000  3.060360e+02  3.082837e+02 -3.719009e-14 
  439.000  2.973044e+02  2.968619e+02  4.966754e-14 
  440.000  3.345085e+02  3.310965e+02 -2.253754e-14 
  441.000  3.347008e+02  3.284125e+02  5.302690e-14 
  442.000  3.538414e+02  3.441965e+02 -6.310190e-15 
  443.000  3.575403e+02  3.448076e+02 -5.712611e-14 
  444.000  3.565316e+02  3.408968e+02 -6.406296e-14 
  445.000  3.763976e+02  3.568291e+02  1.801761e-14 
  446.000  3.362494e+02  3.160644e+02  9.174282e-14 
  447.000  3.848918e+02  3.587573e+02  3.276802e-14 
  448.000  3.927588e+02  3.630769e+02  3.447076e-14 
  449.000  3.969066e+02  3.639198e+02 -6.244951e-14 
  450.000  4.070498e+02  3.701889e+02  1.891191e-14 
  451.000  4.414858e+02  3.982533e+02 -1.066897e-13 
  452.000  4.118596e+02  3.685264e+02 -9.457365e-15 
  453.000  3.836423e+02  3.405154e+02  4.145339e-14 
  454.000  4.104187e+02  3.613629e+02 -8.071338e-15 
  455.000  4.146763e+02  3.621998e+02  5.368982e-14 
  456.000  4.261147e+02  3.692322e+02  3.702181e-14 
  457.000  4.298987e+02  3.695706e+02  1.287812e-15 
  458.000  4.237012e+02  3.613827e+02  9.047560e-14 
  459.000  4.249974e+02  3.596539e+02  3.637484e-14 
  460.000  4.226286e+02  3.548692e+02  3.350106e-14 
  461.000  4.393219e+02  3.660344e+02 -1.367359e-13 
  462.000  4.335017e+02  3.584055e+02  8.006342e-14 
  463.000  4.349369e+02  3.568383e+02 -1.889162e-14 
  464.000  4.377521e+02  3.564249e+02  6.112604e-14 
  465.000  4.327074e+02  3.496575e+02  6.815640e-14 
  466.000  4.477849e+02  3.591200e+02 -6.315930e-14 
  467.000  4.332806e+02  3.448824e+02 -4.484274e-14 
  468.000  4.599697e+02  3.633795e+02 -6.295383e-14 
  469.000  4.571349e+02  3.584251e+02  0.000000e+00 
  470.000  4.519700e+02  3.517066e+02  2.466382e-14 
  471.000  4.522268e+02  3.492485e+02 -1.892850e-14 
  472.000  4.587791e+02  3.516293e+02 -1.913950e-14 
  473.000  4.547159e+02  3.458705e+02 -1.248135e-13 
  474.000  4.592532e+02  3.466647e+02 -1.080492e-14 
  475.000  4.785429e+02  3.584132e+02 -3.699252e-14 
  476.000  4.643553e+02  3.450178e+02 -6.470149e-14 
  477.000  4.607301e+02  3.396791e+02  8.246853e-15 
  478.000  4.848327e+02  3.550204e+02  1.860826e-14 
  479.000  4.644067e+02  3.379221e+02  2.592342e-14 
  480.000  4.752367e+02  3.436757e+02  2.634147e-14 
  481.000  4.738912e+02  3.405490e+02 -7.258379e-14 
  482.000  4.852913e+02  3.465038e+02  9.203731e-14 
  483.000  4.871726e+02  3.455743e+02 -1.767024e-13 
  484.000  4.696575e+02  3.309374e+02  6.397634e-14 
  485.000  4.742839e+02  3.319593e+02 -7.244087e-14 
  486.000  3.854935e+02  2.680052e+02  0.000000e+00 
  487.000  4.343452e+02  2.999470e+02 -2.946197e-14 
  488.000  4.727491e+02  3.242860e+02 -4.361667e-14 
  489.000  4.405130e+02  3.001612e+02 -8.949521e-14 
  490.000  5.026917e+02  3.402581e+02 -1.302118e-15 
  491.000  4.714606e+02  3.170062e+02  3.267614e-14 
  492.000  4.540637e+02  3.032935e+02  2.497883e-14 
  493.000  4.901076e+02  3.252198e+02  0.000000e+00 
  494.000  4.744998e+02  3.128024e+02  0.000000e+00 
  495.000  5.083383e+02  3.329288e+02 -7.466073e-14 
  496.000  4.960697e+02  3.227817e+02 -3.632893e-14 
  497.000  4.821663e+02  3.117075e+02  7.042870e-14 
  498.000  4.717014e+02  3.029810e+02  1.006891e-13 
  499.000  4.714754e+02  3.008944e+02 -1.186896e-15 
  500.000  4.703036e+02  2.982316e+02  6.578811e-14 
  501.000  4.606288e+02  2.902388e+02  1.273906e-13 
  502.000  4.584716e+02  2.870522e+02 -1.145338e-15 
  503.000  4.867108e+02  3.028146e+02 -1.212843e-15 
  504.000  4.536708e+02  2.804881e+02 -1.570732e-14 
  505.000  4.902165e+02  3.011888e+02  6.772739e-14 
  506.000  5.258639e+02  3.210952e+02  5.560544e-14 
  507.000  4.902732e+02  2.975241e+02 -4.925065e-14 
  508.000  4.711298e+02  2.841593e+02 -9.780378e-14 
  509.000  5.090566e+02  3.051658e+02  3.593776e-14 
  510.000  4.942214e+02  2.944750e+02  1.019157e-13 
  511.000  4.953117e+02  2.933399e+02  5.392016e-14 
  512.000  5.208367e+02  3.065993e+02  1.884144e-14 
  513.000  4.775759e+02  2.794483e+02  1.606982e-14 
  514.000  4.684206e+02  2.724553e+02 -1.128213e-15 
  515.000  4.790887e+02  2.770046e+02 -1.133150e-13 
  516.000  5.041038e+02  2.897390e+02 -1.207304e-15 
  517.000  3.719326e+02  2.125056e+02  1.237804e-14 
  518.000  4.612026e+02  2.619554e+02  1.421450e-14 
  519.000  4.376323e+02  2.471072e+02  5.695323e-14 
  520.000  4.825725e+02  2.708888e+02  3.190302e-14 
  521.000  4.835750e+02  2.698672e+02 -1.824043e-14 
  522.000  5.034955e+02  2.793456e+02 -6.629629e-14 
  523.000  4.696867e+02  2.590663e+02  7.716393e-14 
  524.000  5.102969e+02  2.798309e+02  1.433303e-14 
  525.000  5.068976e+02  2.763542e+02  6.995703e-14 
  526.000  4.837478e+02  2.622187e+02 -1.580799e-14 
  527.000  4.231284e+02  2.280420e+02 -1.479606e-14 
  528.000  5.088210e+02  2.726555e+02  4.853762e-14 
  529.000  5.239252e+02  2.791489e+02  0.000000e+00 
  530.000  4.956863e+02  2.626059e+02 -1.725582e-14 
  531.000  5.402316e+02  2.845909e+02 -3.504066e-14 
  532.000  5.160500e+02  2.703323e+02  1.910781e-14 
  533.000  4.539333e+02  2.364801e+02 -3.038026e-14 
  534.000  4.944067e+02  2.561671e+02 -3.071644e-14 
  535.000  5.052705e+02  2.603925e+02 -2.331304e-15 
  536.000  5.370175e+02  2.752730e+02 -5.409859e-14 
  537.000  4.990101e+02  2.544210e+02 -7.975161e-14 
  538.000  5.231577e+02  2.653024e+02  6.912311e-14 
  539.000  5.222121e+02  2.634044e+02 -5.103236e-14 
  540.000  5.118059e+02  2.567748e+02 -5.106971e-14 
  541.000  4.700040e+02  2.345453e+02 -1.488587e-14 
  542.000  5.250497e+02  2.606212e+02  1.540205e-14 
  543.000  5.029538e+02  2.483294e+02 -1.133077e-13 
  544.000  5.312332e+02  2.609034e+02  1.200486e-15 
  545.000  5.240400e+02  2.560117e+02 -8.350293e-14 
  546.000  5.130851e+02  2.493408e+02 -1.609111e-14 
  547.000  5.356149e+02  2.589264e+02 -6.827353e-14 
  548.000  4.976421e+02  2.393139e+02  9.553961e-14 
  549.000  5.244409e+02  2.508898e+02  3.389401e-14 
  550.000  5.136580e+02  2.444566e+02 -8.228657e-14 
  551.000  5.112153e+02  2.420325e+02  0.000000e+00 
  552.000  5.340630e+02  2.515446e+02 -6.634612e-14 
  553.000  5.139083e+02  2.408046e+02 -6.490009e-14 
  554.000  5.314879e+02  2.477629e+02 -1.646228e-14 
  555.000  5.337737e+02  2.475549e+02  3.183740e-14 
  556.000  5.198189e+02  2.398525e+02 -3.327278e-14 
  557.000  5.051014e+02  2.318728e+02  1.446877e-14 
  558.000  5.250149e+02  2.397883e+02 -8.441185e-14 
  559.000  4.969281e+02  2.258082e+02  4.591091e-14 
  560.000  4.997578e+02  2.259404e+02  1.537678e-14 
  561.000  5.499341e+02  2.473618e+02 -8.574882e-14 
  562.000  5.051271e+02  2.260096e+02 -4.770414e-14 
  563.000  5.290558e+02  2.355097e+02  8.244480e-14 
  564.000  5.220938e+02  2.312160e+02  3.322392e-14 
  565.000  5.285717e+02  2.328531e+02  0.000000e+00 
  566.000  4.878321e+02  2.138179e+02  2.996410e-14 
  567.000  5.229318e+02  2.279056e+02 -1.724943e-14 
  568.000  5.185840e+02  2.243291e+02  2.358909e-14 
  569.000  5.008860e+02  2.148060e+02  9.250110e-15 
  570.000  5.053459e+02  2.157442e+02 -1.008581e-14 
  571.000  4.935453e+02  2.102117e+02 -2.466606e-14 
  572.000  5.166439e+02  2.183885e+02 -2.247027e-14 
  573.000  5.242327e+02  2.206559e+02  4.801108e-15 
  574.000  5.223925e+02  2.188476e+02  1.546320e-14 
  575.000  5.098429e+02  2.125004e+02  9.485469e-15 
  576.000  5.012174e+02  2.078816e+02 -9.351579e-15 
  577.000  5.244825e+02  2.165956e+02 -3.380324e-14 
  578.000  5.121277e+02  2.107918e+02  4.008331e-14 
  579.000  5.107703e+02  2.094731e+02 -5.535999e-14 
  580.000  5.307367e+02  2.168295e+02  5.832734e-14 
  581.000  5.243774e+02  2.135399e+02  1.583510e-14 
  582.000  5.345253e+02  2.168361e+02 -1.604497e-14 
  583.000  5.397620e+02  2.180113e+02  5.189698e-14 
  584.000  5.394802e+02  2.169468e+02 -1.154096e-15 
  585.000  5.370174e+02  2.149766e+02 -1.710378e-14 
  586.000  5.149952e+02  2.052298e+02  3.052626e-14 
  587.000  5.333537e+02  2.113006e+02 -4.474392e-14 
  588.000  5.169971e+02  2.028904e+02  2.091719e-14 
  589.000  4.430933e+02  1.723329e+02 -1.319491e-14 
  590.000  4.622628e+02  1.789403e+02 -4.304443e-15 
  591.000  5.037956e+02  1.946669e+02 -1.515880e-14 
  592.000  4.886326e+02  1.876942e+02 -3.457413e-14 
  593.000  5.079768e+02  1.949356e+02  2.405223e-14 
  594.000  5.102944e+02  1.947729e+02  9.360244e-15 
  595.000  4.917835e+02  1.864389e+02  2.159285e-14 
  596.000  5.183996e+02  1.963662e+02 -1.819114e-14 
  597.000  5.176462e+02  1.950476e+02  2.411625e-14 
  598.000  5.133000e+02  1.929191e+02 -1.553858e-14 
  599.000  5.164203e+02  1.934233e+02  1.614694e-14 
  600.000  5.222749e+02  1.952169e+02  3.768813e-15 
  601.000  5.233669e+02  1.950816e+02 -1.629007e-14 
  602.000  5.194022e+02  1.929203e+02 -1.078918e-15 
  603.000  5.245210e+02  1.941347e+02  7.551414e-14 
  604.000  5.430228e+02  2.002392e+02 -1.556054e-14 
  605.000  5.430896e+02  1.994651e+02  3.101513e-14 
  606.000  5.378760e+02  1.967224e+02 -4.485631e-14 
  607.000  5.359075e+02  1.951803e+02  6.199002e-14 
  608.000  5.349304e+02  1.940017e+02  1.624913e-14 
  609.000  5.303852e+02  1.915399e+02  9.106396e-14 
  610.000  5.228152e+02  1.880092e+02  3.161816e-14 
  611.000  5.322466e+02  1.905934e+02 -1.498028e-14 
  612.000  5.262371e+02  1.876476e+02 -1.583739e-14 
  613.000  5.194352e+02  1.844417e+02  1.350760e-14 
  614.000  5.015158e+02  1.773290e+02  0.000000e+00 
  615.000  5.264077e+02  1.853489e+02  2.936603e-14 
  616.000  5.013158e+02  1.757728e+02 -8.572497e-14 
  617.000  5.049207e+02  1.762918e+02 -1.201175e-14 
  618.000  5.294780e+02  1.840858e+02  4.404579e-14 
  619.000  5.252922e+02  1.818558e+02  1.454329e-14 
  620.000  5.336950e+02  1.839802e+02  5.901810e-14 
  621.000  5.434662e+02  1.865490e+02  7.502764e-14 
  622.000  5.152905e+02  1.761190e+02 -1.523233e-14 
  623.000  5.197172e+02  1.768623e+02 -1.028312e-15 
  624.000  5.206887e+02  1.764291e+02  1.433728e-14 
  625.000  5.069364e+02  1.710276e+02 -2.889830e-14 
  626.000  5.091823e+02  1.709715e+02  1.402560e-14 
  627.000  5.139505e+02  1.713714e+02  0.000000e+00 
  628.000  4.960400e+02  1.638720e+02 -9.902416e-15 
  629.000  5.147774e+02  1.697658e+02  1.833009e-14 
  630.000  5.020066e+02  1.651697e+02 -5.050814e-16 
  631.000  5.233552e+02  1.717017e+02 -1.228344e-14 
  632.000  4.850982e+02  1.582674e+02 -1.518952e-14 
  633.000  5.264866e+02  1.714715e+02 -4.341634e-14 
  634.000  5.132684e+02  1.666808e+02  2.799395e-14 
  635.000  5.237120e+02  1.694107e+02  1.423504e-14 
  636.000  5.070749e+02  1.634882e+02  5.581494e-14 
  637.000  5.254442e+02  1.688186e+02  3.031059e-14 
  638.000  5.368240e+02  1.720512e+02 -1.431974e-14 
  639.000  5.335667e+02  1.703633e+02  4.460036e-14 
  640.000  5.188710e+02  1.651539e+02  8.230196e-14 
  641.000  5.272600e+02  1.671744e+02 -1.490137e-14 
  642.000  5.225535e+02  1.651284e+02 -9.898123e-14 
  643.000  5.310676e+02  1.670092e+02  1.296566e-14 
  644.000  5.257789e+02  1.647094e+02  1.380029e-14 
  645.000  5.288706e+02  1.648712e+02 -1.313361e-14 
  646.000  4.999839e+02  1.546149e+02 -3.124168e-14 
  647.000  5.008575e+02  1.539683e+02 -8.215719e-17 
  648.000  4.932656e+02  1.507850e+02 -8.027158e-15 
  649.000  5.101090e+02  1.555784e+02  2.271707e-14 
  650.000  4.848933e+02  1.479324e+02  4.506364e-14 
  651.000  5.229288e+02  1.589288e+02  1.303751e-14 
  652.000  5.026086e+02  1.516259e+02 -1.267869e-14 
  653.000  5.260793e+02  1.587868e+02  2.230239e-14 
  654.000  5.184318e+02  1.557995e+02 -4.391564e-16 
  655.000  5.008652e+02  1.497012e+02 -7.858108e-15 
  656.000  4.270595e+02  1.272343e+02 -2.816859e-14 
  657.000  4.585407e+02  1.362296e+02  1.785123e-14 
  658.000  5.156019e+02  1.528887e+02  1.105648e-14 
  659.000  5.199251e+02  1.537800e+02  4.144275e-14 
  660.000  5.257045e+02  1.549960e+02 -2.022425e-14 
  661.000  5.317291e+02  1.564272e+02  2.787421e-14 
  662.000  5.414385e+02  1.588315e+02 -5.646518e-14 
  663.000  5.357824e+02  1.565597e+02  2.888426e-14 
  664.000  5.283536e+02  1.538656e+02  2.840288e-14 
  665.000  5.317281e+02  1.543188e+02 -2.755253e-14 
  666.000  5.393209e+02  1.560015e+02 -5.572234e-14 
  667.000  5.296155e+02  1.526692e+02  2.728875e-14 
  668.000  5.338099e+02  1.533685e+02  9.502533e-16 
  669.000  5.423916e+02  1.552914e+02 -1.245442e-14 
  670.000  5.367007e+02  1.531186e+02 -1.420201e-14 
  671.000  5.318511e+02  1.512039e+02  1.404423e-14 
  672.000  5.308647e+02  1.503884e+02  4.010178e-14 
  673.000  5.354043e+02  1.511369e+02  9.435872e-16 
  674.000  5.371747e+02  1.511001e+02 -1.316215e-14 
  675.000  5.296896e+02  1.484692e+02  6.570669e-14 
  676.000  5.403942e+02  1.509350e+02 -4.053050e-14 
  677.000  5.303230e+02  1.476007e+02 -1.292722e-14 
  678.000  5.397841e+02  1.497066e+02 -2.721548e-14 
  679.000  5.327159e+02  1.472188e+02 -3.976969e-14 
  680.000  5.287413e+02  1.455619e+02  2.477313e-14 
  681.000  5.294453e+02  1.451970e+02 -6.709131e-14 
  682.000  5.287295e+02  1.444764e+02  4.218741e-14 
  683.000  5.325753e+02  1.449891e+02 -3.875789e-14 
  684.000  5.226505e+02  1.417065e+02 -3.990045e-14 
  685.000  5.296747e+02  1.431621e+02  1.190411e-14 
  686.000  5.051405e+02  1.359023e+02  1.010896e-13 
  687.000  4.187992e+02  1.108011e+02  1.978576e-14 
  688.000  4.468441e+02  1.181238e+02  3.338759e-14 
  689.000  4.398834e+02  1.157934e+02  3.632431e-15 
  690.000  4.568814e+02  1.200044e+02  7.359501e-15 
  691.000  4.763846e+02  1.249069e+02 -2.329396e-14 
  692.000  4.810974e+02  1.257726e+02  6.187003e-15 
  693.000  4.684623e+02  1.216807e+02 -9.113757e-15 
  694.000  4.568597e+02  1.180095e+02  2.644853e-14 
  695.000  4.597444e+02  1.184749e+02 -4.004495e-15 
  696.000  4.719764e+02  1.213161e+02  1.923063e-14 
  697.000  5.040822e+02  1.299053e+02 -5.449683e-16 
  698.000  4.884201e+02  1.252206e+02 -8.648261e-15 
  699.000  4.696804e+02  1.194584e+02  6.311656e-15 
  700.000  4.688617e+02  1.189032e+02 -6.802382e-15 
  701.000  4.525895e+02  1.143098e+02  1.221228e-14 
  702.000  4.549729e+02  1.145874e+02 -4.132829e-15 
  703.000  4.845136e+02  1.220691e+02  1.730161e-14 
  704.000  4.872027e+02  1.223650e+02 -1.344020e-14 
  705.000  4.816133e+02  1.203426e+02 -1.363139e-14 
  706.000  4.786424e+02  1.192426e+02  6.485334e-15 
  707.000  4.750578e+02  1.180308e+02 -1.490865e-14 
  708.000  4.928859e+02  1.221458e+02  1.228788e-14 
  709.000  4.830519e+02  1.195213e+02 -1.423760e-14 
  710.000  4.863834e+02  1.197262e+02 -2.454072e-14 
  711.000  4.898974e+02  1.204160e+02 -1.738116e-14 
  712.000  4.902366e+02  1.203335e+02  3.397777e-14 
  713.000  4.827928e+02  1.179208e+02 -8.754656e-15 
  714.000  4.892101e+02  1.190261e+02 -3.347809e-14 
  715.000  4.632411e+02  1.120938e+02  2.203079e-14 
  716.000  4.656431e+02  1.120764e+02 -1.064453e-14 
  717.000  3.962120e+02  9.418452e+01  4.317520e-15 
  718.000  3.607581e+02  8.449760e+01  9.742981e-15 
  719.000  3.450585e+02  8.021166e+01 -2.476985e-16 
  720.000  3.310987e+02  7.634138e+01  6.180292e-15 
  721.000  4.078385e+02  9.597007e+01  1.302730e-14 
  722.000  4.438691e+02  1.045094e+02 -1.891077e-14 
  723.000  4.259888e+02  9.979557e+01 -9.251249e-15 
  724.000  3.818470e+02  8.820181e+01  2.986617e-15 
  725.000  3.842765e+02  8.866265e+01  6.517641e-15 
  726.000  3.817098e+02  8.773228e+01  8.774284e-16 
  727.000  3.940826e+02  9.047820e+01 -3.031502e-16 
  728.000  3.806285e+02  8.692041e+01 -5.909765e-15 
  729.000  3.824793e+02  8.753017e+01  4.666511e-15 
  730.000  3.939528e+02  8.981702e+01 -2.674647e-15 
  731.000  3.842540e+02  8.725627e+01 -6.891955e-15 
  732.000  4.217904e+02  9.609518e+01  1.050060e-15 
  733.000  4.452617e+02  1.015023e+02  2.229609e-15 
  734.000  4.697117e+02  1.070135e+02 -2.332975e-14 
  735.000  4.610359e+02  1.046233e+02 -4.037867e-15 
  736.000  4.432778e+02  1.001491e+02 -6.400195e-15 
  737.000  4.565852e+02  1.029426e+02  2.280730e-15 
  738.000  4.655704e+02  1.048284e+02 -1.841193e-14 
  739.000  4.549455e+02  1.022169e+02  1.957558e-14 
  740.000  4.689539e+02  1.053043e+02  1.193727e-14 
  741.000  4.709315e+02  1.056091e+02  5.594301e-14 
  742.000  4.656841e+02  1.041951e+02  5.696280e-15 
  743.000  4.847486e+02  1.083370e+02 -3.861469e-15 
  744.000  4.917302e+02  1.096351e+02 -2.235404e-14 
  745.000  4.809147e+02  1.069794e+02 -2.254983e-14 
  746.000  4.892339e+02  1.085625e+02 -4.572040e-14 
  747.000  4.974106e+02  1.100489e+02  2.401897e-14 
  748.000  4.896039e+02  1.080421e+02 -1.178519e-14 
  749.000  4.905048e+02  1.079323e+02 -1.099643e-14 
  750.000  4.831925e+02  1.059764e+02 -2.244899e-14 
  751.000  4.823499e+02  1.054729e+02  3.319592e-14 
  752.000  4.910064e+02  1.070870e+02  0.000000e+00 
  753.000  4.870284e+02  1.059146e+02  1.164399e-14 
  754.000  4.952072e+02  1.073787e+02 -1.103271e-14 
  755.000  4.927676e+02  1.065303e+02 -1.018089e-14 
  756.000  4.835277e+02  1.042216e+02 -6.528776e-14 
  757.000  4.874105e+02  1.047439e+02  7.659164e-14 
  758.000  4.859841e+02  1.040827e+02 -1.004796e-14 
  759.000  4.252280e+02  8.987352e+01  1.428977e-14 
  760.000  1.155518e+02  2.290289e+01  1.299411e-15 
  761.000  9.488493e+01  1.858602e+01  2.648804e-15 
  762.000  2.407717e+02  4.884598e+01  1.328997e-16 
  763.000  1.943559e+02  3.908083e+01  5.341950e-15 
  764.000  2.207995e+02  4.440215e+01  5.315617e-15 
  765.000  2.850307e+02  5.760678e+01  4.551041e-15 
  766.000  3.502190e+02  7.209174e+01 -1.908651e-15 
  767.000  3.977738e+02  8.199904e+01 -1.316290e-14 
  768.000  4.429649e+02  9.137537e+01  1.072511e-14 
  769.000  4.609674e+02  9.518811e+01 -3.400752e-14 
  770.000  4.685170e+02  9.669868e+01 -7.274591e-15 
  771.000  4.737797e+02  9.763303e+01  0.000000e+00 
  772.000  4.733102e+02  9.728805e+01 -1.039093e-14 
  773.000  4.720995e+02  9.677126e+01 -9.603437e-15 
  774.000  4.778976e+02  9.768990e+01  2.090441e-14 
  775.000  4.605172e+02  9.387481e+01 -1.077914e-14 
  776.000  4.800125e+02  9.757556e+01 -1.197293e-14 
  777.000  4.769582e+02  9.667264e+01  1.188958e-14 
  778.000  4.745591e+02  9.590124e+01 -2.068292e-14 
  779.000  4.762618e+02  9.596072e+01 -1.037581e-14 
  780.000  4.705264e+02  9.452543e+01  3.148028e-14 
  781.000  4.704350e+02  9.425706e+01  4.238662e-14 
  782.000  4.762469e+02  9.514020e+01  8.357165e-14 
  783.000  4.652718e+02  9.267496e+01 -2.022460e-14 
  784.000  4.678368e+02  9.290446e+01  4.214398e-14 
  785.000  4.675518e+02  9.249338e+01  2.040989e-14 
  786.000  4.569173e+02  8.999500e+01  2.079875e-14 
  787.000  4.579636e+02  8.972784e+01  1.703685e-14 
  788.000  4.481217e+02  8.743863e+01  1.378216e-14 
  789.000  4.396615e+02  8.523778e+01 -1.518535e-14 
  790.000  4.344078e+02  8.395747e+01  1.643980e-14 
  791.000  4.344479e+02  8.377411e+01  3.419750e-15 
  792.000  4.296905e+02  8.266957e+01  4.053620e-15 
  793.000  4.339552e+02  8.337445e+01 -4.746198e-14 
  794.000  4.391077e+02  8.443859e+01  7.464996e-16 
  795.000  4.311630e+02  8.248051e+01  1.087381e-14 
  796.000  4.232437e+02  8.036787e+01 -1.837661e-15 
  797.000  4.305073e+02  8.160641e+01 -8.318310e-15 
  798.000  4.407813e+02  8.357281e+01  1.898261e-16 
  799.000  4.383701e+02  8.282001e+01  1.146368e-14 
  800.000  4.201649e+02  7.899120e+01 -3.963819e-14 
  801.000  4.289953e+02  8.044537e+01 -1.217116e-14 
  802.000  4.276345e+02  7.995248e+01 -9.908210e-16 
  803.000  4.227199e+02  7.883746e+01  6.858097e-16 
  804.000  4.300853e+02  8.006818e+01  9.921031e-15 
  805.000  4.247593e+02  7.902789e+01 -1.509731e-14 
  806.000  4.403162e+02  8.181786e+01 -3.560258e-14 
  807.000  4.380445e+02  8.117666e+01  5.014445e-15 
  808.000  4.333565e+02  8.001688e+01  5.632339e-15 
  809.000  4.235339e+02  7.790958e+01  1.379810e-14 
  810.000  4.188521e+02  7.675680e+01 -3.593009e-15 
  811.000  4.196201e+02  7.654537e+01 -3.182927e-15 
  812.000  4.101205e+02  7.445576e+01  2.523410e-15 
  813.000  3.985483e+02  7.202208e+01  2.094805e-14 
  814.000  3.850881e+02  6.927657e+01 -4.277275e-15 
  815.000  3.651453e+02  6.537773e+01 -3.777516e-15 
  816.000  3.425272e+02  6.094743e+01 -2.542648e-15 
  817.000  3.456245e+02  6.133703e+01  3.904458e-15 
  818.000  3.451811e+02  6.111388e+01  1.149364e-15 
  819.000  3.423772e+02  6.054204e+01 -3.762755e-15 
  820.000  3.569634e+02  6.312791e+01 -9.589914e-15 
  821.000  3.945715e+02  6.982517e+01 -7.459125e-15 
  822.000  3.645831e+02  6.416993e+01 -1.103483e-15 
  823.000  3.186030e+02  5.537009e+01 -3.081843e-15 
  824.000  3.670398e+02  6.421351e+01  1.125349e-14 
  825.000  3.960394e+02  6.936988e+01 -1.441945e-16 
  826.000  3.938054e+02  6.874835e+01 -1.534058e-15 
  827.000  3.889022e+02  6.767283e+01 -1.398249e-16 
  828.000  3.689547e+02  6.389353e+01 -7.288251e-15 
  829.000  3.757622e+02  6.494215e+01 -1.816207e-15 
  830.000  3.776425e+02  6.515398e+01  1.377339e-16 
  831.000  3.729940e+02  6.420272e+01 -5.854529e-15 
  832.000  3.817396e+02  6.555602e+01  3.084738e-15 
  833.000  3.744027e+02  6.417460e+01  1.938157e-14 
  834.000  3.853547e+02  6.594641e+01 -1.953377e-16 
  835.000  3.964911e+02  6.784607e+01 -4.997670e-16 
  836.000  3.980262e+02  6.787466e+01  1.576671e-14 
  837.000  3.946100e+02  6.711549e+01 -1.879584e-14 
  838.000  4.011357e+02  6.813912e+01  1.932291e-14 
  839.000  3.916856e+02  6.642371e+01  5.947692e-15 
  840.000  4.034058e+02  6.825761e+01  2.165973e-15 
  841.000  4.014761e+02  6.768558e+01 -2.203928e-15 
  842.000  4.019387e+02  6.764989e+01  3.787604e-15 
  843.000  4.059430e+02  6.831989e+01 -1.129670e-14 
  844.000  4.023312e+02  6.762737e+01  9.943089e-16 
  845.000  4.099857e+02  6.878065e+01  1.573195e-14 
  846.000  4.152495e+02  6.953336e+01  1.108140e-14 
  847.000  4.024679e+02  6.725541e+01  0.000000e+00 
  848.000  4.120340e+02  6.860135e+01  7.976154e-15 
  849.000  4.132583e+02  6.863794e+01 -1.728883e-14 
  850.000  3.563279e+02  5.899158e+01  1.349837e-14 
  851.000  4.068692e+02  6.713643e+01  4.042858e-15 
  852.000  3.917201e+02  6.447463e+01 -7.582508e-15 
  853.000  3.987763e+02  6.554649e+01  3.888912e-14 
  854.000  3.206207e+02  5.256159e+01 -7.908352e-15 
  855.000  3.541270e+02  5.794268e+01 -5.492309e-15 
  856.000  4.042947e+02  6.605997e+01 -3.526994e-14 
  857.000  4.119099e+02  6.717696e+01  9.261602e-15 
  858.000  4.060073e+02  6.606829e+01  2.610859e-14 
  859.000  4.072032e+02  6.614365e+01 -4.306095e-14 
  860.000  4.042140e+02  6.551309e+01  1.802835e-14 
  861.000  4.044043e+02  6.538090e+01 -3.363510e-14 
  862.000  4.035269e+02  6.508611e+01  8.378813e-15 
  863.000  4.114302e+02  6.619386e+01  7.925786e-15 
  864.000  4.110075e+02  6.596916e+01 -3.346891e-14 
  865.000  4.036954e+02  6.464013e+01  8.360152e-15 
  866.000  3.387818e+02  5.411038e+01  0.000000e+00 
  867.000  3.608503e+02  5.748741e+01  1.600795e-14 
  868.000  3.915150e+02  6.221603e+01 -8.680518e-15 
  869.000  3.862186e+02  6.122205e+01 -7.985154e-15 
  870.000  4.022307e+02  6.359684e+01  5.939962e-14 
  871.000  4.018604e+02  6.338089e+01 -5.961334e-16 
  872.000  4.005400e+02  6.302052e+01  8.862484e-15 
  873.000  4.021135e+02  6.310178e+01  4.092008e-14 
  874.000  3.933414e+02  6.156634e+01 -1.624405e-14 
  875.000  3.898293e+02  6.086258e+01  1.155589e-15 
  876.000  3.929940e+02  6.119465e+01 -8.116611e-15 
  877.000  4.009064e+02  6.226793e+01  6.683124e-14 
  878.000  3.935324e+02  6.094160e+01  8.728325e-15 
  879.000  3.945257e+02  6.094123e+01 -7.576887e-15 
  880.000  3.918341e+02  6.034988e+01  2.436339e-14 
  881.000  3.712725e+02  5.702724e+01  1.540367e-14 
  882.000  3.916518e+02  5.999531e+01 -2.497420e-14 
  883.000  3.830823e+02  5.854937e+01 -1.588414e-14 
  884.000  3.865815e+02  5.894310e+01 -1.716709e-14 
  885.000  3.895522e+02  5.919852e+01  1.620333e-14 
  886.000  3.755061e+02  5.687588e+01 -1.693639e-14 
  887.000  3.728724e+02  5.636932e+01 -5.571134e-16 
  888.000  3.840752e+02  5.791629e+01 -5.738488e-16 
  889.000  3.870595e+02  5.823652e+01 -4.194794e-14 
  890.000  3.849779e+02  5.773956e+01  1.605026e-14 
  891.000  3.810503e+02  5.695424e+01 -8.546379e-15 
  892.000  3.751362e+02  5.579469e+01 -7.353487e-15 
  893.000  3.469223e+02  5.118676e+01  9.200855e-15 
  894.000  3.511697e+02  5.157989e+01 -4.275935e-15 
  895.000  3.126053e+02  4.565656e+01  1.024713e-14 
  896.000  3.037622e+02  4.414174e+01 -2.735942e-16 
  897.000  2.756196e+02  3.971769e+01 -4.280482e-15 
  898.000  2.664964e+02  3.814735e+01 -3.783699e-15 
  899.000  2.409681e+02  3.399673e+01  8.482983e-16 
  900.000  2.382896e+02  3.358342e+01 -1.818151e-16 
  901.000  2.272401e+02  3.186508e+01 -1.572140e-15 
  902.000  2.244827e+02  3.142706e+01 -1.488220e-16 
  903.000  2.792903e+02  3.974703e+01 -7.220573e-16 
  904.000  3.118069e+02  4.445852e+01 -1.764403e-15 
  905.000  3.102351e+02  4.413937e+01 -1.553106e-16 
  906.000  2.846938e+02  4.032928e+01  4.752685e-15 
  907.000  2.597243e+02  3.631931e+01 -3.439060e-16 
  908.000  2.345618e+02  3.242808e+01 -8.783392e-16 
  909.000  2.312398e+02  3.189916e+01 -3.262094e-16 
  910.000  2.366888e+02  3.261195e+01 -1.781878e-16 
  911.000  2.480177e+02  3.429594e+01  5.145031e-19 
  912.000  2.428267e+02  3.339988e+01  1.781401e-16 
  913.000  2.237362e+02  3.039220e+01 -2.876244e-15 
  914.000  2.344404e+02  3.190955e+01  7.973869e-16 
  915.000  2.400772e+02  3.274710e+01 -2.740573e-15 
  916.000  2.459077e+02  3.351158e+01 -2.710309e-15 
  917.000  2.476495e+02  3.376727e+01 -3.482832e-15 
  918.000  2.536107e+02  3.462762e+01 -3.522096e-16 
  919.000  2.821411e+02  3.878204e+01  4.102295e-15 
  920.000  2.993980e+02  4.117090e+01 -1.775452e-15 
  921.000  2.888008e+02  3.961560e+01  8.161626e-17 
  922.000  2.859837e+02  3.913928e+01  4.796077e-15 
  923.000  2.689464e+02  3.670038e+01  4.939746e-15 
  924.000  2.677511e+02  3.636352e+01  2.520472e-18 
  925.000  2.700138e+02  3.655940e+01  1.819950e-15 
  926.000  2.592889e+02  3.498337e+01  3.368951e-16 
  927.000  2.537985e+02  3.395570e+01  1.638689e-16 
  928.000  2.329657e+02  3.073142e+01 -1.030839e-15 
  929.000  1.999340e+02  2.598461e+01  9.623463e-17 
  930.000  1.652774e+02  2.128539e+01  9.279764e-16 
  931.000  1.316552e+02  1.685919e+01 -1.521909e-17 
  932.000  9.223875e+01  1.167894e+01  1.143078e-16 
  933.000  7.003127e+01  8.779241e+00 -5.566634e-16 
  934.000  5.073289e+01  6.350937e+00  2.833682e-17 
  935.000  4.800169e+01  6.004246e+00 -4.150264e-20 
  936.000  5.395054e+01  6.715258e+00 -2.562066e-17 
  937.000  5.377000e+01  6.677303e+00 -2.734539e-16 
  938.000  7.529803e+01  9.349553e+00  5.941305e-17 
  939.000  1.533360e+02  1.918735e+01  3.804303e-16 
  940.000  1.671830e+02  2.090113e+01  1.109023e-16 
  941.000  1.519091e+02  1.894356e+01 -2.368591e-16 
  942.000  1.202008e+02  1.495862e+01 -2.085964e-16 
  943.000  8.775547e+01  1.082115e+01  1.091768e-16 
  944.000  8.277901e+01  1.017380e+01  1.279660e-18 
  945.000  9.584902e+01  1.180258e+01  1.031356e-16 
  946.000  9.821642e+01  1.207083e+01  1.123651e-16 
  947.000  1.104930e+02  1.358592e+01 -1.016142e-16 
  948.000  1.191311e+02  1.462911e+01  2.146766e-16 
  949.000  1.189400e+02  1.457795e+01 -2.196517e-16 
  950.000  1.203797e+02  1.472613e+01 -3.199461e-16 
  951.000  1.382337e+02  1.688560e+01 -2.164121e-16 
  952.000  1.193088e+02  1.454044e+01  2.117244e-16 
  953.000  1.330027e+02  1.619444e+01  4.216329e-16 
  954.000  1.477039e+02  1.796433e+01  2.450520e-24 
  955.000  1.268331e+02  1.539822e+01 -3.994796e-16 
  956.000  1.335367e+02  1.619358e+01 -1.887280e-16 
  957.000  1.752270e+02  2.127908e+01 -1.204326e-15 
  958.000  1.831608e+02  2.223462e+01 -6.949116e-16 
  959.000  1.769287e+02  2.141872e+01 -2.111281e-16 
  960.000  1.735877e+02  2.097317e+01  1.497579e-15 
  961.000  1.684670e+02  2.030934e+01  1.576259e-16 
  962.000  1.729960e+02  2.082588e+01  3.543929e-16 
  963.000  1.981628e+02  2.394395e+01  7.623101e-16 
  964.000  1.999848e+02  2.415094e+01 -7.429796e-17 
  965.000  2.002975e+02  2.412214e+01 -8.615164e-16 
  966.000  1.962956e+02  2.360915e+01  7.251807e-17 
  967.000  2.219964e+02  2.688996e+01  8.419029e-16 
  968.000  2.545797e+02  3.125483e+01  2.229486e-15 
  969.000  2.732135e+02  3.355513e+01 -8.161168e-15 
  970.000  2.751253e+02  3.372607e+01 -2.044133e-15 
  971.000  2.723915e+02  3.331753e+01  4.361509e-15 
  972.000  2.695062e+02  3.287388e+01 -3.835995e-15 
  973.000  2.561778e+02  3.112817e+01  8.939076e-16 
  974.000  2.396428e+02  2.894452e+01 -2.846160e-15 
  975.000  2.329358e+02  2.796806e+01 -1.699813e-15 
  976.000  2.457282e+02  2.956867e+01  4.871166e-15 
  977.000  2.560396e+02  3.086679e+01 -2.223855e-15 
  978.000  2.611966e+02  3.141997e+01  5.493011e-15 
  979.000  2.582018e+02  3.101790e+01  3.119948e-15 
  980.000  2.797278e+02  3.359129e+01  8.252855e-15 
  981.000  2.859143e+02  3.428069e+01 -3.073710e-15 
  982.000  2.814750e+02  3.366655e+01 -3.618303e-15 
  983.000  2.903058e+02  3.469527e+01 -7.591421e-15 
  984.000  2.983198e+02  3.565185e+01 -3.619764e-15 
  985.000  3.039740e+02  3.630981e+01 -6.362795e-15 
  986.000  3.089533e+02  3.692504e+01  4.849282e-15 
  987.000  3.158535e+02  3.772114e+01 -6.151738e-15 
  988.000  3.128201e+02  3.729068e+01 -5.486933e-15 
  989.000  3.094207e+02  3.681320e+01  5.721912e-15 
  990.000  3.129270e+02  3.716235e+01 -5.364259e-15 
  991.000  3.183384e+02  3.777337e+01  4.555068e-15 
  992.000  3.162570e+02  3.745866e+01 -2.387259e-16 
  993.000  3.166148e+02  3.742387e+01  6.022401e-15 
  994.000  3.206902e+02  3.786425e+01  6.418202e-15 
  995.000  3.200953e+02  3.775022e+01 -9.146955e-16 
  996.000  3.200847e+02  3.766490e+01  6.825977e-15 
  997.000  3.193881e+02  3.747403e+01 -1.958652e-14 
  998.000  3.170478e+02  3.708806e+01 -6.353405e-15 
  999.000  3.159758e+02  3.688183e+01  4.989058e-15 
 1000.000  3.137710e+02  3.654016e+01 -1.257396e-14 
 1001.000  3.131270e+02  3.634438e+01  2.458996e-15 
 1002.000  3.087003e+02  3.567921e+01  1.223429e-14 
 1003.000  3.061106e+02  3.531800e+01  3.208459e-15 
 1004.000  3.058988e+02  3.525672e+01  5.277159e-15 
 1005.000  2.867517e+02  3.299549e+01 -2.964149e-16 
 1006.000  3.021946e+02  3.470214e+01 -1.164357e-14 
 1007.000  3.070044e+02  3.516222e+01 -2.269099e-15 
 1008.000  3.051322e+02  3.481342e+01 -3.406773e-15 
 1009.000  2.990653e+02  3.397997e+01  5.090130e-15 
 1010.000  3.021584e+02  3.428469e+01 -8.686408e-15 
 1011.000  3.051395e+02  3.462375e+01  4.905981e-15 
 1012.000  3.070565e+02  3.479744e+01 -6.848357e-16 
 1013.000  3.062496e+02  3.465675e+01  4.849773e-15 
 1014.000  3.087440e+02  3.486382e+01 -1.850037e-14 
 1015.000  3.032185e+02  3.416749e+01  1.254016e-14 
 1016.000  3.058466e+02  3.440237e+01  1.305604e-14 
 1017.000  3.032495e+02  3.404372e+01 -6.463110e-15 
 1018.000  3.064931e+02  3.431495e+01  6.110006e-15 
 1019.000  2.981712e+02  3.328904e+01 -3.671741e-15 
 1020.000  2.981245e+02  3.322150e+01  1.866837e-15 
 1021.000  3.021212e+02  3.360668e+01  0.000000e+00 
 1022.000  2.959717e+02  3.282323e+01  4.189737e-15 
 1023.000  3.002070e+02  3.319137e+01  2.654947e-15 
 1024.000  2.978395e+02  3.284132e+01  5.384222e-16 
 1025.000  3.005417e+02  3.311960e+01  1.548973e-15 
 1026.000  3.020625e+02  3.323059e+01  6.446554e-15 
 1027.000  2.999055e+02  3.291996e+01 -3.685504e-15 
 1028.000  3.009966e+02  3.296768e+01  0.000000e+00 
 1029.000  2.976285e+02  3.255568e+01 -1.222104e-14 
 1030.000  3.017641e+02  3.296223e+01 -4.275652e-16 
 1031.000  3.014154e+02  3.286595e+01  0.000000e+00 
 1032.000  3.008464e+02  3.274292e+01 -6.337481e-15 
 1033.000  2.955009e+02  3.209425e+01  5.804000e-15 
 1034.000  2.989291e+02  3.240201e+01 -4.210624e-16 
 1035.000  2.959238e+02  3.200954e+01  0.000000e+00 
 1036.000  2.997988e+02  3.235828e+01  2.393483e-14 
 1037.000  2.935801e+02  3.161957e+01  5.754631e-15 
 1038.000  2.966180e+02  3.187946e+01 -5.811094e-15 
 1039.000  2.977322e+02  3.192556e+01 -5.835910e-15 
 1040.000  2.941480e+02  3.146981e+01  0.000000e+00 
 1041.000  2.956550e+02  3.155973e+01 -1.781362e-14 
 1042.000  2.965466e+02  3.158538e+01 -4.154998e-14 
 1043.000  2.914795e+02  3.097846e+01  2.981162e-14 
 1044.000  2.943412e+02  3.121285e+01 -5.773478e-15 
 1045.000  2.928724e+02  3.098287e+01  1.849160e-14 
 1046.000  2.842301e+02  2.999917e+01  6.386970e-15 
 1047.000  2.893425e+02  3.046909e+01 -1.747634e-14 
 1048.000  2.920876e+02  3.068777e+01  4.127320e-16 
 1049.000  2.901340e+02  3.041470e+01 -1.755342e-14 
 1050.000  2.881816e+02  3.013815e+01 -5.682393e-15 
 1051.000  2.878759e+02  3.003086e+01 -4.082100e-16 
 1052.000  2.863296e+02  2.979894e+01  5.661110e-15 
 1053.000  2.864312e+02  2.974395e+01 -1.132812e-14 
 1054.000  2.831359e+02  2.932825e+01 -1.121758e-14 
 1055.000  2.848984e+02  2.943764e+01  5.247128e-15 
 1056.000  2.838692e+02  2.926044e+01  5.640741e-15 
 1057.000  2.826602e+02  2.905382e+01 -5.637252e-15 
 1058.000  2.783676e+02  2.851646e+01  1.117809e-14 
 1059.000  2.697321e+02  2.757489e+01  1.121491e-14 
 1060.000  2.801695e+02  2.859848e+01 -2.600494e-15 
 1061.000  2.702310e+02  2.752947e+01 -5.408487e-15 
 1062.000  2.769588e+02  2.814302e+01  3.996008e-16 
 1063.000  2.720650e+02  2.759020e+01  8.408264e-15 
 1064.000  2.750006e+02  2.782100e+01  1.992943e-16 
 1065.000  2.737760e+02  2.762471e+01  2.974247e-15 
 1066.000  2.654923e+02  2.674184e+01  1.931028e-16 
 1067.000  2.714442e+02  2.728154e+01 -2.557424e-15 
 1068.000  2.687311e+02  2.693290e+01 -1.339777e-15 
 1069.000  2.476075e+02  2.475283e+01 -1.630563e-15 
 1070.000  2.625711e+02  2.620415e+01  4.093341e-15 
 1071.000  2.619046e+02  2.607009e+01 -2.868719e-15 
 1072.000  2.615881e+02  2.597315e+01  3.973681e-15 
 1073.000  2.527981e+02  2.505180e+01 -1.812590e-15 
 1074.000  2.619012e+02  2.591012e+01  2.381914e-15 
 1075.000  2.555396e+02  2.526101e+01 -7.524780e-15 
 1076.000  2.600691e+02  2.564587e+01  1.530454e-15 
 1077.000  2.580690e+02  2.538243e+01 -6.669688e-15 
 1078.000  2.571197e+02  2.522170e+01 -6.065132e-15 
 1079.000  2.469637e+02  2.417947e+01  2.831587e-15 
 1080.000  2.497010e+02  2.435710e+01  9.434868e-16 
 1081.000  2.403307e+02  2.339945e+01  3.795181e-15 
 1082.000  2.454099e+02  2.386939e+01  1.052001e-15 
 1083.000  2.364736e+02  2.293774e+01  2.582508e-15 
 1084.000  2.428700e+02  2.349618e+01  2.330684e-16 
 1085.000  2.335156e+02  2.251892e+01  3.276507e-15 
 1086.000  2.380321e+02  2.291918e+01 -3.954648e-15 
 1087.000  2.299386e+02  2.213856e+01  2.258680e-15 
 1088.000  2.442372e+02  2.347632e+01 -9.952643e-16 
 1089.000  2.267912e+02  2.171400e+01 -1.274359e-15 
 1090.000  2.301634e+02  2.199052e+01 -1.476122e-16 
 1091.000  2.332139e+02  2.224666e+01 -5.120752e-15 
 1092.000  2.237566e+02  2.129089e+01  4.854066e-16 
 1093.000  2.121927e+02  2.013188e+01 -1.432019e-15 
 1094.000  1.896757e+02  1.795378e+01  6.463975e-16 
 1095.000  2.058707e+02  1.945178e+01 -1.021236e-15 
 1096.000  2.054621e+02  1.937497e+01  3.935041e-15 
 1097.000  2.009053e+02  1.890161e+01  1.188535e-17 
 1098.000  1.778958e+02  1.655191e+01  6.549352e-16 
 1099.000  1.612325e+02  1.478782e+01 -6.203120e-16 
 1100.000  1.650703e+02  1.512238e+01  2.327462e-16 
