  400.000  9.156527e+01  2.579514e+02  1.471222e-14 
  401.000  9.196751e+01  2.554016e+02  1.561952e-14 
  402.000  9.847757e+01  2.696266e+02  1.539200e-14 
  403.000  9.317679e+01  2.515493e+02  1.031510e-15 
  404.000  1.011390e+02  2.692632e+02 -9.563516e-14 
  405.000  9.367212e+01  2.459587e+02  4.420915e-14 
  406.000  9.387826e+01  2.431435e+02  1.490908e-14 
  407.000  9.231900e+01  2.358769e+02  0.000000e+00 
  408.000  1.009716e+02  2.545305e+02 -6.041198e-14 
  409.000  1.128193e+02  2.806202e+02  3.216945e-14 
  410.000  9.520135e+01  2.336800e+02  2.776945e-14 
  411.000  1.128219e+02  2.733141e+02 -1.681488e-14 
  412.000  1.179611e+02  2.820616e+02  1.736670e-14 
  413.000  1.124307e+02  2.653836e+02  0.000000e+00 
  414.000  1.113007e+02  2.593630e+02  1.492953e-14 
  415.000  1.197507e+02  2.755276e+02  3.060209e-14 
  416.000  1.200533e+02  2.727603e+02 -1.128874e-15 
  417.000  1.173953e+02  2.634027e+02  7.707305e-14 
  418.000  1.158062e+02  2.566288e+02  6.140618e-14 
  419.000  1.196310e+02  2.618568e+02  1.086745e-15 
  420.000  1.020897e+02  2.207445e+02  2.554572e-14 
  421.000  1.289479e+02  2.754564e+02  1.145491e-15 
  422.000  1.245541e+02  2.628867e+02  1.094310e-15 
  423.000  1.060324e+02  2.211377e+02  1.283410e-14 
  424.000  1.175495e+02  2.422688e+02  1.407514e-14 
  425.000  1.226884e+02  2.499016e+02  1.557921e-14 
  426.000  1.188417e+02  2.392556e+02  1.193235e-14 
  427.000  1.151799e+02  2.292113e+02  6.778119e-14 
  428.000  1.175028e+02  2.311589e+02  0.000000e+00 
  429.000  1.076913e+02  2.094511e+02  8.790824e-16 
  430.000  8.656380e+01  1.664617e+02 -5.012047e-14 
  431.000  7.839205e+01  1.490606e+02  0.000000e+00 
  432.000  1.421174e+02  2.672307e+02 -4.931124e-14 
  433.000  1.274019e+02  2.369181e+02  2.885311e-14 
  434.000  1.219405e+02  2.242792e+02  5.565352e-14 
  435.000  1.335906e+02  2.430356e+02 -2.968321e-14 
  436.000  1.491506e+02  2.684142e+02 -8.264715e-14 
  437.000  1.516143e+02  2.699231e+02 -1.481404e-14 
  438.000  1.367284e+02  2.408301e+02  0.000000e+00 
  439.000  1.331911e+02  2.321200e+02 -1.376711e-14 
  440.000  1.502623e+02  2.591214e+02 -3.078685e-14 
  441.000  1.507489e+02  2.572493e+02 -6.123019e-14 
  442.000  1.597875e+02  2.698483e+02 -3.216983e-14 
  443.000  1.618749e+02  2.705595e+02  4.846812e-14 
  444.000  1.618288e+02  2.677164e+02  8.352833e-14 
  445.000  1.712721e+02  2.804586e+02 -8.767415e-14 
  446.000  1.533757e+02  2.486153e+02  0.000000e+00 
  447.000  1.760043e+02  2.824388e+02  5.464256e-14 
  448.000  1.800769e+02  2.861117e+02  7.141642e-14 
  449.000  1.824639e+02  2.870551e+02 -5.068744e-14 
  450.000  1.876167e+02  2.922780e+02  7.311393e-14 
  451.000  2.040052e+02  3.147203e+02 -1.345451e-13 
  452.000  1.907847e+02  2.914804e+02 -1.638064e-14 
  453.000  1.781439e+02  2.695527e+02  4.786625e-14 
  454.000  1.910312e+02  2.862921e+02 -6.956527e-14 
  455.000  1.934572e+02  2.871745e+02 -5.368982e-14 
  456.000  1.992300e+02  2.929500e+02 -1.915239e-14 
  457.000  2.014400e+02  2.934204e+02  5.509852e-14 
  458.000  1.989660e+02  2.871143e+02 -5.403278e-14 
  459.000  1.999994e+02  2.859300e+02  1.881769e-14 
  460.000  1.993046e+02  2.823120e+02  0.000000e+00 
  461.000  2.076099e+02  2.913845e+02 -7.447434e-14 
  462.000  2.052809e+02  2.854937e+02  3.530212e-14 
  463.000  2.063807e+02  2.844269e+02 -3.778324e-14 
  464.000  2.081946e+02  2.843562e+02  3.529114e-14 
  465.000  2.062618e+02  2.792070e+02 -2.491424e-15 
  466.000  2.139247e+02  2.870146e+02  1.071738e-13 
  467.000  2.074468e+02  2.758708e+02 -7.125453e-14 
  468.000  2.206545e+02  2.908559e+02  0.000000e+00 
  469.000  2.196863e+02  2.870418e+02 -3.597332e-14 
  470.000  2.175691e+02  2.817924e+02 -3.542876e-14 
  471.000  2.180322e+02  2.799329e+02  3.532107e-14 
  472.000  2.215067e+02  2.819248e+02 -7.142959e-14 
  473.000  2.198129e+02  2.773453e+02 -7.059789e-14 
  474.000  2.222518e+02  2.780006e+02 -7.367379e-14 
  475.000  2.317537e+02  2.873702e+02  1.716829e-14 
  476.000  2.249570e+02  2.765108e+02 -3.586860e-14 
  477.000  2.233363e+02  2.721616e+02 -5.458429e-14 
  478.000  2.355163e+02  2.846606e+02 -1.994427e-14 
  479.000  2.262454e+02  2.712878e+02 -3.541205e-14 
  480.000  2.322298e+02  2.762837e+02  0.000000e+00 
  481.000  2.322158e+02  2.740986e+02 -3.565197e-14 
  482.000  2.384123e+02  2.791990e+02 -3.629377e-14 
  483.000  2.398855e+02  2.787089e+02  0.000000e+00 
  484.000  2.317327e+02  2.671091e+02  7.204581e-14 
  485.000  2.344541e+02  2.681121e+02  0.000000e+00 
  486.000  1.909216e+02  2.166133e+02  5.862247e-14 
  487.000  2.155250e+02  2.426140e+02  6.576061e-14 
  488.000  2.350149e+02  2.624919e+02  0.000000e+00 
  489.000  2.193877e+02  2.431376e+02  0.000000e+00 
  490.000  2.508045e+02  2.758114e+02  3.627233e-14 
  491.000  2.356000e+02  2.570983e+02 -1.041119e-13 
  492.000  2.272546e+02  2.460924e+02  3.486198e-14 
  493.000  2.456688e+02  2.640073e+02 -3.749685e-14 
  494.000  2.382011e+02  2.540421e+02 -1.012622e-13 
  495.000  2.555691e+02  2.705112e+02  7.466073e-14 
  496.000  2.497021e+02  2.623133e+02 -3.758788e-14 
  497.000  2.429940e+02  2.533571e+02  0.000000e+00 
  498.000  2.380020e+02  2.463061e+02  3.316616e-14 
  499.000  2.381634e+02  2.446480e+02 -9.918800e-14 
  500.000  2.378443e+02  2.425205e+02 -2.361687e-15 
  501.000  2.332094e+02  2.360508e+02  6.427212e-14 
  502.000  2.323736e+02  2.334895e+02 -2.961434e-14 
  503.000  2.469572e+02  2.463427e+02 -6.757087e-14 
  504.000  2.304406e+02  2.282076e+02  6.508473e-14 
  505.000  2.492664e+02  2.450769e+02  0.000000e+00 
  506.000  2.677819e+02  2.614091e+02 -3.620385e-14 
  507.000  2.500251e+02  2.423487e+02 -2.415159e-15 
  508.000  2.406147e+02  2.315863e+02 -3.221576e-14 
  509.000  2.603618e+02  2.488380e+02 -3.469236e-14 
  510.000  2.531348e+02  2.402446e+02  0.000000e+00 
  511.000  2.540374e+02  2.394277e+02  3.353879e-14 
  512.000  2.674848e+02  2.503601e+02  0.000000e+00 
  513.000  2.455927e+02  2.282894e+02 -3.213964e-14 
  514.000  2.412008e+02  2.226731e+02 -6.511234e-14 
  515.000  2.470155e+02  2.264886e+02  9.844188e-14 
  516.000  2.602122e+02  2.369689e+02  3.363115e-14 
  517.000  1.921809e+02  1.738297e+02 -1.777407e-15 
  518.000  2.385451e+02  2.143127e+02 -2.198991e-15 
  519.000  2.265775e+02  2.021958e+02  2.081898e-15 
  520.000  2.500900e+02  2.216888e+02  0.000000e+00 
  521.000  2.508467e+02  2.208813e+02 -2.290331e-15 
  522.000  2.614084e+02  2.286560e+02  3.314815e-14 
  523.000  2.440518e+02  2.120629e+02 -6.173114e-14 
  524.000  2.653677e+02  2.290685e+02  0.000000e+00 
  525.000  2.638029e+02  2.262255e+02 -3.557427e-14 
  526.000  2.519626e+02  2.146657e+02  3.161599e-14 
  527.000  2.205447e+02  1.866785e+02 -2.760982e-14 
  528.000  2.653854e+02  2.231812e+02 -3.315181e-14 
  529.000  2.734431e+02  2.284775e+02  0.000000e+00 
  530.000  2.588767e+02  2.149214e+02 -3.219979e-14 
  531.000  2.823291e+02  2.328983e+02 -1.051220e-13 
  532.000  2.698876e+02  2.212256e+02  3.341714e-14 
  533.000  2.376380e+02  1.935693e+02  0.000000e+00 
  534.000  2.591160e+02  2.097530e+02  3.186017e-14 
  535.000  2.651261e+02  2.132947e+02 -6.494177e-14 
  536.000  2.821141e+02  2.255674e+02 -3.441831e-14 
  537.000  2.624391e+02  2.085504e+02  9.799230e-14 
  538.000  2.754272e+02  2.175335e+02  6.912311e-14 
  539.000  2.752068e+02  2.160350e+02  1.352911e-13 
  540.000  2.699861e+02  2.106498e+02 -6.731535e-14 
  541.000  2.481732e+02  1.924597e+02  6.168099e-14 
  542.000  2.774991e+02  2.139055e+02 -3.556952e-14 
  543.000  2.660662e+02  2.038617e+02  3.172289e-14 
  544.000  2.812657e+02  2.142182e+02  0.000000e+00 
  545.000  2.776786e+02  2.102252e+02  6.585668e-14 
  546.000  2.720873e+02  2.047689e+02 -2.987164e-14 
  547.000  2.842590e+02  2.126647e+02 -6.706967e-14 
  548.000  2.643113e+02  1.965770e+02  6.443742e-14 
  549.000  2.787596e+02  2.061072e+02 -6.778802e-14 
  550.000  2.732193e+02  2.008304e+02  9.598726e-14 
  551.000  2.720894e+02  1.988338e+02 -3.179878e-14 
  552.000  2.844276e+02  2.066438e+02  3.079134e-14 
  553.000  2.738582e+02  1.978140e+02  3.187786e-14 
  554.000  2.833929e+02  2.035218e+02  2.363877e-15 
  555.000  2.847769e+02  2.033421e+02 -3.302287e-14 
  556.000  2.774845e+02  1.970021e+02  0.000000e+00 
  557.000  2.697611e+02  1.904267e+02 -3.341421e-14 
  558.000  2.805305e+02  1.969039e+02 -3.237029e-14 
  559.000  2.656444e+02  1.853997e+02  0.000000e+00 
  560.000  2.672663e+02  1.854781e+02 -3.296157e-14 
  561.000  2.942072e+02  2.030243e+02 -7.005569e-14 
  562.000  2.702380e+02  1.854230e+02  2.229967e-15 
  563.000  2.831178e+02  1.931707e+02  0.000000e+00 
  564.000  2.794363e+02  1.895891e+02 -9.852041e-14 
  565.000  2.828745e+02  1.908389e+02 -3.247920e-14 
  566.000  2.611202e+02  1.751834e+02  3.211543e-14 
  567.000  2.797266e+02  1.865863e+02  2.310986e-15 
  568.000  2.766722e+02  1.833922e+02  3.222329e-14 
  569.000  2.656636e+02  1.751268e+02 -3.448716e-14 
  570.000  2.683108e+02  1.758968e+02  1.948060e-14 
  571.000  2.632046e+02  1.715847e+02 -3.068500e-14 
  572.000  2.743957e+02  1.779096e+02  3.641678e-14 
  573.000  2.787449e+02  1.797578e+02 -4.983230e-15 
  574.000  2.778898e+02  1.782422e+02  1.862430e-14 
  575.000  2.712057e+02  1.730133e+02 -1.110897e-14 
  576.000  2.667571e+02  1.692688e+02  1.085860e-14 
  577.000  2.797169e+02  1.764827e+02 -1.631590e-14 
  578.000  2.737985e+02  1.719156e+02  1.694120e-14 
  579.000  2.737707e+02  1.710663e+02  0.000000e+00 
  580.000  2.852458e+02  1.773743e+02 -6.699146e-14 
  581.000  2.828193e+02  1.750529e+02 -3.167020e-14 
  582.000  2.890414e+02  1.780433e+02  6.648386e-14 
  583.000  2.924282e+02  1.792354e+02 -6.687834e-14 
  584.000  2.927874e+02  1.785643e+02  3.445714e-14 
  585.000  2.918391e+02  1.770905e+02 -6.612364e-14 
  586.000  2.802224e+02  1.691882e+02  0.000000e+00 
  587.000  2.899634e+02  1.742143e+02  1.267498e-14 
  588.000  2.789483e+02  1.667025e+02  5.905510e-15 
  589.000  2.360759e+02  1.405603e+02  2.323784e-15 
  590.000  2.462614e+02  1.459080e+02  4.389886e-14 
  591.000  2.710367e+02  1.596409e+02 -9.275712e-15 
  592.000  2.618087e+02  1.535285e+02  1.577723e-14 
  593.000  2.751745e+02  1.604140e+02  5.376039e-16 
  594.000  2.759870e+02  1.601222e+02  3.904985e-15 
  595.000  2.642354e+02  1.526692e+02  1.543785e-15 
  596.000  2.815179e+02  1.617057e+02  3.311518e-14 
  597.000  2.805717e+02  1.603950e+02 -2.564921e-14 
  598.000  2.794607e+02  1.589498e+02 -2.463730e-14 
  599.000  2.817268e+02  1.594625e+02 -2.016414e-15 
  600.000  2.860677e+02  1.611787e+02  0.000000e+00 
  601.000  2.874643e+02  1.611655e+02 -6.297781e-14 
  602.000  2.855902e+02  1.593841e+02 -6.226742e-14 
  603.000  2.888613e+02  1.604811e+02  2.168669e-15 
  604.000  2.995554e+02  1.656663e+02 -6.224217e-14 
  605.000  3.000221e+02  1.651589e+02  6.425704e-14 
  606.000  2.974732e+02  1.629892e+02 -4.399337e-15 
  607.000  2.967037e+02  1.618080e+02  0.000000e+00 
  608.000  2.964613e+02  1.609208e+02 -3.249826e-14 
  609.000  2.942262e+02  1.589630e+02  2.153596e-15 
  610.000  2.903093e+02  1.561178e+02  0.000000e+00 
  611.000  2.958470e+02  1.583585e+02 -6.207219e-14 
  612.000  2.927980e+02  1.560022e+02 -3.167479e-14 
  613.000  2.892922e+02  1.534234e+02  2.910484e-14 
  614.000  2.795738e+02  1.475871e+02 -6.010406e-14 
  615.000  2.937237e+02  1.543457e+02  0.000000e+00 
  616.000  2.799744e+02  1.464474e+02  2.790711e-14 
  617.000  2.822273e+02  1.469510e+02 -5.811702e-14 
  618.000  2.961756e+02  1.535092e+02  8.809158e-14 
  619.000  2.940271e+02  1.516993e+02  2.908658e-14 
  620.000  2.989136e+02  1.535170e+02  6.113676e-14 
  621.000  3.045497e+02  1.556983e+02  6.217681e-14 
  622.000  2.888936e+02  1.470209e+02 -3.046466e-14 
  623.000  2.914726e+02  1.476556e+02  2.864508e-14 
  624.000  2.921194e+02  1.473100e+02 -5.940787e-14 
  625.000  2.844898e+02  1.428108e+02 -5.779660e-14 
  626.000  2.856103e+02  1.427021e+02  2.805120e-14 
  627.000  2.874882e+02  1.428726e+02 -3.069824e-14 
  628.000  2.744923e+02  1.356916e+02  4.387345e-15 
  629.000  2.867101e+02  1.411911e+02 -5.586434e-15 
  630.000  2.805730e+02  1.375932e+02  1.414767e-14 
  631.000  2.933359e+02  1.432773e+02  1.467869e-14 
  632.000  2.715828e+02  1.320583e+02 -2.263635e-14 
  633.000  2.962117e+02  1.434224e+02 -9.098889e-14 
  634.000  2.895592e+02  1.396498e+02  5.799777e-14 
  635.000  2.959229e+02  1.421154e+02 -2.847008e-14 
  636.000  2.871225e+02  1.373305e+02  2.938372e-14 
  637.000  2.980941e+02  1.419942e+02  0.000000e+00 
  638.000  3.054418e+02  1.449453e+02  0.000000e+00 
  639.000  3.040609e+02  1.436897e+02  5.878806e-14 
  640.000  2.963201e+02  1.394774e+02  0.000000e+00 
  641.000  3.014733e+02  1.413077e+02  2.980275e-14 
  642.000  2.992747e+02  1.397129e+02 -5.487227e-14 
  643.000  3.041697e+02  1.413621e+02  5.587422e-14 
  644.000  3.014330e+02  1.395056e+02  2.958222e-14 
  645.000  3.029862e+02  1.396569e+02 -4.570619e-17 
  646.000  2.846812e+02  1.306023e+02  2.695174e-14 
  647.000  2.840048e+02  1.297769e+02 -1.843459e-14 
  648.000  2.783819e+02  1.267467e+02 -1.720697e-14 
  649.000  2.894937e+02  1.312088e+02  1.244594e-14 
  650.000  2.779179e+02  1.254260e+02 -3.143413e-16 
  651.000  2.999358e+02  1.348089e+02  1.607475e-14 
  652.000  2.861924e+02  1.281254e+02 -2.838086e-14 
  653.000  3.025436e+02  1.348861e+02  1.751846e-14 
  654.000  2.980683e+02  1.323434e+02  1.402234e-14 
  655.000  2.872125e+02  1.269999e+02 -5.225585e-14 
  656.000  2.453521e+02  1.080525e+02 -2.093572e-14 
  657.000  2.641040e+02  1.158476e+02 -3.422207e-14 
  658.000  2.981106e+02  1.302689e+02  9.043086e-15 
  659.000  3.013697e+02  1.311958e+02 -1.861642e-14 
  660.000  3.051789e+02  1.323393e+02 -3.974684e-14 
  661.000  3.095672e+02  1.337115e+02 -2.690824e-14 
  662.000  3.157756e+02  1.358884e+02 -5.646518e-14 
  663.000  3.126495e+02  1.340001e+02 -1.097324e-13 
  664.000  3.086216e+02  1.317614e+02 -1.902632e-15 
  665.000  3.109228e+02  1.322309e+02  0.000000e+00 
  666.000  3.157076e+02  1.337512e+02  0.000000e+00 
  667.000  3.103289e+02  1.309657e+02  2.634308e-14 
  668.000  3.131693e+02  1.316628e+02 -5.484180e-14 
  669.000  3.185108e+02  1.333924e+02 -3.853412e-15 
  670.000  3.154358e+02  1.315937e+02 -2.459861e-14 
  671.000  3.128650e+02  1.300193e+02 -2.808846e-14 
  672.000  3.125322e+02  1.293802e+02  0.000000e+00 
  673.000  3.154496e+02  1.300853e+02  2.439777e-14 
  674.000  3.167359e+02  1.301143e+02 -8.086290e-14 
  675.000  3.125628e+02  1.279085e+02  3.720597e-15 
  676.000  3.191131e+02  1.300898e+02 -2.828342e-14 
  677.000  3.133855e+02  1.272676e+02 -5.542139e-14 
  678.000  3.192004e+02  1.291361e+02 -5.254469e-14 
  679.000  3.152008e+02  1.270310e+02 -2.775251e-14 
  680.000  3.128970e+02  1.256094e+02 -2.754041e-14 
  681.000  3.134190e+02  1.253300e+02 -5.515081e-14 
  682.000  3.131505e+02  1.247451e+02  5.133558e-14 
  683.000  3.155829e+02  1.252333e+02 -5.353232e-14 
  684.000  3.097065e+02  1.224165e+02 -2.720783e-14 
  685.000  3.141707e+02  1.237295e+02 -7.694937e-14 
  686.000  2.993083e+02  1.173862e+02  5.098650e-14 
  687.000  2.356304e+02  9.207957e+01 -1.450337e-14 
  688.000  2.559998e+02  9.963197e+01 -9.358044e-15 
  689.000  2.508060e+02  9.729149e+01 -1.278639e-14 
  690.000  2.629709e+02  1.015618e+02 -2.939403e-14 
  691.000  2.772033e+02  1.065941e+02 -9.653911e-15 
  692.000  2.813696e+02  1.078031e+02  1.085161e-16 
  693.000  2.719215e+02  1.039385e+02  1.123095e-16 
  694.000  2.629560e+02  1.002892e+02  2.474461e-14 
  695.000  2.663604e+02  1.011438e+02 -3.089294e-14 
  696.000  2.746040e+02  1.038494e+02 -2.297962e-14 
  697.000  2.982884e+02  1.122615e+02  8.987132e-15 
  698.000  2.881547e+02  1.080527e+02  2.644990e-14 
  699.000  2.730675e+02  1.021959e+02 -1.331688e-14 
  700.000  2.733518e+02  1.018951e+02 -1.653760e-14 
  701.000  2.630684e+02  9.776138e+01  3.053038e-15 
  702.000  2.652213e+02  9.817510e+01 -5.179633e-15 
  703.000  2.861231e+02  1.053827e+02  4.393418e-15 
  704.000  2.879929e+02  1.056933e+02  0.000000e+00 
  705.000  2.833622e+02  1.036714e+02  9.136107e-16 
  706.000  2.820118e+02  1.028023e+02  8.405270e-15 
  707.000  2.805244e+02  1.018821e+02  1.198426e-14 
  708.000  2.917445e+02  1.055694e+02 -1.375753e-14 
  709.000  2.871804e+02  1.035394e+02 -1.295540e-14 
  710.000  2.880345e+02  1.034985e+02 -3.402737e-14 
  711.000  2.914861e+02  1.043547e+02  4.189187e-16 
  712.000  2.928601e+02  1.044911e+02  1.703654e-14 
  713.000  2.876461e+02  1.022590e+02  8.727650e-15 
  714.000  2.912365e+02  1.031710e+02  4.147554e-14 
  715.000  2.744479e+02  9.690292e+01 -2.922402e-14 
  716.000  2.743526e+02  9.657073e+01 -2.076639e-14 
  717.000  2.255549e+02  7.920513e+01  1.625386e-15 
  718.000  2.007993e+02  7.014712e+01  3.991952e-15 
  719.000  1.904521e+02  6.633158e+01 -6.402127e-15 
  720.000  1.806494e+02  6.281764e+01 -2.540274e-16 
  721.000  2.345999e+02  8.131270e+01  8.253300e-17 
  722.000  2.599814e+02  8.969109e+01  1.407200e-15 
  723.000  2.471599e+02  8.507585e+01 -8.618582e-15 
  724.000  2.152922e+02  7.369589e+01  6.703544e-15 
  725.000  2.176074e+02  7.426270e+01  6.420998e-15 
  726.000  2.159586e+02  7.343838e+01 -1.346461e-14 
  727.000  2.239836e+02  7.594299e+01  1.106827e-15 
  728.000  2.154742e+02  7.277434e+01 -5.412454e-15 
  729.000  2.190574e+02  7.383193e+01 -8.143710e-15 
  730.000  2.253600e+02  7.568237e+01 -1.181097e-14 
  731.000  2.194724e+02  7.343552e+01 -6.248337e-15 
  732.000  2.455034e+02  8.199489e+01  6.279738e-15 
  733.000  2.638370e+02  8.767140e+01 -4.313180e-15 
  734.000  2.807563e+02  9.290681e+01  3.675956e-14 
  735.000  2.749229e+02  9.070358e+01 -9.945590e-17 
  736.000  2.630365e+02  8.655653e+01 -9.302073e-16 
  737.000  2.721194e+02  8.920379e+01  4.351847e-14 
  738.000  2.790862e+02  9.113864e+01  1.101542e-14 
  739.000  2.734523e+02  8.899587e+01 -2.278633e-14 
  740.000  2.834242e+02  9.194328e+01 -1.139606e-14 
  741.000  2.855552e+02  9.235394e+01 -3.118227e-14 
  742.000  2.828153e+02  9.118236e+01  1.484288e-14 
  743.000  2.952755e+02  9.493125e+01  6.949863e-15 
  744.000  2.999044e+02  9.609168e+01  2.395899e-14 
  745.000  2.936628e+02  9.380815e+01  4.353677e-14 
  746.000  2.990495e+02  9.523611e+01 -2.206800e-14 
  747.000  3.041948e+02  9.656266e+01 -7.205692e-14 
  748.000  2.996866e+02  9.483740e+01 -4.714074e-14 
  749.000  3.004340e+02  9.477309e+01 -6.439958e-14 
  750.000  2.959911e+02  9.306282e+01 -2.322695e-14 
  751.000  2.955919e+02  9.263851e+01  2.316513e-14 
  752.000  3.011945e+02  9.410524e+01 -2.351347e-14 
  753.000  2.989476e+02  9.310876e+01  0.000000e+00 
  754.000  3.041306e+02  9.442297e+01  9.143013e-14 
  755.000  3.027503e+02  9.369472e+01 -4.387353e-14 
  756.000  2.971930e+02  9.168240e+01  6.605977e-14 
  757.000  2.996790e+02  9.215501e+01  4.643271e-14 
  758.000  2.985951e+02  9.151397e+01 -2.320478e-14 
  759.000  2.546434e+02  7.766005e+01 -5.643585e-15 
  760.000  5.163549e+01  1.597715e+01  6.504555e-16 
  761.000  4.059449e+01  1.265393e+01  3.366782e-16 
  762.000  1.275586e+02  3.864081e+01  7.811876e-15 
  763.000  9.750186e+01  2.963355e+01  7.442799e-17 
  764.000  1.139636e+02  3.443056e+01  2.769547e-15 
  765.000  1.557927e+02  4.656805e+01 -2.571257e-16 
  766.000  2.030851e+02  6.061082e+01  1.019672e-14 
  767.000  2.370125e+02  7.052903e+01 -2.847374e-15 
  768.000  2.684048e+02  7.957039e+01  2.942614e-14 
  769.000  2.823127e+02  8.349529e+01  1.067398e-15 
  770.000  2.886961e+02  8.518903e+01  2.946989e-14 
  771.000  2.926920e+02  8.612272e+01  6.411566e-14 
  772.000  2.926657e+02  8.586130e+01 -4.454786e-14 
  773.000  2.920627e+02  8.542480e+01  0.000000e+00 
  774.000  2.958359e+02  8.626728e+01  0.000000e+00 
  775.000  2.852470e+02  8.292823e+01 -4.022831e-14 
  776.000  2.974848e+02  8.622458e+01  0.000000e+00 
  777.000  2.956687e+02  8.543536e+01  4.457252e-14 
  778.000  2.942171e+02  8.475364e+01 -4.433577e-14 
  779.000  2.953064e+02  8.480550e+01  2.224152e-14 
  780.000  2.917831e+02  8.353623e+01  0.000000e+00 
  781.000  2.919330e+02  8.333226e+01  6.284548e-14 
  782.000  2.955674e+02  8.411120e+01 -6.360793e-14 
  783.000  2.887883e+02  8.193098e+01  2.167666e-14 
  784.000  2.904135e+02  8.213869e+01 -2.180222e-14 
  785.000  2.900113e+02  8.175261e+01 -2.187525e-14 
  786.000  2.829844e+02  7.949300e+01  0.000000e+00 
  787.000  2.827625e+02  7.917151e+01 -1.120825e-14 
  788.000  2.762154e+02  7.708820e+01 -9.829283e-15 
  789.000  2.692286e+02  7.489541e+01 -2.986881e-15 
  790.000  2.659037e+02  7.375055e+01  1.083586e-14 
  791.000  2.663251e+02  7.364510e+01 -1.380946e-14 
  792.000  2.637856e+02  7.272614e+01  1.081387e-14 
  793.000  2.672047e+02  7.345648e+01 -3.578187e-14 
  794.000  2.720035e+02  7.460159e+01  1.947703e-14 
  795.000  2.662012e+02  7.276003e+01  2.822788e-15 
  796.000  2.589005e+02  7.055105e+01 -1.320919e-14 
  797.000  2.641192e+02  7.175143e+01  9.870715e-15 
  798.000  2.721043e+02  7.371273e+01 -2.667128e-14 
  799.000  2.703109e+02  7.300602e+01 -1.025141e-14 
  800.000  2.580123e+02  6.947754e+01 -1.498051e-14 
  801.000  2.636279e+02  7.078142e+01  1.328568e-14 
  802.000  2.627324e+02  7.033614e+01  7.473515e-15 
  803.000  2.599383e+02  6.938479e+01  5.749012e-15 
  804.000  2.650783e+02  7.055150e+01  9.303729e-15 
  805.000  2.628811e+02  6.977751e+01  7.554366e-16 
  806.000  2.732063e+02  7.232660e+01 -1.142096e-14 
  807.000  2.718838e+02  7.176898e+01  7.437048e-16 
  808.000  2.686729e+02  7.070490e+01  4.929071e-16 
  809.000  2.622018e+02  6.879226e+01  1.414476e-15 
  810.000  2.588710e+02  6.771476e+01 -1.978597e-14 
  811.000  2.584109e+02  6.739644e+01 -1.465848e-14 
  812.000  2.512863e+02  6.536588e+01 -2.893601e-14 
  813.000  2.426575e+02  6.298389e+01  1.344010e-14 
  814.000  2.324666e+02  6.024012e+01 -1.169894e-14 
  815.000  2.180040e+02  5.639361e+01  6.402893e-15 
  816.000  2.016994e+02  5.199557e+01 -4.203437e-16 
  817.000  2.036498e+02  5.235261e+01 -1.091443e-14 
  818.000  2.036491e+02  5.221012e+01 -7.523314e-16 
  819.000  2.030192e+02  5.192198e+01 -4.464933e-15 
  820.000  2.149639e+02  5.477755e+01 -5.878518e-15 
  821.000  2.416339e+02  6.124856e+01  1.021112e-14 
  822.000  2.205296e+02  5.584514e+01  1.582098e-15 
  823.000  1.858655e+02  4.689541e+01  3.493622e-15 
  824.000  2.208959e+02  5.567352e+01  4.760465e-16 
  825.000  2.430080e+02  6.090690e+01 -2.574379e-15 
  826.000  2.410109e+02  6.026522e+01  4.294605e-15 
  827.000  2.374898e+02  5.923863e+01  4.767280e-17 
  828.000  2.225144e+02  5.545689e+01  3.923864e-15 
  829.000  2.276985e+02  5.655226e+01 -8.986870e-15 
  830.000  2.300682e+02  5.693633e+01  9.768782e-15 
  831.000  2.275797e+02  5.615582e+01 -1.603847e-16 
  832.000  2.331580e+02  5.737331e+01  0.000000e+00 
  833.000  2.294175e+02  5.627531e+01  9.345602e-15 
  834.000  2.370203e+02  5.795867e+01  6.318421e-16 
  835.000  2.455938e+02  5.986641e+01  3.209131e-15 
  836.000  2.460921e+02  5.982885e+01 -1.179414e-14 
  837.000  2.440047e+02  5.916107e+01  1.209435e-14 
  838.000  2.488965e+02  6.017569e+01  6.185277e-15 
  839.000  2.435680e+02  5.872772e+01  4.045376e-15 
  840.000  2.510851e+02  6.037598e+01  0.000000e+00 
  841.000  2.494152e+02  5.980913e+01 -2.472012e-14 
  842.000  2.502280e+02  5.984215e+01  8.679415e-15 
  843.000  2.539012e+02  6.057389e+01 -1.826061e-14 
  844.000  2.522063e+02  6.002194e+01  9.110581e-15 
  845.000  2.572967e+02  6.107611e+01 -1.632221e-14 
  846.000  2.609082e+02  6.177612e+01  5.109233e-14 
  847.000  2.531168e+02  5.975956e+01  1.706900e-14 
  848.000  2.588021e+02  6.093785e+01  2.876419e-14 
  849.000  2.596744e+02  6.098014e+01  3.146155e-15 
  850.000  2.237431e+02  5.239259e+01 -4.150157e-15 
  851.000  2.552560e+02  5.960151e+01  1.164574e-14 
  852.000  2.458218e+02  5.724499e+01  1.707335e-14 
  853.000  2.507299e+02  5.824649e+01  1.782756e-15 
  854.000  2.016115e+02  4.670963e+01  1.238572e-14 
  855.000  2.229167e+02  5.151524e+01  1.567928e-14 
  856.000  2.549431e+02  5.876109e+01  1.702384e-14 
  857.000  2.599841e+02  5.977505e+01  1.728239e-14 
  858.000  2.564260e+02  5.880619e+01  3.399781e-14 
  859.000  2.574409e+02  5.889526e+01 -5.216079e-14 
  860.000  2.556895e+02  5.834488e+01  5.287737e-14 
  861.000  2.558807e+02  5.823446e+01 -1.802499e-14 
  862.000  2.554543e+02  5.798715e+01 -6.943679e-14 
  863.000  2.605112e+02  5.897873e+01  0.000000e+00 
  864.000  2.603747e+02  5.879532e+01  5.479126e-14 
  865.000  2.558540e+02  5.762458e+01  3.584154e-14 
  866.000  2.147591e+02  4.824177e+01 -4.308117e-14 
  867.000  2.287664e+02  5.125206e+01  1.600795e-14 
  868.000  2.482516e+02  5.547126e+01 -1.736104e-14 
  869.000  2.449504e+02  5.459048e+01  1.711692e-14 
  870.000  2.551205e+02  5.670675e+01  3.326035e-14 
  871.000  2.549436e+02  5.651960e+01  0.000000e+00 
  872.000  2.541986e+02  5.620902e+01  5.080021e-14 
  873.000  2.551710e+02  5.627399e+01  1.779878e-14 
  874.000  2.496054e+02  5.490144e+01 -1.624405e-14 
  875.000  2.474014e+02  5.427431e+01  0.000000e+00 
  876.000  2.493912e+02  5.456562e+01  1.739871e-14 
  877.000  2.544547e+02  5.552817e+01 -1.655920e-14 
  878.000  2.496936e+02  5.434007e+01 -1.745665e-14 
  879.000  2.503513e+02  5.434136e+01  3.382399e-14 
  880.000  2.485754e+02  5.380943e+01  1.740840e-14 
  881.000  2.354934e+02  5.084188e+01 -1.540367e-14 
  882.000  2.484251e+02  5.349203e+01  1.626032e-14 
  883.000  2.430579e+02  5.220448e+01  1.588414e-14 
  884.000  2.453444e+02  5.256136e+01 -3.318420e-14 
  885.000  2.470336e+02  5.277341e+01  1.163347e-15 
  886.000  2.379322e+02  5.070083e+01 -1.461362e-14 
  887.000  2.364864e+02  5.025745e+01  0.000000e+00 
  888.000  2.436091e+02  5.163758e+01 -3.311843e-14 
  889.000  2.455644e+02  5.192232e+01  0.000000e+00 
  890.000  2.440976e+02  5.146938e+01 -1.720262e-14 
  891.000  2.412965e+02  5.075113e+01 -1.175735e-14 
  892.000  2.367226e+02  4.963611e+01 -1.397060e-14 
  893.000  2.165730e+02  4.528049e+01  1.334286e-15 
  894.000  2.179775e+02  4.547459e+01  7.177091e-15 
  895.000  1.907811e+02  3.980652e+01 -1.439151e-15 
  896.000  1.823845e+02  3.800652e+01  1.171913e-14 
  897.000  1.625177e+02  3.371249e+01 -1.822611e-15 
  898.000  1.557843e+02  3.219769e+01  1.740518e-16 
  899.000  1.376450e+02  2.838943e+01  1.100428e-15 
  900.000  1.365217e+02  2.807450e+01  9.093410e-17 
  901.000  1.294483e+02  2.657577e+01 -1.516275e-16 
  902.000  1.281497e+02  2.623936e+01  8.736550e-17 
  903.000  1.656794e+02  3.388282e+01 -3.359493e-15 
  904.000  1.891870e+02  3.859265e+01  7.537385e-15 
  905.000  1.882092e+02  3.830574e+01  3.153240e-15 
  906.000  1.703891e+02  3.461575e+01 -3.791250e-15 
  907.000  1.516167e+02  3.062582e+01 -1.935114e-15 
  908.000  1.345999e+02  2.713776e+01 -9.413987e-16 
  909.000  1.327611e+02  2.669766e+01 -1.876741e-15 
  910.000  1.362451e+02  2.732241e+01 -9.989004e-16 
  911.000  1.443994e+02  2.887507e+01 -2.096314e-15 
  912.000  1.406494e+02  2.805541e+01 -1.786998e-16 
  913.000  1.265541e+02  2.527324e+01 -1.548670e-16 
  914.000  1.342443e+02  2.667763e+01 -6.375687e-17 
  915.000  1.388274e+02  2.749150e+01 -2.657538e-15 
  916.000  1.426312e+02  2.817183e+01 -3.475956e-15 
  917.000  1.444525e+02  2.846044e+01  3.558521e-16 
  918.000  1.489671e+02  2.928903e+01  2.027361e-15 
  919.000  1.693729e+02  3.332029e+01  3.567094e-16 
  920.000  1.827066e+02  3.583735e+01 -8.713436e-16 
  921.000  1.757324e+02  3.440226e+01 -3.631293e-15 
  922.000  1.740162e+02  3.398480e+01  4.283252e-15 
  923.000  1.629614e+02  3.175695e+01  7.312705e-15 
  924.000  1.605287e+02  3.118646e+01  3.420666e-16 
  925.000  1.616318e+02  3.131892e+01  1.005432e-15 
  926.000  1.548546e+02  2.992854e+01 -3.277336e-15 
  927.000  1.493657e+02  2.874109e+01 -3.399510e-15 
  928.000  1.339487e+02  2.569242e+01  1.773770e-15 
  929.000  1.109754e+02  2.136224e+01 -4.316197e-17 
  930.000  8.747143e+01  1.703651e+01  4.416854e-16 
  931.000  6.579210e+01  1.300812e+01  2.326029e-16 
  932.000  4.198034e+01  8.498075e+00  4.580325e-17 
  933.000  2.972030e+01  6.180026e+00  3.011365e-17 
  934.000  1.996185e+01  4.367533e+00  2.829753e-17 
  935.000  1.866659e+01  4.112402e+00 -4.091188e-17 
  936.000  2.155506e+01  4.626555e+00 -1.878903e-16 
  937.000  2.141653e+01  4.602313e+00 -5.626922e-17 
  938.000  3.272926e+01  6.645643e+00  5.576030e-17 
  939.000  7.877062e+01  1.508053e+01 -2.535179e-16 
  940.000  8.787220e+01  1.663958e+01  4.209881e-17 
  941.000  7.859747e+01  1.495025e+01  2.165116e-23 
  942.000  5.946459e+01  1.147671e+01  4.171927e-16 
  943.000  3.987397e+01  7.860561e+00 -2.214665e-16 
  944.000  3.730347e+01  7.357677e+00 -5.374769e-17 
  945.000  4.452571e+01  8.685946e+00 -1.003934e-16 
  946.000  4.580778e+01  8.903102e+00  6.532619e-19 
  947.000  5.316528e+01  1.022309e+01  1.016142e-16 
  948.000  5.831648e+01  1.113446e+01 -9.952012e-17 
  949.000  5.825346e+01  1.109463e+01 -6.442412e-16 
  950.000  5.925943e+01  1.124391e+01  6.729637e-27 
  951.000  7.042587e+01  1.318932e+01  1.030496e-17 
  952.000  5.887480e+01  1.111135e+01  8.556061e-16 
  953.000  6.745598e+01  1.260366e+01  2.159581e-16 
  954.000  7.706838e+01  1.423687e+01  4.168930e-16 
  955.000  6.503481e+01  1.206273e+01  4.755535e-18 
  956.000  6.848096e+01  1.267913e+01  2.819241e-25 
  957.000  9.582238e+01  1.733658e+01 -8.299261e-16 
  958.000  1.011816e+02  1.821755e+01  3.867614e-16 
  959.000  9.702367e+01  1.748243e+01 -1.660137e-15 
  960.000  9.509325e+01  1.710991e+01  1.049440e-15 
  961.000  9.197009e+01  1.653567e+01  3.047834e-16 
  962.000  9.499509e+01  1.701377e+01  6.606825e-16 
  963.000  1.123802e+02  1.989490e+01 -8.425546e-16 
  964.000  1.140318e+02  2.012061e+01 -3.354370e-15 
  965.000  1.140296e+02  2.008695e+01  1.177459e-16 
  966.000  1.120806e+02  1.969096e+01  3.334007e-15 
  967.000  1.295915e+02  2.264676e+01 -3.150572e-15 
  968.000  1.538623e+02  2.691470e+01 -4.290058e-16 
  969.000  1.677005e+02  2.925295e+01 -5.360737e-18 
  970.000  1.691003e+02  2.942764e+01 -4.549457e-15 
  971.000  1.674037e+02  2.906670e+01  3.961612e-15 
  972.000  1.649531e+02  2.858779e+01  4.622497e-15 
  973.000  1.553003e+02  2.685583e+01 -3.144536e-16 
  974.000  1.435898e+02  2.473384e+01  3.107932e-16 
  975.000  1.385276e+02  2.377805e+01 -3.174793e-15 
  976.000  1.475349e+02  2.530271e+01 -6.212808e-16 
  977.000  1.561224e+02  2.675174e+01  6.255501e-15 
  978.000  1.591592e+02  2.721060e+01 -3.729422e-15 
  979.000  1.580484e+02  2.695722e+01 -2.192549e-15 
  980.000  1.739010e+02  2.953164e+01 -2.616986e-17 
  981.000  1.784089e+02  3.021165e+01  3.526908e-15 
  982.000  1.751559e+02  2.961279e+01  4.180659e-15 
  983.000  1.821010e+02  3.067844e+01  7.773469e-15 
  984.000  1.886312e+02  3.167803e+01 -1.030518e-14 
  985.000  1.930917e+02  3.234658e+01  2.467671e-15 
  986.000  1.973909e+02  3.299511e+01  5.992379e-15 
  987.000  2.023333e+02  3.375092e+01 -8.738535e-15 
  988.000  2.005471e+02  3.337873e+01  5.408497e-15 
  989.000  1.984778e+02  3.296026e+01  9.326230e-15 
  990.000  2.008757e+02  3.328448e+01 -5.671661e-15 
  991.000  2.047913e+02  3.386518e+01  1.676935e-14 
  992.000  2.035950e+02  3.359337e+01  2.728604e-14 
  993.000  2.038952e+02  3.356713e+01  1.369345e-14 
  994.000  2.068637e+02  3.397887e+01  1.283640e-14 
  995.000  2.067569e+02  3.389417e+01  0.000000e+00 
  996.000  2.067706e+02  3.381878e+01 -1.273745e-14 
  997.000  2.061579e+02  3.363459e+01  0.000000e+00 
  998.000  2.044988e+02  3.328017e+01 -1.361912e-14 
  999.000  2.038221e+02  3.310341e+01 -4.861823e-15 
 1000.000  2.024111e+02  3.278964e+01  1.347673e-14 
 1001.000  2.016979e+02  3.260013e+01 -4.071765e-17 
 1002.000  1.982628e+02  3.195952e+01  5.602912e-15 
 1003.000  1.967628e+02  3.164803e+01 -1.428049e-14 
 1004.000  1.969914e+02  3.161985e+01  2.007858e-15 
 1005.000  1.848278e+02  2.960358e+01  9.612911e-15 
 1006.000  1.948458e+02  3.113845e+01 -4.863275e-15 
 1007.000  1.978512e+02  3.154407e+01 -1.543642e-14 
 1008.000  1.961783e+02  3.119644e+01 -2.864621e-14 
 1009.000  1.916562e+02  3.040037e+01 -1.893352e-14 
 1010.000  1.939469e+02  3.069692e+01 -2.082754e-14 
 1011.000  1.965724e+02  3.105359e+01  4.696705e-15 
 1012.000  1.980932e+02  3.122929e+01 -5.290404e-15 
 1013.000  1.978001e+02  3.111818e+01 -9.050237e-15 
 1014.000  1.994553e+02  3.129944e+01  2.555267e-14 
 1015.000  1.959220e+02  3.067620e+01 -1.297473e-14 
 1016.000  1.977419e+02  3.089497e+01  2.611207e-14 
 1017.000  1.961403e+02  3.057772e+01  1.206033e-14 
 1018.000  1.981245e+02  3.081274e+01 -2.531738e-14 
 1019.000  1.925854e+02  2.988706e+01 -1.683962e-15 
 1020.000  1.926525e+02  2.983229e+01  4.533451e-15 
 1021.000  1.953652e+02  3.017937e+01  0.000000e+00 
 1022.000  1.911751e+02  2.946728e+01  1.127183e-14 
 1023.000  1.936855e+02  2.978137e+01 -1.000115e-14 
 1024.000  1.920288e+02  2.945724e+01 -1.028339e-15 
 1025.000  1.942254e+02  2.973737e+01 -8.048882e-15 
 1026.000  1.953571e+02  2.983908e+01  0.000000e+00 
 1027.000  1.939529e+02  2.956544e+01 -5.265741e-15 
 1028.000  1.946792e+02  2.960176e+01  1.284669e-14 
 1029.000  1.926952e+02  2.924149e+01  1.264455e-14 
 1030.000  1.955631e+02  2.961689e+01 -1.191043e-14 
 1031.000  1.954330e+02  2.953430e+01 -3.646113e-14 
 1032.000  1.951394e+02  2.942648e+01 -1.267496e-14 
 1033.000  1.917111e+02  2.884558e+01  2.321600e-14 
 1034.000  1.939829e+02  2.912355e+01  8.421247e-16 
 1035.000  1.920546e+02  2.877020e+01  2.404136e-14 
 1036.000  1.945637e+02  2.908075e+01 -2.435686e-14 
 1037.000  1.905378e+02  2.841557e+01  1.150926e-14 
 1038.000  1.925536e+02  2.865269e+01 -1.245662e-14 
 1039.000  1.932339e+02  2.868841e+01 -1.250982e-14 
 1040.000  1.908765e+02  2.827419e+01  2.389958e-14 
 1041.000  1.918300e+02  2.835118e+01  0.000000e+00 
 1042.000  1.924109e+02  2.837334e+01  1.246799e-14 
 1043.000  1.891364e+02  2.782830e+01  0.000000e+00 
 1044.000  1.909751e+02  2.803556e+01  0.000000e+00 
 1045.000  1.899320e+02  2.781811e+01  1.232774e-14 
 1046.000  1.842739e+02  2.692794e+01  1.117000e-14 
 1047.000  1.875506e+02  2.734465e+01  3.576964e-14 
 1048.000  1.892524e+02  2.752992e+01  1.149723e-14 
 1049.000  1.879397e+02  2.727735e+01  0.000000e+00 
 1050.000  1.865929e+02  2.701965e+01  0.000000e+00 
 1051.000  1.863047e+02  2.691517e+01  0.000000e+00 
 1052.000  1.852266e+02  2.669811e+01 -1.213512e-14 
 1053.000  1.852486e+02  2.664134e+01  0.000000e+00 
 1054.000  1.829976e+02  2.625629e+01 -6.011484e-15 
 1055.000  1.840426e+02  2.634501e+01  5.652995e-15 
 1056.000  1.832692e+02  2.617378e+01  6.045728e-15 
 1057.000  1.822914e+02  2.597122e+01  5.232516e-15 
 1058.000  1.791945e+02  2.546451e+01 -5.990319e-15 
 1059.000  1.736215e+02  2.461819e+01  0.000000e+00 
 1060.000  1.804484e+02  2.553366e+01  0.000000e+00 
 1061.000  1.739956e+02  2.457263e+01  5.796800e-15 
 1062.000  1.781372e+02  2.510462e+01 -5.565721e-15 
 1063.000  1.749223e+02  2.460331e+01 -5.474493e-15 
 1064.000  1.766829e+02  2.479988e+01 -5.950210e-15 
 1065.000  1.757293e+02  2.461418e+01 -1.189699e-14 
 1066.000  1.704402e+02  2.382866e+01  5.765354e-15 
 1067.000  1.742193e+02  2.430877e+01 -3.956349e-16 
 1068.000  1.722584e+02  2.399227e+01 -4.893269e-15 
 1069.000  1.586321e+02  2.205084e+01 -2.041840e-15 
 1070.000  1.683322e+02  2.335650e+01  2.323036e-15 
 1071.000  1.677672e+02  2.323261e+01 -4.517054e-16 
 1072.000  1.674172e+02  2.313958e+01 -7.236711e-15 
 1073.000  1.618117e+02  2.232351e+01 -6.056634e-15 
 1074.000  1.677362e+02  2.309881e+01  2.061053e-15 
 1075.000  1.640221e+02  2.254838e+01  1.069783e-15 
 1076.000  1.667920e+02  2.288547e+01  1.778062e-15 
 1077.000  1.653032e+02  2.263833e+01 -1.217890e-14 
 1078.000  1.644390e+02  2.247836e+01 -1.216664e-15 
 1079.000  1.579483e+02  2.155169e+01  1.830615e-15 
 1080.000  1.589462e+02  2.165293e+01  4.369480e-15 
 1081.000  1.529751e+02  2.080205e+01  9.990686e-15 
 1082.000  1.565805e+02  2.125021e+01 -2.520201e-15 
 1083.000  1.505015e+02  2.039157e+01  1.924084e-15 
 1084.000  1.541463e+02  2.085347e+01 -7.264582e-16 
 1085.000  1.472059e+02  1.989912e+01  3.419439e-15 
 1086.000  1.503131e+02  2.027628e+01  2.774240e-15 
 1087.000  1.463209e+02  1.968097e+01 -7.045684e-16 
 1088.000  1.554995e+02  2.087706e+01  6.337488e-15 
 1089.000  1.430598e+02  1.919641e+01 -3.821430e-15 
 1090.000  1.449336e+02  1.941801e+01  6.661012e-15 
 1091.000  1.471171e+02  1.966795e+01  9.082386e-16 
 1092.000  1.404844e+02  1.876215e+01 -2.830494e-15 
 1093.000  1.318034e+02  1.759973e+01 -2.688003e-15 
 1094.000  1.172697e+02  1.563617e+01 -3.178404e-15 
 1095.000  1.273674e+02  1.695043e+01 -2.224012e-16 
 1096.000  1.271549e+02  1.688939e+01 -1.158654e-15 
 1097.000  1.240212e+02  1.644405e+01 -4.688036e-16 
 1098.000  1.068475e+02  1.409806e+01  5.703369e-16 
 1099.000  9.449409e+01  1.245293e+01  5.606607e-16 
 1100.000  9.688900e+01  1.274221e+01  8.246719e-16 
