  400.000  7.977183e+02  4.277646e+02  4.187239e-15 
  401.000  7.941889e+02  4.221375e+02 -5.724655e-14 
  402.000  8.430181e+02  4.441885e+02 -9.179949e-14 
  403.000  7.907856e+02  4.130610e+02  3.643347e-14 
  404.000  8.510650e+02  4.407243e+02  3.846708e-14 
  405.000  7.816172e+02  4.012990e+02 -6.530402e-14 
  406.000  7.768227e+02  3.954503e+02  3.327782e-14 
  407.000  7.576304e+02  3.824266e+02 -1.369658e-13 
  408.000  8.218894e+02  4.113844e+02 -6.665501e-14 
  409.000  9.109334e+02  4.521539e+02  3.274686e-14 
  410.000  7.625615e+02  3.753715e+02  4.357884e-14 
  411.000  8.965894e+02  4.377114e+02  2.353275e-14 
  412.000  9.301423e+02  4.503718e+02  3.415173e-14 
  413.000  8.796970e+02  4.224818e+02  1.514756e-13 
  414.000  8.644269e+02  4.117813e+02  8.372024e-14 
  415.000  9.229529e+02  4.361303e+02 -2.494564e-14 
  416.000  9.183174e+02  4.304713e+02 -6.732718e-15 
  417.000  8.913213e+02  4.144954e+02  5.455262e-16 
  418.000  8.728410e+02  4.026937e+02 -3.704887e-14 
  419.000  8.951713e+02  4.097493e+02  5.080392e-14 
  420.000  7.584644e+02  3.444611e+02 -2.646277e-14 
  421.000  9.512252e+02  4.286513e+02  1.710012e-14 
  422.000  9.123621e+02  4.079686e+02 -2.720061e-14 
  423.000  7.712874e+02  3.422439e+02 -1.645728e-13 
  424.000  8.491829e+02  3.739380e+02 -5.052748e-16 
  425.000  8.803260e+02  3.847097e+02 -6.022961e-14 
  426.000  8.470326e+02  3.673664e+02  1.418313e-13 
  427.000  8.155071e+02  3.510394e+02 -6.202409e-15 
  428.000  8.265318e+02  3.531304e+02 -3.519124e-14 
  429.000  7.526389e+02  3.191744e+02 -2.580670e-14 
  430.000  6.011330e+02  2.530428e+02 -6.621141e-15 
  431.000  5.409517e+02  2.260392e+02 -1.810246e-14 
  432.000  9.745762e+02  4.042590e+02  1.243639e-13 
  433.000  8.682678e+02  3.575478e+02  2.238975e-14 
  434.000  8.259624e+02  3.376721e+02  6.601229e-14 
  435.000  8.993942e+02  3.650537e+02 -2.865455e-14 
  436.000  9.981381e+02  4.022396e+02 -1.680978e-13 
  437.000  1.008616e+03  4.035742e+02  3.932683e-14 
  438.000  9.042617e+02  3.592612e+02  1.883265e-14 
  439.000  8.757540e+02  3.454895e+02  2.312175e-14 
  440.000  9.823510e+02  3.848285e+02 -1.880367e-13 
  441.000  9.799656e+02  3.812177e+02 -4.702168e-14 
  442.000  1.032941e+03  3.990352e+02 -5.802947e-14 
  443.000  1.040693e+03  3.992487e+02  5.480621e-14 
  444.000  1.034771e+03  3.942410e+02 -1.464414e-13 
  445.000  1.089342e+03  4.121792e+02 -1.356922e-13 
  446.000  9.704595e+02  3.646762e+02 -2.400785e-14 
  447.000  1.107694e+03  4.134317e+02  1.292857e-13 
  448.000  1.126977e+03  4.178476e+02 -9.417587e-14 
  449.000  1.135475e+03  4.182437e+02  2.102066e-13 
  450.000  1.161071e+03  4.248799e+02  5.546887e-14 
  451.000  1.255700e+03  4.565085e+02 -5.844275e-14 
  452.000  1.168176e+03  4.219185e+02  9.389465e-14 
  453.000  1.085166e+03  3.893865e+02 -1.080135e-13 
  454.000  1.157779e+03  4.127469e+02 -2.920858e-14 
  455.000  1.166735e+03  4.132516e+02 -1.991182e-13 
  456.000  1.195920e+03  4.208559e+02 -1.002063e-13 
  457.000  1.203529e+03  4.208204e+02 -7.878435e-14 
  458.000  1.183251e+03  4.110918e+02  1.457713e-13 
  459.000  1.183991e+03  4.087330e+02  5.267144e-14 
  460.000  1.174556e+03  4.029116e+02  1.656790e-13 
  461.000  1.218036e+03  4.151974e+02  8.281581e-14 
  462.000  1.199073e+03  4.061702e+02  1.639287e-13 
  463.000  1.200238e+03  4.040253e+02  7.177000e-14 
  464.000  1.204867e+03  4.030758e+02  2.583491e-14 
  465.000  1.187929e+03  3.949600e+02  2.906437e-13 
  466.000  1.226220e+03  4.051850e+02  9.572381e-15 
  467.000  1.183567e+03  3.886906e+02  7.980836e-15 
  468.000  1.253662e+03  4.091754e+02  1.817321e-13 
  469.000  1.243358e+03  4.033003e+02 -1.093041e-14 
  470.000  1.226899e+03  3.954848e+02 -1.619731e-13 
  471.000  1.225339e+03  3.925064e+02  1.438202e-13 
  472.000  1.240976e+03  3.950135e+02  5.485430e-14 
  473.000  1.228148e+03  3.884527e+02 -8.005621e-14 
  474.000  1.238695e+03  3.892904e+02 -2.603197e-14 
  475.000  1.289446e+03  4.025633e+02  1.124009e-14 
  476.000  1.250468e+03  3.877269e+02  9.610962e-15 
  477.000  1.239624e+03  3.818398e+02 -2.729215e-14 
  478.000  1.301379e+03  3.986679e+02  3.721652e-14 
  479.000  1.242635e+03  3.788072e+02  1.075987e-14 
  480.000  1.267402e+03  3.845244e+02 -7.196623e-14 
  481.000  1.259982e+03  3.803916e+02  2.609906e-14 
  482.000  1.286651e+03  3.864634e+02 -2.787177e-14 
  483.000  1.288347e+03  3.849405e+02  2.783191e-14 
  484.000  1.239178e+03  3.682527e+02 -1.751211e-13 
  485.000  1.248721e+03  3.690579e+02 -1.623643e-13 
  486.000  1.012775e+03  2.976793e+02 -8.894946e-14 
  487.000  1.138658e+03  3.328378e+02  1.814932e-14 
  488.000  1.236729e+03  3.595152e+02  1.572670e-13 
  489.000  1.150011e+03  3.324713e+02 -1.618852e-13 
  490.000  1.309646e+03  3.765517e+02  8.417023e-15 
  491.000  1.226009e+03  3.505777e+02  1.029826e-14 
  492.000  1.178671e+03  3.352029e+02 -8.365199e-14 
  493.000  1.269985e+03  3.592120e+02  3.247323e-14 
  494.000  1.227407e+03  3.452893e+02  2.423434e-15 
  495.000  1.312662e+03  3.672847e+02 -1.287158e-13 
  496.000  1.279141e+03  3.559797e+02  1.258955e-15 
  497.000  1.241522e+03  3.436623e+02 -3.660991e-15 
  498.000  1.212861e+03  3.339414e+02  1.007746e-14 
  499.000  1.210605e+03  3.315493e+02 -8.028287e-14 
  500.000  1.205940e+03  3.285253e+02  1.327571e-13 
  501.000  1.179563e+03  3.196443e+02 -1.153633e-15 
  502.000  1.172485e+03  3.160587e+02 -2.679211e-14 
  503.000  1.243065e+03  3.333345e+02 -8.567644e-14 
  504.000  1.157182e+03  3.086885e+02  1.570732e-13 
  505.000  1.248811e+03  3.314016e+02 -8.830620e-14 
  506.000  1.337368e+03  3.530827e+02  1.028097e-13 
  507.000  1.244741e+03  3.269516e+02  1.357629e-13 
  508.000  1.194118e+03  3.120628e+02 -4.716716e-14 
  509.000  1.288087e+03  3.349183e+02 -9.478128e-14 
  510.000  1.248489e+03  3.229850e+02  1.342807e-13 
  511.000  1.249272e+03  3.215622e+02  1.019068e-14 
  512.000  1.311615e+03  3.359183e+02  1.513173e-13 
  513.000  1.200818e+03  3.060089e+02 -5.220620e-14 
  514.000  1.176000e+03  2.981957e+02  1.345755e-14 
  515.000  1.200959e+03  3.030183e+02 -6.286098e-15 
  516.000  1.261950e+03  3.168336e+02  1.086976e-13 
  517.000  9.299492e+02  2.323258e+02 -8.090165e-14 
  518.000  1.151770e+03  2.863261e+02  3.502597e-14 
  519.000  1.091608e+03  2.700398e+02 -3.780779e-14 
  520.000  1.202283e+03  2.959667e+02 -1.595151e-14 
  521.000  1.203401e+03  2.947980e+02  1.595010e-14 
  522.000  1.251634e+03  3.051181e+02 -4.853226e-14 
  523.000  1.166420e+03  2.829532e+02 -6.505522e-14 
  524.000  1.266000e+03  3.056145e+02 -6.814657e-14 
  525.000  1.256356e+03  3.018100e+02 -5.868044e-14 
  526.000  1.197762e+03  2.863501e+02 -4.742398e-14 
  527.000  1.046729e+03  2.490368e+02 -9.861666e-14 
  528.000  1.257646e+03  2.977806e+02  5.861072e-14 
  529.000  1.293886e+03  3.048962e+02 -7.909507e-15 
  530.000  1.223109e+03  2.868474e+02  3.967178e-14 
  531.000  1.331892e+03  3.108819e+02 -1.752033e-14 
  532.000  1.271117e+03  2.953072e+02 -1.259141e-13 
  533.000  1.116789e+03  2.582568e+02 -3.038026e-14 
  534.000  1.214774e+03  2.796478e+02 -3.431186e-15 
  535.000  1.239754e+03  2.841292e+02  3.363654e-14 
  536.000  1.315864e+03  3.002335e+02 -1.032549e-13 
  537.000  1.221150e+03  2.773821e+02  9.570193e-14 
  538.000  1.278667e+03  2.891487e+02  6.544399e-15 
  539.000  1.274836e+03  2.869937e+02 -3.322639e-14 
  540.000  1.247987e+03  2.796938e+02 -9.226701e-14 
  541.000  1.144750e+03  2.554133e+02 -6.168099e-14 
  542.000  1.277390e+03  2.837397e+02  1.008373e-14 
  543.000  1.222287e+03  2.702950e+02 -4.986194e-14 
  544.000  1.289686e+03  2.839348e+02 -8.600400e-14 
  545.000  1.270988e+03  2.785806e+02  6.585668e-14 
  546.000  1.243227e+03  2.712941e+02 -9.885725e-14 
  547.000  1.296572e+03  2.816934e+02  1.006045e-13 
  548.000  1.203511e+03  2.603309e+02 -6.942168e-14 
  549.000  1.267130e+03  2.728976e+02  3.389401e-14 
  550.000  1.240001e+03  2.658932e+02 -3.084716e-14 
  551.000  1.233133e+03  2.632701e+02 -8.687588e-14 
  552.000  1.287230e+03  2.736295e+02 -2.428437e-14 
  553.000  1.237707e+03  2.619642e+02  3.187786e-14 
  554.000  1.279087e+03  2.695544e+02  1.181939e-15 
  555.000  1.283636e+03  2.693502e+02  5.427617e-14 
  556.000  1.249191e+03  2.609982e+02  6.423945e-14 
  557.000  1.213034e+03  2.523560e+02  4.788298e-14 
  558.000  1.260057e+03  2.610162e+02 -9.943496e-14 
  559.000  1.191916e+03  2.458455e+02 -5.030592e-14 
  560.000  1.198027e+03  2.460471e+02 -8.240392e-15 
  561.000  1.317627e+03  2.694482e+02 -1.027430e-14 
  562.000  1.209942e+03  2.462942e+02 -1.055232e-14 
  563.000  1.266704e+03  2.567329e+02 -1.742263e-14 
  564.000  1.249612e+03  2.521566e+02 -6.414513e-14 
  565.000  1.264954e+03  2.540868e+02 -3.247920e-14 
  566.000  1.167125e+03  2.334349e+02  4.121995e-14 
  567.000  1.251388e+03  2.489666e+02  4.828182e-14 
  568.000  1.242540e+03  2.451108e+02 -1.214157e-13 
  569.000  1.203294e+03  2.347534e+02 -6.160495e-14 
  570.000  1.213350e+03  2.359777e+02  4.705604e-14 
  571.000  1.182703e+03  2.302685e+02 -1.479173e-14 
  572.000  1.240353e+03  2.393146e+02 -2.143319e-14 
  573.000  1.257911e+03  2.420452e+02 -8.800382e-14 
  574.000  1.253144e+03  2.402513e+02 -7.805022e-15 
  575.000  1.222856e+03  2.334081e+02  1.277641e-14 
  576.000  1.201376e+03  2.283560e+02  1.797305e-14 
  577.000  1.255373e+03  2.379326e+02  1.690162e-14 
  578.000  1.223505e+03  2.315449e+02  8.470599e-15 
  579.000  1.217384e+03  2.298528e+02 -7.940687e-14 
  580.000  1.261309e+03  2.374324e+02  7.503353e-15 
  581.000  1.241881e+03  2.332948e+02 -5.091602e-14 
  582.000  1.262419e+03  2.364370e+02 -1.604497e-14 
  583.000  1.271916e+03  2.373068e+02 -6.571953e-14 
  584.000  1.268648e+03  2.357978e+02 -1.722857e-14 
  585.000  1.260748e+03  2.333907e+02 -1.366657e-14 
  586.000  1.207169e+03  2.225933e+02 -8.179487e-15 
  587.000  1.249363e+03  2.288558e+02 -4.161706e-14 
  588.000  1.214504e+03  2.195872e+02  6.143483e-14 
  589.000  1.046578e+03  1.866568e+02  2.457157e-14 
  590.000  1.091226e+03  1.937706e+02 -5.042539e-14 
  591.000  1.182863e+03  2.105411e+02  4.139438e-14 
  592.000  1.148885e+03  2.030480e+02 -3.716454e-15 
  593.000  1.187330e+03  2.106418e+02  8.345967e-16 
  594.000  1.193025e+03  2.104591e+02  5.887405e-14 
  595.000  1.152826e+03  2.015608e+02 -3.152268e-15 
  596.000  1.208582e+03  2.121561e+02 -5.110275e-15 
  597.000  1.207705e+03  2.108539e+02 -3.095596e-14 
  598.000  1.194717e+03  2.085840e+02 -1.254971e-14 
  599.000  1.200561e+03  2.092043e+02 -6.980949e-14 
  600.000  1.211563e+03  2.112396e+02  1.493748e-14 
  601.000  1.212428e+03  2.112654e+02  1.629007e-14 
  602.000  1.202392e+03  2.090558e+02 -2.415947e-14 
  603.000  1.212695e+03  2.103718e+02 -3.128999e-14 
  604.000  1.253589e+03  2.169073e+02  1.117197e-15 
  605.000  1.251979e+03  2.159481e+02 -6.425704e-14 
  606.000  1.238468e+03  2.128744e+02  5.416542e-14 
  607.000  1.232492e+03  2.111078e+02 -4.567272e-14 
  608.000  1.228845e+03  2.097369e+02  1.537834e-13 
  609.000  1.217066e+03  2.069877e+02 -9.214076e-14 
  610.000  1.198362e+03  2.030823e+02  1.059008e-15 
  611.000  1.218568e+03  2.057722e+02  5.296875e-14 
  612.000  1.203442e+03  2.024958e+02 -3.747168e-14 
  613.000  1.186576e+03  1.989478e+02 -1.320166e-13 
  614.000  1.144411e+03  1.911954e+02 -1.603257e-14 
  615.000  1.199927e+03  1.997593e+02 -3.407205e-14 
  616.000  1.141548e+03  1.893656e+02 -7.076960e-14 
  617.000  1.148623e+03  1.898603e+02 -5.502371e-15 
  618.000  1.203422e+03  1.982062e+02 -4.404579e-14 
  619.000  1.192966e+03  1.957755e+02  1.044161e-15 
  620.000  1.211146e+03  1.980404e+02 -4.638223e-14 
  621.000  1.232496e+03  2.007975e+02  2.893371e-14 
  622.000  1.167906e+03  1.895768e+02 -5.127241e-14 
  623.000  1.177392e+03  1.904060e+02  1.028312e-15 
  624.000  1.179028e+03  1.899653e+02  8.712697e-15 
  625.000  1.147390e+03  1.841819e+02 -2.889830e-14 
  626.000  1.152577e+03  1.842170e+02  2.905819e-14 
  627.000  1.164921e+03  1.847136e+02  2.285965e-14 
  628.000  1.139649e+03  1.786460e+02 -6.265624e-15 
  629.000  1.171558e+03  1.835876e+02 -1.793772e-14 
  630.000  1.140107e+03  1.786091e+02  4.944104e-15 
  631.000  1.184581e+03  1.852502e+02  9.739733e-15 
  632.000  1.096661e+03  1.703817e+02  2.185188e-14 
  633.000  1.185845e+03  1.843888e+02 -4.454524e-15 
  634.000  1.152925e+03  1.788793e+02  8.498678e-14 
  635.000  1.174011e+03  1.815118e+02  1.022030e-15 
  636.000  1.134323e+03  1.749459e+02  7.686857e-14 
  637.000  1.173036e+03  1.804073e+02 -6.562436e-15 
  638.000  1.195544e+03  1.836907e+02 -1.329163e-14 
  639.000  1.186170e+03  1.816521e+02  3.699719e-14 
  640.000  1.151207e+03  1.759229e+02  2.008307e-14 
  641.000  1.168106e+03  1.779001e+02  2.980275e-14 
  642.000  1.155838e+03  1.755976e+02  2.842105e-14 
  643.000  1.173694e+03  1.774072e+02 -7.084567e-14 
  644.000  1.160631e+03  1.748495e+02  6.160591e-14 
  645.000  1.166908e+03  1.748669e+02 -2.152337e-14 
  646.000  1.105747e+03  1.639397e+02 -2.970861e-14 
  647.000  1.109191e+03  1.632558e+02 -2.558660e-14 
  648.000  1.094214e+03  1.599210e+02  1.006685e-14 
  649.000  1.127819e+03  1.648294e+02  1.149794e-14 
  650.000  1.066287e+03  1.565293e+02  2.175079e-14 
  651.000  1.148882e+03  1.681045e+02  2.889381e-14 
  652.000  1.107565e+03  1.604507e+02 -6.298657e-15 
  653.000  1.153042e+03  1.678260e+02 -6.019844e-14 
  654.000  1.135812e+03  1.646213e+02  5.291397e-14 
  655.000  1.098144e+03  1.581692e+02 -1.130872e-14 
  656.000  9.349609e+02  1.343725e+02 -1.464906e-14 
  657.000  1.002142e+03  1.438110e+02 -4.920040e-14 
  658.000  1.124154e+03  1.613195e+02 -1.461002e-14 
  659.000  1.131591e+03  1.622023e+02  1.000183e-14 
  660.000  1.142724e+03  1.634299e+02 -2.245111e-14 
  661.000  1.153794e+03  1.649514e+02  1.345412e-14 
  662.000  1.173204e+03  1.674402e+02 -2.725421e-14 
  663.000  1.160000e+03  1.649732e+02  1.934879e-15 
  664.000  1.142815e+03  1.621039e+02 -5.819858e-14 
  665.000  1.148888e+03  1.625219e+02  3.372455e-14 
  666.000  1.164081e+03  1.642521e+02 -5.275649e-15 
  667.000  1.142009e+03  1.607006e+02  2.728875e-14 
  668.000  1.149720e+03  1.613681e+02 -1.418558e-14 
  669.000  1.167023e+03  1.633268e+02  5.367111e-14 
  670.000  1.153703e+03  1.609867e+02  5.198297e-15 
  671.000  1.142179e+03  1.589163e+02 -9.407852e-16 
  672.000  1.139044e+03  1.580095e+02 -1.454777e-13 
  673.000  1.147773e+03  1.587475e+02  6.665596e-14 
  674.000  1.150562e+03  1.586613e+02  1.890000e-15 
  675.000  1.133540e+03  1.558519e+02 -2.405032e-14 
  676.000  1.155477e+03  1.583974e+02  1.414171e-14 
  677.000  1.133029e+03  1.548616e+02 -2.678256e-14 
  678.000  1.152314e+03  1.570340e+02  5.537410e-14 
  679.000  1.136412e+03  1.543980e+02  4.992782e-14 
  680.000  1.127428e+03  1.526540e+02  1.284778e-14 
  681.000  1.128222e+03  1.522207e+02 -2.068155e-14 
  682.000  1.125935e+03  1.514357e+02 -1.786870e-14 
  683.000  1.133320e+03  1.519243e+02 -8.443922e-14 
  684.000  1.111702e+03  1.484384e+02  7.706704e-14 
  685.000  1.125654e+03  1.499526e+02 -2.061852e-14 
  686.000  1.074721e+03  1.425096e+02 -4.921960e-14 
  687.000  9.496144e+02  1.227684e+02 -2.376801e-14 
  688.000  9.915694e+02  1.284809e+02  3.347722e-15 
  689.000  9.812516e+02  1.265391e+02  5.704153e-17 
  690.000  1.007833e+03  1.299691e+02 -2.895808e-14 
  691.000  1.035471e+03  1.335732e+02  1.719686e-14 
  692.000  1.035570e+03  1.332285e+02 -8.202637e-15 
  693.000  1.007294e+03  1.282865e+02  9.324497e-15 
  694.000  9.833768e+02  1.241674e+02 -3.256985e-15 
  695.000  9.849216e+02  1.243441e+02  2.995889e-14 
  696.000  1.008185e+03  1.271654e+02 -1.616635e-14 
  697.000  1.067149e+03  1.358100e+02  4.640983e-14 
  698.000  1.035073e+03  1.309364e+02  3.843817e-15 
  699.000  1.002208e+03  1.251899e+02 -3.360178e-14 
  700.000  9.986981e+02  1.245491e+02 -2.447584e-14 
  701.000  9.651265e+02  1.198028e+02 -6.478694e-15 
  702.000  9.684717e+02  1.200375e+02 -1.751297e-15 
  703.000  1.024401e+03  1.276167e+02  1.180395e-14 
  704.000  1.029227e+03  1.279104e+02 -8.558238e-15 
  705.000  1.019440e+03  1.258900e+02  6.189349e-15 
  706.000  1.012114e+03  1.247198e+02  7.304146e-15 
  707.000  1.003097e+03  1.234178e+02  5.386394e-15 
  708.000  1.039179e+03  1.276837e+02  2.315800e-14 
  709.000  1.015903e+03  1.248747e+02 -4.925691e-15 
  710.000  1.024554e+03  1.251595e+02 -1.260386e-14 
  711.000  1.029211e+03  1.258074e+02 -2.651468e-14 
  712.000  1.027539e+03  1.256738e+02  1.738372e-14 
  713.000  1.012934e+03  1.231898e+02  5.954313e-15 
  714.000  1.026449e+03  1.243602e+02 -9.739472e-15 
  715.000  9.739149e+02  1.171971e+02  2.029837e-14 
  716.000  9.812020e+02  1.172769e+02  4.942331e-16 
  717.000  8.488126e+02  9.928929e+01 -2.469927e-14 
  718.000  7.811536e+02  8.964114e+01 -8.027699e-15 
  719.000  7.499487e+02  8.524084e+01 -4.721301e-15 
  720.000  7.235308e+02  8.126855e+01  1.314078e-14 
  721.000  8.679285e+02  1.009002e+02  1.170578e-14 
  722.000  9.359200e+02  1.094781e+02 -1.048613e-14 
  723.000  9.021376e+02  1.047417e+02  1.074613e-14 
  724.000  8.199424e+02  9.332175e+01  9.058712e-15 
  725.000  8.230856e+02  9.369102e+01  9.757389e-15 
  726.000  8.177392e+02  9.275714e+01 -2.064558e-14 
  727.000  8.421043e+02  9.554731e+01  4.433919e-15 
  728.000  8.147656e+02  9.192993e+01 -1.946456e-13 
  729.000  8.138043e+02  9.226577e+01 -5.920859e-15 
  730.000  8.385304e+02  9.474238e+01  1.012356e-15 
  731.000  8.183436e+02  9.211861e+01  1.262033e-14 
  732.000  8.896809e+02  1.009448e+02  7.228534e-15 
  733.000  9.307238e+02  1.062721e+02 -4.399830e-15 
  734.000  9.773940e+02  1.118948e+02  4.066850e-14 
  735.000  9.602206e+02  1.094554e+02  1.225446e-14 
  736.000  9.252573e+02  1.048842e+02  2.813393e-15 
  737.000  9.507452e+02  1.077450e+02  2.540330e-14 
  738.000  9.664424e+02  1.096302e+02  1.967843e-14 
  739.000  9.429018e+02  1.068725e+02  8.214516e-15 
  740.000  9.690637e+02  1.100390e+02 -1.024784e-14 
  741.000  9.713345e+02  1.103398e+02  4.232947e-14 
  742.000  9.595361e+02  1.088651e+02  3.013614e-14 
  743.000  9.970942e+02  1.131952e+02 -4.465763e-14 
  744.000  1.010776e+03  1.146055e+02 -2.315652e-14 
  745.000  9.877086e+02  1.118491e+02  5.442096e-14 
  746.000  1.004027e+03  1.135198e+02 -6.266750e-14 
  747.000  1.020282e+03  1.150785e+02 -2.241001e-14 
  748.000  1.003561e+03  1.129959e+02  7.894577e-16 
  749.000  1.004785e+03  1.128823e+02 -1.099643e-14 
  750.000  9.894601e+02  1.108326e+02 -5.070473e-14 
  751.000  9.872734e+02  1.103113e+02 -2.662876e-14 
  752.000  1.004175e+03  1.119937e+02  6.072428e-14 
  753.000  9.954049e+02  1.107584e+02  1.746598e-14 
  754.000  1.011555e+03  1.122868e+02  1.615301e-14 
  755.000  1.006109e+03  1.114056e+02  1.605883e-14 
  756.000  9.867815e+02  1.089963e+02 -3.802020e-14 
  757.000  9.943074e+02  1.095547e+02  3.249173e-14 
  758.000  9.921093e+02  1.089844e+02 -5.412589e-14 
  759.000  8.959293e+02  9.669485e+01 -2.501235e-15 
  760.000  3.483793e+02  3.403583e+01  7.733192e-15 
  761.000  3.018581e+02  2.902833e+01 -4.166637e-14 
  762.000  5.892993e+02  6.014245e+01 -4.890784e-15 
  763.000  5.084290e+02  5.085017e+01  1.222249e-15 
  764.000  5.579204e+02  5.612872e+01  5.048094e-15 
  765.000  6.715739e+02  6.900504e+01  1.148221e-17 
  766.000  7.674250e+02  8.061489e+01 -3.551145e-15 
  767.000  8.433410e+02  8.901637e+01 -2.141205e-14 
  768.000  9.201535e+02  9.751964e+01  6.514506e-15 
  769.000  9.450862e+02  1.005021e+02 -9.417386e-15 
  770.000  9.535884e+02  1.014912e+02 -6.286632e-15 
  771.000  9.612309e+02  1.022565e+02 -7.492841e-16 
  772.000  9.592188e+02  1.018461e+02 -5.826917e-14 
  773.000  9.561586e+02  1.012972e+02  3.252445e-14 
  774.000  9.671406e+02  1.022358e+02 -9.557071e-14 
  775.000  9.313444e+02  9.822940e+01  3.772700e-14 
  776.000  9.701924e+02  1.020931e+02  1.532851e-14 
  777.000  9.636739e+02  1.011614e+02 -5.571565e-15 
  778.000  9.585898e+02  1.003770e+02  4.285080e-14 
  779.000  9.618050e+02  1.004636e+02 -4.070480e-15 
  780.000  9.500187e+02  9.898777e+01  3.221606e-14 
  781.000  9.492097e+02  9.869636e+01 -1.022943e-14 
  782.000  9.607296e+02  9.964678e+01  1.035354e-14 
  783.000  9.383888e+02  9.709101e+01 -1.011230e-14 
  784.000  9.432807e+02  9.733406e+01 -4.214398e-14 
  785.000  9.428680e+02  9.690623e+01 -1.713912e-14 
  786.000  9.220206e+02  9.433606e+01  8.420792e-15 
  787.000  9.251398e+02  9.402142e+01  1.020116e-14 
  788.000  9.058373e+02  9.165293e+01  8.674575e-15 
  789.000  8.914648e+02  8.944270e+01 -2.711994e-14 
  790.000  8.808088e+02  8.812364e+01 -1.737118e-14 
  791.000  8.800577e+02  8.792851e+01 -4.386501e-15 
  792.000  8.696303e+02  8.676842e+01 -6.688930e-15 
  793.000  8.767781e+02  8.748965e+01  9.112894e-16 
  794.000  8.843643e+02  8.857436e+01  7.480660e-15 
  795.000  8.696258e+02  8.655933e+01 -2.269276e-14 
  796.000  8.574435e+02  8.447732e+01 -2.471596e-14 
  797.000  8.707105e+02  8.575428e+01  3.894038e-14 
  798.000  8.885645e+02  8.776030e+01  1.409991e-15 
  799.000  8.840324e+02  8.700028e+01 -3.768953e-14 
  800.000  8.489120e+02  8.304877e+01 -2.137704e-14 
  801.000  8.662708e+02  8.458623e+01 -3.702610e-15 
  802.000  8.634561e+02  8.409007e+01 -7.963194e-15 
  803.000  8.530034e+02  8.292408e+01  1.049135e-14 
  804.000  8.667091e+02  8.420666e+01  1.857203e-14 
  805.000  8.540524e+02  8.308443e+01  1.591814e-14 
  806.000  8.840408e+02  8.601336e+01  1.165696e-14 
  807.000  8.791764e+02  8.535428e+01 -2.472675e-14 
  808.000  8.700889e+02  8.416093e+01 -1.589960e-15 
  809.000  8.508204e+02  8.197551e+01 -7.555531e-15 
  810.000  8.419484e+02  8.079813e+01 -6.070518e-15 
  811.000  8.448395e+02  8.063920e+01 -5.500599e-15 
  812.000  8.276144e+02  7.852711e+01 -1.828660e-15 
  813.000  8.066127e+02  7.607167e+01  2.320142e-14 
  814.000  7.825015e+02  7.331623e+01 -8.739506e-15 
  815.000  7.458598e+02  6.937375e+01  5.437500e-15 
  816.000  7.043416e+02  6.494562e+01 -3.445184e-15 
  817.000  7.103262e+02  6.535941e+01 -1.649684e-15 
  818.000  7.088279e+02  6.511208e+01  4.761045e-15 
  819.000  7.012006e+02  6.442553e+01 -6.141265e-15 
  820.000  7.253650e+02  6.693944e+01  4.256281e-15 
  821.000  7.949734e+02  7.380120e+01 -3.335442e-15 
  822.000  7.389578e+02  6.801492e+01  5.400534e-15 
  823.000  6.574478e+02  5.933752e+01 -2.372693e-15 
  824.000  7.455717e+02  6.817413e+01 -2.730357e-15 
  825.000  7.966328e+02  7.336880e+01  1.090148e-15 
  826.000  7.930714e+02  7.277094e+01  1.458915e-14 
  827.000  7.839183e+02  7.168357e+01 -1.369503e-15 
  828.000  7.482149e+02  6.787962e+01 -1.382326e-15 
  829.000  7.600908e+02  6.894003e+01 -8.194661e-15 
  830.000  7.617394e+02  6.910516e+01  5.222947e-15 
  831.000  7.516851e+02  6.809372e+01  6.844715e-15 
  832.000  7.688188e+02  6.953512e+01 -1.674097e-15 
  833.000  7.527186e+02  6.804314e+01 -1.097293e-14 
  834.000  7.731757e+02  6.988769e+01 -8.310559e-15 
  835.000  7.926237e+02  7.182372e+01  5.291908e-15 
  836.000  7.963008e+02  7.189751e+01 -2.976890e-14 
  837.000  7.893134e+02  7.111163e+01  1.214842e-14 
  838.000  8.008621e+02  7.216956e+01 -7.499369e-15 
  839.000  7.810187e+02  7.034497e+01  1.295646e-14 
  840.000  8.038948e+02  7.229516e+01 -2.570449e-14 
  841.000  8.006747e+02  7.173041e+01 -3.518985e-15 
  842.000  8.006317e+02  7.168603e+01 -7.816008e-15 
  843.000  8.066028e+02  7.236703e+01 -1.994001e-14 
  844.000  7.984111e+02  7.163442e+01  1.736195e-14 
  845.000  8.130128e+02  7.286662e+01 -2.870551e-15 
  846.000  8.228375e+02  7.367554e+01 -2.118900e-14 
  847.000  7.971948e+02  7.132158e+01 -1.814882e-15 
  848.000  8.163442e+02  7.272411e+01 -1.148897e-14 
  849.000  8.184778e+02  7.277838e+01 -5.212572e-17 
  850.000  7.058630e+02  6.256885e+01  1.232801e-14 
  851.000  8.062076e+02  7.123116e+01  4.302643e-15 
  852.000  7.759594e+02  6.842216e+01  2.146851e-14 
  853.000  7.890599e+02  6.956485e+01  1.564989e-14 
  854.000  6.342834e+02  5.579707e+01 -6.547724e-15 
  855.000  7.000922e+02  6.151970e+01 -3.005553e-14 
  856.000  7.985862e+02  7.016988e+01 -4.561524e-15 
  857.000  8.131414e+02  7.137598e+01  4.382638e-14 
  858.000  8.010744e+02  7.020866e+01  9.109684e-15 
  859.000  8.029163e+02  7.030914e+01  4.700130e-14 
  860.000  7.967145e+02  6.966233e+01 -3.754461e-14 
  861.000  7.968512e+02  6.953579e+01 -4.506249e-15 
  862.000  7.947646e+02  6.923121e+01 -1.286900e-14 
  863.000  8.101276e+02  7.042624e+01 -5.642210e-14 
  864.000  8.089245e+02  7.019182e+01  2.678391e-14 
  865.000  7.942068e+02  6.878492e+01  4.956068e-14 
  866.000  6.663290e+02  5.759343e+01  1.452821e-14 
  867.000  7.096218e+02  6.120713e+01 -8.540142e-15 
  868.000  7.697466e+02  6.625857e+01 -3.758774e-15 
  869.000  7.591295e+02  6.521455e+01  2.139616e-14 
  870.000  7.904886e+02  6.776649e+01  7.121096e-15 
  871.000  7.895529e+02  6.755175e+01 -1.275267e-14 
  872.000  7.866741e+02  6.717742e+01  4.431242e-15 
  873.000  7.897419e+02  6.729269e+01  5.605761e-14 
  874.000  7.724335e+02  6.567910e+01 -4.061013e-14 
  875.000  7.654042e+02  6.494808e+01  1.551749e-14 
  876.000  7.715739e+02  6.532443e+01  1.130080e-14 
  877.000  7.869100e+02  6.648055e+01  1.715365e-14 
  878.000  7.724321e+02  6.507498e+01  1.367717e-14 
  879.000  7.742470e+02  6.509319e+01 -1.253748e-14 
  880.000  7.689479e+02  6.447442e+01 -9.287272e-15 
  881.000  7.285825e+02  6.094446e+01 -3.574433e-15 
  882.000  7.684194e+02  6.412475e+01 -1.248710e-14 
  883.000  7.514366e+02  6.260365e+01  2.382621e-14 
  884.000  7.580864e+02  6.303986e+01  8.008555e-15 
  885.000  7.641132e+02  6.332815e+01  0.000000e+00 
  886.000  7.366116e+02  6.083897e+01  8.196569e-15 
  887.000  7.311008e+02  6.032445e+01 -1.163938e-14 
  888.000  7.529352e+02  6.199654e+01  5.738488e-16 
  889.000  7.586197e+02  6.236511e+01  5.774692e-16 
  890.000  7.546523e+02  6.186635e+01  8.315256e-15 
  891.000  7.471647e+02  6.100944e+01  1.180584e-14 
  892.000  7.367256e+02  5.980613e+01  3.438626e-15 
  893.000  6.848561e+02  5.498245e+01  1.033401e-14 
  894.000  6.950711e+02  5.548520e+01 -6.983215e-15 
  895.000  6.238629e+02  4.931040e+01 -1.485343e-15 
  896.000  6.109951e+02  4.788119e+01 -2.781266e-16 
  897.000  5.592397e+02  4.335974e+01  4.290437e-15 
  898.000  5.429452e+02  4.180005e+01  3.128480e-15 
  899.000  4.965683e+02  3.754465e+01 -1.792019e-15 
  900.000  4.902122e+02  3.707335e+01 -1.909658e-15 
  901.000  4.687675e+02  3.523222e+01  0.000000e+00 
  902.000  4.625778e+02  3.474566e+01  2.664825e-15 
  903.000  5.644642e+02  4.337045e+01 -1.096687e-14 
  904.000  6.230516e+02  4.820359e+01  4.399365e-15 
  905.000  6.199088e+02  4.787708e+01  1.353348e-15 
  906.000  5.726725e+02  4.392395e+01  2.888801e-15 
  907.000  5.289639e+02  3.996523e+01 -1.418716e-16 
  908.000  4.817738e+02  3.588717e+01 -2.824248e-15 
  909.000  4.747450e+02  3.530885e+01 -8.372259e-16 
  910.000  4.852219e+02  3.608626e+01  8.915846e-17 
  911.000  5.054795e+02  3.782382e+01  2.217087e-15 
  912.000  4.961326e+02  3.691763e+01  1.781401e-16 
  913.000  4.625698e+02  3.377420e+01 -1.126686e-20 
  914.000  4.816669e+02  3.540174e+01  8.242732e-16 
  915.000  4.907802e+02  3.625771e+01  1.871166e-15 
  916.000  5.018954e+02  3.708564e+01  1.555281e-15 
  917.000  5.039912e+02  3.731429e+01 -9.307806e-16 
  918.000  5.142756e+02  3.817878e+01  9.254976e-16 
  919.000  5.658511e+02  4.240488e+01  3.729999e-15 
  920.000  5.955101e+02  4.482747e+01  2.846465e-15 
  921.000  5.752104e+02  4.318089e+01 -8.330489e-15 
  922.000  5.695339e+02  4.267633e+01 -3.467651e-15 
  923.000  5.366570e+02  4.007534e+01  3.683474e-15 
  924.000  5.370259e+02  3.985561e+01  0.000000e+00 
  925.000  5.418401e+02  4.009673e+01  0.000000e+00 
  926.000  5.206751e+02  3.838914e+01  2.292824e-14 
  927.000  5.131917e+02  3.747193e+01 -1.604045e-15 
  928.000  4.763133e+02  3.419753e+01 -5.257071e-15 
  929.000  4.157029e+02  2.911581e+01 -1.401714e-14 
  930.000  3.515586e+02  2.400503e+01 -9.171863e-16 
  931.000  2.878513e+02  1.919518e+01  2.271937e-16 
  932.000  2.107030e+02  1.358663e+01  0.000000e+00 
  933.000  1.654591e+02  1.040418e+01 -2.481758e-16 
  934.000  1.243889e+02  7.602328e+00  1.161705e-17 
  935.000  1.183085e+02  7.192879e+00  1.394540e-17 
  936.000  1.311158e+02  8.039227e+00 -2.771869e-17 
  937.000  1.309305e+02  7.998264e+00  2.826885e-17 
  938.000  1.757259e+02  1.103928e+01  0.000000e+00 
  939.000  3.294041e+02  2.182601e+01  0.000000e+00 
  940.000  3.551360e+02  2.371861e+01  2.411226e-16 
  941.000  3.252790e+02  2.153936e+01  0.000000e+00 
  942.000  2.632138e+02  1.712518e+01 -5.978425e-16 
  943.000  2.004975e+02  1.266762e+01  1.570213e-16 
  944.000  1.898471e+02  1.194069e+01 -5.502735e-17 
  945.000  2.164169e+02  1.372537e+01  1.082922e-16 
  946.000  2.213562e+02  1.403243e+01  3.843803e-29 
  947.000  2.452769e+02  1.567958e+01  1.089098e-16 
  948.000  2.622282e+02  1.682814e+01  2.189170e-16 
  949.000  2.618058e+02  1.677778e+01 -2.101674e-16 
  950.000  2.643204e+02  1.693867e+01 -3.911853e-26 
  951.000  2.983928e+02  1.931158e+01  0.000000e+00 
  952.000  2.617685e+02  1.673610e+01  2.117244e-16 
  953.000  2.879145e+02  1.854908e+01  5.141673e-18 
  954.000  3.153337e+02  2.049296e+01  9.802080e-24 
  955.000  2.732330e+02  1.761891e+01  4.755535e-18 
  956.000  2.878203e+02  1.853726e+01 -4.212385e-16 
  957.000  3.658161e+02  2.414426e+01 -1.717770e-15 
  958.000  3.805398e+02  2.520254e+01  6.702510e-15 
  959.000  3.690227e+02  2.430370e+01 -3.205213e-15 
  960.000  3.622934e+02  2.380734e+01 -3.403676e-15 
  961.000  3.522492e+02  2.307054e+01 -1.454296e-20 
  962.000  3.606933e+02  2.364763e+01 -2.377483e-20 
  963.000  4.065548e+02  2.708773e+01 -3.370222e-15 
  964.000  4.091938e+02  2.730865e+01 -1.626435e-15 
  965.000  4.101883e+02  2.729271e+01 -1.645996e-15 
  966.000  4.014294e+02  2.670966e+01 -1.507203e-16 
  967.000  4.489893e+02  3.028277e+01  8.418290e-16 
  968.000  5.060067e+02  3.473880e+01  4.195640e-15 
  969.000  5.388633e+02  3.714967e+01 -2.601224e-16 
  970.000  5.422545e+02  3.734357e+01 -1.222475e-16 
  971.000  5.368535e+02  3.690787e+01  4.730246e-15 
  972.000  5.321995e+02  3.646964e+01  2.860284e-15 
  973.000  5.082582e+02  3.464535e+01 -7.909633e-15 
  974.000  4.782132e+02  3.237408e+01  1.996790e-15 
  975.000  4.665547e+02  3.140019e+01 -1.133976e-15 
  976.000  4.897730e+02  3.307395e+01  1.266904e-15 
  977.000  5.063334e+02  3.435141e+01 -1.336099e-15 
  978.000  5.166891e+02  3.499143e+01  2.802204e-15 
  979.000  5.095956e+02  3.451529e+01 -2.184578e-15 
  980.000  5.477862e+02  3.724964e+01  1.629902e-15 
  981.000  5.588333e+02  3.799731e+01  4.431980e-16 
  982.000  5.508948e+02  3.735769e+01 -1.508266e-15 
  983.000  5.658828e+02  3.844327e+01  4.101887e-15 
  984.000  5.791450e+02  3.944645e+01 -5.431120e-15 
  985.000  5.887255e+02  4.015031e+01 -2.580532e-15 
  986.000  5.966006e+02  4.080019e+01 -1.668200e-14 
  987.000  6.090763e+02  4.167761e+01  3.053231e-15 
  988.000  6.029449e+02  4.121327e+01 -3.988339e-15 
  989.000  5.961799e+02  4.069828e+01  2.474690e-14 
  990.000  6.026607e+02  4.109608e+01 -2.615398e-15 
  991.000  6.123665e+02  4.177612e+01 -1.476240e-14 
  992.000  6.080944e+02  4.144098e+01  2.260189e-14 
  993.000  6.086230e+02  4.141727e+01  1.653827e-14 
  994.000  6.159740e+02  4.192392e+01  7.109412e-15 
  995.000  6.143564e+02  4.181149e+01  2.843647e-14 
  996.000  6.142499e+02  4.173323e+01  0.000000e+00 
  997.000  6.131387e+02  4.154456e+01 -2.730327e-15 
  998.000  6.088167e+02  4.114582e+01 -4.073820e-15 
  999.000  6.065529e+02  4.090812e+01 -9.246803e-15 
 1000.000  6.023759e+02  4.057086e+01  1.217889e-14 
 1001.000  6.014018e+02  4.035141e+01 -1.326241e-14 
 1002.000  5.937216e+02  3.964642e+01  6.183611e-15 
 1003.000  5.884417e+02  3.925611e+01 -1.360664e-14 
 1004.000  5.874332e+02  3.919354e+01 -4.647800e-15 
 1005.000  5.503641e+02  3.669063e+01 -4.703183e-15 
 1006.000  5.798713e+02  3.860474e+01 -2.161054e-15 
 1007.000  5.891915e+02  3.913543e+01  1.184580e-14 
 1008.000  5.862483e+02  3.877745e+01  1.657022e-15 
 1009.000  5.754828e+02  3.788787e+01 -8.984840e-15 
 1010.000  5.809232e+02  3.823316e+01  1.342569e-14 
 1011.000  5.855426e+02  3.860576e+01 -8.818847e-15 
 1012.000  5.887488e+02  3.880899e+01 -2.043004e-15 
 1013.000  5.868232e+02  3.866444e+01  1.730983e-14 
 1014.000  5.916245e+02  3.893705e+01 -1.351127e-14 
 1015.000  5.809427e+02  3.817567e+01  2.661895e-15 
 1016.000  5.857420e+02  3.844976e+01 -1.132077e-14 
 1017.000  5.805815e+02  3.805297e+01 -6.679584e-15 
 1018.000  5.869620e+02  3.839038e+01  1.079629e-14 
 1019.000  5.711055e+02  3.724115e+01 -1.234261e-14 
 1020.000  5.708344e+02  3.718095e+01  8.206828e-15 
 1021.000  5.783696e+02  3.764854e+01 -1.090697e-15 
 1022.000  5.667722e+02  3.677269e+01  4.256949e-15 
 1023.000  5.751891e+02  3.720946e+01  2.633315e-15 
 1024.000  5.708184e+02  3.683928e+01 -7.188402e-15 
 1025.000  5.752872e+02  3.715786e+01 -2.272774e-14 
 1026.000  5.780710e+02  3.732050e+01 -3.571466e-15 
 1027.000  5.738125e+02  3.696864e+01 -1.042342e-14 
 1028.000  5.759705e+02  3.706383e+01  1.622611e-14 
 1029.000  5.692061e+02  3.660716e+01 -1.222104e-14 
 1030.000  5.768101e+02  3.708208e+01 -8.551304e-16 
 1031.000  5.759902e+02  3.699414e+01  1.229574e-14 
 1032.000  5.747845e+02  3.687668e+01  0.000000e+00 
 1033.000  5.644880e+02  3.616386e+01 -5.804000e-15 
 1034.000  5.709509e+02  3.653107e+01  1.529320e-14 
 1035.000  5.651876e+02  3.611151e+01  2.404136e-14 
 1036.000  5.726272e+02  3.652982e+01  2.624087e-14 
 1037.000  5.607534e+02  3.571922e+01  1.643757e-14 
 1038.000  5.664437e+02  3.602736e+01  3.531374e-15 
 1039.000  5.686498e+02  3.610501e+01  0.000000e+00 
 1040.000  5.618681e+02  3.561436e+01 -8.858814e-15 
 1041.000  5.647936e+02  3.573999e+01 -1.553861e-14 
 1042.000  5.664814e+02  3.578932e+01  2.368319e-14 
 1043.000  5.567676e+02  3.512061e+01  1.714826e-14 
 1044.000  5.622760e+02  3.541010e+01 -1.196147e-14 
 1045.000  5.596713e+02  3.518190e+01 -2.669033e-15 
 1046.000  5.432838e+02  3.409309e+01  8.577992e-15 
 1047.000  5.531403e+02  3.465136e+01  3.190381e-14 
 1048.000  5.586379e+02  3.493761e+01  1.416517e-14 
 1049.000  5.550933e+02  3.466026e+01 -8.776708e-15 
 1050.000  5.515559e+02  3.437694e+01 -2.313755e-14 
 1051.000  5.511378e+02  3.428144e+01  4.082100e-16 
 1052.000  5.483714e+02  3.404850e+01 -1.152544e-14 
 1053.000  5.487133e+02  3.401788e+01 -2.265624e-14 
 1054.000  5.426818e+02  3.357777e+01  2.523956e-14 
 1055.000  5.462665e+02  3.373318e+01 -8.885360e-15 
 1056.000  5.445845e+02  3.356799e+01  2.617877e-15 
 1057.000  5.426924e+02  3.336972e+01 -5.637252e-15 
 1058.000  5.351110e+02  3.279630e+01 -8.784842e-15 
 1059.000  5.186303e+02  3.174504e+01  1.102059e-14 
 1060.000  5.386168e+02  3.295292e+01 -6.005584e-15 
 1061.000  5.196476e+02  3.173901e+01  5.796800e-15 
 1062.000  5.329806e+02  3.247049e+01  5.965321e-15 
 1063.000  5.237853e+02  3.185546e+01  1.965254e-16 
 1064.000  5.297010e+02  3.214011e+01  2.558018e-14 
 1065.000  5.275854e+02  3.192495e+01 -1.684930e-14 
 1066.000  5.115538e+02  3.091118e+01 -1.383408e-14 
 1067.000  5.230637e+02  3.155065e+01  1.289393e-15 
 1068.000  5.179227e+02  3.112934e+01  1.234253e-14 
 1069.000  4.770236e+02  2.859143e+01 -2.245283e-15 
 1070.000  5.054060e+02  3.024813e+01 -4.473219e-16 
 1071.000  5.040764e+02  3.008327e+01 -4.898485e-15 
 1072.000  5.034889e+02  2.996693e+01 -3.920257e-15 
 1073.000  4.863384e+02  2.889362e+01  4.432527e-15 
 1074.000  5.034966e+02  2.987012e+01 -8.406240e-16 
 1075.000  4.905317e+02  2.910045e+01 -5.717954e-15 
 1076.000  4.992460e+02  2.954058e+01  3.003352e-15 
 1077.000  4.955405e+02  2.923787e+01  9.546704e-16 
 1078.000  4.939362e+02  2.905688e+01 -3.755420e-15 
 1079.000  4.742603e+02  2.785072e+01 -2.979969e-15 
 1080.000  4.805196e+02  2.808378e+01  1.274973e-14 
 1081.000  4.623720e+02  2.697754e+01  1.076903e-15 
 1082.000  4.714609e+02  2.750186e+01  1.119133e-15 
 1083.000  4.547367e+02  2.644226e+01 -3.398333e-15 
 1084.000  4.675707e+02  2.710368e+01  9.883487e-15 
 1085.000  4.509944e+02  2.602033e+01  2.334688e-15 
 1086.000  4.592099e+02  2.647087e+01 -2.320714e-15 
 1087.000  4.417928e+02  2.552024e+01 -2.831350e-15 
 1088.000  4.690579e+02  2.705988e+01 -8.712321e-16 
 1089.000  4.374919e+02  2.508760e+01  3.440120e-15 
 1090.000  4.442912e+02  2.541879e+01  5.006912e-15 
 1091.000  4.496838e+02  2.570417e+01 -1.791639e-15 
 1092.000  4.323697e+02  2.462906e+01  3.061709e-15 
 1093.000  4.121581e+02  2.335529e+01 -3.930304e-18 
 1094.000  3.692260e+02  2.085847e+01  4.650017e-15 
 1095.000  4.005482e+02  2.259633e+01  5.523894e-17 
 1096.000  3.996069e+02  2.250628e+01 -3.318209e-16 
 1097.000  3.911429e+02  2.197290e+01  6.004507e-15 
 1098.000  3.510894e+02  1.945685e+01  2.189409e-16 
 1099.000  3.220810e+02  1.753459e+01  1.239900e-15 
 1100.000  3.294405e+02  1.792681e+01 -2.295448e-15 
