  400.000  1.647280e+02  2.689795e+02  2.154018e-14 
  401.000  1.649827e+02  2.660357e+02 -5.231549e-16 
  402.000  1.761653e+02  2.805541e+02 -1.483946e-14 
  403.000  1.662193e+02  2.614673e+02 -2.924992e-14 
  404.000  1.799266e+02  2.795853e+02 -1.593919e-14 
  405.000  1.661892e+02  2.551210e+02  1.514544e-15 
  406.000  1.661053e+02  2.519390e+02 -6.955179e-15 
  407.000  1.629095e+02  2.441571e+02 -2.122348e-14 
  408.000  1.777061e+02  2.631952e+02  1.300946e-14 
  409.000  1.980369e+02  2.898774e+02 -1.723955e-14 
  410.000  1.666775e+02  2.411445e+02  2.154884e-14 
  411.000  1.970196e+02  2.817614e+02  1.456211e-14 
  412.000  2.054704e+02  2.904895e+02  9.846700e-15 
  413.000  1.953432e+02  2.730420e+02  1.095411e-15 
  414.000  1.929070e+02  2.665983e+02  6.928818e-15 
  415.000  2.070349e+02  2.829315e+02 -7.365655e-15 
  416.000  2.070464e+02  2.798132e+02 -7.297155e-15 
  417.000  2.019693e+02  2.699504e+02 -7.002037e-14 
  418.000  1.987567e+02  2.627565e+02  4.552264e-14 
  419.000  2.048333e+02  2.678551e+02 -1.622315e-14 
  420.000  1.743871e+02  2.255884e+02 -5.200849e-14 
  421.000  2.197510e+02  2.812370e+02 -2.450469e-14 
  422.000  2.117708e+02  2.681532e+02 -3.157785e-14 
  423.000  1.798651e+02  2.253587e+02 -1.971187e-14 
  424.000  1.989477e+02  2.466662e+02  2.815028e-14 
  425.000  2.071794e+02  2.542081e+02 -5.244001e-14 
  426.000  2.002378e+02  2.431607e+02 -2.786609e-14 
  427.000  1.936406e+02  2.327453e+02  0.000000e+00 
  428.000  1.971160e+02  2.345171e+02 -2.892812e-14 
  429.000  1.802676e+02  2.123097e+02 -1.968468e-14 
  430.000  1.445927e+02  1.685885e+02 -5.221929e-15 
  431.000  1.306660e+02  1.508362e+02  8.737565e-15 
  432.000  2.363889e+02  2.701848e+02 -4.090499e-14 
  433.000  2.114721e+02  2.393358e+02  2.138986e-14 
  434.000  2.019902e+02  2.263788e+02  7.075176e-15 
  435.000  2.208368e+02  2.451077e+02  6.649312e-15 
  436.000  2.460608e+02  2.704804e+02  8.492264e-15 
  437.000  2.496247e+02  2.717796e+02  0.000000e+00 
  438.000  2.246699e+02  2.422911e+02 -8.666748e-15 
  439.000  2.184274e+02  2.333411e+02  1.277868e-14 
  440.000  2.459449e+02  2.602786e+02 -3.189205e-14 
  441.000  2.462672e+02  2.581958e+02 -7.873581e-14 
  442.000  2.605374e+02  2.706319e+02  1.608491e-14 
  443.000  2.634456e+02  2.711379e+02  3.231208e-14 
  444.000  2.628822e+02  2.680863e+02  3.433123e-14 
  445.000  2.777137e+02  2.806378e+02  1.681066e-14 
  446.000  2.482486e+02  2.485935e+02  6.080450e-14 
  447.000  2.843543e+02  2.822023e+02  1.699407e-14 
  448.000  2.903869e+02  2.856471e+02  3.570821e-14 
  449.000  2.936814e+02  2.863618e+02 -1.731008e-14 
  450.000  3.014136e+02  2.913446e+02 -5.420201e-14 
  451.000  3.271463e+02  3.134776e+02  3.805118e-14 
  452.000  3.054002e+02  2.901155e+02  6.932368e-14 
  453.000  2.846640e+02  2.680959e+02  4.903988e-14 
  454.000  3.047272e+02  2.845413e+02 -8.945386e-14 
  455.000  3.080734e+02  2.852229e+02 -1.747831e-14 
  456.000  3.167444e+02  2.907711e+02  7.147769e-14 
  457.000  3.197325e+02  2.910499e+02  0.000000e+00 
  458.000  3.152929e+02  2.846130e+02  1.885286e-14 
  459.000  3.164225e+02  2.832609e+02  0.000000e+00 
  460.000  3.148214e+02  2.795023e+02 -1.612682e-14 
  461.000  3.274231e+02  2.883063e+02 -1.797337e-14 
  462.000  3.232454e+02  2.823057e+02 -2.534578e-15 
  463.000  3.244744e+02  2.810804e+02  1.082877e-13 
  464.000  3.267837e+02  2.808080e+02  3.275735e-14 
  465.000  3.232197e+02  2.755268e+02 -3.594677e-14 
  466.000  3.346854e+02  2.830330e+02  3.444216e-14 
  467.000  3.240341e+02  2.718568e+02  1.719631e-14 
  468.000  3.441524e+02  2.864527e+02 -1.817321e-14 
  469.000  3.421591e+02  2.825433e+02 -3.726470e-14 
  470.000  3.384010e+02  2.772341e+02 -1.771438e-14 
  471.000  3.386798e+02  2.752728e+02  7.191011e-14 
  472.000  3.436506e+02  2.771111e+02  1.785740e-14 
  473.000  3.406325e+02  2.725109e+02  3.656612e-14 
  474.000  3.440366e+02  2.730645e+02 -7.239723e-14 
  475.000  3.584170e+02  2.822044e+02 -1.327972e-15 
  476.000  3.476490e+02  2.715085e+02  0.000000e+00 
  477.000  3.448486e+02  2.671886e+02 -3.681479e-14 
  478.000  3.631019e+02  2.792935e+02 -3.721652e-14 
  479.000  3.481592e+02  2.659587e+02 -7.082410e-14 
  480.000  3.566768e+02  2.706253e+02  9.124953e-14 
  481.000  3.560110e+02  2.682752e+02 -5.475781e-14 
  482.000  3.648864e+02  2.730651e+02 -1.302888e-15 
  483.000  3.665596e+02  2.724045e+02  1.812093e-14 
  484.000  3.535817e+02  2.609120e+02 -7.204581e-14 
  485.000  3.572365e+02  2.617481e+02  1.748262e-14 
  486.000  2.905011e+02  2.113516e+02  8.691793e-14 
  487.000  3.274795e+02  2.365822e+02 -9.636202e-14 
  488.000  3.566048e+02  2.558203e+02 -1.843457e-14 
  489.000  3.324425e+02  2.368251e+02  1.710519e-14 
  490.000  3.795400e+02  2.685020e+02  5.571061e-14 
  491.000  3.560851e+02  2.501666e+02 -6.900237e-14 
  492.000  3.430538e+02  2.393508e+02 -1.509568e-14 
  493.000  3.704022e+02  2.566613e+02  1.749252e-14 
  494.000  3.587143e+02  2.468666e+02  3.617751e-14 
  495.000  3.844117e+02  2.627571e+02 -3.733036e-14 
  496.000  3.751887e+02  2.547160e+02 -2.517911e-15 
  497.000  3.647252e+02  2.459450e+02  3.399401e-14 
  498.000  3.568591e+02  2.390291e+02 -1.030703e-13 
  499.000  3.567335e+02  2.373513e+02  1.771823e-14 
  500.000  3.558914e+02  2.352201e+02 -1.644703e-14 
  501.000  3.486070e+02  2.288830e+02  0.000000e+00 
  502.000  3.470115e+02  2.263386e+02  1.709784e-14 
  503.000  3.684244e+02  2.387345e+02 -3.499828e-14 
  504.000  3.434477e+02  2.211019e+02 -7.966432e-14 
  505.000  3.711470e+02  2.373860e+02 -1.693185e-14 
  506.000  3.982616e+02  2.530979e+02 -5.690510e-14 
  507.000  3.714282e+02  2.345422e+02  0.000000e+00 
  508.000  3.570418e+02  2.240303e+02 -1.610788e-14 
  509.000  3.859084e+02  2.406170e+02  3.593776e-14 
  510.000  3.747785e+02  2.322109e+02  6.834549e-14 
  511.000  3.757084e+02  2.313317e+02 -1.797339e-14 
  512.000  3.951743e+02  2.418033e+02  1.262137e-15 
  513.000  3.624463e+02  2.204045e+02  1.606982e-14 
  514.000  3.555900e+02  2.149029e+02 -3.142795e-14 
  515.000  3.637815e+02  2.185054e+02  3.204700e-14 
  516.000  3.828422e+02  2.285476e+02  5.286134e-14 
  517.000  2.824922e+02  1.676116e+02 -8.887037e-16 
  518.000  3.503275e+02  2.065975e+02 -4.484249e-14 
  519.000  3.324537e+02  1.948712e+02 -3.003804e-14 
  520.000  3.666262e+02  2.136087e+02  1.709678e-14 
  521.000  3.674145e+02  2.127841e+02  6.609073e-14 
  522.000  3.825632e+02  2.202315e+02  1.183985e-13 
  523.000  3.568748e+02  2.042148e+02 -3.197360e-14 
  524.000  3.877327e+02  2.205532e+02 -1.016191e-13 
  525.000  3.851440e+02  2.177813e+02  1.778714e-14 
  526.000  3.675611e+02  2.066171e+02  4.855895e-14 
  527.000  3.214869e+02  1.796562e+02  4.240587e-14 
  528.000  3.865688e+02  2.147623e+02 -1.776600e-14 
  529.000  3.980170e+02  2.198353e+02 -5.112786e-14 
  530.000  3.765411e+02  2.067697e+02  3.335571e-14 
  531.000  4.103555e+02  2.240406e+02 -1.752033e-14 
  532.000  3.919787e+02  2.127850e+02 -1.199621e-15 
  533.000  3.448416e+02  1.861398e+02 -2.932745e-14 
  534.000  3.756639e+02  2.016476e+02 -1.593009e-14 
  535.000  3.840129e+02  2.049925e+02  3.363654e-14 
  536.000  4.082365e+02  2.167259e+02 -8.851689e-14 
  537.000  3.794211e+02  2.003225e+02 -1.709550e-14 
  538.000  3.978498e+02  2.088998e+02  1.012892e-13 
  539.000  3.971910e+02  2.074124e+02  0.000000e+00 
  540.000  3.893291e+02  2.021972e+02 -2.332770e-15 
  541.000  3.575769e+02  1.846969e+02 -2.977173e-14 
  542.000  3.995034e+02  2.052347e+02  1.897611e-14 
  543.000  3.827339e+02  1.955583e+02  4.872314e-14 
  544.000  4.042844e+02  2.054570e+02  5.256279e-14 
  545.000  3.988291e+02  2.015968e+02 -4.939251e-14 
  546.000  3.905084e+02  1.963356e+02 -1.493582e-14 
  547.000  4.076750e+02  2.038762e+02  1.676742e-14 
  548.000  3.787886e+02  1.884265e+02  3.221871e-14 
  549.000  3.992034e+02  1.975341e+02  1.518514e-14 
  550.000  3.909969e+02  1.924557e+02  1.484928e-14 
  551.000  3.891230e+02  1.905278e+02  1.475787e-14 
  552.000  4.065004e+02  1.979964e+02 -5.214131e-14 
  553.000  3.911419e+02  1.895232e+02 -3.302223e-14 
  554.000  4.045018e+02  1.949792e+02 -1.528034e-14 
  555.000  4.062200e+02  1.947954e+02 -3.420833e-14 
  556.000  3.955734e+02  1.887128e+02  1.153046e-15 
  557.000  3.843362e+02  1.824092e+02  2.238327e-15 
  558.000  3.994474e+02  1.886097e+02 -3.353233e-14 
  559.000  3.780352e+02  1.775875e+02  1.530364e-14 
  560.000  3.801350e+02  1.776627e+02 -1.537678e-14 
  561.000  4.182328e+02  1.944721e+02  0.000000e+00 
  562.000  3.839265e+02  1.775827e+02 -3.105943e-14 
  563.000  4.020227e+02  1.850059e+02 -8.244480e-14 
  564.000  3.966013e+02  1.815766e+02  4.810885e-14 
  565.000  4.012870e+02  1.827642e+02  5.105071e-14 
  566.000  3.703051e+02  1.678050e+02 -1.605771e-14 
  567.000  3.965075e+02  1.786949e+02 -1.155493e-15 
  568.000  3.914209e+02  1.751901e+02  0.000000e+00 
  569.000  3.742390e+02  1.663655e+02 -1.195711e-14 
  570.000  3.782214e+02  1.673347e+02 -1.068610e-14 
  571.000  3.721856e+02  1.640625e+02  3.178654e-14 
  572.000  3.869277e+02  1.694922e+02 -4.949044e-15 
  573.000  3.934057e+02  1.715486e+02 -4.615980e-15 
  574.000  3.922646e+02  1.702375e+02  1.036045e-14 
  575.000  3.826802e+02  1.652499e+02 -7.145582e-15 
  576.000  3.762086e+02  1.616694e+02 -1.099680e-14 
  577.000  3.944628e+02  1.687066e+02  3.380324e-14 
  578.000  3.862912e+02  1.646132e+02 -3.274755e-14 
  579.000  3.859892e+02  1.638461e+02  3.243720e-14 
  580.000  4.015296e+02  1.697492e+02  0.000000e+00 
  581.000  3.975442e+02  1.674574e+02  0.000000e+00 
  582.000  4.056804e+02  1.701906e+02 -3.093797e-14 
  583.000  4.097691e+02  1.711448e+02  3.343917e-14 
  584.000  4.095981e+02  1.703112e+02  1.154096e-15 
  585.000  4.078163e+02  1.688019e+02 -1.595804e-14 
  586.000  3.911227e+02  1.611592e+02  4.798108e-14 
  587.000  4.036359e+02  1.654453e+02 -1.514758e-14 
  588.000  3.855083e+02  1.569147e+02 -2.745971e-15 
  589.000  3.228766e+02  1.306316e+02 -5.391738e-15 
  590.000  3.363072e+02  1.354359e+02 -5.023737e-15 
  591.000  3.721949e+02  1.493906e+02  1.661980e-14 
  592.000  3.580344e+02  1.430072e+02 -8.480114e-15 
  593.000  3.787473e+02  1.507692e+02 -1.486508e-14 
  594.000  3.789755e+02  1.501541e+02 -2.375992e-14 
  595.000  3.607453e+02  1.422079e+02 -1.677883e-14 
  596.000  3.869688e+02  1.520438e+02  3.263217e-14 
  597.000  3.849596e+02  1.505559e+02 -1.425048e-14 
  598.000  3.844518e+02  1.497981e+02  2.311845e-15 
  599.000  3.879332e+02  1.505629e+02 -4.114186e-15 
  600.000  3.948475e+02  1.527776e+02 -2.379751e-17 
  601.000  3.973878e+02  1.532190e+02  1.629007e-14 
  602.000  3.949208e+02  1.517103e+02  3.005479e-14 
  603.000  3.993567e+02  1.528515e+02 -1.084334e-15 
  604.000  4.140211e+02  1.578673e+02 -1.556054e-14 
  605.000  4.144367e+02  1.573969e+02  1.662096e-14 
  606.000  4.106414e+02  1.553098e+02  1.531871e-14 
  607.000  4.093087e+02  1.541650e+02 -3.263458e-14 
  608.000  4.086837e+02  1.532889e+02 -3.249826e-14 
  609.000  4.053198e+02  1.513945e+02  1.076798e-15 
  610.000  3.996400e+02  1.486532e+02 -4.530923e-14 
  611.000  4.069665e+02  1.507514e+02 -3.103610e-14 
  612.000  4.024833e+02  1.484744e+02 -1.371558e-14 
  613.000  3.973848e+02  1.459884e+02 -4.574689e-14 
  614.000  3.837707e+02  1.404059e+02 -4.507804e-14 
  615.000  4.029176e+02  1.468055e+02  4.721162e-14 
  616.000  3.837999e+02  1.392661e+02 -1.395355e-14 
  617.000  3.866382e+02  1.397204e+02  1.402575e-14 
  618.000  4.055029e+02  1.459356e+02 -3.041798e-14 
  619.000  4.023366e+02  1.441999e+02  3.117490e-14 
  620.000  4.088034e+02  1.459144e+02 -1.687318e-14 
  621.000  4.163023e+02  1.479779e+02  7.718233e-14 
  622.000  3.947167e+02  1.397249e+02  1.020373e-15 
  623.000  3.980773e+02  1.403281e+02  1.535085e-14 
  624.000  3.987944e+02  1.399988e+02  1.536665e-14 
  625.000  3.882238e+02  1.357236e+02  4.084382e-14 
  626.000  3.895886e+02  1.355934e+02  3.006518e-14 
  627.000  3.913318e+02  1.354341e+02 -3.981799e-15 
  628.000  3.754122e+02  1.290142e+02  3.440045e-14 
  629.000  3.900479e+02  1.336719e+02 -1.676748e-14 
  630.000  3.822581e+02  1.306256e+02  9.768804e-15 
  631.000  3.990714e+02  1.359360e+02  9.276432e-15 
  632.000  3.680093e+02  1.247421e+02  7.786943e-15 
  633.000  4.017263e+02  1.358640e+02  1.744146e-14 
  634.000  3.922255e+02  1.321769e+02  1.004937e-15 
  635.000  4.002209e+02  1.343551e+02  1.423504e-14 
  636.000  3.880502e+02  1.298340e+02  1.567603e-14 
  637.000  4.024540e+02  1.341817e+02 -1.414008e-14 
  638.000  4.123492e+02  1.371121e+02 -1.534785e-14 
  639.000  4.099072e+02  1.357933e+02 -4.358173e-14 
  640.000  3.992480e+02  1.318405e+02 -7.055465e-14 
  641.000  4.058459e+02  1.335178e+02  1.390317e-14 
  642.000  4.026636e+02  1.320275e+02 -4.115421e-14 
  643.000  4.084384e+02  1.333152e+02  0.000000e+00 
  644.000  4.044100e+02  1.315071e+02 -4.239169e-14 
  645.000  4.057427e+02  1.313836e+02 -1.703632e-14 
  646.000  3.790199e+02  1.219904e+02 -1.657908e-14 
  647.000  3.764882e+02  1.206389e+02  1.394769e-14 
  648.000  3.673093e+02  1.172066e+02 -7.387319e-16 
  649.000  3.829518e+02  1.218048e+02 -4.382980e-15 
  650.000  3.697370e+02  1.173615e+02  4.088485e-14 
  651.000  3.987468e+02  1.261084e+02 -5.552195e-15 
  652.000  3.780815e+02  1.189732e+02  6.162267e-15 
  653.000  4.019946e+02  1.262616e+02 -4.859149e-15 
  654.000  3.955061e+02  1.237391e+02 -7.357703e-15 
  655.000  3.799459e+02  1.183538e+02  3.808662e-15 
  656.000  3.246177e+02  1.007798e+02  9.777345e-15 
  657.000  3.496618e+02  1.082138e+02  4.892198e-15 
  658.000  3.953028e+02  1.220226e+02 -4.044401e-15 
  659.000  3.998766e+02  1.230860e+02 -8.604569e-15 
  660.000  4.048906e+02  1.242312e+02 -1.682618e-14 
  661.000  4.111550e+02  1.258170e+02 -1.538605e-14 
  662.000  4.194040e+02  1.279729e+02  1.956764e-15 
  663.000  4.148263e+02  1.261056e+02 -1.444213e-14 
  664.000  4.094326e+02  1.240584e+02 -1.229881e-14 
  665.000  4.122101e+02  1.244829e+02 -2.850734e-14 
  666.000  4.184124e+02  1.259461e+02  2.689566e-14 
  667.000  4.111120e+02  1.233384e+02  0.000000e+00 
  668.000  4.147173e+02  1.240206e+02  1.418558e-14 
  669.000  4.215763e+02  1.256499e+02 -2.876226e-14 
  670.000  4.172805e+02  1.239480e+02 -5.490534e-14 
  671.000  4.136632e+02  1.224611e+02  0.000000e+00 
  672.000  4.129960e+02  1.218488e+02 -2.798424e-14 
  673.000  4.166215e+02  1.225020e+02 -1.887174e-15 
  674.000  4.180903e+02  1.225184e+02  1.890000e-15 
  675.000  4.123565e+02  1.204310e+02  2.591061e-14 
  676.000  4.207705e+02  1.224745e+02 -2.638879e-14 
  677.000  4.130025e+02  1.198097e+02  2.585443e-14 
  678.000  4.204474e+02  1.215612e+02  1.886270e-15 
  679.000  4.149516e+02  1.195648e+02  2.589344e-14 
  680.000  4.116316e+02  1.181814e+02 -7.708667e-14 
  681.000  4.119937e+02  1.178615e+02  1.194050e-14 
  682.000  4.113929e+02  1.172872e+02  5.317845e-14 
  683.000  4.143007e+02  1.177063e+02  1.384686e-14 
  684.000  4.061935e+02  1.149687e+02 -2.629654e-14 
  685.000  4.120511e+02  1.162751e+02 -1.190411e-14 
  686.000  3.924818e+02  1.103023e+02  2.460980e-14 
  687.000  3.160609e+02  8.804760e+01  1.248343e-14 
  688.000  3.408495e+02  9.473302e+01 -1.045812e-14 
  689.000  3.342321e+02  9.258404e+01  4.138665e-15 
  690.000  3.490900e+02  9.639514e+01 -1.646694e-14 
  691.000  3.653565e+02  1.005843e+02  0.000000e+00 
  692.000  3.679541e+02  1.009754e+02 -1.896489e-14 
  693.000  3.510825e+02  9.598873e+01  1.369400e-14 
  694.000  3.358340e+02  9.146246e+01 -1.229637e-14 
  695.000  3.408634e+02  9.257780e+01  4.581418e-16 
  696.000  3.519061e+02  9.529044e+01 -6.769551e-15 
  697.000  3.863192e+02  1.044270e+02 -4.178012e-15 
  698.000  3.720717e+02  1.001847e+02  1.050839e-14 
  699.000  3.487313e+02  9.354037e+01 -1.341100e-14 
  700.000  3.494716e+02  9.344172e+01  4.059322e-15 
  701.000  3.353521e+02  8.937634e+01 -7.319382e-15 
  702.000  3.385049e+02  8.994318e+01  1.288677e-14 
  703.000  3.681815e+02  9.756514e+01  1.657432e-14 
  704.000  3.705504e+02  9.789637e+01 -4.107124e-16 
  705.000  3.631458e+02  9.561495e+01  1.656910e-15 
  706.000  3.615045e+02  9.489362e+01  6.655768e-15 
  707.000  3.598910e+02  9.418813e+01 -2.603943e-16 
  708.000  3.746312e+02  9.776052e+01 -2.741464e-14 
  709.000  3.696254e+02  9.621117e+01  7.796990e-15 
  710.000  3.694523e+02  9.581572e+01  1.521730e-14 
  711.000  3.748310e+02  9.696693e+01 -1.878417e-14 
  712.000  3.773727e+02  9.740860e+01 -6.565772e-15 
  713.000  3.696937e+02  9.505916e+01  1.408661e-14 
  714.000  3.738158e+02  9.579792e+01 -6.814378e-15 
  715.000  3.507967e+02  8.955853e+01  6.228550e-15 
  716.000  3.490067e+02  8.877277e+01  5.902023e-15 
  717.000  2.799237e+02  7.041565e+01 -7.985363e-17 
  718.000  2.450902e+02  6.114009e+01 -5.958499e-15 
  719.000  2.308918e+02  5.739627e+01 -1.471003e-15 
  720.000  2.171167e+02  5.385967e+01  4.581638e-15 
  721.000  2.922933e+02  7.288483e+01  6.464511e-15 
  722.000  3.277533e+02  8.177820e+01  4.252593e-15 
  723.000  3.093438e+02  7.686115e+01  6.225222e-15 
  724.000  2.639832e+02  6.477652e+01  1.086181e-15 
  725.000  2.674236e+02  6.548460e+01 -2.991568e-15 
  726.000  2.650715e+02  6.469604e+01 -2.707378e-16 
  727.000  2.756324e+02  6.715324e+01 -2.436002e-15 
  728.000  2.642762e+02  6.412213e+01  2.920033e-15 
  729.000  2.706881e+02  6.571600e+01  7.652619e-16 
  730.000  2.781047e+02  6.727907e+01  0.000000e+00 
  731.000  2.704150e+02  6.518456e+01  3.386447e-15 
  732.000  3.062708e+02  7.411804e+01 -1.551919e-15 
  733.000  3.330527e+02  8.056151e+01  1.034755e-14 
  734.000  3.563659e+02  8.599109e+01  1.125156e-14 
  735.000  3.481953e+02  8.377670e+01  4.239509e-16 
  736.000  3.318254e+02  7.960814e+01  1.456973e-14 
  737.000  3.441345e+02  8.233252e+01  1.996454e-14 
  738.000  3.541686e+02  8.451365e+01  1.662893e-14 
  739.000  3.474791e+02  8.270484e+01  4.954138e-16 
  740.000  3.613326e+02  8.584772e+01  1.782211e-14 
  741.000  3.646843e+02  8.648146e+01  1.040085e-15 
  742.000  3.613824e+02  8.549733e+01  1.006240e-14 
  743.000  3.778845e+02  8.926050e+01  8.899821e-15 
  744.000  3.840698e+02  9.049154e+01  2.315652e-14 
  745.000  3.761906e+02  8.843701e+01  4.509967e-14 
  746.000  3.831435e+02  8.985826e+01  2.206800e-14 
  747.000  3.896225e+02  9.112589e+01  0.000000e+00 
  748.000  3.838663e+02  8.955947e+01  0.000000e+00 
  749.000  3.847258e+02  8.952125e+01  0.000000e+00 
  750.000  3.787527e+02  8.786671e+01  4.489799e-14 
  751.000  3.781189e+02  8.747585e+01  0.000000e+00 
  752.000  3.852721e+02  8.891219e+01  4.387673e-14 
  753.000  3.822982e+02  8.799142e+01 -4.501596e-14 
  754.000  3.888146e+02  8.924980e+01 -2.206542e-14 
  755.000  3.869261e+02  8.857175e+01  0.000000e+00 
  756.000  3.797037e+02  8.668021e+01  4.455451e-14 
  757.000  3.827683e+02  8.713928e+01  2.166115e-14 
  758.000  3.814425e+02  8.657485e+01  2.475921e-14 
  759.000  3.288272e+02  7.402174e+01  3.652206e-15 
  760.000  7.550851e+01  1.662395e+01 -3.366611e-16 
  761.000  6.046033e+01  1.329591e+01  3.256435e-16 
  762.000  1.734602e+02  3.823890e+01  2.496407e-15 
  763.000  1.356855e+02  2.986399e+01  2.628874e-17 
  764.000  1.566594e+02  3.437896e+01  1.386926e-15 
  765.000  2.089661e+02  4.568469e+01  1.889210e-21 
  766.000  2.655967e+02  5.852853e+01 -1.748621e-15 
  767.000  3.063539e+02  6.746903e+01  5.270506e-17 
  768.000  3.444074e+02  7.573576e+01 -6.838009e-15 
  769.000  3.605602e+02  7.924686e+01 -9.125388e-15 
  770.000  3.676978e+02  8.072421e+01 -7.739731e-15 
  771.000  3.723142e+02  8.158078e+01  2.087236e-14 
  772.000  3.720849e+02  8.133336e+01 -2.227393e-14 
  773.000  3.711824e+02  8.092819e+01  2.217819e-14 
  774.000  3.757981e+02  8.172485e+01  0.000000e+00 
  775.000  3.622024e+02  7.856618e+01  4.167245e-14 
  776.000  3.776094e+02  8.169813e+01  2.093914e-14 
  777.000  3.751805e+02  8.095722e+01  0.000000e+00 
  778.000  3.732166e+02  8.031628e+01 -4.433577e-14 
  779.000  3.744823e+02  8.037204e+01 -1.489899e-15 
  780.000  3.699942e+02  7.919899e+01 -1.471570e-15 
  781.000  3.700281e+02  7.901093e+01  0.000000e+00 
  782.000  3.745203e+02  7.975613e+01  0.000000e+00 
  783.000  3.659058e+02  7.771700e+01 -2.022460e-14 
  784.000  3.677179e+02  7.788699e+01 -4.214398e-14 
  785.000  3.668291e+02  7.744148e+01 -2.040989e-14 
  786.000  3.576990e+02  7.526417e+01  5.199389e-15 
  787.000  3.561832e+02  7.461977e+01  1.023043e-14 
  788.000  3.473638e+02  7.253000e+01 -2.010581e-14 
  789.000  3.368890e+02  7.004758e+01 -1.630384e-16 
  790.000  3.324821e+02  6.894729e+01 -1.588913e-14 
  791.000  3.332028e+02  6.893236e+01  1.718060e-14 
  792.000  3.302068e+02  6.815354e+01  9.767150e-15 
  793.000  3.350364e+02  6.901887e+01  8.928696e-15 
  794.000  3.423230e+02  7.048940e+01 -4.611096e-15 
  795.000  3.341069e+02  6.852499e+01  5.876330e-15 
  796.000  3.227278e+02  6.590289e+01  3.527714e-15 
  797.000  3.297571e+02  6.718702e+01 -1.910495e-14 
  798.000  3.410384e+02  6.940005e+01 -1.816624e-14 
  799.000  3.383814e+02  6.866049e+01  1.767562e-14 
  800.000  3.219217e+02  6.510152e+01 -8.403343e-15 
  801.000  3.289540e+02  6.636238e+01  1.376504e-14 
  802.000  3.276457e+02  6.592987e+01  9.683353e-15 
  803.000  3.242192e+02  6.508479e+01  1.203182e-14 
  804.000  3.310206e+02  6.631092e+01  8.973020e-15 
  805.000  3.290807e+02  6.582706e+01 -1.695094e-14 
  806.000  3.424697e+02  6.839414e+01  3.740924e-16 
  807.000  3.407450e+02  6.788416e+01 -2.095096e-14 
  808.000  3.363168e+02  6.680221e+01 -1.004523e-14 
  809.000  3.277458e+02  6.490317e+01  7.386592e-15 
  810.000  3.230671e+02  6.378499e+01  5.580119e-15 
  811.000  3.215442e+02  6.327903e+01  4.484907e-15 
  812.000  3.114407e+02  6.110452e+01  1.162144e-14 
  813.000  2.992939e+02  5.856612e+01  1.135135e-14 
  814.000  2.848994e+02  5.560500e+01  9.033855e-16 
  815.000  2.650060e+02  5.150761e+01  8.986827e-15 
  816.000  2.427772e+02  4.683493e+01  1.079752e-15 
  817.000  2.451085e+02  4.717918e+01 -2.554729e-15 
  818.000  2.452204e+02  4.710724e+01 -2.107952e-16 
  819.000  2.452278e+02  4.708542e+01 -2.232466e-15 
  820.000  2.623224e+02  5.043309e+01  3.653044e-16 
  821.000  2.981690e+02  5.718456e+01 -4.821579e-15 
  822.000  2.697255e+02  5.161686e+01  4.833528e-15 
  823.000  2.216987e+02  4.189633e+01 -2.181900e-16 
  824.000  2.690441e+02  5.123184e+01  8.741376e-16 
  825.000  2.998251e+02  5.696885e+01 -8.218906e-15 
  826.000  2.967444e+02  5.626294e+01 -4.336988e-15 
  827.000  2.918585e+02  5.520851e+01 -6.160474e-15 
  828.000  2.710215e+02  5.113905e+01  2.089160e-15 
  829.000  2.781322e+02  5.236974e+01 -7.565583e-15 
  830.000  2.819626e+02  5.296650e+01 -5.344109e-15 
  831.000  2.791065e+02  5.231005e+01  1.495610e-14 
  832.000  2.860685e+02  5.350026e+01  9.196012e-15 
  833.000  2.820106e+02  5.261993e+01 -5.917068e-15 
  834.000  2.920182e+02  5.436710e+01  1.549786e-15 
  835.000  3.039577e+02  5.649427e+01 -7.994624e-15 
  836.000  3.040837e+02  5.637573e+01  1.286906e-15 
  837.000  3.014250e+02  5.575714e+01 -1.195330e-15 
  838.000  3.080909e+02  5.688267e+01 -5.325329e-15 
  839.000  3.018494e+02  5.562425e+01  1.137035e-14 
  840.000  3.112500e+02  5.723399e+01 -1.827429e-14 
  841.000  3.086695e+02  5.660601e+01 -3.465618e-14 
  842.000  3.100165e+02  5.674460e+01  0.000000e+00 
  843.000  3.154714e+02  5.768608e+01  3.544410e-15 
  844.000  3.137436e+02  5.728569e+01  1.790733e-15 
  845.000  3.202154e+02  5.835826e+01  9.968101e-15 
  846.000  3.248621e+02  5.909800e+01  2.031681e-14 
  847.000  3.155490e+02  5.730465e+01  1.116132e-14 
  848.000  3.219377e+02  5.827884e+01  1.258573e-14 
  849.000  3.229975e+02  5.834341e+01 -8.265619e-15 
  850.000  2.780691e+02  5.009315e+01  2.382563e-14 
  851.000  3.169308e+02  5.693909e+01  5.613370e-16 
  852.000  3.051709e+02  5.470459e+01  4.970759e-15 
  853.000  3.115697e+02  5.576777e+01 -2.447727e-16 
  854.000  2.504662e+02  4.472831e+01  1.017504e-14 
  855.000  2.770429e+02  4.938378e+01  2.853341e-14 
  856.000  3.172341e+02  5.645686e+01 -6.080570e-14 
  857.000  3.236157e+02  5.749180e+01  1.240820e-15 
  858.000  3.191230e+02  5.658066e+01  3.521827e-14 
  859.000  3.205124e+02  5.673132e+01 -3.518025e-14 
  860.000  3.184428e+02  5.625497e+01  1.682068e-14 
  861.000  3.186210e+02  5.616344e+01 -6.847765e-14 
  862.000  3.179920e+02  5.593473e+01 -3.471839e-14 
  863.000  3.242256e+02  5.690554e+01 -1.707769e-14 
  864.000  3.240151e+02  5.675016e+01  1.223440e-15 
  865.000  3.183452e+02  5.563973e+01  1.672030e-14 
  866.000  2.671635e+02  4.659213e+01  0.000000e+00 
  867.000  2.845290e+02  4.950964e+01  0.000000e+00 
  868.000  3.087048e+02  5.359861e+01 -1.503510e-14 
  869.000  3.045447e+02  5.276171e+01  1.597031e-14 
  870.000  3.171218e+02  5.481807e+01  0.000000e+00 
  871.000  3.168449e+02  5.465183e+01  0.000000e+00 
  872.000  3.158701e+02  5.436905e+01 -1.772497e-14 
  873.000  3.170023e+02  5.443950e+01 -1.660649e-14 
  874.000  3.100200e+02  5.312144e+01  0.000000e+00 
  875.000  3.072201e+02  5.252616e+01  3.334616e-14 
  876.000  3.096880e+02  5.282943e+01 -3.246644e-14 
  877.000  3.158816e+02  5.376714e+01 -3.430729e-14 
  878.000  3.097133e+02  5.258406e+01  0.000000e+00 
  879.000  3.105365e+02  5.260957e+01 -1.632592e-14 
  880.000  3.080973e+02  5.206731e+01  0.000000e+00 
  881.000  2.918540e+02  4.920821e+01 -8.254799e-15 
  882.000  3.076768e+02  5.175587e+01  0.000000e+00 
  883.000  3.011079e+02  5.055050e+01 -8.512286e-15 
  884.000  3.038946e+02  5.091231e+01 -8.583543e-15 
  885.000  3.057301e+02  5.107857e+01 -1.678500e-14 
  886.000  2.940645e+02  4.900550e+01  5.755499e-16 
  887.000  2.924023e+02  4.863383e+01 -2.439299e-14 
  888.000  3.011311e+02  4.997681e+01 -1.655922e-14 
  889.000  3.036256e+02  5.029229e+01  0.000000e+00 
  890.000  3.016707e+02  4.985617e+01 -7.511804e-15 
  891.000  2.976065e+02  4.903820e+01  1.138575e-14 
  892.000  2.911491e+02  4.779812e+01 -7.979077e-15 
  893.000  2.642784e+02  4.318464e+01 -6.409656e-15 
  894.000  2.648330e+02  4.316110e+01  5.630538e-15 
  895.000  2.290159e+02  3.725778e+01  1.407497e-15 
  896.000  2.163915e+02  3.501235e+01  1.830932e-15 
  897.000  1.903207e+02  3.051609e+01  2.099555e-16 
  898.000  1.812644e+02  2.893447e+01 -9.788726e-16 
  899.000  1.575754e+02  2.507105e+01  1.460917e-15 
  900.000  1.565429e+02  2.484654e+01 -9.093207e-16 
  901.000  1.478078e+02  2.342346e+01 -5.250642e-16 
  902.000  1.465233e+02  2.317554e+01  4.457418e-16 
  903.000  1.944411e+02  3.085121e+01 -2.357998e-16 
  904.000  2.254093e+02  3.593061e+01 -4.121580e-15 
  905.000  2.241842e+02  3.566879e+01  4.765662e-16 
  906.000  2.010427e+02  3.180771e+01 -3.607433e-16 
  907.000  1.758207e+02  2.754189e+01  1.933264e-15 
  908.000  1.542092e+02  2.409429e+01  1.290884e-15 
  909.000  1.520987e+02  2.371272e+01  4.316589e-16 
  910.000  1.563194e+02  2.431765e+01 -1.072953e-16 
  911.000  1.669226e+02  2.592256e+01 -2.736339e-15 
  912.000  1.619723e+02  2.509533e+01  1.306203e-16 
  913.000  1.433613e+02  2.221103e+01 -1.839731e-15 
  914.000  1.533118e+02  2.367017e+01 -4.440273e-16 
  915.000  1.595809e+02  2.458001e+01  2.639333e-17 
  916.000  1.642625e+02  2.525394e+01 -9.877140e-16 
  917.000  1.669746e+02  2.563033e+01 -9.306056e-16 
  918.000  1.729876e+02  2.652640e+01 -8.993548e-16 
  919.000  1.995836e+02  3.076479e+01 -5.211248e-18 
  920.000  2.176696e+02  3.363761e+01 -5.764229e-15 
  921.000  2.089058e+02  3.220975e+01  3.221743e-16 
  922.000  2.068065e+02  3.182269e+01 -1.998345e-15 
  923.000  1.930536e+02  2.961486e+01 -3.443129e-15 
  924.000  1.887414e+02  2.877635e+01  1.162681e-15 
  925.000  1.897288e+02  2.885131e+01  2.668969e-15 
  926.000  1.813246e+02  2.749785e+01 -8.776173e-16 
  927.000  1.730035e+02  2.605419e+01 -1.841489e-15 
  928.000  1.525119e+02  2.285227e+01 -5.461945e-16 
  929.000  1.231435e+02  1.846617e+01 -7.165841e-16 
  930.000  9.376418e+01  1.414431e+01 -2.168148e-16 
  931.000  6.766604e+01  1.025609e+01 -1.122446e-16 
  932.000  4.028718e+01  6.205631e+00  5.639183e-17 
  933.000  2.711859e+01  4.319208e+00 -5.640626e-21 
  934.000  1.726254e+01  2.924210e+00  3.069312e-22 
  935.000  1.599302e+01  2.733097e+00 -4.343984e-23 
  936.000  1.879842e+01  3.119637e+00 -6.443804e-18 
  937.000  1.864794e+01  3.101825e+00 -6.593099e-18 
  938.000  3.033080e+01  4.715519e+00 -4.080902e-17 
  939.000  8.196384e+01  1.216923e+01  1.893528e-25 
  940.000  9.290654e+01  1.368434e+01 -5.037915e-16 
  941.000  8.222169e+01  1.214797e+01  1.184296e-16 
  942.000  6.032255e+01  8.974957e+00  1.541956e-16 
  943.000  3.815044e+01  5.753603e+00  4.110420e-20 
  944.000  3.546700e+01  5.356338e+00 -2.113530e-16 
  945.000  4.319490e+01  6.451909e+00  3.953019e-18 
  946.000  4.456993e+01  6.636143e+00  2.088751e-33 
  947.000  5.288271e+01  7.814559e+00  5.510315e-17 
  948.000  5.870757e+01  8.640661e+00 -1.855230e-29 
  949.000  5.868939e+01  8.617157e+00 -3.807120e-16 
  950.000  5.991616e+01  8.774912e+00 -9.695899e-17 
  951.000  7.291212e+01  1.061639e+01  1.082060e-16 
  952.000  5.966759e+01  8.696324e+00  1.077986e-16 
  953.000  6.968603e+01  1.011300e+01 -1.105499e-16 
  954.000  8.121926e+01  1.172189e+01  1.982787e-16 
  955.000  6.775895e+01  9.783884e+00 -1.954275e-16 
  956.000  7.142455e+01  1.029090e+01  3.721242e-18 
  957.000  1.044701e+02  1.488873e+01 -3.993949e-16 
  958.000  1.111255e+02  1.578818e+01 -5.170237e-16 
  959.000  1.060568e+02  1.507516e+01  4.191932e-16 
  960.000  1.038940e+02  1.475193e+01 -1.431795e-16 
  961.000  1.002572e+02  1.422452e+01  9.353067e-18 
  962.000  1.039791e+02  1.471574e+01  7.922200e-17 
  963.000  1.257557e+02  1.766651e+01  4.212778e-16 
  964.000  1.280838e+02  1.795327e+01 -4.163560e-16 
  965.000  1.279519e+02  1.791432e+01  4.014465e-17 
  966.000  1.260283e+02  1.761378e+01  2.196321e-16 
  967.000  1.479484e+02  2.061408e+01  3.499466e-16 
  968.000  1.798846e+02  2.523427e+01 -6.280808e-16 
  969.000  1.981351e+02  2.786019e+01  1.008917e-16 
  970.000  1.999525e+02  2.807215e+01 -5.037687e-18 
  971.000  1.978995e+02  2.773368e+01  2.902998e-15 
  972.000  1.944151e+02  2.717735e+01 -1.968965e-15 
  973.000  1.818098e+02  2.529249e+01 -2.688806e-16 
  974.000  1.667400e+02  2.304510e+01 -6.611181e-16 
  975.000  1.600107e+02  2.202518e+01 -1.050534e-15 
  976.000  1.714912e+02  2.363037e+01  1.850859e-16 
  977.000  1.833541e+02  2.536938e+01  1.925514e-15 
  978.000  1.868156e+02  2.579498e+01 -1.546507e-15 
  979.000  1.860670e+02  2.568015e+01  1.302555e-15 
  980.000  2.068736e+02  2.854073e+01 -2.594213e-15 
  981.000  2.127477e+02  2.929851e+01  9.434290e-16 
  982.000  2.084535e+02  2.866717e+01 -3.265500e-15 
  983.000  2.178778e+02  2.990319e+01  4.850445e-15 
  984.000  2.268986e+02  3.108859e+01  0.000000e+00 
  985.000  2.329610e+02  3.187816e+01 -6.472651e-15 
  986.000  2.390580e+02  3.269395e+01  9.285784e-16 
  987.000  2.454498e+02  3.353542e+01  8.948829e-15 
  988.000  2.433712e+02  3.320025e+01  2.896244e-15 
  989.000  2.409072e+02  3.281091e+01  7.874814e-15 
  990.000  2.438951e+02  3.316644e+01 -1.675600e-15 
  991.000  2.489724e+02  3.382518e+01 -2.142324e-15 
  992.000  2.475876e+02  3.358589e+01  6.070421e-15 
  993.000  2.479609e+02  3.358007e+01  3.803552e-15 
  994.000  2.518421e+02  3.406381e+01 -6.418202e-15 
  995.000  2.518912e+02  3.403543e+01  2.685217e-14 
  996.000  2.518741e+02  3.397228e+01 -4.572537e-16 
  997.000  2.510404e+02  3.378348e+01 -1.321028e-14 
  998.000  2.489270e+02  3.343387e+01  1.857501e-16 
  999.000  2.478480e+02  3.322428e+01 -1.040200e-14 
 1000.000  2.463107e+02  3.296403e+01  6.277138e-15 
 1001.000  2.449225e+02  3.269096e+01 -1.664619e-15 
 1002.000  2.402138e+02  3.196753e+01  8.128542e-15 
 1003.000  2.384837e+02  3.168961e+01 -1.399936e-16 
 1004.000  2.390170e+02  3.172650e+01  6.180113e-15 
 1005.000  2.243521e+02  2.973790e+01 -9.873971e-15 
 1006.000  2.365330e+02  3.130103e+01  4.472697e-15 
 1007.000  2.400529e+02  3.170287e+01  3.829252e-15 
 1008.000  2.375887e+02  3.129186e+01 -6.373811e-15 
 1009.000  2.315545e+02  3.041271e+01  1.550456e-15 
 1010.000  2.345365e+02  3.076366e+01 -2.204713e-15 
 1011.000  2.382673e+02  3.123786e+01  5.612273e-15 
 1012.000  2.403085e+02  3.146901e+01 -2.533131e-15 
 1013.000  2.401080e+02  3.140385e+01 -2.055978e-15 
 1014.000  2.423403e+02  3.164796e+01  8.328977e-15 
 1015.000  2.380377e+02  3.103372e+01 -2.883918e-15 
 1016.000  2.402813e+02  3.127969e+01 -8.684730e-15 
 1017.000  2.382091e+02  3.095084e+01 -1.249328e-14 
 1018.000  2.406642e+02  3.121650e+01  4.647785e-15 
 1019.000  2.335645e+02  3.022561e+01  2.004036e-15 
 1020.000  2.336938e+02  3.019642e+01  1.018321e-15 
 1021.000  2.372540e+02  3.061700e+01  1.286099e-14 
 1022.000  2.317666e+02  2.983629e+01  3.682589e-15 
 1023.000  2.345948e+02  3.013233e+01 -6.726525e-15 
 1024.000  2.324549e+02  2.979741e+01 -8.473888e-15 
 1025.000  2.354645e+02  3.016142e+01  3.996196e-15 
 1026.000  2.371432e+02  3.033953e+01  2.838813e-15 
 1027.000  2.352039e+02  3.003409e+01  1.849044e-14 
 1028.000  2.362910e+02  3.012703e+01 -3.303436e-15 
 1029.000  2.339415e+02  2.978379e+01  4.235123e-16 
 1030.000  2.375585e+02  3.021001e+01 -1.276556e-14 
 1031.000  2.374771e+02  3.015742e+01 -1.186964e-14 
 1032.000  2.371810e+02  3.007579e+01 -1.267496e-14 
 1033.000  2.330132e+02  2.949944e+01 -8.334170e-16 
 1034.000  2.357502e+02  2.979904e+01  1.257141e-14 
 1035.000  2.334337e+02  2.945857e+01 -1.160411e-14 
 1036.000  2.365050e+02  2.979620e+01  1.175640e-14 
 1037.000  2.316375e+02  2.913500e+01 -1.233559e-14 
 1038.000  2.340803e+02  2.939446e+01 -2.407881e-14 
 1039.000  2.348875e+02  2.944353e+01 -1.250982e-14 
 1040.000  2.320133e+02  2.903263e+01 -1.236390e-14 
 1041.000  2.331632e+02  2.912604e+01 -1.159817e-14 
 1042.000  2.338606e+02  2.916397e+01 -8.351971e-16 
 1043.000  2.298779e+02  2.861977e+01  1.225296e-14 
 1044.000  2.321121e+02  2.884868e+01  2.392295e-14 
 1045.000  2.308349e+02  2.863754e+01  1.232774e-14 
 1046.000  2.240066e+02  2.774244e+01 -1.197197e-14 
 1047.000  2.279374e+02  2.817945e+01  0.000000e+00 
 1048.000  2.301011e+02  2.839824e+01 -1.765858e-14 
 1049.000  2.285285e+02  2.815628e+01 -1.224931e-14 
 1050.000  2.268946e+02  2.790467e+01  1.218074e-14 
 1051.000  2.265012e+02  2.780381e+01  2.315074e-14 
 1052.000  2.252011e+02  2.759496e+01 -4.064494e-16 
 1053.000  2.252731e+02  2.755783e+01  0.000000e+00 
 1054.000  2.225769e+02  2.717732e+01  0.000000e+00 
 1055.000  2.237914e+02  2.727460e+01 -1.736485e-14 
 1056.000  2.228822e+02  2.711470e+01 -6.045728e-15 
 1057.000  2.216500e+02  2.690862e+01  1.167924e-14 
 1058.000  2.178159e+02  2.637834e+01 -5.589044e-15 
 1059.000  2.111145e+02  2.552708e+01  1.121491e-14 
 1060.000  2.195362e+02  2.651404e+01 -6.005584e-15 
 1061.000  2.116970e+02  2.552349e+01 -5.796800e-15 
 1062.000  2.167120e+02  2.607331e+01  0.000000e+00 
 1063.000  2.128300e+02  2.556199e+01  0.000000e+00 
 1064.000  2.148728e+02  2.575565e+01  0.000000e+00 
 1065.000  2.135637e+02  2.554354e+01  5.550021e-15 
 1066.000  2.071321e+02  2.473563e+01  0.000000e+00 
 1067.000  2.117552e+02  2.525092e+01  4.643654e-15 
 1068.000  2.088817e+02  2.484826e+01 -3.683776e-15 
 1069.000  1.920321e+02  2.279741e+01  4.835600e-15 
 1070.000  2.036389e+02  2.413831e+01  4.672307e-15 
 1071.000  2.026234e+02  2.396935e+01  2.184903e-15 
 1072.000  2.018999e+02  2.383716e+01  4.445288e-16 
 1073.000  1.949782e+02  2.298210e+01 -4.882290e-16 
 1074.000  2.020128e+02  2.377522e+01  5.262178e-15 
 1075.000  1.976673e+02  2.323919e+01  7.015380e-15 
 1076.000  2.007245e+02  2.355356e+01  4.017409e-15 
 1077.000  1.986043e+02  2.325921e+01 -1.825407e-16 
 1078.000  1.972053e+02  2.305070e+01  2.736836e-15 
 1079.000  1.892834e+02  2.208911e+01  5.633075e-15 
 1080.000  1.897420e+02  2.209615e+01  5.561165e-15 
 1081.000  1.824975e+02  2.121933e+01 -8.164165e-15 
 1082.000  1.869987e+02  2.171192e+01 -2.552364e-15 
 1083.000  1.793190e+02  2.078349e+01 -3.282578e-15 
 1084.000  1.832152e+02  2.120060e+01 -2.445870e-15 
 1085.000  1.740683e+02  2.011692e+01  3.064505e-16 
 1086.000  1.778603e+02  2.052035e+01  1.951855e-15 
 1087.000  1.739623e+02  2.003411e+01 -1.547877e-15 
 1088.000  1.848621e+02  2.125714e+01  3.864590e-15 
 1089.000  1.689226e+02  1.939828e+01  5.355323e-15 
 1090.000  1.708513e+02  1.959009e+01 -1.334900e-15 
 1091.000  1.735586e+02  1.986585e+01 -5.114999e-16 
 1092.000  1.651136e+02  1.887290e+01 -7.926992e-16 
 1093.000  1.537264e+02  1.753493e+01  2.746776e-15 
 1094.000  1.362985e+02  1.550656e+01  3.470447e-15 
 1095.000  1.480466e+02  1.681884e+01 -4.914849e-16 
 1096.000  1.477675e+02  1.676055e+01  3.520015e-16 
 1097.000  1.438050e+02  1.627349e+01  1.459250e-15 
 1098.000  1.215536e+02  1.360658e+01 -6.133811e-16 
 1099.000  1.056593e+02  1.179454e+01  9.387634e-16 
 1100.000  1.084087e+02  1.208058e+01  3.752559e-16 
