  400.000  6.002374e+02  3.950668e+02 -8.807998e-14 
  401.000  5.981219e+02  3.900175e+02 -4.836951e-14 
  402.000  6.354639e+02  4.105449e+02 -5.287301e-14 
  403.000  5.966181e+02  3.819168e+02  9.531551e-14 
  404.000  6.426577e+02  4.076441e+02  7.047364e-14 
  405.000  5.907248e+02  3.713121e+02 -5.626660e-14 
  406.000  5.876025e+02  3.660320e+02 -6.701946e-14 
  407.000  5.735692e+02  3.541032e+02 -2.016097e-14 
  408.000  6.227367e+02  3.810507e+02 -7.510365e-14 
  409.000  6.907738e+02  4.189597e+02 -4.031545e-15 
  410.000  5.787327e+02  3.479337e+02  4.312127e-14 
  411.000  6.809989e+02  4.058545e+02 -4.783483e-14 
  412.000  7.070454e+02  4.177329e+02 -5.175222e-15 
  413.000  6.692266e+02  3.919946e+02  4.904772e-14 
  414.000  6.581028e+02  3.821801e+02  1.773362e-14 
  415.000  7.032086e+02  4.049149e+02 -8.119021e-14 
  416.000  7.002152e+02  3.997927e+02 -2.763642e-14 
  417.000  6.801456e+02  3.850794e+02  6.648424e-15 
  418.000  6.665387e+02  3.742323e+02  8.343600e-14 
  419.000  6.840925e+02  3.809065e+02 -4.900906e-14 
  420.000  5.800413e+02  3.203115e+02  1.273888e-13 
  421.000  7.279801e+02  3.987203e+02  1.878752e-14 
  422.000  6.987363e+02  3.795971e+02  1.580748e-13 
  423.000  5.911114e+02  3.185387e+02 -6.715694e-14 
  424.000  6.512648e+02  3.481406e+02  9.748887e-15 
  425.000  6.756111e+02  3.582714e+02  3.433105e-14 
  426.000  6.504993e+02  3.422163e+02 -1.392856e-14 
  427.000  6.267076e+02  3.270984e+02  7.457469e-15 
  428.000  6.355984e+02  3.291367e+02  1.074768e-13 
  429.000  5.791515e+02  2.975677e+02 -2.876177e-14 
  430.000  4.628654e+02  2.359752e+02 -3.302431e-14 
  431.000  4.167915e+02  2.108483e+02  2.346854e-15 
  432.000  7.513618e+02  3.771886e+02 -1.138059e-13 
  433.000  6.698184e+02  3.336907e+02 -1.081543e-14 
  434.000  6.375748e+02  3.152213e+02 -1.231381e-14 
  435.000  6.946811e+02  3.408680e+02  2.327721e-14 
  436.000  7.714138e+02  3.756831e+02  1.415548e-14 
  437.000  7.799753e+02  3.770215e+02  3.264112e-14 
  438.000  6.996878e+02  3.357047e+02  9.582289e-14 
  439.000  6.780241e+02  3.229131e+02  1.086720e-13 
  440.000  7.609890e+02  3.597649e+02 -6.873765e-14 
  441.000  7.595701e+02  3.564705e+02 -1.358996e-15 
  442.000  8.010769e+02  3.732143e+02  6.806180e-14 
  443.000  8.075305e+02  3.734948e+02 -4.401868e-16 
  444.000  8.033679e+02  3.688878e+02  1.385749e-16 
  445.000  8.461813e+02  3.857505e+02 -1.501052e-13 
  446.000  7.542227e+02  3.413585e+02  3.621281e-14 
  447.000  8.613371e+02  3.870797e+02  7.297642e-14 
  448.000  8.768259e+02  3.913132e+02 -2.005271e-13 
  449.000  8.839408e+02  3.917870e+02  1.606727e-14 
  450.000  9.043715e+02  3.981046e+02  3.977486e-14 
  451.000  9.786075e+02  4.278415e+02 -1.048176e-13 
  452.000  9.108734e+02  3.955119e+02  5.203825e-15 
  453.000  8.465813e+02  3.650946e+02  6.311259e-14 
  454.000  9.036852e+02  3.870785e+02 -3.455972e-14 
  455.000  9.111181e+02  3.876265e+02 -7.397473e-14 
  456.000  9.343387e+02  3.948260e+02 -1.431824e-15 
  457.000  9.407158e+02  3.948607e+02 -1.345185e-15 
  458.000  9.252865e+02  3.857974e+02  7.194413e-14 
  459.000  9.262770e+02  3.836461e+02  1.780025e-13 
  460.000  9.193018e+02  3.782432e+02 -8.144174e-14 
  461.000  9.537497e+02  3.898391e+02 -9.856484e-15 
  462.000  9.393055e+02  3.814222e+02  1.046561e-13 
  463.000  9.406184e+02  3.794663e+02  1.114344e-13 
  464.000  9.447093e+02  3.786587e+02 -1.080799e-14 
  465.000  9.318784e+02  3.711152e+02 -5.113407e-14 
  466.000  9.623722e+02  3.808030e+02  7.282335e-14 
  467.000  9.293270e+02  3.653746e+02 -1.790742e-14 
  468.000  9.847665e+02  3.846866e+02  6.103180e-14 
  469.000  9.770330e+02  3.792037e+02 -3.164387e-14 
  470.000  9.644318e+02  3.718857e+02  9.634968e-15 
  471.000  9.635100e+02  3.691050e+02 -3.983821e-14 
  472.000  9.760841e+02  3.714709e+02 -2.815409e-14 
  473.000  9.662231e+02  3.652912e+02 -1.496810e-14 
  474.000  9.747253e+02  3.660591e+02  1.084191e-13 
  475.000  1.014782e+03  3.784824e+02  4.500759e-14 
  476.000  9.841355e+02  3.644420e+02  3.170693e-14 
  477.000  9.756919e+02  3.588456e+02  1.499588e-14 
  478.000  1.024756e+03  3.747426e+02  5.708329e-14 
  479.000  9.791130e+02  3.562249e+02  1.011174e-13 
  480.000  9.992952e+02  3.617724e+02  9.232184e-15 
  481.000  9.940444e+02  3.580284e+02 -5.499204e-14 
  482.000  1.015648e+03  3.638705e+02 -1.521539e-14 
  483.000  1.017487e+03  3.625385e+02 -1.886444e-14 
  484.000  9.790782e+02  3.468973e+02 -6.232108e-14 
  485.000  9.870070e+02  3.477173e+02 -1.485238e-13 
  486.000  8.008306e+02  2.805171e+02  1.043487e-13 
  487.000  9.007320e+02  3.137072e+02  1.084785e-13 
  488.000  9.786928e+02  3.389109e+02  4.246451e-14 
  489.000  9.104172e+02  3.134703e+02 -1.033932e-13 
  490.000  1.037187e+03  3.550909e+02  7.370738e-15 
  491.000  9.712722e+02  3.306373e+02 -5.062165e-15 
  492.000  9.340646e+02  3.161704e+02 -1.198744e-13 
  493.000  1.006745e+03  3.388524e+02  1.066035e-13 
  494.000  9.732918e+02  3.257515e+02 -6.976925e-14 
  495.000  1.041215e+03  3.465376e+02  1.155022e-13 
  496.000  1.014867e+03  3.358822e+02 -1.708466e-15 
  497.000  9.852518e+02  3.242706e+02 -1.634933e-16 
  498.000  9.627314e+02  3.151082e+02 -6.397248e-14 
  499.000  9.611580e+02  3.128594e+02 -1.089373e-13 
  500.000  9.576694e+02  3.100140e+02  6.933065e-14 
  501.000  9.369246e+02  3.016388e+02  3.873839e-14 
  502.000  9.315020e+02  2.982611e+02 -3.596986e-14 
  503.000  9.877867e+02  3.145702e+02 -3.114867e-14 
  504.000  9.197322e+02  2.913165e+02 -4.881355e-14 
  505.000  9.927617e+02  3.127553e+02 -1.043045e-14 
  506.000  1.063482e+03  3.332552e+02 -1.415088e-14 
  507.000  9.901273e+02  3.086289e+02 -1.020432e-13 
  508.000  9.501483e+02  2.946105e+02 -9.341022e-14 
  509.000  1.025228e+03  3.162258e+02 -9.378616e-14 
  510.000  9.940043e+02  3.049939e+02 -2.609229e-14 
  511.000  9.949058e+02  3.036809e+02 -6.573391e-14 
  512.000  1.044841e+03  3.172692e+02  4.670351e-14 
  513.000  9.568405e+02  2.890480e+02 -7.266956e-14 
  514.000  9.373171e+02  2.816946e+02 -8.844175e-15 
  515.000  9.574668e+02  2.862773e+02  4.828105e-14 
  516.000  1.006324e+03  2.993466e+02  1.102876e-13 
  517.000  7.417204e+02  2.195083e+02  1.376266e-14 
  518.000  9.188211e+02  2.705354e+02 -1.236932e-15 
  519.000  8.709948e+02  2.551528e+02  5.566139e-14 
  520.000  9.594851e+02  2.796565e+02 -2.763910e-14 
  521.000  9.605534e+02  2.785563e+02  1.502479e-14 
  522.000  9.992181e+02  2.883071e+02 -9.115741e-14 
  523.000  9.313290e+02  2.673582e+02  1.291953e-13 
  524.000  1.010991e+03  2.887659e+02  9.832542e-14 
  525.000  1.003432e+03  2.851640e+02 -1.255896e-13 
  526.000  9.567817e+02  2.705544e+02 -1.630963e-14 
  527.000  8.362416e+02  2.352907e+02  9.466986e-14 
  528.000  1.004862e+03  2.813308e+02 -2.168149e-14 
  529.000  1.033938e+03  2.880399e+02 -6.345097e-14 
  530.000  9.774948e+02  2.709773e+02 -1.171888e-14 
  531.000  1.064558e+03  2.936701e+02  9.636182e-14 
  532.000  1.016117e+03  2.789512e+02 -4.504885e-14 
  533.000  8.929254e+02  2.439643e+02  3.822907e-14 
  534.000  9.714899e+02  2.641929e+02 -4.673341e-14 
  535.000  9.917094e+02  2.684543e+02  1.209801e-13 
  536.000  1.052844e+03  2.836979e+02  8.496466e-14 
  537.000  9.772820e+02  2.621272e+02 -5.234470e-14 
  538.000  1.023529e+03  2.732654e+02  3.009165e-14 
  539.000  1.020669e+03  2.712450e+02  1.225330e-13 
  540.000  9.993666e+02  2.643596e+02 -5.657863e-14 
  541.000  9.168715e+02  2.414223e+02 -1.589262e-14 
  542.000  1.023299e+03  2.682093e+02 -3.667037e-14 
  543.000  9.793351e+02  2.555113e+02  6.741114e-14 
  544.000  1.033508e+03  2.684121e+02  5.121224e-14 
  545.000  1.018680e+03  2.633542e+02 -2.204720e-14 
  546.000  9.965798e+02  2.564690e+02  7.895479e-14 
  547.000  1.039498e+03  2.663038e+02 -3.295452e-14 
  548.000  9.650315e+02  2.461113e+02 -7.365335e-14 
  549.000  1.016193e+03  2.579947e+02  2.455012e-14 
  550.000  9.945670e+02  2.513718e+02  8.185585e-14 
  551.000  9.891688e+02  2.488861e+02  1.123710e-13 
  552.000  1.032680e+03  2.586742e+02  8.155095e-15 
  553.000  9.930560e+02  2.476399e+02 -1.528503e-13 
  554.000  1.026363e+03  2.548079e+02  1.653035e-13 
  555.000  1.030120e+03  2.546074e+02 -1.053660e-14 
  556.000  1.002573e+03  2.467038e+02  6.156232e-15 
  557.000  9.736336e+02  2.385232e+02  8.138686e-15 
  558.000  1.011456e+03  2.466959e+02  5.627966e-14 
  559.000  9.568298e+02  2.323444e+02 -1.414114e-14 
  560.000  9.617960e+02  2.325191e+02 -1.306050e-15 
  561.000  1.057868e+03  2.546134e+02  1.547097e-14 
  562.000  9.713630e+02  2.326879e+02  1.060699e-14 
  563.000  1.016963e+03  2.425249e+02 -6.589748e-14 
  564.000  1.003241e+03  2.381691e+02  1.560453e-14 
  565.000  1.015487e+03  2.399399e+02 -4.486706e-14 
  566.000  9.369705e+02  2.204134e+02  6.315037e-14 
  567.000  1.004390e+03  2.349948e+02 -1.825012e-14 
  568.000  9.963146e+02  2.310957e+02 -3.905525e-14 
  569.000  9.627739e+02  2.208630e+02 -3.081370e-14 
  570.000  9.712028e+02  2.220593e+02 -3.841491e-15 
  571.000  9.481979e+02  2.169735e+02 -2.425298e-14 
  572.000  9.929679e+02  2.251595e+02  2.113246e-14 
  573.000  1.007474e+03  2.277875e+02 -1.991078e-14 
  574.000  1.003816e+03  2.261005e+02 -8.496524e-15 
  575.000  9.795109e+02  2.196209e+02 -1.111953e-14 
  576.000  9.624033e+02  2.148617e+02  4.027995e-14 
  577.000  1.006212e+03  2.239553e+02  3.255334e-14 
  578.000  9.814352e+02  2.180909e+02 -2.568532e-14 
  579.000  9.771771e+02  2.166249e+02 -2.286766e-14 
  580.000  1.013048e+03  2.238935e+02  5.652405e-14 
  581.000  9.982971e+02  2.201728e+02 -7.995202e-14 
  582.000  1.015397e+03  2.232571e+02 -1.353230e-13 
  583.000  1.023410e+03  2.241469e+02  4.511495e-14 
  584.000  1.021104e+03  2.227750e+02  1.478648e-14 
  585.000  1.015018e+03  2.205434e+02  6.221088e-14 
  586.000  9.721130e+02  2.103719e+02  7.658962e-14 
  587.000  1.005576e+03  2.161691e+02  2.575328e-14 
  588.000  9.745687e+02  2.068195e+02 -2.819073e-14 
  589.000  8.357556e+02  1.750328e+02  2.699086e-15 
  590.000  8.712390e+02  1.816535e+02 -4.191435e-16 
  591.000  9.477109e+02  1.979812e+02 -1.649833e-14 
  592.000  9.189611e+02  1.906402e+02 -1.899620e-14 
  593.000  9.534565e+02  1.984409e+02 -3.795333e-14 
  594.000  9.573321e+02  1.981253e+02  2.268329e-15 
  595.000  9.227013e+02  1.893038e+02 -8.082477e-15 
  596.000  9.710858e+02  1.999211e+02  1.634999e-14 
  597.000  9.696357e+02  1.985410e+02  1.355415e-14 
  598.000  9.607480e+02  1.966656e+02 -4.847863e-15 
  599.000  9.661174e+02  1.973576e+02 -1.253168e-14 
  600.000  9.763804e+02  1.995305e+02  2.660584e-14 
  601.000  9.780085e+02  1.997157e+02 -2.435711e-14 
  602.000  9.702534e+02  1.976797e+02  6.649146e-14 
  603.000  9.789945e+02  1.989938e+02 -3.920980e-15 
  604.000  1.012478e+03  2.052537e+02 -7.231700e-15 
  605.000  1.011533e+03  2.044026e+02 -1.564674e-14 
  606.000  1.000867e+03  2.015273e+02  6.277726e-14 
  607.000  9.962773e+02  1.998864e+02  2.385619e-14 
  608.000  9.935452e+02  1.986144e+02 -9.485172e-15 
  609.000  9.842256e+02  1.960345e+02 -8.912676e-14 
  610.000  9.693023e+02  1.923589e+02  2.403030e-14 
  611.000  9.858628e+02  1.949326e+02  2.507756e-14 
  612.000  9.738344e+02  1.918531e+02  9.268935e-14 
  613.000  9.603857e+02  1.885140e+02 -5.555578e-14 
  614.000  9.264448e+02  1.811886e+02 -1.314776e-14 
  615.000  9.715811e+02  1.893254e+02 -9.045109e-15 
  616.000  9.244894e+02  1.794933e+02 -9.154773e-15 
  617.000  9.303875e+02  1.799786e+02  2.692767e-15 
  618.000  9.749288e+02  1.879025e+02 -7.989888e-14 
  619.000  9.665886e+02  1.856059e+02  6.567841e-15 
  620.000  9.814416e+02  1.877589e+02 -6.482539e-14 
  621.000  9.988492e+02  1.903749e+02  1.339917e-14 
  622.000  9.465887e+02  1.797349e+02 -3.667781e-14 
  623.000  9.543345e+02  1.805132e+02 -3.561815e-14 
  624.000  9.557208e+02  1.800885e+02 -2.237891e-15 
  625.000  9.301233e+02  1.745969e+02 -1.569647e-14 
  626.000  9.341839e+02  1.745800e+02 -4.021128e-14 
  627.000  9.431879e+02  1.748478e+02 -1.139084e-14 
  628.000  9.195196e+02  1.685224e+02  1.256728e-14 
  629.000  9.470468e+02  1.734803e+02 -6.764965e-15 
  630.000  9.227041e+02  1.689576e+02 -3.060001e-14 
  631.000  9.594732e+02  1.753669e+02  3.453016e-14 
  632.000  8.876537e+02  1.611710e+02 -3.576839e-15 
  633.000  9.613598e+02  1.746849e+02 -2.383600e-14 
  634.000  9.352968e+02  1.695662e+02 -1.618175e-14 
  635.000  9.526852e+02  1.721028e+02  1.916306e-16 
  636.000  9.209781e+02  1.659612e+02 -2.697630e-15 
  637.000  9.528276e+02  1.712100e+02  3.522787e-14 
  638.000  9.719421e+02  1.744717e+02 -7.802437e-15 
  639.000  9.645966e+02  1.725751e+02  2.432830e-14 
  640.000  9.366926e+02  1.672200e+02 -4.924179e-16 
  641.000  9.506926e+02  1.691348e+02 -2.656755e-14 
  642.000  9.411061e+02  1.670083e+02  3.208796e-14 
  643.000  9.554361e+02  1.686772e+02 -4.072823e-14 
  644.000  9.449814e+02  1.662656e+02 -1.546340e-14 
  645.000  9.497269e+02  1.662097e+02 -1.948792e-14 
  646.000  8.977426e+02  1.554424e+02 -1.192944e-14 
  647.000  8.990185e+02  1.545465e+02 -1.285662e-14 
  648.000  8.851899e+02  1.511226e+02 -3.309431e-14 
  649.000  9.141300e+02  1.560224e+02  1.564693e-14 
  650.000  8.673243e+02  1.486432e+02 -2.451784e-14 
  651.000  9.346332e+02  1.596465e+02  7.129486e-17 
  652.000  8.984598e+02  1.519705e+02 -7.116014e-15 
  653.000  9.386916e+02  1.594740e+02  4.530377e-17 
  654.000  9.244506e+02  1.563852e+02  1.651242e-15 
  655.000  8.927976e+02  1.500904e+02 -7.613482e-16 
  656.000  7.605636e+02  1.275702e+02 -6.530816e-15 
  657.000  8.158783e+02  1.366288e+02 -3.587575e-14 
  658.000  9.164062e+02  1.534483e+02  3.173799e-14 
  659.000  9.232188e+02  1.544043e+02 -1.144760e-15 
  660.000  9.327035e+02  1.556314e+02 -1.341541e-14 
  661.000  9.426309e+02  1.572203e+02 -3.874531e-14 
  662.000  9.589847e+02  1.596700e+02  3.923468e-14 
  663.000  9.482312e+02  1.573123e+02 -2.923837e-14 
  664.000  9.344525e+02  1.546131e+02 -6.854353e-15 
  665.000  9.396373e+02  1.550387e+02  3.704927e-14 
  666.000  9.523356e+02  1.567258e+02  5.469215e-14 
  667.000  9.345054e+02  1.533654e+02 -7.886071e-15 
  668.000  9.411055e+02  1.540435e+02  2.746750e-14 
  669.000  9.554813e+02  1.559405e+02 -1.227812e-14 
  670.000  9.447531e+02  1.537266e+02  4.739696e-15 
  671.000  9.355057e+02  1.517723e+02 -8.131699e-14 
  672.000  9.330980e+02  1.509237e+02 -1.460316e-15 
  673.000  9.404069e+02  1.516452e+02 -2.241019e-15 
  674.000  9.428488e+02  1.515792e+02  2.626948e-14 
  675.000  9.290544e+02  1.489115e+02  9.445336e-14 
  676.000  9.471819e+02  1.513586e+02 -6.149774e-14 
  677.000  9.289197e+02  1.479934e+02 -3.174629e-14 
  678.000  9.448722e+02  1.500834e+02 -2.257991e-14 
  679.000  9.319380e+02  1.475711e+02 -2.422118e-14 
  680.000  9.245532e+02  1.458895e+02 -2.908459e-14 
  681.000  9.252106e+02  1.454679e+02  1.349493e-14 
  682.000  9.234111e+02  1.447205e+02  5.281696e-15 
  683.000  9.295259e+02  1.451880e+02  1.407043e-14 
  684.000  9.116979e+02  1.418311e+02 -5.887834e-14 
  685.000  9.234111e+02  1.433140e+02 -8.299173e-15 
  686.000  8.812482e+02  1.361323e+02 -7.911425e-15 
  687.000  7.660511e+02  1.154779e+02  2.529470e-14 
  688.000  8.044089e+02  1.214758e+02 -6.936042e-15 
  689.000  7.947535e+02  1.194602e+02 -2.995768e-14 
  690.000  8.186658e+02  1.230163e+02  1.165682e-15 
  691.000  8.438502e+02  1.267985e+02 -1.640007e-15 
  692.000  8.449968e+02  1.266140e+02 -2.856860e-15 
  693.000  8.192338e+02  1.215648e+02 -1.954459e-14 
  694.000  7.969980e+02  1.172914e+02 -4.131837e-15 
  695.000  8.000789e+02  1.176972e+02 -4.468668e-15 
  696.000  8.201622e+02  1.205192e+02 -5.681437e-15 
  697.000  8.735873e+02  1.294303e+02  9.342007e-15 
  698.000  8.462807e+02  1.246366e+02  1.645511e-15 
  699.000  8.148160e+02  1.185746e+02 -2.529424e-14 
  700.000  8.127430e+02  1.180601e+02  1.374295e-15 
  701.000  7.844562e+02  1.134338e+02 -2.565045e-14 
  702.000  7.879603e+02  1.137521e+02 -3.202667e-15 
  703.000  8.374676e+02  1.214389e+02  1.197907e-14 
  704.000  8.416422e+02  1.217450e+02 -5.201640e-15 
  705.000  8.320930e+02  1.196221e+02  1.505528e-15 
  706.000  8.264796e+02  1.185526e+02 -1.465548e-14 
  707.000  8.197350e+02  1.173892e+02  3.439134e-15 
  708.000  8.499101e+02  1.215305e+02 -1.410862e-15 
  709.000  8.321800e+02  1.190230e+02 -4.157446e-16 
  710.000  8.379572e+02  1.191201e+02  2.002369e-14 
  711.000  8.431969e+02  1.199173e+02 -1.644223e-14 
  712.000  8.430356e+02  1.199481e+02 -2.512992e-14 
  713.000  8.301486e+02  1.174489e+02  9.644997e-15 
  714.000  8.409071e+02  1.185154e+02  1.788376e-14 
  715.000  7.963594e+02  1.114876e+02 -4.476811e-15 
  716.000  8.006125e+02  1.113369e+02  9.077825e-15 
  717.000  6.836635e+02  9.300094e+01  1.309248e-14 
  718.000  6.238289e+02  8.308260e+01  1.399479e-15 
  719.000  5.969829e+02  7.873286e+01 -3.681146e-15 
  720.000  5.733848e+02  7.476754e+01 -4.425233e-16 
  721.000  7.016006e+02  9.489237e+01  7.775601e-15 
  722.000  7.616465e+02  1.036392e+02 -7.726734e-15 
  723.000  7.314858e+02  9.881461e+01  3.747906e-15 
  724.000  6.576500e+02  8.690094e+01  2.649871e-15 
  725.000  6.612166e+02  8.741454e+01 -1.008457e-16 
  726.000  6.566422e+02  8.648884e+01  4.675584e-15 
  727.000  6.773247e+02  8.927128e+01  3.807723e-15 
  728.000  6.542916e+02  8.570897e+01  3.473821e-15 
  729.000  6.563430e+02  8.648873e+01 -2.334805e-15 
  730.000  6.759159e+02  8.874114e+01 -2.465797e-15 
  731.000  6.591937e+02  8.619962e+01 -6.030162e-15 
  732.000  7.217187e+02  9.524548e+01  7.750525e-15 
  733.000  7.600342e+02  1.009000e+02  1.810823e-15 
  734.000  8.006954e+02  1.065403e+02 -1.918748e-14 
  735.000  7.858651e+02  1.041277e+02  3.099165e-14 
  736.000  7.557927e+02  9.960899e+01  1.491538e-14 
  737.000  7.778387e+02  1.024652e+02  9.973480e-15 
  738.000  7.923569e+02  1.044513e+02  9.323390e-15 
  739.000  7.737900e+02  1.019095e+02  1.566458e-14 
  740.000  7.968577e+02  1.051259e+02 -3.196830e-14 
  741.000  7.996638e+02  1.055330e+02 -2.625406e-14 
  742.000  7.903652e+02  1.041746e+02  1.908412e-14 
  743.000  8.221797e+02  1.084351e+02  8.640116e-15 
  744.000  8.338318e+02  1.098306e+02 -2.325683e-14 
  745.000  8.151259e+02  1.072312e+02 -2.571019e-15 
  746.000  8.288594e+02  1.088665e+02 -1.586493e-14 
  747.000  8.423700e+02  1.103693e+02 -2.506790e-15 
  748.000  8.287923e+02  1.083991e+02  1.738173e-14 
  749.000  8.299374e+02  1.083042e+02  5.724491e-14 
  750.000  8.172362e+02  1.063261e+02 -1.649988e-14 
  751.000  8.154963e+02  1.058303e+02 -1.693393e-14 
  752.000  8.296910e+02  1.074729e+02  1.659412e-15 
  753.000  8.225721e+02  1.063016e+02  5.919495e-15 
  754.000  8.360198e+02  1.077785e+02 -5.920890e-14 
  755.000  8.315855e+02  1.069370e+02  2.590579e-14 
  756.000  8.156793e+02  1.046292e+02  3.625225e-14 
  757.000  8.219551e+02  1.051680e+02  8.370444e-14 
  758.000  8.199680e+02  1.045929e+02  2.682355e-14 
  759.000  7.344181e+02  9.203535e+01 -2.218597e-15 
  760.000  2.603282e+02  2.957692e+01 -2.464322e-17 
  761.000  2.224439e+02  2.484199e+01  1.498836e-15 
  762.000  4.646750e+02  5.501079e+01  2.637872e-15 
  763.000  3.940639e+02  4.583745e+01 -5.735704e-16 
  764.000  4.362927e+02  5.098629e+01 -3.565962e-15 
  765.000  5.347239e+02  6.363063e+01  2.326795e-15 
  766.000  6.225835e+02  7.596054e+01 -7.494653e-15 
  767.000  6.899894e+02  8.455296e+01 -6.779251e-15 
  768.000  7.567910e+02  9.308816e+01  5.585515e-15 
  769.000  7.799067e+02  9.625502e+01 -3.901642e-14 
  770.000  7.883598e+02  9.738307e+01 -3.236929e-15 
  771.000  7.953124e+02  9.819552e+01  9.830751e-15 
  772.000  7.938461e+02  9.782345e+01  5.994775e-14 
  773.000  7.914150e+02  9.730534e+01  2.799463e-14 
  774.000  8.006279e+02  9.821819e+01  3.850234e-14 
  775.000  7.710974e+02  9.437885e+01 -1.292590e-14 
  776.000  8.033573e+02  9.810028e+01 -1.243599e-14 
  777.000  7.979945e+02  9.720531e+01 -2.265279e-14 
  778.000  7.937896e+02  9.644746e+01  7.008994e-14 
  779.000  7.964565e+02  9.652665e+01  2.029940e-14 
  780.000  7.867250e+02  9.510917e+01 -7.863466e-15 
  781.000  7.861708e+02  9.484093e+01  7.714682e-15 
  782.000  7.957125e+02  9.574967e+01  4.400253e-14 
  783.000  7.772358e+02  9.329414e+01 -5.038651e-14 
  784.000  7.812496e+02  9.351884e+01 -8.169280e-15 
  785.000  7.806301e+02  9.306725e+01 -8.337309e-15 
  786.000  7.629775e+02  9.054559e+01  2.119296e-14 
  787.000  7.645382e+02  9.011195e+01 -9.745110e-15 
  788.000  7.480636e+02  8.777524e+01 -2.105445e-14 
  789.000  7.343181e+02  8.544342e+01 -4.800890e-15 
  790.000  7.253928e+02  8.416417e+01  2.541702e-14 
  791.000  7.251497e+02  8.401544e+01  4.101589e-15 
  792.000  7.169106e+02  8.294315e+01  6.620882e-15 
  793.000  7.235927e+02  8.371850e+01 -6.427719e-15 
  794.000  7.314890e+02  8.494740e+01 -2.744179e-14 
  795.000  7.183549e+02  8.289911e+01  1.585736e-14 
  796.000  7.057570e+02  8.062657e+01 -1.832804e-14 
  797.000  7.174443e+02  8.192292e+01 -6.286520e-15 
  798.000  7.338523e+02  8.402368e+01 -2.279386e-14 
  799.000  7.297582e+02  8.325375e+01 -6.074070e-15 
  800.000  6.996242e+02  7.934606e+01  1.227616e-14 
  801.000  7.140946e+02  8.082983e+01  8.731689e-15 
  802.000  7.116780e+02  8.034315e+01 -1.289860e-15 
  803.000  7.032601e+02  7.924772e+01  2.849342e-15 
  804.000  7.151517e+02  8.053471e+01  1.703448e-14 
  805.000  7.057865e+02  7.957872e+01 -8.295532e-15 
  806.000  7.312452e+02  8.245973e+01 -3.487515e-16 
  807.000  7.272747e+02  8.183138e+01 -1.662037e-14 
  808.000  7.194153e+02  8.064484e+01  3.381532e-15 
  809.000  7.030613e+02  7.849998e+01 -2.660561e-14 
  810.000  6.952579e+02  7.731712e+01 -8.561931e-16 
  811.000  6.966584e+02  7.705663e+01  5.502255e-15 
  812.000  6.811207e+02  7.489896e+01 -8.380108e-15 
  813.000  6.622256e+02  7.239625e+01  4.274671e-15 
  814.000  6.403384e+02  6.956818e+01  5.526991e-15 
  815.000  6.078013e+02  6.555916e+01 -9.762808e-15 
  816.000  5.709560e+02  6.100711e+01 -2.929624e-15 
  817.000  5.759283e+02  6.140951e+01 -2.388230e-15 
  818.000  5.749683e+02  6.120771e+01 -1.185026e-15 
  819.000  5.698375e+02  6.069281e+01  1.714261e-15 
  820.000  5.928981e+02  6.343241e+01 -3.249867e-15 
  821.000  6.539161e+02  7.032215e+01  2.470460e-15 
  822.000  6.049706e+02  6.454018e+01  1.584816e-15 
  823.000  5.308672e+02  5.543394e+01 -3.787659e-16 
  824.000  6.091580e+02  6.457176e+01  2.920360e-15 
  825.000  6.556422e+02  6.994047e+01 -1.180465e-14 
  826.000  6.520226e+02  6.930908e+01  1.411462e-14 
  827.000  6.439337e+02  6.821970e+01  5.577084e-15 
  828.000  6.116805e+02  6.432528e+01 -3.914100e-15 
  829.000  6.224820e+02  6.543222e+01 -1.056583e-14 
  830.000  6.250717e+02  6.570245e+01 -7.228684e-15 
  831.000  6.171436e+02  6.477016e+01  4.320624e-15 
  832.000  6.314207e+02  6.616268e+01 -3.467906e-16 
  833.000  6.189257e+02  6.480956e+01  1.107806e-14 
  834.000  6.366236e+02  6.664791e+01 -5.021638e-15 
  835.000  6.543532e+02  6.865931e+01  2.863230e-15 
  836.000  6.568972e+02  6.868126e+01  1.691200e-14 
  837.000  6.511256e+02  6.792967e+01 -7.177298e-15 
  838.000  6.614905e+02  6.902068e+01  1.308309e-14 
  839.000  6.456117e+02  6.732592e+01 -1.222563e-14 
  840.000  6.647241e+02  6.921136e+01 -4.603621e-15 
  841.000  6.615581e+02  6.861864e+01  6.750736e-15 
  842.000  6.620243e+02  6.862498e+01  1.443796e-14 
  843.000  6.681202e+02  6.939641e+01 -6.625735e-15 
  844.000  6.618715e+02  6.875083e+01 -1.451657e-15 
  845.000  6.742399e+02  6.996081e+01 -1.822651e-14 
  846.000  6.826668e+02  7.076688e+01  2.795032e-14 
  847.000  6.616844e+02  6.853703e+01 -2.376095e-15 
  848.000  6.771379e+02  6.983289e+01 -2.752665e-14 
  849.000  6.789837e+02  6.989133e+01 -1.550799e-14 
  850.000  5.853797e+02  6.006480e+01 -3.156214e-15 
  851.000  6.683467e+02  6.835126e+01  6.631861e-15 
  852.000  6.433148e+02  6.565866e+01  2.420983e-14 
  853.000  6.546286e+02  6.680271e+01 -7.063394e-15 
  854.000  5.262211e+02  5.358013e+01 -1.245794e-15 
  855.000  5.810297e+02  5.909709e+01 -8.629068e-15 
  856.000  6.632156e+02  6.745277e+01  1.786963e-15 
  857.000  6.755183e+02  6.863517e+01 -2.201858e-15 
  858.000  6.656049e+02  6.752356e+01  1.855441e-14 
  859.000  6.673709e+02  6.764534e+01 -1.754929e-14 
  860.000  6.623548e+02  6.703704e+01 -7.898240e-16 
  861.000  6.625077e+02  6.691781e+01 -9.465291e-15 
  862.000  6.608445e+02  6.663035e+01 -3.306947e-14 
  863.000  6.736460e+02  6.778156e+01  1.498955e-14 
  864.000  6.727304e+02  6.756422e+01  3.641007e-14 
  865.000  6.605610e+02  6.621651e+01 -1.844058e-14 
  866.000  5.542258e+02  5.544399e+01  4.420978e-15 
  867.000  5.902374e+02  5.892113e+01  6.168128e-15 
  868.000  6.402684e+02  6.378439e+01 -3.876115e-14 
  869.000  6.314677e+02  6.278103e+01  4.035576e-14 
  870.000  6.575522e+02  6.523543e+01  1.748568e-14 
  871.000  6.568046e+02  6.503034e+01  6.559950e-15 
  872.000  6.544663e+02  6.467476e+01  2.156254e-14 
  873.000  6.569874e+02  6.477979e+01  1.171504e-14 
  874.000  6.425778e+02  6.322304e+01 -2.502211e-14 
  875.000  6.367369e+02  6.251812e+01  9.664911e-15 
  876.000  6.418587e+02  6.287818e+01  9.568248e-15 
  877.000  6.546234e+02  6.399012e+01 -2.769158e-14 
  878.000  6.424506e+02  6.262106e+01  4.351888e-14 
  879.000  6.439852e+02  6.263966e+01  2.736948e-14 
  880.000  6.394650e+02  6.202989e+01 -1.267618e-15 
  881.000  6.058638e+02  5.862842e+01  5.055569e-15 
  882.000  6.389399e+02  6.168044e+01  5.019853e-14 
  883.000  6.248978e+02  6.022432e+01  1.273023e-14 
  884.000  6.304681e+02  6.064667e+01  6.542888e-15 
  885.000  6.352651e+02  6.089851e+01  6.076248e-15 
  886.000  6.121489e+02  5.847785e+01  1.281048e-14 
  887.000  6.077713e+02  5.800141e+01  4.094676e-14 
  888.000  6.259188e+02  5.960695e+01 -4.142379e-15 
  889.000  6.307237e+02  5.996796e+01  2.907890e-15 
  890.000  6.272838e+02  5.947292e+01  7.511835e-15 
  891.000  6.206711e+02  5.860659e+01  1.063041e-14 
  892.000  6.111661e+02  5.736406e+01  6.933156e-15 
  893.000  5.657917e+02  5.251881e+01  6.480936e-15 
  894.000  5.729787e+02  5.288866e+01 -6.911037e-15 
  895.000  5.109673e+02  4.673531e+01 -8.408040e-16 
  896.000  4.973481e+02  4.510015e+01  2.916783e-15 
  897.000  4.521145e+02  4.049542e+01 -4.831598e-16 
  898.000  4.374991e+02  3.886501e+01  1.359323e-15 
  899.000  3.966013e+02  3.454712e+01  4.688655e-16 
  900.000  3.919708e+02  3.414921e+01 -1.270943e-17 
  901.000  3.739857e+02  3.238405e+01 -1.475994e-16 
  902.000  3.693159e+02  3.195980e+01 -5.877829e-16 
  903.000  4.573115e+02  4.061251e+01  1.498008e-15 
  904.000  5.091040e+02  4.555857e+01  2.795105e-15 
  905.000  5.064789e+02  4.524768e+01  9.849580e-16 
  906.000  4.654629e+02  4.128925e+01  3.379442e-15 
  907.000  4.258446e+02  3.709767e+01  6.822111e-16 
  908.000  3.853077e+02  3.306116e+01  1.464960e-15 
  909.000  3.797560e+02  3.253254e+01  2.080057e-17 
  910.000  3.885151e+02  3.328037e+01 -6.783438e-16 
  911.000  4.064916e+02  3.505709e+01 -4.900842e-16 
  912.000  3.981700e+02  3.413165e+01  9.474453e-16 
  913.000  3.678568e+02  3.096194e+01 -4.635067e-17 
  914.000  3.848327e+02  3.257852e+01 -1.154634e-16 
  915.000  3.935698e+02  3.348952e+01 -1.404211e-15 
  916.000  4.029290e+02  3.429591e+01 -6.883586e-16 
  917.000  4.054600e+02  3.459281e+01 -1.330773e-15 
  918.000  4.148185e+02  3.551325e+01  7.272768e-16 
  919.000  4.602121e+02  3.987706e+01 -2.814286e-15 
  920.000  4.873343e+02  4.242883e+01  4.739386e-15 
  921.000  4.701795e+02  4.082699e+01  1.687247e-16 
  922.000  4.655175e+02  4.034785e+01 -2.230453e-15 
  923.000  4.379269e+02  3.782506e+01 -2.481621e-15 
  924.000  4.364510e+02  3.744080e+01  3.976314e-15 
  925.000  4.401039e+02  3.763889e+01  1.546293e-15 
  926.000  4.225780e+02  3.600084e+01 -2.683657e-15 
  927.000  4.142109e+02  3.488801e+01  7.581824e-16 
  928.000  3.810966e+02  3.149337e+01  1.619755e-16 
  929.000  3.282398e+02  2.649498e+01  9.558115e-17 
  930.000  2.726877e+02  2.154353e+01  1.661545e-16 
  931.000  2.185318e+02  1.691688e+01 -2.704588e-18 
  932.000  1.545387e+02  1.159114e+01  7.963901e-17 
  933.000  1.182105e+02  8.664225e+00  2.859041e-17 
  934.000  8.635552e+01  6.201947e+00  6.275370e-18 
  935.000  8.178165e+01  5.851979e+00 -9.549159e-19 
  936.000  9.158870e+01  6.581375e+00  2.755695e-17 
  937.000  9.132443e+01  6.542307e+00 -3.432896e-17 
  938.000  1.266490e+02  9.261881e+00 -5.522544e-17 
  939.000  2.529263e+02  1.937543e+01  7.306128e-17 
  940.000  2.750251e+02  2.118706e+01 -6.681023e-17 
  941.000  2.503662e+02  1.916302e+01  2.024051e-16 
  942.000  1.991541e+02  1.503535e+01  2.607454e-17 
  943.000  1.468571e+02  1.078480e+01  1.460467e-16 
  944.000  1.386308e+02  1.013625e+01 -2.851411e-16 
  945.000  1.598940e+02  1.178822e+01 -5.660421e-17 
  946.000  1.637668e+02  1.206648e+01  1.079140e-16 
  947.000  1.835909e+02  1.363296e+01  8.480274e-17 
  948.000  1.975474e+02  1.471800e+01 -2.126448e-16 
  949.000  1.972370e+02  1.467462e+01  5.551333e-17 
  950.000  1.995012e+02  1.484010e+01  1.264230e-17 
  951.000  2.281621e+02  1.710765e+01  7.613716e-17 
  952.000  1.976965e+02  1.467109e+01  6.026321e-17 
  953.000  2.196909e+02  1.640975e+01  1.010291e-16 
  954.000  2.431855e+02  1.828995e+01  1.010002e-16 
  955.000  2.092800e+02  1.564196e+01  8.977827e-17 
  956.000  2.203986e+02  1.645823e+01  9.915941e-17 
  957.000  2.870324e+02  2.185250e+01 -3.132163e-16 
  958.000  2.996919e+02  2.287940e+01 -5.190296e-16 
  959.000  2.897626e+02  2.202444e+01  1.755149e-16 
  960.000  2.843314e+02  2.157197e+01 -1.735449e-16 
  961.000  2.760557e+02  2.088660e+01 -2.058002e-16 
  962.000  2.832766e+02  2.144637e+01  6.226665e-16 
  963.000  3.232320e+02  2.478986e+01  3.346745e-16 
  964.000  3.259807e+02  2.503474e+01 -9.389748e-17 
  965.000  3.265441e+02  2.501015e+01  5.709069e-16 
  966.000  3.199008e+02  2.449972e+01 -2.960336e-16 
  967.000  3.608177e+02  2.799956e+01 -3.655468e-16 
  968.000  4.120426e+02  3.267200e+01 -1.340008e-15 
  969.000  4.413614e+02  3.515382e+01 -2.027474e-15 
  970.000  4.443434e+02  3.535415e+01  4.006017e-15 
  971.000  4.398875e+02  3.493952e+01  3.388883e-15 
  972.000  4.353873e+02  3.447146e+01 -1.506886e-15 
  973.000  4.142799e+02  3.261829e+01  1.662170e-15 
  974.000  3.880445e+02  3.030633e+01 -1.818563e-15 
  975.000  3.774857e+02  2.927603e+01 -2.513180e-15 
  976.000  3.977116e+02  3.098970e+01 -1.396476e-15 
  977.000  4.135825e+02  3.241482e+01  2.865332e-15 
  978.000  4.219114e+02  3.300822e+01 -3.201731e-16 
  979.000  4.168150e+02  3.261724e+01  8.890775e-16 
  980.000  4.506875e+02  3.539432e+01 -1.489393e-15 
  981.000  4.604088e+02  3.614931e+01 -2.030290e-15 
  982.000  4.533696e+02  3.550925e+01  3.953057e-15 
  983.000  4.671069e+02  3.663806e+01 -4.928435e-15 
  984.000  4.795008e+02  3.769643e+01 -7.295201e-15 
  985.000  4.882742e+02  3.843176e+01 -5.925833e-15 
  986.000  4.958849e+02  3.913875e+01  2.841926e-15 
  987.000  5.067505e+02  4.002141e+01 -3.001324e-15 
  988.000  5.017837e+02  3.958666e+01  1.681242e-15 
  989.000  4.962440e+02  3.909932e+01 -1.034635e-14 
  990.000  5.017671e+02  3.949191e+01  5.418168e-15 
  991.000  5.102578e+02  4.018008e+01 -4.302148e-15 
  992.000  5.068216e+02  3.986786e+01 -9.838362e-16 
  993.000  5.073159e+02  3.984910e+01  1.601738e-16 
  994.000  5.137674e+02  4.036340e+01  1.650424e-14 
  995.000  5.126699e+02  4.027763e+01  1.393445e-14 
  996.000  5.125885e+02  4.020214e+01 -1.777530e-14 
  997.000  5.115222e+02  4.000681e+01  3.247399e-15 
  998.000  5.077843e+02  3.961126e+01 -1.960957e-14 
  999.000  5.058394e+02  3.937668e+01 -1.158306e-14 
 1000.000  5.024152e+02  3.905648e+01 -1.896689e-14 
 1001.000  5.012456e+02  3.881359e+01 -4.916819e-15 
 1002.000  4.942728e+02  3.808713e+01 -6.166140e-15 
 1003.000  4.900220e+02  3.772340e+01 -1.141680e-15 
 1004.000  4.895199e+02  3.769076e+01  3.138073e-15 
 1005.000  4.587780e+02  3.529577e+01  9.906806e-16 
 1006.000  4.834290e+02  3.714102e+01  3.712243e-15 
 1007.000  4.910965e+02  3.764217e+01  3.239054e-15 
 1008.000  4.881858e+02  3.725935e+01 -3.858855e-15 
 1009.000  4.786147e+02  3.635593e+01  5.648346e-15 
 1010.000  4.834250e+02  3.670903e+01  4.790125e-15 
 1011.000  4.879407e+02  3.712062e+01 -4.038330e-15 
 1012.000  4.908752e+02  3.733741e+01 -3.008133e-15 
 1013.000  4.894778e+02  3.721542e+01 -1.969686e-14 
 1014.000  4.935765e+02  3.748524e+01 -1.303650e-14 
 1015.000  4.846896e+02  3.675373e+01 -1.580312e-16 
 1016.000  4.887914e+02  3.702537e+01  2.586898e-14 
 1017.000  4.845074e+02  3.664362e+01 -8.966012e-15 
 1018.000  4.897650e+02  3.696305e+01 -1.838382e-14 
 1019.000  4.763188e+02  3.583764e+01  3.909307e-15 
 1020.000  4.761778e+02  3.578624e+01 -1.675615e-14 
 1021.000  4.826328e+02  3.625001e+01 -8.946265e-15 
 1022.000  4.726932e+02  3.538396e+01 -1.340204e-14 
 1023.000  4.794922e+02  3.578533e+01  6.216759e-15 
 1024.000  4.757197e+02  3.541819e+01  7.953993e-15 
 1025.000  4.798700e+02  3.575896e+01 -3.903755e-15 
 1026.000  4.823846e+02  3.593105e+01  1.336430e-14 
 1027.000  4.787613e+02  3.558581e+01 -1.141276e-14 
 1028.000  4.806339e+02  3.568290e+01 -9.296354e-15 
 1029.000  4.751468e+02  3.525526e+01 -2.264976e-15 
 1030.000  4.816698e+02  3.572741e+01  4.790923e-16 
 1031.000  4.810771e+02  3.565011e+01 -2.377698e-16 
 1032.000  4.801423e+02  3.554259e+01  1.164207e-14 
 1033.000  4.715687e+02  3.485733e+01 -7.534143e-16 
 1034.000  4.769981e+02  3.521316e+01 -1.581197e-14 
 1035.000  4.722068e+02  3.481006e+01 -7.531617e-16 
 1036.000  4.784225e+02  3.521280e+01 -7.822538e-15 
 1037.000  4.685152e+02  3.443192e+01 -9.775563e-16 
 1038.000  4.732976e+02  3.473089e+01 -1.611276e-14 
 1039.000  4.751092e+02  3.480222e+01  5.392603e-15 
 1040.000  4.694208e+02  3.432669e+01  1.467842e-14 
 1041.000  4.718473e+02  3.444558e+01  1.425618e-15 
 1042.000  4.732575e+02  3.449253e+01 -5.378320e-15 
 1043.000  4.651507e+02  3.384824e+01 -9.418729e-15 
 1044.000  4.697404e+02  3.412559e+01  8.221652e-15 
 1045.000  4.675028e+02  3.389958e+01 -5.365725e-15 
 1046.000  4.537908e+02  3.284812e+01  1.119686e-14 
 1047.000  4.619826e+02  3.338189e+01 -5.410299e-15 
 1048.000  4.665414e+02  3.365455e+01 -4.619158e-15 
 1049.000  4.635465e+02  3.338411e+01  2.316523e-14 
 1050.000  4.605367e+02  3.310588e+01 -4.389287e-15 
 1051.000  4.601138e+02  3.300700e+01 -6.104832e-16 
 1052.000  4.577532e+02  3.277781e+01  9.072288e-15 
 1053.000  4.580221e+02  3.274628e+01 -4.805378e-15 
 1054.000  4.529153e+02  3.231592e+01  5.684296e-15 
 1055.000  4.558253e+02  3.245802e+01  8.588244e-16 
 1056.000  4.543533e+02  3.229272e+01 -6.926185e-15 
 1057.000  4.526208e+02  3.208862e+01  1.623240e-14 
 1058.000  4.460401e+02  3.151524e+01 -5.116132e-15 
 1059.000  4.323123e+02  3.050529e+01 -5.751454e-15 
 1060.000  4.490858e+02  3.167488e+01  7.330975e-15 
 1061.000  4.332362e+02  3.050476e+01 -7.488695e-16 
 1062.000  4.442037e+02  3.119512e+01  6.211486e-15 
 1063.000  4.364918e+02  3.059994e+01  5.302533e-15 
 1064.000  4.412944e+02  3.086253e+01 -2.403923e-15 
 1065.000  4.393703e+02  3.064223e+01 -1.154654e-14 
 1066.000  4.260392e+02  2.967038e+01  1.777535e-15 
 1067.000  4.355982e+02  3.028267e+01 -2.466924e-15 
 1068.000  4.310222e+02  2.985529e+01 -2.709508e-15 
 1069.000  3.968461e+02  2.741055e+01 -1.159745e-15 
 1070.000  4.205129e+02  2.900278e+01  4.302466e-15 
 1071.000  4.192218e+02  2.883103e+01 -1.029986e-15 
 1072.000  4.185466e+02  2.870610e+01 -9.441543e-15 
 1073.000  4.042644e+02  2.767616e+01  8.256006e-15 
 1074.000  4.185734e+02  2.861489e+01 -5.904861e-16 
 1075.000  4.080973e+02  2.789909e+01  5.600631e-15 
 1076.000  4.151742e+02  2.830865e+01 -3.045033e-15 
 1077.000  4.118562e+02  2.800202e+01  2.777676e-15 
 1078.000  4.102409e+02  2.780948e+01  4.737282e-15 
 1079.000  3.938691e+02  2.665301e+01  1.547006e-15 
 1080.000  3.983153e+02  2.682759e+01 -1.207825e-15 
 1081.000  3.832383e+02  2.576872e+01  3.266166e-15 
 1082.000  3.911036e+02  2.629027e+01 -8.079627e-16 
 1083.000  3.768437e+02  2.525281e+01  7.384729e-16 
 1084.000  3.870469e+02  2.585794e+01  1.750265e-15 
 1085.000  3.723343e+02  2.476648e+01 -1.726347e-15 
 1086.000  3.793488e+02  2.520819e+01  1.262513e-15 
 1087.000  3.660194e+02  2.436470e+01  3.775732e-15 
 1088.000  3.886637e+02  2.583807e+01  8.294845e-16 
 1089.000  3.612086e+02  2.387825e+01 -1.426800e-15 
 1090.000  3.665621e+02  2.417788e+01 -2.026997e-15 
 1091.000  3.712512e+02  2.446218e+01 -5.226764e-15 
 1092.000  3.562969e+02  2.340036e+01  3.104370e-15 
 1093.000  3.382456e+02  2.210627e+01  1.949652e-15 
 1094.000  3.024648e+02  1.970691e+01  1.630899e-15 
 1095.000  3.281997e+02  2.135318e+01  1.028269e-15 
 1096.000  3.274665e+02  2.126920e+01  2.602462e-16 
 1097.000  3.202172e+02  2.074299e+01 -1.525166e-15 
 1098.000  2.844211e+02  1.812378e+01  8.938575e-17 
 1099.000  2.584724e+02  1.615421e+01  4.550366e-16 
 1100.000  2.645267e+02  1.652362e+01  3.966872e-16 
