  400.000  1.724798e+02  2.727399e+02  1.418407e-14 
  401.000  1.727112e+02  2.697368e+02  7.809762e-15 
  402.000  1.843803e+02  2.844383e+02 -7.696002e-15 
  403.000  1.739359e+02  2.650697e+02 -7.699297e-15 
  404.000  1.882424e+02  2.834188e+02 -3.901944e-14 
  405.000  1.738362e+02  2.586023e+02 -2.210457e-14 
  406.000  1.737150e+02  2.553605e+02  3.577461e-14 
  407.000  1.703402e+02  2.474571e+02 -7.523425e-14 
  408.000  1.857767e+02  2.667356e+02 -2.239280e-14 
  409.000  2.069922e+02  2.937583e+02 -3.390170e-14 
  410.000  1.741826e+02  2.443578e+02  1.436589e-14 
  411.000  2.058536e+02  2.854983e+02  2.409594e-14 
  412.000  2.146447e+02  2.943242e+02  5.093676e-14 
  413.000  2.040290e+02  2.766296e+02  3.160962e-14 
  414.000  2.014503e+02  2.700868e+02 -2.985905e-14 
  415.000  2.161657e+02  2.866159e+02 -1.587078e-14 
  416.000  2.161402e+02  2.834398e+02  0.000000e+00 
  417.000  2.108041e+02  2.734329e+02  1.091052e-15 
  418.000  2.074161e+02  2.661309e+02 -4.445864e-14 
  419.000  2.137220e+02  2.712794e+02  1.513640e-14 
  420.000  1.819248e+02  2.284595e+02  8.439918e-14 
  421.000  2.292121e+02  2.848003e+02 -4.900938e-14 
  422.000  2.208527e+02  2.715355e+02 -3.157785e-14 
  423.000  1.875488e+02  2.281885e+02  0.000000e+00 
  424.000  2.074139e+02  2.497498e+02 -2.060743e-14 
  425.000  2.159624e+02  2.573722e+02 -1.557921e-14 
  426.000  2.086947e+02  2.461743e+02  4.179913e-14 
  427.000  2.017884e+02  2.356174e+02  0.000000e+00 
  428.000  2.053794e+02  2.373990e+02  0.000000e+00 
  429.000  1.877970e+02  2.149079e+02  6.561560e-15 
  430.000  1.506102e+02  1.706432e+02  1.948851e-14 
  431.000  1.360844e+02  1.526669e+02  2.621269e-14 
  432.000  2.461564e+02  2.734507e+02  1.568626e-14 
  433.000  2.201790e+02  2.422171e+02  1.392661e-14 
  434.000  2.102775e+02  2.290930e+02 -4.668255e-14 
  435.000  2.298656e+02  2.480346e+02 -7.677964e-15 
  436.000  2.560860e+02  2.736974e+02 -1.584678e-14 
  437.000  2.597602e+02  2.749993e+02  5.757848e-14 
  438.000  2.337611e+02  2.451501e+02 -2.292842e-14 
  439.000  2.272361e+02  2.360838e+02  1.376711e-14 
  440.000  2.558302e+02  2.633260e+02 -4.014136e-14 
  441.000  2.561327e+02  2.612073e+02 -3.881839e-14 
  442.000  2.709405e+02  2.737766e+02 -1.723976e-14 
  443.000  2.739309e+02  2.742768e+02 -1.615604e-14 
  444.000  2.733118e+02  2.711785e+02 -4.919710e-14 
  445.000  2.886973e+02  2.838632e+02  3.603522e-14 
  446.000  2.580369e+02  2.514408e+02 -1.600523e-14 
  447.000  2.955306e+02  2.854223e+02  1.699407e-14 
  448.000  3.017618e+02  2.888928e+02 -1.723538e-14 
  449.000  3.051461e+02  2.896016e+02  0.000000e+00 
  450.000  3.131407e+02  2.946270e+02  1.266858e-15 
  451.000  3.398330e+02  3.169951e+02 -2.039157e-14 
  452.000  3.172060e+02  2.933583e+02 -3.656241e-14 
  453.000  2.956339e+02  2.710814e+02 -1.634663e-14 
  454.000  3.164342e+02  2.876982e+02 -5.342259e-14 
  455.000  3.198737e+02  2.883765e+02  1.254886e-15 
  456.000  3.288425e+02  2.939763e+02  3.445588e-14 
  457.000  3.319102e+02  2.942484e+02  0.000000e+00 
  458.000  3.272679e+02  2.877313e+02  5.529569e-14 
  459.000  3.284071e+02  2.863553e+02 -1.260546e-15 
  460.000  3.267127e+02  2.825466e+02  7.199178e-14 
  461.000  3.397567e+02  2.914373e+02  3.723717e-14 
  462.000  3.353889e+02  2.853628e+02 -1.511648e-14 
  463.000  3.366316e+02  2.841155e+02  0.000000e+00 
  464.000  3.389899e+02  2.838273e+02  1.637867e-14 
  465.000  3.352563e+02  2.784770e+02  2.491424e-15 
  466.000  3.471119e+02  2.860511e+02 -1.786231e-14 
  467.000  3.360301e+02  2.747442e+02 -1.719631e-14 
  468.000  3.568603e+02  2.894861e+02  5.582440e-14 
  469.000  3.547637e+02  2.855281e+02  1.798666e-14 
  470.000  3.508398e+02  2.801567e+02  7.085752e-14 
  471.000  3.511037e+02  2.781696e+02 -3.658904e-14 
  472.000  3.562338e+02  2.800236e+02  3.699690e-14 
  473.000  3.530862e+02  2.753737e+02 -1.891665e-14 
  474.000  3.565977e+02  2.759327e+02 -1.905673e-14 
  475.000  3.714930e+02  2.851719e+02  5.681675e-14 
  476.000  3.603299e+02  2.743701e+02  3.586860e-14 
  477.000  3.574196e+02  2.700089e+02  3.553900e-14 
  478.000  3.763002e+02  2.822318e+02 -1.515381e-13 
  479.000  3.607628e+02  2.687404e+02  3.668329e-14 
  480.000  3.695325e+02  2.734375e+02  1.799156e-14 
  481.000  3.687921e+02  2.710470e+02  0.000000e+00 
  482.000  3.779386e+02  2.758715e+02 -1.684400e-14 
  483.000  3.796293e+02  2.751917e+02  3.624186e-14 
  484.000  3.661528e+02  2.635718e+02  1.738728e-14 
  485.000  3.699044e+02  2.644082e+02 -1.873781e-14 
  486.000  3.007755e+02  2.134921e+02 -1.516350e-14 
  487.000  3.390309e+02  2.389695e+02 -6.690006e-14 
  488.000  3.691510e+02  2.583925e+02  1.719969e-14 
  489.000  3.441089e+02  2.391982e+02 -6.498326e-14 
  490.000  3.928255e+02  2.711831e+02  7.514890e-14 
  491.000  3.685218e+02  2.526585e+02  1.937982e-14 
  492.000  3.550099e+02  2.417298e+02 -3.252667e-14 
  493.000  3.832841e+02  2.592067e+02  5.498938e-14 
  494.000  3.711638e+02  2.493096e+02  5.305456e-14 
  495.000  3.977254e+02  2.653518e+02 -5.534872e-14 
  496.000  3.881617e+02  2.572296e+02 -8.893389e-14 
  497.000  3.773160e+02  2.483707e+02  8.498504e-14 
  498.000  3.691587e+02  2.413852e+02 -1.190612e-15 
  499.000  3.690096e+02  2.396897e+02  1.186896e-15 
  500.000  3.681194e+02  2.375363e+02  3.053237e-14 
  501.000  3.605669e+02  2.311360e+02  5.166499e-14 
  502.000  3.588990e+02  2.285656e+02  4.671218e-14 
  503.000  3.810266e+02  2.410827e+02 -6.999656e-14 
  504.000  3.551786e+02  2.232760e+02  6.508473e-14 
  505.000  3.838059e+02  2.397195e+02 -1.814750e-14 
  506.000  4.118172e+02  2.555797e+02  1.940159e-14 
  507.000  3.840439e+02  2.368361e+02  5.045823e-14 
  508.000  3.691435e+02  2.262157e+02  1.156494e-15 
  509.000  3.989612e+02  2.429582e+02 -3.469236e-14 
  510.000  3.874289e+02  2.344646e+02 -5.156040e-14 
  511.000  3.883657e+02  2.335720e+02 -1.676940e-14 
  512.000  4.084619e+02  2.441401e+02 -3.642074e-14 
  513.000  3.746104e+02  2.225300e+02 -1.469359e-13 
  514.000  3.675015e+02  2.169710e+02  6.285591e-14 
  515.000  3.759445e+02  2.206039e+02 -3.319744e-14 
  516.000  3.956217e+02  2.307397e+02  1.681558e-14 
  517.000  2.919087e+02  1.692184e+02 -6.277893e-14 
  518.000  3.619892e+02  2.085770e+02 -1.531399e-14 
  519.000  3.435052e+02  1.967374e+02  3.003804e-14 
  520.000  3.787971e+02  2.156532e+02  0.000000e+00 
  521.000  3.795956e+02  2.148199e+02 -1.824043e-14 
  522.000  3.952315e+02  2.223383e+02 -6.629629e-14 
  523.000  3.686796e+02  2.061687e+02 -3.197360e-14 
  524.000  4.005443e+02  2.226637e+02  3.467409e-14 
  525.000  3.978571e+02  2.198657e+02  3.438276e-14 
  526.000  3.796802e+02  2.085946e+02  1.580799e-14 
  527.000  3.320771e+02  1.813767e+02 -2.760982e-14 
  528.000  3.992920e+02  2.168206e+02  3.434191e-14 
  529.000  4.111059e+02  2.219438e+02  2.447210e-15 
  530.000  3.889131e+02  2.087544e+02  1.609990e-14 
  531.000  4.238269e+02  2.261926e+02  3.504066e-14 
  532.000  4.048343e+02  2.148296e+02  0.000000e+00 
  533.000  3.561352e+02  1.879266e+02  4.504398e-14 
  534.000  3.879468e+02  2.035804e+02 -1.707381e-14 
  535.000  3.965466e+02  2.069538e+02  0.000000e+00 
  536.000  4.215379e+02  2.187959e+02  1.235562e-15 
  537.000  3.917634e+02  2.022329e+02  4.785096e-14 
  538.000  4.107717e+02  2.108894e+02 -1.024869e-13 
  539.000  4.100726e+02  2.093855e+02  0.000000e+00 
  540.000  4.019379e+02  2.041186e+02 -6.614897e-14 
  541.000  3.691412e+02  1.864502e+02 -1.488587e-14 
  542.000  4.124061e+02  2.071811e+02  5.097157e-14 
  543.000  3.950786e+02  1.974111e+02  3.172289e-14 
  544.000  4.173083e+02  2.074025e+02 -1.182447e-13 
  545.000  4.116628e+02  2.035051e+02  3.411042e-14 
  546.000  4.030604e+02  1.981937e+02  3.333751e-14 
  547.000  4.207642e+02  2.058051e+02  0.000000e+00 
  548.000  3.909370e+02  1.902087e+02  4.776981e-14 
  549.000  4.119925e+02  1.994019e+02  6.426429e-14 
  550.000  4.035110e+02  1.942756e+02 -1.599788e-14 
  551.000  4.015667e+02  1.923303e+02 -3.294030e-14 
  552.000  4.194887e+02  1.998704e+02 -3.198220e-14 
  553.000  4.036294e+02  1.913178e+02  0.000000e+00 
  554.000  4.174056e+02  1.968266e+02  3.292456e-14 
  555.000  4.191687e+02  1.966419e+02 -1.532597e-14 
  556.000  4.081735e+02  1.905029e+02 -1.153046e-15 
  557.000  3.965707e+02  1.841412e+02  1.670710e-14 
  558.000  4.121552e+02  1.904023e+02 -3.237029e-14 
  559.000  3.900550e+02  1.792770e+02 -7.761694e-14 
  560.000  3.922157e+02  1.793549e+02 -6.150713e-14 
  561.000  4.315188e+02  1.963270e+02  0.000000e+00 
  562.000  3.961270e+02  1.792813e+02  2.994445e-14 
  563.000  4.147950e+02  1.867784e+02 -1.742263e-14 
  564.000  4.092012e+02  1.833199e+02  0.000000e+00 
  565.000  4.140420e+02  1.845244e+02  6.612436e-14 
  566.000  3.820733e+02  1.694241e+02  3.103977e-14 
  567.000  4.091252e+02  1.804259e+02 -3.218788e-14 
  568.000  4.039492e+02  1.769022e+02  3.338006e-14 
  569.000  3.863711e+02  1.680227e+02  7.363651e-15 
  570.000  3.904564e+02  1.690001e+02 -1.022911e-15 
  571.000  3.841126e+02  1.656805e+02 -1.644404e-14 
  572.000  3.994371e+02  1.711859e+02 -4.297041e-15 
  573.000  4.060942e+02  1.732616e+02 -4.517392e-14 
  574.000  4.049057e+02  1.719393e+02 -7.337555e-16 
  575.000  3.950159e+02  1.669053e+02  1.111498e-15 
  576.000  3.883271e+02  1.632884e+02  1.435454e-14 
  577.000  4.071230e+02  1.703898e+02 -6.643504e-14 
  578.000  3.986287e+02  1.662458e+02 -1.580635e-14 
  579.000  3.982617e+02  1.654597e+02  1.678064e-14 
  580.000  4.142389e+02  1.714063e+02 -3.349573e-14 
  581.000  4.100510e+02  1.690738e+02 -3.280711e-14 
  582.000  4.183879e+02  1.718193e+02 -4.928690e-14 
  583.000  4.225667e+02  1.727719e+02  1.614018e-14 
  584.000  4.223585e+02  1.719219e+02  3.330305e-14 
  585.000  4.204928e+02  1.703904e+02 -4.787413e-14 
  586.000  4.032572e+02  1.626699e+02  1.095843e-15 
  587.000  4.161941e+02  1.669982e+02 -1.416864e-14 
  588.000  3.977147e+02  1.584276e+02 -9.371456e-15 
  589.000  3.333889e+02  1.319617e+02 -1.438886e-14 
  590.000  3.472661e+02  1.368190e+02  1.945470e-14 
  591.000  3.840777e+02  1.508561e+02 -2.503927e-14 
  592.000  3.695723e+02  1.444380e+02 -1.577873e-14 
  593.000  3.906724e+02  1.522136e+02 -6.930133e-15 
  594.000  3.909563e+02  1.516043e+02  7.192612e-15 
  595.000  3.723192e+02  1.436228e+02  8.498922e-15 
  596.000  3.991029e+02  1.534950e+02 -2.608740e-14 
  597.000  3.970844e+02  1.520075e+02 -1.847409e-14 
  598.000  3.964450e+02  1.512215e+02 -6.507531e-15 
  599.000  3.999838e+02  1.519868e+02  4.114305e-15 
  600.000  4.070061e+02  1.542066e+02  9.340817e-15 
  601.000  4.095509e+02  1.546444e+02  1.519884e-14 
  602.000  4.069822e+02  1.531213e+02  1.502740e-14 
  603.000  4.115197e+02  1.542694e+02 -4.530848e-14 
  604.000  4.265907e+02  1.593245e+02  3.335548e-14 
  605.000  4.269861e+02  1.588430e+02 -1.550756e-14 
  606.000  4.230522e+02  1.567317e+02  0.000000e+00 
  607.000  4.216565e+02  1.555717e+02  0.000000e+00 
  608.000  4.209920e+02  1.546833e+02  0.000000e+00 
  609.000  4.175074e+02  1.527677e+02  1.499786e-14 
  610.000  4.116377e+02  1.499976e+02  1.580908e-14 
  611.000  4.191636e+02  1.521102e+02 -7.705247e-14 
  612.000  4.145262e+02  1.498084e+02  4.432947e-14 
  613.000  4.092561e+02  1.472960e+02  1.044817e-15 
  614.000  3.952177e+02  1.416597e+02 -3.005203e-14 
  615.000  4.149172e+02  1.481125e+02 -1.573721e-14 
  616.000  3.952132e+02  1.405025e+02 -1.495537e-14 
  617.000  3.981199e+02  1.409574e+02  0.000000e+00 
  618.000  4.175303e+02  1.472249e+02  7.551788e-14 
  619.000  4.142577e+02  1.454715e+02  1.558745e-14 
  620.000  4.209044e+02  1.471992e+02 -4.532291e-14 
  621.000  4.286151e+02  1.492791e+02 -4.609393e-14 
  622.000  4.063831e+02  1.409525e+02  2.944429e-14 
  623.000  4.098377e+02  1.415605e+02 -1.028312e-15 
  624.000  4.105704e+02  1.412277e+02  1.433728e-14 
  625.000  3.996833e+02  1.369147e+02  1.001452e-15 
  626.000  4.011018e+02  1.367867e+02  5.811639e-14 
  627.000  4.029729e+02  1.366351e+02  3.105001e-14 
  628.000  3.867995e+02  1.302052e+02  4.831697e-15 
  629.000  4.017549e+02  1.348774e+02 -4.026661e-15 
  630.000  3.936449e+02  1.317901e+02 -1.833981e-15 
  631.000  4.108991e+02  1.371360e+02  1.248162e-14 
  632.000  3.789603e+02  1.258470e+02 -4.474790e-15 
  633.000  4.135588e+02  1.370466e+02  7.309840e-15 
  634.000  4.037214e+02  1.333173e+02  2.899888e-14 
  635.000  4.119212e+02  1.355060e+02 -2.744805e-14 
  636.000  3.993478e+02  1.309362e+02  1.370769e-14 
  637.000  4.141304e+02  1.353118e+02  1.515530e-14 
  638.000  4.242410e+02  1.382546e+02  7.365490e-14 
  639.000  4.217003e+02  1.369180e+02  0.000000e+00 
  640.000  4.106864e+02  1.329232e+02 -1.371699e-14 
  641.000  4.174464e+02  1.346075e+02 -1.490137e-14 
  642.000  4.141367e+02  1.330983e+02  4.213912e-14 
  643.000  4.200874e+02  1.343956e+02 -2.894001e-14 
  644.000  4.159256e+02  1.325687e+02  4.239169e-14 
  645.000  4.173218e+02  1.324447e+02 -1.016990e-15 
  646.000  3.900045e+02  1.230010e+02 -1.642122e-14 
  647.000  3.875137e+02  1.216585e+02  7.918709e-15 
  648.000  3.781925e+02  1.182219e+02  3.453309e-14 
  649.000  3.941587e+02  1.228325e+02 -1.085347e-14 
  650.000  3.803116e+02  1.183086e+02  1.617896e-14 
  651.000  4.101382e+02  1.271236e+02 -9.386874e-15 
  652.000  3.890773e+02  1.199644e+02 -2.406173e-15 
  653.000  4.134183e+02  1.272677e+02  3.177532e-15 
  654.000  4.067587e+02  1.247267e+02  9.504220e-15 
  655.000  3.908303e+02  1.193103e+02  2.991327e-14 
  656.000  3.338803e+02  1.015880e+02  1.066594e-14 
  657.000  3.595834e+02  1.090723e+02  2.249520e-14 
  658.000  4.064212e+02  1.229752e+02  4.500603e-14 
  659.000  4.110604e+02  1.240371e+02  4.035433e-15 
  660.000  4.161789e+02  1.251855e+02 -2.221619e-14 
  661.000  4.225414e+02  1.267740e+02  5.574842e-14 
  662.000  4.309753e+02  1.289399e+02 -2.921097e-14 
  663.000  4.262654e+02  1.270570e+02  1.347469e-14 
  664.000  4.206974e+02  1.249901e+02 -1.229881e-14 
  665.000  4.235313e+02  1.254148e+02  4.085139e-14 
  666.000  4.298789e+02  1.268851e+02 -2.689566e-14 
  667.000  4.223570e+02  1.242544e+02 -2.634308e-14 
  668.000  4.260324e+02  1.249366e+02 -2.647064e-14 
  669.000  4.330569e+02  1.265740e+02  4.121668e-14 
  670.000  4.286262e+02  1.248563e+02  0.000000e+00 
  671.000  4.248913e+02  1.233551e+02  1.881570e-15 
  672.000  4.241896e+02  1.227354e+02 -5.596848e-14 
  673.000  4.278973e+02  1.233905e+02 -4.225818e-14 
  674.000  4.293900e+02  1.234041e+02 -2.821430e-14 
  675.000  4.234855e+02  1.212989e+02  3.793577e-14 
  676.000  4.321115e+02  1.233544e+02  1.414171e-14 
  677.000  4.241200e+02  1.206681e+02 -5.356513e-14 
  678.000  4.317508e+02  1.224297e+02  2.815861e-14 
  679.000  4.260966e+02  1.204173e+02  1.387625e-14 
  680.000  4.226885e+02  1.190243e+02 -1.192535e-14 
  681.000  4.230562e+02  1.187008e+02  1.194050e-14 
  682.000  4.224308e+02  1.181208e+02  4.126598e-14 
  683.000  4.254081e+02  1.185409e+02 -1.855128e-15 
  684.000  4.170883e+02  1.157834e+02 -2.629654e-14 
  685.000  4.230776e+02  1.170954e+02 -1.374568e-14 
  686.000  4.030110e+02  1.110845e+02  1.318835e-14 
  687.000  3.254268e+02  8.885262e+01 -8.911831e-15 
  688.000  3.506135e+02  9.552361e+01 -8.037541e-15 
  689.000  3.438987e+02  9.337663e+01 -1.781912e-14 
  690.000  3.590067e+02  9.718295e+01  1.110342e-14 
  691.000  3.755305e+02  1.013635e+02 -1.803651e-14 
  692.000  3.781252e+02  1.017384e+02 -2.717556e-15 
  693.000  3.609992e+02  9.674495e+01 -6.330986e-15 
  694.000  3.455333e+02  9.222208e+01  6.894844e-15 
  695.000  3.505677e+02  9.331860e+01  7.957210e-15 
  696.000  3.618300e+02  9.603565e+01  2.042408e-15 
  697.000  3.967770e+02  1.051740e+02 -1.374767e-15 
  698.000  3.822233e+02  1.009126e+02 -1.041192e-14 
  699.000  3.585955e+02  9.427869e+01 -6.910616e-15 
  700.000  3.592953e+02  9.416833e+01  6.423259e-16 
  701.000  3.448510e+02  9.008515e+01  1.187902e-14 
  702.000  3.480300e+02  9.064531e+01  6.220095e-15 
  703.000  3.782229e+02  9.827406e+01 -3.428247e-14 
  704.000  3.806352e+02  9.860467e+01 -8.709369e-15 
  705.000  3.731467e+02  9.632536e+01  1.710492e-15 
  706.000  3.714289e+02  9.559400e+01 -3.422342e-15 
  707.000  3.697200e+02  9.487560e+01  9.972065e-15 
  708.000  3.848060e+02  9.846566e+01 -1.365430e-14 
  709.000  3.795581e+02  9.688996e+01  1.855833e-14 
  710.000  3.794811e+02  9.650659e+01 -1.942142e-14 
  711.000  3.848905e+02  9.764959e+01 -2.126071e-15 
  712.000  3.874017e+02  9.808121e+01 -1.668061e-15 
  713.000  3.795888e+02  9.572504e+01  8.281566e-15 
  714.000  3.838460e+02  9.647265e+01 -6.994890e-15 
  715.000  3.603290e+02  9.020706e+01  1.071130e-14 
  716.000  3.586288e+02  8.943747e+01 -1.892982e-14 
  717.000  2.882993e+02  7.105479e+01 -4.912816e-15 
  718.000  2.528050e+02  6.173877e+01 -1.595235e-15 
  719.000  2.382970e+02  5.797478e+01 -1.019222e-22 
  720.000  2.242511e+02  5.442375e+01 -6.350698e-17 
  721.000  3.008505e+02  7.351957e+01 -1.908057e-15 
  722.000  3.369501e+02  8.241836e+01 -7.474447e-15 
  723.000  3.182244e+02  7.750031e+01  1.096293e-15 
  724.000  2.720758e+02  6.538680e+01 -3.519284e-15 
  725.000  2.755467e+02  6.609384e+01 -4.696128e-16 
  726.000  2.731408e+02  6.529974e+01 -1.326360e-15 
  727.000  2.839391e+02  6.777067e+01  9.966041e-20 
  728.000  2.723132e+02  6.471938e+01  2.717668e-16 
  729.000  2.787082e+02  6.630399e+01 -5.920859e-15 
  730.000  2.863669e+02  6.788366e+01  2.403718e-16 
  731.000  2.784767e+02  6.577326e+01  3.123990e-15 
  732.000  3.150130e+02  7.473185e+01  4.689425e-16 
  733.000  3.421576e+02  8.115855e+01 -1.206465e-14 
  734.000  3.658991e+02  8.659681e+01  1.990332e-15 
  735.000  3.575669e+02  8.437560e+01  3.325089e-15 
  736.000  3.408685e+02  8.019536e+01 -8.189260e-15 
  737.000  3.534136e+02  8.292455e+01  1.379554e-14 
  738.000  3.635821e+02  8.510162e+01 -4.273232e-15 
  739.000  3.566537e+02  8.327205e+01  1.166755e-14 
  740.000  3.707413e+02  8.641959e+01 -1.923781e-16 
  741.000  3.741018e+02  8.704834e+01 -1.658293e-14 
  742.000  3.706788e+02  8.605381e+01  1.100421e-15 
  743.000  3.875318e+02  8.983369e+01  2.647375e-15 
  744.000  3.938431e+02  9.107062e+01  2.395899e-14 
  745.000  3.857354e+02  8.900043e+01  1.010274e-14 
  746.000  3.928412e+02  9.042858e+01 -1.584411e-15 
  747.000  3.994746e+02  9.170319e+01  6.883898e-14 
  748.000  3.935529e+02  9.012500e+01  4.556183e-14 
  749.000  3.944210e+02  9.008507e+01  0.000000e+00 
  750.000  3.883003e+02  8.842055e+01 -4.334208e-14 
  751.000  3.876434e+02  8.802644e+01  1.551769e-15 
  752.000  3.949541e+02  8.946907e+01 -2.193837e-14 
  753.000  3.918917e+02  8.854076e+01 -2.328798e-14 
  754.000  3.985607e+02  8.980562e+01  0.000000e+00 
  755.000  3.966177e+02  8.912256e+01 -2.351175e-14 
  756.000  3.892070e+02  8.721843e+01 -2.150525e-14 
  757.000  3.923425e+02  8.767979e+01 -4.487751e-14 
  758.000  3.909989e+02  8.711494e+01  0.000000e+00 
  759.000  3.375233e+02  7.455161e+01 -5.012785e-15 
  760.000  7.871413e+01  1.693309e+01 -3.135779e-16 
  761.000  6.317235e+01  1.356032e+01  1.493160e-15 
  762.000  1.792053e+02  3.869287e+01  2.445392e-15 
  763.000  1.405846e+02  3.028675e+01 -2.625738e-15 
  764.000  1.620724e+02  3.482420e+01  1.197742e-15 
  765.000  2.155331e+02  4.617408e+01 -2.705162e-15 
  766.000  2.730892e+02  5.903398e+01  1.607956e-14 
  767.000  3.145451e+02  6.796938e+01 -9.341861e-15 
  768.000  3.533035e+02  7.624754e+01 -2.863343e-14 
  769.000  3.696657e+02  7.975188e+01 -2.080026e-15 
  770.000  3.768625e+02  8.122014e+01 -2.635787e-14 
  771.000  3.815436e+02  8.207671e+01  6.411566e-14 
  772.000  3.812914e+02  8.182574e+01  2.078186e-14 
  773.000  3.803575e+02  8.141724e+01 -2.217819e-14 
  774.000  3.850759e+02  8.221727e+01  4.330969e-14 
  775.000  3.711337e+02  7.903816e+01 -2.011416e-14 
  776.000  3.869101e+02  8.218762e+01  4.187828e-14 
  777.000  3.844177e+02  8.144202e+01  1.930047e-14 
  778.000  3.824049e+02  8.079748e+01  2.216789e-14 
  779.000  3.837013e+02  8.085382e+01  4.150324e-14 
  780.000  3.790987e+02  7.967342e+01 -2.196790e-14 
  781.000  3.791217e+02  7.948293e+01  4.238662e-14 
  782.000  3.837242e+02  8.023290e+01 -2.070707e-14 
  783.000  3.748943e+02  7.818129e+01  2.022460e-14 
  784.000  3.767536e+02  7.835275e+01  1.460472e-15 
  785.000  3.758643e+02  7.790624e+01  0.000000e+00 
  786.000  3.665395e+02  7.571729e+01 -6.783903e-15 
  787.000  3.650685e+02  7.507685e+01  2.823982e-17 
  788.000  3.560710e+02  7.297868e+01 -2.564701e-15 
  789.000  3.454835e+02  7.049780e+01 -2.685247e-14 
  790.000  3.409755e+02  6.939200e+01  1.018716e-14 
  791.000  3.416834e+02  6.937349e+01  4.533503e-15 
  792.000  3.385814e+02  6.858642e+01 -1.312755e-14 
  793.000  3.434680e+02  6.945010e+01  3.996533e-15 
  794.000  3.508029e+02  7.091628e+01  1.152619e-15 
  795.000  3.424589e+02  6.894752e+01 -1.072207e-14 
  796.000  3.309970e+02  6.633224e+01  5.124488e-15 
  797.000  3.381436e+02  6.761740e+01  2.754787e-15 
  798.000  3.495725e+02  6.982928e+01  1.696508e-14 
  799.000  3.468764e+02  6.908818e+01  7.721409e-15 
  800.000  3.300945e+02  6.551742e+01  5.150614e-15 
  801.000  3.372910e+02  6.678487e+01  0.000000e+00 
  802.000  3.359564e+02  6.635059e+01 -2.563114e-15 
  803.000  3.324259e+02  6.549831e+01  4.180495e-14 
  804.000  3.393501e+02  6.672684e+01 -9.750311e-15 
  805.000  3.372722e+02  6.623060e+01 -8.693977e-15 
  806.000  3.509378e+02  6.880791e+01 -1.264654e-14 
  807.000  3.491650e+02  6.829443e+01  1.927679e-14 
  808.000  3.446545e+02  6.720869e+01 -3.432655e-15 
  809.000  3.359049e+02  6.530164e+01  5.648550e-15 
  810.000  3.311480e+02  6.418081e+01 -4.021745e-15 
  811.000  3.296672e+02  6.368075e+01 -1.311495e-14 
  812.000  3.194170e+02  6.150544e+01  4.159002e-15 
  813.000  3.070891e+02  5.896708e+01 -7.990082e-15 
  814.000  2.924866e+02  5.600903e+01 -5.551456e-15 
  815.000  2.722645e+02  5.191226e+01  4.007588e-15 
  816.000  2.496526e+02  4.723349e+01  2.509585e-15 
  817.000  2.520427e+02  4.758007e+01  2.524882e-15 
  818.000  2.521383e+02  4.750546e+01 -2.012352e-15 
  819.000  2.520631e+02  4.747331e+01  5.037370e-15 
  820.000  2.693635e+02  5.080853e+01 -8.631935e-16 
  821.000  3.058389e+02  5.756538e+01  0.000000e+00 
  822.000  2.768878e+02  5.199031e+01  6.034243e-15 
  823.000  2.281219e+02  4.226667e+01  2.676342e-15 
  824.000  2.762813e+02  5.161687e+01 -8.267146e-16 
  825.000  3.075030e+02  5.734488e+01 -4.180006e-15 
  826.000  3.043942e+02  5.664075e+01 -1.163848e-15 
  827.000  2.994265e+02  5.558502e+01 -6.602776e-15 
  828.000  2.782770e+02  5.151974e+01 -3.632353e-15 
  829.000  2.854913e+02  5.274715e+01  8.521015e-15 
  830.000  2.893228e+02  5.333473e+01  2.844284e-15 
  831.000  2.863646e+02  5.267038e+01  9.347986e-15 
  832.000  2.934875e+02  5.386653e+01  3.473813e-15 
  833.000  2.892639e+02  5.297276e+01 -4.493534e-15 
  834.000  2.994557e+02  5.472293e+01 -1.097012e-15 
  835.000  3.115565e+02  5.684797e+01 -2.443891e-15 
  836.000  3.117239e+02  5.673301e+01  4.523167e-15 
  837.000  3.089970e+02  5.611050e+01  1.312049e-14 
  838.000  3.157607e+02  5.723569e+01  5.234792e-15 
  839.000  3.093206e+02  5.596506e+01 -1.535431e-14 
  840.000  3.189362e+02  5.758297e+01  2.043605e-15 
  841.000  3.163322e+02  5.695545e+01 -6.794198e-15 
  842.000  3.176703e+02  5.709062e+01  1.470520e-14 
  843.000  3.231631e+02  5.802855e+01 -6.439476e-15 
  844.000  3.213474e+02  5.762173e+01  5.129426e-15 
  845.000  3.279532e+02  5.869867e+01  2.437457e-15 
  846.000  3.326880e+02  5.944073e+01  8.981673e-15 
  847.000  3.231255e+02  5.763499e+01 -7.461528e-15 
  848.000  3.297032e+02  5.861776e+01 -2.259037e-16 
  849.000  3.307815e+02  5.868219e+01 -1.135603e-14 
  850.000  2.847849e+02  5.038531e+01  2.156440e-14 
  851.000  3.246050e+02  5.727298e+01 -1.768680e-14 
  852.000  3.125559e+02  5.502506e+01 -3.416558e-15 
  853.000  3.190712e+02  5.609124e+01  6.370440e-15 
  854.000  2.564958e+02  4.498772e+01 -9.940436e-15 
  855.000  2.836938e+02  4.966870e+01 -2.650405e-15 
  856.000  3.248124e+02  5.678025e+01 -1.824610e-14 
  857.000  3.313279e+02  5.781989e+01 -8.020783e-15 
  858.000  3.267186e+02  5.690300e+01  7.889218e-15 
  859.000  3.281209e+02  5.705318e+01  1.219148e-15 
  860.000  3.259890e+02  5.657304e+01  1.682068e-14 
  861.000  3.261672e+02  5.648066e+01  1.207446e-15 
  862.000  3.255168e+02  5.625021e+01  1.675763e-14 
  863.000  3.318949e+02  5.722631e+01 -1.707769e-14 
  864.000  3.316699e+02  5.706908e+01  1.826375e-14 
  865.000  3.258581e+02  5.595162e+01  6.688121e-14 
  866.000  2.734658e+02  4.685313e+01  0.000000e+00 
  867.000  2.912408e+02  4.978710e+01  0.000000e+00 
  868.000  3.159844e+02  5.389885e+01  0.000000e+00 
  869.000  3.117228e+02  5.305702e+01 -1.597031e-14 
  870.000  3.245965e+02  5.512506e+01  0.000000e+00 
  871.000  3.243096e+02  5.495764e+01  3.440454e-14 
  872.000  3.233055e+02  5.467269e+01 -1.653762e-14 
  873.000  3.244679e+02  5.474411e+01  0.000000e+00 
  874.000  3.173224e+02  5.341897e+01  1.166271e-15 
  875.000  3.144557e+02  5.282042e+01  1.155589e-15 
  876.000  3.169813e+02  5.312529e+01  1.506773e-14 
  877.000  3.233189e+02  5.406804e+01  1.655920e-14 
  878.000  3.170163e+02  5.287926e+01 -1.745665e-14 
  879.000  3.178550e+02  5.290445e+01 -1.172149e-15 
  880.000  3.153680e+02  5.236001e+01  8.704201e-15 
  881.000  2.987427e+02  4.948478e+01 -8.254799e-15 
  882.000  3.149429e+02  5.204713e+01  4.123452e-14 
  883.000  3.082115e+02  5.083443e+01  1.588414e-14 
  884.000  3.110598e+02  5.119801e+01  7.433566e-15 
  885.000  3.129557e+02  5.136631e+01 -1.736668e-14 
  886.000  3.010338e+02  4.928235e+01  6.718117e-15 
  887.000  2.993160e+02  4.890812e+01  3.159547e-14 
  888.000  3.082512e+02  5.025872e+01  0.000000e+00 
  889.000  3.107979e+02  5.057560e+01 -2.470679e-14 
  890.000  3.088075e+02  5.013726e+01  4.908600e-15 
  891.000  3.046797e+02  4.931722e+01 -3.687792e-15 
  892.000  2.981389e+02  4.807588e+01  1.636087e-14 
  893.000  2.708158e+02  4.345332e+01  3.507975e-15 
  894.000  2.714884e+02  4.344040e+01 -1.008312e-15 
  895.000  2.350327e+02  3.752939e+01  2.861443e-15 
  896.000  2.223167e+02  3.529886e+01 -1.568915e-16 
  897.000  1.957675e+02  3.078884e+01  8.266356e-16 
  898.000  1.865603e+02  2.920129e+01 -8.856249e-16 
  899.000  1.624239e+02  2.532080e+01  9.604720e-16 
  900.000  1.613306e+02  2.509191e+01  5.363426e-16 
  901.000  1.523851e+02  2.365944e+01  4.450843e-17 
  902.000  1.510383e+02  2.340700e+01  1.684520e-22 
  903.000  1.999346e+02  3.112184e+01  1.230453e-17 
  904.000  2.314401e+02  3.620561e+01 -4.995149e-15 
  905.000  2.301829e+02  3.594244e+01  4.871682e-15 
  906.000  2.066034e+02  3.207512e+01  1.897718e-15 
  907.000  1.809762e+02  2.779687e+01  2.742736e-15 
  908.000  1.589086e+02  2.433077e+01  5.022323e-16 
  909.000  1.567303e+02  2.394534e+01  4.727688e-16 
  910.000  1.610533e+02  2.455422e+01 -8.915842e-17 
  911.000  1.718517e+02  2.616552e+01 -7.552522e-16 
  912.000  1.668112e+02  2.533453e+01 -1.018421e-15 
  913.000  1.478706e+02  2.244128e+01  2.572255e-16 
  914.000  1.580093e+02  2.390492e+01 -1.090826e-16 
  915.000  1.643658e+02  2.481549e+01 -8.453990e-16 
  916.000  1.691539e+02  2.549325e+01  1.891404e-15 
  917.000  1.718833e+02  2.586847e+01  5.468072e-21 
  918.000  1.779918e+02  2.676710e+01  8.813869e-17 
  919.000  2.050683e+02  3.102127e+01  1.863826e-15 
  920.000  2.234129e+02  3.388897e+01 -2.393066e-15 
  921.000  2.144573e+02  3.245598e+01 -1.199877e-16 
  922.000  2.123026e+02  3.206626e+01 -2.021270e-15 
  923.000  1.982391e+02  2.984869e+01 -1.153432e-16 
  924.000  1.939447e+02  2.901831e+01 -1.847321e-15 
  925.000  1.949829e+02  2.909617e+01 -1.981662e-15 
  926.000  1.863820e+02  2.773472e+01 -4.102083e-15 
  927.000  1.780055e+02  2.629281e+01 -1.822536e-15 
  928.000  1.571688e+02  2.308000e+01  8.739022e-17 
  929.000  1.272063e+02  1.867589e+01 -2.114266e-16 
  930.000  9.716946e+01  1.433481e+01 -1.517926e-17 
  931.000  7.039456e+01  1.042150e+01 -1.148586e-16 
  932.000  4.218192e+01  6.327130e+00 -1.155962e-16 
  933.000  2.852760e+01  4.410880e+00  2.841067e-17 
  934.000  1.825054e+01  2.989996e+00  1.271798e-21 
  935.000  1.692248e+01  2.795284e+00  1.394384e-17 
  936.000  1.985702e+01  3.189810e+00  1.381831e-17 
  937.000  1.970070e+01  3.171386e+00 -6.132403e-22 
  938.000  3.185606e+01  4.813265e+00 -3.037816e-20 
  939.000  8.514842e+01  1.235144e+01 -5.296237e-18 
  940.000  9.636913e+01  1.387573e+01 -8.208252e-17 
  941.000  8.537109e+01  1.232599e+01 -1.300740e-17 
  942.000  6.281525e+01  9.124792e+00  1.055398e-16 
  943.000  3.994660e+01  5.866001e+00  2.758468e-17 
  944.000  3.715805e+01  5.462268e+00  2.558098e-17 
  945.000  4.516727e+01  6.575029e+00 -2.509835e-17 
  946.000  4.659147e+01  6.761781e+00 -1.749661e-33 
  947.000  5.516625e+01  7.954134e+00 -5.445489e-17 
  948.000  6.117273e+01  8.789104e+00  1.094585e-16 
  949.000  6.114918e+01  8.764941e+00 -2.190418e-16 
  950.000  6.240571e+01  8.923559e+00 -1.586639e-16 
  951.000  7.577114e+01  1.077994e+01  1.056298e-16 
  952.000  6.213231e+01  8.842646e+00  1.596795e-16 
  953.000  7.243294e+01  1.027101e+01 -1.079791e-16 
  954.000  8.426158e+01  1.188955e+01 -2.209859e-16 
  955.000  7.037302e+01  9.931865e+00 -1.267475e-28 
  956.000  7.417319e+01  1.044648e+01  1.386474e-29 
  957.000  1.080359e+02  1.506977e+01  5.993946e-18 
  958.000  1.148381e+02  1.597307e+01 -9.947009e-16 
  959.000  1.096483e+02  1.525621e+01 -1.022384e-17 
  960.000  1.074165e+02  1.492966e+01  7.967984e-17 
  961.000  1.036773e+02  1.439806e+01  2.105249e-16 
  962.000  1.074835e+02  1.489138e+01  6.203540e-16 
  963.000  1.297213e+02  1.785340e+01 -8.024353e-16 
  964.000  1.320742e+02  1.813920e+01 -4.956590e-16 
  965.000  1.319494e+02  1.810069e+01  1.673173e-16 
  966.000  1.299385e+02  1.779476e+01 -5.989960e-16 
  967.000  1.523181e+02  2.080919e+01  1.314716e-15 
  968.000  1.847796e+02  2.544329e+01  6.688695e-16 
  969.000  2.033209e+02  2.806801e+01 -3.546298e-15 
  970.000  2.051669e+02  2.827971e+01  1.562357e-15 
  971.000  2.030616e+02  2.793907e+01  1.546017e-15 
  972.000  1.995401e+02  2.738501e+01  2.311248e-15 
  973.000  1.867188e+02  2.549879e+01 -1.578501e-16 
  974.000  1.713712e+02  2.324371e+01 -8.165556e-16 
  975.000  1.645349e+02  2.222004e+01 -2.318666e-17 
  976.000  1.762320e+02  2.383252e+01  1.661232e-15 
  977.000  1.882354e+02  2.556926e+01  2.510389e-15 
  978.000  1.917963e+02  2.599933e+01 -4.629917e-16 
  979.000  1.909707e+02  2.587747e+01  1.808921e-15 
  980.000  2.121121e+02  2.873609e+01  5.450591e-17 
  981.000  2.180818e+02  2.949376e+01  1.061376e-14 
  982.000  2.137171e+02  2.886227e+01  5.098043e-15 
  983.000  2.232629e+02  3.009520e+01 -5.802018e-16 
  984.000  2.323858e+02  3.127723e+01  7.977109e-15 
  985.000  2.385236e+02  3.206560e+01 -2.385566e-16 
  986.000  2.446745e+02  3.287896e+01  0.000000e+00 
  987.000  2.511734e+02  3.372200e+01  2.162495e-15 
  988.000  2.490338e+02  3.338404e+01  2.433117e-15 
  989.000  2.465038e+02  3.299193e+01  4.664183e-16 
  990.000  2.495496e+02  3.334861e+01  1.444362e-16 
  991.000  2.547094e+02  3.400860e+01  6.172333e-15 
  992.000  2.532817e+02  3.376730e+01  1.917006e-14 
  993.000  2.536585e+02  3.376114e+01 -3.035154e-16 
  994.000  2.576025e+02  3.424629e+01 -6.418202e-15 
  995.000  2.576311e+02  3.421655e+01 -7.284728e-15 
  996.000  2.576126e+02  3.415302e+01  5.911470e-15 
  997.000  2.567709e+02  3.396379e+01  0.000000e+00 
  998.000  2.546190e+02  3.361249e+01  5.697733e-16 
  999.000  2.535197e+02  3.340208e+01  5.607353e-15 
 1000.000  2.519420e+02  3.314014e+01 -2.811692e-15 
 1001.000  2.505517e+02  3.286750e+01  3.929088e-15 
 1002.000  2.457821e+02  3.214339e+01  7.246864e-15 
 1003.000  2.439994e+02  3.186312e+01 -3.319926e-15 
 1004.000  2.445164e+02  3.189831e+01 -1.899061e-15 
 1005.000  2.295013e+02  2.989814e+01  6.389243e-15 
 1006.000  2.419572e+02  3.146945e+01 -5.801282e-15 
 1007.000  2.455662e+02  3.187402e+01 -1.058573e-15 
 1008.000  2.430831e+02  3.146333e+01 -4.263938e-15 
 1009.000  2.369595e+02  3.058297e+01  1.025067e-14 
 1010.000  2.399869e+02  3.093418e+01  1.077083e-14 
 1011.000  2.437479e+02  3.140717e+01 -1.489158e-15 
 1012.000  2.458137e+02  3.163815e+01  8.782441e-15 
 1013.000  2.455907e+02  3.157156e+01 -6.689089e-15 
 1014.000  2.478658e+02  3.181649e+01  1.217834e-14 
 1015.000  2.434627e+02  3.119887e+01  1.802916e-14 
 1016.000  2.457489e+02  3.144567e+01  7.094591e-15 
 1017.000  2.436286e+02  3.111547e+01  6.463110e-15 
 1018.000  2.461438e+02  3.138242e+01 -1.095196e-14 
 1019.000  2.389004e+02  3.038738e+01  1.550737e-14 
 1020.000  2.390253e+02  3.035763e+01  2.687723e-15 
 1021.000  2.426523e+02  3.077963e+01 -2.447737e-15 
 1022.000  2.370620e+02  2.999615e+01  5.239288e-15 
 1023.000  2.399731e+02  3.029499e+01  2.028864e-15 
 1024.000  2.377949e+02  2.995901e+01  6.424502e-15 
 1025.000  2.408376e+02  3.032277e+01  1.934946e-17 
 1026.000  2.425383e+02  3.050089e+01  3.240170e-15 
 1027.000  2.405606e+02  3.019422e+01 -4.723525e-15 
 1028.000  2.416663e+02  3.028736e+01  7.160395e-15 
 1029.000  2.392508e+02  2.994200e+01  5.898765e-15 
 1030.000  2.429352e+02  3.036976e+01 -5.955215e-15 
 1031.000  2.428443e+02  3.031657e+01 -1.272185e-14 
 1032.000  2.425356e+02  3.023428e+01 -1.182590e-14 
 1033.000  2.382710e+02  2.965478e+01  1.160800e-14 
 1034.000  2.410683e+02  2.995609e+01  1.088716e-14 
 1035.000  2.386978e+02  2.961383e+01  0.000000e+00 
 1036.000  2.418384e+02  2.995337e+01 -2.435686e-14 
 1037.000  2.368600e+02  2.928870e+01 -3.618044e-14 
 1038.000  2.393548e+02  2.954929e+01  1.162219e-14 
 1039.000  2.401837e+02  2.959900e+01  8.379991e-16 
 1040.000  2.372473e+02  2.918623e+01 -1.236390e-14 
 1041.000  2.384252e+02  2.928038e+01  0.000000e+00 
 1042.000  2.391384e+02  2.931856e+01 -1.246799e-14 
 1043.000  2.350648e+02  2.877145e+01 -2.368514e-14 
 1044.000  2.373508e+02  2.900177e+01  0.000000e+00 
 1045.000  2.360519e+02  2.879021e+01  6.163868e-15 
 1046.000  2.290715e+02  2.789058e+01  0.000000e+00 
 1047.000  2.330958e+02  2.833041e+01 -6.506237e-15 
 1048.000  2.353118e+02  2.855079e+01 -2.340719e-14 
 1049.000  2.337075e+02  2.830805e+01  5.714381e-15 
 1050.000  2.320426e+02  2.805567e+01  0.000000e+00 
 1051.000  2.316475e+02  2.795482e+01 -1.787332e-14 
 1052.000  2.303235e+02  2.774539e+01  5.661110e-15 
 1053.000  2.303999e+02  2.770847e+01 -6.070720e-15 
 1054.000  2.276496e+02  2.732648e+01  6.011484e-15 
 1055.000  2.289004e+02  2.742506e+01  0.000000e+00 
 1056.000  2.279781e+02  2.726501e+01  0.000000e+00 
 1057.000  2.267325e+02  2.705892e+01  6.041989e-15 
 1058.000  2.228333e+02  2.652715e+01  1.676713e-14 
 1059.000  2.159780e+02  2.567138e+01 -1.121491e-14 
 1060.000  2.245862e+02  2.666387e+01 -4.022979e-16 
 1061.000  2.165704e+02  2.566811e+01  5.796800e-15 
 1062.000  2.217135e+02  2.622186e+01  0.000000e+00 
 1063.000  2.177465e+02  2.570810e+01  0.000000e+00 
 1064.000  2.198476e+02  2.590365e+01 -1.150183e-14 
 1065.000  2.185218e+02  2.569112e+01  5.948494e-15 
 1066.000  2.119391e+02  2.487848e+01  5.765354e-15 
 1067.000  2.166696e+02  2.539636e+01  4.828063e-15 
 1068.000  2.137525e+02  2.499261e+01 -4.549400e-15 
 1069.000  1.965197e+02  2.293014e+01 -4.027229e-15 
 1070.000  2.083912e+02  2.427821e+01  2.218909e-15 
 1071.000  2.073654e+02  2.410890e+01  4.087631e-15 
 1072.000  2.066388e+02  2.397668e+01  2.311463e-15 
 1073.000  1.995552e+02  2.311651e+01 -6.185696e-18 
 1074.000  2.067492e+02  2.391374e+01 -2.888305e-15 
 1075.000  2.022751e+02  2.337271e+01 -3.000217e-15 
 1076.000  2.054164e+02  2.368960e+01  1.534234e-15 
 1077.000  2.032650e+02  2.339467e+01  1.666956e-15 
 1078.000  2.018553e+02  2.318640e+01  6.835922e-17 
 1079.000  1.937481e+02  2.221918e+01  2.673372e-15 
 1080.000  1.942784e+02  2.223066e+01 -2.122856e-15 
 1081.000  1.868627e+02  2.134863e+01  8.269969e-15 
 1082.000  1.914434e+02  2.184210e+01 -9.576658e-16 
 1083.000  1.836126e+02  2.091042e+01 -1.628070e-15 
 1084.000  1.876370e+02  2.133277e+01 -4.600002e-15 
 1085.000  1.783488e+02  2.024884e+01  5.459571e-15 
 1086.000  1.822152e+02  2.065331e+01 -5.363419e-16 
 1087.000  1.781349e+02  2.015697e+01  5.655003e-15 
 1088.000  1.892907e+02  2.138709e+01 -4.543367e-15 
 1089.000  1.730744e+02  1.952530e+01  2.834088e-15 
 1090.000  1.750716e+02  1.972016e+01  5.509241e-17 
 1091.000  1.778267e+02  1.999612e+01 -7.060025e-16 
 1092.000  1.692276e+02  1.900126e+01  4.775030e-16 
 1093.000  1.576670e+02  1.766459e+01  2.171503e-16 
 1094.000  1.398349e+02  1.562542e+01  1.062267e-15 
 1095.000  1.518827e+02  1.694720e+01 -1.823983e-15 
 1096.000  1.515953e+02  1.688819e+01 -1.478160e-15 
 1097.000  1.475562e+02  1.639979e+01  3.437518e-16 
 1098.000  1.249461e+02  1.372717e+01  5.547840e-16 
 1099.000  1.087817e+02  1.190905e+01  5.903287e-16 
 1100.000  1.116025e+02  1.219729e+01  7.043540e-16 
