  400.000  3.419056e+02  2.084818e+02 -1.460659e-13 
  401.000  3.411194e+02  2.054764e+02 -3.228536e-14 
  402.000  3.628546e+02  2.159317e+02  3.682237e-14 
  403.000  3.410786e+02  2.005396e+02  5.080055e-14 
  404.000  3.678282e+02  2.136909e+02 -1.376940e-14 
  405.000  3.384917e+02  1.943190e+02 -1.351154e-13 
  406.000  3.370828e+02  1.912337e+02  9.987188e-16 
  407.000  3.293983e+02  1.846896e+02 -1.350269e-14 
  408.000  3.580258e+02  1.984086e+02 -1.176836e-13 
  409.000  3.975680e+02  2.177777e+02 -7.811395e-14 
  410.000  3.334349e+02  1.805507e+02 -8.234602e-14 
  411.000  3.927612e+02  2.102486e+02 -6.388037e-14 
  412.000  4.081971e+02  2.160328e+02  4.861006e-14 
  413.000  3.867502e+02  2.023754e+02 -7.519011e-14 
  414.000  3.806267e+02  1.969330e+02 -4.478858e-14 
  415.000  4.071352e+02  2.083046e+02  4.875181e-14 
  416.000  4.058127e+02  2.053302e+02  4.716955e-14 
  417.000  3.945651e+02  1.974421e+02  1.812657e-13 
  418.000  3.870252e+02  1.915492e+02 -7.728972e-14 
  419.000  3.975739e+02  1.946282e+02 -1.362276e-13 
  420.000  3.373997e+02  1.633830e+02  9.170502e-16 
  421.000  4.238213e+02  2.030246e+02 -1.322190e-13 
  422.000  4.071449e+02  1.929511e+02 -1.414746e-14 
  423.000  3.447243e+02  1.616331e+02  1.842894e-15 
  424.000  3.801171e+02  1.763446e+02 -7.239679e-14 
  425.000  3.946354e+02  1.811542e+02 -1.069672e-13 
  426.000  3.802589e+02  1.727289e+02 -5.373148e-14 
  427.000  3.666274e+02  1.648049e+02  1.489267e-13 
  428.000  3.720957e+02  1.655326e+02  1.098990e-13 
  429.000  3.392852e+02  1.493834e+02 -5.073432e-14 
  430.000  2.713451e+02  1.182474e+02 -2.158732e-14 
  431.000  2.444984e+02  1.054639e+02 -9.113963e-14 
  432.000  4.410525e+02  1.883215e+02  9.749625e-14 
  433.000  3.934387e+02  1.663003e+02  5.870612e-14 
  434.000  3.747357e+02  1.568092e+02 -1.490186e-13 
  435.000  4.085528e+02  1.692579e+02 -2.968321e-14 
  436.000  4.539553e+02  1.862048e+02  1.132030e-13 
  437.000  4.592656e+02  1.865269e+02 -1.322627e-13 
  438.000  4.122296e+02  1.657824e+02 -4.176107e-14 
  439.000  3.996943e+02  1.591742e+02 -1.179024e-14 
  440.000  4.488510e+02  1.770157e+02 -8.028272e-14 
  441.000  4.482567e+02  1.750743e+02  2.504159e-13 
  442.000  4.730004e+02  1.829627e+02  6.664934e-14 
  443.000  4.770552e+02  1.827657e+02 -5.194797e-14 
  444.000  4.748324e+02  1.801817e+02 -8.122858e-14 
  445.000  5.003769e+02  1.880740e+02  1.729344e-13 
  446.000  4.462017e+02  1.661263e+02  2.986617e-14 
  447.000  5.098286e+02  1.880385e+02 -2.585714e-13 
  448.000  5.192927e+02  1.897585e+02 -1.599794e-14 
  449.000  5.238093e+02  1.896524e+02 -2.448268e-13 
  450.000  5.362162e+02  1.923699e+02 -1.273160e-13 
  451.000  5.805292e+02  2.063686e+02 -2.731952e-15 
  452.000  5.406031e+02  1.904289e+02 -1.638064e-14 
  453.000  5.026742e+02  1.754652e+02  6.538651e-14 
  454.000  5.368166e+02  1.856936e+02  2.497281e-15 
  455.000  5.414187e+02  1.856030e+02  1.560499e-13 
  456.000  5.553440e+02  1.886706e+02  1.403894e-13 
  457.000  5.592615e+02  1.883088e+02 -1.242705e-13 
  458.000  5.502087e+02  1.836179e+02 -7.035984e-14 
  459.000  5.509105e+02  1.822284e+02 -7.527078e-14 
  460.000  5.468709e+02  1.793028e+02  5.087530e-14 
  461.000  5.674724e+02  1.844306e+02 -1.322657e-13 
  462.000  5.589791e+02  1.800885e+02  3.064045e-13 
  463.000  5.598655e+02  1.788110e+02  3.778324e-14 
  464.000  5.626494e+02  1.781610e+02  1.891246e-14 
  465.000  5.553446e+02  1.743479e+02 -2.491424e-15 
  466.000  5.738568e+02  1.786288e+02  1.237537e-13 
  467.000  5.544698e+02  1.711323e+02 -8.474692e-14 
  468.000  5.877143e+02  1.798540e+02 -1.765130e-13 
  469.000  5.831810e+02  1.769513e+02  7.711217e-14 
  470.000  5.757178e+02  1.732037e+02  5.441498e-14 
  471.000  5.752001e+02  1.715779e+02  4.099962e-13 
  472.000  5.826811e+02  1.723326e+02  9.056909e-14 
  473.000  5.766580e+02  1.690988e+02  7.059789e-14 
  474.000  5.815701e+02  1.690865e+02 -1.612981e-13 
  475.000  6.052137e+02  1.744405e+02  5.416081e-14 
  476.000  5.866013e+02  1.675949e+02 -9.095913e-14 
  477.000  5.812701e+02  1.646466e+02 -1.275793e-15 
  478.000  6.105298e+02  1.715702e+02  1.994427e-14 
  479.000  5.835379e+02  1.627531e+02  3.541205e-14 
  480.000  5.958116e+02  1.649476e+02  7.196623e-14 
  481.000  5.928851e+02  1.629101e+02  5.475781e-14 
  482.000  6.060059e+02  1.652581e+02 -3.368799e-14 
  483.000  6.072768e+02  1.643418e+02 -1.681991e-14 
  484.000  5.844648e+02  1.569514e+02 -3.477455e-14 
  485.000  5.892747e+02  1.570207e+02 -8.866829e-14 
  486.000  4.782498e+02  1.264547e+02  1.313197e-14 
  487.000  5.381133e+02  1.411908e+02 -8.049160e-14 
  488.000  5.848979e+02  1.522907e+02 -3.439938e-14 
  489.000  5.442830e+02  1.406340e+02  7.865095e-14 
  490.000  6.202813e+02  1.590525e+02  3.887656e-14 
  491.000  5.808964e+02  1.478208e+02 -2.059651e-14 
  492.000  5.586346e+02  1.410777e+02 -1.301067e-13 
  493.000  6.020922e+02  1.509048e+02  1.049551e-13 
  494.000  5.820693e+02  1.447888e+02 -6.750816e-14 
  495.000  6.226734e+02  1.537296e+02  1.106974e-13 
  496.000  6.066320e+02  1.486457e+02  9.145180e-14 
  497.000  5.886419e+02  1.431607e+02 -8.620538e-14 
  498.000  5.749057e+02  1.387809e+02  6.871356e-14 
  499.000  5.736808e+02  1.374595e+02  3.306266e-14 
  500.000  5.713142e+02  1.358831e+02  1.644703e-13 
  501.000  5.586428e+02  1.318926e+02  3.213606e-14 
  502.000  5.551169e+02  1.301014e+02  0.000000e+00 
  503.000  5.883489e+02  1.368858e+02  1.713529e-13 
  504.000  5.475228e+02  1.264629e+02 -1.884878e-13 
  505.000  5.906802e+02  1.354448e+02  5.444250e-14 
  506.000  6.328181e+02  1.440738e+02 -1.474147e-13 
  507.000  5.892430e+02  1.332024e+02  1.033316e-13 
  508.000  5.655220e+02  1.269384e+02  4.625976e-15 
  509.000  6.102827e+02  1.360231e+02 -8.548549e-14 
  510.000  5.917631e+02  1.309719e+02  1.522710e-13 
  511.000  5.923122e+02  1.301779e+02  6.948557e-14 
  512.000  6.220387e+02  1.357602e+02  5.400004e-14 
  513.000  5.696453e+02  1.234642e+02 -5.628578e-14 
  514.000  5.580173e+02  1.201096e+02  9.654029e-14 
  515.000  5.700068e+02  1.218473e+02 -2.300871e-15 
  516.000  5.989549e+02  1.271560e+02 -6.726230e-14 
  517.000  4.412795e+02  9.303889e+01 -1.122911e-13 
  518.000  5.464123e+02  1.144171e+02  3.062799e-14 
  519.000  5.177505e+02  1.076770e+02  4.245469e-14 
  520.000  5.701104e+02  1.177622e+02 -3.877462e-14 
  521.000  5.704921e+02  1.170440e+02  0.000000e+00 
  522.000  5.931556e+02  1.208717e+02  7.105615e-14 
  523.000  5.525626e+02  1.118394e+02  4.519034e-14 
  524.000  5.995117e+02  1.205266e+02  1.207585e-13 
  525.000  5.947091e+02  1.187593e+02  1.327650e-13 
  526.000  5.667687e+02  1.124269e+02 -3.161599e-14 
  527.000  4.950454e+02  9.754623e+01  2.760982e-14 
  528.000  5.944514e+02  1.163567e+02  1.018356e-13 
  529.000  6.112254e+02  1.188498e+02 -8.643671e-14 
  530.000  5.774587e+02  1.115460e+02  6.439958e-14 
  531.000  6.284593e+02  1.206034e+02  7.259713e-14 
  532.000  5.994798e+02  1.142950e+02 -4.892609e-14 
  533.000  5.266593e+02  9.976763e+01  4.504398e-14 
  534.000  5.728724e+02  1.078349e+02  1.707381e-14 
  535.000  5.846853e+02  1.093681e+02  4.987198e-14 
  536.000  6.206071e+02  1.153613e+02 -7.130775e-14 
  537.000  5.759420e+02  1.063895e+02  4.670579e-14 
  538.000  6.030516e+02  1.107011e+02  0.000000e+00 
  539.000  6.012121e+02  1.096751e+02 -5.103236e-14 
  540.000  5.885072e+02  1.066893e+02 -1.507926e-14 
  541.000  5.397812e+02  9.724892e+01  9.145272e-14 
  542.000  6.022701e+02  1.078361e+02 -1.351300e-13 
  543.000  5.762325e+02  1.025381e+02  1.268916e-13 
  544.000  6.078864e+02  1.075050e+02 -1.003236e-13 
  545.000  5.989042e+02  1.052662e+02  6.585668e-14 
  546.000  5.856547e+02  1.023076e+02  1.161037e-13 
  547.000  6.106115e+02  1.060176e+02  1.797127e-14 
  548.000  5.666218e+02  9.778272e+01 -9.553961e-14 
  549.000  5.964017e+02  1.022995e+02 -1.156926e-13 
  550.000  5.833995e+02  9.946532e+01 -1.108365e-13 
  551.000  5.798762e+02  9.826778e+01 -4.655665e-14 
  552.000  6.050133e+02  1.019113e+02  3.317306e-14 
  553.000  5.814396e+02  9.735312e+01  4.667243e-14 
  554.000  6.005686e+02  9.995502e+01 -3.292456e-14 
  555.000  6.023926e+02  9.966158e+01  3.302287e-14 
  556.000  5.859022e+02  9.635776e+01 -3.442582e-14 
  557.000  5.685930e+02  9.295649e+01 -1.670710e-14 
  558.000  5.902672e+02  9.592937e+01 -3.237029e-14 
  559.000  5.579946e+02  9.014973e+01  3.060727e-14 
  560.000  5.604872e+02  9.001892e+01  0.000000e+00 
  561.000  6.160224e+02  9.835603e+01  8.574882e-14 
  562.000  5.654551e+02  8.974692e+01 -1.664470e-14 
  563.000  5.915920e+02  9.334378e+01  1.149559e-13 
  564.000  5.832328e+02  9.148335e+01  1.488493e-14 
  565.000  5.900574e+02  9.200513e+01  8.236397e-14 
  566.000  5.438922e+02  8.430821e+01 -4.387049e-14 
  567.000  5.831844e+02  8.984991e+01  0.000000e+00 
  568.000  5.814138e+02  8.899033e+01 -1.495488e-14 
  569.000  5.697267e+02  8.658897e+01  1.292700e-14 
  570.000  5.722730e+02  8.646146e+01 -9.072272e-14 
  571.000  5.516581e+02  8.294310e+01 -1.644404e-14 
  572.000  5.826281e+02  8.699792e+01 -7.563388e-15 
  573.000  5.885064e+02  8.738899e+01  1.527527e-14 
  574.000  5.850912e+02  8.638877e+01  2.396478e-14 
  575.000  5.707352e+02  8.378238e+01 -2.454051e-14 
  576.000  5.607100e+02  8.184808e+01  8.407142e-15 
  577.000  5.844921e+02  8.487206e+01  0.000000e+00 
  578.000  5.681501e+02  8.208598e+01  3.274755e-14 
  579.000  5.649890e+02  8.122970e+01 -2.517097e-14 
  580.000  5.863062e+02  8.389862e+01 -3.349573e-14 
  581.000  5.778431e+02  8.232391e+01 -3.167020e-14 
  582.000  5.882805e+02  8.341636e+01  4.813492e-14 
  583.000  5.938848e+02  8.379447e+01 -1.498137e-14 
  584.000  5.933093e+02  8.329368e+01 -4.937753e-14 
  585.000  5.907167e+02  8.251277e+01  1.481231e-14 
  586.000  5.663792e+02  7.870971e+01 -7.741150e-14 
  587.000  5.896210e+02  8.148146e+01 -3.291584e-14 
  588.000  5.848383e+02  8.027419e+01  7.068583e-14 
  589.000  5.191808e+02  7.073450e+01 -1.532498e-14 
  590.000  5.426575e+02  7.354227e+01  2.950914e-14 
  591.000  5.771127e+02  7.791989e+01  5.007787e-14 
  592.000  5.666426e+02  7.605169e+01 -3.071521e-14 
  593.000  5.729774e+02  7.664277e+01 -2.824022e-14 
  594.000  5.787683e+02  7.698679e+01  1.531120e-14 
  595.000  5.682574e+02  7.510874e+01  1.653390e-14 
  596.000  5.822490e+02  7.669918e+01 -2.857437e-14 
  597.000  5.839582e+02  7.649641e+01  2.861209e-14 
  598.000  5.718336e+02  7.458446e+01  4.206648e-14 
  599.000  5.718469e+02  7.423112e+01  4.619854e-14 
  600.000  5.715417e+02  7.385830e+01 -3.283726e-14 
  601.000  5.682062e+02  7.310036e+01 -1.096656e-13 
  602.000  5.618339e+02  7.192897e+01 -3.221263e-14 
  603.000  5.656066e+02  7.206573e+01  3.020566e-14 
  604.000  5.843760e+02  7.410600e+01  2.234394e-15 
  605.000  5.836953e+02  7.366287e+01 -1.662096e-14 
  606.000  5.776628e+02  7.254539e+01  1.421888e-14 
  607.000  5.751398e+02  7.187614e+01  6.089697e-14 
  608.000  5.737745e+02  7.135679e+01 -9.096387e-14 
  609.000  5.686016e+02  7.036979e+01  0.000000e+00 
  610.000  5.602177e+02  6.899645e+01  0.000000e+00 
  611.000  5.700948e+02  6.987395e+01 -6.422326e-14 
  612.000  5.634365e+02  6.872510e+01 -1.583739e-14 
  613.000  5.559422e+02  6.748460e+01 -6.029931e-14 
  614.000  5.365654e+02  6.481943e+01  4.306494e-14 
  615.000  5.629897e+02  6.768578e+01 -2.936603e-14 
  616.000  5.359642e+02  6.412820e+01 -1.295173e-14 
  617.000  5.396373e+02  6.425854e+01  4.509827e-14 
  618.000  5.656830e+02  6.703688e+01 -1.362781e-14 
  619.000  5.610204e+02  6.616451e+01  1.558745e-14 
  620.000  5.698110e+02  6.687801e+01  2.118655e-15 
  621.000  5.800736e+02  6.775422e+01 -1.608288e-14 
  622.000  5.498556e+02  6.391422e+01 -2.842392e-14 
  623.000  5.544611e+02  6.413602e+01 -2.056624e-15 
  624.000  5.553776e+02  6.393098e+01 -3.073330e-14 
  625.000  5.406051e+02  6.192919e+01  1.001452e-15 
  626.000  5.435922e+02  6.196389e+01  0.000000e+00 
  627.000  5.526371e+02  6.263435e+01 -1.028196e-15 
  628.000  5.362421e+02  6.015612e+01 -3.962234e-15 
  629.000  5.567843e+02  6.236776e+01  2.888392e-15 
  630.000  5.386637e+02  6.008836e+01  1.259182e-14 
  631.000  5.604169e+02  6.228654e+01 -7.802022e-15 
  632.000  5.241838e+02  5.801293e+01 -1.730628e-14 
  633.000  5.640095e+02  6.220838e+01  4.549444e-14 
  634.000  5.486796e+02  6.028354e+01  1.500191e-14 
  635.000  5.602850e+02  6.130294e+01  1.525707e-14 
  636.000  5.418821e+02  5.905028e+01  1.370769e-14 
  637.000  5.610287e+02  6.088263e+01 -1.312487e-14 
  638.000  5.710199e+02  6.172915e+01 -1.534785e-14 
  639.000  5.675065e+02  6.108944e+01 -1.520633e-14 
  640.000  5.509191e+02  5.906677e+01 -2.940366e-14 
  641.000  5.599657e+02  5.978075e+01  5.561269e-14 
  642.000  5.542299e+02  5.892607e+01 -6.760543e-14 
  643.000  5.647996e+02  5.977467e+01  2.793711e-14 
  644.000  5.591508e+02  5.892314e+01  1.280948e-14 
  645.000  5.648301e+02  5.924187e+01 -1.493987e-14 
  646.000  5.444329e+02  5.678341e+01  5.160531e-14 
  647.000  5.526860e+02  5.734285e+01  3.774637e-14 
  648.000  5.524512e+02  5.701852e+01  3.371451e-15 
  649.000  5.641028e+02  5.801960e+01  1.690221e-14 
  650.000  5.230726e+02  5.365249e+01  0.000000e+00 
  651.000  5.640803e+02  5.761121e+01  1.383053e-14 
  652.000  5.541081e+02  5.627653e+01  2.037008e-14 
  653.000  5.656215e+02  5.729480e+01  1.480135e-14 
  654.000  5.590231e+02  5.638667e+01 -1.117065e-14 
  655.000  5.449187e+02  5.469437e+01  4.347910e-14 
  656.000  4.631304e+02  4.630042e+01 -1.988742e-14 
  657.000  4.947785e+02  4.927443e+01  1.624975e-14 
  658.000  5.513668e+02  5.470385e+01 -1.238743e-14 
  659.000  5.533206e+02  5.469368e+01 -2.860830e-14 
  660.000  5.582766e+02  5.496478e+01 -1.929086e-15 
  661.000  5.612518e+02  5.505783e+01 -2.690824e-14 
  662.000  5.699094e+02  5.568948e+01 -1.460549e-14 
  663.000  5.641151e+02  5.489134e+01 -4.332640e-14 
  664.000  5.557636e+02  5.386229e+01 -4.070169e-14 
  665.000  5.588013e+02  5.393935e+01  5.319543e-14 
  666.000  5.661567e+02  5.443266e+01 -1.095137e-13 
  667.000  5.555102e+02  5.319591e+01  4.046029e-14 
  668.000  5.592699e+02  5.334426e+01  2.647064e-14 
  669.000  5.679002e+02  5.395051e+01 -2.683555e-14 
  670.000  5.616884e+02  5.314633e+01  0.000000e+00 
  671.000  5.563179e+02  5.242805e+01 -3.763141e-15 
  672.000  5.550792e+02  5.210227e+01 -1.063132e-13 
  673.000  5.596296e+02  5.231995e+01  1.219889e-14 
  674.000  5.612881e+02  5.226633e+01 -5.453860e-14 
  675.000  5.532747e+02  5.131589e+01 -1.202516e-14 
  676.000  5.642689e+02  5.212841e+01  4.053050e-14 
  677.000  5.535516e+02  5.093624e+01  1.052740e-13 
  678.000  5.632194e+02  5.162167e+01 -1.050894e-13 
  679.000  5.557501e+02  5.073586e+01  4.162876e-14 
  680.000  5.519136e+02  5.018234e+01 -2.569556e-14 
  681.000  5.529355e+02  5.007124e+01 -1.194050e-14 
  682.000  5.521967e+02  4.980680e+01 -1.375533e-14 
  683.000  5.563167e+02  4.997846e+01  5.353232e-14 
  684.000  5.467924e+02  4.892408e+01  2.356267e-14 
  685.000  5.534711e+02  4.933621e+01 -5.129958e-14 
  686.000  5.284483e+02  4.688211e+01  3.603125e-14 
  687.000  4.508036e+02  3.941810e+01  6.446823e-15 
  688.000  4.755435e+02  4.143752e+01 -4.298819e-14 
  689.000  4.702920e+02  4.081464e+01 -3.097503e-15 
  690.000  4.854381e+02  4.198808e+01  7.127349e-15 
  691.000  5.052540e+02  4.361266e+01 -3.803950e-15 
  692.000  5.141506e+02  4.430444e+01 -2.734259e-14 
  693.000  5.187291e+02  4.453170e+01  5.503300e-14 
  694.000  5.228372e+02  4.469199e+01  2.580955e-14 
  695.000  5.188264e+02  4.423238e+01 -5.922284e-15 
  696.000  5.278372e+02  4.486308e+01 -1.651530e-15 
  697.000  5.385975e+02  4.576028e+01 -1.469136e-14 
  698.000  5.270772e+02  4.457812e+01 -6.480149e-15 
  699.000  5.288311e+02  4.442981e+01  6.882302e-15 
  700.000  5.243442e+02  4.390581e+01 -3.131940e-14 
  701.000  5.110533e+02  4.260858e+01  1.649674e-15 
  702.000  5.101895e+02  4.239495e+01  9.042363e-15 
  703.000  5.245024e+02  4.352556e+01 -6.530018e-15 
  704.000  5.266155e+02  4.354307e+01 -1.262713e-14 
  705.000  5.280723e+02  4.345572e+01  2.387883e-14 
  706.000  5.232801e+02  4.291044e+01 -1.488449e-14 
  707.000  5.166383e+02  4.222496e+01  1.460257e-14 
  708.000  5.329969e+02  4.341933e+01  1.719640e-14 
  709.000  5.164486e+02  4.195358e+01  2.154012e-14 
  710.000  5.262929e+02  4.255675e+01  1.828258e-15 
  711.000  5.235928e+02  4.222374e+01 -3.556306e-14 
  712.000  5.185315e+02  4.169889e+01  2.120999e-14 
  713.000  5.149741e+02  4.123343e+01  2.975362e-14 
  714.000  5.234004e+02  4.174653e+01 -2.209995e-14 
  715.000  5.027406e+02  3.991194e+01 -1.911402e-14 
  716.000  5.133252e+02  4.056446e+01 -7.611865e-15 
  717.000  4.808969e+02  3.770004e+01  1.415161e-14 
  718.000  4.662908e+02  3.637657e+01 -3.158361e-15 
  719.000  4.567261e+02  3.549287e+01 -4.230079e-15 
  720.000  4.534294e+02  3.510515e+01  1.016685e-14 
  721.000  4.822112e+02  3.730073e+01 -7.451056e-15 
  722.000  4.995763e+02  3.859674e+01 -1.641363e-14 
  723.000  4.928634e+02  3.789007e+01 -6.387567e-15 
  724.000  4.791852e+02  3.661599e+01  4.301445e-15 
  725.000  4.766274e+02  3.630124e+01 -1.117434e-15 
  726.000  4.751211e+02  3.605733e+01 -1.827322e-14 
  727.000  4.847012e+02  3.666597e+01 -1.298809e-14 
  728.000  4.739408e+02  3.571766e+01  5.908318e-15 
  729.000  4.613863e+02  3.467801e+01 -1.088999e-14 
  730.000  4.774475e+02  3.575633e+01 -5.926992e-15 
  731.000  4.683670e+02  3.495020e+01  1.985726e-15 
  732.000  4.880161e+02  3.635381e+01  4.417702e-15 
  733.000  4.906142e+02  3.651325e+01  3.018357e-15 
  734.000  5.056483e+02  3.755994e+01  1.224085e-14 
  735.000  5.000986e+02  3.699923e+01  1.593204e-14 
  736.000  4.879196e+02  3.593962e+01  4.145326e-15 
  737.000  4.967809e+02  3.649355e+01  1.574385e-14 
  738.000  4.986994e+02  3.654875e+01 -1.533266e-14 
  739.000  4.839779e+02  3.536651e+01  1.232586e-14 
  740.000  4.915574e+02  3.583984e+01 -2.365262e-14 
  741.000  4.891755e+02  3.556247e+01  2.189057e-14 
  742.000  4.819531e+02  3.493087e+01 -3.306165e-14 
  743.000  4.977655e+02  3.598130e+01 -2.215006e-14 
  744.000  5.032489e+02  3.626667e+01 -1.037455e-14 
  745.000  4.907783e+02  3.525777e+01  1.166564e-14 
  746.000  4.981311e+02  3.567276e+01 -3.389420e-14 
  747.000  5.061728e+02  3.612926e+01  1.040052e-14 
  748.000  4.974559e+02  3.539670e+01  2.357037e-14 
  749.000  4.979394e+02  3.531683e+01  5.577167e-14 
  750.000  4.906734e+02  3.468296e+01 -1.161347e-14 
  751.000  4.896432e+02  3.449649e+01  9.958776e-14 
  752.000  4.976686e+02  3.495295e+01 -1.018163e-14 
  753.000  4.932678e+02  3.453214e+01  4.345596e-14 
  754.000  5.012628e+02  3.497829e+01 -4.413084e-14 
  755.000  4.986172e+02  3.468054e+01 -6.738529e-14 
  756.000  4.890848e+02  3.390726e+01 -6.605977e-14 
  757.000  4.928412e+02  3.405646e+01 -2.166115e-14 
  758.000  4.913396e+02  3.382787e+01 -7.655346e-14 
  759.000  4.365036e+02  2.966545e+01  3.143440e-14 
  760.000  1.403209e+02  9.256252e+00 -1.693137e-16 
  761.000  1.181474e+02  7.720952e+00  3.653425e-32 
  762.000  2.650644e+02  1.740344e+01 -1.248204e-15 
  763.000  2.207407e+02  1.446404e+01  9.575992e-26 
  764.000  2.466968e+02  1.609163e+01  6.441758e-16 
  765.000  3.081089e+02  2.012790e+01  1.458993e-20 
  766.000  3.658976e+02  2.427359e+01  2.066129e-15 
  767.000  4.091514e+02  2.707985e+01 -5.140851e-15 
  768.000  4.512122e+02  2.985397e+01  1.218117e-14 
  769.000  4.665928e+02  3.089182e+01  1.405462e-14 
  770.000  4.732148e+02  3.130887e+01  2.004951e-14 
  771.000  4.775501e+02  3.153928e+01 -5.293019e-14 
  772.000  4.766829e+02  3.139366e+01  2.078186e-14 
  773.000  4.752626e+02  3.120646e+01 -1.034627e-13 
  774.000  4.809330e+02  3.148583e+01  1.500869e-15 
  775.000  4.632670e+02  3.023861e+01  6.034247e-14 
  776.000  4.826533e+02  3.140859e+01 -4.488500e-14 
  777.000  4.794850e+02  3.110598e+01 -1.492896e-15 
  778.000  4.770463e+02  3.085137e+01 -1.484967e-15 
  779.000  4.787184e+02  3.086311e+01  2.224152e-14 
  780.000  4.729087e+02  3.039379e+01 -3.295185e-14 
  781.000  4.723457e+02  3.026655e+01  0.000000e+00 
  782.000  4.781496e+02  3.054357e+01  8.431500e-14 
  783.000  4.670867e+02  2.974480e+01  2.167666e-14 
  784.000  4.697265e+02  2.981881e+01  4.214398e-14 
  785.000  4.706264e+02  2.977419e+01 -2.334061e-14 
  786.000  4.620990e+02  2.913261e+01  0.000000e+00 
  787.000  4.676737e+02  2.936363e+01 -1.094134e-14 
  788.000  4.603318e+02  2.880698e+01  6.229266e-15 
  789.000  4.605245e+02  2.868433e+01 -9.226483e-15 
  790.000  4.557393e+02  2.829672e+01 -2.443152e-14 
  791.000  4.540097e+02  2.811266e+01 -1.024928e-14 
  792.000  4.473956e+02  2.762746e+01 -6.804239e-15 
  793.000  4.481353e+02  2.760848e+01 -7.934271e-16 
  794.000  4.456210e+02  2.740793e+01  9.687252e-15 
  795.000  4.421770e+02  2.709403e+01  3.452159e-15 
  796.000  4.461120e+02  2.719215e+01 -2.184578e-14 
  797.000  4.501041e+02  2.737058e+01 -8.754816e-15 
  798.000  4.528126e+02  2.749320e+01 -1.583455e-14 
  799.000  4.520242e+02  2.735467e+01 -2.920207e-14 
  800.000  4.387001e+02  2.644234e+01 -1.952716e-14 
  801.000  4.471606e+02  2.687601e+01  8.476704e-16 
  802.000  4.462304e+02  2.673845e+01 -2.178533e-14 
  803.000  4.401903e+02  2.630293e+01  2.580078e-14 
  804.000  4.450850e+02  2.653028e+01 -2.184209e-14 
  805.000  4.345127e+02  2.584932e+01 -1.029520e-14 
  806.000  4.472968e+02  2.654817e+01  1.456149e-14 
  807.000  4.447691e+02  2.632194e+01 -1.145881e-14 
  808.000  4.416241e+02  2.605084e+01 -1.101662e-14 
  809.000  4.336010e+02  2.549281e+01 -7.072378e-16 
  810.000  4.310178e+02  2.525642e+01 -1.255060e-14 
  811.000  4.364592e+02  2.547922e+01 -7.706906e-15 
  812.000  4.329035e+02  2.517125e+01 -2.782157e-15 
  813.000  4.284387e+02  2.480968e+01  3.410496e-15 
  814.000  4.242290e+02  2.446077e+01 -7.778050e-15 
  815.000  4.150411e+02  2.382755e+01 -4.624362e-15 
  816.000  4.051758e+02  2.316295e+01  5.770731e-15 
  817.000  4.080779e+02  2.326348e+01  1.043009e-14 
  818.000  4.061841e+02  2.309194e+01  5.498145e-15 
  819.000  3.973631e+02  2.253625e+01 -3.207797e-16 
  820.000  3.965459e+02  2.246706e+01  1.069672e-14 
  821.000  4.177408e+02  2.366952e+01 -6.682628e-15 
  822.000  4.001812e+02  2.255907e+01 -1.833477e-15 
  823.000  3.885226e+02  2.176057e+01 -2.363811e-17 
  824.000  4.092022e+02  2.291927e+01 -2.476387e-14 
  825.000  4.177237e+02  2.340793e+01 -9.531201e-16 
  826.000  4.188935e+02  2.339285e+01 -1.719439e-14 
  827.000  4.164668e+02  2.318189e+01 -2.023967e-14 
  828.000  4.097302e+02  2.269686e+01  8.607800e-15 
  829.000  4.117542e+02  2.276099e+01  2.807608e-15 
  830.000  4.076553e+02  2.249081e+01 -1.198299e-14 
  831.000  4.011051e+02  2.207286e+01 -7.593179e-16 
  832.000  4.096103e+02  2.248090e+01  8.219283e-15 
  833.000  3.982232e+02  2.180740e+01  1.483144e-15 
  834.000  4.056773e+02  2.216927e+01  1.176623e-14 
  835.000  4.092247e+02  2.233373e+01 -8.341568e-15 
  836.000  4.132146e+02  2.247890e+01 -5.589036e-15 
  837.000  4.097754e+02  2.222973e+01 -1.901777e-15 
  838.000  4.125779e+02  2.233679e+01 -1.988644e-14 
  839.000  4.004761e+02  2.163236e+01 -7.475872e-15 
  840.000  4.115293e+02  2.217266e+01 -6.666348e-15 
  841.000  4.119743e+02  2.212530e+01  5.821690e-15 
  842.000  4.101004e+02  2.197477e+01 -1.835306e-16 
  843.000  4.087672e+02  2.186837e+01 -1.781147e-14 
  844.000  4.024657e+02  2.148037e+01  6.208690e-16 
  845.000  4.089561e+02  2.177397e+01  9.403637e-15 
  846.000  4.128681e+02  2.192843e+01  1.896198e-14 
  847.000  3.990495e+02  2.114463e+01 -1.768175e-14 
  848.000  4.104391e+02  2.167900e+01  0.000000e+00 
  849.000  4.113266e+02  2.166920e+01 -8.812430e-15 
  850.000  3.554880e+02  1.867258e+01 -2.342150e-14 
  851.000  4.072787e+02  2.133377e+01  2.395921e-15 
  852.000  3.917046e+02  2.045963e+01 -1.742471e-14 
  853.000  3.967355e+02  2.067811e+01 -6.099550e-16 
  854.000  3.189958e+02  1.658170e+01 -6.830776e-15 
  855.000  3.513034e+02  1.821658e+01  8.053363e-15 
  856.000  3.990281e+02  2.064731e+01 -9.123049e-15 
  857.000  4.056403e+02  2.093933e+01 -3.580559e-14 
  858.000  3.992177e+02  2.055530e+01  0.000000e+00 
  859.000  3.993696e+02  2.051455e+01 -1.219148e-15 
  860.000  3.959846e+02  2.029074e+01  9.014174e-15 
  861.000  3.960165e+02  2.023976e+01 -7.805052e-15 
  862.000  3.948306e+02  2.012822e+01  1.796077e-14 
  863.000  4.024527e+02  2.046351e+01  5.245921e-14 
  864.000  4.017471e+02  2.037570e+01 -3.530407e-14 
  865.000  3.943534e+02  1.994973e+01  3.464107e-14 
  866.000  3.308464e+02  1.669381e+01 -1.402475e-14 
  867.000  3.523684e+02  1.773355e+01  6.081482e-14 
  868.000  3.822213e+02  1.918639e+01  0.000000e+00 
  869.000  3.769308e+02  1.887232e+01 -6.388123e-14 
  870.000  3.925364e+02  1.960281e+01  3.326035e-14 
  871.000  3.920538e+02  1.952870e+01 -1.660613e-14 
  872.000  3.905643e+02  1.940535e+01 -3.544993e-14 
  873.000  3.921713e+02  1.943452e+01 -1.186300e-13 
  874.000  3.836259e+02  1.896202e+01 -1.624405e-14 
  875.000  3.801558e+02  1.874246e+01  2.472072e-14 
  876.000  3.833405e+02  1.885002e+01 -2.493258e-14 
  877.000  3.910264e+02  1.917839e+01  0.000000e+00 
  878.000  3.842540e+02  1.879430e+01 -1.628728e-14 
  879.000  3.851902e+02  1.879208e+01  2.507496e-14 
  880.000  3.830269e+02  1.863700e+01 -3.365066e-14 
  881.000  3.632245e+02  1.762816e+01 -9.360733e-15 
  882.000  3.833166e+02  1.855483e+01  7.546439e-15 
  883.000  3.746562e+02  1.809155e+01  7.371856e-15 
  884.000  3.779074e+02  1.820336e+01  1.601711e-14 
  885.000  3.818442e+02  1.834192e+01  5.816734e-16 
  886.000  3.693442e+02  1.769047e+01  7.849712e-15 
  887.000  3.656475e+02  1.747454e+01 -3.215258e-14 
  888.000  3.766474e+02  1.795503e+01 -7.992683e-15 
  889.000  3.792712e+02  1.803701e+01  1.666368e-14 
  890.000  3.780100e+02  1.792789e+01  2.465157e-14 
  891.000  3.758668e+02  1.777410e+01 -1.599190e-14 
  892.000  3.740959e+02  1.763320e+01  3.839113e-15 
  893.000  3.571605e+02  1.675027e+01  7.213233e-15 
  894.000  3.675588e+02  1.717578e+01 -3.006329e-15 
  895.000  3.439453e+02  1.598640e+01 -1.309677e-14 
  896.000  3.503308e+02  1.621247e+01 -3.031606e-16 
  897.000  3.347735e+02  1.543397e+01 -3.273146e-15 
  898.000  3.318320e+02  1.525476e+01 -1.429269e-16 
  899.000  3.214053e+02  1.473504e+01  1.069702e-15 
  900.000  3.148694e+02  1.439939e+01 -3.450945e-16 
  901.000  3.056204e+02  1.394336e+01 -3.975294e-15 
  902.000  3.004551e+02  1.367540e+01 -5.519835e-18 
  903.000  3.335073e+02  1.515733e+01 -1.905547e-15 
  904.000  3.484470e+02  1.583308e+01  1.123989e-14 
  905.000  3.471723e+02  1.573577e+01 -4.472697e-15 
  906.000  3.317899e+02  1.497993e+01 -2.343550e-15 
  907.000  3.261453e+02  1.466965e+01  4.104742e-15 
  908.000  3.100396e+02  1.390964e+01 -4.129885e-15 
  909.000  3.051090e+02  1.365513e+01  1.845039e-15 
  910.000  3.098973e+02  1.383599e+01 -5.235275e-15 
  911.000  3.139144e+02  1.398313e+01 -4.063362e-15 
  912.000  3.122806e+02  1.387631e+01 -2.112771e-15 
  913.000  3.091689e+02  1.370910e+01 -5.768633e-18 
  914.000  3.123722e+02  1.381522e+01  3.625827e-16 
  915.000  3.108417e+02  1.371472e+01 -2.580666e-15 
  916.000  3.157697e+02  1.389978e+01 -1.217788e-15 
  917.000  3.129934e+02  1.374634e+01  3.952249e-15 
  918.000  3.141749e+02  1.376813e+01  2.773848e-15 
  919.000  3.277454e+02  1.434625e+01  4.411214e-15 
  920.000  3.316089e+02  1.450596e+01  7.163818e-15 
  921.000  3.228890e+02  1.408546e+01  4.695417e-16 
  922.000  3.199024e+02  1.392199e+01  4.916433e-15 
  923.000  3.047207e+02  1.322374e+01 -5.977058e-15 
  924.000  3.131078e+02  1.354300e+01  6.945660e-15 
  925.000  3.169593e+02  1.367598e+01 -6.538367e-15 
  926.000  3.056166e+02  1.315378e+01 -1.776023e-15 
  927.000  3.116692e+02  1.337135e+01  6.405929e-15 
  928.000  3.052963e+02  1.305823e+01 -2.173746e-15 
  929.000  2.890202e+02  1.233315e+01  1.726472e-16 
  930.000  2.728021e+02  1.161784e+01 -2.120317e-15 
  931.000  2.550201e+02  1.080736e+01  3.678406e-16 
  932.000  2.291793e+02  9.581286e+00 -4.367391e-16 
  933.000  2.116710e+02  8.755814e+00 -2.165884e-17 
  934.000  1.907670e+02  7.846622e+00  1.077945e-17 
  935.000  1.859720e+02  7.630518e+00  0.000000e+00 
  936.000  1.922014e+02  7.870022e+00 -1.052811e-17 
  937.000  1.945119e+02  7.946253e+00 -1.055008e-16 
  938.000  2.132837e+02  8.740558e+00  2.439434e-16 
  939.000  2.670638e+02  1.111620e+01 -8.613361e-16 
  940.000  2.730627e+02  1.133695e+01  1.710549e-16 
  941.000  2.606312e+02  1.080227e+01 -8.368427e-17 
  942.000  2.357579e+02  9.738396e+00  5.151576e-17 
  943.000  2.215184e+02  9.017033e+00 -2.013680e-16 
  944.000  2.136154e+02  8.666800e+00 -2.354451e-16 
  945.000  2.253627e+02  9.171620e+00 -4.125539e-17 
  946.000  2.289451e+02  9.299087e+00 -4.807370e-16 
  947.000  2.360800e+02  9.609529e+00 -4.892689e-16 
  948.000  2.424867e+02  9.868191e+00  4.378340e-16 
  949.000  2.425832e+02  9.848134e+00 -2.637339e-18 
  950.000  2.422582e+02  9.817556e+00  4.138762e-17 
  951.000  2.517695e+02  1.020571e+01  3.497333e-16 
  952.000  2.399992e+02  9.680778e+00  8.386477e-16 
  953.000  2.475223e+02  9.986506e+00 -6.496928e-19 
  954.000  2.537077e+02  1.022456e+01 -6.423891e-19 
  955.000  2.304520e+02  9.261834e+00  3.994796e-16 
  956.000  2.442013e+02  9.791630e+00  4.256723e-16 
  957.000  2.655318e+02  1.063316e+01  1.697561e-15 
  958.000  2.703055e+02  1.080039e+01 -6.921024e-16 
  959.000  2.677792e+02  1.068072e+01 -1.493972e-15 
  960.000  2.642187e+02  1.051764e+01  1.700558e-15 
  961.000  2.596322e+02  1.031446e+01 -8.420997e-16 
  962.000  2.625217e+02  1.040630e+01  1.272606e-18 
  963.000  2.734670e+02  1.080775e+01 -1.369219e-15 
  964.000  2.719650e+02  1.072456e+01 -8.327119e-16 
  965.000  2.742035e+02  1.079081e+01  1.003649e-15 
  966.000  2.668773e+02  1.048009e+01  2.346210e-15 
  967.000  2.828983e+02  1.108335e+01 -3.254532e-15 
  968.000  2.929214e+02  1.146784e+01  2.271983e-15 
  969.000  3.006115e+02  1.176167e+01 -2.009672e-17 
  970.000  3.017663e+02  1.178230e+01 -4.357768e-15 
  971.000  2.989714e+02  1.164709e+01  7.791424e-15 
  972.000  2.994438e+02  1.163399e+01  2.642238e-16 
  973.000  2.928774e+02  1.134286e+01 -8.040251e-16 
  974.000  2.837802e+02  1.095742e+01  1.633336e-15 
  975.000  2.822135e+02  1.086948e+01  2.226043e-15 
  976.000  2.893866e+02  1.112633e+01  1.012861e-16 
  977.000  2.880143e+02  1.106296e+01  6.356092e-16 
  978.000  2.946520e+02  1.129217e+01  3.744382e-15 
  979.000  2.876388e+02  1.100417e+01  3.998568e-15 
  980.000  2.977403e+02  1.138902e+01 -6.122106e-15 
  981.000  3.011700e+02  1.150156e+01  7.290165e-15 
  982.000  2.991847e+02  1.139494e+01 -5.791027e-15 
  983.000  3.014930e+02  1.147303e+01  1.356319e-15 
  984.000  3.026509e+02  1.150986e+01  9.129163e-15 
  985.000  3.043156e+02  1.155926e+01  2.169676e-16 
  986.000  3.041302e+02  1.154261e+01  8.419327e-15 
  987.000  3.086082e+02  1.169439e+01  8.299056e-15 
  988.000  3.050489e+02  1.153623e+01 -9.476397e-15 
  989.000  3.013382e+02  1.137240e+01 -9.646811e-15 
  990.000  3.040366e+02  1.144918e+01  6.625899e-15 
  991.000  3.073305e+02  1.155480e+01 -3.455094e-15 
  992.000  3.047671e+02  1.143581e+01  6.845990e-15 
  993.000  3.048749e+02  1.141607e+01  0.000000e+00 
  994.000  3.071718e+02  1.148333e+01 -1.329721e-14 
  995.000  3.054336e+02  1.139794e+01  6.827380e-15 
  996.000  3.053908e+02  1.137195e+01  2.002068e-14 
  997.000  3.054562e+02  1.134774e+01  4.577936e-16 
  998.000  3.039422e+02  1.126414e+01  6.809559e-15 
  999.000  3.031418e+02  1.120995e+01 -6.792765e-15 
 1000.000  3.007872e+02  1.109961e+01 -6.286981e-15 
 1001.000  3.017668e+02  1.110613e+01 -6.323859e-15 
 1002.000  3.003848e+02  1.102462e+01 -5.255060e-15 
 1003.000  2.971773e+02  1.088589e+01  5.966784e-15 
 1004.000  2.951840e+02  1.079301e+01 -2.872698e-15 
 1005.000  2.760293e+02  1.007377e+01  2.682723e-15 
 1006.000  2.906253e+02  1.058476e+01  0.000000e+00 
 1007.000  2.957172e+02  1.074554e+01 -3.320038e-15 
 1008.000  2.962556e+02  1.073706e+01 -1.434516e-15 
 1009.000  2.932600e+02  1.059687e+01  1.177483e-15 
 1010.000  2.949191e+02  1.063841e+01  6.684425e-15 
 1011.000  2.944216e+02  1.060585e+01  3.308806e-15 
 1012.000  2.950654e+02  1.061104e+01 -3.308951e-15 
 1013.000  2.933307e+02  1.052985e+01 -1.269610e-14 
 1014.000  2.953181e+02  1.057979e+01  2.510991e-14 
 1015.000  2.899059e+02  1.036432e+01 -6.487363e-15 
 1016.000  2.919579e+02  1.041735e+01 -1.827217e-14 
 1017.000  2.891978e+02  1.029814e+01 -1.292622e-14 
 1018.000  2.927528e+02  1.040088e+01 -1.265869e-14 
 1019.000  2.857433e+02  1.012727e+01 -5.973245e-15 
 1020.000  2.852934e+02  1.009149e+01  6.387589e-15 
 1021.000  2.883604e+02  1.018094e+01  6.016825e-15 
 1022.000  2.836283e+02  9.988814e+00 -3.177984e-15 
 1023.000  2.886694e+02  1.014122e+01  2.170864e-16 
 1024.000  2.870439e+02  1.006123e+01  9.027497e-15 
 1025.000  2.875916e+02  1.006591e+01 -6.441852e-15 
 1026.000  2.881688e+02  1.006764e+01 -6.446554e-15 
 1027.000  2.863747e+02  9.983249e+00 -3.204537e-15 
 1028.000  2.870805e+02  9.987525e+00  3.211673e-15 
 1029.000  2.830125e+02  9.828590e+00  6.322277e-15 
 1030.000  2.860803e+02  9.916942e+00  0.000000e+00 
 1031.000  2.852668e+02  9.869323e+00 -6.360923e-15 
 1032.000  2.843253e+02  9.817021e+00  1.267496e-14 
 1033.000  2.791262e+02  9.617825e+00  6.220709e-15 
 1034.000  2.821476e+02  9.702558e+00  1.215035e-14 
 1035.000  2.791508e+02  9.579840e+00 -2.362479e-14 
 1036.000  2.826920e+02  9.680724e+00 -5.878198e-15 
 1037.000  2.766874e+02  9.455279e+00  5.341467e-15 
 1038.000  2.794365e+02  9.529676e+00 -1.245662e-14 
 1039.000  2.805441e+02  9.547092e+00  2.376264e-14 
 1040.000  2.771779e+02  9.412480e+00 -1.194979e-14 
 1041.000  2.786031e+02  9.440851e+00  1.201453e-14 
 1042.000  2.794032e+02  9.448211e+00 -4.175985e-16 
 1043.000  2.745574e+02  9.265050e+00 -6.126482e-15 
 1044.000  2.772269e+02  9.335353e+00  0.000000e+00 
 1045.000  2.759566e+02  9.272284e+00 -6.163868e-15 
 1046.000  2.678564e+02  8.980784e+00 -2.274098e-14 
 1047.000  2.726750e+02  9.122487e+00  9.146645e-15 
 1048.000  2.751956e+02  9.186300e+00  3.080673e-15 
 1049.000  2.731838e+02  9.098674e+00  2.652053e-15 
 1050.000  2.714282e+02  9.020317e+00  0.000000e+00 
 1051.000  2.713817e+02  8.998921e+00  2.041050e-16 
 1052.000  2.699832e+02  8.932857e+00 -2.032247e-16 
 1053.000  2.699649e+02  8.912992e+00 -8.902751e-15 
 1054.000  2.670346e+02  8.796316e+00  2.013465e-16 
 1055.000  2.688302e+02  8.835428e+00  5.855928e-15 
 1056.000  2.679245e+02  8.785793e+00 -3.022864e-15 
 1057.000  2.672462e+02  8.742693e+00  3.020994e-15 
 1058.000  2.642056e+02  8.621130e+00  0.000000e+00 
 1059.000  2.557075e+02  8.325891e+00 -2.900889e-15 
 1060.000  2.648417e+02  8.606860e+00 -2.801643e-15 
 1061.000  2.554539e+02  8.285635e+00  0.000000e+00 
 1062.000  2.623953e+02  8.492675e+00  1.491330e-15 
 1063.000  2.577515e+02  8.325711e+00  0.000000e+00 
 1064.000  2.608967e+02  8.409483e+00  2.775811e-15 
 1065.000  2.604619e+02  8.377971e+00  0.000000e+00 
 1066.000  2.524676e+02  8.106338e+00  0.000000e+00 
 1067.000  2.584297e+02  8.281731e+00  0.000000e+00 
 1068.000  2.572341e+02  8.224688e+00  0.000000e+00 
 1069.000  2.380511e+02  7.597132e+00  1.271607e-15 
 1070.000  2.525285e+02  8.046787e+00 -2.789588e-15 
 1071.000  2.531742e+02  8.053276e+00  0.000000e+00 
 1072.000  2.539726e+02  8.062733e+00 -3.129822e-16 
 1073.000  2.457785e+02  7.789266e+00  4.228583e-17 
 1074.000  2.546442e+02  8.057349e+00 -1.092987e-15 
 1075.000  2.472363e+02  7.813685e+00  1.171642e-15 
 1076.000  2.526358e+02  7.968768e+00 -2.264148e-16 
 1077.000  2.519969e+02  7.932371e+00 -8.171984e-16 
 1078.000  2.525842e+02  7.934127e+00 -2.133304e-15 
 1079.000  2.429030e+02  7.616906e+00 -1.261473e-15 
 1080.000  2.493616e+02  7.797618e+00 -1.237772e-15 
 1081.000  2.402878e+02  7.500806e+00 -1.703030e-15 
 1082.000  2.438436e+02  7.602569e+00 -1.697700e-15 
 1083.000  2.369388e+02  7.370689e+00 -2.168192e-17 
 1084.000  2.455559e+02  7.621316e+00  4.533826e-15 
 1085.000  2.411393e+02  7.461933e+00 -8.688457e-16 
 1086.000  2.446889e+02  7.561141e+00 -2.487262e-15 
 1087.000  2.311107e+02  7.139944e+00 -2.543385e-15 
 1088.000  2.452901e+02  7.565634e+00 -1.426227e-15 
 1089.000  2.342835e+02  7.201106e+00 -5.131192e-16 
 1090.000  2.391187e+02  7.335069e+00  0.000000e+00 
 1091.000  2.410838e+02  7.385025e+00  1.617971e-15 
 1092.000  2.346954e+02  7.171710e+00  8.508743e-17 
 1093.000  2.298365e+02  7.001113e+00  2.144223e-15 
 1094.000  2.083892e+02  6.333730e+00  3.634269e-16 
 1095.000  2.257539e+02  6.850308e+00  2.074007e-15 
 1096.000  2.250130e+02  6.816527e+00  4.745685e-16 
 1097.000  2.216443e+02  6.701505e+00 -2.039490e-15 
 1098.000  2.129859e+02  6.418076e+00 -2.219136e-15 
 1099.000  2.077290e+02  6.248784e+00 -6.968693e-16 
 1100.000  2.117096e+02  6.357419e+00  5.136353e-16 
