  300.000  7.291787e-05  1.339824e-02 -6.461559e-19  2.372046e-05  1.709474e-03 -8.637903e-20 
  310.000  1.751851e-01  5.556104e+00  2.326891e-16  5.624625e-02  7.598688e-01  4.036267e-17 
  320.000  1.761717e+00  3.670235e+01  6.154594e-17  5.584511e-01  5.180631e+00  2.594823e-16 
  330.000  7.000731e+00  1.053254e+02  7.009407e-15  2.192779e+00  1.527560e+01  1.048331e-15 
  340.000  9.430665e+00  1.048830e+02 -6.174349e-15  2.918389e+00  1.555876e+01  0.000000e+00 
  350.000  1.536756e+01  1.307795e+02  1.047578e-15  4.698442e+00  1.982884e+01 -6.171181e-16 
  360.000  2.063995e+01  1.385109e+02 -7.875272e-15  6.239409e+00  2.138698e+01 -1.552088e-15 
  370.000  2.970191e+01  1.612790e+02 -9.063105e-15  8.884507e+00  2.543670e+01 -2.618093e-15 
  380.000  2.973413e+01  1.336264e+02  2.545787e-15  8.806787e+00  2.141338e+01  9.586533e-16 
  390.000  4.176793e+01  1.582708e+02  2.960367e-15  1.225717e+01  2.579679e+01  1.114770e-15 
  400.000  6.530888e+01  2.120382e+02  7.356108e-15  1.899998e+01  3.504336e+01  7.422327e-16 
  410.000  6.869090e+01  1.937139e+02  1.388473e-14  1.982171e+01  3.240969e+01  3.381054e-15 
  420.000  7.444889e+01  1.845246e+02 -4.585251e-16  2.131915e+01  3.120410e+01 -1.933176e-15 
  430.000  6.374962e+01  1.402941e+02  1.496618e-14  1.812384e+01  2.394673e+01  2.949591e-15 
  440.000  1.116653e+02  2.201439e+02 -7.696712e-15  3.153022e+01  3.787838e+01 -7.765997e-16 
  450.000  1.406067e+02  2.502800e+02  2.646758e-14  3.944706e+01  4.336055e+01  2.670584e-15 
  460.000  1.505300e+02  2.435867e+02  1.799794e-14  4.197383e+01  4.245388e+01  4.382659e-15 
  470.000  1.655110e+02  2.449746e+02  8.857191e-15  4.588518e+01  4.288683e+01  8.936923e-16 
  480.000  1.776853e+02  2.417874e+02  3.727485e-14  4.898993e+01  4.244278e+01  9.076758e-15 
  490.000  1.933115e+02  2.431921e+02  1.943828e-14  5.302113e+01  4.292977e+01  7.319770e-15 
  500.000  1.843206e+02  2.152080e+02 -1.644703e-14  5.030396e+01  3.809764e+01 -1.659508e-15 
  510.000  1.971947e+02  2.145422e+02  1.205115e-15  5.356324e+01  3.806736e+01  5.080858e-15 
  520.000  1.957898e+02  1.992077e+02  1.709678e-14  5.294236e+01  3.541007e+01  6.438041e-15 
  530.000  2.034565e+02  1.941766e+02 -3.335571e-14  5.477819e+01  3.454220e+01 -8.122413e-15 
  540.000  2.131396e+02  1.914336e+02  3.249129e-14  5.714964e+01  3.410909e+01  3.278377e-15 
  550.000  2.165560e+02  1.835258e+02  1.599788e-14  5.783778e+01  3.272890e+01  1.614189e-15 
  560.000  2.125199e+02  1.703333e+02  1.648078e-14  5.654577e+01  3.038117e+01  6.206081e-15 
  570.000  2.151574e+02  1.634799e+02  1.455244e-14  5.704797e+01  2.892571e+01  4.153365e-15 
  580.000  2.282361e+02  1.646494e+02 -1.616748e-14  6.030191e+01  2.922651e+01 -1.631302e-15 
  590.000  2.031115e+02  1.399785e+02 -4.946211e-15  5.349522e+01  2.458982e+01 -1.198693e-15 
  600.000  2.319324e+02  1.521078e+02  3.586385e-15  6.089041e+01  2.705607e+01 -2.506857e-15 
  610.000  2.351302e+02  1.472956e+02  1.580908e-14  6.153777e+01  2.629873e+01  5.953141e-15 
  620.000  2.430309e+02  1.456881e+02  0.000000e+00  6.342351e+01  2.598083e+01  0.000000e+00 
  630.000  2.289190e+02  1.314646e+02  1.029841e-14  5.958134e+01  2.327522e+01  1.964015e-15 
  640.000  2.431491e+02  1.340901e+02 -1.371699e-14  6.311271e+01  2.389371e+01 -1.384047e-15 
  650.000  2.307014e+02  1.223197e+02 -2.259182e-14  5.973527e+01  2.170095e+01 -4.311434e-15 
  660.000  2.532139e+02  1.291021e+02 -9.645430e-16  6.539735e+01  2.296177e+01 -4.066586e-15 
  670.000  2.617227e+02  1.285886e+02  9.513544e-16  6.743472e+01  2.293180e+01  4.010981e-15 
  680.000  2.605248e+02  1.234115e+02  0.000000e+00  6.697312e+01  2.198941e+01  0.000000e+00 
  690.000  2.185747e+02  1.000496e+02  1.125320e-14  5.606910e+01  1.752689e+01  4.237558e-15 
  700.000  2.348553e+02  1.038346e+02 -2.448155e-15  6.011802e+01  1.817813e+01 -1.522256e-15 
  710.000  2.457606e+02  1.049167e+02 -1.298548e-14  6.277768e+01  1.845410e+01 -1.368628e-15 
  720.000  1.673693e+02  6.942549e+01  2.983011e-15  4.266936e+01  1.167657e+01  3.009796e-16 
  730.000  2.012521e+02  8.078941e+01  1.009478e-15  5.120580e+01  1.392388e+01  1.018565e-16 
  740.000  2.420522e+02  9.373072e+01 -2.669368e-15  6.146819e+01  1.652305e+01  6.680655e-16 
  750.000  2.510135e+02  9.424217e+01  0.000000e+00  6.362190e+01  1.671498e+01  0.000000e+00 
  760.000  4.162776e+01  1.564207e+01 -3.292794e-16  1.053308e+01  2.383168e+00 -1.245736e-16 
  770.000  2.457108e+02  8.689696e+01 -2.440495e-14  6.206582e+01  1.536193e+01 -4.451465e-15 
  780.000  2.491217e+02  8.557896e+01  2.123211e-14  6.281886e+01  1.515040e+01  5.170209e-15 
  790.000  2.308817e+02  7.707320e+01 -1.974591e-14  5.812949e+01  1.348946e+01 -4.780662e-15 
  800.000  2.243426e+02  7.282227e+01 -5.725352e-15  5.639433e+01  1.274045e+01  4.422347e-16 
  810.000  2.246817e+02  7.095034e+01 -8.820999e-17  5.639328e+01  1.243335e+01 -3.719000e-16 
  820.000  1.919471e+02  5.912703e+01 -6.058662e-15  4.810633e+01  1.021194e+01 -1.071309e-15 
  830.000  2.040231e+02  6.113650e+01  4.116464e-16  5.105898e+01  1.059266e+01  1.375944e-15 
  840.000  2.190675e+02  6.388649e+01 -7.201357e-15  5.474679e+01  1.117226e+01 -7.266183e-16 
  850.000  1.943152e+02  5.524316e+01  1.372467e-14  4.849472e+01  9.695349e+00  2.364098e-15 
  860.000  2.212941e+02  6.134778e+01 -8.410338e-15  5.515122e+01  1.080271e+01 -8.486048e-16 
  870.000  2.210498e+02  5.977786e+01 -1.722717e-14  5.501933e+01  1.052283e+01 -4.194970e-15 
  880.000  2.160184e+02  5.699158e+01 -8.121130e-15  5.369950e+01  1.001446e+01 -8.194236e-16 
  890.000  2.129501e+02  5.482603e+01 -1.662644e-14  5.287201e+01  9.611372e+00 -4.048686e-15 
  900.000  1.317240e+02  3.324627e+01  1.963508e-15  3.266898e+01  5.544384e+00  2.482498e-16 
  910.000  1.312820e+02  3.236119e+01  1.663720e-16  3.252139e+01  5.402871e+00  1.678696e-17 
  920.000  1.669554e+02  4.016337e+01 -2.090605e-15  4.131048e+01  6.873001e+00  1.659391e-16 
  930.000  9.188455e+01  2.183516e+01 -9.063961e-16  2.271113e+01  3.472677e+00 -3.413168e-16 
  940.000  9.301617e+01  2.154241e+01  6.104508e-16  2.296591e+01  3.413817e+00  2.298741e-16 
  950.000  6.704704e+01  1.546892e+01 -4.085585e-17  1.653665e+01  2.378666e+00 -1.271311e-17 
  960.000  9.745600e+01  2.154282e+01  7.939186e-16  2.401152e+01  3.472525e+00  8.010663e-17 
  970.000  1.555375e+02  3.342784e+01  7.789857e-15  3.828160e+01  5.704831e+00  2.072013e-15 
  980.000  1.585965e+02  3.331176e+01  1.356840e-15  3.899561e+01  5.704113e+00  5.008486e-16 
  990.000  1.780385e+02  3.654604e+01 -5.339101e-15  4.373301e+01  6.355050e+00 -2.089580e-15 
 1000.000  1.789425e+02  3.594294e+01  0.000000e+00  4.391111e+01  6.264275e+00  0.000000e+00 
 1010.000  1.726856e+02  3.395496e+01 -3.192376e-15  4.233812e+01  5.888792e+00 -4.044206e-16 
 1020.000  1.706105e+02  3.283553e+01  1.234729e-14  4.178904e+01  5.713489e+00  3.006676e-15 
 1030.000  1.729854e+02  3.260361e+01  1.276556e-14  4.233257e+01  5.679749e+00  4.807059e-15 
 1040.000  1.686484e+02  3.112550e+01  0.000000e+00  4.123463e+01  5.421998e+00  0.000000e+00 
 1050.000  1.648838e+02  2.979111e+01 -6.090370e-15  4.027895e+01  5.179540e+00 -2.293418e-15 
 1060.000  1.594965e+02  2.820731e+01  2.801643e-15  3.892943e+01  4.886078e+00  2.826863e-16 
 1070.000  1.498977e+02  2.603822e+01  9.516204e-16  3.656206e+01  4.489668e+00  9.601868e-17 
 1080.000  1.437896e+02  2.454658e+01  3.799302e-15  3.504807e+01  4.208307e+00  1.430683e-15 
 1090.000  1.331729e+02  2.236375e+01  6.602281e-17  3.243838e+01  3.812089e+00  2.783571e-16 
 1100.000  9.551917e+01  1.579302e+01  1.259444e-15  2.325169e+01  2.609825e+00  4.743173e-16 
