  400.000  6.752288e+02  4.048553e+02  1.127088e-13 
  401.000  6.726044e+02  3.995300e+02  4.736295e-14 
  402.000  7.143391e+02  4.203999e+02  2.542642e-14 
  403.000  6.704328e+02  3.909386e+02 -1.042490e-13 
  404.000  7.219138e+02  4.171186e+02  1.647173e-14 
  405.000  6.633450e+02  3.798018e+02 -5.744749e-14 
  406.000  6.596110e+02  3.742634e+02 -1.825286e-14 
  407.000  6.436378e+02  3.619341e+02  1.882596e-14 
  408.000  6.985751e+02  3.893358e+02  2.338160e-13 
  409.000  7.746385e+02  4.279143e+02 -8.611005e-14 
  410.000  6.487798e+02  3.552424e+02 -5.464103e-14 
  411.000  7.631736e+02  4.142317e+02  8.286246e-14 
  412.000  7.921064e+02  4.262038e+02 -2.027653e-13 
  413.000  7.494969e+02  3.998020e+02 -1.412553e-13 
  414.000  7.368118e+02  3.896583e+02 -1.315617e-13 
  415.000  7.870615e+02  4.126921e+02  5.743005e-15 
  416.000  7.834647e+02  4.073283e+02  7.811663e-16 
  417.000  7.607731e+02  3.922012e+02 -1.354136e-13 
  418.000  7.453257e+02  3.810221e+02  1.476113e-13 
  419.000  7.647239e+02  3.876846e+02  8.346863e-14 
  420.000  6.482150e+02  3.259002e+02 -1.982251e-13 
  421.000  8.133004e+02  4.055396e+02 -8.790393e-14 
  422.000  7.803995e+02  3.859584e+02 -6.655577e-14 
  423.000  6.600037e+02  3.237679e+02 -1.250450e-15 
  424.000  7.269580e+02  3.537377e+02  1.745002e-13 
  425.000  7.539204e+02  3.639109e+02  7.287835e-14 
  426.000  7.256945e+02  3.474888e+02  1.637588e-14 
  427.000  6.989583e+02  3.320293e+02  4.082125e-14 
  428.000  7.086797e+02  3.339898e+02  2.246159e-14 
  429.000  6.455676e+02  3.018580e+02  5.309291e-14 
  430.000  5.158078e+02  2.393007e+02 -3.001982e-14 
  431.000  4.643406e+02  2.137515e+02  2.796861e-14 
  432.000  8.368596e+02  3.822607e+02 -2.376973e-13 
  433.000  7.458431e+02  3.380711e+02 -1.012801e-14 
  434.000  7.097564e+02  3.192589e+02  7.026081e-14 
  435.000  7.731301e+02  3.451260e+02  2.208338e-14 
  436.000  8.583107e+02  3.802578e+02 -8.461779e-14 
  437.000  8.676193e+02  3.814944e+02 -5.970642e-14 
  438.000  7.781171e+02  3.395828e+02 -8.373710e-14 
  439.000  7.538398e+02  3.265432e+02 -4.222355e-14 
  440.000  8.458766e+02  3.636985e+02 -1.086424e-14 
  441.000  8.440972e+02  3.602590e+02  5.126070e-14 
  442.000  8.900125e+02  3.770671e+02 -8.203320e-14 
  443.000  8.969733e+02  3.772375e+02 -8.418235e-14 
  444.000  8.921445e+02  3.724735e+02  3.882276e-14 
  445.000  9.394767e+02  3.893849e+02  1.250564e-13 
  446.000  8.371942e+02  3.444736e+02  4.292300e-14 
  447.000  9.558748e+02  3.904967e+02  1.302008e-13 
  448.000  9.728318e+02  3.946497e+02 -8.796129e-14 
  449.000  9.804906e+02  3.950096e+02 -1.514967e-13 
  450.000  1.002916e+03  4.012602e+02  5.043555e-14 
  451.000  1.084993e+03  4.311065e+02 -9.997585e-14 
  452.000  1.009670e+03  3.984148e+02 -8.502004e-14 
  453.000  9.381981e+02  3.676684e+02  1.014540e-13 
  454.000  1.001265e+03  3.896957e+02 -2.263493e-13 
  455.000  1.009289e+03  3.901379e+02 -3.137135e-14 
  456.000  1.034803e+03  3.972754e+02 -3.344760e-15 
  457.000  1.041656e+03  3.972019e+02  2.716408e-13 
  458.000  1.024368e+03  3.879794e+02 -2.794090e-14 
  459.000  1.025264e+03  3.857118e+02  1.913283e-14 
  460.000  1.017346e+03  3.801777e+02  1.023519e-14 
  461.000  1.055265e+03  3.917281e+02  1.059972e-14 
  462.000  1.039086e+03  3.831686e+02 -1.686355e-13 
  463.000  1.040342e+03  3.811026e+02 -1.084459e-13 
  464.000  1.044647e+03  3.801829e+02  7.941643e-14 
  465.000  1.030245e+03  3.725032e+02 -1.299956e-13 
  466.000  1.063741e+03  3.821193e+02  2.474400e-14 
  467.000  1.027009e+03  3.665349e+02  9.358726e-15 
  468.000  1.088079e+03  3.858061e+02  1.962937e-14 
  469.000  1.079353e+03  3.802097e+02  9.636703e-14 
  470.000  1.065262e+03  3.727782e+02 -3.637123e-14 
  471.000  1.064085e+03  3.698988e+02  6.576290e-14 
  472.000  1.077823e+03  3.721797e+02  7.478360e-14 
  473.000  1.066804e+03  3.659037e+02 -1.282982e-13 
  474.000  1.076070e+03  3.665897e+02 -7.932665e-15 
  475.000  1.120201e+03  3.789493e+02 -6.837691e-14 
  476.000  1.086316e+03  3.648174e+02 -3.971992e-14 
  477.000  1.076918e+03  3.591404e+02  1.173925e-13 
  478.000  1.130854e+03  3.749566e+02 -6.314887e-14 
  479.000  1.080210e+03  3.563317e+02 -1.745406e-13 
  480.000  1.102180e+03  3.617809e+02  7.437664e-14 
  481.000  1.096118e+03  3.579407e+02  3.104698e-14 
  482.000  1.119683e+03  3.636840e+02 -1.685101e-13 
  483.000  1.121477e+03  3.622589e+02 -8.584258e-15 
  484.000  1.078941e+03  3.465426e+02  4.378028e-14 
  485.000  1.087490e+03  3.472763e+02 -6.230918e-15 
  486.000  8.822048e+02  2.800909e+02 -4.119173e-14 
  487.000  9.920822e+02  3.131506e+02 -4.507822e-14 
  488.000  1.077764e+03  3.382238e+02  2.040920e-13 
  489.000  1.002407e+03  3.127561e+02 -9.861044e-14 
  490.000  1.141793e+03  3.541930e+02 -5.667552e-14 
  491.000  1.069068e+03  3.297235e+02 -5.583630e-14 
  492.000  1.027964e+03  3.152236e+02 -6.723222e-14 
  493.000  1.107789e+03  3.377597e+02 -4.734204e-14 
  494.000  1.070826e+03  3.246266e+02  7.867304e-14 
  495.000  1.145392e+03  3.452622e+02  3.522817e-14 
  496.000  1.116275e+03  3.345770e+02 -1.266566e-13 
  497.000  1.083573e+03  3.229445e+02  5.112166e-14 
  498.000  1.058681e+03  3.137557e+02  8.780531e-14 
  499.000  1.056830e+03  3.114536e+02  3.365612e-14 
  500.000  1.052874e+03  3.085587e+02  3.039536e-14 
  501.000  1.029953e+03  3.001631e+02  5.152079e-14 
  502.000  1.023879e+03  2.967429e+02 -7.662312e-14 
  503.000  1.085627e+03  3.129071e+02  5.189100e-14 
  504.000  1.010722e+03  2.897193e+02  6.239624e-14 
  505.000  1.090861e+03  3.109797e+02 -5.534333e-14 
  506.000  1.168407e+03  3.312882e+02  2.216336e-14 
  507.000  1.087661e+03  3.067376e+02  8.336399e-14 
  508.000  1.043598e+03  2.927388e+02 -5.263974e-14 
  509.000  1.125905e+03  3.141460e+02 -1.751742e-13 
  510.000  1.091466e+03  3.029201e+02  2.431042e-13 
  511.000  1.092312e+03  3.015499e+02 -1.423894e-13 
  512.000  1.146988e+03  3.149745e+02 -6.200085e-14 
  513.000  1.050249e+03  2.868954e+02  2.426441e-13 
  514.000  1.028689e+03  2.795365e+02 -5.121145e-14 
  515.000  1.050670e+03  2.840232e+02 -8.897144e-14 
  516.000  1.104157e+03  2.969292e+02  1.218139e-15 
  517.000  8.137460e+02  2.176937e+02 -8.939959e-14 
  518.000  1.007942e+03  2.682475e+02 -1.505484e-13 
  519.000  9.553812e+02  2.529467e+02  1.877378e-14 
  520.000  1.052340e+03  2.771858e+02 -3.845746e-14 
  521.000  1.053410e+03  2.760432e+02 -3.745205e-14 
  522.000  1.095712e+03  2.856534e+02  1.593767e-13 
  523.000  1.021180e+03  2.648492e+02  6.925151e-16 
  524.000  1.108433e+03  2.860040e+02  5.245096e-14 
  525.000  1.100054e+03  2.823858e+02 -7.322300e-14 
  526.000  1.048821e+03  2.678700e+02  1.721651e-14 
  527.000  9.166143e+02  2.329158e+02 -9.812998e-14 
  528.000  1.101360e+03  2.784438e+02 -1.068615e-13 
  529.000  1.133146e+03  2.850358e+02  5.888442e-14 
  530.000  1.071208e+03  2.681058e+02 -1.483565e-13 
  531.000  1.166533e+03  2.905090e+02  1.528199e-13 
  532.000  1.113364e+03  2.759012e+02  1.638713e-15 
  533.000  9.782837e+02  2.412511e+02 -1.889706e-17 
  534.000  1.064241e+03  2.612043e+02 -7.281885e-14 
  535.000  1.086264e+03  2.653656e+02  3.972483e-14 
  536.000  1.153096e+03  2.803795e+02 -8.957584e-14 
  537.000  1.070221e+03  2.590114e+02  6.651082e-14 
  538.000  1.120748e+03  2.699662e+02  1.784431e-13 
  539.000  1.117503e+03  2.679200e+02 -5.652753e-14 
  540.000  1.094072e+03  2.610703e+02 -3.365768e-14 
  541.000  1.003661e+03  2.383744e+02 -7.670045e-14 
  542.000  1.120055e+03  2.647745e+02  4.785496e-14 
  543.000  1.071834e+03  2.521930e+02  1.031198e-13 
  544.000  1.131024e+03  2.648791e+02 -1.006238e-13 
  545.000  1.114703e+03  2.598426e+02  1.459612e-13 
  546.000  1.090429e+03  2.530054e+02 -9.079096e-14 
  547.000  1.137294e+03  2.626620e+02 -1.393846e-13 
  548.000  1.055735e+03  2.427040e+02 -1.639851e-14 
  549.000  1.111615e+03  2.543792e+02 -3.417712e-14 
  550.000  1.087875e+03  2.478080e+02 -6.114063e-14 
  551.000  1.081896e+03  2.453181e+02 -1.253504e-13 
  552.000  1.129407e+03  2.549249e+02 -8.695180e-14 
  553.000  1.085999e+03  2.440116e+02 -2.532858e-14 
  554.000  1.122349e+03  2.510348e+02 -3.806372e-14 
  555.000  1.126382e+03  2.507976e+02 -5.676337e-14 
  556.000  1.096192e+03  2.429744e+02  9.264283e-14 
  557.000  1.064488e+03  2.348817e+02  5.855521e-15 
  558.000  1.105777e+03  2.428928e+02 -4.046286e-15 
  559.000  1.045998e+03  2.287281e+02 -1.910306e-13 
  560.000  1.051373e+03  2.288660e+02 -2.305526e-14 
  561.000  1.156337e+03  2.505764e+02 -1.393418e-13 
  562.000  1.061767e+03  2.289676e+02  1.046962e-13 
  563.000  1.111567e+03  2.386129e+02 -6.865886e-14 
  564.000  1.096536e+03  2.342946e+02  5.055548e-14 
  565.000  1.109914e+03  2.360056e+02 -3.669531e-14 
  566.000  1.024059e+03  2.167690e+02  1.029533e-14 
  567.000  1.097796e+03  2.310736e+02 -1.033314e-13 
  568.000  1.089297e+03  2.271922e+02  5.524438e-14 
  569.000  1.053360e+03  2.171137e+02 -3.482192e-14 
  570.000  1.062411e+03  2.182571e+02  1.917322e-14 
  571.000  1.036652e+03  2.132285e+02 -5.384633e-14 
  572.000  1.086103e+03  2.212464e+02 -2.661172e-14 
  573.000  1.101773e+03  2.237995e+02  5.755701e-15 
  574.000  1.097682e+03  2.221131e+02 -2.108484e-14 
  575.000  1.071090e+03  2.157172e+02  3.309160e-14 
  576.000  1.052316e+03  2.110071e+02  3.784490e-14 
  577.000  1.099981e+03  2.198965e+02  2.659181e-14 
  578.000  1.072580e+03  2.141072e+02  1.523893e-14 
  579.000  1.067654e+03  2.126267e+02  6.443341e-15 
  580.000  1.106585e+03  2.197066e+02 -3.118461e-14 
  581.000  1.090123e+03  2.160028e+02  8.540809e-14 
  582.000  1.108543e+03  2.189756e+02 -1.862658e-14 
  583.000  1.117119e+03  2.197941e+02 -1.974067e-14 
  584.000  1.114449e+03  2.183998e+02  1.206622e-14 
  585.000  1.107673e+03  2.161624e+02  9.803973e-14 
  586.000  1.060735e+03  2.061496e+02 -9.621645e-14 
  587.000  1.097407e+03  2.117826e+02  7.046077e-14 
  588.000  1.064622e+03  2.026165e+02 -2.933693e-14 
  589.000  9.144486e+02  1.715558e+02 -2.655441e-14 
  590.000  9.533090e+02  1.780254e+02  9.402941e-15 
  591.000  1.035734e+03  1.939021e+02 -8.007595e-14 
  592.000  1.004847e+03  1.867275e+02 -5.437681e-14 
  593.000  1.041156e+03  1.942461e+02  4.463957e-14 
  594.000  1.045616e+03  1.939230e+02 -1.838565e-14 
  595.000  1.008636e+03  1.853231e+02 -9.102226e-15 
  596.000  1.060111e+03  1.956014e+02  6.822167e-15 
  597.000  1.058773e+03  1.942430e+02 -1.932686e-14 
  598.000  1.048474e+03  1.923573e+02  5.413733e-14 
  599.000  1.054059e+03  1.930022e+02 -4.248162e-14 
  600.000  1.064709e+03  1.950933e+02 -2.424692e-15 
  601.000  1.066113e+03  1.952506e+02  3.623365e-14 
  602.000  1.057506e+03  1.932431e+02 -9.526987e-14 
  603.000  1.066848e+03  1.945039e+02  6.150538e-14 
  604.000  1.103133e+03  2.005894e+02 -5.286632e-15 
  605.000  1.101942e+03  1.997202e+02 -7.434681e-14 
  606.000  1.090201e+03  1.968738e+02 -2.694523e-14 
  607.000  1.085084e+03  1.952346e+02  1.333487e-13 
  608.000  1.082000e+03  1.939569e+02  3.191997e-13 
  609.000  1.071747e+03  1.914028e+02  9.213109e-14 
  610.000  1.055394e+03  1.877799e+02  1.107206e-14 
  611.000  1.073317e+03  1.902568e+02  1.740210e-13 
  612.000  1.060116e+03  1.872165e+02  2.051659e-13 
  613.000  1.045375e+03  1.839243e+02 -3.918063e-16 
  614.000  1.008336e+03  1.767449e+02 -7.560625e-14 
  615.000  1.057362e+03  1.846487e+02  6.581001e-14 
  616.000  1.006021e+03  1.750278e+02  8.980418e-15 
  617.000  1.012351e+03  1.754697e+02  1.027028e-13 
  618.000  1.060733e+03  1.831636e+02 -2.345338e-14 
  619.000  1.051583e+03  1.808946e+02  1.125894e-13 
  620.000  1.067670e+03  1.829626e+02 -1.410195e-14 
  621.000  1.086540e+03  1.854816e+02  1.446685e-14 
  622.000  1.029634e+03  1.750872e+02 -5.380503e-14 
  623.000  1.038013e+03  1.758181e+02 -3.453019e-14 
  624.000  1.039473e+03  1.753774e+02 -3.201078e-14 
  625.000  1.011589e+03  1.700035e+02 -2.054709e-14 
  626.000  1.016034e+03  1.699637e+02 -1.453813e-14 
  627.000  1.026169e+03  1.701870e+02 -3.993821e-14 
  628.000  1.001560e+03  1.640569e+02  1.965557e-14 
  629.000  1.030869e+03  1.688198e+02  2.111136e-14 
  630.000  1.003949e+03  1.643866e+02 -9.369701e-15 
  631.000  1.043646e+03  1.705871e+02  8.685381e-15 
  632.000  9.657242e+02  1.567477e+02  2.773296e-14 
  633.000  1.045329e+03  1.698536e+02  1.063510e-14 
  634.000  1.016733e+03  1.648413e+02  8.723887e-14 
  635.000  1.035505e+03  1.672683e+02  4.325282e-15 
  636.000  1.000832e+03  1.612652e+02  9.559362e-14 
  637.000  1.035263e+03  1.663299e+02 -1.894412e-14 
  638.000  1.055700e+03  1.694703e+02 -9.360157e-14 
  639.000  1.047593e+03  1.675932e+02 -1.077724e-14 
  640.000  1.017069e+03  1.623627e+02 -2.699460e-15 
  641.000  1.032152e+03  1.641867e+02 -2.103264e-15 
  642.000  1.021573e+03  1.620945e+02  7.472837e-14 
  643.000  1.037179e+03  1.636783e+02 -5.974245e-14 
  644.000  1.025739e+03  1.613090e+02  5.225539e-14 
  645.000  1.030999e+03  1.612232e+02  8.330024e-15 
  646.000  9.753490e+02  1.507713e+02  7.934633e-15 
  647.000  9.772682e+02  1.499057e+02  4.339037e-14 
  648.000  9.628306e+02  1.466004e+02  1.457134e-14 
  649.000  9.936416e+02  1.512931e+02 -7.648936e-14 
  650.000  9.416176e+02  1.440684e+02 -4.086380e-14 
  651.000  1.014622e+03  1.547082e+02 -5.606418e-14 
  652.000  9.762659e+02  1.472873e+02  1.685353e-14 
  653.000  1.018732e+03  1.544879e+02 -4.989978e-14 
  654.000  1.003331e+03  1.514744e+02 -1.246633e-15 
  655.000  9.693182e+02  1.453685e+02 -1.042819e-14 
  656.000  8.255722e+02  1.235327e+02  3.701070e-14 
  657.000  8.853508e+02  1.322769e+02  3.096538e-15 
  658.000  9.939791e+02  1.485280e+02  7.555968e-15 
  659.000  1.001071e+03  1.494270e+02  2.460999e-14 
  660.000  1.011185e+03  1.505901e+02  6.326738e-14 
  661.000  1.021597e+03  1.521068e+02  4.697736e-14 
  662.000  1.039116e+03  1.544554e+02 -4.367660e-14 
  663.000  1.027426e+03  1.521501e+02  7.398988e-14 
  664.000  1.012375e+03  1.495164e+02  1.512044e-13 
  665.000  1.017889e+03  1.499062e+02  3.230090e-14 
  666.000  1.031522e+03  1.515153e+02 -2.702501e-14 
  667.000  1.012104e+03  1.482445e+02  1.305418e-13 
  668.000  1.019122e+03  1.488759e+02  1.139256e-13 
  669.000  1.034588e+03  1.506846e+02 -6.529124e-14 
  670.000  1.022884e+03  1.485218e+02  7.395743e-14 
  671.000  1.012780e+03  1.466103e+02 -2.696314e-15 
  672.000  1.010092e+03  1.457678e+02  2.226855e-14 
  673.000  1.017924e+03  1.464420e+02 -4.411148e-14 
  674.000  1.020487e+03  1.463557e+02  4.030485e-14 
  675.000  1.005478e+03  1.437578e+02 -6.953520e-14 
  676.000  1.025020e+03  1.460980e+02 -3.497353e-14 
  677.000  1.005184e+03  1.428285e+02  4.779762e-14 
  678.000  1.022372e+03  1.448240e+02 -6.052748e-14 
  679.000  1.008317e+03  1.423793e+02  7.698318e-14 
  680.000  1.000313e+03  1.407374e+02  1.589995e-13 
  681.000  1.000999e+03  1.403072e+02  1.195708e-14 
  682.000  9.990031e+02  1.395657e+02  6.347840e-14 
  683.000  1.005576e+03  1.399938e+02 -3.277035e-14 
  684.000  9.863029e+02  1.367335e+02  1.596912e-13 
  685.000  9.988538e+02  1.381443e+02 -9.241326e-14 
  686.000  9.533640e+02  1.312025e+02 -3.010759e-14 
  687.000  8.332697e+02  1.115984e+02  1.108596e-14 
  688.000  8.733256e+02  1.172348e+02  1.277689e-14 
  689.000  8.632922e+02  1.153140e+02 -2.857591e-14 
  690.000  8.883789e+02  1.186620e+02  1.895109e-14 
  691.000  9.146940e+02  1.222158e+02  3.322895e-14 
  692.000  9.155325e+02  1.219836e+02  1.210563e-14 
  693.000  8.885814e+02  1.171427e+02 -2.269888e-15 
  694.000  8.654608e+02  1.130719e+02  2.210718e-14 
  695.000  8.681207e+02  1.134011e+02  1.263942e-14 
  696.000  8.894606e+02  1.160787e+02  1.080115e-14 
  697.000  9.453865e+02  1.245555e+02 -1.879195e-14 
  698.000  9.161978e+02  1.199381e+02 -1.571589e-15 
  699.000  8.837836e+02  1.141770e+02  1.117364e-14 
  700.000  8.812326e+02  1.136508e+02  1.044572e-15 
  701.000  8.508964e+02  1.092072e+02  8.226283e-15 
  702.000  8.543934e+02  1.094832e+02 -2.160215e-14 
  703.000  9.065946e+02  1.167913e+02 -2.072985e-15 
  704.000  9.110120e+02  1.170684e+02  1.307840e-14 
  705.000  9.012191e+02  1.150391e+02 -6.742045e-16 
  706.000  8.949876e+02  1.139911e+02  3.376115e-14 
  707.000  8.874406e+02  1.128489e+02  1.264913e-14 
  708.000  9.198395e+02  1.168058e+02  2.438643e-14 
  709.000  9.001564e+02  1.143653e+02  3.600832e-16 
  710.000  9.068630e+02  1.144630e+02  2.594029e-14 
  711.000  9.119947e+02  1.151962e+02  2.720899e-14 
  712.000  9.113627e+02  1.152010e+02 -1.164154e-14 
  713.000  8.977419e+02  1.127955e+02 -3.000878e-14 
  714.000  9.094744e+02  1.138104e+02 -1.259841e-14 
  715.000  8.618263e+02  1.070711e+02 -1.173521e-14 
  716.000  8.670345e+02  1.069447e+02 -2.291607e-15 
  717.000  7.436062e+02  8.955347e+01  3.058854e-15 
  718.000  6.804614e+02  8.012289e+01  3.997252e-15 
  719.000  6.518725e+02  7.594829e+01  7.385015e-17 
  720.000  6.270327e+02  7.214125e+01 -1.169541e-15 
  721.000  7.621292e+02  9.125648e+01 -7.533142e-15 
  722.000  8.254778e+02  9.952512e+01 -2.691308e-15 
  723.000  7.937451e+02  9.494761e+01  4.936959e-15 
  724.000  7.162241e+02  8.369357e+01 -1.635795e-15 
  725.000  7.197124e+02  8.415200e+01  2.671043e-15 
  726.000  7.148214e+02  8.326057e+01 -5.854255e-15 
  727.000  7.369129e+02  8.590088e+01 -6.256800e-15 
  728.000  7.122208e+02  8.249361e+01 -2.139918e-15 
  729.000  7.134052e+02  8.315703e+01  3.765559e-15 
  730.000  7.347996e+02  8.532735e+01 -3.558241e-15 
  731.000  7.167703e+02  8.289067e+01  1.079304e-15 
  732.000  7.828871e+02  9.143267e+01  1.487524e-14 
  733.000  8.225986e+02  9.673234e+01  6.756332e-15 
  734.000  8.656609e+02  1.020834e+02 -4.013987e-15 
  735.000  8.498876e+02  9.977392e+01 -4.333176e-15 
  736.000  8.178792e+02  9.546205e+01 -6.883564e-15 
  737.000  8.412742e+02  9.816585e+01 -6.362084e-15 
  738.000  8.563513e+02  1.000304e+02 -1.260935e-16 
  739.000  8.360023e+02  9.757562e+01  9.547769e-15 
  740.000  8.603281e+02  1.006274e+02 -4.931999e-16 
  741.000  8.630010e+02  1.010004e+02  1.686981e-14 
  742.000  8.527998e+02  9.968775e+01 -3.211481e-14 
  743.000  8.867928e+02  1.037533e+02  2.456443e-14 
  744.000  8.992097e+02  1.050788e+02  3.489218e-15 
  745.000  8.789040e+02  1.025832e+02  2.973616e-14 
  746.000  8.935994e+02  1.041380e+02  4.798378e-14 
  747.000  9.081154e+02  1.055635e+02 -1.542844e-13 
  748.000  8.933797e+02  1.036694e+02  3.249428e-15 
  749.000  8.945491e+02  1.035671e+02 -1.511093e-13 
  750.000  8.808592e+02  1.016636e+02 -1.692701e-14 
  751.000  8.789442e+02  1.011781e+02  1.756782e-14 
  752.000  8.941419e+02  1.027370e+02 -4.827137e-14 
  753.000  8.864078e+02  1.016047e+02 -4.957746e-14 
  754.000  9.008459e+02  1.030041e+02  4.384090e-14 
  755.000  8.960277e+02  1.021883e+02  1.406344e-13 
  756.000  8.788485e+02  9.997169e+01 -4.339651e-14 
  757.000  8.855750e+02  1.004755e+02 -1.469066e-14 
  758.000  8.834811e+02  9.991834e+01 -5.403571e-14 
  759.000  7.934719e+02  8.799855e+01  1.175450e-14 
  760.000  2.901185e+02  2.883574e+01 -4.293461e-18 
  761.000  2.490546e+02  2.430005e+01  2.677067e-15 
  762.000  5.085851e+02  5.298357e+01  5.615710e-15 
  763.000  4.337897e+02  4.428186e+01  9.141500e-15 
  764.000  4.788352e+02  4.916457e+01 -1.490596e-15 
  765.000  5.833193e+02  6.119591e+01 -4.057466e-15 
  766.000  6.749064e+02  7.274995e+01 -8.942874e-16 
  767.000  7.458439e+02  8.081282e+01 -3.297256e-14 
  768.000  8.166028e+02  8.887705e+01 -3.434271e-14 
  769.000  8.405871e+02  9.185241e+01  9.668628e-15 
  770.000  8.491624e+02  9.289905e+01  1.230239e-14 
  771.000  8.564080e+02  9.366308e+01  4.034654e-14 
  772.000  8.547430e+02  9.329777e+01  6.487636e-15 
  773.000  8.520745e+02  9.279398e+01  1.783407e-14 
  774.000  8.619344e+02  9.365424e+01 -5.217395e-14 
  775.000  8.300914e+02  8.998301e+01  5.415494e-16 
  776.000  8.647698e+02  9.352038e+01  1.966417e-15 
  777.000  8.589702e+02  9.265772e+01 -1.321979e-13 
  778.000  8.544283e+02  9.192651e+01  1.359239e-13 
  779.000  8.572835e+02  9.199325e+01  1.289661e-13 
  780.000  8.467843e+02  9.063245e+01  1.461349e-13 
  781.000  8.461317e+02  9.036739e+01  2.776372e-14 
  782.000  8.563873e+02  9.122473e+01  6.278452e-15 
  783.000  8.364781e+02  8.887569e+01 -2.374445e-14 
  784.000  8.407980e+02  8.908039e+01 -4.241126e-14 
  785.000  8.402178e+02  8.863757e+01  2.714774e-14 
  786.000  8.213460e+02  8.622243e+01 -3.300541e-14 
  787.000  8.233813e+02  8.579977e+01  1.512064e-14 
  788.000  8.058148e+02  8.356841e+01 -6.183075e-16 
  789.000  7.916732e+02  8.135551e+01 -1.186758e-15 
  790.000  7.820917e+02  8.013172e+01  3.542195e-14 
  791.000  7.816813e+02  7.997853e+01  1.753252e-15 
  792.000  7.726597e+02  7.894678e+01  3.546402e-14 
  793.000  7.795631e+02  7.967058e+01 -2.915025e-15 
  794.000  7.874658e+02  8.082650e+01  2.190878e-15 
  795.000  7.736550e+02  7.887195e+01  2.802817e-14 
  796.000  7.609906e+02  7.672616e+01 -3.446326e-16 
  797.000  7.733021e+02  7.794327e+01  1.018217e-14 
  798.000  7.903608e+02  7.991985e+01 -5.158710e-15 
  799.000  7.860659e+02  7.918228e+01 -4.545243e-15 
  800.000  7.540078e+02  7.546929e+01 -3.296318e-14 
  801.000  7.695316e+02  7.687176e+01  3.325784e-14 
  802.000  7.669501e+02  7.640300e+01 -1.691962e-14 
  803.000  7.577952e+02  7.535227e+01 -2.122631e-14 
  804.000  7.703827e+02  7.656313e+01 -2.589496e-14 
  805.000  7.598924e+02  7.563962e+01 -1.544692e-14 
  806.000  7.870460e+02  7.836810e+01 -3.782286e-14 
  807.000  7.827411e+02  7.776340e+01 -5.284349e-15 
  808.000  7.743938e+02  7.662975e+01 -2.688408e-14 
  809.000  7.569311e+02  7.458696e+01 -3.001575e-14 
  810.000  7.486891e+02  7.345974e+01  1.461331e-15 
  811.000  7.505425e+02  7.321504e+01 -2.660146e-14 
  812.000  7.342743e+02  7.117532e+01 -6.821729e-15 
  813.000  7.144773e+02  6.881567e+01 -1.821812e-14 
  814.000  6.916107e+02  6.615910e+01 -7.844639e-16 
  815.000  6.573843e+02  6.239371e+01  6.769289e-15 
  816.000  6.186162e+02  5.813060e+01  1.728888e-15 
  817.000  6.239510e+02  5.850505e+01 -2.798724e-15 
  818.000  6.228088e+02  5.830137e+01 -2.675191e-16 
  819.000  6.168569e+02  5.778026e+01 -1.416911e-15 
  820.000  6.405637e+02  6.030617e+01  8.580589e-15 
  821.000  7.049792e+02  6.677901e+01  6.009857e-15 
  822.000  6.532381e+02  6.133052e+01  4.862559e-15 
  823.000  5.758735e+02  5.284375e+01 -2.044034e-15 
  824.000  6.581841e+02  6.137488e+01 -1.014174e-14 
  825.000  7.066659e+02  6.638885e+01 -5.455319e-15 
  826.000  7.030025e+02  6.579398e+01  1.746260e-15 
  827.000  6.944747e+02  6.476325e+01 -1.091182e-14 
  828.000  6.607379e+02  6.111424e+01 -1.225721e-14 
  829.000  6.719994e+02  6.213944e+01 -1.369558e-14 
  830.000  6.743355e+02  6.236874e+01 -9.195252e-15 
  831.000  6.656557e+02  6.147337e+01  1.329089e-15 
  832.000  6.809684e+02  6.278663e+01  3.399402e-15 
  833.000  6.672192e+02  6.148589e+01  5.210210e-15 
  834.000  6.859701e+02  6.321178e+01 -1.451420e-14 
  835.000  7.044420e+02  6.509269e+01 -3.738197e-16 
  836.000  7.073478e+02  6.511333e+01  1.531413e-14 
  837.000  7.011248e+02  6.439533e+01 -1.491384e-14 
  838.000  7.119727e+02  6.541493e+01  2.778910e-15 
  839.000  6.946872e+02  6.379854e+01  3.806143e-15 
  840.000  7.151691e+02  6.557791e+01  3.281946e-14 
  841.000  7.119343e+02  6.501511e+01  7.409534e-15 
  842.000  7.122444e+02  6.501115e+01 -2.386503e-14 
  843.000  7.183740e+02  6.572931e+01  1.882303e-14 
  844.000  7.114514e+02  6.511063e+01  3.535125e-15 
  845.000  7.246409e+02  6.625043e+01 -1.331472e-14 
  846.000  7.335866e+02  6.700785e+01 -2.422861e-14 
  847.000  7.109238e+02  6.489123e+01  2.231803e-15 
  848.000  7.276759e+02  6.611169e+01 -2.497424e-15 
  849.000  7.296218e+02  6.616125e+01 -1.826259e-14 
  850.000  6.290939e+02  5.685429e+01 -2.010557e-14 
  851.000  7.183367e+02  6.469265e+01 -2.149587e-14 
  852.000  6.914070e+02  6.213873e+01 -1.878013e-15 
  853.000  7.033936e+02  6.321542e+01  1.891510e-14 
  854.000  5.654128e+02  5.069840e+01  3.411837e-14 
  855.000  6.242185e+02  5.591378e+01 -3.447648e-15 
  856.000  7.123439e+02  6.381490e+01  2.891891e-15 
  857.000  7.254705e+02  6.492936e+01  3.783306e-15 
  858.000  7.147743e+02  6.387323e+01 -1.442184e-14 
  859.000  7.165762e+02  6.398474e+01  3.154468e-14 
  860.000  7.111303e+02  6.340421e+01  1.291743e-14 
  861.000  7.112705e+02  6.328593e+01  6.004720e-15 
  862.000  7.094495e+02  6.300931e+01 -9.651753e-15 
  863.000  7.231730e+02  6.409248e+01 -8.127231e-14 
  864.000  7.221492e+02  6.388069e+01  5.355684e-14 
  865.000  7.090507e+02  6.260052e+01 -3.860145e-14 
  866.000  5.948931e+02  5.241178e+01  2.517264e-14 
  867.000  6.335378e+02  5.569432e+01 -7.274896e-14 
  868.000  6.872224e+02  6.028619e+01 -1.193571e-14 
  869.000  6.777562e+02  5.933277e+01  3.222727e-14 
  870.000  7.057440e+02  6.164753e+01 -1.455141e-14 
  871.000  7.049211e+02  6.144847e+01  1.824550e-14 
  872.000  7.023815e+02  6.110690e+01 -1.513297e-14 
  873.000  7.050895e+02  6.120179e+01  2.187054e-14 
  874.000  6.896199e+02  5.972652e+01 -7.273901e-14 
  875.000  6.833401e+02  5.905590e+01 -7.222433e-16 
  876.000  6.888315e+02  5.939010e+01  1.550479e-14 
  877.000  7.025184e+02  6.043475e+01  2.284854e-14 
  878.000  6.894925e+02  5.913613e+01 -1.456470e-15 
  879.000  6.911212e+02  5.914809e+01  2.258940e-14 
  880.000  6.863020e+02  5.856701e+01  1.754894e-14 
  881.000  6.502429e+02  5.534993e+01  4.339689e-14 
  882.000  6.857513e+02  5.822617e+01 -1.945506e-14 
  883.000  6.706431e+02  5.684720e+01  1.609797e-14 
  884.000  6.765980e+02  5.724128e+01 -6.509531e-15 
  885.000  6.818146e+02  5.747239e+01 -4.173916e-14 
  886.000  6.570866e+02  5.518213e+01  2.246711e-14 
  887.000  6.523069e+02  5.472898e+01 -1.531026e-14 
  888.000  6.717769e+02  5.623933e+01  5.564126e-15 
  889.000  6.768968e+02  5.657608e+01 -1.479727e-14 
  890.000  6.732474e+02  5.610390e+01 -3.619159e-14 
  891.000  6.662818e+02  5.528197e+01  1.341645e-14 
  892.000  6.563704e+02  5.410752e+01 -8.767458e-15 
  893.000  6.084766e+02  4.955094e+01  9.454447e-16 
  894.000  6.166506e+02  4.991090e+01  8.158952e-15 
  895.000  5.510995e+02  4.415076e+01 -3.410815e-15 
  896.000  5.375183e+02  4.266117e+01  2.116843e-15 
  897.000  4.897511e+02  3.837032e+01  6.470081e-16 
  898.000  4.744381e+02  3.685264e+01  5.819856e-16 
  899.000  4.313615e+02  3.280155e+01  2.740238e-16 
  900.000  4.261579e+02  3.241828e+01  3.514809e-18 
  901.000  4.069041e+02  3.074652e+01  3.493390e-16 
  902.000  4.017191e+02  3.033869e+01  6.182879e-16 
  903.000  4.949909e+02  3.844159e+01 -1.541311e-15 
  904.000  5.494681e+02  4.302900e+01  4.509492e-14 
  905.000  5.466477e+02  4.273410e+01 -1.866730e-15 
  906.000  5.032481e+02  3.904172e+01  6.898729e-16 
  907.000  4.618872e+02  3.516333e+01  3.876821e-17 
  908.000  4.188385e+02  3.136467e+01 -9.098260e-16 
  909.000  4.127739e+02  3.086074e+01  4.089503e-16 
  910.000  4.221516e+02  3.156480e+01  9.377158e-16 
  911.000  4.410384e+02  3.322656e+01  8.198769e-16 
  912.000  4.322967e+02  3.235811e+01 -1.198041e-16 
  913.000  4.006057e+02  2.937566e+01 -1.333141e-15 
  914.000  4.184337e+02  3.089619e+01 -1.877192e-16 
  915.000  4.273966e+02  3.174567e+01  2.002349e-15 
  916.000  4.373920e+02  3.250288e+01 -2.025417e-15 
  917.000  4.398245e+02  3.277117e+01 -8.440366e-16 
  918.000  4.495751e+02  3.362345e+01 -2.380532e-15 
  919.000  4.973835e+02  3.767014e+01  4.358932e-15 
  920.000  5.255990e+02  4.001895e+01 -4.062431e-15 
  921.000  5.072867e+02  3.851585e+01  4.899395e-15 
  922.000  5.022584e+02  3.806186e+01 -1.450402e-15 
  923.000  4.727445e+02  3.569350e+01  4.330263e-15 
  924.000  4.717884e+02  3.536600e+01 -1.359236e-15 
  925.000  4.758270e+02  3.555486e+01 -1.284757e-15 
  926.000  4.569982e+02  3.400843e+01 -5.480943e-16 
  927.000  4.487783e+02  3.300102e+01  4.222944e-16 
  928.000  4.141140e+02  2.983777e+01 -1.218687e-16 
  929.000  3.582633e+02  2.513542e+01 -2.935410e-16 
  930.000  2.994183e+02  2.048482e+01 -2.891489e-16 
  931.000  2.416914e+02  1.614803e+01  1.059873e-16 
  932.000  1.729167e+02  1.114703e+01 -1.116183e-16 
  933.000  1.334409e+02  8.377603e+00 -1.758352e-15 
  934.000  9.842474e+01  6.022102e+00  5.655577e-17 
  935.000  9.334647e+01  5.685544e+00 -1.041314e-16 
  936.000  1.041737e+02  6.386280e+00  9.581770e-17 
  937.000  1.039217e+02  6.348385e+00  2.138606e-40 
  938.000  1.425376e+02  8.937673e+00 -1.928916e-16 
  939.000  2.786642e+02  1.844865e+01 -1.312430e-16 
  940.000  3.021380e+02  2.014762e+01 -1.006059e-16 
  941.000  2.756086e+02  1.823611e+01 -2.842589e-17 
  942.000  2.204936e+02  1.435070e+01 -1.946231e-16 
  943.000  1.643710e+02  1.036902e+01 -1.315334e-18 
  944.000  1.553226e+02  9.751366e+00 -4.155799e-16 
  945.000  1.784431e+02  1.130870e+01 -1.106978e-16 
  946.000  1.826779e+02  1.157170e+01 -8.999698e-17 
  947.000  2.039872e+02  1.303872e+01  0.000000e+00 
  948.000  2.190166e+02  1.405585e+01  2.137049e-16 
  949.000  2.186652e+02  1.401386e+01 -2.270086e-16 
  950.000  2.210344e+02  1.416550e+01 -2.233483e-16 
  951.000  2.516859e+02  1.628653e+01  7.921229e-17 
  952.000  2.189812e+02  1.400138e+01  5.297924e-16 
  953.000  2.425006e+02  1.562646e+01  1.079791e-16 
  954.000  2.674731e+02  1.738175e+01 -1.474358e-16 
  955.000  2.307053e+02  1.488271e+01  3.660295e-16 
  956.000  2.429753e+02  1.565945e+01  3.125958e-16 
  957.000  3.138538e+02  2.070793e+01  8.287775e-16 
  958.000  3.272833e+02  2.166900e+01 -2.287154e-15 
  959.000  3.167480e+02  2.086356e+01  3.004888e-16 
  960.000  3.108596e+02  2.043410e+01  2.056118e-16 
  961.000  3.019510e+02  1.978676e+01  5.244860e-16 
  962.000  3.096230e+02  2.030942e+01  8.048384e-16 
  963.000  3.518407e+02  2.344377e+01 -3.230134e-16 
  964.000  3.545900e+02  2.366902e+01 -7.482963e-16 
  965.000  3.552808e+02  2.364435e+01  8.273364e-16 
  966.000  3.479273e+02  2.315722e+01  1.200514e-15 
  967.000  3.913205e+02  2.644120e+01 -6.590437e-16 
  968.000  4.448953e+02  3.075569e+01  1.969115e-15 
  969.000  4.756150e+02  3.304390e+01  2.467267e-15 
  970.000  4.787486e+02  3.322723e+01  4.315079e-15 
  971.000  4.739532e+02  3.283610e+01  3.514870e-15 
  972.000  4.693478e+02  3.240563e+01  4.550474e-15 
  973.000  4.471388e+02  3.068957e+01  7.953981e-16 
  974.000  4.194489e+02  2.854817e+01 -3.240756e-15 
  975.000  4.084288e+02  2.759742e+01 -1.416347e-15 
  976.000  4.297851e+02  2.918263e+01  1.005262e-15 
  977.000  4.460511e+02  3.047440e+01 -1.017261e-15 
  978.000  4.550753e+02  3.103340e+01 -2.585926e-15 
  979.000  4.493208e+02  3.065191e+01  4.024276e-15 
  980.000  4.848747e+02  3.321765e+01  4.415657e-15 
  981.000  4.950994e+02  3.391548e+01 -1.024200e-14 
  982.000  4.877038e+02  3.332005e+01 -1.196670e-14 
  983.000  5.019691e+02  3.435839e+01 -7.689224e-15 
  984.000  5.147607e+02  3.533212e+01 -3.630955e-15 
  985.000  5.238701e+02  3.601104e+01 -1.273764e-16 
  986.000  5.316412e+02  3.666344e+01 -5.664031e-15 
  987.000  5.431060e+02  3.748529e+01 -4.599081e-15 
  988.000  5.377286e+02  3.707492e+01  1.151165e-14 
  989.000  5.317540e+02  3.661559e+01 -3.186017e-14 
  990.000  5.376204e+02  3.698032e+01  9.723878e-15 
  991.000  5.465649e+02  3.762136e+01  1.509811e-14 
  992.000  5.428341e+02  3.732639e+01 -3.711078e-15 
  993.000  5.433387e+02  3.730624e+01  1.531187e-14 
  994.000  5.501265e+02  3.778558e+01 -7.796485e-15 
  995.000  5.488554e+02  3.770388e+01 -1.734608e-14 
  996.000  5.487600e+02  3.763068e+01 -8.189531e-15 
  997.000  5.476627e+02  3.744444e+01  6.719587e-15 
  998.000  5.437024e+02  3.707120e+01  1.711080e-14 
  999.000  5.416348e+02  3.684917e+01 -9.022573e-15 
 1000.000  5.379417e+02  3.654716e+01 -7.104175e-15 
 1001.000  5.368121e+02  3.631748e+01 -1.920263e-15 
 1002.000  5.295443e+02  3.563671e+01  6.613380e-15 
 1003.000  5.249329e+02  3.529362e+01 -2.122760e-14 
 1004.000  5.242685e+02  3.526003e+01 -2.592130e-14 
 1005.000  4.912862e+02  3.301716e+01 -1.454212e-14 
 1006.000  5.176594e+02  3.474107e+01  2.048463e-14 
 1007.000  5.259013e+02  3.520765e+01 -1.242143e-15 
 1008.000  5.229433e+02  3.484835e+01  5.154444e-15 
 1009.000  5.129034e+02  3.400393e+01 -9.176214e-15 
 1010.000  5.179504e+02  3.433055e+01 -1.331625e-14 
 1011.000  5.225422e+02  3.471107e+01  1.345227e-14 
 1012.000  5.255853e+02  3.491118e+01 -4.640725e-15 
 1013.000  5.240093e+02  3.479483e+01 -8.941239e-15 
 1014.000  5.283583e+02  3.504486e+01  2.903093e-15 
 1015.000  5.188312e+02  3.435880e+01 -9.691003e-15 
 1016.000  5.231818e+02  3.461062e+01  2.984405e-14 
 1017.000  5.185836e+02  3.425185e+01 -8.183240e-15 
 1018.000  5.242297e+02  3.454794e+01  2.316640e-14 
 1019.000  5.099097e+02  3.349389e+01 -8.957211e-15 
 1020.000  5.097233e+02  3.344376e+01  3.427296e-15 
 1021.000  5.165673e+02  3.387515e+01  6.328703e-15 
 1022.000  5.060179e+02  3.306376e+01 -8.133146e-15 
 1023.000  5.133706e+02  3.343700e+01 -1.136597e-14 
 1024.000  5.093729e+02  3.309219e+01 -3.220967e-15 
 1025.000  5.136590e+02  3.340802e+01  7.517646e-15 
 1026.000  5.162767e+02  3.356682e+01 -2.404533e-15 
 1027.000  5.124189e+02  3.324222e+01 -3.322250e-15 
 1028.000  5.143926e+02  3.333095e+01 -7.883285e-16 
 1029.000  5.084589e+02  3.293002e+01 -2.180653e-14 
 1030.000  5.153713e+02  3.336980e+01  6.165161e-15 
 1031.000  5.146995e+02  3.329609e+01 -4.133070e-14 
 1032.000  5.136688e+02  3.319413e+01  9.714678e-15 
 1033.000  5.044818e+02  3.255225e+01  4.196735e-15 
 1034.000  5.102749e+02  3.288329e+01  3.320292e-14 
 1035.000  5.051362e+02  3.250524e+01  1.605605e-14 
 1036.000  5.117806e+02  3.287956e+01 -1.842212e-14 
 1037.000  5.011732e+02  3.214872e+01 -1.849968e-14 
 1038.000  5.062740e+02  3.242563e+01 -6.183380e-16 
 1039.000  5.082188e+02  3.249067e+01 -1.756387e-14 
 1040.000  5.021376e+02  3.204513e+01  2.796663e-14 
 1041.000  5.047351e+02  3.215443e+01 -1.926713e-14 
 1042.000  5.062389e+02  3.219637e+01  2.264294e-14 
 1043.000  4.975594e+02  3.159303e+01 -3.848466e-14 
 1044.000  5.024689e+02  3.185020e+01 -2.433003e-14 
 1045.000  5.000935e+02  3.163816e+01  9.242097e-15 
 1046.000  4.854296e+02  3.065509e+01 -5.935862e-15 
 1047.000  4.942032e+02  3.115190e+01 -1.356313e-14 
 1048.000  4.990873e+02  3.140497e+01  6.721445e-15 
 1049.000  4.958917e+02  3.115154e+01  1.832268e-14 
 1050.000  4.926879e+02  3.089066e+01 -5.380071e-15 
 1051.000  4.922578e+02  3.079677e+01 -3.910703e-15 
 1052.000  4.897465e+02  3.058166e+01 -8.088862e-15 
 1053.000  4.900362e+02  3.055117e+01 -6.270402e-15 
 1054.000  4.845943e+02  3.014824e+01  4.256930e-15 
 1055.000  4.877333e+02  3.027962e+01 -5.149304e-15 
 1056.000  4.861791e+02  3.012446e+01 -1.621713e-14 
 1057.000  4.843766e+02  2.993281e+01 -9.814600e-15 
 1058.000  4.774227e+02  2.939622e+01  5.750326e-16 
 1059.000  4.627219e+02  2.845333e+01  3.286047e-15 
 1060.000  4.806309e+02  2.954396e+01  1.866327e-14 
 1061.000  4.636762e+02  2.845136e+01  1.569502e-14 
 1062.000  4.754633e+02  2.909349e+01  5.119756e-15 
 1063.000  4.672222e+02  2.853730e+01  8.676723e-15 
 1064.000  4.724046e+02  2.878074e+01 -7.510711e-15 
 1065.000  4.703987e+02  2.857332e+01  3.767618e-15 
 1066.000  4.561151e+02  2.766554e+01  2.979229e-15 
 1067.000  4.663538e+02  2.823450e+01 -4.258252e-16 
 1068.000  4.615560e+02  2.783426e+01  3.952806e-15 
 1069.000  4.250046e+02  2.555287e+01 -1.380355e-15 
 1070.000  4.503265e+02  2.703465e+01 -5.529118e-15 
 1071.000  4.490058e+02  2.687295e+01  1.175268e-14 
 1072.000  4.483452e+02  2.675529e+01 -5.008314e-15 
 1073.000  4.330510e+02  2.579355e+01  2.961171e-15 
 1074.000  4.483578e+02  2.666618e+01 -2.735003e-15 
 1075.000  4.370236e+02  2.599576e+01 -7.280571e-15 
 1076.000  4.446600e+02  2.637627e+01  6.400278e-15 
 1077.000  4.411870e+02  2.609007e+01 -3.235472e-15 
 1078.000  4.395538e+02  2.591078e+01 -5.297729e-16 
 1079.000  4.220190e+02  2.483186e+01 -3.167178e-15 
 1080.000  4.270489e+02  2.499901e+01  6.119193e-15 
 1081.000  4.108932e+02  2.401121e+01  5.704759e-15 
 1082.000  4.192026e+02  2.449278e+01 -2.031940e-15 
 1083.000  4.040535e+02  2.352827e+01 -6.378188e-15 
 1084.000  4.151450e+02  2.409484e+01  2.778345e-15 
 1085.000  3.997168e+02  2.308722e+01 -1.617721e-15 
 1086.000  4.071602e+02  2.349498e+01 -1.651363e-15 
 1087.000  3.924690e+02  2.269644e+01 -6.555414e-16 
 1088.000  4.167259e+02  2.406701e+01 -3.224558e-15 
 1089.000  3.877520e+02  2.225392e+01 -1.796968e-15 
 1090.000  3.935892e+02  2.253490e+01 -7.417556e-17 
 1091.000  3.985344e+02  2.279579e+01 -1.604360e-15 
 1092.000  3.827156e+02  2.181286e+01 -2.330479e-15 
 1093.000  3.638249e+02  2.062380e+01  2.415269e-16 
 1094.000  3.255329e+02  1.839240e+01 -3.004342e-15 
 1095.000  3.532003e+02  1.992649e+01  1.086050e-15 
 1096.000  3.523952e+02  1.984612e+01 -3.474145e-16 
 1097.000  3.447047e+02  1.935844e+01 -9.141287e-16 
 1098.000  3.072499e+02  1.696169e+01  4.434199e-16 
 1099.000  2.801003e+02  1.514019e+01 -3.656439e-16 
 1100.000  2.866053e+02  1.548488e+01  6.688149e-16 
