  300.000  1.325664e-01  2.984566e-01 -1.141603e-17  1.839215e-02  4.356373e-02 -3.703661e-18 
  301.000  4.200471e-01  9.215086e-01  1.113284e-16  5.827695e-02  1.361725e-01  1.588430e-17 
  302.000  5.227172e-01  1.122078e+00 -1.098671e-16  7.252131e-02  1.675432e-01 -2.421813e-17 
  303.000  1.564512e+00  3.305597e+00 -1.186784e-16  2.170590e-01  4.994528e-01 -2.338959e-17 
  304.000  1.933225e+00  4.006020e+00 -1.474422e-17  2.682139e-01  6.097889e-01  3.249172e-17 
  305.000  3.907662e+00  8.011268e+00 -2.547919e-16  5.421454e-01  1.232039e+00 -1.043324e-17 
  306.000  4.619498e+00  9.327413e+00 -6.028697e-17  6.409050e-01  1.445268e+00 -7.161783e-17 
  307.000  7.317927e+00  1.459725e+01 -4.011570e-16  1.015283e+00  2.278490e+00 -9.768530e-17 
  308.000  1.000143e+01  1.968143e+01 -1.735058e-15  1.387589e+00  3.093794e+00 -2.050958e-16 
  309.000  1.124026e+01  2.175603e+01  1.255859e-15  1.559463e+00  3.438274e+00  3.190768e-16 
  310.000  1.335265e+01  2.573580e+01  1.545790e-15  1.852534e+00  4.099897e+00  2.460201e-16 
  311.000  2.686782e+01  5.091095e+01 -7.365307e-16  3.727617e+00  8.150323e+00  1.601289e-16 
  312.000  2.398604e+01  4.493921e+01  2.841568e-15  3.327801e+00  7.235671e+00  9.646186e-16 
  313.000  3.196066e+01  5.913931e+01  4.279463e-15  4.434192e+00  9.574502e+00  4.317986e-16 
  314.000  3.385484e+01  6.136219e+01 -2.254581e-15  4.696990e+00  9.972619e+00 -8.489955e-16 
  315.000  4.227885e+01  7.606566e+01 -1.096727e-14  5.865729e+00  1.243489e+01 -2.243734e-15 
  316.000  3.402679e+01  6.001200e+01 -8.260443e-16  4.720845e+00  9.848502e+00 -8.417769e-16 
  317.000  5.090922e+01  8.836532e+01  2.564267e-15  7.063098e+00  1.456371e+01 -1.659944e-15 
  318.000  5.105541e+01  8.706701e+01 -1.190372e-14  7.083381e+00  1.440907e+01 -4.040920e-15 
  319.000  5.952836e+01  1.010218e+02  2.586127e-14  8.258910e+00  1.680604e+01  3.299528e-15 
  320.000  5.824203e+01  9.488658e+01 -1.802190e-16  8.080445e+00  1.580710e+01  2.767811e-15 
  321.000  7.503416e+01  1.229531e+02 -9.696496e-14  1.041017e+01  2.061184e+01 -1.812302e-14 
  322.000  6.713441e+01  1.060213e+02 -1.792308e-14  9.314166e+00  1.781153e+01 -3.353746e-16 
  323.000  6.061457e+01  9.467026e+01 -3.218152e-14  8.409610e+00  1.596793e+01 -6.599218e-15 
  324.000  7.865617e+01  1.217636e+02 -1.260677e-14  1.091268e+01  2.064115e+01  7.778151e-16 
  325.000  8.861940e+01  1.322517e+02  5.479776e-15  1.229497e+01  2.245361e+01  0.000000e+00 
  326.000  1.259662e+02  1.867062e+02  1.488055e-13  1.747644e+01  3.184615e+01  2.708225e-14 
  327.000  1.303468e+02  1.896113e+02  1.829231e-13  1.808419e+01  3.246765e+01  2.290566e-14 
  328.000  1.094641e+02  1.536985e+02  1.957794e-14  1.518694e+01  2.635774e+01  9.669552e-15 
  329.000  1.338748e+02  1.871861e+02  3.166695e-14  1.857367e+01  3.225594e+01  5.814666e-15 
  330.000  1.433963e+02  1.964928e+02  1.566459e-14  1.989467e+01  3.397995e+01 -4.659250e-16 
  331.000  1.183798e+02  1.573916e+02  1.990370e-14  1.642390e+01  2.727379e+01  2.592162e-15 
  332.000  1.336825e+02  1.756179e+02  5.914804e-16  1.854699e+01  3.055156e+01  2.493726e-15 
  333.000  1.546965e+02  1.992538e+02 -3.895608e-14  2.146246e+01  3.477748e+01 -2.106356e-14 
  334.000  1.317957e+02  1.653530e+02 -1.271610e-13  1.828522e+01  2.892508e+01 -8.091725e-15 
  335.000  1.452531e+02  1.796085e+02 -1.457357e-13  2.015228e+01  3.153442e+01 -2.270897e-14 
  336.000  1.114877e+02  1.352209e+02  1.787651e-13  1.546770e+01  2.381648e+01  4.152986e-14 
  337.000  1.085443e+02  1.285296e+02  1.067571e-13  1.505934e+01  2.269475e+01  1.077182e-14 
  338.000  1.351394e+02  1.570669e+02 -1.886623e-14  1.874912e+01  2.781756e+01 -1.117517e-14 
  339.000  1.388444e+02  1.584585e+02  1.762534e-13  1.926315e+01  2.815192e+01  2.268411e-14 
  340.000  1.589440e+02  1.773554e+02  1.497200e-13  2.205174e+01  3.158956e+01  2.382868e-14 
  341.000  1.368154e+02  1.498769e+02 -9.367157e-14  1.898164e+01  2.677047e+01 -1.676137e-14 
  342.000  1.461788e+02  1.570992e+02  6.922045e-14  2.028071e+01  2.813745e+01  2.612675e-15 
  343.000  1.493899e+02  1.573310e+02  8.323371e-14  2.072622e+01  2.825143e+01 -2.638363e-15 
  344.000  1.373456e+02  1.416695e+02  1.100088e-14  1.905520e+01  2.550560e+01  1.826694e-14 
  345.000  1.799256e+02  1.824663e+02  1.780651e-13  2.496272e+01  3.296004e+01  3.341716e-14 
  346.000  2.031223e+02  2.022479e+02 -2.276544e-13  2.818100e+01  3.664209e+01 -1.511686e-14 
  347.000  1.965372e+02  1.920660e+02  5.651314e-13  2.726739e+01  3.489528e+01  7.947807e-14 
  348.000  1.881341e+02  1.804389e+02 -5.347110e-13  2.610156e+01  3.287162e+01 -9.827324e-14 
  349.000  2.096536e+02  1.973950e+02  1.773021e-13  2.908715e+01  3.605619e+01  2.071050e-14 
  350.000  2.177345e+02  2.012242e+02  2.995712e-13  3.020829e+01  3.685067e+01  7.504156e-14 
  351.000  2.099895e+02  1.905192e+02 -3.515078e-13  2.913375e+01  3.497987e+01 -5.404490e-14 
  352.000  2.184935e+02  1.945833e+02 -2.984072e-13  3.031358e+01  3.581470e+01 -8.462547e-14 
  353.000  2.023860e+02  1.770267e+02 -3.627928e-13  2.807884e+01  3.266518e+01 -4.371779e-14 
  354.000  2.371462e+02  2.037114e+02 -4.187320e-13  3.290144e+01  3.768082e+01 -6.693829e-14 
  355.000  2.438487e+02  2.056880e+02  1.757497e-13  3.383135e+01  3.813345e+01  2.077482e-14 
  356.000  2.338617e+02  1.936962e+02 -1.930114e-13  3.244576e+01  3.598768e+01 -2.019608e-14 
  357.000  1.515496e+02  1.232118e+02  1.247559e-13  2.102585e+01  2.293508e+01  1.675305e-14 
  358.000  1.669132e+02  1.332197e+02  2.390735e-14  2.315739e+01  2.484214e+01  2.412256e-15 
  359.000  1.701903e+02  1.333916e+02  2.081422e-14  2.361205e+01  2.492097e+01  9.738290e-15 
  360.000  2.559070e+02  1.971037e+02  3.827195e-14  3.550430e+01  3.690675e+01  3.104176e-15 
  361.000  2.058171e+02  1.560348e+02 -7.510112e-14  2.855488e+01  2.930850e+01 -6.976846e-15 
  362.000  2.290671e+02  1.710310e+02 -2.722213e-13  3.178057e+01  3.223457e+01 -4.592485e-14 
  363.000  2.470500e+02  1.815651e+02  3.332700e-13  3.427549e+01  3.432145e+01  7.573444e-14 
  364.000  2.498902e+02  1.806910e+02 -2.663200e-14  3.466953e+01  3.424483e+01 -4.791940e-15 
  365.000  2.370339e+02  1.686042e+02  1.161750e-13  3.288587e+01  3.203123e+01  1.303863e-14 
  366.000  3.295073e+02  2.305793e+02  1.019755e-12  4.571554e+01  4.390755e+01  1.390988e-13 
  367.000  2.985394e+02  2.055185e+02  1.373047e-12  4.141908e+01  3.922366e+01  2.838156e-13 
  368.000  2.850074e+02  1.930385e+02  5.117169e-13  3.954167e+01  3.692391e+01  4.242926e-14 
  369.000  2.774749e+02  1.849246e+02  3.931284e-13  3.849661e+01  3.544986e+01  3.079667e-14 
  370.000  3.229402e+02  2.117951e+02  2.663192e-13  4.480443e+01  4.068913e+01  6.690683e-14 
  371.000  2.609541e+02  1.684329e+02 -3.175532e-13  3.620453e+01  3.242823e+01 -3.817581e-14 
  372.000  2.778657e+02  1.765272e+02  9.906712e-14  3.855083e+01  3.405902e+01  1.718436e-14 
  373.000  2.800361e+02  1.751248e+02 -5.819812e-13  3.885196e+01  3.385967e+01 -1.347901e-13 
  374.000  2.192515e+02  1.349757e+02 -1.128530e-14  3.041875e+01  2.615067e+01  1.444823e-14 
  375.000  2.029599e+02  1.230035e+02 -2.960921e-13  2.815848e+01  2.387862e+01 -5.336742e-14 
  376.000  2.932925e+02  1.749769e+02 -2.826844e-14  4.069113e+01  3.403192e+01  2.348733e-14 
  377.000  3.029981e+02  1.779194e+02 -3.020484e-13  4.203768e+01  3.466269e+01 -6.196986e-14 
  378.000  3.954245e+02  2.284828e+02  8.079996e-14  5.486083e+01  4.457857e+01  1.592436e-14 
  379.000  3.070944e+02  1.746498e+02 -5.069255e-15  4.260599e+01  3.412733e+01 -5.114888e-16 
  380.000  2.901853e+02  1.625372e+02  1.313332e-13  4.026005e+01  3.181949e+01  2.588364e-14 
  381.000  3.287217e+02  1.814961e+02 -6.477619e-15  4.560655e+01  3.561464e+01 -5.377639e-15 
  382.000  2.478223e+02  1.349249e+02  2.415339e-13  3.438264e+01  2.654237e+01  3.612396e-14 
  383.000  1.741538e+02  9.347689e+01  2.393106e-14  2.416194e+01  1.843080e+01 -1.676642e-15 
  384.000  1.931080e+02  1.021680e+02 -1.015505e-13  2.679162e+01  2.018662e+01 -1.474356e-14 
  385.000  2.926347e+02  1.525987e+02 -5.252174e-13  4.059988e+01  3.021028e+01 -1.246330e-13 
  386.000  2.286502e+02  1.175176e+02  5.651105e-13  3.172272e+01  2.330915e+01  9.159265e-14 
  387.000  2.640821e+02  1.337811e+02  1.698050e-13  3.663851e+01  2.658388e+01  3.033921e-14 
  388.000  2.630941e+02  1.313766e+02 -4.278624e-14  3.650144e+01  2.615332e+01 -3.161455e-14 
  389.000  3.014085e+02  1.483710e+02 -7.670550e-13  4.181714e+01  2.958934e+01 -1.705022e-13 
  390.000  3.673235e+02  1.782645e+02  9.246821e-13  5.096212e+01  3.561403e+01  2.385607e-13 
  391.000  4.129600e+02  1.975957e+02 -9.376234e-13  5.729368e+01  3.954516e+01 -2.239240e-13 
  392.000  3.687488e+02  1.739762e+02  3.906438e-14  5.115987e+01  3.487858e+01  2.977396e-14 
  393.000  1.986077e+02  9.240147e+01  2.920948e-13  2.755465e+01  1.855639e+01  1.132145e-13 
  394.000  2.207716e+02  1.012934e+02 -1.561674e-12  3.062965e+01  2.037665e+01 -3.995979e-13 
  395.000  3.722236e+02  1.684328e+02 -2.027023e-12  5.164196e+01  3.393948e+01 -1.470966e-13 
  396.000  3.847649e+02  1.717272e+02  3.715703e-12  5.338194e+01  3.466091e+01  4.518839e-13 
  397.000  1.572506e+02  6.922820e+01 -7.391321e-13  2.181680e+01  1.399569e+01 -2.460803e-13 
  398.000  4.417545e+02  1.918445e+02 -1.766202e-13  6.128861e+01  3.884751e+01  3.040558e-14 
  399.000  5.317887e+02  2.278328e+02  1.291664e-12  7.377988e+01  4.620890e+01  4.408655e-13 
  400.000  5.244790e+02  2.216845e+02 -3.109174e-13  7.276573e+01  4.503251e+01  8.164559e-14 
  401.000  5.228984e+02  2.180690e+02  9.520800e-13  7.254645e+01  4.436751e+01  2.058616e-13 
  402.000  5.558217e+02  2.287244e+02  1.498539e-13  7.711419e+01  4.660769e+01 -1.599648e-13 
  403.000  5.220979e+02  2.120114e+02 -1.604316e-13  7.243539e+01  4.326844e+01  1.217699e-13 
  404.000  5.626522e+02  2.254792e+02  2.400346e-12  7.806184e+01  4.608698e+01  2.421953e-13 
  405.000  5.174193e+02  2.046413e+02  4.750490e-13  7.178627e+01  4.189045e+01 -2.270376e-14 
  406.000  5.149132e+02  2.010023e+02  1.215051e-12  7.143859e+01  4.120676e+01  2.807116e-14 
  407.000  5.028337e+02  1.937482e+02  8.131394e-13  6.976269e+01  3.977816e+01  1.498666e-13 
  408.000  5.461672e+02  2.077365e+02 -1.249885e-12  7.577473e+01  4.271231e+01 -2.898038e-13 
  409.000  6.060848e+02  2.275728e+02 -1.383695e-13  8.408765e+01  4.685821e+01  4.544265e-14 
  410.000  5.079793e+02  1.883036e+02  1.741081e-13  7.047658e+01  3.882771e+01 -9.331709e-14 
  411.000  5.979691e+02  2.188479e+02 -2.204852e-13  8.296169e+01  4.518929e+01 -2.516926e-13 
  412.000  6.210656e+02  2.244272e+02 -1.067429e-12  8.616608e+01  4.640559e+01 -3.662224e-13 
  413.000  5.880558e+02  2.098275e+02 -1.961479e-12  8.158633e+01  4.344656e+01 -5.157140e-13 
  414.000  5.784418e+02  2.038064e+02  1.473736e-12  8.025249e+01  4.225669e+01  1.310561e-13 
  415.000  6.183087e+02  2.151417e+02 -4.195590e-13  8.578358e+01  4.466722e+01 -1.361160e-13 
  416.000  6.158857e+02  2.116409e+02  2.487893e-13  8.544742e+01  4.399873e+01  4.600770e-14 
  417.000  5.984246e+02  2.031010e+02  3.898078e-13  8.302489e+01  4.227868e+01  1.425987e-13 
  418.000  5.866262e+02  1.966485e+02 -1.167135e-12  8.138798e+01  4.098861e+01 -1.943884e-13 
  419.000  6.022453e+02  1.994117e+02 -5.082734e-13  8.355496e+01  4.161773e+01 -1.496721e-13 
  420.000  5.107821e+02  1.670650e+02 -4.385028e-13  7.086545e+01  3.491098e+01 -1.404775e-13 
  421.000  6.412275e+02  2.071869e+02  6.250854e-14  8.896331e+01  4.334959e+01 -1.303958e-13 
  422.000  6.156294e+02  1.965159e+02 -4.110984e-13  8.541186e+01  4.116832e+01 -1.337971e-13 
  423.000  5.209375e+02  1.642924e+02 -4.102636e-13  7.227439e+01  3.446050e+01 -6.604313e-14 
  424.000  5.740885e+02  1.788905e+02 -3.945729e-13  7.964851e+01  3.756849e+01 -1.278166e-14 
  425.000  5.956786e+02  1.834046e+02  5.605517e-14  8.264391e+01  3.856273e+01 -2.933289e-15 
  426.000  5.736564e+02  1.745267e+02 -9.693111e-13  7.958856e+01  3.673956e+01 -7.310404e-14 
  427.000  5.527847e+02  1.661884e+02  2.448414e-13  7.669284e+01  3.502534e+01  1.483310e-14 
  428.000  5.607290e+02  1.665921e+02  1.064035e-13  7.779504e+01  3.515121e+01 -7.897648e-14 
  429.000  5.110182e+02  1.500431e+02  2.724141e-13  7.089819e+01  3.169574e+01  1.482511e-14 
  430.000  4.084772e+02  1.185345e+02  4.883374e-13  5.667176e+01  2.506810e+01  1.140508e-13 
  431.000  3.678735e+02  1.055107e+02  1.081711e-12  5.103843e+01  2.233886e+01  2.098260e-13 
  432.000  6.632711e+02  1.880314e+02  4.695425e-13  9.202162e+01  3.985442e+01  1.076268e-13 
  433.000  5.913682e+02  1.657141e+02  4.177984e-14  8.204588e+01  3.516268e+01  4.215594e-15 
  434.000  5.629736e+02  1.559458e+02  1.024041e-13  7.810645e+01  3.312594e+01  7.859571e-14 
  435.000  6.134722e+02  1.679906e+02  5.228348e-13  8.511258e+01  3.572285e+01 -3.614062e-14 
  436.000  6.813107e+02  1.844414e+02  9.735618e-14  9.452441e+01  3.926266e+01  1.918732e-14 
  437.000  6.889427e+02  1.843902e+02 -4.024353e-13  9.558327e+01  3.929284e+01 -5.475216e-14 
  438.000  6.180829e+02  1.635540e+02  7.997510e-14  8.575226e+01  3.488867e+01  1.439005e-14 
  439.000  5.989984e+02  1.567188e+02 -2.188266e-13  8.310449e+01  3.346482e+01 -4.445133e-14 
  440.000  6.723423e+02  1.739320e+02  6.038915e-15  9.328017e+01  3.717755e+01 -6.212798e-15 
  441.000  6.711305e+02  1.716744e+02  3.120406e-14  9.311203e+01  3.673108e+01  3.706883e-14 
  442.000  7.078387e+02  1.790422e+02  4.256728e-13  9.820490e+01  3.834433e+01  4.057427e-14 
  443.000  7.135665e+02  1.784807e+02  7.096225e-14  9.899956e+01  3.826007e+01  0.000000e+00 
  444.000  7.099041e+02  1.755920e+02 -1.870557e-13  9.849144e+01  3.767549e+01 -3.070383e-14 
  445.000  7.477390e+02  1.828988e+02  5.646674e-14  1.037406e+02  3.927824e+01  3.053158e-14 
  446.000  6.664641e+02  1.612111e+02  1.056038e-13  9.246462e+01  3.465028e+01  1.506751e-14 
  447.000  7.611360e+02  1.820955e+02 -4.065500e-14  1.055993e+02  3.917480e+01  3.429410e-15 
  448.000  7.749050e+02  1.833969e+02  1.237445e-15  1.075096e+02  3.949489e+01  5.217160e-15 
  449.000  7.812896e+02  1.829371e+02  1.940501e-13  1.083954e+02  3.943689e+01 -3.667840e-14 
  450.000  7.994318e+02  1.851925e+02  3.699582e-13  1.109124e+02  3.996354e+01  7.121556e-14 
  451.000  8.651136e+02  1.982731e+02  4.731880e-15  1.200251e+02  4.282770e+01 -1.919686e-14 
  452.000  8.052662e+02  1.825907e+02  1.051938e-12  1.117219e+02  3.947695e+01  1.139619e-13 
  453.000  7.484441e+02  1.679011e+02 -3.672965e-13  1.038384e+02  3.633380e+01 -1.022614e-13 
  454.000  7.989338e+02  1.773247e+02  4.099894e-13  1.108434e+02  3.840686e+01  8.247500e-14 
  455.000  8.054816e+02  1.768842e+02 -2.983862e-13  1.117518e+02  3.834461e+01 -3.527130e-14 
  456.000  8.259445e+02  1.794575e+02  4.728555e-14  1.145908e+02  3.893497e+01  5.228782e-14 
  457.000  8.315196e+02  1.787664e+02  7.975483e-13  1.153643e+02  3.881764e+01  7.782300e-14 
  458.000  8.178141e+02  1.739742e+02 -4.824156e-13  1.134628e+02  3.780835e+01 -7.099321e-15 
  459.000  8.186113e+02  1.723190e+02 -8.271220e-13  1.135734e+02  3.747880e+01 -1.275494e-13 
  460.000  8.123672e+02  1.692200e+02 -1.116404e-13  1.127071e+02  3.683421e+01  2.980209e-14 
  461.000  8.427218e+02  1.737175e+02  4.359667e-14  1.169184e+02  3.784310e+01 -3.808384e-14 
  462.000  8.298649e+02  1.692920e+02  4.390018e-15  1.151347e+02  3.690754e+01 -1.780995e-14 
  463.000  8.309281e+02  1.677550e+02  1.636971e-13  1.152822e+02  3.660019e+01  3.734806e-14 
  464.000  8.345701e+02  1.667632e+02 -1.102621e-13  1.157875e+02  3.641203e+01  7.121765e-15 
  465.000  8.232531e+02  1.628190e+02 -3.365562e-13  1.142174e+02  3.557778e+01 -9.803761e-14 
  466.000  8.501990e+02  1.664308e+02  4.790301e-13  1.179558e+02  3.639374e+01 -1.802310e-15 
  467.000  8.209962e+02  1.590735e+02 -3.990418e-14  1.139043e+02  3.480946e+01  8.675556e-15 
  468.000  8.698596e+02  1.668130e+02 -5.607599e-13  1.206835e+02  3.652679e+01 -4.584200e-14 
  469.000  8.628449e+02  1.637612e+02 -1.194497e-13  1.197103e+02  3.587919e+01  1.451886e-14 
  470.000  8.514924e+02  1.599303e+02  2.543671e-15  1.181353e+02  3.505739e+01  1.072431e-14 
  471.000  8.504059e+02  1.580576e+02 -9.083861e-14  1.179845e+02  3.466121e+01 -1.960146e-14 
  472.000  8.611711e+02  1.583782e+02 -1.798561e-13  1.194781e+02  3.474346e+01 -2.342359e-14 
  473.000  8.520524e+02  1.550436e+02  2.710780e-14  1.182130e+02  3.402071e+01  5.342505e-15 
  474.000  8.590807e+02  1.546584e+02 -7.112067e-14  1.191881e+02  3.394208e+01 -7.176089e-15 
  475.000  8.937191e+02  1.591249e+02  2.708040e-14  1.239938e+02  3.491808e+01  0.000000e+00 
  476.000  8.659087e+02  1.524235e+02  1.543730e-13  1.201354e+02  3.343349e+01  2.352447e-14 
  477.000  8.577979e+02  1.493395e+02 -7.804906e-14  1.190101e+02  3.275146e+01  0.000000e+00 
  478.000  9.009425e+02  1.553850e+02  6.446091e-14  1.249959e+02  3.411193e+01  3.755154e-15 
  479.000  8.611820e+02  1.472668e+02  1.075074e-13  1.194796e+02  3.238232e+01  1.607887e-14 
  480.000  8.793939e+02  1.491394e+02  5.268294e-14  1.220063e+02  3.285204e+01  0.000000e+00 
  481.000  8.751068e+02  1.471471e+02  3.949152e-14  1.214115e+02  3.246283e+01  1.978510e-14 
  482.000  8.943726e+02  1.490650e+02 -7.389042e-14  1.240844e+02  3.292873e+01 -1.281717e-14 
  483.000  8.961143e+02  1.480072e+02  2.362693e-13  1.243261e+02  3.273078e+01  6.399419e-14 
  484.000  8.622941e+02  1.411043e+02  8.069464e-15  1.196339e+02  3.123235e+01 -1.754380e-15 
  485.000  8.692127e+02  1.409031e+02 -1.623643e-13  1.205938e+02  3.121205e+01 -3.704399e-14 
  486.000  7.052127e+02  1.132421e+02  5.451957e-13  9.784057e+01  2.510265e+01  5.710037e-14 
  487.000  7.931495e+02  1.261624e+02  8.428828e-13  1.100408e+02  2.798553e+01  1.249037e-13 
  488.000  8.617398e+02  1.357796e+02 -6.575589e-14  1.195570e+02  3.013800e+01 -2.950269e-14 
  489.000  8.015594e+02  1.251074e+02 -1.721977e-13  1.112076e+02  2.778637e+01 -6.924299e-14 
  490.000  9.130938e+02  1.411764e+02 -5.946806e-13  1.266818e+02  3.137438e+01 -1.189463e-13 
  491.000  8.549072e+02  1.309364e+02 -8.624860e-13  1.186090e+02  2.911564e+01 -1.145631e-13 
  492.000  8.219781e+02  1.247095e+02 -4.630051e-13  1.140405e+02  2.774659e+01 -1.115862e-13 
  493.000  8.857450e+02  1.331254e+02  7.934430e-14  1.228875e+02  2.963567e+01  1.058999e-14 
  494.000  8.561172e+02  1.274686e+02 -2.230367e-13  1.187769e+02  2.839174e+01 -3.746373e-14 
  495.000  9.156578e+02  1.350635e+02  2.651935e-13  1.270375e+02  3.009977e+01  7.999443e-14 
  496.000  8.921517e+02  1.303680e+02  1.071435e-13  1.237763e+02  2.906845e+01  5.484779e-14 
  497.000  8.657902e+02  1.253403e+02  4.346878e-13  1.201189e+02  2.796205e+01  8.403507e-14 
  498.000  8.456811e+02  1.212952e+02 -4.625831e-13  1.173290e+02  2.707372e+01 -7.362239e-14 
  499.000  8.439717e+02  1.199301e+02 -3.435973e-13  1.170919e+02  2.678248e+01 -2.001618e-14 
  500.000  8.405826e+02  1.183471e+02  4.047235e-13  1.166217e+02  2.644212e+01  4.812575e-14 
  501.000  8.220411e+02  1.146704e+02  2.570885e-13  1.140492e+02  2.563296e+01  2.594028e-14 
  502.000  8.169555e+02  1.129154e+02 -2.313525e-13  1.133437e+02  2.525281e+01 -5.633638e-14 
  503.000  8.659719e+02  1.185957e+02  1.321532e-13  1.201441e+02  2.653591e+01  3.579405e-14 
  504.000  8.059822e+02  1.093727e+02  2.984390e-13  1.118212e+02  2.448367e+01  3.011255e-14 
  505.000  8.696198e+02  1.169330e+02 -3.187096e-13  1.206503e+02  2.618795e+01 -5.466966e-14 
  506.000  9.313928e+02  1.241124e+02 -1.338150e-13  1.292206e+02  2.780959e+01 -5.479464e-15 
  507.000  8.669958e+02  1.144955e+02  1.021240e-13  1.202862e+02  2.566747e+01  1.527374e-14 
  508.000  8.318440e+02  1.088723e+02 -3.704813e-13  1.154093e+02  2.441899e+01 -3.738163e-14 
  509.000  8.974164e+02  1.164083e+02 -6.689392e-14  1.245067e+02  2.612201e+01  3.500466e-15 
  510.000  8.699240e+02  1.118383e+02 -6.352503e-14  1.206925e+02  2.510843e+01  8.468096e-15 
  511.000  8.705223e+02  1.109210e+02 -1.203989e-15  1.207755e+02  2.491402e+01 -5.076106e-15 
  512.000  9.140071e+02  1.154300e+02  5.400004e-14  1.268085e+02  2.593868e+01  1.064253e-14 
  513.000  8.368362e+02  1.047509e+02 -2.605784e-13  1.161019e+02  2.354968e+01 -4.053619e-14 
  514.000  8.195737e+02  1.016864e+02 -1.874395e-13  1.137069e+02  2.287105e+01 -1.426989e-14 
  515.000  8.370000e+02  1.029365e+02 -7.436533e-15  1.161246e+02  2.316257e+01  1.616774e-15 
  516.000  8.794382e+02  1.072051e+02  4.561751e-14  1.220125e+02  2.413332e+01 -1.527025e-14 
  517.000  6.479514e+02  7.829142e+01 -6.100152e-14  8.989619e+01  1.763150e+01 -2.497894e-15 
  518.000  8.023552e+02  9.609685e+01  2.952850e-14  1.113180e+02  2.164985e+01 -1.545185e-15 
  519.000  7.602991e+02  9.026271e+01  9.323698e-14  1.054832e+02  2.034336e+01  3.510975e-14 
  520.000  8.372226e+02  9.852773e+01 -1.800477e-13  1.161555e+02  2.221472e+01 -3.701874e-14 
  521.000  8.378215e+02  9.773799e+01 -3.648086e-14  1.162386e+02  2.204474e+01 -2.253115e-14 
  522.000  8.711691e+02  1.007401e+02  8.525030e-14  1.208652e+02  2.272948e+01  1.839560e-14 
  523.000  8.116031e+02  9.302838e+01  7.716393e-14  1.126011e+02  2.099548e+01  7.785856e-15 
  524.000  8.806210e+02  1.000572e+02 -1.129912e-13  1.221766e+02  2.258837e+01 -2.870773e-14 
  525.000  8.736216e+02  9.839360e+01  8.893568e-15  1.212055e+02  2.221862e+01  3.349003e-15 
  526.000  8.326379e+02  9.296559e+01  6.890679e-14  1.155194e+02  2.099935e+01  3.030556e-14 
  527.000  7.273736e+02  8.050731e+01 -6.459996e-14  1.009151e+02  1.819014e+01 -1.671502e-14 
  528.000  8.735861e+02  9.585201e+01  7.225410e-14  1.212005e+02  2.166282e+01  3.177773e-14 
  529.000  8.983962e+02  9.772210e+01 -3.775606e-14  1.246427e+02  2.209119e+01 -1.891564e-14 
  530.000  8.489172e+02  9.154527e+01 -2.029826e-13  1.177780e+02  2.070035e+01 -2.761620e-14 
  531.000  9.240601e+02  9.879411e+01 -5.130309e-14  1.282032e+02  2.234552e+01  0.000000e+00 
  532.000  8.815966e+02  9.345306e+01  1.205589e-13  1.223119e+02  2.114393e+01  2.697437e-14 
  533.000  7.744662e+02  8.140868e+01  5.290225e-14  1.074487e+02  1.842563e+01  1.183658e-14 
  534.000  8.423971e+02  8.782095e+01 -1.923048e-13  1.168734e+02  1.988621e+01 -2.411023e-14 
  535.000  8.597520e+02  8.890254e+01 -9.974396e-14  1.192812e+02  2.014175e+01 -1.965791e-14 
  536.000  9.125549e+02  9.359694e+01 -1.610602e-13  1.266070e+02  2.121615e+01 -4.167377e-14 
  537.000  8.468557e+02  8.615109e+01 -2.461259e-13  1.174920e+02  1.953752e+01 -5.310989e-14 
  538.000  8.866881e+02  8.946554e+01  1.024869e-13  1.230183e+02  2.029775e+01  2.019851e-14 
  539.000  8.839539e+02  8.845947e+01 -7.893409e-14  1.226390e+02  2.007746e+01 -2.514412e-14 
  540.000  8.652426e+02  8.587772e+01 -8.239461e-14  1.200430e+02  1.949877e+01 -1.311351e-14 
  541.000  7.935746e+02  7.812029e+01  4.893263e-14  1.100998e+02  1.774390e+01  2.252980e-14 
  542.000  8.854105e+02  8.644845e+01 -5.216293e-14  1.228410e+02  1.964241e+01 -1.506850e-14 
  543.000  8.470988e+02  8.203284e+01  2.560607e-13  1.175257e+02  1.864545e+01  3.520930e-14 
  544.000  8.936395e+02  8.583334e+01  4.295890e-14  1.239827e+02  1.951554e+01 -2.530668e-14 
  545.000  8.804818e+02  8.387997e+01 -6.703875e-14  1.221572e+02  1.907734e+01 -1.162867e-14 
  546.000  8.610485e+02  8.136098e+01  1.275736e-13  1.194611e+02  1.851004e+01  8.117982e-15 
  547.000  8.977899e+02  8.414490e+01 -7.781787e-15  1.245586e+02  1.914931e+01  1.691836e-15 
  548.000  8.331564e+02  7.745510e+01  3.110219e-14  1.155914e+02  1.763218e+01  3.138217e-15 
  549.000  8.769922e+02  8.087218e+01 -1.244597e-13  1.216731e+02  1.841558e+01 -1.980838e-14 
  550.000  8.579708e+02  7.847980e+01 -1.622760e-13  1.190341e+02  1.787592e+01 -2.582702e-14 
  551.000  8.529261e+02  7.738805e+01 -4.769817e-14  1.183342e+02  1.763186e+01 -4.812754e-15 
  552.000  8.900433e+02  8.010564e+01 -2.428437e-14  1.234838e+02  1.825586e+01  0.000000e+00 
  553.000  8.554992e+02  7.637680e+01  6.604446e-14  1.186912e+02  1.741039e+01  1.608241e-14 
  554.000  8.837837e+02  7.826791e+01 -2.410245e-14  1.226153e+02  1.784576e+01  0.000000e+00 
  555.000  8.866071e+02  7.788831e+01 -1.727773e-13  1.230071e+02  1.776340e+01 -1.499406e-14 
  556.000  8.624872e+02  7.516258e+01  7.861114e-14  1.196607e+02  1.714566e+01  3.402931e-14 
  557.000  8.371695e+02  7.237104e+01 -5.012131e-14  1.161481e+02  1.651218e+01 -1.887391e-14 
  558.000  8.692489e+02  7.454224e+01  2.052194e-13  1.205988e+02  1.701080e+01  3.266169e-14 
  559.000  8.218785e+02  6.991562e+01  2.680108e-14  1.140267e+02  1.595779e+01  1.852968e-14 
  560.000  8.256995e+02  6.967644e+01  1.191899e-13  1.145568e+02  1.590541e+01  2.792736e-14 
  561.000  9.076689e+02  7.597652e+01  1.569312e-14  1.259292e+02  1.734539e+01 -3.411837e-15 
  562.000  8.327885e+02  6.911375e+01  1.203753e-13  1.155403e+02  1.577386e+01  2.820513e-14 
  563.000  8.713583e+02  7.172712e+01 -1.387556e-13  1.208914e+02  1.637053e+01 -1.640187e-14 
  564.000  8.590259e+02  7.012910e+01  6.299378e-14  1.191805e+02  1.600423e+01  1.618064e-15 
  565.000  8.687941e+02  7.032049e+01 -8.990079e-14  1.205357e+02  1.604213e+01 -1.147005e-14 
  566.000  8.011245e+02  6.432013e+01  3.906862e-14  1.111473e+02  1.467348e+01  1.058184e-14 
  567.000  8.577929e+02  6.821400e+01  2.587415e-14  1.190094e+02  1.554335e+01  9.743290e-15 
  568.000  8.485876e+02  6.652856e+01  8.634206e-15  1.177323e+02  1.508277e+01  3.251337e-15 
  569.000  8.158420e+02  6.287794e+01  8.198660e-15  1.131892e+02  1.413407e+01  1.206481e-15 
  570.000  8.231137e+02  6.300918e+01 -1.448865e-14  1.141981e+02  1.418167e+01 -2.855477e-15 
  571.000  8.057447e+02  6.160643e+01  0.000000e+00  1.117883e+02  1.395572e+01  0.000000e+00 
  572.000  8.407050e+02  6.334743e+01  2.976256e-14  1.166386e+02  1.426240e+01  4.450851e-15 
  573.000  8.532164e+02  6.389371e+01  3.369559e-14  1.183745e+02  1.441014e+01  8.544643e-15 
  574.000  8.498456e+02  6.317466e+01  1.484648e-14  1.179068e+02  1.425597e+01  2.926000e-15 
  575.000  8.286597e+02  6.108426e+01  1.003062e-14  1.149675e+02  1.377837e+01  2.354956e-15 
  576.000  8.138547e+02  5.951667e+01 -1.414119e-15  1.129135e+02  1.342369e+01 -1.835342e-15 
  577.000  8.513136e+02  6.186159e+01  8.743666e-15  1.181105e+02  1.397416e+01  3.292556e-15 
  578.000  8.312183e+02  6.016046e+01 -2.427695e-14  1.153225e+02  1.363375e+01 -4.784592e-15 
  579.000  8.283055e+02  5.964863e+01  1.678064e-14  1.149184e+02  1.354870e+01  6.318998e-15 
  580.000  8.593548e+02  6.152429e+01 -1.732825e-14  1.192261e+02  1.399654e+01 -6.525207e-15 
  581.000  8.479297e+02  6.043994e+01  1.697201e-14  1.176410e+02  1.378720e+01  6.391058e-15 
  582.000  8.630551e+02  6.115662e+01  1.151977e-15  1.197395e+02  1.397121e+01  4.856823e-15 
  583.000  8.700717e+02  6.121651e+01  5.822885e-14  1.207130e+02  1.399132e+01  1.302838e-14 
  584.000  8.682103e+02  6.064820e+01 -3.214895e-14  1.204547e+02  1.386700e+01 -3.243836e-15 
  585.000  8.630528e+02  5.983815e+01  6.497790e-14  1.197391e+02  1.368369e+01  1.127119e-14 
  586.000  8.265237e+02  5.687972e+01 -8.179487e-15  1.146712e+02  1.300922e+01 -3.080106e-15 
  587.000  8.536327e+02  5.809379e+01  1.768319e-14  1.184322e+02  1.324503e+01  4.556343e-15 
  588.000  8.216299e+02  5.483842e+01  1.229188e-14  1.139922e+02  1.236019e+01  8.744502e-16 
  589.000  6.970867e+02  4.565080e+01  1.234473e-14  9.671317e+01  1.015825e+01  2.324904e-15 
  590.000  7.259716e+02  4.715785e+01  2.360378e-15  1.007206e+02  1.048677e+01  8.888351e-16 
  591.000  7.950406e+02  5.164764e+01 -7.510750e-15  1.103032e+02  1.158331e+01 -2.129920e-15 
  592.000  7.678184e+02  4.932632e+01 -3.659021e-15  1.065264e+02  1.101615e+01 -1.722178e-15 
  593.000  8.027723e+02  5.164788e+01 -1.641726e-14  1.113759e+02  1.165138e+01 -4.353653e-15 
  594.000  8.043532e+02  5.125740e+01  9.255345e-15  1.115952e+02  1.153691e+01  9.276174e-16 
  595.000  7.706696e+02  4.846287e+01 -5.462047e-15  1.069220e+02  1.083554e+01 -1.712701e-15 
  596.000  8.172233e+02  5.148106e+01 -1.030846e-14  1.133808e+02  1.162951e+01 -2.027552e-15 
  597.000  8.142239e+02  5.081650e+01  8.132639e-15  1.129647e+02  1.145589e+01  1.196766e-15 
  598.000  8.090077e+02  5.035093e+01  4.551437e-14  1.122410e+02  1.140710e+01  3.479141e-15 
  599.000  8.142460e+02  5.042704e+01 -1.898496e-14  1.129677e+02  1.145260e+01 -5.330823e-15 
  600.000  8.249144e+02  5.101287e+01  2.504005e-14  1.144479e+02  1.165069e+01  5.805115e-15 
  601.000  8.274210e+02  5.101630e+01 -3.854272e-14  1.147956e+02  1.169889e+01 -6.134263e-15 
  602.000  8.209948e+02  5.036610e+01 -5.313535e-14  1.139041e+02  1.157238e+01 -7.581335e-15 
  603.000  8.286884e+02  5.057905e+01  1.510283e-14  1.149715e+02  1.164284e+01  1.523878e-15 
  604.000  8.574092e+02  5.204356e+01 -3.223828e-14  1.189562e+02  1.199760e+01 -7.850309e-15 
  605.000  8.567991e+02  5.167830e+01  1.550756e-14  1.188715e+02  1.192303e+01  1.564716e-15 
  606.000  8.477670e+02  5.078316e+01  1.099834e-15  1.176184e+02  1.172074e+01  4.636984e-15 
  607.000  8.438644e+02  5.020181e+01 -6.089697e-14  1.170770e+02  1.159038e+01 -6.144515e-15 
  608.000  8.414943e+02  4.971167e+01 -3.844586e-14  1.167481e+02  1.147992e+01 -6.118848e-15 
  609.000  8.335278e+02  4.889630e+01 -5.518450e-14  1.156429e+02  1.129389e+01 -1.664616e-14 
  610.000  8.208216e+02  4.781380e+01 -8.850044e-14  1.138801e+02  1.104593e+01 -8.929711e-15 
  611.000  8.347987e+02  4.828729e+01  1.498028e-14  1.158192e+02  1.115720e+01  1.511513e-15 
  612.000  8.245601e+02  4.736081e+01  9.078074e-14  1.143987e+02  1.094482e+01  1.789141e-14 
  613.000  8.131087e+02  4.637523e+01 -1.252628e-13  1.128100e+02  1.071849e+01 -1.908845e-14 
  614.000  7.843007e+02  4.441775e+01  4.407149e-14  1.088132e+02  1.026723e+01  1.273110e-14 
  615.000  8.224368e+02  4.625088e+01  7.446926e-14  1.141041e+02  1.069218e+01  1.185215e-14 
  616.000  7.824903e+02  4.369518e+01  4.933835e-14  1.085620e+02  1.010226e+01  7.039582e-15 
  617.000  7.873798e+02  4.365790e+01  7.764515e-14  1.092403e+02  1.009420e+01  9.906409e-15 
  618.000  8.249244e+02  4.541503e+01  6.870397e-14  1.144493e+02  1.050059e+01  1.777691e-14 
  619.000  8.176796e+02  4.469411e+01 -6.026149e-14  1.134441e+02  1.033344e+01 -1.467421e-14 
  620.000  8.300366e+02  4.504384e+01  5.428916e-14  1.151585e+02  1.041351e+01  1.637608e-14 
  621.000  8.445151e+02  4.549796e+01 -1.500553e-14  1.171673e+02  1.051709e+01 -1.514061e-15 
  622.000  8.000680e+02  4.278910e+01 -2.842392e-14  1.110007e+02  9.889046e+00 -2.867978e-15 
  623.000  8.062988e+02  4.280328e+01 -1.432254e-14  1.118652e+02  9.889482e+00 -1.445147e-15 
  624.000  8.071616e+02  4.253348e+01 -2.202061e-14  1.119849e+02  9.824456e+00 -4.339903e-15 
  625.000  7.852246e+02  4.107153e+01 -2.789684e-14  1.089413e+02  9.483827e+00 -2.814797e-15 
  626.000  7.879715e+02  4.086780e+01 -4.959309e-14  1.093224e+02  9.425736e+00 -7.075929e-15 
  627.000  7.934545e+02  4.058769e+01 -2.683435e-16  1.100832e+02  9.307396e+00  1.195224e-15 
  628.000  7.676956e+02  3.850110e+01  9.092038e-16  1.065094e+02  8.731434e+00  1.045709e-15 
  629.000  7.933067e+02  3.971492e+01 -4.999624e-15  1.100626e+02  9.047027e+00 -1.201568e-15 
  630.000  7.744385e+02  3.867687e+01  2.752973e-15  1.074449e+02  8.848058e+00 -9.314099e-16 
  631.000  8.062548e+02  4.009971e+01 -6.629885e-15  1.118590e+02  9.194908e+00 -9.932939e-16 
  632.000  7.444831e+02  3.661581e+01 -1.342330e-14  1.032889e+02  8.362180e+00 -1.684940e-15 
  633.000  8.085939e+02  3.975386e+01  1.352668e-14  1.121836e+02  9.131379e+00  1.834073e-15 
  634.000  7.873796e+02  3.852240e+01  0.000000e+00  1.092403e+02  8.864135e+00  0.000000e+00 
  635.000  8.021714e+02  3.897916e+01 -7.628534e-15  1.112925e+02  8.969272e+00 -2.872636e-15 
  636.000  7.760232e+02  3.751436e+01  4.210725e-14  1.076647e+02  8.644089e+00  8.298653e-15 
  637.000  8.032541e+02  3.860817e+01  1.414008e-14  1.114427e+02  8.903963e+00  1.426737e-15 
  638.000  8.204753e+02  3.932218e+01  5.617702e-15  1.138320e+02  9.097781e+00 -5.779457e-15 
  639.000  8.144068e+02  3.877706e+01 -7.603164e-15  1.129901e+02  8.973591e+00 -2.863083e-15 
  640.000  7.914376e+02  3.750613e+01 -4.213582e-14  1.098033e+02  8.694068e+00 -8.304284e-15 
  641.000  8.033649e+02  3.781743e+01 -8.448890e-15  1.114581e+02  8.766812e+00 -7.014163e-15 
  642.000  7.956156e+02  3.725493e+01 -1.371807e-14  1.103830e+02  8.646705e+00 -1.384156e-15 
  643.000  8.070061e+02  3.743385e+01  2.045139e-14  1.119633e+02  8.669517e+00  0.000000e+00 
  644.000  7.981357e+02  3.677554e+01  0.000000e+00  1.107326e+02  8.517428e+00  0.000000e+00 
  645.000  8.011907e+02  3.656461e+01 -2.243882e-16  1.111565e+02  8.447105e+00  1.174026e-15 
  646.000  7.531262e+02  3.378064e+01 -2.161173e-14  1.044880e+02  7.726830e+00 -5.974530e-15 
  647.000  7.512019e+02  3.329903e+01 -1.207569e-15  1.042211e+02  7.575313e+00 -4.547277e-16 
  648.000  7.363776e+02  3.227817e+01 -9.764298e-15  1.021643e+02  7.305132e+00 -1.152304e-15 
  649.000  7.631750e+02  3.336375e+01 -2.630837e-15  1.058822e+02  7.584912e+00  9.370431e-16 
  650.000  7.291561e+02  3.198988e+01  2.292722e-14  1.011625e+02  7.349570e+00  4.518581e-15 
  651.000  7.856171e+02  3.423975e+01 -3.620526e-14  1.089958e+02  7.866539e+00 -6.362404e-15 
  652.000  7.504072e+02  3.220357e+01 -1.893083e-14  1.041108e+02  7.331198e+00 -2.745060e-15 
  653.000  7.895217e+02  3.401913e+01  1.211957e-15  1.095375e+02  7.829074e+00  4.563802e-16 
  654.000  7.768307e+02  3.320610e+01 -7.257136e-15  1.077768e+02  7.631803e+00 -2.732781e-15 
  655.000  7.481656e+02  3.163957e+01  2.400342e-14  1.037998e+02  7.241724e+00  3.566001e-15 
  656.000  6.378380e+02  2.683532e+01  1.120635e-14  8.849307e+01  6.150906e+00  5.009588e-15 
  657.000  6.850981e+02  2.870339e+01 -2.224288e-14  9.504988e+01  6.594497e+00 -1.211757e-15 
  658.000  7.712778e+02  3.225307e+01 -1.849205e-14  1.070064e+02  7.442520e+00 -4.825518e-15 
  659.000  7.779983e+02  3.242347e+01  5.260979e-14  1.079388e+02  7.502822e+00  3.640076e-15 
  660.000  7.863646e+02  3.260663e+01 -4.447467e-14  1.090995e+02  7.554851e+00 -9.078183e-15 
  661.000  7.959255e+02  3.293037e+01 -6.244080e-15  1.104260e+02  7.658416e+00  1.357524e-15 
  662.000  8.102681e+02  3.338612e+01 -2.092985e-14  1.124158e+02  7.779451e+00 -4.124932e-15 
  663.000  8.009088e+02  3.276710e+01  5.583365e-14  1.111173e+02  7.631614e+00  1.359599e-14 
  664.000  7.894167e+02  3.211688e+01  3.360097e-14  1.095230e+02  7.485605e+00  5.347760e-15 
  665.000  7.938438e+02  3.210995e+01  0.000000e+00  1.101372e+02  7.488051e+00  0.000000e+00 
  666.000  8.047147e+02  3.237103e+01 -5.572234e-14  1.116454e+02  7.554779e+00 -1.356889e-14 
  667.000  7.897181e+02  3.158465e+01  5.167258e-15  1.095648e+02  7.375236e+00 -5.316043e-15 
  668.000  7.954905e+02  3.164117e+01 -6.902737e-14  1.103656e+02  7.394022e+00 -1.869625e-14 
  669.000  8.076898e+02  3.193473e+01  1.630784e-14  1.120581e+02  7.465306e+00  1.353856e-14 
  670.000  7.986073e+02  3.138234e+01  1.921687e-13  1.107980e+02  7.337831e+00  4.679479e-14 
  671.000  7.908036e+02  3.088808e+01  1.198126e-13  1.097154e+02  7.224314e+00  1.983210e-14 
  672.000  7.887298e+02  3.061706e+01  1.314856e-13  1.094277e+02  7.162134e+00  1.712405e-14 
  673.000  7.948622e+02  3.066455e+01  2.234221e-13  1.102785e+02  7.174345e+00  2.254333e-14 
  674.000  7.968782e+02  3.055258e+01  2.537930e-14  1.105582e+02  7.149201e+00 -1.328063e-15 
  675.000  7.851743e+02  2.991857e+01  1.591843e-13  1.089344e+02  7.001905e+00  3.137263e-14 
  676.000  8.004323e+02  3.031173e+01 -1.178023e-13  1.110512e+02  7.094834e+00 -7.987902e-15 
  677.000  7.849265e+02  2.954146e+01 -3.306054e-13  1.089000e+02  6.915443e+00 -6.391357e-14 
  678.000  7.983345e+02  2.986152e+01 -1.604635e-13  1.107602e+02  6.991306e+00 -2.783429e-14 
  679.000  7.872694e+02  2.926172e+01  2.775251e-14  1.092250e+02  6.850802e+00  1.045061e-14 
  680.000  7.806713e+02  2.881303e+01 -7.800910e-14  1.083096e+02  6.741870e+00 -1.166709e-14 
  681.000  7.809317e+02  2.861826e+01  5.330361e-14  1.083457e+02  6.691945e+00  1.297990e-14 
  682.000  7.792336e+02  2.837086e+01 -1.191246e-14  1.081102e+02  6.632925e+00  2.589885e-15 
  683.000  7.841917e+02  2.835929e+01  8.536679e-14  1.087980e+02  6.627687e+00  1.433916e-14 
  684.000  7.686800e+02  2.758176e+01  2.629654e-14  1.066460e+02  6.437914e+00  6.403441e-15 
  685.000  7.787302e+02  2.779935e+01  1.282489e-14  1.080403e+02  6.494515e+00  1.294034e-15 
  686.000  7.422250e+02  2.625661e+01  6.594176e-15  1.029756e+02  6.120520e+00  2.483133e-15 
  687.000  6.238209e+02  2.123006e+01  6.029570e-15  8.654835e+01  4.786608e+00  6.097009e-16 
  688.000  6.623937e+02  2.254455e+01 -1.432193e-14  9.189990e+01  5.122693e+00 -2.117546e-15 
  689.000  6.520264e+02  2.201336e+01 -3.815012e-15  9.046154e+01  4.989131e+00 -1.436599e-15 
  690.000  6.754057e+02  2.273376e+01 -6.218065e-15  9.370517e+01  5.173939e+00 -2.947050e-15 
  691.000  7.005307e+02  2.353062e+01 -1.553400e-14  9.719099e+01  5.381480e+00 -4.207425e-15 
  692.000  7.029776e+02  2.348974e+01  8.959343e-15  9.753047e+01  5.376482e+00  2.763485e-15 
  693.000  6.766285e+02  2.229608e+01  6.965905e-15  9.387482e+01  5.053631e+00  8.620762e-16 
  694.000  6.532440e+02  2.125201e+01  2.581425e-16  9.063047e+01  4.777145e+00 -5.612268e-17 
  695.000  6.586190e+02  2.136935e+01 -4.896522e-15  9.137620e+01  4.823500e+00 -9.625985e-16 
  696.000  6.769263e+02  2.188188e+01 -1.744630e-15  9.391612e+01  4.953547e+00 -6.534619e-16 
  697.000  7.301577e+02  2.380791e+01 -1.282015e-14  1.013014e+02  5.480963e+00 -6.652542e-16 
  698.000  7.052628e+02  2.275735e+01  0.000000e+00  9.784750e+01  5.215651e+00  0.000000e+00 
  699.000  6.709357e+02  2.127516e+01  4.387019e-15  9.308500e+01  4.808854e+00  7.597914e-16 
  700.000  6.703034e+02  2.115385e+01  9.782538e-16  9.299728e+01  4.789704e+00 -2.126819e-16 
  701.000  6.450873e+02  2.019489e+01 -1.961222e-15  8.949882e+01  4.560608e+00 -7.385271e-16 
  702.000  6.490686e+02  2.022895e+01  5.084635e-15  9.005119e+01  4.577222e+00  2.000348e-16 
  703.000  6.964639e+02  2.177435e+01  1.253398e-14  9.662676e+01  4.982778e+00  2.972219e-15 
  704.000  7.000797e+02  2.176981e+01 -1.081243e-14  9.712842e+01  4.984931e+00 -2.332843e-15 
  705.000  6.892363e+02  2.121472e+01 -6.878795e-15  9.562400e+01  4.833477e+00 -5.376789e-16 
  706.000  6.849670e+02  2.097533e+01 -5.234769e-15  9.503168e+01  4.783692e+00 -5.318418e-16 
  707.000  6.801904e+02  2.073686e+01 -6.107028e-15  9.436900e+01  4.737876e+00 -3.008192e-16 
  708.000  7.061565e+02  2.143961e+01 -8.102238e-17  9.797150e+01  4.908630e+00 -6.289177e-16 
  709.000  6.934251e+02  2.101778e+01 -2.241776e-15  9.620517e+01  4.834310e+00 -8.441738e-16 
  710.000  6.957380e+02  2.086875e+01  1.224701e-16  9.652605e+01  4.776572e+00 -1.687265e-15 
  711.000  7.022953e+02  2.103523e+01  8.492153e-15  9.743580e+01  4.838358e+00  2.081114e-15 
  712.000  7.039915e+02  2.106278e+01  4.012927e-15  9.767113e+01  4.868083e+00 -1.775802e-16 
  713.000  6.914186e+02  2.047762e+01  2.910285e-15  9.592679e+01  4.713171e+00 -1.349466e-17 
  714.000  6.995719e+02  2.056532e+01  1.906977e-14  9.705797e+01  4.726092e+00  3.758342e-15 
  715.000  6.596657e+02  1.917312e+01  9.886208e-15  9.152142e+01  4.380151e+00  4.169350e-16 
  716.000  6.599929e+02  1.896800e+01  1.345152e-15  9.156681e+01  4.307170e+00  1.355285e-15 
  717.000  5.483981e+02  1.516989e+01  1.503399e-15  7.608425e+01  3.330083e+00  1.516932e-16 
  718.000  4.914217e+02  1.309872e+01 -1.115401e-15  6.817940e+01  2.779658e+00 -2.136968e-16 
  719.000  4.669503e+02  1.225187e+01 -3.965749e-16  6.478425e+01  2.566450e+00 -1.493361e-16 
  720.000  4.442257e+02  1.146958e+01  0.000000e+00  6.163147e+01  2.364243e+00  0.000000e+00 
  721.000  5.661793e+02  1.546156e+01 -6.618537e-16  7.855119e+01  3.428406e+00 -2.492307e-16 
  722.000  6.230198e+02  1.715862e+01  1.618722e-15  8.643720e+01  3.864067e+00  6.095537e-16 
  723.000  5.936494e+02  1.614828e+01  3.082944e-17  8.236236e+01  3.608504e+00 -4.023615e-16 
  724.000  5.216585e+02  1.360436e+01 -6.899439e-17  7.237442e+01  2.931935e+00 -2.598085e-17 
  725.000  5.260099e+02  1.371364e+01 -4.009057e-16  7.297813e+01  2.972950e+00 -1.509669e-16 
  726.000  5.217399e+02  1.349943e+01  8.001120e-16  7.238571e+01  2.921038e+00  3.012939e-16 
  727.000  5.398372e+02  1.397050e+01  0.000000e+00  7.489651e+01  3.041873e+00  0.000000e+00 
  728.000  5.195950e+02  1.328685e+01  7.980113e-16  7.208813e+01  2.874544e+00  3.005028e-16 
  729.000  5.257266e+02  1.358159e+01  5.979523e-16  7.293883e+01  2.986107e+00 -1.687344e-16 
  730.000  5.406326e+02  1.385724e+01  7.942614e-16  7.500687e+01  3.040735e+00  2.990907e-16 
  731.000  5.263597e+02  1.337803e+01 -2.570305e-16  7.302666e+01  2.928044e+00 -6.257645e-17 
  732.000  5.845513e+02  1.511840e+01  2.830922e-15  8.110012e+01  3.383283e+00  2.483233e-16 
  733.000  6.239073e+02  1.625053e+01  1.892784e-15  8.656033e+01  3.689978e+00 -9.151429e-17 
  734.000  6.614398e+02  1.724116e+01  7.572848e-15  9.176756e+01  3.945532e+00  1.496983e-15 
  735.000  6.476832e+02  1.675536e+01 -1.065485e-15  8.985897e+01  3.825184e+00 -4.012240e-16 
  736.000  6.202186e+02  1.590249e+01  1.058403e-15  8.604856e+01  3.615114e+00  3.985573e-16 
  737.000  6.401874e+02  1.636587e+01  1.236231e-17  8.881902e+01  3.733277e+00  4.655208e-18 
  738.000  6.547845e+02  1.671682e+01  1.068308e-15  9.084420e+01  3.833339e+00  4.022870e-16 
  739.000  6.404875e+02  1.629856e+01  3.167887e-15  8.886066e+01  3.747357e+00 -3.676574e-16 
  740.000  6.621099e+02  1.686159e+01 -2.451393e-17  9.186053e+01  3.902354e+00 -5.454954e-16 
  741.000  6.658409e+02  1.694029e+01 -3.163768e-14  9.237817e+01  3.937904e+00 -5.137303e-15 
  742.000  6.585991e+02  1.669856e+01 -1.624898e-14  9.137344e+01  3.889489e+00 -3.048524e-15 
  743.000  6.864003e+02  1.739788e+01 -8.759214e-15  9.523055e+01  4.071201e+00  1.036340e-15 
  744.000  6.965020e+02  1.759222e+01  1.117702e-14  9.663205e+01  4.124500e+00  1.127764e-15 
  745.000  6.812126e+02  1.714869e+01  5.832820e-15  9.451083e+01  4.028000e+00  2.196434e-15 
  746.000  6.929252e+02  1.737633e+01  0.000000e+00  9.613581e+01  4.087286e+00  0.000000e+00 
  747.000  7.041532e+02  1.756350e+01 -5.200260e-15  9.769357e+01  4.132211e+00  1.130587e-15 
  748.000  6.929704e+02  1.721219e+01  0.000000e+00  9.614208e+01  4.054159e+00  0.000000e+00 
  749.000  6.939396e+02  1.715002e+01 -2.120336e-14  9.627655e+01  4.041430e+00  1.109542e-15 
  750.000  6.830204e+02  1.677367e+01  6.579107e-14  9.476163e+01  3.950485e+00  9.839754e-15 
  751.000  6.814637e+02  1.664350e+01  0.000000e+00  9.454565e+01  3.920104e+00  0.000000e+00 
  752.000  6.935203e+02  1.686530e+01 -1.206610e-13  9.621837e+01  3.976402e+00 -1.217472e-14 
  753.000  6.875814e+02  1.663535e+01  1.117599e-13  9.539442e+01  3.923588e+00  2.411593e-14 
  754.000  6.987836e+02  1.681738e+01 -4.547174e-13  9.694860e+01  3.967445e+00 -5.566012e-14 
  755.000  6.949735e+02  1.663437e+01 -2.666173e-14  9.641999e+01  3.924548e+00 -2.213424e-14 
  756.000  6.815851e+02  1.622531e+01  9.445762e-14  9.456249e+01  3.828367e+00  0.000000e+00 
  757.000  6.867075e+02  1.625758e+01 -3.793493e-14  9.527316e+01  3.836123e+00 -2.622738e-14 
  758.000  6.845201e+02  1.609951e+01 -4.563235e-14  9.496970e+01  3.795802e+00 -1.419941e-14 
  759.000  6.027623e+02  1.372311e+01  7.952017e-15  8.362668e+01  3.158290e+00  1.099508e-15 
  760.000  1.767646e+02  3.402063e+00  8.415690e-17  2.452415e+01  6.236541e-01  3.169051e-17 
  761.000  1.467603e+02  2.737050e+00 -4.222493e-17  2.036139e+01  4.768052e-01 -1.590042e-17 
  762.000  3.519635e+02  7.251969e+00 -6.113480e-16  4.883109e+01  1.517875e+00 -6.168513e-17 
  763.000  2.880669e+02  5.793408e+00 -3.376551e-16  3.996613e+01  1.170268e+00 -1.271490e-16 
  764.000  3.247035e+02  6.554843e+00 -6.149415e-16  4.504907e+01  1.347618e+00 -5.761770e-17 
  765.000  4.127715e+02  8.503459e+00 -2.034755e-15  5.726755e+01  1.824226e+00 -4.183227e-16 
  766.000  4.991680e+02  1.079050e+01  1.887507e-18  6.925411e+01  2.443716e+00  7.107686e-19 
  767.000  5.627188e+02  1.222413e+01 -4.781265e-15  7.807110e+01  2.802254e+00 -4.782364e-16 
  768.000  6.236579e+02  1.360036e+01  9.107441e-15  8.652573e+01  3.150099e+00  1.214854e-15 
  769.000  6.469265e+02  1.417908e+01 -2.589678e-14  8.975397e+01  3.315490e+00 -8.013337e-15 
  770.000  6.562189e+02  1.439736e+01 -2.191916e-15  9.104321e+01  3.384437e+00  1.221370e-15 
  771.000  6.628439e+02  1.452038e+01 -1.602891e-14  9.196236e+01  3.423947e+00 -3.159038e-15 
  772.000  6.617623e+02  1.443290e+01  2.152790e-14  9.181230e+01  3.405990e+00  5.242234e-15 
  773.000  6.597088e+02  1.431649e+01  8.117780e-15  9.152739e+01  3.379630e+00 -8.351521e-15 
  774.000  6.674008e+02  1.441171e+01 -7.241500e-14  9.259457e+01  3.403257e+00 -4.218518e-15 
  775.000  6.427764e+02  1.380998e+01  4.022831e-14  8.917820e+01  3.262019e+00  4.059045e-15 
  776.000  6.696420e+02  1.431408e+01  3.185972e-13  9.290552e+01  3.381870e+00  5.070632e-14 
  777.000  6.650325e+02  1.413880e+01 -5.123696e-14  9.226601e+01  3.340369e+00 -2.098054e-15 
  778.000  6.613344e+02  1.398206e+01 -4.210832e-14  9.175292e+01  3.302822e+00 -7.304187e-15 
  779.000  6.633617e+02  1.394721e+01  1.261066e-14  9.203419e+01  3.294094e+00  1.046921e-14 
  780.000  6.551150e+02  1.369881e+01 -4.648463e-14  9.089006e+01  3.235166e+00 -6.204250e-15 
  781.000  6.546675e+02  1.362416e+01  8.760553e-15  9.082796e+01  3.218983e+00 -5.160759e-15 
  782.000  6.624130e+02  1.370903e+01  3.735241e-14  9.190259e+01  3.238497e+00  8.357391e-15 
  783.000  6.468909e+02  1.331515e+01  4.693135e-15  8.974905e+01  3.145189e+00 -1.020333e-15 
  784.000  6.499735e+02  1.329968e+01 -1.635167e-14  9.017673e+01  3.140073e+00 -6.157460e-15 
  785.000  6.487973e+02  1.316784e+01  3.608364e-14  9.001354e+01  3.101938e+00  5.148403e-15 
  786.000  6.333088e+02  1.273798e+01  4.793755e-14  8.786469e+01  2.991373e+00  5.891217e-15 
  787.000  6.326825e+02  1.256298e+01 -4.805783e-15  8.777779e+01  2.931102e+00 -9.660576e-16 
  788.000  6.179800e+02  1.216389e+01 -8.308871e-16  8.573798e+01  2.829006e+00  9.081061e-16 
  789.000  6.032759e+02  1.170231e+01  4.216500e-16  8.369794e+01  2.696378e+00 -9.167080e-17 
  790.000  5.955213e+02  1.148291e+01 -4.691125e-16  8.262209e+01  2.643777e+00 -1.766512e-16 
  791.000  5.957862e+02  1.144321e+01 -1.387536e-14  8.265883e+01  2.638539e+00 -2.532186e-15 
  792.000  5.894480e+02  1.127817e+01  5.123743e-15  8.177947e+01  2.604366e+00  1.929421e-15 
  793.000  5.961130e+02  1.138808e+01 -6.219740e-16  8.270416e+01  2.639578e+00  1.087071e-15 
  794.000  6.052274e+02  1.161734e+01  0.000000e+00  8.396869e+01  2.717629e+00  0.000000e+00 
  795.000  5.925925e+02  1.124140e+01 -1.724500e-15  8.221574e+01  2.614160e+00 -1.125204e-15 
  796.000  5.777631e+02  1.077548e+01  4.343312e-15  8.015832e+01  2.475412e+00  3.079553e-16 
  797.000  5.884603e+02  1.094656e+01 -9.539465e-15  8.164244e+01  2.522235e+00 -2.258045e-15 
  798.000  6.046216e+02  1.127594e+01 -1.047554e-14  8.388465e+01  2.618781e+00 -1.770249e-15 
  799.000  6.004888e+02  1.111807e+01  1.000226e-14  8.331128e+01  2.576996e+00  2.435639e-15 
  800.000  5.736061e+02  1.050794e+01 -9.425226e-15  7.958157e+01  2.421845e+00 -9.510072e-16 
  801.000  5.855859e+02  1.067777e+01  4.078720e-16  8.124365e+01  2.462457e+00 -8.867532e-17 
  802.000  5.832814e+02  1.057569e+01  4.791022e-15  8.092392e+01  2.437607e+00  4.834150e-16 
  803.000  5.765586e+02  1.040731e+01  5.060037e-15  7.999121e+01  2.400638e+00  1.905431e-15 
  804.000  5.871486e+02  1.057029e+01 -2.634668e-14  8.146046e+01  2.444623e+00 -3.361460e-15 
  805.000  5.811267e+02  1.046682e+01  4.903342e-15  8.062498e+01  2.434129e+00  1.846426e-15 
  806.000  6.030730e+02  1.084995e+01 -1.241159e-14  8.366981e+01  2.532609e+00 -3.367011e-15 
  807.000  5.997269e+02  1.073604e+01 -7.773870e-15  8.320557e+01  2.506373e+00 -3.295049e-16 
  808.000  5.925057e+02  1.052687e+01  6.277694e-15  8.220368e+01  2.452124e+00  1.072149e-15 
  809.000  5.781643e+02  1.019136e+01  1.895642e-15  8.021399e+01  2.367835e+00 -5.570660e-16 
  810.000  5.707911e+02  9.981827e+00 -3.691565e-15  7.919104e+01  2.312835e+00 -1.239666e-16 
  811.000  5.701173e+02  9.871564e+00  2.181325e-15  7.909756e+01  2.275973e+00 -4.669038e-16 
  812.000  5.549984e+02  9.511686e+00 -2.904103e-16  7.699997e+01  2.180281e+00  5.337723e-16 
  813.000  5.367507e+02  9.109264e+00 -1.482161e-15  7.446829e+01  2.075671e+00 -5.581294e-16 
  814.000  5.153755e+02  8.658004e+00  2.102174e-15  7.150272e+01  1.959579e+00  7.916044e-16 
  815.000  4.848179e+02  8.039390e+00 -1.134559e-16  6.726320e+01  1.803345e+00 -4.272348e-17 
  816.000  4.503899e+02  7.318698e+00 -3.078493e-16  6.248668e+01  1.618246e+00 -1.159251e-16 
  817.000  4.543728e+02  7.349333e+00  0.000000e+00  6.303927e+01  1.625591e+00  0.000000e+00 
  818.000  4.539079e+02  7.314635e+00 -3.076874e-16  6.297476e+01  1.619941e+00 -1.158642e-16 
  819.000  4.514758e+02  7.281615e+00  3.863233e-16  6.263734e+01  1.621559e+00  1.736690e-16 
  820.000  4.752723e+02  7.721664e+00 -1.552906e-15  6.593884e+01  1.741741e+00 -6.399013e-16 
  821.000  5.309156e+02  8.660054e+00  9.846543e-16  7.365874e+01  1.978113e+00  3.707860e-16 
  822.000  4.862909e+02  7.837994e+00 -4.767729e-16  6.746756e+01  1.772941e+00 -1.795358e-16 
  823.000  4.146793e+02  6.403325e+00  2.742647e-17  5.753222e+01  1.394629e+00  1.032784e-17 
  824.000  4.873879e+02  7.757259e+00 -1.130099e-15  6.761975e+01  1.748515e+00 -1.144384e-16 
  825.000  5.323856e+02  8.521868e+00 -1.655498e-15  7.386269e+01  1.949110e+00 -6.234020e-16 
  826.000  5.281857e+02  8.400876e+00  4.199711e-16  7.328000e+01  1.917218e+00  4.402239e-17 
  827.000  5.205616e+02  8.226949e+00 -1.261616e-15  7.222224e+01  1.873884e+00  1.464089e-16 
  828.000  4.895268e+02  7.648196e+00 -6.029998e-16  6.791650e+01  1.726498e+00 -2.270684e-16 
  829.000  4.998489e+02  7.788998e+00 -2.180945e-16  6.934858e+01  1.763726e+00 -8.212670e-17 
  830.000  5.038613e+02  7.833280e+00  0.000000e+00  6.990526e+01  1.780328e+00  0.000000e+00 
  831.000  4.978869e+02  7.708864e+00  0.000000e+00  6.907637e+01  1.754010e+00  0.000000e+00 
  832.000  5.096432e+02  7.859482e+00 -1.401270e-15  7.070742e+01  1.790057e+00 -5.276689e-16 
  833.000  5.006512e+02  7.697308e+00  6.030340e-15  6.945989e+01  1.757552e+00  4.937647e-16 
  834.000  5.163113e+02  7.919324e+00 -4.986999e-18  7.163255e+01  1.814149e+00  1.084222e-18 
  835.000  5.334434e+02  8.193354e+00 -2.761201e-15  7.400946e+01  1.890687e+00 -1.039771e-15 
  836.000  5.345665e+02  8.154004e+00  4.397870e-15  7.416526e+01  1.877332e+00  4.405330e-16 
  837.000  5.297323e+02  8.041012e+00  4.874397e-16  7.349457e+01  1.851277e+00 -3.722883e-17 
  838.000  5.394400e+02  8.175883e+00  1.198123e-15  7.484141e+01  1.889414e+00  2.298922e-16 
  839.000  5.272232e+02  7.971371e+00  6.932885e-15  7.314646e+01  1.846905e+00  1.441091e-15 
  840.000  5.430386e+02  8.178069e+00  4.331954e-15  7.534069e+01  1.896621e+00  4.307487e-16 
  841.000  5.394777e+02  8.063640e+00  7.300515e-16  7.484664e+01  1.865039e+00  7.162769e-16 
  842.000  5.405695e+02  8.059793e+00  0.000000e+00  7.499812e+01  1.868770e+00  0.000000e+00 
  843.000  5.473646e+02  8.177009e+00 -1.574365e-15  7.594087e+01  1.908463e+00 -1.588537e-16 
  844.000  5.430206e+02  8.103036e+00 -7.313407e-15  7.533818e+01  1.897625e+00 -1.590088e-15 
  845.000  5.534802e+02  8.234230e+00  1.713720e-14  7.678934e+01  1.931508e+00  3.226559e-15 
  846.000  5.607347e+02  8.318665e+00 -3.471220e-15  7.779581e+01  1.954781e+00 -1.165672e-16 
  847.000  5.438623e+02  8.048137e+00  3.617834e-14  7.545496e+01  1.895000e+00  7.038770e-15 
  848.000  5.556871e+02  8.150999e+00  8.637309e-15  7.709550e+01  1.912795e+00  3.252505e-15 
  849.000  5.571957e+02  8.136868e+00  8.799492e-15  7.730483e+01  1.910171e+00  2.561912e-15 
  850.000  4.799594e+02  6.962034e+00  1.816917e-14  6.658912e+01  1.631728e+00  3.112881e-15 
  851.000  5.474337e+02  7.885985e+00  3.431721e-15  7.595045e+01  1.844880e+00  2.468930e-15 
  852.000  5.268790e+02  7.554442e+00 -6.054093e-15  7.309870e+01  1.767576e+00 -8.450035e-16 
  853.000  5.367809e+02  7.685366e+00  9.299637e-15  7.447249e+01  1.803606e+00  4.226554e-15 
  854.000  4.313885e+02  6.145437e+00  1.460108e-15  5.985044e+01  1.441967e+00 -7.062505e-16 
  855.000  4.765646e+02  6.768569e+00  8.864486e-15  6.611813e+01  1.590662e+00  6.745515e-16 
  856.000  5.445684e+02  7.724778e+00  2.280762e-15  7.555292e+01  1.821020e+00  8.588544e-16 
  857.000  5.549018e+02  7.849154e+00 -8.641193e-15  7.698656e+01  1.853313e+00 -8.718980e-16 
  858.000  5.468154e+02  7.705252e+00  8.499451e-15  7.586467e+01  1.820777e+00  8.575963e-16 
  859.000  5.485345e+02  7.709763e+00  0.000000e+00  7.610318e+01  1.825120e+00  0.000000e+00 
  860.000  5.445242e+02  7.625224e+00  2.853043e-14  7.554679e+01  1.806699e+00 -8.486048e-16 
  861.000  5.445915e+02  7.590768e+00 -1.291502e-14  7.555612e+01  1.798736e+00 -2.545341e-15 
  862.000  5.432181e+02  7.539383e+00 -6.434503e-14  7.536558e+01  1.787292e+00 -1.268136e-14 
  863.000  5.536594e+02  7.647941e+00  9.119055e-14  7.681419e+01  1.813081e+00  1.550828e-14 
  864.000  5.529330e+02  7.604986e+00  3.530407e-14  7.671342e+01  1.803547e+00  8.596855e-15 
  865.000  5.429329e+02  7.434608e+00  2.120050e-13  7.532602e+01  1.763645e+00  3.374164e-14 
  866.000  4.554695e+02  6.207623e+00 -1.497772e-13  6.319142e+01  1.472639e+00 -2.547179e-14 
  867.000  4.849539e+02  6.577207e+00  2.186727e-14  6.728207e+01  1.560147e+00  0.000000e+00 
  868.000  5.259764e+02  7.099813e+00  2.487859e-14  7.297349e+01  1.684120e+00  4.903164e-15 
  869.000  5.186819e+02  6.968770e+00 -7.243969e-14  7.196144e+01  1.653140e+00 -9.668443e-15 
  870.000  5.399789e+02  7.219440e+00  9.385397e-14  7.491618e+01  1.712385e+00  1.929686e-14 
  871.000  5.392962e+02  7.176799e+00  9.495334e-15  7.482146e+01  1.702369e+00  5.864467e-15 
  872.000  5.373558e+02  7.119138e+00  4.193773e-14  7.455226e+01  1.689044e+00  6.674596e-15 
  873.000  5.392427e+02  7.107778e+00  4.715822e-14  7.481404e+01  1.685839e+00  1.089139e-14 
  874.000  5.272732e+02  6.915702e+00  1.189147e-14  7.315340e+01  1.639978e+00  0.000000e+00 
  875.000  5.223721e+02  6.818543e+00  6.237959e-14  7.247342e+01  1.616808e+00  1.461615e-14 
  876.000  5.264431e+02  6.836611e+00  8.116611e-15  7.303823e+01  1.620563e+00  8.189676e-16 
  877.000  5.368082e+02  6.936974e+00 -4.524057e-14  7.447628e+01  1.644055e+00 -3.341653e-15 
  878.000  5.264885e+02  6.761290e+00 -4.364162e-15  7.304453e+01  1.600444e+00 -1.643389e-15 
  879.000  5.276783e+02  6.744247e+00  3.788443e-15  7.320959e+01  1.596285e+00 -8.236444e-16 
  880.000  5.236646e+02  6.652686e+00  3.769030e-15  7.265274e+01  1.572910e+00 -8.194236e-16 
  881.000  4.959884e+02  6.267139e+00  3.850916e-15  6.881297e+01  1.480886e+00  3.885582e-16 
  882.000  5.228641e+02  6.571072e+00  4.356939e-15  7.254169e+01  1.551773e+00  1.640669e-15 
  883.000  5.113954e+02  6.401073e+00 -2.128072e-15  7.095053e+01  1.512391e+00 -8.013565e-16 
  884.000  5.159097e+02  6.428973e+00 -1.858392e-15  7.157684e+01  1.519246e+00  4.040324e-16 
  885.000  5.193623e+02  6.424910e+00  1.879998e-15  7.205585e+01  1.515040e+00 -4.087298e-16 
  886.000  4.999591e+02  6.140096e+00  1.599054e-14  6.936387e+01  1.444549e+00  4.005701e-15 
  887.000  4.965869e+02  6.080588e+00  1.800619e-15  6.889600e+01  1.432734e+00 -3.914720e-16 
  888.000  5.112968e+02  6.230257e+00 -1.854709e-15  7.093684e+01  1.467709e+00  4.032316e-16 
  889.000  5.152413e+02  6.253679e+00  0.000000e+00  7.148410e+01  1.474054e+00  0.000000e+00 
  890.000  5.121074e+02  6.178113e+00  9.775096e-16  7.104931e+01  1.454342e+00 -2.697915e-16 
  891.000  5.059456e+02  6.052573e+00 -1.958905e-14  7.019443e+01  1.420161e+00 -2.854084e-15 
  892.000  4.966898e+02  5.872241e+00 -1.210881e-15  6.891028e+01  1.369070e+00 -4.559748e-16 
  893.000  4.558140e+02  5.284578e+00 -1.814937e-15  6.323922e+01  1.213463e+00 -1.863333e-16 
  894.000  4.594182e+02  5.273734e+00 -9.837866e-16  6.373926e+01  1.203361e+00 -3.704593e-16 
  895.000  4.041945e+02  4.578759e+00 -4.783738e-16  5.607757e+01  1.031583e+00 -1.801387e-16 
  896.000  3.883383e+02  4.326274e+00 -4.717713e-17  5.387770e+01  9.620237e-01 -1.776524e-17 
  897.000  3.479628e+02  3.768666e+00 -4.591292e-20  4.827604e+01  8.194667e-01 -1.728918e-20 
  898.000  3.343483e+02  3.558830e+00 -1.340035e-16  4.638717e+01  7.635693e-01 -5.046100e-17 
  899.000  2.975680e+02  3.067727e+00 -6.121697e-17  4.128431e+01  6.349658e-01 -2.305215e-17 
  900.000  2.947031e+02  3.031740e+00 -5.967329e-17  4.088684e+01  6.300833e-01 -2.247085e-17 
  901.000  2.798413e+02  2.850817e+00 -5.564219e-18  3.882493e+01  5.874491e-01 -2.095288e-18 
  902.000  2.767261e+02  2.812096e+00  5.733769e-17  3.839273e+01  5.811604e-01  2.159135e-17 
  903.000  3.530415e+02  3.747276e+00 -2.296056e-17  4.898066e+01  8.203079e-01 -8.646136e-18 
  904.000  3.999002e+02  4.313338e+00 -2.913109e-16  5.548179e+01  9.637144e-01 -1.096974e-16 
  905.000  3.976852e+02  4.272684e+00  4.427004e-17  5.517449e+01  9.550552e-01  1.704727e-17 
  906.000  3.615327e+02  3.825983e+00 -2.823969e-16  5.015872e+01  8.459602e-01 -1.063407e-16 
  907.000  3.242700e+02  3.299723e+00  4.670701e-16  4.498893e+01  7.046968e-01  1.137357e-16 
  908.000  2.894037e+02  2.874078e+00  5.883758e-17  4.015160e+01  5.976502e-01  2.215615e-17 
  909.000  2.852722e+02  2.820826e+00 -1.359229e-21  3.957840e+01  5.868537e-01 -5.118377e-22 
  910.000  2.923721e+02  2.884821e+00  5.294135e-17  4.056343e+01  6.023472e-01  1.993584e-17 
  911.000  3.085593e+02  3.070330e+00  2.220190e-17  4.280923e+01  6.523270e-01  8.363273e-18 
  912.000  3.009391e+02  2.961683e+00 -1.113375e-17  4.175201e+01  6.239910e-01 -4.192578e-18 
  913.000  2.728278e+02  2.618521e+00 -5.992174e-17  3.785188e+01  5.333561e-01 -2.256441e-17 
  914.000  2.880977e+02  2.777352e+00  1.110069e-16  3.997040e+01  5.749755e-01  1.120062e-17 
  915.000  2.968334e+02  2.875799e+00  1.112720e-17  4.118239e+01  6.039011e-01  4.189404e-18 
  916.000  3.045329e+02  2.946910e+00 -1.294692e-16  4.225062e+01  6.215740e-01 -4.875353e-17 
  917.000  3.077177e+02  2.984361e+00 -1.274067e-16  4.269247e+01  6.348742e-01 -4.797685e-17 
  918.000  3.164645e+02  3.083847e+00 -1.156763e-16  4.390599e+01  6.631538e-01 -4.355962e-17 
  919.000  3.570411e+02  3.570981e+00 -2.247040e-17  4.953556e+01  7.912010e-01 -8.461560e-18 
  920.000  3.828532e+02  3.864845e+00  6.968325e-19  5.311671e+01  8.681748e-01  2.624025e-19 
  921.000  3.684448e+02  3.698604e+00  3.783426e-16  5.111770e+01  8.295429e-01  2.590041e-17 
  922.000  3.646894e+02  3.644944e+00  3.042695e-17  5.059668e+01  8.175400e-01  1.269852e-16 
  923.000  3.418560e+02  3.390725e+00 -5.755450e-16  4.742878e+01  7.580225e-01 -1.060146e-16 
  924.000  3.378045e+02  3.296932e+00  4.284275e-17  4.686669e+01  7.291603e-01  1.613307e-17 
  925.000  3.401246e+02  3.296711e+00  2.274938e-16  4.718858e+01  7.273253e-01  8.566612e-17 
  926.000  3.259131e+02  3.133334e+00  1.306550e-16  4.521688e+01  6.885613e-01  4.920005e-17 
  927.000  3.157305e+02  2.959312e+00 -1.246535e-16  4.380415e+01  6.368740e-01 -4.695111e-17 
  928.000  2.851706e+02  2.582438e+00  5.461804e-18  3.956430e+01  5.357791e-01  2.056723e-18 
  929.000  2.388838e+02  2.093601e+00 -5.665196e-17  3.314252e+01  4.133420e-01 -2.133313e-17 
  930.000  1.911600e+02  1.632659e+00  1.348755e-18  2.652136e+01  3.049556e-01  5.078934e-19 
  931.000  1.464503e+02  1.216220e+00 -3.380736e-19  2.031838e+01  2.128214e-01 -1.273065e-19 
  932.000  9.626228e+01  7.637970e-01 -7.102212e-18  1.335534e+01  1.176952e-01 -2.674442e-18 
  933.000  6.969547e+01  5.442348e-01 -7.105311e-18  9.669486e+00  7.580744e-02 -2.675609e-18 
  934.000  4.797027e+01  3.813587e-01  0.000000e+00  6.655351e+00  4.844824e-02  0.000000e+00 
  935.000  4.500400e+01  3.582206e-01 -1.742850e-18  6.243813e+00  4.504431e-02 -6.562959e-19 
  936.000  5.147178e+01  4.023325e-01 -1.285130e-21  7.141148e+00  5.214754e-02 -4.839345e-22 
  937.000  5.118005e+01  3.991311e-01  0.000000e+00  7.100672e+00  5.141909e-02  0.000000e+00 
  938.000  7.597848e+01  5.807154e-01 -6.158221e-39  1.054119e+01  8.350285e-02 -1.010078e-39 
  939.000  1.728861e+02  1.385134e+00  7.977763e-26  2.398606e+01  2.463801e-01  3.004144e-26 
  940.000  1.913321e+02  1.534560e+00 -1.249858e-17  2.654525e+01  2.797610e-01 -4.706525e-18 
  941.000  1.719987e+02  1.371262e+00 -1.287235e-18  2.386294e+01  2.462222e-01 -4.847272e-19 
  942.000  1.320691e+02  1.037866e+00  2.607454e-17  1.832314e+01  1.781490e-01  9.818752e-18 
  943.000  9.109082e+01  6.866494e-01  2.055210e-20  1.263786e+01  1.049643e-01  7.739194e-21 
  944.000  8.541672e+01  6.396066e-01  3.399220e-18  1.185064e+01  9.659376e-02  1.280026e-18 
  945.000  1.008736e+02  7.620829e-01  3.374687e-34  1.399511e+01  1.206375e-01  3.405065e-35 
  946.000  1.036102e+02  7.802494e-01 -1.371900e-17  1.437478e+01  1.241371e-01 -5.166091e-18 
  947.000  1.189882e+02  9.047651e-01 -6.806862e-18  1.650832e+01  1.502065e-01 -2.563224e-18 
  948.000  1.297366e+02  9.897118e-01 -7.004035e-18  1.799953e+01  1.678988e-01 -2.637472e-18 
  949.000  1.295515e+02  9.842905e-01 -1.634253e-19  1.797385e+01  1.671626e-01 -6.154021e-20 
  950.000  1.315292e+02  9.972633e-01 -3.246227e-19  1.824824e+01  1.704369e-01 -1.222414e-19 
  951.000  1.544839e+02  1.181196e+00 -6.440598e-19  2.143296e+01  2.097672e-01 -2.425302e-19 
  952.000  1.305166e+02  9.822420e-01 -2.727240e-17  1.810776e+01  1.685081e-01 -1.026982e-17 
  953.000  1.481419e+02  1.123684e+00  1.381874e-17  2.055307e+01  1.991614e-01  5.203648e-18 
  954.000  1.676216e+02  1.279245e+00 -1.271016e-17  2.325566e+01  2.338716e-01 -4.786198e-18 
  955.000  1.422569e+02  1.076368e+00 -2.437303e-17  1.973660e+01  1.935837e-01 -9.178021e-18 
  956.000  1.497844e+02  1.130243e+00  1.423136e-17  2.078095e+01  2.037574e-01  5.195868e-18 
  957.000  2.050753e+02  1.577033e+00  2.399835e-17  2.845196e+01  3.043288e-01  9.036932e-18 
  958.000  2.157681e+02  1.661572e+00 -2.417258e-17  2.993547e+01  3.246762e-01 -9.102539e-18 
  959.000  2.073668e+02  1.588582e+00  5.367713e-17  2.876988e+01  3.083002e-01  2.021291e-17 
  960.000  2.032630e+02  1.552081e+00 -2.532502e-17  2.820052e+01  3.011823e-01 -9.536506e-18 
  961.000  1.967647e+02  1.495949e+00  2.506254e-17  2.729896e+01  2.894856e-01  9.437666e-18 
  962.000  2.027860e+02  1.539802e+00 -3.034130e-25  2.813434e+01  2.999839e-01 -1.142546e-25 
  963.000  2.372519e+02  1.821148e+00  5.265976e-17  3.291611e+01  3.681809e-01  1.982980e-17 
  964.000  2.402327e+02  1.843737e+00  0.000000e+00  3.332967e+01  3.754548e-01  0.000000e+00 
  965.000  2.402898e+02  1.835737e+00  7.740204e-23  3.333760e+01  3.731320e-01  2.914687e-23 
  966.000  2.358864e+02  1.799213e+00 -1.023285e-16  3.272666e+01  3.671887e-01 -3.853331e-17 
  967.000  2.706504e+02  2.096713e+00  0.000000e+00  3.754979e+01  4.416170e-01  0.000000e+00 
  968.000  3.175283e+02  2.567031e+00  3.955735e-17  4.405359e+01  5.683902e-01  1.489590e-17 
  969.000  3.441797e+02  2.807192e+00  4.101743e-17  4.775118e+01  6.297947e-01  1.544572e-17 
  970.000  3.467881e+02  2.820202e+00  4.186322e-16  4.811306e+01  6.335554e-01  1.576421e-16 
  971.000  3.432072e+02  2.779627e+00 -6.241315e-19  4.761626e+01  6.244560e-01 -2.350259e-19 
  972.000  3.385362e+02  2.723284e+00  4.574549e-16  4.696821e+01  6.099942e-01  1.722614e-16 
  973.000  3.196517e+02  2.538903e+00  2.073416e-16  4.434818e+01  5.640110e-01  7.807753e-17 
  974.000  2.966173e+02  2.309857e+00  1.021027e-16  4.115242e+01  5.058395e-01  3.844828e-17 
  975.000  2.867878e+02  2.198796e+00 -9.650018e-21  3.978866e+01  4.760576e-01 -3.633856e-21 
  976.000  3.043549e+02  2.356514e+00  1.977585e-17  4.222591e+01  5.173435e-01  7.446887e-18 
  977.000  3.202836e+02  2.515167e+00  1.301691e-16  4.443586e+01  5.615629e-01  6.882605e-17 
  978.000  3.264865e+02  2.552397e+00  0.000000e+00  4.529644e+01  5.697202e-01  0.000000e+00 
  979.000  3.236120e+02  2.529966e+00  3.830872e-17  4.489764e+01  5.670233e-01  1.442571e-17 
  980.000  3.540955e+02  2.779499e+00  4.851467e-17  4.912688e+01  6.293882e-01  1.826891e-17 
  981.000  3.627047e+02  2.840755e+00 -2.562512e-16  5.032131e+01  6.450005e-01 -9.586034e-17 
  982.000  3.563104e+02  2.778099e+00 -4.106509e-16  4.943419e+01  6.299416e-01 -1.546366e-16 
  983.000  3.693270e+02  2.878539e+00 -7.527678e-17  5.124009e+01  6.564407e-01 -2.834657e-17 
  984.000  3.814260e+02  2.976285e+00  1.088608e-15  5.291869e+01  6.835861e-01  3.305362e-16 
  985.000  3.897216e+02  3.041935e+00 -1.542294e-16  5.406962e+01  7.022397e-01 -5.807736e-17 
  986.000  3.975072e+02  3.113188e+00 -2.310582e-15  5.514979e+01  7.242674e-01 -4.571121e-16 
  987.000  4.069718e+02  3.187480e+00 -1.913384e-15  5.646289e+01  7.444871e-01 -7.205126e-16 
  988.000  4.031425e+02  3.148171e+00 -1.121901e-15  5.593162e+01  7.360860e-01  4.024073e-16 
  989.000  3.987784e+02  3.103690e+00  1.884711e-15  5.532615e+01  7.261906e-01  7.097155e-16 
  990.000  4.033642e+02  3.130069e+00  4.535061e-15  5.596238e+01  7.331219e-01  7.300480e-16 
  991.000  4.107990e+02  3.187614e+00 -1.477006e-16  5.699386e+01  7.493052e-01  2.597292e-16 
  992.000  4.081695e+02  3.158089e+00  6.595911e-15  5.662906e+01  7.431549e-01  8.435309e-16 
  993.000  4.085900e+02  3.149864e+00 -1.116473e-14  5.668740e+01  7.415178e-01 -1.743997e-15 
  994.000  4.142308e+02  3.191213e+00 -8.598761e-16  5.747001e+01  7.535423e-01 -3.237989e-16 
  995.000  4.136941e+02  3.184593e+00  3.413690e-15  5.739553e+01  7.540010e-01  1.285475e-15 
  996.000  4.135730e+02  3.170473e+00 -6.368723e-15  5.737874e+01  7.506226e-01 -6.426054e-16 
  997.000  4.124182e+02  3.141971e+00  0.000000e+00  5.721852e+01  7.425860e-01  0.000000e+00 
  998.000  4.091397e+02  3.099152e+00  4.850129e-16  5.676368e+01  7.313786e-01 -1.281171e-16 
  999.000  4.074128e+02  3.071029e+00  4.604965e-15  5.652408e+01  7.242470e-01  9.007303e-16 
 1000.000  4.046864e+02  3.039830e+00 -1.429860e-14  5.614582e+01  7.172414e-01 -2.040119e-15 
 1001.000  4.030916e+02  3.002832e+00  9.955497e-17  5.592457e+01  7.059390e-01  3.467996e-16 
 1002.000  3.964822e+02  2.924207e+00  8.121284e-16  5.500758e+01  6.837874e-01  1.117133e-15 
 1003.000  3.932467e+02  2.892317e+00  3.483341e-15  5.455869e+01  6.771364e-01  5.099691e-16 
 1004.000  3.933349e+02  2.890987e+00  1.632314e-15  5.457093e+01  6.788857e-01 -1.800859e-16 
 1005.000  3.688185e+02  2.704238e+00 -1.736284e-17  5.116953e+01  6.359445e-01 -6.538232e-18 
 1006.000  3.886613e+02  2.839694e+00  1.758508e-15  5.392251e+01  6.681046e-01  1.443313e-15 
 1007.000  3.945936e+02  2.867758e+00  7.129178e-16  5.474556e+01  6.739598e-01 -5.270005e-16 
 1008.000  3.914424e+02  2.819659e+00  1.810104e-15  5.430835e+01  6.597664e-01  5.293847e-16 
 1009.000  3.827150e+02  2.730582e+00  9.542942e-16  5.309753e+01  6.355664e-01 -3.814751e-17 
 1010.000  3.869674e+02  2.756178e+00 -6.616724e-15  5.368750e+01  6.429715e-01 -7.490533e-16 
 1011.000  3.916214e+02  2.795906e+00 -2.875849e-15  5.433320e+01  6.560987e-01 -2.901737e-16 
 1012.000  3.943460e+02  2.811826e+00 -2.715975e-15  5.471121e+01  6.614472e-01 -5.319456e-16 
 1013.000  3.935034e+02  2.801060e+00  3.777602e-16  5.459431e+01  6.602366e-01 -6.445793e-16 
 1014.000  3.968907e+02  2.816697e+00  3.183360e-15  5.506426e+01  6.644940e-01 -3.658079e-16 
 1015.000  3.897238e+02  2.755295e+00 -6.878500e-15  5.406992e+01  6.501154e-01 -1.516982e-15 
 1016.000  3.931207e+02  2.771255e+00  7.792067e-15  5.454121e+01  6.544914e-01  8.860165e-16 
 1017.000  3.896314e+02  2.735741e+00  0.000000e+00  5.405710e+01  6.461889e-01  0.000000e+00 
 1018.000  3.937070e+02  2.751113e+00 -3.401435e-15  5.462255e+01  6.493071e-01 -1.094050e-15 
 1019.000  3.824846e+02  2.654653e+00 -3.433678e-15  5.306556e+01  6.250566e-01  2.409022e-16 
 1020.000  3.824511e+02  2.646312e+00  3.306765e-15  5.306092e+01  6.235929e-01  4.799977e-16 
 1021.000  3.878527e+02  2.678337e+00  7.015829e-16  5.381033e+01  6.322101e-01 -1.954700e-16 
 1022.000  3.793758e+02  2.600643e+00 -4.659454e-15  5.263426e+01  6.121134e-01 -7.031045e-16 
 1023.000  3.844105e+02  2.617823e+00 -4.844430e-15  5.333276e+01  6.147454e-01 -8.998968e-16 
 1024.000  3.811152e+02  2.581217e+00  1.873223e-15  5.287558e+01  6.053407e-01 -6.735139e-17 
 1025.000  3.850790e+02  2.610058e+00 -2.227972e-15  5.342551e+01  6.146596e-01 -6.726185e-17 
 1026.000  3.873523e+02  2.621036e+00  4.379458e-15  5.374091e+01  6.184470e-01  1.171062e-15 
 1027.000  3.842692e+02  2.587374e+00 -1.025076e-15  5.331316e+01  6.100010e-01 -9.352768e-17 
 1028.000  3.858305e+02  2.589747e+00 -9.620696e-16  5.352977e+01  6.109876e-01 -3.622814e-16 
 1029.000  3.816080e+02  2.556157e+00 -6.844065e-16  5.294395e+01  6.040810e-01  1.487966e-16 
 1030.000  3.870747e+02  2.589056e+00 -4.573303e-15  5.370239e+01  6.131029e-01 -9.013235e-16 
 1031.000  3.866888e+02  2.579667e+00  0.000000e+00  5.364884e+01  6.115249e-01  0.000000e+00 
 1032.000  3.859956e+02  2.567541e+00 -2.956475e-15  5.355268e+01  6.091512e-01 -2.983089e-16 
 1033.000  3.790910e+02  2.512447e+00  0.000000e+00  5.259474e+01  5.962217e-01  0.000000e+00 
 1034.000  3.834402e+02  2.532682e+00  7.436068e-15  5.319815e+01  6.012877e-01  1.183487e-15 
 1035.000  3.795678e+02  2.498089e+00 -3.109312e-15  5.266090e+01  5.932304e-01 -1.170857e-15 
 1036.000  3.845045e+02  2.520695e+00  3.150117e-15  5.334580e+01  5.986058e-01  1.186223e-15 
 1037.000  3.765058e+02  2.459002e+00 -3.083897e-15  5.223607e+01  5.840327e-01 -1.161287e-15 
 1038.000  3.803422e+02  2.474812e+00 -3.114156e-15  5.276832e+01  5.878764e-01 -1.172681e-15 
 1039.000  3.816818e+02  2.472824e+00 -2.094998e-16  5.295418e+01  5.872145e-01 -8.832667e-16 
 1040.000  3.770142e+02  2.432342e+00  0.000000e+00  5.230660e+01  5.774668e-01  0.000000e+00 
 1041.000  3.788732e+02  2.434175e+00 -7.561125e-15  5.256453e+01  5.777824e-01 -2.047951e-15 
 1042.000  3.799485e+02  2.431366e+00 -4.466698e-15  5.271371e+01  5.770759e-01 -8.803134e-16 
 1043.000  3.733988e+02  2.380172e+00 -4.389664e-15  5.180502e+01  5.649284e-01 -8.651312e-16 
 1044.000  3.770042e+02  2.393363e+00 -1.546999e-15  5.230522e+01  5.679743e-01 -5.825451e-16 
 1045.000  3.750399e+02  2.370038e+00  2.875484e-15  5.203270e+01  5.621330e-01  2.901368e-16 
 1046.000  3.639457e+02  2.290188e+00 -4.288996e-15  5.049349e+01  5.430385e-01 -8.452913e-16 
 1047.000  3.703860e+02  2.320595e+00  0.000000e+00  5.138702e+01  5.500420e-01  0.000000e+00 
 1048.000  3.739276e+02  2.333018e+00  0.000000e+00  5.187837e+01  5.528552e-01  0.000000e+00 
 1049.000  3.714091e+02  2.307837e+00  0.000000e+00  5.152895e+01  5.467938e-01  0.000000e+00 
 1050.000  3.688432e+02  2.281541e+00  1.522592e-15  5.117297e+01  5.402778e-01  5.733545e-16 
 1051.000  3.683235e+02  2.267122e+00  0.000000e+00  5.110087e+01  5.364020e-01  0.000000e+00 
 1052.000  3.662884e+02  2.244550e+00  3.589000e-15  5.081852e+01  5.308030e-01  5.712070e-16 
 1053.000  3.664141e+02  2.236529e+00  0.000000e+00  5.083596e+01  5.288790e-01  0.000000e+00 
 1054.000  3.621505e+02  2.199828e+00 -6.507623e-16  5.024442e+01  5.197838e-01  1.414820e-16 
 1055.000  3.642798e+02  2.202017e+00  1.413249e-15  5.053983e+01  5.198708e-01  1.425971e-16 
 1056.000  3.629273e+02  2.183785e+00 -2.165901e-15  5.035220e+01  5.152527e-01 -4.268639e-16 
 1057.000  3.612285e+02  2.160791e+00 -7.552486e-16  5.011651e+01  5.089712e-01 -2.843999e-16 
 1058.000  3.554968e+02  2.110368e+00  7.487899e-16  4.932130e+01  4.955432e-01  2.819678e-16 
 1059.000  3.445135e+02  2.038116e+00 -7.252223e-16  4.779749e+01  4.787301e-01 -2.730931e-16 
 1060.000  3.580021e+02  2.114252e+00  0.000000e+00  4.966889e+01  4.974805e-01  0.000000e+00 
 1061.000  3.452569e+02  2.030385e+00 -7.245999e-16  4.790063e+01  4.775904e-01 -2.728587e-16 
 1062.000  3.537026e+02  2.067513e+00  6.457650e-16  4.907238e+01  4.854280e-01 -1.403956e-16 
 1063.000  3.474297e+02  2.022056e+00  0.000000e+00  4.820208e+01  4.745521e-01  0.000000e+00 
 1064.000  3.509917e+02  2.031329e+00 -1.065841e-15  4.869626e+01  4.760091e-01 -2.100599e-16 
 1065.000  3.491472e+02  2.007845e+00 -3.717809e-16  4.844037e+01  4.694984e-01 -1.399995e-16 
 1066.000  3.385385e+02  1.939881e+00  0.000000e+00  4.696853e+01  4.536945e-01  0.000000e+00 
 1067.000  3.460653e+02  1.974951e+00  1.008808e-15  4.801279e+01  4.617141e-01 -6.523111e-17 
 1068.000  3.419117e+02  1.936052e+00  1.299676e-16  4.743652e+01  4.509889e-01  4.894120e-17 
 1069.000  3.145420e+02  1.770344e+00 -3.311835e-16  4.363927e+01  4.115202e-01 -1.247120e-16 
 1070.000  3.333537e+02  1.869671e+00 -1.104179e-16  4.624919e+01  4.347124e-01  2.400593e-17 
 1071.000  3.319953e+02  1.850699e+00  1.278585e-16  4.606072e+01  4.293330e-01  4.814698e-17 
 1072.000  3.311218e+02  1.835065e+00 -1.111834e-16  4.593954e+01  4.248271e-01  2.417234e-17 
 1073.000  3.197468e+02  1.764648e+00  9.322459e-17  4.436137e+01  4.083445e-01  9.897744e-17 
 1074.000  3.311035e+02  1.821017e+00  0.000000e+00  4.593700e+01  4.214975e-01  0.000000e+00 
 1075.000  3.232699e+02  1.776396e+00 -4.333964e-16  4.485017e+01  4.123324e-01 -1.632018e-16 
 1076.000  3.285584e+02  1.795288e+00 -1.655999e-17  4.558390e+01  4.159309e-01 -6.235906e-18 
 1077.000  3.255127e+02  1.767930e+00 -4.593623e-16  4.516134e+01  4.086271e-01 -1.729796e-16 
 1078.000  3.237425e+02  1.747545e+00  5.718269e-16  4.491574e+01  4.028763e-01  1.497133e-16 
 1079.000  3.107372e+02  1.670562e+00 -7.089819e-16  4.311140e+01  3.849874e-01 -3.883307e-17 
 1080.000  3.129959e+02  1.668211e+00  5.383635e-16  4.342476e+01  3.822224e-01  2.016671e-16 
 1081.000  3.010576e+02  1.598326e+00  3.215369e-16  4.176846e+01  3.661110e-01  1.210795e-16 
 1082.000  3.077323e+02  1.630718e+00  1.151891e-16  4.269449e+01  3.743929e-01  1.162260e-17 
 1083.000  2.958522e+02  1.558244e+00 -3.919697e-18  4.104626e+01  3.567054e-01 -1.476019e-18 
 1084.000  3.031300e+02  1.587381e+00  0.000000e+00  4.205598e+01  3.623600e-01  0.000000e+00 
 1085.000  2.899890e+02  1.507996e+00 -4.657317e-16  4.023281e+01  3.424269e-01 -9.178814e-17 
 1086.000  2.957822e+02  1.533180e+00  1.099537e-16  4.103655e+01  3.484848e-01 -4.317347e-17 
 1087.000  2.870448e+02  1.488102e+00 -2.464094e-16  3.982434e+01  3.402757e-01 -9.278906e-17 
 1088.000  3.048561e+02  1.575092e+00  3.857269e-16  4.229546e+01  3.602988e-01  1.452511e-16 
 1089.000  2.812081e+02  1.440236e+00 -2.127808e-16  3.901455e+01  3.269462e-01 -6.463777e-17 
 1090.000  2.849219e+02  1.452550e+00 -1.919940e-16  3.952981e+01  3.292856e-01 -7.229817e-17 
 1091.000  2.889072e+02  1.467936e+00 -1.929943e-16  4.008273e+01  3.330670e-01 -7.267484e-17 
 1092.000  2.761810e+02  1.395214e+00 -1.896072e-16  3.831710e+01  3.155202e-01 -7.139936e-17 
 1093.000  2.599481e+02  1.301992e+00 -4.902907e-17  3.606496e+01  2.924622e-01 -1.846262e-17 
 1094.000  2.315592e+02  1.151742e+00  1.388314e-17  3.212630e+01  2.578234e-01  5.227900e-18 
 1095.000  2.513427e+02  1.245729e+00  7.809117e-17  3.487106e+01  2.789105e-01  2.940637e-17 
 1096.000  2.507957e+02  1.237890e+00  0.000000e+00  3.479516e+01  2.770433e-01  0.000000e+00 
 1097.000  2.447092e+02  1.200361e+00 -1.453085e-17  3.395073e+01  2.679650e-01 -5.471802e-18 
 1098.000  2.126921e+02  1.003034e+00  3.834402e-17  2.950871e+01  2.163596e-01  1.443900e-17 
 1099.000  1.895636e+02  8.655310e-01  1.937320e-17  2.629988e+01  1.797471e-01  7.295262e-18 
 1100.000  1.941961e+02  8.843556e-01 -1.969116e-17  2.694259e+01  1.840059e-01 -7.414993e-18 
