  300.000  2.393800e+00  2.136711e+00 -1.128978e-16  2.234150e-01  3.205204e-01 -1.394319e-17 
  301.000  5.901340e+00  5.320301e+00  1.774021e-15  5.507759e-01  8.040382e-01  2.236510e-16 
  302.000  6.113317e+00  5.537581e+00  9.068364e-16  5.705600e-01  8.425474e-01  1.650421e-16 
  303.000  1.447021e+01  1.328208e+01  2.399193e-15  1.350515e+00  2.036007e+00  3.638381e-16 
  304.000  1.609732e+01  1.472298e+01 -1.682043e-15  1.502374e+00  2.268671e+00  1.021168e-16 
  305.000  2.691180e+01  2.488818e+01  3.110003e-15  2.511696e+00  3.861150e+00  7.720594e-16 
  306.000  2.868146e+01  2.649493e+01 -4.176380e-15  2.676860e+00  4.132631e+00 -4.476114e-16 
  307.000  4.027411e+01  3.727139e+01 -1.058001e-15  3.758809e+00  5.843119e+00 -7.814824e-17 
  308.000  5.053983e+01  4.668424e+01 -6.286653e-15  4.716916e+00  7.357126e+00 -5.742683e-16 
  309.000  5.314649e+01  4.873558e+01 -3.321608e-15  4.960197e+00  7.710541e+00 -2.252307e-16 
  310.000  5.598420e+01  5.176183e+01 -2.515626e-15  5.225042e+00  8.237059e+00 -1.199348e-15 
  311.000  1.073867e+02  9.835510e+01 -1.660656e-14  1.002247e+01  1.571009e+01 -1.441160e-15 
  312.000  8.954053e+01  8.177175e+01  9.807225e-15  8.356877e+00  1.311775e+01  2.006407e-15 
  313.000  1.127589e+02  1.024812e+02  7.000609e-16  1.052386e+01  1.650962e+01 -2.331713e-15 
  314.000  1.165878e+02  1.043790e+02 -7.398899e-14  1.088122e+01  1.686592e+01 -1.069734e-14 
  315.000  1.362157e+02  1.219677e+02 -6.754661e-16  1.271310e+01  1.979734e+01 -2.847816e-15 
  316.000  1.071664e+02  9.456469e+01 -1.721686e-14  1.000191e+01  1.539632e+01 -5.244918e-15 
  317.000  1.550597e+02  1.354125e+02  8.227906e-15  1.447183e+01  2.212103e+01  2.620965e-15 
  318.000  1.514895e+02  1.306617e+02  4.863350e-15  1.413861e+01  2.141511e+01  7.273656e-16 
  319.000  1.665361e+02  1.438028e+02 -1.919335e-14  1.554292e+01  2.366575e+01 -7.227536e-15 
  320.000  1.692657e+02  1.407074e+02 -1.745222e-14  1.579768e+01  2.318316e+01 -3.027293e-15 
  321.000  2.007659e+02  1.689570e+02  9.081771e-14  1.873762e+01  2.797650e+01  1.156421e-14 
  322.000  1.844660e+02  1.501136e+02  1.884566e-14  1.721633e+01  2.490033e+01  2.515309e-15 
  323.000  1.603588e+02  1.296494e+02 -1.115076e-13  1.496640e+01  2.157304e+01 -1.696942e-14 
  324.000  2.003964e+02  1.614009e+02 -9.271853e-14  1.870313e+01  2.696753e+01 -3.889076e-15 
  325.000  2.312701e+02  1.800803e+02 -1.730450e-13  2.158459e+01  3.012363e+01 -2.492456e-14 
  326.000  3.151135e+02  2.448202e+02 -7.677560e-14  2.940975e+01  4.110764e+01 -1.153939e-14 
  327.000  3.216895e+02  2.462971e+02 -1.045081e-13  3.002349e+01  4.148825e+01 -2.594417e-14 
  328.000  2.761884e+02  2.046654e+02 -1.458326e-13  2.577685e+01  3.451358e+01 -1.471454e-14 
  329.000  3.228865e+02  2.393184e+02  4.630120e-14  3.013521e+01  4.051802e+01 -8.945640e-16 
  330.000  3.427336e+02  2.498783e+02  7.232598e-14  3.198755e+01  4.242920e+01  1.514256e-14 
  331.000  2.862516e+02  2.030824e+02  1.778636e-15  2.671605e+01  3.453724e+01  1.156503e-14 
  332.000  3.149646e+02  2.216054e+02  8.593147e-14  2.939585e+01  3.780875e+01  2.327477e-14 
  333.000  3.612764e+02  2.500672e+02  4.530609e-13  3.371817e+01  4.277917e+01  5.359506e-14 
  334.000  3.092199e+02  2.090729e+02 -3.677780e-13  2.885970e+01  3.582793e+01 -5.724896e-14 
  335.000  3.343906e+02  2.235917e+02  1.544508e-13  3.120889e+01  3.843220e+01  2.943755e-14 
  336.000  2.545325e+02  1.674668e+02  2.032785e-14  2.375569e+01  2.885953e+01  5.505853e-15 
  337.000  2.481811e+02  1.598677e+02  9.576866e-14  2.316291e+01  2.760450e+01  2.092810e-14 
  338.000  3.061699e+02  1.941557e+02 -6.988912e-14  2.857504e+01  3.360723e+01 -1.359646e-14 
  339.000  3.116414e+02  1.946342e+02  2.798648e-14  2.908570e+01  3.377620e+01  1.561857e-14 
  340.000  3.566894e+02  2.183959e+02  6.437650e-14  3.329006e+01  3.797642e+01 -1.914805e-15 
  341.000  3.043816e+02  1.834659e+02 -1.457592e-13  2.840813e+01  3.197485e+01 -3.637574e-14 
  342.000  3.230363e+02  1.915294e+02  3.032927e-13  3.014919e+01  3.345372e+01  5.710561e-14 
  343.000  3.288481e+02  1.915565e+02 -2.415604e-14  3.069161e+01  3.352694e+01 -9.611179e-15 
  344.000  3.017975e+02  1.726246e+02 -1.634348e-14  2.816696e+01  3.027663e+01  1.378637e-15 
  345.000  3.919724e+02  2.210557e+02  2.265874e-13  3.658304e+01  3.887869e+01  7.211071e-14 
  346.000  4.399546e+02  2.442519e+02 -1.422917e-13  4.106126e+01  4.306343e+01  1.706743e-15 
  347.000  4.236103e+02  2.314063e+02  7.769716e-13  3.953583e+01  4.089223e+01  1.243297e-13 
  348.000  4.036515e+02  2.169375e+02  1.938776e-14  3.767306e+01  3.841970e+01 -1.667135e-14 
  349.000  4.476363e+02  2.367337e+02  4.488553e-13  4.177819e+01  4.201591e+01  9.994018e-14 
  350.000  4.629100e+02  2.408571e+02 -3.038741e-13  4.320370e+01  4.283708e+01 -2.270995e-14 
  351.000  4.445485e+02  2.275951e+02 -8.015890e-14  4.149001e+01  4.056245e+01  7.049335e-15 
  352.000  4.608749e+02  2.321221e+02  3.241582e-13  4.301376e+01  4.145192e+01  7.978973e-14 
  353.000  4.249256e+02  2.106642e+02 -3.620758e-14  3.965859e+01  3.769647e+01 -2.207969e-14 
  354.000  4.958745e+02  2.419461e+02 -4.728413e-13  4.628029e+01  4.337925e+01 -9.708607e-14 
  355.000  5.079690e+02  2.438706e+02  2.484795e-13  4.740908e+01  4.380401e+01  4.674335e-14 
  356.000  4.854019e+02  2.292693e+02 -8.593430e-14  4.530288e+01  4.125136e+01  9.359158e-15 
  357.000  3.135514e+02  1.456369e+02  9.382598e-14  2.926396e+01  2.624144e+01  1.849157e-14 
  358.000  3.441935e+02  1.572164e+02  1.248568e-13  3.212381e+01  2.836600e+01  2.395025e-14 
  359.000  3.497834e+02  1.571715e+02 -3.932593e-14  3.264552e+01  2.839890e+01  8.694902e-16 
  360.000  5.241100e+02  2.318698e+02  3.240821e-14  4.891554e+01  4.197144e+01 -5.173626e-16 
  361.000  4.196352e+02  1.831530e+02  4.549257e-14  3.916484e+01  3.324161e+01  2.441896e-14 
  362.000  4.648560e+02  2.002929e+02 -1.589769e-13  4.338531e+01  3.645901e+01 -2.296242e-14 
  363.000  4.992348e+02  2.121895e+02 -2.424856e-13  4.659391e+01  3.872168e+01 -5.464383e-14 
  364.000  5.030497e+02  2.107774e+02  2.544103e-13  4.694997e+01  3.854705e+01  1.725098e-14 
  365.000  4.754754e+02  1.963460e+02 -1.356957e-13  4.437643e+01  3.597922e+01 -3.574382e-14 
  366.000  6.586218e+02  2.680486e+02 -4.948517e-13  6.146960e+01  4.921252e+01 -2.142121e-13 
  367.000  5.947068e+02  2.385266e+02  1.943317e-14  5.550439e+01  4.387314e+01  8.758374e-14 
  368.000  5.658623e+02  2.236826e+02 -5.192689e-14  5.281230e+01  4.121776e+01  1.335736e-13 
  369.000  5.491022e+02  2.139412e+02  8.790881e-13  5.124807e+01  3.949377e+01  3.551715e-13 
  370.000  6.370165e+02  2.446458e+02  9.454216e-14  5.945317e+01  4.524208e+01  1.079236e-13 
  371.000  5.131108e+02  1.942581e+02  1.326415e-12  4.788897e+01  3.598717e+01  1.000951e-13 
  372.000  5.446534e+02  2.032835e+02  2.475366e-13  5.083286e+01  3.772481e+01  7.364727e-15 
  373.000  5.472140e+02  2.013655e+02  1.386912e-12  5.107185e+01  3.743334e+01  9.508826e-14 
  374.000  4.271448e+02  1.549726e+02 -1.375946e-13  3.986570e+01  2.885737e+01 -1.110232e-13 
  375.000  3.942464e+02  1.410249e+02  1.184755e-13  3.679528e+01  2.630274e+01 -2.685811e-14 
  376.000  5.681200e+02  2.003398e+02 -4.859570e-13  5.302301e+01  3.742207e+01 -2.598598e-14 
  377.000  5.853903e+02  2.034525e+02 -8.720034e-15  5.463487e+01  3.805408e+01 -1.587658e-14 
  378.000  7.621444e+02  2.609760e+02 -8.746852e-14  7.113145e+01  4.886751e+01  3.317574e-15 
  379.000  5.904674e+02  1.992558e+02 -2.912862e-14  5.510872e+01  3.735434e+01  1.278722e-14 
  380.000  5.564473e+02  1.851911e+02  1.280384e-13  5.193359e+01  3.476995e+01  3.642882e-14 
  381.000  6.283630e+02  2.064671e+02 -1.093011e-15  5.864553e+01  3.884204e+01  3.925676e-14 
  382.000  4.721768e+02  1.532360e+02  2.924111e-13  4.406858e+01  2.888987e+01  5.418593e-14 
  383.000  3.308076e+02  1.060010e+02  1.768904e-14  3.087449e+01  2.002337e+01 -1.089818e-14 
  384.000  3.657683e+02  1.156917e+02  6.110514e-13  3.413740e+01  2.189235e+01  9.583315e-14 
  385.000  5.527810e+02  1.725643e+02 -2.637937e-13  5.159142e+01  3.270787e+01 -9.555200e-14 
  386.000  4.307847e+02  1.327200e+02 -1.410976e-12  4.020543e+01  2.519506e+01 -2.067990e-13 
  387.000  4.962664e+02  1.508948e+02 -5.285646e-13  4.631686e+01  2.868886e+01 -8.814770e-14 
  388.000  4.931679e+02  1.479971e+02 -1.492882e-13  4.602769e+01  2.817990e+01 -8.390016e-14 
  389.000  5.635873e+02  1.669346e+02  1.470545e-12  5.259998e+01  3.183273e+01  1.105960e-13 
  390.000  6.851572e+02  2.003229e+02 -3.203004e-13  6.394617e+01  3.825546e+01 -1.114770e-13 
  391.000  7.684252e+02  2.217784e+02 -2.392378e-12  7.171763e+01  4.241393e+01 -2.942113e-13 
  392.000  6.845243e+02  1.950352e+02  3.574264e-12  6.388711e+01  3.735288e+01  4.300684e-13 
  393.000  3.678173e+02  1.034640e+02 -1.479179e-12  3.432863e+01  1.984342e+01 -8.579540e-14 
  394.000  4.079167e+02  1.132885e+02 -2.879013e-12  3.807114e+01  2.175814e+01 -5.587213e-13 
  395.000  6.861822e+02  1.881623e+02  2.352196e-12  6.404184e+01  3.618837e+01  6.848162e-13 
  396.000  7.076993e+02  1.916245e+02  9.613671e-12  6.605005e+01  3.690495e+01  2.246557e-12 
  397.000  2.885889e+02  7.716288e+01  2.925050e-12  2.693419e+01  1.488091e+01  3.516406e-13 
  398.000  8.089385e+02  2.135967e+02 -4.681202e-12  7.549878e+01  4.124735e+01 -7.088300e-13 
  399.000  9.717020e+02  2.533886e+02  5.106670e-12  9.068960e+01  4.899633e+01  9.544510e-13 
  400.000  9.563115e+02  2.462864e+02 -1.919889e-12  8.925319e+01  4.768476e+01 -3.599828e-13 
  401.000  9.514205e+02  2.420115e+02  2.060954e-12  8.879670e+01  4.691784e+01  5.330346e-13 
  402.000  1.009219e+03  2.535692e+02  4.751984e-13  9.419108e+01  4.922169e+01  2.407237e-14 
  403.000  9.460371e+02  2.347959e+02  6.845366e-13  8.829427e+01  4.563551e+01  1.072735e-13 
  404.000  1.017452e+03  2.494541e+02 -1.612870e-13  9.495951e+01  4.854556e+01 -2.367615e-13 
  405.000  9.337875e+02  2.261709e+02  2.967761e-12  8.715102e+01  4.406908e+01  4.313714e-13 
  406.000  9.274271e+02  2.219259e+02 -9.731375e-13  8.655738e+01  4.329527e+01 -2.245693e-13 
  407.000  9.038997e+02  2.137038e+02  1.806487e-12  8.436156e+01  4.174223e+01  1.982327e-13 
  408.000  9.799014e+02  2.289077e+02 -9.113008e-13  9.145485e+01  4.476610e+01 -1.522573e-13 
  409.000  1.085332e+03  2.505224e+02 -2.200063e-12  1.012947e+02  4.905172e+01 -6.045495e-13 
  410.000  9.079431e+02  2.070946e+02  2.225629e-12  8.473893e+01  4.059656e+01  5.443497e-13 
  411.000  1.066808e+03  2.404595e+02 -1.473754e-12  9.956588e+01  4.719203e+01 -2.738542e-13 
  412.000  1.105991e+03  2.463602e+02 -2.380658e-13  1.032228e+02  4.840567e+01 -2.035477e-13 
  413.000  1.045312e+03  2.301207e+02  1.056553e-12  9.755970e+01  4.526667e+01 -1.131492e-13 
  414.000  1.026475e+03  2.233313e+02 -2.844019e-12  9.580157e+01  4.398019e+01 -4.556836e-13 
  415.000  1.095252e+03  2.355329e+02  1.704992e-12  1.022206e+02  4.643517e+01  4.123515e-13 
  416.000  1.089037e+03  2.314881e+02  7.626960e-13  1.016405e+02  4.568805e+01  1.745119e-13 
  417.000  1.056330e+03  2.219484e+02  7.155358e-13  9.858800e+01  4.385294e+01  3.066639e-14 
  418.000  1.033751e+03  2.147108e+02 -1.297472e-12  9.648070e+01  4.246866e+01 -3.170026e-13 
  419.000  1.059506e+03  2.175418e+02 -4.654068e-13  9.888440e+01  4.307432e+01 -2.336717e-13 
  420.000  8.971188e+02  1.821002e+02 -8.412405e-13  8.372869e+01  3.609460e+01 -1.301672e-13 
  421.000  1.124390e+03  2.256437e+02 -2.712287e-13  1.049400e+02  4.477228e+01 -2.736703e-14 
  422.000  1.077757e+03  2.138441e+02 -1.638040e-12  1.005877e+02  4.247520e+01 -2.229951e-14 
  423.000  9.105232e+02  1.786320e+02  2.262587e-12  8.497974e+01  3.551783e+01  3.230933e-13 
  424.000  1.001839e+03  1.943465e+02 -1.538955e-12  9.350233e+01  3.868190e+01 -3.486552e-13 
  425.000  1.037916e+03  1.990940e+02 -6.466360e-15  9.686942e+01  3.966641e+01  1.759974e-14 
  426.000  9.980258e+02  1.893095e+02 -2.677717e-12  9.314641e+01  3.775422e+01 -3.381062e-13 
  427.000  9.602700e+02  1.801267e+02  4.665585e-14  8.962263e+01  3.595797e+01  1.004606e-13 
  428.000  9.726343e+02  1.804289e+02  1.429624e-13  9.077660e+01  3.605315e+01  6.127485e-14 
  429.000  8.851194e+02  1.623858e+02  1.143766e-12  8.260878e+01  3.247887e+01  1.488688e-13 
  430.000  7.064993e+02  1.281924e+02 -1.223541e-12  6.593805e+01  2.566400e+01 -2.163033e-13 
  431.000  6.353703e+02  1.140256e+02  3.012224e-13  5.929953e+01  2.284918e+01  1.013865e-13 
  432.000  1.143964e+03  2.030618e+02 -1.403519e-13  1.067669e+02  4.072846e+01 -2.690670e-14 
  433.000  1.018543e+03  1.788353e+02 -2.049714e-13  9.506127e+01  3.590211e+01 -6.182872e-14 
  434.000  9.683135e+02  1.681769e+02 -3.625256e-13  9.037334e+01  3.379300e+01  1.998196e-14 
  435.000  1.053748e+03  1.810425e+02  4.435574e-13  9.834705e+01  3.641077e+01 -1.662469e-14 
  436.000  1.168717e+03  1.986373e+02  6.480785e-15  1.090772e+02  3.998469e+01 -2.158573e-14 
  437.000  1.180260e+03  1.984501e+02 -9.205593e-14  1.101544e+02  3.998183e+01 -1.046732e-14 
  438.000  1.057498e+03  1.759096e+02  5.026320e-13  9.869699e+01  3.547104e+01 -2.302408e-14 
  439.000  1.023534e+03  1.684486e+02 -1.180725e-12  9.552714e+01  3.399553e+01 -2.757372e-13 
  440.000  1.147420e+03  1.868312e+02 -4.291810e-13  1.070894e+02  3.773675e+01 -1.149368e-13 
  441.000  1.143938e+03  1.842908e+02 -1.687353e-13  1.067645e+02  3.725403e+01  1.390081e-13 
  442.000  1.205046e+03  1.920823e+02  4.503776e-13  1.124678e+02  3.886000e+01  4.544318e-14 
  443.000  1.213354e+03  1.913648e+02 -1.171937e-13  1.132432e+02  3.874498e+01 -6.194560e-14 
  444.000  1.205721e+03  1.881567e+02 -7.589815e-13  1.125307e+02  3.812437e+01 -3.635980e-14 
  445.000  1.268540e+03  1.958743e+02 -1.644393e-14  1.183937e+02  3.971712e+01  5.173406e-14 
  446.000  1.129418e+03  1.725530e+02 -2.768339e-14  1.054093e+02  3.501260e+01  3.691541e-14 
  447.000  1.288366e+03  1.947916e+02 -3.845409e-14  1.202440e+02  3.955492e+01  6.515878e-14 
  448.000  1.310037e+03  1.960562e+02  3.117615e-13  1.222666e+02  3.984613e+01  1.999911e-14 
  449.000  1.319161e+03  1.954352e+02  5.548771e-13  1.231182e+02  3.975534e+01  7.772329e-14 
  450.000  1.348128e+03  1.977171e+02 -4.526856e-13  1.258217e+02  4.025431e+01  3.382739e-14 
  451.000  1.457166e+03  2.115528e+02 -1.899880e-13  1.359983e+02  4.310659e+01 -7.678743e-14 
  452.000  1.354819e+03  1.947064e+02  4.521651e-13  1.264461e+02  3.970506e+01  0.000000e+00 
  453.000  1.257821e+03  1.789404e+02  1.975050e-12  1.173933e+02  3.651773e+01  2.210166e-13 
  454.000  1.341216e+03  1.888788e+02  1.106066e-12  1.251766e+02  3.857437e+01  2.439154e-13 
  455.000  1.350811e+03  1.883134e+02 -1.602784e-12  1.260721e+02  3.848674e+01 -2.301452e-13 
  456.000  1.383792e+03  1.909664e+02  9.708144e-13  1.291503e+02  3.905611e+01  1.956286e-13 
  457.000  1.391790e+03  1.901445e+02  1.162081e-12  1.298967e+02  3.891533e+01  1.384525e-13 
  458.000  1.367550e+03  1.849647e+02  1.009417e-12  1.276344e+02  3.788137e+01  2.564630e-13 
  459.000  1.367615e+03  1.831254e+02  4.457259e-13  1.276405e+02  3.752979e+01 -3.543039e-14 
  460.000  1.355938e+03  1.797546e+02 -2.755345e-14  1.265506e+02  3.686350e+01  4.470313e-14 
  461.000  1.405328e+03  1.844536e+02  8.226042e-13  1.311602e+02  3.785208e+01  8.432851e-14 
  462.000  1.382660e+03  1.796802e+02  7.603735e-15  1.290446e+02  3.689616e+01  3.205792e-14 
  463.000  1.383216e+03  1.779754e+02  2.738831e-13  1.290965e+02  3.656904e+01  6.669298e-14 
  464.000  1.387800e+03  1.768172e+02 -4.225662e-13  1.295243e+02  3.635464e+01 -5.697412e-14 
  465.000  1.367552e+03  1.725340e+02  2.088292e-13  1.276345e+02  3.549636e+01  2.363407e-14 
  466.000  1.410872e+03  1.762602e+02 -4.319475e-13  1.316776e+02  3.628508e+01 -9.372013e-14 
  467.000  1.361061e+03  1.683747e+02  2.079655e-13  1.270287e+02  3.468190e+01  8.068267e-14 
  468.000  1.440865e+03  1.764927e+02 -2.806827e-13  1.344769e+02  3.637315e+01 -5.501040e-15 
  469.000  1.428211e+03  1.732055e+02  1.207874e-13  1.332959e+02  3.571180e+01  2.813029e-14 
  470.000  1.408498e+03  1.691037e+02  2.274482e-13  1.314560e+02  3.487914e+01  2.949184e-14 
  471.000  1.405890e+03  1.670820e+02 -6.088365e-14  1.312127e+02  3.447202e+01 -2.049244e-14 
  472.000  1.422994e+03  1.673898e+02 -2.806820e-14  1.328090e+02  3.454301e+01 -8.108167e-15 
  473.000  1.407436e+03  1.638526e+02  3.466536e-14  1.313569e+02  3.381747e+01  8.904176e-16 
  474.000  1.418658e+03  1.634399e+02  4.464191e-13  1.324043e+02  3.373382e+01  5.292366e-14 
  475.000  1.475837e+03  1.681802e+02 -1.000933e-13  1.377408e+02  3.470332e+01 -2.239531e-14 
  476.000  1.430266e+03  1.611419e+02  2.158554e-13  1.334877e+02  3.323236e+01  2.442925e-14 
  477.000  1.416951e+03  1.579087e+02 -1.430900e-13  1.322450e+02  3.255572e+01  0.000000e+00 
  478.000  1.486786e+03  1.642290e+02  6.214687e-14  1.387627e+02  3.388971e+01  1.314304e-14 
  479.000  1.419055e+03  1.555310e+02  3.321021e-14  1.324413e+02  3.214430e+01  1.250579e-14 
  480.000  1.446734e+03  1.573782e+02  7.872466e-14  1.350247e+02  3.258097e+01  1.724584e-14 
  481.000  1.437635e+03  1.551630e+02  1.868759e-13  1.341754e+02  3.216893e+01  3.597291e-14 
  482.000  1.467400e+03  1.570800e+02 -1.649740e-13  1.369534e+02  3.260588e+01 -4.211356e-14 
  483.000  1.468638e+03  1.558775e+02 -9.415912e-14  1.370690e+02  3.238869e+01 -5.485217e-15 
  484.000  1.411894e+03  1.485390e+02 -5.875568e-13  1.317730e+02  3.088872e+01 -1.517538e-13 
  485.000  1.422051e+03  1.482684e+02 -1.046537e-12  1.327210e+02  3.085340e+01 -1.675800e-13 
  486.000  1.152780e+03  1.191097e+02  9.262052e-13  1.075897e+02  2.480102e+01  1.206245e-13 
  487.000  1.295425e+03  1.326378e+02  3.188124e-13  1.209029e+02  2.763369e+01  2.161795e-14 
  488.000  1.406302e+03  1.426849e+02 -2.460217e-13  1.312511e+02  2.974293e+01 -2.863496e-14 
  489.000  1.307048e+03  1.314127e+02  1.456600e-13  1.219876e+02  2.740754e+01  3.945240e-14 
  490.000  1.487748e+03  1.482279e+02 -1.894765e-13  1.388525e+02  3.093040e+01 -3.385394e-14 
  491.000  1.392031e+03  1.374345e+02  4.113422e-13  1.299191e+02  2.869212e+01  1.128532e-13 
  492.000  1.337599e+03  1.308635e+02 -5.481541e-14  1.248390e+02  2.733306e+01  5.333165e-14 
  493.000  1.440494e+03  1.396574e+02 -1.702381e-13  1.344423e+02  2.918347e+01 -1.588499e-14 
  494.000  1.391494e+03  1.336888e+02 -9.141782e-14  1.298690e+02  2.794876e+01 -9.025352e-14 
  495.000  1.487395e+03  1.416179e+02 -3.455829e-13  1.388196e+02  2.961979e+01 -4.817846e-14 
  496.000  1.448648e+03  1.366854e+02 -8.032151e-13  1.352033e+02  2.860038e+01 -1.211959e-13 
  497.000  1.405305e+03  1.314060e+02 -2.425125e-13  1.311580e+02  2.750764e+01 -2.572502e-14 
  498.000  1.372145e+03  1.271577e+02 -5.045934e-13  1.280632e+02  2.662979e+01 -4.601399e-14 
  499.000  1.368876e+03  1.257204e+02 -1.787922e-13  1.277581e+02  2.633967e+01  6.255055e-14 
  500.000  1.362892e+03  1.240549e+02  4.719665e-13  1.271996e+02  2.600139e+01  4.397697e-14 
  501.000  1.332388e+03  1.201974e+02 -2.616380e-15  1.243527e+02  2.520277e+01 -2.756154e-14 
  502.000  1.323706e+03  1.183542e+02  8.472419e-13  1.235424e+02  2.482609e+01  1.255496e-13 
  503.000  1.402666e+03  1.243044e+02 -1.191868e-12  1.309117e+02  2.608448e+01 -1.414717e-13 
  504.000  1.305083e+03  1.146346e+02  5.351765e-13  1.218043e+02  2.406454e+01  5.864023e-14 
  505.000  1.407700e+03  1.225565e+02  5.630058e-13  1.313816e+02  2.573702e+01  7.431656e-14 
  506.000  1.506809e+03  1.300433e+02  5.916551e-13  1.406315e+02  2.732054e+01  1.479455e-13 
  507.000  1.401788e+03  1.199304e+02 -2.643670e-14  1.308298e+02  2.520639e+01 -7.636868e-15 
  508.000  1.344149e+03  1.140056e+02  3.385754e-13  1.254503e+02  2.397114e+01  5.200923e-14 
  509.000  1.449250e+03  1.218603e+02 -7.920757e-13  1.352594e+02  2.563321e+01 -1.093895e-13 
  510.000  1.404043e+03  1.170421e+02 -2.139451e-13  1.310403e+02  2.462947e+01  3.048515e-14 
  511.000  1.404265e+03  1.160532e+02 -6.911573e-13  1.310610e+02  2.443077e+01 -8.460177e-14 
  512.000  1.473653e+03  1.207420e+02  8.711446e-13  1.375370e+02  2.542752e+01  1.099728e-13 
  513.000  1.348540e+03  1.095455e+02  3.931337e-13  1.258601e+02  2.307837e+01  3.729330e-14 
  514.000  1.320055e+03  1.063159e+02  5.338760e-15  1.232016e+02  2.240639e+01  6.342173e-15 
  515.000  1.347449e+03  1.075981e+02 -1.485050e-13  1.257583e+02  2.268504e+01 -1.616774e-14 
  516.000  1.415208e+03  1.120449e+02  3.925146e-13  1.320823e+02  2.363085e+01  8.059301e-14 
  517.000  1.042383e+03  8.182209e+01 -2.135372e-13  9.728629e+01  1.726230e+01 -3.434604e-14 
  518.000  1.290400e+03  1.004261e+02 -4.846688e-13  1.204339e+02  2.119401e+01 -1.212970e-13 
  519.000  1.222410e+03  9.432520e+01  2.141138e-13  1.140883e+02  1.991274e+01  2.267504e-14 
  520.000  1.345702e+03  1.029579e+02 -9.059647e-14  1.255953e+02  2.174201e+01 -2.092363e-14 
  521.000  1.346310e+03  1.021300e+02  1.241653e-13  1.256520e+02  2.157349e+01 -1.609368e-15 
  522.000  1.399594e+03  1.052680e+02 -2.589592e-13  1.306250e+02  2.224219e+01 -1.755944e-14 
  523.000  1.303673e+03  9.721306e+01 -1.700178e-13  1.216727e+02  2.054457e+01 -2.335757e-15 
  524.000  1.414287e+03  1.045614e+02 -4.162493e-15  1.319964e+02  2.210235e+01  1.688690e-14 
  525.000  1.402834e+03  1.028277e+02 -1.262544e-13  1.309275e+02  2.173997e+01 -2.009402e-14 
  526.000  1.336771e+03  9.715721e+01  0.000000e+00  1.247617e+02  2.054597e+01  0.000000e+00 
  527.000  1.167643e+03  8.414458e+01 -2.943632e-13  1.089769e+02  1.779770e+01 -4.805567e-14 
  528.000  1.402243e+03  1.001939e+02  9.679907e-14  1.308722e+02  2.119635e+01  1.588886e-14 
  529.000  1.441951e+03  1.021602e+02  3.502491e-14  1.345783e+02  2.161643e+01  2.493425e-14 
  530.000  1.362420e+03  9.571330e+01 -4.398574e-14  1.271555e+02  2.025629e+01 -3.248965e-15 
  531.000  1.482883e+03  1.033031e+02 -8.697270e-14  1.383984e+02  2.186698e+01 -6.187316e-15 
  532.000  1.414553e+03  9.772549e+01 -4.114809e-13  1.320212e+02  2.069128e+01 -6.743592e-14 
  533.000  1.242258e+03  8.512213e+01  3.163607e-13  1.159408e+02  1.802827e+01  6.658077e-14 
  534.000  1.350671e+03  9.181313e+01 -2.416053e-14  1.260590e+02  1.945329e+01  1.285879e-14 
  535.000  1.377864e+03  9.292695e+01 -3.448985e-14  1.285970e+02  1.969858e+01  4.914478e-15 
  536.000  1.461838e+03  9.781686e+01 -1.837850e-13  1.364343e+02  2.074459e+01 -3.125533e-14 
  537.000  1.356041e+03  9.002165e+01 -9.146917e-14  1.265602e+02  1.909929e+01 -4.103946e-14 
  538.000  1.419305e+03  9.347318e+01  2.547418e-13  1.324647e+02  1.983882e+01  6.143714e-14 
  539.000  1.414447e+03  9.241176e+01  8.306598e-14  1.320113e+02  1.962019e+01  8.381373e-15 
  540.000  1.384064e+03  8.970572e+01 -2.032799e-14  1.291756e+02  1.905169e+01 -1.885067e-14 
  541.000  1.269027e+03  8.159478e+01  1.523513e-13  1.184392e+02  1.733442e+01  4.505960e-14 
  542.000  1.415463e+03  9.028544e+01  2.044392e-14  1.321061e+02  1.918633e+01  8.371390e-16 
  543.000  1.353826e+03  8.566683e+01 -9.884934e-14  1.263535e+02  1.821000e+01 -8.802326e-15 
  544.000  1.427863e+03  8.963194e+01  2.036206e-15  1.332634e+02  1.905787e+01 -4.302136e-14 
  545.000  1.406552e+03  8.759129e+01  1.498810e-15  1.312744e+02  1.862871e+01  2.325733e-14 
  546.000  1.375236e+03  8.496035e+01  1.822010e-13  1.283517e+02  1.807363e+01  3.977811e-14 
  547.000  1.433628e+03  8.786662e+01 -7.220763e-14  1.338015e+02  1.869662e+01 -4.567957e-14 
  548.000  1.330160e+03  8.088051e+01 -1.491110e-13  1.241447e+02  1.721431e+01 -4.707325e-15 
  549.000  1.399875e+03  8.444831e+01  7.244416e-14  1.306513e+02  1.797807e+01  2.476048e-15 
  550.000  1.369315e+03  8.195329e+01 -1.944367e-14  1.277990e+02  1.745095e+01 -1.614189e-14 
  551.000  1.361137e+03  8.081979e+01  2.603627e-13  1.270358e+02  1.721314e+01  3.449141e-14 
  552.000  1.420234e+03  8.366448e+01 -5.301308e-14  1.325514e+02  1.782277e+01 -1.673584e-15 
  553.000  1.365002e+03  7.977695e+01  8.766413e-14  1.273965e+02  1.699792e+01  8.845327e-15 
  554.000  1.410027e+03  8.175966e+01 -5.793468e-14  1.315987e+02  1.742361e+01 -2.408518e-14 
  555.000  1.414432e+03  8.137065e+01 -1.824708e-14  1.320099e+02  1.734387e+01  2.499010e-14 
  556.000  1.375883e+03  7.853156e+01  4.303228e-14  1.284121e+02  1.674164e+01  1.620443e-14 
  557.000  1.335478e+03  7.562519e+01  5.261934e-14  1.246411e+02  1.612441e+01  1.336902e-14 
  558.000  1.386646e+03  7.790497e+01  1.488828e-13  1.294166e+02  1.661276e+01  4.490982e-14 
  559.000  1.311091e+03  7.308041e+01 -1.565876e-13  1.223650e+02  1.558585e+01 -1.466933e-14 
  560.000  1.317238e+03  7.284250e+01 -2.356197e-13  1.229387e+02  1.553643e+01 -4.421833e-14 
  561.000  1.448104e+03  7.944337e+01 -1.183925e-13  1.351526e+02  1.694515e+01 -4.691276e-14 
  562.000  1.329126e+03  7.229182e+01 -1.025356e-14  1.240482e+02  1.541399e+01  4.700854e-15 
  563.000  1.390864e+03  7.504115e+01  5.370583e-14  1.298102e+02  1.599948e+01  9.021029e-15 
  564.000  1.371477e+03  7.338831e+01  4.296909e-15  1.280009e+02  1.564456e+01  1.618064e-15 
  565.000  1.387654e+03  7.361576e+01  7.482713e-14  1.295107e+02  1.568628e+01  1.474721e-14 
  566.000  1.279773e+03  6.735021e+01 -7.544809e-14  1.194421e+02  1.435059e+01 -9.825997e-15 
  567.000  1.371439e+03  7.144418e+01  1.750320e-13  1.279973e+02  1.520060e+01  2.598211e-14 
  568.000  1.360632e+03  6.968781e+01 -8.634206e-15  1.269887e+02  1.473791e+01 -3.251337e-15 
  569.000  1.316005e+03  6.594075e+01  2.186408e-14  1.228236e+02  1.381640e+01  1.761973e-15 
  570.000  1.326620e+03  6.608563e+01  2.083695e-14  1.238143e+02  1.386531e+01  4.257987e-15 
  571.000  1.293330e+03  6.460778e+01  3.890702e-14  1.207073e+02  1.365142e+01  6.192245e-15 
  572.000  1.355038e+03  6.648313e+01 -1.012252e-15  1.264666e+02  1.395294e+01  9.453392e-16 
  573.000  1.373858e+03  6.707116e+01  2.790536e-15  1.282231e+02  1.410287e+01 -3.700222e-15 
  574.000  1.368143e+03  6.633451e+01 -5.106671e-14  1.276897e+02  1.395644e+01 -5.657355e-15 
  575.000  1.334478e+03  6.415416e+01  4.288094e-14  1.245477e+02  1.349092e+01  8.638902e-15 
  576.000  1.310525e+03  6.250539e+01 -1.003047e-14  1.223122e+02  1.314246e+01 -2.380712e-15 
  577.000  1.369118e+03  6.495214e+01  1.370121e-14  1.277807e+02  1.367817e+01  7.408250e-15 
  578.000  1.334190e+03  6.315673e+01 -2.257468e-14  1.245208e+02  1.334952e+01  2.392296e-15 
  579.000  1.327287e+03  6.258653e+01 -1.453246e-14  1.238766e+02  1.326237e+01  3.159499e-15 
  580.000  1.374909e+03  6.449145e+01  1.241580e-14  1.283212e+02  1.368721e+01  2.446953e-15 
  581.000  1.353598e+03  6.328782e+01 -8.822995e-14  1.263322e+02  1.347063e+01 -1.358100e-14 
  582.000  1.375708e+03  6.397908e+01  4.383569e-14  1.283957e+02  1.363780e+01  3.237882e-15 
  583.000  1.385669e+03  6.398684e+01 -2.162374e-14  1.293254e+02  1.364358e+01 -8.142736e-15 
  584.000  1.381698e+03  6.335194e+01 -6.745096e-14  1.289548e+02  1.351217e+01 -3.243836e-15 
  585.000  1.372664e+03  6.246315e+01 -3.306182e-14  1.281117e+02  1.332227e+01 -8.050847e-15 
  586.000  1.313905e+03  5.934581e+01  3.815783e-14  1.226276e+02  1.265804e+01  3.850132e-15 
  587.000  1.359015e+03  6.058506e+01  3.259787e-14  1.268378e+02  1.287497e+01  8.879479e-15 
  588.000  1.319034e+03  5.727855e+01 -2.627233e-15  1.231064e+02  1.202190e+01  3.496917e-16 
  589.000  1.134092e+03  4.794402e+01  1.098031e-14  1.058455e+02  9.932549e+00  2.972952e-15 
  590.000  1.181904e+03  4.954575e+01 -1.690580e-14  1.103079e+02  1.025744e+01 -1.055126e-15 
  591.000  1.282349e+03  5.402560e+01  2.417242e-14  1.196825e+02  1.128000e+01  1.677960e-15 
  592.000  1.244223e+03  5.170110e+01  9.454486e-15  1.161242e+02  1.074856e+01  2.300759e-15 
  593.000  1.287274e+03  5.390911e+01  3.316259e-14  1.201421e+02  1.132241e+01  7.454911e-15 
  594.000  1.292573e+03  5.353779e+01  3.694286e-14  1.206367e+02  1.121749e+01  3.727542e-15 
  595.000  1.247300e+03  5.076628e+01 -1.435391e-14  1.164113e+02  1.056493e+01 -4.146469e-15 
  596.000  1.309044e+03  5.371939e+01 -3.006576e-14  1.221739e+02  1.129690e+01 -3.665984e-15 
  597.000  1.307194e+03  5.307553e+01 -3.466108e-14  1.220013e+02  1.113741e+01 -1.497660e-15 
  598.000  1.293421e+03  5.253264e+01 -5.407020e-14  1.207159e+02  1.107972e+01 -7.836266e-15 
  599.000  1.299584e+03  5.260007e+01 -1.326434e-14  1.212911e+02  1.112251e+01 -2.375490e-15 
  600.000  1.311706e+03  5.318660e+01  1.063924e-13  1.224224e+02  1.131478e+01  2.328870e-14 
  601.000  1.312602e+03  5.319264e+01  0.000000e+00  1.225060e+02  1.136638e+01  0.000000e+00 
  602.000  1.301409e+03  5.253470e+01  2.254109e-14  1.214613e+02  1.125130e+01  2.274401e-15 
  603.000  1.312274e+03  5.276235e+01 -9.871055e-14  1.224754e+02  1.132459e+01 -1.219103e-14 
  604.000  1.356246e+03  5.427638e+01 -1.050537e-13  1.265793e+02  1.166932e+01 -2.669105e-14 
  605.000  1.354167e+03  5.387265e+01  1.035827e-13  1.263853e+02  1.159237e+01  2.190603e-14 
  606.000  1.339171e+03  5.292024e+01  1.966884e-13  1.249857e+02  1.139126e+01  2.550341e-14 
  607.000  1.332326e+03  5.229619e+01  3.646027e-14  1.243468e+02  1.126035e+01  2.841838e-14 
  608.000  1.327991e+03  5.176919e+01  4.414087e-14  1.239423e+02  1.114916e+01  1.453226e-14 
  609.000  1.314871e+03  5.090480e+01  5.651118e-14  1.227178e+02  1.096486e+01  6.809791e-15 
  610.000  1.294283e+03  4.976241e+01  2.448887e-14  1.207962e+02  1.072045e+01 -2.976570e-15 
  611.000  1.315725e+03  5.023765e+01 -2.540884e-14  1.227975e+02  1.082432e+01  7.557566e-16 
  612.000  1.299017e+03  4.925697e+01 -2.294137e-14  1.212381e+02  1.061432e+01  9.691178e-15 
  613.000  1.280439e+03  4.821608e+01  1.298520e-14  1.195042e+02  1.039106e+01 -5.139197e-15 
  614.000  1.234578e+03  4.616626e+01 -5.534100e-14  1.152240e+02  9.950096e+00 -1.697480e-14 
  615.000  1.294091e+03  4.805635e+01 -3.565334e-14  1.207784e+02  1.035829e+01  7.407594e-16 
  616.000  1.230771e+03  4.538715e+01  3.041166e-14  1.148687e+02  9.783506e+00  1.337521e-14 
  617.000  1.238033e+03  4.533560e+01  3.006552e-14  1.155465e+02  9.772580e+00  1.132161e-14 
  618.000  1.296707e+03  4.714942e+01  9.518794e-14  1.210225e+02  1.016332e+01  2.370255e-14 
  619.000  1.285042e+03  4.639231e+01  3.013074e-14  1.199338e+02  9.999278e+00  7.337104e-15 
  620.000  1.304218e+03  4.674740e+01  5.296637e-16  1.217236e+02  1.007464e+01  2.233102e-15 
  621.000  1.326788e+03  4.721215e+01 -1.540760e-13  1.238300e+02  1.017301e+01 -1.665467e-14 
  622.000  1.256851e+03  4.439643e+01  1.246097e-13  1.173027e+02  9.564047e+00  1.362290e-14 
  623.000  1.266639e+03  4.440865e+01  1.254145e-14  1.182163e+02  9.563463e+00  8.670881e-15 
  624.000  1.267981e+03  4.412596e+01 -1.782922e-15  1.183415e+02  9.499529e+00  7.233172e-15 
  625.000  1.233546e+03  4.260739e+01 -7.124429e-14  1.151276e+02  9.169312e+00 -1.337029e-14 
  626.000  1.238616e+03  4.240363e+01  6.687335e-14  1.156009e+02  9.113566e+00  7.783521e-15 
  627.000  1.250946e+03  4.209604e+01  1.724317e-14  1.167516e+02  8.985922e+00  5.508599e-15 
  628.000  1.221746e+03  4.003066e+01  6.985947e-15  1.140264e+02  8.436591e+00  2.733467e-15 
  629.000  1.256428e+03  4.121839e+01 -7.680819e-15  1.172632e+02  8.731596e+00 -1.800424e-15 
  630.000  1.222821e+03  4.011513e+01  5.248243e-14  1.141267e+02  8.537214e+00  8.265346e-15 
  631.000  1.270477e+03  4.156536e+01  4.795495e-14  1.185745e+02  8.869505e+00  8.048178e-15 
  632.000  1.175472e+03  3.794333e+01  2.250887e-14  1.097075e+02  8.060092e+00  3.707295e-15 
  633.000  1.271396e+03  4.115716e+01  4.818740e-14  1.186602e+02  8.799224e+00  8.630459e-15 
  634.000  1.235985e+03  3.985402e+01  5.699283e-14  1.153553e+02  8.536545e+00  9.886082e-15 
  635.000  1.258303e+03  4.029235e+01 -2.792237e-15  1.174383e+02  8.629203e+00  2.872636e-15 
  636.000  1.215603e+03  3.874904e+01 -7.345931e-15  1.134531e+02  8.311007e+00 -2.766218e-15 
  637.000  1.256875e+03  3.984901e+01  4.620908e-14  1.173049e+02  8.554600e+00  5.706949e-15 
  638.000  1.280978e+03  4.056735e+01 -2.480251e-14  1.195546e+02  8.741343e+00 -1.444864e-15 
  639.000  1.270646e+03  3.997874e+01  4.965694e-14  1.185902e+02  8.615656e+00  5.010395e-15 
  640.000  1.233045e+03  3.864722e+01  2.375853e-14  1.150809e+02  8.344554e+00  1.384047e-15 
  641.000  1.250854e+03  3.894023e+01  3.725344e-15  1.167431e+02  8.407307e+00  1.402833e-15 
  642.000  1.237507e+03  3.834571e+01  2.694368e-14  1.154973e+02  8.290051e+00  6.920779e-16 
  643.000  1.256105e+03  3.850565e+01  1.122859e-14  1.172331e+02  8.302204e+00  4.228290e-15 
  644.000  1.241806e+03  3.781324e+01 -3.129836e-14  1.158986e+02  8.152729e+00 -4.177356e-15 
  645.000  1.247938e+03  3.757881e+01  5.106409e-14  1.164709e+02  8.078310e+00  6.947376e-15 
  646.000  1.181038e+03  3.475079e+01 -8.356930e-15  1.102271e+02  7.389165e+00 -2.065083e-15 
  647.000  1.183568e+03  3.429940e+01 -3.088707e-14  1.104632e+02  7.251713e+00 -6.095002e-16 
  648.000  1.166360e+03  3.331243e+01  9.514042e-15  1.088571e+02  7.005788e+00 -1.405881e-15 
  649.000  1.202674e+03  3.435666e+01  8.673351e-15  1.122463e+02  7.258379e+00  1.022192e-15 
  650.000  1.138231e+03  3.284393e+01  5.727738e-14  1.062319e+02  7.015819e+00  8.194894e-15 
  651.000  1.226069e+03  3.514476e+01  5.001392e-14  1.144299e+02  7.507082e+00  4.193661e-15 
  652.000  1.180317e+03  3.312408e+01 -8.799351e-15  1.101598e+02  7.007273e+00 -2.217619e-15 
  653.000  1.230063e+03  3.489194e+01  3.959769e-14  1.148026e+02  7.466227e+00  6.343265e-15 
  654.000  1.211191e+03  3.405563e+01  1.279859e-14  1.130413e+02  7.276427e+00  2.634353e-15 
  655.000  1.170157e+03  3.246878e+01 -6.823697e-14  1.092115e+02  6.906592e+00 -1.275090e-14 
  656.000  9.961774e+02  2.752292e+01  2.364188e-14  9.297390e+01  5.863193e+00  6.863013e-15 
  657.000  1.067755e+03  2.941815e+01 -1.016347e-15  9.965427e+01  6.282387e+00 -5.199651e-15 
  658.000  1.197978e+03  3.302759e+01  4.833976e-15  1.118081e+02  7.086681e+00 -4.645463e-15 
  659.000  1.205903e+03  3.318579e+01 -3.014436e-14  1.125477e+02  7.142658e+00 -4.937325e-15 
  660.000  1.217590e+03  3.336185e+01 -1.041634e-14  1.136385e+02  7.190617e+00 -4.437664e-15 
  661.000  1.229442e+03  3.368658e+01  3.315232e-14  1.147447e+02  7.291517e+00  1.357524e-15 
  662.000  1.249988e+03  3.414668e+01 -3.406776e-14  1.166622e+02  7.407909e+00 -3.437444e-15 
  663.000  1.235561e+03  3.350507e+01 -5.270684e-14  1.153157e+02  7.264303e+00 -1.427579e-14 
  664.000  1.217019e+03  3.283121e+01 -7.737736e-14  1.135852e+02  7.123967e+00 -1.270093e-14 
  665.000  1.223224e+03  3.281879e+01 -4.489221e-14  1.141643e+02  7.125727e+00 -1.140579e-14 
  666.000  1.239160e+03  3.307918e+01 -1.586161e-14  1.156516e+02  7.188690e+00 -1.153355e-14 
  667.000  1.215410e+03  3.226878e+01  2.481484e-13  1.134351e+02  7.016893e+00  2.990274e-14 
  668.000  1.223392e+03  3.231464e+01 -1.063918e-14  1.141800e+02  7.032640e+00 -4.006340e-15 
  669.000  1.241537e+03  3.260329e+01  3.170209e-13  1.158735e+02  7.097959e+00  5.280040e-14 
  670.000  1.227088e+03  3.203004e+01 -8.305445e-14  1.145249e+02  6.974635e+00 -9.358957e-15 
  671.000  1.214564e+03  3.151576e+01 -2.810354e-13  1.133560e+02  6.864523e+00 -3.900314e-14 
  672.000  1.210950e+03  3.123089e+01 -2.028521e-13  1.130187e+02  6.803514e+00 -4.939629e-14 
  673.000  1.219948e+03  3.127120e+01 -5.184527e-14  1.138586e+02  6.813224e+00  1.127166e-14 
  674.000  1.222631e+03  3.114901e+01  9.755184e-14  1.141090e+02  6.787486e+00  1.859289e-14 
  675.000  1.204266e+03  3.049475e+01  5.414660e-14  1.123950e+02  6.645817e+00  1.503272e-14 
  676.000  1.227286e+03  3.088812e+01 -7.256918e-14  1.145434e+02  6.732296e+00 -7.322244e-15 
  677.000  1.203162e+03  3.009665e+01 -2.217522e-14  1.122919e+02  6.560529e+00 -1.369576e-14 
  678.000  1.223356e+03  3.041607e+01 -1.090808e-13  1.141766e+02  6.630937e+00 -1.391714e-14 
  679.000  1.206178e+03  2.980034e+01  7.446033e-14  1.125734e+02  6.496472e+00  2.090123e-14 
  680.000  1.196290e+03  2.934150e+01 -3.233350e-14  1.116506e+02  6.392095e+00  9.074403e-15 
  681.000  1.196792e+03  2.913239e+01 -8.201694e-14  1.116974e+02  6.340981e+00 -1.492689e-14 
  682.000  1.194062e+03  2.887472e+01  3.254546e-14  1.114426e+02  6.283333e+00  5.179770e-15 
  683.000  1.201581e+03  2.885293e+01  8.144128e-14  1.121443e+02  6.275206e+00  1.108026e-14 
  684.000  1.178278e+03  2.805088e+01  1.609360e-14  1.099695e+02  6.091096e+00  2.561376e-15 
  685.000  1.192861e+03  2.826742e+01  9.115545e-14  1.113306e+02  6.144505e+00  1.488139e-14 
  686.000  1.138378e+03  2.669206e+01  1.648544e-14  1.062456e+02  5.785517e+00  6.207833e-15 
  687.000  9.993033e+02  2.204542e+01  5.490179e-14  9.326563e+01  4.611942e+00  7.319664e-15 
  688.000  1.045414e+03  2.318382e+01 -1.815889e-14  9.756922e+01  4.886623e+00 -2.709927e-15 
  689.000  1.033608e+03  2.269230e+01  4.808877e-15  9.646728e+01  4.770731e+00  1.810853e-15 
  690.000  1.062499e+03  2.333251e+01  2.643183e-14  9.916371e+01  4.925616e+00  7.091543e-15 
  691.000  1.092694e+03  2.403683e+01  1.400640e-14  1.019819e+02  5.099468e+00  3.284550e-16 
  692.000  1.093030e+03  2.394045e+01  1.000288e-14  1.020132e+02  5.083713e+00  2.093343e-15 
  693.000  1.061564e+03  2.278002e+01 -2.278572e-14  9.907646e+01  4.790324e+00 -1.536148e-15 
  694.000  1.034696e+03  2.180859e+01  1.651876e-14  9.656883e+01  4.548637e+00  2.629043e-15 
  695.000  1.036946e+03  2.185337e+01 -5.934658e-15  9.677889e+01  4.576495e+00  1.290252e-15 
  696.000  1.061737e+03  2.233549e+01 -7.731460e-15  9.909264e+01  4.690969e+00  6.521792e-16 
  697.000  1.126225e+03  2.416852e+01  2.581872e-14  1.051114e+02  5.164511e+00  3.254447e-15 
  698.000  1.091561e+03  2.311597e+01 -8.173969e-15  1.018761e+02  4.915923e+00 -3.050582e-15 
  699.000  1.054348e+03  2.173060e+01  1.814284e-14  9.840296e+01  4.556861e+00  3.263131e-15 
  700.000  1.050760e+03  2.158120e+01  5.594866e-16  9.806811e+01  4.533199e+00  2.106829e-16 
  701.000  1.014689e+03  2.063506e+01 -8.906547e-15  9.470156e+01  4.323138e+00 -3.353891e-15 
  702.000  1.018323e+03  2.064337e+01  8.339896e-15  9.504072e+01  4.333204e+00  3.140510e-15 
  703.000  1.078820e+03  2.211274e+01 -2.003756e-14  1.006870e+02  4.694667e+00 -4.554100e-15 
  704.000  1.083728e+03  2.210171e+01 -2.645523e-14  1.011451e+02  4.695348e+00 -3.007157e-15 
  705.000  1.072378e+03  2.157168e+01 -4.202395e-15  1.000857e+02  4.559250e+00  1.714351e-16 
  706.000  1.064572e+03  2.131872e+01  7.992966e-15  9.935719e+01  4.510254e+00  1.275001e-15 
  707.000  1.055116e+03  2.106136e+01 -1.117635e-14  9.847463e+01  4.463934e+00 -2.500645e-15 
  708.000  1.093123e+03  2.175947e+01  1.734396e-15  1.020219e+02  4.621648e+00  6.531121e-16 
  709.000  1.069003e+03  2.130652e+01 -3.833713e-15  9.977073e+01  4.547209e+00  2.787996e-15 
  710.000  1.077183e+03  2.117847e+01  5.075865e-14  1.005342e+02  4.496779e+00  1.044700e-14 
  711.000  1.082503e+03  2.132016e+01 -1.824573e-14  1.010307e+02  4.549961e+00 -3.678141e-15 
  712.000  1.081059e+03  2.133127e+01 -5.508195e-14  1.008960e+02  4.575904e+00 -5.543558e-15 
  713.000  1.064977e+03  2.074920e+01  2.966762e-14  9.939500e+01  4.431000e+00  4.672876e-15 
  714.000  1.078755e+03  2.084319e+01 -7.871454e-15  1.006809e+02  4.443780e+00 -1.252781e-15 
  715.000  1.022543e+03  1.946175e+01 -3.152648e-14  9.543459e+01  4.123847e+00 -1.210029e-15 
  716.000  1.029097e+03  1.929586e+01  1.651086e-14  9.604633e+01  4.063588e+00  1.665949e-15 
  717.000  8.856182e+02  1.579276e+01 -6.443768e-15  8.265533e+01  3.220584e+00 -2.426495e-15 
  718.000  8.121711e+02  1.381443e+01 -7.338329e-16  7.580048e+01  2.725140e+00 -2.763356e-16 
  719.000  7.785728e+02  1.294931e+01  3.382101e-17  7.266471e+01  2.519728e+00  1.273580e-17 
  720.000  7.496737e+02  1.213765e+01 -3.996571e-16  6.996754e+01  2.320682e+00 -1.504967e-16 
  721.000  9.059139e+02  1.596598e+01 -2.546676e-14  8.454955e+01  3.284947e+00 -9.589881e-15 
  722.000  9.791425e+02  1.751274e+01 -5.555741e-16  9.138402e+01  3.656873e+00 -2.092096e-16 
  723.000  9.422521e+02  1.657674e+01 -3.662969e-14  8.794100e+01  3.435450e+00 -7.169914e-15 
  724.000  8.526370e+02  1.427805e+01  1.690573e-15  7.957718e+01  2.860852e+00  6.366100e-16 
  725.000  8.562139e+02  1.435632e+01  1.790126e-15  7.991101e+01  2.892879e+00  6.038676e-16 
  726.000  8.503045e+02  1.414383e+01  1.532378e-15  7.935949e+01  2.844977e+00  5.770392e-16 
  727.000  8.759785e+02  1.459575e+01  0.000000e+00  8.175565e+01  2.953379e+00  0.000000e+00 
  728.000  8.468159e+02  1.392237e+01  6.814988e-17  7.903390e+01  2.800004e+00  2.566284e-17 
  729.000  8.470064e+02  1.411413e+01  0.000000e+00  7.905167e+01  2.881951e+00  0.000000e+00 
  730.000  8.723463e+02  1.442214e+01  1.171835e-14  8.141666e+01  2.939836e+00  1.144994e-15 
  731.000  8.509160e+02  1.394720e+01  2.485994e-16  7.941656e+01  2.836529e+00  2.518945e-17 
  732.000  9.273630e+02  1.552351e+01  3.008888e-14  8.655141e+01  3.222182e+00  4.788794e-15 
  733.000  9.723727e+02  1.651708e+01 -3.120898e-15  9.075220e+01  3.477517e+00 -1.175220e-15 
  734.000  1.022132e+03  1.746666e+01 -1.189139e-14  9.539629e+01  3.706446e+00 -2.837332e-15 
  735.000  1.003561e+03  1.698890e+01 -2.468092e-15  9.366302e+01  3.596303e+00 -4.105869e-16 
  736.000  9.660771e+02  1.615768e+01  4.245349e-15  9.016462e+01  3.405832e+00  2.143087e-15 
  737.000  9.930537e+02  1.659982e+01 -7.525004e-15  9.268237e+01  3.511071e+00  4.036304e-16 
  738.000  1.010030e+03  1.692224e+01 -9.430413e-15  9.426675e+01  3.598262e+00 -3.246535e-16 
  739.000  9.855522e+02  1.648613e+01  1.236668e-14  9.198225e+01  3.515101e+00  6.217426e-15 
  740.000  1.013438e+03  1.703415e+01  2.625391e-14  9.458485e+01  3.657337e+00  2.801959e-15 
  741.000  1.016032e+03  1.710569e+01 -6.331789e-15  9.482695e+01  3.690548e+00 -4.262267e-17 
  742.000  1.003658e+03  1.685880e+01  2.268553e-15  9.367210e+01  3.645400e+00  1.900104e-15 
  743.000  1.043128e+03  1.756417e+01  4.390829e-14  9.735581e+01  3.818216e+00  3.107352e-15 
  744.000  1.057371e+03  1.776283e+01  2.534892e-14  9.868518e+01  3.869764e+00  3.383291e-15 
  745.000  1.033159e+03  1.731801e+01 -1.088419e-14  9.642545e+01  3.781391e+00 -1.098217e-15 
  746.000  1.050117e+03  1.754980e+01 -4.724793e-15  9.800809e+01  3.838617e+00  2.783331e-15 
  747.000  1.066917e+03  1.773741e+01  4.082648e-14  9.957610e+01  3.880558e+00  1.074058e-14 
  748.000  1.049303e+03  1.738431e+01 -1.688832e-14  9.793216e+01  3.808611e+00 -3.328413e-15 
  749.000  1.050409e+03  1.732059e+01  9.417416e-15  9.803533e+01  3.796764e+00 -5.547710e-15 
  750.000  1.034133e+03  1.693904e+01 -1.200245e-14  9.651630e+01  3.710476e+00 -6.013183e-15 
  751.000  1.031646e+03  1.680616e+01  1.023869e-14  9.628422e+01  3.681586e+00  9.813564e-15 
  752.000  1.049183e+03  1.702847e+01  4.915030e-14  9.792095e+01  3.734768e+00 -7.194152e-15 
  753.000  1.039848e+03  1.679300e+01  5.392995e-14  9.704966e+01  3.684463e+00  3.836626e-15 
  754.000  1.056531e+03  1.697428e+01  1.541188e-13  9.860672e+01  3.725098e+00  5.955633e-14 
  755.000  1.050640e+03  1.678818e+01  1.051416e-13  9.805695e+01  3.684481e+00 -1.936746e-14 
  756.000  1.030261e+03  1.637390e+01 -5.941459e-15  9.615498e+01  3.593835e+00  8.137065e-15 
  757.000  1.037915e+03  1.640554e+01 -1.585986e-13  9.686932e+01  3.600872e+00 -2.240255e-14 
  758.000  1.035311e+03  1.624955e+01  2.900598e-14  9.662625e+01  3.563109e+00  1.092263e-14 
  759.000  9.317981e+02  1.394027e+01  4.494057e-14  8.696534e+01  2.973392e+00  5.252860e-15 
  760.000  3.496089e+02  3.998946e+00  8.415690e-17  3.262923e+01  6.863670e-01  3.169051e-17 
  761.000  3.012423e+02  3.293295e+00 -8.419977e-17  2.811514e+01  5.411872e-01 -3.170666e-17 
  762.000  6.034368e+02  7.797956e+00  6.227816e-17  5.631917e+01  1.508540e+00  2.345175e-17 
  763.000  5.170860e+02  6.349523e+00  1.604642e-17  4.825998e+01  1.183831e+00  6.042514e-18 
  764.000  5.692395e+02  7.101883e+00 -1.278094e-15  5.312750e+01  1.347487e+00 -1.333900e-16 
  765.000  6.898063e+02  9.095129e+00  0.000000e+00  6.438008e+01  1.810633e+00  0.000000e+00 
  766.000  7.937670e+02  1.116180e+01 -7.311426e-15  7.408279e+01  2.343587e+00 -1.440963e-15 
  767.000  8.749380e+02  1.245184e+01  2.649951e-14  8.165855e+01  2.644998e+00  3.367685e-15 
  768.000  9.563450e+02  1.376210e+01  1.283013e-15  8.925630e+01  2.954947e+00  1.785641e-15 
  769.000  9.833128e+02  1.430569e+01  3.265016e-14  9.177324e+01  3.104688e+00  3.418059e-15 
  770.000  9.926404e+02  1.450317e+01 -4.962421e-14  9.264379e+01  3.167383e+00 -1.513279e-14 
  771.000  1.000686e+03  1.462764e+01 -5.330484e-14  9.339472e+01  3.206698e+00 -1.000362e-14 
  772.000  9.984763e+02  1.453877e+01 -1.118890e-13  9.318845e+01  3.190311e+00 -1.205714e-14 
  773.000  9.951302e+02  1.442146e+01  9.940377e-14  9.287617e+01  3.165867e+00  1.461516e-14 
  774.000  1.006408e+03  1.451659e+01  1.108738e-13  9.392870e+01  3.188132e+00  1.581944e-14 
  775.000  9.690042e+02  1.390854e+01 -2.419244e-13  9.043780e+01  3.055479e+00 -3.703878e-14 
  776.000  1.009258e+03  1.441408e+01  9.124639e-14  9.419473e+01  3.167269e+00  1.848668e-14 
  777.000  1.002285e+03  1.423729e+01 -7.437685e-15  9.354395e+01  3.128295e+00 -9.965759e-15 
  778.000  9.967935e+02  1.408005e+01  4.136584e-14  9.303140e+01  3.093196e+00  4.173821e-15 
  779.000  9.999326e+02  1.404559e+01 -1.526841e-13  9.332437e+01  3.085098e+00 -2.460265e-14 
  780.000  9.874890e+02  1.379407e+01 -3.037660e-14  9.216300e+01  3.029415e+00 -1.551063e-15 
  781.000  9.865005e+02  1.371789e+01 -2.082609e-14  9.207076e+01  3.014222e+00 -3.612531e-15 
  782.000  9.982692e+02  1.380408e+01 -1.830453e-14  9.316913e+01  3.032593e+00 -2.611685e-15 
  783.000  9.748690e+02  1.340624e+01  5.977930e-14  9.098517e+01  2.944768e+00  1.275416e-14 
  784.000  9.797336e+02  1.338990e+01  4.267855e-14  9.143919e+01  2.939440e+00  2.052487e-15 
  785.000  9.789728e+02  1.325125e+01  2.167893e-14  9.136818e+01  2.900702e+00 -3.089042e-15 
  786.000  9.569486e+02  1.281100e+01 -3.215477e-14  8.931265e+01  2.793726e+00 -4.717913e-15 
  787.000  9.595020e+02  1.263157e+01 -1.246160e-14  8.955096e+01  2.733645e+00 -4.005623e-15 
  788.000  9.390423e+02  1.223133e+01 -1.539767e-14  8.764145e+01  2.637535e+00 -4.443428e-15 
  789.000  9.230548e+02  1.178087e+01  2.039738e-14  8.614931e+01  2.514891e+00  4.945684e-15 
  790.000  9.117679e+02  1.156185e+01  2.453635e-14  8.509591e+01  2.466121e+00  2.468563e-15 
  791.000  9.109897e+02  1.151807e+01  1.612876e-14  8.502328e+01  2.460550e+00  3.380737e-15 
  792.000  9.001866e+02  1.134852e+01 -5.149140e-15  8.401502e+01  2.428116e+00 -1.938984e-15 
  793.000  9.077854e+02  1.145286e+01 -2.017200e-14  8.472421e+01  2.460249e+00 -2.403365e-15 
  794.000  9.162444e+02  1.167940e+01  1.675514e-15  8.551370e+01  2.535052e+00 -2.096619e-17 
  795.000  9.003445e+02  1.130181e+01  2.934365e-14  8.402974e+01  2.436552e+00  2.650766e-15 
  796.000  8.863392e+02  1.085450e+01  1.411595e-14  8.272263e+01  2.309837e+00  2.660403e-15 
  797.000  9.002462e+02  1.101828e+01  7.433551e-15  8.402058e+01  2.351887e+00  1.465032e-15 
  798.000  9.193418e+02  1.133661e+01  3.278374e-15  8.580276e+01  2.440431e+00 -1.427423e-15 
  799.000  9.143062e+02  1.117957e+01  2.218013e-14  8.533280e+01  2.401361e+00  4.359678e-15 
  800.000  8.772643e+02  1.057550e+01 -1.287653e-15  8.187566e+01  2.257956e+00 -4.848848e-16 
  801.000  8.951087e+02  1.074486e+01  2.068608e-14  8.354108e+01  2.295521e+00  3.820839e-15 
  802.000  8.919820e+02  1.064314e+01 -8.981860e-17  8.324927e+01  2.272494e+00 -3.382244e-17 
  803.000  8.811094e+02  1.047174e+01  1.669326e-14  8.223453e+01  2.237666e+00  2.381789e-15 
  804.000  8.953791e+02  1.063039e+01 -5.432470e-14  8.356633e+01  2.277832e+00  1.029580e-14 
  805.000  8.826521e+02  1.051973e+01  7.672270e-15  8.237850e+01  2.267714e+00  1.615409e-15 
  806.000  9.137946e+02  1.090288e+01  5.215325e-15  8.528506e+01  2.360110e+00  7.028662e-16 
  807.000  9.086194e+02  1.078805e+01 -2.068667e-15  8.480205e+01  2.335591e+00 -1.428452e-15 
  808.000  8.988936e+02  1.057825e+01  1.155032e-14  8.389433e+01  2.284428e+00 -1.418504e-15 
  809.000  8.786194e+02  1.024268e+01 -2.318671e-14  8.200213e+01  2.205581e+00 -2.376806e-15 
  810.000  8.690682e+02  1.003507e+01  4.790695e-14  8.111072e+01  2.154446e+00  6.821925e-15 
  811.000  8.714166e+02  9.932668e+00  1.408336e-14  8.132990e+01  2.121246e+00  1.438356e-15 
  812.000  8.528511e+02  9.585943e+00  2.512856e-15  7.959716e+01  2.034995e+00  9.462527e-16 
  813.000  8.302822e+02  9.202971e+00 -1.659162e-14  7.749079e+01  1.942096e+00 -1.113942e-15 
  814.000  8.043097e+02  8.782855e+00 -4.770237e-15  7.506676e+01  1.841059e+00 -1.796303e-15 
  815.000  7.652775e+02  8.212643e+00 -5.353512e-16  7.142386e+01  1.706555e+00 -8.487161e-17 
  816.000  7.210908e+02  7.567981e+00 -2.520724e-15  6.729988e+01  1.552259e+00 -9.492154e-16 
  817.000  7.271432e+02  7.594958e+00  1.550209e-16  6.786477e+01  1.558109e+00  0.000000e+00 
  818.000  7.255995e+02  7.551305e+00  5.600104e-17  6.772068e+01  1.550840e+00  2.108801e-17 
  819.000  7.181696e+02  7.485146e+00 -1.088787e-16  6.702724e+01  1.544955e+00 -4.099988e-17 
  820.000  7.444316e+02  7.848272e+00  2.886667e-18  6.947829e+01  1.639480e+00  1.087017e-18 
  821.000  8.176993e+02  8.736593e+00  0.000000e+00  7.631642e+01  1.847806e+00  0.000000e+00 
  822.000  7.585681e+02  7.948936e+00 -7.494675e-14  7.079766e+01  1.665051e+00 -2.822230e-14 
  823.000  6.712166e+02  6.684940e+00  0.000000e+00  6.264508e+01  1.352531e+00  0.000000e+00 
  824.000  7.644907e+02  7.891531e+00 -1.491561e-18  7.135043e+01  1.647367e+00 -5.616691e-19 
  825.000  8.189854e+02  8.593007e+00 -4.524783e-16  7.643645e+01  1.819820e+00 -1.703873e-16 
  826.000  8.148473e+02  8.478613e+00 -1.554481e-14  7.605024e+01  1.791701e+00 -2.904350e-15 
  827.000  8.050288e+02  8.310710e+00 -2.289110e-14  7.513387e+01  1.752837e+00 -3.641935e-15 
  828.000  7.668242e+02  7.775092e+00  1.956509e-14  7.156822e+01  1.625461e+00  7.367523e-15 
  829.000  7.793814e+02  7.897740e+00 -1.953930e-14  7.274018e+01  1.656080e+00 -7.357809e-15 
  830.000  7.815272e+02  7.922796e+00 -4.964374e-15  7.294045e+01  1.667397e+00 -1.869408e-15 
  831.000  7.712292e+02  7.792362e+00 -8.595785e-16  7.197933e+01  1.641766e+00 -3.236869e-16 
  832.000  7.887689e+02  7.941499e+00 -4.119983e-15  7.361633e+01  1.674876e+00  8.957243e-16 
  833.000  7.724628e+02  7.767813e+00  4.178729e-15  7.209447e+01  1.642352e+00  1.573562e-15 
  834.000  7.937358e+02  7.980979e+00 -3.930887e-15  7.407990e+01  1.692923e+00 -1.040313e-15 
  835.000  8.143773e+02  8.239524e+00  1.167833e-15  7.600637e+01  1.760864e+00 -1.640125e-15 
  836.000  8.177778e+02  8.204057e+00 -5.515303e-17  7.632375e+01  1.749145e+00 -8.777877e-18 
  837.000  8.104569e+02  8.090178e+00 -6.717248e-15  7.564048e+01  1.724822e+00 -1.323860e-15 
  838.000  8.225721e+02  8.218548e+00  5.244229e-15  7.677120e+01  1.759024e+00  1.974791e-15 
  839.000  8.022955e+02  8.009158e+00 -1.333025e-15  7.487877e+01  1.718884e+00  7.494499e-16 
  840.000  8.257488e+02  8.215516e+00 -8.696051e-15  7.706769e+01  1.764979e+00 -2.074113e-15 
  841.000  8.220602e+02  8.103728e+00  1.107423e-14  7.672342e+01  1.735934e+00  1.760007e-15 
  842.000  8.221138e+02  8.096425e+00  1.113098e-14  7.672843e+01  1.738932e+00  2.995230e-15 
  843.000  8.286546e+02  8.209393e+00  1.574168e-14  7.733888e+01  1.776001e+00  1.270830e-15 
  844.000  8.203539e+02  8.134420e+00 -3.636353e-15  7.656419e+01  1.766575e+00 -8.333051e-16 
  845.000  8.353403e+02  8.266135e+00  3.063451e-15  7.796286e+01  1.798567e+00  1.744016e-15 
  846.000  8.454241e+02  8.351251e+00 -6.944418e-15  7.890399e+01  1.820846e+00 -5.523466e-16 
  847.000  8.190776e+02  8.080580e+00 -4.729717e-16  7.644506e+01  1.766005e+00  1.291527e-16 
  848.000  8.384025e+02  8.181947e+00 -1.894838e-14  7.824866e+01  1.781054e+00 -2.398910e-15 
  849.000  8.404887e+02  8.167758e+00 -3.312863e-14  7.844337e+01  1.778703e+00 -1.753655e-15 
  850.000  7.246377e+02  6.987972e+00  2.697612e-14  6.763092e+01  1.518894e+00  3.960501e-15 
  851.000  8.273946e+02  7.915067e+00 -1.087344e-14  7.722129e+01  1.716740e+00 -2.370718e-15 
  852.000  7.962397e+02  7.582129e+00  9.346470e-15  7.431358e+01  1.644785e+00  1.255622e-15 
  853.000  8.097629e+02  7.713749e+00  1.013323e-14  7.557571e+01  1.679132e+00  4.653382e-15 
  854.000  6.508176e+02  6.167839e+00 -1.489191e-14  6.074125e+01  1.342324e+00 -3.341536e-15 
  855.000  7.183237e+02  6.793494e+00  2.369753e-15  6.704163e+01  1.481178e+00 -1.365365e-15 
  856.000  8.194542e+02  7.755125e+00  4.561524e-15  7.648021e+01  1.696950e+00  1.717709e-15 
  857.000  8.343545e+02  7.881876e+00 -4.630801e-15  7.787086e+01  1.728111e+00 -1.743796e-15 
  858.000  8.218911e+02  7.738573e+00 -1.077687e-14  7.670763e+01  1.698368e+00 -1.715193e-15 
  859.000  8.237579e+02  7.745515e+00 -1.759012e-14  7.688187e+01  1.703720e+00 -4.283352e-15 
  860.000  8.173275e+02  7.660904e+00 -1.951626e-15  7.628172e+01  1.686915e+00  4.243024e-16 
  861.000  8.173535e+02  7.626040e+00 -4.174201e-14  7.628414e+01  1.679436e+00 -2.969565e-15 
  862.000  8.151153e+02  7.575085e+00 -5.013328e-14  7.607525e+01  1.669094e+00 -1.310407e-14 
  863.000  8.307505e+02  7.684006e+00  3.656362e-15  7.753449e+01  1.693136e+00 -2.153928e-15 
  864.000  8.294227e+02  7.639692e+00  9.099096e-14  7.741058e+01  1.684000e+00  1.547434e-14 
  865.000  8.142343e+02  7.467627e+00  7.496280e-14  7.599303e+01  1.646558e+00  2.361915e-14 
  866.000  6.830338e+02  6.235044e+00 -2.284056e-13  6.374800e+01  1.374832e+00 -2.511802e-14 
  867.000  7.272971e+02  6.606500e+00  2.547676e-14  6.787913e+01  1.456562e+00  7.535037e-15 
  868.000  7.888043e+02  7.131369e+00  2.313413e-14  7.361963e+01  1.572278e+00 -2.451582e-15 
  869.000  7.778151e+02  6.999512e+00 -7.815220e-14  7.259400e+01  1.543300e+00 -1.732263e-14 
  870.000  8.098179e+02  7.251611e+00 -4.646852e-14  7.558084e+01  1.598656e+00  8.389941e-16 
  871.000  8.087462e+02  7.208560e+00 -3.662934e-14  7.548082e+01  1.589252e+00 -9.215591e-15 
  872.000  8.056970e+02  7.149990e+00 -1.119258e-13  7.519623e+01  1.576676e+00 -1.251487e-14 
  873.000  8.086980e+02  7.139398e+00  1.107632e-13  7.547632e+01  1.573826e+00  1.424258e-14 
  874.000  7.908456e+02  6.946937e+00  2.603175e-15  7.381014e+01  1.531089e+00 -5.736598e-15 
  875.000  7.835299e+02  6.849510e+00 -1.422782e-14  7.312737e+01  1.509478e+00 -2.030021e-15 
  876.000  7.897175e+02  6.866378e+00  8.116611e-15  7.370486e+01  1.512479e+00  8.189676e-16 
  877.000  8.052924e+02  6.966301e+00  3.248127e-15  7.515847e+01  1.534082e+00 -3.341653e-15 
  878.000  7.902935e+02  6.788705e+00 -4.364162e-15  7.375861e+01  1.492663e+00 -1.643389e-15 
  879.000  7.920396e+02  6.770574e+00  0.000000e+00  7.392159e+01  1.488465e+00  0.000000e+00 
  880.000  7.864449e+02  6.677840e+00 -1.305630e-14  7.339943e+01  1.466100e+00 -4.916542e-15 
  881.000  7.450309e+02  6.289497e+00 -1.127627e-14  6.953423e+01  1.379779e+00  0.000000e+00 
  882.000  7.856231e+02  6.593912e+00  4.356939e-15  7.332272e+01  1.445470e+00  1.640669e-15 
  883.000  7.681801e+02  6.423619e+00  0.000000e+00  7.169476e+01  1.409010e+00  0.000000e+00 
  884.000  7.748790e+02  6.451663e+00 -1.601711e-14  7.231997e+01  1.415453e+00 -1.616129e-15 
  885.000  7.808194e+02  6.444885e+00 -8.683338e-15  7.287439e+01  1.410158e+00 -3.269838e-15 
  886.000  7.524860e+02  6.157063e+00  2.545278e-15  7.023003e+01  1.343550e+00 -5.533681e-16 
  887.000  7.468369e+02  6.098702e+00 -3.935505e-14  6.970278e+01  1.333105e+00 -6.263552e-15 
  888.000  7.690237e+02  6.248632e+00  0.000000e+00  7.177350e+01  1.365537e+00  0.000000e+00 
  889.000  7.747510e+02  6.272988e+00  0.000000e+00  7.230802e+01  1.371847e+00  0.000000e+00 
  890.000  7.705199e+02  6.196141e+00 -4.694089e-15  7.191312e+01  1.353052e+00 -1.975370e-16 
  891.000  7.625781e+02  6.069066e+00  5.835407e-15  7.117191e+01  1.320215e+00 -3.936376e-16 
  892.000  7.514199e+02  5.888251e+00  2.770130e-13  7.013051e+01  1.271520e+00  5.530650e-14 
  893.000  6.973066e+02  5.309565e+00  1.109042e-14  6.508009e+01  1.127980e+00  2.187829e-15 
  894.000  7.070128e+02  5.309051e+00 -3.756231e-16  6.598598e+01  1.120717e+00 -1.414464e-16 
  895.000  6.329189e+02  4.644827e+00  9.596346e-16  5.907074e+01  9.683713e-01  3.613645e-16 
  896.000  6.183108e+02  4.440547e+00  4.830376e-17  5.770736e+01  9.143083e-01  1.818949e-17 
  897.000  5.643737e+02  3.933822e+00 -2.674383e-16  5.267337e+01  7.938981e-01 -1.007078e-16 
  898.000  5.471604e+02  3.739773e+00 -1.223620e-16  5.106684e+01  7.454446e-01 -4.607719e-17 
  899.000  4.986547e+02  3.246898e+00  0.000000e+00  4.653977e+01  6.235605e-01  0.000000e+00 
  900.000  4.924161e+02  3.208926e+00 -1.136606e-17  4.595753e+01  6.190965e-01 -4.280057e-18 
  901.000  4.704023e+02  3.018253e+00  5.492174e-21  4.390296e+01  5.768490e-01  2.068159e-21 
  902.000  4.642515e+02  2.975548e+00 -1.091022e-17  4.332890e+01  5.703966e-01 -4.108403e-18 
  903.000  5.696152e+02  3.890611e+00  2.640553e-16  5.316257e+01  7.896424e-01  9.943387e-17 
  904.000  6.307063e+02  4.392268e+00 -1.468625e-18  5.886424e+01  9.079537e-01 -5.530323e-19 
  905.000  6.274062e+02  4.352197e+00  3.926902e-16  5.855624e+01  9.001151e-01  1.478733e-16 
  906.000  5.783632e+02  3.941449e+00  2.375716e-16  5.397902e+01  8.071302e-01  8.946107e-17 
  907.000  5.321887e+02  3.473986e+00 -1.208140e-16  4.966953e+01  6.894078e-01 -4.549429e-17 
  908.000  4.834195e+02  3.038749e+00  1.288819e-16  4.511786e+01  5.863450e-01  4.853236e-17 
  909.000  4.763331e+02  2.982912e+00  2.158300e-16  4.445649e+01  5.759133e-01  2.177728e-17 
  910.000  4.869583e+02  3.050030e+00  1.058689e-16  4.544814e+01  5.912208e-01  3.986650e-17 
  911.000  5.080597e+02  3.237221e+00  2.225599e-17  4.741755e+01  6.390941e-01  8.380819e-18 
  912.000  4.982083e+02  3.127966e+00  1.113375e-17  4.649811e+01  6.121962e-01  4.192578e-18 
  913.000  4.628139e+02  2.769645e+00 -5.706624e-18  4.319473e+01  5.223026e-01 -2.148913e-18 
  914.000  4.827154e+02  2.936795e+00  1.303019e-16  4.505215e+01  5.638791e-01  4.906710e-17 
  915.000  4.924787e+02  3.037766e+00  1.056753e-16  4.596336e+01  5.923898e-01  3.979358e-17 
  916.000  5.037750e+02  3.110720e+00 -1.182016e-16  4.701765e+01  6.094480e-01 -4.451053e-17 
  917.000  5.062138e+02  3.144921e+00 -2.187229e-20  4.724527e+01  6.216331e-01 -8.236330e-21 
  918.000  5.169897e+02  3.239212e+00  4.398270e-17  4.825100e+01  6.471871e-01  1.656233e-17 
  919.000  5.705656e+02  3.679284e+00  2.340991e-16  5.325126e+01  7.551292e-01  8.815344e-17 
  920.000  6.018103e+02  3.929614e+00 -1.393665e-18  5.616735e+01  8.167814e-01 -5.248050e-19 
  921.000  5.809579e+02  3.768950e+00 -8.632635e-17  5.422118e+01  7.822762e-01 -3.250745e-17 
  922.000  5.751348e+02  3.714926e+00 -4.906024e-16  5.367772e+01  7.711081e-01 -1.847435e-16 
  923.000  5.415201e+02  3.467967e+00 -1.566175e-15  5.054044e+01  7.176593e-01 -1.469049e-16 
  924.000  5.409753e+02  3.406791e+00 -2.243206e-16  5.048958e+01  6.983280e-01 -8.447120e-17 
  925.000  5.456288e+02  3.410456e+00  0.000000e+00  5.092390e+01  6.974067e-01  0.000000e+00 
  926.000  5.240898e+02  3.244148e+00 -1.649841e-19  4.891365e+01  6.606650e-01 -6.212718e-20 
  927.000  5.153994e+02  3.102972e+00 -2.168509e-17  4.810257e+01  6.200306e-01 -8.165839e-18 
  928.000  4.767020e+02  2.737517e+00 -1.092361e-17  4.449091e+01  5.274466e-01 -4.113445e-18 
  929.000  4.138937e+02  2.229989e+00 -5.395226e-18  3.862897e+01  4.075471e-01 -2.031651e-18 
  930.000  3.476072e+02  1.758198e+00  2.967365e-17  3.244241e+01  3.039863e-01  1.117405e-17 
  931.000  2.822541e+02  1.342789e+00 -6.761471e-19  2.634297e+01  2.187750e-01 -2.546131e-19 
  932.000  2.038813e+02  8.854352e-01  0.000000e+00  1.902838e+01  1.296723e-01  0.000000e+00 
  933.000  1.584833e+02  6.454638e-01  4.229197e-20  1.479135e+01  8.692847e-02  1.592566e-20 
  934.000  1.178282e+02  4.516011e-01 -1.768595e-18  1.099699e+01  5.614804e-02 -6.659906e-19 
  935.000  1.118706e+02  4.241847e-01 -1.748362e-18  1.044096e+01  5.229490e-02 -6.583715e-19 
  936.000  1.244644e+02  4.791303e-01  0.000000e+00  1.161635e+01  6.067323e-02  0.000000e+00 
  937.000  1.241998e+02  4.741305e-01 -1.181295e-42  1.159165e+01  5.969125e-02  0.000000e+00 
  938.000  1.687688e+02  6.853437e-01 -6.960374e-18  1.575131e+01  9.480925e-02 -2.621031e-18 
  939.000  3.240845e+02  1.512565e+00  1.522719e-17  3.024702e+01  2.499655e-01  5.734021e-18 
  940.000  3.504986e+02  1.666998e+00  3.025975e-17  3.271227e+01  2.820806e-01  1.139471e-17 
  941.000  3.202351e+02  1.493452e+00 -1.351646e-17  2.988776e+01  2.489560e-01 -5.089821e-18 
  942.000  2.574023e+02  1.149921e+00 -1.241647e-17  2.402353e+01  1.840496e-01 -4.675604e-18 
  943.000  1.936215e+02  7.983709e-01  8.220840e-20  1.807082e+01  1.162084e-01  3.095678e-20 
  944.000  1.830988e+02  7.461844e-01  0.000000e+00  1.708874e+01  1.075260e-01  0.000000e+00 
  945.000  2.096379e+02  8.748666e-01 -7.090548e-18  1.956564e+01  1.309472e-01 -2.670050e-18 
  946.000  2.145052e+02  8.943462e-01 -6.696185e-18  2.001992e+01  1.344368e-01 -2.521547e-18 
  947.000  2.387153e+02  1.019047e+00 -2.690332e-17  2.227946e+01  1.586284e-01 -1.013084e-17 
  948.000  2.558096e+02  1.104041e+00  6.515150e-19  2.387488e+01  1.749982e-01  2.453375e-19 
  949.000  2.553663e+02  1.098448e+00  1.438193e-17  2.383350e+01  1.743154e-01  5.415727e-18 
  950.000  2.579683e+02  1.110043e+00  1.428389e-17  2.407636e+01  1.771104e-01  5.378810e-18 
  951.000  2.926365e+02  1.292487e+00  1.288119e-18  2.731196e+01  2.132296e-01  4.850603e-19 
  952.000  2.554683e+02  1.093277e+00  6.454772e-19  2.384303e+01  1.750766e-01  2.430639e-19 
  953.000  2.820567e+02  1.232712e+00  3.872471e-26  2.632454e+01  2.030607e-01  1.458236e-26 
  954.000  3.101376e+02  1.386534e+00 -1.334565e-17  2.894535e+01  2.349228e-01 -5.025499e-18 
  955.000  2.679893e+02  1.175354e+00  1.188884e-18  2.501162e+01  1.962026e-01  4.476917e-19 
  956.000  2.822292e+02  1.234902e+00  0.000000e+00  2.634064e+01  2.066409e-01  0.000000e+00 
  957.000  3.620278e+02  1.684933e+00 -2.399820e-17  3.378829e+01  3.007522e-01 -9.036873e-18 
  958.000  3.770828e+02  1.770997e+00  2.926134e-17  3.519339e+01  3.201056e-01  1.101879e-17 
  959.000  3.652065e+02  1.693466e+00  5.112113e-17  3.408497e+01  3.038306e-01  1.925041e-17 
  960.000  3.584286e+02  1.653928e+00  5.065005e-17  3.345238e+01  2.966399e-01  1.907302e-17 
  961.000  3.482564e+02  1.594683e+00 -2.631562e-17  3.250300e+01  2.851757e-01 -9.909531e-18 
  962.000  3.568505e+02  1.638700e+00 -3.883687e-23  3.330509e+01  2.949998e-01 -1.462459e-23 
  963.000  4.040670e+02  1.930419e+00 -5.014409e-18  3.771185e+01  3.613425e-01 -1.888249e-18 
  964.000  4.069498e+02  1.952988e+00 -5.700094e-17  3.798090e+01  3.683988e-01 -2.146454e-17 
  965.000  4.077771e+02  1.943213e+00  5.018712e-18  3.805811e+01  3.656918e-01  1.889869e-18 
  966.000  3.991765e+02  1.903080e+00  5.116548e-17  3.725541e+01  3.596285e-01  1.926711e-17 
  967.000  4.478530e+02  2.213312e+00 -1.001152e-17  4.179842e+01  4.328959e-01 -3.769983e-18 
  968.000  5.072240e+02  2.643531e+00 -3.893255e-17  4.733955e+01  5.420150e-01 -1.466062e-17 
  969.000  5.412997e+02  2.855181e+00  7.784559e-16  5.051986e+01  5.925680e-01  7.837323e-17 
  970.000  5.447352e+02  2.866448e+00 -3.986828e-17  5.084050e+01  5.957034e-01 -1.501298e-17 
  971.000  5.392297e+02  2.825699e+00 -4.142989e-16  5.032666e+01  5.872585e-01 -1.560103e-16 
  972.000  5.341678e+02  2.776585e+00 -3.619680e-16  4.985423e+01  5.754244e-01  7.869534e-17 
  973.000  5.093604e+02  2.610482e+00 -4.341029e-16  4.753894e+01  5.369651e-01 -1.634678e-16 
  974.000  4.783683e+02  2.403561e+00 -7.677754e-20  4.464644e+01  4.883111e-01 -2.891171e-20 
  975.000  4.661302e+02  2.302960e+00 -1.026068e-16  4.350423e+01  4.630636e-01 -3.863810e-17 
  976.000  4.899499e+02  2.448012e+00 -1.340057e-16  4.572735e+01  4.984401e-01 -7.080709e-17 
  977.000  5.075981e+02  2.573652e+00 -2.412975e-16  4.737447e+01  5.317916e-01 -9.086409e-17 
  978.000  5.178560e+02  2.614278e+00 -2.078160e-16  4.833185e+01  5.401163e-01 -7.825616e-17 
  979.000  5.110121e+02  2.582183e+00 -3.830872e-17  4.769310e+01  5.355315e-01 -1.442571e-17 
  980.000  5.504794e+02  2.809261e+00  2.259285e-15  5.137661e+01  5.884132e-01  4.315586e-16 
  981.000  5.618098e+02  2.866320e+00 -8.179620e-16  5.243407e+01  6.019661e-01 -3.080156e-16 
  982.000  5.535292e+02  2.806875e+00  3.952767e-15  5.166125e+01  5.887579e-01  6.460564e-16 
  983.000  5.691773e+02  2.898125e+00 -1.530091e-16  5.312170e+01  6.112893e-01 -5.761781e-17 
  984.000  5.831230e+02  2.988046e+00  4.875722e-18  5.442325e+01  6.347107e-01  1.836025e-18 
  985.000  5.930916e+02  3.050033e+00  1.297680e-14  5.535363e+01  6.512675e-01  1.395736e-15 
  986.000  6.014568e+02  3.118111e+00  1.141364e-15  5.613436e+01  6.713251e-01  1.151638e-16 
  987.000  6.141927e+02  3.191614e+00 -6.098674e-15  5.732301e+01  6.901633e-01 -6.261297e-16 
  988.000  6.080013e+02  3.151908e+00 -1.221729e-15  5.674517e+01  6.823769e-01 -4.600600e-16 
  989.000  6.011516e+02  3.107130e+00 -1.978710e-15  5.610588e+01  6.731997e-01 -7.451122e-16 
  990.000  6.076758e+02  3.133398e+00 -6.756753e-15  5.671479e+01  6.796842e-01 -9.018162e-16 
  991.000  6.175813e+02  3.191255e+00  2.721646e-14  5.763927e+01  6.951340e-01  2.719732e-15 
  992.000  6.132595e+02  3.161817e+00 -3.117095e-15  5.723591e+01  6.895772e-01 -1.193526e-15 
  993.000  6.137470e+02  3.153589e+00  5.366320e-15  5.728142e+01  6.881026e-01  1.200684e-15 
  994.000  6.212377e+02  3.196013e+00 -1.375802e-14  5.798052e+01  6.998162e-01 -5.180783e-15 
  995.000  6.196522e+02  3.190921e+00  6.827380e-15  5.783255e+01  7.010581e-01  2.570950e-15 
  996.000  6.194776e+02  3.176710e+00  6.825977e-15  5.781625e+01  6.978902e-01  2.570422e-15 
  997.000  6.182221e+02  3.146976e+00 -2.040397e-13  5.769908e+01  6.898413e-01 -2.058765e-14 
  998.000  6.137349e+02  3.103296e+00  8.880020e-15  5.728028e+01  6.791005e-01  4.693506e-16 
  999.000  6.113572e+02  3.074917e+00 -4.571993e-15  5.705838e+01  6.723369e-01 -9.078988e-16 
 1000.000  6.071061e+02  3.043834e+00 -8.546491e-15  5.666162e+01  6.659319e-01 -1.603836e-15 
 1001.000  6.058906e+02  3.005882e+00 -7.967439e-15  5.654817e+01  6.547905e-01 -3.000256e-15 
 1002.000  5.978207e+02  2.926795e+00 -6.674852e-15  5.579501e+01  6.336406e-01 -8.908849e-16 
 1003.000  5.925051e+02  2.894844e+00 -7.980813e-15  5.529889e+01  6.275697e-01 -5.904415e-16 
 1004.000  5.915802e+02  2.893712e+00  6.515317e-15  5.521257e+01  6.295252e-01  3.248196e-15 
 1005.000  5.542565e+02  2.706977e+00  3.947755e-16  5.172912e+01  5.898899e-01 -5.756782e-16 
 1006.000  5.839325e+02  2.842714e+00  8.984454e-15  5.449881e+01  6.198042e-01  2.587441e-16 
 1007.000  5.932047e+02  2.870616e+00 -1.689739e-13  5.536418e+01  6.250715e-01 -2.722923e-14 
 1008.000  5.899640e+02  2.822129e+00 -1.183806e-15  5.506173e+01  6.114184e-01 -4.457796e-16 
 1009.000  5.787852e+02  2.733561e+00 -1.554802e-15  5.401841e+01  5.887584e-01 -5.854835e-16 
 1010.000  5.843249e+02  2.758783e+00  6.094125e-16  5.453543e+01  5.956672e-01  2.294832e-16 
 1011.000  5.892179e+02  2.798475e+00 -1.318118e-14  5.499210e+01  6.082999e-01 -1.754828e-15 
 1012.000  5.925009e+02  2.814740e+00 -4.488698e-15  5.529850e+01  6.135811e-01  2.349063e-15 
 1013.000  5.905948e+02  2.804395e+00  1.680674e-14  5.512060e+01  6.127782e-01  3.181501e-15 
 1014.000  5.954054e+02  2.820260e+00 -7.077744e-15  5.556958e+01  6.168762e-01 -2.898199e-16 
 1015.000  5.846031e+02  2.758837e+00 -1.847881e-14  5.456140e+01  6.035586e-01 -7.042205e-16 
 1016.000  5.894138e+02  2.775110e+00 -9.633531e-16  5.501039e+01  6.078001e-01 -1.144801e-15 
 1017.000  5.841667e+02  2.739768e+00 -1.206033e-14  5.452067e+01  6.000897e-01 -1.216889e-15 
 1018.000  5.904933e+02  2.754789e+00  7.971171e-16  5.511112e+01  6.028700e-01  7.110572e-16 
 1019.000  5.743798e+02  2.657632e+00  9.598291e-15  5.360725e+01  5.799608e-01  2.847425e-15 
 1020.000  5.740848e+02  2.649501e+00 -9.036120e-15  5.357971e+01  5.787391e-01 -1.107043e-15 
 1021.000  5.816788e+02  2.682060e+00 -8.304977e-15  5.428847e+01  5.870439e-01 -1.656154e-15 
 1022.000  5.698329e+02  2.603634e+00 -1.195946e-14  5.318289e+01  5.679313e-01  1.678564e-15 
 1023.000  5.781316e+02  2.620519e+00  8.189592e-15  5.395741e+01  5.700761e-01  2.307457e-15 
 1024.000  5.736177e+02  2.583802e+00 -7.124582e-15  5.353613e+01  5.612186e-01 -1.542110e-15 
 1025.000  5.782440e+02  2.613329e+00  2.395248e-14  5.396790e+01  5.704123e-01  4.297478e-15 
 1026.000  5.810696e+02  2.624879e+00 -3.959958e-15  5.423162e+01  5.742703e-01 -1.454007e-15 
 1027.000  5.766958e+02  2.590989e+00  7.394864e-15  5.382340e+01  5.662946e-01  1.980382e-15 
 1028.000  5.788370e+02  2.593633e+00 -2.359491e-16  5.402324e+01  5.673503e-01 -8.583469e-16 
 1029.000  5.720502e+02  2.560774e+00  6.322277e-15  5.338983e+01  5.612669e-01  2.380746e-15 
 1030.000  5.797125e+02  2.594846e+00 -1.276556e-14  5.410495e+01  5.701989e-01 -4.807059e-15 
 1031.000  5.788704e+02  2.586128e+00  2.141103e-14  5.402636e+01  5.690483e-01  4.790597e-15 
 1032.000  5.776318e+02  2.574568e+00 -2.133212e-14  5.391076e+01  5.671040e-01 -4.772943e-15 
 1033.000  5.672377e+02  2.519472e+00  1.160800e-14  5.294068e+01  5.551353e-01  1.171250e-15 
 1034.000  5.736870e+02  2.540530e+00  1.215035e-14  5.354258e+01  5.601247e-01  2.958718e-15 
 1035.000  5.678481e+02  2.506199e+00  3.109312e-15  5.299763e+01  5.527551e-01  1.170857e-15 
 1036.000  5.752632e+02  2.529077e+00 -1.490651e-14  5.368970e+01  5.578129e-01 -2.372445e-15 
 1037.000  5.632827e+02  2.467400e+00  6.167794e-15  5.257155e+01  5.443072e-01  2.322573e-15 
 1038.000  5.689528e+02  2.483101e+00  4.172178e-16  5.310075e+01  5.478570e-01  1.759021e-15 
 1039.000  5.710957e+02  2.481438e+00 -3.127455e-15  5.330075e+01  5.473013e-01 -1.177689e-15 
 1040.000  5.642170e+02  2.441079e+00  0.000000e+00  5.265875e+01  5.382656e-01  0.000000e+00 
 1041.000  5.670889e+02  2.443135e+00  8.490452e-15  5.292678e+01  5.385998e-01  0.000000e+00 
 1042.000  5.687255e+02  2.440382e+00 -1.474979e-14  5.307953e+01  5.379521e-01 -2.347502e-15 
 1043.000  5.589202e+02  2.389005e+00  0.000000e+00  5.216440e+01  5.266284e-01  0.000000e+00 
 1044.000  5.643871e+02  2.402427e+00 -1.422644e-14  5.267463e+01  5.295016e-01 -5.825451e-16 
 1045.000  5.616880e+02  2.379589e+00  0.000000e+00  5.242272e+01  5.241652e-01  0.000000e+00 
 1046.000  5.451757e+02  2.299472e+00  1.416299e-14  5.088161e+01  5.063396e-01  2.254110e-15 
 1047.000  5.549921e+02  2.330387e+00  0.000000e+00  5.179779e+01  5.129383e-01  0.000000e+00 
 1048.000  5.604369e+02  2.343169e+00  0.000000e+00  5.230595e+01  5.156084e-01  0.000000e+00 
 1049.000  5.568094e+02  2.318398e+00 -8.366434e-15  5.196738e+01  5.100686e-01  0.000000e+00 
 1050.000  5.531804e+02  2.292368e+00 -6.090370e-15  5.162870e+01  5.040444e-01 -2.293418e-15 
 1051.000  5.526722e+02  2.277929e+00  0.000000e+00  5.158126e+01  5.003569e-01  0.000000e+00 
 1052.000  5.498202e+02  2.255622e+00  0.000000e+00  5.131508e+01  4.951897e-01  0.000000e+00 
 1053.000  5.501013e+02  2.248167e+00  0.000000e+00  5.134132e+01  4.935634e-01  0.000000e+00 
 1054.000  5.439677e+02  2.211447e+00  0.000000e+00  5.076886e+01  4.850463e-01  0.000000e+00 
 1055.000  5.474695e+02  2.214008e+00  0.000000e+00  5.109570e+01  4.851485e-01  0.000000e+00 
 1056.000  5.456991e+02  2.196211e+00 -6.045728e-15  5.093046e+01  4.809296e-01 -2.276607e-15 
 1057.000  5.436793e+02  2.173166e+00  0.000000e+00  5.074195e+01  4.749238e-01  0.000000e+00 
 1058.000  5.359132e+02  2.121845e+00 -2.794522e-15  5.001713e+01  4.619302e-01 -2.819678e-16 
 1059.000  5.193618e+02  2.049898e+00  0.000000e+00  4.847238e+01  4.464813e-01  0.000000e+00 
 1060.000  5.393766e+02  2.127946e+00 -1.501396e-15  5.034037e+01  4.645429e-01 -5.653727e-16 
 1061.000  5.203148e+02  2.043836e+00 -1.449200e-15  4.856132e+01  4.460223e-01 -5.457174e-16 
 1062.000  5.335446e+02  2.080777e+00  0.000000e+00  4.979607e+01  4.530463e-01  0.000000e+00 
 1063.000  5.242667e+02  2.035314e+00  0.000000e+00  4.893015e+01  4.429271e-01  0.000000e+00 
 1064.000  5.300780e+02  2.044477e+00  0.000000e+00  4.947253e+01  4.440969e-01  0.000000e+00 
 1065.000  5.278354e+02  2.020225e+00  0.000000e+00  4.926324e+01  4.376619e-01  0.000000e+00 
 1066.000  5.117560e+02  1.951933e+00  0.000000e+00  4.776253e+01  4.229688e-01  0.000000e+00 
 1067.000  5.232084e+02  1.986953e+00  2.585966e-15  4.883138e+01  4.304128e-01  2.609244e-16 
 1068.000  5.178799e+02  1.946959e+00  2.767269e-16  4.833407e+01  4.199383e-01  1.042056e-16 
 1069.000  4.768735e+02  1.779504e+00 -1.269985e-15  4.450692e+01  3.828617e-01 -4.782315e-16 
 1070.000  5.052234e+02  1.878762e+00 -1.335439e-15  4.715283e+01  4.043069e-01 -5.028792e-16 
 1071.000  5.037603e+02  1.859168e+00  0.000000e+00  4.701628e+01  3.990512e-01  0.000000e+00 
 1072.000  5.030386e+02  1.843201e+00  6.075172e-16  4.694893e+01  3.947019e-01  9.668936e-17 
 1073.000  4.858452e+02  1.772147e+00  1.617247e-17  4.534425e+01  3.792921e-01  6.089981e-18 
 1074.000  5.029591e+02  1.828320e+00  1.473472e-15  4.694151e+01  3.914155e-01  5.548574e-16 
 1075.000  4.901003e+02  1.782907e+00 -6.157003e-15  4.574139e+01  3.828787e-01 -9.799175e-16 
 1076.000  4.986797e+02  1.801699e+00  2.459880e-16  4.654211e+01  3.860955e-01  9.263040e-17 
 1077.000  4.948224e+02  1.774318e+00 -4.135945e-18  4.618210e+01  3.792461e-01 -1.557451e-18 
 1078.000  4.930437e+02  1.754206e+00  0.000000e+00  4.601610e+01  3.739151e-01  0.000000e+00 
 1079.000  4.733449e+02  1.676830e+00  5.231462e-16  4.417760e+01  3.572820e-01  1.969984e-16 
 1080.000  4.792000e+02  1.676471e+00  6.633198e-16  4.472405e+01  3.550845e-01  2.497828e-16 
 1081.000  4.610433e+02  1.606257e+00  6.390973e-16  4.302948e+01  3.401214e-01  2.406614e-16 
 1082.000  4.702152e+02  1.637683e+00  0.000000e+00  4.388550e+01  3.475834e-01  0.000000e+00 
 1083.000  4.533152e+02  1.566094e+00 -6.214337e-17  4.230821e+01  3.314078e-01 -2.340100e-17 
 1084.000  4.658656e+02  1.596895e+00  5.907178e-16  4.347955e+01  3.369931e-01  2.224435e-16 
 1085.000  4.488502e+02  1.521156e+00  1.011121e-18  4.189149e+01  3.193754e-01  3.807526e-19 
 1086.000  4.570917e+02  1.545500e+00  3.298669e-16  4.266068e+01  3.247881e-01  1.242162e-16 
 1087.000  4.402032e+02  1.495857e+00  3.820144e-18  4.108446e+01  3.161938e-01  1.438531e-18 
 1088.000  4.673526e+02  1.583047e+00 -3.275742e-16  4.361833e+01  3.347470e-01 -1.233529e-16 
 1089.000  4.352618e+02  1.452698e+00 -9.804850e-19  4.062327e+01  3.049074e-01 -3.692160e-19 
 1090.000  4.418658e+02  1.466348e+00  6.015841e-16  4.123962e+01  3.073567e-01  6.069995e-17 
 1091.000  4.472991e+02  1.480779e+00 -3.196874e-17  4.174672e+01  3.106387e-01 -1.203830e-17 
 1092.000  4.297327e+02  1.410633e+00 -1.284374e-16  4.010723e+01  2.949705e-01 -4.836498e-17 
 1093.000  4.089609e+02  1.325040e+00  1.508660e-17  3.816859e+01  2.752750e-01  5.681080e-18 
 1094.000  3.660745e+02  1.176556e+00  1.248315e-16  3.416597e+01  2.436472e-01 -2.713959e-17 
 1095.000  3.971291e+02  1.271851e+00  1.561823e-16  3.706432e+01  2.634085e-01  5.881275e-17 
 1096.000  3.961784e+02  1.263347e+00 -2.414703e-19  3.697560e+01  2.615198e-01 -9.092919e-20 
 1097.000  3.876074e+02  1.227493e+00 -1.441158e-17  3.617566e+01  2.534820e-01 -5.426890e-18 
 1098.000  3.464853e+02  1.052425e+00  7.325141e-18  3.233770e+01  2.108047e-01  2.758389e-18 
 1099.000  3.166815e+02  9.141578e-01  9.417572e-22  2.955610e+01  1.759673e-01  3.546325e-22 
 1100.000  3.239586e+02  9.341279e-01  2.157418e-17  3.023528e+01  1.802032e-01  8.124073e-18 
