  300.000  3.620806e+00  2.849761e+00  2.214518e-17  3.154026e-01  4.267356e-01 -4.880117e-17 
  301.000  8.621768e+00  6.869909e+00  2.627320e-16  7.510282e-01  1.035976e+00  7.116167e-17 
  302.000  8.707850e+00  6.985017e+00  1.127664e-15  7.585268e-01  1.060102e+00  7.175743e-17 
  303.000  1.995341e+01  1.625308e+01 -1.442368e-15  1.738109e+00  2.484190e+00 -1.455352e-16 
  304.000  2.187704e+01  1.778077e+01  1.202674e-15  1.905674e+00  2.731192e+00  1.485336e-16 
  305.000  3.562692e+01  2.932851e+01  5.214621e-15  3.103404e+00  4.534162e+00  7.094600e-16 
  306.000  3.742945e+01  3.081634e+01  4.686410e-16  3.260419e+00  4.788762e+00 -2.148535e-16 
  307.000  5.168901e+01  4.268526e+01 -6.474119e-15  4.502546e+00  6.665318e+00 -1.797409e-15 
  308.000  6.410355e+01  5.289584e+01  9.612927e-15  5.583958e+00  8.301158e+00  2.050958e-15 
  309.000  6.679325e+01  5.476411e+01  9.035693e-15  5.818253e+00  8.626475e+00  1.351384e-15 
  310.000  6.920006e+01  5.726767e+01 -5.657983e-16  6.027905e+00  9.071397e+00  1.230100e-16 
  311.000  1.318622e+02  1.081837e+02  5.365972e-15  1.148630e+01  1.719783e+01  8.540209e-16 
  312.000  1.089156e+02  8.916934e+01 -1.749264e-15  9.487465e+00  1.423398e+01 -1.080373e-15 
  313.000  1.360917e+02  1.109663e+02 -1.443169e-14  1.185473e+01  1.778558e+01 -4.490706e-15 
  314.000  1.402439e+02  1.127160e+02  1.989639e-14  1.221642e+01  1.811768e+01  4.244978e-15 
  315.000  1.623527e+02  1.305928e+02  1.031901e-13  1.414228e+01  2.108310e+01  1.622392e-14 
  316.000  1.273295e+02  1.009952e+02 -1.677749e-14  1.109147e+01  1.635235e+01 -2.072066e-15 
  317.000  1.833840e+02  1.440378e+02 -8.813573e-14  1.597428e+01  2.339668e+01 -1.170698e-14 
  318.000  1.785154e+02  1.385626e+02 -6.929042e-14  1.555019e+01  2.257817e+01 -1.196112e-14 
  319.000  1.946566e+02  1.513418e+02  7.663751e-14  1.695622e+01  2.475878e+01  9.112981e-15 
  320.000  1.988938e+02  1.489501e+02 -4.959592e-14  1.732532e+01  2.439204e+01 -4.497693e-15 
  321.000  2.332269e+02  1.769048e+02 -8.738123e-14  2.031602e+01  2.911133e+01 -2.347363e-14 
  322.000  2.150817e+02  1.578455e+02 -1.507653e-14  1.873543e+01  2.601682e+01 -2.012247e-15 
  323.000  1.859972e+02  1.356742e+02  3.032312e-14  1.620192e+01  2.242981e+01  7.003252e-15 
  324.000  2.312293e+02  1.681042e+02  4.032282e-14  2.014201e+01  2.790296e+01  1.773418e-14 
  325.000  2.677430e+02  1.882822e+02 -7.994149e-14  2.332266e+01  3.128381e+01 -1.359522e-14 
  326.000  3.626817e+02  2.545806e+02  1.097326e-13  3.159262e+01  4.245461e+01  4.003463e-14 
  327.000  3.695598e+02  2.557607e+02 -5.268701e-13  3.219176e+01  4.278266e+01 -8.601309e-14 
  328.000  3.182610e+02  2.132863e+02  8.706156e-14  2.772320e+01  3.571162e+01  1.555537e-14 
  329.000  3.697608e+02  2.479378e+02  5.351554e-13  3.220927e+01  4.167501e+01  8.543086e-14 
  330.000  3.919998e+02  2.586720e+02 -1.904972e-13  3.414647e+01  4.360039e+01 -3.354660e-14 
  331.000  3.279276e+02  2.106663e+02  4.937397e-14  2.856524e+01  3.555914e+01 -1.954091e-14 
  332.000  3.595283e+02  2.291406e+02  2.427754e-13  3.131793e+01  3.879803e+01  5.735569e-14 
  333.000  4.118921e+02  2.583626e+02 -1.022611e-13  3.587925e+01  4.385782e+01 -3.978673e-14 
  334.000  3.527695e+02  2.162380e+02 -2.033672e-14  3.072918e+01  3.676531e+01 -3.236690e-15 
  335.000  3.804871e+02  2.307330e+02 -1.408305e-13  3.314362e+01  3.934453e+01 -2.775541e-14 
  336.000  2.892887e+02  1.726840e+02  2.393207e-13  2.519947e+01  2.951857e+01  2.737195e-14 
  337.000  2.821292e+02  1.649486e+02 -1.679645e-13  2.457582e+01  2.824835e+01 -5.232025e-15 
  338.000  3.476105e+02  2.001453e+02 -2.757036e-13  3.027979e+01  3.435598e+01 -3.054547e-14 
  339.000  3.533676e+02  2.004521e+02  2.589607e-13  3.078128e+01  3.449264e+01  6.805232e-14 
  340.000  4.044384e+02  2.250034e+02  1.096244e-13  3.522998e+01  3.879070e+01 -6.382682e-15 
  341.000  3.447162e+02  1.888538e+02 -5.350579e-14  3.002768e+01  3.262862e+01  7.132499e-15 
  342.000  3.655047e+02  1.970377e+02  3.284416e-13  3.183852e+01  3.411365e+01  4.516195e-14 
  343.000  3.718814e+02  1.970265e+02  2.640014e-13  3.239399e+01  3.417749e+01  1.394563e-14 
  344.000  3.412082e+02  1.775723e+02 -1.770114e-14  2.972210e+01  3.086356e+01 -1.137376e-14 
  345.000  4.426332e+02  2.271983e+02  2.238554e-13  3.855707e+01  3.959428e+01  6.507552e-14 
  346.000  4.964216e+02  2.509219e+02  3.122427e-13  4.324249e+01  4.383060e+01  3.364721e-14 
  347.000  4.776575e+02  2.376418e+02  8.383567e-14  4.160798e+01  4.160135e+01 -4.461927e-14 
  348.000  4.548665e+02  2.227132e+02 -1.750037e-13  3.962268e+01  3.906927e+01 -1.316159e-14 
  349.000  5.040940e+02  2.429476e+02 -1.948905e-13  4.391082e+01  4.270594e+01 -4.575575e-14 
  350.000  5.209883e+02  2.471085e+02  2.966230e-13  4.538245e+01  4.352330e+01  9.281456e-14 
  351.000  5.000305e+02  2.334345e+02  3.708551e-13  4.355685e+01  4.119578e+01  9.728083e-14 
  352.000  5.181359e+02  2.380281e+02 -2.956050e-13  4.513399e+01  4.208576e+01 -3.336661e-14 
  353.000  4.774156e+02  2.159474e+02 -1.009477e-12  4.158691e+01  3.825520e+01 -1.497003e-13 
  354.000  5.568152e+02  2.479431e+02 -2.498214e-13  4.850328e+01  4.400498e+01 -6.336143e-14 
  355.000  5.701003e+02  2.498528e+02 -2.616318e-13  4.966051e+01  4.442007e+01 -5.453391e-14 
  356.000  5.445013e+02  2.348373e+02 -5.508192e-13  4.743064e+01  4.181720e+01 -8.226208e-14 
  357.000  3.515729e+02  1.491452e+02  6.658309e-14  3.062495e+01  2.659351e+01  1.643695e-14 
  358.000  3.857545e+02  1.609685e+02  6.218277e-16  3.360246e+01  2.873739e+01  9.649023e-15 
  359.000  3.918397e+02  1.608873e+02  1.849147e-13  3.413253e+01  2.876152e+01  2.782369e-14 
  360.000  5.868434e+02  2.372966e+02  9.339885e-14  5.111898e+01  4.249321e+01  1.396879e-14 
  361.000  4.695735e+02  1.873761e+02 -3.347828e-15  4.090379e+01  3.364007e+01 -5.745638e-15 
  362.000  5.198407e+02  2.048374e+02  6.661363e-14  4.528248e+01  3.687908e+01  5.402923e-15 
  363.000  5.579615e+02  2.169353e+02 -6.005184e-14  4.860313e+01  3.915160e+01  9.586637e-16 
  364.000  5.619302e+02  2.154321e+02 -3.957949e-15  4.894883e+01  3.896048e+01 -4.600262e-14 
  365.000  5.308688e+02  2.006319e+02 -9.470650e-14  4.624313e+01  3.635255e+01 -2.337961e-14 
  366.000  7.349919e+02  2.738293e+02  2.961552e-13  6.402396e+01  4.970570e+01  1.013876e-13 
  367.000  6.633571e+02  2.436128e+02 -3.944981e-13  5.778396e+01  4.429813e+01  2.106444e-14 
  368.000  6.308937e+02  2.283988e+02 -8.830525e-13  5.495614e+01  4.160342e+01 -1.980032e-13 
  369.000  6.119313e+02  2.184016e+02  6.839402e-13  5.330435e+01  3.985043e+01  1.140991e-13 
  370.000  7.095901e+02  2.496897e+02 -3.742113e-12  6.181125e+01  4.563614e+01 -4.840564e-13 
  371.000  5.713182e+02  1.982187e+02  1.505991e-12  4.976661e+01  3.628922e+01  1.499099e-13 
  372.000  6.061776e+02  2.073823e+02 -2.113586e-12  5.280316e+01  3.802963e+01 -3.505610e-13 
  373.000  6.087687e+02  2.053808e+02 -6.907954e-14  5.302887e+01  3.772425e+01 -3.136932e-14 
  374.000  4.749961e+02  1.580292e+02 -2.817677e-13  4.137614e+01  2.907292e+01  6.083463e-15 
  375.000  4.382352e+02  1.437769e+02  3.395076e-13  3.817397e+01  2.649146e+01  2.302124e-14 
  376.000  6.312656e+02  2.042097e+02 -1.975982e-14  5.498853e+01  3.768005e+01  3.897898e-14 
  377.000  6.502220e+02  2.073462e+02 -1.247342e-13  5.663980e+01  3.830645e+01 -2.458308e-14 
  378.000  8.462751e+02  2.659303e+02 -5.544041e-14  7.371766e+01  4.917999e+01 -1.725139e-14 
  379.000  6.554292e+02  2.030064e+02 -8.038017e-14  5.709338e+01  3.758413e+01 -5.114888e-15 
  380.000  6.174365e+02  1.886413e+02  2.816684e-13  5.378389e+01  3.497435e+01  5.368458e-14 
  381.000  6.969329e+02  2.102639e+02 -1.672682e-14  6.070870e+01  3.905797e+01  1.720844e-14 
  382.000  5.234680e+02  1.560149e+02  1.494490e-13  4.559846e+01  2.904089e+01  8.027546e-15 
  383.000  3.665888e+02  1.078985e+02 -4.293398e-14  3.193296e+01  2.012185e+01 -1.005985e-14 
  384.000  4.051723e+02  1.177380e+02 -7.565149e-14  3.529391e+01  2.199368e+01  6.757466e-15 
  385.000  6.121034e+02  1.755818e+02  1.222918e-12  5.331934e+01  3.285021e+01  2.234163e-13 
  386.000  4.768430e+02  1.350152e+02  1.143780e-13  4.153703e+01  2.529798e+01 -7.227233e-14 
  387.000  5.491322e+02  1.534761e+02  5.109365e-14  4.783402e+01  2.879855e+01  1.475961e-14 
  388.000  5.455150e+02  1.505017e+02 -2.041681e-12  4.751894e+01  2.828041e+01 -3.591089e-13 
  389.000  6.231964e+02  1.697294e+02 -1.408972e-12  5.428563e+01  3.193819e+01 -1.705022e-13 
  390.000  7.573691e+02  2.036407e+02  2.105087e-12  6.597321e+01  3.837260e+01  2.140358e-13 
  391.000  8.491313e+02  2.254124e+02 -2.240727e-12  7.396646e+01  4.253333e+01 -1.368424e-13 
  392.000  7.561706e+02  1.981970e+02  1.444060e-12  6.586880e+01  3.744889e+01  3.539794e-13 
  393.000  4.061837e+02  1.051235e+02  3.973909e-13  3.538201e+01  1.988964e+01  4.009682e-14 
  394.000  4.503221e+02  1.150863e+02 -1.346522e-12  3.922683e+01  2.180363e+01 -1.958941e-13 
  395.000  7.572770e+02  1.911167e+02  1.299214e-12  6.596518e+01  3.625550e+01  6.559417e-13 
  396.000  7.807807e+02  1.946015e+02 -1.792185e-12  6.801254e+01  3.696482e+01 -1.374667e-12 
  397.000  3.182929e+02  7.834908e+01  3.254071e-12  2.772599e+01  1.490163e+01  3.037412e-13 
  398.000  8.919325e+02  2.168459e+02  2.957220e-12  7.769480e+01  4.129548e+01  5.320975e-13 
  399.000  1.071076e+03  2.572028e+02  2.362609e-12  9.329969e+01  4.904253e+01  5.999407e-13 
  400.000  1.053803e+03  2.499555e+02  6.816290e-13  9.179512e+01  4.771926e+01  1.796203e-13 
  401.000  1.048110e+03  2.455793e+02  3.270417e-12  9.129915e+01  4.694154e+01  5.646490e-13 
  402.000  1.111464e+03  2.572686e+02 -1.906044e-12  9.681779e+01  4.923593e+01 -3.401193e-13 
  403.000  1.041586e+03  2.381859e+02  5.157789e-13  9.073087e+01  4.563898e+01  1.348167e-13 
  404.000  1.119901e+03  2.530184e+02 -1.636845e-12  9.755279e+01  4.853903e+01 -4.424722e-13 
  405.000  1.027529e+03  2.293693e+02 -3.200184e-12  8.950642e+01  4.405401e+01 -5.576610e-13 
  406.000  1.020253e+03  2.250319e+02  1.001331e-12  8.887257e+01  4.327155e+01 -7.158145e-14 
  407.000  9.941030e+02  2.166639e+02  1.563404e-12  8.659470e+01  4.171087e+01  1.457794e-13 
  408.000  1.077403e+03  2.320458e+02  5.730724e-12  9.385081e+01  4.472347e+01  9.120729e-13 
  409.000  1.193011e+03  2.539216e+02 -1.056973e-12  1.039213e+02  4.899528e+01 -8.763940e-14 
  410.000  9.977650e+02  2.098759e+02 -3.040922e-12  8.691370e+01  4.054190e+01 -1.068413e-13 
  411.000  1.172047e+03  2.436560e+02 -3.572154e-12  1.020951e+02  4.711937e+01 -9.861918e-13 
  412.000  1.214790e+03  2.496020e+02 -2.142333e-12  1.058184e+02  4.832191e+01 -2.305239e-13 
  413.000  1.147857e+03  2.331180e+02 -6.980364e-12  9.998798e+01  4.517978e+01 -1.333159e-12 
  414.000  1.126908e+03  2.262134e+02  1.335236e-12  9.816312e+01  4.388808e+01  2.229460e-13 
  415.000  1.202118e+03  2.385408e+02  1.957684e-12  1.047146e+02  4.632915e+01  5.796941e-13 
  416.000  1.195006e+03  2.344137e+02 -2.096666e-12  1.040951e+02  4.557527e+01 -1.047072e-13 
  417.000  1.158841e+03  2.247249e+02  2.512511e-12  1.009447e+02  4.373671e+01  4.308628e-13 
  418.000  1.133807e+03  2.173699e+02  5.787972e-13  9.876407e+01  4.234856e+01 -1.211189e-13 
  419.000  1.161787e+03  2.202093e+02 -8.943687e-13  1.012014e+02  4.294498e+01 -2.825443e-13 
  420.000  9.835010e+02  1.843110e+02 -1.031491e-12  8.567118e+01  3.597998e+01 -1.701195e-13 
  421.000  1.232378e+03  2.283559e+02 -7.298245e-14  1.073505e+02  4.462244e+01 -4.507510e-14 
  422.000  1.181004e+03  2.163889e+02 -1.958685e-12  1.028753e+02  4.232583e+01 -2.922005e-13 
  423.000  9.975298e+02  1.807366e+02  2.376284e-12  8.689322e+01  3.538696e+01  3.535250e-13 
  424.000  1.097333e+03  1.966134e+02 -2.439728e-12  9.558695e+01  3.853295e+01 -4.104332e-13 
  425.000  1.136609e+03  2.013938e+02 -1.631977e-12  9.900813e+01  3.950726e+01 -4.502599e-13 
  426.000  1.092697e+03  1.914753e+02  2.433817e-12  9.518302e+01  3.759673e+01  2.558641e-13 
  427.000  1.051142e+03  1.821675e+02  8.592932e-13  9.156329e+01  3.580230e+01  2.130573e-13 
  428.000  1.064460e+03  1.824538e+02  8.782283e-14  9.272343e+01  3.589149e+01  9.259311e-14 
  429.000  9.684897e+02  1.641911e+02  2.226501e-12  8.436359e+01  3.232830e+01  4.435179e-13 
  430.000  7.728931e+02  1.296042e+02 -5.520248e-13  6.732548e+01  2.554117e+01 -1.219164e-13 
  431.000  6.949443e+02  1.152696e+02  9.187441e-13  6.053548e+01  2.273644e+01  1.340065e-13 
  432.000  1.250984e+03  2.052567e+02 -1.271633e-12  1.089712e+02  4.052153e+01 -6.805811e-14 
  433.000  1.113618e+03  1.807504e+02 -1.136983e-12  9.700551e+01  3.571450e+01 -9.414827e-14 
  434.000  1.058502e+03  1.699612e+02 -2.584299e-13  9.220438e+01  3.361158e+01 -5.728162e-14 
  435.000  1.151680e+03  1.829456e+02  2.246370e-12  1.003210e+02  3.621014e+01  2.732231e-13 
  436.000  1.277101e+03  2.007061e+02 -2.422364e-12  1.112462e+02  3.975879e+01 -3.006013e-13 
  437.000  1.289481e+03  2.004981e+02 -5.123947e-13  1.123246e+02  3.975044e+01 -2.576572e-14 
  438.000  1.155153e+03  1.777086e+02 -6.421427e-14  1.006235e+02  3.526094e+01 -3.597513e-14 
  439.000  1.117856e+03  1.701557e+02 -3.535324e-13  9.737466e+01  3.378960e+01 -4.584043e-14 
  440.000  1.252942e+03  1.887077e+02  2.732531e-13  1.091417e+02  3.750318e+01  4.348959e-14 
  441.000  1.248927e+03  1.861255e+02 -3.127452e-13  1.087921e+02  3.701862e+01 -5.869231e-14 
  442.000  1.315426e+03  1.939778e+02 -1.948756e-13  1.145846e+02  3.860949e+01 -1.265917e-13 
  443.000  1.324278e+03  1.932371e+02  6.393651e-13  1.153558e+02  3.849037e+01  1.026993e-13 
  444.000  1.315736e+03  1.899820e+02  4.176417e-14  1.146117e+02  3.786916e+01  1.131194e-14 
  445.000  1.384072e+03  1.977588e+02  7.499714e-13  1.205643e+02  3.944650e+01  1.526579e-13 
  446.000  1.232093e+03  1.742000e+02 -4.618535e-13  1.073256e+02  3.476999e+01 -4.218904e-14 
  447.000  1.405268e+03  1.966347e+02 -3.635423e-13  1.224106e+02  3.927602e+01 -2.914998e-14 
  448.000  1.428660e+03  1.978927e+02  1.495944e-13  1.244483e+02  3.955992e+01  2.782485e-14 
  449.000  1.438361e+03  1.972469e+02 -3.151635e-15  1.252933e+02  3.946447e+01 -4.890454e-14 
  450.000  1.469695e+03  1.995314e+02 -5.022506e-13  1.280228e+02  3.995453e+01 -4.807051e-14 
  451.000  1.588308e+03  2.134752e+02 -1.227396e-12  1.383549e+02  4.278019e+01 -3.205875e-13 
  452.000  1.476518e+03  1.964594e+02 -2.501897e-13  1.286171e+02  3.939965e+01 -1.780655e-15 
  453.000  1.370599e+03  1.805369e+02  3.787801e-13  1.193906e+02  3.623257e+01 -5.113071e-14 
  454.000  1.461253e+03  1.905490e+02  2.459357e-12  1.272874e+02  3.826872e+01  5.281910e-13 
  455.000  1.471497e+03  1.899650e+02 -8.266804e-13  1.281797e+02  3.817764e+01 -2.486627e-13 
  456.000  1.507225e+03  1.926290e+02 -7.190370e-13  1.312920e+02  3.873856e+01  9.375747e-14 
  457.000  1.515735e+03  1.917877e+02 -1.804776e-12  1.320332e+02  3.859506e+01 -3.384395e-13 
  458.000  1.489143e+03  1.865514e+02  2.362964e-12  1.297168e+02  3.756591e+01  4.437076e-13 
  459.000  1.489024e+03  1.846851e+02  8.661569e-14  1.297065e+02  3.721368e+01  7.617534e-14 
  460.000  1.476124e+03  1.812747e+02 -5.306275e-13  1.285827e+02  3.654952e+01 -1.279737e-13 
  461.000  1.529701e+03  1.860024e+02 -1.000976e-13  1.332498e+02  3.752615e+01  2.176220e-14 
  462.000  1.504843e+03  1.811785e+02 -1.148586e-12  1.310845e+02  3.657508e+01 -1.211077e-13 
  463.000  1.505266e+03  1.794492e+02  9.400156e-13  1.311213e+02  3.624751e+01  2.276453e-13 
  464.000  1.510034e+03  1.782665e+02 -3.113767e-13  1.315366e+02  3.603076e+01 -7.833941e-14 
  465.000  1.487788e+03  1.739339e+02 -3.581325e-13  1.295988e+02  3.517608e+01 -1.050403e-14 
  466.000  1.534701e+03  1.776762e+02 -1.129265e-12  1.336854e+02  3.595364e+01 -2.036610e-13 
  467.000  1.480317e+03  1.697143e+02  4.158424e-13  1.289480e+02  3.436132e+01  9.022578e-14 
  468.000  1.566933e+03  1.778869e+02  7.802368e-13  1.364931e+02  3.603373e+01  1.485281e-13 
  469.000  1.553018e+03  1.745662e+02  4.243024e-14  1.352809e+02  3.537586e+01  3.085257e-14 
  470.000  1.531444e+03  1.704261e+02 -4.384538e-13  1.334016e+02  3.454865e+01 -6.255846e-14 
  471.000  1.528488e+03  1.683840e+02 -1.236237e-13  1.331441e+02  3.414333e+01 -1.247366e-14 
  472.000  1.546979e+03  1.686913e+02  4.515633e-13  1.347549e+02  3.421193e+01  6.666715e-14 
  473.000  1.529993e+03  1.651268e+02 -1.140880e-13  1.332752e+02  3.349221e+01 -8.904176e-15 
  474.000  1.542133e+03  1.647122e+02  4.568115e-14  1.343328e+02  3.340850e+01 -2.691033e-14 
  475.000  1.604286e+03  1.694957e+02  7.664098e-14  1.397468e+02  3.436870e+01  1.866276e-14 
  476.000  1.554802e+03  1.624133e+02 -6.470149e-14  1.354363e+02  3.291289e+01 -1.447659e-14 
  477.000  1.540340e+03  1.591618e+02  8.442803e-14  1.341765e+02  3.224308e+01  2.689419e-14 
  478.000  1.616042e+03  1.655207e+02  2.724438e-14  1.407709e+02  3.356100e+01  0.000000e+00 
  479.000  1.542107e+03  1.567338e+02  1.669816e-13  1.343305e+02  3.182766e+01  4.823662e-14 
  480.000  1.571840e+03  1.585724e+02  5.044559e-13  1.369204e+02  3.225470e+01  9.076758e-14 
  481.000  1.561648e+03  1.563210e+02  1.451676e-13  1.360326e+02  3.184213e+01  2.518104e-14 
  482.000  1.593700e+03  1.582349e+02 -1.270282e-13  1.388246e+02  3.227032e+01 -1.281717e-14 
  483.000  1.594804e+03  1.570094e+02 -6.988168e-14  1.389208e+02  3.205170e+01  3.656811e-15 
  484.000  1.532988e+03  1.496069e+02 -5.715524e-14  1.335361e+02  3.056437e+01 -2.631569e-14 
  485.000  1.543842e+03  1.493254e+02 -1.960744e-13  1.344816e+02  3.052682e+01 -3.527999e-14 
  486.000  1.251366e+03  1.199513e+02  9.700262e-14  1.090044e+02  2.453630e+01  1.427509e-15 
  487.000  1.406045e+03  1.335661e+02  4.602425e-13  1.224783e+02  2.733621e+01  4.643855e-14 
  488.000  1.526219e+03  1.436744e+02  2.524827e-13  1.329465e+02  2.942013e+01  3.817995e-14 
  489.000  1.418345e+03  1.323159e+02 -3.665334e-13  1.235498e+02  2.710771e+01 -6.763269e-14 
  490.000  1.614257e+03  1.492377e+02 -3.873701e-13  1.406154e+02  3.058940e+01 -6.587793e-14 
  491.000  1.510265e+03  1.383649e+02 -1.445400e-12  1.315568e+02  2.837386e+01 -2.359658e-13 
  492.000  1.451089e+03  1.317445e+02 -1.306486e-13  1.264020e+02  2.702819e+01  1.805071e-14 
  493.000  1.562585e+03  1.405925e+02  8.316129e-13  1.361142e+02  2.885617e+01  1.588499e-13 
  494.000  1.509310e+03  1.345791e+02 -4.635998e-13  1.314735e+02  2.763364e+01 -1.140941e-13 
  495.000  1.613201e+03  1.425560e+02 -7.419402e-13  1.405233e+02  2.928407e+01 -5.090555e-14 
  496.000  1.571093e+03  1.375897e+02  5.260496e-14  1.368553e+02  2.827527e+01  5.307851e-15 
  497.000  1.524006e+03  1.322744e+02 -3.266042e-13  1.327537e+02  2.719408e+01 -4.802004e-14 
  498.000  1.487969e+03  1.279970e+02 -1.468665e-13  1.296145e+02  2.632540e+01 -5.019709e-15 
  499.000  1.484350e+03  1.265495e+02  1.352605e-13  1.292994e+02  2.603781e+01  6.004853e-14 
  500.000  1.477789e+03  1.248723e+02  8.911342e-13  1.287278e+02  2.570264e+01  1.360797e-13 
  501.000  1.444648e+03  1.209890e+02  8.263914e-13  1.258410e+02  2.491253e+01  1.118674e-13 
  502.000  1.435170e+03  1.191332e+02  1.794451e-13  1.250153e+02  2.453954e+01  1.609611e-15 
  503.000  1.520710e+03  1.251222e+02  3.167602e-13  1.324666e+02  2.578272e+01  4.942988e-14 
  504.000  1.414854e+03  1.153885e+02 -3.798354e-13  1.232456e+02  2.378554e+01 -8.241330e-14 
  505.000  1.526038e+03  1.233624e+02  2.019665e-13  1.329307e+02  2.543803e+01  1.537584e-14 
  506.000  1.633347e+03  1.308931e+02  6.304583e-13  1.422783e+02  2.700146e+01  1.625574e-13 
  507.000  1.519381e+03  1.207091e+02 -6.553966e-13  1.323509e+02  2.491040e+01 -9.843074e-14 
  508.000  1.456787e+03  1.147409e+02 -1.263840e-14  1.268984e+02  2.368814e+01  1.300231e-14 
  509.000  1.570568e+03  1.226411e+02 -5.203854e-14  1.368096e+02  2.532898e+01 -5.250698e-15 
  510.000  1.521457e+03  1.177874e+02  9.046307e-13  1.325316e+02  2.433566e+01  1.185533e-13 
  511.000  1.521587e+03  1.167881e+02  1.191485e-13  1.325430e+02  2.413798e+01 -1.522832e-14 
  512.000  1.596659e+03  1.215026e+02 -6.297447e-13  1.390824e+02  2.512144e+01 -8.691398e-14 
  513.000  1.461000e+03  1.102319e+02 -2.405118e-13  1.272653e+02  2.279935e+01 -5.512922e-14 
  514.000  1.430040e+03  1.069787e+02  1.627808e-13  1.245685e+02  2.213432e+01  3.963858e-14 
  515.000  1.459616e+03  1.082654e+02  1.516481e-13  1.271448e+02  2.240842e+01  1.293420e-14 
  516.000  1.532933e+03  1.127379e+02  1.939828e-13  1.335313e+02  2.334181e+01  2.205703e-14 
  517.000  1.129047e+03  8.232768e+01  2.113155e-13  9.834950e+01  1.705072e+01  2.497894e-14 
  518.000  1.397629e+03  1.010462e+02  5.245635e-13  1.217452e+02  2.093371e+01  1.004370e-13 
  519.000  1.323937e+03  9.490719e+01  1.599671e-13  1.153260e+02  1.966769e+01 -1.170325e-14 
  520.000  1.457412e+03  1.035927e+02 -7.577378e-13  1.269528e+02  2.147393e+01 -1.094467e-13 
  521.000  1.458017e+03  1.027595e+02 -4.181380e-13  1.270055e+02  2.130703e+01 -5.632788e-14 
  522.000  1.515678e+03  1.059172e+02 -2.491634e-13  1.320283e+02  2.196711e+01  6.689309e-15 
  523.000  1.411769e+03  9.781346e+01 -2.171670e-13  1.229769e+02  2.029026e+01 -2.647191e-14 
  524.000  1.531518e+03  1.052081e+02 -2.170135e-13  1.334081e+02  2.182848e+01 -5.403808e-14 
  525.000  1.519084e+03  1.034646e+02  3.307210e-13  1.323250e+02  2.147039e+01  2.846653e-14 
  526.000  1.447509e+03  9.775964e+01 -1.044544e-13  1.260901e+02  2.029093e+01 -1.754533e-14 
  527.000  1.264352e+03  8.466766e+01 -2.834962e-13  1.101356e+02  1.757671e+01 -3.064420e-14 
  528.000  1.518365e+03  1.008187e+02 -2.361853e-13  1.322623e+02  2.093317e+01 -6.690048e-15 
  529.000  1.561345e+03  1.027993e+02  1.095973e-13  1.360063e+02  2.134804e+01  4.127049e-14 
  530.000  1.475211e+03  9.631385e+01 -4.714377e-14  1.285033e+02  2.000478e+01  0.000000e+00 
  531.000  1.605628e+03  1.039531e+02  2.089861e-13  1.398637e+02  2.159546e+01  1.591024e-14 
  532.000  1.531615e+03  9.834166e+01 -1.026507e-13  1.334165e+02  2.043424e+01 -2.023078e-14 
  533.000  1.345002e+03  8.565771e+01  2.456363e-13  1.171610e+02  1.780376e+01  3.994846e-14 
  534.000  1.462300e+03  9.238867e+01 -7.340098e-14  1.273786e+02  1.921029e+01 -1.446614e-14 
  535.000  1.491646e+03  9.350674e+01  2.406594e-13  1.299349e+02  1.945164e+01  4.586846e-14 
  536.000  1.582458e+03  9.842444e+01  5.286303e-14  1.378454e+02  2.048364e+01  1.041844e-14 
  537.000  1.467850e+03  9.057868e+01 -4.502912e-14  1.278621e+02  1.885830e+01 -2.575025e-14 
  538.000  1.536253e+03  9.404977e+01  3.026700e-13  1.338206e+02  1.958781e+01  4.039702e-14 
  539.000  1.530924e+03  9.298028e+01  5.635702e-14  1.333563e+02  1.937133e+01 -1.676275e-15 
  540.000  1.497973e+03  9.025632e+01 -5.627657e-14  1.304860e+02  1.880947e+01 -3.278377e-15 
  541.000  1.373410e+03  8.209450e+01  1.690883e-13  1.196356e+02  1.711353e+01  3.905166e-14 
  542.000  1.531828e+03  9.083729e+01 -2.016747e-14  1.334351e+02  1.894132e+01 -1.674278e-14 
  543.000  1.465066e+03  8.618949e+01 -3.908421e-14  1.276196e+02  1.797697e+01 -1.600423e-15 
  544.000  1.545135e+03  9.017834e+01 -8.720448e-14  1.345943e+02  1.881360e+01 -2.361957e-14 
  545.000  1.522032e+03  8.812521e+01 -2.022983e-13  1.325817e+02  1.838964e+01 -3.986971e-14 
  546.000  1.488104e+03  8.547826e+01 -2.373646e-13  1.296264e+02  1.784141e+01 -4.058991e-14 
  547.000  1.551246e+03  8.840219e+01  2.454921e-14  1.351266e+02  1.845610e+01  0.000000e+00 
  548.000  1.439251e+03  8.137351e+01 -2.032808e-13  1.253708e+02  1.699261e+01 -2.510574e-14 
  549.000  1.514644e+03  8.496309e+01  2.635595e-13  1.319382e+02  1.774626e+01  6.767864e-14 
  550.000  1.481549e+03  8.245339e+01 -1.599788e-14  1.290553e+02  1.722579e+01 -1.614189e-15 
  551.000  1.472682e+03  8.131403e+01  4.082883e-13  1.282830e+02  1.699101e+01  5.294030e-14 
  552.000  1.536602e+03  8.417718e+01 -1.095987e-13  1.338510e+02  1.759273e+01 -1.840942e-14 
  553.000  1.476829e+03  8.026695e+01 -2.328311e-13  1.286442e+02  1.677850e+01 -3.055658e-14 
  554.000  1.525528e+03  8.226304e+01 -1.352441e-13  1.328862e+02  1.719870e+01 -2.823780e-14 
  555.000  1.530279e+03  8.187286e+01 -1.295503e-14  1.333002e+02  1.711999e+01  1.332805e-14 
  556.000  1.488563e+03  7.901761e+01 -6.708069e-14  1.296663e+02  1.652557e+01  1.458399e-14 
  557.000  1.444847e+03  7.609491e+01 -1.798209e-13  1.258583e+02  1.591642e+01 -2.044674e-14 
  558.000  1.500204e+03  7.839062e+01  2.774715e-13  1.306804e+02  1.639860e+01  3.756094e-14 
  559.000  1.418463e+03  7.353773e+01 -5.740836e-14  1.235601e+02  1.538507e+01 -2.161796e-14 
  560.000  1.425123e+03  7.330034e+01 -8.019591e-14  1.241402e+02  1.533647e+01 -2.172128e-14 
  561.000  1.566722e+03  7.994514e+01 -7.005569e-14  1.364747e+02  1.672733e+01 -1.705918e-14 
  562.000  1.438070e+03  7.275297e+01  2.273708e-14  1.252680e+02  1.521651e+01  0.000000e+00 
  563.000  1.504896e+03  7.552258e+01  1.823122e-13  1.310891e+02  1.579483e+01  3.280374e-14 
  564.000  1.483965e+03  7.386255e+01  1.603629e-13  1.292658e+02  1.544491e+01  1.618064e-14 
  565.000  1.501556e+03  7.409652e+01 -1.484883e-13  1.307981e+02  1.548687e+01 -2.457869e-14 
  566.000  1.384849e+03  6.779279e+01  2.301091e-14  1.206320e+02  1.416851e+01  4.535075e-15 
  567.000  1.484220e+03  7.191795e+01  2.818513e-14  1.292881e+02  1.500773e+01  1.948658e-14 
  568.000  1.473149e+03  7.015800e+01 -4.085750e-14  1.283236e+02  1.454975e+01 -6.502673e-15 
  569.000  1.426106e+03  6.640784e+01  7.836731e-15  1.242258e+02  1.364250e+01  3.435317e-15 
  570.000  1.437421e+03  6.655390e+01 -5.327958e-14  1.252114e+02  1.369094e+01 -9.661459e-15 
  571.000  1.400484e+03  6.505747e+01 -2.466606e-14  1.219939e+02  1.347957e+01 -9.288367e-15 
  572.000  1.468206e+03  6.696129e+01  5.348681e-14  1.278931e+02  1.377875e+01  9.529104e-15 
  573.000  1.488370e+03  6.755420e+01  2.464543e-14  1.296495e+02  1.392731e+01  3.922442e-15 
  574.000  1.482126e+03  6.681476e+01 -1.319232e-14  1.291056e+02  1.378330e+01 -1.360048e-15 
  575.000  1.445723e+03  6.462178e+01  5.745852e-14  1.259346e+02  1.332395e+01  6.030116e-15 
  576.000  1.419756e+03  6.296123e+01 -9.929725e-15  1.236727e+02  1.297968e+01 -3.739183e-15 
  577.000  1.482953e+03  6.542198e+01 -1.748733e-14  1.291776e+02  1.350789e+01 -6.585111e-15 
  578.000  1.444708e+03  6.360899e+01 -8.016661e-14  1.258462e+02  1.318361e+01 -1.275891e-14 
  579.000  1.436891e+03  6.302753e+01  8.779719e-14  1.251653e+02  1.309662e+01  1.579749e-14 
  580.000  1.488130e+03  6.493477e+01  4.099909e-14  1.296286e+02  1.351378e+01  6.525207e-15 
  581.000  1.464606e+03  6.370988e+01  6.212186e-15  1.275795e+02  1.329768e+01 -6.391058e-15 
  582.000  1.488227e+03  6.439538e+01  7.277837e-14  1.296370e+02  1.346051e+01  9.713647e-15 
  583.000  1.498828e+03  6.439468e+01 -9.915870e-14  1.305605e+02  1.346398e+01 -1.954257e-14 
  584.000  1.494388e+03  6.374947e+01  6.429791e-14  1.301737e+02  1.333266e+01  6.487671e-15 
  585.000  1.484501e+03  6.284887e+01  6.383217e-14  1.293125e+02  1.314352e+01  6.440678e-15 
  586.000  1.420860e+03  5.970810e+01  0.000000e+00  1.237688e+02  1.248702e+01  0.000000e+00 
  587.000  1.469983e+03  6.095484e+01 -2.607257e-14  1.280479e+02  1.269969e+01  7.695760e-16 
  588.000  1.428523e+03  5.765313e+01 -3.573453e-14  1.244363e+02  1.186110e+01 -8.289608e-15 
  589.000  1.230673e+03  4.830547e+01 -1.027991e-14  1.072020e+02  9.808751e+00 -3.871052e-15 
  590.000  1.282696e+03  4.992270e+01  6.229583e-14  1.117335e+02  1.013018e+01  8.888351e-15 
  591.000  1.389779e+03  5.439563e+01  3.193564e-15  1.210614e+02  1.113181e+01 -3.906403e-15 
  592.000  1.349402e+03  5.207370e+01 -9.782513e-15  1.175443e+02  1.061082e+01 -3.683749e-15 
  593.000  1.393913e+03  5.425683e+01  1.341024e-14  1.214215e+02  1.116936e+01  1.687395e-17 
  594.000  1.400102e+03  5.389057e+01 -1.470932e-15  1.219606e+02  1.106708e+01 -1.506544e-15 
  595.000  1.352503e+03  5.112756e+01 -4.805819e-15  1.178144e+02  1.042830e+01 -3.186154e-15 
  596.000  1.417269e+03  5.406288e+01  2.834563e-14  1.234560e+02  1.114328e+01  5.570151e-15 
  597.000  1.415745e+03  5.342408e+01  7.649450e-14  1.233233e+02  1.098755e+01  6.342304e-15 
  598.000  1.399957e+03  5.286516e+01  3.753050e-14  1.219480e+02  1.092840e+01  9.168685e-15 
  599.000  1.406271e+03  5.292908e+01  5.260230e-14  1.224980e+02  1.096997e+01  9.330600e-15 
  600.000  1.418597e+03  5.351035e+01  9.032960e-14  1.235717e+02  1.115869e+01  1.203717e-14 
  601.000  1.419061e+03  5.351275e+01  8.145033e-15  1.236121e+02  1.120957e+01  3.067132e-15 
  602.000  1.406796e+03  5.285205e+01 -3.005479e-14  1.225438e+02  1.109700e+01 -3.032534e-15 
  603.000  1.418328e+03  5.308040e+01 -1.197383e-13  1.235483e+02  1.116982e+01 -7.619391e-15 
  604.000  1.465619e+03  5.460049e+01  1.328232e-13  1.276677e+02  1.150967e+01  1.570062e-14 
  605.000  1.463204e+03  5.419047e+01 -1.002425e-13  1.274574e+02  1.143303e+01 -7.823581e-15 
  606.000  1.446894e+03  5.322952e+01 -1.531871e-14  1.260366e+02  1.123399e+01 -1.545661e-15 
  607.000  1.439396e+03  5.259911e+01 -9.758984e-15  1.253835e+02  1.110421e+01  2.150580e-14 
  608.000  1.434626e+03  5.206672e+01  1.088485e-15  1.249679e+02  1.099398e+01  4.589136e-15 
  609.000  1.420371e+03  5.119522e+01 -2.062399e-13  1.237262e+02  1.081170e+01 -3.631889e-14 
  610.000  1.398049e+03  5.004417e+01  1.148236e-13  1.217818e+02  1.057016e+01 -1.488285e-15 
  611.000  1.421122e+03  5.051970e+01 -5.834643e-14  1.237916e+02  1.067197e+01 -3.023026e-14 
  612.000  1.402990e+03  4.953121e+01  4.645128e-14  1.222122e+02  1.046434e+01  1.341856e-14 
  613.000  1.382845e+03  4.848240e+01 -1.086207e-13  1.204574e+02  1.024370e+01 -8.810052e-15 
  614.000  1.333242e+03  4.641931e+01  7.513007e-15  1.161366e+02  9.808487e+00  2.829133e-15 
  615.000  1.397434e+03  4.831774e+01  0.000000e+00  1.217282e+02  1.021036e+01  0.000000e+00 
  616.000  1.328988e+03  4.563222e+01  1.898757e-13  1.157660e+02  9.643308e+00  2.534249e-14 
  617.000  1.336766e+03  4.557876e+01  1.422716e-13  1.164435e+02  9.632102e+00  2.264322e-14 
  618.000  1.400065e+03  4.740102e+01  1.048817e-13  1.219574e+02  1.001685e+01  1.925832e-14 
  619.000  1.387429e+03  4.663894e+01 -8.259851e-14  1.208567e+02  9.854878e+00 -1.907647e-14 
  620.000  1.408097e+03  4.699514e+01  5.111118e-14  1.226570e+02  9.928882e+00  2.977469e-15 
  621.000  1.432437e+03  4.746184e+01  7.610499e-14  1.247772e+02  1.002561e+01  1.211248e-14 
  622.000  1.356915e+03  4.463100e+01 -1.005041e-13  1.181987e+02  9.425314e+00 -1.433989e-14 
  623.000  1.367482e+03  4.464349e+01  3.734882e-14  1.191191e+02  9.424666e+00  1.011603e-14 
  624.000  1.368928e+03  4.435944e+01 -4.863643e-14  1.192451e+02  9.361578e+00  1.446634e-15 
  625.000  1.331755e+03  4.283313e+01 -1.394842e-14  1.160070e+02  9.036107e+00 -1.407398e-15 
  626.000  1.337343e+03  4.263074e+01 -4.308379e-14  1.164938e+02  8.981425e+00 -8.491114e-15 
  627.000  1.351263e+03  4.232370e+01 -2.351481e-14  1.177063e+02  8.854201e+00 -4.916565e-15 
  628.000  1.321624e+03  4.027038e+01  1.183991e-14  1.151245e+02  8.314981e+00 -5.056384e-15 
  629.000  1.358130e+03  4.145103e+01  1.346432e-14  1.183045e+02  8.603889e+00  3.988879e-15 
  630.000  1.321209e+03  4.033469e+01 -9.043739e-15  1.150884e+02  8.411477e+00  5.306122e-16 
  631.000  1.372283e+03  4.178749e+01 -1.098321e-15  1.195373e+02  8.738335e+00 -4.630605e-15 
  632.000  1.270045e+03  3.814761e+01  2.389456e-14  1.106316e+02  7.940478e+00  4.725324e-15 
  633.000  1.372842e+03  4.136884e+01 -6.789677e-15  1.195861e+02  8.667659e+00 -3.240250e-15 
  634.000  1.334283e+03  4.005355e+01  0.000000e+00  1.162272e+02  8.407908e+00  0.000000e+00 
  635.000  1.358248e+03  4.048923e+01  0.000000e+00  1.183148e+02  8.497895e+00  0.000000e+00 
  636.000  1.311903e+03  3.893326e+01 -4.013891e-14  1.142777e+02  8.183628e+00  0.000000e+00 
  637.000  1.356237e+03  4.003357e+01 -4.343547e-14  1.181396e+02  8.422469e+00 -8.560423e-15 
  638.000  1.381803e+03  4.075028e+01 -2.096555e-14  1.203666e+02  8.606158e+00  0.000000e+00 
  639.000  1.370532e+03  4.015515e+01  1.520633e-14  1.193849e+02  8.481444e+00  5.726166e-15 
  640.000  1.329705e+03  3.881362e+01  7.692073e-14  1.158285e+02  8.214041e+00  1.384047e-14 
  641.000  1.348801e+03  3.910390e+01  6.306337e-14  1.174919e+02  8.274741e+00  8.416996e-15 
  642.000  1.334212e+03  3.850396e+01  1.190659e-13  1.162210e+02  8.158944e+00  2.214649e-14 
  643.000  1.354415e+03  3.866265e+01  5.587422e-14  1.179809e+02  8.169601e+00  5.637720e-15 
  644.000  1.338926e+03  3.796531e+01 -7.738783e-14  1.166317e+02  8.021947e+00 -1.392452e-14 
  645.000  1.345774e+03  3.772941e+01 -5.989773e-14  1.172282e+02  7.947964e+00 -8.589239e-15 
  646.000  1.274923e+03  3.490148e+01 -6.436876e-14  1.110565e+02  7.270899e+00 -2.856637e-14 
  647.000  1.278557e+03  3.445784e+01 -1.472568e-14  1.113730e+02  7.137257e+00 -5.545171e-15 
  648.000  1.260967e+03  3.347849e+01  7.391254e-15  1.098408e+02  6.897477e+00  2.783285e-15 
  649.000  1.299247e+03  3.451468e+01  0.000000e+00  1.131753e+02  7.143539e+00  0.000000e+00 
  650.000  1.227897e+03  3.297492e+01  5.954722e-14  1.069602e+02  6.901318e+00  4.916547e-15 
  651.000  1.322613e+03  3.528374e+01 -3.326130e-14  1.152107e+02  7.384245e+00 -8.093794e-15 
  652.000  1.274753e+03  3.327047e+01 -2.088072e-14  1.110417e+02  6.895074e+00  9.043043e-16 
  653.000  1.326595e+03  3.502525e+01  9.636262e-14  1.155576e+02  7.343155e+00  1.416369e-14 
  654.000  1.306395e+03  3.418636e+01 -6.966660e-14  1.137979e+02  7.156380e+00 -1.201133e-14 
  655.000  1.262731e+03  3.259881e+01 -9.170622e-15  1.099944e+02  6.793349e+00  5.085976e-15 
  656.000  1.074763e+03  2.763028e+01 -9.425760e-16  9.362086e+01  5.766504e+00 -3.973971e-15 
  657.000  1.151632e+03  2.952877e+01  9.015090e-14  1.003168e+02  6.178056e+00  1.271926e-14 
  658.000  1.291433e+03  3.314503e+01  5.377626e-14  1.124947e+02  6.968047e+00  1.115461e-14 
  659.000  1.299577e+03  3.329977e+01 -8.671545e-14  1.132041e+02  7.022617e+00 -1.108612e-14 
  660.000  1.311972e+03  3.347408e+01 -1.005730e-14  1.142838e+02  7.069431e+00 -3.513475e-15 
  661.000  1.324269e+03  3.379664e+01  1.442008e-14  1.153549e+02  7.168639e+00  5.430094e-15 
  662.000  1.346147e+03  3.425626e+01  4.185969e-14  1.172607e+02  7.283126e+00  8.249864e-15 
  663.000  1.330616e+03  3.361179e+01  3.223557e-14  1.159078e+02  7.141559e+00 -2.719198e-15 
  664.000  1.310524e+03  3.293415e+01  6.529931e-14  1.141576e+02  7.003354e+00  2.673880e-15 
  665.000  1.317109e+03  3.292073e+01 -7.126836e-15  1.147312e+02  7.004985e+00 -2.683714e-15 
  666.000  1.334142e+03  3.318067e+01  2.065450e-14  1.162150e+02  7.066772e+00  4.070666e-15 
  667.000  1.308471e+03  3.236662e+01  5.690773e-14  1.139788e+02  6.897736e+00 -3.987032e-15 
  668.000  1.316928e+03  3.241053e+01  8.979649e-14  1.147155e+02  6.912848e+00 -2.670893e-15 
  669.000  1.336369e+03  3.269828e+01  0.000000e+00  1.164089e+02  6.976658e+00  0.000000e+00 
  670.000  1.320744e+03  3.212198e+01  2.801665e-13  1.150479e+02  6.855117e+00  3.609883e-14 
  671.000  1.307185e+03  3.160472e+01 -8.332460e-14  1.138668e+02  6.746546e+00 -2.776495e-14 
  672.000  1.303232e+03  3.131784e+01  3.822719e-14  1.135224e+02  6.686296e+00  0.000000e+00 
  673.000  1.312854e+03  3.135710e+01 -1.126207e-13  1.143606e+02  6.695559e+00  1.193470e-14 
  674.000  1.315680e+03  3.123344e+01  2.557509e-13  1.146067e+02  6.669989e+00  4.913835e-14 
  675.000  1.295857e+03  3.057629e+01  2.558840e-13  1.128800e+02  6.530501e+00  3.921579e-14 
  676.000  1.320571e+03  3.096967e+01  6.597198e-14  1.150328e+02  6.615225e+00  6.656585e-15 
  677.000  1.294561e+03  3.017519e+01 -1.136272e-13  1.127671e+02  6.446217e+00 -5.347870e-14 
  678.000  1.316236e+03  3.049451e+01 -2.953946e-14  1.146552e+02  6.515165e+00  1.060354e-14 
  679.000  1.297721e+03  2.987662e+01 -1.452025e-13  1.130423e+02  6.382885e+00 -2.612653e-14 
  680.000  1.287117e+03  2.941679e+01  5.139111e-14  1.121187e+02  6.280229e+00  5.185373e-15 
  681.000  1.287679e+03  2.920593e+01 -5.970250e-15  1.121677e+02  6.229455e+00  1.297990e-15 
  682.000  1.284725e+03  2.894694e+01 -5.133558e-14  1.119103e+02  6.172580e+00 -5.179770e-15 
  683.000  1.292808e+03  2.892388e+01 -9.321779e-14  1.126144e+02  6.164134e+00 -2.085695e-14 
  684.000  1.267816e+03  2.811893e+01  6.801957e-15  1.104374e+02  5.982670e+00  2.561376e-15 
  685.000  1.283380e+03  2.833496e+01  2.749136e-14  1.117932e+02  6.035073e+00  1.035227e-14 
  686.000  1.225002e+03  2.675581e+01  0.000000e+00  1.067080e+02  5.681722e+00  0.000000e+00 
  687.000  1.082525e+03  2.217922e+01  1.936252e-14  9.429698e+01  4.543749e+00  7.291240e-15 
  688.000  1.129913e+03  2.328970e+01  7.664428e-16  9.842492e+01  4.807114e+00 -2.986973e-15 
  689.000  1.117907e+03  2.280474e+01 -8.815561e-15  9.737908e+01  4.694880e+00 -2.140015e-17 
  690.000  1.147817e+03  2.343197e+01 -4.513841e-14  9.998453e+01  4.843970e+00 -3.708365e-15 
  691.000  1.178903e+03  2.412073e+01 -3.886008e-14  1.026924e+02  5.011172e+00 -4.780561e-15 
  692.000  1.178680e+03  2.401558e+01 -6.808175e-14  1.026729e+02  4.994051e+00 -1.225006e-14 
  693.000  1.146288e+03  2.286284e+01  0.000000e+00  9.985128e+01  4.708145e+00  0.000000e+00 
  694.000  1.118874e+03  2.190386e+01  7.570769e-14  9.746331e+01  4.473834e+00 -2.218782e-16 
  695.000  1.120289e+03  2.193694e+01 -4.020159e-14  9.758656e+01  4.498788e+00 -4.373927e-16 
  696.000  1.146422e+03  2.241397e+01  1.166662e-14  9.986301e+01  4.609907e+00  5.000346e-15 
  697.000  1.212992e+03  2.422796e+01 -1.894369e-14  1.056618e+02  5.070442e+00 -2.047088e-17 
  698.000  1.176271e+03  2.317669e+01  0.000000e+00  1.024630e+02  4.826898e+00  0.000000e+00 
  699.000  1.138782e+03  2.180947e+01 -5.976389e-16  9.919746e+01  4.478563e+00 -2.250497e-16 
  700.000  1.134486e+03  2.165549e+01 -3.242694e-14  9.882322e+01  4.454465e+00 -5.160908e-15 
  701.000  1.096108e+03  2.071144e+01  2.324517e-14  9.548017e+01  4.249107e+00 -5.045904e-15 
  702.000  1.099609e+03  2.071549e+01  5.033504e-14  9.578519e+01  4.258117e+00  5.237123e-15 
  703.000  1.162699e+03  2.217097e+01 -1.255409e-14  1.012808e+02  4.609503e+00 -1.259409e-15 
  704.000  1.167881e+03  2.215877e+01  2.613547e-14  1.017323e+02  4.609931e+00  6.364219e-15 
  705.000  1.156541e+03  2.163389e+01 -3.112114e-14  1.007444e+02  4.477536e+00 -4.703483e-15 
  706.000  1.147937e+03  2.137853e+01  4.287537e-15  9.999496e+01  4.429069e+00  4.326133e-16 
  707.000  1.137414e+03  2.111774e+01 -2.393522e-15  9.907826e+01  4.383029e+00 -2.064914e-15 
  708.000  1.178020e+03  2.181477e+01  3.915132e-14  1.026154e+02  4.537295e+00  7.716089e-15 
  709.000  1.151313e+03  2.135547e+01  7.771135e-15  1.002891e+02  4.463277e+00 -4.589745e-16 
  710.000  1.160879e+03  2.123219e+01  3.418727e-14  1.011223e+02  4.414637e+00  5.940184e-15 
  711.000  1.165831e+03  2.136864e+01  3.032828e-14  1.015537e+02  4.465825e+00  4.564245e-15 
  712.000  1.163620e+03  2.137556e+01  6.585236e-13  1.013611e+02  4.490686e+00  1.040936e-13 
  713.000  1.146836e+03  2.079541e+01 -5.355941e-15  9.989902e+01  4.348850e+00 -2.016858e-15 
  714.000  1.161871e+03  2.089100e+01  1.820448e-14  1.012087e+02  4.361593e+00  9.843568e-18 
  715.000  1.102192e+03  1.951269e+01 -6.672870e-15  9.601013e+01  4.048705e+00  7.930941e-16 
  716.000  1.110229e+03  1.935450e+01  1.322584e-14  9.671030e+01  3.991112e+00  4.980382e-15 
  717.000  9.604869e+02  1.590371e+01  0.000000e+00  8.366647e+01  3.176346e+00  0.000000e+00 
  718.000  8.838893e+02  1.396040e+01  7.338822e-16  7.699417e+01  2.698358e+00  2.763541e-16 
  719.000  8.484434e+02  1.309782e+01  3.965293e-16  7.390654e+01  2.497231e+00  1.493189e-16 
  720.000  8.184481e+02  1.228547e+01  3.656292e-16  7.129369e+01  2.301243e+00  1.376830e-16 
  721.000  9.811199e+02  1.605497e+01 -1.320581e-15  8.546378e+01  3.234526e+00 -4.972840e-16 
  722.000  1.057573e+03  1.757706e+01  5.437325e-15  9.212350e+01  3.593727e+00  2.330032e-15 
  723.000  1.019249e+03  1.665293e+01 -2.941780e-15  8.878511e+01  3.379239e+00 -1.107771e-15 
  724.000  9.263984e+02  1.440751e+01 -6.904416e-17  8.069707e+01  2.828028e+00 -2.599959e-17 
  725.000  9.297031e+02  1.447649e+01 -2.190445e-15  8.098494e+01  2.857398e+00 -1.482391e-19 
  726.000  9.234620e+02  1.426554e+01  3.854545e-15  8.044129e+01  2.810839e+00  6.282844e-16 
  727.000  9.507253e+02  1.471099e+01 -3.986417e-19  8.281615e+01  2.915581e+00 -1.501143e-19 
  728.000  9.196848e+02  1.404301e+01  6.622504e-16  8.011226e+01  2.766607e+00  2.493801e-16 
  729.000  9.183022e+02  1.420941e+01  1.304224e-16  7.999183e+01  2.841390e+00  4.911248e-17 
  730.000  9.460019e+02  1.452394e+01  1.453668e-15  8.240471e+01  2.899495e+00  5.474001e-16 
  731.000  9.230350e+02  1.405099e+01 -1.334020e-16  8.040409e+01  2.798853e+00 -5.023448e-17 
  732.000  1.003114e+03  1.559486e+01  0.000000e+00  8.737963e+01  3.169430e+00  0.000000e+00 
  733.000  1.048998e+03  1.656562e+01  9.335605e-14  9.137652e+01  3.414920e+00  9.417951e-15 
  734.000  1.101274e+03  1.750770e+01 -5.292136e-15  9.593024e+01  3.637668e+00 -1.992832e-15 
  735.000  1.081708e+03  1.703145e+01  0.000000e+00  9.422586e+01  3.530075e+00  0.000000e+00 
  736.000  1.042136e+03  1.620390e+01 -5.292016e-16  9.077884e+01  3.344254e+00 -1.992786e-16 
  737.000  1.070570e+03  1.664240e+01 -6.280990e-15  9.325563e+01  3.446593e+00 -2.365199e-15 
  738.000  1.087954e+03  1.695949e+01  1.819252e-14  9.476994e+01  3.530954e+00  3.976473e-16 
  739.000  1.061199e+03  1.651988e+01 -2.186957e-15  9.243932e+01  3.448866e+00 -1.886709e-15 
  740.000  1.090356e+03  1.706396e+01 -5.300891e-15  9.497912e+01  3.587616e+00  1.152465e-15 
  741.000  1.092644e+03  1.713309e+01  1.966552e-14  9.517847e+01  3.619950e+00  1.160791e-15 
  742.000  1.079125e+03  1.688478e+01  9.954234e-16  9.400087e+01  3.575600e+00  3.265926e-16 
  743.000  1.121095e+03  1.758964e+01  3.332206e-15  9.765678e+01  3.745267e+00 -3.049891e-15 
  744.000  1.136219e+03  1.778830e+01 -3.272859e-14  9.897419e+01  3.795955e+00  0.000000e+00 
  745.000  1.110041e+03  1.734276e+01  2.333128e-14  9.669384e+01  3.709543e+00  8.785736e-15 
  746.000  1.128131e+03  1.757475e+01  1.024179e-14  9.826967e+01  3.765881e+00 -2.226665e-15 
  747.000  1.146147e+03  1.776239e+01  6.883898e-14  9.983902e+01  3.806982e+00  1.356704e-14 
  748.000  1.127117e+03  1.740875e+01 -1.421550e-13  9.818139e+01  3.736584e+00 -1.109471e-14 
  749.000  1.128249e+03  1.734470e+01 -1.040714e-13  9.827992e+01  3.724969e+00 -8.876337e-15 
  750.000  1.110807e+03  1.696262e+01  1.025485e-13  9.676064e+01  3.640200e+00  8.746448e-15 
  751.000  1.108117e+03  1.682934e+01 -2.895641e-14  9.652631e+01  3.611802e+00 -1.090396e-14 
  752.000  1.126844e+03  1.705144e+01  5.799612e-14  9.815754e+01  3.663997e+00  1.881547e-14 
  753.000  1.116765e+03  1.681507e+01  1.451319e-13  9.727962e+01  3.614520e+00  3.069300e-14 
  754.000  1.134644e+03  1.699616e+01  7.905082e-13  9.883704e+01  3.654289e+00  1.547351e-13 
  755.000  1.128299e+03  1.680964e+01 -7.016676e-13  9.828432e+01  3.614392e+00 -1.372323e-13 
  756.000  1.106393e+03  1.639462e+01 -2.599653e-13  9.637616e+01  3.525415e+00 -1.193436e-14 
  757.000  1.114600e+03  1.642619e+01 -1.095001e-13  9.709100e+01  3.532282e+00 -3.824825e-14 
  758.000  1.111912e+03  1.627072e+01 -1.190770e-13  9.685687e+01  3.495253e+00 -1.201489e-14 
  759.000  1.004102e+03  1.397810e+01 -6.319410e-17  8.746574e+01  2.918885e+00 -2.379667e-17 
  760.000  3.911852e+02  4.114718e+00  0.000000e+00  3.407552e+01  6.927289e-01  0.000000e+00 
  761.000  3.389861e+02  3.407289e+00  1.678994e-16  2.952853e+01  5.502679e-01  6.322497e-17 
  762.000  6.606301e+02  7.911354e+00  6.241018e-16  5.754642e+01  1.498330e+00  2.350147e-16 
  763.000  5.700786e+02  6.458097e+00 -1.604642e-17  4.965863e+01  1.178220e+00 -6.042514e-18 
  764.000  6.253182e+02  7.212009e+00 -6.602460e-16  5.447047e+01  1.339096e+00 -2.486253e-16 
  765.000  7.522410e+02  9.217228e+00  0.000000e+00  6.552651e+01  1.797757e+00  0.000000e+00 
  766.000  8.590671e+02  1.122399e+01  1.321102e-15  7.483196e+01  2.307150e+00 -1.421537e-18 
  767.000  9.436780e+02  1.249164e+01  1.684412e-16  8.220227e+01  2.597642e+00 -1.947321e-15 
  768.000  1.029301e+03  1.379022e+01  2.180624e-15  8.966078e+01  2.898950e+00 -1.978090e-15 
  769.000  1.056901e+03  1.432610e+01  1.878000e-14  9.206494e+01  3.044662e+00  7.015597e-15 
  770.000  1.066154e+03  1.451913e+01 -4.829437e-14  9.287095e+01  3.105731e+00 -7.036714e-15 
  771.000  1.074464e+03  1.464292e+01  6.261709e-14  9.359482e+01  3.144544e+00  6.318076e-15 
  772.000  1.071998e+03  1.455369e+01 -9.202631e-14  9.337998e+01  3.128533e+00 -3.145341e-15 
  773.000  1.068365e+03  1.443621e+01 -1.988075e-13  9.306355e+01  3.104600e+00 -2.923032e-14 
  774.000  1.080421e+03  1.453130e+01  8.996939e-14  9.411369e+01  3.126466e+00  1.371018e-14 
  775.000  1.040226e+03  1.392232e+01  7.328782e-14  9.061238e+01  2.996322e+00  1.928046e-14 
  776.000  1.083402e+03  1.442799e+01  1.641575e-13  9.437337e+01  3.105867e+00  2.429678e-14 
  777.000  1.075913e+03  1.425102e+01 -1.336640e-13  9.372104e+01  3.067636e+00 -7.343190e-15 
  778.000  1.070030e+03  1.409379e+01  7.644722e-14  9.320857e+01  3.033238e+00  3.130366e-15 
  779.000  1.073412e+03  1.405946e+01 -4.224819e-14  9.350317e+01  3.025318e+00 -7.328449e-15 
  780.000  1.060053e+03  1.380751e+01  4.354149e-14  9.233954e+01  2.970634e+00 -6.204250e-15 
  781.000  1.058945e+03  1.373101e+01 -6.465522e-14  9.224295e+01  2.955717e+00  1.032152e-15 
  782.000  1.071592e+03  1.381747e+01 -8.580170e-14  9.334462e+01  2.973757e+00 -2.089348e-14 
  783.000  1.046473e+03  1.341909e+01 -1.011230e-14  9.115657e+01  2.887563e+00 -1.020333e-15 
  784.000  1.051730e+03  1.340274e+01 -4.759453e-14  9.161450e+01  2.882263e+00 -1.231492e-14 
  785.000  1.051080e+03  1.326357e+01  5.175740e-14  9.155785e+01  2.843846e+00  8.237445e-15 
  786.000  1.027661e+03  1.282252e+01  2.153758e-14  8.951788e+01  2.738511e+00  1.449066e-15 
  787.000  1.030975e+03  1.264395e+01 -1.345927e-13  8.980656e+01  2.679255e+00 -2.084039e-14 
  788.000  1.009291e+03  1.224422e+01  1.509678e-14  8.791772e+01  2.585039e+00  2.975330e-15 
  789.000  9.931492e+02  1.179723e+01 -5.317392e-15  8.651163e+01  2.465322e+00 -2.002342e-15 
  790.000  9.810997e+02  1.157835e+01  1.962388e-14  8.546201e+01  2.417583e+00  1.972895e-15 
  791.000  9.800696e+02  1.153368e+01  7.126302e-15  8.537228e+01  2.411971e+00  2.683513e-15 
  792.000  9.682672e+02  1.136312e+01 -2.107735e-14  8.434419e+01  2.380041e+00 -2.639582e-15 
  793.000  9.760215e+02  1.146594e+01  1.541166e-14  8.501966e+01  2.411301e+00  5.803486e-15 
  794.000  9.842352e+02  1.169020e+01  1.554500e-14  8.573514e+01  2.484611e+00  8.208978e-16 
  795.000  9.676838e+02  1.131356e+01  6.767262e-16  8.429337e+01  2.387962e+00  2.853128e-15 
  796.000  9.540311e+02  1.087115e+01  3.397847e-15  8.310413e+01  2.264555e+00  1.765742e-15 
  797.000  9.685925e+02  1.103343e+01  5.187359e-15  8.437254e+01  2.305445e+00  1.953376e-15 
  798.000  9.882220e+02  1.134872e+01 -2.894385e-14  8.608244e+01  2.391745e+00 -2.913404e-15 
  799.000  9.830144e+02  1.119217e+01 -2.552166e-17  8.562880e+01  2.353503e+00 -9.610556e-18 
  800.000  9.438264e+02  1.058983e+01  5.975932e-15  8.221519e+01  2.213314e+00  2.250325e-15 
  801.000  9.629474e+02  1.075911e+01  2.433996e-14  8.388080e+01  2.250073e+00  3.873825e-15 
  802.000  9.596493e+02  1.065750e+01 -8.881421e-15  8.359351e+01  2.227539e+00  1.938429e-15 
  803.000  9.478565e+02  1.048547e+01 -5.060037e-15  8.256625e+01  2.193322e+00 -1.905431e-15 
  804.000  9.628964e+02  1.064308e+01  1.020188e-14  8.387635e+01  2.232481e+00  3.841668e-15 
  805.000  9.486334e+02  1.053029e+01  8.626302e-15  8.263393e+01  2.222334e+00 -1.846426e-15 
  806.000  9.817480e+02  1.091282e+01 -8.800074e-15  8.551849e+01  2.312859e+00  1.913221e-15 
  807.000  9.761718e+02  1.079781e+01  4.847319e-14  8.503275e+01  2.288815e+00  1.045971e-14 
  808.000  9.659218e+02  1.058832e+01  2.812556e-14  8.413988e+01  2.238654e+00  4.222431e-15 
  809.000  9.443780e+02  1.025316e+01 -4.279302e-15  8.226325e+01  2.161421e+00  9.303616e-16 
  810.000  9.343810e+02  1.004629e+01  2.509813e-14  8.139243e+01  2.111411e+00  4.386483e-15 
  811.000  9.374559e+02  9.945886e+00  1.501472e-14  8.166027e+01  2.079199e+00  5.654014e-15 
  812.000  9.182233e+02  9.601860e+00 -2.001652e-14  7.998495e+01  1.995255e+00 -7.537512e-15 
  813.000  8.948160e+02  9.222325e+00 -4.722768e-14  7.794598e+01  1.904995e+00 -7.516519e-15 
  814.000  8.679822e+02  8.807251e+00 -4.543602e-16  7.560853e+01  1.807088e+00 -1.710960e-16 
  815.000  8.272733e+02  8.244643e+00 -1.527883e-18  7.206245e+01  1.676934e+00 -5.753466e-19 
  816.000  7.811820e+02  7.612885e+00 -1.232157e-15  6.804752e+01  1.528670e+00 -4.639866e-16 
  817.000  7.876804e+02  7.639241e+00  6.764377e-16  6.861358e+01  1.534238e+00  2.547225e-16 
  818.000  7.858766e+02  7.593958e+00 -7.592647e-19  6.845645e+01  1.526766e+00 -2.859122e-19 
  819.000  7.772549e+02  7.521895e+00  1.525743e-15  6.770542e+01  1.519745e+00 -4.127781e-17 
  820.000  8.037980e+02  7.872757e+00  1.356163e-15  7.001756e+01  1.609739e+00  4.004194e-16 
  821.000  8.806573e+02  8.753201e+00 -4.771529e-16  7.671264e+01  1.812078e+00 -1.796789e-16 
  822.000  8.185537e+02  7.971000e+00  0.000000e+00  7.130289e+01  1.634281e+00  0.000000e+00 
  823.000  7.283693e+02  6.738582e+00  5.988848e-16  6.344707e+01  1.335176e+00  2.255188e-16 
  824.000  8.256398e+02  7.917195e+00 -5.831843e-15  7.192015e+01  1.617687e+00 -9.515981e-16 
  825.000  8.818905e+02  8.608561e+00 -4.524783e-16  7.682007e+01  1.784465e+00 -1.703873e-16 
  826.000  8.778225e+02  8.495240e+00 -8.220158e-16  7.646571e+01  1.757160e+00 -8.129434e-17 
  827.000  8.675640e+02  8.328321e+00 -2.212523e-16  7.557211e+01  1.719314e+00 -8.331579e-17 
  828.000  8.280031e+02  7.799385e+00  1.136801e-16  7.212601e+01  1.595967e+00  4.280792e-17 
  829.000  8.409724e+02  7.919253e+00 -2.240488e-16  7.325575e+01  1.625379e+00 -8.436886e-17 
  830.000  8.426193e+02  7.941206e+00  2.590851e-15  7.339922e+01  1.635834e+00  9.756229e-16 
  831.000  8.313507e+02  7.809685e+00  4.662495e-15  7.241763e+01  1.610526e+00  1.755731e-15 
  832.000  8.501545e+02  7.958549e+00 -4.545413e-15  7.405559e+01  1.642884e+00 -1.711642e-15 
  833.000  8.321924e+02  7.782815e+00  2.165582e-16  7.249095e+01  1.610633e+00  8.154817e-17 
  834.000  8.546433e+02  7.994447e+00 -2.792846e-13  7.444661e+01  1.659826e+00 -2.829616e-14 
  835.000  8.759456e+02  8.249926e+00  2.464964e-14  7.630222e+01  1.725755e+00 -3.218762e-16 
  836.000  8.798815e+02  8.215303e+00  8.269962e-15  7.664506e+01  1.714427e+00  3.559376e-15 
  837.000  8.720198e+02  8.101229e+00 -3.454722e-14  7.596024e+01  1.690576e+00 -3.364318e-15 
  838.000  8.846104e+02  8.228209e+00 -1.842850e-14  7.705699e+01  1.723812e+00 -2.106186e-15 
  839.000  8.625377e+02  8.017663e+00  5.357744e-15  7.513427e+01  1.684326e+00  2.017537e-15 
  840.000  8.876529e+02  8.223911e+00  1.018755e-14  7.732201e+01  1.729443e+00  2.314630e-15 
  841.000  8.839712e+02  8.112854e+00 -1.278921e-14  7.700130e+01  1.701101e+00  4.351133e-18 
  842.000  8.837674e+02  8.104698e+00  4.628343e-15  7.698356e+01  1.703905e+00  1.742870e-15 
  843.000  8.901819e+02  8.216109e+00 -1.324974e-14  7.754232e+01  1.740081e+00 -2.619465e-15 
  844.000  8.809855e+02  8.140465e+00  4.240607e-14  7.674123e+01  1.730866e+00  0.000000e+00 
  845.000  8.969474e+02  8.272034e+00  4.591232e-15  7.813165e+01  1.762241e+00  1.728895e-15 
  846.000  9.076348e+02  8.356995e+00  5.060247e-14  7.906261e+01  1.784124e+00  2.553697e-15 
  847.000  8.792024e+02  8.085982e+00  3.086896e-14  7.658591e+01  1.730479e+00  3.754539e-15 
  848.000  9.001940e+02  8.187648e+00  2.197380e-14  7.841445e+01  1.745059e+00 -8.668175e-16 
  849.000  9.024034e+02  8.173401e+00 -2.790729e-14  7.860690e+01  1.742763e+00  3.438790e-15 
  850.000  7.781254e+02  6.992945e+00  9.440335e-15  6.778124e+01  1.488153e+00  1.502476e-15 
  851.000  8.886121e+02  7.920932e+00  6.817265e-15  7.740556e+01  1.681950e+00  2.567141e-15 
  852.000  8.551382e+02  7.587709e+00 -1.910489e-14  7.448972e+01  1.611447e+00 -4.930301e-15 
  853.000  8.694274e+02  7.719036e+00  1.500814e-14  7.573441e+01  1.645158e+00  3.364690e-15 
  854.000  6.987789e+02  6.172047e+00  4.475358e-14  6.086951e+01  1.315149e+00  4.496204e-15 
  855.000  7.711545e+02  6.797975e+00  1.899554e-14  6.717403e+01  1.451229e+00  5.130452e-15 
  856.000  8.794958e+02  7.760055e+00  0.000000e+00  7.661146e+01  1.662757e+00  0.000000e+00 
  857.000  8.953823e+02  7.886956e+00  6.912954e-14  7.799530e+01  1.693434e+00  6.975184e-15 
  858.000  8.819570e+02  7.743640e+00  0.000000e+00  7.682586e+01  1.664370e+00  0.000000e+00 
  859.000  8.838434e+02  7.750726e+00 -2.364210e-14  7.699018e+01  1.669798e+00  5.140022e-15 
  860.000  8.768796e+02  7.665999e+00  1.802835e-14  7.638357e+01  1.653378e+00  6.788838e-15 
  861.000  8.768962e+02  7.631066e+00 -5.166010e-14  7.638502e+01  1.646040e+00 -1.018136e-14 
  862.000  8.744662e+02  7.580144e+00  3.022820e-14  7.617334e+01  1.635956e+00  6.763390e-15 
  863.000  8.912350e+02  7.689119e+00 -2.622960e-14  7.763406e+01  1.659513e+00 -5.169428e-15 
  864.000  8.897756e+02  7.644545e+00 -1.642860e-14  7.750692e+01  1.650513e+00  8.596855e-16 
  865.000  8.734543e+02  7.472193e+00 -2.627230e-13  7.608520e+01  1.613780e+00 -6.748328e-15 
  866.000  7.327068e+02  6.238835e+00 -8.740294e-14  6.382491e+01  1.347456e+00 -7.783048e-15 
  867.000  7.801961e+02  6.610576e+00 -7.282078e-14  6.796163e+01  1.427567e+00 -1.507007e-14 
  868.000  8.461747e+02  7.135764e+00 -1.418375e-14  7.370891e+01  1.540976e+00 -9.806328e-15 
  869.000  8.343790e+02  7.003789e+00 -5.761601e-14  7.268141e+01  1.512565e+00 -1.289126e-14 
  870.000  8.687188e+02  7.256119e+00 -8.315089e-15  7.567269e+01  1.566830e+00 -8.389941e-16 
  871.000  8.675620e+02  7.213006e+00 -1.422160e-14  7.557192e+01  1.557603e+00  8.377811e-15 
  872.000  8.642705e+02  7.154274e+00  3.161237e-14  7.528522e+01  1.545252e+00  1.418352e-14 
  873.000  8.675150e+02  7.143856e+00  3.500142e-14  7.556783e+01  1.542490e+00  1.089139e-14 
  874.000  8.483787e+02  6.951380e+00 -8.705162e-15  7.390089e+01  1.500621e+00 -3.278056e-15 
  875.000  8.405359e+02  6.853936e+00  1.299178e-13  7.321774e+01  1.479445e+00  1.786419e-14 
  876.000  8.471887e+02  6.870646e+00 -2.609807e-14  7.379725e+01  1.482305e+00 -9.827612e-15 
  877.000  8.639029e+02  6.970517e+00  1.655920e-14  7.525319e+01  1.503425e+00  1.670826e-15 
  878.000  8.478900e+02  6.792777e+00  8.728325e-15  7.385833e+01  1.462731e+00  3.286779e-15 
  879.000  8.497594e+02  6.774492e+00  8.749035e-15  7.402117e+01  1.458567e+00  3.294577e-15 
  880.000  8.438259e+02  6.681706e+00 -8.237744e-14  7.350430e+01  1.436573e+00 -1.311078e-14 
  881.000  7.994166e+02  6.293002e+00 -2.859546e-14  6.963589e+01  1.351910e+00  6.216931e-15 
  882.000  8.430078e+02  6.597566e+00 -1.904541e-13  7.343305e+01  1.416225e+00  0.000000e+00 
  883.000  8.242570e+02  6.427175e+00  1.270731e-13  7.179971e+01  1.380533e+00  1.282170e-14 
  884.000  8.314321e+02  6.455229e+00  6.406844e-14  7.242471e+01  1.386853e+00  6.464518e-15 
  885.000  8.379301e+02  6.448275e+00  0.000000e+00  7.299074e+01  1.381472e+00  0.000000e+00 
  886.000  8.076671e+02  6.160276e+00 -5.969923e-15  7.035458e+01  1.316115e+00 -2.248062e-15 
  887.000  8.015042e+02  6.101881e+00  1.663340e-14  6.981774e+01  1.305925e+00  6.263552e-15 
  888.000  8.253255e+02  6.251889e+00  0.000000e+00  7.189278e+01  1.337681e+00  0.000000e+00 
  889.000  8.314379e+02  6.276342e+00  0.000000e+00  7.242522e+01  1.343924e+00  0.000000e+00 
  890.000  8.269805e+02  6.199487e+00  1.548839e-14  7.203693e+01  1.325479e+00  3.771562e-15 
  891.000  8.186729e+02  6.072538e+00 -2.766459e-14  7.131328e+01  1.293204e+00 -5.332268e-17 
  892.000  8.071477e+02  5.892332e+00 -3.082332e-14  7.030933e+01  1.245433e+00 -7.502557e-15 
  893.000  7.502867e+02  5.316227e+00 -1.443810e-14  6.535627e+01  1.105244e+00 -1.460012e-15 
  894.000  7.614103e+02  5.317760e+00 -1.968537e-16  6.632523e+01  1.098541e+00 -7.412814e-17 
  895.000  6.834120e+02  4.658246e+00  1.049582e-15  5.953092e+01  9.504150e-01  3.952353e-16 
  896.000  6.693176e+02  4.461519e+00  2.257728e-16  5.830319e+01  8.990296e-01  3.609614e-17 
  897.000  6.126331e+02  3.964432e+00 -2.672546e-16  5.336548e+01  7.832943e-01 -1.006387e-16 
  898.000  5.947460e+02  3.775093e+00  1.688823e-16  5.180737e+01  7.369115e-01  6.359510e-17 
  899.000  5.439797e+02  3.288076e+00 -9.911463e-17  4.738520e+01  6.186277e-01 -3.732306e-17 
  900.000  5.369299e+02  3.248931e+00 -3.420432e-16  4.677110e+01  6.140826e-01 -6.740913e-17 
  901.000  5.133981e+02  3.057162e+00  3.615960e-17  4.472128e+01  5.723872e-01  1.361643e-17 
  902.000  5.065425e+02  3.013434e+00 -1.091561e-17  4.412411e+01  5.658956e-01 -4.110434e-18 
  903.000  6.178237e+02  3.916788e+00  2.410947e-16  5.381762e+01  7.781300e-01  9.078774e-17 
  904.000  6.817256e+02  4.408129e+00  9.094719e-16  5.938402e+01  8.917254e-01  9.136104e-17 
  905.000  6.781978e+02  4.368013e+00  4.405241e-16  5.907671e+01  8.840498e-01  1.658858e-16 
  906.000  6.265103e+02  3.962599e+00 -4.553894e-17  5.457430e+01  7.941635e-01 -1.714835e-17 
  907.000  5.787413e+02  3.509279e+00  0.000000e+00  5.041322e+01  6.820999e-01  0.000000e+00 
  908.000  5.271193e+02  3.076455e+00  2.212602e-20  4.591651e+01  5.815397e-01  8.331877e-21 
  909.000  5.193578e+02  3.019869e+00 -1.087383e-20  4.524042e+01  5.711872e-01 -4.094702e-21 
  910.000  5.307372e+02  3.087156e+00  1.281476e-16  4.623167e+01  5.862480e-01  4.825584e-17 
  911.000  5.527679e+02  3.271715e+00 -1.055119e-16  4.815072e+01  6.326694e-01 -3.973205e-17 
  912.000  5.425003e+02  3.163901e+00 -2.198190e-20  4.725633e+01  6.066115e-01 -8.277608e-21 
  913.000  5.058395e+02  2.805819e+00 -5.992033e-17  4.406287e+01  5.182187e-01 -2.256388e-17 
  914.000  5.265983e+02  2.973843e+00  5.949400e-17  4.587114e+01  5.593489e-01  2.240334e-17 
  915.000  5.364467e+02  3.073561e+00 -2.447314e-16  4.672902e+01  5.871704e-01 -9.215718e-17 
  916.000  5.485112e+02  3.146318e+00  1.181905e-16  4.777992e+01  6.038610e-01  4.450634e-17 
  917.000  5.507040e+02  3.178485e+00 -2.215647e-17  4.797094e+01  6.154102e-01 -8.343342e-18 
  918.000  5.618356e+02  3.269969e+00 -2.199135e-17  4.894059e+01  6.398421e-01 -8.281165e-18 
  919.000  6.179849e+02  3.698931e+00 -1.898625e-16  5.383167e+01  7.429875e-01 -7.149552e-17 
  920.000  6.502016e+02  3.942458e+00  0.000000e+00  5.663802e+01  8.019092e-01  0.000000e+00 
  921.000  6.279736e+02  3.782460e+00  4.525481e-16  5.470176e+01  7.682791e-01  1.704136e-16 
  922.000  6.216974e+02  3.728318e+00 -4.919537e-16  5.415506e+01  7.573270e-01 -1.852524e-16 
  923.000  5.857563e+02  3.482311e+00 -1.274724e-15  5.102430e+01  7.052190e-01 -2.585851e-16 
  924.000  5.861385e+02  3.426550e+00 -3.256567e-16  5.105759e+01  6.874631e-01 -1.006361e-16 
  925.000  5.913257e+02  3.431009e+00 -2.200748e-17  5.150943e+01  6.867169e-01 -8.287240e-18 
  926.000  5.681654e+02  3.264386e+00  0.000000e+00  4.949197e+01  6.506600e-01  0.000000e+00 
  927.000  5.599985e+02  3.130481e+00  1.354504e-16  4.878057e+01  6.124718e-01  5.100582e-17 
  928.000  5.197936e+02  2.771797e+00 -7.919826e-17  4.527838e+01  5.231938e-01 -2.982327e-17 
  929.000  4.537285e+02  2.262549e+00  6.657533e-22  3.952356e+01  4.049993e-01  2.506992e-22 
  930.000  3.838230e+02  1.786871e+00  1.348750e-18  3.343420e+01  3.026039e-01  5.078914e-19 
  931.000  3.143819e+02  1.369866e+00  2.036972e-26  2.738531e+01  2.188552e-01  7.670514e-27 
  932.000  2.302729e+02  9.114771e-01 -7.228282e-18  2.005870e+01  1.314422e-01 -2.721916e-18 
  933.000  1.809114e+02  6.689852e-01  0.000000e+00  1.575890e+01  8.910681e-02  0.000000e+00 
  934.000  1.360772e+02  4.696015e-01  1.182696e-42  1.185346e+01  5.796292e-02  0.000000e+00 
  935.000  1.294218e+02  4.411939e-01  1.743175e-18  1.127373e+01  5.401978e-02  6.564180e-19 
  936.000  1.433802e+02  4.982150e-01  2.056208e-20  1.248962e+01  6.258714e-02  7.742952e-21 
  937.000  1.431650e+02  4.930032e-01 -3.544123e-18  1.247087e+01  6.158604e-02 -1.334592e-18 
  938.000  1.919807e+02  7.089472e-01 -1.657171e-19  1.672313e+01  9.686149e-02 -6.240322e-20 
  939.000  3.593139e+02  1.541749e+00 -1.390313e-17  3.129926e+01  2.498008e-01 -5.235427e-18 
  940.000  3.872603e+02  1.697966e+00 -3.025951e-17  3.373361e+01  2.816384e-01 -1.139466e-17 
  941.000  3.547087e+02  1.521501e+00 -1.480370e-17  3.089811e+01  2.486211e-01 -5.574549e-18 
  942.000  2.871050e+02  1.174219e+00 -1.303727e-17  2.500925e+01  1.843734e-01 -4.909376e-18 
  943.000  2.188308e+02  8.225402e-01 -7.070174e-18  1.906200e+01  1.179435e-01 -2.662378e-18 
  944.000  2.071957e+02  7.694166e-01  6.798440e-18  1.804848e+01  1.092768e-01  2.560052e-18 
  945.000  2.361021e+02  8.987619e-01 -6.445975e-18  2.056647e+01  1.323204e-01 -2.427326e-18 
  946.000  2.414544e+02  9.184937e-01  6.532870e-18  2.103270e+01  1.357825e-01  2.460048e-18 
  947.000  2.674445e+02  1.043221e+00 -1.296548e-17  2.329666e+01  1.594668e-01 -4.882339e-18 
  948.000  2.858519e+02  1.128438e+00  1.433383e-17  2.490010e+01  1.755287e-01  5.397613e-18 
  949.000  2.853574e+02  1.122732e+00  1.372823e-17  2.485703e+01  1.748424e-01  5.169566e-18 
  950.000  2.880519e+02  1.134092e+00  0.000000e+00  2.509174e+01  1.775379e-01  0.000000e+00 
  951.000  3.250490e+02  1.317115e+00  0.000000e+00  2.831450e+01  2.130055e-01  0.000000e+00 
  952.000  2.851998e+02  1.116837e+00  6.454772e-19  2.484329e+01  1.754653e-01  2.430639e-19 
  953.000  3.135760e+02  1.256423e+00  1.285467e-17  2.731510e+01  2.028861e-01  4.840615e-18 
  954.000  3.433161e+02  1.410689e+00 -1.207468e-17  2.990572e+01  2.341754e-01 -4.546898e-18 
  955.000  2.974910e+02  1.196933e+00  1.248374e-17  2.591397e+01  1.958050e-01  4.700934e-18 
  956.000  3.133390e+02  1.257488e+00  1.395667e-17  2.729446e+01  2.061967e-01  5.255588e-18 
  957.000  3.979835e+02  1.710467e+00  2.147231e-17  3.466770e+01  2.989944e-01  8.085714e-18 
  958.000  4.139192e+02  1.797089e+00  3.180572e-17  3.605584e+01  3.181003e-01  1.197691e-17 
  959.000  4.013724e+02  1.718237e+00  2.939452e-17  3.496291e+01  3.018530e-01  1.106894e-17 
  960.000  3.940125e+02  1.677890e+00  1.198351e-17  3.432179e+01  2.946509e-01  1.907243e-18 
  961.000  3.830571e+02  1.617736e+00  2.506177e-18  3.336749e+01  2.832407e-01  9.437377e-19 
  962.000  3.921756e+02  1.661953e+00 -2.643842e-17  3.416179e+01  2.929143e-01 -9.955776e-18 
  963.000  4.418662e+02  1.956592e+00  5.015028e-18  3.849025e+01  3.586999e-01  1.888482e-18 
  964.000  4.446633e+02  1.979011e+00 -4.956438e-18  3.873391e+01  3.656429e-01 -1.866419e-18 
  965.000  4.457001e+02  1.968979e+00  5.269314e-17  3.882422e+01  3.629024e-01  1.984237e-17 
  966.000  4.361231e+02  1.927962e+00 -9.746422e-18  3.798998e+01  3.568225e-01 -3.670158e-18 
  967.000  4.876449e+02  2.238844e+00 -4.258302e-17  4.247796e+01  4.289441e-01 -1.603526e-17 
  968.000  5.493441e+02  2.657587e+00  1.879050e-16  4.785248e+01  5.332499e-01  7.075839e-17 
  969.000  5.848711e+02  2.864811e+00 -2.491443e-16  5.094718e+01  5.818031e-01 -9.381894e-17 
  970.000  5.884791e+02  2.875761e+00 -1.694478e-16  5.126147e+01  5.848109e-01 -6.380806e-17 
  971.000  5.825529e+02  2.834938e+00 -1.021234e-15  5.074524e+01  5.765324e-01 -1.711253e-16 
  972.000  5.774583e+02  2.786904e+00  1.691776e-16  5.030146e+01  5.651690e-01  6.370630e-17 
  973.000  5.514650e+02  2.623592e+00  1.335477e-16  4.803723e+01  5.281209e-01  7.058876e-17 
  974.000  5.188607e+02  2.420831e+00  1.952055e-17  4.519712e+01  4.814455e-01  7.350749e-18 
  975.000  5.061881e+02  2.323158e+00 -1.026840e-16  4.409323e+01  4.574031e-01 -3.866717e-17 
  976.000  5.312757e+02  2.464762e+00  1.977585e-17  4.627857e+01  4.912369e-01  7.446887e-18 
  977.000  5.491050e+02  2.584617e+00  3.041214e-19  4.783165e+01  5.226064e-01  1.145214e-19 
  978.000  5.602773e+02  2.625756e+00  2.068810e-16  4.880486e+01  5.308635e-01  7.790408e-17 
  979.000  5.525034e+02  2.592071e+00 -1.113963e-15  4.812768e+01  5.260513e-01 -2.125597e-16 
  980.000  5.937649e+02  2.815840e+00  2.451716e-18  5.172190e+01  5.771317e-01  9.232295e-19 
  981.000  6.056537e+02  2.872238e+00 -4.102151e-16  5.275751e+01  5.902604e-01 -1.544725e-16 
  982.000  5.969995e+02  2.813207e+00 -7.675006e-17  5.200367e+01  5.774242e-01 -2.890136e-17 
  983.000  6.131328e+02  2.903008e+00  7.773231e-17  5.340901e+01  5.991736e-01  2.927124e-17 
  984.000  6.273906e+02  2.991565e+00 -3.188350e-15  5.465099e+01  6.218070e-01 -3.669409e-16 
  985.000  6.376748e+02  3.052804e+00 -3.402910e-15  5.554683e+01  6.378660e-01 -1.281416e-15 
  986.000  6.461023e+02  3.120030e+00  1.283556e-14  5.628093e+01  6.573759e-01  4.833419e-15 
  987.000  6.595270e+02  3.193210e+00  1.298931e-14  5.745034e+01  6.757961e-01  4.891316e-15 
  988.000  6.528132e+02  3.153368e+00  7.025176e-15  5.686551e+01  6.681608e-01  2.645433e-15 
  989.000  6.454163e+02  3.108491e+00  6.935754e-15  5.622118e+01  6.591670e-01  2.611760e-15 
  990.000  6.523582e+02  3.134689e+00  6.081938e-16  5.682587e+01  6.655151e-01  2.290243e-16 
  991.000  6.627810e+02  3.192395e+00  1.090125e-14  5.773379e+01  6.806777e-01  4.105027e-15 
  992.000  6.580830e+02  3.162904e+00 -1.630378e-14  5.732454e+01  6.752501e-01 -2.858914e-15 
  993.000  6.585831e+02  3.154651e+00  1.367144e-14  5.736811e+01  6.738096e-01  2.258412e-15 
  994.000  6.664555e+02  3.197047e+00  6.418202e-15  5.805386e+01  6.853302e-01  6.475979e-16 
  995.000  6.646271e+02  3.192043e+00 -6.827380e-15  5.789460e+01  6.866606e-01 -2.570950e-15 
  996.000  6.644412e+02  3.177821e+00 -1.273745e-14  5.787840e+01  6.835538e-01 -1.285211e-15 
  997.000  6.631730e+02  3.147992e+00 -6.376242e-15  5.776793e+01  6.755886e-01 -6.433640e-16 
  998.000  6.584338e+02  3.104281e+00  1.814234e-14  5.735512e+01  6.650380e-01  3.568711e-15 
  999.000  6.559182e+02  3.075899e+00  7.153257e-16  5.713597e+01  6.583979e-01  2.693664e-16 
 1000.000  6.513309e+02  3.044804e+00  2.718081e-15  5.673639e+01  6.521375e-01 -5.909371e-16 
 1001.000  6.502200e+02  3.006905e+00  1.178201e-14  5.663962e+01  6.411552e-01  1.188807e-15 
 1002.000  6.418661e+02  2.928023e+00  1.140128e-15  5.591193e+01  6.203989e-01  1.202712e-16 
 1003.000  6.360873e+02  2.895992e+00 -8.535055e-15  5.540854e+01  6.144587e-01 -7.062691e-18 
 1004.000  6.349211e+02  2.894728e+00 -3.071464e-15  5.530696e+01  6.163988e-01 -1.156605e-15 
 1005.000  5.947892e+02  2.707886e+00 -5.367440e-15  5.181113e+01  5.776076e-01 -5.367894e-16 
 1006.000  6.266116e+02  2.843669e+00  1.880112e-15  5.458314e+01  6.069086e-01  7.079837e-16 
 1007.000  6.366204e+02  2.871612e+00 -6.810147e-15  5.545498e+01  6.120498e-01 -3.674976e-16 
 1008.000  6.333884e+02  2.823285e+00 -3.680810e-15  5.517345e+01  5.986418e-01 -1.386063e-15 
 1009.000  6.217114e+02  2.735028e+00  3.036698e-16  5.415627e+01  5.764651e-01  1.143513e-16 
 1010.000  6.275159e+02  2.760094e+00 -6.489156e-15  5.466189e+01  5.832173e-01 -2.443587e-15 
 1011.000  6.324211e+02  2.799495e+00 -3.082325e-15  5.508919e+01  5.956076e-01 -1.160695e-15 
 1012.000  6.358113e+02  2.815689e+00  8.333673e-15  5.538450e+01  6.008091e-01 -1.396804e-17 
 1013.000  6.336611e+02  2.805305e+00 -1.145403e-14  5.519720e+01  6.000577e-01 -1.165863e-15 
 1014.000  6.387779e+02  2.821163e+00  1.252808e-14  5.564291e+01  6.040871e-01  2.304609e-15 
 1015.000  6.271804e+02  2.759721e+00 -8.764986e-15  5.463267e+01  5.910493e-01 -2.560340e-15 
 1016.000  6.322948e+02  2.775998e+00  3.040594e-15  5.507818e+01  5.952244e-01  1.144980e-15 
 1017.000  6.266591e+02  2.740655e+00  6.030164e-15  5.458726e+01  5.876638e-01  6.084447e-16 
 1018.000  6.334854e+02  2.755683e+00  2.360598e-15  5.518189e+01  5.903830e-01  8.889177e-16 
 1019.000  6.163165e+02  2.658526e+00 -4.845897e-15  5.368634e+01  5.679033e-01 -1.824794e-15 
 1020.000  6.159597e+02  2.650387e+00 -1.570214e-16  5.365525e+01  5.667228e-01  1.106868e-15 
 1021.000  6.240231e+02  2.682951e+00  3.614560e-17  5.435765e+01  5.748917e-01  1.361116e-17 
 1022.000  6.114570e+02  2.604542e+00  1.219414e-14  5.326303e+01  5.561238e-01  1.546183e-15 
 1023.000  6.204824e+02  2.621498e+00 -1.124848e-14  5.404922e+01  5.581946e-01 -1.129967e-15 
 1024.000  6.157101e+02  2.584820e+00  1.807732e-17  5.363351e+01  5.495108e-01  6.807281e-18 
 1025.000  6.204562e+02  2.614259e+00  3.018513e-15  5.404695e+01  5.585681e-01  1.136665e-15 
 1026.000  6.233914e+02  2.625805e+00 -4.232680e-15  5.430262e+01  5.623866e-01 -4.171177e-16 
 1027.000  6.187401e+02  2.591917e+00 -2.949270e-15  5.389745e+01  5.545605e-01 -1.110591e-15 
 1028.000  6.210039e+02  2.594570e+00  6.844455e-15  5.409465e+01  5.556117e-01 -1.341372e-16 
 1029.000  6.136446e+02  2.561728e+00  0.000000e+00  5.345359e+01  5.496888e-01  0.000000e+00 
 1030.000  6.217762e+02  2.595894e+00  0.000000e+00  5.416193e+01  5.585145e-01  0.000000e+00 
 1031.000  6.208291e+02  2.587233e+00  6.360923e-15  5.407943e+01  5.574334e-01  2.395299e-15 
 1032.000  6.194670e+02  2.575726e+00  2.534992e-14  5.396077e+01  5.555678e-01  9.545885e-15 
 1033.000  6.083101e+02  2.520619e+00  0.000000e+00  5.298892e+01  5.438526e-01  0.000000e+00 
 1034.000  6.152142e+02  2.541791e+00 -4.691714e-14  5.359032e+01  5.487838e-01 -4.733948e-15 
 1035.000  6.089445e+02  2.507493e+00  1.243725e-14  5.304417e+01  5.415850e-01  4.683427e-15 
 1036.000  6.169005e+02  2.530412e+00  0.000000e+00  5.373721e+01  5.465482e-01  0.000000e+00 
 1037.000  6.040500e+02  2.468733e+00  1.233559e-14  5.261783e+01  5.333267e-01  4.645147e-15 
 1038.000  6.101203e+02  2.484411e+00 -6.228312e-15  5.314660e+01  5.367984e-01 -2.345362e-15 
 1039.000  6.124387e+02  2.482816e+00  0.000000e+00  5.334856e+01  5.362663e-01  0.000000e+00 
 1040.000  6.050776e+02  2.442487e+00  1.236390e-14  5.270733e+01  5.274226e-01  4.655808e-15 
 1041.000  6.081706e+02  2.444590e+00  1.243089e-14  5.297676e+01  5.277581e-01  4.681032e-15 
 1042.000  6.099299e+02  2.441850e+00  4.653118e-14  5.313001e+01  5.271258e-01  4.695005e-15 
 1043.000  5.994139e+02  2.390444e+00  0.000000e+00  5.221399e+01  5.160299e-01  0.000000e+00 
 1044.000  6.052872e+02  2.403909e+00 -9.237565e-14  5.272559e+01  5.188518e-01 -9.320721e-15 
 1045.000  6.024281e+02  2.381174e+00  0.000000e+00  5.247654e+01  5.136443e-01  0.000000e+00 
 1046.000  5.847341e+02  2.301022e+00 -4.468000e-14  5.093525e+01  4.961738e-01 -4.508220e-15 
 1047.000  5.952878e+02  2.332035e+00 -4.551433e-14  5.185456e+01  5.026533e-01 -4.592404e-15 
 1048.000  6.011488e+02  2.344881e+00  0.000000e+00  5.236510e+01  5.052777e-01  0.000000e+00 
 1049.000  5.972795e+02  2.320179e+00 -1.224931e-14  5.202806e+01  4.998674e-01 -4.612657e-15 
 1050.000  5.934194e+02  2.294212e+00  0.000000e+00  5.169181e+01  4.939755e-01  0.000000e+00 
 1051.000  5.929164e+02  2.279806e+00  0.000000e+00  5.164799e+01  4.903545e-01  0.000000e+00 
 1052.000  5.898870e+02  2.257560e+00  0.000000e+00  5.138410e+01  4.853024e-01  0.000000e+00 
 1053.000  5.902004e+02  2.250197e+00  0.000000e+00  5.141140e+01  4.837368e-01  0.000000e+00 
 1054.000  5.836609e+02  2.213504e+00  3.005742e-15  5.084177e+01  4.753885e-01  1.131856e-15 
 1055.000  5.874643e+02  2.216156e+00  1.514715e-15  5.117307e+01  4.754964e-01  5.703883e-16 
 1056.000  5.856035e+02  2.198450e+00  0.000000e+00  5.101098e+01  4.713793e-01  0.000000e+00 
 1057.000  5.835197e+02  2.175458e+00  4.329124e-15  5.082946e+01  4.654771e-01  8.531998e-16 
 1058.000  5.753226e+02  2.124105e+00  0.000000e+00  5.011543e+01  4.526812e-01  0.000000e+00 
 1059.000  5.575521e+02  2.052181e+00  0.000000e+00  4.856747e+01  4.375769e-01  0.000000e+00 
 1060.000  5.789822e+02  2.130482e+00  0.000000e+00  5.043421e+01  4.553640e-01  0.000000e+00 
 1061.000  5.585416e+02  2.046330e+00  0.000000e+00  4.865366e+01  4.372195e-01  0.000000e+00 
 1062.000  5.728248e+02  2.083317e+00  0.000000e+00  4.989784e+01  4.440648e-01  0.000000e+00 
 1063.000  5.628923e+02  2.037858e+00  0.000000e+00  4.903265e+01  4.341530e-01  0.000000e+00 
 1064.000  5.692020e+02  2.047060e+00 -7.437763e-16  4.958227e+01  4.352754e-01 -2.800799e-16 
 1065.000  5.668822e+02  2.022757e+00 -3.717809e-16  4.938020e+01  4.289192e-01 -1.399995e-16 
 1066.000  5.496064e+02  1.954387e+00  0.000000e+00  4.787533e+01  4.145250e-01  0.000000e+00 
 1067.000  5.619238e+02  1.989442e+00  2.759759e-16  4.894828e+01  4.218259e-01  1.039228e-16 
 1068.000  5.563596e+02  1.949394e+00  2.599352e-16  4.846359e+01  4.115050e-01  9.788239e-17 
 1069.000  5.123836e+02  1.781672e+00  1.626900e-15  4.463292e+01  3.751335e-01  1.641545e-16 
 1070.000  5.428199e+02  1.880954e+00 -1.517569e-15  4.728417e+01  3.961241e-01 -2.279901e-16 
 1071.000  5.413492e+02  1.861331e+00  1.361833e-16  4.715606e+01  3.909486e-01  5.128183e-17 
 1072.000  5.406757e+02  1.845374e+00 -2.651270e-16  4.709739e+01  3.866751e-01 -9.983748e-17 
 1073.000  5.222131e+02  1.774200e+00  6.950472e-16  4.548914e+01  3.715665e-01 -7.255354e-17 
 1074.000  5.405878e+02  1.830363e+00  1.284944e-16  4.708973e+01  3.834271e-01  4.838645e-17 
 1075.000  5.266125e+02  1.784717e+00 -5.262584e-16  4.587236e+01  3.750445e-01 -1.981703e-16 
 1076.000  5.359258e+02  1.803561e+00  4.110968e-16  4.668364e+01  3.781873e-01  1.548045e-16 
 1077.000  5.319082e+02  1.776236e+00 -5.376990e-16  4.633366e+01  3.714813e-01 -2.024784e-16 
 1078.000  5.301481e+02  1.756229e+00 -2.338763e-16  4.618034e+01  3.662751e-01 -2.245308e-17 
 1079.000  5.089861e+02  1.678758e+00  6.268776e-16  4.433696e+01  3.499793e-01  2.401683e-16 
 1080.000  5.156808e+02  1.678842e+00 -7.900633e-16  4.492012e+01  3.479112e-01 -2.975099e-16 
 1081.000  4.961632e+02  1.608535e+00  5.434420e-16  4.321998e+01  3.332521e-01  1.418254e-16 
 1082.000  5.058625e+02  1.639787e+00  5.971946e-17  4.406487e+01  3.405181e-01  2.248824e-17 
 1083.000  4.878872e+02  1.568346e+00 -2.547906e-16  4.249907e+01  3.247206e-01 -9.594514e-17 
 1084.000  5.016260e+02  1.599476e+00 -2.038935e-18  4.369584e+01  3.302543e-01 -7.677909e-19 
 1085.000  4.838300e+02  1.524294e+00 -2.939520e-16  4.214565e+01  3.131363e-01 -1.106919e-16 
 1086.000  4.925944e+02  1.548524e+00  3.039376e-17  4.290910e+01  3.184077e-01  1.144522e-17 
 1087.000  4.738392e+02  1.498079e+00  3.656294e-16  4.127537e+01  3.098276e-01  1.376831e-16 
 1088.000  5.030372e+02  1.585351e+00  2.025645e-18  4.381876e+01  3.279977e-01  7.627863e-19 
 1089.000  4.691827e+02  1.455692e+00  6.119845e-17  4.086975e+01  2.989493e-01  2.304517e-17 
 1090.000  4.764416e+02  1.469571e+00  9.959386e-17  4.150206e+01  3.013927e-01  3.750353e-17 
 1091.000  4.821762e+02  1.483871e+00 -6.047183e-16  4.200160e+01  3.045754e-01 -6.101620e-17 
 1092.000  4.635911e+02  1.414088e+00  0.000000e+00  4.038268e+01  2.893195e-01  0.000000e+00 
 1093.000  4.419241e+02  1.329596e+00  2.793379e-16  3.849530e+01  2.702688e-01  2.395869e-17 
 1094.000  3.958742e+02  1.181267e+00  8.629100e-17  3.448396e+01  2.393551e-01  3.249414e-17 
 1095.000  4.294185e+02  1.276848e+00 -2.425741e-19  3.740595e+01  2.587473e-01 -9.134484e-20 
 1096.000  4.283720e+02  1.268266e+00  1.483026e-17  3.731480e+01  2.568806e-01  5.584554e-18 
 1097.000  4.192728e+02  1.232668e+00 -1.465011e-17  3.652218e+01  2.490672e-01 -5.516715e-18 
 1098.000  3.763971e+02  1.062166e+00  7.325141e-18  3.278735e+01  2.083239e-01  2.758389e-18 
 1099.000  3.453428e+02  9.256108e-01  1.847095e-18  3.008226e+01  1.745130e-01  6.955507e-19 
 1100.000  3.531998e+02  9.457624e-01  1.969104e-17  3.076667e+01  1.787055e-01  7.414948e-18 
