  400.000  1.530019e+02  1.519982e+02 -1.492347e-13 
  401.000  1.532168e+02  1.499477e+02 -5.829285e-14 
  402.000  1.635771e+02  1.577227e+02 -3.299420e-14 
  403.000  1.543171e+02  1.466120e+02 -8.826553e-14 
  404.000  1.670147e+02  1.563646e+02  0.000000e+00 
  405.000  1.542355e+02  1.423121e+02  5.625300e-14 
  406.000  1.541289e+02  1.401710e+02  5.963631e-14 
  407.000  1.511341e+02  1.354865e+02 -8.295504e-14 
  408.000  1.648278e+02  1.456687e+02  5.831844e-14 
  409.000  1.836465e+02  1.600158e+02  9.881801e-14 
  410.000  1.545320e+02  1.327652e+02  0.000000e+00 
  411.000  1.826218e+02  1.547197e+02  6.275399e-14 
  412.000  1.904103e+02  1.590932e+02  9.954682e-14 
  413.000  1.809818e+02  1.491430e+02 -3.270503e-14 
  414.000  1.786426e+02  1.452092e+02  0.000000e+00 
  415.000  1.916921e+02  1.537095e+02  1.315241e-13 
  416.000  1.916676e+02  1.516254e+02 -6.289273e-14 
  417.000  1.869270e+02  1.459012e+02  3.257490e-14 
  418.000  1.839030e+02  1.416364e+02  3.176709e-14 
  419.000  1.894719e+02  1.440018e+02  3.244630e-14 
  420.000  1.612626e+02  1.209566e+02 -2.371162e-14 
  421.000  2.031526e+02  1.503926e+02  3.420024e-14 
  422.000  1.957167e+02  1.430128e+02 -3.267215e-14 
  423.000  1.661794e+02  1.198676e+02  0.000000e+00 
  424.000  1.837515e+02  1.308482e+02  0.000000e+00 
  425.000  1.912875e+02  1.344839e+02  8.930080e-14 
  426.000  1.848128e+02  1.282911e+02  0.000000e+00 
  427.000  1.786596e+02  1.224630e+02 -5.345733e-14 
  428.000  1.817948e+02  1.230569e+02  5.398061e-14 
  429.000  1.661876e+02  1.110967e+02  4.897615e-14 
  430.000  1.332437e+02  8.797517e+01  0.000000e+00 
  431.000  1.203596e+02  7.849400e+01  0.000000e+00 
  432.000  2.176509e+02  1.402137e+02  0.000000e+00 
  433.000  1.946258e+02  1.238612e+02  5.570645e-14 
  434.000  1.858189e+02  1.168317e+02  0.000000e+00 
  435.000  2.030681e+02  1.261475e+02  5.730910e-14 
  436.000  2.261628e+02  1.388208e+02 -6.793811e-14 
  437.000  2.293365e+02  1.391018e+02 -1.322627e-13 
  438.000  2.063173e+02  1.236663e+02 -5.704668e-14 
  439.000  2.004942e+02  1.187689e+02  5.506844e-14 
  440.000  2.256499e+02  1.321145e+02  0.000000e+00 
  441.000  2.258419e+02  1.306964e+02  0.000000e+00 
  442.000  2.388178e+02  1.366151e+02  4.619379e-15 
  443.000  2.413711e+02  1.364956e+02 -6.926396e-14 
  444.000  2.407419e+02  1.345908e+02  1.281259e-13 
  445.000  2.542038e+02  1.405091e+02  7.207044e-14 
  446.000  2.271239e+02  1.241292e+02  1.834856e-13 
  447.000  2.600417e+02  1.405281e+02 -1.359525e-13 
  448.000  2.654496e+02  1.418494e+02  0.000000e+00 
  449.000  2.683514e+02  1.418070e+02  0.000000e+00 
  450.000  2.753027e+02  1.438732e+02  0.000000e+00 
  451.000  2.986728e+02  1.543721e+02  7.063846e-14 
  452.000  2.786875e+02  1.424694e+02  1.513178e-13 
  453.000  2.596410e+02  1.312910e+02 -2.662406e-13 
  454.000  2.778069e+02  1.389596e+02  1.391305e-13 
  455.000  2.806934e+02  1.388940e+02 -1.398265e-13 
  456.000  2.883897e+02  1.411756e+02  1.429554e-13 
  457.000  2.909046e+02  1.408905e+02 -7.689886e-14 
  458.000  2.866620e+02  1.373652e+02 -1.407197e-13 
  459.000  2.874845e+02  1.363080e+02  7.527078e-14 
  460.000  2.858265e+02  1.341013e+02 -2.134805e-13 
  461.000  2.970560e+02  1.379162e+02  2.208422e-13 
  462.000  2.930564e+02  1.346475e+02  1.412085e-13 
  463.000  2.939661e+02  1.336714e+02  1.410090e-13 
  464.000  2.960056e+02  1.332198e+02 -7.564985e-14 
  465.000  2.927240e+02  1.304001e+02  0.000000e+00 
  466.000  3.030515e+02  1.336319e+02  1.531581e-13 
  467.000  2.933508e+02  1.280496e+02  0.000000e+00 
  468.000  3.114049e+02  1.345648e+02 -3.791215e-13 
  469.000  3.094013e+02  1.323631e+02  1.542243e-13 
  470.000  3.058026e+02  1.295247e+02  6.577018e-14 
  471.000  3.058513e+02  1.282675e+02  7.571401e-14 
  472.000  3.101075e+02  1.287768e+02 -1.428592e-13 
  473.000  3.070954e+02  1.262819e+02  1.513332e-13 
  474.000  3.098707e+02  1.261882e+02  0.000000e+00 
  475.000  3.225069e+02  1.300755e+02  1.585938e-13 
  476.000  3.125011e+02  1.248461e+02  2.663468e-13 
  477.000  3.096556e+02  1.225359e+02  1.218899e-12 
  478.000  3.257403e+02  1.276500e+02  1.276433e-12 
  479.000  3.120646e+02  1.210933e+02  5.665928e-13 
  480.000  3.194281e+02  1.227387e+02  0.000000e+00 
  481.000  3.185717e+02  1.212249e+02 -1.426079e-13 
  482.000  3.263016e+02  1.229774e+02 -3.007733e-13 
  483.000  3.275773e+02  1.222867e+02  2.226553e-13 
  484.000  3.157604e+02  1.167664e+02 -7.454251e-14 
  485.000  3.187987e+02  1.167887e+02  0.000000e+00 
  486.000  2.591123e+02  9.404268e+01  0.000000e+00 
  487.000  2.919922e+02  1.049992e+02  0.000000e+00 
  488.000  3.178476e+02  1.132484e+02  0.000000e+00 
  489.000  2.962049e+02  1.045737e+02  1.869290e-13 
  490.000  3.380464e+02  1.182611e+02  0.000000e+00 
  491.000  3.169388e+02  1.098722e+02  0.000000e+00 
  492.000  3.051070e+02  1.048161e+02  6.972396e-14 
  493.000  3.291794e+02  1.120699e+02  3.548741e-13 
  494.000  3.185491e+02  1.074809e+02  7.235502e-14 
  495.000  3.411096e+02  1.140680e+02 -1.544961e-13 
  496.000  3.324991e+02  1.102000e+02  2.255273e-13 
  497.000  3.228048e+02  1.060395e+02  6.310671e-14 
  498.000  3.154322e+02  1.027039e+02  7.109478e-14 
  499.000  3.149117e+02  1.016344e+02  1.417458e-13 
  500.000  3.137613e+02  1.003780e+02  1.410230e-13 
  501.000  3.069327e+02  9.733897e+01 -2.570885e-13 
  502.000  3.051252e+02  9.592712e+01 -2.644028e-13 
  503.000  3.235275e+02  1.008347e+02  9.702741e-15 
  504.000  3.011986e+02  9.306877e+01 -1.346804e-13 
  505.000  3.250639e+02  9.958379e+01  0.000000e+00 
  506.000  3.486152e+02  1.058918e+02 -1.552127e-13 
  507.000  3.249563e+02  9.787082e+01 -2.787712e-13 
  508.000  3.122065e+02  9.323885e+01  1.381150e-13 
  509.000  3.372715e+02  9.987958e+01  9.963197e-15 
  510.000  3.273727e+02  9.613850e+01  9.640924e-15 
  511.000  3.279792e+02  9.551519e+01 -2.779423e-13 
  512.000  3.447470e+02  9.956624e+01 -1.406344e-13 
  513.000  3.159895e+02  9.050738e+01  0.000000e+00 
  514.000  3.098103e+02  8.800790e+01  0.000000e+00 
  515.000  3.167411e+02  8.923993e+01  0.000000e+00 
  516.000  3.330366e+02  9.306496e+01 -1.345246e-13 
  517.000  2.454666e+02  6.803584e+01  2.051584e-13 
  518.000  3.040711e+02  8.359613e+01 -2.626158e-13 
  519.000  2.882360e+02  7.860297e+01  1.076608e-13 
  520.000  3.175103e+02  8.588992e+01 -1.367742e-13 
  521.000  3.178361e+02  8.528965e+01 -2.552016e-13 
  522.000  3.305500e+02  8.799423e+01 -1.230729e-13 
  523.000  3.079893e+02  8.133821e+01 -3.792511e-13 
  524.000  3.342258e+02  8.756966e+01 -1.435028e-13 
  525.000  3.316031e+02  8.619911e+01 -2.655300e-13 
  526.000  3.160942e+02  8.152301e+01  1.173843e-13 
  527.000  2.761102e+02  7.065443e+01  2.208785e-13 
  528.000  3.315524e+02  8.418121e+01  5.494705e-13 
  529.000  3.409062e+02  8.588490e+01  2.726819e-13 
  530.000  3.220742e+02  8.051354e+01 -2.760931e-13 
  531.000  3.505226e+02  8.695056e+01 -6.009034e-13 
  532.000  3.343878e+02  8.231146e+01  3.838789e-14 
  533.000  2.939156e+02  7.179603e+01  0.000000e+00 
  534.000  3.199068e+02  7.754829e+01  0.000000e+00 
  535.000  3.267343e+02  7.859971e+01  0.000000e+00 
  536.000  3.470452e+02  8.285208e+01  2.951155e-13 
  537.000  3.222701e+02  7.635623e+01  2.552051e-13 
  538.000  3.376286e+02  7.939388e+01  5.529848e-13 
  539.000  3.367740e+02  7.860027e+01 -1.908438e-14 
  540.000  3.298186e+02  7.640328e+01  2.599303e-13 
  541.000  3.026547e+02  6.959024e+01  0.000000e+00 
  542.000  3.378458e+02  7.710749e+01  2.845562e-13 
  543.000  3.233819e+02  7.326278e+01  0.000000e+00 
  544.000  3.412620e+02  7.674619e+01  0.000000e+00 
  545.000  3.363066e+02  7.507867e+01  2.823399e-13 
  546.000  3.289483e+02  7.290093e+01 -2.759424e-13 
  547.000  3.430533e+02  7.547484e+01  5.365574e-13 
  548.000  3.184165e+02  6.954777e+01  0.000000e+00 
  549.000  3.352319e+02  7.269279e+01 -2.429623e-13 
  550.000  3.279672e+02  7.060659e+01  5.486871e-13 
  551.000  3.259954e+02  6.967982e+01  0.000000e+00 
  552.000  3.401378e+02  7.218411e+01  5.688764e-13 
  553.000  3.268875e+02  6.887933e+01  5.466655e-13 
  554.000  3.376413e+02  7.064178e+01  0.000000e+00 
  555.000  3.386642e+02  7.035615e+01  5.663008e-13 
  556.000  3.293774e+02  6.794607e+01  1.101626e-12 
  557.000  3.196088e+02  6.546957e+01  0.000000e+00 
  558.000  3.317485e+02  6.748254e+01  0.000000e+00 
  559.000  3.135630e+02  6.334044e+01 -8.398022e-12 
  560.000  3.149015e+02  6.317111e+01  1.631107e-11 
  561.000  3.460197e+02  6.893596e+01  0.000000e+00 
  562.000  3.174671e+02  6.281640e+01 -2.663152e-13 
  563.000  3.320410e+02  6.525232e+01  0.000000e+00 
  564.000  3.272186e+02  6.386894e+01 -1.190794e-13 
  565.000  3.308484e+02  6.414361e+01 -2.691612e-13 
  566.000  3.048221e+02  5.870071e+01 -8.605303e-15 
  567.000  3.264355e+02  6.245055e+01  6.899773e-14 
  568.000  3.246078e+02  6.171024e+01  3.453682e-14 
  569.000  3.168283e+02  5.990103e+01  6.116234e-14 
  570.000  3.183600e+02  5.978584e+01 -1.948060e-14 
  571.000  3.073814e+02  5.729636e+01  6.357308e-14 
  572.000  3.236970e+02  5.997879e+01  0.000000e+00 
  573.000  3.268693e+02  6.016492e+01  0.000000e+00 
  574.000  3.249156e+02  5.941426e+01  1.754343e-14 
  575.000  3.168041e+02  5.755864e+01  1.712512e-14 
  576.000  3.113188e+02  5.619724e+01  0.000000e+00 
  577.000  3.248981e+02  5.825981e+01 -1.748733e-14 
  578.000  3.164106e+02  5.635647e+01  3.388240e-14 
  579.000  3.153008e+02  5.578170e+01 -1.678064e-14 
  580.000  3.280285e+02  5.764013e+01  3.465651e-14 
  581.000  3.244103e+02  5.661028e+01  0.000000e+00 
  582.000  3.310797e+02  5.738721e+01 -3.439390e-14 
  583.000  3.347860e+02  5.765089e+01  0.000000e+00 
  584.000  3.351387e+02  5.733450e+01 -6.891429e-14 
  585.000  3.340205e+02  5.677649e+01  6.841511e-14 
  586.000  3.206306e+02  5.415268e+01  1.308718e-13 
  587.000  3.337634e+02  5.602660e+01  0.000000e+00 
  588.000  3.296714e+02  5.507475e+01 -7.515565e-14 
  589.000  2.903195e+02  4.830756e+01  4.560448e-14 
  590.000  3.034354e+02  5.018176e+01  4.008790e-14 
  591.000  3.247688e+02  5.328855e+01 -7.413341e-14 
  592.000  3.180246e+02  5.190172e+01 -3.927063e-14 
  593.000  3.238704e+02  5.243658e+01  8.807684e-14 
  594.000  3.267942e+02  5.260330e+01  7.919047e-14 
  595.000  3.194776e+02  5.117341e+01  3.415810e-14 
  596.000  3.294511e+02  5.235510e+01  1.217592e-17 
  597.000  3.298024e+02  5.210753e+01  1.544897e-13 
  598.000  3.236949e+02  5.079492e+01 -1.449999e-13 
  599.000  3.239246e+02  5.050703e+01  1.556682e-13 
  600.000  3.242251e+02  5.020805e+01  6.127516e-14 
  601.000  3.227559e+02  4.966036e+01  0.000000e+00 
  602.000  3.191537e+02  4.880448e+01  0.000000e+00 
  603.000  3.215995e+02  4.887848e+01  0.000000e+00 
  604.000  3.328397e+02  5.027815e+01  0.000000e+00 
  605.000  3.328676e+02  4.998033e+01  0.000000e+00 
  606.000  3.297419e+02  4.921691e+01  1.137510e-13 
  607.000  3.286044e+02  4.875693e+01  1.305383e-13 
  608.000  3.281187e+02  4.839785e+01  1.299930e-13 
  609.000  3.254397e+02  4.772084e+01 -1.113685e-13 
  610.000  3.209261e+02  4.678365e+01  0.000000e+00 
  611.000  3.269051e+02  4.737767e+01  1.112380e-13 
  612.000  3.233974e+02  4.659725e+01  1.266991e-13 
  613.000  3.193922e+02  4.575408e+01  1.164194e-13 
  614.000  3.085374e+02  4.394450e+01 -1.202081e-13 
  615.000  3.240221e+02  4.588495e+01 -8.433544e-15 
  616.000  3.087337e+02  4.346986e+01 -1.196430e-13 
  617.000  3.111018e+02  4.355382e+01  1.202621e-13 
  618.000  3.263388e+02  4.542786e+01  1.803996e-13 
  619.000  3.238341e+02  4.482481e+01  1.246996e-13 
  620.000  3.290819e+02  4.529524e+01 -6.325541e-14 
  621.000  3.351595e+02  4.587392e+01  0.000000e+00 
  622.000  3.178181e+02  4.325850e+01  6.092932e-14 
  623.000  3.205574e+02  4.339043e+01 -1.186936e-13 
  624.000  3.211702e+02  4.323392e+01  0.000000e+00 
  625.000  3.126938e+02  4.186205e+01 -2.989975e-14 
  626.000  3.143395e+02  4.185542e+01 -2.805120e-14 
  627.000  3.188256e+02  4.223980e+01  2.864185e-14 
  628.000  3.059205e+02  4.044163e+01  1.441722e-14 
  629.000  3.200164e+02  4.199364e+01  3.212872e-14 
  630.000  3.103403e+02  4.048335e+01 -1.357476e-14 
  631.000  3.236771e+02  4.196009e+01 -1.560404e-14 
  632.000  3.029005e+02  3.906912e+01 -3.675860e-16 
  633.000  3.270686e+02  4.191778e+01 -1.551116e-14 
  634.000  3.190879e+02  4.066214e+01  3.000382e-14 
  635.000  3.263237e+02  4.135551e+01  0.000000e+00 
  636.000  3.163254e+02  3.986419e+01  1.968336e-15 
  637.000  3.282238e+02  4.113485e+01  3.031059e-14 
  638.000  3.348490e+02  4.172956e+01  5.727894e-14 
  639.000  3.334368e+02  4.132661e+01  0.000000e+00 
  640.000  3.242599e+02  3.996886e+01  5.486798e-14 
  641.000  3.300107e+02  4.045992e+01  3.992811e-15 
  642.000  3.272050e+02  3.989698e+01  1.097445e-13 
  643.000  3.336340e+02  4.046890e+01  1.756458e-13 
  644.000  3.306324e+02  3.989201e+01  5.123790e-14 
  645.000  3.339540e+02  4.008838e+01  2.987974e-14 
  646.000  3.208025e+02  3.835204e+01 -9.482558e-15 
  647.000  3.249189e+02  3.866966e+01 -1.683844e-16 
  648.000  3.239013e+02  3.838142e+01  2.459101e-15 
  649.000  3.320273e+02  3.910963e+01 -4.587650e-15 
  650.000  3.100365e+02  3.628003e+01 -6.841309e-14 
  651.000  3.345791e+02  3.894952e+01  1.038717e-14 
  652.000  3.270764e+02  3.792548e+01  3.400375e-14 
  653.000  3.362061e+02  3.873030e+01 -1.477744e-13 
  654.000  3.321960e+02  3.807760e+01  7.266116e-14 
  655.000  3.233358e+02  3.689059e+01  1.283569e-13 
  656.000  2.752019e+02  3.123332e+01 -1.161966e-13 
  657.000  2.945428e+02  3.324985e+01 -1.361816e-13 
  658.000  3.290721e+02  3.693579e+01  0.000000e+00 
  659.000  3.307128e+02  3.692433e+01  5.721661e-14 
  660.000  3.341010e+02  3.711062e+01  5.373740e-14 
  661.000  3.365617e+02  3.718622e+01  0.000000e+00 
  662.000  3.422219e+02  3.761771e+01  0.000000e+00 
  663.000  3.390481e+02  3.708236e+01  1.155371e-13 
  664.000  3.341993e+02  3.636938e+01  0.000000e+00 
  665.000  3.363561e+02  3.642022e+01  1.140294e-13 
  666.000  3.411648e+02  3.675502e+01 -2.151653e-13 
  667.000  3.350767e+02  3.591882e+01 -1.129377e-13 
  668.000  3.377115e+02  3.602044e+01  2.269692e-13 
  669.000  3.432114e+02  3.642611e+01  0.000000e+00 
  670.000  3.397184e+02  3.587807e+01  0.000000e+00 
  671.000  3.367383e+02  3.538874e+01  6.440180e-13 
  672.000  3.362353e+02  3.516322e+01  2.238739e-13 
  673.000  3.392369e+02  3.530430e+01 -2.253770e-13 
  674.000  3.404863e+02  3.526220e+01  4.514288e-13 
  675.000  3.358659e+02  3.461519e+01  0.000000e+00 
  676.000  3.427718e+02  3.515629e+01  8.747554e-13 
  677.000  3.364709e+02  3.434373e+01  0.000000e+00 
  678.000  3.425608e+02  3.479725e+01  0.000000e+00 
  679.000  3.382002e+02  3.419007e+01 -2.220200e-13 
  680.000  3.359272e+02  3.380024e+01 -2.203233e-13 
  681.000  3.365657e+02  3.370605e+01  1.029128e-13 
  682.000  3.362539e+02  3.351580e+01  0.000000e+00 
  683.000  3.388859e+02  3.361954e+01  0.000000e+00 
  684.000  3.332728e+02  3.290769e+01  0.000000e+00 
  685.000  3.375135e+02  3.316840e+01 -1.099654e-13 
  686.000  3.219263e+02  3.149484e+01 -1.019730e-13 
  687.000  2.600734e+02  2.575620e+01 -6.088492e-16 
  688.000  2.795511e+02  2.739605e+01  4.145517e-15 
  689.000  2.751200e+02  2.688509e+01 -1.194146e-14 
  690.000  2.867487e+02  2.780258e+01 -3.911064e-14 
  691.000  3.020866e+02  2.903975e+01 -7.284052e-14 
  692.000  3.095788e+02  2.956314e+01  4.753894e-15 
  693.000  3.114629e+02  2.963186e+01  2.465142e-14 
  694.000  3.126031e+02  2.964197e+01 -1.198971e-14 
  695.000  3.117961e+02  2.939090e+01 -3.480888e-14 
  696.000  3.181888e+02  2.983498e+01  1.091592e-16 
  697.000  3.284861e+02  3.057585e+01 -1.163173e-13 
  698.000  3.208188e+02  2.974256e+01 -2.696115e-14 
  699.000  3.187028e+02  2.948828e+01 -2.589249e-14 
  700.000  3.166298e+02  2.915129e+01 -2.731000e-14 
  701.000  3.079814e+02  2.824501e+01  9.326935e-15 
  702.000  3.080764e+02  2.811440e+01  2.323303e-15 
  703.000  3.195381e+02  2.896796e+01  4.381200e-15 
  704.000  3.210405e+02  2.897189e+01  0.000000e+00 
  705.000  3.208909e+02  2.885371e+01  6.645323e-14 
  706.000  3.182774e+02  2.848671e+01  1.059999e-16 
  707.000  3.147107e+02  2.803406e+01 -8.045484e-14 
  708.000  3.251954e+02  2.883064e+01  2.146712e-16 
  709.000  3.160426e+02  2.787785e+01  8.953250e-15 
  710.000  3.212039e+02  2.822767e+01  7.756962e-14 
  711.000  3.205876e+02  2.803044e+01 -5.392970e-14 
  712.000  3.183651e+02  2.769870e+01  1.013274e-13 
  713.000  3.156118e+02  2.735162e+01  8.913532e-15 
  714.000  3.206224e+02  2.766922e+01 -8.249610e-15 
  715.000  3.070061e+02  2.639988e+01  3.427106e-14 
  716.000  3.124173e+02  2.677212e+01  3.912926e-15 
  717.000  2.860594e+02  2.456548e+01  1.516860e-15 
  718.000  2.732921e+02  2.347357e+01  0.000000e+00 
  719.000  2.662522e+02  2.280763e+01 -6.342131e-15 
  720.000  2.621932e+02  2.241598e+01 -3.486330e-15 
  721.000  2.890621e+02  2.435130e+01 -1.379273e-14 
  722.000  3.031490e+02  2.534523e+01 -1.494550e-14 
  723.000  2.971615e+02  2.478436e+01 -2.486477e-14 
  724.000  2.833477e+02  2.366987e+01  5.523533e-16 
  725.000  2.827226e+02  2.349659e+01 -8.015057e-15 
  726.000  2.816213e+02  2.331282e+01  1.017226e-15 
  727.000  2.881723e+02  2.373424e+01 -6.586540e-15 
  728.000  2.809637e+02  2.306483e+01  1.080993e-15 
  729.000  2.756713e+02  2.248386e+01  6.183901e-15 
  730.000  2.849631e+02  2.315368e+01  1.058669e-15 
  731.000  2.791694e+02  2.259919e+01  1.996388e-14 
  732.000  2.946294e+02  2.366372e+01  1.360665e-14 
  733.000  2.997525e+02  2.390015e+01  1.255730e-14 
  734.000  3.107116e+02  2.463834e+01  4.445760e-15 
  735.000  3.067690e+02  2.423635e+01 -2.530863e-14 
  736.000  2.982615e+02  2.348805e+01  4.882771e-17 
  737.000  3.045539e+02  2.386854e+01 -5.090317e-14 
  738.000  3.069139e+02  2.393338e+01 -2.500051e-14 
  739.000  2.983704e+02  2.316332e+01  1.242306e-14 
  740.000  3.041507e+02  2.349724e+01  4.080137e-14 
  741.000  3.034726e+02  2.333923e+01  3.703506e-14 
  742.000  2.992608e+02  2.291764e+01  7.248626e-14 
  743.000  3.093777e+02  2.358375e+01  4.748072e-14 
  744.000  3.130608e+02  2.376434e+01  0.000000e+00 
  745.000  3.055258e+02  2.309613e+01 -4.666256e-14 
  746.000  3.102891e+02  2.335986e+01  4.730481e-14 
  747.000  3.154030e+02  2.364896e+01 -4.803794e-14 
  748.000  3.102874e+02  2.316932e+01  0.000000e+00 
  749.000  3.107576e+02  2.311054e+01  0.000000e+00 
  750.000  3.061700e+02  2.267996e+01 -9.290779e-14 
  751.000  3.056064e+02  2.254803e+01  9.266051e-14 
  752.000  3.108944e+02  2.284479e+01  0.000000e+00 
  753.000  3.082744e+02  2.256192e+01 -1.247999e-14 
  754.000  3.133801e+02  2.284458e+01 -1.891971e-13 
  755.000  3.118062e+02  2.264019e+01  0.000000e+00 
  756.000  3.059262e+02  2.212580e+01  0.000000e+00 
  757.000  3.083344e+02  2.221259e+01  1.857308e-13 
  758.000  3.070679e+02  2.203740e+01  0.000000e+00 
  759.000  2.656119e+02  1.912315e+01  1.113946e-14 
  760.000  6.270324e+01  5.052638e+00  8.439850e-17 
  761.000  5.042577e+01  4.146397e+00  6.461653e-20 
  762.000  1.417079e+02  1.049602e+01  5.802089e-16 
  763.000  1.114071e+02  8.444288e+00 -6.567032e-16 
  764.000  1.282791e+02  9.554360e+00 -3.301230e-16 
  765.000  1.701390e+02  1.228208e+01 -6.763155e-16 
  766.000  2.150014e+02  1.522738e+01 -4.515102e-16 
  767.000  2.473837e+02  1.731485e+01  1.031213e-14 
  768.000  2.776251e+02  1.925477e+01 -1.983928e-14 
  769.000  2.902780e+02  2.000150e+01  3.115099e-15 
  770.000  2.964391e+02  2.033120e+01  1.392493e-14 
  771.000  2.998229e+02  2.047067e+01  0.000000e+00 
  772.000  2.994686e+02  2.036732e+01  8.312745e-14 
  773.000  2.987022e+02  2.023784e+01 -8.277012e-14 
  774.000  3.024447e+02  2.041362e+01  8.361764e-14 
  775.000  2.914985e+02  1.959989e+01  8.623315e-14 
  776.000  3.038188e+02  2.035099e+01  5.265931e-13 
  777.000  3.018708e+02  2.014478e+01  1.663469e-13 
  778.000  3.003477e+02  1.996852e+01  0.000000e+00 
  779.000  3.014073e+02  1.996457e+01  0.000000e+00 
  780.000  2.977544e+02  1.964956e+01  8.198532e-14 
  781.000  2.975193e+02  1.956036e+01  0.000000e+00 
  782.000  3.011767e+02  1.972786e+01  2.544317e-13 
  783.000  2.942135e+02  1.920088e+01 -8.670665e-14 
  784.000  2.958072e+02  1.923477e+01  8.136700e-14 
  785.000  2.962142e+02  1.919310e+01 -4.668123e-14 
  786.000  2.904390e+02  1.875424e+01 -2.151952e-14 
  787.000  2.935904e+02  1.890095e+01  4.192109e-14 
  788.000  2.884609e+02  1.850812e+01 -3.403516e-14 
  789.000  2.872358e+02  1.838134e+01 -5.732501e-14 
  790.000  2.841562e+02  1.811999e+01 -3.752900e-15 
  791.000  2.833574e+02  1.800004e+01  2.123535e-14 
  792.000  2.794873e+02  1.768685e+01 -2.069815e-14 
  793.000  2.805170e+02  1.768069e+01  0.000000e+00 
  794.000  2.799251e+02  1.756219e+01  0.000000e+00 
  795.000  2.772737e+02  1.734523e+01  6.904318e-15 
  796.000  2.778985e+02  1.734744e+01 -4.205520e-14 
  797.000  2.809484e+02  1.746766e+01  4.010892e-14 
  798.000  2.838573e+02  1.756965e+01 -7.377097e-15 
  799.000  2.831153e+02  1.746501e+01 -4.846835e-14 
  800.000  2.739485e+02  1.685087e+01 -2.020385e-14 
  801.000  2.793566e+02  1.712137e+01 -2.057456e-14 
  802.000  2.787110e+02  1.702271e+01 -1.013086e-16 
  803.000  2.750851e+02  1.674044e+01  3.531812e-14 
  804.000  2.785710e+02  1.688769e+01 -1.691758e-14 
  805.000  2.727266e+02  1.646584e+01 -8.333719e-14 
  806.000  2.812339e+02  1.691440e+01  3.330011e-14 
  807.000  2.796870e+02  1.676244e+01  3.029719e-14 
  808.000  2.774724e+02  1.657499e+01 -7.063493e-15 
  809.000  2.721393e+02  1.620380e+01  7.278034e-14 
  810.000  2.701947e+02  1.603654e+01 -3.606020e-15 
  811.000  2.729117e+02  1.615086e+01  1.551636e-14 
  812.000  2.697454e+02  1.592106e+01  3.319248e-15 
  813.000  2.658076e+02  1.565082e+01  1.159120e-15 
  814.000  2.616650e+02  1.537653e+01 -2.022907e-14 
  815.000  2.541011e+02  1.491040e+01  4.539116e-15 
  816.000  2.456815e+02  1.440687e+01 -1.215463e-17 
  817.000  2.475768e+02  1.446615e+01 -4.539327e-16 
  818.000  2.466394e+02  1.435896e+01  1.214824e-17 
  819.000  2.420886e+02  1.403316e+01  4.800474e-15 
  820.000  2.441717e+02  1.406508e+01 -1.714840e-15 
  821.000  2.602515e+02  1.489761e+01  4.581975e-15 
  822.000  2.471418e+02  1.412981e+01 -4.068253e-15 
  823.000  2.338664e+02  1.342332e+01 -1.963364e-15 
  824.000  2.517632e+02  1.431214e+01 -1.053931e-14 
  825.000  2.604923e+02  1.470974e+01  1.549445e-15 
  826.000  2.606738e+02  1.467840e+01 -1.885374e-14 
  827.000  2.587474e+02  1.452713e+01 -9.784084e-15 
  828.000  2.523319e+02  1.415152e+01 -9.687643e-16 
  829.000  2.544100e+02  1.420876e+01 -2.043689e-14 
  830.000  2.527990e+02  1.405936e+01  9.844285e-15 
  831.000  2.489674e+02  1.379765e+01  0.000000e+00 
  832.000  2.543727e+02  1.404941e+01  1.229234e-14 
  833.000  2.478285e+02  1.363622e+01 -9.373823e-15 
  834.000  2.530954e+02  1.387252e+01 -1.100449e-14 
  835.000  2.565330e+02  1.400018e+01 -3.419080e-15 
  836.000  2.586682e+02  1.407515e+01  1.127643e-14 
  837.000  2.564980e+02  1.391199e+01 -2.300099e-16 
  838.000  2.588570e+02  1.398730e+01 -6.208927e-18 
  839.000  2.516278e+02  1.354854e+01  1.485865e-14 
  840.000  2.587186e+02  1.388373e+01  1.700670e-14 
  841.000  2.586329e+02  1.383858e+01  1.749236e-14 
  842.000  2.578172e+02  1.374653e+01 -2.192048e-14 
  843.000  2.578050e+02  1.369274e+01  1.878012e-14 
  844.000  2.543366e+02  1.346128e+01  3.664595e-14 
  845.000  2.583316e+02  1.362485e+01  9.403637e-15 
  846.000  2.610990e+02  1.372479e+01  1.896198e-14 
  847.000  2.524602e+02  1.322658e+01 -1.225499e-15 
  848.000  2.593730e+02  1.354864e+01 -9.429416e-15 
  849.000  2.599975e+02  1.353765e+01 -9.445134e-15 
  850.000  2.248157e+02  1.167205e+01  5.453788e-15 
  851.000  2.572705e+02  1.331675e+01  2.437258e-14 
  852.000  2.476057e+02  1.277581e+01  4.072714e-14 
  853.000  2.508102e+02  1.289510e+01  3.459226e-14 
  854.000  2.016599e+02  1.033564e+01  7.321204e-15 
  855.000  2.223174e+02  1.135720e+01 -1.502778e-14 
  856.000  2.528416e+02  1.287296e+01 -3.526994e-14 
  857.000  2.571013e+02  1.304776e+01 -3.456477e-14 
  858.000  2.531982e+02  1.280878e+01  1.821937e-14 
  859.000  2.533803e+02  1.277701e+01  0.000000e+00 
  860.000  2.514059e+02  1.263686e+01  3.605670e-14 
  861.000  2.514595e+02  1.260023e+01  6.727020e-14 
  862.000  2.508022e+02  1.252781e+01  0.000000e+00 
  863.000  2.556643e+02  1.273122e+01  0.000000e+00 
  864.000  2.552856e+02  1.267279e+01 -6.816126e-14 
  865.000  2.506447e+02  1.240385e+01  0.000000e+00 
  866.000  2.102988e+02  1.037526e+01  1.202534e-13 
  867.000  2.239785e+02  1.101644e+01  0.000000e+00 
  868.000  2.429697e+02  1.191402e+01  6.944415e-14 
  869.000  2.396304e+02  1.171439e+01 -4.586467e-15 
  870.000  2.495477e+02  1.216224e+01  0.000000e+00 
  871.000  2.492646e+02  1.211151e+01  6.642453e-14 
  872.000  2.483635e+02  1.203094e+01 -1.370504e-13 
  873.000  2.493558e+02  1.204282e+01  7.119514e-14 
  874.000  2.439102e+02  1.174450e+01 -6.964129e-14 
  875.000  2.417072e+02  1.160347e+01  6.900348e-14 
  876.000  2.436755e+02  1.166335e+01  3.246644e-14 
  877.000  2.485358e+02  1.186062e+01 -1.041108e-13 
  878.000  2.441696e+02  1.161835e+01 -3.257455e-14 
  879.000  2.447657e+02  1.161207e+01  0.000000e+00 
  880.000  2.433398e+02  1.151065e+01 -1.740840e-14 
  881.000  2.306517e+02  1.087856e+01  1.105933e-15 
  882.000  2.433544e+02  1.144416e+01 -1.742776e-14 
  883.000  2.379303e+02  1.115550e+01  1.588414e-14 
  884.000  2.400308e+02  1.122058e+01  3.433417e-14 
  885.000  2.423900e+02  1.129888e+01  0.000000e+00 
  886.000  2.342723e+02  1.089027e+01 -1.569942e-14 
  887.000  2.320623e+02  1.075454e+01  0.000000e+00 
  888.000  2.390400e+02  1.104559e+01  0.000000e+00 
  889.000  2.407861e+02  1.109322e+01  1.608621e-14 
  890.000  2.399708e+02  1.102443e+01  1.720262e-14 
  891.000  2.382312e+02  1.091532e+01  0.000000e+00 
  892.000  2.367190e+02  1.082144e+01  2.860366e-15 
  893.000  2.243318e+02  1.024147e+01 -5.839335e-15 
  894.000  2.299878e+02  1.047822e+01  1.478380e-15 
  895.000  2.127106e+02  9.690905e+00  3.084319e-15 
  896.000  2.143013e+02  9.764026e+00 -7.353594e-16 
  897.000  2.023425e+02  9.224285e+00  3.936746e-19 
  898.000  1.994160e+02  9.080109e+00  1.555801e-16 
  899.000  1.900254e+02  8.669615e+00 -9.699267e-16 
  900.000  1.865956e+02  8.482930e+00  1.139513e-15 
  901.000  1.803491e+02  8.185623e+00 -1.794390e-16 
  902.000  1.774827e+02  8.030655e+00  6.007403e-17 
  903.000  2.024233e+02  9.060008e+00  2.138689e-15 
  904.000  2.148309e+02  9.545987e+00  1.952686e-15 
  905.000  2.139598e+02  9.481743e+00 -4.352689e-15 
  906.000  2.025239e+02  8.973720e+00  0.000000e+00 
  907.000  1.955842e+02  8.687477e+00  2.404775e-15 
  908.000  1.836756e+02  8.164870e+00  7.620932e-16 
  909.000  1.808434e+02  8.015181e+00 -1.762418e-16 
  910.000  1.840260e+02  8.128992e+00 -8.706682e-16 
  911.000  1.879274e+02  8.258304e+00  5.775496e-16 
  912.000  1.862377e+02  8.170657e+00  1.662069e-16 
  913.000  1.812323e+02  7.967245e+00  8.674418e-16 
  914.000  1.847138e+02  8.078938e+00 -8.866232e-16 
  915.000  1.850644e+02  8.056226e+00  9.343885e-16 
  916.000  1.883593e+02  8.172588e+00 -1.772820e-16 
  917.000  1.873987e+02  8.099792e+00  1.559282e-15 
  918.000  1.889932e+02  8.135017e+00 -2.021706e-15 
  919.000  2.001841e+02  8.554666e+00 -2.199878e-16 
  920.000  2.048260e+02  8.702358e+00  3.480079e-15 
  921.000  1.989871e+02  8.436508e+00  6.008231e-15 
  922.000  1.971208e+02  8.334973e+00 -2.855583e-16 
  923.000  1.872000e+02  7.900512e+00 -3.826282e-15 
  924.000  1.909235e+02  8.052768e+00 -1.356459e-15 
  925.000  1.931270e+02  8.125047e+00 -1.356867e-15 
  926.000  1.861051e+02  7.808854e+00  3.395349e-16 
  927.000  1.880219e+02  7.888723e+00  9.162873e-16 
  928.000  1.814558e+02  7.624876e+00 -9.203772e-16 
  929.000  1.679514e+02  7.079515e+00  0.000000e+00 
  930.000  1.537601e+02  6.497147e+00  0.000000e+00 
  931.000  1.385494e+02  5.863666e+00  0.000000e+00 
  932.000  1.177746e+02  5.036582e+00 -1.022053e-16 
  933.000  1.039907e+02  4.507053e+00  5.684255e-17 
  934.000  8.906247e+01  3.932575e+00  2.357968e-24 
  935.000  8.626273e+01  3.808534e+00  7.649715e-17 
  936.000  9.098239e+01  3.970143e+00  2.631954e-18 
  937.000  9.168328e+01  3.998548e+00 -5.653771e-17 
  938.000  1.063516e+02  4.522546e+00 -3.204326e-23 
  939.000  1.492680e+02  6.169438e+00  2.224501e-16 
  940.000  1.549163e+02  6.370984e+00  4.176632e-17 
  941.000  1.461001e+02  6.003513e+00  2.161821e-16 
  942.000  1.280124e+02  5.264019e+00  1.241638e-16 
  943.000  1.133146e+02  4.714283e+00 -1.157531e-16 
  944.000  1.087360e+02  4.519101e+00  1.030626e-16 
  945.000  1.173097e+02  4.827809e+00  5.936811e-22 
  946.000  1.193795e+02  4.898013e+00  6.232837e-22 
  947.000  1.255871e+02  5.114178e+00 -3.753872e-21 
  948.000  1.304482e+02  5.286970e+00 -1.094662e-16 
  949.000  1.303873e+02  5.271260e+00 -9.200968e-17 
  950.000  1.306023e+02  5.263439e+00  1.039271e-17 
  951.000  1.389468e+02  5.568595e+00  1.957614e-16 
  952.000  1.293040e+02  5.184204e+00 -8.778886e-17 
  953.000  1.357850e+02  5.415653e+00 -2.056737e-17 
  954.000  1.417878e+02  5.629508e+00  1.951386e-17 
  955.000  1.270216e+02  5.036119e+00  6.289492e-22 
  956.000  1.342912e+02  5.310939e+00  2.131467e-16 
  957.000  1.526498e+02  5.990965e+00  3.959616e-16 
  958.000  1.563143e+02  6.112346e+00  4.271498e-16 
  959.000  1.538655e+02  6.008126e+00 -3.886831e-16 
  960.000  1.515706e+02  5.904778e+00 -3.846210e-16 
  961.000  1.484633e+02  5.771397e+00 -3.994019e-17 
  962.000  1.506396e+02  5.838194e+00  4.634595e-16 
  963.000  1.605026e+02  6.177171e+00  3.188258e-16 
  964.000  1.601549e+02  6.143257e+00  8.327119e-16 
  965.000  1.611845e+02  6.170256e+00 -8.028949e-17 
  966.000  1.571053e+02  5.997056e+00 -4.324382e-16 
  967.000  1.691064e+02  6.412374e+00  8.418290e-16 
  968.000  1.793719e+02  6.737885e+00  1.866631e-15 
  969.000  1.860173e+02  6.950713e+00 -1.849116e-16 
  970.000  1.868565e+02  6.963652e+00  1.477830e-15 
  971.000  1.850914e+02  6.881129e+00  1.894592e-15 
  972.000  1.848506e+02  6.860294e+00 -1.127197e-17 
  973.000  1.795808e+02  6.660403e+00  1.872129e-15 
  974.000  1.725535e+02  6.399159e+00 -1.523924e-15 
  975.000  1.706670e+02  6.323645e+00  1.133976e-15 
  976.000  1.761894e+02  6.499488e+00  4.997685e-18 
  977.000  1.772709e+02  6.503538e+00  1.299636e-15 
  978.000  1.812210e+02  6.633664e+00 -9.259834e-16 
  979.000  1.774201e+02  6.473759e+00 -1.807711e-15 
  980.000  1.856339e+02  6.738504e+00  4.479612e-15 
  981.000  1.882257e+02  6.812085e+00  5.868984e-16 
  982.000  1.865723e+02  6.739516e+00  1.838714e-17 
  983.000  1.890367e+02  6.803302e+00 -3.306533e-15 
  984.000  1.908072e+02  6.842092e+00  4.476152e-15 
  985.000  1.924536e+02  6.879970e+00  1.233836e-15 
  986.000  1.930972e+02  6.880838e+00  2.523908e-15 
  987.000  1.962799e+02  6.975042e+00 -1.817879e-14 
  988.000  1.941007e+02  6.880446e+00  2.289082e-15 
  989.000  1.917955e+02  6.782040e+00  0.000000e+00 
  990.000  1.936800e+02  6.831685e+00  1.033976e-14 
  991.000  1.958191e+02  6.887720e+00  6.447293e-15 
  992.000  1.942857e+02  6.816850e+00  0.000000e+00 
  993.000  1.943950e+02  6.804182e+00  6.387039e-15 
  994.000  1.961001e+02  6.845816e+00  0.000000e+00 
  995.000  1.951651e+02  6.795818e+00  0.000000e+00 
  996.000  1.951395e+02  6.778811e+00  1.273745e-14 
  997.000  1.951004e+02  6.762030e+00 -6.834035e-15 
  998.000  1.940960e+02  6.712070e+00  0.000000e+00 
  999.000  1.934837e+02  6.675442e+00  0.000000e+00 
 1000.000  1.920812e+02  6.611156e+00  6.738366e-15 
 1001.000  1.923451e+02  6.606591e+00  3.388946e-15 
 1002.000  1.912143e+02  6.555986e+00 -6.384777e-15 
 1003.000  1.892756e+02  6.473642e+00  2.374909e-15 
 1004.000  1.882038e+02  6.419362e+00  3.317106e-15 
 1005.000  1.759916e+02  5.988238e+00  0.000000e+00 
 1006.000  1.853367e+02  6.291287e+00  0.000000e+00 
 1007.000  1.886175e+02  6.388155e+00 -3.097637e-15 
 1008.000  1.886692e+02  6.378273e+00  6.234247e-15 
 1009.000  1.863192e+02  6.287163e+00  6.038211e-15 
 1010.000  1.875756e+02  6.313590e+00  3.979399e-15 
 1011.000  1.878587e+02  6.305424e+00  1.746938e-15 
 1012.000  1.881775e+02  6.299504e+00 -3.308951e-15 
 1013.000  1.872413e+02  6.252736e+00  0.000000e+00 
 1014.000  1.886339e+02  6.284348e+00 -6.609545e-15 
 1015.000  1.851886e+02  6.155350e+00  5.618221e-15 
 1016.000  1.864595e+02  6.183157e+00  0.000000e+00 
 1017.000  1.847469e+02  6.112092e+00 -6.463110e-15 
 1018.000  1.870307e+02  6.173939e+00  6.548684e-15 
 1019.000  1.823147e+02  6.005696e+00  9.174298e-15 
 1020.000  1.820940e+02  5.984411e+00 -3.193795e-15 
 1021.000  1.842366e+02  6.040277e+00  0.000000e+00 
 1022.000  1.809343e+02  5.919946e+00 -3.177984e-15 
 1023.000  1.840785e+02  6.010195e+00  3.023623e-15 
 1024.000  1.830511e+02  5.964756e+00  2.289025e-15 
 1025.000  1.834989e+02  5.963100e+00 -3.005165e-15 
 1026.000  1.840674e+02  5.967232e+00  0.000000e+00 
 1027.000  1.828039e+02  5.913382e+00 -2.775211e-15 
 1028.000  1.833493e+02  5.917455e+00  2.781390e-15 
 1029.000  1.808022e+02  5.821475e+00 -5.898765e-15 
 1030.000  1.828672e+02  5.874139e+00 -4.275652e-16 
 1031.000  1.823855e+02  5.845354e+00 -6.360923e-15 
 1032.000  1.818249e+02  5.814250e+00  5.912950e-15 
 1033.000  1.785023e+02  5.695261e+00  1.202471e-14 
 1034.000  1.804946e+02  5.745759e+00  0.000000e+00 
 1035.000  1.785978e+02  5.672663e+00 -5.802055e-15 
 1036.000  1.808274e+02  5.730875e+00 -4.220356e-16 
 1037.000  1.769759e+02  5.596436e+00  0.000000e+00 
 1038.000  1.787502e+02  5.640058e+00  0.000000e+00 
 1039.000  1.794179e+02  5.648916e+00 -6.254910e-15 
 1040.000  1.772259e+02  5.567860e+00  0.000000e+00 
 1041.000  1.781051e+02  5.583417e+00  6.215443e-15 
 1042.000  1.786039e+02  5.586917e+00  1.205039e-14 
 1043.000  1.754982e+02  5.477851e+00  6.126482e-15 
 1044.000  1.771721e+02  5.518220e+00 -1.237599e-14 
 1045.000  1.762801e+02  5.478884e+00 -6.163868e-15 
 1046.000  1.710502e+02  5.305056e+00  5.584999e-15 
 1047.000  1.740570e+02  5.386931e+00  3.048882e-15 
 1048.000  1.755600e+02  5.422029e+00 -5.954981e-15 
 1049.000  1.741615e+02  5.367536e+00  3.062327e-15 
 1050.000  1.729913e+02  5.320289e+00  3.045185e-15 
 1051.000  1.728475e+02  5.304973e+00 -3.046920e-15 
 1052.000  1.718716e+02  5.264093e+00 -3.033779e-15 
 1053.000  1.717889e+02  5.250622e+00  0.000000e+00 
 1054.000  1.698007e+02  5.179370e+00 -5.810138e-15 
 1055.000  1.708347e+02  5.200347e+00  3.029431e-15 
 1056.000  1.701424e+02  5.168754e+00  0.000000e+00 
 1057.000  1.696061e+02  5.142108e+00 -2.919811e-15 
 1058.000  1.673701e+02  5.064832e+00  0.000000e+00 
 1059.000  1.619849e+02  4.891586e+00  0.000000e+00 
 1060.000  1.678053e+02  5.056298e+00  3.002792e-15 
 1061.000  1.617948e+02  4.865122e+00  0.000000e+00 
 1062.000  1.659927e+02  4.981499e+00  0.000000e+00 
 1063.000  1.629792e+02  4.880938e+00 -1.466886e-15 
 1064.000  1.648391e+02  4.926782e+00  0.000000e+00 
 1065.000  1.644644e+02  4.905883e+00  1.487124e-15 
 1066.000  1.594254e+02  4.745507e+00  0.000000e+00 
 1067.000  1.631573e+02  4.846598e+00 -9.890872e-17 
 1068.000  1.622160e+02  4.809639e+00  0.000000e+00 
 1069.000  1.502953e+02  4.448505e+00 -1.222137e-15 
 1070.000  1.595325e+02  4.711598e+00 -6.708384e-16 
 1071.000  1.598026e+02  4.710275e+00  5.578479e-16 
 1072.000  1.602310e+02  4.713664e+00  0.000000e+00 
 1073.000  1.551033e+02  4.553254e+00 -1.211248e-15 
 1074.000  1.607941e+02  4.710144e+00 -6.245526e-17 
 1075.000  1.563913e+02  4.570279e+00 -2.105070e-15 
 1076.000  1.597370e+02  4.658930e+00 -4.422988e-16 
 1077.000  1.592144e+02  4.634909e+00 -1.329418e-15 
 1078.000  1.594297e+02  4.632630e+00 -3.124406e-15 
 1079.000  1.533455e+02  4.446638e+00  2.481142e-15 
 1080.000  1.569042e+02  4.543641e+00  2.597430e-15 
 1081.000  1.512055e+02  4.369683e+00  1.310008e-15 
 1082.000  1.537225e+02  4.431757e+00 -7.984264e-16 
 1083.000  1.491218e+02  4.291896e+00 -2.435396e-15 
 1084.000  1.542540e+02  4.432402e+00  5.551462e-16 
 1085.000  1.507483e+02  4.327565e+00  4.801570e-16 
 1086.000  1.531769e+02  4.387065e+00  2.349655e-16 
 1087.000  1.455001e+02  4.153670e+00  1.160925e-15 
 1088.000  1.544884e+02  4.401035e+00 -5.515276e-16 
 1089.000  1.465864e+02  4.173527e+00 -1.559789e-16 
 1090.000  1.494406e+02  4.247361e+00 -1.289552e-15 
 1091.000  1.508815e+02  4.278337e+00 -3.511096e-16 
 1092.000  1.464070e+02  4.146257e+00  3.277907e-16 
 1093.000  1.422882e+02  4.029001e+00 -1.746077e-15 
 1094.000  1.285841e+02  3.636766e+00  1.149797e-15 
 1095.000  1.393831e+02  3.933696e+00 -1.017355e-15 
 1096.000  1.389930e+02  3.914307e+00 -8.423099e-16 
 1097.000  1.367022e+02  3.843605e+00 -3.751597e-16 
 1098.000  1.288053e+02  3.633682e+00  3.688804e-18 
 1099.000  1.234290e+02  3.491786e+00 -3.691665e-16 
 1100.000  1.259517e+02  3.554899e+00  6.075709e-16 
