  300.000  1.526510e+00  1.080560e+00 -3.677813e-17  1.501523e-01  1.696585e-01  4.357248e-19 
  301.000  4.118804e+00  2.929098e+00  8.749657e-17  4.051385e-01  4.633861e-01  1.906116e-17 
  302.000  4.486536e+00  3.190008e+00  1.565722e-16  4.413098e-01  5.079583e-01  5.650898e-17 
  303.000  1.152682e+01  8.264451e+00  1.200587e-15  1.133814e+00  1.326237e+00  2.390936e-16 
  304.000  1.305104e+01  9.296018e+00  4.855641e-16  1.283742e+00  1.499158e+00  1.067585e-16 
  305.000  2.340691e+01  1.679748e+01 -8.657881e-16  2.302377e+00  2.727774e+00  7.303265e-17 
  306.000  2.552966e+01  1.825019e+01  1.634576e-16  2.511178e+00  2.978747e+00  2.327580e-16 
  307.000  3.745676e+01  2.679646e+01  3.112941e-16  3.684365e+00  4.396866e+00  1.172224e-16 
  308.000  4.750986e+01  3.384348e+01  3.608234e-15  4.673220e+00  5.580545e+00  5.742683e-16 
  309.000  5.098399e+01  3.605758e+01 -9.510994e-15  5.014947e+00  5.969207e+00 -1.632922e-15 
  310.000  5.580862e+01  3.975885e+01 -3.325636e-15  5.489512e+00  6.620761e+00 -5.381689e-16 
  311.000  1.079926e+02  7.623409e+01 -2.282437e-14  1.062249e+01  1.274141e+01 -3.709653e-15 
  312.000  9.172115e+01  6.460044e+01 -3.810323e-15  9.021982e+00  1.084453e+01 -3.279703e-16 
  313.000  1.167017e+02  8.183260e+01 -4.514825e-15  1.147915e+01  1.379494e+01  7.772375e-16 
  314.000  1.208028e+02  8.352431e+01 -1.263967e-14  1.188255e+01  1.412211e+01 -3.947829e-15 
  315.000  1.439125e+02  9.967923e+01  2.415550e-14  1.415569e+01  1.693100e+01  3.732364e-15 
  316.000  1.135774e+02  7.762203e+01 -3.098679e-14  1.117184e+01  1.322353e+01 -7.511240e-15 
  317.000  1.654324e+02  1.120912e+02 -6.020615e-14  1.627246e+01  1.916130e+01 -4.411957e-15 
  318.000  1.619523e+02  1.085129e+02  2.969767e-14  1.593014e+01  1.860985e+01  6.546291e-15 
  319.000  1.813819e+02  1.221989e+02  5.750315e-14  1.784130e+01  2.105366e+01  1.575132e-14 
  320.000  1.803089e+02  1.166664e+02  2.038669e-15  1.773575e+01  2.010927e+01  2.421835e-15 
  321.000  2.203959e+02  1.453535e+02  7.766808e-14  2.167884e+01  2.520021e+01  2.299898e-14 
  322.000  1.980285e+02  1.258617e+02 -3.300818e-14  1.947871e+01  2.184247e+01 -9.222801e-15 
  323.000  1.750034e+02  1.110637e+02  5.483915e-14  1.721388e+01  1.934647e+01  1.080790e-14 
  324.000  2.196941e+02  1.392539e+02 -1.103371e-13  2.160980e+01  2.435960e+01 -1.551741e-14 
  325.000  2.502094e+02  1.530440e+02  6.093504e-14  2.461139e+01  2.679028e+01  1.817416e-14 
  326.000  3.455086e+02  2.119407e+02 -1.755106e-14  3.398532e+01  3.726215e+01  1.124502e-14 
  327.000  3.513977e+02  2.124961e+02  4.900355e-14  3.456459e+01  3.747032e+01  9.992010e-15 
  328.000  2.978518e+02  1.739865e+02 -9.486060e-14  2.929764e+01  3.069872e+01 -5.570503e-15 
  329.000  3.537356e+02  2.079261e+02 -8.354561e-16  3.479456e+01  3.686097e+01 -3.522346e-15 
  330.000  3.737895e+02  2.161479e+02 -5.824511e-14  3.676711e+01  3.842064e+01 -2.941152e-14 
  331.000  3.095011e+02  1.739296e+02  1.663400e-13  3.044351e+01  3.095115e+01  2.123579e-14 
  332.000  3.432278e+02  1.920497e+02  3.630062e-13  3.376097e+01  3.430122e+01  4.301677e-14 
  333.000  3.928849e+02  2.164460e+02  1.715094e-14  3.864540e+01  3.875798e+01 -1.240410e-14 
  334.000  3.347498e+02  1.801133e+02 -5.007610e-13  3.292705e+01  3.229990e+01 -8.369878e-14 
  335.000  3.628602e+02  1.935497e+02  4.947457e-14  3.569207e+01  3.482146e+01  1.992292e-14 
  336.000  2.759144e+02  1.449632e+02 -3.867335e-13  2.713981e+01  2.614565e+01 -5.140107e-14 
  337.000  2.678723e+02  1.377558e+02  4.630343e-14  2.634877e+01  2.488700e+01 -1.692714e-15 
  338.000  3.304385e+02  1.675364e+02 -1.168854e-13  3.250298e+01  3.034338e+01 -2.467851e-14 
  339.000  3.363065e+02  1.681501e+02 -2.817610e-13  3.308017e+01  3.053174e+01 -1.440999e-14 
  340.000  3.832727e+02  1.878332e+02 -1.475723e-13  3.769992e+01  3.416378e+01 -3.755144e-14 
  341.000  3.272773e+02  1.581514e+02  1.793023e-13  3.219203e+01  2.883304e+01  3.780224e-14 
  342.000  3.470303e+02  1.651371e+02  4.686704e-14  3.413500e+01  3.017188e+01  5.411969e-15 
  343.000  3.526562e+02  1.649877e+02 -1.987100e-13  3.468838e+01  3.020295e+01 -4.419258e-14 
  344.000  3.227780e+02  1.483160e+02  1.822683e-13  3.174946e+01  2.720161e+01  4.980327e-14 
  345.000  4.190787e+02  1.900411e+02 -2.499795e-13  4.122191e+01  3.494736e+01 -4.968604e-14 
  346.000  4.697878e+02  2.098591e+02  2.016188e-13  4.620981e+01  3.868050e+01  3.462249e-14 
  347.000  4.515923e+02  1.986084e+02 -1.843198e-13  4.442005e+01  3.668470e+01 -4.647840e-15 
  348.000  4.296591e+02  1.860190e+02 -4.884182e-13  4.226263e+01  3.442953e+01 -1.111058e-13 
  349.000  4.759294e+02  2.029104e+02 -2.086264e-14  4.681393e+01  3.763233e+01 -5.358239e-14 
  350.000  4.915289e+02  2.063143e+02  7.607017e-13  4.834834e+01  3.833852e+01  1.013308e-13 
  351.000  4.713590e+02  1.947966e+02  1.709379e-13  4.636436e+01  3.626803e+01 -4.699557e-16 
  352.000  4.879118e+02  1.984741e+02  3.304683e-13  4.799255e+01  3.702065e+01  6.201838e-14 
  353.000  4.494152e+02  1.800875e+02 -1.278736e-13  4.420590e+01  3.365570e+01 -2.583324e-14 
  354.000  5.237651e+02  2.066896e+02 -3.581303e-14  5.151920e+01  3.869782e+01 -5.109793e-15 
  355.000  5.359044e+02  2.082351e+02  1.791585e-13  5.271325e+01  3.905391e+01  6.427211e-14 
  356.000  5.115342e+02  1.957044e+02 -9.271594e-14  5.031612e+01  3.676304e+01 -1.169895e-14 
  357.000  3.301057e+02  1.243066e+02 -5.902429e-14  3.247025e+01  2.338378e+01 -1.035212e-14 
  358.000  3.620620e+02  1.342111e+02 -1.650439e-13  3.561356e+01  2.528087e+01 -2.472562e-14 
  359.000  3.676107e+02  1.341718e+02  2.136083e-13  3.615935e+01  2.530914e+01  3.886622e-14 
  360.000  5.501957e+02  1.978342e+02  1.352174e-13  5.411898e+01  3.738019e+01  3.466330e-14 
  361.000  4.398531e+02  1.560400e+02 -1.174153e-13  4.326534e+01  2.955200e+01 -1.590310e-14 
  362.000  4.864492e+02  1.703380e+02 -4.824415e-14  4.784869e+01  3.234114e+01 -3.354315e-14 
  363.000  5.216812e+02  1.802197e+02 -2.171033e-13  5.131421e+01  3.429250e+01 -3.834655e-15 
  364.000  5.250162e+02  1.788570e+02  3.692192e-13  5.164225e+01  3.409860e+01  8.110358e-14 
  365.000  4.956573e+02  1.664843e+02  4.316635e-13  4.875443e+01  3.179634e+01  1.008245e-13 
  366.000  6.858370e+02  2.271405e+02  1.365482e-12  6.746109e+01  4.345602e+01 -1.066424e-14 
  367.000  6.186215e+02  2.020043e+02  1.161736e-12  6.084957e+01  3.871138e+01  3.057116e-13 
  368.000  5.880006e+02  1.893233e+02  4.189802e-13  5.783760e+01  3.634089e+01  1.187757e-13 
  369.000  5.699965e+02  1.809753e+02  3.603971e-13  5.606665e+01  3.479488e+01  1.115748e-13 
  370.000  6.605870e+02  2.068347e+02  3.300536e-13  6.497742e+01  3.983030e+01  1.962116e-13 
  371.000  5.315655e+02  1.641451e+02 -5.804479e-13  5.228646e+01  3.165957e+01 -1.117341e-13 
  372.000  5.636875e+02  1.716790e+02 -9.947000e-14  5.544608e+01  3.316452e+01 -9.647793e-14 
  373.000  5.657886e+02  1.699692e+02  6.341459e-13  5.565276e+01  3.288503e+01  1.648115e-13 
  374.000  4.412283e+02  1.307458e+02 -9.195335e-13  4.340061e+01  2.533437e+01 -1.047496e-13 
  375.000  4.068758e+02  1.189267e+02 -1.249510e-13  4.002159e+01  2.307785e+01 -1.822515e-14 
  376.000  5.858224e+02  1.688920e+02  3.853918e-13  5.762334e+01  3.281870e+01  8.095634e-14 
  377.000  6.031753e+02  1.714921e+02 -9.953098e-14  5.933023e+01  3.336512e+01 -1.754106e-14 
  378.000  7.847958e+02  2.199993e+02 -3.654968e-13  7.719499e+01  4.284822e+01 -8.642281e-14 
  379.000  6.076083e+02  1.679702e+02  1.321907e-14  5.976628e+01  3.275116e+01  3.580422e-15 
  380.000  5.721255e+02  1.560554e+02 -1.715664e-13  5.627608e+01  3.046921e+01 -4.889132e-14 
  381.000  6.453788e+02  1.738235e+02 -5.704440e-14  6.348149e+01  3.399663e+01  3.495465e-15 
  382.000  4.844124e+02  1.288667e+02 -9.502495e-14  4.764834e+01  2.524996e+01 -2.207575e-14 
  383.000  3.390309e+02  8.906509e+01  4.308667e-14  3.334815e+01  1.748036e+01  1.355286e-14 
  384.000  3.745105e+02  9.714062e+01  1.041889e-13  3.683804e+01  1.909438e+01  3.839469e-14 
  385.000  5.654994e+02  1.448112e+02  7.563942e-13  5.562431e+01  2.850550e+01  1.344421e-13 
  386.000  4.403298e+02  1.113196e+02  6.449252e-13  4.331224e+01  2.194287e+01  7.424014e-14 
  387.000  5.068526e+02  1.265052e+02 -1.123152e-12  4.985563e+01  2.496956e+01 -1.202294e-13 
  388.000  5.032901e+02  1.240210e+02  1.328361e-12  4.950520e+01  2.451137e+01  1.577688e-13 
  389.000  5.747061e+02  1.398294e+02  9.343987e-14  5.652991e+01  2.767160e+01 -4.066708e-14 
  390.000  6.981360e+02  1.677235e+02 -8.562222e-13  6.867087e+01  3.323439e+01 -2.710284e-13 
  391.000  7.823881e+02  1.856088e+02  6.979608e-13  7.695817e+01  3.682496e+01  1.259573e-14 
  392.000  6.964404e+02  1.631583e+02  9.999271e-13  6.850407e+01  3.241140e+01  3.873372e-14 
  393.000  3.739431e+02  8.651753e+01  7.696696e-13  3.678223e+01  1.720806e+01  8.704842e-14 
  394.000  4.144079e+02  9.469395e+01  2.471441e-12  4.076247e+01  1.885744e+01  5.557112e-13 
  395.000  6.966013e+02  1.572153e+02  3.669811e-12  6.851991e+01  3.134587e+01  4.795620e-13 
  396.000  7.179341e+02  1.600436e+02  5.532559e-12  7.061827e+01  3.194811e+01  1.691069e-12 
  397.000  2.925581e+02  6.442094e+01 -1.602627e-12  2.877694e+01  1.287498e+01 -2.445480e-13 
  398.000  8.195003e+02  1.782572e+02 -2.791410e-12  8.060864e+01  3.566753e+01 -1.075280e-13 
  399.000  9.837198e+02  2.113855e+02 -8.511119e-12  9.676180e+01  4.234500e+01 -1.108034e-12 
  400.000  9.674962e+02  2.053869e+02  3.052984e-12  9.516599e+01  4.118988e+01  4.677921e-13 
  401.000  9.619108e+02  2.017474e+02  1.344254e-12  9.461658e+01  4.050563e+01  2.962937e-13 
  402.000  1.019679e+03  2.113047e+02 -2.439564e-12  1.002988e+02  4.247188e+01 -1.904435e-13 
  403.000  9.552244e+02  1.955896e+02  1.986710e-12  9.395889e+01  3.935660e+01  2.614791e-13 
  404.000  1.026678e+03  2.077256e+02 -1.013770e-12  1.009873e+02  4.184428e+01 -6.734117e-14 
  405.000  9.416635e+02  1.882717e+02  1.900895e-13  9.262501e+01  3.796629e+01  2.082360e-13 
  406.000  9.346679e+02  1.846734e+02  7.956997e-13  9.193689e+01  3.728043e+01  1.419348e-13 
  407.000  9.103965e+02  1.777695e+02 -2.162834e-12  8.954948e+01  3.592470e+01 -4.538575e-13 
  408.000  9.863448e+02  1.903513e+02  8.617027e-13  9.701999e+01  3.850755e+01  2.506362e-13 
  409.000  1.091814e+03  2.082548e+02 -7.991875e-14  1.073943e+02  4.217290e+01 -6.390372e-14 
  410.000  9.128269e+02  1.720969e+02  3.162790e-12  8.978854e+01  3.488625e+01  4.861956e-13 
  411.000  1.071922e+03  1.997582e+02 -2.712926e-12  1.054376e+02  4.053432e+01  5.797636e-14 
  412.000  1.110656e+03  2.045951e+02  1.368872e-12  1.092477e+02  4.155701e+01  2.368592e-13 
  413.000  1.049125e+03  1.910472e+02  5.014018e-13  1.031952e+02  3.884347e+01  1.283512e-13 
  414.000  1.029611e+03  1.853454e+02  3.161761e-13  1.012758e+02  3.772025e+01  7.739090e-14 
  415.000  1.098002e+03  1.954135e+02 -2.471819e-12  1.080030e+02  3.980779e+01 -3.757202e-13 
  416.000  1.091191e+03  1.920031e+02 -1.673276e-12  1.073330e+02  3.915027e+01 -4.670178e-13 
  417.000  1.057860e+03  1.840382e+02 -3.720045e-12  1.040545e+02  3.756141e+01 -4.682374e-13 
  418.000  1.034699e+03  1.779843e+02  1.410094e-12  1.017763e+02  3.635951e+01  1.857904e-13 
  419.000  1.059924e+03  1.802794e+02  5.814659e-13  1.042575e+02  3.686199e+01  5.727248e-14 
  420.000  8.970098e+02  1.508658e+02  8.914555e-13  8.823273e+01  3.087560e+01  7.249411e-14 
  421.000  1.123677e+03  1.868870e+02  2.503037e-13  1.105284e+02  3.828188e+01  3.762966e-14 
  422.000  1.076525e+03  1.770628e+02 -9.214816e-13  1.058904e+02  3.630185e+01 -1.191870e-14 
  423.000  9.090237e+02  1.478643e+02 -4.071377e-13  8.941445e+01  3.034234e+01 -1.320863e-13 
  424.000  9.996895e+02  1.608256e+02 -1.281561e-12  9.833261e+01  3.303091e+01 -3.060497e-13 
  425.000  1.035180e+03  1.647086e+02  1.091884e-12  1.018235e+02  3.385731e+01  1.321813e-13 
  426.000  9.949111e+02  1.565713e+02 -3.101035e-13  9.786261e+01  3.221176e+01  4.358125e-14 
  427.000  9.568138e+02  1.489361e+02  5.923968e-13  9.411523e+01  3.066654e+01  2.599164e-13 
  428.000  9.686691e+02  1.491450e+02 -1.722453e-12  9.528136e+01  3.073488e+01 -2.333551e-13 
  429.000  8.810912e+02  1.341933e+02  1.918482e-15  8.666692e+01  2.767629e+01 -8.323682e-14 
  430.000  7.029544e+02  1.059079e+02  4.142906e-13  6.914482e+01  2.186020e+01  1.351896e-13 
  431.000  6.318885e+02  9.417846e+01 -1.868945e-13  6.215455e+01  1.945464e+01 -5.984009e-14 
  432.000  1.137173e+03  1.676729e+02 -1.631231e-12  1.118560e+02  3.466378e+01 -2.769807e-13 
  433.000  1.012038e+03  1.476300e+02 -4.058447e-13  9.954728e+01  3.054396e+01 -2.757701e-14 
  434.000  9.616982e+02  1.387954e+02 -3.661118e-14  9.459568e+01  2.873824e+01  3.580101e-14 
  435.000  1.046086e+03  1.493750e+02 -1.805330e-13  1.028963e+02  3.095234e+01 -4.626000e-14 
  436.000  1.159712e+03  1.638511e+02 -4.711369e-14  1.140730e+02  3.397744e+01 -2.998018e-15 
  437.000  1.170662e+03  1.636566e+02 -2.226656e-13  1.151500e+02  3.396223e+01  8.333601e-14 
  438.000  1.048454e+03  1.450334e+02  7.977434e-13  1.031292e+02  3.011948e+01  1.439005e-14 
  439.000  1.014354e+03  1.388488e+02  1.576476e-12  9.977509e+01  2.885598e+01  2.729590e-13 
  440.000  1.136663e+03  1.539667e+02 -5.019249e-13  1.118057e+02  3.202043e+01 -1.524077e-13 
  441.000  1.132757e+03  1.518404e+02 -2.106510e-13  1.114216e+02  3.160016e+01 -1.046422e-13 
  442.000  1.192800e+03  1.582278e+02 -7.978277e-13  1.173276e+02  3.295183e+01 -1.740636e-13 
  443.000  1.200563e+03  1.576068e+02 -2.529972e-13  1.180912e+02  3.284430e+01 -1.120726e-14 
  444.000  1.192564e+03  1.549372e+02  9.869859e-13  1.173043e+02  3.230892e+01  1.696791e-13 
  445.000  1.254245e+03  1.612669e+02  1.942386e-13  1.233715e+02  3.364997e+01  3.201575e-14 
  446.000  1.116306e+03  1.420481e+02  2.927508e-13  1.098034e+02  2.965755e+01  4.746267e-14 
  447.000  1.272943e+03  1.603256e+02  9.232958e-13  1.252107e+02  3.349519e+01  1.556095e-13 
  448.000  1.293825e+03  1.613197e+02 -5.365675e-13  1.272647e+02  3.372720e+01 -8.564837e-14 
  449.000  1.302288e+03  1.607569e+02  6.213829e-13  1.280972e+02  3.363440e+01  1.844836e-13 
  450.000  1.330341e+03  1.625850e+02  4.727015e-13  1.308566e+02  3.404134e+01  1.640183e-13 
  451.000  1.437376e+03  1.739151e+02 -3.270028e-13  1.413848e+02  3.643856e+01 -1.015034e-13 
  452.000  1.335911e+03  1.600264e+02 -8.153120e-13  1.314044e+02  3.355066e+01 -1.239781e-13 
  453.000  1.239811e+03  1.470352e+02  1.127972e-13  1.219517e+02  3.084665e+01  5.092454e-14 
  454.000  1.321539e+03  1.551688e+02  3.189187e-13  1.299908e+02  3.257322e+01  1.162547e-14 
  455.000  1.330503e+03  1.546693e+02  4.228516e-13  1.308725e+02  3.248804e+01 -6.392923e-15 
  456.000  1.362476e+03  1.568115e+02 -4.800068e-13  1.340175e+02  3.295714e+01 -1.807536e-13 
  457.000  1.369832e+03  1.560982e+02 -1.148106e-12  1.347410e+02  3.282640e+01 -1.671837e-13 
  458.000  1.345474e+03  1.518095e+02 -1.167229e-12  1.323450e+02  3.194287e+01 -1.255692e-13 
  459.000  1.345050e+03  1.502662e+02  3.951550e-13  1.323033e+02  3.163582e+01  1.984102e-13 
  460.000  1.333084e+03  1.474671e+02  1.509727e-12  1.311264e+02  3.106374e+01  2.386358e-13 
  461.000  1.381150e+03  1.512884e+02 -6.404858e-13  1.358542e+02  3.188618e+01 -8.387513e-14 
  462.000  1.358399e+03  1.473423e+02  2.040847e-13  1.336164e+02  3.107110e+01  1.602896e-14 
  463.000  1.358485e+03  1.459154e+02 -8.089375e-13  1.336248e+02  3.078638e+01 -1.011510e-13 
  464.000  1.362636e+03  1.449521e+02  4.661377e-13  1.340332e+02  3.060019e+01  1.317527e-13 
  465.000  1.342421e+03  1.414290e+02 -3.347822e-13  1.320448e+02  2.987268e+01 -1.039461e-13 
  466.000  1.384613e+03  1.444736e+02  1.920029e-13  1.361949e+02  3.053187e+01  6.983952e-14 
  467.000  1.335426e+03  1.380038e+02 -3.023680e-14  1.313568e+02  2.917937e+01  5.205333e-15 
  468.000  1.413365e+03  1.446469e+02 -1.764435e-13  1.390231e+02  3.059785e+01 -7.082589e-14 
  469.000  1.400609e+03  1.419473e+02  9.641082e-13  1.377683e+02  3.003868e+01  1.417857e-13 
  470.000  1.380985e+03  1.385899e+02  2.192163e-14  1.358380e+02  2.933815e+01  1.496935e-14 
  471.000  1.378191e+03  1.369479e+02 -7.121394e-14  1.355632e+02  2.899856e+01 -2.316537e-14 
  472.000  1.394742e+03  1.372209e+02 -1.923689e-14  1.371912e+02  2.906283e+01 -2.139655e-14 
  473.000  1.379289e+03  1.343462e+02  4.974108e-14  1.356713e+02  2.845830e+01  2.359606e-14 
  474.000  1.390134e+03  1.340427e+02 -3.481363e-14  1.367380e+02  2.839661e+01  2.242528e-14 
  475.000  1.446198e+03  1.380049e+02 -3.245741e-14  1.422526e+02  2.923232e+01 -8.398243e-15 
  476.000  1.401764e+03  1.323382e+02 -1.784804e-14  1.378820e+02  2.802234e+01  3.166755e-15 
  477.000  1.388759e+03  1.297547e+02  3.957696e-14  1.366028e+02  2.747080e+01 -2.241182e-15 
  478.000  1.456466e+03  1.348674e+02  5.525826e-14  1.432626e+02  2.857342e+01  1.760228e-14 
  479.000  1.389029e+03  1.275725e+02 -9.629363e-14  1.366293e+02  2.705913e+01 -2.344836e-14 
  480.000  1.414926e+03  1.289158e+02  3.092589e-14  1.391766e+02  2.737847e+01  5.446055e-15 
  481.000  1.405002e+03  1.269618e+02  6.787009e-14  1.382004e+02  2.699285e+01 -2.697968e-15 
  482.000  1.433244e+03  1.284235e+02  7.016801e-14  1.409784e+02  2.732890e+01  1.579258e-14 
  483.000  1.433740e+03  1.273593e+02  7.383688e-14  1.410271e+02  2.712341e+01 -1.028478e-14 
  484.000  1.377777e+03  1.213083e+02  4.775655e-13  1.355225e+02  2.585108e+01  1.396925e-13 
  485.000  1.387195e+03  1.210461e+02 -7.358615e-13  1.364489e+02  2.580921e+01 -9.878398e-14 
  486.000  1.124196e+03  9.721841e+01  2.205414e-13  1.105795e+02  2.073916e+01  1.284758e-14 
  487.000  1.262995e+03  1.082431e+02  5.480915e-14  1.242321e+02  2.310207e+01  3.923257e-14 
  488.000  1.370781e+03  1.164275e+02 -6.741727e-13  1.348344e+02  2.486009e+01 -7.310592e-14 
  489.000  1.273751e+03  1.072173e+02  7.012455e-13  1.252902e+02  2.290357e+01  1.529787e-13 
  490.000  1.449532e+03  1.209232e+02 -4.812657e-13  1.425806e+02  2.584258e+01 -1.212337e-13 
  491.000  1.355918e+03  1.120992e+02 -2.445122e-13  1.333724e+02  2.396642e+01 -8.506737e-14 
  492.000  1.302551e+03  1.067212e+02  2.743353e-14  1.281230e+02  2.282541e+01 -6.420310e-14 
  493.000  1.402376e+03  1.138730e+02 -4.610123e-13  1.379421e+02  2.436436e+01 -7.655682e-14 
  494.000  1.354323e+03  1.089889e+02  6.867638e-14  1.332155e+02  2.332797e+01 -2.298910e-14 
  495.000  1.447287e+03  1.154339e+02 -5.083425e-16  1.423598e+02  2.471664e+01 -2.068038e-14 
  496.000  1.409107e+03  1.113831e+02 -2.506604e-13  1.386042e+02  2.385724e+01 -2.852970e-14 
  497.000  1.366475e+03  1.070504e+02  2.170118e-13  1.344108e+02  2.293693e+01  7.996194e-14 
  498.000  1.333773e+03  1.035598e+02 -1.642842e-13  1.311941e+02  2.219644e+01 -2.300700e-14 
  499.000  1.330150e+03  1.023614e+02  1.096737e-15  1.308377e+02  2.194664e+01 -8.131571e-15 
  500.000  1.323894e+03  1.009780e+02 -3.323094e-13  1.302224e+02  2.165692e+01 -8.546468e-14 
  501.000  1.293836e+03  9.781223e+01 -8.832939e-13  1.272658e+02  2.098434e+01 -1.327413e-13 
  502.000  1.284980e+03  9.628636e+01  2.026122e-13  1.263947e+02  2.066330e+01  2.132734e-14 
  503.000  1.361182e+03  1.010999e+02  2.632996e-14  1.338901e+02  2.170290e+01  1.107911e-14 
  504.000  1.266076e+03  9.321087e+01  1.236094e-13  1.245352e+02  2.001530e+01  0.000000e+00 
  505.000  1.365193e+03  9.962743e+01  1.394493e-13  1.342847e+02  2.139924e+01  6.534732e-14 
  506.000  1.461009e+03  1.057013e+02  3.377111e-13  1.437095e+02  2.271168e+01  3.173523e-14 
  507.000  1.358909e+03  9.747080e+01  7.721134e-13  1.336666e+02  2.095046e+01  7.573227e-14 
  508.000  1.302772e+03  9.264501e+01  6.366695e-13  1.281448e+02  1.992011e+01  1.032058e-13 
  509.000  1.404360e+03  9.901701e+01  1.879060e-13  1.381373e+02  2.129747e+01  5.163187e-14 
  510.000  1.360294e+03  9.509249e+01 -1.295735e-13  1.338028e+02  2.046013e+01 -2.392237e-14 
  511.000  1.360232e+03  9.427795e+01  2.691759e-13  1.337968e+02  2.029134e+01  6.091328e-14 
  512.000  1.427150e+03  9.807504e+01 -9.108052e-13  1.403789e+02  2.111522e+01 -1.370226e-13 
  513.000  1.305716e+03  8.896935e+01  4.864108e-13  1.284344e+02  1.916080e+01  5.857480e-14 
  514.000  1.277876e+03  8.633594e+01  1.037052e-14  1.256959e+02  1.859941e+01  4.776449e-14 
  515.000  1.304131e+03  8.736652e+01  2.549793e-13  1.282784e+02  1.882720e+01  5.294936e-14 
  516.000  1.369389e+03  9.096232e+01  1.712766e-13  1.346974e+02  1.960760e+01  5.174919e-14 
  517.000  1.008369e+03  6.641332e+01 -5.218627e-14  9.918640e+01  1.431953e+01 -2.263717e-14 
  518.000  1.247970e+03  8.149826e+01 -1.322844e-13  1.227542e+02  1.757642e+01 -1.023685e-14 
  519.000  1.181911e+03  7.653272e+01 -3.875532e-15  1.162565e+02  1.650959e+01  6.034488e-15 
  520.000  1.300785e+03  8.352114e+01  4.372301e-13  1.279493e+02  1.802156e+01  9.154090e-14 
  521.000  1.301048e+03  8.283485e+01  7.306375e-14  1.279752e+02  1.787761e+01  1.267377e-14 
  522.000  1.352209e+03  8.536614e+01 -1.003583e-13  1.330076e+02  1.842770e+01 -3.093805e-14 
  523.000  1.259256e+03  7.882484e+01  1.283543e-13  1.238644e+02  1.701852e+01  1.323595e-14 
  524.000  1.365795e+03  8.477268e+01  2.147605e-13  1.343439e+02  1.830584e+01  4.453920e-14 
  525.000  1.354448e+03  8.335869e+01 -4.356672e-13  1.332278e+02  1.800324e+01 -6.970113e-14 
  526.000  1.290364e+03  7.875037e+01  3.279046e-13  1.269243e+02  1.701113e+01  5.702231e-14 
  527.000  1.126839e+03  6.819314e+01 -6.234383e-15  1.108394e+02  1.473289e+01 -8.531622e-15 
  528.000  1.352908e+03  8.118755e+01 -3.285428e-14  1.330764e+02  1.754282e+01 -2.090640e-15 
  529.000  1.390880e+03  8.276814e+01  6.477851e-14  1.368114e+02  1.788692e+01  3.202762e-14 
  530.000  1.313841e+03  7.753231e+01 -3.241653e-13  1.292335e+02  1.675792e+01 -4.162737e-14 
  531.000  1.429653e+03  8.366624e+01 -1.727883e-14  1.406252e+02  1.808648e+01  3.756585e-15 
  532.000  1.363425e+03  7.913341e+01 -3.341126e-13  1.341108e+02  1.710968e+01 -4.636219e-14 
  533.000  1.197103e+03  6.891694e+01  4.553840e-13  1.177508e+02  1.490434e+01  6.436141e-14 
  534.000  1.301239e+03  7.431518e+01  6.789844e-13  1.279940e+02  1.607684e+01  9.704368e-14 
  535.000  1.327059e+03  7.519296e+01  1.644724e-13  1.305337e+02  1.627258e+01  2.948686e-14 
  536.000  1.407545e+03  7.912576e+01  2.610607e-13  1.384506e+02  1.712964e+01  2.951892e-14 
  537.000  1.305340e+03  7.280083e+01  3.245686e-13  1.283974e+02  1.576537e+01  3.922889e-14 
  538.000  1.365913e+03  7.557523e+01  2.376644e-14  1.343555e+02  1.637081e+01  1.009926e-14 
  539.000  1.360928e+03  7.470195e+01  1.723940e-13  1.338652e+02  1.618591e+01  4.316407e-14 
  540.000  1.331405e+03  7.250127e+01 -5.451652e-14  1.309612e+02  1.571296e+01  1.249881e-14 
  541.000  1.220485e+03  6.593434e+01 -1.043443e-13  1.200508e+02  1.429317e+01 -1.877484e-14 
  542.000  1.361038e+03  7.294502e+01 -3.731378e-14  1.338760e+02  1.581658e+01  1.339422e-14 
  543.000  1.301508e+03  6.920267e+01  2.012826e-13  1.280204e+02  1.500847e+01 -4.001057e-15 
  544.000  1.372397e+03  7.239407e+01  7.188252e-14  1.349933e+02  1.570383e+01  6.326671e-15 
  545.000  1.351619e+03  7.073364e+01  8.538212e-15  1.329495e+02  1.534664e+01  1.059039e-14 
  546.000  1.321242e+03  6.859754e+01  1.593433e-13  1.299615e+02  1.488601e+01  2.618049e-14 
  547.000  1.377043e+03  7.093168e+01  3.600736e-15  1.354503e+02  1.539551e+01  6.555864e-15 
  548.000  1.277385e+03  6.528100e+01 -1.101238e-13  1.256477e+02  1.417172e+01 -2.432118e-14 
  549.000  1.344049e+03  6.814914e+01  3.334550e-13  1.322049e+02  1.479713e+01  1.733234e-14 
  550.000  1.314410e+03  6.612346e+01 -3.815289e-13  1.292896e+02  1.435980e+01 -4.499551e-14 
  551.000  1.306260e+03  6.519691e+01 -1.740474e-13  1.284879e+02  1.416074e+01 -2.225899e-14 
  552.000  1.362659e+03  6.747897e+01 -1.204119e-13  1.340355e+02  1.465868e+01 -2.133820e-14 
  553.000  1.309374e+03  6.433233e+01  7.209822e-14  1.287942e+02  1.397712e+01  2.110817e-14 
  554.000  1.352267e+03  6.592009e+01  4.797798e-14  1.330133e+02  1.432406e+01 -5.190772e-15 
  555.000  1.356197e+03  6.559560e+01 -2.289890e-14  1.333999e+02  1.425546e+01  1.811782e-14 
  556.000  1.318947e+03  6.329637e+01 -9.313177e-14  1.297358e+02  1.375753e+01 -8.507328e-15 
  557.000  1.279939e+03  6.094454e+01  1.134222e-13  1.258989e+02  1.324776e+01  5.111685e-15 
  558.000  1.328701e+03  6.277266e+01 -9.436145e-14  1.306952e+02  1.364650e+01 -6.532337e-15 
  559.000  1.256049e+03  5.887751e+01  5.589757e-14  1.235490e+02  1.280084e+01  1.524838e-14 
  560.000  1.261706e+03  5.868018e+01 -3.376976e-14  1.241054e+02  1.275873e+01  0.000000e+00 
  561.000  1.386822e+03  6.399367e+01  6.762796e-14  1.364122e+02  1.391456e+01  6.823674e-15 
  562.000  1.273212e+03  5.828132e+01  5.609117e-14  1.252371e+02  1.267145e+01  8.814102e-15 
  563.000  1.332221e+03  6.050214e+01 -1.089487e-13  1.310415e+02  1.315411e+01 -2.870327e-14 
  564.000  1.313643e+03  5.918494e+01 -5.320248e-14  1.292140e+02  1.286688e+01 -1.395580e-14 
  565.000  1.329438e+03  5.941259e+01  1.545371e-14  1.307677e+02  1.291413e+01  1.085559e-14 
  566.000  1.225800e+03  5.434459e+01  2.127261e-14  1.205735e+02  1.181124e+01  4.912999e-15 
  567.000  1.315216e+03  5.781059e+01  2.070858e-13  1.293688e+02  1.255815e+01  3.694330e-14 
  568.000  1.312740e+03  5.711084e+01 -2.582513e-14  1.291253e+02  1.238553e+01 -5.283422e-15 
  569.000  1.288155e+03  5.533641e+01  2.870198e-14  1.267070e+02  1.196141e+01  7.464212e-15 
  570.000  1.294533e+03  5.520435e+01  5.833249e-15  1.273344e+02  1.193629e+01 -3.069707e-15 
  571.000  1.247349e+03  5.294187e+01 -1.363617e-14  1.226932e+02  1.147043e+01 -6.192245e-15 
  572.000  1.319398e+03  5.535615e+01 -2.183362e-14  1.297801e+02  1.196250e+01 -8.221769e-15 
  573.000  1.332883e+03  5.552784e+01  9.610361e-14  1.311066e+02  1.200472e+01  1.577471e-14 
  574.000  1.325484e+03  5.479945e+01 -2.083283e-14  1.303788e+02  1.184757e+01 -7.844906e-15 
  575.000  1.293233e+03  5.303490e+01 -1.070320e-15  1.272065e+02  1.146264e+01 -4.030446e-16 
  576.000  1.270063e+03  5.168226e+01  1.702042e-14  1.249275e+02  1.116926e+01  3.165832e-15 
  577.000  1.322920e+03  5.348289e+01 -7.728615e-14  1.301266e+02  1.156679e+01 -1.111238e-14 
  578.000  1.284351e+03  5.161470e+01  4.170955e-14  1.263328e+02  1.117487e+01  9.170468e-15 
  579.000  1.275048e+03  5.093702e+01  6.976203e-14  1.254178e+02  1.104000e+01  1.224306e-14 
  580.000  1.320054e+03  5.243329e+01 -1.089181e-13  1.298447e+02  1.137784e+01 -1.427389e-14 
  581.000  1.297269e+03  5.127160e+01  3.399977e-14  1.276035e+02  1.114436e+01  7.988822e-16 
  582.000  1.317727e+03  5.177780e+01  1.062311e-13  1.296158e+02  1.126686e+01  1.457047e-14 
  583.000  1.327915e+03  5.184149e+01 -4.749460e-14  1.306179e+02  1.128821e+01 -1.343551e-14 
  584.000  1.324622e+03  5.137342e+01  2.553362e-14  1.302940e+02  1.119281e+01 -8.109589e-15 
  585.000  1.316727e+03  5.071899e+01 -7.496196e-14  1.295174e+02  1.105467e+01 -2.052966e-14 
  586.000  1.260891e+03  4.823455e+01  4.047666e-14  1.240252e+02  1.051693e+01  5.775198e-15 
  587.000  1.311543e+03  4.973629e+01  8.320103e-14  1.290075e+02  1.083492e+01  1.162218e-14 
  588.000  1.301524e+03  4.870076e+01 -7.477633e-14  1.280220e+02  1.056694e+01 -1.140786e-14 
  589.000  1.157736e+03  4.264753e+01  1.302007e-15  1.138786e+02  9.201945e+00  2.644872e-15 
  590.000  1.209527e+03  4.421795e+01 -6.180437e-14  1.189729e+02  9.539344e+00 -1.173871e-14 
  591.000  1.283114e+03  4.683424e+01 -2.545744e-14  1.262112e+02  1.014349e+01  2.240802e-15 
  592.000  1.260380e+03  4.553890e+01  1.222844e-14  1.239749e+02  9.844122e+00  4.856238e-15 
  593.000  1.271058e+03  4.590545e+01  5.782615e-16  1.250253e+02  9.969818e+00  9.979230e-16 
  594.000  1.283842e+03  4.596460e+01 -1.358754e-14  1.262828e+02  9.973253e+00 -1.263910e-15 
  595.000  1.261796e+03  4.464500e+01 -4.138476e-14  1.241142e+02  9.657462e+00 -5.681878e-15 
  596.000  1.290236e+03  4.563188e+01 -2.103129e-14  1.269117e+02  9.916910e+00 -8.072819e-15 
  597.000  1.294993e+03  4.540283e+01 -4.987036e-14  1.273796e+02  9.857707e+00 -4.126149e-15 
  598.000  1.267367e+03  4.424944e+01  2.846267e-14  1.246622e+02  9.627413e+00  2.108946e-15 
  599.000  1.267312e+03  4.398923e+01  1.007485e-13  1.246568e+02  9.579848e+00  1.845275e-14 
  600.000  1.266404e+03  4.376297e+01 -1.019731e-13  1.245675e+02  9.548531e+00 -1.622952e-14 
  601.000  1.258663e+03  4.328326e+01 -2.508774e-15  1.238061e+02  9.458647e+00  1.150174e-15 
  602.000  1.244735e+03  4.253295e+01 -1.820917e-13  1.224361e+02  9.299990e+00 -3.335788e-14 
  603.000  1.252318e+03  4.252499e+01 -1.401707e-13  1.231820e+02  9.303951e+00 -1.219103e-14 
  604.000  1.292258e+03  4.360601e+01  3.396886e-14  1.271106e+02  9.545953e+00  3.140124e-15 
  605.000  1.289385e+03  4.322187e+01 -4.034443e-14  1.268280e+02  9.465123e+00  9.388297e-15 
  606.000  1.274887e+03  4.244484e+01  6.038508e-16  1.254019e+02  9.296775e+00 -9.273967e-15 
  607.000  1.268184e+03  4.193373e+01 -3.390806e-14  1.247426e+02  9.186468e+00  1.920161e-15 
  608.000  1.264032e+03  4.151152e+01 -4.602618e-14  1.243342e+02  9.095526e+00 -6.883704e-15 
  609.000  1.251546e+03  4.082061e+01 -9.660636e-14  1.231060e+02  8.945487e+00 -2.269930e-15 
  610.000  1.231980e+03  3.990849e+01 -3.641662e-14  1.211815e+02  8.746915e+00 -5.581070e-15 
  611.000  1.252467e+03  4.029573e+01  7.490140e-15  1.231966e+02  8.833048e+00  7.557566e-16 
  612.000  1.236644e+03  3.951555e+01 -5.647274e-14  1.216402e+02  8.663175e+00 -1.006392e-14 
  613.000  1.219050e+03  3.868757e+01  4.834018e-14  1.199097e+02  8.482641e+00  9.177138e-15 
  614.000  1.175488e+03  3.705022e+01 -1.720575e-13  1.156247e+02  8.124465e+00 -2.227942e-14 
  615.000  1.232255e+03  3.857470e+01 -4.969572e-15  1.212085e+02  8.459621e+00  9.259493e-15 
  616.000  1.172071e+03  3.644008e+01 -1.370490e-13  1.152886e+02  7.992165e+00 -1.795093e-14 
  617.000  1.179117e+03  3.640779e+01  5.355420e-14  1.159816e+02  7.985549e+00  2.016662e-14 
  618.000  1.235136e+03  3.787454e+01  7.597433e-14  1.214919e+02  8.307456e+00  1.444374e-14 
  619.000  1.224187e+03  3.727794e+01 -6.603684e-14  1.204149e+02  8.176435e+00 -1.283993e-14 
  620.000  1.242635e+03  3.757598e+01 -1.297027e-13  1.222296e+02  8.241454e+00 -1.935355e-14 
  621.000  1.264355e+03  3.796437e+01 -1.392870e-13  1.243659e+02  8.325930e+00 -2.763161e-14 
  622.000  1.197944e+03  3.571598e+01 -3.406769e-14  1.178336e+02  7.831841e+00 -1.075492e-15 
  623.000  1.207563e+03  3.574482e+01 -3.133517e-14  1.187797e+02  7.836606e+00 -6.864448e-15 
  624.000  1.209126e+03  3.553577e+01 -3.776404e-14  1.189334e+02  7.789312e+00 -4.339903e-15 
  625.000  1.176588e+03  3.433207e+01 -5.490843e-14  1.157330e+02  7.523870e+00  5.277745e-15 
  626.000  1.182930e+03  3.425917e+01  6.828508e-15  1.163568e+02  7.504625e+00  3.537964e-15 
  627.000  1.203749e+03  3.450528e+01 -6.067576e-14  1.184045e+02  7.541184e+00 -9.031149e-15 
  628.000  1.182829e+03  3.307273e+01 -1.830089e-14  1.163468e+02  7.142634e+00 -4.768387e-15 
  629.000  1.216979e+03  3.414207e+01 -2.837565e-14  1.197059e+02  7.423149e+00 -1.032433e-15 
  630.000  1.176052e+03  3.283181e+01 -1.030957e-14  1.156802e+02  7.147390e+00 -3.997043e-15 
  631.000  1.220320e+03  3.394371e+01 -1.182431e-14  1.200345e+02  7.404652e+00  2.570720e-15 
  632.000  1.138858e+03  3.147180e+01  5.950899e-14  1.120217e+02  6.866082e+00  1.061334e-14 
  633.000  1.222433e+03  3.369120e+01  4.102752e-14  1.202424e+02  7.370276e+00  5.475896e-15 
  634.000  1.186521e+03  3.254965e+01 -1.475068e-14  1.167100e+02  7.130313e+00 -4.589966e-15 
  635.000  1.209141e+03  3.297445e+01  4.640080e-14  1.189350e+02  7.227130e+00  1.256778e-14 
  636.000  1.167108e+03  3.165528e+01  8.510214e-15  1.148004e+02  6.943777e+00  4.149326e-15 
  637.000  1.206392e+03  3.253453e+01 -3.068219e-14  1.186646e+02  7.141281e+00 -5.706949e-15 
  638.000  1.225361e+03  3.288910e+01  1.118499e-14  1.205304e+02  7.228294e+00 -7.224321e-16 
  639.000  1.216021e+03  3.244119e+01  6.036596e-14  1.196116e+02  7.132697e+00  1.002079e-14 
  640.000  1.178261e+03  3.126237e+01 -1.508387e-13  1.158975e+02  6.878896e+00 -2.560488e-14 
  641.000  1.195944e+03  3.153510e+01 -3.432570e-14  1.176369e+02  6.940861e+00 -5.260623e-15 
  642.000  1.182006e+03  3.098998e+01  1.174566e-13  1.162658e+02  6.825025e+00  8.304934e-15 
  643.000  1.203676e+03  3.132991e+01 -1.415210e-14  1.183974e+02  6.896958e+00  1.409430e-15 
  644.000  1.190399e+03  3.078971e+01  5.723139e-14  1.170914e+02  6.779407e+00  3.481130e-15 
  645.000  1.201752e+03  3.084200e+01  2.601069e-14  1.182082e+02  6.785493e+00  2.109685e-15 
  646.000  1.158380e+03  2.938348e+01  7.408786e-14  1.139419e+02  6.442589e+00  1.244823e-14 
  647.000  1.176031e+03  2.953814e+01  2.447350e-14  1.156781e+02  6.462136e+00  1.120139e-15 
  648.000  1.175805e+03  2.923835e+01  8.000152e-14  1.156559e+02  6.381670e+00  1.014016e-14 
  649.000  1.198348e+03  2.970201e+01 -1.892950e-14  1.178733e+02  6.497264e+00  2.336981e-15 
  650.000  1.108552e+03  2.748279e+01  3.113205e-15  1.090407e+02  6.039167e+00 -1.199543e-15 
  651.000  1.194548e+03  2.942567e+01 -8.617600e-14  1.174995e+02  6.466613e+00 -1.001282e-14 
  652.000  1.174080e+03  2.856936e+01  1.837779e-14  1.154863e+02  6.254323e+00  7.229253e-15 
  653.000  1.195633e+03  2.910582e+01  4.844965e-14  1.176063e+02  6.401339e+00  1.213428e-14 
  654.000  1.180676e+03  2.853672e+01 -1.155939e-13  1.161350e+02  6.273371e+00 -2.085855e-14 
  655.000  1.150822e+03  2.756936e+01  2.448729e-14  1.131985e+02  6.050985e+00  4.553458e-15 
  656.000  9.771210e+02  2.328040e+01 -1.258391e-14  9.611271e+01  5.113030e+00 -5.792872e-16 
  657.000  1.042765e+03  2.472070e+01  5.085558e-14  1.025696e+02  5.434671e+00  1.121268e-14 
  658.000  1.160941e+03  2.740754e+01  1.074193e-13  1.141939e+02  6.034458e+00  1.009930e-14 
  659.000  1.163575e+03  2.733917e+01 -2.049803e-14  1.144530e+02  6.026087e+00 -4.039828e-15 
  660.000  1.172881e+03  2.740339e+01  4.740790e-15  1.153683e+02  6.043452e+00  2.711057e-15 
  661.000  1.177774e+03  2.739976e+01  3.540314e-15  1.158496e+02  6.051122e+00 -2.375666e-15 
  662.000  1.194778e+03  2.764558e+01 -3.121572e-14  1.175222e+02  6.109420e+00 -8.937353e-15 
  663.000  1.181986e+03  2.717410e+01 -6.406960e-14  1.162639e+02  6.005018e+00 -1.019699e-14 
  664.000  1.163413e+03  2.658829e+01 -8.179824e-14  1.144370e+02  5.877182e+00 -6.684700e-16 
  665.000  1.168786e+03  2.655217e+01 -6.518999e-14  1.149655e+02  5.870732e+00 -8.051143e-15 
  666.000  1.183109e+03  2.672079e+01  1.729254e-14  1.163744e+02  5.909968e+00  3.731444e-15 
  667.000  1.159884e+03  2.604086e+01  1.526548e-13  1.140899e+02  5.761069e+00  2.026741e-14 
  668.000  1.166693e+03  2.604062e+01  1.524608e-14  1.147596e+02  5.762787e+00  3.004755e-15 
  669.000  1.183761e+03  2.626254e+01 -1.598437e-13  1.164385e+02  5.812965e+00 -3.892337e-14 
  670.000  1.169924e+03  2.579823e+01  1.104138e-13  1.150775e+02  5.711044e+00  3.609883e-14 
  671.000  1.157848e+03  2.537803e+01 -8.506326e-14  1.138896e+02  5.618940e+00 -1.487408e-14 
  672.000  1.154415e+03  2.514935e+01  3.380868e-14  1.135519e+02  5.569048e+00  8.232716e-15 
  673.000  1.163023e+03  2.518337e+01 -8.941939e-14  1.143987e+02  5.577297e+00 -1.193470e-14 
  674.000  1.165618e+03  2.508683e+01  3.319984e-13  1.146539e+02  5.556616e+00  3.884586e-14 
  675.000  1.148140e+03  2.456143e+01  1.693825e-13  1.129347e+02  5.440932e+00  4.771255e-14 
  676.000  1.170139e+03  2.488077e+01  4.324553e-14  1.150985e+02  5.512325e+00  1.264751e-14 
  677.000  1.147170e+03  2.424509e+01 -3.348564e-13  1.128393e+02  5.372101e+00 -4.858735e-14 
  678.000  1.166451e+03  2.450401e+01 -1.673598e-13  1.147358e+02  5.430095e+00 -9.609457e-15 
  679.000  1.150281e+03  2.401744e+01  1.037150e-13  1.131453e+02  5.322658e+00  3.102526e-14 
  680.000  1.141820e+03  2.368965e+01  3.470136e-14  1.123130e+02  5.249454e+00  4.213116e-15 
  681.000  1.143480e+03  2.357157e+01 -9.460485e-14  1.124763e+02  5.222378e+00 -2.498631e-14 
  682.000  1.141325e+03  2.338264e+01 -6.293499e-16  1.122644e+02  5.180572e+00  6.474712e-16 
  683.000  1.149308e+03  2.339897e+01 -1.855128e-15  1.130495e+02  5.183826e+00 -7.821358e-15 
  684.000  1.129096e+03  2.283574e+01  1.200916e-14  1.110614e+02  5.057488e+00 -1.600860e-15 
  685.000  1.141953e+03  2.296599e+01  4.152394e-16  1.123261e+02  5.088044e+00  1.164631e-14 
  686.000  1.091615e+03  2.175943e+01  2.565493e-14  1.073747e+02  4.812156e+00  3.724700e-15 
  687.000  9.877620e+02  1.860942e+01  7.064894e-15  9.715939e+01  3.979170e+00 -1.290037e-16 
  688.000  1.021609e+03  1.931714e+01  6.165729e-15  1.004886e+02  4.158237e+00  4.957553e-15 
  689.000  1.015147e+03  1.902022e+01 -2.526644e-16  9.985310e+01  4.085762e+00 -5.072773e-16 
  690.000  1.037262e+03  1.943039e+01  6.731403e-15  1.020284e+02  4.190641e+00 -3.256126e-16 
  691.000  1.064603e+03  2.001783e+01  2.072760e-14  1.047177e+02  4.346120e+00  3.700815e-15 
  692.000  1.072537e+03  2.020175e+01  3.933050e-14  1.054981e+02  4.408772e+00  1.955876e-15 
  693.000  1.077596e+03  2.014500e+01  5.020027e-15  1.059958e+02  4.391416e+00  1.915092e-15 
  694.000  1.084080e+03  2.007964e+01  2.545490e-14  1.066336e+02  4.367226e+00  4.858589e-15 
  695.000  1.072334e+03  1.983426e+01  9.088612e-15  1.054782e+02  4.327419e+00 -1.745651e-15 
  696.000  1.088949e+03  2.007744e+01 -2.371555e-14  1.071124e+02  4.388893e+00 -2.251380e-15 
  697.000  1.106243e+03  2.053993e+01  2.022126e-14  1.088136e+02  4.529596e+00  2.241318e-15 
  698.000  1.082854e+03  1.992732e+01  2.006956e-14  1.065130e+02  4.385965e+00  1.600861e-15 
  699.000  1.089636e+03  1.970997e+01 -2.787952e-15  1.071800e+02  4.305372e+00 -1.019827e-15 
  700.000  1.079322e+03  1.943994e+01  5.684471e-15  1.061655e+02  4.251313e+00  5.065169e-15 
  701.000  1.052323e+03  1.879779e+01  4.691685e-15  1.035099e+02  4.104512e+00 -9.756231e-16 
  702.000  1.049518e+03  1.866710e+01  3.781285e-15  1.032339e+02  4.080590e+00 -2.243449e-16 
  703.000  1.075479e+03  1.919300e+01  1.304275e-14  1.057875e+02  4.222049e+00  4.220598e-15 
  704.000  1.079233e+03  1.915354e+01  8.662359e-15  1.061567e+02  4.214530e+00  2.552660e-15 
  705.000  1.083062e+03  1.903065e+01 -4.220791e-15  1.065334e+02  4.176113e+00 -4.956234e-16 
  706.000  1.072606e+03  1.874982e+01 -2.072081e-13  1.055049e+02  4.116617e+00 -2.192132e-14 
  707.000  1.058177e+03  1.841455e+01 -1.723461e-15  1.040857e+02  4.046889e+00 -2.783960e-15 
  708.000  1.090811e+03  1.890018e+01 -3.905539e-14  1.072956e+02  4.158010e+00 -5.764010e-15 
  709.000  1.055614e+03  1.824328e+01  7.396179e-15  1.038335e+02  4.022471e+00  8.858631e-16 
  710.000  1.076396e+03  1.842764e+01 -5.210842e-15  1.058777e+02  4.053453e+00 -2.452538e-15 
  711.000  1.069446e+03  1.826688e+01  3.170374e-14  1.051941e+02  4.027818e+00 -1.967036e-15 
  712.000  1.057861e+03  1.802097e+01 -3.523580e-14  1.040545e+02  3.982143e+00 -6.471682e-15 
  713.000  1.050943e+03  1.775200e+01  2.769337e-14  1.033741e+02  3.915869e+00  3.624442e-15 
  714.000  1.068017e+03  1.791968e+01 -8.214923e-14  1.050535e+02  3.950581e+00 -7.756535e-15 
  715.000  1.026607e+03  1.705655e+01  2.872850e-14  1.009803e+02  3.750258e+00  1.032261e-15 
  716.000  1.049039e+03  1.726073e+01 -1.372713e-14  1.031868e+02  3.785203e+00 -1.312584e-15 
  717.000  9.898538e+02  1.588064e+01  1.202069e-14  9.736515e+01  3.436452e+00  2.172054e-15 
  718.000  9.641373e+02  1.524396e+01  3.871924e-15  9.483560e+01  3.278558e+00 -1.925603e-16 
  719.000  9.457191e+02  1.482459e+01 -1.108523e-15  9.302393e+01  3.182084e+00  3.985632e-16 
  720.000  9.411309e+02  1.461336e+01  8.068633e-15  9.257261e+01  3.128601e+00  2.216045e-15 
  721.000  9.888428e+02  1.557547e+01 -5.830932e-15  9.726570e+01  3.381656e+00 -1.246493e-15 
  722.000  1.020061e+03  1.613867e+01 -1.945557e-14  1.003364e+02  3.528583e+00 -1.935131e-15 
  723.000  1.008190e+03  1.576403e+01 -1.214303e-14  9.916877e+01  3.432518e+00 -1.824926e-15 
  724.000  9.861985e+02  1.512510e+01  1.418010e-14  9.700561e+01  3.262646e+00  3.167929e-16 
  725.000  9.796514e+02  1.496433e+01 -5.174626e-16  9.636160e+01  3.231838e+00  7.612636e-16 
  726.000  9.765766e+02  1.482466e+01 -2.132348e-14  9.605916e+01  3.200584e+00 -3.782478e-15 
  727.000  9.950574e+02  1.504542e+01  8.628559e-15  9.787700e+01  3.252243e+00  1.996517e-15 
  728.000  9.736782e+02  1.461210e+01 -8.855178e-15  9.577406e+01  3.154675e+00  3.596767e-16 
  729.000  9.452496e+02  1.417275e+01  1.446422e-14  9.297775e+01  3.070080e+00  1.113791e-15 
  730.000  9.782953e+02  1.457349e+01  1.946905e-15  9.622823e+01  3.155206e+00  3.355524e-17 
  731.000  9.599153e+02  1.420549e+01  1.703912e-14  9.442030e+01  3.073600e+00  1.856489e-15 
  732.000  9.957762e+02  1.478507e+01 -3.743429e-15  9.794771e+01  3.218951e+00 -1.706101e-15 
  733.000  9.969546e+02  1.487686e+01  1.727899e-14  9.806360e+01  3.262679e+00  4.769947e-15 
  734.000  1.025360e+03  1.530554e+01 -2.894519e-14  1.008577e+02  3.370320e+00 -2.845706e-15 
  735.000  1.014472e+03  1.502457e+01 -1.326671e-14  9.978667e+01  3.303574e+00  1.644986e-15 
  736.000  9.907076e+02  1.453403e+01 -2.236146e-14  9.744913e+01  3.187429e+00 -5.632891e-15 
  737.000  1.007563e+03  1.474048e+01  9.180197e-15  9.910711e+01  3.239028e+00  2.887835e-15 
  738.000  1.009985e+03  1.475452e+01  5.904028e-14  9.934531e+01  3.251298e+00  6.154367e-15 
  739.000  9.794361e+02  1.425486e+01 -5.677868e-14  9.634044e+01  3.145195e+00 -8.257429e-15 
  740.000  9.934011e+02  1.444025e+01  2.100015e-14  9.771409e+01  3.195475e+00  2.220688e-15 
  741.000  9.881826e+02  1.432197e+01  2.912665e-15  9.720075e+01  3.174920e+00 -3.788571e-15 
  742.000  9.730322e+02  1.403950e+01 -1.661746e-14  9.571053e+01  3.114658e+00 -2.571259e-15 
  743.000  1.004049e+03  1.444120e+01  6.478188e-15  9.876146e+01  3.208946e+00  1.676209e-15 
  744.000  1.014649e+03  1.453003e+01  2.399835e-14  9.980408e+01  3.231295e+00  5.638819e-16 
  745.000  9.890975e+02  1.409845e+01  4.830210e-14  9.729076e+01  3.137251e+00  7.687519e-15 
  746.000  1.003544e+03  1.423512e+01 -7.940233e-14  9.871175e+01  3.169171e+00 -5.566662e-15 
  747.000  1.019407e+03  1.438212e+01  6.603774e-14  1.002721e+02  3.202220e+00  1.328440e-14 
  748.000  1.001215e+03  1.405657e+01 -2.443726e-14  9.848271e+01  3.131115e+00  4.437884e-15 
  749.000  1.001756e+03  1.399058e+01  1.139893e-13  9.853590e+01  3.117036e+00  1.109542e-14 
  750.000  9.870157e+02  1.370516e+01  3.095065e-14  9.708598e+01  3.052944e+00 -3.279918e-15 
  751.000  9.846391e+02  1.359791e+01  5.777356e-15  9.685221e+01  3.029221e+00 -8.995767e-15 
  752.000  1.000197e+03  1.374461e+01 -1.015705e-13  9.838252e+01  3.063065e+00 -1.632519e-14 
  753.000  9.909800e+02  1.354589e+01  4.500896e-13  9.747594e+01  3.019195e+00  5.343871e-14 
  754.000  1.006695e+03  1.368726e+01  2.637939e-14  9.902172e+01  3.051015e+00 -1.363673e-14 
  755.000  1.001077e+03  1.353740e+01 -4.468213e-13  9.846912e+01  3.017777e+00 -8.964367e-14 
  756.000  9.816375e+02  1.320305e+01 -5.349442e-14  9.655697e+01  2.943419e+00 -2.088513e-14 
  757.000  9.889340e+02  1.322899e+01  6.574710e-14  9.727468e+01  2.949279e+00 -1.366009e-15 
  758.000  9.868187e+02  1.311312e+01 -5.403571e-14  9.706660e+01  2.921211e+00 -1.064956e-14 
  759.000  9.025742e+02  1.151411e+01 -5.435517e-15  8.878004e+01  2.505352e+00  1.261842e-17 
  760.000  4.042960e+02  4.168085e+00 -3.999398e-18  3.976783e+01  7.650473e-01 -1.506032e-18 
  761.000  3.578237e+02  3.573866e+00  1.450500e-29  3.519667e+01  6.387181e-01  5.462070e-30 
  762.000  6.298372e+02  7.173289e+00 -3.580318e-15  6.195277e+01  1.451011e+00 -5.705020e-21 
  763.000  5.578688e+02  6.034563e+00  2.164202e-14  5.487374e+01  1.174664e+00  8.149619e-15 
  764.000  6.038576e+02  6.633930e+00 -2.673123e-15  5.939735e+01  1.314346e+00 -1.006604e-15 
  765.000  7.070336e+02  8.192222e+00 -6.763148e-16  6.954606e+01  1.701726e+00 -2.546762e-16 
  766.000  7.851456e+02  9.445558e+00  8.919049e-15  7.722940e+01  2.026218e+00  1.561043e-15 
  767.000  8.516620e+02  1.034161e+01 -2.400564e-14  8.377218e+01  2.241112e+00 -2.397275e-15 
  768.000  9.217415e+02  1.130095e+01 -2.659239e-14  9.066541e+01  2.474154e+00 -3.328093e-15 
  769.000  9.417966e+02  1.164397e+01  2.255850e-14  9.263810e+01  2.572816e+00  3.362816e-15 
  770.000  9.483394e+02  1.175390e+01 -1.251362e-14  9.328167e+01  2.610557e+00 -2.773961e-15 
  771.000  9.544882e+02  1.182090e+01 -1.519269e-14  9.388647e+01  2.633327e+00 -5.001810e-15 
  772.000  9.520076e+02  1.174058e+01  3.443718e-15  9.364248e+01  2.617390e+00  9.173911e-15 
  773.000  9.486933e+02  1.164323e+01  2.207867e-14  9.331647e+01  2.596560e+00  2.609850e-15 
  774.000  9.593665e+02  1.171864e+01 -3.082073e-14  9.436632e+01  2.614423e+00 -2.241088e-14 
  775.000  9.236138e+02  1.122585e+01 -1.117947e-13  9.084957e+01  2.505062e+00 -1.090868e-14 
  776.000  9.618700e+02  1.163152e+01  1.446211e-13  9.461258e+01  2.596009e+00  2.271220e-14 
  777.000  9.553266e+02  1.149181e+01 -3.194516e-13  9.396894e+01  2.564939e+00 -5.795875e-14 
  778.000  9.503080e+02  1.137064e+01  2.599353e-13  9.347530e+01  2.537867e+00  3.730352e-14 
  779.000  9.534995e+02  1.134810e+01 -3.053682e-13  9.378922e+01  2.532790e+00 -4.920530e-14 
  780.000  9.417971e+02  1.114921e+01  1.464967e-14  9.263814e+01  2.488349e+00  9.047865e-15 
  781.000  9.403873e+02  1.107668e+01 -1.743528e-13  9.249947e+01  2.472594e+00 -1.419209e-14 
  782.000  9.518157e+02  1.115174e+01 -3.384818e-14  9.362360e+01  2.489287e+00 -1.488660e-14 
  783.000  9.296660e+02  1.083455e+01 -1.600921e-13  9.144489e+01  2.418438e+00 -2.474308e-14 
  784.000  9.348944e+02  1.083579e+01 -5.312981e-14  9.195917e+01  2.418359e+00 -9.492751e-15 
  785.000  9.369810e+02  1.079070e+01  8.533888e-14  9.216441e+01  2.406496e+00  1.596005e-14 
  786.000  9.200956e+02  1.052178e+01  3.634953e-14  9.050352e+01  2.343743e+00  6.077618e-15 
  787.000  9.320018e+02  1.056460e+01 -4.608389e-14  9.167464e+01  2.347749e+00 -5.625232e-15 
  788.000  9.171086e+02  1.032217e+01  3.382792e-14  9.020970e+01  2.291027e+00 -1.499935e-16 
  789.000  9.187952e+02  1.022235e+01  2.060778e-15  9.037560e+01  2.259286e+00 -2.595203e-15 
  790.000  9.092214e+02  1.005795e+01  1.399905e-14  8.943388e+01  2.222185e+00  4.956685e-15 
  791.000  9.053467e+02  9.974409e+00 -6.647824e-15  8.905276e+01  2.205432e+00 -2.479785e-15 
  792.000  8.917603e+02  9.784173e+00  5.566146e-14  8.771637e+01  2.164934e+00  2.487064e-15 
  793.000  8.925092e+02  9.766554e+00 -5.009425e-14  8.779002e+01  2.164751e+00 -5.032366e-15 
  794.000  8.864601e+02  9.703083e+00  5.318670e-15  8.719503e+01  2.158549e+00  0.000000e+00 
  795.000  8.798862e+02  9.549685e+00  8.062228e-15  8.654840e+01  2.119763e+00 -4.912604e-16 
  796.000  8.895560e+02  9.521525e+00  2.257730e-15  8.749954e+01  2.101206e+00 -6.404938e-16 
  797.000  8.967943e+02  9.572258e+00  3.674891e-15  8.821152e+01  2.115802e+00  3.051560e-15 
  798.000  9.007751e+02  9.618484e+00  1.254569e-14  8.860309e+01  2.133957e+00  6.828890e-15 
  799.000  8.993494e+02  9.541370e+00  1.579456e-16  8.846284e+01  2.115004e+00  3.325018e-15 
  800.000  8.735959e+02  9.183626e+00 -2.506314e-14  8.592966e+01  2.030236e+00 -2.702922e-15 
  801.000  8.901922e+02  9.314414e+00 -1.441617e-14  8.756213e+01  2.059800e+00 -3.049753e-15 
  802.000  8.882916e+02  9.243256e+00 -2.310109e-14  8.737518e+01  2.043525e+00 -3.098811e-15 
  803.000  8.759969e+02  9.073863e+00 -2.618212e-15  8.616582e+01  2.006851e+00 -5.537864e-17 
  804.000  8.851704e+02  9.139073e+00 -2.977306e-15  8.706816e+01  2.023814e+00  1.521650e-15 
  805.000  8.632132e+02  8.899817e+00  1.503809e-14  8.490837e+01  1.975731e+00  6.091112e-17 
  806.000  8.879863e+02  9.129478e+00  1.556593e-14  8.734513e+01  2.029819e+00  1.899644e-15 
  807.000  8.828096e+02  9.030939e+00  5.273545e-14  8.683595e+01  2.008045e+00  3.602980e-15 
  808.000  8.767026e+02  8.911157e+00 -1.460710e-14  8.623524e+01  1.979680e+00 -3.562802e-15 
  809.000  8.609713e+02  8.693065e+00 -3.017543e-14  8.468786e+01  1.929194e+00 -5.137960e-15 
  810.000  8.560724e+02  8.585235e+00 -2.953891e-14  8.420599e+01  1.903109e+00 -4.036661e-15 
  811.000  8.674987e+02  8.626750e+00 -1.134924e-14  8.532993e+01  1.908005e+00 -3.498342e-15 
  812.000  8.613156e+02  8.485541e+00  2.881660e-14  8.472172e+01  1.871357e+00  3.649842e-15 
  813.000  8.535475e+02  8.325689e+00 -9.558258e-15  8.395764e+01  1.830009e+00 -2.103244e-15 
  814.000  8.466827e+02  8.168667e+00 -9.947775e-15  8.328239e+01  1.788252e+00 -3.103515e-15 
  815.000  8.302731e+02  7.917851e+00 -3.599267e-15  8.166828e+01  1.725516e+00 -1.611099e-15 
  816.000  8.130316e+02  7.659161e+00  3.094977e-17  7.997236e+01  1.660828e+00  1.165457e-17 
  817.000  8.185931e+02  7.675426e+00  2.659195e-15  8.051941e+01  1.664745e+00  4.504943e-17 
  818.000  8.144592e+02  7.602611e+00 -6.060515e-15  8.011278e+01  1.649593e+00 -9.930459e-16 
  819.000  7.958001e+02  7.408560e+00 -1.332373e-14  7.827741e+01  1.610110e+00 -1.630245e-15 
  820.000  7.912695e+02  7.393403e+00  4.775810e-15  7.783178e+01  1.616487e+00  3.141780e-16 
  821.000  8.302163e+02  7.812305e+00 -1.990430e-15  8.166270e+01  1.722224e+00 -1.906699e-15 
  822.000  7.975423e+02  7.397590e+00 -1.259071e-14  7.844878e+01  1.620385e+00 -1.475575e-15 
  823.000  7.808527e+02  7.069207e+00  1.007273e-14  7.680714e+01  1.527916e+00  1.019598e-15 
  824.000  8.163503e+02  7.469699e+00  3.900041e-15  8.029880e+01  1.632109e+00 -7.092011e-16 
  825.000  8.295211e+02  7.657262e+00 -1.051606e-14  8.159431e+01  1.688920e+00 -3.160711e-15 
  826.000  8.323397e+02  7.625447e+00 -2.823415e-15  8.187157e+01  1.678963e+00 -4.505663e-17 
  827.000  8.278625e+02  7.532962e+00  1.645425e-14  8.143117e+01  1.656524e+00  2.384033e-15 
  828.000  8.167632e+02  7.330895e+00  2.377181e-15  8.033941e+01  1.602474e+00 -1.592626e-17 
  829.000  8.198049e+02  7.343747e+00 -1.236098e-15  8.063860e+01  1.608588e+00 -6.684053e-16 
  830.000  8.105650e+02  7.250942e+00 -1.298977e-14  7.972974e+01  1.592145e+00 -2.815146e-15 
  831.000  7.972052e+02  7.102513e+00  6.041674e-15  7.841563e+01  1.560492e+00  1.455884e-15 
  832.000  8.138895e+02  7.218358e+00  1.369324e-14  8.005675e+01  1.586383e+00  1.261571e-15 
  833.000  7.906142e+02  6.992834e+00 -3.440553e-14  7.776732e+01  1.539129e+00 -6.402284e-15 
  834.000  8.046586e+02  7.101180e+00  1.195845e-14  7.914877e+01  1.565838e+00 -7.149415e-16 
  835.000  8.103130e+02  7.156432e+00 -9.413263e-15  7.970495e+01  1.584076e+00 -2.424476e-15 
  836.000  8.185080e+02  7.179934e+00 -5.326892e-16  8.051104e+01  1.587274e+00 -8.083666e-16 
  837.000  8.116248e+02  7.083336e+00 -1.969900e-14  7.983398e+01  1.565714e+00 -3.309651e-16 
  838.000  8.164461e+02  7.110745e+00 -7.261443e-15  8.030822e+01  1.574782e+00  1.633551e-16 
  839.000  7.920283e+02  6.876613e+00 -1.747209e-14  7.790641e+01  1.524749e+00 -4.009169e-15 
  840.000  8.136434e+02  7.034448e+00 -2.321139e-14  8.003254e+01  1.560431e+00 -3.017156e-15 
  841.000  8.148155e+02  6.996689e+00 -1.409501e-14  8.014782e+01  1.550033e+00 -3.348292e-15 
  842.000  8.106407e+02  6.939041e+00 -7.617528e-15  7.973719e+01  1.539057e+00 -2.649416e-15 
  843.000  8.070497e+02  6.904292e+00 -3.181092e-14  7.938396e+01  1.535747e+00 -3.108734e-15 
  844.000  7.945253e+02  6.777828e+00  9.264884e-15  7.815202e+01  1.509642e+00  2.631268e-15 
  845.000  8.069252e+02  6.855214e+00  7.168012e-15  7.937171e+01  1.527611e+00  8.852693e-16 
  846.000  8.145058e+02  6.893585e+00 -1.532152e-14  8.011736e+01  1.537265e+00 -8.925517e-16 
  847.000  7.868077e+02  6.634717e+00 -2.263285e-14  7.739288e+01  1.480683e+00 -3.229248e-15 
  848.000  8.094720e+02  6.779581e+00  3.310722e-14  7.962222e+01  1.511043e+00  1.553468e-15 
  849.000  8.110627e+02  6.761849e+00  1.703454e-14  7.977869e+01  1.507341e+00  1.556058e-15 
  850.000  7.011241e+02  5.813041e+00  2.969971e-14  6.896478e+01  1.295226e+00  5.129887e-15 
  851.000  8.029829e+02  6.618437e+00 -5.296182e-14  7.898393e+01  1.473626e+00 -7.982005e-15 
  852.000  7.725953e+02  6.338058e+00  1.989428e-14  7.599493e+01  1.411296e+00  3.284850e-15 
  853.000  7.819200e+02  6.393705e+00  2.388013e-15  7.691212e+01  1.425156e+00 -8.572054e-16 
  854.000  6.286436e+02  5.115176e+00 -1.582682e-14  6.183537e+01  1.140086e+00 -1.723067e-15 
  855.000  6.922266e+02  5.610997e+00 -1.020157e-14  6.808960e+01  1.251396e+00 -4.359380e-15 
  856.000  7.858068e+02  6.351704e+00 -1.816422e-14  7.729445e+01  1.418458e+00 -2.147136e-15 
  857.000  7.984445e+02  6.428330e+00  7.752138e-15  7.853753e+01  1.436350e+00 -6.539235e-16 
  858.000  7.857359e+02  6.298655e+00  8.916249e-15  7.728747e+01  1.407787e+00  4.287981e-16 
  859.000  7.856734e+02  6.273988e+00 -1.197344e-14  7.728132e+01  1.403131e+00  1.927508e-15 
  860.000  7.787041e+02  6.191880e+00  5.520098e-14  7.659579e+01  1.385226e+00  1.209262e-14 
  861.000  7.786468e+02  6.162487e+00  2.192752e-14  7.659016e+01  1.378718e+00  5.939129e-15 
  862.000  7.761111e+02  6.114916e+00 -3.547036e-14  7.634074e+01  1.368314e+00 -1.162458e-14 
  863.000  7.909907e+02  6.202846e+00  6.935063e-15  7.780435e+01  1.388021e+00 -1.507750e-15 
  864.000  7.894346e+02  6.162483e+00  3.499821e-14  7.765128e+01  1.379154e+00  7.307327e-15 
  865.000  7.747547e+02  6.020214e+00 -2.654190e-13  7.620732e+01  1.347446e+00 -7.402072e-14 
  866.000  6.499019e+02  5.026415e+00  3.702309e-13  6.392641e+01  1.125043e+00  4.952849e-14 
  867.000  6.921151e+02  5.327517e+00  7.418491e-14  6.807864e+01  1.192414e+00 -1.375144e-14 
  868.000  7.506603e+02  5.751098e+00 -3.456056e-13  7.383732e+01  1.287240e+00 -5.311761e-14 
  869.000  7.401685e+02  5.644339e+00 -2.011390e-13  7.280532e+01  1.263385e+00 -3.061674e-14 
  870.000  7.707473e+02  5.849703e+00  3.920889e-14  7.581314e+01  1.309319e+00  1.132642e-14 
  871.000  7.696962e+02  5.814603e+00 -1.372402e-13  7.570975e+01  1.301502e+00 -2.764678e-14 
  872.000  7.666380e+02  5.765045e+00  4.917826e-14  7.540894e+01  1.290508e+00  1.168054e-14 
  873.000  7.697635e+02  5.760788e+00  4.476293e-14  7.571637e+01  1.289454e+00 -7.749642e-15 
  874.000  7.529387e+02  5.608186e+00  2.132555e-14  7.406143e+01  1.255243e+00  6.351233e-15 
  875.000  7.460560e+02  5.530902e+00 -8.364391e-14  7.338442e+01  1.237932e+00 -1.319514e-14 
  876.000  7.523165e+02  5.550181e+00  3.044775e-14  7.400023e+01  1.242079e+00  1.146555e-14 
  877.000  7.673666e+02  5.634270e+00  4.368053e-15  7.548061e+01  1.260810e+00  5.639039e-15 
  878.000  7.542933e+02  5.509052e+00  2.410990e-14  7.419467e+01  1.232275e+00  7.395252e-15 
  879.000  7.560729e+02  5.496163e+00 -5.061821e-14  7.436972e+01  1.229356e+00 -5.559599e-15 
  880.000  7.518093e+02  5.436950e+00 -1.885561e-14  7.395034e+01  1.215687e+00 -4.301974e-15 
  881.000  7.127846e+02  5.129247e+00  3.771675e-14  7.011175e+01  1.146648e+00  2.525628e-15 
  882.000  7.522145e+02  5.386325e+00 -5.008384e-15  7.399020e+01  1.203878e+00 -2.050836e-16 
  883.000  7.350588e+02  5.240690e+00  3.194904e-14  7.230271e+01  1.171554e+00  6.010174e-15 
  884.000  7.413247e+02  5.261578e+00 -1.298054e-14  7.291904e+01  1.176314e+00 -3.232259e-15 
  885.000  7.491186e+02  5.286602e+00 -7.945806e-16  7.368568e+01  1.181053e+00  8.174595e-16 
  886.000  7.247042e+02  5.083023e+00 -6.272219e-15  7.128419e+01  1.134426e+00 -1.980094e-16 
  887.000  7.172665e+02  5.013545e+00 -3.917114e-15  7.055260e+01  1.119784e+00 -2.544568e-15 
  888.000  7.387806e+02  5.139834e+00  5.889491e-15  7.266880e+01  1.147935e+00  2.217774e-15 
  889.000  7.437584e+02  5.152672e+00 -1.623058e-14  7.315842e+01  1.151091e+00 -2.231766e-15 
  890.000  7.414531e+02  5.108699e+00  2.275074e-14  7.293168e+01  1.140605e+00  3.036515e-15 
  891.000  7.373564e+02  5.047828e+00  1.735020e-14  7.252870e+01  1.125623e+00  3.227172e-15 
  892.000  7.340975e+02  4.985875e+00  2.654355e-14  7.220815e+01  1.109336e+00  4.620509e-15 
  893.000  7.025415e+02  4.702000e+00  1.515413e-14  6.910420e+01  1.039078e+00  1.788830e-15 
  894.000  7.238381e+02  4.800312e+00  3.531745e-15  7.119901e+01  1.057488e+00  2.378522e-16 
  895.000  6.799299e+02  4.433413e+00 -3.758198e-15  6.688005e+01  9.683872e-01  5.593277e-16 
  896.000  6.950125e+02  4.469783e+00  1.509981e-15  6.836362e+01  9.700819e-01  5.686056e-16 
  897.000  6.667263e+02  4.233802e+00 -4.062284e-15  6.558131e+01  9.136195e-01 -2.736397e-16 
  898.000  6.620598e+02  4.171177e+00 -5.539616e-15  6.512231e+01  8.979846e-01 -8.271714e-16 
  899.000  6.447054e+02  4.012605e+00  3.159827e-15  6.341527e+01  8.591685e-01  1.821990e-16 
  900.000  6.310318e+02  3.913230e+00  6.395839e-17  6.207028e+01  8.384205e-01  2.696534e-16 
  901.000  6.133141e+02  3.779735e+00 -9.347076e-16  6.032752e+01  8.088414e-01 -3.519778e-16 
  902.000  6.027058e+02  3.699514e+00 -1.457535e-15  5.928405e+01  7.919731e-01 -3.690887e-16 
  903.000  6.628940e+02  4.106836e+00 -3.620002e-15  6.520436e+01  8.877907e-01 -9.941401e-17 
  904.000  6.888967e+02  4.300068e+00 -3.462114e-15  6.776205e+01  9.374174e-01 -4.814036e-17 
  905.000  6.864205e+02  4.263465e+00  1.457876e-15  6.751849e+01  9.291561e-01  4.807176e-17 
  906.000  6.580731e+02  4.037640e+00 -3.680583e-16  6.473015e+01  8.751908e-01  3.552129e-16 
  907.000  6.506765e+02  3.931757e+00 -8.069227e-16  6.400259e+01  8.457942e-01 -5.524440e-16 
  908.000  6.210158e+02  3.714971e+00  4.288964e-15  6.108508e+01  7.960104e-01  4.620936e-16 
  909.000  6.109767e+02  3.639108e+00  3.941655e-15  6.009761e+01  7.798377e-01  1.130384e-16 
  910.000  6.201179e+02  3.679864e+00  5.767477e-16  6.099676e+01  7.890016e-01  2.171828e-16 
  911.000  6.263950e+02  3.714188e+00 -3.948265e-15  6.161419e+01  7.984471e-01 -5.269704e-16 
  912.000  6.238815e+02  3.676162e+00  1.228898e-15  6.136696e+01  7.892663e-01  2.222098e-16 
  913.000  6.212015e+02  3.619272e+00  1.703339e-17  6.110334e+01  7.732927e-01 -1.799722e-16 
  914.000  6.257493e+02  3.641368e+00  3.079176e-15  6.155068e+01  7.798193e-01  1.802881e-16 
  915.000  6.212158e+02  3.609265e+00  5.394032e-15  6.110475e+01  7.745245e-01  7.037153e-16 
  916.000  6.306127e+02  3.650856e+00  2.597808e-15  6.202906e+01  7.839490e-01  4.917767e-16 
  917.000  6.242466e+02  3.604381e+00 -5.516793e-16  6.140288e+01  7.749494e-01  3.963183e-16 
  918.000  6.255713e+02  3.604652e+00 -8.579325e-16  6.153317e+01  7.763242e-01 -8.503049e-17 
  919.000  6.492127e+02  3.759195e+00  3.662741e-16  6.385861e+01  8.149415e-01 -1.066272e-15 
  920.000  6.543541e+02  3.805878e+00  6.838781e-16  6.436433e+01  8.302003e-01  2.575243e-16 
  921.000  6.375898e+02  3.684485e+00 -7.298003e-16  6.271536e+01  8.025824e-01 -5.079570e-16 
  922.000  6.316700e+02  3.633634e+00  1.386087e-15  6.213306e+01  7.914246e-01  7.530063e-16 
  923.000  6.022538e+02  3.440592e+00 -2.703275e-15  5.923960e+01  7.480802e-01 -5.750965e-16 
  924.000  6.203275e+02  3.509015e+00 -4.768837e-15  6.101737e+01  7.600417e-01 -1.102915e-15 
  925.000  6.280446e+02  3.535192e+00  6.576318e-15  6.177646e+01  7.654254e-01  1.044273e-15 
  926.000  6.055915e+02  3.392376e+00 -5.149074e-15  5.956790e+01  7.342734e-01 -1.014799e-15 
  927.000  6.194288e+02  3.434433e+00  4.248973e-15  6.092898e+01  7.402942e-01  4.287222e-16 
  928.000  6.096733e+02  3.339546e+00 -3.159255e-15  5.996939e+01  7.158774e-01 -6.581512e-17 
  929.000  5.813925e+02  3.141215e+00 -9.064310e-16  5.718760e+01  6.688485e-01 -3.413299e-16 
  930.000  5.542431e+02  2.948794e+00 -3.624222e-15  5.451710e+01  6.228054e-01 -1.364754e-15 
  931.000  5.244004e+02  2.735544e+00  0.000000e+00  5.158168e+01  5.710045e-01  0.000000e+00 
  932.000  4.797935e+02  2.410118e+00  4.010688e-17  4.719400e+01  4.896794e-01  4.035082e-18 
  933.000  4.497195e+02  2.176633e+00 -5.143446e-17  4.423583e+01  4.300354e-01 -1.936840e-17 
  934.000  4.121943e+02  1.918869e+00 -1.056071e-16  4.054473e+01  3.675615e-01 -1.065560e-17 
  935.000  4.026180e+02  1.859117e+00  0.000000e+00  3.960279e+01  3.548765e-01  0.000000e+00 
  936.000  4.132016e+02  1.924392e+00  5.000899e-17  4.064381e+01  3.716909e-01  1.883162e-17 
  937.000  4.187975e+02  1.936068e+00 -1.184598e-16  4.119425e+01  3.729134e-01 -4.460776e-17 
  938.000  4.507552e+02  2.157766e+00  1.311569e-16  4.433771e+01  4.302926e-01  4.393340e-17 
  939.000  5.431722e+02  2.759883e+00 -2.547037e-16  5.342813e+01  5.798558e-01  4.712212e-17 
  940.000  5.526019e+02  2.810093e+00  1.414438e-14  5.435568e+01  5.926854e-01  5.326274e-15 
  941.000  5.295642e+02  2.671799e+00 -4.737183e-16  5.208961e+01  5.620324e-01 -1.783856e-16 
  942.000  4.841761e+02  2.404032e+00 -3.973119e-17  4.762510e+01  5.011873e-01 -1.496136e-17 
  943.000  4.641610e+02  2.214230e+00 -1.105129e-16  4.565634e+01  4.484015e-01 -4.161525e-17 
  944.000  4.482758e+02  2.121776e+00 -2.978674e-16  4.409383e+01  4.284115e-01 -5.687105e-17 
  945.000  4.693000e+02  2.247235e+00  1.082922e-16  4.616183e+01  4.597967e-01  4.077901e-17 
  946.000  4.764848e+02  2.274261e+00  2.194627e-16  4.686855e+01  4.657295e-01  8.264191e-17 
  947.000  4.880544e+02  2.347893e+00  4.064569e-16  4.800657e+01  4.855782e-01  4.101158e-17 
  948.000  4.993957e+02  2.406484e+00  2.051918e-17  4.912214e+01  5.000707e-01  7.726798e-18 
  949.000  4.997485e+02  2.397166e+00  1.652012e-19  4.915684e+01  4.980138e-01  6.220891e-20 
  950.000  4.985576e+02  2.384948e+00 -1.973785e-16  4.903970e+01  4.960862e-01 -7.432578e-17 
  951.000  5.140284e+02  2.473817e+00 -8.076606e-16  5.056145e+01  5.187275e-01 -8.149311e-17 
  952.000  4.940241e+02  2.343007e+00 -7.887827e-16  4.859378e+01  4.873354e-01 -7.389440e-17 
  953.000  5.064160e+02  2.412201e+00  0.000000e+00  4.981268e+01  5.051201e-01  0.000000e+00 
  954.000  5.158380e+02  2.464973e+00  0.000000e+00  5.073945e+01  5.191350e-01  0.000000e+00 
  955.000  4.707689e+02  2.229159e+00  2.903142e-16  4.630632e+01  4.677284e-01  8.959764e-17 
  956.000  4.992973e+02  2.353065e+00  1.603163e-19  4.911246e+01  4.935403e-01  6.036945e-20 
  957.000  5.348411e+02  2.550800e+00  8.031670e-15  5.260867e+01  5.415661e-01  1.278002e-15 
  958.000  5.433878e+02  2.586564e+00 -4.129625e-15  5.344934e+01  5.500941e-01 -6.755109e-16 
  959.000  5.394704e+02  2.552716e+00  4.769611e-15  5.306401e+01  5.422345e-01  9.545766e-16 
  960.000  5.325848e+02  2.508860e+00  1.783515e-15  5.238673e+01  5.328277e-01  6.716087e-16 
  961.000  5.238912e+02  2.455507e+00  0.000000e+00  5.153159e+01  5.211923e-01  0.000000e+00 
  962.000  5.290856e+02  2.472655e+00  3.076218e-15  5.204254e+01  5.253434e-01  2.880049e-16 
  963.000  5.469575e+02  2.564760e+00 -9.240633e-16  5.380047e+01  5.479054e-01 -3.479696e-16 
  964.000  5.433235e+02  2.540425e+00 -8.302068e-16  5.344302e+01  5.432349e-01 -3.126265e-16 
  965.000  5.481078e+02  2.550811e+00  1.224273e-15  5.391362e+01  5.452763e-01  3.784164e-16 
  966.000  5.331880e+02  2.472677e+00  3.879801e-17  5.244606e+01  5.288421e-01 -6.559662e-17 
  967.000  5.622772e+02  2.612943e+00 -1.002172e-15  5.530736e+01  5.613388e-01 -3.773824e-16 
  968.000  5.774834e+02  2.709478e+00 -2.297044e-14  5.680310e+01  5.877767e-01  7.000925e-16 
  969.000  5.905358e+02  2.782099e+00 -1.252530e-15  5.808696e+01  6.070427e-01 -4.716583e-16 
  970.000  5.926386e+02  2.781797e+00  2.229299e-15  5.829380e+01  6.072007e-01  6.343624e-16 
  971.000  5.871470e+02  2.743957e+00  1.396511e-15  5.775364e+01  5.988579e-01  3.124417e-16 
  972.000  5.886003e+02  2.732449e+00  1.939029e-15  5.789659e+01  5.953106e-01  7.495670e-17 
  973.000  5.769583e+02  2.653202e+00 -7.838237e-15  5.675144e+01  5.759149e-01 -3.804209e-15 
  974.000  5.605720e+02  2.552821e+00 -9.253639e-18  5.513964e+01  5.519549e-01 -1.134969e-16 
  975.000  5.584629e+02  2.524673e+00  3.377436e-15  5.493217e+01  5.446573e-01  4.270153e-16 
  976.000  5.713194e+02  2.582181e+00 -6.328273e-16  5.619678e+01  5.586083e-01 -2.383004e-16 
  977.000  5.664977e+02  2.569204e+00 -1.867692e-15  5.572251e+01  5.587727e-01 -1.535313e-15 
  978.000  5.796677e+02  2.616428e+00 -6.282441e-15  5.701794e+01  5.688003e-01 -4.068114e-16 
  979.000  5.652908e+02  2.546655e+00  6.227633e-17  5.560379e+01  5.544991e-01  2.253904e-16 
  980.000  5.829970e+02  2.640972e+00 -3.743495e-15  5.734543e+01  5.789120e-01 -7.708974e-16 
  981.000  5.891997e+02  2.664449e+00 -4.182616e-15  5.795554e+01  5.850297e-01 -3.089450e-16 
  982.000  5.857202e+02  2.631536e+00 -9.589710e-16  5.761329e+01  5.768600e-01 -1.505106e-16 
  983.000  5.891254e+02  2.650922e+00 -1.254069e-15  5.794823e+01  5.833851e-01 -2.123184e-16 
  984.000  5.902587e+02  2.662035e+00  4.212410e-15  5.805971e+01  5.883934e-01  1.273064e-16 
  985.000  5.928474e+02  2.673082e+00 -1.169199e-15  5.831435e+01  5.923958e-01  9.183732e-16 
  986.000  5.916619e+02  2.670908e+00 -5.706843e-15  5.819774e+01  5.940359e-01 -1.745834e-15 
  987.000  5.999849e+02  2.703820e+00 -1.967899e-14  5.901641e+01  6.023214e-01 -2.289806e-15 
  988.000  5.929402e+02  2.662564e+00 -3.253510e-15  5.832348e+01  5.933483e-01 -2.431681e-16 
  989.000  5.856323e+02  2.619883e+00 -1.792000e-15  5.760465e+01  5.839729e-01  1.175201e-15 
  990.000  5.909964e+02  2.634615e+00 -1.544819e-14  5.813228e+01  5.874892e-01 -1.349154e-15 
  991.000  5.970865e+02  2.655808e+00 -8.807166e-15  5.873131e+01  5.929485e-01 -6.505331e-16 
  992.000  5.919543e+02  2.623942e+00  3.193698e-15  5.822649e+01  5.860903e-01  3.222447e-16 
  993.000  5.920792e+02  2.614410e+00 -4.362429e-15  5.823878e+01  5.840544e-01 -3.222267e-16 
  994.000  5.962607e+02  2.627589e+00 -1.604551e-15  5.865008e+01  5.878090e-01 -1.618995e-16 
  995.000  5.926666e+02  2.604799e+00 -1.677850e-14  5.829657e+01  5.832582e-01 -1.928212e-15 
  996.000  5.925436e+02  2.593614e+00  3.090669e-14  5.828447e+01  5.807464e-01  4.176935e-15 
  997.000  5.927026e+02  2.581451e+00 -9.762593e-15  5.830011e+01  5.776798e-01 -1.608410e-16 
  998.000  5.899512e+02  2.556354e+00  2.013949e-15  5.802946e+01  5.716656e-01  3.205299e-16 
  999.000  5.882638e+02  2.537696e+00 -2.008982e-15  5.786349e+01  5.673437e-01 -3.197394e-16 
 1000.000  5.837559e+02  2.508843e+00  1.571745e-15  5.742007e+01  5.610113e-01  1.585894e-16 
 1001.000  5.858159e+02  2.501874e+00 -3.275438e-15  5.762270e+01  5.586162e-01 -7.975983e-16 
 1002.000  5.832506e+02  2.473457e+00 -8.839165e-15  5.737037e+01  5.511732e-01 -7.883418e-16 
 1003.000  5.768789e+02  2.438414e+00 -2.551978e-14  5.674364e+01  5.436416e-01 -4.579965e-15 
 1004.000  5.730461e+02  2.416230e+00  8.344327e-15  5.636664e+01  5.392596e-01  1.561381e-16 
 1005.000  5.356559e+02  2.251505e+00  5.780464e-15  5.268881e+01  5.027987e-01  5.832499e-16 
 1006.000  5.639166e+02  2.361412e+00 -1.411703e-15  5.546862e+01  5.274416e-01  3.069180e-16 
 1007.000  5.738922e+02  2.391945e+00 -5.476465e-15  5.644984e+01  5.340272e-01 -7.813805e-16 
 1008.000  5.749447e+02  2.380968e+00 -5.070899e-15  5.655338e+01  5.307242e-01 -1.919014e-15 
 1009.000  5.695587e+02  2.341087e+00 -5.475870e-15  5.602359e+01  5.206262e-01 -1.967365e-15 
 1010.000  5.725403e+02  2.347449e+00 -1.307931e-14  5.631688e+01  5.225705e-01 -1.487425e-15 
 1011.000  5.714389e+02  2.342235e+00 -1.052557e-14  5.620854e+01  5.227077e-01 -1.066230e-15 
 1012.000  5.723364e+02  2.339310e+00  0.000000e+00  5.629682e+01  5.224687e-01  0.000000e+00 
 1013.000  5.687556e+02  2.318219e+00 -7.110111e-16  5.594460e+01  5.181808e-01  1.545807e-16 
 1014.000  5.726566e+02  2.325970e+00 -2.891676e-15  5.632831e+01  5.200877e-01 -1.088903e-15 
 1015.000  5.621222e+02  2.274255e+00 -1.404555e-15  5.529212e+01  5.085509e-01  3.053639e-16 
 1016.000  5.659474e+02  2.281772e+00  1.218145e-14  5.566837e+01  5.104054e-01  1.229110e-15 
 1017.000  5.605112e+02  2.251569e+00  6.946290e-15  5.513366e+01  5.037550e-01  1.369001e-15 
 1018.000  5.675345e+02  2.269149e+00  6.219675e-15  5.582450e+01  5.074553e-01  1.078876e-15 
 1019.000  5.539963e+02  2.203009e+00 -9.760131e-15  5.449284e+01  4.921871e-01 -1.205403e-15 
 1020.000  5.530276e+02  2.191500e+00  4.362805e-15  5.439755e+01  4.897756e-01  0.000000e+00 
 1021.000  5.589308e+02  2.208375e+00  2.792418e-15  5.497820e+01  4.938837e-01 -6.070988e-16 
 1022.000  5.498718e+02  2.160149e+00 -2.170604e-15  5.408713e+01  4.825296e-01  0.000000e+00 
 1023.000  5.598862e+02  2.187609e+00 -5.237068e-15  5.507218e+01  4.881900e-01 -3.050841e-16 
 1024.000  5.567314e+02  2.165530e+00 -3.266625e-15  5.476186e+01  4.830921e-01 -4.573546e-16 
 1025.000  5.574690e+02  2.164713e+00 -3.220926e-15  5.483442e+01  4.836361e-01 -1.212887e-15 
 1026.000  5.585477e+02  2.162835e+00  9.532945e-15  5.494052e+01  4.835873e-01  1.517215e-15 
 1027.000  5.549959e+02  2.139477e+00  4.699474e-15  5.459116e+01  4.781958e-01  1.357555e-15 
 1028.000  5.564492e+02  2.137436e+00  5.591605e-15  5.473411e+01  4.778591e-01  4.535260e-16 
 1029.000  5.483295e+02  2.100311e+00 -7.662720e-15  5.393543e+01  4.699084e-01 -4.463899e-16 
 1030.000  5.541652e+02  2.116485e+00 -3.483423e-15  5.450944e+01  4.738483e-01 -9.013235e-16 
 1031.000  5.525564e+02  2.103109e+00 -2.491871e-15  5.435120e+01  4.710098e-01 -1.347356e-15 
 1032.000  5.507336e+02  2.088726e+00  8.820169e-15  5.417190e+01  4.679034e-01  3.728861e-15 
 1033.000  5.406239e+02  2.042494e+00  5.443120e-15  5.317747e+01  4.575677e-01  2.049687e-15 
 1034.000  5.463981e+02  2.056704e+00 -4.896604e-15  5.374545e+01  4.608214e-01 -1.035551e-15 
 1035.000  5.405878e+02  2.027015e+00  1.735036e-15  5.317393e+01  4.541896e-01 -1.463571e-16 
 1036.000  5.475488e+02  2.044773e+00  1.025858e-14  5.385863e+01  4.581208e-01 -5.931113e-16 
 1037.000  5.359741e+02  1.993616e+00  8.067554e-15  5.272011e+01  4.466411e-01  1.451608e-15 
 1038.000  5.412634e+02  2.005513e+00 -7.083207e-15  5.324038e+01  4.493169e-01 -1.465851e-15 
 1039.000  5.434625e+02  2.005404e+00 -1.273987e-14  5.345668e+01  4.492304e-01 -1.177689e-15 
 1040.000  5.370069e+02  1.973481e+00  3.656663e-15  5.282170e+01  4.420210e-01  5.819760e-16 
 1041.000  5.398195e+02  1.975756e+00  1.810346e-15  5.309836e+01  4.424784e-01 -1.316540e-15 
 1042.000  5.413857e+02  1.973610e+00 -2.056619e-14  5.325241e+01  4.419699e-01 -2.934378e-15 
 1043.000  5.320117e+02  1.931777e+00 -4.567371e-15  5.233035e+01  4.325815e-01 -1.441885e-16 
 1044.000  5.372488e+02  1.942893e+00  2.118793e-14  5.284549e+01  4.350198e-01  3.203998e-15 
 1045.000  5.349282e+02  1.926273e+00  1.155725e-15  5.261723e+01  4.311886e-01  4.352053e-16 
 1046.000  5.193279e+02  1.862340e+00 -1.214560e-14  5.108273e+01  4.167997e-01 -3.803811e-15 
 1047.000  5.288143e+02  1.888379e+00  4.192213e-15  5.201585e+01  4.225299e-01  1.578639e-15 
 1048.000  5.339820e+02  1.898585e+00 -3.362575e-15  5.252416e+01  4.246819e-01 -8.700546e-16 
 1049.000  5.304106e+02  1.877677e+00  5.153936e-15  5.217286e+01  4.198661e-01  1.153164e-15 
 1050.000  5.271823e+02  1.858255e+00  2.181894e-15  5.185531e+01  4.154034e-01  4.300159e-16 
 1051.000  5.271930e+02  1.850112e+00  5.787684e-15  5.185637e+01  4.134293e-01  1.003942e-15 
 1052.000  5.246564e+02  1.833316e+00 -6.568325e-16  5.160687e+01  4.095543e-01  1.428018e-16 
 1053.000  5.247968e+02  1.826356e+00  7.588400e-16  5.162067e+01  4.079388e-01  2.857523e-16 
 1054.000  5.193298e+02  1.799252e+00 -5.608791e-15  5.108292e+01  4.017142e-01 -5.659281e-16 
 1055.000  5.230673e+02  1.804114e+00  8.588244e-16  5.145056e+01  4.026293e-01  7.129853e-16 
 1056.000  5.215741e+02  1.791002e+00  1.511432e-15  5.130368e+01  3.995430e-01  5.691518e-16 
 1057.000  5.205896e+02  1.778770e+00  2.164562e-15  5.120684e+01  3.965138e-01  4.265999e-16 
 1058.000  5.150153e+02  1.749530e+00 -4.091464e-15  5.065852e+01  3.894773e-01  0.000000e+00 
 1059.000  4.987235e+02  1.687576e+00  1.450445e-15  4.905602e+01  3.756641e-01  5.461862e-16 
 1060.000  5.165915e+02  1.742598e+00  1.400822e-15  5.081357e+01  3.880963e-01  1.413432e-16 
 1061.000  4.984258e+02  1.674342e+00 -6.036010e-15  4.902674e+01  3.728092e-01 -4.092881e-16 
 1062.000  5.121677e+02  1.711816e+00  1.491330e-15  5.037844e+01  3.808329e-01  5.615823e-16 
 1063.000  5.033397e+02  1.674921e+00 -5.369175e-16  4.951009e+01  3.724764e-01  5.523773e-16 
 1064.000  5.097415e+02  1.687920e+00 -5.551622e-15  5.013979e+01  3.750884e-01 -5.601597e-16 
 1065.000  5.089752e+02  1.677062e+00  7.435618e-16  5.006441e+01  3.723866e-01  2.799991e-16 
 1066.000  4.933340e+02  1.619485e+00  0.000000e+00  4.852589e+01  3.596202e-01  0.000000e+00 
 1067.000  5.049975e+02  1.650481e+00  5.510483e-15  4.967315e+01  3.663511e-01  5.560088e-16 
 1068.000  5.027490e+02  1.633482e+00 -1.473185e-15  4.945198e+01  3.620612e-01 -5.547495e-16 
 1069.000  4.650018e+02  1.504764e+00 -2.406772e-16  4.573905e+01  3.334768e-01 -9.063054e-17 
 1070.000  4.928341e+02  1.589800e+00 -2.959543e-15  4.847672e+01  3.524709e-01 -4.610143e-16 
 1071.000  4.936685e+02  1.584929e+00  7.478713e-16  4.855879e+01  3.511565e-01  2.473770e-16 
 1072.000  4.951110e+02  1.581906e+00 -2.718023e-16  4.870069e+01  3.502365e-01  7.047549e-17 
 1073.000  4.788981e+02  1.524359e+00 -2.255197e-15  4.710593e+01  3.374976e-01 -3.382390e-16 
 1074.000  4.958709e+02  1.573149e+00  1.546115e-15  4.877542e+01  3.484058e-01  6.331044e-17 
 1075.000  4.809731e+02  1.523411e+00 -1.689106e-15  4.731003e+01  3.378811e-01 -3.408452e-16 
 1076.000  4.913716e+02  1.549004e+00  1.016854e-15  4.833287e+01  3.433320e-01  8.098438e-17 
 1077.000  4.900853e+02  1.537069e+00  2.292687e-16  4.820634e+01  3.403731e-01  4.380355e-16 
 1078.000  4.912315e+02  1.532434e+00 -4.194385e-15  4.831909e+01  3.389770e-01 -7.038424e-16 
 1079.000  4.722262e+02  1.467594e+00 -3.264341e-17  4.644966e+01  3.246287e-01  1.527727e-16 
 1080.000  4.851974e+02  1.495601e+00 -9.468228e-17  4.772555e+01  3.298200e-01 -3.565399e-17 
 1081.000  4.674118e+02  1.435272e+00 -3.848851e-15  4.597610e+01  3.164973e-01 -6.274670e-16 
 1082.000  4.739265e+02  1.452938e+00 -2.469186e-16  4.661691e+01  3.208611e-01 -9.298082e-17 
 1083.000  4.606507e+02  1.403853e+00 -3.204151e-17  4.531106e+01  3.095509e-01  1.499560e-16 
 1084.000  4.776063e+02  1.446658e+00 -3.358401e-16  4.697886e+01  3.184689e-01 -1.264655e-16 
 1085.000  4.696904e+02  1.409605e+00 -6.212946e-17  4.620023e+01  3.091355e-01 -1.905757e-16 
 1086.000  4.762892e+02  1.426091e+00 -2.496924e-16  4.684931e+01  3.130546e-01  6.545656e-17 
 1087.000  4.489152e+02  1.347806e+00 -2.046769e-15  4.415672e+01  2.971871e-01  1.766992e-16 
 1088.000  4.763109e+02  1.425270e+00  2.357650e-15  4.685144e+01  3.143464e-01  2.000497e-16 
 1089.000  4.558788e+02  1.348840e+00  2.579894e-15  4.484168e+01  2.959455e-01 -1.818476e-16 
 1090.000  4.653880e+02  1.370175e+00  4.036714e-15  4.577703e+01  3.003688e-01  8.567425e-16 
 1091.000  4.689146e+02  1.377438e+00 -8.153525e-16  4.612392e+01  3.022633e-01  1.930651e-16 
 1092.000  4.569054e+02  1.332711e+00  7.766505e-15  4.494266e+01  2.917679e-01  2.924591e-15 
 1093.000  4.485408e+02  1.294424e+00 -2.524306e-15  4.411989e+01  2.820113e-01 -3.007236e-16 
 1094.000  4.070908e+02  1.167312e+00 -5.729845e-16  4.004274e+01  2.538368e-01 -2.157657e-16 
 1095.000  4.408696e+02  1.260113e+00 -5.463673e-16  4.336533e+01  2.741087e-01 -2.057426e-16 
 1096.000  4.392997e+02  1.251503e+00  0.000000e+00  4.321091e+01  2.723121e-01  0.000000e+00 
 1097.000  4.328802e+02  1.227203e+00 -7.121859e-18  4.257946e+01  2.667997e-01 -7.185970e-19 
 1098.000  4.186828e+02  1.167825e+00  8.320875e-16  4.118296e+01  2.516481e-01  2.530462e-16 
 1099.000  4.107202e+02  1.132522e+00  1.124489e-16  4.039973e+01  2.426887e-01  1.187780e-17 
 1100.000  4.183672e+02  1.149922e+00  9.801807e-19  4.115192e+01  2.465009e-01  3.691014e-19 
