  400.000  1.264893e+02  2.429141e+02  0.000000e+00 
  401.000  1.268993e+02  2.402504e+02  8.743929e-14 
  402.000  1.357272e+02  2.533546e+02  1.539200e-14 
  403.000  1.282758e+02  2.361102e+02  1.539859e-14 
  404.000  1.390806e+02  2.524608e+02 -9.232098e-14 
  405.000  1.286683e+02  2.303586e+02 -1.406325e-14 
  406.000  1.288079e+02  2.274732e+02 -2.881944e-14 
  407.000  1.265283e+02  2.204339e+02 -2.797483e-14 
  408.000  1.382349e+02  2.376064e+02  4.478560e-14 
  409.000  1.542861e+02  2.616754e+02 -8.042362e-14 
  410.000  1.300511e+02  2.176663e+02  8.138368e-14 
  411.000  1.539553e+02  2.543065e+02  3.250338e-14 
  412.000  1.607952e+02  2.621593e+02 -3.357005e-14 
  413.000  1.530929e+02  2.463891e+02 -2.190822e-15 
  414.000  1.513932e+02  2.405367e+02 -6.079000e-14 
  415.000  1.627150e+02  2.552496e+02  1.701025e-14 
  416.000  1.629549e+02  2.524109e+02  1.685206e-14 
  417.000  1.591807e+02  2.434863e+02 -4.777130e-14 
  418.000  1.568629e+02  2.369664e+02 -1.375555e-14 
  419.000  1.618766e+02  2.415311e+02  1.622315e-14 
  420.000  1.379990e+02  2.033889e+02 -4.015269e-14 
  421.000  1.741266e+02  2.535237e+02 -1.595463e-14 
  422.000  1.680227e+02  2.416926e+02  4.791393e-14 
  423.000  1.428928e+02  2.030892e+02  5.225785e-14 
  424.000  1.582547e+02  2.222548e+02 -4.424652e-14 
  425.000  1.650083e+02  2.290092e+02  4.465040e-14 
  426.000  1.596763e+02  2.190163e+02 -5.673253e-14 
  427.000  1.546036e+02  2.095952e+02 -2.672867e-14 
  428.000  1.575670e+02  2.111482e+02  1.446406e-14 
  429.000  1.442692e+02  1.911136e+02 -2.448808e-14 
  430.000  1.158531e+02  1.517245e+02 -2.853315e-14 
  431.000  1.048153e+02  1.357180e+02 -5.368005e-14 
  432.000  1.898379e+02  2.430493e+02 -3.137252e-14 
  433.000  1.700188e+02  2.152487e+02  2.785323e-14 
  434.000  1.625762e+02  2.035477e+02  0.000000e+00 
  435.000  1.779407e+02  2.203346e+02  1.535593e-14 
  436.000  1.984799e+02  2.430828e+02  8.037166e-14 
  437.000  2.015702e+02  2.441887e+02  4.902559e-14 
  438.000  1.816108e+02  2.176375e+02  0.000000e+00 
  439.000  1.767491e+02  2.095433e+02  1.277868e-14 
  440.000  1.992202e+02  2.336701e+02 -3.299724e-14 
  441.000  1.996828e+02  2.317359e+02 -4.702168e-14 
  442.000  2.114633e+02  2.428282e+02  1.723976e-14 
  443.000  2.140323e+02  2.432108e+02 -6.694406e-14 
  444.000  2.137793e+02  2.404011e+02  0.000000e+00 
  445.000  2.260519e+02  2.515779e+02 -5.163893e-14 
  446.000  2.022518e+02  2.227790e+02  0.000000e+00 
  447.000  2.318863e+02  2.528219e+02 -3.398814e-14 
  448.000  2.370434e+02  2.558417e+02  0.000000e+00 
  449.000  2.399755e+02  2.564174e+02  5.317306e-14 
  450.000  2.465379e+02  2.608109e+02  7.058021e-14 
  451.000  2.678413e+02  2.805448e+02 -3.805118e-14 
  452.000  2.502685e+02  2.595584e+02  3.529537e-14 
  453.000  2.334865e+02  2.397832e+02  1.517299e-14 
  454.000  2.501643e+02  2.544101e+02 -7.206255e-14 
  455.000  2.531266e+02  2.549303e+02  0.000000e+00 
  456.000  2.604604e+02  2.597886e+02 -7.404363e-14 
  457.000  2.631288e+02  2.599374e+02  7.432324e-14 
  458.000  2.596806e+02  2.540892e+02 -3.517992e-14 
  459.000  2.608128e+02  2.527811e+02  0.000000e+00 
  460.000  2.596922e+02  2.493268e+02 -3.474847e-14 
  461.000  2.702920e+02  2.570760e+02  3.852760e-14 
  462.000  2.670417e+02  2.516217e+02  3.530212e-14 
  463.000  2.682542e+02  2.504260e+02  3.525225e-14 
  464.000  2.703934e+02  2.501100e+02 -3.529114e-14 
  465.000  2.676681e+02  2.453325e+02  1.412957e-13 
  466.000  2.773903e+02  2.519381e+02 -1.071738e-13 
  467.000  2.687769e+02  2.419121e+02 -1.056472e-13 
  468.000  2.856631e+02  2.547955e+02  3.634641e-14 
  469.000  2.841857e+02  2.512009e+02  5.165536e-15 
  470.000  2.812264e+02  2.463588e+02  7.340120e-14 
  471.000  2.816054e+02  2.444871e+02 -3.785701e-14 
  472.000  2.858711e+02  2.459795e+02  0.000000e+00 
  473.000  2.834662e+02  2.417409e+02 -2.534350e-15 
  474.000  2.863912e+02  2.420690e+02  7.367379e-14 
  475.000  2.984072e+02  2.499761e+02 -3.699252e-14 
  476.000  2.894356e+02  2.402876e+02 -1.076058e-13 
  477.000  2.871330e+02  2.362714e+02  5.203271e-14 
  478.000  3.025644e+02  2.468796e+02  7.443304e-14 
  479.000  2.904365e+02  2.350536e+02  3.795452e-14 
  480.000  2.978965e+02  2.391512e+02  3.598311e-14 
  481.000  2.976578e+02  2.370307e+02  0.000000e+00 
  482.000  3.053752e+02  2.412083e+02 -7.519332e-14 
  483.000  3.070367e+02  2.405522e+02  3.884391e-14 
  484.000  2.963851e+02  2.303177e+02 -3.727126e-14 
  485.000  2.996480e+02  2.309592e+02 -3.747563e-14 
  486.000  2.438342e+02  1.864169e+02  3.032699e-14 
  487.000  2.750584e+02  2.085924e+02 -3.401975e-14 
  488.000  2.997174e+02  2.254665e+02  6.879876e-14 
  489.000  2.795886e+02  2.086423e+02 -2.291661e-15 
  490.000  3.194000e+02  2.364545e+02  3.627233e-14 
  491.000  2.998254e+02  2.202014e+02 -3.389284e-14 
  492.000  2.890020e+02  2.105743e+02 -3.019136e-14 
  493.000  3.122013e+02  2.256891e+02  7.248190e-14 
  494.000  3.025008e+02  2.169645e+02  3.133064e-14 
  495.000  3.243327e+02  2.308116e+02  7.466073e-14 
  496.000  3.166688e+02  2.236052e+02  3.506997e-14 
  497.000  3.079503e+02  2.157671e+02 -1.044227e-13 
  498.000  3.014180e+02  2.095649e+02 -6.633233e-14 
  499.000  3.014176e+02  2.079589e+02  0.000000e+00 
  500.000  3.008102e+02  2.059576e+02 -1.668320e-13 
  501.000  2.947499e+02  2.002761e+02 -3.444332e-14 
  502.000  2.934971e+02  1.979186e+02 -9.800571e-14 
  503.000  3.117088e+02  2.086199e+02  3.621112e-14 
  504.000  2.906688e+02  1.930828e+02  0.000000e+00 
  505.000  3.142074e+02  2.071641e+02 -3.386370e-14 
  506.000  3.373253e+02  2.207672e+02  3.880317e-14 
  507.000  3.147516e+02  2.044831e+02 -3.605398e-14 
  508.000  3.027082e+02  1.952241e+02  6.443153e-14 
  509.000  3.273395e+02  2.095763e+02  1.412602e-13 
  510.000  3.180486e+02  2.021552e+02  3.598042e-14 
  511.000  3.189782e+02  2.012855e+02  3.353879e-14 
  512.000  3.356491e+02  2.102863e+02  7.284148e-14 
  513.000  3.079826e+02  1.915757e+02  3.213964e-14 
  514.000  3.022839e+02  1.866949e+02  0.000000e+00 
  515.000  3.093766e+02  1.897239e+02  6.409401e-14 
  516.000  3.257008e+02  1.983254e+02  0.000000e+00 
  517.000  2.403978e+02  1.453526e+02  4.951218e-14 
  518.000  2.982094e+02  1.790441e+02  0.000000e+00 
  519.000  2.830736e+02  1.687711e+02 -2.081898e-15 
  520.000  3.122567e+02  1.848778e+02  6.609657e-14 
  521.000  3.130098e+02  1.840416e+02  0.000000e+00 
  522.000  3.259901e+02  1.903516e+02  3.552808e-14 
  523.000  3.041609e+02  1.763828e+02 -6.173114e-14 
  524.000  3.305273e+02  1.903600e+02  6.694496e-14 
  525.000  3.283808e+02  1.878328e+02  1.019568e-13 
  526.000  3.134544e+02  1.780793e+02  2.269926e-15 
  527.000  2.742055e+02  1.547273e+02  0.000000e+00 
  528.000  3.297609e+02  1.848215e+02  3.315181e-14 
  529.000  3.395726e+02  1.890436e+02  7.061769e-14 
  530.000  3.212946e+02  1.776736e+02 -3.219979e-14 
  531.000  3.501966e+02  1.923691e+02 -3.504066e-14 
  532.000  3.345695e+02  1.825711e+02 -6.683428e-14 
  533.000  2.944203e+02  1.596109e+02  6.076051e-14 
  534.000  3.208453e+02  1.728087e+02  2.957272e-14 
  535.000  3.280988e+02  1.755781e+02 -3.247088e-14 
  536.000  3.489223e+02  1.855242e+02  6.883662e-14 
  537.000  3.244034e+02  1.713838e+02  9.799230e-14 
  538.000  3.402653e+02  1.786160e+02 -6.672769e-14 
  539.000  3.398014e+02  1.772371e+02  3.084084e-14 
  540.000  3.331683e+02  1.726747e+02 -3.482406e-14 
  541.000  3.060796e+02  1.576325e+02  5.954347e-14 
  542.000  3.420579e+02  1.750519e+02 -3.556952e-14 
  543.000  3.277836e+02  1.666943e+02  0.000000e+00 
  544.000  3.463178e+02  1.750179e+02  0.000000e+00 
  545.000  3.417133e+02  1.716140e+02  6.822083e-14 
  546.000  3.346496e+02  1.670224e+02 -3.449280e-14 
  547.000  3.494297e+02  1.733205e+02 -2.407693e-15 
  548.000  3.247327e+02  1.600781e+02  6.220438e-14 
  549.000  3.422991e+02  1.677020e+02 -3.506858e-14 
  550.000  3.353157e+02  1.632756e+02 -6.628870e-14 
  551.000  3.337504e+02  1.615209e+02 -3.179878e-14 
  552.000  3.486989e+02  1.677291e+02 -6.872784e-14 
  553.000  3.355630e+02  1.604322e+02  0.000000e+00 
  554.000  3.470628e+02  1.649282e+02 -1.340621e-13 
  555.000  3.485744e+02  1.646500e+02 -6.841667e-14 
  556.000  3.394704e+02  1.593884e+02  0.000000e+00 
  557.000  3.298497e+02  1.539451e+02  3.117588e-14 
  558.000  3.428401e+02  1.590543e+02  0.000000e+00 
  559.000  3.244797e+02  1.496422e+02 -3.060727e-14 
  560.000  3.262929e+02  1.495866e+02  3.075356e-14 
  561.000  3.590000e+02  1.636077e+02 -6.762796e-14 
  562.000  3.295979e+02  1.493118e+02 -9.317830e-14 
  563.000  3.451327e+02  1.554285e+02  3.484527e-14 
  564.000  3.404762e+02  1.524282e+02  3.437527e-14 
  565.000  3.445023e+02  1.533169e+02 -6.495841e-14 
  566.000  3.178431e+02  1.406265e+02  6.207953e-14 
  567.000  3.403573e+02  1.496784e+02  0.000000e+00 
  568.000  3.366282e+02  1.470666e+02  0.000000e+00 
  569.000  3.234703e+02  1.404798e+02  5.486427e-14 
  570.000  3.264526e+02  1.409542e+02  4.787445e-15 
  571.000  3.197485e+02  1.372678e+02  1.424096e-14 
  572.000  3.334654e+02  1.423198e+02 -2.063025e-14 
  573.000  3.384895e+02  1.436476e+02  3.593066e-14 
  574.000  3.372485e+02  1.423111e+02  4.316121e-15 
  575.000  3.289816e+02  1.380322e+02 -9.372207e-15 
  576.000  3.234275e+02  1.349416e+02 -1.309982e-14 
  577.000  3.387570e+02  1.405083e+02  1.631590e-14 
  578.000  3.314330e+02  1.367740e+02  1.694120e-14 
  579.000  3.311992e+02  1.359809e+02  0.000000e+00 
  580.000  3.449225e+02  1.408947e+02  3.233496e-14 
  581.000  3.418020e+02  1.389412e+02  0.000000e+00 
  582.000  3.491602e+02  1.412138e+02  0.000000e+00 
  583.000  3.531129e+02  1.420668e+02 -3.228036e-14 
  584.000  3.534000e+02  1.414392e+02  3.214895e-14 
  585.000  3.521189e+02  1.401806e+02  0.000000e+00 
  586.000  3.379659e+02  1.338358e+02 -9.596217e-14 
  587.000  3.497584e+02  1.377757e+02 -6.721461e-14 
  588.000  3.368894e+02  1.319576e+02 -1.847307e-14 
  589.000  2.857227e+02  1.114841e+02  2.360822e-14 
  590.000  2.979753e+02  1.156676e+02 -2.002638e-14 
  591.000  3.272526e+02  1.262362e+02 -7.060682e-15 
  592.000  3.162640e+02  1.214350e+02  2.095131e-14 
  593.000  3.316231e+02  1.265394e+02  5.607737e-14 
  594.000  3.326054e+02  1.262766e+02 -1.856210e-14 
  595.000  3.187438e+02  1.204870e+02  4.278839e-14 
  596.000  3.387771e+02  1.272712e+02  4.380363e-15 
  597.000  3.376226e+02  1.261995e+02  3.859528e-14 
  598.000  3.358640e+02  1.248725e+02  3.652596e-14 
  599.000  3.383199e+02  1.251433e+02  1.206647e-14 
  600.000  3.431304e+02  1.263107e+02  3.552540e-16 
  601.000  3.444355e+02  1.261461e+02 -3.258013e-14 
  602.000  3.419817e+02  1.246428e+02  3.221263e-14 
  603.000  3.456916e+02  1.253928e+02 -6.041131e-14 
  604.000  3.582029e+02  1.293056e+02 -3.335548e-14 
  605.000  3.586753e+02  1.288463e+02 -6.425704e-14 
  606.000  3.554704e+02  1.270638e+02 -2.199668e-15 
  607.000  3.543950e+02  1.260543e+02  3.263458e-14 
  608.000  3.539554e+02  1.252770e+02 -3.032129e-14 
  609.000  3.511390e+02  1.236683e+02  3.214932e-14 
  610.000  3.463200e+02  1.213723e+02 -2.950015e-14 
  611.000  3.527796e+02  1.230310e+02  0.000000e+00 
  612.000  3.489995e+02  1.211184e+02  0.000000e+00 
  613.000  3.446788e+02  1.190361e+02 -6.029931e-14 
  614.000  3.329632e+02  1.144310e+02  0.000000e+00 
  615.000  3.496723e+02  1.195910e+02  2.108386e-15 
  616.000  3.331684e+02  1.133954e+02  0.000000e+00 
  617.000  3.357132e+02  1.137095e+02 -5.811702e-14 
  618.000  3.521627e+02  1.187050e+02  0.000000e+00 
  619.000  3.494674e+02  1.172275e+02 -5.817317e-14 
  620.000  3.551330e+02  1.185534e+02  2.950905e-14 
  621.000  3.616848e+02  1.201582e+02  9.003316e-14 
  622.000  3.429552e+02  1.133865e+02  0.000000e+00 
  623.000  3.458797e+02  1.138007e+02 -6.140340e-14 
  624.000  3.465107e+02  1.134596e+02  3.073330e-14 
  625.000  3.373283e+02  1.099221e+02  0.000000e+00 
  626.000  3.385611e+02  1.097781e+02  0.000000e+00 
  627.000  3.408295e+02  1.098914e+02  1.329273e-14 
  628.000  3.253050e+02  1.042875e+02  9.486049e-15 
  629.000  3.397850e+02  1.084877e+02  4.974384e-15 
  630.000  3.322019e+02  1.055977e+02  2.907892e-14 
  631.000  3.471786e+02  1.098917e+02 -2.996039e-14 
  632.000  3.215386e+02  1.012951e+02 -9.684625e-15 
  633.000  3.503331e+02  1.098828e+02  1.343306e-14 
  634.000  3.423084e+02  1.069186e+02 -3.000382e-14 
  635.000  3.496424e+02  1.087196e+02 -5.898422e-14 
  636.000  3.391923e+02  1.050196e+02  0.000000e+00 
  637.000  3.520190e+02  1.085184e+02 -3.031059e-14 
  638.000  3.604761e+02  1.106804e+02  0.000000e+00 
  639.000  3.587245e+02  1.096575e+02  2.837540e-14 
  640.000  3.494260e+02  1.063670e+02 -1.969672e-15 
  641.000  3.553916e+02  1.077028e+02  2.980275e-14 
  642.000  3.526465e+02  1.064154e+02  0.000000e+00 
  643.000  3.583676e+02  1.076300e+02  0.000000e+00 
  644.000  3.550256e+02  1.061552e+02 -2.760058e-14 
  645.000  3.567514e+02  1.061484e+02  0.000000e+00 
  646.000  3.356701e+02  9.942809e+01 -3.284245e-14 
  647.000  3.350788e+02  9.883639e+01 -1.706227e-14 
  648.000  3.286817e+02  9.657865e+01 -1.624078e-16 
  649.000  3.413812e+02  9.982752e+01  3.855984e-14 
  650.000  3.270560e+02  9.520853e+01 -4.134583e-14 
  651.000  3.528502e+02  1.022719e+02  9.217625e-15 
  652.000  3.370809e+02  9.729215e+01 -2.478067e-14 
  653.000  3.556021e+02  1.021901e+02  7.893781e-15 
  654.000  3.502914e+02  1.002242e+02 -4.641320e-14 
  655.000  3.376367e+02  9.618244e+01 -4.514970e-15 
  656.000  2.882689e+02  8.176810e+01 -1.326662e-14 
  657.000  3.100894e+02  8.758648e+01 -1.469008e-14 
  658.000  3.496946e+02  9.837660e+01  9.043086e-15 
  659.000  3.532804e+02  9.898726e+01  0.000000e+00 
  660.000  3.574231e+02  9.968616e+01  0.000000e+00 
  661.000  3.624022e+02  1.007124e+02  8.072473e-14 
  662.000  3.694802e+02  1.022756e+02  0.000000e+00 
  663.000  3.657174e+02  1.008009e+02  8.278304e-14 
  664.000  3.608662e+02  9.905497e+01  5.300049e-14 
  665.000  3.634180e+02  9.934628e+01 -5.510506e-14 
  666.000  3.688643e+02  1.004250e+02 -5.572234e-14 
  667.000  3.624449e+02  9.827370e+01  0.000000e+00 
  668.000  3.656164e+02  9.873392e+01 -5.294129e-14 
  669.000  3.717201e+02  9.997171e+01  5.367111e-14 
  670.000  3.680063e+02  9.856683e+01  8.140666e-14 
  671.000  3.648811e+02  9.733090e+01  8.050225e-14 
  672.000  3.643722e+02  9.679752e+01 -5.221930e-14 
  673.000  3.676526e+02  9.727020e+01 -8.451636e-14 
  674.000  3.690312e+02  9.723719e+01  0.000000e+00 
  675.000  3.640504e+02  9.553513e+01 -5.182123e-14 
  676.000  3.715597e+02  9.711023e+01  5.656684e-14 
  677.000  3.647731e+02  9.495061e+01  2.771069e-14 
  678.000  3.714220e+02  9.629110e+01  0.000000e+00 
  679.000  3.666561e+02  9.467032e+01  0.000000e+00 
  680.000  3.637888e+02  9.353920e+01 -3.689716e-15 
  681.000  3.642949e+02  9.328259e+01  7.903181e-14 
  682.000  3.639868e+02  9.282863e+01 -7.700337e-14 
  683.000  3.666027e+02  9.311440e+01  7.937092e-14 
  684.000  3.598174e+02  9.101080e+01  2.538525e-14 
  685.000  3.648664e+02  9.193137e+01  2.564979e-14 
  686.000  3.475047e+02  8.716975e+01  2.460980e-14 
  687.000  2.734926e+02  6.838087e+01  0.000000e+00 
  688.000  2.970133e+02  7.392214e+01  3.588435e-15 
  689.000  2.909444e+02  7.216815e+01  0.000000e+00 
  690.000  3.049411e+02  7.527270e+01 -2.664062e-14 
  691.000  3.214685e+02  7.896986e+01  2.605032e-14 
  692.000  3.264987e+02  7.989088e+01  2.121978e-14 
  693.000  3.162772e+02  7.719944e+01 -2.209862e-15 
  694.000  3.064893e+02  7.464226e+01  7.257216e-15 
  695.000  3.101016e+02  7.516356e+01 -2.418381e-15 
  696.000  3.194199e+02  7.708430e+01  2.447313e-14 
  697.000  3.458195e+02  8.302576e+01 -1.277877e-14 
  698.000  3.342003e+02  7.992538e+01 -1.336681e-14 
  699.000  3.175154e+02  7.578118e+01  7.861085e-15 
  700.000  3.176192e+02  7.548396e+01 -1.152735e-14 
  701.000  3.057843e+02  7.243745e+01 -2.309698e-15 
  702.000  3.080590e+02  7.267068e+01  1.251823e-15 
  703.000  3.314645e+02  7.777405e+01  2.056294e-14 
  704.000  3.335041e+02  7.795627e+01  4.203955e-14 
  705.000  3.283638e+02  7.650175e+01 -4.454119e-15 
  706.000  3.266465e+02  7.580772e+01 -5.499060e-15 
  707.000  3.247224e+02  7.506517e+01  4.419770e-15 
  708.000  3.374919e+02  7.771382e+01  2.538349e-14 
  709.000  3.318724e+02  7.612447e+01 -1.346259e-14 
  710.000  3.330377e+02  7.611866e+01  3.601917e-15 
  711.000  3.366639e+02  7.664809e+01 -1.697627e-14 
  712.000  3.379294e+02  7.665930e+01 -1.183918e-14 
  713.000  3.320151e+02  7.502749e+01  1.673767e-14 
  714.000  3.361460e+02  7.567701e+01 -3.704530e-15 
  715.000  3.169994e+02  7.111635e+01  1.723168e-14 
  716.000  3.171658e+02  7.092195e+01  3.992538e-14 
  717.000  2.623968e+02  5.856342e+01 -5.488241e-15 
  718.000  2.345489e+02  5.203643e+01 -5.463686e-16 
  719.000  2.227772e+02  4.925278e+01  1.188632e-15 
  720.000  2.117270e+02  4.671486e+01 -1.734743e-15 
  721.000  2.721959e+02  5.990288e+01 -1.084366e-15 
  722.000  3.005685e+02  6.579454e+01 -5.870345e-15 
  723.000  2.861991e+02  6.251114e+01  4.375979e-16 
  724.000  2.505923e+02  5.442398e+01  3.144595e-16 
  725.000  2.530354e+02  5.478310e+01  6.201221e-15 
  726.000  2.511103e+02  5.415953e+01 -7.785575e-15 
  727.000  2.601660e+02  5.594076e+01 -5.526298e-16 
  728.000  2.504187e+02  5.361834e+01  3.468067e-15 
  729.000  2.539781e+02  5.426639e+01  6.611983e-15 
  730.000  2.612895e+02  5.561525e+01  2.636068e-15 
  731.000  2.544837e+02  5.395561e+01 -5.316903e-16 
  732.000  2.836086e+02  5.999497e+01 -1.337409e-14 
  733.000  3.037069e+02  6.388045e+01  1.265087e-14 
  734.000  3.225902e+02  6.755130e+01  1.681146e-14 
  735.000  3.159654e+02  6.595322e+01  2.451379e-14 
  736.000  3.025238e+02  6.297475e+01  1.252148e-14 
  737.000  3.126516e+02  6.481753e+01  2.348711e-14 
  738.000  3.202442e+02  6.612170e+01  2.359662e-14 
  739.000  3.135591e+02  6.450784e+01  2.983946e-14 
  740.000  3.245937e+02  6.654879e+01  3.261238e-15 
  741.000  3.267683e+02  6.677876e+01  2.040992e-14 
  742.000  3.234746e+02  6.588619e+01  4.324379e-15 
  743.000  3.372528e+02  6.845982e+01 -2.215006e-14 
  744.000  3.425703e+02  6.932093e+01  3.209896e-15 
  745.000  3.353000e+02  6.763178e+01  2.489418e-14 
  746.000  3.413202e+02  6.862145e+01 -2.365241e-14 
  747.000  3.470989e+02  6.954423e+01 -2.401897e-14 
  748.000  3.418353e+02  6.826434e+01  4.714074e-14 
  749.000  3.425871e+02  6.818412e+01  4.398573e-14 
  750.000  3.374538e+02  6.692654e+01  0.000000e+00 
  751.000  3.369140e+02  6.659106e+01  2.316513e-14 
  752.000  3.431815e+02  6.760870e+01  0.000000e+00 
  753.000  3.405257e+02  6.686053e+01  0.000000e+00 
  754.000  3.463370e+02  6.777251e+01 -4.413084e-14 
  755.000  3.446795e+02  6.721951e+01 -4.702351e-14 
  756.000  3.382681e+02  6.574615e+01 -4.301050e-14 
  757.000  3.410134e+02  6.605537e+01  4.643271e-14 
  758.000  3.396959e+02  6.556519e+01 -6.650550e-14 
  759.000  2.896546e+02  5.561925e+01  1.336103e-14 
  760.000  5.872213e+01  1.153083e+01 -1.570389e-16 
  761.000  4.615441e+01  9.157164e+00  1.324664e-15 
  762.000  1.449935e+02  2.770490e+01  6.227820e-17 
  763.000  1.108020e+02  2.128494e+01  1.312869e-15 
  764.000  1.294779e+02  2.469441e+01  2.678938e-15 
  765.000  1.769577e+02  3.329921e+01 -4.919488e-15 
  766.000  2.306185e+02  4.329739e+01 -8.550837e-15 
  767.000  2.690780e+02  5.034530e+01  9.532101e-15 
  768.000  3.046425e+02  5.675363e+01 -1.700176e-14 
  769.000  3.203511e+02  5.952597e+01 -4.308146e-14 
  770.000  3.275180e+02  6.071187e+01  1.849566e-15 
  771.000  3.319391e+02  6.135160e+01  2.237093e-14 
  772.000  3.318313e+02  6.113993e+01  2.227393e-14 
  773.000  3.310706e+02  6.080342e+01  4.138506e-14 
  774.000  3.352734e+02  6.137808e+01 -4.481056e-14 
  775.000  3.231975e+02  5.897745e+01 -8.334489e-14 
  776.000  3.369835e+02  6.129552e+01  0.000000e+00 
  777.000  3.348532e+02  6.070950e+01 -4.158673e-14 
  778.000  3.331404e+02  6.020095e+01 -4.433577e-14 
  779.000  3.343041e+02  6.021354e+01  2.224152e-14 
  780.000  3.302466e+02  5.928846e+01  0.000000e+00 
  781.000  3.303244e+02  5.911610e+01  4.091773e-14 
  782.000  3.343682e+02  5.964491e+01 -4.141415e-14 
  783.000  3.266316e+02  5.807569e+01  4.044920e-14 
  784.000  3.284087e+02  5.820080e+01 -6.248573e-14 
  785.000  3.279467e+02  5.791413e+01  0.000000e+00 
  786.000  3.200322e+02  5.630706e+01 -4.015597e-14 
  787.000  3.199510e+02  5.609298e+01 -1.261724e-14 
  788.000  3.125896e+02  5.461409e+01  1.043375e-14 
  789.000  3.050061e+02  5.310616e+01  4.915125e-15 
  790.000  3.012112e+02  5.227972e+01 -6.828027e-15 
  791.000  3.015534e+02  5.217162e+01 -1.308263e-14 
  792.000  2.985471e+02  5.148834e+01 -5.836638e-15 
  793.000  3.021952e+02  5.195779e+01  1.622134e-14 
  794.000  3.072245e+02  5.269157e+01  1.836524e-14 
  795.000  3.008070e+02  5.140316e+01  4.577906e-14 
  796.000  2.930170e+02  4.991170e+01 -6.104157e-15 
  797.000  2.987088e+02  5.071445e+01 -6.949743e-16 
  798.000  3.073309e+02  5.202216e+01 -3.367366e-15 
  799.000  3.053191e+02  5.151592e+01 -2.892905e-15 
  800.000  2.916060e+02  4.904703e+01 -6.365124e-15 
  801.000  2.978627e+02  4.994313e+01  4.254762e-15 
  802.000  2.968144e+02  4.961378e+01  6.956370e-15 
  803.000  2.935619e+02  4.891769e+01 -2.672698e-14 
  804.000  2.991878e+02  4.970135e+01  6.483869e-15 
  805.000  2.964291e+02  4.910147e+01 -1.054276e-15 
  806.000  3.078738e+02  5.085398e+01  4.799149e-14 
  807.000  3.063152e+02  5.044152e+01 -4.228029e-15 
  808.000  3.027125e+02  4.968659e+01 -1.516837e-14 
  809.000  2.954547e+02  4.833878e+01  1.720867e-14 
  810.000  2.917467e+02  4.758012e+01  1.562004e-14 
  811.000  2.913797e+02  4.737259e+01  1.859511e-14 
  812.000  2.835716e+02  4.597491e+01 -9.522800e-15 
  813.000  2.741170e+02  4.434089e+01 -9.311824e-15 
  814.000  2.629862e+02  4.247094e+01 -4.971236e-15 
  815.000  2.471000e+02  3.984157e+01 -4.630474e-15 
  816.000  2.291716e+02  3.682994e+01 -1.519328e-18 
  817.000  2.313267e+02  3.706610e+01 -1.859620e-15 
  818.000  2.312347e+02  3.694352e+01  3.363590e-15 
  819.000  2.302644e+02  3.668895e+01  3.942479e-15 
  820.000  2.430713e+02  3.856352e+01 -1.774019e-16 
  821.000  2.723298e+02  4.295509e+01  1.626709e-16 
  822.000  2.490797e+02  3.925198e+01 -4.406103e-15 
  823.000  2.113128e+02  3.319228e+01 -2.396093e-15 
  824.000  2.496495e+02  3.914877e+01  1.268255e-15 
  825.000  2.736049e+02  4.264264e+01  4.428900e-17 
  826.000  2.714430e+02  4.220121e+01 -9.858744e-15 
  827.000  2.675454e+02  4.148721e+01 -1.131696e-14 
  828.000  2.512210e+02  3.892877e+01  5.397568e-15 
  829.000  2.568068e+02  3.964423e+01  4.470416e-15 
  830.000  2.591791e+02  3.985559e+01 -1.164659e-16 
  831.000  2.562631e+02  3.928432e+01  5.399408e-15 
  832.000  2.624507e+02  4.011456e+01 -7.276686e-15 
  833.000  2.580438e+02  3.930824e+01 -9.099323e-15 
  834.000  2.663653e+02  4.044044e+01  1.260343e-14 
  835.000  2.755930e+02  4.170087e+01  1.284643e-14 
  836.000  2.762047e+02  4.167590e+01  3.254071e-14 
  837.000  2.738142e+02  4.119664e+01  5.313361e-15 
  838.000  2.790811e+02  4.186213e+01  8.754279e-15 
  839.000  2.729522e+02  4.082476e+01 -2.424248e-14 
  840.000  2.812858e+02  4.195000e+01 -3.815404e-15 
  841.000  2.794713e+02  4.155749e+01 -9.140903e-15 
  842.000  2.802298e+02  4.155082e+01 -7.209133e-15 
  843.000  2.840526e+02  4.200951e+01 -1.320051e-15 
  844.000  2.819957e+02  4.159663e+01  9.851672e-15 
  845.000  2.875835e+02  4.230515e+01  6.275661e-15 
  846.000  2.915123e+02  4.276745e+01 -9.257999e-15 
  847.000  2.826819e+02  4.134900e+01 -3.658900e-14 
  848.000  2.890924e+02  4.216296e+01 -2.638932e-14 
  849.000  2.900028e+02  4.217598e+01 -2.158564e-14 
  850.000  2.498719e+02  3.622976e+01 -1.911568e-14 
  851.000  2.850702e+02  4.120832e+01  7.761272e-15 
  852.000  2.744797e+02  3.956466e+01  6.339868e-15 
  853.000  2.798188e+02  4.023052e+01 -1.605904e-14 
  854.000  2.249647e+02  3.225140e+01 -1.477596e-14 
  855.000  2.486525e+02  3.555177e+01 -1.961949e-14 
  856.000  2.842113e+02  4.052526e+01  0.000000e+00 
  857.000  2.897383e+02  4.120495e+01  0.000000e+00 
  858.000  2.856997e+02  4.052030e+01  1.699890e-14 
  859.000  2.867342e+02  4.056185e+01  1.219148e-15 
  860.000  2.847121e+02  4.016647e+01 -1.802835e-14 
  861.000  2.848708e+02  4.007635e+01 -1.802499e-14 
  862.000  2.843327e+02  3.989089e+01  0.000000e+00 
  863.000  2.899092e+02  4.055917e+01 -5.245921e-14 
  864.000  2.896952e+02  4.041798e+01  0.000000e+00 
  865.000  2.846068e+02  3.959872e+01 -6.928215e-14 
  866.000  2.388509e+02  3.313974e+01  0.000000e+00 
  867.000  2.543880e+02  3.519623e+01 -2.144659e-15 
  868.000  2.760073e+02  3.808093e+01 -1.503510e-14 
  869.000  2.722880e+02  3.746356e+01  3.423385e-14 
  870.000  2.835477e+02  3.890342e+01  0.000000e+00 
  871.000  2.833005e+02  3.876196e+01  1.779840e-14 
  872.000  2.824180e+02  3.853545e+01  3.544993e-14 
  873.000  2.834584e+02  3.856836e+01 -1.541420e-14 
  874.000  2.772337e+02  3.761595e+01 -3.482065e-14 
  875.000  2.747411e+02  3.717435e+01 -1.725087e-14 
  876.000  2.769140e+02  3.736295e+01  0.000000e+00 
  877.000  2.824917e+02  3.800999e+01 -3.311840e-14 
  878.000  2.771866e+02  3.718797e+01 -1.745665e-14 
  879.000  2.778728e+02  3.717713e+01  1.172149e-15 
  880.000  2.758793e+02  3.680425e+01 -1.507612e-14 
  881.000  2.613309e+02  3.476506e+01  1.105933e-15 
  882.000  2.756470e+02  3.656687e+01  0.000000e+00 
  883.000  2.696376e+02  3.567409e+01 -3.404915e-14 
  884.000  2.721248e+02  3.590595e+01  1.149977e-15 
  885.000  2.740026e+02  3.604533e+01  0.000000e+00 
  886.000  2.639431e+02  3.462668e+01  4.583067e-15 
  887.000  2.622325e+02  3.430688e+01  1.663340e-14 
  888.000  2.700913e+02  3.523842e+01  1.713306e-14 
  889.000  2.722070e+02  3.542063e+01  1.724115e-14 
  890.000  2.705795e+02  3.510573e+01  0.000000e+00 
  891.000  2.675333e+02  3.461579e+01  1.661888e-15 
  892.000  2.626021e+02  3.386723e+01 -3.840707e-16 
  893.000  2.407072e+02  3.094958e+01 -2.945081e-15 
  894.000  2.424993e+02  3.110889e+01 -7.743608e-15 
  895.000  2.128912e+02  2.732103e+01 -7.408397e-15 
  896.000  2.041203e+02  2.617285e+01  2.450259e-16 
  897.000  1.824833e+02  2.329274e+01  2.292946e-16 
  898.000  1.751862e+02  2.227077e+01 -6.061745e-16 
  899.000  1.554369e+02  1.969854e+01  1.756541e-15 
  900.000  1.540653e+02  1.946590e+01  1.978311e-19 
  901.000  1.462199e+02  1.843855e+01 -8.456898e-16 
  902.000  1.446740e+02  1.819286e+01 -1.023405e-16 
  903.000  1.856868e+02  2.334702e+01  1.389332e-15 
  904.000  2.111192e+02  2.645609e+01 -1.362862e-16 
  905.000  2.100037e+02  2.625349e+01  3.011059e-15 
  906.000  1.905747e+02  2.378976e+01 -1.896291e-15 
  907.000  1.703437e+02  2.113184e+01  8.745122e-16 
  908.000  1.516905e+02  1.876770e+01 -6.306469e-17 
  909.000  1.495867e+02  1.845716e+01  1.700502e-15 
  910.000  1.534192e+02  1.887631e+01  1.720530e-15 
  911.000  1.622376e+02  1.991046e+01  1.892285e-15 
  912.000  1.581559e+02  1.935393e+01 -7.835379e-16 
  913.000  1.429166e+02  1.749858e+01  9.587484e-16 
  914.000  1.512370e+02  1.842579e+01  8.611633e-16 
  915.000  1.560944e+02  1.895298e+01 -9.607986e-16 
  916.000  1.602594e+02  1.940742e+01 -3.542543e-16 
  917.000  1.621138e+02  1.958428e+01 -8.862586e-17 
  918.000  1.669409e+02  2.012841e+01  1.088773e-15 
  919.000  1.890192e+02  2.280679e+01  3.636752e-15 
  920.000  2.032521e+02  2.443472e+01  5.574660e-18 
  921.000  1.955732e+02  2.346563e+01  6.443487e-16 
  922.000  1.936402e+02  2.317518e+01  3.991286e-15 
  923.000  1.814595e+02  2.167100e+01 -3.441142e-15 
  924.000  1.790820e+02  2.132471e+01  2.176579e-15 
  925.000  1.803494e+02  2.141677e+01 -1.241398e-15 
  926.000  1.728535e+02  2.047069e+01 -1.552723e-16 
  927.000  1.671733e+02  1.970561e+01  1.733095e-16 
  928.000  1.505671e+02  1.767498e+01 -4.312882e-19 
  929.000  1.255695e+02  1.478652e+01  5.534603e-23 
  930.000  9.986401e+01  1.191201e+01 -2.265990e-16 
  931.000  7.592699e+01  9.216755e+00 -1.644729e-26 
  932.000  4.931992e+01  6.143670e+00 -5.614532e-17 
  933.000  3.537847e+01  4.524966e+00 -1.401601e-16 
  934.000  2.410038e+01  3.244058e+00 -1.287664e-19 
  935.000  2.258588e+01  3.061579e+00  3.475187e-22 
  936.000  2.594856e+01  3.424695e+00  1.780754e-34 
  937.000  2.579113e+01  3.407649e+00 -1.922214e-16 
  938.000  3.876247e+01  4.838779e+00 -5.576586e-17 
  939.000  9.040905e+01  1.058559e+01 -1.059250e-17 
  940.000  1.004083e+02  1.161711e+01 -3.430929e-16 
  941.000  9.005912e+01  1.047302e+01  2.162634e-16 
  942.000  6.869754e+01  8.125357e+00 -2.061132e-16 
  943.000  4.679366e+01  5.668032e+00  5.987097e-17 
  944.000  4.384132e+01  5.312541e+00  1.599575e-19 
  945.000  5.203161e+01  6.233729e+00  5.479067e-17 
  946.000  5.348094e+01  6.382638e+00  5.487601e-17 
  947.000  6.169821e+01  7.277363e+00  1.115028e-16 
  948.000  6.744843e+01  7.892611e+00  1.146706e-16 
  949.000  6.735606e+01  7.862120e+00  1.219822e-18 
  950.000  6.844395e+01  7.956603e+00  3.808490e-17 
  951.000  8.081013e+01  9.254041e+00 -1.828880e-25 
  952.000  6.794411e+01  7.855698e+00  4.206252e-16 
  953.000  7.743684e+01  8.850761e+00  2.159581e-16 
  954.000  8.798789e+01  9.927915e+00 -4.473317e-17 
  955.000  7.447555e+01  8.446427e+00 -1.997398e-16 
  956.000  7.840003e+01  8.877416e+00 -7.442485e-18 
  957.000  1.083788e+02  1.195427e+01 -2.264095e-16 
  958.000  1.142031e+02  1.253178e+01 -1.830852e-23 
  959.000  1.096405e+02  1.204261e+01 -8.792795e-16 
  960.000  1.074622e+02  1.178629e+01  2.025921e-17 
  961.000  1.039836e+02  1.139723e+01  2.246274e-16 
  962.000  1.072712e+02  1.170889e+01  5.398239e-16 
  963.000  1.261262e+02  1.359671e+01  4.587104e-16 
  964.000  1.278323e+02  1.373345e+01  3.767051e-16 
  965.000  1.278488e+02  1.371072e+01  4.616802e-16 
  966.000  1.255764e+02  1.342943e+01  7.522049e-16 
  967.000  1.445789e+02  1.538407e+01  8.364586e-16 
  968.000  1.705293e+02  1.817460e+01 -2.440604e-17 
  969.000  1.853081e+02  1.968155e+01 -9.270098e-16 
  970.000  1.867851e+02  1.978875e+01 -5.614048e-15 
  971.000  1.848931e+02  1.954195e+01  1.022459e-15 
  972.000  1.823058e+02  1.923306e+01 -3.231723e-15 
  973.000  1.719243e+02  1.810201e+01  1.677388e-15 
  974.000  1.592868e+02  1.670563e+01  3.111004e-16 
  975.000  1.538677e+02  1.607501e+01 -7.377216e-16 
  976.000  1.635653e+02  1.707567e+01 -1.578945e-16 
  977.000  1.725715e+02  1.799226e+01 -3.737814e-15 
  978.000  1.759289e+02  1.829963e+01  1.660035e-15 
  979.000  1.745331e+02  1.810700e+01  1.473170e-15 
  980.000  1.914638e+02  1.976392e+01 -4.123339e-16 
  981.000  1.962681e+02  2.019844e+01 -3.906787e-15 
  982.000  1.927655e+02  1.980530e+01 -3.295061e-15 
  983.000  2.000873e+02  2.047874e+01 -4.547882e-15 
  984.000  2.069297e+02  2.110687e+01 -3.815093e-15 
  985.000  2.116177e+02  2.152804e+01  0.000000e+00 
  986.000  2.160719e+02  2.193066e+01  1.549043e-15 
  987.000  2.213481e+02  2.241692e+01 -1.518463e-14 
  988.000  2.193380e+02  2.216141e+01 -8.148142e-15 
  989.000  2.170290e+02  2.187632e+01 -9.029423e-15 
  990.000  2.195973e+02  2.208350e+01 -3.238885e-15 
  991.000  2.237636e+02  2.245498e+01 -1.916948e-14 
  992.000  2.224040e+02  2.226693e+01 -3.819698e-15 
  993.000  2.226945e+02  2.224315e+01  4.919117e-15 
  994.000  2.258222e+02  2.250337e+01 -1.375802e-14 
  995.000  2.255568e+02  2.242991e+01 -1.365476e-14 
  996.000  2.255433e+02  2.237449e+01  1.365195e-14 
  997.000  2.249517e+02  2.225753e+01  0.000000e+00 
  998.000  2.231505e+02  2.202099e+01  0.000000e+00 
  999.000  2.222359e+02  2.187605e+01 -1.313050e-14 
 1000.000  2.208221e+02  2.168626e+01 -6.286981e-15 
 1001.000  2.201046e+02  2.156287e+01 -3.039207e-16 
 1002.000  2.164532e+02  2.114562e+01 -2.032263e-14 
 1003.000  2.147606e+02  2.093178e+01 -4.609824e-15 
 1004.000  2.149140e+02  2.090163e+01  3.798121e-15 
 1005.000  2.015895e+02  1.956140e+01 -1.668857e-15 
 1006.000  2.124794e+02  2.056969e+01 -8.295166e-15 
 1007.000  2.157547e+02  2.083486e+01 -4.396960e-15 
 1008.000  2.140036e+02  2.060947e+01 -1.434516e-15 
 1009.000  2.091756e+02  2.009102e+01 -8.271647e-15 
 1010.000  2.115910e+02  2.027660e+01 -2.354005e-15 
 1011.000  2.142874e+02  2.049420e+01  1.180013e-14 
 1012.000  2.158647e+02  2.060035e+01 -1.494736e-14 
 1013.000  2.154759e+02  2.051830e+01 -5.394370e-15 
 1014.000  2.172255e+02  2.063134e+01 -6.166789e-15 
 1015.000  2.133474e+02  2.021537e+01  1.859295e-14 
 1016.000  2.152831e+02  2.035299e+01  0.000000e+00 
 1017.000  2.135024e+02  2.013828e+01 -6.463110e-15 
 1018.000  2.156608e+02  2.029041e+01 -6.548684e-15 
 1019.000  2.096626e+02  1.968038e+01  8.783133e-15 
 1020.000  2.096937e+02  1.963824e+01 -3.831169e-15 
 1021.000  2.125776e+02  1.985910e+01 -1.848247e-14 
 1022.000  2.080589e+02  1.939092e+01  2.157495e-14 
 1023.000  2.108138e+02  1.959725e+01 -5.652792e-15 
 1024.000  2.090140e+02  1.938194e+01 -6.696305e-15 
 1025.000  2.112896e+02  1.955383e+01  1.026972e-15 
 1026.000  2.124462e+02  1.961268e+01  6.014717e-15 
 1027.000  2.107542e+02  1.940847e+01  5.979748e-15 
 1028.000  2.116591e+02  1.944770e+01  5.993063e-15 
 1029.000  2.094379e+02  1.920326e+01  5.475252e-15 
 1030.000  2.124922e+02  1.944213e+01  1.276556e-14 
 1031.000  2.123062e+02  1.938179e+01  0.000000e+00 
 1032.000  2.119463e+02  1.930525e+01  2.450086e-14 
 1033.000  2.081920e+02  1.891929e+01  1.160800e-14 
 1034.000  2.106239e+02  1.909637e+01  0.000000e+00 
 1035.000  2.084984e+02  1.885974e+01  1.160411e-14 
 1036.000  2.111931e+02  1.905852e+01 -1.260047e-14 
 1037.000  2.067925e+02  1.861777e+01 -1.233559e-14 
 1038.000  2.089518e+02  1.876853e+01  1.245662e-14 
 1039.000  2.096709e+02  1.878810e+01 -1.167182e-14 
 1040.000  2.070914e+02  1.851283e+01  1.153568e-14 
 1041.000  2.081037e+02  1.855920e+01 -1.243089e-14 
 1042.000  2.087094e+02  1.856948e+01  2.410079e-14 
 1043.000  2.051317e+02  1.820849e+01 -1.143217e-14 
 1044.000  2.071021e+02  1.833998e+01  2.392295e-14 
 1045.000  2.059549e+02  1.819425e+01  1.150193e-14 
 1046.000  1.998005e+02  1.760839e+01 -1.117000e-14 
 1047.000  2.033312e+02  1.787694e+01  2.357411e-14 
 1048.000  2.051496e+02  1.799366e+01  1.232269e-14 
 1049.000  2.036953e+02  1.782377e+01 -2.367807e-14 
 1050.000  2.022174e+02  1.765180e+01  6.090370e-15 
 1051.000  2.018946e+02  1.758063e+01 -6.093841e-15 
 1052.000  2.007069e+02  1.743521e+01  4.064494e-16 
 1053.000  2.007036e+02  1.739388e+01 -5.257398e-15 
 1054.000  1.982519e+02  1.713940e+01 -1.162028e-14 
 1055.000  1.993134e+02  1.718907e+01  0.000000e+00 
 1056.000  1.984531e+02  1.707344e+01 -5.640741e-15 
 1057.000  1.974513e+02  1.694436e+01  6.041989e-15 
 1058.000  1.941193e+02  1.661352e+01  5.990319e-15 
 1059.000  1.880491e+02  1.605685e+01  5.801778e-15 
 1060.000  1.953860e+02  1.664745e+01  0.000000e+00 
 1061.000  1.883794e+02  1.601696e+01  0.000000e+00 
 1062.000  1.928667e+02  1.636152e+01 -1.709676e-14 
 1063.000  1.893634e+02  1.603060e+01  5.474493e-15 
 1064.000  1.912650e+02  1.615591e+01  0.000000e+00 
 1065.000  1.902458e+02  1.603366e+01  0.000000e+00 
 1066.000  1.844966e+02  1.551797e+01  2.689574e-15 
 1067.000  1.885823e+02  1.582798e+01 -2.953059e-15 
 1068.000  1.865221e+02  1.562440e+01  5.819587e-15 
 1069.000  1.718027e+02  1.436117e+01 -2.525441e-15 
 1070.000  1.822982e+02  1.520880e+01  4.788802e-15 
 1071.000  1.817255e+02  1.512941e+01 -4.330695e-15 
 1072.000  1.813817e+02  1.506984e+01  2.299149e-15 
 1073.000  1.753109e+02  1.453674e+01  3.911917e-15 
 1074.000  1.817167e+02  1.503864e+01 -3.140808e-16 
 1075.000  1.776252e+02  1.467287e+01 -2.427950e-15 
 1076.000  1.806568e+02  1.489297e+01 -3.674296e-16 
 1077.000  1.790890e+02  1.473399e+01 -4.512862e-15 
 1078.000  1.782064e+02  1.463255e+01 -2.557956e-15 
 1079.000  1.711731e+02  1.402765e+01  1.253292e-16 
 1080.000  1.724049e+02  1.410474e+01 -3.652373e-15 
 1081.000  1.659274e+02  1.354877e+01  7.931082e-16 
 1082.000  1.697593e+02  1.383214e+01 -2.915441e-15 
 1083.000  1.632430e+02  1.327806e+01  0.000000e+00 
 1084.000  1.672785e+02  1.358444e+01  2.717159e-15 
 1085.000  1.599444e+02  1.297921e+01  4.967965e-16 
 1086.000  1.632633e+02  1.321836e+01  6.625271e-16 
 1087.000  1.586948e+02  1.280790e+01 -3.973111e-15 
 1088.000  1.686266e+02  1.358268e+01  1.077909e-16 
 1089.000  1.553990e+02  1.251122e+01 -1.388857e-15 
 1090.000  1.574799e+02  1.265834e+01 -5.088487e-16 
 1091.000  1.597930e+02  1.281425e+01 -2.097172e-15 
 1092.000  1.527191e+02  1.223465e+01  2.855636e-15 
 1093.000  1.435607e+02  1.150185e+01 -1.263306e-15 
 1094.000  1.278339e+02  1.022750e+01  5.179190e-16 
 1095.000  1.388170e+02  1.108345e+01 -9.415491e-16 
 1096.000  1.385708e+02  1.104061e+01  2.372842e-16 
 1097.000  1.352149e+02  1.075369e+01 -1.148396e-15 
 1098.000  1.170786e+02  9.265160e+00 -5.857131e-17 
 1099.000  1.040116e+02  8.213217e+00 -2.961380e-17 
 1100.000  1.066124e+02  8.400409e+00  4.916181e-16 
