  400.000  3.821552e+02  3.361619e+02 -8.774515e-14 
  401.000  3.815117e+02  3.318953e+02 -7.391238e-14 
  402.000  4.060703e+02  3.493923e+02 -1.193079e-13 
  403.000  3.819350e+02  3.250523e+02  2.309789e-14 
  404.000  4.121411e+02  3.469713e+02 -7.638179e-14 
  405.000  3.795017e+02  3.160633e+02 -8.437950e-14 
  406.000  3.781525e+02  3.115834e+02 -1.141356e-14 
  407.000  3.697564e+02  3.014410e+02 -1.123840e-13 
  408.000  4.021351e+02  3.243910e+02  4.841171e-14 
  409.000  4.468191e+02  3.566708e+02 -3.274686e-14 
  410.000  3.749670e+02  2.962082e+02  9.623074e-14 
  411.000  4.419482e+02  3.455190e+02  7.844249e-14 
  412.000  4.595922e+02  3.556285e+02  1.232702e-13 
  413.000  4.357054e+02  3.337128e+02  1.166191e-13 
  414.000  4.291142e+02  3.253304e+02 -1.061145e-13 
  415.000  4.592514e+02  3.446815e+02 -2.380617e-14 
  416.000  4.580094e+02  3.403145e+02 -7.301208e-14 
  417.000  4.455641e+02  3.277788e+02 -5.969454e-14 
  418.000  4.373067e+02  3.185280e+02  2.435731e-14 
  419.000  4.494891e+02  3.241875e+02  1.432525e-13 
  420.000  3.816801e+02  2.725955e+02 -1.185581e-14 
  421.000  4.797233e+02  3.392982e+02  5.015487e-14 
  422.000  4.611156e+02  3.229988e+02  3.919873e-14 
  423.000  3.906473e+02  2.710214e+02  8.434311e-14 
  424.000  4.310067e+02  2.961797e+02  8.445083e-14 
  425.000  4.477349e+02  3.047634e+02 -1.308204e-13 
  426.000  4.316796e+02  2.910705e+02  3.583296e-14 
  427.000  4.164508e+02  2.781763e+02  2.768818e-14 
  428.000  4.229180e+02  2.798700e+02 -7.716485e-15 
  429.000  3.858622e+02  2.529880e+02 -1.836606e-14 
  430.000  3.087833e+02  2.005906e+02 -3.585390e-14 
  431.000  2.784016e+02  1.792020e+02 -6.179029e-14 
  432.000  5.025148e+02  3.205209e+02 -3.752632e-14 
  433.000  4.485363e+02  2.835074e+02 -3.085289e-14 
  434.000  4.274711e+02  2.677666e+02 -5.375773e-14 
  435.000  4.663264e+02  2.894973e+02 -9.467028e-14 
  436.000  5.184586e+02  3.190026e+02 -1.205575e-13 
  437.000  5.248356e+02  3.200735e+02  2.291740e-15 
  438.000  4.713631e+02  2.849369e+02  6.571343e-14 
  439.000  4.572993e+02  2.740204e+02  8.366206e-15 
  440.000  5.138414e+02  3.052224e+02  2.857645e-14 
  441.000  5.134603e+02  3.023555e+02 -7.163155e-14 
  442.000  5.421173e+02  3.164783e+02  6.202996e-14 
  443.000  5.470791e+02  3.166335e+02 -2.249413e-14 
  444.000  5.448412e+02  3.126428e+02  3.318136e-14 
  445.000  5.744772e+02  3.268398e+02  3.603522e-14 
  446.000  5.125668e+02  2.891371e+02 -8.159590e-14 
  447.000  5.859789e+02  3.277766e+02  9.107094e-15 
  448.000  5.971843e+02  3.312970e+02 -1.971027e-14 
  449.000  6.027105e+02  3.316392e+02  9.152165e-14 
  450.000  6.173239e+02  3.369214e+02 -6.239111e-14 
  451.000  6.687112e+02  3.620062e+02 -1.902559e-14 
  452.000  6.230707e+02  3.345663e+02 -7.312483e-14 
  453.000  5.796793e+02  3.087528e+02 -6.412861e-15 
  454.000  6.193952e+02  3.272515e+02  9.319979e-15 
  455.000  6.250866e+02  3.276111e+02  1.073796e-13 
  456.000  6.415971e+02  3.335749e+02 -7.010262e-15 
  457.000  6.465594e+02  3.334846e+02  1.287812e-15 
  458.000  6.365210e+02  3.257111e+02  7.978627e-14 
  459.000  6.377583e+02  3.237726e+02  6.208029e-14 
  460.000  6.335031e+02  3.190918e+02  1.612682e-14 
  461.000  6.578036e+02  3.287482e+02 -8.986685e-14 
  462.000  6.483852e+02  3.215238e+02 -9.898177e-14 
  463.000  6.498314e+02  3.197483e+02 -9.884193e-14 
  464.000  6.532855e+02  3.189865e+02  6.239293e-14 
  465.000  6.450222e+02  3.125487e+02  1.053489e-13 
  466.000  6.667472e+02  3.206183e+02 -6.059439e-14 
  467.000  6.444356e+02  3.075370e+02  8.047001e-14 
  468.000  6.834204e+02  3.236598e+02 -1.382562e-13 
  469.000  6.785363e+02  3.188918e+02 -1.464760e-13 
  470.000  6.702278e+02  3.125713e+02  7.085752e-14 
  471.000  6.699915e+02  3.100521e+02 -9.776692e-14 
  472.000  6.791010e+02  3.118373e+02 -3.827900e-14 
  473.000  6.725355e+02  3.064207e+02 -8.259056e-14 
  474.000  6.787141e+02  3.068199e+02  2.730853e-14 
  475.000  7.067468e+02  3.169206e+02  1.716829e-14 
  476.000  6.854108e+02  3.048065e+02 -5.509052e-14 
  477.000  6.796284e+02  2.998166e+02 -1.275793e-15 
  478.000  7.144247e+02  3.130099e+02 -3.855254e-14 
  479.000  6.834520e+02  2.975744e+02 -6.514917e-14 
  480.000  6.984642e+02  3.022684e+02  1.540809e-14 
  481.000  6.956217e+02  2.991603e+02  2.737890e-14 
  482.000  7.115153e+02  3.040325e+02 -1.944977e-14 
  483.000  7.134875e+02  3.028710e+02 -7.118270e-14 
  484.000  6.871300e+02  2.897224e+02 -1.056616e-14 
  485.000  6.932205e+02  2.903032e+02 -3.747563e-14 
  486.000  5.628916e+02  2.341178e+02  2.376101e-14 
  487.000  6.336017e+02  2.617309e+02 -1.037275e-13 
  488.000  6.889586e+02  2.826586e+02 -1.719969e-14 
  489.000  6.413673e+02  2.613453e+02 -5.413900e-14 
  490.000  7.312047e+02  2.959355e+02 -3.045954e-14 
  491.000  6.851681e+02  2.754276e+02 -9.381366e-14 
  492.000  6.593145e+02  2.632458e+02 -1.812320e-13 
  493.000  7.110386e+02  2.819911e+02  6.185178e-14 
  494.000  6.878099e+02  2.709514e+02  4.522189e-14 
  495.000  7.362361e+02  2.880957e+02 -2.638070e-14 
  496.000  7.179195e+02  2.790569e+02 -2.005290e-14 
  497.000  6.972701e+02  2.692353e+02 -8.620538e-14 
  498.000  6.816235e+02  2.614583e+02  3.197555e-14 
  499.000  6.807912e+02  2.594216e+02  1.169062e-13 
  500.000  6.785983e+02  2.568930e+02 -3.289406e-14 
  501.000  6.641576e+02  2.497841e+02  1.491440e-14 
  502.000  6.605709e+02  2.468210e+02 -6.266468e-14 
  503.000  7.007552e+02  2.601425e+02  2.594550e-14 
  504.000  6.527218e+02  2.407488e+02  1.457958e-14 
  505.000  7.048078e+02  2.582891e+02  1.693185e-13 
  506.000  7.554432e+02  2.750885e+02 -7.370736e-14 
  507.000  7.037387e+02  2.546426e+02  3.484640e-14 
  508.000  6.757095e+02  2.429642e+02  4.948014e-14 
  509.000  7.295151e+02  2.606692e+02  1.468198e-13 
  510.000  7.076890e+02  2.512917e+02  5.814527e-14 
  511.000  7.086987e+02  2.500836e+02  1.209978e-13 
  512.000  7.446471e+02  2.611396e+02  1.067379e-13 
  513.000  6.822743e+02  2.377891e+02  4.075143e-14 
  514.000  6.686866e+02  2.316202e+02  3.759263e-14 
  515.000  6.833994e+02  2.352667e+02  3.434787e-14 
  516.000  7.185724e+02  2.458615e+02  1.681558e-14 
  517.000  5.298161e+02  1.801692e+02  5.703426e-14 
  518.000  6.565464e+02  2.219042e+02 -3.883474e-14 
  519.000  6.225837e+02  2.091478e+02 -5.687850e-15 
  520.000  6.860680e+02  2.290813e+02 -4.670926e-14 
  521.000  6.870521e+02  2.280254e+02 -7.349319e-14 
  522.000  7.149120e+02  2.358393e+02 -3.433811e-14 
  523.000  6.665082e+02  2.185404e+02 -1.019752e-13 
  524.000  7.237036e+02  2.358650e+02 -1.052239e-13 
  525.000  7.184625e+02  2.327472e+02 -9.068018e-14 
  526.000  6.852408e+02  2.206633e+02  6.436694e-14 
  527.000  5.990344e+02  1.917527e+02 -9.762551e-14 
  528.000  7.199570e+02  2.290903e+02 -5.980082e-14 
  529.000  7.409243e+02  2.343664e+02 -4.321836e-14 
  530.000  7.006072e+02  2.203086e+02  1.155921e-15 
  531.000  7.631520e+02  2.385702e+02  1.500452e-14 
  532.000  7.285839e+02  2.264423e+02 -4.237124e-14 
  533.000  6.404767e+02  1.979203e+02 -7.331862e-14 
  534.000  6.971153e+02  2.142145e+02 -6.249450e-15 
  535.000  7.119422e+02  2.175604e+02 -4.754067e-14 
  536.000  7.561592e+02  2.297966e+02 -3.565387e-14 
  537.000  7.021763e+02  2.122100e+02  9.692933e-15 
  538.000  7.356817e+02  2.211017e+02  1.197708e-15 
  539.000  7.338890e+02  2.193385e+02  7.535576e-14 
  540.000  7.188190e+02  2.136428e+02  1.537504e-13 
  541.000  6.597039e+02  1.949883e+02 -9.038396e-14 
  542.000  7.365202e+02  2.164909e+02 -7.645736e-14 
  543.000  7.051016e+02  2.061142e+02  2.322277e-14 
  544.000  7.443165e+02  2.163802e+02 -7.584296e-14 
  545.000  7.338262e+02  2.121594e+02 -1.011492e-13 
  546.000  7.180864e+02  2.064724e+02 -1.155290e-15 
  547.000  7.492014e+02  2.142457e+02  1.797127e-14 
  548.000  6.957033e+02  1.978664e+02  3.831948e-14 
  549.000  7.327665e+02  2.072799e+02  4.266116e-14 
  550.000  7.173232e+02  2.018153e+02 -2.457111e-14 
  551.000  7.135536e+02  1.996696e+02  5.850167e-14 
  552.000  7.450712e+02  2.073670e+02 -4.325261e-14 
  553.000  7.166000e+02  1.983710e+02 -3.302223e-14 
  554.000  7.407517e+02  2.039577e+02 -1.764422e-14 
  555.000  7.435774e+02  2.036418e+02  1.185468e-15 
  556.000  7.237944e+02  1.971675e+02 -1.605986e-14 
  557.000  7.029809e+02  1.904767e+02 -1.334961e-14 
  558.000  7.303664e+02  1.968443e+02 -7.690030e-14 
  559.000  6.909872e+02  1.852420e+02 -1.530364e-14 
  560.000  6.946246e+02  1.852262e+02  1.169819e-13 
  561.000  7.640494e+02  2.026531e+02 -4.044667e-14 
  562.000  7.015967e+02  1.850522e+02  2.496705e-14 
  563.000  7.345501e+02  1.927059e+02 -5.514375e-14 
  564.000  7.246337e+02  1.890746e+02 -1.718764e-14 
  565.000  7.334355e+02  1.903043e+02 -4.234793e-14 
  566.000  6.766570e+02  1.746349e+02  1.161302e-13 
  567.000  7.253174e+02  1.860516e+02 -1.609394e-14 
  568.000  7.198899e+02  1.831057e+02  8.634206e-15 
  569.000  6.969052e+02  1.754343e+02 -1.640188e-14 
  570.000  7.025422e+02  1.760464e+02 -5.334749e-14 
  571.000  6.845594e+02  1.712735e+02  3.178654e-14 
  572.000  7.176408e+02  1.779636e+02  2.920903e-15 
  573.000  7.275513e+02  1.796532e+02  4.443888e-14 
  574.000  7.246200e+02  1.780542e+02 -4.104214e-14 
  575.000  7.070178e+02  1.727844e+02 -3.362278e-14 
  576.000  6.947444e+02  1.689055e+02  1.523415e-14 
  577.000  7.261573e+02  1.757918e+02  3.204609e-14 
  578.000  7.082486e+02  1.709238e+02  2.427695e-14 
  579.000  7.055748e+02  1.696785e+02 -2.404688e-14 
  580.000  7.323842e+02  1.754566e+02  4.966321e-14 
  581.000  7.226303e+02  1.725951e+02 -2.432110e-14 
  582.000  7.358625e+02  1.750815e+02  0.000000e+00 
  583.000  7.425050e+02  1.758704e+02 -2.363086e-14 
  584.000  7.415711e+02  1.748547e+02 -9.990916e-14 
  585.000  7.377397e+02  1.731260e+02 -4.161371e-14 
  586.000  7.070639e+02  1.651440e+02 -9.267463e-14 
  587.000  7.325062e+02  1.699522e+02  1.440115e-14 
  588.000  7.124015e+02  1.633932e+02  1.872381e-14 
  589.000  6.139396e+02  1.392281e+02  4.811266e-16 
  590.000  6.404523e+02  1.445085e+02 -1.754191e-15 
  591.000  6.948542e+02  1.566685e+02  2.426537e-14 
  592.000  6.750781e+02  1.511688e+02 -7.964328e-15 
  593.000  6.982812e+02  1.564370e+02 -5.269857e-15 
  594.000  7.018666e+02  1.562951e+02  2.381880e-14 
  595.000  6.782913e+02  1.498198e+02  3.364086e-15 
  596.000  7.114633e+02  1.572453e+02 -2.907639e-14 
  597.000  7.108697e+02  1.561901e+02  2.680766e-14 
  598.000  7.033338e+02  1.542303e+02  8.256117e-15 
  599.000  7.068085e+02  1.544798e+02  1.838279e-14 
  600.000  7.133701e+02  1.556914e+02 -2.841490e-14 
  601.000  7.138143e+02  1.554229e+02  2.443510e-14 
  602.000  7.079006e+02  1.535938e+02  4.724003e-14 
  603.000  7.142670e+02  1.544305e+02 -8.093581e-15 
  604.000  7.387718e+02  1.591255e+02  2.389941e-14 
  605.000  7.383976e+02  1.583945e+02  1.251739e-13 
  606.000  7.308776e+02  1.560930e+02 -9.411195e-14 
  607.000  7.277822e+02  1.547482e+02 -3.044848e-14 
  608.000  7.260570e+02  1.536967e+02  2.328521e-14 
  609.000  7.195035e+02  1.516322e+02  5.410771e-14 
  610.000  7.088553e+02  1.487249e+02 -8.059590e-14 
  611.000  7.212485e+02  1.506533e+02  3.211163e-14 
  612.000  7.127208e+02  1.482115e+02 -3.853258e-14 
  613.000  7.031361e+02  1.455691e+02  8.843436e-15 
  614.000  6.785265e+02  1.398503e+02  7.009731e-14 
  615.000  7.118349e+02  1.460658e+02  3.042022e-14 
  616.000  6.775605e+02  1.384164e+02 -1.001820e-15 
  617.000  6.820967e+02  1.387234e+02 -6.509375e-15 
  618.000  7.149401e+02  1.447534e+02  3.934012e-14 
  619.000  7.089794e+02  1.429009e+02  1.558745e-14 
  620.000  7.200168e+02  1.444712e+02  2.118655e-15 
  621.000  7.329066e+02  1.463899e+02 -1.500553e-14 
  622.000  6.946478e+02  1.381141e+02 -6.344362e-14 
  623.000  7.003775e+02  1.386084e+02  1.028312e-15 
  624.000  7.014464e+02  1.381805e+02 -6.653955e-15 
  625.000  6.826960e+02  1.338657e+02  2.142336e-14 
  626.000  6.856958e+02  1.337627e+02  6.509303e-15 
  627.000  6.928228e+02  1.340565e+02  3.631641e-14 
  628.000  6.707911e+02  1.282509e+02 -2.563538e-14 
  629.000  6.947183e+02  1.327146e+02  3.606162e-15 
  630.000  6.763419e+02  1.289485e+02  2.658832e-14 
  631.000  7.043179e+02  1.339304e+02 -6.923841e-15 
  632.000  6.532556e+02  1.234453e+02 -1.304211e-14 
  633.000  7.075026e+02  1.335552e+02  0.000000e+00 
  634.000  6.889836e+02  1.296987e+02 -6.496018e-15 
  635.000  7.025110e+02  1.317030e+02  2.744805e-14 
  636.000  6.796625e+02  1.269994e+02 -2.203779e-14 
  637.000  7.037319e+02  1.310256e+02  1.515530e-14 
  638.000  7.180580e+02  1.333949e+02 -2.302177e-14 
  639.000  7.132452e+02  1.319776e+02 -2.077223e-14 
  640.000  6.929560e+02  1.278250e+02  2.205275e-14 
  641.000  7.037875e+02  1.292930e+02 -2.980275e-14 
  642.000  6.969778e+02  1.276072e+02 -4.850570e-14 
  643.000  7.083120e+02  1.289897e+02  7.485726e-15 
  644.000  7.009242e+02  1.271256e+02  2.859140e-14 
  645.000  7.051010e+02  1.271126e+02  6.469153e-15 
  646.000  6.685164e+02  1.194011e+02  2.548919e-14 
  647.000  6.708790e+02  1.189808e+02 -1.313023e-14 
  648.000  6.620624e+02  1.166332e+02  1.334006e-14 
  649.000  6.829254e+02  1.200955e+02  4.267736e-14 
  650.000  6.462550e+02  1.138492e+02 -1.697511e-14 
  651.000  6.966667e+02  1.222344e+02 -2.679150e-14 
  652.000  6.717253e+02  1.167862e+02 -4.191384e-14 
  653.000  6.999229e+02  1.219362e+02 -1.109660e-14 
  654.000  6.897752e+02  1.195938e+02  4.600624e-14 
  655.000  6.671339e+02  1.149362e+02  1.668855e-14 
  656.000  5.683030e+02  9.759666e+01 -7.056828e-15 
  657.000  6.094550e+02  1.043838e+02 -1.958829e-14 
  658.000  6.840643e+02  1.169894e+02 -2.748505e-14 
  659.000  6.889663e+02  1.175509e+02  2.607377e-15 
  660.000  6.959651e+02  1.183034e+02  6.234904e-15 
  661.000  7.031090e+02  1.193597e+02  1.345412e-14 
  662.000  7.153340e+02  1.210951e+02  4.283807e-14 
  663.000  7.076372e+02  1.192910e+02  1.972832e-14 
  664.000  6.974498e+02  1.171601e+02  6.625062e-14 
  665.000  7.015217e+02  1.174240e+02  1.234404e-14 
  666.000  7.111327e+02  1.186229e+02 -6.917017e-14 
  667.000  6.979734e+02  1.160120e+02 -1.317154e-14 
  668.000  7.030790e+02  1.164590e+02 -5.294129e-14 
  669.000  7.140289e+02  1.178399e+02  2.683555e-14 
  670.000  7.062188e+02  1.161163e+02  0.000000e+00 
  671.000  6.995102e+02  1.145894e+02 -1.310345e-14 
  672.000  6.979124e+02  1.138997e+02  1.399212e-14 
  673.000  7.035822e+02  1.143952e+02  5.162631e-14 
  674.000  7.056118e+02  1.142964e+02  8.086290e-14 
  675.000  6.954871e+02  1.122367e+02  2.684076e-14 
  676.000  7.092529e+02  1.140312e+02 -1.319440e-14 
  677.000  6.957574e+02  1.114452e+02 -2.863883e-14 
  678.000  7.078877e+02  1.129676e+02  1.313617e-14 
  679.000  6.983731e+02  1.110272e+02 -1.201719e-14 
  680.000  6.929660e+02  1.097099e+02  7.800910e-14 
  681.000  6.937250e+02  1.093752e+02  9.236009e-16 
  682.000  6.926418e+02  1.087869e+02 -3.942312e-14 
  683.000  6.974033e+02  1.090964e+02  1.384686e-14 
  684.000  6.844198e+02  1.065894e+02 -3.127592e-14 
  685.000  6.932517e+02  1.076174e+02 -1.374568e-14 
  686.000  6.612687e+02  1.021126e+02 -1.889908e-14 
  687.000  5.572060e+02  8.404964e+01  6.025674e-15 
  688.000  5.909782e+02  8.916025e+01 -3.255990e-15 
  689.000  5.826236e+02  8.747291e+01  8.447676e-16 
  690.000  6.031967e+02  9.041176e+01 -1.486464e-14 
  691.000  6.268329e+02  9.387009e+01  1.642161e-14 
  692.000  6.323040e+02  9.444162e+01  6.451642e-15 
  693.000  6.182225e+02  9.160394e+01  1.554502e-14 
  694.000  6.054498e+02  8.909454e+01 -1.391074e-14 
  695.000  6.075314e+02  8.923019e+01  2.201146e-14 
  696.000  6.225102e+02  9.122064e+01 -8.584136e-15 
  697.000  6.597579e+02  9.718788e+01  1.129573e-14 
  698.000  6.400818e+02  9.371489e+01  1.938750e-15 
  699.000  6.195610e+02  8.975261e+01 -2.358688e-14 
  700.000  6.176442e+02  8.922384e+01 -5.042641e-15 
  701.000  5.969690e+02  8.582999e+01  6.143983e-15 
  702.000  5.992750e+02  8.592741e+01 -3.303131e-15 
  703.000  6.344037e+02  9.115568e+01 -1.510807e-14 
  704.000  6.375883e+02  9.131736e+01 -2.796938e-14 
  705.000  6.315518e+02  8.989070e+01 -7.643253e-15 
  706.000  6.271979e+02  8.899983e+01 -4.101719e-15 
  707.000  6.218149e+02  8.800694e+01 -2.804270e-15 
  708.000  6.443975e+02  9.098138e+01 -1.580793e-15 
  709.000  6.302281e+02  8.889095e+01  1.057731e-14 
  710.000  6.356390e+02  8.910033e+01 -6.997423e-15 
  711.000  6.388054e+02  8.946897e+01  1.317677e-14 
  712.000  6.380256e+02  8.928708e+01  3.939990e-15 
  713.000  6.290364e+02  8.751866e+01  8.240785e-15 
  714.000  6.375637e+02  8.832367e+01  5.729613e-17 
  715.000  6.049758e+02  8.325700e+01 -6.041821e-15 
  716.000  6.095508e+02  8.334810e+01  5.678316e-15 
  717.000  5.266984e+02  7.089334e+01  5.709808e-16 
  718.000  4.844028e+02  6.409854e+01 -1.349046e-15 
  719.000  4.650268e+02  6.096689e+01  5.405388e-16 
  720.000  4.485234e+02  5.815997e+01  5.657795e-16 
  721.000  5.393930e+02  7.183846e+01  7.557130e-15 
  722.000  5.822372e+02  7.770087e+01  9.883393e-15 
  723.000  5.611253e+02  7.441580e+01  6.037668e-15 
  724.000  5.094883e+02  6.649266e+01  6.821225e-15 
  725.000  5.116643e+02  6.670713e+01  4.085375e-15 
  726.000  5.084115e+02  6.601125e+01 -2.145452e-15 
  727.000  5.237567e+02  6.793627e+01 -1.923455e-15 
  728.000  5.067497e+02  6.534822e+01  2.184024e-15 
  729.000  5.064954e+02  6.548497e+01 -6.692169e-15 
  730.000  5.219348e+02  6.721373e+01 -1.261605e-15 
  731.000  5.094087e+02  6.532441e+01 -2.061993e-16 
  732.000  5.543694e+02  7.138061e+01  5.908444e-15 
  733.000  5.804774e+02  7.491210e+01  1.751344e-14 
  734.000  6.099039e+02  7.874878e+01  1.046448e-14 
  735.000  5.992271e+02  7.701502e+01 -1.425825e-14 
  736.000  5.773751e+02  7.380732e+01  1.179672e-14 
  737.000  5.934785e+02  7.573834e+01 -1.981424e-14 
  738.000  6.035166e+02  7.697027e+01 -4.142393e-15 
  739.000  5.889694e+02  7.497149e+01 -2.097862e-14 
  740.000  6.055394e+02  7.710160e+01  1.035103e-14 
  741.000  6.071310e+02  7.723846e+01 -1.623527e-14 
  742.000  5.998836e+02  7.615021e+01 -7.693828e-15 
  743.000  6.233720e+02  7.905068e+01  0.000000e+00 
  744.000  6.320721e+02  8.000300e+01 -7.465683e-14 
  745.000  6.177698e+02  7.801957e+01  0.000000e+00 
  746.000  6.281052e+02  7.913028e+01  1.103400e-14 
  747.000  6.384076e+02  8.017599e+01 -2.241001e-14 
  748.000  6.280755e+02  7.867260e+01 -7.933847e-14 
  749.000  6.289962e+02  7.855357e+01  2.199286e-14 
  750.000  6.195331e+02  7.709824e+01  1.005756e-14 
  751.000  6.182877e+02  7.669745e+01 -7.758847e-16 
  752.000  6.290628e+02  7.782766e+01  0.000000e+00 
  753.000  6.237440e+02  7.693678e+01  7.604793e-14 
  754.000  6.340184e+02  7.796303e+01  5.516355e-14 
  755.000  6.307287e+02  7.731268e+01  4.308604e-14 
  756.000  6.187362e+02  7.560344e+01  0.000000e+00 
  757.000  6.235511e+02  7.594945e+01 -5.415289e-14 
  758.000  6.217643e+02  7.544792e+01 -7.577625e-14 
  759.000  5.484492e+02  6.535515e+01  7.598820e-15 
  760.000  1.636058e+02  1.775417e+01 -3.346279e-16 
  761.000  1.362146e+02  1.452365e+01  1.156202e-15 
  762.000  3.227755e+02  3.633915e+01 -8.778540e-17 
  763.000  2.650753e+02  2.943597e+01  2.076972e-15 
  764.000  2.983880e+02  3.320336e+01  1.262024e-15 
  765.000  3.781773e+02  4.256598e+01 -3.966395e-15 
  766.000  4.559092e+02  5.271294e+01  2.274259e-15 
  767.000  5.132986e+02  5.952711e+01 -1.331012e-14 
  768.000  5.684975e+02  6.608338e+01  1.865076e-14 
  769.000  5.895065e+02  6.870812e+01  4.076287e-15 
  770.000  5.979297e+02  6.971452e+01  1.684730e-14 
  771.000  6.040576e+02  7.035389e+01  2.162165e-14 
  772.000  6.032042e+02  7.007391e+01  2.227393e-14 
  773.000  6.014844e+02  6.967307e+01 -9.603437e-15 
  774.000  6.086738e+02  7.030418e+01 -1.120264e-14 
  775.000  5.863524e+02  6.752820e+01 -1.444131e-15 
  776.000  6.109908e+02  7.015886e+01  7.403867e-14 
  777.000  6.069773e+02  6.948260e+01 -9.650234e-15 
  778.000  6.038270e+02  6.890340e+01 -1.034146e-14 
  779.000  6.058967e+02  6.892144e+01  2.075162e-14 
  780.000  5.985044e+02  6.786631e+01  1.024816e-14 
  781.000  5.981660e+02  6.764047e+01 -2.203321e-15 
  782.000  6.054637e+02  6.825022e+01  1.109689e-14 
  783.000  5.914171e+02  6.645819e+01 -7.260306e-16 
  784.000  5.946002e+02  6.659759e+01  3.124286e-14 
  785.000  5.943995e+02  6.628748e+01 -2.040989e-14 
  786.000  5.812197e+02  6.449051e+01  1.003899e-14 
  787.000  5.833405e+02  6.431339e+01 -2.442705e-15 
  788.000  5.711956e+02  6.267498e+01  1.787527e-15 
  789.000  5.620413e+02  6.117494e+01  1.429446e-14 
  790.000  5.553776e+02  6.024387e+01 -2.739362e-14 
  791.000  5.550016e+02  6.007011e+01 -9.993136e-15 
  792.000  5.485189e+02  5.923786e+01 -2.916075e-14 
  793.000  5.531573e+02  5.968022e+01  2.997277e-14 
  794.000  5.581454e+02  6.034441e+01  9.519879e-15 
  795.000  5.488272e+02  5.896645e+01  1.555647e-16 
  796.000  5.409839e+02  5.757232e+01  2.824785e-15 
  797.000  5.494828e+02  5.839513e+01 -4.679607e-15 
  798.000  5.609578e+02  5.969223e+01  2.147565e-15 
  799.000  5.581289e+02  5.915140e+01 -1.581414e-14 
  800.000  5.359182e+02  5.645828e+01  1.162019e-14 
  801.000  5.469514e+02  5.746909e+01  1.347601e-14 
  802.000  5.452261e+02  5.710307e+01  5.954668e-15 
  803.000  5.387012e+02  5.627680e+01 -1.838619e-15 
  804.000  5.474658e+02  5.710416e+01 -1.753813e-14 
  805.000  5.396207e+02  5.628949e+01 -9.818748e-15 
  806.000  5.586854e+02  5.822613e+01  1.407880e-15 
  807.000  5.556755e+02  5.774776e+01 -1.060009e-14 
  808.000  5.499632e+02  5.691862e+01  7.521797e-15 
  809.000  5.378079e+02  5.542081e+01 -1.445027e-14 
  810.000  5.322202e+02  5.460611e+01  6.166187e-15 
  811.000  5.340257e+02  5.448964e+01 -4.400495e-15 
  812.000  5.230878e+02  5.306133e+01 -1.716751e-14 
  813.000  5.097386e+02  5.141044e+01 -1.485718e-14 
  814.000  4.943844e+02  4.957563e+01 -3.870469e-15 
  815.000  4.710787e+02  4.695799e+01 -2.147309e-15 
  816.000  4.446349e+02  4.401032e+01  4.511021e-15 
  817.000  4.484813e+02  4.426583e+01  1.435075e-15 
  818.000  4.476064e+02  4.406934e+01 -8.723497e-15 
  819.000  4.429226e+02  4.355612e+01  5.635806e-16 
  820.000  4.585338e+02  4.513846e+01  6.688159e-15 
  821.000  5.029489e+02  4.964202e+01  1.289731e-15 
  822.000  4.673019e+02  4.578825e+01 -4.175714e-16 
  823.000  4.151191e+02  4.007666e+01  9.802045e-16 
  824.000  4.714597e+02  4.587712e+01  8.896704e-15 
  825.000  5.042140e+02  4.923480e+01  4.512854e-15 
  826.000  5.019353e+02  4.881785e+01 -4.430511e-15 
  827.000  4.961395e+02  4.807356e+01  1.340699e-14 
  828.000  4.733280e+02  4.556828e+01  5.403911e-15 
  829.000  4.809832e+02  4.622652e+01 -7.259598e-15 
  830.000  4.821772e+02  4.628188e+01  1.009224e-14 
  831.000  4.758810e+02  4.557184e+01 -4.420023e-15 
  832.000  4.867800e+02  4.650496e+01 -4.814617e-15 
  833.000  4.766888e+02  4.546645e+01 -4.684419e-16 
  834.000  4.897590e+02  4.665571e+01  3.148522e-16 
  835.000  5.022644e+02  4.789121e+01 -7.740240e-15 
  836.000  5.045944e+02  4.792165e+01 -6.362751e-15 
  837.000  5.002058e+02  4.737111e+01  1.097574e-14 
  838.000  5.076406e+02  4.803554e+01 -1.145194e-14 
  839.000  4.951476e+02  4.678666e+01  1.251870e-16 
  840.000  5.097122e+02  4.805396e+01 -7.888588e-15 
  841.000  5.076707e+02  4.766044e+01  7.596872e-15 
  842.000  5.077298e+02  4.759661e+01  2.866023e-15 
  843.000  5.116589e+02  4.800213e+01  2.109004e-14 
  844.000  5.065502e+02  4.747925e+01 -8.744384e-16 
  845.000  5.158805e+02  4.826391e+01  4.280807e-15 
  846.000  5.221823e+02  4.876673e+01  8.967371e-15 
  847.000  5.058272e+02  4.714866e+01 -4.573625e-15 
  848.000  5.181381e+02  4.808831e+01  2.429291e-14 
  849.000  5.195430e+02  4.809651e+01 -6.642898e-15 
  850.000  4.480816e+02  4.133106e+01 -2.915750e-15 
  851.000  5.118022e+02  4.703266e+01  1.302615e-14 
  852.000  4.926448e+02  4.515253e+01  4.392456e-16 
  853.000  5.010419e+02  4.587237e+01 -1.518420e-14 
  854.000  4.027938e+02  3.677363e+01  1.114885e-15 
  855.000  4.446392e+02  4.051855e+01 -1.381449e-16 
  856.000  5.071667e+02  4.616857e+01 -1.307345e-14 
  857.000  5.164608e+02  4.692887e+01 -3.055438e-14 
  858.000  5.088767e+02  4.613588e+01 -3.582851e-14 
  859.000  5.100986e+02  4.616806e+01 -3.457067e-14 
  860.000  5.061857e+02  4.571131e+01  1.621684e-14 
  861.000  5.063252e+02  4.560381e+01  0.000000e+00 
  862.000  5.050815e+02  4.538115e+01 -1.675763e-14 
  863.000  5.148873e+02  4.613886e+01 -7.925786e-15 
  864.000  5.142172e+02  4.596458e+01  5.112094e-14 
  865.000  5.049427e+02  4.502197e+01 -1.732054e-14 
  866.000  4.236764e+02  3.767601e+01  2.955989e-14 
  867.000  4.512199e+02  4.001589e+01 -1.600795e-14 
  868.000  4.894867e+02  4.329402e+01  9.262003e-15 
  869.000  4.827796e+02  4.258872e+01  1.597031e-14 
  870.000  5.027376e+02  4.422834e+01  5.048753e-14 
  871.000  5.021875e+02  4.406417e+01  2.610147e-14 
  872.000  5.004262e+02  4.379842e+01 -7.675137e-15 
  873.000  5.023635e+02  4.384427e+01 -7.707099e-15 
  874.000  4.913582e+02  4.276607e+01  8.122026e-15 
  875.000  4.869087e+02  4.226513e+01 -7.469846e-15 
  876.000  4.908360e+02  4.248468e+01 -2.434983e-14 
  877.000  5.006511e+02  4.321624e+01 -4.258689e-14 
  878.000  4.914844e+02  4.228568e+01  7.558951e-15 
  879.000  4.926634e+02  4.227317e+01 -8.749035e-15 
  880.000  4.893311e+02  4.185297e+01 -4.352101e-15 
  881.000  4.636496e+02  3.953907e+01  1.238220e-14 
  882.000  4.890695e+02  4.158488e+01 -3.310435e-14 
  883.000  4.782628e+02  4.057052e+01  2.014029e-14 
  884.000  4.825389e+02  4.083057e+01  8.008555e-15 
  885.000  4.863903e+02  4.100118e+01  1.678500e-14 
  886.000  4.690204e+02  3.938578e+01  1.196804e-14 
  887.000  4.654818e+02  3.901934e+01 -8.316701e-15 
  888.000  4.794167e+02  4.007914e+01 -1.655922e-14 
  889.000  4.830383e+02  4.028979e+01  4.310289e-15 
  890.000  4.805449e+02  3.993894e+01 -1.232579e-14 
  891.000  4.759066e+02  3.939482e+01 -1.087810e-14 
  892.000  4.692322e+02  3.861137e+01 -1.391257e-14 
  893.000  4.360460e+02  3.550951e+01 -1.134677e-14 
  894.000  4.424915e+02  3.583316e+01 -8.205306e-17 
  895.000  3.969145e+02  3.188864e+01  2.121299e-15 
  896.000  3.885100e+02  3.101416e+01  4.241199e-15 
  897.000  3.553824e+02  2.811411e+01  1.875070e-16 
  898.000  3.449395e+02  2.709445e+01 -5.396868e-16 
  899.000  3.151839e+02  2.431941e+01 -1.072757e-15 
  900.000  3.112235e+02  2.400128e+01  2.458153e-16 
  901.000  2.975546e+02  2.279870e+01 -9.347076e-16 
  902.000  2.936555e+02  2.246721e+01 -5.783922e-16 
  903.000  3.589644e+02  2.802062e+01  1.129418e-15 
  904.000  3.966349e+02  3.104757e+01  1.327889e-15 
  905.000  3.946455e+02  3.082110e+01 -5.091310e-15 
  906.000  3.643770e+02  2.830781e+01  3.080911e-15 
  907.000  3.362122e+02  2.576561e+01 -9.014290e-16 
  908.000  3.060084e+02  2.311970e+01 -2.650356e-17 
  909.000  3.015769e+02  2.273502e+01 -7.751988e-16 
  910.000  3.082913e+02  2.322242e+01 -1.315139e-15 
  911.000  3.213460e+02  2.433103e+01  1.980762e-15 
  912.000  3.153473e+02  2.373094e+01  8.460235e-16 
  913.000  2.937171e+02  2.171187e+01  9.235777e-16 
  914.000  3.060270e+02  2.272927e+01  5.872121e-17 
  915.000  3.119662e+02  2.326269e+01  1.779723e-16 
  916.000  3.190863e+02  2.377946e+01  8.823514e-16 
  917.000  3.205083e+02  2.391278e+01 -6.647280e-16 
  918.000  3.271622e+02  2.445412e+01  1.612720e-15 
  919.000  3.603403e+02  2.712242e+01  5.979478e-16 
  920.000  3.795194e+02  2.860033e+01  9.235514e-16 
  921.000  3.665541e+02  2.754556e+01  3.234893e-16 
  922.000  3.629615e+02  2.720943e+01  2.372898e-15 
  923.000  3.419740e+02  2.555142e+01  1.469211e-15 
  924.000  3.420811e+02  2.542597e+01 -3.351224e-15 
  925.000  3.451810e+02  2.557179e+01 -2.490019e-15 
  926.000  3.317536e+02  2.447913e+01 -7.636762e-16 
  927.000  3.268532e+02  2.390191e+01 -2.844205e-15 
  928.000  3.031541e+02  2.180599e+01 -2.635206e-16 
  929.000  2.642923e+02  1.859471e+01 -4.963773e-16 
  930.000  2.231752e+02  1.543073e+01 -2.201982e-16 
  931.000  1.823911e+02  1.245620e+01 -2.304025e-16 
  932.000  1.331730e+02  8.923438e+00  1.655004e-16 
  933.000  1.043311e+02  6.872670e+00 -4.658072e-17 
  934.000  7.821253e+01  5.075861e+00 -2.223053e-18 
  935.000  7.437772e+01  4.812607e+00  1.870200e-18 
  936.000  8.254819e+01  5.346139e+00  8.844826e-37 
  937.000  8.240688e+01  5.318123e+00 -5.635670e-21 
  938.000  1.109508e+02  7.255279e+00  5.568299e-17 
  939.000  2.094147e+02  1.400923e+01  0.000000e+00 
  940.000  2.259762e+02  1.515739e+01 -1.641663e-16 
  941.000  2.068192e+02  1.379580e+01  8.385868e-21 
  942.000  1.670251e+02  1.105549e+01  1.042982e-16 
  943.000  1.267614e+02  8.262398e+00 -5.417594e-17 
  944.000  1.200020e+02  7.789367e+00  2.421940e-30 
  945.000  1.370034e+02  8.925853e+00  1.108705e-16 
  946.000  1.401430e+02  9.115233e+00 -1.071390e-16 
  947.000  1.554583e+02  1.013750e+01 -5.185991e-18 
  948.000  1.663071e+02  1.084438e+01 -5.212120e-18 
  949.000  1.660151e+02  1.080486e+01 -3.168910e-16 
  950.000  1.676356e+02  1.089286e+01  3.649809e-26 
  951.000  1.895089e+02  1.233584e+01 -4.431289e-16 
  952.000  1.659880e+02  1.074653e+01 -3.129042e-16 
  953.000  1.827554e+02  1.184899e+01  0.000000e+00 
  954.000  2.003670e+02  1.301652e+01 -5.964424e-17 
  955.000  1.734523e+02  1.122293e+01 -1.255626e-16 
  956.000  1.826533e+02  1.180383e+01  2.131568e-16 
  957.000  2.327646e+02  1.519429e+01 -3.697605e-16 
  958.000  2.422035e+02  1.582958e+01  4.071258e-17 
  959.000  2.347687e+02  1.527294e+01  6.032666e-16 
  960.000  2.304555e+02  1.495552e+01 -2.066789e-16 
  961.000  2.240166e+02  1.449297e+01  4.177483e-16 
  962.000  2.294305e+02  1.483335e+01  2.409419e-16 
  963.000  2.589568e+02  1.691338e+01  6.868898e-17 
  964.000  2.606892e+02  1.703379e+01 -4.232723e-17 
  965.000  2.612905e+02  1.701361e+01  7.341366e-16 
  966.000  2.557301e+02  1.663539e+01  3.729445e-16 
  967.000  2.862968e+02  1.884038e+01 -4.249345e-16 
  968.000  3.231393e+02  2.158815e+01 -1.202842e-15 
  969.000  3.443466e+02  2.303116e+01 -2.900068e-15 
  970.000  3.465335e+02  2.313353e+01  3.884854e-15 
  971.000  3.430876e+02  2.285008e+01  3.454297e-15 
  972.000  3.400655e+02  2.257660e+01  3.858540e-15 
  973.000  3.246423e+02  2.145731e+01 -1.833547e-16 
  974.000  3.052992e+02  2.005316e+01 -1.451303e-16 
  975.000  2.977624e+02  1.943833e+01 -4.094305e-16 
  976.000  3.127261e+02  2.045981e+01 -4.189797e-16 
  977.000  3.235339e+02  2.121062e+01  2.710113e-15 
  978.000  3.301425e+02  2.159430e+01 -6.102727e-16 
  979.000  3.256751e+02  2.127647e+01 -5.220383e-16 
  980.000  3.503248e+02  2.290550e+01  2.816354e-15 
  981.000  3.574521e+02  2.334189e+01  1.015794e-15 
  982.000  3.523346e+02  2.294160e+01  2.239448e-15 
  983.000  3.620503e+02  2.357507e+01 -2.537349e-15 
  984.000  3.706695e+02  2.416077e+01 -7.090818e-15 
  985.000  3.768838e+02  2.456993e+01  7.412090e-15 
  986.000  3.820273e+02  2.494435e+01 -6.049643e-16 
  987.000  3.900689e+02  2.546115e+01  1.472381e-14 
  988.000  3.861657e+02  2.516078e+01  5.286495e-15 
  989.000  3.818533e+02  2.483030e+01 -1.366439e-15 
  990.000  3.860289e+02  2.505657e+01 -6.669037e-15 
  991.000  3.922940e+02  2.545198e+01 -4.585163e-15 
  992.000  3.895826e+02  2.523124e+01 -4.620439e-15 
  993.000  3.899409e+02  2.520092e+01 -2.038623e-15 
  994.000  3.946213e+02  2.548498e+01  6.879009e-15 
  995.000  3.935828e+02  2.539462e+01 -4.573478e-16 
  996.000  3.935294e+02  2.533151e+01 -1.319470e-14 
  997.000  3.928283e+02  2.520442e+01 -4.577936e-16 
  998.000  3.900638e+02  2.494217e+01  3.404779e-15 
  999.000  3.886145e+02  2.478172e+01 -2.275145e-16 
 1000.000  3.859665e+02  2.456320e+01  2.917798e-15 
 1001.000  3.854340e+02  2.443328e+01  3.990993e-15 
 1002.000  3.804787e+02  2.399604e+01 -9.950516e-15 
 1003.000  3.771225e+02  2.374417e+01  4.856045e-15 
 1004.000  3.765199e+02  2.368919e+01 -3.297613e-15 
 1005.000  3.527869e+02  2.216153e+01 -6.345177e-15 
 1006.000  3.717060e+02  2.330167e+01  1.653907e-14 
 1007.000  3.776857e+02  2.360820e+01 -6.642701e-16 
 1008.000  3.757722e+02  2.338093e+01 -5.638722e-15 
 1009.000  3.688286e+02  2.283370e+01 -5.528058e-15 
 1010.000  3.723498e+02  2.302538e+01  7.417506e-15 
 1011.000  3.753745e+02  2.323018e+01  6.584870e-15 
 1012.000  3.774608e+02  2.333542e+01  5.026887e-15 
 1013.000  3.762472e+02  2.323137e+01  1.896132e-14 
 1014.000  3.792321e+02  2.336474e+01  2.862017e-15 
 1015.000  3.723917e+02  2.289280e+01  9.513759e-15 
 1016.000  3.754940e+02  2.304329e+01  2.826715e-15 
 1017.000  3.722183e+02  2.279709e+01  1.227680e-14 
 1018.000  3.762724e+02  2.297634e+01  0.000000e+00 
 1019.000  3.661917e+02  2.228825e+01  2.489283e-15 
 1020.000  3.660272e+02  2.223662e+01 -5.002950e-15 
 1021.000  3.707817e+02  2.248768e+01  4.319886e-16 
 1022.000  3.634149e+02  2.196345e+01 -1.782757e-15 
 1023.000  3.687893e+02  2.221054e+01 -1.595931e-14 
 1024.000  3.659709e+02  2.197510e+01 -1.018594e-14 
 1025.000  3.688707e+02  2.214679e+01 -7.834169e-15 
 1026.000  3.705650e+02  2.221384e+01  0.000000e+00 
 1027.000  3.678128e+02  2.198767e+01  2.989874e-15 
 1028.000  3.691987e+02  2.202928e+01  6.423346e-15 
 1029.000  3.648705e+02  2.174655e+01  3.372895e-15 
 1030.000  3.697499e+02  2.201058e+01 -3.191390e-15 
 1031.000  3.692113e+02  2.194048e+01  1.186964e-14 
 1032.000  3.684207e+02  2.185291e+01 -9.081691e-15 
 1033.000  3.618190e+02  2.141506e+01  1.202471e-14 
 1034.000  3.659475e+02  2.161549e+01  5.864642e-15 
 1035.000  3.622192e+02  2.134927e+01  6.635192e-15 
 1036.000  3.669339e+02  2.157774e+01  6.300234e-15 
 1037.000  3.592832e+02  2.108087e+01 -1.500632e-14 
 1038.000  3.629470e+02  2.124903e+01  5.811094e-15 
 1039.000  3.643130e+02  2.127678e+01 -8.544366e-15 
 1040.000  3.599213e+02  2.096977e+01  8.444701e-15 
 1041.000  3.617548e+02  2.102623e+01  8.906808e-15 
 1042.000  3.628182e+02  2.103925e+01  3.116998e-15 
 1043.000  3.565841e+02  2.063070e+01  1.449541e-14 
 1044.000  3.600696e+02  2.078322e+01 -2.679481e-15 
 1045.000  3.583043e+02  2.062825e+01  3.081934e-15 
 1046.000  3.477396e+02  1.997075e+01 -5.584999e-15 
 1047.000  3.539933e+02  2.028025e+01  0.000000e+00 
 1048.000  3.573651e+02  2.042337e+01  1.190996e-14 
 1049.000  3.549681e+02  2.023830e+01 -1.183904e-14 
 1050.000  3.526055e+02  2.005211e+01  1.481795e-14 
 1051.000  3.522742e+02  1.997866e+01  8.732552e-15 
 1052.000  3.504040e+02  1.982212e+01  3.033779e-15 
 1053.000  3.505192e+02  1.978274e+01  2.832030e-15 
 1054.000  3.465398e+02  1.950489e+01  3.005742e-15 
 1055.000  3.487022e+02  1.957324e+01 -4.058668e-16 
 1056.000  3.474790e+02  1.945363e+01  2.024935e-16 
 1057.000  3.461514e+02  1.931855e+01  2.818626e-15 
 1058.000  3.411204e+02  1.896349e+01  0.000000e+00 
 1059.000  3.305042e+02  1.833423e+01 -5.607456e-15 
 1060.000  3.431529e+02  1.900954e+01  4.022979e-16 
 1061.000  3.309875e+02  1.829605e+01  5.602644e-15 
 1062.000  3.393497e+02  1.870311e+01 -5.765522e-15 
 1063.000  3.333685e+02  1.833279e+01 -8.211739e-15 
 1064.000  3.370436e+02  1.848402e+01 -2.576517e-15 
 1065.000  3.356662e+02  1.835268e+01 -2.974247e-15 
 1066.000  3.254681e+02  1.776202e+01 -5.379149e-15 
 1067.000  3.327936e+02  1.811716e+01  4.231771e-15 
 1068.000  3.296833e+02  1.788707e+01  3.639205e-15 
 1069.000  3.038801e+02  1.643884e+01  4.485415e-15 
 1070.000  3.221740e+02  1.739761e+01  2.052955e-15 
 1071.000  3.215047e+02  1.730930e+01 -1.570821e-15 
 1072.000  3.212649e+02  1.724593e+01 -2.613117e-15 
 1073.000  3.104709e+02  1.663132e+01  4.104144e-15 
 1074.000  3.215855e+02  1.719629e+01 -1.925912e-15 
 1075.000  3.134745e+02  1.675428e+01  1.833841e-15 
 1076.000  3.191674e+02  1.701036e+01  4.156547e-15 
 1077.000  3.169077e+02  1.683842e+01  3.519673e-15 
 1078.000  3.159792e+02  1.673623e+01  2.576481e-15 
 1079.000  3.035045e+02  1.604234e+01  1.980491e-15 
 1080.000  3.075401e+02  1.617945e+01 -1.453000e-15 
 1081.000  2.960099e+02  1.554139e+01  5.202737e-16 
 1082.000  3.019379e+02  1.584022e+01  3.795501e-15 
 1083.000  2.912798e+02  1.523105e+01 -4.501107e-16 
 1084.000  2.995378e+02  1.561289e+01 -3.340055e-16 
 1085.000  2.888983e+02  1.499466e+01  5.838805e-16 
 1086.000  2.942502e+02  1.525014e+01 -3.972527e-16 
 1087.000  2.832425e+02  1.469242e+01 -2.017989e-15 
 1088.000  3.007836e+02  1.557544e+01  1.592030e-15 
 1089.000  2.804820e+02  1.444711e+01  3.400277e-15 
 1090.000  2.848751e+02  1.463766e+01 -5.622210e-16 
 1091.000  2.884078e+02  1.479682e+01 -3.071777e-15 
 1092.000  2.773073e+02  1.418228e+01 -1.747254e-15 
 1093.000  2.642587e+02  1.346145e+01 -3.824069e-16 
 1094.000  2.367134e+02  1.202545e+01 -1.334858e-15 
 1095.000  2.568360e+02  1.302297e+01 -1.485887e-15 
 1096.000  2.562736e+02  1.296706e+01 -1.781423e-16 
 1097.000  2.508673e+02  1.266062e+01  1.242458e-15 
 1098.000  2.249350e+02  1.121998e+01  1.758034e-16 
 1099.000  2.061629e+02  1.010034e+01  3.214836e-16 
 1100.000  2.109150e+02  1.032363e+01  8.437260e-16 
