  400.000  8.200045e+02  4.364153e+02 -2.259647e-14 
  401.000  8.158686e+02  4.309496e+02  2.342929e-14 
  402.000  8.654958e+02  4.537548e+02 -1.220309e-13 
  403.000  8.113730e+02  4.222341e+02  9.762318e-15 
  404.000  8.726907e+02  4.508119e+02  2.142316e-14 
  405.000  8.009944e+02  4.107612e+02 -2.812650e-14 
  406.000  7.956041e+02  4.050514e+02 -1.045070e-14 
  407.000  7.754863e+02  3.919827e+02  6.027739e-14 
  408.000  8.407634e+02  4.219597e+02 -6.613163e-14 
  409.000  9.313065e+02  4.641063e+02 -6.833935e-14 
  410.000  7.791630e+02  3.855708e+02 -6.701780e-14 
  411.000  9.155804e+02  4.499312e+02 -1.059176e-13 
  412.000  9.493002e+02  4.632852e+02  4.744671e-14 
  413.000  8.973055e+02  4.349184e+02 -1.100860e-13 
  414.000  8.812335e+02  4.242220e+02  7.571953e-14 
  415.000  9.403702e+02  4.496473e+02  1.439765e-13 
  416.000  9.351268e+02  4.441530e+02 -7.297155e-15 
  417.000  9.071358e+02  4.280008e+02 -8.143725e-15 
  418.000  8.878411e+02  4.161400e+02  2.169732e-14 
  419.000  9.100603e+02  4.237660e+02 -9.407867e-14 
  420.000  7.706638e+02  3.565287e+02 -3.147363e-14 
  421.000  9.660073e+02  4.440257e+02  1.595463e-14 
  422.000  9.260475e+02  4.229446e+02 -1.414746e-14 
  423.000  7.824435e+02  3.550980e+02 -1.191265e-14 
  424.000  8.610143e+02  3.883034e+02 -1.935513e-13 
  425.000  8.921273e+02  3.998225e+02  6.384478e-14 
  426.000  8.579445e+02  3.821194e+02 -2.149978e-13 
  427.000  8.255897e+02  3.654468e+02 -4.201203e-14 
  428.000  8.363251e+02  3.679384e+02 -3.951655e-14 
  429.000  7.611722e+02  3.328456e+02  5.641680e-14 
  430.000  6.076439e+02  2.641110e+02 -3.445469e-14 
  431.000  5.465389e+02  2.361331e+02 -4.682447e-15 
  432.000  9.841554e+02  4.226845e+02  1.143087e-13 
  433.000  8.763723e+02  3.741769e+02 -7.909609e-14 
  434.000  8.332660e+02  3.536936e+02 -2.640492e-14 
  435.000  9.069085e+02  3.827196e+02  6.190111e-14 
  436.000  1.005994e+03  4.220885e+02 -3.010889e-13 
  437.000  1.016070e+03  4.238767e+02  9.064417e-14 
  438.000  9.105138e+02  3.776824e+02  1.645212e-13 
  439.000  8.813947e+02  3.635416e+02  7.081242e-14 
  440.000  9.882173e+02  4.053147e+02  7.586192e-14 
  441.000  9.853613e+02  4.018895e+02  8.693910e-14 
  442.000  1.038151e+03  4.210719e+02  3.447952e-14 
  443.000  1.045465e+03  4.216991e+02 -7.212220e-14 
  444.000  1.039045e+03  4.168098e+02 -1.486586e-14 
  445.000  1.093350e+03  4.361966e+02 -4.263012e-14 
  446.000  9.735959e+02  3.863019e+02 -4.372711e-14 
  447.000  1.110781e+03  4.383760e+02  4.226617e-15 
  448.000  1.129617e+03  4.434899e+02  6.094256e-14 
  449.000  1.137635e+03  4.443439e+02 -1.731008e-13 
  450.000  1.162772e+03  4.518380e+02 -3.529010e-14 
  451.000  1.256996e+03  4.859543e+02 -1.902559e-14 
  452.000  1.168879e+03  4.495814e+02  1.859342e-13 
  453.000  1.085356e+03  4.153331e+02 -7.532027e-14 
  454.000  1.157492e+03  4.406947e+02  2.546266e-14 
  455.000  1.165957e+03  4.416821e+02  2.124297e-14 
  456.000  1.194625e+03  4.502697e+02  1.786942e-13 
  457.000  1.201729e+03  4.506942e+02 -4.548617e-14 
  458.000  1.180997e+03  4.407294e+02 -1.231297e-13 
  459.000  1.181254e+03  4.386554e+02 -1.837198e-13 
  460.000  1.171367e+03  4.328586e+02 -9.742943e-14 
  461.000  1.214240e+03  4.465245e+02 -5.392010e-14 
  462.000  1.194860e+03  4.372759e+02  1.267289e-15 
  463.000  1.195547e+03  4.354265e+02  1.013729e-13 
  464.000  1.199682e+03  4.348620e+02  1.002179e-13 
  465.000  1.182352e+03  4.265585e+02 -1.053489e-13 
  466.000  1.219986e+03  4.380684e+02  2.743469e-14 
  467.000  1.177093e+03  4.206861e+02 -7.125453e-14 
  468.000  1.246327e+03  4.433366e+02 -3.373686e-14 
  469.000  1.235615e+03  4.374487e+02  4.432095e-14 
  470.000  1.218801e+03  4.294446e+02 -6.136442e-14 
  471.000  1.216798e+03  4.266851e+02  1.248917e-13 
  472.000  1.231872e+03  4.298928e+02  0.000000e+00 
  473.000  1.218695e+03  4.232327e+02 -1.071640e-13 
  474.000  1.228718e+03  4.246314e+02  1.219081e-13 
  475.000  1.278607e+03  4.396249e+02  1.677943e-13 
  476.000  1.239526e+03  4.239320e+02 -4.805481e-14 
  477.000  1.228348e+03  4.179907e+02 -1.104444e-13 
  478.000  1.289075e+03  4.368878e+02  1.502021e-13 
  479.000  1.230435e+03  4.155550e+02 -1.277559e-13 
  480.000  1.254498e+03  4.222613e+02  1.021829e-13 
  481.000  1.246703e+03  4.181623e+02  5.603766e-14 
  482.000  1.272636e+03  4.252925e+02  1.911937e-13 
  483.000  1.273864e+03  4.240793e+02 -9.320671e-14 
  484.000  1.224822e+03  4.061458e+02  0.000000e+00 
  485.000  1.233830e+03  4.074917e+02  1.255196e-15 
  486.000  1.000355e+03  3.290517e+02  1.859521e-13 
  487.000  1.124312e+03  3.683339e+02 -2.095703e-14 
  488.000  1.220735e+03  3.983110e+02 -2.271233e-14 
  489.000  1.134758e+03  3.687712e+02 -6.612909e-14 
  490.000  1.291845e+03  4.181446e+02  5.310638e-14 
  491.000  1.208947e+03  3.897520e+02 -1.410028e-13 
  492.000  1.161889e+03  3.730920e+02  7.376884e-14 
  493.000  1.251497e+03  4.002804e+02 -2.937855e-14 
  494.000  1.209150e+03  3.852152e+02  1.566532e-14 
  495.000  1.292722e+03  4.102334e+02  1.344908e-13 
  496.000  1.259314e+03  3.980747e+02  1.879394e-14 
  497.000  1.221896e+03  3.847541e+02  1.869671e-13 
  498.000  1.193317e+03  3.743128e+02  4.205301e-14 
  499.000  1.190729e+03  3.720723e+02  3.954799e-14 
  500.000  1.185777e+03  3.691168e+02 -5.052193e-14 
  501.000  1.159488e+03  3.595665e+02  9.125825e-14 
  502.000  1.152182e+03  3.559575e+02  1.145338e-15 
  503.000  1.221173e+03  3.758631e+02  6.627096e-15 
  504.000  1.136462e+03  3.484900e+02  4.095989e-14 
  505.000  1.226087e+03  3.745813e+02  3.264805e-14 
  506.000  1.312640e+03  3.995643e+02  1.299660e-15 
  507.000  1.221362e+03  3.704359e+02 -8.168189e-14 
  508.000  1.171343e+03  3.539904e+02 -2.474007e-14 
  509.000  1.263149e+03  3.803727e+02  1.054119e-14 
  510.000  1.223960e+03  3.672612e+02 -1.252856e-13 
  511.000  1.224374e+03  3.660847e+02  1.802926e-13 
  512.000  1.285105e+03  3.828908e+02  5.400004e-14 
  513.000  1.176212e+03  3.492212e+02  1.681562e-13 
  514.000  1.151575e+03  3.407173e+02 -8.699098e-14 
  515.000  1.175685e+03  3.466482e+02  4.922094e-14 
  516.000  1.235048e+03  3.628946e+02 -1.873860e-13 
  517.000  9.098737e+02  2.664272e+02 -9.813565e-14 
  518.000  1.126597e+03  3.287567e+02 -6.946273e-14 
  519.000  1.067460e+03  3.104379e+02  8.026248e-14 
  520.000  1.175368e+03  3.406620e+02  5.869345e-14 
  521.000  1.176146e+03  3.397356e+02  4.044783e-14 
  522.000  1.222961e+03  3.520643e+02  1.657407e-13 
  523.000  1.139399e+03  3.268955e+02  4.740638e-14 
  524.000  1.236348e+03  3.535160e+02 -8.368121e-14 
  525.000  1.226610e+03  3.495515e+02  1.428501e-13 
  526.000  1.169100e+03  3.320594e+02 -1.033194e-13 
  527.000  1.021419e+03  2.891515e+02 -2.661867e-14 
  528.000  1.226923e+03  3.461806e+02  5.861072e-14 
  529.000  1.261959e+03  3.548979e+02 -1.400118e-13 
  530.000  1.192629e+03  3.343085e+02  4.082770e-14 
  531.000  1.298376e+03  3.627748e+02 -7.947043e-14 
  532.000  1.238822e+03  3.450323e+02 -1.670857e-13 
  533.000  1.088142e+03  3.021188e+02 -1.676178e-13 
  534.000  1.183318e+03  3.275467e+02 -8.536907e-15 
  535.000  1.207349e+03  3.332045e+02 -4.233708e-14 
  536.000  1.281152e+03  3.525238e+02  6.760106e-14 
  537.000  1.188644e+03  3.260952e+02  2.073542e-13 
  538.000  1.244326e+03  3.403506e+02 -3.751283e-14 
  539.000  1.240298e+03  3.382347e+02 -6.883833e-14 
  540.000  1.213884e+03  3.300431e+02  1.009730e-13 
  541.000  1.113203e+03  3.017686e+02  3.881781e-14 
  542.000  1.241893e+03  3.356560e+02  2.961276e-14 
  543.000  1.188041e+03  3.201524e+02  1.280304e-13 
  544.000  1.253259e+03  3.367311e+02 -1.552012e-14 
  545.000  1.234803e+03  3.307976e+02  0.000000e+00 
  546.000  1.207555e+03  3.225516e+02  1.000125e-13 
  547.000  1.259080e+03  3.353380e+02  2.454921e-14 
  548.000  1.168445e+03  3.102986e+02 -2.053535e-14 
  549.000  1.229932e+03  3.256880e+02  8.179859e-14 
  550.000  1.203330e+03  3.177304e+02 -8.113798e-14 
  551.000  1.196400e+03  3.149951e+02  3.408183e-14 
  552.000  1.248610e+03  3.278055e+02 -1.107896e-13 
  553.000  1.200310e+03  3.142296e+02  2.106392e-13 
  554.000  1.240169e+03  3.237457e+02 -3.292456e-14 
  555.000  1.244311e+03  3.239123e+02  8.492810e-14 
  556.000  1.210661e+03  3.142687e+02 -1.640578e-13 
  557.000  1.175368e+03  3.042513e+02 -1.809400e-13 
  558.000  1.220673e+03  3.150952e+02  5.606699e-14 
  559.000  1.154419e+03  2.971618e+02  2.350483e-14 
  560.000  1.160096e+03  2.977881e+02 -1.537678e-14 
  561.000  1.275645e+03  3.265311e+02  5.193484e-14 
  562.000  1.171156e+03  2.988708e+02 -8.485595e-14 
  563.000  1.225849e+03  3.119433e+02  2.263267e-14 
  564.000  1.209066e+03  3.067856e+02 -3.207257e-14 
  565.000  1.223669e+03  3.095496e+02 -5.742158e-14 
  566.000  1.128808e+03  2.847603e+02 -1.059500e-13 
  567.000  1.210077e+03  3.041482e+02 -9.887462e-14 
  568.000  1.201338e+03  3.000140e+02  9.790971e-15 
  569.000  1.163276e+03  2.879931e+02  3.734903e-14 
  570.000  1.172750e+03  2.898306e+02 -2.254040e-14 
  571.000  1.142827e+03  2.829756e+02 -2.356452e-14 
  572.000  1.198380e+03  2.946853e+02 -3.684055e-14 
  573.000  1.215087e+03  2.983766e+02  3.746247e-14 
  574.000  1.210244e+03  2.965317e+02  4.917143e-14 
  575.000  1.180773e+03  2.884750e+02 -2.814801e-14 
  576.000  1.159810e+03  2.826006e+02 -1.322264e-14 
  577.000  1.211686e+03  2.947833e+02  1.631590e-14 
  578.000  1.180667e+03  2.871295e+02  9.605444e-15 
  579.000  1.174510e+03  2.853225e+02  3.243720e-14 
  580.000  1.216634e+03  2.950599e+02  2.483161e-14 
  581.000  1.197632e+03  2.901992e+02  7.182639e-14 
  582.000  1.217187e+03  2.944377e+02 -1.381103e-13 
  583.000  1.226105e+03  2.958896e+02  1.078082e-13 
  584.000  1.222719e+03  2.943760e+02 -8.898667e-14 
  585.000  1.214876e+03  2.917457e+02 -1.595804e-14 
  586.000  1.163029e+03  2.786046e+02  8.668684e-14 
  587.000  1.203494e+03  2.869260e+02 -2.408376e-14 
  588.000  1.169868e+03  2.760373e+02 -7.962579e-14 
  589.000  1.008157e+03  2.352868e+02 -5.776829e-15 
  590.000  1.050993e+03  2.445883e+02 -6.190640e-14 
  591.000  1.138880e+03  2.658496e+02  4.748213e-14 
  592.000  1.106058e+03  2.568440e+02  2.447786e-16 
  593.000  1.142677e+03  2.664877e+02  5.594191e-14 
  594.000  1.148001e+03  2.666728e+02 -2.279590e-14 
  595.000  1.109260e+03  2.559248e+02  2.650913e-14 
  596.000  1.162515e+03  2.694084e+02  8.414256e-15 
  597.000  1.161518e+03  2.681683e+02  4.322850e-15 
  598.000  1.148756e+03  2.654729e+02 -4.871188e-14 
  599.000  1.154151e+03  2.665309e+02 -6.989830e-15 
  600.000  1.164462e+03  2.692907e+02 -7.067522e-14 
  601.000  1.165058e+03  2.695383e+02  1.519884e-14 
  602.000  1.155209e+03  2.669976e+02 -2.308055e-14 
  603.000  1.164899e+03  2.689598e+02  7.659848e-14 
  604.000  1.203965e+03  2.776184e+02 -3.610837e-14 
  605.000  1.202210e+03  2.767183e+02  1.096663e-13 
  606.000  1.189036e+03  2.731187e+02 -7.109440e-15 
  607.000  1.183101e+03  2.711896e+02 -7.612121e-14 
  608.000  1.179405e+03  2.697671e+02  1.733762e-14 
  609.000  1.167908e+03  2.665666e+02  1.076798e-15 
  610.000  1.149773e+03  2.618667e+02  1.438322e-13 
  611.000  1.168969e+03  2.656701e+02  5.296875e-14 
  612.000  1.154273e+03  2.617702e+02  2.269519e-14 
  613.000  1.137914e+03  2.575090e+02 -1.465690e-13 
  614.000  1.097303e+03  2.477883e+02  8.411677e-14 
  615.000  1.150352e+03  2.592148e+02  1.164099e-13 
  616.000  1.094212e+03  2.460395e+02 -1.898757e-13 
  617.000  1.100823e+03  2.469961e+02 -7.516379e-15 
  618.000  1.153165e+03  2.581833e+02  1.242693e-13 
  619.000  1.142971e+03  2.553447e+02 -1.028472e-13 
  620.000  1.160214e+03  2.586315e+02  7.906926e-15 
  621.000  1.180490e+03  2.625717e+02  3.108840e-14 
  622.000  1.118460e+03  2.482216e+02  1.523233e-14 
  623.000  1.127381e+03  2.496345e+02 -1.226592e-14 
  624.000  1.128783e+03  2.493832e+02  2.202061e-14 
  625.000  1.098335e+03  2.421086e+02  2.789684e-14 
  626.000  1.103153e+03  2.424991e+02  7.865129e-14 
  627.000  1.114863e+03  2.436500e+02  3.342001e-14 
  628.000  1.090697e+03  2.363163e+02  4.599078e-15 
  629.000  1.120985e+03  2.430004e+02  1.909583e-14 
  630.000  1.090685e+03  2.365881e+02 -5.371329e-14 
  631.000  1.133036e+03  2.456165e+02  1.957528e-14 
  632.000  1.048831e+03  2.263006e+02 -9.422865e-15 
  633.000  1.133892e+03  2.450332e+02  1.036638e-14 
  634.000  1.102235e+03  2.379587e+02  4.949188e-14 
  635.000  1.122231e+03  2.417670e+02  5.898422e-14 
  636.000  1.084123e+03  2.332749e+02 -1.968336e-15 
  637.000  1.120953e+03  2.408344e+02  2.171773e-14 
  638.000  1.142269e+03  2.454215e+02 -1.120245e-13 
  639.000  1.133150e+03  2.429986e+02 -7.195712e-14 
  640.000  1.099580e+03  2.355784e+02 -2.841883e-14 
  641.000  1.115565e+03  2.385260e+02  9.910361e-15 
  642.000  1.103686e+03  2.356980e+02  4.312404e-14 
  643.000  1.120604e+03  2.384992e+02 -6.482829e-15 
  644.000  1.107982e+03  2.353559e+02 -1.601896e-13 
  645.000  1.113851e+03  2.357553e+02  3.468274e-14 
  646.000  1.055455e+03  2.215819e+02 -3.693055e-15 
  647.000  1.058689e+03  2.210829e+02 -6.649226e-15 
  648.000  1.044353e+03  2.169753e+02  5.476178e-14 
  649.000  1.076202e+03  2.237936e+02 -1.004150e-15 
  650.000  1.017201e+03  2.125132e+02 -3.533683e-14 
  651.000  1.095853e+03  2.285146e+02 -1.114637e-14 
  652.000  1.056449e+03  2.186335e+02  1.515185e-14 
  653.000  1.099520e+03  2.286595e+02 -6.592056e-15 
  654.000  1.082971e+03  2.246124e+02 -3.561468e-14 
  655.000  1.046982e+03  2.161917e+02  8.518049e-14 
  656.000  8.912734e+02  1.838623e+02 -2.815877e-14 
  657.000  9.551675e+02  1.969650e+02 -4.724602e-14 
  658.000  1.071273e+03  2.210970e+02 -5.196774e-14 
  659.000  1.078195e+03  2.225030e+02 -2.608302e-14 
  660.000  1.088655e+03  2.244289e+02 -2.709304e-15 
  661.000  1.099030e+03  2.266865e+02  0.000000e+00 
  662.000  1.117365e+03  2.303313e+02 -9.004375e-14 
  663.000  1.104661e+03  2.272350e+02 -1.444213e-14 
  664.000  1.088159e+03  2.235381e+02 -2.225348e-14 
  665.000  1.093807e+03  2.243755e+02 -9.500163e-14 
  666.000  1.108132e+03  2.270208e+02  1.248232e-14 
  667.000  1.086988e+03  2.223705e+02 -1.053723e-13 
  668.000  1.094191e+03  2.235479e+02 -1.403963e-13 
  669.000  1.110525e+03  2.265308e+02  5.174440e-14 
  670.000  1.097719e+03  2.235547e+02  0.000000e+00 
  671.000  1.086627e+03  2.209442e+02  3.836956e-14 
  672.000  1.083517e+03  2.199498e+02 -6.996060e-15 
  673.000  1.091695e+03  2.212451e+02 -5.540066e-14 
  674.000  1.094223e+03  2.213932e+02 -4.043145e-14 
  675.000  1.077911e+03  2.177366e+02  6.942728e-15 
  676.000  1.098646e+03  2.215613e+02 -1.154680e-13 
  677.000  1.077181e+03  2.168781e+02 -9.281323e-16 
  678.000  1.095393e+03  2.201869e+02 -9.383948e-14 
  679.000  1.080159e+03  2.167568e+02 -1.988485e-14 
  680.000  1.071509e+03  2.145880e+02  2.569556e-14 
  681.000  1.072152e+03  2.142625e+02 -3.446926e-14 
  682.000  1.069864e+03  2.134241e+02 -7.473287e-14 
  683.000  1.076769e+03  2.143873e+02 -1.291930e-14 
  684.000  1.056127e+03  2.097625e+02  5.890667e-15 
  685.000  1.069259e+03  2.121345e+02 -5.952054e-15 
  686.000  1.020795e+03  2.019209e+02  5.010305e-14 
  687.000  9.025358e+02  1.749809e+02 -1.231908e-14 
  688.000  9.420793e+02  1.831542e+02 -3.127209e-14 
  689.000  9.322517e+02  1.806688e+02  5.213863e-14 
  690.000  9.572862e+02  1.856839e+02 -7.891469e-14 
  691.000  9.832982e+02  1.909281e+02 -3.569071e-14 
  692.000  9.832402e+02  1.906275e+02  4.770152e-14 
  693.000  9.564395e+02  1.839855e+02 -5.490918e-15 
  694.000  9.337853e+02  1.784640e+02 -5.425229e-15 
  695.000  9.350668e+02  1.788438e+02  1.308994e-14 
  696.000  9.569999e+02  1.830579e+02 -6.922096e-16 
  697.000  1.012591e+03  1.953302e+02  3.302961e-14 
  698.000  9.821166e+02  1.886550e+02 -7.078110e-15 
  699.000  9.510824e+02  1.809019e+02  2.301516e-14 
  700.000  9.476223e+02  1.801544e+02  1.929571e-14 
  701.000  9.157331e+02  1.735533e+02 -2.594648e-14 
  702.000  9.187814e+02  1.740616e+02 -1.686748e-14 
  703.000  9.715443e+02  1.850173e+02 -2.006579e-14 
  704.000  9.760203e+02  1.856516e+02 -5.186236e-15 
  705.000  9.667328e+02  1.830529e+02  2.952836e-15 
  706.000  9.596786e+02  1.815467e+02 -3.196372e-14 
  707.000  9.510114e+02  1.798267e+02  1.940792e-14 
  708.000  9.850968e+02  1.862174e+02  2.583381e-15 
  709.000  9.628782e+02  1.822335e+02  9.151697e-15 
  710.000  9.710596e+02  1.829796e+02 -6.951469e-14 
  711.000  9.753145e+02  1.840336e+02 -2.445342e-14 
  712.000  9.735820e+02  1.839444e+02  2.643583e-14 
  713.000  9.597074e+02  1.806195e+02 -3.597705e-14 
  714.000  9.724446e+02  1.825873e+02 -7.783718e-15 
  715.000  9.226729e+02  1.724005e+02 -4.892562e-14 
  716.000  9.295850e+02  1.728481e+02 -3.109638e-14 
  717.000  8.045572e+02  1.470383e+02  2.749293e-14 
  718.000  7.406447e+02  1.333317e+02 -4.372131e-15 
  719.000  7.111000e+02  1.270968e+02 -1.586507e-15 
  720.000  6.861303e+02  1.215121e+02 -2.768814e-15 
  721.000  8.222666e+02  1.499915e+02 -6.661098e-15 
  722.000  8.863426e+02  1.626599e+02  2.042134e-15 
  723.000  8.544185e+02  1.559449e+02  2.624350e-15 
  724.000  7.768846e+02  1.395847e+02 -1.320796e-14 
  725.000  7.797440e+02  1.402253e+02  1.969687e-15 
  726.000  7.746310e+02  1.390144e+02 -8.957155e-15 
  727.000  7.975888e+02  1.432813e+02 -6.030785e-16 
  728.000  7.716885e+02  1.380996e+02 -1.430048e-14 
  729.000  7.705682e+02  1.385598e+02  8.143140e-15 
  730.000  7.939374e+02  1.424699e+02 -1.160430e-15 
  731.000  7.747870e+02  1.387178e+02 -9.215789e-16 
  732.000  8.419966e+02  1.518631e+02  3.392234e-15 
  733.000  8.805106e+02  1.597959e+02 -1.038649e-14 
  734.000  9.244597e+02  1.682873e+02  9.717178e-15 
  735.000  9.081857e+02  1.648600e+02 -2.937995e-14 
  736.000  8.751252e+02  1.582423e+02  1.667809e-14 
  737.000  8.991002e+02  1.626792e+02  1.417098e-14 
  738.000  9.137889e+02  1.656113e+02  1.141253e-14 
  739.000  8.914257e+02  1.615802e+02  4.027729e-14 
  740.000  9.160085e+02  1.664232e+02  6.120941e-15 
  741.000  9.180384e+02  1.669763e+02 -2.609384e-14 
  742.000  9.067986e+02  1.648923e+02  4.759267e-15 
  743.000  9.421779e+02  1.715420e+02  1.669519e-14 
  744.000  9.550184e+02  1.738353e+02 -2.914627e-14 
  745.000  9.331389e+02  1.698054e+02  6.686805e-14 
  746.000  9.484736e+02  1.725057e+02  6.029088e-14 
  747.000  9.637540e+02  1.750708e+02  1.120500e-14 
  748.000  9.478803e+02  1.720720e+02 -2.357037e-14 
  749.000  9.489614e+02  1.720852e+02 -1.351152e-13 
  750.000  9.344235e+02  1.691687e+02  6.584693e-15 
  751.000  9.322891e+02  1.685648e+02 -1.582208e-14 
  752.000  9.481705e+02  1.713074e+02 -5.993673e-14 
  753.000  9.398176e+02  1.696044e+02 -6.596394e-14 
  754.000  9.549940e+02  1.721366e+02  4.328185e-15 
  755.000  9.497833e+02  1.709795e+02 -2.362484e-15 
  756.000  9.314705e+02  1.674713e+02  4.990311e-15 
  757.000  9.385073e+02  1.685207e+02 -5.026488e-15 
  758.000  9.363773e+02  1.678552e+02 -5.023982e-15 
  759.000  8.458538e+02  1.496130e+02 -2.768602e-15 
  760.000  3.302552e+02  5.389165e+01 -1.599759e-17 
  761.000  2.863140e+02  4.615873e+01  1.343195e-15 
  762.000  5.572203e+02  9.438184e+01  4.613865e-15 
  763.000  4.810922e+02  8.020299e+01 -8.074361e-15 
  764.000  5.276767e+02  8.846427e+01 -4.019637e-15 
  765.000  6.346135e+02  1.083344e+02 -1.360584e-15 
  766.000  7.245332e+02  1.259950e+02  4.044089e-14 
  767.000  7.958521e+02  1.390619e+02  3.656828e-15 
  768.000  8.680790e+02  1.523013e+02 -9.399446e-15 
  769.000  8.914092e+02  1.569267e+02 -2.347914e-14 
  770.000  8.992977e+02  1.585255e+02  2.295889e-14 
  771.000  9.064164e+02  1.598267e+02  4.399258e-14 
  772.000  9.044517e+02  1.593452e+02  3.748731e-14 
  773.000  9.015044e+02  1.586563e+02  1.589081e-14 
  774.000  9.117954e+02  1.602973e+02 -3.770837e-14 
  775.000  8.779880e+02  1.541824e+02  6.178660e-14 
  776.000  9.145490e+02  1.604216e+02  1.641575e-13 
  777.000  9.083467e+02  1.591360e+02  4.825117e-15 
  778.000  9.034990e+02  1.580815e+02  6.056379e-14 
  779.000  9.064739e+02  1.583977e+02 -2.780190e-14 
  780.000  8.953100e+02  1.562473e+02  1.098395e-14 
  781.000  8.944880e+02  1.559512e+02 -4.238662e-14 
  782.000  9.052895e+02  1.576316e+02  1.813203e-14 
  783.000  8.841839e+02  1.537618e+02 -5.128754e-14 
  784.000  8.887426e+02  1.543284e+02 -7.810716e-14 
  785.000  8.883156e+02  1.538713e+02  1.640644e-14 
  786.000  8.686420e+02  1.500220e+02 -3.071950e-14 
  787.000  8.715820e+02  1.498191e+02  2.353597e-14 
  788.000  8.533741e+02  1.462669e+02  2.335863e-14 
  789.000  8.398816e+02  1.430649e+02 -2.334389e-14 
  790.000  8.298022e+02  1.411237e+02 -2.305514e-14 
  791.000  8.290282e+02  1.409407e+02 -2.334039e-14 
  792.000  8.191409e+02  1.392087e+02 -1.057712e-14 
  793.000  8.257868e+02  1.404547e+02  4.950488e-15 
  794.000  8.328015e+02  1.421820e+02  2.271808e-14 
  795.000  8.189248e+02  1.392082e+02 -1.413953e-14 
  796.000  8.075377e+02  1.362155e+02  5.549259e-15 
  797.000  8.199479e+02  1.383754e+02 -1.517881e-14 
  798.000  8.366284e+02  1.416274e+02 -4.898325e-14 
  799.000  8.323337e+02  1.405897e+02 -9.025023e-15 
  800.000  7.992823e+02  1.344448e+02  2.577935e-14 
  801.000  8.155737e+02  1.370730e+02 -2.852868e-14 
  802.000  8.128850e+02  1.364262e+02 -1.687814e-14 
  803.000  8.029916e+02  1.346683e+02  1.965544e-14 
  804.000  8.158201e+02  1.368558e+02 -1.608401e-14 
  805.000  8.038091e+02  1.350845e+02 -5.712813e-15 
  806.000  8.319551e+02  1.399312e+02 -2.849408e-14 
  807.000  8.273314e+02  1.390069e+02 -4.900312e-14 
  808.000  8.187545e+02  1.372512e+02 -1.492550e-14 
  809.000  8.006031e+02  1.338758e+02 -2.630759e-15 
  810.000  7.922380e+02  1.321405e+02 -1.127794e-14 
  811.000  7.949682e+02  1.321031e+02  2.514538e-14 
  812.000  7.787884e+02  1.288714e+02 -5.718214e-15 
  813.000  7.590695e+02  1.250644e+02  7.607718e-15 
  814.000  7.364498e+02  1.207607e+02 -4.277275e-15 
  815.000  7.020607e+02  1.145040e+02  8.610865e-16 
  816.000  6.631037e+02  1.074569e+02 -4.638049e-15 
  817.000  6.686984e+02  1.082546e+02  4.172885e-15 
  818.000  6.672418e+02  1.079482e+02 -7.679848e-15 
  819.000  6.599749e+02  1.068693e+02  4.430753e-16 
  820.000  6.825087e+02  1.110090e+02 -4.683567e-15 
  821.000  7.477565e+02  1.223350e+02 -9.287881e-15 
  822.000  6.951817e+02  1.129956e+02 -5.316607e-15 
  823.000  6.188530e+02  9.904238e+01 -9.264071e-15 
  824.000  7.014001e+02  1.135485e+02  8.871777e-16 
  825.000  7.491559e+02  1.221182e+02  3.545382e-14 
  826.000  7.458071e+02  1.212845e+02  1.082182e-14 
  827.000  7.371940e+02  1.196266e+02  1.447391e-15 
  828.000  7.037361e+02  1.135198e+02  5.194888e-15 
  829.000  7.148166e+02  1.153730e+02  2.326530e-15 
  830.000  7.162703e+02  1.157203e+02 -1.059268e-14 
  831.000  7.067674e+02  1.141321e+02 -6.913113e-15 
  832.000  7.228339e+02  1.166580e+02 -4.321946e-15 
  833.000  7.076273e+02  1.142410e+02 -4.410621e-15 
  834.000  7.267814e+02  1.174161e+02 -1.018336e-14 
  835.000  7.449415e+02  1.206906e+02  3.177636e-14 
  836.000  7.483891e+02  1.209748e+02 -3.378522e-14 
  837.000  7.417897e+02  1.197787e+02  2.350408e-16 
  838.000  7.525673e+02  1.216330e+02  4.042486e-14 
  839.000  7.338624e+02  1.186450e+02  4.277150e-14 
  840.000  7.553140e+02  1.220473e+02 -5.724380e-15 
  841.000  7.522816e+02  1.212606e+02 -7.433887e-15 
  842.000  7.521832e+02  1.212755e+02 -2.462581e-15 
  843.000  7.577016e+02  1.224545e+02 -1.747338e-14 
  844.000  7.499473e+02  1.212882e+02 -1.403558e-14 
  845.000  7.636169e+02  1.234766e+02  3.404154e-14 
  846.000  7.727979e+02  1.249479e+02  1.776684e-14 
  847.000  7.486684e+02  1.210490e+02  2.393246e-14 
  848.000  7.666426e+02  1.236128e+02  6.597330e-15 
  849.000  7.686106e+02  1.238274e+02 -5.656970e-16 
  850.000  6.628389e+02  1.065895e+02 -2.888589e-15 
  851.000  7.570489e+02  1.215008e+02  5.920561e-15 
  852.000  7.286132e+02  1.168278e+02  3.791320e-14 
  853.000  7.408612e+02  1.188552e+02  3.228509e-14 
  854.000  5.955151e+02  9.543275e+01 -2.176728e-14 
  855.000  6.572645e+02  1.053072e+02  5.440073e-15 
  856.000  7.496822e+02  1.201886e+02  3.404768e-14 
  857.000  7.633049e+02  1.223530e+02  2.253360e-14 
  858.000  7.519421e+02  1.204622e+02  6.527147e-14 
  859.000  7.536295e+02  1.207278e+02  1.759012e-14 
  860.000  7.477723e+02  1.197252e+02  7.299747e-14 
  861.000  7.478696e+02  1.196284e+02  1.291502e-14 
  862.000  7.458789e+02  1.192190e+02  2.573801e-14 
  863.000  7.602664e+02  1.214004e+02  4.208117e-14 
  864.000  7.591042e+02  1.211145e+02 -3.530407e-14 
  865.000  7.452612e+02  1.188038e+02 -1.054022e-13 
  866.000  6.252395e+02  9.957498e+01 -7.388166e-14 
  867.000  6.658374e+02  1.059319e+02 -6.931647e-15 
  868.000  7.222245e+02  1.147910e+02 -1.503510e-14 
  869.000  7.122349e+02  1.130961e+02 -2.995462e-14 
  870.000  7.416295e+02  1.176428e+02  4.929354e-14 
  871.000  7.407229e+02  1.173880e+02 -7.858108e-14 
  872.000  7.379925e+02  1.168527e+02 -1.187348e-15 
  873.000  7.408450e+02  1.171759e+02  4.596593e-14 
  874.000  7.245826e+02  1.144843e+02  7.368137e-14 
  875.000  7.179627e+02  1.133254e+02 -4.312718e-15 
  876.000  7.237247e+02  1.141029e+02  3.363194e-14 
  877.000  7.380834e+02  1.162425e+02 -4.258689e-14 
  878.000  7.244846e+02  1.139189e+02  4.013351e-14 
  879.000  7.261603e+02  1.140669e+02 -2.011437e-14 
  880.000  7.211708e+02  1.131128e+02  3.185959e-15 
  881.000  6.832915e+02  1.070360e+02  3.438177e-14 
  882.000  7.206298e+02  1.127436e+02 -1.190338e-14 
  883.000  7.046750e+02  1.101717e+02  3.115713e-15 
  884.000  7.108847e+02  1.110476e+02 -2.030888e-14 
  885.000  7.165229e+02  1.116996e+02 -8.683338e-15 
  886.000  6.907224e+02  1.074485e+02 -1.919388e-14 
  887.000  6.855229e+02  1.066250e+02 -2.799423e-14 
  888.000  7.059728e+02  1.096924e+02 -4.283266e-15 
  889.000  7.112751e+02  1.104454e+02  5.774692e-16 
  890.000  7.075381e+02  1.096890e+02 -1.622480e-14 
  891.000  7.005146e+02  1.083225e+02 -5.166651e-15 
  892.000  6.907468e+02  1.063762e+02  6.923691e-15 
  893.000  6.422126e+02  9.806883e+01  2.951901e-15 
  894.000  6.518341e+02  9.913335e+01 -6.170344e-15 
  895.000  5.852059e+02  8.831675e+01  1.584580e-15 
  896.000  5.732753e+02  8.595728e+01  2.829780e-15 
  897.000  5.248588e+02  7.806514e+01  1.912239e-15 
  898.000  5.096250e+02  7.541347e+01 -1.304109e-16 
  899.000  4.662647e+02  6.801643e+01  3.659203e-15 
  900.000  4.602585e+02  6.720233e+01 -2.835784e-15 
  901.000  4.401548e+02  6.397729e+01 -1.599092e-15 
  902.000  4.343157e+02  6.313976e+01  0.000000e+00 
  903.000  5.296129e+02  7.850221e+01  6.133404e-15 
  904.000  5.843417e+02  8.717207e+01  9.369598e-15 
  905.000  5.813797e+02  8.666296e+01 -4.198793e-15 
  906.000  5.371882e+02  7.966866e+01  6.317709e-16 
  907.000  4.963860e+02  7.276524e+01 -8.454077e-15 
  908.000  4.522224e+02  6.555892e+01 -2.824115e-15 
  909.000  4.456078e+02  6.456144e+01  3.185807e-15 
  910.000  4.554083e+02  6.602462e+01  2.808594e-15 
  911.000  4.743152e+02  6.916376e+01  2.548850e-15 
  912.000  4.655736e+02  6.762142e+01  3.959305e-15 
  913.000  4.342436e+02  6.211483e+01  3.711533e-16 
  914.000  4.520638e+02  6.507370e+01  4.504035e-15 
  915.000  4.605279e+02  6.662489e+01  3.490933e-15 
  916.000  4.709209e+02  6.818491e+01  2.583882e-15 
  917.000  4.728298e+02  6.861956e+01  8.814667e-14 
  918.000  4.824083e+02  7.021174e+01  2.110108e-15 
  919.000  5.305763e+02  7.786815e+01 -7.077847e-16 
  920.000  5.582166e+02  8.228649e+01 -1.147133e-15 
  921.000  5.392014e+02  7.935390e+01  5.898709e-15 
  922.000  5.338668e+02  7.850156e+01 -2.167224e-15 
  923.000  5.030722e+02  7.381190e+01  2.503495e-15 
  924.000  5.034961e+02  7.354700e+01 -3.233622e-15 
  925.000  5.080092e+02  7.407882e+01  1.131770e-15 
  926.000  4.881692e+02  7.101789e+01 -2.929588e-15 
  927.000  4.812585e+02  6.950484e+01 -5.603494e-15 
  928.000  4.468371e+02  6.368460e+01  3.811707e-15 
  929.000  3.901969e+02  5.449925e+01 -6.071936e-17 
  930.000  3.302418e+02  4.516504e+01  3.504151e-15 
  931.000  2.706491e+02  3.630148e+01 -1.081835e-17 
  932.000  1.984097e+02  2.588273e+01 -2.232365e-16 
  933.000  1.559839e+02  1.992620e+01 -3.383358e-19 
  934.000  1.174132e+02  1.463595e+01  5.667927e-17 
  935.000  1.116921e+02  1.386780e+01 -9.477514e-40 
  936.000  1.237217e+02  1.549081e+01  1.644966e-19 
  937.000  1.235523e+02  1.543052e+01  1.618703e-16 
  938.000  1.655775e+02  2.121136e+01  6.628686e-19 
  939.000  3.094945e+02  4.152932e+01 -1.026150e-14 
  940.000  3.335358e+02  4.509651e+01  1.573417e-15 
  941.000  3.055715e+02  4.103748e+01  2.317904e-16 
  942.000  2.474507e+02  3.275328e+01 -1.986559e-17 
  943.000  1.887602e+02  2.438694e+01  0.000000e+00 
  944.000  1.787533e+02  2.302107e+01  1.279660e-18 
  945.000  2.036584e+02  2.643206e+01 -2.232866e-18 
  946.000  2.082892e+02  2.704172e+01  2.613048e-18 
  947.000  2.306725e+02  3.018188e+01  5.185991e-18 
  948.000  2.465378e+02  3.238603e+01 -1.634019e-15 
  949.000  2.461350e+02  3.231712e+01  1.634273e-15 
  950.000  2.484729e+02  3.264594e+01  3.373562e-15 
  951.000  2.803329e+02  3.716906e+01 -6.925184e-15 
  952.000  2.460569e+02  3.230849e+01  1.613712e-15 
  953.000  2.705031e+02  3.577437e+01 -1.028334e-17 
  954.000  2.961169e+02  3.948123e+01  3.416489e-15 
  955.000  2.566555e+02  3.401405e+01 -3.205348e-15 
  956.000  2.703558e+02  3.581628e+01  2.909002e-17 
  957.000  3.432366e+02  4.646803e+01  7.350644e-16 
  958.000  3.569851e+02  4.850406e+01  8.142265e-17 
  959.000  3.462199e+02  4.684589e+01  8.997300e-16 
  960.000  3.399075e+02  4.593377e+01  1.628355e-15 
  961.000  3.304983e+02  4.456437e+01 -4.137778e-15 
  962.000  3.383816e+02  4.569792e+01  1.692060e-15 
  963.000  3.811887e+02  5.223237e+01 -1.561470e-15 
  964.000  3.836209e+02  5.267458e+01  2.656761e-15 
  965.000  3.845576e+02  5.270229e+01 -2.799089e-15 
  966.000  3.763211e+02  5.160685e+01  2.346210e-15 
  967.000  4.207393e+02  5.840120e+01 -2.385847e-15 
  968.000  4.738792e+02  6.678348e+01  5.501030e-15 
  969.000  5.045078e+02  7.139501e+01 -3.995375e-16 
  970.000  5.076622e+02  7.182362e+01  9.794903e-15 
  971.000  5.025971e+02  7.105029e+01 -3.785614e-15 
  972.000  4.982653e+02  7.029198e+01 -1.517202e-15 
  973.000  4.759192e+02  6.688737e+01 -6.195129e-15 
  974.000  4.478672e+02  6.263067e+01  5.582907e-15 
  975.000  4.369970e+02  6.085619e+01 -3.174021e-15 
  976.000  4.586606e+02  6.408781e+01 -5.215458e-16 
  977.000  4.740349e+02  6.653048e+01 -5.750490e-15 
  978.000  4.837276e+02  6.783284e+01  3.315083e-15 
  979.000  4.770419e+02  6.694461e+01  9.669045e-15 
  980.000  5.126483e+02  7.223352e+01 -8.854175e-16 
  981.000  5.229449e+02  7.372792e+01 -7.040492e-16 
  982.000  5.155321e+02  7.256417e+01 -9.581718e-15 
  983.000  5.294768e+02  7.469253e+01 -4.617058e-15 
  984.000  5.418023e+02  7.665054e+01 -5.562924e-15 
  985.000  5.507125e+02  7.804464e+01 -2.996189e-16 
  986.000  5.580143e+02  7.931015e+01 -2.052500e-14 
  987.000  5.696479e+02  8.105152e+01 -9.801686e-15 
  988.000  5.638965e+02  8.021061e+01 -1.324257e-14 
  989.000  5.575552e+02  7.927295e+01 -2.085875e-15 
  990.000  5.635995e+02  8.010970e+01  1.353928e-14 
  991.000  5.726455e+02  8.147273e+01 -2.994723e-14 
  992.000  5.686343e+02  8.088087e+01  3.492194e-16 
  993.000  5.691160e+02  8.090279e+01  2.642850e-15 
  994.000  5.759645e+02  8.193508e+01  4.361117e-15 
  995.000  5.744294e+02  8.175990e+01  2.298114e-14 
  996.000  5.743196e+02  8.168005e+01  1.319470e-14 
  997.000  5.732778e+02  8.140134e+01  1.912873e-14 
  998.000  5.692328e+02  8.070634e+01  2.980748e-14 
  999.000  5.671096e+02  8.031808e+01  1.416783e-14 
 1000.000  5.631918e+02  7.972163e+01 -2.081198e-14 
 1001.000  5.622899e+02  7.939605e+01  5.699886e-15 
 1002.000  5.551287e+02  7.812766e+01  2.827376e-14 
 1003.000  5.501757e+02  7.741599e+01 -2.016277e-14 
 1004.000  5.492069e+02  7.733281e+01  4.106586e-17 
 1005.000  5.145343e+02  7.244558e+01  3.879174e-15 
 1006.000  5.421091e+02  7.628787e+01 -1.807441e-15 
 1007.000  5.508188e+02  7.741500e+01 -1.452916e-14 
 1008.000  5.480817e+02  7.681418e+01 -1.753504e-14 
 1009.000  5.380393e+02  7.516351e+01  5.356426e-15 
 1010.000  5.431028e+02  7.589548e+01  1.576902e-15 
 1011.000  5.473791e+02  7.664936e+01 -1.006061e-14 
 1012.000  5.503547e+02  7.709773e+01  8.337937e-15 
 1013.000  5.485358e+02  7.685907e+01  1.971467e-16 
 1014.000  5.530108e+02  7.746046e+01 -1.525595e-14 
 1015.000  5.430168e+02  7.601058e+01  1.960595e-14 
 1016.000  5.474896e+02  7.661429e+01 -2.397819e-15 
 1017.000  5.426579e+02  7.588892e+01  1.765755e-14 
 1018.000  5.486160e+02  7.663549e+01  3.006173e-14 
 1019.000  5.337985e+02  7.442757e+01  4.390909e-15 
 1020.000  5.335331e+02  7.436456e+01  1.540074e-14 
 1021.000  5.405596e+02  7.534947e+01  1.259349e-14 
 1022.000  5.297258e+02  7.368607e+01  1.752294e-14 
 1023.000  5.375963e+02  7.464632e+01 -5.922229e-15 
 1024.000  5.335101e+02  7.397929e+01  7.230144e-15 
 1025.000  5.376578e+02  7.464642e+01  2.966259e-14 
 1026.000  5.402424e+02  7.502012e+01 -6.129331e-15 
 1027.000  5.362587e+02  7.438443e+01  7.936932e-15 
 1028.000  5.382644e+02  7.463385e+01  1.506723e-15 
 1029.000  5.319286e+02  7.376272e+01 -1.854332e-14 
 1030.000  5.390186e+02  7.476472e+01  9.146606e-15 
 1031.000  5.382405e+02  7.464143e+01  5.508721e-15 
 1032.000  5.371030e+02  7.446043e+01  4.540845e-14 
 1033.000  5.274732e+02  7.308155e+01  2.902000e-14 
 1034.000  5.335038e+02  7.388232e+01  2.660142e-14 
 1035.000  5.281104e+02  7.309371e+01 -2.692743e-15 
 1036.000  5.350550e+02  7.400358e+01 -3.926338e-14 
 1037.000  5.239529e+02  7.242200e+01  2.301852e-14 
 1038.000  5.292617e+02  7.310795e+01 -2.905547e-14 
 1039.000  5.313178e+02  7.333066e+01 -5.565065e-14 
 1040.000  5.249758e+02  7.239768e+01 -3.686978e-14 
 1041.000  5.277036e+02  7.271661e+01  6.151495e-14 
 1042.000  5.292739e+02  7.287949e+01 -5.398799e-15 
 1043.000  5.201914e+02  7.157853e+01 -2.062190e-14 
 1044.000  5.253322e+02  7.223101e+01 -2.577339e-14 
 1045.000  5.228953e+02  7.183069e+01 -3.494835e-15 
 1046.000  5.075796e+02  6.966914e+01  1.894602e-14 
 1047.000  5.167842e+02  7.087289e+01  8.169454e-16 
 1048.000  5.219160e+02  7.152088e+01 -2.607513e-14 
 1049.000  5.186000e+02  7.101443e+01  5.714381e-15 
 1050.000  5.152919e+02  7.049767e+01 -3.045185e-15 
 1051.000  5.148990e+02  7.036829e+01  8.732552e-15 
 1052.000  5.123112e+02  6.995288e+01  3.033779e-15 
 1053.000  5.126255e+02  6.994875e+01 -1.780550e-14 
 1054.000  5.069886e+02  6.910830e+01 -1.502871e-14 
 1055.000  5.103357e+02  6.949307e+01  1.695899e-14 
 1056.000  5.087621e+02  6.921542e+01  0.000000e+00 
 1057.000  5.069966e+02  6.887798e+01 -1.127450e-14 
 1058.000  4.999212e+02  6.777641e+01  1.936102e-14 
 1059.000  4.845185e+02  6.565582e+01 -1.333851e-14 
 1060.000  5.031792e+02  6.819598e+01  3.405090e-15 
 1061.000  4.854547e+02  6.574097e+01 -1.332706e-14 
 1062.000  4.979125e+02  6.732710e+01 -8.348581e-15 
 1063.000  4.893194e+02  6.611012e+01 -2.540721e-15 
 1064.000  4.948472e+02  6.676830e+01 -2.576517e-15 
 1065.000  4.928738e+02  6.639330e+01  5.948494e-15 
 1066.000  4.778912e+02  6.433692e+01  1.422028e-14 
 1067.000  4.886393e+02  6.572496e+01  9.459620e-15 
 1068.000  4.838467e+02  6.492804e+01  3.531665e-15 
 1069.000  4.456412e+02  5.969831e+01  6.892367e-15 
 1070.000  4.721491e+02  6.320826e+01 -7.193091e-15 
 1071.000  4.709118e+02  6.293156e+01  1.376863e-14 
 1072.000  4.703680e+02  6.275424e+01  1.611525e-14 
 1073.000  4.543427e+02  6.055954e+01 -7.255763e-15 
 1074.000  4.703654e+02  6.265623e+01 -3.668668e-15 
 1075.000  4.582341e+02  6.107345e+01  9.283912e-15 
 1076.000  4.663792e+02  6.206100e+01  6.071051e-15 
 1077.000  4.629253e+02  6.149117e+01 -1.702693e-14 
 1078.000  4.614366e+02  6.117743e+01 -3.747909e-15 
 1079.000  4.430530e+02  5.868830e+01 -8.598662e-15 
 1080.000  4.489343e+02  5.926377e+01 -3.709780e-14 
 1081.000  4.319776e+02  5.697757e+01 -1.136139e-15 
 1082.000  4.404483e+02  5.811850e+01  4.402751e-15 
 1083.000  4.248401e+02  5.594190e+01 -4.167744e-15 
 1084.000  4.368483e+02  5.740466e+01  9.861879e-15 
 1085.000  4.214079e+02  5.518611e+01  2.430181e-15 
 1086.000  4.290691e+02  5.618127e+01  6.045906e-15 
 1087.000  4.127381e+02  5.417326e+01  8.543904e-15 
 1088.000  4.382036e+02  5.748608e+01  1.199651e-15 
 1089.000  4.087765e+02  5.338229e+01  6.316774e-16 
 1090.000  4.151392e+02  5.413876e+01  4.397901e-15 
 1091.000  4.201623e+02  5.478539e+01 -7.105261e-15 
 1092.000  4.040151e+02  5.255497e+01  3.025811e-15 
 1093.000  3.851971e+02  4.991258e+01  1.135210e-16 
 1094.000  3.450986e+02  4.462710e+01 -5.820645e-15 
 1095.000  3.743671e+02  4.838342e+01  2.895969e-15 
 1096.000  3.734824e+02  4.823096e+01 -2.598132e-15 
 1097.000  3.655849e+02  4.713649e+01  2.922316e-15 
 1098.000  3.283008e+02  4.188188e+01  3.616497e-15 
 1099.000  3.013005e+02  3.789145e+01  1.246149e-16 
 1100.000  3.081750e+02  3.876345e+01  2.478274e-15 
