  400.000  6.125706e+01  2.043416e+02  2.601045e-14 
  401.000  6.154136e+01  2.024157e+02 -1.066833e-14 
  402.000  6.591312e+01  2.137903e+02 -5.387202e-14 
  403.000  6.237888e+01  1.995517e+02  1.051744e-14 
  404.000  6.772315e+01  2.137070e+02  4.726521e-14 
  405.000  6.273479e+01  1.953055e+02  1.079986e-14 
  406.000  6.288390e+01  1.931654e+02 -1.440972e-14 
  407.000  6.184961e+01  1.874862e+02  4.147752e-14 
  408.000  6.765668e+01  2.024153e+02  5.102864e-14 
  409.000  7.560555e+01  2.232772e+02 -1.666214e-14 
  410.000  6.380661e+01  1.860247e+02 -2.058650e-14 
  411.000  7.562433e+01  2.176892e+02  7.844248e-15 
  412.000  7.907610e+01  2.247740e+02 -1.620335e-14 
  413.000  7.537510e+01  2.115960e+02  7.628552e-15 
  414.000  7.461531e+01  2.068875e+02 -5.278929e-14 
  415.000  8.028777e+01  2.199086e+02 -8.505126e-15 
  416.000  8.049653e+01  2.178259e+02  7.297155e-15 
  417.000  7.871822e+01  2.104734e+02  1.091052e-15 
  418.000  7.765409e+01  2.051749e+02 -5.346441e-14 
  419.000  8.021907e+01  2.094721e+02 -3.892776e-14 
  420.000  6.845613e+01  1.766843e+02 -3.239068e-14 
  421.000  8.646509e+01  2.206027e+02  7.977314e-15 
  422.000  8.351781e+01  2.106593e+02  0.000000e+00 
  423.000  7.109709e+01  1.773094e+02 -4.607235e-16 
  424.000  7.881709e+01  1.943678e+02 -2.262853e-14 
  425.000  8.225736e+01  2.006083e+02  2.128159e-14 
  426.000  7.967236e+01  1.921752e+02 -3.633313e-14 
  427.000  7.721101e+01  1.842167e+02  6.109901e-14 
  428.000  7.876023e+01  1.858914e+02 -1.349515e-14 
  429.000  7.217541e+01  1.685339e+02  1.880560e-14 
  430.000  5.800821e+01  1.340220e+02  2.506024e-14 
  431.000  5.252522e+01  1.200840e+02  2.215758e-14 
  432.000  9.520987e+01  2.154127e+02 -1.512315e-14 
  433.000  8.533868e+01  1.910946e+02 -2.138986e-14 
  434.000  8.166791e+01  1.810120e+02  7.075176e-15 
  435.000  8.945589e+01  1.962722e+02 -8.853529e-14 
  436.000  9.985818e+01  2.169035e+02 -2.490792e-14 
  437.000  1.014892e+02  2.182606e+02 -1.653284e-14 
  438.000  9.150727e+01  1.948597e+02 -1.023942e-15 
  439.000  8.912257e+01  1.879330e+02 -6.195200e-14 
  440.000  1.005239e+02  2.099291e+02  3.189205e-14 
  441.000  1.008267e+02  2.085468e+02  5.495162e-16 
  442.000  1.068463e+02  2.189018e+02 -1.666234e-14 
  443.000  1.082141e+02  2.196205e+02 -4.097008e-14 
  444.000  1.081535e+02  2.174531e+02 -6.857991e-15 
  445.000  1.144302e+02  2.279491e+02  5.163893e-14 
  446.000  1.024389e+02  2.021953e+02 -4.533533e-14 
  447.000  1.175227e+02  2.298615e+02 -5.281239e-14 
  448.000  1.202271e+02  2.330294e+02 -1.847283e-14 
  449.000  1.218097e+02  2.339831e+02 -2.782934e-14 
  450.000  1.252351e+02  2.384283e+02 -3.655696e-14 
  451.000  1.361515e+02  2.569319e+02  1.970858e-14 
  452.000  1.273012e+02  2.381366e+02  8.190318e-15 
  453.000  1.188386e+02  2.203851e+02 -8.760130e-15 
  454.000  1.274032e+02  2.342440e+02 -1.863996e-14 
  455.000  1.289818e+02  2.351305e+02  6.368387e-14 
  456.000  1.327805e+02  2.400140e+02  2.680413e-14 
  457.000  1.342042e+02  2.405577e+02  6.439059e-16 
  458.000  1.325066e+02  2.355437e+02 -4.523780e-14 
  459.000  1.331427e+02  2.347269e+02 -3.637484e-14 
  460.000  1.326282e+02  2.319117e+02 -4.530671e-14 
  461.000  1.381006e+02  2.395258e+02 -6.452149e-16 
  462.000  1.364957e+02  2.348415e+02 -8.825530e-15 
  463.000  1.371708e+02  2.341240e+02 -1.762612e-14 
  464.000  1.383513e+02  2.342803e+02 -2.646835e-14 
  465.000  1.370400e+02  2.302483e+02 -2.602579e-14 
  466.000  1.421005e+02  2.369024e+02  6.412280e-16 
  467.000  1.377642e+02  2.279098e+02  0.000000e+00 
  468.000  1.464740e+02  2.404704e+02  0.000000e+00 
  469.000  1.457520e+02  2.374751e+02  2.762568e-14 
  470.000  1.442579e+02  2.332791e+02  0.000000e+00 
  471.000  1.444624e+02  2.318759e+02  1.829452e-14 
  472.000  1.466459e+02  2.336482e+02  3.635585e-14 
  473.000  1.453840e+02  2.299466e+02  1.891665e-14 
  474.000  1.468426e+02  2.305743e+02 -1.841845e-14 
  475.000  1.529114e+02  2.383928e+02  8.584144e-15 
  476.000  1.481769e+02  2.293903e+02 -2.883289e-14 
  477.000  1.468983e+02  2.258169e+02 -1.713160e-14 
  478.000  1.548874e+02  2.363930e+02  1.994427e-14 
  479.000  1.488687e+02  2.255694e+02  2.783027e-14 
  480.000  1.529112e+02  2.300328e+02  9.641646e-15 
  481.000  1.529721e+02  2.284968e+02  1.782599e-14 
  482.000  1.570991e+02  2.330257e+02 -2.852321e-14 
  483.000  1.580805e+02  2.328665e+02  1.301024e-15 
  484.000  1.526871e+02  2.233905e+02  9.317814e-15 
  485.000  1.544394e+02  2.244315e+02 -8.741309e-15 
  486.000  1.257327e+02  1.814962e+02  2.122160e-14 
  487.000  1.419034e+02  2.034857e+02  2.437537e-14 
  488.000  1.546957e+02  2.203759e+02  3.501682e-14 
  489.000  1.443699e+02  2.043286e+02  3.306454e-14 
  490.000  1.649981e+02  2.320166e+02 -1.878722e-14 
  491.000  1.549294e+02  2.164589e+02 -3.510954e-14 
  492.000  1.493708e+02  2.073616e+02  8.715496e-15 
  493.000  1.613985e+02  2.226401e+02 -3.498504e-14 
  494.000  1.564168e+02  2.144119e+02 -8.438520e-15 
  495.000  1.677419e+02  2.285012e+02  1.737152e-14 
  496.000  1.637768e+02  2.217117e+02  8.767493e-15 
  497.000  1.592659e+02  2.142727e+02  9.108669e-15 
  498.000  1.558857e+02  2.084382e+02  1.658308e-14 
  499.000  1.558810e+02  2.071624e+02 -3.484301e-14 
  500.000  1.555623e+02  2.054887e+02 -5.904218e-16 
  501.000  1.524196e+02  2.001284e+02  8.034015e-15 
  502.000  1.517639e+02  1.980793e+02  9.121592e-15 
  503.000  1.611727e+02  2.091139e+02  8.446359e-15 
  504.000  1.502845e+02  1.938407e+02  3.197850e-14 
  505.000  1.624428e+02  2.082998e+02 -6.078260e-16 
  506.000  1.744402e+02  2.223951e+02  9.050963e-15 
  507.000  1.628121e+02  2.063827e+02 -7.202126e-15 
  508.000  1.566266e+02  1.974135e+02  4.200445e-14 
  509.000  1.694181e+02  2.123311e+02  0.000000e+00 
  510.000  1.646527e+02  2.052023e+02 -1.557998e-14 
  511.000  1.651691e+02  2.046993e+02  5.151218e-14 
  512.000  1.738358e+02  2.142484e+02  0.000000e+00 
  513.000  1.595389e+02  1.955471e+02 -3.329340e-14 
  514.000  1.566174e+02  1.909185e+02  1.853451e-14 
  515.000  1.603231e+02  1.943763e+02 -1.659872e-14 
  516.000  1.687950e+02  2.035434e+02 -2.643067e-14 
  517.000  1.245822e+02  1.494225e+02  1.282240e-14 
  518.000  1.545360e+02  1.843605e+02 -1.641349e-14 
  519.000  1.466863e+02  1.740692e+02  6.059656e-14 
  520.000  1.618023e+02  1.909968e+02  1.595151e-14 
  521.000  1.621820e+02  1.904448e+02 -1.145166e-15 
  522.000  1.688876e+02  1.972897e+02 -1.776404e-14 
  523.000  1.575516e+02  1.830995e+02 -3.968999e-14 
  524.000  1.711813e+02  1.979215e+02  8.968924e-15 
  525.000  1.700375e+02  1.956002e+02  9.489325e-15 
  526.000  1.622862e+02  1.857403e+02 -3.275095e-14 
  527.000  1.419334e+02  1.616301e+02 -2.760982e-14 
  528.000  1.706455e+02  1.933566e+02  7.097856e-15 
  529.000  1.756777e+02  1.980712e+02 -8.521310e-15 
  530.000  1.661806e+02  1.864399e+02  4.024974e-14 
  531.000  1.810861e+02  2.021674e+02  9.389116e-15 
  532.000  1.729737e+02  1.921701e+02 -2.626248e-14 
  533.000  1.522233e+02  1.683006e+02  0.000000e+00 
  534.000  1.659114e+02  1.825523e+02  4.096894e-14 
  535.000  1.697003e+02  1.858275e+02  0.000000e+00 
  536.000  1.805084e+02  1.967229e+02  9.222358e-15 
  537.000  1.678517e+02  1.820659e+02  7.975161e-15 
  538.000  1.760793e+02  1.900955e+02  3.456155e-14 
  539.000  1.758548e+02  1.889697e+02 -4.272576e-14 
  540.000  1.724334e+02  1.844367e+02 -9.289208e-15 
  541.000  1.584226e+02  1.686725e+02  1.068757e-15 
  542.000  1.770524e+02  1.876476e+02  9.488056e-15 
  543.000  1.696699e+02  1.790082e+02  6.791922e-15 
  544.000  1.792606e+02  1.882742e+02 -1.672060e-14 
  545.000  1.768670e+02  1.849276e+02 -1.646417e-14 
  546.000  1.732000e+02  1.802867e+02  7.472058e-14 
  547.000  1.808398e+02  1.874055e+02 -8.383709e-15 
  548.000  1.680482e+02  1.733830e+02 -7.775547e-15 
  549.000  1.771281e+02  1.819518e+02  2.571415e-14 
  550.000  1.734946e+02  1.774439e+02  2.514541e-14 
  551.000  1.726550e+02  1.758210e+02 -1.704091e-14 
  552.000  1.803581e+02  1.828754e+02 -3.436392e-14 
  553.000  1.735323e+02  1.752022e+02 -3.302223e-14 
  554.000  1.794456e+02  1.804028e+02  9.413079e-15 
  555.000  1.801929e+02  1.803892e+02  0.000000e+00 
  556.000  1.754498e+02  1.749036e+02 -2.408980e-14 
  557.000  1.704343e+02  1.691949e+02  0.000000e+00 
  558.000  1.771001e+02  1.750833e+02  2.543976e-14 
  559.000  1.675696e+02  1.649787e+02 -1.530364e-14 
  560.000  1.684532e+02  1.651701e+02  2.306517e-14 
  561.000  1.852741e+02  1.809249e+02 -2.657435e-14 
  562.000  1.699233e+02  1.652765e+02 -3.217442e-14 
  563.000  1.778528e+02  1.722971e+02  1.742263e-14 
  564.000  1.753466e+02  1.691965e+02 -1.603628e-14 
  565.000  1.772410e+02  1.703588e+02 -5.105071e-14 
  566.000  1.634762e+02  1.565085e+02 -3.103977e-14 
  567.000  1.747707e+02  1.666905e+02  0.000000e+00 
  568.000  1.717185e+02  1.632741e+02  0.000000e+00 
  569.000  1.625225e+02  1.545461e+02  1.486072e-14 
  570.000  1.643969e+02  1.556315e+02 -2.439488e-14 
  571.000  1.628245e+02  1.530632e+02  0.000000e+00 
  572.000  1.680325e+02  1.578135e+02  5.262216e-15 
  573.000  1.710262e+02  1.599135e+02 -1.655907e-14 
  574.000  1.705235e+02  1.588108e+02 -1.139752e-14 
  575.000  1.662236e+02  1.542444e+02 -5.916624e-17 
  576.000  1.634024e+02  1.510706e+02  7.900939e-16 
  577.000  1.717573e+02  1.579600e+02 -1.631590e-14 
  578.000  1.686927e+02  1.544934e+02 -1.694120e-14 
  579.000  1.690191e+02  1.541768e+02  0.000000e+00 
  580.000  1.763125e+02  1.602155e+02  3.233496e-14 
  581.000  1.752448e+02  1.586144e+02  0.000000e+00 
  582.000  1.793019e+02  1.616786e+02  3.324193e-14 
  583.000  1.814079e+02  1.629930e+02 -4.957935e-14 
  584.000  1.815646e+02  1.625542e+02 -3.330305e-14 
  585.000  1.809773e+02  1.614630e+02  0.000000e+00 
  586.000  1.737156e+02  1.544452e+02 -3.162211e-14 
  587.000  1.787647e+02  1.586673e+02 -2.238610e-14 
  588.000  1.685909e+02  1.497934e+02  5.491943e-15 
  589.000  1.383677e+02  1.233489e+02 -5.066448e-16 
  590.000  1.439653e+02  1.279444e+02  8.811574e-15 
  591.000  1.615855e+02  1.425228e+02 -1.818674e-15 
  592.000  1.543402e+02  1.359897e+02  9.138422e-15 
  593.000  1.658793e+02  1.448991e+02  1.410839e-15 
  594.000  1.654299e+02  1.442062e+02 -6.765996e-15 
  595.000  1.557724e+02  1.358301e+02 -9.787828e-15 
  596.000  1.697169e+02  1.467087e+02 -1.094096e-14 
  597.000  1.682345e+02  1.451059e+02  1.080879e-14 
  598.000  1.690491e+02  1.449825e+02  5.681896e-15 
  599.000  1.709956e+02  1.460240e+02 -2.347474e-14 
  600.000  1.749991e+02  1.486717e+02  4.100151e-15 
  601.000  1.768387e+02  1.494371e+02  1.091228e-15 
  602.000  1.759103e+02  1.481278e+02  3.113371e-14 
  603.000  1.781335e+02  1.494820e+02 -1.084334e-15 
  604.000  1.849862e+02  1.547162e+02  1.556054e-14 
  605.000  1.854202e+02  1.545788e+02 -1.113393e-15 
  606.000  1.838784e+02  1.528076e+02 -1.531871e-14 
  607.000  1.834284e+02  1.519537e+02  1.093051e-15 
  608.000  1.832722e+02  1.513514e+02  1.516065e-14 
  609.000  1.818767e+02  1.497341e+02  0.000000e+00 
  610.000  1.794411e+02  1.472747e+02  1.059008e-15 
  611.000  1.828563e+02  1.496198e+02 -1.075536e-15 
  612.000  1.809617e+02  1.476203e+02  4.432947e-14 
  613.000  1.787811e+02  1.454015e+02  0.000000e+00 
  614.000  1.727584e+02  1.400818e+02  0.000000e+00 
  615.000  1.814847e+02  1.467184e+02  1.573721e-14 
  616.000  1.729686e+02  1.394189e+02 -1.395355e-14 
  617.000  1.743330e+02  1.401044e+02 -1.402575e-14 
  618.000  1.829058e+02  1.465629e+02  0.000000e+00 
  619.000  1.815228e+02  1.450308e+02 -3.117490e-14 
  620.000  1.844763e+02  1.469638e+02  4.426358e-14 
  621.000  1.878791e+02  1.492443e+02  3.108840e-14 
  622.000  1.781383e+02  1.411026e+02 -2.842392e-14 
  623.000  1.796266e+02  1.418789e+02 -1.432254e-14 
  624.000  1.799259e+02  1.417151e+02 -1.433728e-14 
  625.000  1.751226e+02  1.375461e+02 -1.394842e-14 
  626.000  1.755148e+02  1.374868e+02 -1.503259e-14 
  627.000  1.753978e+02  1.372576e+02  5.881186e-14 
  628.000  1.661055e+02  1.298625e+02  2.046480e-15 
  629.000  1.736782e+02  1.353287e+02  1.278096e-14 
  630.000  1.709986e+02  1.327005e+02 -1.857371e-14 
  631.000  1.790335e+02  1.385135e+02 -3.002019e-15 
  632.000  1.645956e+02  1.271635e+02 -7.749495e-15 
  633.000  1.808172e+02  1.391312e+02 -5.035851e-15 
  634.000  1.771241e+02  1.357565e+02  1.399697e-14 
  635.000  1.809822e+02  1.383458e+02 -1.423504e-14 
  636.000  1.758966e+02  1.340764e+02 -1.370769e-14 
  637.000  1.827794e+02  1.389375e+02 -1.015212e-15 
  638.000  1.879332e+02  1.424182e+02 -1.329163e-14 
  639.000  1.870472e+02  1.413706e+02  0.000000e+00 
  640.000  1.826113e+02  1.376285e+02  2.743399e-14 
  641.000  1.858464e+02  1.397017e+02  2.680814e-14 
  642.000  1.846980e+02  1.384573e+02  2.842105e-14 
  643.000  1.871737e+02  1.399870e+02  1.396856e-14 
  644.000  1.854521e+02  1.383415e+02  9.908164e-16 
  645.000  1.856656e+02  1.383476e+02 -1.640057e-14 
  646.000  1.716868e+02  1.280007e+02  2.788201e-15 
  647.000  1.693374e+02  1.262425e+02 -3.528277e-14 
  648.000  1.638996e+02  1.222003e+02  9.179808e-15 
  649.000  1.722060e+02  1.277898e+02  2.714928e-14 
  650.000  1.686650e+02  1.242992e+02  5.679511e-15 
  651.000  1.819732e+02  1.337753e+02  1.348279e-14 
  652.000  1.705309e+02  1.255412e+02  2.397187e-14 
  653.000  1.839434e+02  1.344881e+02  2.951336e-14 
  654.000  1.807830e+02  1.319122e+02 -2.881714e-14 
  655.000  1.728608e+02  1.260236e+02  1.376461e-14 
  656.000  1.480126e+02  1.075859e+02  4.910554e-16 
  657.000  1.599413e+02  1.158761e+02 -1.594720e-14 
  658.000  1.817570e+02  1.311855e+02 -1.904844e-14 
  659.000  1.844451e+02  1.327124e+02  1.114040e-14 
  660.000  1.870633e+02  1.342362e+02  4.171187e-15 
  661.000  1.907590e+02  1.363436e+02 -2.884017e-14 
  662.000  1.949738e+02  1.389921e+02 -2.725421e-14 
  663.000  1.928424e+02  1.371528e+02  1.444213e-14 
  664.000  1.905399e+02  1.351837e+02 -1.420144e-14 
  665.000  1.919758e+02  1.358728e+02 -9.548149e-16 
  666.000  1.950615e+02  1.377215e+02  0.000000e+00 
  667.000  1.918185e+02  1.351090e+02 -1.411721e-14 
  668.000  1.937426e+02  1.361375e+02 -1.323532e-14 
  669.000  1.971140e+02  1.381796e+02  2.779891e-14 
  670.000  1.952339e+02  1.365427e+02  1.325066e-14 
  671.000  1.936847e+02  1.351437e+02 -1.216266e-14 
  672.000  1.934839e+02  1.346927e+02 -9.372944e-16 
  673.000  1.952906e+02  1.356390e+02 -1.314247e-14 
  674.000  1.960860e+02  1.358808e+02  1.410715e-14 
  675.000  1.935032e+02  1.337865e+02 -4.072622e-14 
  676.000  1.975502e+02  1.362759e+02  1.224708e-14 
  677.000  1.939932e+02  1.335204e+02 -1.856265e-15 
  678.000  1.975829e+02  1.356858e+02 -5.537410e-14 
  679.000  1.950513e+02  1.336504e+02 -1.387625e-14 
  680.000  1.934146e+02  1.322424e+02  1.284778e-14 
  681.000  1.935748e+02  1.320670e+02  3.951591e-14 
  682.000  1.933240e+02  1.316083e+02  1.283390e-14 
  683.000  1.947269e+02  1.322790e+02  0.000000e+00 
  684.000  1.908161e+02  1.293571e+02  9.112894e-16 
  685.000  1.937782e+02  1.310684e+02  4.031626e-14 
  686.000  1.842626e+02  1.243737e+02  0.000000e+00 
  687.000  1.395599e+02  9.497131e+01  2.565582e-14 
  688.000  1.537150e+02  1.040849e+02  1.180717e-14 
  689.000  1.497871e+02  1.013398e+02 -1.168577e-14 
  690.000  1.581637e+02  1.065651e+02 -1.090687e-14 
  691.000  1.675091e+02  1.123972e+02  1.111967e-16 
  692.000  1.693731e+02  1.134357e+02 -7.848669e-15 
  693.000  1.593989e+02  1.071391e+02 -1.739642e-14 
  694.000  1.503072e+02  1.012429e+02  2.696030e-15 
  695.000  1.538943e+02  1.032638e+02  1.075917e-14 
  696.000  1.597830e+02  1.068449e+02  6.900424e-15 
  697.000  1.797758e+02  1.190284e+02  1.570490e-14 
  698.000  1.722922e+02  1.140296e+02 -5.000179e-15 
  699.000  1.579241e+02  1.050579e+02 -7.396265e-15 
  700.000  1.588277e+02  1.053423e+02  6.852619e-15 
  701.000  1.516544e+02  1.005202e+02  1.540080e-14 
  702.000  1.536696e+02  1.015530e+02 -2.223096e-14 
  703.000  1.703129e+02  1.116619e+02  2.232434e-14 
  704.000  1.715844e+02  1.122444e+02  2.286759e-15 
  705.000  1.669243e+02  1.092570e+02 -1.138543e-14 
  706.000  1.664464e+02  1.086754e+02  3.501273e-14 
  707.000  1.661803e+02  1.081904e+02 -1.530396e-16 
  708.000  1.735235e+02  1.126401e+02  3.041178e-15 
  709.000  1.722452e+02  1.113784e+02 -2.592825e-15 
  710.000  1.710957e+02  1.106489e+02  5.573685e-16 
  711.000  1.747249e+02  1.125424e+02 -1.062808e-14 
  712.000  1.768755e+02  1.135248e+02  3.002794e-14 
  713.000  1.725114e+02  1.106577e+02 -1.947197e-14 
  714.000  1.741352e+02  1.115432e+02 -1.139588e-14 
  715.000  1.621411e+02  1.039191e+02  1.233567e-14 
  716.000  1.598497e+02  1.025360e+02 -2.991519e-14 
  717.000  1.217182e+02  7.887801e+01 -4.971878e-14 
  718.000  1.029541e+02  6.747103e+01 -1.283514e-14 
  719.000  9.569947e+01  6.297318e+01  1.848465e-14 
  720.000  8.844419e+01  5.859537e+01  6.806918e-17 
  721.000  1.287551e+02  8.253880e+01 -5.786849e-16 
  722.000  1.482443e+02  9.434657e+01 -1.289417e-14 
  723.000  1.379153e+02  8.787601e+01  9.819944e-15 
  724.000  1.127556e+02  7.258572e+01  2.649681e-14 
  725.000  1.148944e+02  7.365559e+01 -5.183118e-14 
  726.000  1.136967e+02  7.280331e+01 -2.507770e-14 
  727.000  1.189955e+02  7.587987e+01 -1.033516e-13 
  728.000  1.133898e+02  7.234320e+01  4.935908e-14 
  729.000  1.181276e+02  7.479767e+01  4.852155e-14 
  730.000  1.211363e+02  7.661235e+01 -5.082027e-14 
  731.000  1.175078e+02  7.424768e+01  9.690204e-14 
  732.000  1.368049e+02  8.569193e+01  1.082976e-15 
  733.000  1.527371e+02  9.496361e+01  7.299043e-14 
  734.000  1.655279e+02  1.023376e+02  1.232975e-14 
  735.000  1.611231e+02  9.956828e+01 -1.724667e-14 
  736.000  1.523813e+02  9.422038e+01 -2.144040e-14 
  737.000  1.590108e+02  9.796895e+01  9.525112e-15 
  738.000  1.650047e+02  1.012188e+02  3.216023e-16 
  739.000  1.624836e+02  9.938562e+01 -5.513769e-15 
  740.000  1.702877e+02  1.037386e+02 -4.170043e-15 
  741.000  1.726473e+02  1.048700e+02 -2.886308e-14 
  742.000  1.714232e+02  1.038979e+02  6.678775e-15 
  743.000  1.799820e+02  1.088016e+02 -8.014530e-15 
  744.000  1.832945e+02  1.104845e+02  2.395899e-14 
  745.000  1.797899e+02  1.081627e+02 -2.176838e-14 
  746.000  1.833225e+02  1.100809e+02 -1.103400e-14 
  747.000  1.864857e+02  1.117841e+02  1.200949e-14 
  748.000  1.839022e+02  1.100343e+02 -4.556183e-14 
  749.000  1.844158e+02  1.101483e+02  3.298930e-14 
  750.000  1.814831e+02  1.082155e+02 -1.083552e-14 
  751.000  1.812186e+02  1.078728e+02  2.238924e-14 
  752.000  1.848551e+02  1.098430e+02  0.000000e+00 
  753.000  1.835428e+02  1.088739e+02 -2.328798e-14 
  754.000  1.867545e+02  1.105892e+02  2.285753e-14 
  755.000  1.858871e+02  1.098897e+02  2.193677e-14 
  756.000  1.824603e+02  1.076821e+02  2.227726e-14 
  757.000  1.839593e+02  1.083847e+02  2.243875e-14 
  758.000  1.831160e+02  1.077069e+02 -3.325275e-14 
  759.000  1.531053e+02  9.031251e+01  1.956564e-14 
  760.000  2.495675e+01  1.595090e+01 -1.249812e-19 
  761.000  1.899298e+01  1.241670e+01  1.818566e-15 
  762.000  6.989990e+01  4.216618e+01  1.826626e-16 
  763.000  5.127388e+01  3.134522e+01 -1.604642e-17 
  764.000  6.119302e+01  3.707442e+01 -5.442672e-15 
  765.000  8.729440e+01  5.192032e+01 -4.970260e-16 
  766.000  1.188757e+02  6.968516e+01  1.142690e-14 
  767.000  1.415343e+02  8.254034e+01 -1.787694e-14 
  768.000  1.622587e+02  9.414987e+01  9.180167e-15 
  769.000  1.719674e+02  9.946937e+01  4.921717e-15 
  770.000  1.766043e+02  1.019571e+02  5.429200e-15 
  771.000  1.793697e+02  1.032989e+02 -1.043618e-14 
  772.000  1.794063e+02  1.031535e+02 -7.460353e-16 
  773.000  1.790318e+02  1.027735e+02  1.108909e-14 
  774.000  1.813458e+02  1.039380e+02 -1.120264e-14 
  775.000  1.748725e+02  1.000697e+02 -7.220657e-16 
  776.000  1.823948e+02  1.042083e+02 -2.093914e-14 
  777.000  1.812291e+02  1.033805e+02  4.382607e-14 
  778.000  1.802508e+02  1.026635e+02  1.108394e-14 
  779.000  1.808320e+02  1.028356e+02 -1.489899e-15 
  780.000  1.786770e+02  1.014503e+02 -7.357851e-16 
  781.000  1.787932e+02  1.013562e+02 -1.022943e-14 
  782.000  1.809292e+02  1.024105e+02 -1.035354e-14 
  783.000  1.767778e+02  9.990505e+01  2.240270e-14 
  784.000  1.775936e+02  1.002147e+02  2.107199e-14 
  785.000  1.769127e+02  9.969674e+01  1.167031e-14 
  786.000  1.721031e+02  9.694839e+01 -2.947977e-14 
  787.000  1.704828e+02  9.599188e+01 -6.797573e-15 
  788.000  1.657952e+02  9.327361e+01 -5.851435e-15 
  789.000  1.592114e+02  8.968365e+01 -4.814811e-15 
  790.000  1.569853e+02  8.832177e+01  2.656144e-15 
  791.000  1.576225e+02  8.849765e+01  1.893155e-14 
  792.000  1.564897e+02  8.768539e+01  4.543438e-15 
  793.000  1.594347e+02  8.910115e+01 -9.959102e-16 
  794.000  1.642869e+02  9.149123e+01 -2.867502e-15 
  795.000  1.595282e+02  8.881441e+01  8.966709e-15 
  796.000  1.519790e+02  8.482753e+01 -2.341328e-15 
  797.000  1.559141e+02  8.678848e+01 -2.659989e-15 
  798.000  1.626702e+02  9.019241e+01 -4.011466e-15 
  799.000  1.610947e+02  8.923552e+01  2.577053e-15 
  800.000  1.522896e+02  8.439143e+01 -7.414793e-15 
  801.000  1.557402e+02  8.615895e+01 -1.871419e-14 
  802.000  1.550275e+02  8.565777e+01  2.747138e-15 
  803.000  1.535608e+02  8.470115e+01  1.902361e-14 
  804.000  1.572734e+02  8.654753e+01  7.982106e-15 
  805.000  1.572587e+02  8.628258e+01 -8.706327e-15 
  806.000  1.642268e+02  8.990416e+01  6.435224e-15 
  807.000  1.634333e+02  8.933923e+01  1.497624e-14 
  808.000  1.610017e+02  8.792466e+01  1.467829e-14 
  809.000  1.565208e+02  8.540771e+01  1.144337e-14 
  810.000  1.538611e+02  8.389787e+01 -1.780321e-14 
  811.000  1.522756e+02  8.304785e+01 -3.423368e-15 
  812.000  1.463385e+02  7.988435e+01 -4.666039e-15 
  813.000  1.392672e+02  7.613940e+01  9.980383e-15 
  814.000  1.308454e+02  7.167297e+01  1.764317e-14 
  815.000  1.196736e+02  6.565310e+01 -1.476708e-18 
  816.000  1.074187e+02  5.907644e+01  7.621667e-14 
  817.000  1.084962e+02  5.957885e+01 -7.932106e-14 
  818.000  1.087169e+02  5.959489e+01  3.985942e-14 
  819.000  1.095155e+02  5.985722e+01 -1.845228e-19 
  820.000  1.198035e+02  6.515266e+01 -8.736923e-15 
  821.000  1.395354e+02  7.528517e+01 -4.542971e-15 
  822.000  1.239286e+02  6.712775e+01  3.441042e-15 
  823.000  9.662475e+01  5.288058e+01 -1.917062e-14 
  824.000  1.226576e+02  6.636018e+01 -3.424178e-15 
  825.000  1.405995e+02  7.541125e+01  1.891163e-14 
  826.000  1.386275e+02  7.435506e+01  3.324405e-14 
  827.000  1.358751e+02  7.285841e+01  4.509024e-15 
  828.000  1.238549e+02  6.661674e+01 -4.113229e-16 
  829.000  1.279577e+02  6.864246e+01 -3.294249e-15 
  830.000  1.307202e+02  6.989929e+01  1.123569e-14 
  831.000  1.296633e+02  6.920522e+01 -3.538319e-14 
  832.000  1.330964e+02  7.092074e+01  4.780811e-15 
  833.000  1.318140e+02  7.005376e+01  7.460847e-14 
  834.000  1.372332e+02  7.272276e+01  3.169198e-14 
  835.000  1.443110e+02  7.614226e+01 -1.002821e-14 
  836.000  1.439595e+02  7.592593e+01  7.110322e-15 
  837.000  1.427016e+02  7.516918e+01  1.068827e-14 
  838.000  1.465658e+02  7.699558e+01  1.993813e-14 
  839.000  1.440329e+02  7.550497e+01 -7.406409e-15 
  840.000  1.486854e+02  7.782065e+01 -6.723794e-15 
  841.000  1.470192e+02  7.691379e+01  1.085402e-14 
  842.000  1.480847e+02  7.731140e+01 -4.962862e-15 
  843.000  1.516870e+02  7.896068e+01  6.287569e-15 
  844.000  1.513208e+02  7.861779e+01  5.587288e-15 
  845.000  1.546661e+02  8.023048e+01 -7.053878e-15 
  846.000  1.571484e+02  8.139147e+01  2.699729e-14 
  847.000  1.528914e+02  7.906355e+01  3.684741e-15 
  848.000  1.555922e+02  8.039545e+01 -3.289843e-15 
  849.000  1.561603e+02  8.058163e+01 -7.672393e-16 
  850.000  1.342708e+02  6.921602e+01  1.163109e-14 
  851.000  1.528092e+02  7.869815e+01 -8.536934e-15 
  852.000  1.471689e+02  7.569544e+01 -1.662113e-14 
  853.000  1.506431e+02  7.734522e+01  2.152546e-14 
  854.000  1.210953e+02  6.209776e+01  1.138727e-14 
  855.000  1.341242e+02  6.867636e+01 -3.718651e-14 
  856.000  1.540197e+02  7.866943e+01  9.123049e-15 
  857.000  1.572964e+02  8.023125e+01  8.641193e-15 
  858.000  1.551948e+02  7.905502e+01  3.460804e-14 
  859.000  1.560656e+02  7.938798e+01 -2.729954e-14 
  860.000  1.551840e+02  7.883637e+01  6.038351e-16 
  861.000  1.553008e+02  7.879734e+01 -3.544627e-14 
  862.000  1.550459e+02  7.857022e+01 -2.633958e-14 
  863.000  1.581010e+02  8.001956e+01  0.000000e+00 
  864.000  1.580894e+02  7.991241e+01 -1.704031e-14 
  865.000  1.553959e+02  7.845229e+01 -1.672030e-14 
  866.000  1.304274e+02  6.576609e+01 -2.855296e-14 
  867.000  1.388912e+02  6.994936e+01 -7.467812e-15 
  868.000  1.507021e+02  7.580539e+01  1.736104e-14 
  869.000  1.486934e+02  7.470383e+01 -2.452877e-14 
  870.000  1.548142e+02  7.768591e+01 -8.315089e-15 
  871.000  1.547008e+02  7.753494e+01 -5.961334e-16 
  872.000  1.542804e+02  7.722950e+01  0.000000e+00 
  873.000  1.547745e+02  7.738633e+01  8.303246e-15 
  874.000  1.513336e+02  7.557680e+01  5.831353e-16 
  875.000  1.499581e+02  7.480106e+01  8.625436e-15 
  876.000  1.511560e+02  7.530824e+01  5.827465e-16 
  877.000  1.541858e+02  7.672739e+01 -8.279599e-15 
  878.000  1.510429e+02  7.508109e+01  3.374393e-14 
  879.000  1.514743e+02  7.520724e+01 -1.632592e-14 
  880.000  1.501650e+02  7.447521e+01 -5.830709e-16 
  881.000  1.422231e+02  7.045692e+01  7.148866e-15 
  882.000  1.498769e+02  7.416489e+01  7.546439e-15 
  883.000  1.467434e+02  7.252642e+01  8.512286e-15 
  884.000  1.481309e+02  7.312574e+01 -8.583543e-15 
  885.000  1.488316e+02  7.339903e+01 -5.816734e-16 
  886.000  1.428857e+02  7.045951e+01 -2.334950e-14 
  887.000  1.422827e+02  7.001104e+01  2.439299e-14 
  888.000  1.465173e+02  7.201266e+01 -1.598537e-14 
  889.000  1.477875e+02  7.255067e+01  3.448231e-14 
  890.000  1.466561e+02  7.198074e+01 -1.460074e-14 
  891.000  1.443198e+02  7.078448e+01 -2.033483e-14 
  892.000  1.404273e+02  6.887149e+01  1.851993e-15 
  893.000  1.254292e+02  6.170525e+01  3.865560e-15 
  894.000  1.245870e+02  6.137737e+01  2.848138e-14 
  895.000  1.050556e+02  5.204345e+01  0.000000e+00 
  896.000  9.686459e+01  4.810715e+01 -3.119590e-14 
  897.000  8.289581e+01  4.139209e+01 -5.520533e-19 
  898.000  7.791052e+01  3.903397e+01  3.915575e-15 
  899.000  6.547010e+01  3.324636e+01 -3.786660e-15 
  900.000  6.529048e+01  3.305215e+01 -1.818572e-16 
  901.000  6.113367e+01  3.103667e+01 -1.824907e-15 
  902.000  6.081141e+01  3.080034e+01 -1.711888e-15 
  903.000  8.531360e+01  4.221967e+01  5.167849e-16 
  904.000  1.021692e+02  5.021709e+01 -7.567296e-14 
  905.000  1.016104e+02  4.988421e+01  1.483811e-15 
  906.000  8.934787e+01  4.394094e+01 -5.941584e-14 
  907.000  7.536078e+01  3.744030e+01 -3.791159e-15 
  908.000  6.445591e+01  3.233793e+01  1.972433e-15 
  909.000  6.359554e+01  3.186151e+01 -1.850607e-15 
  910.000  6.559213e+01  3.277147e+01 -4.223952e-17 
  911.000  7.118972e+01  3.527647e+01  8.680083e-22 
  912.000  6.855928e+01  3.404818e+01 -2.084910e-15 
  913.000  5.863816e+01  2.955490e+01 -1.162326e-15 
  914.000  6.382038e+01  3.187070e+01  1.858324e-15 
  915.000  6.738209e+01  3.340131e+01 -1.993961e-15 
  916.000  6.966976e+01  3.443604e+01 -1.801256e-16 
  917.000  7.140997e+01  3.514075e+01  3.555756e-15 
  918.000  7.474246e+01  3.659648e+01  1.762854e-16 
  919.000  8.898787e+01  4.311721e+01  2.641007e-19 
  920.000  9.939339e+01  4.793824e+01  2.496799e-14 
  921.000  9.500291e+01  4.579372e+01 -1.624863e-14 
  922.000  9.403926e+01  4.528013e+01  1.373439e-14 
  923.000  8.724031e+01  4.199405e+01 -1.377461e-14 
  924.000  8.398228e+01  4.049322e+01  1.826339e-16 
  925.000  8.417179e+01  4.056885e+01  2.751530e-14 
  926.000  8.005045e+01  3.858387e+01 -2.025427e-14 
  927.000  7.465834e+01  3.618347e+01 -6.695639e-15 
  928.000  6.348265e+01  3.116097e+01 -2.563137e-16 
  929.000  4.853679e+01  2.438256e+01  1.329287e-15 
  930.000  3.433725e+01  1.781566e+01 -4.557149e-16 
  931.000  2.269322e+01  1.226058e+01 -1.135742e-16 
  932.000  1.164949e+01  6.957146e+00 -5.648292e-17 
  933.000  7.046640e+00  4.684660e+00 -2.085335e-16 
  934.000  4.006620e+00  3.086901e+00  4.852869e-22 
  935.000  3.640041e+00  2.871885e+00 -1.615767e-21 
  936.000  4.441643e+00  3.300313e+00 -7.369996e-18 
  937.000  4.396791e+00  3.289070e+00  9.750939e-22 
  938.000  8.169728e+00  5.193580e+00  2.781768e-17 
  939.000  2.823132e+01  1.493596e+01  7.766935e-18 
  940.000  3.312898e+01  1.718964e+01  2.315512e-16 
  941.000  2.868013e+01  1.504506e+01 -5.334150e-16 
  942.000  1.972006e+01  1.068179e+01 -1.045878e-16 
  943.000  1.102644e+01  6.529556e+00  5.521181e-17 
  944.000  1.011573e+01  6.053840e+00 -3.152757e-16 
  945.000  1.285433e+01  7.387773e+00 -2.698637e-21 
  946.000  1.335600e+01  7.630404e+00  8.043246e-17 
  947.000  1.661435e+01  9.166468e+00 -2.376653e-19 
  948.000  1.892655e+01  1.026581e+01  5.394825e-16 
  949.000  1.896197e+01  1.026144e+01  1.094742e-20 
  950.000  1.951245e+01  1.049984e+01  1.094018e-16 
  951.000  2.497253e+01  1.307714e+01  6.009160e-19 
  952.000  1.955133e+01  1.046250e+01 -1.721790e-19 
  953.000  2.378965e+01  1.244529e+01  9.425369e-19 
  954.000  2.893748e+01  1.482385e+01  2.135303e-16 
  955.000  2.358177e+01  1.219345e+01  5.546219e-19 
  956.000  2.493406e+01  1.285589e+01 -2.131568e-16 
  957.000  4.007454e+01  1.980239e+01 -4.344945e-16 
  958.000  4.332204e+01  2.123645e+01 -1.302624e-16 
  959.000  4.095893e+01  2.015495e+01 -5.451896e-17 
  960.000  4.010122e+01  1.972354e+01  5.687586e-24 
  961.000  3.853277e+01  1.897129e+01 -1.503695e-17 
  962.000  4.032888e+01  1.976194e+01  1.273743e-15 
  963.000  5.112845e+01  2.450928e+01  5.689590e-23 
  964.000  5.251275e+01  2.506023e+01  8.165825e-16 
  965.000  5.237160e+01  2.499887e+01 -9.182733e-16 
  966.000  5.183704e+01  2.467557e+01 -9.742685e-16 
  967.000  6.286332e+01  2.947674e+01 -1.923722e-16 
  968.000  8.040627e+01  3.704645e+01 -2.626813e-14 
  969.000  9.059515e+01  4.156271e+01 -1.186926e-14 
  970.000  9.161950e+01  4.197714e+01 -1.280107e-14 
  971.000  9.066352e+01  4.149937e+01  1.309216e-14 
  972.000  8.852602e+01  4.051423e+01 -2.585626e-14 
  973.000  8.163943e+01  3.739952e+01  4.914959e-14 
  974.000  7.362106e+01  3.382877e+01  1.555694e-16 
  975.000  6.988642e+01  3.219752e+01 -6.985894e-16 
  976.000  7.592841e+01  3.479569e+01  1.856164e-14 
  977.000  8.299891e+01  3.782979e+01  5.114182e-14 
  978.000  8.449846e+01  3.847797e+01  5.126524e-14 
  979.000  8.472742e+01  3.850891e+01  3.627912e-14 
  980.000  9.634511e+01  4.359261e+01  9.152286e-17 
  981.000  9.962697e+01  4.497681e+01 -6.219857e-15 
  982.000  9.724126e+01  4.390429e+01  7.421418e-16 
  983.000  1.028355e+02  4.624833e+01 -3.977930e-14 
  984.000  1.083500e+02  4.851976e+01  9.098154e-15 
  985.000  1.119905e+02  5.001167e+01  4.678138e-15 
  986.000  1.158869e+02  5.159555e+01  4.893240e-15 
  987.000  1.194414e+02  5.308538e+01 -1.070543e-14 
  988.000  1.185616e+02  5.263502e+01 -1.007288e-14 
  989.000  1.174503e+02  5.208668e+01 -1.024180e-14 
  990.000  1.190265e+02  5.272708e+01 -3.630947e-15 
  991.000  1.218747e+02  5.390814e+01  3.973667e-15 
  992.000  1.213086e+02  5.359998e+01  1.906219e-14 
  993.000  1.215406e+02  5.364981e+01 -4.794756e-15 
  994.000  1.237610e+02  5.451603e+01 -3.393424e-14 
  995.000  1.240106e+02  5.456416e+01  2.048214e-14 
  996.000  1.240075e+02  5.451273e+01  1.319470e-14 
  997.000  1.234758e+02  5.423643e+01 -6.834035e-15 
  998.000  1.222858e+02  5.371415e+01  3.546067e-15 
  999.000  1.217028e+02  5.341352e+01 -1.093689e-14 
 1000.000  1.209986e+02  5.305283e+01 -8.396466e-15 
 1001.000  1.199962e+02  5.259025e+01 -3.019773e-15 
 1002.000  1.171810e+02  5.135462e+01  6.751480e-17 
 1003.000  1.164642e+02  5.098310e+01 -5.347657e-15 
 1004.000  1.170240e+02  5.115638e+01 -1.961266e-14 
 1005.000  1.099755e+02  4.802161e+01 -5.624139e-15 
 1006.000  1.159907e+02  5.059910e+01 -1.414312e-14 
 1007.000  1.176228e+02  5.127280e+01  8.864008e-15 
 1008.000  1.160081e+02  5.055901e+01 -1.663297e-14 
 1009.000  1.125261e+02  4.905043e+01  2.235613e-15 
 1010.000  1.142263e+02  4.972203e+01  1.192612e-15 
 1011.000  1.166403e+02  5.067317e+01 -1.404735e-14 
 1012.000  1.178739e+02  5.114501e+01  5.481952e-15 
 1013.000  1.179613e+02  5.112374e+01 -8.562915e-15 
 1014.000  1.191418e+02  5.158392e+01 -1.240647e-14 
 1015.000  1.170469e+02  5.063073e+01  6.551600e-15 
 1016.000  1.182361e+02  5.109422e+01  6.686287e-15 
 1017.000  1.172611e+02  5.058801e+01  4.329463e-16 
 1018.000  1.183796e+02  5.106944e+01  2.684990e-15 
 1019.000  1.146920e+02  4.944929e+01  1.828428e-14 
 1020.000  1.148288e+02  4.945950e+01  3.752784e-14 
 1021.000  1.167273e+02  5.022278e+01  1.332856e-15 
 1022.000  1.137888e+02  4.893265e+01  1.678553e-14 
 1023.000  1.149765e+02  4.941574e+01 -5.164838e-15 
 1024.000  1.138089e+02  4.888093e+01 -1.131651e-14 
 1025.000  1.156617e+02  4.960375e+01 -2.148703e-14 
 1026.000  1.166555e+02  4.997434e+01  5.542976e-15 
 1027.000  1.156363e+02  4.949926e+01 -1.565448e-14 
 1028.000  1.162314e+02  4.970646e+01 -2.327138e-15 
 1029.000  1.152439e+02  4.919543e+01 -4.235123e-16 
 1030.000  1.171784e+02  4.997009e+01  3.063121e-14 
 1031.000  1.172142e+02  4.993810e+01 -1.229574e-14 
 1032.000  1.171262e+02  4.985444e+01 -5.912950e-15 
 1033.000  1.150914e+02  4.894534e+01  1.824542e-14 
 1034.000  1.164502e+02  4.947906e+01  0.000000e+00 
 1035.000  1.153195e+02  4.895595e+01  1.823930e-14 
 1036.000  1.168308e+02  4.955456e+01  2.435686e-14 
 1037.000  1.144332e+02  4.849581e+01  1.192243e-14 
 1038.000  1.156733e+02  4.897878e+01 -5.393876e-15 
 1039.000  1.160242e+02  4.908699e+01  0.000000e+00 
 1040.000  1.145698e+02  4.843131e+01  6.181950e-15 
 1041.000  1.151089e+02  4.861879e+01  1.781362e-14 
 1042.000  1.154489e+02  4.872133e+01 -6.233996e-15 
 1043.000  1.134896e+02  4.785379e+01 -1.225296e-14 
 1044.000  1.145716e+02  4.826969e+01  1.732043e-14 
 1045.000  1.138535e+02  4.792902e+01  6.163868e-15 
 1046.000  1.104565e+02  4.645995e+01  5.584999e-15 
 1047.000  1.123363e+02  4.721214e+01 -6.506237e-15 
 1048.000  1.133603e+02  4.760234e+01 -1.232269e-14 
 1049.000  1.125362e+02  4.721634e+01  6.124655e-15 
 1050.000  1.116572e+02  4.681015e+01  4.079774e-16 
 1051.000  1.113794e+02  4.665800e+01 -1.177947e-14 
 1052.000  1.106711e+02  4.632438e+01  1.132222e-14 
 1053.000  1.106662e+02  4.628406e+01  4.066612e-16 
 1054.000  1.092558e+02  4.565932e+01 -1.162028e-14 
 1055.000  1.097492e+02  4.583052e+01  2.342371e-14 
 1056.000  1.092107e+02  4.557013e+01  1.168647e-14 
 1057.000  1.084395e+02  4.521683e+01 -1.248872e-14 
 1058.000  1.063127e+02  4.430483e+01  0.000000e+00 
 1059.000  1.030283e+02  4.289955e+01  6.190424e-15 
 1060.000  1.072069e+02  4.459612e+01 -6.005584e-15 
 1061.000  1.033323e+02  4.295013e+01  3.883119e-16 
 1062.000  1.056421e+02  4.388057e+01  1.113144e-14 
 1063.000  1.036956e+02  4.303756e+01  6.260595e-15 
 1064.000  1.045685e+02  4.336933e+01  5.551622e-15 
 1065.000  1.037831e+02  4.301647e+01  5.550021e-15 
 1066.000  1.006746e+02  4.169321e+01  0.000000e+00 
 1067.000  1.028852e+02  4.261090e+01  7.374072e-15 
 1068.000  1.012477e+02  4.191998e+01 -5.198068e-16 
 1069.000  9.298262e+01  3.848164e+01 -8.320226e-16 
 1070.000  9.867504e+01  4.080472e+01  2.197857e-15 
 1071.000  9.804524e+01  4.052987e+01  3.829593e-15 
 1072.000  9.755317e+01  4.031255e+01  1.448768e-14 
 1073.000  9.420663e+01  3.890404e+01  1.383139e-14 
 1074.000  9.766907e+01  4.030143e+01 -1.904550e-15 
 1075.000  9.585289e+01  3.949881e+01  1.243227e-15 
 1076.000  9.720148e+01  4.003984e+01 -1.929859e-14 
 1077.000  9.598370e+01  3.952998e+01 -2.647005e-16 
 1078.000  9.507517e+01  3.915298e+01 -7.016791e-16 
 1079.000  9.124157e+01  3.755005e+01  7.820597e-15 
 1080.000  9.082409e+01  3.742342e+01 -8.075430e-15 
 1081.000  8.733694e+01  3.596391e+01  5.322609e-15 
 1082.000  8.978470e+01  3.691162e+01 -8.795089e-15 
 1083.000  8.576696e+01  3.527224e+01 -1.549895e-14 
 1084.000  8.726437e+01  3.590498e+01  1.853982e-14 
 1085.000  8.208408e+01  3.384348e+01  9.297908e-16 
 1086.000  8.406550e+01  3.461321e+01 -9.942106e-15 
 1087.000  8.312286e+01  3.409310e+01 -7.037517e-15 
 1088.000  8.838790e+01  3.622040e+01 -7.962115e-15 
 1089.000  7.967355e+01  3.274950e+01  3.884275e-15 
 1090.000  8.036172e+01  3.303016e+01 -9.100615e-15 
 1091.000  8.182790e+01  3.358663e+01 -1.432558e-14 
 1092.000  7.729286e+01  3.175508e+01  1.176289e-14 
 1093.000  7.084231e+01  2.915490e+01 -8.946673e-15 
 1094.000  6.238459e+01  2.567395e+01  1.780383e-14 
 1095.000  6.780956e+01  2.788413e+01  2.276403e-16 
 1096.000  6.768324e+01  2.781348e+01 -1.939538e-14 
 1097.000  6.560131e+01  2.695247e+01  3.878763e-14 
 1098.000  5.329468e+01  2.208717e+01 -1.937900e-15 
 1099.000  4.469933e+01  1.877009e+01  1.267515e-15 
 1100.000  4.594912e+01  1.926355e+01 -3.009933e-17 
