  400.000  1.571843e+00  6.421550e+01 -1.457074e-15 
  401.000  1.620102e+00  6.375418e+01  2.805166e-15 
  402.000  1.779677e+00  6.748844e+01 -4.414407e-15 
  403.000  1.726901e+00  6.313462e+01  1.555283e-15 
  404.000  1.921695e+00  6.776331e+01 -1.174263e-14 
  405.000  1.823962e+00  6.206488e+01  4.524639e-15 
  406.000  1.872853e+00  6.151942e+01 -8.970683e-15 
  407.000  1.886423e+00  5.984087e+01 -4.701325e-15 
  408.000  2.112635e+00  6.474567e+01  4.991883e-15 
  409.000  2.416256e+00  7.157196e+01 -3.159592e-15 
  410.000  2.086393e+00  5.975745e+01  7.812837e-15 
  411.000  2.529304e+00  7.007648e+01 -2.894142e-15 
  412.000  2.704301e+00  7.250809e+01 -1.320645e-14 
  413.000  2.635253e+00  6.839893e+01 -5.866284e-15 
  414.000  2.664116e+00  6.696869e+01 -4.865856e-15 
  415.000  2.929821e+00  7.134686e+01 -7.200350e-15 
  416.000  3.001032e+00  7.083111e+01  8.870749e-15 
  417.000  2.997246e+00  6.858794e+01 -4.163177e-15 
  418.000  3.018534e+00  6.699338e+01 -1.786541e-15 
  419.000  3.182400e+00  6.852969e+01 -3.129181e-16 
  420.000  2.770994e+00  5.791454e+01  2.630824e-15 
  421.000  3.570560e+00  7.244913e+01 -6.425199e-19 
  422.000  3.517831e+00  6.931554e+01  3.086821e-15 
  423.000  3.053931e+00  5.845248e+01  7.126631e-15 
  424.000  3.451635e+00  6.419400e+01 -3.024239e-15 
  425.000  3.671028e+00  6.636951e+01 -3.179077e-15 
  426.000  3.622643e+00  6.368788e+01  4.437839e-16 
  427.000  3.576071e+00  6.115329e+01  1.764564e-14 
  428.000  3.714700e+00  6.180667e+01  6.303687e-15 
  429.000  3.465644e+00  5.612013e+01  1.037948e-14 
  430.000  2.834971e+00  4.469418e+01 -3.845393e-15 
  431.000  2.612268e+00  4.010490e+01  1.779719e-15 
  432.000  4.817569e+00  7.204610e+01  4.901957e-16 
  433.000  4.392359e+00  6.400386e+01  1.310363e-14 
  434.000  4.274948e+00  6.071216e+01  4.449480e-15 
  435.000  4.761319e+00  6.592160e+01 -6.357160e-15 
  436.000  5.403111e+00  7.294989e+01  5.120365e-15 
  437.000  5.581182e+00  7.350410e+01 -3.018007e-16 
  438.000  5.113442e+00  6.570901e+01 -6.336624e-15 
  439.000  5.059729e+00  6.345496e+01 -1.536666e-15 
  440.000  5.796322e+00  7.097041e+01 -1.161414e-14 
  441.000  5.903452e+00  7.058916e+01 -2.135452e-15 
  442.000  6.350518e+00  7.418147e+01 -4.919564e-15 
  443.000  6.527313e+00  7.451020e+01 -5.048762e-16 
  444.000  6.618628e+00  7.385646e+01 -2.322791e-16 
  445.000  7.102057e+00  7.750259e+01 -8.220805e-15 
  446.000  6.445045e+00  6.881338e+01 -2.850211e-15 
  447.000  7.500381e+00  7.832092e+01  7.965970e-16 
  448.000  7.792077e+00  7.951463e+01  5.271435e-15 
  449.000  8.018909e+00  7.995876e+01  7.283273e-15 
  450.000  8.371158e+00  8.159460e+01  1.339215e-14 
  451.000  9.235229e+00  8.803833e+01  9.364924e-15 
  452.000  8.757880e+00  8.168983e+01 -3.209953e-15 
  453.000  8.289354e+00  7.568138e+01  5.290384e-15 
  454.000  9.007638e+00  8.052296e+01  8.528373e-16 
  455.000  9.238687e+00  8.088185e+01  1.403301e-15 
  456.000  9.628674e+00  8.258030e+01  5.065868e-15 
  457.000  9.852703e+00  8.278690e+01 -6.407275e-15 
  458.000  9.846974e+00  8.107828e+01  6.342541e-15 
  459.000  1.001237e+01  8.081041e+01 -7.456212e-16 
  460.000  1.009173e+01  7.985329e+01 -6.729738e-15 
  461.000  1.063111e+01  8.248603e+01 -6.078979e-15 
  462.000  1.062789e+01  8.088036e+01 -8.136747e-15 
  463.000  1.080141e+01  8.064344e+01 -4.505398e-15 
  464.000  1.103520e+01  8.084396e+01  8.371758e-15 
  465.000  1.106912e+01  7.959325e+01 -1.084408e-15 
  466.000  1.162008e+01  8.203393e+01 -8.752247e-15 
  467.000  1.140101e+01  7.904966e+01  1.401336e-15 
  468.000  1.224922e+01  8.344894e+01 -1.324548e-14 
  469.000  1.230248e+01  8.240427e+01 -1.103988e-15 
  470.000  1.227954e+01  8.092892e+01 -2.182787e-14 
  471.000  1.238905e+01  8.040633e+01 -5.953359e-15 
  472.000  1.265822e+01  8.095154e+01 -1.076309e-14 
  473.000  1.261264e+01  7.953845e+01  6.697750e-15 
  474.000  1.279170e+01  7.960896e+01 -1.706783e-15 
  475.000  1.333294e+01  8.210107e+01 -1.156016e-15 
  476.000  1.289090e+01  7.874683e+01 -4.204796e-15 
  477.000  1.278172e+01  7.729488e+01 -1.031429e-14 
  478.000  1.364912e+01  8.089365e+01 -1.055065e-14 
  479.000  1.337230e+01  7.727990e+01 -6.878116e-15 
  480.000  1.402140e+01  7.893062e+01 -5.140859e-15 
  481.000  1.428517e+01  7.849919e+01  6.770479e-16 
  482.000  1.491133e+01  8.016032e+01 -1.983354e-15 
  483.000  1.521680e+01  8.017269e+01 -1.861465e-15 
  484.000  1.487461e+01  7.693964e+01 -8.554400e-16 
  485.000  1.520621e+01  7.730510e+01 -6.362674e-15 
  486.000  1.251057e+01  6.255362e+01  4.738592e-16 
  487.000  1.426820e+01  7.020303e+01 -6.198108e-15 
  488.000  1.571180e+01  7.609989e+01  2.918992e-15 
  489.000  1.480807e+01  7.061965e+01  1.033267e-15 
  490.000  1.708905e+01  8.025636e+01 -5.182178e-15 
  491.000  1.618350e+01  7.485542e+01 -9.909849e-15 
  492.000  1.572919e+01  7.166916e+01 -4.647042e-15 
  493.000  1.713263e+01  7.690634e+01  2.422048e-15 
  494.000  1.673366e+01  7.401856e+01  1.051028e-14 
  495.000  1.808569e+01  7.883448e+01 -4.022368e-15 
  496.000  1.776585e+01  7.631326e+01  1.350532e-14 
  497.000  1.738118e+01  7.357545e+01  7.286387e-15 
  498.000  1.711427e+01  7.139973e+01 -9.620294e-16 
  499.000  1.721277e+01  7.078899e+01  6.533064e-15 
  500.000  1.727599e+01  7.004495e+01  3.819196e-15 
  501.000  1.701914e+01  6.804156e+01 -6.241818e-15 
  502.000  1.703819e+01  6.717162e+01  2.671538e-15 
  503.000  1.819217e+01  7.073116e+01  5.278975e-16 
  504.000  1.705239e+01  6.539483e+01 -2.595235e-15 
  505.000  1.852581e+01  7.008806e+01 -5.972280e-15 
  506.000  2.004480e+01  7.482050e+01 -6.950680e-15 
  507.000  1.885202e+01  6.943261e+01  1.205121e-14 
  508.000  1.827471e+01  6.641455e+01  2.013485e-15 
  509.000  1.991659e+01  7.143098e+01  2.051516e-15 
  510.000  1.949925e+01  6.902773e+01  2.098137e-15 
  511.000  1.969634e+01  6.882851e+01 -3.969303e-15 
  512.000  2.087083e+01  7.200079e+01  7.612061e-15 
  513.000  1.928399e+01  6.568063e+01  1.040419e-15 
  514.000  1.905737e+01  6.409033e+01 -7.192175e-15 
  515.000  1.963755e+01  6.521418e+01  1.423627e-14 
  516.000  2.079262e+01  6.819180e+01 -8.709615e-15 
  517.000  1.541982e+01  4.994984e+01 -4.006999e-15 
  518.000  1.921720e+01  6.149260e+01  7.075357e-15 
  519.000  1.832574e+01  5.793090e+01  7.109813e-16 
  520.000  2.030748e+01  6.342326e+01 -3.739920e-15 
  521.000  2.044371e+01  6.309356e+01 -3.062216e-15 
  522.000  2.137074e+01  6.519193e+01  2.850004e-15 
  523.000  2.000194e+01  6.033752e+01 -1.033801e-15 
  524.000  2.180486e+01  6.504488e+01  5.004774e-15 
  525.000  2.172487e+01  6.410255e+01 -5.965389e-15 
  526.000  2.080701e+01  6.070966e+01 -3.283207e-15 
  527.000  1.824701e+01  5.266039e+01 -3.112744e-15 
  528.000  2.199151e+01  6.278169e+01 -1.716828e-14 
  529.000  2.269467e+01  6.409286e+01  3.766311e-15 
  530.000  2.152104e+01  6.012482e+01  2.407241e-15 
  531.000  2.351039e+01  6.497722e+01 -8.448512e-15 
  532.000  2.252423e+01  6.157071e+01 -2.685690e-15 
  533.000  1.991660e+01  5.383539e+01  8.673686e-15 
  534.000  2.183354e+01  5.831729e+01 -4.942411e-15 
  535.000  2.247624e+01  5.929711e+01  2.138710e-15 
  536.000  2.405753e+01  6.270088e+01  3.803114e-15 
  537.000  2.250045e+01  5.795464e+01 -4.948689e-15 
  538.000  2.372808e+01  6.042378e+01  1.571685e-14 
  539.000  2.381599e+01  5.997429e+01 -3.189522e-15 
  540.000  2.346321e+01  5.844247e+01 -5.076764e-16 
  541.000  2.165635e+01  5.336081e+01 -3.256283e-15 
  542.000  2.431103e+01  5.926538e+01  1.260467e-15 
  543.000  2.339841e+01  5.644145e+01 -1.558186e-15 
  544.000  2.481679e+01  5.924268e+01 -1.060044e-14 
  545.000  2.457195e+01  5.805495e+01 -1.765155e-15 
  546.000  2.414548e+01  5.646606e+01  8.612833e-16 
  547.000  2.529872e+01  5.856014e+01  4.715837e-15 
  548.000  2.358928e+01  5.405230e+01  1.527698e-15 
  549.000  2.494785e+01  5.659157e+01  2.703028e-15 
  550.000  2.450772e+01  5.503981e+01  6.142778e-15 
  551.000  2.444793e+01  5.436885e+01 -4.331574e-15 
  552.000  2.560116e+01  5.637763e+01 -2.961117e-15 
  553.000  2.468790e+01  5.384461e+01  1.067706e-15 
  554.000  2.558463e+01  5.527001e+01  4.263312e-15 
  555.000  2.574564e+01  5.509314e+01  1.328331e-15 
  556.000  2.511617e+01  5.324375e+01 -8.596107e-16 
  557.000  2.443509e+01  5.132685e+01  2.018440e-15 
  558.000  2.542641e+01  5.292723e+01  1.805261e-15 
  559.000  2.408802e+01  4.969603e+01 -8.539624e-15 
  560.000  2.423564e+01  4.957183e+01 -1.168050e-15 
  561.000  2.666877e+01  5.409620e+01 -4.378481e-15 
  562.000  2.437991e+01  4.919297e+01  6.933625e-15 
  563.000  2.550928e+01  5.108415e+01 -3.193801e-15 
  564.000  2.511404e+01  4.995679e+01 -6.450531e-16 
  565.000  2.528564e+01  5.006035e+01  3.987029e-15 
  566.000  2.330730e+01  4.579984e+01  1.404567e-15 
  567.000  2.477009e+01  4.854079e+01  5.246011e-15 
  568.000  2.383761e+01  4.730852e+01  3.201678e-15 
  569.000  2.131760e+01  4.428838e+01  2.160525e-15 
  570.000  2.167133e+01  4.446482e+01  9.746370e-16 
  571.000  2.232487e+01  4.373317e+01  2.500535e-15 
  572.000  2.207036e+01  4.469741e+01  6.612293e-16 
  573.000  2.258595e+01  4.512000e+01 -2.607400e-15 
  574.000  2.252890e+01  4.462699e+01 -7.550635e-16 
  575.000  2.189206e+01  4.319175e+01  9.373828e-17 
  576.000  2.153999e+01  4.224581e+01 -2.877771e-15 
  577.000  2.312663e+01  4.424570e+01  1.966274e-15 
  578.000  2.307885e+01  4.328234e+01 -1.588237e-15 
  579.000  2.351352e+01  4.329234e+01  5.946508e-16 
  580.000  2.500325e+01  4.520010e+01 -2.202306e-15 
  581.000  2.548160e+01  4.500694e+01 -9.186369e-16 
  582.000  2.654616e+01  4.608792e+01  1.146808e-15 
  583.000  2.720605e+01  4.664059e+01  1.008761e-15 
  584.000  2.750189e+01  4.663619e+01 -9.474679e-15 
  585.000  2.767460e+01  4.645461e+01 -1.140595e-15 
  586.000  2.675275e+01  4.450958e+01  6.849022e-17 
  587.000  2.708018e+01  4.569799e+01  3.114734e-15 
  588.000  2.402521e+01  4.265035e+01 -7.134290e-16 
  589.000  1.790149e+01  3.445466e+01 -4.548177e-16 
  590.000  1.856762e+01  3.568194e+01 -6.068073e-17 
  591.000  2.235814e+01  4.010524e+01 -1.499255e-15 
  592.000  2.068662e+01  3.800008e+01 -2.482536e-16 
  593.000  2.406240e+01  4.107959e+01  1.020015e-15 
  594.000  2.365564e+01  4.065825e+01  2.393002e-17 
  595.000  2.118054e+01  3.785696e+01 -1.524861e-15 
  596.000  2.494753e+01  4.140515e+01  8.327652e-16 
  597.000  2.435405e+01  4.060247e+01 -2.480699e-15 
  598.000  2.528117e+01  4.072157e+01 -5.881192e-15 
  599.000  2.594389e+01  4.096406e+01  1.999471e-15 
  600.000  2.734172e+01  4.172923e+01 -1.796055e-15 
  601.000  2.838279e+01  4.189321e+01 -2.986186e-15 
  602.000  2.839903e+01  4.133865e+01 -8.043474e-16 
  603.000  2.897402e+01  4.165139e+01  8.083850e-16 
  604.000  3.037993e+01  4.317709e+01 -7.780271e-15 
  605.000  3.072713e+01  4.322111e+01  7.962543e-15 
  606.000  3.066004e+01  4.277676e+01 -4.993317e-15 
  607.000  3.076396e+01  4.258427e+01 -6.797237e-15 
  608.000  3.089230e+01  4.245506e+01 -1.083601e-15 
  609.000  3.080008e+01  4.203574e+01 -4.018664e-15 
  610.000  3.052912e+01  4.138406e+01  2.765639e-15 
  611.000  3.126136e+01  4.209924e+01  1.939756e-15 
  612.000  3.108276e+01  4.158974e+01  4.816572e-15 
  613.000  3.084488e+01  4.101341e+01 -2.793880e-15 
  614.000  2.993181e+01  3.955677e+01  2.943197e-15 
  615.000  3.157620e+01  4.147661e+01 -1.703603e-15 
  616.000  3.021323e+01  3.945278e+01 -1.806808e-15 
  617.000  3.055969e+01  3.968108e+01  7.075815e-15 
  618.000  3.215357e+01  4.152722e+01 -3.016391e-15 
  619.000  3.197817e+01  4.109594e+01  4.414258e-15 
  620.000  3.255614e+01  4.164121e+01 -5.334323e-15 
  621.000  3.319506e+01  4.227536e+01  9.378455e-16 
  622.000  3.149107e+01  3.994878e+01  1.840268e-15 
  623.000  3.173814e+01  4.013281e+01  8.308892e-16 
  624.000  3.177933e+01  4.005278e+01 -1.024751e-15 
  625.000  3.090752e+01  3.883648e+01 -7.099393e-15 
  626.000  3.074665e+01  3.871481e+01  2.566863e-15 
  627.000  2.990198e+01  3.852845e+01  9.112682e-16 
  628.000  2.686330e+01  3.588913e+01 -2.507619e-15 
  629.000  2.881699e+01  3.773400e+01 -3.431971e-15 
  630.000  2.908640e+01  3.713049e+01 -3.178284e-15 
  631.000  3.087309e+01  3.886886e+01 -1.147686e-15 
  632.000  2.797509e+01  3.568049e+01 -7.287622e-16 
  633.000  3.175503e+01  3.926704e+01 -4.744837e-15 
  634.000  3.182411e+01  3.851008e+01  8.120023e-16 
  635.000  3.283590e+01  3.944702e+01  3.814267e-15 
  636.000  3.237791e+01  3.842168e+01  1.836483e-15 
  637.000  3.406136e+01  3.999827e+01  1.894412e-15 
  638.000  3.567758e+01  4.116768e+01 -6.425693e-17 
  639.000  3.580484e+01  4.101042e+01  8.230667e-16 
  640.000  3.542546e+01  4.008644e+01  0.000000e+00 
  641.000  3.635971e+01  4.084622e+01  0.000000e+00 
  642.000  3.648946e+01  4.058353e+01  8.758465e-15 
  643.000  3.691201e+01  4.109192e+01  1.683388e-15 
  644.000  3.675114e+01  4.067672e+01  1.786963e-15 
  645.000  3.635472e+01  4.069382e+01  5.058004e-17 
  646.000  3.200385e+01  3.728758e+01 -3.279734e-15 
  647.000  3.051190e+01  3.641358e+01 -1.071016e-15 
  648.000  2.845170e+01  3.492960e+01  6.429325e-16 
  649.000  3.107284e+01  3.687217e+01  8.433520e-16 
  650.000  3.271904e+01  3.658982e+01 -7.438032e-16 
  651.000  3.541851e+01  3.940369e+01  3.124839e-16 
  652.000  3.136328e+01  3.637248e+01  8.788756e-16 
  653.000  3.637179e+01  3.974336e+01 -9.524721e-16 
  654.000  3.560764e+01  3.894206e+01 -2.171131e-15 
  655.000  3.330127e+01  3.696652e+01 -2.042474e-15 
  656.000  2.886215e+01  3.165626e+01 -1.702031e-16 
  657.000  3.172913e+01  3.424106e+01  2.269063e-16 
  658.000  3.704531e+01  3.899508e+01  2.734932e-15 
  659.000  3.823373e+01  3.956732e+01 -2.556240e-15 
  660.000  3.913819e+01  4.008607e+01 -3.788835e-16 
  661.000  4.089863e+01  4.082318e+01  4.204413e-15 
  662.000  4.224351e+01  4.168198e+01  4.380768e-15 
  663.000  4.181905e+01  4.113607e+01 -8.784473e-15 
  664.000  4.158895e+01  4.059957e+01  1.537351e-15 
  665.000  4.207788e+01  4.082549e+01 -4.394597e-15 
  666.000  4.299860e+01  4.142234e+01 -1.560290e-15 
  667.000  4.249127e+01  4.067714e+01  7.050119e-16 
  668.000  4.325877e+01  4.107010e+01  1.654415e-15 
  669.000  4.426138e+01  4.174339e+01 -8.386111e-16 
  670.000  4.403330e+01  4.129076e+01 -2.484498e-15 
  671.000  4.390033e+01  4.091552e+01  2.351963e-16 
  672.000  4.402505e+01  4.081405e+01 -5.594325e-15 
  673.000  4.460173e+01  4.113433e+01 -1.173556e-14 
  674.000  4.494730e+01  4.124052e+01  6.581075e-15 
  675.000  4.451895e+01  4.063764e+01 -3.238827e-15 
  676.000  4.560409e+01  4.142048e+01  3.298599e-15 
  677.000  4.492719e+01  4.060095e+01  1.154335e-14 
  678.000  4.590726e+01  4.127812e+01  8.092217e-15 
  679.000  4.540434e+01  4.066064e+01 -3.236680e-15 
  680.000  4.492942e+01  4.018431e+01  1.721276e-15 
  681.000  4.502552e+01  4.013697e+01  9.194565e-16 
  682.000  4.503684e+01  3.999697e+01 -1.489058e-15 
  683.000  4.547363e+01  4.022623e+01  1.614912e-15 
  684.000  4.451314e+01  3.934007e+01  0.000000e+00 
  685.000  4.548512e+01  3.990032e+01 -1.053533e-14 
  686.000  4.305877e+01  3.776723e+01  3.297088e-15 
  687.000  2.504719e+01  2.608939e+01 -3.880584e-16 
  688.000  3.012939e+01  2.934999e+01 -1.435171e-15 
  689.000  2.862914e+01  2.831311e+01 -6.327407e-16 
  690.000  3.166406e+01  3.026762e+01 -1.558250e-15 
  691.000  3.531525e+01  3.279601e+01  3.364618e-15 
  692.000  3.623244e+01  3.349858e+01  2.742528e-16 
  693.000  3.181617e+01  3.103957e+01 -5.410522e-16 
  694.000  2.800195e+01  2.900264e+01  1.245032e-15 
  695.000  2.985360e+01  2.979313e+01  9.992031e-17 
  696.000  3.187437e+01  3.100636e+01 -1.024161e-15 
  697.000  4.040076e+01  3.585675e+01  7.552430e-16 
  698.000  3.783453e+01  3.408965e+01  5.619916e-16 
  699.000  3.122221e+01  3.035275e+01  6.643711e-16 
  700.000  3.194010e+01  3.052986e+01 -3.597484e-16 
  701.000  2.982637e+01  2.896419e+01  1.034634e-15 
  702.000  3.080402e+01  2.935775e+01  3.840242e-16 
  703.000  3.735798e+01  3.319102e+01  2.003609e-15 
  704.000  3.787283e+01  3.339509e+01  1.347165e-15 
  705.000  3.561256e+01  3.205508e+01  9.402957e-16 
  706.000  3.583263e+01  3.194166e+01  2.876245e-16 
  707.000  3.630833e+01  3.192744e+01 -4.726627e-16 
  708.000  3.852573e+01  3.339167e+01  1.420895e-15 
  709.000  3.942562e+01  3.332398e+01  1.150760e-15 
  710.000  3.802507e+01  3.272393e+01  2.346139e-16 
  711.000  4.012098e+01  3.362633e+01  2.221179e-15 
  712.000  4.174003e+01  3.414122e+01 -4.022212e-15 
  713.000  3.986326e+01  3.305521e+01  2.156967e-15 
  714.000  3.990205e+01  3.319894e+01 -1.206648e-15 
  715.000  3.573800e+01  3.048475e+01  2.402816e-15 
  716.000  3.362615e+01  2.960829e+01  1.420187e-15 
  717.000  1.990166e+01  2.175067e+01  6.054792e-16 
  718.000  1.415647e+01  1.796760e+01 -9.768569e-17 
  719.000  1.229457e+01  1.652796e+01  1.121403e-17 
  720.000  1.049642e+01  1.513267e+01 -1.459909e-16 
  721.000  2.235662e+01  2.288841e+01  1.545059e-16 
  722.000  2.924504e+01  2.667849e+01  3.713698e-16 
  723.000  2.544531e+01  2.455274e+01 -2.809431e-16 
  724.000  1.691195e+01  1.956702e+01 -1.170628e-16 
  725.000  1.771164e+01  1.994689e+01 -5.789164e-16 
  726.000  1.741567e+01  1.966505e+01 -2.624896e-16 
  727.000  1.883900e+01  2.060307e+01 -1.762546e-17 
  728.000  1.745379e+01  1.950736e+01 -1.955271e-16 
  729.000  1.978012e+01  2.047146e+01 -2.229630e-16 
  730.000  2.016235e+01  2.092341e+01  3.916147e-16 
  731.000  1.940009e+01  2.022292e+01  6.465561e-16 
  732.000  2.582695e+01  2.384739e+01 -5.173944e-16 
  733.000  3.274249e+01  2.705357e+01 -7.100821e-17 
  734.000  3.779745e+01  2.973181e+01 -2.883071e-16 
  735.000  3.619461e+01  2.869666e+01  6.381714e-16 
  736.000  3.307106e+01  2.681761e+01 -4.945658e-16 
  737.000  3.555914e+01  2.809794e+01 -2.588264e-16 
  738.000  3.841793e+01  2.942020e+01  2.614241e-16 
  739.000  3.855423e+01  2.904618e+01  9.574592e-16 
  740.000  4.202458e+01  3.065846e+01  1.129611e-15 
  741.000  4.358833e+01  3.112223e+01  2.622320e-15 
  742.000  4.372935e+01  3.086153e+01 -2.254933e-15 
  743.000  4.682924e+01  3.238319e+01  1.910514e-15 
  744.000  4.823805e+01  3.284273e+01  1.497437e-15 
  745.000  4.763663e+01  3.213928e+01 -9.816711e-15 
  746.000  4.884762e+01  3.270050e+01  9.852800e-15 
  747.000  4.980219e+01  3.319216e+01 -1.400625e-15 
  748.000  4.932774e+01  3.266761e+01 -9.522580e-15 
  749.000  4.962197e+01  3.270036e+01 -5.695593e-15 
  750.000  4.875646e+01  3.207607e+01  2.708880e-15 
  751.000  4.876136e+01  3.195721e+01 -4.149490e-15 
  752.000  5.006116e+01  3.257781e+01  1.568036e-15 
  753.000  4.991610e+01  3.230250e+01 -1.552999e-15 
  754.000  5.094452e+01  3.281075e+01  1.577117e-15 
  755.000  5.078514e+01  3.258572e+01 -5.582629e-15 
  756.000  4.993189e+01  3.191562e+01 -2.977658e-15 
  757.000  5.039651e+01  3.209857e+01 -8.220133e-15 
  758.000  4.990052e+01  3.173123e+01 -2.706294e-15 
  759.000  3.653427e+01  2.522384e+01  1.532320e-15 
  760.000  1.494037e+00  3.430748e+00 -2.176354e-17 
  761.000  9.365225e-01  2.717161e+00 -1.014095e-20 
  762.000  9.024880e+00  9.390594e+00  8.061599e-17 
  763.000  5.149054e+00  6.689404e+00 -2.474977e-16 
  764.000  6.992387e+00  8.027262e+00  4.574761e-17 
  765.000  1.310942e+01  1.209181e+01  5.434234e-18 
  766.000  2.414459e+01  1.811341e+01  2.905661e-16 
  767.000  3.278911e+01  2.246569e+01 -1.714229e-15 
  768.000  4.108381e+01  2.679337e+01  5.741254e-17 
  769.000  4.598629e+01  2.892279e+01 -1.071249e-15 
  770.000  4.867031e+01  3.008127e+01  2.646978e-15 
  771.000  5.009835e+01  3.045805e+01  3.913568e-15 
  772.000  5.027664e+01  3.041549e+01  1.112358e-15 
  773.000  5.024015e+01  3.028105e+01 -1.293283e-15 
  774.000  5.099798e+01  3.064170e+01  1.212721e-15 
  775.000  4.933189e+01  2.951614e+01  0.000000e+00 
  776.000  5.161293e+01  3.074249e+01  3.738168e-15 
  777.000  5.130355e+01  3.046795e+01 -1.206279e-15 
  778.000  5.097926e+01  3.020979e+01  0.000000e+00 
  779.000  5.109604e+01  3.021217e+01 -1.576332e-15 
  780.000  5.053347e+01  2.977488e+01  4.027008e-15 
  781.000  5.074442e+01  2.974880e+01 -4.203258e-15 
  782.000  5.129427e+01  3.000826e+01  2.774222e-15 
  783.000  5.015835e+01  2.924375e+01 -9.075382e-17 
  784.000  5.032130e+01  2.928314e+01 -6.721915e-15 
  785.000  4.986512e+01  2.907648e+01  2.642821e-15 
  786.000  4.799673e+01  2.827775e+01 -2.399500e-15 
  787.000  4.643687e+01  2.786365e+01  2.940695e-15 
  788.000  4.457594e+01  2.696873e+01 -3.459147e-15 
  789.000  4.082970e+01  2.553043e+01  6.267060e-16 
  790.000  4.008495e+01  2.507022e+01 -2.507869e-16 
  791.000  4.062790e+01  2.517746e+01 -8.231113e-16 
  792.000  4.071152e+01  2.499541e+01 -2.004166e-15 
  793.000  4.232945e+01  2.552835e+01 -1.390405e-15 
  794.000  4.539286e+01  2.641594e+01 -2.170167e-15 
  795.000  4.306358e+01  2.549563e+01 -1.328706e-15 
  796.000  3.840339e+01  2.377976e+01 -1.866778e-17 
  797.000  4.018024e+01  2.449508e+01  1.538129e-16 
  798.000  4.374044e+01  2.577649e+01 -9.860122e-16 
  799.000  4.294297e+01  2.541280e+01 -7.857827e-17 
  800.000  3.938535e+01  2.375820e+01  9.970996e-16 
  801.000  4.044493e+01  2.426327e+01  2.161391e-15 
  802.000  4.015538e+01  2.406710e+01 -1.472758e-15 
  803.000  3.998489e+01  2.381509e+01 -2.105231e-15 
  804.000  4.159698e+01  2.443807e+01  2.272134e-15 
  805.000  4.277317e+01  2.453343e+01 -7.304129e-16 
  806.000  4.541980e+01  2.563188e+01 -4.937085e-15 
  807.000  4.525909e+01  2.545012e+01  1.059949e-15 
  808.000  4.420092e+01  2.497216e+01 -1.061283e-15 
  809.000  4.248810e+01  2.416146e+01 -6.205593e-16 
  810.000  4.121080e+01  2.361647e+01  1.247005e-15 
  811.000  3.967260e+01  2.312997e+01 -1.857269e-16 
  812.000  3.666718e+01  2.187351e+01  1.188303e-15 
  813.000  3.328539e+01  2.043595e+01 -6.238059e-16 
  814.000  2.937861e+01  1.886672e+01  6.034685e-16 
  815.000  2.475060e+01  1.697272e+01 -4.542991e-16 
  816.000  2.015599e+01  1.498479e+01 -1.709527e-16 
  817.000  2.036383e+01  1.509126e+01  1.038584e-17 
  818.000  2.055766e+01  1.509827e+01 -1.397724e-16 
  819.000  2.147761e+01  1.525392e+01 -2.992873e-16 
  820.000  2.613173e+01  1.691281e+01  3.020354e-16 
  821.000  3.407411e+01  2.024439e+01 -1.002416e-15 
  822.000  2.780856e+01  1.749822e+01  5.056653e-19 
  823.000  1.694642e+01  1.310343e+01 -2.993455e-16 
  824.000  2.659629e+01  1.713027e+01 -2.212072e-16 
  825.000  3.475664e+01  2.026653e+01 -1.062872e-15 
  826.000  3.374592e+01  1.980025e+01 -1.211145e-15 
  827.000  3.255902e+01  1.925630e+01  1.781266e-16 
  828.000  2.725515e+01  1.717788e+01  5.988665e-16 
  829.000  2.903984e+01  1.780142e+01  3.184165e-16 
  830.000  3.075210e+01  1.828921e+01  6.441266e-16 
  831.000  3.082517e+01  1.814613e+01  7.478818e-16 
  832.000  3.192937e+01  1.862356e+01  1.240387e-15 
  833.000  3.233557e+01  1.852260e+01  1.218412e-15 
  834.000  3.457423e+01  1.941271e+01 -9.904519e-17 
  835.000  3.823735e+01  2.073540e+01  7.008245e-16 
  836.000  3.764817e+01  2.053603e+01 -1.140400e-15 
  837.000  3.735480e+01  2.030721e+01 -1.668707e-16 
  838.000  3.929316e+01  2.097732e+01  4.294959e-16 
  839.000  3.920615e+01  2.065813e+01  1.287788e-15 
  840.000  4.070404e+01  2.130760e+01  1.340101e-15 
  841.000  3.969651e+01  2.093341e+01  2.751092e-15 
  842.000  4.055453e+01  2.112230e+01  2.165948e-16 
  843.000  4.287095e+01  2.174450e+01  6.742545e-16 
  844.000  4.340067e+01  2.169981e+01 -2.894287e-15 
  845.000  4.466916e+01  2.215364e+01 -1.368241e-15 
  846.000  4.571375e+01  2.248206e+01  1.366108e-16 
  847.000  4.481139e+01  2.184473e+01  5.709425e-16 
  848.000  4.509468e+01  2.214924e+01 -2.477269e-15 
  849.000  4.533871e+01  2.218534e+01 -3.758522e-15 
  850.000  3.876759e+01  1.901692e+01 -2.372605e-15 
  851.000  4.382883e+01  2.157043e+01 -1.914941e-15 
  852.000  4.225803e+01  2.073162e+01  1.650424e-15 
  853.000  4.377805e+01  2.121451e+01 -4.936394e-15 
  854.000  3.519673e+01  1.701710e+01  2.540966e-16 
  855.000  3.923090e+01  1.882407e+01  1.254986e-15 
  856.000  4.567656e+01  2.154864e+01 -1.063990e-15 
  857.000  4.687550e+01  2.196350e+01  1.157700e-15 
  858.000  4.634435e+01  2.161817e+01  1.138711e-15 
  859.000  4.684372e+01  2.170620e+01 -1.061284e-15 
  860.000  4.676993e+01  2.156279e+01  9.758129e-16 
  861.000  4.685910e+01  2.153850e+01  1.126562e-15 
  862.000  4.684678e+01  2.146625e+01  3.142055e-15 
  863.000  4.779821e+01  2.184375e+01  1.220621e-15 
  864.000  4.797298e+01  2.182250e+01  2.282969e-15 
  865.000  4.729808e+01  2.142589e+01  2.165067e-15 
  866.000  3.972586e+01  1.794690e+01  0.000000e+00 
  867.000  4.227317e+01  1.906280e+01 -5.667879e-15 
  868.000  4.588387e+01  2.063959e+01  2.097444e-15 
  869.000  4.531321e+01  2.032531e+01  6.275520e-15 
  870.000  4.713497e+01  2.110676e+01 -3.192783e-15 
  871.000  4.714049e+01  2.105052e+01 -7.451668e-17 
  872.000  4.711982e+01  2.096427e+01  3.175013e-15 
  873.000  4.714890e+01  2.096366e+01  1.112424e-15 
  874.000  4.603312e+01  2.044030e+01 -1.088145e-15 
  875.000  4.559327e+01  2.020568e+01 -3.090090e-15 
  876.000  4.597882e+01  2.032300e+01 -1.014576e-15 
  877.000  4.693549e+01  2.069289e+01 -3.327768e-15 
  878.000  4.579506e+01  2.020323e+01 -1.962824e-15 
  879.000  4.600234e+01  2.023707e+01 -1.020370e-15 
  880.000  4.543179e+01  1.999563e+01  1.457677e-16 
  881.000  4.302548e+01  1.891061e+01  8.936082e-16 
  882.000  4.526423e+01  1.987713e+01 -6.170584e-15 
  883.000  4.441361e+01  1.943075e+01 -1.985518e-15 
  884.000  4.487709e+01  1.957757e+01 -4.219898e-15 
  885.000  4.485397e+01  1.962292e+01  7.270917e-17 
  886.000  4.269643e+01  1.884417e+01 -2.113033e-15 
  887.000  4.280050e+01  1.867335e+01  9.003093e-16 
  888.000  4.405590e+01  1.918679e+01  2.069902e-15 
  889.000  4.449665e+01  1.931561e+01 -2.082961e-15 
  890.000  4.388498e+01  1.917560e+01 -2.597659e-15 
  891.000  4.268099e+01  1.879689e+01  1.018828e-15 
  892.000  4.045898e+01  1.816381e+01 -1.023258e-15 
  893.000  3.338122e+01  1.583401e+01  2.739304e-16 
  894.000  3.168540e+01  1.542730e+01  3.283489e-16 
  895.000  2.372361e+01  1.252650e+01 -3.974361e-20 
  896.000  1.940396e+01  1.128070e+01  3.134971e-17 
  897.000  1.445943e+01  9.412456e+00  1.730746e-16 
  898.000  1.269801e+01  8.727066e+00 -5.982254e-17 
  899.000  9.080198e+00  7.141898e+00  2.418350e-16 
  900.000  9.190118e+00  7.117925e+00  3.110148e-17 
  901.000  8.286503e+00  6.619719e+00  5.961291e-17 
  902.000  8.417416e+00  6.589732e+00  5.347360e-17 
  903.000  1.536196e+01  9.603471e+00 -1.262879e-16 
  904.000  2.144812e+01  1.175096e+01 -2.967116e-16 
  905.000  2.139247e+01  1.167567e+01  2.419116e-16 
  906.000  1.717301e+01  1.010242e+01  1.080685e-16 
  907.000  1.220532e+01  8.271592e+00  1.342346e-18 
  908.000  9.268517e+00  6.929084e+00 -2.782174e-17 
  909.000  9.139709e+00  6.819794e+00  6.154874e-17 
  910.000  9.575976e+00  7.033617e+00 -2.907086e-16 
  911.000  1.121020e+01  7.707779e+00  1.166180e-16 
  912.000  1.042891e+01  7.365742e+00  5.780500e-17 
  913.000  7.634639e+00  6.171125e+00  2.705446e-17 
  914.000  9.005223e+00  6.754454e+00  1.443118e-16 
  915.000  1.017354e+01  7.185336e+00  8.698669e-17 
  916.000  1.076421e+01  7.441376e+00 -1.407457e-18 
  917.000  1.150174e+01  7.665107e+00  6.459461e-19 
  918.000  1.266357e+01  8.077888e+00  6.034088e-17 
  919.000  1.751656e+01  9.846969e+00 -9.478491e-17 
  920.000  2.193139e+01  1.119484e+01 -1.007399e-16 
  921.000  2.061941e+01  1.065343e+01 -3.107533e-16 
  922.000  2.041766e+01  1.052684e+01  4.136211e-17 
  923.000  1.840246e+01  9.698844e+00  1.898930e-16 
  924.000  1.646480e+01  9.203235e+00  1.019116e-16 
  925.000  1.619856e+01  9.168684e+00 -7.618096e-18 
  926.000  1.487196e+01  8.631947e+00 -1.096849e-16 
  927.000  1.230440e+01  7.866354e+00  1.060629e-16 
  928.000  8.655346e+00  6.472964e+00 -3.216399e-24 
  929.000  4.989372e+00  4.807771e+00  2.840462e-17 
  930.000  2.428906e+00  3.446813e+00 -3.269819e-18 
  931.000  1.030746e+00  2.461565e+00  1.024300e-20 
  932.000  2.386599e-01  1.544005e+00 -2.066825e-19 
  933.000  8.447214e-02  1.165661e+00 -5.563874e-19 
  934.000  2.801136e-02  8.860103e-01  7.332114e-20 
  935.000  2.275989e-02  8.367307e-01  2.440990e-19 
  936.000  3.233510e-02  9.028347e-01 -1.822110e-18 
  937.000  3.252424e-02  9.132640e-01  1.692753e-19 
  938.000  1.176196e-01  1.236635e+00 -8.574271e-21 
  939.000  1.284749e+00  2.740468e+00 -1.804788e-18 
  940.000  1.790813e+00  3.129278e+00 -7.536712e-21 
  941.000  1.416895e+00  2.764565e+00  1.789835e-18 
  942.000  7.290267e-01  2.066042e+00 -2.401352e-18 
  943.000  2.335000e-01  1.460078e+00 -4.080294e-19 
  944.000  1.993736e-01  1.366744e+00 -4.203701e-19 
  945.000  3.027709e-01  1.565774e+00 -4.437989e-19 
  946.000  3.288597e-01  1.613005e+00  1.262557e-18 
  947.000  5.181811e-01  1.851661e+00 -8.425920e-19 
  948.000  6.700628e-01  2.023737e+00 -2.520394e-18 
  949.000  6.880983e-01  2.032902e+00 -1.013725e-17 
  950.000  7.387744e-01  2.068043e+00  9.091962e-19 
  951.000  1.196663e+00  2.464265e+00 -1.658874e-18 
  952.000  7.826590e-01  2.075891e+00  2.066619e-17 
  953.000  1.162522e+00  2.390542e+00  1.661712e-18 
  954.000  1.743821e+00  2.782063e+00  1.264193e-20 
  955.000  1.302747e+00  2.346470e+00  1.762264e-19 
  956.000  1.438326e+00  2.506687e+00  1.543891e-18 
  957.000  3.577062e+00  3.735594e+00 -9.095859e-17 
  958.000  4.224465e+00  4.037373e+00 -6.671573e-17 
  959.000  3.880058e+00  3.838054e+00 -6.790586e-18 
  960.000  3.828937e+00  3.767287e+00 -5.788031e-18 
  961.000  3.639950e+00  3.632578e+00 -1.354052e-17 
  962.000  3.998650e+00  3.792913e+00  7.806217e-17 
  963.000  6.302094e+00  4.800221e+00 -1.240845e-17 
  964.000  6.764147e+00  4.943807e+00 -1.765546e-16 
  965.000  6.742319e+00  4.927001e+00  2.312636e-17 
  966.000  6.872389e+00  4.886399e+00  7.340537e-17 
  967.000  9.734587e+00  6.046418e+00  9.185583e-19 
  968.000  1.589793e+01  8.072997e+00  4.346137e-17 
  969.000  1.998967e+01  9.267097e+00 -3.850190e-16 
  970.000  2.046551e+01  9.382122e+00 -1.893969e-16 
  971.000  2.025055e+01  9.268394e+00  4.149316e-16 
  972.000  1.921215e+01  8.982887e+00 -4.039578e-16 
  973.000  1.659227e+01  8.170819e+00 -2.095219e-16 
  974.000  1.382703e+01  7.249512e+00 -1.043506e-16 
  975.000  1.247733e+01  6.802492e+00 -1.529739e-16 
  976.000  1.445225e+01  7.467857e+00  2.636255e-18 
  977.000  1.752939e+01  8.304457e+00  1.925522e-16 
  978.000  1.782343e+01  8.442017e+00 -1.065194e-16 
  979.000  1.849027e+01  8.508084e+00 -6.640090e-17 
  980.000  2.333911e+01  9.876341e+00 -6.104375e-17 
  981.000  2.478857e+01  1.027305e+01 -1.522910e-16 
  982.000  2.383752e+01  9.965761e+00 -2.573833e-16 
  983.000  2.663425e+01  1.070573e+01 -1.904215e-16 
  984.000  2.967810e+01  1.152662e+01 -2.758802e-16 
  985.000  3.170829e+01  1.204823e+01 -7.133260e-16 
  986.000  3.417550e+01  1.260584e+01  6.898754e-17 
  987.000  3.588803e+01  1.303255e+01 -4.896243e-16 
  988.000  3.583105e+01  1.293398e+01 -5.199754e-16 
  989.000  3.563655e+01  1.280416e+01 -1.907531e-15 
  990.000  3.629056e+01  1.296876e+01  1.451270e-15 
  991.000  3.768171e+01  1.329452e+01  2.147910e-15 
  992.000  3.766431e+01  1.322122e+01  3.097748e-16 
  993.000  3.780640e+01  1.322927e+01 -2.040562e-16 
  994.000  3.893032e+01  1.341991e+01  2.522028e-15 
  995.000  3.930076e+01  1.343760e+01 -7.962541e-16 
  996.000  3.930470e+01  1.341492e+01 -8.532471e-16 
  997.000  3.898641e+01  1.333366e+01  7.970302e-16 
  998.000  3.840431e+01  1.322152e+01  1.282407e-15 
  999.000  3.814330e+01  1.313212e+01  1.645789e-16 
 1000.000  3.798624e+01  1.303756e+01  1.197336e-16 
 1001.000  3.722595e+01  1.288169e+01  2.015928e-15 
 1002.000  3.564551e+01  1.250710e+01  6.884249e-16 
 1003.000  3.559995e+01  1.242340e+01 -2.212785e-15 
 1004.000  3.618216e+01  1.249191e+01  2.648797e-15 
 1005.000  3.418114e+01  1.173168e+01  1.023579e-15 
 1006.000  3.610216e+01  1.235415e+01 -1.203857e-15 
 1007.000  3.647415e+01  1.249833e+01 -9.624666e-16 
 1008.000  3.540617e+01  1.226555e+01 -3.484134e-16 
 1009.000  3.359512e+01  1.181045e+01  6.252434e-16 
 1010.000  3.444844e+01  1.200136e+01  5.525845e-16 
 1011.000  3.600261e+01  1.229954e+01 -1.382920e-15 
 1012.000  3.670502e+01  1.243010e+01  5.129271e-16 
 1013.000  3.698553e+01  1.243338e+01  7.257759e-16 
 1014.000  3.746887e+01  1.254335e+01 -2.254459e-16 
 1015.000  3.683256e+01  1.230292e+01  1.357613e-15 
 1016.000  3.731971e+01  1.241285e+01 -5.088218e-16 
 1017.000  3.706140e+01  1.224402e+01 -1.615778e-15 
 1018.000  3.728860e+01  1.238140e+01  1.694048e-15 
 1019.000  3.585083e+01  1.195975e+01  1.115623e-15 
 1020.000  3.598627e+01  1.195863e+01 -5.633418e-16 
 1021.000  3.677792e+01  1.214620e+01 -1.836782e-15 
 1022.000  3.551235e+01  1.179996e+01  6.024170e-16 
 1023.000  3.559606e+01  1.188379e+01 -1.145699e-15 
 1024.000  3.506020e+01  1.173020e+01 -5.891225e-16 
 1025.000  3.614766e+01  1.193364e+01  1.207994e-15 
 1026.000  3.668075e+01  1.202680e+01 -1.145175e-16 
 1027.000  3.626239e+01  1.189550e+01 -1.354315e-15 
 1028.000  3.652121e+01  1.193857e+01  1.780304e-15 
 1029.000  3.642956e+01  1.178377e+01 -1.474691e-15 
 1030.000  3.722476e+01  1.196632e+01  7.444019e-16 
 1031.000  3.731593e+01  1.194986e+01 -1.590231e-15 
 1032.000  3.734335e+01  1.192106e+01 -6.860524e-16 
 1033.000  3.671918e+01  1.169648e+01  8.296772e-16 
 1034.000  3.710876e+01  1.180358e+01  3.823300e-15 
 1035.000  3.674445e+01  1.166720e+01  7.252568e-16 
 1036.000  3.720575e+01  1.179269e+01 -1.522304e-15 
 1037.000  3.643883e+01  1.152818e+01  1.490303e-15 
 1038.000  3.689236e+01  1.164228e+01 -8.306912e-16 
 1039.000  3.689330e+01  1.164354e+01 -7.818637e-16 
 1040.000  3.634884e+01  1.146647e+01  7.727438e-16 
 1041.000  3.644973e+01  1.149182e+01 -3.003632e-15 
 1042.000  3.653737e+01  1.150443e+01 -8.314493e-16 
 1043.000  3.592120e+01  1.129082e+01 -5.129956e-17 
 1044.000  3.621043e+01  1.137143e+01  2.268684e-15 
 1045.000  3.579307e+01  1.125438e+01 -2.208225e-15 
 1046.000  3.466586e+01  1.088993e+01 -2.094375e-15 
 1047.000  3.512921e+01  1.103727e+01  2.286661e-15 
 1048.000  3.537144e+01  1.109976e+01 -7.701684e-16 
 1049.000  3.501717e+01  1.097655e+01 -6.117290e-16 
 1050.000  3.459196e+01  1.085017e+01  1.471595e-15 
 1051.000  3.435545e+01  1.078851e+01 -1.472434e-15 
 1052.000  3.399488e+01  1.068100e+01  0.000000e+00 
 1053.000  3.387915e+01  1.064348e+01  2.225688e-15 
 1054.000  3.328863e+01  1.047060e+01 -2.203970e-15 
 1055.000  3.323969e+01  1.047290e+01 -1.059937e-15 
 1056.000  3.288940e+01  1.037552e+01 -4.031697e-16 
 1057.000  3.238290e+01  1.025023e+01  3.523283e-16 
 1058.000  3.139039e+01  1.000166e+01 -3.994747e-16 
 1059.000  3.035413e+01  9.659936e+00  4.858068e-17 
 1060.000  3.159766e+01  1.001397e+01 -1.100903e-15 
 1061.000  3.036161e+01  9.621056e+00 -1.449200e-15 
 1062.000  3.085987e+01  9.805732e+00  0.000000e+00 
 1063.000  3.020552e+01  9.594633e+00 -7.334429e-16 
 1064.000  3.029253e+01  9.643890e+00  3.968000e-16 
 1065.000  2.987145e+01  9.543767e+00  0.000000e+00 
 1066.000  2.899231e+01  9.243325e+00 -3.844725e-16 
 1067.000  2.955856e+01  9.472825e+00  5.766419e-16 
 1068.000  2.880569e+01  9.301778e+00  2.882290e-16 
 1069.000  2.636221e+01  8.541883e+00 -3.755122e-17 
 1070.000  2.810356e+01  9.076503e+00 -4.528186e-16 
 1071.000  2.777916e+01  9.009417e+00 -2.210589e-16 
 1072.000  2.748252e+01  8.949131e+00 -7.753548e-17 
 1073.000  2.656240e+01  8.641674e+00 -1.440364e-16 
 1074.000  2.765344e+01  8.967287e+00 -3.673387e-17 
 1075.000  2.754210e+01  8.832335e+00 -1.608851e-16 
 1076.000  2.777468e+01  8.939970e+00  8.250959e-17 
 1077.000  2.718990e+01  8.800662e+00  1.343959e-16 
 1078.000  2.663563e+01  8.679280e+00  4.376307e-16 
 1079.000  2.555332e+01  8.321607e+00 -4.361480e-16 
 1080.000  2.459964e+01  8.163130e+00  1.177719e-16 
 1081.000  2.363803e+01  7.837605e+00  1.500656e-16 
 1082.000  2.468986e+01  8.104477e+00  4.706956e-16 
 1083.000  2.314803e+01  7.670184e+00 -9.078543e-17 
 1084.000  2.308679e+01  7.723133e+00 -6.639387e-16 
 1085.000  2.075138e+01  7.119508e+00  3.054218e-17 
 1086.000  2.146560e+01  7.310637e+00 -5.560377e-16 
 1087.000  2.230479e+01  7.381865e+00 -4.553590e-17 
 1088.000  2.379850e+01  7.850608e+00 -3.265614e-16 
 1089.000  2.013343e+01  6.878722e+00 -4.065036e-17 
 1090.000  2.004287e+01  6.899686e+00  3.531290e-16 
 1091.000  2.060705e+01  7.040830e+00 -1.929114e-16 
 1092.000  1.882894e+01  6.573864e+00  1.587688e-16 
 1093.000  1.605826e+01  5.912261e+00 -2.617517e-16 
 1094.000  1.370125e+01  5.164435e+00  4.296931e-16 
 1095.000  1.492035e+01  5.606964e+00 -2.361373e-16 
 1096.000  1.484851e+01  5.581925e+00  1.408866e-17 
 1097.000  1.408416e+01  5.375971e+00 -5.567066e-17 
 1098.000  9.486604e+00  4.189033e+00 -7.227353e-17 
 1099.000  6.723602e+00  3.388380e+00  3.863071e-17 
 1100.000  6.959104e+00  3.482011e+00  4.624166e-19 
