  400.000  1.758007e+02  2.086479e+02 -2.942443e-14 
  401.000  1.760553e+02  2.060558e+02 -3.019274e-14 
  402.000  1.879687e+02  2.169758e+02 -4.617601e-14 
  403.000  1.773364e+02  2.019116e+02 -7.389844e-14 
  404.000  1.919373e+02  2.155792e+02 -1.538683e-14 
  405.000  1.772596e+02  1.964201e+02 -1.305356e-14 
  406.000  1.771460e+02  1.936791e+02 -9.987188e-16 
  407.000  1.737131e+02  1.874150e+02 -1.253324e-14 
  408.000  1.894629e+02  2.017252e+02 -1.457961e-14 
  409.000  2.111056e+02  2.218417e+02  4.709934e-14 
  410.000  1.776474e+02  1.842690e+02 -8.234602e-14 
  411.000  2.099503e+02  2.149818e+02 -1.126383e-15 
  412.000  2.189158e+02  2.213072e+02 -4.628336e-14 
  413.000  2.080877e+02  2.077018e+02 -1.744793e-14 
  414.000  2.054422e+02  2.024841e+02 -7.786331e-14 
  415.000  2.204490e+02  2.145698e+02 -7.935391e-14 
  416.000  2.204196e+02  2.118889e+02 -4.716955e-14 
  417.000  2.149712e+02  2.041145e+02  1.096479e-13 
  418.000  2.115056e+02  1.983756e+02 -1.185564e-13 
  419.000  2.179227e+02  2.019198e+02 -6.163237e-14 
  420.000  1.854880e+02  1.698011e+02 -2.737982e-14 
  421.000  2.336851e+02  2.113694e+02 -3.190926e-14 
  422.000  2.251461e+02  2.012332e+02  9.254492e-14 
  423.000  1.911800e+02  1.688647e+02  1.375555e-14 
  424.000  2.114115e+02  1.845533e+02 -4.323597e-14 
  425.000  2.201011e+02  1.899088e+02  1.183720e-13 
  426.000  2.126698e+02  1.813815e+02 -1.293270e-14 
  427.000  2.056073e+02  1.733504e+02  6.778119e-14 
  428.000  2.092386e+02  1.744058e+02  9.640388e-14 
  429.000  1.912990e+02  1.576515e+02 -2.536716e-14 
  430.000  1.533958e+02  1.249965e+02  2.993237e-14 
  431.000  1.385801e+02  1.116654e+02  2.746735e-14 
  432.000  2.506308e+02  1.997180e+02 -6.499750e-14 
  433.000  2.241444e+02  1.766478e+02  5.570645e-14 
  434.000  2.140284e+02  1.668329e+02 -4.055527e-14 
  435.000  2.339253e+02  1.803636e+02 -3.071186e-14 
  436.000  2.605616e+02  1.987350e+02  0.000000e+00 
  437.000  2.642505e+02  1.993895e+02 -1.710578e-14 
  438.000  2.377559e+02  1.774886e+02 -1.029035e-13 
  439.000  2.310738e+02  1.706763e+02  2.753422e-14 
  440.000  2.600966e+02  1.900941e+02 -3.299724e-14 
  441.000  2.603477e+02  1.882903e+02  1.640658e-14 
  442.000  2.753365e+02  1.970633e+02  2.309690e-15 
  443.000  2.783093e+02  1.971355e+02 -3.231208e-14 
  444.000  2.776115e+02  1.946242e+02 -1.716562e-14 
  445.000  2.931617e+02  2.034297e+02  3.362132e-14 
  446.000  2.619523e+02  1.799289e+02 -7.573759e-14 
  447.000  2.999437e+02  2.039525e+02 -7.041652e-14 
  448.000  3.062182e+02  2.061467e+02 -1.599794e-14 
  449.000  3.096080e+02  2.063699e+02  3.462016e-14 
  450.000  3.176689e+02  2.096629e+02 -5.420201e-14 
  451.000  3.446814e+02  2.252672e+02  1.765962e-14 
  452.000  3.216617e+02  2.081777e+02  7.312483e-14 
  453.000  2.997170e+02  1.920986e+02 -1.986753e-14 
  454.000  3.207265e+02  2.035867e+02 -3.727992e-14 
  455.000  3.241237e+02  2.037741e+02  7.242302e-14 
  456.000  3.331054e+02  2.074259e+02  3.573884e-14 
  457.000  3.361077e+02  2.073147e+02 -7.432324e-14 
  458.000  3.313013e+02  2.024274e+02  7.035984e-14 
  459.000  3.323452e+02  2.011651e+02  5.393199e-14 
  460.000  3.305216e+02  1.982005e+02 -8.811861e-14 
  461.000  3.436037e+02  2.041403e+02  3.594674e-14 
  462.000  3.390710e+02  1.995949e+02 -3.530212e-14 
  463.000  3.402109e+02  1.984351e+02 -5.414387e-14 
  464.000  3.425244e+02  1.979757e+02  3.529114e-14 
  465.000  3.386796e+02  1.939908e+02  0.000000e+00 
  466.000  3.505774e+02  1.990069e+02  3.572461e-14 
  467.000  3.393030e+02  1.908901e+02 -3.686190e-14 
  468.000  3.602104e+02  2.008499e+02 -7.269282e-14 
  469.000  3.579428e+02  1.978144e+02  3.597332e-14 
  470.000  3.538179e+02  1.938050e+02 -3.797243e-14 
  471.000  3.538996e+02  1.921393e+02 -5.424957e-14 
  472.000  3.588622e+02  1.931192e+02 -3.571480e-14 
  473.000  3.554513e+02  1.896033e+02  3.529894e-14 
  474.000  3.587260e+02  1.896739e+02  2.349719e-13 
  475.000  3.733702e+02  1.956784e+02 -1.716829e-14 
  476.000  3.617535e+02  1.879123e+02  7.173720e-14 
  477.000  3.584900e+02  1.845938e+02 -1.275793e-15 
  478.000  3.773527e+02  1.926970e+02 -5.716080e-14 
  479.000  3.618423e+02  1.832916e+02 -1.897726e-14 
  480.000  3.707447e+02  1.863104e+02 -3.598311e-14 
  481.000  3.700589e+02  1.844854e+02 -1.095156e-13 
  482.000  3.792579e+02  1.875625e+02  3.889954e-14 
  483.000  3.809264e+02  1.868801e+02  1.681991e-14 
  484.000  3.673330e+02  1.787657e+02 -1.613893e-14 
  485.000  3.709970e+02  1.791014e+02  1.622742e-14 
  486.000  3.015865e+02  1.444306e+02 -7.175444e-14 
  487.000  3.398625e+02  1.614678e+02 -3.401975e-14 
  488.000  3.699594e+02  1.743758e+02  7.126853e-14 
  489.000  3.447689e+02  1.612229e+02  3.191871e-14 
  490.000  3.934708e+02  1.825555e+02  1.683405e-14 
  491.000  3.689924e+02  1.698606e+02 -6.778568e-14 
  492.000  3.553234e+02  1.622955e+02 -2.335310e-15 
  493.000  3.834724e+02  1.737972e+02 -3.749685e-14 
  494.000  3.711974e+02  1.669380e+02  0.000000e+00 
  495.000  3.976040e+02  1.774441e+02  0.000000e+00 
  496.000  3.878369e+02  1.717613e+02  0.000000e+00 
  497.000  3.767997e+02  1.656039e+02 -5.221135e-14 
  498.000  3.684579e+02  1.607124e+02 -5.093986e-14 
  499.000  3.681106e+02  1.593517e+02  5.078090e-14 
  500.000  3.670251e+02  1.576915e+02 -6.814980e-14 
  501.000  3.592964e+02  1.532194e+02  4.935772e-14 
  502.000  3.574384e+02  1.512964e+02  9.800571e-14 
  503.000  3.792688e+02  1.593522e+02  5.189100e-14 
  504.000  3.533454e+02  1.473701e+02 -3.141463e-14 
  505.000  3.816127e+02  1.579962e+02  3.386370e-14 
  506.000  4.093205e+02  1.682433e+02 -3.620385e-14 
  507.000  3.815864e+02  1.557165e+02 -3.363882e-14 
  508.000  3.666585e+02  1.485552e+02 -1.726438e-14 
  509.000  3.961421e+02  1.593590e+02 -1.610078e-14 
  510.000  3.845592e+02  1.536040e+02  3.357019e-14 
  511.000  3.853454e+02  1.528325e+02 -1.545365e-13 
  512.000  4.051317e+02  1.595523e+02  0.000000e+00 
  513.000  3.714159e+02  1.452527e+02  6.658680e-14 
  514.000  3.642297e+02  1.414524e+02  4.601372e-14 
  515.000  3.724567e+02  1.436473e+02  1.476628e-13 
  516.000  3.917754e+02  1.500560e+02  0.000000e+00 
  517.000  2.889223e+02  1.099006e+02  2.475609e-14 
  518.000  3.581013e+02  1.352826e+02  0.000000e+00 
  519.000  3.396411e+02  1.274348e+02  6.007609e-14 
  520.000  3.743441e+02  1.395036e+02 -4.899980e-14 
  521.000  3.749363e+02  1.387811e+02  1.709526e-14 
  522.000  3.901633e+02  1.434456e+02  1.018244e-13 
  523.000  3.637390e+02  1.328330e+02 -6.394719e-14 
  524.000  3.949482e+02  1.432674e+02 -6.934819e-14 
  525.000  3.920659e+02  1.412759e+02  8.655266e-14 
  526.000  3.739437e+02  1.338560e+02  4.628902e-14 
  527.000  3.268589e+02  1.162308e+02  0.000000e+00 
  528.000  3.927693e+02  1.387522e+02  3.315181e-14 
  529.000  4.041358e+02  1.418355e+02  1.826622e-14 
  530.000  3.820817e+02  1.332246e+02 -1.494398e-14 
  531.000  4.161259e+02  1.441577e+02  0.000000e+00 
  532.000  3.972474e+02  1.367346e+02  5.132533e-14 
  533.000  3.493065e+02  1.194694e+02  2.932745e-14 
  534.000  3.803650e+02  1.292738e+02 -3.414763e-14 
  535.000  3.886667e+02  1.312709e+02  3.480219e-14 
  536.000  4.130200e+02  1.386292e+02 -2.471124e-15 
  537.000  3.837065e+02  1.279920e+02 -4.899615e-14 
  538.000  4.021654e+02  1.333198e+02  6.912311e-14 
  539.000  4.013169e+02  1.322188e+02 -3.322639e-14 
  540.000  3.931904e+02  1.287461e+02  9.980664e-14 
  541.000  3.609544e+02  1.174683e+02 -1.381711e-14 
  542.000  4.030863e+02  1.303810e+02  5.097157e-14 
  543.000  3.859827e+02  1.240917e+02 -9.744628e-14 
  544.000  4.075110e+02  1.302213e+02 -3.344121e-14 
  545.000  4.018020e+02  1.276238e+02 -1.528210e-14 
  546.000  3.932130e+02  1.241470e+02  0.000000e+00 
  547.000  4.102858e+02  1.287647e+02  1.797127e-14 
  548.000  3.810161e+02  1.188684e+02  4.776981e-14 
  549.000  4.013429e+02  1.244696e+02  0.000000e+00 
  550.000  3.928780e+02  1.211264e+02  0.000000e+00 
  551.000  3.907700e+02  1.197686e+02  2.283050e-15 
  552.000  4.079879e+02  1.243146e+02 -5.095045e-14 
  553.000  3.923465e+02  1.188522e+02  1.708330e-14 
  554.000  4.055125e+02  1.221279e+02  6.584912e-14 
  555.000  4.069995e+02  1.218677e+02 -6.841667e-14 
  556.000  3.960993e+02  1.179215e+02 -1.490682e-14 
  557.000  3.846126e+02  1.138450e+02  1.670710e-14 
  558.000  3.994900e+02  1.175731e+02  4.971748e-14 
  559.000  3.778419e+02  1.105690e+02  3.280477e-14 
  560.000  3.796993e+02  1.104817e+02  3.296157e-14 
  561.000  4.174812e+02  1.207875e+02 -1.569312e-14 
  562.000  3.829132e+02  1.101506e+02 -3.105943e-14 
  563.000  4.006865e+02  1.146140e+02  3.484527e-14 
  564.000  3.949903e+02  1.123476e+02 -6.644784e-14 
  565.000  3.993090e+02  1.129310e+02 -4.988476e-14 
  566.000  3.682234e+02  1.035598e+02  1.605771e-14 
  567.000  3.938568e+02  1.101261e+02 -3.449886e-14 
  568.000  3.879554e+02  1.077702e+02 -1.611165e-14 
  569.000  3.695308e+02  1.021030e+02  2.458852e-14 
  570.000  3.733930e+02  1.025899e+02 -1.619519e-14 
  571.000  3.679701e+02  1.005306e+02  0.000000e+00 
  572.000  3.814877e+02  1.036557e+02 -9.448390e-17 
  573.000  3.878290e+02  1.048048e+02  4.450849e-15 
  574.000  3.865071e+02  1.038844e+02  1.036033e-14 
  575.000  3.767689e+02  1.007199e+02 -1.094757e-14 
  576.000  3.702046e+02  9.843943e+01  1.011163e-14 
  577.000  3.881825e+02  1.026386e+02  0.000000e+00 
  578.000  3.803460e+02  1.000974e+02  0.000000e+00 
  579.000  3.802204e+02  9.958918e+01 -1.678064e-14 
  580.000  3.957097e+02  1.031491e+02  1.616748e-14 
  581.000  3.921177e+02  1.017499e+02  4.750529e-14 
  582.000  4.003081e+02  1.033806e+02  1.719695e-14 
  583.000  4.043716e+02  1.039129e+02 -1.158813e-15 
  584.000  4.041832e+02  1.033483e+02  3.330305e-14 
  585.000  4.023823e+02  1.023739e+02 -3.306182e-14 
  586.000  3.858362e+02  9.767400e+01 -1.526313e-14 
  587.000  3.977162e+02  1.001752e+02 -3.074063e-14 
  588.000  3.779674e+02  9.475929e+01  1.004430e-14 
  589.000  3.141370e+02  7.853284e+01  6.287025e-15 
  590.000  3.269190e+02  8.132778e+01  4.723459e-15 
  591.000  3.634461e+02  8.987231e+01 -9.187103e-15 
  592.000  3.485716e+02  8.584303e+01 -6.229991e-15 
  593.000  3.706465e+02  9.067048e+01 -3.128234e-14 
  594.000  3.702583e+02  9.017471e+01  2.707716e-15 
  595.000  3.509247e+02  8.516367e+01  6.829715e-15 
  596.000  3.783451e+02  9.120891e+01  9.921933e-15 
  597.000  3.757281e+02  9.017603e+01 -1.403443e-14 
  598.000  3.758792e+02  8.971733e+01  2.144123e-14 
  599.000  3.794355e+02  9.011876e+01  5.230633e-15 
  600.000  3.867728e+02  9.142690e+01 -7.490030e-15 
  601.000  3.895150e+02  9.163527e+01  0.000000e+00 
  602.000  3.870539e+02  9.065546e+01  1.610631e-14 
  603.000  3.914187e+02  9.127674e+01 -1.401849e-14 
  604.000  4.058504e+02  9.422701e+01 -4.779882e-14 
  605.000  4.062649e+02  9.389944e+01  1.096663e-13 
  606.000  4.024836e+02  9.259944e+01  0.000000e+00 
  607.000  4.011105e+02  9.186185e+01  2.826238e-14 
  608.000  4.004150e+02  9.128326e+01  0.000000e+00 
  609.000  3.970301e+02  9.009856e+01  0.000000e+00 
  610.000  3.913806e+02  8.841267e+01  0.000000e+00 
  611.000  3.984771e+02  8.960797e+01  0.000000e+00 
  612.000  3.940069e+02  8.820261e+01 -2.121808e-15 
  613.000  3.889320e+02  8.667440e+01  3.119447e-14 
  614.000  3.755230e+02  8.331026e+01  2.803892e-14 
  615.000  3.941702e+02  8.705594e+01  6.084044e-14 
  616.000  3.753788e+02  8.253570e+01  4.085885e-14 
  617.000  3.780583e+02  8.275452e+01  0.000000e+00 
  618.000  3.963867e+02  8.638023e+01 -4.509991e-14 
  619.000  3.931596e+02  8.529565e+01  0.000000e+00 
  620.000  3.993381e+02  8.625125e+01  6.113676e-14 
  621.000  4.065074e+02  8.740991e+01 -1.608288e-14 
  622.000  3.852700e+02  8.247565e+01  1.523233e-14 
  623.000  3.883680e+02  8.276922e+01  0.000000e+00 
  624.000  3.888889e+02  8.251350e+01  1.536665e-14 
  625.000  3.783999e+02  7.993337e+01  0.000000e+00 
  626.000  3.794081e+02  7.977851e+01  1.402560e-14 
  627.000  3.803714e+02  7.958319e+01  4.085647e-15 
  628.000  3.630306e+02  7.554010e+01 -3.200878e-15 
  629.000  3.779116e+02  7.833887e+01  1.906089e-14 
  630.000  3.708159e+02  7.655367e+01  3.328037e-15 
  631.000  3.873709e+02  7.966376e+01  1.637455e-15 
  632.000  3.566933e+02  7.303912e+01 -2.218670e-15 
  633.000  3.900921e+02  7.958809e+01  1.023027e-14 
  634.000  3.810375e+02  7.741605e+01  1.399697e-14 
  635.000  3.888311e+02  7.867580e+01  1.423504e-14 
  636.000  3.771682e+02  7.602332e+01 -2.839955e-14 
  637.000  3.912749e+02  7.855808e+01  0.000000e+00 
  638.000  4.012338e+02  8.027846e+01  1.534785e-14 
  639.000  3.988671e+02  7.948402e+01  1.520633e-14 
  640.000  3.886616e+02  7.716246e+01  0.000000e+00 
  641.000  3.950876e+02  7.812333e+01 -1.290497e-14 
  642.000  3.920664e+02  7.723154e+01 -1.470298e-14 
  643.000  3.973990e+02  7.793369e+01  7.184857e-14 
  644.000  3.934181e+02  7.684407e+01 -5.619198e-14 
  645.000  3.943787e+02  7.672395e+01 -1.196719e-14 
  646.000  3.669331e+02  7.108822e+01  1.058579e-14 
  647.000  3.634247e+02  7.018211e+01  1.760629e-15 
  648.000  3.534253e+02  6.805062e+01 -8.027158e-15 
  649.000  3.693487e+02  7.078074e+01  1.162015e-14 
  650.000  3.582892e+02  6.831985e+01 -2.875116e-14 
  651.000  3.863089e+02  7.337684e+01 -5.768596e-15 
  652.000  3.646225e+02  6.905740e+01 -2.240591e-15 
  653.000  3.895263e+02  7.341829e+01  8.686054e-15 
  654.000  3.829481e+02  7.190160e+01 -8.412482e-15 
  655.000  3.671312e+02  6.868515e+01  3.808662e-15 
  656.000  3.137954e+02  5.847610e+01  1.090011e-14 
  657.000  3.382617e+02  6.278852e+01 -6.333206e-15 
  658.000  3.829762e+02  7.082223e+01  6.618373e-16 
  659.000  3.877011e+02  7.143891e+01  5.249663e-14 
  660.000  3.926445e+02  7.208594e+01  0.000000e+00 
  661.000  3.990500e+02  7.300216e+01 -1.442008e-14 
  662.000  4.071942e+02  7.424015e+01  0.000000e+00 
  663.000  4.026002e+02  7.311913e+01 -5.389877e-14 
  664.000  3.973713e+02  7.191006e+01  0.000000e+00 
  665.000  4.000287e+02  7.212811e+01  2.659771e-14 
  666.000  4.060468e+02  7.295232e+01 -5.572234e-14 
  667.000  3.989367e+02  7.141719e+01 -2.634308e-14 
  668.000  4.024663e+02  7.179526e+01 -5.294129e-14 
  669.000  4.090972e+02  7.271542e+01  2.876226e-14 
  670.000  4.048777e+02  7.170496e+01  0.000000e+00 
  671.000  4.013290e+02  7.082116e+01 -2.620689e-14 
  672.000  4.006211e+02  7.044120e+01  0.000000e+00 
  673.000  4.040741e+02  7.079267e+01 -2.817212e-14 
  674.000  4.054339e+02  7.077608e+01 -2.632430e-14 
  675.000  3.998110e+02  6.954504e+01 -4.996093e-14 
  676.000  4.078983e+02  7.069866e+01 -5.277758e-14 
  677.000  4.002940e+02  6.913383e+01  0.000000e+00 
  678.000  4.074358e+02  7.011790e+01 -2.815861e-14 
  679.000  4.020089e+02  6.893716e+01  2.589344e-14 
  680.000  3.986020e+02  6.810093e+01  0.000000e+00 
  681.000  3.988061e+02  6.788604e+01  1.847202e-15 
  682.000  3.981112e+02  6.752630e+01  1.842864e-15 
  683.000  4.008126e+02  6.774114e+01  0.000000e+00 
  684.000  3.927603e+02  6.613171e+01 -1.360391e-14 
  685.000  3.984421e+02  6.686671e+01 -2.564979e-14 
  686.000  3.791535e+02  6.337710e+01  1.318835e-14 
  687.000  2.986066e+02  4.983977e+01 -4.701096e-15 
  688.000  3.243809e+02  5.390036e+01 -2.382904e-15 
  689.000  3.172583e+02  5.257887e+01  1.135685e-14 
  690.000  3.325555e+02  5.485544e+01 -1.291863e-15 
  691.000  3.494313e+02  5.737302e+01 -1.035617e-14 
  692.000  3.523223e+02  5.765217e+01  6.665169e-15 
  693.000  3.344259e+02  5.468737e+01  6.832661e-15 
  694.000  3.181683e+02  5.193593e+01 -5.946525e-16 
  695.000  3.238399e+02  5.265772e+01  5.058189e-16 
  696.000  3.348977e+02  5.424140e+01 -1.101177e-15 
  697.000  3.707744e+02  5.965945e+01 -1.305944e-14 
  698.000  3.563510e+02  5.716965e+01 -6.736786e-15 
  699.000  3.312356e+02  5.314949e+01 -1.100445e-14 
  700.000  3.322582e+02  5.310959e+01 -5.226451e-15 
  701.000  3.181635e+02  5.072495e+01 -1.141682e-15 
  702.000  3.214921e+02  5.106654e+01 -6.666679e-15 
  703.000  3.519218e+02  5.555315e+01  6.741913e-15 
  704.000  3.542006e+02  5.572920e+01  1.256176e-14 
  705.000  3.460985e+02  5.434488e+01 -1.135436e-15 
  706.000  3.446282e+02  5.392822e+01  6.319903e-15 
  707.000  3.433329e+02  5.353111e+01  1.157121e-15 
  708.000  3.576771e+02  5.556718e+01 -2.348652e-14 
  709.000  3.535516e+02  5.471708e+01 -4.391057e-15 
  710.000  3.524875e+02  5.441801e+01 -3.965823e-15 
  711.000  3.583444e+02  5.510714e+01  6.769149e-15 
  712.000  3.613698e+02  5.538427e+01  1.936907e-15 
  713.000  3.533458e+02  5.399016e+01  2.132467e-15 
  714.000  3.569569e+02  5.437363e+01  1.054296e-14 
  715.000  3.339419e+02  5.074885e+01 -5.945672e-15 
  716.000  3.310652e+02  5.020462e+01 -6.763282e-15 
  717.000  2.605639e+02  3.934460e+01 -1.371743e-16 
  718.000  2.252718e+02  3.399088e+01 -7.694288e-22 
  719.000  2.111463e+02  3.184935e+01 -8.607004e-16 
  720.000  1.972537e+02  2.982668e+01 -7.993014e-16 
  721.000  2.730250e+02  4.077416e+01  6.069922e-18 
  722.000  3.089686e+02  4.603411e+01  3.231110e-15 
  723.000  2.900221e+02  4.309687e+01  0.000000e+00 
  724.000  2.436438e+02  3.600925e+01  7.564468e-16 
  725.000  2.472665e+02  3.641614e+01  1.365545e-16 
  726.000  2.448714e+02  3.595787e+01  2.047522e-16 
  727.000  2.551425e+02  3.734436e+01 -1.382563e-16 
  728.000  2.440126e+02  3.561736e+01 -2.286986e-15 
  729.000  2.513821e+02  3.658369e+01 -1.304224e-16 
  730.000  2.580133e+02  3.742941e+01  1.724497e-15 
  731.000  2.505853e+02  3.623954e+01  0.000000e+00 
  732.000  2.865465e+02  4.142928e+01  5.078497e-15 
  733.000  3.144605e+02  4.529848e+01 -1.065187e-15 
  734.000  3.379076e+02  4.844450e+01 -3.545059e-16 
  735.000  3.296153e+02  4.715274e+01  1.214906e-14 
  736.000  3.131700e+02  4.472942e+01  5.791873e-15 
  737.000  3.254085e+02  4.629789e+01  4.799902e-15 
  738.000  3.357900e+02  4.757516e+01 -3.037156e-15 
  739.000  3.297847e+02  4.656984e+01  1.384323e-14 
  740.000  3.437944e+02  4.838511e+01  1.174329e-15 
  741.000  3.474464e+02  4.876293e+01  9.538502e-17 
  742.000  3.444457e+02  4.820878e+01 -1.883370e-14 
  743.000  3.605973e+02  5.034881e+01 -1.224646e-14 
  744.000  3.665634e+02  5.103323e+01  1.117702e-14 
  745.000  3.591255e+02  4.987085e+01  0.000000e+00 
  746.000  3.658101e+02  5.066671e+01 -1.584411e-15 
  747.000  3.719362e+02  5.136964e+01  2.241001e-14 
  748.000  3.664622e+02  5.047990e+01  2.357037e-14 
  749.000  3.672525e+02  5.044940e+01 -2.357188e-14 
  750.000  3.614018e+02  4.949848e+01  4.489799e-14 
  751.000  3.607248e+02  4.926638e+01  0.000000e+00 
  752.000  3.675934e+02  5.007339e+01  0.000000e+00 
  753.000  3.647344e+02  4.954800e+01  2.172798e-14 
  754.000  3.709072e+02  5.024762e+01  4.571506e-14 
  755.000  3.690327e+02  4.985430e+01  9.089704e-14 
  756.000  3.620756e+02  4.877866e+01  2.150525e-14 
  757.000  3.649175e+02  4.902482e+01 -4.332231e-14 
  758.000  3.634105e+02  4.867678e+01 -1.554426e-15 
  759.000  3.098145e+02  4.131565e+01  1.782954e-14 
  760.000  6.279492e+01  8.656531e+00 -8.415690e-17 
  761.000  4.934286e+01  6.902569e+00  4.883225e-16 
  762.000  1.549669e+02  2.066865e+01 -9.710392e-24 
  763.000  1.183943e+02  1.592912e+01  9.863351e-16 
  764.000  1.383120e+02  1.846342e+01  6.602460e-16 
  765.000  1.889848e+02  2.482632e+01 -1.416911e-15 
  766.000  2.462268e+02  3.226614e+01  1.580247e-15 
  767.000  2.872135e+02  3.751516e+01  1.984903e-15 
  768.000  3.250904e+02  4.228547e+01  4.042065e-15 
  769.000  3.417666e+02  4.436490e+01 -9.552866e-15 
  770.000  3.493261e+02  4.526900e+01  6.391667e-14 
  771.000  3.539314e+02  4.576281e+01 -2.237093e-14 
  772.000  3.537275e+02  4.562244e+01 -4.305580e-14 
  773.000  3.528223e+02  4.538767e+01  2.217819e-14 
  774.000  3.571802e+02  4.582986e+01  2.090441e-14 
  775.000  3.442296e+02  4.405413e+01  2.011416e-14 
  776.000  3.588369e+02  4.580495e+01  0.000000e+00 
  777.000  3.564430e+02  4.537926e+01  8.466636e-14 
  778.000  3.544670e+02  4.500747e+01  2.068292e-14 
  779.000  3.555587e+02  4.502617e+01 -4.299314e-14 
  780.000  3.512158e+02  4.435944e+01 -4.246423e-14 
  781.000  3.512275e+02  4.424970e+01 -2.192775e-14 
  782.000  3.553788e+02  4.465461e+01  2.219377e-14 
  783.000  3.471234e+02  4.350371e+01  6.212587e-14 
  784.000  3.487133e+02  4.358591e+01 -2.034175e-14 
  785.000  3.476039e+02  4.331693e+01  1.093762e-14 
  786.000  3.386605e+02  4.208285e+01 -2.969787e-14 
  787.000  3.365096e+02  4.167712e+01 -4.155841e-15 
  788.000  3.277648e+02  4.048232e+01  9.829283e-15 
  789.000  3.166731e+02  3.902612e+01  1.829125e-16 
  790.000  3.123513e+02  3.839933e+01 -1.022956e-14 
  791.000  3.131632e+02  3.839460e+01  3.506677e-16 
  792.000  3.104733e+02  3.796426e+01  4.703048e-15 
  793.000  3.154035e+02  3.846431e+01  1.808045e-14 
  794.000  3.231669e+02  3.933103e+01  1.340309e-14 
  795.000  3.147551e+02  3.819501e+01  0.000000e+00 
  796.000  3.024537e+02  3.664468e+01 -9.952181e-15 
  797.000  3.094123e+02  3.737545e+01  6.908811e-15 
  798.000  3.209315e+02  3.865388e+01  6.457020e-15 
  799.000  3.181354e+02  3.822298e+01 -1.224404e-14 
  800.000  3.018980e+02  3.619794e+01  6.488453e-15 
  801.000  3.085068e+02  3.689688e+01  3.557398e-15 
  802.000  3.071396e+02  3.664622e+01 -8.325162e-15 
  803.000  3.039646e+02  3.617586e+01  5.159866e-15 
  804.000  3.106154e+02  3.686958e+01  5.201577e-15 
  805.000  3.093643e+02  3.662878e+01  3.482228e-15 
  806.000  3.222771e+02  3.807278e+01 -2.912297e-14 
  807.000  3.206017e+02  3.778372e+01  2.774965e-15 
  808.000  3.161435e+02  3.716321e+01  1.295234e-14 
  809.000  3.077475e+02  3.608599e+01  7.629555e-15 
  810.000  3.029836e+02  3.544186e+01 -9.800366e-15 
  811.000  3.008769e+02  3.512216e+01 -6.434579e-15 
  812.000  2.905391e+02  3.386546e+01  6.227213e-15 
  813.000  2.781724e+02  3.239798e+01  9.138395e-16 
  814.000  2.634973e+02  3.067139e+01 -4.995877e-15 
  815.000  2.435675e+02  2.828096e+01  1.227891e-15 
  816.000  2.214512e+02  2.557818e+01  1.119431e-15 
  817.000  2.235642e+02  2.576446e+01 -1.042841e-15 
  818.000  2.237424e+02  2.572973e+01  0.000000e+00 
  819.000  2.242829e+02  2.575733e+01  1.306783e-15 
  820.000  2.418034e+02  2.775513e+01 -1.769880e-15 
  821.000  2.771991e+02  3.162132e+01 -2.410789e-15 
  822.000  2.490524e+02  2.843926e+01  2.649783e-15 
  823.000  2.008023e+02  2.280072e+01 -1.098975e-16 
  824.000  2.476151e+02  2.816283e+01 -1.491561e-18 
  825.000  2.786885e+02  3.149563e+01  1.703414e-15 
  826.000  2.753820e+02  3.108276e+01  3.126711e-16 
  827.000  2.704518e+02  3.047742e+01 -4.390253e-15 
  828.000  2.494195e+02  2.811061e+01  2.050757e-16 
  829.000  2.565231e+02  2.883170e+01  1.530026e-16 
  830.000  2.607151e+02  2.920454e+01  1.402572e-15 
  831.000  2.582064e+02  2.885046e+01 -5.573934e-15 
  832.000  2.647262e+02  2.951188e+01 -1.960521e-15 
  833.000  2.613430e+02  2.904738e+01  3.090092e-15 
  834.000  2.710817e+02  3.003667e+01  4.670065e-15 
  835.000  2.831373e+02  3.126125e+01 -2.894602e-15 
  836.000  2.829011e+02  3.117784e+01 -2.331041e-17 
  837.000  2.803649e+02  3.083265e+01 -5.545910e-15 
  838.000  2.870012e+02  3.147640e+01 -2.662664e-15 
  839.000  2.814317e+02  3.079214e+01  0.000000e+00 
  840.000  2.902502e+02  3.168561e+01  6.377197e-15 
  841.000  2.874765e+02  3.131938e+01  1.554877e-15 
  842.000  2.889659e+02  3.140752e+01 -9.348451e-15 
  843.000  2.946851e+02  3.196069e+01 -9.089515e-17 
  844.000  2.933320e+02  3.175247e+01  0.000000e+00 
  845.000  2.994745e+02  3.235180e+01 -8.776015e-15 
  846.000  3.039209e+02  3.276726e+01  1.558529e-14 
  847.000  2.953179e+02  3.177876e+01  3.524436e-16 
  848.000  3.009582e+02  3.230133e+01  6.061203e-15 
  849.000  3.019240e+02  3.233588e+01 -8.787122e-15 
  850.000  2.597551e+02  2.775448e+01  5.807005e-15 
  851.000  2.958369e+02  3.153633e+01  1.778310e-14 
  852.000  2.848206e+02  3.029691e+01  1.181017e-14 
  853.000  2.910021e+02  3.089679e+01 -9.273181e-15 
  854.000  2.338798e+02  2.477828e+01 -1.626209e-14 
  855.000  2.587673e+02  2.736131e+01  1.449563e-14 
  856.000  2.964814e+02  3.128708e+01  0.000000e+00 
  857.000  3.025070e+02  3.186400e+01  8.641193e-15 
  858.000  2.983036e+02  3.135875e+01  2.610859e-14 
  859.000  2.996765e+02  3.144637e+01  1.819970e-14 
  860.000  2.977664e+02  3.118506e+01  0.000000e+00 
  861.000  2.978922e+02  3.113304e+01  0.000000e+00 
  862.000  2.972795e+02  3.100585e+01 -1.796077e-14 
  863.000  3.030561e+02  3.154209e+01  1.830382e-14 
  864.000  3.028579e+02  3.145789e+01 -1.704031e-14 
  865.000  2.975460e+02  3.084345e+01  1.672030e-14 
  866.000  2.496680e+02  2.582664e+01  0.000000e+00 
  867.000  2.658340e+02  2.744097e+01 -3.094358e-14 
  868.000  2.883700e+02  2.970545e+01  4.859420e-14 
  869.000  2.844417e+02  2.924047e+01  0.000000e+00 
  870.000  2.961165e+02  3.037681e+01  1.663018e-14 
  871.000  2.958136e+02  3.028352e+01  3.321227e-14 
  872.000  2.948815e+02  3.012740e+01  1.772497e-14 
  873.000  2.958415e+02  3.016136e+01  3.440528e-14 
  874.000  2.892475e+02  2.942747e+01  1.507778e-14 
  875.000  2.865731e+02  2.909528e+01  0.000000e+00 
  876.000  2.888122e+02  2.926129e+01  3.246644e-14 
  877.000  2.945339e+02  2.977950e+01 -1.655920e-14 
  878.000  2.886357e+02  2.911732e+01  1.745665e-14 
  879.000  2.893650e+02  2.913172e+01  1.632592e-14 
  880.000  2.869547e+02  2.882499e+01 -1.624226e-14 
  881.000  2.717546e+02  2.724051e+01 -1.595663e-14 
  882.000  2.863932e+02  2.864712e+01  0.000000e+00 
  883.000  2.802697e+02  2.798097e+01  1.702457e-14 
  884.000  2.828290e+02  2.818090e+01  7.433566e-15 
  885.000  2.843480e+02  2.826520e+01  1.678500e-14 
  886.000  2.733199e+02  2.711343e+01 -1.062300e-14 
  887.000  2.718062e+02  2.690753e+01  0.000000e+00 
  888.000  2.798580e+02  2.764878e+01  0.000000e+00 
  889.000  2.821621e+02  2.782394e+01  8.620577e-15 
  890.000  2.802287e+02  2.758105e+01  0.000000e+00 
  891.000  2.761536e+02  2.711514e+01  1.523994e-14 
  892.000  2.695880e+02  2.640279e+01  4.085557e-15 
  893.000  2.432507e+02  2.378887e+01  3.865560e-15 
  894.000  2.429488e+02  2.373939e+01  2.779100e-15 
  895.000  2.081628e+02  2.038814e+01 -8.967949e-16 
  896.000  1.949328e+02  1.902556e+01 -9.510535e-17 
  897.000  1.697451e+02  1.648478e+01 -1.829108e-16 
  898.000  1.608727e+02  1.559959e+01  2.611187e-16 
  899.000  1.381244e+02  1.346680e+01  6.443221e-23 
  900.000  1.373869e+02  1.334931e+01  9.320518e-16 
  901.000  1.293045e+02  1.257456e+01 -2.225498e-16 
  902.000  1.283109e+02  1.244745e+01  4.542562e-16 
  903.000  1.736900e+02  1.668280e+01  4.498888e-16 
  904.000  2.036908e+02  1.960122e+01  5.447477e-16 
  905.000  2.025387e+02  1.945532e+01  9.869433e-16 
  906.000  1.803125e+02  1.724741e+01 -6.839088e-16 
  907.000  1.556158e+02  1.484354e+01 -4.278734e-16 
  908.000  1.352313e+02  1.295032e+01  2.353505e-16 
  909.000  1.333751e+02  1.274441e+01 -2.093026e-16 
  910.000  1.372274e+02  1.307355e+01  2.340496e-16 
  911.000  1.473721e+02  1.395957e+01 -1.736017e-21 
  912.000  1.425858e+02  1.350337e+01  2.560765e-16 
  913.000  1.246265e+02  1.191105e+01 -2.396870e-16 
  914.000  1.341009e+02  1.271568e+01  2.492803e-16 
  915.000  1.402759e+02  1.322405e+01 -2.558436e-16 
  916.000  1.445957e+02  1.359385e+01  1.852814e-22 
  917.000  1.473940e+02  1.380998e+01  4.874593e-16 
  918.000  1.532363e+02  1.431071e+01 -3.099956e-17 
  919.000  1.787792e+02  1.668646e+01  4.668191e-16 
  920.000  1.966256e+02  1.837057e+01 -6.276120e-17 
  921.000  1.883939e+02  1.756718e+01  6.998566e-18 
  922.000  1.864599e+02  1.735460e+01  7.914761e-17 
  923.000  1.736380e+02  1.611900e+01 -1.746024e-15 
  924.000  1.687846e+02  1.559811e+01 -5.345377e-16 
  925.000  1.694633e+02  1.562914e+01  4.983182e-16 
  926.000  1.616602e+02  1.488146e+01 -4.174067e-17 
  927.000  1.529695e+02  1.404381e+01  4.552703e-16 
  928.000  1.331055e+02  1.226009e+01  1.128684e-23 
  929.000  1.053882e+02  9.846536e+00 -1.042937e-17 
  930.000  7.815648e+01  7.475782e+00  1.348755e-18 
  931.000  5.464880e+01  5.356412e+00  2.839921e-17 
  932.000  3.086561e+01  3.219863e+00  1.411967e-17 
  933.000  1.999442e+01  2.265069e+00 -4.164250e-17 
  934.000  1.221939e+01  1.571511e+00  2.850923e-22 
  935.000  1.124119e+01  1.473848e+00 -3.486028e-18 
  936.000  1.339248e+01  1.662071e+00 -3.454223e-18 
  937.000  1.327007e+01  1.657400e+00  3.534089e-18 
  938.000  2.263186e+01  2.461460e+00  6.488939e-18 
  939.000  6.680999e+01  6.386641e+00 -2.726765e-17 
  940.000  7.665997e+01  7.204845e+00 -3.595517e-17 
  941.000  6.729000e+01  6.383939e+00 -1.287225e-18 
  942.000  4.821529e+01  4.678968e+00  2.607454e-17 
  943.000  2.916025e+01  2.989879e+00 -1.381700e-17 
  944.000  2.697752e+01  2.785135e+00  2.016538e-17 
  945.000  3.336209e+01  3.344837e+00  1.353652e-17 
  946.000  3.450121e+01  3.441102e+00  6.124331e-20 
  947.000  4.162717e+01  4.058065e+00  1.270178e-17 
  948.000  4.663388e+01  4.496332e+00  2.842584e-30 
  949.000  4.664265e+01  4.484427e+00  2.745646e-17 
  950.000  4.774381e+01  4.569902e+00 -2.726930e-17 
  951.000  5.915474e+01  5.564202e+00 -1.697863e-27 
  952.000  4.762469e+01  4.530652e+00  1.337391e-16 
  953.000  5.643584e+01  5.294741e+00  1.868563e-28 
  954.000  6.677972e+01  6.173667e+00  1.270968e-18 
  955.000  5.522427e+01  5.133569e+00 -1.991005e-20 
  956.000  5.825280e+01  5.399184e+00  5.297201e-17 
  957.000  8.813186e+01  7.916309e+00 -5.052081e-18 
  958.000  9.426761e+01  8.411563e+00 -2.065769e-16 
  959.000  8.963880e+01  8.025240e+00 -4.196697e-16 
  960.000  8.777153e+01  7.853703e+00  1.063649e-16 
  961.000  8.454935e+01  7.569339e+00  2.506157e-18 
  962.000  8.795738e+01  7.840772e+00  1.110901e-16 
  963.000  1.081813e+02  9.464420e+00  2.006011e-17 
  964.000  1.104942e+02  9.628166e+00 -2.953815e-16 
  965.000  1.102902e+02  9.608080e+00 -5.004801e-16 
  966.000  1.088001e+02  9.454012e+00 -2.715680e-16 
  967.000  1.292044e+02  1.110430e+01 -7.748115e-17 
  968.000  1.599619e+02  1.370156e+01 -7.237957e-16 
  969.000  1.776056e+02  1.522752e+01  5.269545e-16 
  970.000  1.793388e+02  1.535175e+01 -6.777913e-16 
  971.000  1.774574e+02  1.516591e+01 -3.106645e-16 
  972.000  1.739230e+02  1.483501e+01  8.729977e-17 
  973.000  1.618037e+02  1.374938e+01 -8.009856e-16 
  974.000  1.474676e+02  1.248321e+01  4.835042e-16 
  975.000  1.409390e+02  1.191242e+01 -4.887849e-16 
  976.000  1.517728e+02  1.280743e+01  7.909365e-17 
  977.000  1.635498e+02  1.382450e+01 -3.769691e-16 
  978.000  1.665595e+02  1.405197e+01 -3.075433e-16 
  979.000  1.662655e+02  1.401698e+01 -3.064698e-16 
  980.000  1.863326e+02  1.567650e+01  2.451716e-18 
  981.000  1.919700e+02  1.611218e+01 -1.538183e-15 
  982.000  1.878023e+02  1.575282e+01 -2.046869e-16 
  983.000  1.970883e+02  1.647171e+01  1.026223e-15 
  984.000  2.060774e+02  1.716017e+01  1.445826e-15 
  985.000  2.120583e+02  1.761684e+01  4.492260e-15 
  986.000  2.182300e+02  1.809474e+01  6.461256e-15 
  987.000  2.243379e+02  1.857438e+01 -7.514160e-15 
  988.000  2.224918e+02  1.839370e+01  1.211906e-15 
  989.000  2.202649e+02  1.818170e+01  2.255352e-15 
  990.000  2.230430e+02  1.838320e+01 -2.509626e-15 
  991.000  2.279014e+02  1.875991e+01 -4.149287e-15 
  992.000  2.266747e+02  1.863149e+01  2.102888e-15 
  993.000  2.270151e+02  1.863079e+01  2.429260e-15 
  994.000  2.307028e+02  1.890541e+01  6.879009e-15 
  995.000  2.308653e+02  1.889721e+01  1.319741e-14 
  996.000  2.308187e+02  1.886344e+01 -6.368723e-15 
  997.000  2.299379e+02  1.875654e+01  1.321028e-14 
  998.000  2.279117e+02  1.856304e+01  0.000000e+00 
  999.000  2.268544e+02  1.844632e+01 -1.548976e-15 
 1000.000  2.254480e+02  1.830440e+01  1.048900e-14 
 1001.000  2.239283e+02  1.814494e+01  6.161999e-15 
 1002.000  2.192476e+02  1.773061e+01 -3.600355e-15 
 1003.000  2.177223e+02  1.758107e+01 -5.737196e-15 
 1004.000  2.183791e+02  1.761090e+01  2.181267e-16 
 1005.000  2.050390e+02  1.651180e+01  5.384803e-15 
 1006.000  2.161697e+02  1.738200e+01 -5.520998e-15 
 1007.000  2.192913e+02  1.760373e+01 -1.980160e-15 
 1008.000  2.167338e+02  1.736559e+01  1.087114e-14 
 1009.000  2.108367e+02  1.686467e+01 -2.846752e-15 
 1010.000  2.136906e+02  1.706704e+01  6.282257e-15 
 1011.000  2.174610e+02  1.734731e+01  5.677514e-15 
 1012.000  2.194500e+02  1.748333e+01 -6.322237e-15 
 1013.000  2.193601e+02  1.745347e+01 -2.478016e-15 
 1014.000  2.214239e+02  1.759272e+01  2.345489e-15 
 1015.000  2.174751e+02  1.725303e+01  0.000000e+00 
 1016.000  2.195512e+02  1.739339e+01 -2.453112e-15 
 1017.000  2.176146e+02  1.720946e+01  0.000000e+00 
 1018.000  2.198083e+02  1.735948e+01 -1.369863e-16 
 1019.000  2.131624e+02  1.680430e+01 -1.137610e-14 
 1020.000  2.132995e+02  1.679128e+01  1.721565e-15 
 1021.000  2.166186e+02  1.703047e+01 -4.423607e-15 
 1022.000  2.114185e+02  1.659083e+01 -9.332202e-15 
 1023.000  2.138334e+02  1.675120e+01 -1.453134e-16 
 1024.000  2.117734e+02  1.656300e+01  1.891348e-15 
 1025.000  2.147401e+02  1.677680e+01  1.180103e-15 
 1026.000  2.163545e+02  1.688168e+01 -1.445317e-16 
 1027.000  2.145115e+02  1.671119e+01 -2.121997e-15 
 1028.000  2.155138e+02  1.676574e+01 -3.435537e-15 
 1029.000  2.134127e+02  1.657725e+01  0.000000e+00 
 1030.000  2.167852e+02  1.681979e+01  6.382780e-15 
 1031.000  2.167325e+02  1.679366e+01  5.934822e-15 
 1032.000  2.164719e+02  1.675089e+01 -1.225043e-14 
 1033.000  2.126542e+02  1.643186e+01  1.160800e-14 
 1034.000  2.151292e+02  1.659963e+01  6.285704e-15 
 1035.000  2.129959e+02  1.641150e+01  1.243725e-14 
 1036.000  2.157650e+02  1.660042e+01  0.000000e+00 
 1037.000  2.113004e+02  1.623338e+01  0.000000e+00 
 1038.000  2.135209e+02  1.638054e+01 -1.162219e-14 
 1039.000  2.141978e+02  1.640744e+01  6.254910e-15 
 1040.000  2.115262e+02  1.617844e+01  4.141121e-16 
 1041.000  2.125277e+02  1.623075e+01  1.822997e-14 
 1042.000  2.131320e+02  1.625309e+01 -1.205039e-14 
 1043.000  2.094785e+02  1.595137e+01  1.755865e-14 
 1044.000  2.114728e+02  1.607947e+01  5.358961e-15 
 1045.000  2.102256e+02  1.595980e+01 -6.163868e-15 
 1046.000  2.039607e+02  1.546111e+01 -5.184014e-15 
 1047.000  2.074749e+02  1.570370e+01  6.097764e-15 
 1048.000  2.093889e+02  1.582499e+01 -5.748615e-15 
 1049.000  2.078986e+02  1.568909e+01  6.124655e-15 
 1050.000  2.063372e+02  1.554742e+01  4.079774e-16 
 1051.000  2.058975e+02  1.548987e+01  4.082100e-16 
 1052.000  2.046447e+02  1.537226e+01  5.661110e-15 
 1053.000  2.046587e+02  1.535106e+01 -6.070720e-15 
 1054.000  2.021271e+02  1.513755e+01  0.000000e+00 
 1055.000  2.031375e+02  1.518940e+01  0.000000e+00 
 1056.000  2.022267e+02  1.509815e+01 -5.438248e-15 
 1057.000  2.009729e+02  1.497918e+01  2.818626e-15 
 1058.000  1.973041e+02  1.467783e+01  0.000000e+00 
 1059.000  1.912019e+02  1.420430e+01  2.900889e-15 
 1060.000  1.988529e+02  1.475547e+01  5.804436e-15 
 1061.000  1.916976e+02  1.420371e+01  1.941560e-16 
 1062.000  1.961208e+02  1.450697e+01  5.765522e-15 
 1063.000  1.925472e+02  1.422157e+01  0.000000e+00 
 1064.000  1.942884e+02  1.432678e+01  0.000000e+00 
 1065.000  1.929804e+02  1.420608e+01  1.387505e-15 
 1066.000  1.871559e+02  1.375854e+01  0.000000e+00 
 1067.000  1.913196e+02  1.404934e+01  3.972408e-15 
 1068.000  1.885349e+02  1.382130e+01  2.872921e-15 
 1069.000  1.732361e+02  1.268102e+01 -3.701943e-15 
 1070.000  1.837295e+02  1.343148e+01 -2.265979e-15 
 1071.000  1.826948e+02  1.333682e+01  1.592365e-16 
 1072.000  1.819215e+02  1.326230e+01  1.857366e-15 
 1073.000  1.756589e+02  1.278893e+01 -2.015681e-15 
 1074.000  1.820137e+02  1.323435e+01  1.861197e-15 
 1075.000  1.782652e+02  1.294519e+01  1.926635e-15 
 1076.000  1.809077e+02  1.311945e+01 -1.749178e-15 
 1077.000  1.788441e+02  1.295324e+01  3.077810e-15 
 1078.000  1.774043e+02  1.283392e+01  0.000000e+00 
 1079.000  1.702456e+02  1.230027e+01  8.598234e-17 
 1080.000  1.702054e+02  1.229165e+01 -1.383869e-15 
 1081.000  1.636723e+02  1.180532e+01 -2.278700e-16 
 1082.000  1.678855e+02  1.208779e+01  6.125656e-16 
 1083.000  1.607477e+02  1.156510e+01 -4.814682e-16 
 1084.000  1.639724e+02  1.179051e+01 -5.843247e-16 
 1085.000  1.552074e+02  1.116913e+01  2.628681e-16 
 1086.000  1.587004e+02  1.139966e+01 -1.084969e-15 
 1087.000  1.558130e+02  1.115223e+01  1.689497e-15 
 1088.000  1.655925e+02  1.183607e+01 -5.724134e-16 
 1089.000  1.505560e+02  1.077609e+01  3.921940e-18 
 1090.000  1.521060e+02  1.087792e+01 -2.228662e-16 
 1091.000  1.546293e+02  1.103769e+01  1.899119e-15 
 1092.000  1.467110e+02  1.047139e+01 -5.157254e-16 
 1093.000  1.358061e+02  9.688359e+00  6.914917e-16 
 1094.000  1.200987e+02  8.550084e+00 -7.877199e-16 
 1095.000  1.304692e+02  9.277311e+00 -2.703496e-16 
 1096.000  1.302118e+02  9.247521e+00  4.829407e-19 
 1097.000  1.265215e+02  8.969377e+00 -2.101517e-16 
 1098.000  1.054107e+02  7.437705e+00 -2.817691e-16 
 1099.000  9.044227e+01  6.420334e+00  1.549856e-16 
 1100.000  9.284893e+01  6.577911e+00 -2.415686e-16 
