  400.000  7.274497e+02  2.995071e+02 -2.676444e-13 
  401.000  7.243035e+02  2.950987e+02  3.635356e-14 
  402.000  7.689088e+02  3.100228e+02  5.807032e-14 
  403.000  7.213326e+02  2.878424e+02  5.477914e-14 
  404.000  7.763832e+02  3.066361e+02 -1.572710e-14 
  405.000  7.130844e+02  2.787659e+02 -6.496584e-14 
  406.000  7.087626e+02  2.742722e+02  7.042567e-14 
  407.000  6.912999e+02  2.648247e+02 -5.202432e-14 
  408.000  7.499816e+02  2.844332e+02 -3.705629e-15 
  409.000  8.312843e+02  3.121342e+02 -8.258893e-14 
  410.000  6.959231e+02  2.587261e+02 -8.965789e-14 
  411.000  8.182783e+02  3.012253e+02  1.500816e-13 
  412.000  8.489367e+02  3.094565e+02  1.473727e-13 
  413.000  8.029281e+02  2.898446e+02 -6.546378e-14 
  414.000  7.889943e+02  2.820565e+02 -6.225423e-14 
  415.000  8.424493e+02  2.982795e+02 -8.071214e-14 
  416.000  8.382479e+02  2.939597e+02 -1.979509e-14 
  417.000  8.136281e+02  2.826177e+02 -1.592163e-13 
  418.000  7.967723e+02  2.741505e+02 -3.445061e-14 
  419.000  8.171661e+02  2.785272e+02 -1.831311e-13 
  420.000  6.923776e+02  2.337901e+02  1.562218e-14 
  421.000  8.683483e+02  2.904897e+02 -1.306439e-13 
  422.000  8.328753e+02  2.760562e+02 -9.854398e-14 
  423.000  7.040931e+02  2.312348e+02 -1.075473e-13 
  424.000  7.752006e+02  2.522698e+02 -1.499986e-14 
  425.000  8.036201e+02  2.591453e+02 -1.648300e-14 
  426.000  7.732146e+02  2.470903e+02  2.446725e-13 
  427.000  7.444219e+02  2.357547e+02  1.289319e-14 
  428.000  7.544658e+02  2.368036e+02  5.097016e-14 
  429.000  6.869944e+02  2.137131e+02  3.679100e-14 
  430.000  5.486833e+02  1.691794e+02  6.870936e-15 
  431.000  4.937346e+02  1.509006e+02  1.196650e-14 
  432.000  8.894738e+02  2.694771e+02 -1.052087e-13 
  433.000  7.924141e+02  2.379870e+02  1.017179e-13 
  434.000  7.537700e+02  2.244265e+02  6.714217e-14 
  435.000  8.207436e+02  2.422686e+02 -3.403651e-14 
  436.000  9.108049e+02  2.665556e+02 -8.319560e-14 
  437.000  9.203147e+02  2.670487e+02  1.064505e-13 
  438.000  8.250473e+02  2.373791e+02 -1.167628e-13 
  439.000  7.989883e+02  2.279477e+02  4.407687e-14 
  440.000  8.961813e+02  2.535330e+02  1.139700e-14 
  441.000  8.939415e+02  2.507886e+02  3.827873e-14 
  442.000  9.421947e+02  2.621276e+02  7.223775e-14 
  443.000  9.491876e+02  2.618852e+02  1.232675e-13 
  444.000  9.437040e+02  2.582229e+02  8.395954e-14 
  445.000  9.933776e+02  2.695760e+02  1.403475e-13 
  446.000  8.848741e+02  2.381547e+02 -5.152389e-14 
  447.000  1.009922e+03  2.696099e+02  2.479931e-14 
  448.000  1.027456e+03  2.721240e+02  2.296892e-13 
  449.000  1.035166e+03  2.720242e+02 -7.356785e-14 
  450.000  1.058454e+03  2.759755e+02 -3.243967e-14 
  451.000  1.144651e+03  2.961216e+02  2.101475e-13 
  452.000  1.064788e+03  2.733126e+02  5.767174e-14 
  453.000  9.890440e+02  2.518947e+02 -7.999374e-14 
  454.000  1.055133e+03  2.666413e+02  1.134902e-14 
  455.000  1.063186e+03  2.665988e+02 -4.596463e-14 
  456.000  1.089643e+03  2.711229e+02  1.735110e-13 
  457.000  1.096441e+03  2.707230e+02 -6.229624e-14 
  458.000  1.077832e+03  2.640974e+02  5.607366e-14 
  459.000  1.078364e+03  2.622167e+02  1.601977e-13 
  460.000  1.069630e+03  2.581245e+02  2.816077e-14 
  461.000  1.109078e+03  2.656289e+02 -1.623075e-13 
  462.000  1.091661e+03  2.594952e+02 -4.964930e-14 
  463.000  1.092570e+03  2.577701e+02 -1.196545e-14 
  464.000  1.096709e+03  2.568351e+02  2.745527e-13 
  465.000  1.081214e+03  2.513413e+02 -1.943590e-14 
  466.000  1.115977e+03  2.575167e+02 -7.065920e-14 
  467.000  1.077065e+03  2.467136e+02 -2.450807e-13 
  468.000  1.140691e+03  2.593615e+02 -1.543568e-15 
  469.000  1.131113e+03  2.552743e+02 -3.754947e-13 
  470.000  1.115915e+03  2.499617e+02  7.126069e-14 
  471.000  1.114242e+03  2.477049e+02  9.997449e-14 
  472.000  1.128170e+03  2.488995e+02  1.218195e-13 
  473.000  1.116167e+03  2.443673e+02  2.531003e-13 
  474.000  1.125380e+03  2.444849e+02 -5.056522e-14 
  475.000  1.170994e+03  2.523507e+02  5.199093e-15 
  476.000  1.135013e+03  2.425530e+02 -9.518394e-14 
  477.000  1.124671e+03  2.384214e+02  8.749770e-14 
  478.000  1.180615e+03  2.486600e+02 -1.552472e-14 
  479.000  1.127460e+03  2.361160e+02 -2.213253e-15 
  480.000  1.150124e+03  2.395463e+02 -2.948428e-14 
  481.000  1.143507e+03  2.368075e+02 -9.289523e-14 
  482.000  1.167774e+03  2.403923e+02 -2.615246e-13 
  483.000  1.169302e+03  2.392201e+02  8.800261e-14 
  484.000  1.124600e+03  2.286073e+02 -8.693639e-15 
  485.000  1.133140e+03  2.288480e+02 -6.167113e-14 
  486.000  9.189422e+02  1.843776e+02 -1.786243e-13 
  487.000  1.033067e+03  2.059208e+02 -1.368061e-13 
  488.000  1.121930e+03  2.221708e+02 -6.174252e-14 
  489.000  1.043151e+03  2.052224e+02  3.147874e-14 
  490.000  1.187824e+03  2.321653e+02 -9.239570e-14 
  491.000  1.111795e+03  2.158922e+02  8.285830e-14 
  492.000  1.068686e+03  2.061740e+02  9.699620e-14 
  493.000  1.151286e+03  2.206757e+02  1.324385e-13 
  494.000  1.112496e+03  2.118667e+02 -4.165703e-14 
  495.000  1.189566e+03  2.250938e+02 -1.402891e-13 
  496.000  1.158910e+03  2.178879e+02  6.591357e-14 
  497.000  1.124555e+03  2.100832e+02 -3.809073e-14 
  498.000  1.098331e+03  2.038846e+02 -5.176375e-14 
  499.000  1.096019e+03  2.021696e+02  2.834704e-14 
  500.000  1.091529e+03  2.000752e+02  6.536649e-14 
  501.000  1.067386e+03  1.944220e+02 -8.501126e-14 
  502.000  1.060716e+03  1.920016e+02  1.940735e-13 
  503.000  1.124289e+03  2.022459e+02 -2.783512e-14 
  504.000  1.046348e+03  1.870608e+02 -2.396436e-15 
  505.000  1.128915e+03  2.005763e+02 -5.503942e-14 
  506.000  1.208790e+03  2.134637e+02 -1.121856e-13 
  507.000  1.124908e+03  1.974512e+02 -2.043131e-14 
  508.000  1.079006e+03  1.882571e+02  1.374178e-13 
  509.000  1.163752e+03  2.018287e+02 -7.055786e-14 
  510.000  1.127811e+03  1.944289e+02  1.391012e-13 
  511.000  1.128338e+03  1.933624e+02 -3.437194e-14 
  512.000  1.184451e+03  2.017764e+02  1.013633e-14 
  513.000  1.084220e+03  1.836130e+02 -2.050447e-13 
  514.000  1.061637e+03  1.787334e+02 -7.359888e-14 
  515.000  1.083991e+03  1.814308e+02  1.340634e-13 
  516.000  1.138814e+03  1.894932e+02 -1.418868e-13 
  517.000  8.390122e+02  1.387918e+02 -1.171949e-14 
  518.000  1.038898e+03  1.708572e+02  3.095047e-13 
  519.000  9.844020e+02  1.609565e+02 -7.960255e-15 
  520.000  1.083954e+03  1.762120e+02  4.794152e-14 
  521.000  1.084703e+03  1.753179e+02 -1.010168e-14 
  522.000  1.127890e+03  1.812465e+02  7.822226e-14 
  523.000  1.050818e+03  1.678824e+02 -1.295962e-14 
  524.000  1.140224e+03  1.811169e+02  1.732626e-14 
  525.000  1.131228e+03  1.786522e+02 -6.808995e-14 
  526.000  1.078191e+03  1.693085e+02 -2.971602e-14 
  527.000  9.419666e+02  1.470743e+02 -9.312563e-14 
  528.000  1.131441e+03  1.756542e+02 -7.510690e-14 
  529.000  1.163703e+03  1.796415e+02  4.412507e-14 
  530.000  1.099729e+03  1.688122e+02  1.053047e-13 
  531.000  1.197195e+03  1.827475e+02  1.066214e-13 
  532.000  1.142258e+03  1.734001e+02 -3.841364e-14 
  533.000  1.003375e+03  1.514927e+02  3.693196e-14 
  534.000  1.091228e+03  1.638885e+02 -6.414925e-14 
  535.000  1.113505e+03  1.663687e+02  9.713170e-14 
  536.000  1.181688e+03  1.756436e+02  6.291820e-14 
  537.000  1.096453e+03  1.621287e+02 -3.224310e-14 
  538.000  1.147896e+03  1.688499e+02  1.453680e-13 
  539.000  1.144247e+03  1.674347e+02  4.983958e-14 
  540.000  1.119937e+03  1.630220e+02  2.479540e-14 
  541.000  1.027096e+03  1.487297e+02 -1.206281e-13 
  542.000  1.145883e+03  1.650686e+02  6.229439e-14 
  543.000  1.096237e+03  1.570987e+02  1.082036e-13 
  544.000  1.156441e+03  1.648679e+02  1.430963e-15 
  545.000  1.139420e+03  1.616020e+02  3.262221e-14 
  546.000  1.114283e+03  1.572230e+02  3.110432e-14 
  547.000  1.161837e+03  1.630936e+02  1.725127e-15 
  548.000  1.078206e+03  1.505815e+02  4.812373e-14 
  549.000  1.134949e+03  1.577008e+02  5.098784e-14 
  550.000  1.110386e+03  1.535053e+02 -1.364896e-13 
  551.000  1.103953e+03  1.518413e+02 -9.066231e-14 
  552.000  1.152092e+03  1.576625e+02 -5.516616e-14 
  553.000  1.107483e+03  1.507934e+02 -9.627217e-14 
  554.000  1.144213e+03  1.550112e+02  3.132061e-14 
  555.000  1.147986e+03  1.547432e+02  3.125531e-14 
  556.000  1.116886e+03  1.497989e+02 -6.300917e-14 
  557.000  1.084258e+03  1.446952e+02  4.690371e-14 
  558.000  1.125976e+03  1.495126e+02  1.055044e-13 
  559.000  1.064786e+03  1.406829e+02 -1.055411e-13 
  560.000  1.069933e+03  1.406560e+02  1.067553e-13 
  561.000  1.176390e+03  1.538756e+02  3.367314e-14 
  562.000  1.079809e+03  1.404758e+02  1.295886e-13 
  563.000  1.130103e+03  1.462737e+02 -6.575160e-14 
  564.000  1.114463e+03  1.435044e+02  7.087834e-15 
  565.000  1.127669e+03  1.444177e+02 -4.191070e-14 
  566.000  1.040118e+03  1.325390e+02 -4.614662e-15 
  567.000  1.114562e+03  1.411197e+02 -5.977453e-14 
  568.000  1.105170e+03  1.384299e+02 -4.135840e-14 
  569.000  1.067504e+03  1.318733e+02  1.122188e-14 
  570.000  1.076502e+03  1.325077e+02 -5.666277e-15 
  571.000  1.050712e+03  1.295798e+02 -3.863163e-14 
  572.000  1.099888e+03  1.341196e+02  2.597234e-15 
  573.000  1.115603e+03  1.356244e+02  3.577790e-15 
  574.000  1.111188e+03  1.345195e+02  4.670078e-15 
  575.000  1.083919e+03  1.305323e+02  5.852325e-15 
  576.000  1.064639e+03  1.275892e+02  1.246466e-14 
  577.000  1.112751e+03  1.329245e+02  2.625203e-15 
  578.000  1.085032e+03  1.294598e+02 -1.411427e-14 
  579.000  1.080005e+03  1.285712e+02 -1.307223e-14 
  580.000  1.119318e+03  1.328390e+02 -3.896773e-15 
  581.000  1.102706e+03  1.306341e+02 -5.054543e-14 
  582.000  1.121263e+03  1.324163e+02 -6.252910e-14 
  583.000  1.129768e+03  1.328545e+02  6.312260e-14 
  584.000  1.126878e+03  1.319508e+02  3.172653e-14 
  585.000  1.119818e+03  1.305291e+02  4.723479e-14 
  586.000  1.072156e+03  1.244155e+02  2.452863e-14 
  587.000  1.108698e+03  1.276294e+02 -1.505997e-14 
  588.000  1.074023e+03  1.216508e+02  1.362541e-16 
  589.000  9.205489e+02  1.025796e+02 -3.605262e-15 
  590.000  9.593246e+02  1.063640e+02  1.403421e-14 
  591.000  1.043373e+03  1.160542e+02 -4.866718e-15 
  592.000  1.011331e+03  1.115635e+02  9.167976e-15 
  593.000  1.049162e+03  1.163043e+02  6.464600e-15 
  594.000  1.053068e+03  1.159711e+02 -2.056183e-14 
  595.000  1.014544e+03  1.105622e+02  3.191726e-14 
  596.000  1.067612e+03  1.169464e+02  2.457751e-16 
  597.000  1.065657e+03  1.159967e+02 -3.020511e-15 
  598.000  1.055649e+03  1.149495e+02 -2.126193e-14 
  599.000  1.061265e+03  1.153390e+02 -4.248923e-15 
  600.000  1.072290e+03  1.166950e+02  1.593904e-14 
  601.000  1.073795e+03  1.168456e+02 -9.708777e-15 
  602.000  1.064982e+03  1.156382e+02 -7.259392e-14 
  603.000  1.074281e+03  1.163895e+02  3.924803e-14 
  604.000  1.110722e+03  1.200211e+02 -7.994759e-15 
  605.000  1.109379e+03  1.194689e+02 -5.738292e-14 
  606.000  1.097376e+03  1.177184e+02 -2.317407e-15 
  607.000  1.092039e+03  1.166902e+02  4.384292e-14 
  608.000  1.088742e+03  1.158759e+02  4.716804e-14 
  609.000  1.078230e+03  1.142993e+02 -3.354812e-14 
  610.000  1.061588e+03  1.120865e+02 -4.794724e-14 
  611.000  1.079429e+03  1.135155e+02  3.269697e-15 
  612.000  1.065968e+03  1.116528e+02  5.839087e-14 
  613.000  1.050961e+03  1.096412e+02  7.964651e-14 
  614.000  1.013543e+03  1.053148e+02 -7.316633e-14 
  615.000  1.062636e+03  1.099762e+02 -1.247539e-13 
  616.000  1.010858e+03  1.041999e+02 -4.423100e-14 
  617.000  1.017034e+03  1.044159e+02  1.666010e-14 
  618.000  1.065436e+03  1.089434e+02  1.907239e-14 
  619.000  1.056038e+03  1.075416e+02  5.187574e-14 
  620.000  1.071978e+03  1.087175e+02  1.646643e-14 
  621.000  1.090699e+03  1.101583e+02 -5.768958e-14 
  622.000  1.033357e+03  1.039304e+02 -1.370177e-14 
  623.000  1.041534e+03  1.043063e+02  1.956495e-14 
  624.000  1.042768e+03  1.039880e+02  6.388365e-14 
  625.000  1.014570e+03  1.007457e+02 -1.656825e-14 
  626.000  1.018719e+03  1.006400e+02  2.711166e-14 
  627.000  1.028224e+03  1.005613e+02  1.005228e-14 
  628.000  1.001995e+03  9.650176e+01  4.364394e-15 
  629.000  1.031808e+03  9.945000e+01  7.896883e-15 
  630.000  1.005077e+03  9.690430e+01 -1.599925e-14 
  631.000  1.044894e+03  1.006021e+02  1.774613e-14 
  632.000  9.663991e+02  9.231850e+01 -2.603527e-14 
  633.000  1.046449e+03  1.001659e+02  9.872657e-16 
  634.000  1.017839e+03  9.722597e+01  1.381306e-14 
  635.000  1.036510e+03  9.862788e+01 -4.187930e-14 
  636.000  1.001782e+03  9.509586e+01  2.123374e-14 
  637.000  1.036182e+03  9.807626e+01  5.937040e-15 
  638.000  1.056742e+03  9.998767e+01 -4.149514e-14 
  639.000  1.048505e+03  9.885424e+01 -5.637795e-14 
  640.000  1.017944e+03  9.578477e+01 -3.289004e-14 
  641.000  1.032912e+03  9.683214e+01 -6.149183e-16 
  642.000  1.022261e+03  9.559908e+01  1.916571e-14 
  643.000  1.037558e+03  9.644052e+01 -8.685344e-16 
  644.000  1.025959e+03  9.501381e+01 -3.869392e-14 
  645.000  1.030848e+03  9.486842e+01 -1.162870e-15 
  646.000  9.740730e+02  8.845363e+01  1.296454e-14 
  647.000  9.751424e+02  8.779359e+01 -1.042050e-16 
  648.000  9.598238e+02  8.571375e+01 -1.968930e-14 
  649.000  9.910513e+02  8.853396e+01 -8.934918e-15 
  650.000  9.402336e+02  8.450993e+01 -1.705545e-15 
  651.000  1.012963e+03  9.072211e+01 -4.350911e-14 
  652.000  9.733958e+02  8.613776e+01 -2.047332e-15 
  653.000  1.016908e+03  9.057589e+01 -2.318552e-14 
  654.000  1.001231e+03  8.875002e+01 -5.112754e-14 
  655.000  9.666697e+02  8.505454e+01  3.514195e-14 
  656.000  8.233215e+02  7.228322e+01  6.049461e-15 
  657.000  8.830260e+02  7.742325e+01 -2.511811e-14 
  658.000  9.916547e+02  8.700976e+01 -1.092849e-14 
  659.000  9.988310e+02  8.757665e+01  1.389555e-14 
  660.000  1.008878e+03  8.826317e+01 -2.732730e-14 
  661.000  1.019416e+03  8.921546e+01 -9.913808e-15 
  662.000  1.036887e+03  9.061725e+01  1.587644e-14 
  663.000  1.025026e+03  8.922643e+01 -3.447712e-14 
  664.000  1.009914e+03  8.767556e+01 -4.011565e-14 
  665.000  1.015297e+03  8.789262e+01 -5.058682e-14 
  666.000  1.028798e+03  8.883112e+01  4.683469e-14 
  667.000  1.009319e+03  8.690328e+01 -1.852035e-14 
  668.000  1.016233e+03  8.726980e+01 -5.855357e-14 
  669.000  1.031535e+03  8.831595e+01 -1.556803e-14 
  670.000  1.019734e+03  8.703109e+01  6.472441e-14 
  671.000  1.009537e+03  8.589577e+01 -3.746254e-15 
  672.000  1.006724e+03  8.538426e+01  1.515533e-14 
  673.000  1.014393e+03  8.576107e+01 -7.217413e-14 
  674.000  1.016811e+03  8.569252e+01 -3.773154e-14 
  675.000  1.001723e+03  8.415411e+01  1.156843e-14 
  676.000  1.021052e+03  8.550599e+01  8.494317e-14 
  677.000  1.001155e+03  8.357484e+01 -6.220806e-14 
  678.000  1.018134e+03  8.472502e+01 -7.483411e-14 
  679.000  1.003986e+03  8.327410e+01  7.054318e-15 
  680.000  9.958147e+02  8.227914e+01 -2.546495e-14 
  681.000  9.963097e+02  8.199284e+01 -3.108864e-15 
  682.000  9.941633e+02  8.153613e+01  8.650534e-15 
  683.000  1.000537e+03  8.175891e+01 -2.952388e-14 
  684.000  9.811345e+02  7.980837e+01 -2.289556e-14 
  685.000  9.935435e+02  8.063465e+01  9.104861e-15 
  686.000  9.479601e+02  7.650555e+01 -2.133593e-15 
  687.000  8.232563e+02  6.428422e+01 -6.217416e-16 
  688.000  8.645222e+02  6.771103e+01  2.983736e-14 
  689.000  8.539042e+02  6.653142e+01 -6.424281e-15 
  690.000  8.795321e+02  6.854974e+01  1.586208e-14 
  691.000  9.065375e+02  7.072868e+01  2.224000e-14 
  692.000  9.076355e+02  7.064883e+01  8.265482e-15 
  693.000  8.796495e+02  6.771204e+01  2.225302e-14 
  694.000  8.554614e+02  6.522228e+01 -7.732986e-15 
  695.000  8.586844e+02  6.547959e+01  6.264276e-15 
  696.000  8.801196e+02  6.706560e+01 -7.421645e-15 
  697.000  9.375326e+02  7.224492e+01 -1.811075e-14 
  698.000  9.079927e+02  6.947834e+01  6.403665e-16 
  699.000  8.738318e+02  6.590612e+01 -5.644782e-15 
  700.000  8.714734e+02  6.562005e+01 -4.797031e-15 
  701.000  8.409276e+02  6.300036e+01 -4.484828e-15 
  702.000  8.445557e+02  6.318061e+01  1.690409e-15 
  703.000  8.976404e+02  6.757117e+01  9.236905e-15 
  704.000  9.019491e+02  6.773038e+01  9.933840e-15 
  705.000  8.914649e+02  6.646587e+01  1.386490e-14 
  706.000  8.852966e+02  6.586497e+01  7.522184e-15 
  707.000  8.779320e+02  6.522231e+01  1.847499e-14 
  708.000  9.101071e+02  6.753145e+01 -2.051713e-14 
  709.000  8.910140e+02  6.618272e+01 -1.081449e-14 
  710.000  8.969627e+02  6.615159e+01 -2.166568e-14 
  711.000  9.024693e+02  6.664269e+01 -1.566733e-14 
  712.000  9.021844e+02  6.671359e+01  2.156617e-14 
  713.000  8.881796e+02  6.524416e+01  1.435662e-15 
  714.000  8.995040e+02  6.579710e+01 -4.895530e-15 
  715.000  8.516168e+02  6.180557e+01  7.400571e-15 
  716.000  8.559196e+02  6.163559e+01 -1.320622e-15 
  717.000  7.303162e+02  5.115918e+01  2.604923e-15 
  718.000  6.660110e+02  4.543851e+01  6.700114e-16 
  719.000  6.371360e+02  4.296445e+01 -7.931316e-16 
  720.000  6.117111e+02  4.069806e+01  1.596743e-16 
  721.000  7.490464e+02  5.223994e+01 -1.990627e-15 
  722.000  8.132551e+02  5.720040e+01 -7.916156e-15 
  723.000  7.807763e+02  5.445026e+01  8.035695e-16 
  724.000  7.014842e+02  4.757806e+01  2.472852e-15 
  725.000  7.052115e+02  4.789380e+01  1.902279e-16 
  726.000  7.001923e+02  4.736198e+01  1.094477e-16 
  727.000  7.221712e+02  4.892508e+01 -6.370320e-15 
  728.000  6.974363e+02  4.691385e+01  3.892174e-16 
  729.000  6.996370e+02  4.745768e+01 -9.079103e-16 
  730.000  7.203543e+02  4.866767e+01 -1.087191e-15 
  731.000  7.023857e+02  4.724427e+01  1.602612e-15 
  732.000  7.691213e+02  5.239409e+01  2.814226e-15 
  733.000  8.100587e+02  5.563671e+01  8.113487e-15 
  734.000  8.533720e+02  5.881618e+01 -2.285595e-15 
  735.000  8.373815e+02  5.744806e+01 -1.261591e-14 
  736.000  8.051254e+02  5.490409e+01 -1.597687e-14 
  737.000  8.285263e+02  5.650039e+01  1.972291e-14 
  738.000  8.439272e+02  5.763807e+01 -2.521265e-15 
  739.000  8.240449e+02  5.625285e+01  2.110924e-15 
  740.000  8.485433e+02  5.809678e+01 -1.353247e-14 
  741.000  8.514314e+02  5.836976e+01 -1.113438e-15 
  742.000  8.414072e+02  5.763484e+01  3.754327e-14 
  743.000  8.751702e+02  6.005151e+01 -3.061706e-14 
  744.000  8.874342e+02  6.084093e+01  2.514830e-14 
  745.000  8.673948e+02  5.942073e+01 -9.771377e-15 
  746.000  8.818732e+02  6.033971e+01 -1.874378e-15 
  747.000  8.961017e+02  6.116446e+01  7.157577e-15 
  748.000  8.815213e+02  6.008102e+01  2.199146e-14 
  749.000  8.825984e+02  6.002536e+01  3.439928e-15 
  750.000  8.689445e+02  5.890800e+01  3.674342e-15 
  751.000  8.669542e+02  5.862363e+01  2.306814e-14 
  752.000  8.819104e+02  5.954044e+01 -5.817888e-14 
  753.000  8.742058e+02  5.888652e+01 -3.997396e-14 
  754.000  8.883569e+02  5.969774e+01  5.417340e-15 
  755.000  8.835038e+02  5.922237e+01 -3.227212e-15 
  756.000  8.664667e+02  5.793560e+01 -5.684422e-14 
  757.000  8.729941e+02  5.822447e+01  9.379555e-15 
  758.000  8.707342e+02  5.788002e+01 -1.734778e-15 
  759.000  7.794716e+02  5.055935e+01  4.956554e-15 
  760.000  2.750771e+02  1.561559e+01 -3.637745e-18 
  761.000  2.348578e+02  1.304017e+01  7.335231e-17 
  762.000  4.920630e+02  2.960604e+01 -7.701374e-16 
  763.000  4.168925e+02  2.451374e+01  1.220970e-15 
  764.000  4.616843e+02  2.734293e+01  4.557581e-17 
  765.000  5.662253e+02  3.440842e+01 -2.567009e-16 
  766.000  6.597256e+02  4.154789e+01  5.157533e-16 
  767.000  7.313234e+02  4.635395e+01  3.885275e-15 
  768.000  8.021952e+02  5.115126e+01 -2.947993e-14 
  769.000  8.266968e+02  5.302906e+01 -1.221775e-15 
  770.000  8.355982e+02  5.373478e+01 -3.105286e-14 
  771.000  8.428627e+02  5.423112e+01 -1.863796e-14 
  772.000  8.411888e+02  5.403265e+01  6.838034e-14 
  773.000  8.384888e+02  5.374518e+01 -1.533369e-14 
  774.000  8.481257e+02  5.424880e+01  8.964805e-15 
  775.000  8.167238e+02  5.212578e+01  3.474849e-14 
  776.000  8.507678e+02  5.417770e+01  7.013282e-15 
  777.000  8.449621e+02  5.367628e+01  2.329923e-14 
  778.000  8.403828e+02  5.324890e+01 -5.134272e-14 
  779.000  8.430796e+02  5.328387e+01  2.065850e-14 
  780.000  8.326547e+02  5.249330e+01  7.291817e-16 
  781.000  8.319494e+02  5.234568e+01  6.845830e-15 
  782.000  8.419212e+02  5.283868e+01  6.878470e-14 
  783.000  8.222506e+02  5.147599e+01  2.501501e-14 
  784.000  8.263726e+02  5.158698e+01  1.057836e-14 
  785.000  8.255819e+02  5.129890e+01  2.669639e-14 
  786.000  8.067802e+02  4.986231e+01  1.048748e-15 
  787.000  8.082621e+02  4.953665e+01  5.843625e-15 
  788.000  7.907043e+02  4.821155e+01  9.367396e-15 
  789.000  7.759709e+02  4.683554e+01 -2.526660e-15 
  790.000  7.664210e+02  4.612333e+01  4.253715e-15 
  791.000  7.660716e+02  4.605027e+01 -4.271079e-15 
  792.000  7.572755e+02  4.547147e+01 -1.851943e-15 
  793.000  7.642625e+02  4.592725e+01  4.360158e-16 
  794.000  7.725718e+02  4.669603e+01 -3.045747e-15 
  795.000  7.585457e+02  4.550225e+01  5.032192e-15 
  796.000  7.450137e+02  4.414459e+01  1.484001e-14 
  797.000  7.572811e+02  4.487444e+01 -2.702840e-15 
  798.000  7.745734e+02  4.609461e+01 -5.079567e-15 
  799.000  7.701266e+02  4.564924e+01  9.466774e-15 
  800.000  7.381664e+02  4.345510e+01 -5.856121e-15 
  801.000  7.533365e+02  4.426931e+01  1.135346e-14 
  802.000  7.506776e+02  4.399526e+01 -3.891899e-15 
  803.000  7.417050e+02  4.339849e+01 -7.173518e-15 
  804.000  7.541710e+02  4.412233e+01  1.564947e-14 
  805.000  7.442446e+02  4.364584e+01 -1.715167e-15 
  806.000  7.710172e+02  4.526095e+01 -1.379963e-14 
  807.000  7.667281e+02  4.491445e+01 -8.447675e-15 
  808.000  7.583219e+02  4.423785e+01 -1.174936e-14 
  809.000  7.409620e+02  4.303414e+01  4.628665e-15 
  810.000  7.326154e+02  4.235905e+01 -9.495822e-15 
  811.000  7.339436e+02  4.217357e+01 -6.990576e-15 
  812.000  7.174127e+02  4.094939e+01 -9.975554e-15 
  813.000  6.973384e+02  3.954279e+01  8.420741e-15 
  814.000  6.740986e+02  3.795811e+01 -6.759867e-15 
  815.000  6.396364e+02  3.571766e+01  1.238782e-15 
  816.000  6.006353e+02  3.315982e+01 -1.980455e-17 
  817.000  6.057911e+02  3.337869e+01  2.278274e-16 
  818.000  6.047135e+02  3.327417e+01 -2.522213e-16 
  819.000  5.992899e+02  3.302209e+01 -7.696853e-16 
  820.000  6.236271e+02  3.458240e+01  6.898736e-16 
  821.000  6.879180e+02  3.840641e+01 -3.745876e-15 
  822.000  6.362054e+02  3.519847e+01 -1.539664e-15 
  823.000  5.578481e+02  3.005741e+01 -2.080415e-16 
  824.000  6.403829e+02  3.519552e+01 -1.398085e-15 
  825.000  6.893928e+02  3.820129e+01  1.079662e-14 
  826.000  6.854652e+02  3.784414e+01 -5.155845e-16 
  827.000  6.768469e+02  3.723804e+01 -2.087773e-16 
  828.000  6.427212e+02  3.506633e+01 -2.613798e-15 
  829.000  6.540403e+02  3.568523e+01  3.592543e-16 
  830.000  6.567379e+02  3.585064e+01  2.229085e-15 
  831.000  6.483414e+02  3.534711e+01  3.414642e-15 
  832.000  6.632667e+02  3.611245e+01 -8.519253e-16 
  833.000  6.500947e+02  3.538620e+01 -2.415677e-15 
  834.000  6.686425e+02  3.640711e+01  5.865190e-15 
  835.000  6.872610e+02  3.755039e+01  5.582655e-15 
  836.000  6.898229e+02  3.754718e+01  1.046544e-14 
  837.000  6.836765e+02  3.713584e+01  7.960625e-15 
  838.000  6.945140e+02  3.775634e+01  2.228737e-15 
  839.000  6.777833e+02  3.684649e+01 -2.039769e-15 
  840.000  6.977718e+02  3.788491e+01  1.304222e-14 
  841.000  6.943387e+02  3.754087e+01  1.590587e-14 
  842.000  6.947670e+02  3.756144e+01 -6.228771e-17 
  843.000  7.011349e+02  3.803508e+01  5.693049e-16 
  844.000  6.945187e+02  3.770981e+01  4.112959e-15 
  845.000  7.074240e+02  3.838791e+01 -5.586540e-15 
  846.000  7.161924e+02  3.884652e+01  3.390743e-15 
  847.000  6.941098e+02  3.764094e+01  2.005222e-15 
  848.000  7.102138e+02  3.832068e+01  2.473629e-15 
  849.000  7.120679e+02  3.835593e+01  3.335260e-15 
  850.000  6.138208e+02  3.295042e+01  8.577815e-15 
  851.000  7.007232e+02  3.748024e+01  5.404915e-15 
  852.000  6.744006e+02  3.600497e+01 -5.633409e-15 
  853.000  6.862017e+02  3.665797e+01 -2.323276e-15 
  854.000  5.515358e+02  2.940089e+01  3.877245e-15 
  855.000  6.089196e+02  3.244045e+01  2.046350e-14 
  856.000  6.949865e+02  3.705438e+01  1.379642e-14 
  857.000  7.078060e+02  3.772024e+01  2.075549e-14 
  858.000  6.973427e+02  3.711743e+01  3.832929e-15 
  859.000  6.991230e+02  3.720272e+01 -2.963976e-14 
  860.000  6.937945e+02  3.687730e+01 -2.620683e-14 
  861.000  6.938763e+02  3.681311e+01  3.977992e-15 
  862.000  6.920580e+02  3.665977e+01  2.390090e-15 
  863.000  7.053844e+02  3.729388e+01 -2.486122e-14 
  864.000  7.043491e+02  3.717810e+01 -8.520157e-15 
  865.000  6.915323e+02  3.643962e+01  1.351022e-14 
  866.000  5.801465e+02  3.051217e+01 -8.136134e-16 
  867.000  6.177722e+02  3.242538e+01 -8.334268e-15 
  868.000  6.700625e+02  3.510240e+01  5.213492e-14 
  869.000  6.607792e+02  3.455143e+01 -8.056818e-15 
  870.000  6.879970e+02  3.590178e+01 -3.311646e-14 
  871.000  6.871392e+02  3.579020e+01 -4.181341e-14 
  872.000  6.846191e+02  3.559717e+01  1.994059e-14 
  873.000  6.871783e+02  3.565314e+01 -1.330629e-15 
  874.000  6.720311e+02  3.479564e+01  4.575929e-14 
  875.000  6.658491e+02  3.440791e+01  1.839609e-14 
  876.000  6.711305e+02  3.460346e+01 -3.407946e-15 
  877.000  6.844023e+02  3.521456e+01  1.515272e-14 
  878.000  6.715957e+02  3.445069e+01 -2.435258e-15 
  879.000  6.731276e+02  3.446125e+01 -6.268740e-15 
  880.000  6.683245e+02  3.411699e+01  7.431350e-15 
  881.000  6.331364e+02  3.224218e+01 -1.327084e-14 
  882.000  6.676265e+02  3.391641e+01  1.068280e-16 
  883.000  6.528871e+02  3.312139e+01 -2.588813e-15 
  884.000  6.586379e+02  3.335648e+01 -4.756370e-15 
  885.000  6.635676e+02  3.347732e+01  8.610629e-15 
  886.000  6.393441e+02  3.213113e+01  4.040622e-15 
  887.000  6.347107e+02  3.188090e+01  1.524562e-15 
  888.000  6.535927e+02  3.276317e+01  6.317303e-15 
  889.000  6.585439e+02  3.296826e+01 -3.410584e-15 
  890.000  6.548793e+02  3.268886e+01 -8.721620e-15 
  891.000  6.478886e+02  3.218956e+01 -1.025125e-14 
  892.000  6.378596e+02  3.146456e+01  3.305505e-15 
  893.000  5.903286e+02  2.872902e+01  9.144451e-16 
  894.000  5.977043e+02  2.890634e+01  7.276749e-16 
  895.000  5.328023e+02  2.550480e+01  4.284363e-16 
  896.000  5.183992e+02  2.456708e+01  1.122851e-15 
  897.000  4.710528e+02  2.199160e+01 -5.148542e-16 
  898.000  4.557084e+02  2.107223e+01 -1.046709e-16 
  899.000  4.128971e+02  1.865897e+01  6.300887e-16 
  900.000  4.080555e+02  1.845263e+01  8.843401e-16 
  901.000  3.892524e+02  1.748541e+01  9.630829e-18 
  902.000  3.843658e+02  1.726340e+01  6.086273e-16 
  903.000  4.762205e+02  2.208322e+01 -2.736704e-16 
  904.000  5.303096e+02  2.484512e+01 -1.025422e-15 
  905.000  5.275192e+02  2.467952e+01  7.482505e-16 
  906.000  4.846343e+02  2.248746e+01 -6.383357e-16 
  907.000  4.431440e+02  2.011786e+01  1.574686e-16 
  908.000  4.007982e+02  1.787897e+01 -2.566930e-16 
  909.000  3.949871e+02  1.759512e+01  5.190788e-17 
  910.000  4.040753e+02  1.800765e+01 -7.597635e-16 
  911.000  4.228136e+02  1.900568e+01 -4.093996e-16 
  912.000  4.140785e+02  1.848888e+01 -3.585574e-16 
  913.000  3.823553e+02  1.671749e+01 -2.394289e-17 
  914.000  4.000468e+02  1.761941e+01  2.124835e-16 
  915.000  4.091591e+02  1.814015e+01  7.230550e-17 
  916.000  4.188694e+02  1.858759e+01 -1.852378e-16 
  917.000  4.215002e+02  1.876798e+01  5.145402e-16 
  918.000  4.312390e+02  1.929304e+01  4.460228e-16 
  919.000  4.785657e+02  2.174805e+01  4.795269e-16 
  920.000  5.068650e+02  2.318731e+01  7.478683e-16 
  921.000  4.889495e+02  2.230948e+01  9.965979e-16 
  922.000  4.840536e+02  2.204983e+01 -3.284488e-16 
  923.000  4.552863e+02  2.066320e+01 -1.127443e-15 
  924.000  4.536233e+02  2.042398e+01 -5.477089e-16 
  925.000  4.573635e+02  2.052660e+01 -1.267469e-16 
  926.000  4.390916e+02  1.962345e+01 -3.513614e-16 
  927.000  4.302462e+02  1.896784e+01  4.047503e-16 
  928.000  3.956517e+02  1.705460e+01 -1.425223e-16 
  929.000  3.405349e+02  1.428343e+01 -1.095089e-16 
  930.000  2.826411e+02  1.156361e+01  6.853712e-17 
  931.000  2.262613e+02  9.038690e+00  5.500925e-19 
  932.000  1.597323e+02  6.154505e+00  1.380671e-17 
  933.000  1.220228e+02  4.590429e+00 -1.330098e-17 
  934.000  8.901383e+01  3.287756e+00  3.526664e-18 
  935.000  8.427431e+01  3.103308e+00  3.486349e-18 
  936.000  9.441701e+01  3.488644e+00 -4.628226e-19 
  937.000  9.412978e+01  3.468809e+00  0.000000e+00 
  938.000  1.307262e+02  4.912635e+00  6.877515e-18 
  939.000  2.618109e+02  1.037441e+01 -3.167050e-17 
  940.000  2.847729e+02  1.136255e+01  1.407524e-16 
  941.000  2.591434e+02  1.026956e+01 -4.786873e-17 
  942.000  2.059542e+02  8.036313e+00 -4.229863e-18 
  943.000  1.516301e+02  5.733002e+00  2.577264e-17 
  944.000  1.431030e+02  5.387018e+00  1.359688e-17 
  945.000  1.651263e+02  6.276809e+00  6.445728e-19 
  946.000  1.691216e+02  6.427085e+00 -2.743800e-17 
  947.000  1.896795e+02  7.277286e+00  3.966553e-17 
  948.000  2.041416e+02  7.867011e+00  4.173263e-17 
  949.000  2.038034e+02  7.845080e+00  7.510003e-17 
  950.000  2.061425e+02  7.937492e+00  5.282061e-19 
  951.000  2.358784e+02  9.173898e+00 -5.515099e-17 
  952.000  2.042480e+02  7.850472e+00  5.361044e-17 
  953.000  2.270596e+02  8.800405e+00 -4.379142e-18 
  954.000  2.514441e+02  9.831008e+00  9.707133e-17 
  955.000  2.163004e+02  8.398890e+00  7.155741e-17 
  956.000  2.277702e+02  8.839358e+00 -7.509535e-17 
  957.000  2.969412e+02  1.179825e+01  1.791856e-17 
  958.000  3.100644e+02  1.236696e+01 -1.149752e-16 
  959.000  2.997249e+02  1.190082e+01 -1.381722e-16 
  960.000  2.940749e+02  1.165821e+01  3.851129e-16 
  961.000  2.854725e+02  1.128710e+01 -1.404923e-16 
  962.000  2.929437e+02  1.159771e+01  1.271585e-16 
  963.000  3.344232e+02  1.344884e+01 -1.117027e-16 
  964.000  3.372696e+02  1.359244e+01  3.487544e-18 
  965.000  3.378130e+02  1.357940e+01 -1.403284e-16 
  966.000  3.309283e+02  1.330937e+01 -1.874283e-17 
  967.000  3.733689e+02  1.525767e+01 -2.808943e-16 
  968.000  4.265996e+02  1.790837e+01  8.690140e-18 
  969.000  4.570386e+02  1.930582e+01 -3.751548e-16 
  970.000  4.600977e+02  1.942196e+01  2.452544e-16 
  971.000  4.554442e+02  1.919672e+01  5.236412e-16 
  972.000  4.507142e+02  1.893442e+01 -5.770261e-16 
  973.000  4.287555e+02  1.789839e+01  4.122729e-16 
  974.000  4.014868e+02  1.660150e+01 -7.894686e-16 
  975.000  3.904774e+02  1.601793e+01 -3.969070e-16 
  976.000  4.114343e+02  1.698541e+01  5.381513e-16 
  977.000  4.279333e+02  1.780809e+01  1.171884e-15 
  978.000  4.365092e+02  1.813593e+01 -4.056162e-16 
  979.000  4.312344e+02  1.793374e+01  1.316169e-15 
  980.000  4.663668e+02  1.948826e+01 -1.448871e-15 
  981.000  4.764176e+02  1.991277e+01 -1.032338e-15 
  982.000  4.690718e+02  1.956102e+01  5.756975e-17 
  983.000  4.833127e+02  2.019801e+01 -1.507633e-15 
  984.000  4.961656e+02  2.080174e+01 -3.783033e-15 
  985.000  5.052433e+02  2.122554e+01  3.770601e-15 
  986.000  5.131287e+02  2.164646e+01  3.825830e-15 
  987.000  5.243537e+02  2.215377e+01  7.373582e-15 
  988.000  5.191791e+02  2.192036e+01 -1.150553e-15 
  989.000  5.134107e+02  2.165618e+01  3.759823e-15 
  990.000  5.190896e+02  2.188095e+01 -3.172328e-15 
  991.000  5.278511e+02  2.228192e+01 -3.772152e-15 
  992.000  5.242606e+02  2.211672e+01  2.583011e-15 
  993.000  5.247330e+02  2.211110e+01  8.313558e-15 
  994.000  5.313772e+02  2.241353e+01  2.750363e-15 
  995.000  5.302124e+02  2.238373e+01  6.512954e-15 
  996.000  5.300869e+02  2.234443e+01 -2.643425e-15 
  997.000  5.289363e+02  2.222918e+01  5.129635e-16 
  998.000  5.250260e+02  2.200571e+01  6.226209e-16 
  999.000  5.229717e+02  2.187492e+01 -1.976557e-15 
 1000.000  5.193940e+02  2.170238e+01  8.518144e-15 
 1001.000  5.181277e+02  2.155297e+01  7.853346e-15 
 1002.000  5.108534e+02  2.112931e+01 -8.268567e-15 
 1003.000  5.064279e+02  2.093529e+01 -3.670812e-16 
 1004.000  5.058862e+02  2.093306e+01  9.228388e-15 
 1005.000  4.740872e+02  1.961159e+01  1.328520e-15 
 1006.000  4.995252e+02  2.064174e+01 -3.102463e-15 
 1007.000  5.074043e+02  2.091819e+01 -2.154148e-15 
 1008.000  5.043369e+02  2.068982e+01  3.823605e-15 
 1009.000  4.943829e+02  2.017124e+01  1.506118e-15 
 1010.000  4.993274e+02  2.037824e+01  1.770564e-15 
 1011.000  5.039857e+02  2.063339e+01  6.198173e-15 
 1012.000  5.069910e+02  2.076749e+01  1.321285e-15 
 1013.000  5.055197e+02  2.071160e+01  2.295659e-15 
 1014.000  5.097191e+02  2.086870e+01 -6.859208e-15 
 1015.000  5.005053e+02  2.046508e+01  3.013479e-15 
 1016.000  5.047080e+02  2.062362e+01  3.087032e-15 
 1017.000  5.002465e+02  2.041343e+01  3.473145e-15 
 1018.000  5.056363e+02  2.059168e+01  6.826557e-15 
 1019.000  4.917077e+02  1.995707e+01 -1.324081e-15 
 1020.000  4.915301e+02  1.993484e+01 -8.200621e-15 
 1021.000  4.981646e+02  2.020377e+01  3.690623e-15 
 1022.000  4.878569e+02  1.971140e+01 -9.918580e-15 
 1023.000  4.948274e+02  1.992817e+01  1.568314e-14 
 1024.000  4.908922e+02  1.972117e+01 -3.002641e-15 
 1025.000  4.951592e+02  1.993132e+01  2.956150e-15 
 1026.000  4.977270e+02  2.003880e+01  2.808725e-15 
 1027.000  4.939493e+02  1.984549e+01 -1.958244e-15 
 1028.000  4.958490e+02  1.990564e+01  6.465671e-16 
 1029.000  4.901585e+02  1.967674e+01  6.794928e-15 
 1030.000  4.968601e+02  1.995313e+01 -4.840531e-15 
 1031.000  4.962176e+02  1.991807e+01  6.545430e-15 
 1032.000  4.952215e+02  1.986497e+01  1.013921e-14 
 1033.000  4.863453e+02  1.948602e+01 -8.345120e-15 
 1034.000  4.919113e+02  1.969009e+01  1.063155e-14 
 1035.000  4.869367e+02  1.946894e+01  1.416854e-14 
 1036.000  4.933114e+02  1.969710e+01  1.963169e-14 
 1037.000  4.830623e+02  1.926383e+01 -1.593594e-15 
 1038.000  4.879604e+02  1.943471e+01  1.452774e-15 
 1039.000  4.897921e+02  1.947614e+01 -3.595069e-15 
 1040.000  4.838929e+02  1.921189e+01 -1.793158e-16 
 1041.000  4.863595e+02  1.928043e+01 -1.672442e-14 
 1042.000  4.877791e+02  1.930936e+01 -2.727373e-15 
 1043.000  4.793907e+02  1.895159e+01 -2.960642e-15 
 1044.000  4.840868e+02  1.910912e+01  1.144333e-14 
 1045.000  4.817445e+02  1.898310e+01 -1.489354e-15 
 1046.000  4.675815e+02  1.839574e+01 -3.664256e-15 
 1047.000  4.759875e+02  1.869587e+01 -8.559465e-15 
 1048.000  4.806500e+02  1.885020e+01 -2.104139e-15 
 1049.000  4.775301e+02  1.870065e+01 -2.820634e-16 
 1050.000  4.743944e+02  1.854534e+01  6.418191e-15 
 1051.000  4.739230e+02  1.848908e+01 -9.162611e-15 
 1052.000  4.714571e+02  1.836145e+01 -2.522070e-16 
 1053.000  4.717013e+02  1.834652e+01 -4.071955e-15 
 1054.000  4.664070e+02  1.810483e+01 -3.002128e-16 
 1055.000  4.693680e+02  1.818377e+01  1.268334e-16 
 1056.000  4.678175e+02  1.809144e+01 -7.504720e-15 
 1057.000  4.659951e+02  1.797278e+01 -7.805447e-16 
 1058.000  4.591769e+02  1.764144e+01 -1.846895e-15 
 1059.000  4.450155e+02  1.708012e+01  2.525261e-15 
 1060.000  4.622565e+02  1.774515e+01  6.752672e-16 
 1061.000  4.459108e+02  1.709106e+01 -1.376391e-15 
 1062.000  4.571618e+02  1.747303e+01  2.423412e-15 
 1063.000  4.491930e+02  1.714052e+01  1.173861e-15 
 1064.000  4.540995e+02  1.728422e+01 -2.168155e-15 
 1065.000  4.520822e+02  1.715522e+01  1.573396e-15 
 1066.000  4.383376e+02  1.661460e+01  1.524954e-15 
 1067.000  4.481437e+02  1.696002e+01  2.491447e-15 
 1068.000  4.433933e+02  1.671128e+01 -4.202218e-16 
 1069.000  4.082032e+02  1.533974e+01 -3.331937e-15 
 1070.000  4.325221e+02  1.623474e+01  3.310450e-15 
 1071.000  4.311576e+02  1.613513e+01  8.732441e-16 
 1072.000  4.304266e+02  1.606256e+01  5.250660e-16 
 1073.000  4.157112e+02  1.548817e+01 -6.439426e-16 
 1074.000  4.304000e+02  1.601738e+01 -1.650305e-15 
 1075.000  4.196155e+02  1.562731e+01 -8.308354e-17 
 1076.000  4.268568e+02  1.585467e+01 -4.237821e-17 
 1077.000  4.234073e+02  1.568001e+01 -5.166198e-16 
 1078.000  4.217066e+02  1.556918e+01 -1.726648e-15 
 1079.000  4.048503e+02  1.492390e+01 -1.134334e-15 
 1080.000  4.093590e+02  1.501320e+01 -1.452281e-15 
 1081.000  3.938376e+02  1.442304e+01 -7.815284e-17 
 1082.000  4.019109e+02  1.472189e+01  7.905122e-16 
 1083.000  3.872144e+02  1.413870e+01  2.478685e-16 
 1084.000  3.976530e+02  1.447592e+01 -7.896442e-16 
 1085.000  3.824665e+02  1.386087e+01  1.670164e-15 
 1086.000  3.896586e+02  1.411186e+01 -3.932355e-16 
 1087.000  3.759939e+02  1.364999e+01  1.612969e-16 
 1088.000  3.992332e+02  1.447882e+01  7.006411e-16 
 1089.000  3.709471e+02  1.337325e+01 -5.314751e-16 
 1090.000  3.764094e+02  1.354182e+01  1.016801e-15 
 1091.000  3.812123e+02  1.370445e+01 -7.463104e-16 
 1092.000  3.658032e+02  1.310801e+01 -6.986048e-16 
 1093.000  3.471830e+02  1.237638e+01 -4.794487e-16 
 1094.000  3.104119e+02  1.103036e+01 -5.755954e-16 
 1095.000  3.368061e+02  1.195424e+01  2.940298e-16 
 1096.000  3.360348e+02  1.190867e+01  4.464307e-16 
 1097.000  3.285609e+02  1.161242e+01  2.387706e-16 
 1098.000  2.916730e+02  1.010886e+01 -6.051347e-17 
 1099.000  2.649314e+02  8.981840e+00 -1.950011e-17 
 1100.000  2.711277e+02  9.190266e+00  4.099914e-17 
