  400.000  5.127266e+02  3.446813e+02  1.971063e-14 
  401.000  5.110930e+02  3.401856e+02  1.847809e-13 
  402.000  5.431829e+02  3.579957e+02 -2.283157e-14 
  403.000  5.101452e+02  3.329446e+02  1.821673e-14 
  404.000  5.496883e+02  3.552800e+02  1.104725e-15 
  405.000  5.054264e+02  3.235301e+02  2.863135e-14 
  406.000  5.029101e+02  3.188468e+02  4.957742e-15 
  407.000  4.910486e+02  3.083765e+02 -4.606500e-14 
  408.000  5.333010e+02  3.317593e+02 -8.566460e-14 
  409.000  5.917392e+02  3.646714e+02 -1.384524e-13 
  410.000  4.959025e+02  3.027717e+02 -3.950620e-14 
  411.000  5.836947e+02  3.530844e+02  8.238483e-14 
  412.000  6.061843e+02  3.633258e+02 -2.424686e-13 
  413.000  5.739149e+02  3.408544e+02 -1.999855e-13 
  414.000  5.645071e+02  3.322263e+02 -1.892988e-14 
  415.000  6.033601e+02  3.519063e+02 -2.665485e-14 
  416.000  6.009484e+02  3.473716e+02 -4.352098e-14 
  417.000  5.838710e+02  3.345067e+02 -9.932211e-14 
  418.000  5.723281e+02  3.250040e+02 -9.976595e-14 
  419.000  5.875387e+02  3.307185e+02  9.027506e-14 
  420.000  4.982881e+02  2.780391e+02 -1.366205e-13 
  421.000  6.255182e+02  3.460166e+02  2.556794e-15 
  422.000  6.005255e+02  3.293425e+02 -1.856370e-13 
  423.000  5.081404e+02  2.763028e+02 -1.288017e-13 
  424.000  5.599713e+02  3.019090e+02 -1.638852e-13 
  425.000  5.810237e+02  3.106196e+02 -6.075141e-14 
  426.000  5.595396e+02  2.966288e+02 -1.019970e-14 
  427.000  5.391804e+02  2.834574e+02 -9.303613e-15 
  428.000  5.469329e+02  2.851553e+02  1.590699e-13 
  429.000  4.984517e+02  2.577430e+02 -6.646312e-14 
  430.000  3.984401e+02  2.043448e+02 -1.021523e-13 
  431.000  3.588421e+02  1.825427e+02  2.418514e-14 
  432.000  6.470054e+02  3.264756e+02  1.243639e-13 
  433.000  5.768842e+02  2.887585e+02 -5.247478e-14 
  434.000  5.492044e+02  2.727130e+02  2.782676e-14 
  435.000  5.984916e+02  2.948333e+02 -1.355948e-13 
  436.000  6.647032e+02  3.248722e+02 -4.189245e-14 
  437.000  6.721826e+02  3.259551e+02 -4.532208e-14 
  438.000  6.030798e+02  2.901683e+02  1.561288e-13 
  439.000  5.844921e+02  2.790490e+02 -3.122310e-14 
  440.000  6.561028e+02  3.108240e+02 -2.064496e-13 
  441.000  6.549669e+02  3.079075e+02 -1.243640e-13 
  442.000  6.908455e+02  3.222960e+02 -1.186366e-13 
  443.000  6.964954e+02  3.224632e+02 -2.589070e-15 
  444.000  6.929850e+02  3.184111e+02 -8.609492e-14 
  445.000  7.299937e+02  3.328864e+02 -2.693976e-15 
  446.000  6.507238e+02  2.945046e+02 -7.388057e-14 
  447.000  7.432262e+02  3.338781e+02  8.619047e-14 
  448.000  7.567058e+02  3.374736e+02  6.494204e-14 
  449.000  7.629676e+02  3.378314e+02 -6.431371e-14 
  450.000  7.807201e+02  3.432254e+02  1.865399e-13 
  451.000  8.449200e+02  3.688000e+02  1.019578e-14 
  452.000  7.865343e+02  3.408695e+02  5.701710e-15 
  453.000  7.311011e+02  3.145954e+02 -6.976657e-14 
  454.000  7.804988e+02  3.334746e+02  2.239244e-13 
  455.000  7.869896e+02  3.338784e+02 -3.621151e-14 
  456.000  8.071014e+02  3.400030e+02  2.808710e-14 
  457.000  8.126667e+02  3.399587e+02 -1.620761e-13 
  458.000  7.993906e+02  3.320833e+02 -2.954220e-14 
  459.000  8.002944e+02  3.301586e+02 -5.204117e-14 
  460.000  7.943147e+02  3.254381e+02 -1.073640e-13 
  461.000  8.241259e+02  3.353429e+02 -8.346102e-14 
  462.000  8.116866e+02  3.280313e+02  2.711024e-14 
  463.000  8.128619e+02  3.262789e+02 -7.547563e-15 
  464.000  8.164926e+02  3.255395e+02  2.684842e-13 
  465.000  8.054928e+02  3.190092e+02  1.022346e-13 
  466.000  8.319382e+02  3.272895e+02 -7.007470e-15 
  467.000  8.034490e+02  3.139816e+02 -3.439262e-14 
  468.000  8.514158e+02  3.305086e+02 -6.425861e-14 
  469.000  8.447349e+02  3.257171e+02  6.811884e-14 
  470.000  8.338265e+02  3.193443e+02 -1.379452e-13 
  471.000  8.329944e+02  3.168606e+02 -1.263417e-14 
  472.000  8.438050e+02  3.187850e+02 -6.314194e-14 
  473.000  8.351818e+02  3.133607e+02 -1.448153e-14 
  474.000  8.424105e+02  3.138894e+02  9.528363e-15 
  475.000  8.768270e+02  3.243716e+02 -2.074428e-13 
  476.000  8.500738e+02  3.121391e+02 -8.070435e-14 
  477.000  8.425668e+02  3.071787e+02 -7.044010e-14 
  478.000  8.850279e+02  3.207635e+02  2.791239e-14 
  479.000  8.458527e+02  3.049661e+02 -7.590904e-14 
  480.000  8.635740e+02  3.097878e+02 -5.462054e-14 
  481.000  8.592665e+02  3.066291e+02 -9.296948e-14 
  482.000  8.781351e+02  3.116608e+02 -2.656888e-14 
  483.000  8.798646e+02  3.105242e+02 -2.187522e-13 
  484.000  8.467370e+02  2.971097e+02 -1.484160e-13 
  485.000  8.536494e+02  2.977815e+02 -4.558934e-14 
  486.000  6.926769e+02  2.402085e+02  5.256436e-14 
  487.000  7.791464e+02  2.686050e+02 -4.704157e-14 
  488.000  8.466404e+02  2.901561e+02 -4.546899e-14 
  489.000  7.876258e+02  2.683476e+02 -2.222029e-14 
  490.000  8.973506e+02  3.039458e+02 -1.075149e-13 
  491.000  8.403350e+02  2.829722e+02  1.198416e-13 
  492.000  8.081431e+02  2.705471e+02  1.876122e-13 
  493.000  8.710255e+02  2.899100e+02 -1.593165e-13 
  494.000  8.420778e+02  2.786562e+02  8.438520e-15 
  495.000  9.008407e+02  2.963910e+02  3.090851e-14 
  496.000  8.779824e+02  2.872125e+02  3.695841e-14 
  497.000  8.522997e+02  2.772216e+02  7.225919e-14 
  498.000  8.327580e+02  2.693293e+02 -9.180226e-14 
  499.000  8.313328e+02  2.673476e+02 -1.086406e-13 
  500.000  8.282515e+02  2.648579e+02 -4.993151e-14 
  501.000  8.102410e+02  2.576442e+02  9.698499e-14 
  502.000  8.054842e+02  2.547026e+02 -5.726692e-16 
  503.000  8.540830e+02  2.685714e+02 -7.662366e-14 
  504.000  7.951714e+02  2.486636e+02  4.655808e-14 
  505.000  8.582333e+02  2.669046e+02  4.172180e-14 
  506.000  9.193801e+02  2.843682e+02  8.401134e-15 
  507.000  8.559779e+02  2.633281e+02 -5.947173e-14 
  508.000  8.214291e+02  2.513431e+02  9.090634e-14 
  509.000  8.863505e+02  2.697583e+02  6.938471e-14 
  510.000  8.593658e+02  2.601515e+02 -5.874783e-14 
  511.000  8.601416e+02  2.590027e+02  5.976722e-15 
  512.000  9.033057e+02  2.705613e+02 -1.243172e-13 
  513.000  8.272192e+02  2.464678e+02 -1.034243e-14 
  514.000  8.103331e+02  2.401715e+02  1.184189e-13 
  515.000  8.277450e+02  2.440527e+02  1.596598e-13 
  516.000  8.699433e+02  2.551579e+02  1.399575e-13 
  517.000  6.411503e+02  1.870723e+02  4.421186e-14 
  518.000  7.941754e+02  2.305191e+02 -9.844147e-14 
  519.000  7.527775e+02  2.173743e+02  2.350996e-13 
  520.000  8.291921e+02  2.382095e+02  2.244664e-13 
  521.000  8.300444e+02  2.372308e+02  2.277998e-14 
  522.000  8.633683e+02  2.454879e+02 -3.493310e-14 
  523.000  8.046162e+02  2.276029e+02  1.074755e-13 
  524.000  8.733414e+02  2.457776e+02  4.364302e-14 
  525.000  8.667069e+02  2.426608e+02  5.868044e-14 
  526.000  8.263251e+02  2.301853e+02  3.275095e-14 
  527.000  7.221249e+02  2.001399e+02  3.699014e-14 
  528.000  8.676117e+02  2.392482e+02 -2.367376e-14 
  529.000  8.925899e+02  2.448995e+02  7.297705e-15 
  530.000  8.437465e+02  2.303428e+02  8.912740e-14 
  531.000  9.187724e+02  2.495802e+02 -7.947043e-14 
  532.000  8.768595e+02  2.370266e+02 -8.654191e-14 
  533.000  7.705102e+02  2.072751e+02  3.038026e-14 
  534.000  8.382853e+02  2.244464e+02 -1.535822e-14 
  535.000  8.557296e+02  2.280575e+02  3.363654e-14 
  536.000  9.084749e+02  2.409968e+02  7.744120e-14 
  537.000  8.432576e+02  2.226600e+02 -1.822835e-13 
  538.000  8.831327e+02  2.321043e+02 -2.442403e-14 
  539.000  8.806288e+02  2.303694e+02 -7.714493e-14 
  540.000  8.622090e+02  2.245020e+02  3.482406e-14 
  541.000  7.909969e+02  2.050049e+02  7.977312e-15 
  542.000  8.827665e+02  2.277305e+02 -1.446180e-13 
  543.000  8.447937e+02  2.169290e+02 -1.280304e-13 
  544.000  8.914614e+02  2.278571e+02 -2.448067e-14 
  545.000  8.785984e+02  2.235369e+02 -9.173502e-14 
  546.000  8.594648e+02  2.176668e+02  1.897934e-14 
  547.000  8.964050e+02  2.259880e+02 -4.372432e-14 
  548.000  8.321197e+02  2.088287e+02 -5.219580e-14 
  549.000  8.761622e+02  2.188873e+02  2.453958e-14 
  550.000  8.574309e+02  2.132412e+02  4.741933e-14 
  551.000  8.526780e+02  2.111011e+02  1.050583e-13 
  552.000  8.900832e+02  2.193713e+02  9.420306e-14 
  553.000  8.558292e+02  2.099823e+02 -4.099170e-14 
  554.000  8.844275e+02  2.160281e+02 -5.234169e-14 
  555.000  8.875570e+02  2.158261e+02  4.187132e-14 
  556.000  8.637133e+02  2.090944e+02  4.476185e-14 
  557.000  8.386654e+02  2.021273e+02 -2.450107e-14 
  558.000  8.711218e+02  2.090180e+02 -1.850923e-14 
  559.000  8.239554e+02  1.968249e+02 -2.405421e-14 
  560.000  8.281039e+02  1.969370e+02  9.336469e-14 
  561.000  9.106727e+02  2.156090e+02 -2.475355e-14 
  562.000  8.360840e+02  1.970128e+02  6.602131e-14 
  563.000  8.751820e+02  2.053002e+02 -5.835476e-16 
  564.000  8.632153e+02  2.015704e+02 -1.718764e-14 
  565.000  8.735816e+02  2.030248e+02 -7.536825e-15 
  566.000  8.058388e+02  1.864463e+02 -8.616610e-14 
  567.000  8.637020e+02  1.987604e+02  1.609394e-14 
  568.000  8.572206e+02  1.956586e+02 -3.164491e-14 
  569.000  8.296600e+02  1.873822e+02  5.726700e-15 
  570.000  8.363307e+02  1.882283e+02 -3.485208e-14 
  571.000  8.149590e+02  1.834532e+02 -4.301803e-14 
  572.000  8.542562e+02  1.906252e+02 -2.619000e-15 
  573.000  8.660411e+02  1.926498e+02  3.727936e-14 
  574.000  8.624926e+02  1.911083e+02 -1.428425e-14 
  575.000  8.414377e+02  1.855863e+02 -4.910048e-15 
  576.000  8.266373e+02  1.815358e+02 -4.088915e-14 
  577.000  8.638647e+02  1.891124e+02  5.070486e-14 
  578.000  8.421823e+02  1.840193e+02 -2.257468e-14 
  579.000  8.385280e+02  1.827725e+02 -4.696966e-14 
  580.000  8.696983e+02  1.890211e+02 -1.674787e-14 
  581.000  8.573661e+02  1.859709e+02  9.054459e-15 
  582.000  8.724061e+02  1.886814e+02  1.546899e-14 
  583.000  8.796861e+02  1.895575e+02 -7.205140e-14 
  584.000  8.780471e+02  1.885046e+02  3.960914e-14 
  585.000  8.730443e+02  1.866920e+02  3.874937e-14 
  586.000  8.363908e+02  1.781607e+02  5.396888e-14 
  587.000  8.659687e+02  1.833065e+02  1.857704e-14 
  588.000  8.417629e+02  1.760465e+02 -2.103900e-15 
  589.000  7.250642e+02  1.498226e+02  2.775816e-14 
  590.000  7.561140e+02  1.555686e+02  4.045055e-15 
  591.000  8.201398e+02  1.689406e+02  1.595254e-14 
  592.000  7.965131e+02  1.630024e+02 -2.399636e-14 
  593.000  8.237175e+02  1.689987e+02 -9.398654e-16 
  594.000  8.276841e+02  1.688884e+02 -2.637905e-14 
  595.000  7.995986e+02  1.618376e+02 -3.046961e-15 
  596.000  8.386372e+02  1.702029e+02 -2.786459e-14 
  597.000  8.378054e+02  1.691373e+02  1.691091e-15 
  598.000  8.288448e+02  1.672380e+02  5.599547e-14 
  599.000  8.328430e+02  1.676795e+02  1.733876e-14 
  600.000  8.404981e+02  1.692327e+02 -5.850272e-14 
  601.000  8.409682e+02  1.691588e+02  4.668775e-14 
  602.000  8.339047e+02  1.673310e+02 -3.918687e-14 
  603.000  8.411887e+02  1.683800e+02 -1.564499e-14 
  604.000  8.698226e+02  1.736375e+02  7.780271e-14 
  605.000  8.689907e+02  1.729149e+02  1.351545e-13 
  606.000  8.598462e+02  1.704930e+02  9.411195e-14 
  607.000  8.559180e+02  1.691148e+02  1.495490e-13 
  608.000  8.536028e+02  1.680537e+02  4.711467e-14 
  609.000  8.456224e+02  1.658845e+02 -1.338266e-14 
  610.000  8.328331e+02  1.627894e+02 -1.285526e-13 
  611.000  8.471055e+02  1.649848e+02  1.613304e-15 
  612.000  8.368096e+02  1.623948e+02 -7.229109e-14 
  613.000  8.252869e+02  1.595833e+02 -1.044817e-15 
  614.000  7.961483e+02  1.533953e+02 -2.052592e-14 
  615.000  8.349659e+02  1.602980e+02 -1.353097e-13 
  616.000  7.945181e+02  1.519854e+02  2.243306e-14 
  617.000  7.996008e+02  1.524062e+02  8.016266e-14 
  618.000  8.378760e+02  1.591225e+02 -6.764986e-14 
  619.000  8.306858e+02  1.571796e+02 -2.181494e-14 
  620.000  8.434198e+02  1.590030e+02 -4.426358e-14 
  621.000  8.583334e+02  1.612150e+02  3.001105e-14 
  622.000  8.133674e+02  1.521982e+02  2.893410e-14 
  623.000  8.199415e+02  1.528449e+02  3.632051e-14 
  624.000  8.210550e+02  1.524742e+02 -1.146982e-13 
  625.000  7.989821e+02  1.478123e+02  4.184527e-14 
  626.000  8.024631e+02  1.478084e+02  1.452910e-14 
  627.000  8.106869e+02  1.481254e+02 -3.299322e-14 
  628.000  7.874528e+02  1.421866e+02  1.112954e-14 
  629.000  8.134548e+02  1.469152e+02  2.593713e-14 
  630.000  7.917850e+02  1.429078e+02  4.203797e-15 
  631.000  8.238309e+02  1.484499e+02  7.246798e-15 
  632.000  7.634827e+02  1.367550e+02  1.737596e-14 
  633.000  8.263964e+02  1.480688e+02  1.395259e-14 
  634.000  8.042422e+02  1.438446e+02  1.349451e-14 
  635.000  8.196087e+02  1.461053e+02 -6.606504e-15 
  636.000  7.924555e+02  1.409262e+02  2.105362e-14 
  637.000  8.200792e+02  1.454419e+02 -1.414008e-14 
  638.000  8.364338e+02  1.481857e+02 -6.495286e-14 
  639.000  8.303534e+02  1.466410e+02 -4.154447e-14 
  640.000  8.063619e+02  1.421003e+02  0.000000e+00 
  641.000  8.186033e+02  1.437818e+02 -7.051406e-14 
  642.000  8.104255e+02  1.419980e+02  1.322561e-14 
  643.000  8.232130e+02  1.435410e+02  4.939139e-14 
  644.000  8.143385e+02  1.415303e+02  5.028266e-14 
  645.000  8.190238e+02  1.416272e+02  5.959926e-14 
  646.000  7.760697e+02  1.328566e+02 -2.682260e-14 
  647.000  7.785247e+02  1.323697e+02  1.372061e-14 
  648.000  7.680136e+02  1.297401e+02 -8.921361e-17 
  649.000  7.920079e+02  1.337330e+02 -1.230236e-15 
  650.000  7.493271e+02  1.269968e+02  1.975620e-14 
  651.000  8.075529e+02  1.364228e+02  3.651992e-14 
  652.000  7.783674e+02  1.302751e+02  8.032760e-15 
  653.000  8.108880e+02  1.362610e+02  2.347148e-14 
  654.000  7.989058e+02  1.336953e+02 -2.515960e-14 
  655.000  7.724481e+02  1.284979e+02 -2.175946e-15 
  656.000  6.578453e+02  1.091888e+02 -1.261433e-14 
  657.000  7.053140e+02  1.168778e+02 -2.584525e-14 
  658.000  7.914752e+02  1.311277e+02  2.026768e-14 
  659.000  7.969512e+02  1.318701e+02  5.856020e-15 
  660.000  8.049972e+02  1.328980e+02  1.950684e-14 
  661.000  8.130023e+02  1.341430e+02  4.277727e-14 
  662.000  8.268632e+02  1.361842e+02  3.941374e-14 
  663.000  8.177460e+02  1.342196e+02  6.737346e-15 
  664.000  8.057797e+02  1.319070e+02 -5.962556e-14 
  665.000  8.102712e+02  1.322836e+02 -1.432222e-15 
  666.000  8.211684e+02  1.337200e+02  4.948118e-14 
  667.000  8.057728e+02  1.308573e+02 -1.053723e-13 
  668.000  8.114431e+02  1.314403e+02  1.371045e-14 
  669.000  8.238614e+02  1.330742e+02  6.230670e-14 
  670.000  8.146416e+02  1.312019e+02 -4.780433e-14 
  671.000  8.066945e+02  1.295500e+02 -7.022116e-15 
  672.000  8.046511e+02  1.288430e+02 -1.539806e-14 
  673.000  8.109877e+02  1.294768e+02 -3.427157e-14 
  674.000  8.131276e+02  1.294382e+02  5.828468e-14 
  675.000  8.012643e+02  1.271777e+02 -4.441343e-14 
  676.000  8.169297e+02  1.292850e+02  1.507882e-13 
  677.000  8.012024e+02  1.264265e+02 -3.738945e-14 
  678.000  8.149855e+02  1.282280e+02 -5.301626e-14 
  679.000  8.038588e+02  1.260989e+02  2.034961e-14 
  680.000  7.975604e+02  1.246889e+02  3.350309e-14 
  681.000  7.982559e+02  1.243683e+02 -2.665181e-14 
  682.000  7.967559e+02  1.237517e+02  1.559819e-14 
  683.000  8.021299e+02  1.241837e+02 -7.105614e-14 
  684.000  7.869365e+02  1.213651e+02  2.040587e-14 
  685.000  7.969304e+02  1.226199e+02  2.015813e-14 
  686.000  7.603303e+02  1.164453e+02  4.439233e-14 
  687.000  6.504929e+02  9.711565e+01 -6.017772e-16 
  688.000  6.864001e+02  1.026567e+02  1.514064e-14 
  689.000  6.774473e+02  1.008717e+02  1.719153e-14 
  690.000  6.995113e+02  1.041215e+02 -2.689714e-14 
  691.000  7.241636e+02  1.078299e+02  1.222324e-14 
  692.000  7.283220e+02  1.082365e+02 -2.129539e-14 
  693.000  7.106289e+02  1.047146e+02 -2.141556e-14 
  694.000  6.949786e+02  1.016754e+02  7.277453e-15 
  695.000  6.969620e+02  1.019013e+02  1.249222e-14 
  696.000  7.139008e+02  1.042544e+02 -1.798746e-15 
  697.000  7.565217e+02  1.113389e+02 -1.246363e-14 
  698.000  7.337778e+02  1.073706e+02 -1.858110e-15 
  699.000  7.100163e+02  1.027259e+02 -1.487130e-14 
  700.000  7.077036e+02  1.022054e+02  2.098139e-14 
  701.000  6.838683e+02  9.834343e+01  2.271297e-14 
  702.000  6.864025e+02  9.853931e+01 -9.838455e-16 
  703.000  7.265941e+02  1.047360e+02 -7.426502e-16 
  704.000  7.301161e+02  1.049924e+02  5.955850e-15 
  705.000  7.230481e+02  1.033582e+02  2.300900e-14 
  706.000  7.179525e+02  1.024084e+02 -1.668650e-14 
  707.000  7.116864e+02  1.013488e+02 -6.854581e-15 
  708.000  7.374268e+02  1.048625e+02 -3.852638e-15 
  709.000  7.211222e+02  1.025661e+02  4.515125e-15 
  710.000  7.271661e+02  1.028180e+02 -1.175660e-14 
  711.000  7.307007e+02  1.033606e+02  1.880603e-14 
  712.000  7.297169e+02  1.032652e+02 -4.680716e-15 
  713.000  7.192989e+02  1.012389e+02  1.285169e-14 
  714.000  7.289235e+02  1.022168e+02  1.304461e-14 
  715.000  6.915134e+02  9.635152e+01  4.648309e-15 
  716.000  6.965788e+02  9.645084e+01 -8.279600e-16 
  717.000  6.015985e+02  8.177504e+01 -7.163352e-15 
  718.000  5.530735e+02  7.378213e+01 -4.217106e-15 
  719.000  5.308145e+02  7.015215e+01  4.120963e-16 
  720.000  5.118394e+02  6.688216e+01  1.375217e-15 
  721.000  6.157300e+02  8.314983e+01  1.060071e-14 
  722.000  6.646381e+02  9.015858e+01 -9.191613e-15 
  723.000  6.403800e+02  8.631402e+01 -6.315065e-15 
  724.000  5.812073e+02  7.691180e+01  3.502326e-15 
  725.000  5.836188e+02  7.724294e+01 -2.954733e-15 
  726.000  5.798228e+02  7.647485e+01  3.768870e-15 
  727.000  5.972650e+02  7.879482e+01  3.836742e-16 
  728.000  5.777720e+02  7.580310e+01  4.593631e-15 
  729.000  5.774629e+02  7.611235e+01 -2.583713e-15 
  730.000  5.949816e+02  7.815824e+01  6.649060e-15 
  731.000  5.806194e+02  7.599369e+01  8.519858e-15 
  732.000  6.318849e+02  8.327143e+01  1.588192e-15 
  733.000  6.616649e+02  8.760409e+01  3.060277e-15 
  734.000  6.951733e+02  9.222932e+01  7.286293e-15 
  735.000  6.828983e+02  9.023186e+01  1.142324e-14 
  736.000  6.578820e+02  8.648537e+01  2.238121e-14 
  737.000  6.761747e+02  8.884092e+01  3.557713e-14 
  738.000  6.875641e+02  9.039543e+01 -2.173621e-14 
  739.000  6.709261e+02  8.812852e+01 -1.765702e-14 
  740.000  6.897544e+02  9.075035e+01  1.040686e-14 
  741.000  6.915056e+02  9.100977e+01  1.315550e-14 
  742.000  6.831790e+02  8.980295e+01 -4.939601e-15 
  743.000  7.100490e+02  9.338580e+01 -1.661010e-14 
  744.000  7.197968e+02  9.454759e+01  4.591180e-14 
  745.000  7.034346e+02  9.228145e+01 -6.103523e-14 
  746.000  7.150687e+02  9.366013e+01 -1.143010e-14 
  747.000  7.267037e+02  9.495892e+01 -7.403925e-14 
  748.000  7.148580e+02  9.324878e+01  1.056436e-13 
  749.000  7.158081e+02  9.316931e+01 -3.259454e-14 
  750.000  7.049450e+02  9.149395e+01 -3.831330e-14 
  751.000  7.034385e+02  9.107555e+01  5.015397e-15 
  752.000  7.155914e+02  9.248225e+01  3.957347e-14 
  753.000  7.094355e+02  9.148080e+01 -1.164399e-14 
  754.000  7.210220e+02  9.275912e+01  6.107595e-14 
  755.000  7.171918e+02  9.204314e+01 -3.290515e-14 
  756.000  7.034675e+02  9.006476e+01  0.000000e+00 
  757.000  7.088645e+02  9.053502e+01  6.731626e-14 
  758.000  7.069476e+02  9.001574e+01 -5.837266e-14 
  759.000  6.282746e+02  7.849200e+01  1.216599e-14 
  760.000  2.041101e+02  2.296752e+01  6.429746e-16 
  761.000  1.721225e+02  1.900440e+01 -5.403603e-38 
  762.000  3.831698e+02  4.505690e+01 -9.327805e-16 
  763.000  3.196956e+02  3.697876e+01  6.585116e-16 
  764.000  3.569083e+02  4.146274e+01 -2.002621e-15 
  765.000  4.448717e+02  5.256402e+01  2.449909e-15 
  766.000  5.271223e+02  6.414648e+01  6.255807e-15 
  767.000  5.888226e+02  7.198777e+01 -1.367538e-14 
  768.000  6.489699e+02  7.966192e+01  1.554002e-14 
  769.000  6.708498e+02  8.267846e+01  1.044041e-14 
  770.000  6.792421e+02  8.382760e+01  5.833542e-14 
  771.000  6.856849e+02  8.461047e+01 -2.721438e-14 
  772.000  6.845284e+02  8.431638e+01 -3.730176e-16 
  773.000  6.824655e+02  8.388382e+01  1.034627e-14 
  774.000  6.904802e+02  8.469001e+01  8.951336e-15 
  775.000  6.650447e+02  8.139267e+01  4.095038e-14 
  776.000  6.928851e+02  8.461338e+01 -4.262996e-14 
  777.000  6.882617e+02  8.385008e+01  5.680853e-14 
  778.000  6.846322e+02  8.320408e+01 -4.802153e-14 
  779.000  6.869248e+02  8.327934e+01  4.815430e-15 
  780.000  6.784920e+02  8.205726e+01  1.098395e-14 
  781.000  6.780173e+02  8.183569e+01 -6.174382e-14 
  782.000  6.862382e+02  8.262658e+01  9.318184e-14 
  783.000  6.702668e+02  8.050883e+01 -7.078611e-14 
  784.000  6.738027e+02  8.072363e+01 -9.805758e-15 
  785.000  6.735021e+02  8.037836e+01  3.098117e-14 
  786.000  6.585638e+02  7.822893e+01 -5.740264e-15 
  787.000  6.607812e+02  7.800240e+01 -1.095563e-14 
  788.000  6.469524e+02  7.604020e+01  1.017917e-14 
  789.000  6.364837e+02  7.420129e+01  2.428507e-14 
  790.000  6.288765e+02  7.311284e+01  1.989436e-14 
  791.000  6.284023e+02  7.295863e+01 -6.094285e-15 
  792.000  6.210145e+02  7.200368e+01  1.804751e-14 
  793.000  6.262281e+02  7.261309e+01  1.198123e-14 
  794.000  6.318558e+02  7.353254e+01  3.305611e-15 
  795.000  6.212309e+02  7.185792e+01  1.112750e-14 
  796.000  6.122430e+02  7.012151e+01  6.276140e-16 
  797.000  6.218240e+02  7.118952e+01  6.994166e-15 
  798.000  6.347922e+02  7.287154e+01  4.154845e-15 
  799.000  6.315288e+02  7.224345e+01  2.355380e-15 
  800.000  6.063198e+02  6.896087e+01  1.159329e-14 
  801.000  6.187532e+02  7.024392e+01 -5.355498e-15 
  802.000  6.167469e+02  6.983704e+01 -1.277552e-15 
  803.000  6.093192e+02  6.887505e+01  4.020123e-14 
  804.000  6.191942e+02  6.994913e+01 -1.268752e-14 
  805.000  6.102943e+02  6.903063e+01  2.822537e-15 
  806.000  6.318188e+02  7.147578e+01  3.460592e-15 
  807.000  6.283640e+02  7.093415e+01  3.516550e-16 
  808.000  6.218453e+02  6.994499e+01  8.197714e-15 
  809.000  6.080413e+02  6.813060e+01 -1.301303e-14 
  810.000  6.016633e+02  6.715400e+01  1.558893e-15 
  811.000  6.036318e+02  6.702153e+01  9.851583e-15 
  812.000  5.911885e+02  6.526860e+01  1.662760e-14 
  813.000  5.760170e+02  6.323762e+01 -6.958361e-16 
  814.000  5.585728e+02  6.096941e+01 -6.307420e-15 
  815.000  5.321389e+02  5.772234e+01  2.918970e-15 
  816.000  5.021645e+02  5.405235e+01 -1.096312e-14 
  817.000  5.064678e+02  5.440211e+01 -2.619671e-15 
  818.000  5.054450e+02  5.420092e+01  4.202462e-15 
  819.000  5.001411e+02  5.363210e+01 -4.553985e-15 
  820.000  5.178018e+02  5.570016e+01 -3.407937e-15 
  821.000  5.680021e+02  6.138744e+01  7.227232e-15 
  822.000  5.276437e+02  5.659369e+01 -3.951058e-15 
  823.000  4.685392e+02  4.937988e+01  2.996718e-16 
  824.000  5.322347e+02  5.674736e+01 -4.244589e-15 
  825.000  5.692709e+02  6.104461e+01  9.390765e-16 
  826.000  5.666450e+02  6.055131e+01 -3.144271e-17 
  827.000  5.600488e+02  5.965265e+01 -7.533177e-16 
  828.000  5.341981e+02  5.651540e+01  1.081287e-14 
  829.000  5.428210e+02  5.739122e+01  3.840125e-16 
  830.000  5.441566e+02  5.752246e+01  2.100790e-15 
  831.000  5.370203e+02  5.668251e+01  1.076777e-14 
  832.000  5.492881e+02  5.788506e+01 -3.913919e-15 
  833.000  5.378798e+02  5.664367e+01 -9.257193e-15 
  834.000  5.526094e+02  5.818150e+01 -6.944724e-15 
  835.000  5.667193e+02  5.980196e+01  3.697649e-15 
  836.000  5.692985e+02  5.986438e+01  3.662557e-15 
  837.000  5.643091e+02  5.921337e+01 -2.313989e-14 
  838.000  5.726757e+02  6.010261e+01  8.640091e-15 
  839.000  5.585558e+02  5.859043e+01 -4.734459e-15 
  840.000  5.749506e+02  6.022018e+01  2.451569e-14 
  841.000  5.725980e+02  5.974923e+01  2.382313e-14 
  842.000  5.726371e+02  5.971991e+01  2.731102e-14 
  843.000  5.770556e+02  6.030264e+01  1.178668e-14 
  844.000  5.712681e+02  5.970169e+01  5.207680e-15 
  845.000  5.817574e+02  6.073531e+01  2.785220e-15 
  846.000  5.888312e+02  6.141644e+01  1.898826e-14 
  847.000  5.704467e+02  5.943520e+01  2.164263e-14 
  848.000  5.841904e+02  6.062906e+01 -7.650970e-15 
  849.000  5.857377e+02  6.067890e+01 -8.260173e-15 
  850.000  5.051343e+02  5.216772e+01  2.643103e-15 
  851.000  5.769251e+02  5.939059e+01  9.601451e-15 
  852.000  5.552952e+02  5.705237e+01  4.017914e-16 
  853.000  5.647342e+02  5.801397e+01  1.002257e-15 
  854.000  4.539679e+02  4.653484e+01  5.160156e-15 
  855.000  5.011026e+02  5.131297e+01  2.760071e-14 
  856.000  5.715808e+02  5.852624e+01 -8.817485e-15 
  857.000  5.820273e+02  5.953662e+01  9.571808e-15 
  858.000  5.734396e+02  5.857043e+01  1.335941e-14 
  859.000  5.747897e+02  5.865853e+01 -3.396109e-14 
  860.000  5.703539e+02  5.811974e+01 -6.038351e-16 
  861.000  5.704738e+02  5.801883e+01  3.018614e-16 
  862.000  5.690294e+02  5.777236e+01 -3.022820e-14 
  863.000  5.800421e+02  5.877309e+01  1.372786e-14 
  864.000  5.792361e+02  5.858657e+01 -3.954219e-15 
  865.000  5.687426e+02  5.741998e+01 -5.852107e-14 
  866.000  4.771798e+02  4.808058e+01 -3.205914e-14 
  867.000  5.081784e+02  5.109822e+01 -4.561112e-14 
  868.000  5.512451e+02  5.531816e+01  8.680518e-15 
  869.000  5.436586e+02  5.445022e+01  7.985154e-15 
  870.000  5.661090e+02  5.658142e+01 -8.613587e-15 
  871.000  5.654556e+02  5.640582e+01  0.000000e+00 
  872.000  5.634307e+02  5.609955e+01 -4.134405e-15 
  873.000  5.655974e+02  5.619321e+01 -1.185872e-14 
  874.000  5.531866e+02  5.484518e+01 -6.760032e-14 
  875.000  5.481519e+02  5.423597e+01 -2.356513e-14 
  876.000  5.525922e+02  5.455550e+01 -1.275766e-14 
  877.000  5.635594e+02  5.552043e+01  9.468497e-15 
  878.000  5.532034e+02  5.435064e+01  2.501560e-14 
  879.000  5.545016e+02  5.436706e+01 -4.667555e-15 
  880.000  5.507163e+02  5.385327e+01 -3.219298e-14 
  881.000  5.217893e+02  5.090422e+01 -2.806235e-14 
  882.000  5.503550e+02  5.356617e+01  2.439048e-14 
  883.000  5.381772e+02  5.229491e+01 -1.248332e-14 
  884.000  5.429582e+02  5.266257e+01  1.630460e-14 
  885.000  5.472575e+02  5.290327e+01 -1.273417e-14 
  886.000  5.276366e+02  5.083350e+01 -3.453235e-15 
  887.000  5.236628e+02  5.040174e+01  3.159547e-14 
  888.000  5.393107e+02  5.180090e+01 -3.996342e-15 
  889.000  5.434127e+02  5.211340e+01  2.441806e-14 
  890.000  5.405214e+02  5.167553e+01 -1.261387e-14 
  891.000  5.352289e+02  5.098502e+01  5.519522e-15 
  892.000  5.276724e+02  4.997153e+01 -8.167831e-15 
  893.000  4.902690e+02  4.592157e+01 -5.373135e-15 
  894.000  4.974569e+02  4.633998e+01  4.980928e-15 
  895.000  4.461186e+02  4.120135e+01 -1.517547e-15 
  896.000  4.365759e+02  4.003115e+01  1.125575e-14 
  897.000  3.992537e+02  3.623843e+01 -3.701127e-15 
  898.000  3.874661e+02  3.491250e+01 -3.736353e-16 
  899.000  3.539471e+02  3.128780e+01 -6.168441e-21 
  900.000  3.494878e+02  3.090407e+01  3.046058e-16 
  901.000  3.341028e+02  2.935812e+01 -9.034009e-16 
  902.000  3.297182e+02  2.895440e+01 -1.239044e-16 
  903.000  4.031674e+02  3.626616e+01 -3.924302e-15 
  904.000  4.455459e+02  4.029671e+01  4.693051e-15 
  905.000  4.432909e+02  4.002678e+01  3.007244e-15 
  906.000  4.092216e+02  3.673650e+01  8.258239e-16 
  907.000  3.774886e+02  3.337111e+01  3.801625e-16 
  908.000  3.435053e+02  2.991449e+01  2.254197e-16 
  909.000  3.385139e+02  2.943482e+01  2.274680e-16 
  910.000  3.460407e+02  3.009010e+01 -5.027999e-16 
  911.000  3.607130e+02  3.157745e+01  2.069587e-15 
  912.000  3.539466e+02  3.080198e+01 -1.692826e-15 
  913.000  3.295829e+02  2.813887e+01 -1.945273e-15 
  914.000  3.434182e+02  2.950651e+01  1.871749e-15 
  915.000  3.500988e+02  3.024298e+01 -6.455179e-16 
  916.000  3.580837e+02  3.094159e+01 -7.604351e-16 
  917.000  3.596830e+02  3.114976e+01 -2.660876e-15 
  918.000  3.671576e+02  3.189525e+01 -6.494435e-19 
  919.000  4.044514e+02  3.547609e+01  7.578530e-16 
  920.000  4.260216e+02  3.749072e+01  2.314640e-15 
  921.000  4.114381e+02  3.611999e+01  1.241588e-15 
  922.000  4.073853e+02  3.569973e+01 -1.046504e-16 
  923.000  3.837943e+02  3.352987e+01 -2.848605e-15 
  924.000  3.838569e+02  3.334787e+01 -1.008839e-15 
  925.000  3.873019e+02  3.355120e+01  2.599139e-15 
  926.000  3.721929e+02  3.212516e+01 -1.860615e-15 
  927.000  3.666146e+02  3.133548e+01  1.305198e-15 
  928.000  3.399245e+02  2.853840e+01 -4.279015e-16 
  929.000  2.962128e+02  2.427225e+01  4.248750e-16 
  930.000  2.499796e+02  2.006201e+01  4.164387e-16 
  931.000  2.041542e+02  1.610841e+01  9.516898e-17 
  932.000  1.488796e+02  1.144248e+01 -6.222339e-18 
  933.000  1.165395e+02  8.769560e+00  1.102156e-16 
  934.000  8.729127e+01  6.444830e+00  2.878216e-17 
  935.000  8.299310e+01  6.108082e+00  2.805681e-17 
  936.000  9.212505e+01  6.803611e+00 -2.178641e-16 
  937.000  9.196458e+01  6.770428e+00  3.155517e-17 
  938.000  1.239325e+02  9.300265e+00 -6.628686e-19 
  939.000  2.342912e+02  1.825506e+01 -2.175856e-16 
  940.000  2.528711e+02  1.980445e+01  2.105069e-17 
  941.000  2.313976e+02  1.800937e+01  1.956675e-16 
  942.000  1.867932e+02  1.437479e+01  1.691945e-17 
  943.000  1.416482e+02  1.065980e+01 -5.393072e-17 
  944.000  1.340770e+02  1.004853e+01  5.685429e-31 
  945.000  1.531049e+02  1.155264e+01  0.000000e+00 
  946.000  1.566172e+02  1.180858e+01 -2.168910e-16 
  947.000  1.737879e+02  1.318064e+01 -1.089098e-16 
  948.000  1.859452e+02  1.413280e+01  1.067157e-16 
  949.000  1.856216e+02  1.408960e+01 -1.024689e-16 
  950.000  1.874400e+02  1.421991e+01  9.140376e-17 
  951.000  2.119639e+02  1.617093e+01 -3.101212e-16 
  952.000  1.856033e+02  1.404737e+01  9.085211e-17 
  953.000  2.044058e+02  1.554184e+01  8.954185e-23 
  954.000  2.241668e+02  1.713302e+01 -1.890588e-16 
  955.000  1.940262e+02  1.475333e+01  0.000000e+00 
  956.000  2.043282e+02  1.552501e+01  7.267960e-17 
  957.000  2.605437e+02  2.012605e+01 -6.021640e-16 
  958.000  2.711363e+02  2.099971e+01 -4.359818e-16 
  959.000  2.627954e+02  2.025957e+01 -1.078237e-15 
  960.000  2.579633e+02  1.984819e+01  3.909919e-16 
  961.000  2.507452e+02  1.923906e+01 -7.350815e-16 
  962.000  2.568159e+02  1.971346e+01  4.290306e-16 
  963.000  2.899486e+02  2.255760e+01  1.263833e-15 
  964.000  2.918982e+02  2.274246e+01 -8.321379e-16 
  965.000  2.925631e+02  2.272608e+01 -1.058193e-16 
  966.000  2.863410e+02  2.223995e+01  3.729253e-16 
  967.000  3.206262e+02  2.525146e+01 -6.558996e-16 
  968.000  3.619928e+02  2.905120e+01  1.524610e-16 
  969.000  3.857966e+02  3.105741e+01 -6.820696e-16 
  970.000  3.882419e+02  3.121757e+01  6.829694e-16 
  971.000  3.843697e+02  3.085241e+01 -3.430385e-16 
  972.000  3.809572e+02  3.048881e+01  1.666829e-15 
  973.000  3.636363e+02  2.896650e+01 -3.137239e-15 
  974.000  3.419245e+02  2.705349e+01 -1.265073e-15 
  975.000  3.334518e+02  2.621859e+01  1.177973e-15 
  976.000  3.502271e+02  2.763883e+01  1.977646e-15 
  977.000  3.623691e+02  2.871424e+01  2.622588e-16 
  978.000  3.697594e+02  2.924859e+01 -1.964695e-15 
  979.000  3.647619e+02  2.884738e+01  8.928176e-16 
  980.000  3.924152e+02  3.111614e+01  5.260723e-15 
  981.000  4.004020e+02  3.173701e+01 -4.380067e-15 
  982.000  3.946493e+02  3.120398e+01  3.958878e-15 
  983.000  4.055517e+02  3.210530e+01 -5.247952e-18 
  984.000  4.152271e+02  3.294500e+01 -4.733497e-15 
  985.000  4.221954e+02  3.353731e+01  6.343557e-15 
  986.000  4.279698e+02  3.409060e+01 -3.741015e-15 
  987.000  4.369776e+02  3.482854e+01 -1.312666e-14 
  988.000  4.325956e+02  3.444028e+01  2.622003e-15 
  989.000  4.277545e+02  3.400912e+01  4.239127e-15 
  990.000  4.324221e+02  3.434144e+01 -3.449743e-15 
  991.000  4.394368e+02  3.491422e+01  6.061295e-16 
  992.000  4.363893e+02  3.463412e+01 -1.035545e-14 
  993.000  4.367789e+02  3.461309e+01  5.551670e-15 
  994.000  4.420434e+02  3.503510e+01  2.304031e-16 
  995.000  4.409189e+02  3.494357e+01  1.592508e-14 
  996.000  4.408471e+02  3.487608e+01  9.781712e-15 
  997.000  4.400427e+02  3.471423e+01  9.564363e-15 
  998.000  4.368895e+02  3.436196e+01 -2.280770e-16 
  999.000  4.353492e+02  3.417899e+01 -1.877243e-14 
 1000.000  4.323629e+02  3.389604e+01 -8.312690e-15 
 1001.000  4.316267e+02  3.370422e+01 -1.189902e-14 
 1002.000  4.260522e+02  3.310373e+01  1.212994e-14 
 1003.000  4.222849e+02  3.277782e+01 -3.746497e-15 
 1004.000  4.216056e+02  3.272882e+01 -1.746363e-14 
 1005.000  3.950226e+02  3.063905e+01  1.141527e-15 
 1006.000  4.162019e+02  3.223501e+01  6.769329e-15 
 1007.000  4.228834e+02  3.267387e+01 -3.442411e-15 
 1008.000  4.207198e+02  3.236475e+01 -1.486324e-14 
 1009.000  4.129228e+02  3.161040e+01 -4.325721e-15 
 1010.000  4.168614e+02  3.189970e+01 -1.500960e-14 
 1011.000  4.202542e+02  3.221808e+01 -3.402349e-15 
 1012.000  4.225865e+02  3.238910e+01  1.150639e-15 
 1013.000  4.212254e+02  3.226864e+01  2.855104e-15 
 1014.000  4.246812e+02  3.249445e+01 -4.829142e-15 
 1015.000  4.170123e+02  3.185591e+01  1.252696e-14 
 1016.000  4.203918e+02  3.206795e+01 -7.722728e-15 
 1017.000  4.167154e+02  3.174458e+01 -1.873991e-14 
 1018.000  4.212502e+02  3.200850e+01  8.185856e-15 
 1019.000  4.099231e+02  3.105955e+01  7.896512e-15 
 1020.000  4.097347e+02  3.100719e+01  1.416041e-16 
 1021.000  4.150822e+02  3.138058e+01  1.396209e-15 
 1022.000  4.067975e+02  3.065741e+01  9.942198e-15 
 1023.000  4.128048e+02  3.101349e+01 -2.795035e-15 
 1024.000  4.096440e+02  3.069847e+01  1.552804e-15 
 1025.000  4.128947e+02  3.096720e+01  4.900074e-15 
 1026.000  4.148232e+02  3.108508e+01 -2.159186e-16 
 1027.000  4.118301e+02  3.080256e+01 -1.548998e-15 
 1028.000  4.132914e+02  3.086160e+01  1.038029e-14 
 1029.000  4.084524e+02  3.048947e+01  3.161138e-15 
 1030.000  4.139179e+02  3.088325e+01  5.741433e-15 
 1031.000  4.133201e+02  3.080589e+01 -5.508721e-15 
 1032.000  4.124735e+02  3.070634e+01 -1.520691e-14 
 1033.000  4.050490e+02  3.010581e+01  1.223306e-14 
 1034.000  4.096765e+02  3.040681e+01  1.801499e-14 
 1035.000  4.055133e+02  3.005113e+01  8.911366e-15 
 1036.000  4.108088e+02  3.039152e+01 -3.361135e-15 
 1037.000  4.022572e+02  2.971014e+01  1.171584e-14 
 1038.000  4.063494e+02  2.996357e+01  2.096466e-14 
 1039.000  4.078910e+02  3.002000e+01  6.254910e-15 
 1040.000  4.029869e+02  2.960417e+01 -5.974894e-15 
 1041.000  4.050504e+02  2.970110e+01 -2.361270e-14 
 1042.000  4.062439e+02  2.973632e+01 -1.205039e-14 
 1043.000  3.992652e+02  2.917546e+01  9.189724e-15 
 1044.000  4.031800e+02  2.940839e+01 -1.752769e-14 
 1045.000  4.012340e+02  2.920698e+01  1.745935e-14 
 1046.000  3.894247e+02  2.829299e+01  1.974799e-14 
 1047.000  3.964470e+02  2.874836e+01  8.533936e-15 
 1048.000  4.002950e+02  2.897329e+01 -8.829288e-15 
 1049.000  3.976394e+02  2.872862e+01  2.041061e-14 
 1050.000  3.950261e+02  2.848190e+01 -5.886381e-15 
 1051.000  3.946723e+02  2.839284e+01 -8.528447e-15 
 1052.000  3.926115e+02  2.818795e+01 -3.237004e-15 
 1053.000  3.927779e+02  2.815086e+01  1.719551e-14 
 1054.000  3.883596e+02  2.777253e+01 -8.614533e-15 
 1055.000  3.908529e+02  2.788951e+01  2.826497e-15 
 1056.000  3.895364e+02  2.773781e+01  5.640741e-15 
 1057.000  3.880588e+02  2.755740e+01  4.126756e-15 
 1058.000  3.824762e+02  2.706340e+01  4.091464e-15 
 1059.000  3.706154e+02  2.618431e+01 -4.351334e-15 
 1060.000  3.848410e+02  2.717167e+01 -7.104683e-15 
 1061.000  3.712248e+02  2.616816e+01 -6.663532e-15 
 1062.000  3.806414e+02  2.676422e+01  1.491330e-15 
 1063.000  3.739984e+02  2.625346e+01  1.965254e-16 
 1064.000  3.781279e+02  2.648223e+01 -2.989414e-16 
 1065.000  3.765823e+02  2.630393e+01 -2.775010e-15 
 1066.000  3.651379e+02  2.547177e+01 -1.441339e-15 
 1067.000  3.733420e+02  2.599211e+01  7.184830e-15 
 1068.000  3.697728e+02  2.566349e+01 -6.802068e-15 
 1069.000  3.407285e+02  2.358627e+01 -3.379636e-15 
 1070.000  3.611545e+02  2.496918e+01  2.813891e-15 
 1071.000  3.603185e+02  2.484478e+01  2.591031e-15 
 1072.000  3.599810e+02  2.475795e+01 -2.003835e-15 
 1073.000  3.478210e+02  2.388273e+01 -8.050342e-17 
 1074.000  3.602066e+02  2.470279e+01 -7.294736e-15 
 1075.000  3.510667e+02  2.408191e+01  2.977139e-15 
 1076.000  3.573789e+02  2.445477e+01 -4.349938e-15 
 1077.000  3.547878e+02  2.421161e+01 -2.904681e-16 
 1078.000  3.536897e+02  2.406846e+01 -1.238875e-14 
 1079.000  3.396761e+02  2.307859e+01 -4.831476e-15 
 1080.000  3.441348e+02  2.327351e+01  3.177418e-15 
 1081.000  3.311936e+02  2.236435e+01 -3.321995e-15 
 1082.000  3.377979e+02  2.280882e+01  6.148863e-16 
 1083.000  3.258282e+02  2.193495e+01  1.161461e-15 
 1084.000  3.350232e+02  2.248857e+01  3.128717e-16 
 1085.000  3.230726e+02  2.159519e+01 -2.949701e-15 
 1086.000  3.290325e+02  2.197542e+01 -1.592883e-15 
 1087.000  3.167202e+02  2.119455e+01 -1.294033e-15 
 1088.000  3.363100e+02  2.247935e+01 -1.554304e-15 
 1089.000  3.135587e+02  2.084382e+01 -1.647649e-15 
 1090.000  3.184392e+02  2.112494e+01 -5.501810e-16 
 1091.000  3.223697e+02  2.136704e+01  3.176359e-15 
 1092.000  3.099211e+02  2.048044e+01 -1.122155e-15 
 1093.000  2.952909e+02  1.943098e+01  5.512269e-16 
 1094.000  2.644855e+02  1.735899e+01  1.064726e-15 
 1095.000  2.869549e+02  1.880876e+01  1.591077e-16 
 1096.000  2.863114e+02  1.873698e+01  8.959353e-16 
 1097.000  2.802440e+02  1.829773e+01  3.674204e-15 
 1098.000  2.511994e+02  1.617897e+01 -1.962231e-17 
 1099.000  2.301681e+02  1.453894e+01  3.013623e-20 
 1100.000  2.354645e+02  1.486920e+01  5.616669e-17 
