  400.000  4.217348e+02  3.266408e+02  1.019292e-13 
  401.000  4.206856e+02  3.224684e+02  8.743929e-14 
  402.000  4.474087e+02  3.394426e+02  6.212057e-14 
  403.000  4.204839e+02  3.157740e+02  4.206974e-14 
  404.000  4.533834e+02  3.370464e+02  8.683702e-14 
  405.000  4.171540e+02  3.070056e+02 -7.132595e-14 
  406.000  4.153513e+02  3.026394e+02 -4.272979e-14 
  407.000  4.058198e+02  2.927760e+02  1.301797e-14 
  408.000  4.410232e+02  3.150552e+02  9.529085e-14 
  409.000  4.896616e+02  3.463962e+02 -9.774609e-15 
  410.000  4.106155e+02  2.876691e+02  1.147889e-14 
  411.000  4.836091e+02  3.355533e+02  9.807333e-14 
  412.000  5.025504e+02  3.453684e+02  1.128418e-13 
  413.000  4.760870e+02  3.240844e+02  9.862347e-14 
  414.000  4.685524e+02  3.159469e+02  1.707331e-14 
  415.000  5.011030e+02  3.347427e+02 -4.704261e-14 
  416.000  4.993961e+02  3.305069e+02  1.566674e-13 
  417.000  4.854876e+02  3.183396e+02 -7.598199e-15 
  418.000  4.761617e+02  3.093646e+02 -7.569374e-14 
  419.000  4.890922e+02  3.148727e+02  6.163237e-14 
  420.000  4.150274e+02  2.647744e+02 -4.585251e-16 
  421.000  5.212863e+02  3.295793e+02 -8.091864e-14 
  422.000  5.007327e+02  3.137640e+02 -5.662912e-14 
  423.000  4.239299e+02  2.632886e+02 -4.630152e-14 
  424.000  4.674217e+02  2.877484e+02 -4.475179e-14 
  425.000  4.852488e+02  2.961096e+02  3.529538e-14 
  426.000  4.675481e+02  2.828281e+02 -1.010325e-13 
  427.000  4.507670e+02  2.703222e+02  3.820842e-14 
  428.000  4.574788e+02  2.719931e+02 -4.771749e-14 
  429.000  4.171342e+02  2.458919e+02  9.839185e-14 
  430.000  3.336020e+02  1.949845e+02 -2.158732e-14 
  431.000  3.005938e+02  1.742128e+02 -4.996112e-15 
  432.000  5.422419e+02  3.116333e+02  3.193564e-14 
  433.000  4.837043e+02  2.756796e+02  6.316970e-14 
  434.000  4.607119e+02  2.604064e+02  8.023071e-15 
  435.000  5.022908e+02  2.815771e+02  2.611985e-14 
  436.000  5.581155e+02  3.103181e+02  1.279120e-13 
  437.000  5.646513e+02  3.114046e+02 -5.643261e-14 
  438.000  5.068297e+02  2.772610e+02  9.628465e-14 
  439.000  4.914262e+02  2.666797e+02  7.522489e-14 
  440.000  5.518749e+02  2.970935e+02  5.774518e-14 
  441.000  5.511559e+02  2.943517e+02 -4.101645e-14 
  442.000  5.815931e+02  3.081535e+02  8.157942e-14 
  443.000  5.865928e+02  3.083591e+02 -1.165721e-13 
  444.000  5.838745e+02  3.045281e+02 -6.636271e-14 
  445.000  6.153013e+02  3.184164e+02 -4.383708e-14 
  446.000  5.486982e+02  2.817400e+02 -1.114621e-13 
  447.000  6.269502e+02  3.194537e+02  1.154733e-14 
  448.000  6.385958e+02  3.229486e+02 -1.723538e-14 
  449.000  6.441606e+02  3.233475e+02 -1.650672e-13 
  450.000  6.594297e+02  3.285658e+02  2.583415e-14 
  451.000  7.139489e+02  3.531039e+02  4.688099e-14 
  452.000  6.648777e+02  3.264106e+02 -1.002299e-13 
  453.000  6.182590e+02  3.012942e+02  1.056663e-13 
  454.000  6.602842e+02  3.194196e+02  6.831663e-14 
  455.000  6.660190e+02  3.198466e+02 -9.366599e-15 
  456.000  6.832753e+02  3.257491e+02  5.745717e-14 
  457.000  6.882243e+02  3.257423e+02 -1.255583e-13 
  458.000  6.772117e+02  3.182304e+02 -1.407197e-13 
  459.000  6.782036e+02  3.164185e+02 -5.267144e-14 
  460.000  6.733587e+02  3.119265e+02 -1.487941e-14 
  461.000  6.988589e+02  3.214524e+02  3.594674e-14 
  462.000  6.885316e+02  3.144743e+02 -2.584295e-14 
  463.000  6.897480e+02  3.128247e+02  1.529858e-13 
  464.000  6.930868e+02  3.121635e+02  4.348047e-14 
  465.000  6.839998e+02  3.059473e+02  1.121556e-13 
  466.000  7.067100e+02  3.139339e+02 -4.529699e-14 
  467.000  6.827481e+02  3.012109e+02 -4.360810e-14 
  468.000  7.237288e+02  3.170962e+02 -1.999053e-13 
  469.000  7.182447e+02  3.125207e+02 -4.302957e-14 
  470.000  7.091475e+02  3.064224e+02 -8.035064e-14 
  471.000  7.086011e+02  3.040501e+02  6.624976e-14 
  472.000  7.179418e+02  3.059011e+02 -7.971724e-14 
  473.000  7.107188e+02  3.006896e+02 -1.764947e-14 
  474.000  7.169694e+02  3.011855e+02 -2.184683e-13 
  475.000  7.463074e+02  3.112130e+02 -9.380927e-14 
  476.000  7.235259e+02  2.994294e+02  2.754526e-14 
  477.000  7.171655e+02  2.946370e+02 -5.203271e-14 
  478.000  7.535626e+02  3.077055e+02 -1.030134e-13 
  479.000  7.205620e+02  2.926243e+02  3.541205e-14 
  480.000  7.360467e+02  2.973339e+02 -1.799156e-14 
  481.000  7.327217e+02  2.943721e+02 -4.904443e-14 
  482.000  7.491350e+02  2.992656e+02 -1.575057e-13 
  483.000  7.508944e+02  2.982245e+02  1.087256e-13 
  484.000  7.228601e+02  2.853783e+02 -7.886692e-14 
  485.000  7.289772e+02  2.860535e+02  4.307895e-14 
  486.000  5.916913e+02  2.307740e+02 -9.700262e-14 
  487.000  6.657565e+02  2.580863e+02 -1.377473e-13 
  488.000  7.236404e+02  2.788250e+02  0.000000e+00 
  489.000  6.733934e+02  2.578966e+02  1.202681e-13 
  490.000  7.674226e+02  2.921398e+02  9.328505e-14 
  491.000  7.188387e+02  2.720001e+02  8.594880e-14 
  492.000  6.914614e+02  2.600720e+02 -1.272295e-13 
  493.000  7.454367e+02  2.787017e+02  1.062110e-13 
  494.000  7.208250e+02  2.678977e+02 -1.808876e-14 
  495.000  7.712999e+02  2.849636e+02 -9.974777e-14 
  496.000  7.518541e+02  2.761387e+02 -6.879060e-15 
  497.000  7.299813e+02  2.665324e+02 -6.132003e-14 
  498.000  7.133607e+02  2.589438e+02  1.463140e-13 
  499.000  7.122526e+02  2.570370e+02  2.776424e-14 
  500.000  7.097239e+02  2.546417e+02 -8.459683e-14 
  501.000  6.943942e+02  2.477033e+02  5.912219e-14 
  502.000  6.904203e+02  2.448724e+02 -1.213618e-13 
  503.000  7.321849e+02  2.582030e+02  8.446360e-14 
  504.000  6.817797e+02  2.390605e+02 -6.162056e-15 
  505.000  7.359520e+02  2.565931e+02 -2.722125e-14 
  506.000  7.885621e+02  2.734005e+02  1.940159e-14 
  507.000  7.343470e+02  2.531900e+02 -4.144474e-14 
  508.000  7.048662e+02  2.416840e+02  3.969146e-14 
  509.000  7.607446e+02  2.594099e+02  1.654114e-13 
  510.000  7.377449e+02  2.501887e+02 -2.152367e-13 
  511.000  7.385618e+02  2.490977e+02 -6.049888e-14 
  512.000  7.757800e+02  2.602280e+02  5.147576e-14 
  513.000  7.105764e+02  2.370669e+02  5.451372e-14 
  514.000  6.962084e+02  2.310226e+02  6.511234e-14 
  515.000  7.113068e+02  2.347679e+02  6.409401e-14 
  516.000  7.476920e+02  2.454557e+02  1.213310e-13 
  517.000  5.511260e+02  1.799580e+02  4.376751e-14 
  518.000  6.827562e+02  2.217511e+02 -4.594198e-14 
  519.000  6.472521e+02  2.091047e+02  8.234438e-14 
  520.000  7.130488e+02  2.291457e+02  4.159667e-14 
  521.000  7.138708e+02  2.282014e+02  1.948367e-13 
  522.000  7.426131e+02  2.361385e+02  7.636828e-14 
  523.000  6.921460e+02  2.189272e+02  1.791391e-13 
  524.000  7.513389e+02  2.364013e+02 -4.780551e-14 
  525.000  7.456992e+02  2.333945e+02 -5.987195e-14 
  526.000  7.110281e+02  2.213891e+02 -6.663687e-14 
  527.000  6.214161e+02  1.924823e+02  4.141472e-14 
  528.000  7.466655e+02  2.300810e+02  5.091781e-14 
  529.000  7.682153e+02  2.355023e+02 -5.781376e-14 
  530.000  7.262296e+02  2.214920e+02 -6.039536e-14 
  531.000  7.908630e+02  2.399774e+02 -8.131213e-15 
  532.000  7.548488e+02  2.278972e+02  3.221752e-14 
  533.000  6.633902e+02  1.992941e+02 -5.184944e-14 
  534.000  7.218615e+02  2.158115e+02 -4.039708e-14 
  535.000  7.370154e+02  2.192940e+02  3.363654e-14 
  536.000  7.825803e+02  2.317462e+02  8.604578e-14 
  537.000  7.265198e+02  2.141209e+02  1.145182e-15 
  538.000  7.609899e+02  2.232086e+02  6.912311e-14 
  539.000  7.589415e+02  2.215446e+02  1.109677e-13 
  540.000  7.431694e+02  2.159053e+02 -1.410039e-13 
  541.000  6.818812e+02  1.971575e+02 -3.668029e-14 
  542.000  7.610912e+02  2.190156e+02  8.177568e-14 
  543.000  7.284456e+02  2.086293e+02 -2.944529e-14 
  544.000  7.687737e+02  2.191385e+02 -1.552012e-14 
  545.000  7.577593e+02  2.149807e+02 -9.232605e-14 
  546.000  7.413322e+02  2.093322e+02  3.965013e-14 
  547.000  7.732739e+02  2.173318e+02  3.233099e-14 
  548.000  7.178907e+02  2.008269e+02  3.221871e-14 
  549.000  7.559622e+02  2.104971e+02 -1.595283e-13 
  550.000  7.398635e+02  2.050617e+02 -5.029082e-14 
  551.000  7.358136e+02  2.029951e+02 -4.146076e-14 
  552.000  7.681463e+02  2.109393e+02  5.983914e-14 
  553.000  7.386335e+02  2.019024e+02  0.000000e+00 
  554.000  7.633643e+02  2.077062e+02  2.528439e-14 
  555.000  7.661132e+02  2.075025e+02  2.535988e-14 
  556.000  7.455742e+02  2.010202e+02  0.000000e+00 
  557.000  7.239852e+02  1.943105e+02 -1.558794e-14 
  558.000  7.520356e+02  2.009223e+02  6.474058e-14 
  559.000  7.113446e+02  1.891893e+02  4.904939e-15 
  560.000  7.149473e+02  1.892835e+02  5.326673e-14 
  561.000  7.862498e+02  2.072136e+02  5.072097e-14 
  562.000  7.218140e+02  1.893158e+02  7.764859e-14 
  563.000  7.555712e+02  1.972614e+02 -5.864504e-14 
  564.000  7.452252e+02  1.936565e+02 -1.718764e-14 
  565.000  7.541198e+02  1.950242e+02  1.148432e-13 
  566.000  6.956323e+02  1.790803e+02  2.408657e-14 
  567.000  7.454356e+02  1.908665e+02  5.059281e-14 
  568.000  7.393676e+02  1.878111e+02  3.222329e-14 
  569.000  7.145842e+02  1.797134e+02 -5.106980e-14 
  570.000  7.204820e+02  1.805254e+02  4.542538e-14 
  571.000  7.027483e+02  1.760075e+02  5.507709e-16 
  572.000  7.359288e+02  1.827810e+02 -1.496326e-15 
  573.000  7.462602e+02  1.847235e+02 -2.030653e-14 
  574.000  7.432509e+02  1.832315e+02  2.860583e-14 
  575.000  7.250671e+02  1.779154e+02 -5.169516e-16 
  576.000  7.123566e+02  1.740283e+02 -9.727579e-15 
  577.000  7.447064e+02  1.813144e+02 -2.447385e-14 
  578.000  7.263800e+02  1.764700e+02 -2.427695e-14 
  579.000  7.235826e+02  1.753239e+02  0.000000e+00 
  580.000  7.508504e+02  1.813815e+02  1.616748e-14 
  581.000  7.406994e+02  1.785368e+02  3.280711e-14 
  582.000  7.540480e+02  1.811993e+02 -6.294522e-15 
  583.000  7.605826e+02  1.820845e+02 -1.845781e-14 
  584.000  7.593871e+02  1.811115e+02  3.214895e-14 
  585.000  7.552186e+02  1.793950e+02  0.000000e+00 
  586.000  7.236740e+02  1.712232e+02  3.052626e-14 
  587.000  7.490531e+02  1.761502e+02  6.641725e-15 
  588.000  7.267380e+02  1.689888e+02  4.829260e-14 
  589.000  6.240651e+02  1.435264e+02 -4.705856e-14 
  590.000  6.507213e+02  1.490120e+02 -5.736908e-15 
  591.000  7.074156e+02  1.620558e+02 -2.181693e-14 
  592.000  6.863183e+02  1.562460e+02 -4.190602e-14 
  593.000  7.115569e+02  1.622468e+02  1.846495e-14 
  594.000  7.146603e+02  1.620890e+02  2.133773e-15 
  595.000  6.892844e+02  1.551519e+02  4.893914e-15 
  596.000  7.247241e+02  1.634149e+02 -2.414019e-14 
  597.000  7.236381e+02  1.623276e+02  1.805765e-14 
  598.000  7.166207e+02  1.605888e+02 -1.067847e-14 
  599.000  7.203844e+02  1.610396e+02 -4.448631e-14 
  600.000  7.276642e+02  1.626010e+02  2.504005e-14 
  601.000  7.284858e+02  1.625602e+02 -7.053806e-15 
  602.000  7.225155e+02  1.608055e+02 -2.308055e-14 
  603.000  7.290507e+02  1.618334e+02 -1.510283e-14 
  604.000  7.541105e+02  1.669138e+02 -1.483838e-13 
  605.000  7.535816e+02  1.662436e+02  2.493144e-14 
  606.000  7.457898e+02  1.639318e+02 -1.531871e-14 
  607.000  7.425148e+02  1.626221e+02  2.186103e-15 
  608.000  7.406273e+02  1.616154e+02 -6.064259e-14 
  609.000  7.338170e+02  1.595417e+02 -8.302663e-14 
  610.000  7.228320e+02  1.565776e+02  3.952270e-14 
  611.000  7.353415e+02  1.587037e+02  1.498028e-14 
  612.000  7.265217e+02  1.562261e+02 -9.869944e-14 
  613.000  7.166296e+02  1.535341e+02  4.574689e-14 
  614.000  6.914316e+02  1.475923e+02 -1.066558e-13 
  615.000  7.252524e+02  1.542461e+02  0.000000e+00 
  616.000  6.902184e+02  1.462580e+02 -1.295173e-14 
  617.000  6.947271e+02  1.466726e+02 -1.301875e-14 
  618.000  7.280652e+02  1.531434e+02  1.468193e-14 
  619.000  7.218864e+02  1.512782e+02 -5.921733e-14 
  620.000  7.330164e+02  1.530368e+02  3.056838e-14 
  621.000  7.460318e+02  1.551676e+02  9.111051e-14 
  622.000  7.069895e+02  1.464890e+02  3.501971e-14 
  623.000  7.127267e+02  1.471081e+02 -1.432254e-14 
  624.000  7.137199e+02  1.467485e+02  1.433728e-14 
  625.000  6.945508e+02  1.422579e+02  1.294697e-14 
  626.000  6.974963e+02  1.422354e+02  2.805120e-14 
  627.000  7.041255e+02  1.424817e+02 -1.542294e-15 
  628.000  6.821767e+02  1.365217e+02 -7.598766e-15 
  629.000  7.057491e+02  1.412100e+02  7.194493e-14 
  630.000  6.874719e+02  1.374158e+02  9.670003e-15 
  631.000  7.157294e+02  1.428000e+02  1.038031e-14 
  632.000  6.630666e+02  1.315308e+02 -2.924700e-14 
  633.000  7.184590e+02  1.425004e+02 -5.195255e-16 
  634.000  6.995778e+02  1.384847e+02 -2.799395e-14 
  635.000  7.131369e+02  1.406930e+02  1.627910e-14 
  636.000  6.897856e+02  1.357429e+02 -1.370769e-14 
  637.000  7.140811e+02  1.401287e+02  2.929538e-14 
  638.000  7.287806e+02  1.428288e+02  4.295921e-14 
  639.000  7.236572e+02  1.413660e+02 -6.584534e-15 
  640.000  7.030417e+02  1.370259e+02 -9.848359e-16 
  641.000  7.138573e+02  1.386682e+02  6.452484e-15 
  642.000  7.069650e+02  1.369784e+02  5.047552e-14 
  643.000  7.180477e+02  1.384642e+02  7.632560e-14 
  644.000  7.104183e+02  1.365387e+02 -1.380029e-14 
  645.000  7.143560e+02  1.366230e+02 -1.693145e-14 
  646.000  6.758521e+02  1.280468e+02 -9.025579e-15 
  647.000  6.772794e+02  1.274930e+02 -3.741863e-14 
  648.000  6.673397e+02  1.248616e+02  8.414755e-15 
  649.000  6.890531e+02  1.288091e+02 -1.429622e-14 
  650.000  6.534146e+02  1.224942e+02 -5.896366e-15 
  651.000  7.042639e+02  1.315938e+02 -2.256612e-14 
  652.000  6.775920e+02  1.255224e+02  4.059377e-14 
  653.000  7.075283e+02  1.314756e+02  1.454722e-14 
  654.000  6.969852e+02  1.289898e+02 -3.760696e-14 
  655.000  6.734381e+02  1.239221e+02 -2.102325e-14 
  656.000  5.737465e+02  1.053248e+02  1.472723e-14 
  657.000  6.154789e+02  1.127777e+02 -1.818429e-14 
  658.000  6.912549e+02  1.265914e+02  1.508645e-14 
  659.000  6.964133e+02  1.273475e+02 -5.084614e-14 
  660.000  7.036530e+02  1.283619e+02  2.724569e-14 
  661.000  7.110944e+02  1.296054e+02 -7.210042e-15 
  662.000  7.234567e+02  1.315993e+02  1.460549e-14 
  663.000  7.155278e+02  1.297070e+02  1.444213e-14 
  664.000  7.051861e+02  1.274836e+02  7.005589e-14 
  665.000  7.092516e+02  1.278617e+02 -2.659771e-14 
  666.000  7.189358e+02  1.292640e+02  1.167203e-13 
  667.000  7.055801e+02  1.265084e+02  6.069043e-14 
  668.000  7.107042e+02  1.270897e+02 -3.261318e-14 
  669.000  7.217004e+02  1.286828e+02  2.876226e-14 
  670.000  7.137248e+02  1.268828e+02  2.935538e-14 
  671.000  7.068692e+02  1.252967e+02  7.956147e-14 
  672.000  7.051707e+02  1.246223e+02 -9.372944e-16 
  673.000  7.108145e+02  1.252443e+02  9.294091e-14 
  674.000  7.127797e+02  1.252159e+02 -2.537930e-14 
  675.000  7.024691e+02  1.230380e+02  6.570669e-14 
  676.000  7.162880e+02  1.250848e+02 -1.319440e-14 
  677.000  7.025773e+02  1.223264e+02 -7.849143e-14 
  678.000  7.147445e+02  1.240768e+02 -9.431348e-16 
  679.000  7.050470e+02  1.220211e+02 -9.295327e-16 
  680.000  6.995199e+02  1.206536e+02  9.177931e-14 
  681.000  7.001458e+02  1.203461e+02 -1.975795e-14 
  682.000  6.988771e+02  1.197532e+02  6.416947e-14 
  683.000  7.036323e+02  1.201763e+02  2.583860e-14 
  684.000  6.902687e+02  1.174464e+02 -7.026508e-14 
  685.000  6.991625e+02  1.186705e+02 -2.564979e-14 
  686.000  6.668528e+02  1.126734e+02  1.889908e-14 
  687.000  5.635700e+02  9.308340e+01 -1.614389e-14 
  688.000  5.971850e+02  9.873655e+01  8.548330e-15 
  689.000  5.887018e+02  9.692805e+01 -1.693663e-14 
  690.000  6.091982e+02  1.002183e+02  6.549165e-15 
  691.000  6.322562e+02  1.039903e+02 -1.625326e-14 
  692.000  6.366138e+02  1.044839e+02  7.370602e-15 
  693.000  6.199830e+02  1.009774e+02  5.658898e-15 
  694.000  6.050631e+02  9.791074e+01 -1.108327e-14 
  695.000  6.077182e+02  9.823561e+01  8.962954e-15 
  696.000  6.230849e+02  1.005693e+02  2.999524e-15 
  697.000  6.629502e+02  1.076757e+02 -6.375730e-15 
  698.000  6.425198e+02  1.037888e+02  1.283479e-15 
  699.000  6.194896e+02  9.906789e+01  7.490703e-15 
  700.000  6.178591e+02  9.860514e+01 -2.636931e-15 
  701.000  5.965862e+02  9.482701e+01 -2.055693e-15 
  702.000  5.991854e+02  9.505602e+01 -9.027770e-15 
  703.000  6.362231e+02  1.012332e+02  3.526114e-15 
  704.000  6.394254e+02  1.014915e+02  3.320660e-14 
  705.000  6.324897e+02  9.983606e+01 -2.192072e-14 
  706.000  6.282156e+02  9.893530e+01 -3.090505e-14 
  707.000  6.230388e+02  9.794044e+01 -3.422927e-14 
  708.000  6.459132e+02  1.013678e+02 -1.952714e-14 
  709.000  6.322724e+02  9.920815e+01  5.091508e-15 
  710.000  6.369405e+02  9.938920e+01 -3.302054e-14 
  711.000  6.407378e+02  9.997954e+01  2.715649e-14 
  712.000  6.404681e+02  9.994086e+01  4.246589e-14 
  713.000  6.308906e+02  9.793773e+01  5.968086e-15 
  714.000  6.391841e+02  9.886723e+01 -2.053965e-14 
  715.000  6.056530e+02  9.312137e+01 -1.259988e-14 
  716.000  6.092691e+02  9.313155e+01  1.361707e-14 
  717.000  5.218519e+02  7.844051e+01 -3.376889e-15 
  718.000  4.771585e+02  7.042303e+01 -6.135157e-15 
  719.000  4.570193e+02  6.685765e+01  1.860294e-15 
  720.000  4.394280e+02  6.363456e+01  2.885093e-15 
  721.000  5.353777e+02  7.992377e+01  2.812252e-15 
  722.000  5.803912e+02  8.694511e+01 -8.347060e-16 
  723.000  5.579111e+02  8.309437e+01 -2.099878e-14 
  724.000  5.028524e+02  7.357206e+01 -6.073191e-15 
  725.000  5.054555e+02  7.395847e+01  8.132681e-15 
  726.000  5.020338e+02  7.320041e+01  1.598751e-15 
  727.000  5.176852e+02  7.549432e+01  2.732757e-15 
  728.000  5.002811e+02  7.255289e+01 -7.590124e-16 
  729.000  5.013972e+02  7.303970e+01  2.573270e-15 
  730.000  5.164293e+02  7.497277e+01 -2.461877e-15 
  731.000  5.037444e+02  7.286021e+01 -6.573751e-15 
  732.000  5.507005e+02  8.016431e+01 -1.742893e-15 
  733.000  5.791077e+02  8.459605e+01  4.961799e-15 
  734.000  6.096801e+02  8.918104e+01  1.374726e-14 
  735.000  5.985464e+02  8.721402e+01 -1.147256e-15 
  736.000  5.759122e+02  8.352327e+01 -4.807657e-15 
  737.000  5.925256e+02  8.585419e+01 -5.436422e-15 
  738.000  6.033245e+02  8.743130e+01 -3.954205e-14 
  739.000  5.890843e+02  8.527012e+01  8.927831e-15 
  740.000  6.063957e+02  8.787495e+01  3.234415e-15 
  741.000  6.083941e+02  8.816410e+01 -3.493302e-16 
  742.000  6.012720e+02  8.701077e+01 -1.746688e-14 
  743.000  6.253500e+02  9.051546e+01  1.492761e-14 
  744.000  6.341144e+02  9.165133e+01  1.716677e-14 
  745.000  6.198596e+02  8.946484e+01 -6.614270e-15 
  746.000  6.302267e+02  9.080698e+01  2.286020e-14 
  747.000  6.405311e+02  9.206920e+01 -4.642898e-14 
  748.000  6.302035e+02  9.041782e+01  1.578915e-15 
  749.000  6.311147e+02  9.034579e+01 -1.020692e-14 
  750.000  6.215308e+02  8.872054e+01 -3.328451e-14 
  751.000  6.202390e+02  8.831667e+01  5.480928e-14 
  752.000  6.310762e+02  8.969013e+01  3.448265e-14 
  753.000  6.257166e+02  8.872466e+01  4.423596e-14 
  754.000  6.359915e+02  8.996858e+01  5.516355e-14 
  755.000  6.326496e+02  8.927599e+01 -1.254337e-14 
  756.000  6.205806e+02  8.735910e+01  2.073325e-14 
  757.000  6.253708e+02  8.781617e+01  1.160818e-14 
  758.000  6.235716e+02  8.729828e+01 -4.485514e-14 
  759.000  5.507895e+02  7.578300e+01 -4.990656e-15 
  760.000  1.669433e+02  2.093336e+01 -3.366276e-16 
  761.000  1.393205e+02  1.717527e+01  3.372993e-16 
  762.000  3.262827e+02  4.250470e+01 -4.978571e-15 
  763.000  2.687410e+02  3.454372e+01  7.657846e-16 
  764.000  3.020332e+02  3.893621e+01 -1.326303e-15 
  765.000  3.815902e+02  4.981704e+01 -4.116587e-15 
  766.000  4.585190e+02  6.151439e+01 -1.613076e-15 
  767.000  5.154559e+02  6.941212e+01 -5.259843e-15 
  768.000  5.703430e+02  7.704187e+01 -8.731118e-15 
  769.000  5.910508e+02  8.010558e+01  6.795668e-15 
  770.000  5.992752e+02  8.130309e+01  1.131607e-14 
  771.000  6.053105e+02  8.209033e+01 -3.205783e-14 
  772.000  6.044009e+02  8.181351e+01  3.266486e-14 
  773.000  6.026345e+02  8.139681e+01 -2.143536e-14 
  774.000  6.097828e+02  8.218398e+01  7.466631e-14 
  775.000  5.873799e+02  7.898883e+01  0.000000e+00 
  776.000  6.120245e+02  8.211867e+01  2.169082e-14 
  777.000  6.079603e+02  8.137797e+01 -3.268294e-14 
  778.000  6.047568e+02  8.074913e+01 -7.424834e-16 
  779.000  6.067836e+02  8.082018e+01  3.112743e-14 
  780.000  5.993364e+02  7.963222e+01  6.296056e-14 
  781.000  5.989925e+02  7.942348e+01  3.215718e-14 
  782.000  6.062546e+02  8.018884e+01  7.321811e-14 
  783.000  5.921464e+02  7.813168e+01  0.000000e+00 
  784.000  5.952659e+02  7.833972e+01  1.163135e-14 
  785.000  5.948679e+02  7.799570e+01  3.681632e-14 
  786.000  5.814615e+02  7.589585e+01  3.011698e-14 
  787.000  5.829514e+02  7.564332e+01 -1.287094e-14 
  788.000  5.704984e+02  7.372023e+01 -4.406963e-14 
  789.000  5.603538e+02  7.186532e+01 -1.005025e-14 
  790.000  5.535862e+02  7.080403e+01  8.485006e-15 
  791.000  5.533536e+02  7.066804e+01  2.806613e-16 
  792.000  5.470217e+02  6.975560e+01  1.543962e-14 
  793.000  5.520007e+02  7.037481e+01 -8.542134e-16 
  794.000  5.577604e+02  7.132379e+01  1.559404e-14 
  795.000  5.479232e+02  6.966524e+01 -6.414973e-15 
  796.000  5.387614e+02  6.788530e+01  2.163106e-14 
  797.000  5.475684e+02  6.894779e+01  5.685854e-15 
  798.000  5.598174e+02  7.063945e+01  3.609647e-16 
  799.000  5.567697e+02  7.001678e+01  2.453749e-14 
  800.000  5.339889e+02  6.679151e+01  1.170954e-14 
  801.000  5.450208e+02  6.803935e+01 -3.557893e-15 
  802.000  5.432079e+02  6.764053e+01 -2.464190e-14 
  803.000  5.367637e+02  6.671526e+01 -1.564874e-14 
  804.000  5.457531e+02  6.777695e+01  8.634983e-15 
  805.000  5.384362e+02  6.692541e+01 -9.950372e-15 
  806.000  5.577575e+02  6.931893e+01 -1.031725e-14 
  807.000  5.547351e+02  6.879459e+01 -1.703376e-14 
  808.000  5.488151e+02  6.782240e+01  1.430809e-14 
  809.000  5.364280e+02  6.604704e+01  7.680636e-15 
  810.000  5.305726e+02  6.508202e+01 -1.325835e-15 
  811.000  5.318289e+02  6.491588e+01 -2.372703e-14 
  812.000  5.202167e+02  6.316587e+01  4.233511e-15 
  813.000  5.060818e+02  6.113603e+01  1.468594e-14 
  814.000  4.897348e+02  5.885695e+01  9.514405e-15 
  815.000  4.653119e+02  5.560862e+01  4.336546e-15 
  816.000  4.376262e+02  5.191574e+01 -1.010221e-15 
  817.000  4.414380e+02  5.225826e+01 -2.282330e-15 
  818.000  4.406729e+02  5.207800e+01 -2.274591e-15 
  819.000  4.365675e+02  5.158635e+01  8.534675e-16 
  820.000  4.536627e+02  5.373483e+01 -8.241748e-15 
  821.000  4.996642e+02  5.938421e+01  2.267318e-15 
  822.000  4.627589e+02  5.463461e+01 -6.731740e-15 
  823.000  4.073093e+02  4.729692e+01 -1.336552e-15 
  824.000  4.661858e+02  5.473016e+01 -4.202549e-15 
  825.000  5.009601e+02  5.906296e+01 -1.342433e-14 
  826.000  4.983127e+02  5.855997e+01 -7.859856e-15 
  827.000  4.922373e+02  5.766851e+01  7.780520e-16 
  828.000  4.680861e+02  5.451804e+01 -1.102814e-15 
  829.000  4.761783e+02  5.540694e+01 -4.589992e-15 
  830.000  4.779575e+02  5.558176e+01  8.653372e-15 
  831.000  4.718478e+02  5.478193e+01 -1.391110e-15 
  832.000  4.827296e+02  5.595195e+01 -7.294273e-15 
  833.000  4.730602e+02  5.477906e+01  8.584005e-15 
  834.000  4.864439e+02  5.629852e+01  1.259928e-14 
  835.000  4.997036e+02  5.792868e+01 -1.118222e-15 
  836.000  5.017385e+02  5.797103e+01  1.005621e-15 
  837.000  4.973379e+02  5.733987e+01 -6.269332e-16 
  838.000  5.051221e+02  5.823016e+01  5.367324e-16 
  839.000  4.929182e+02  5.678239e+01  8.812068e-15 
  840.000  5.074862e+02  5.836813e+01 -9.358831e-16 
  841.000  5.051650e+02  5.789356e+01  5.092473e-15 
  842.000  5.054453e+02  5.788186e+01  9.786656e-15 
  843.000  5.099117e+02  5.848495e+01 -3.900062e-14 
  844.000  5.050602e+02  5.791892e+01  4.496408e-15 
  845.000  5.144636e+02  5.892939e+01 -4.472176e-16 
  846.000  5.208563e+02  5.959832e+01 -3.254624e-15 
  847.000  5.047131e+02  5.768109e+01  0.000000e+00 
  848.000  5.166843e+02  5.882861e+01  1.914951e-15 
  849.000  5.180909e+02  5.887861e+01 -8.328993e-15 
  850.000  4.467085e+02  5.061370e+01 -1.224982e-14 
  851.000  5.100750e+02  5.761288e+01 -9.201532e-16 
  852.000  4.909738e+02  5.534538e+01  2.623177e-15 
  853.000  4.995412e+02  5.629171e+01 -2.275006e-14 
  854.000  4.015625e+02  4.515294e+01  2.472311e-15 
  855.000  4.433601e+02  4.979512e+01  1.472549e-14 
  856.000  5.059191e+02  5.680462e+01 -2.675802e-14 
  857.000  5.152701e+02  5.779041e+01 -2.253360e-14 
  858.000  5.077343e+02  5.685620e+01 -4.554842e-15 
  859.000  5.090447e+02  5.694724e+01  1.364977e-14 
  860.000  5.051736e+02  5.642625e+01 -1.682068e-14 
  861.000  5.053012e+02  5.632913e+01  4.264760e-14 
  862.000  5.040690e+02  5.609251e+01  3.531997e-14 
  863.000  5.138387e+02  5.706435e+01  8.538847e-15 
  864.000  5.131706e+02  5.688643e+01 -9.131877e-15 
  865.000  5.039119e+02  5.575615e+01  9.560617e-15 
  866.000  4.227988e+02  4.668763e+01  5.034657e-16 
  867.000  4.502654e+02  4.961693e+01  1.493562e-14 
  868.000  4.884351e+02  5.371452e+01 -1.677955e-14 
  869.000  4.817292e+02  5.287224e+01  7.411846e-15 
  870.000  5.016210e+02  5.494049e+01 -5.969966e-16 
  871.000  5.010583e+02  5.477043e+01  5.961334e-16 
  872.000  4.992944e+02  5.447481e+01 -8.268810e-15 
  873.000  5.011967e+02  5.456306e+01 -2.610203e-14 
  874.000  4.901925e+02  5.325251e+01  2.436608e-14 
  875.000  4.857342e+02  5.266028e+01 -8.625436e-15 
  876.000  4.896659e+02  5.297054e+01 -7.533864e-15 
  877.000  4.993769e+02  5.390606e+01  8.874047e-15 
  878.000  4.901491e+02  5.276758e+01  4.827714e-14 
  879.000  4.913026e+02  5.278308e+01  4.374518e-15 
  880.000  4.879047e+02  5.228172e+01  0.000000e+00 
  881.000  4.622505e+02  4.941658e+01 -4.680367e-15 
  882.000  4.875454e+02  5.200032e+01  1.684404e-14 
  883.000  4.767841e+02  5.076640e+01 -1.588414e-14 
  884.000  4.810411e+02  5.112400e+01  8.008555e-15 
  885.000  4.847452e+02  5.135186e+01 -4.341669e-15 
  886.000  4.672607e+02  4.933872e+01 -5.878228e-15 
  887.000  4.638372e+02  4.892296e+01 -1.496206e-14 
  888.000  4.776964e+02  5.028043e+01  1.284980e-14 
  889.000  4.813706e+02  5.058513e+01 -7.465638e-15 
  890.000  4.787130e+02  5.015400e+01  1.203770e-14 
  891.000  4.738695e+02  4.947549e+01  1.109176e-15 
  892.000  4.667745e+02  4.846693e+01  1.600593e-15 
  893.000  4.325451e+02  4.446549e+01 -1.920940e-15 
  894.000  4.382768e+02  4.482859e+01 -7.747969e-15 
  895.000  3.914270e+02  3.974430e+01  3.284556e-16 
  896.000  3.815464e+02  3.849431e+01  1.437943e-15 
  897.000  3.474066e+02  3.469942e+01 -2.063085e-15 
  898.000  3.364426e+02  3.335678e+01 -7.917099e-16 
  899.000  3.056027e+02  2.975272e+01  9.138648e-16 
  900.000  3.019739e+02  2.940052e+01 -4.133438e-16 
  901.000  2.882682e+02  2.790505e+01  4.393739e-20 
  902.000  2.846168e+02  2.752969e+01  1.432738e-15 
  903.000  3.512972e+02  3.477292e+01 -1.392910e-15 
  904.000  3.903518e+02  3.882180e+01 -1.784890e-15 
  905.000  3.883479e+02  3.855938e+01  2.534166e-15 
  906.000  3.573115e+02  3.529132e+01 -8.283743e-15 
  907.000  3.275919e+02  3.185665e+01  3.617214e-15 
  908.000  2.968481e+02  2.846071e+01 -6.500528e-16 
  909.000  2.925702e+02  2.800570e+01  1.672639e-15 
  910.000  2.992629e+02  2.864053e+01 -1.426659e-15 
  911.000  3.128175e+02  3.012327e+01  1.574589e-15 
  912.000  3.065537e+02  2.934971e+01 -1.897134e-15 
  913.000  2.837882e+02  2.671779e+01 -9.167588e-17 
  914.000  2.965844e+02  2.805970e+01  1.299057e-15 
  915.000  3.030717e+02  2.880464e+01 -7.885955e-16 
  916.000  3.102035e+02  2.948562e+01 -7.922946e-16 
  917.000  3.120069e+02  2.971702e+01  1.976124e-15 
  918.000  3.190244e+02  3.047612e+01 -9.258457e-16 
  919.000  3.532966e+02  3.408325e+01  1.700393e-15 
  920.000  3.736138e+02  3.613792e+01 -1.114932e-17 
  921.000  3.605582e+02  3.479655e+01 -2.013651e-15 
  922.000  3.569967e+02  3.439042e+01  8.939056e-17 
  923.000  3.359720e+02  3.227201e+01  1.859179e-15 
  924.000  3.351550e+02  3.201963e+01 -1.701227e-15 
  925.000  3.380389e+02  3.220393e+01 -3.372853e-15 
  926.000  3.246933e+02  3.082346e+01 -1.139530e-16 
  927.000  3.187036e+02  2.995929e+01 -1.741658e-16 
  928.000  2.938593e+02  2.714647e+01 -4.589808e-16 
  929.000  2.539262e+02  2.297202e+01  4.530563e-16 
  930.000  2.118726e+02  1.886593e+01  6.126794e-16 
  931.000  1.706803e+02  1.501135e+01  1.056250e-16 
  932.000  1.217662e+02  1.048600e+01  1.707893e-16 
  933.000  9.373310e+01  7.935340e+00 -3.899436e-16 
  934.000  6.893488e+01  5.773417e+00  3.256928e-18 
  935.000  6.536217e+01  5.464612e+00 -2.789079e-17 
  936.000  7.304286e+01  6.104105e+00 -1.904671e-16 
  937.000  7.284576e+01  6.072285e+00 -1.903074e-16 
  938.000  1.002398e+02  8.448131e+00  5.568299e-17 
  939.000  1.973309e+02  1.707981e+01 -2.287337e-16 
  940.000  2.141456e+02  1.858540e+01  3.722232e-17 
  941.000  1.951929e+02  1.686759e+01 -2.059556e-17 
  942.000  1.558485e+02  1.337275e+01 -1.846903e-16 
  943.000  1.157527e+02  9.757222e+00  5.524606e-17 
  944.000  1.093522e+02  9.183615e+00 -5.502735e-17 
  945.000  1.258120e+02  1.062444e+01  1.082922e-16 
  946.000  1.288095e+02  1.086643e+01 -1.123651e-16 
  947.000  1.439980e+02  1.219938e+01 -1.016142e-16 
  948.000  1.547060e+02  1.312054e+01  1.021262e-16 
  949.000  1.544382e+02  1.308017e+01 -3.144133e-16 
  950.000  1.561351e+02  1.321231e+01 -9.868926e-17 
  951.000  1.780351e+02  1.511065e+01  2.267169e-16 
  952.000  1.546615e+02  1.305484e+01  1.136079e-16 
  953.000  1.714519e+02  1.451127e+01  2.056748e-16 
  954.000  1.893077e+02  1.606779e+01  2.040437e-16 
  955.000  1.631350e+02  1.379839e+01  1.997398e-16 
  956.000  1.717645e+02  1.451928e+01  1.014995e-17 
  957.000  2.224593e+02  1.900096e+01 -3.306867e-17 
  958.000  2.320488e+02  1.985285e+01 -6.662777e-16 
  959.000  2.244820e+02  1.913765e+01 -8.709633e-16 
  960.000  2.202791e+02  1.874771e+01  1.247930e-15 
  961.000  2.139188e+02  1.816475e+01 -1.763733e-16 
  962.000  2.193955e+02  1.862771e+01  3.887450e-16 
  963.000  2.496491e+02  2.140012e+01  9.569777e-21 
  964.000  2.516477e+02  2.159073e+01 -8.045148e-16 
  965.000  2.521062e+02  2.157211e+01 -9.206654e-16 
  966.000  2.469056e+02  2.111937e+01  3.729445e-16 
  967.000  2.779559e+02  2.405861e+01  5.039558e-16 
  968.000  3.164792e+02  2.790972e+01 -1.623940e-15 
  969.000  3.385493e+02  2.992997e+01  7.071289e-15 
  970.000  3.407947e+02  3.009078e+01 -2.711165e-15 
  971.000  3.373807e+02  2.973748e+01  6.568740e-15 
  972.000  3.340483e+02  2.936360e+01 -3.093706e-15 
  973.000  3.181128e+02  2.784093e+01 -4.350879e-15 
  974.000  2.982601e+02  2.592657e+01  6.039548e-16 
  975.000  2.903285e+02  2.507567e+01  1.986272e-15 
  976.000  3.056438e+02  2.649940e+01 -1.650634e-15 
  977.000  3.174330e+02  2.762987e+01  1.201020e-15 
  978.000  3.238424e+02  2.813857e+01 -4.828036e-15 
  979.000  3.198069e+02  2.777721e+01 -1.210190e-15 
  980.000  3.453460e+02  3.004622e+01  3.118580e-15 
  981.000  3.526845e+02  3.066437e+01  1.078600e-15 
  982.000  3.473723e+02  3.013477e+01  2.383887e-15 
  983.000  3.576559e+02  3.104609e+01  7.664117e-15 
  984.000  3.668971e+02  3.189878e+01 -4.460979e-15 
  985.000  3.734656e+02  3.249522e+01 -2.169068e-15 
  986.000  3.791012e+02  3.305984e+01 -2.684743e-15 
  987.000  3.873226e+02  3.378816e+01  5.108972e-15 
  988.000  3.835044e+02  3.341486e+01 -8.362946e-15 
  989.000  3.792568e+02  3.299873e+01 -4.334478e-15 
  990.000  3.834585e+02  3.332420e+01  1.112272e-14 
  991.000  3.898792e+02  3.388972e+01  1.087091e-14 
  992.000  3.872360e+02  3.362054e+01 -8.699273e-16 
  993.000  3.876083e+02  3.360119e+01  1.047948e-14 
  994.000  3.924351e+02  3.401691e+01  1.008811e-14 
  995.000  3.915602e+02  3.393307e+01 -6.370033e-15 
  996.000  3.915004e+02  3.386747e+01  4.572537e-16 
  997.000  3.907192e+02  3.370740e+01 -6.605139e-15 
  998.000  3.878311e+02  3.336105e+01  2.280770e-16 
  999.000  3.864637e+02  3.318407e+01  8.944691e-16 
 1000.000  3.838422e+02  3.291043e+01 -6.312831e-15 
 1001.000  3.830147e+02  3.271582e+01 -1.010669e-14 
 1002.000  3.777893e+02  3.211915e+01  7.045284e-15 
 1003.000  3.745200e+02  3.180617e+01 -1.853654e-16 
 1004.000  3.740828e+02  3.176637e+01  1.132428e-14 
 1005.000  3.505692e+02  2.974128e+01  9.110618e-16 
 1006.000  3.693910e+02  3.129131e+01  5.917615e-16 
 1007.000  3.752712e+02  3.171470e+01  4.282463e-15 
 1008.000  3.731279e+02  3.140370e+01  3.428031e-15 
 1009.000  3.659167e+02  3.065671e+01  3.988580e-15 
 1010.000  3.695467e+02  3.094403e+01  1.530998e-14 
 1011.000  3.728824e+02  3.126858e+01  2.157252e-15 
 1012.000  3.750802e+02  3.144032e+01  5.876576e-15 
 1013.000  3.739733e+02  3.132776e+01  1.208813e-14 
 1014.000  3.770870e+02  3.154879e+01  5.621368e-16 
 1015.000  3.702892e+02  3.092906e+01 -9.286289e-15 
 1016.000  3.733140e+02  3.113484e+01  3.045362e-15 
 1017.000  3.700801e+02  3.082197e+01 -3.231555e-15 
 1018.000  3.740516e+02  3.107543e+01  8.945669e-15 
 1019.000  3.639136e+02  3.015110e+01 -8.024459e-15 
 1020.000  3.637875e+02  3.010181e+01  9.033030e-15 
 1021.000  3.685929e+02  3.046569e+01  9.241233e-15 
 1022.000  3.611319e+02  2.975942e+01 -8.749950e-15 
 1023.000  3.663562e+02  3.009976e+01  1.654357e-16 
 1024.000  3.634872e+02  2.979071e+01  2.915951e-15 
 1025.000  3.665790e+02  3.006065e+01  9.101416e-15 
 1026.000  3.683585e+02  3.017686e+01  1.181352e-14 
 1027.000  3.656910e+02  2.990267e+01  5.371417e-16 
 1028.000  3.669966e+02  2.995911e+01 -3.660381e-14 
 1029.000  3.627878e+02  2.960090e+01 -1.222104e-14 
 1030.000  3.677272e+02  2.998620e+01 -2.701225e-14 
 1031.000  3.672384e+02  2.991224e+01 -9.115283e-15 
 1032.000  3.665297e+02  2.981730e+01 -6.337481e-15 
 1033.000  3.599355e+02  2.923351e+01 -1.202471e-14 
 1034.000  3.640673e+02  2.952603e+01 -1.801499e-14 
 1035.000  3.603762e+02  2.918036e+01  8.911366e-15 
 1036.000  3.650782e+02  2.951009e+01  1.763459e-14 
 1037.000  3.574814e+02  2.884801e+01  1.500632e-14 
 1038.000  3.611324e+02  2.909474e+01  9.342468e-15 
 1039.000  3.624832e+02  2.914786e+01  1.521828e-14 
 1040.000  3.581106e+02  2.874276e+01 -1.730351e-14 
 1041.000  3.599325e+02  2.883571e+01  2.402906e-14 
 1042.000  3.609914e+02  2.886946e+01 -5.816397e-15 
 1043.000  3.547928e+02  2.832479e+01  4.103965e-16 
 1044.000  3.582622e+02  2.854995e+01  9.281993e-15 
 1045.000  3.564961e+02  2.835153e+01 -1.191484e-14 
 1046.000  3.459807e+02  2.746242e+01  5.584999e-15 
 1047.000  3.522017e+02  2.790312e+01  5.689291e-15 
 1048.000  3.555959e+02  2.811942e+01 -4.127320e-16 
 1049.000  3.532097e+02  2.787955e+01 -4.102741e-16 
 1050.000  3.508541e+02  2.763758e+01  5.682393e-15 
 1051.000  3.504994e+02  2.754876e+01  5.685631e-15 
 1052.000  3.486370e+02  2.734755e+01 -1.435600e-14 
 1053.000  3.487689e+02  2.730973e+01  5.867390e-15 
 1054.000  3.447961e+02  2.693940e+01 -8.815881e-15 
 1055.000  3.469688e+02  2.705033e+01  3.029431e-15 
 1056.000  3.457565e+02  2.690000e+01 -3.022864e-15 
 1057.000  3.443597e+02  2.672028e+01 -2.023683e-16 
 1058.000  3.392612e+02  2.623402e+01  0.000000e+00 
 1059.000  3.287379e+02  2.538062e+01 -3.095212e-15 
 1060.000  3.414102e+02  2.633863e+01  5.603286e-15 
 1061.000  3.293086e+02  2.536417e+01  0.000000e+00 
 1062.000  3.375761e+02  2.593755e+01  3.996008e-16 
 1063.000  3.316616e+02  2.544099e+01 -8.604790e-15 
 1064.000  3.352556e+02  2.565918e+01 -1.992943e-16 
 1065.000  3.338054e+02  2.548298e+01  0.000000e+00 
 1066.000  3.236705e+02  2.467696e+01  8.261826e-15 
 1067.000  3.309153e+02  2.518021e+01  2.953059e-15 
 1068.000  3.276378e+02  2.485812e+01 -4.670776e-16 
 1069.000  3.018491e+02  2.284491e+01 -4.107504e-15 
 1070.000  3.199838e+02  2.418704e+01  4.182663e-16 
 1071.000  3.191653e+02  2.406399e+01  1.522573e-16 
 1072.000  3.187854e+02  2.397688e+01  3.035564e-15 
 1073.000  3.080147e+02  2.312977e+01  5.290567e-16 
 1074.000  3.190158e+02  2.392614e+01  2.960689e-15 
 1075.000  3.110778e+02  2.333244e+01 -8.781113e-15 
 1076.000  3.165958e+02  2.369085e+01  4.698164e-16 
 1077.000  3.141938e+02  2.345084e+01 -3.736642e-15 
 1078.000  3.130919e+02  2.330654e+01 -3.020587e-15 
 1079.000  3.006799e+02  2.234798e+01 -1.837967e-15 
 1080.000  3.042657e+02  2.251976e+01  1.444373e-15 
 1081.000  2.928132e+02  2.163972e+01 -8.732256e-16 
 1082.000  2.988196e+02  2.207793e+01 -3.979793e-15 
 1083.000  2.880481e+02  2.122333e+01 -1.764253e-15 
 1084.000  2.959705e+02  2.174901e+01  1.244561e-15 
 1085.000  2.849322e+02  2.086131e+01 -3.225922e-16 
 1086.000  2.903066e+02  2.123448e+01  1.193589e-15 
 1087.000  2.799658e+02  2.050545e+01  1.467367e-15 
 1088.000  2.973131e+02  2.175004e+01  2.227950e-16 
 1089.000  2.765674e+02  2.013655e+01 -4.079018e-15 
 1090.000  2.807484e+02  2.040181e+01 -2.624758e-15 
 1091.000  2.843348e+02  2.064155e+01  8.340854e-16 
 1092.000  2.730356e+02  1.976882e+01 -4.230970e-15 
 1093.000  2.594641e+02  1.871919e+01  2.461393e-15 
 1094.000  2.321290e+02  1.670735e+01 -3.486672e-16 
 1095.000  2.518894e+02  1.810498e+01 -1.954160e-15 
 1096.000  2.513459e+02  1.803706e+01 -5.793269e-16 
 1097.000  2.458689e+02  1.760515e+01  3.170393e-15 
 1098.000  2.189104e+02  1.546167e+01  6.131466e-16 
 1099.000  1.993787e+02  1.382663e+01  3.095162e-16 
 1100.000  2.040416e+02  1.414352e+01 -3.752559e-16 
