  400.000  7.043888e+02  3.751201e+02  1.089647e-13 
  401.000  7.014067e+02  3.700717e+02 -5.937421e-14 
  402.000  7.446710e+02  3.892844e+02  5.831153e-15 
  403.000  6.986600e+02  3.618950e+02  1.161804e-14 
  404.000  7.520516e+02  3.860158e+02  1.705879e-14 
  405.000  6.908033e+02  3.513789e+02  2.661196e-14 
  406.000  6.866832e+02  3.461554e+02 -4.291705e-14 
  407.000  6.698300e+02  3.346572e+02  5.485903e-14 
  408.000  7.267610e+02  3.598933e+02  1.677356e-13 
  409.000  8.056270e+02  3.954454e+02 -8.180017e-14 
  410.000  6.745118e+02  3.281985e+02  7.771911e-14 
  411.000  7.931837e+02  3.825947e+02 -5.414546e-14 
  412.000  8.229871e+02  3.935483e+02 -1.316000e-14 
  413.000  7.784655e+02  3.690737e+02  1.089172e-13 
  414.000  7.650433e+02  3.596161e+02 -9.257262e-14 
  415.000  8.169592e+02  3.807787e+02  7.609327e-14 
  416.000  8.129692e+02  3.757368e+02 -1.474855e-13 
  417.000  7.891752e+02  3.616946e+02  5.157529e-14 
  418.000  7.729098e+02  3.513005e+02 -9.466457e-14 
  419.000  7.927797e+02  3.573586e+02  5.608231e-15 
  420.000  6.717892e+02  3.003371e+02 -5.851367e-14 
  421.000  8.426201e+02  3.736440e+02 -9.759434e-14 
  422.000  8.082872e+02  3.555230e+02  1.198339e-14 
  423.000  6.833825e+02  2.981709e+02 -1.324550e-14 
  424.000  7.524824e+02  3.257005e+02  6.253066e-14 
  425.000  7.801581e+02  3.349955e+02 -1.674855e-13 
  426.000  7.507267e+02  3.198107e+02 -1.302561e-13 
  427.000  7.228548e+02  3.055192e+02 -5.089155e-14 
  428.000  7.326934e+02  3.072605e+02 -3.650610e-14 
  429.000  6.672478e+02  2.776445e+02  3.060615e-14 
  430.000  5.329756e+02  2.200619e+02 -1.561892e-14 
  431.000  4.796570e+02  1.965287e+02  3.237660e-14 
  432.000  8.642161e+02  3.513938e+02 -7.473608e-14 
  433.000  7.700049e+02  3.107145e+02 -2.187186e-14 
  434.000  7.325418e+02  2.933710e+02  1.864425e-13 
  435.000  7.977256e+02  3.170839e+02 -8.582584e-14 
  436.000  8.853686e+02  3.492997e+02  3.136354e-14 
  437.000  8.947220e+02  3.503752e+02  1.358127e-13 
  438.000  8.022023e+02  3.118295e+02 -1.326792e-13 
  439.000  7.769603e+02  2.998061e+02 -2.230534e-14 
  440.000  8.715820e+02  3.338646e+02 -2.617371e-14 
  441.000  8.695123e+02  3.306542e+02 -4.982315e-14 
  442.000  9.165627e+02  3.460266e+02  1.465172e-14 
  443.000  9.234831e+02  3.461292e+02 -2.071494e-13 
  444.000  9.182662e+02  3.417059e+02  1.222638e-13 
  445.000  9.667271e+02  3.571666e+02 -5.629420e-14 
  446.000  8.612495e+02  3.159240e+02  7.796779e-15 
  447.000  9.830831e+02  3.580825e+02 -1.314807e-13 
  448.000  1.000266e+03  3.618446e+02  6.761524e-15 
  449.000  1.007884e+03  3.621306e+02 -8.841463e-14 
  450.000  1.030676e+03  3.678169e+02 -6.605525e-15 
  451.000  1.114742e+03  3.951284e+02 -4.782623e-14 
  452.000  1.037092e+03  3.651215e+02 -2.662991e-14 
  453.000  9.634371e+02  3.369048e+02 -8.896302e-15 
  454.000  1.027944e+03  3.570479e+02  2.107973e-13 
  455.000  1.035923e+03  3.574124e+02 -2.280113e-15 
  456.000  1.061846e+03  3.639097e+02 -2.353380e-14 
  457.000  1.068614e+03  3.638025e+02  9.549206e-15 
  458.000  1.050619e+03  3.553175e+02  1.710399e-13 
  459.000  1.051281e+03  3.532038e+02  4.751694e-14 
  460.000  1.042908e+03  3.481006e+02  4.492249e-14 
  461.000  1.081517e+03  3.586411e+02 -7.969934e-14 
  462.000  1.064680e+03  3.507708e+02 -1.757754e-14 
  463.000  1.065712e+03  3.488468e+02  1.597424e-13 
  464.000  1.069873e+03  3.479763e+02 -1.133383e-14 
  465.000  1.054880e+03  3.409197e+02  1.652860e-13 
  466.000  1.088925e+03  3.496931e+02  4.683717e-14 
  467.000  1.051083e+03  3.354051e+02 -1.416547e-13 
  468.000  1.113326e+03  3.530106e+02  1.914008e-14 
  469.000  1.104140e+03  3.478600e+02 -1.184410e-13 
  470.000  1.089471e+03  3.410305e+02 -1.907141e-14 
  471.000  1.088012e+03  3.383651e+02 -6.615344e-14 
  472.000  1.101800e+03  3.404191e+02 -1.363229e-13 
  473.000  1.090277e+03  3.346449e+02  1.040923e-13 
  474.000  1.099486e+03  3.352375e+02 -6.593506e-15 
  475.000  1.144299e+03  3.464972e+02  1.060215e-13 
  476.000  1.109409e+03  3.335276e+02 -4.629588e-14 
  477.000  1.099545e+03  3.282976e+02 -1.102735e-13 
  478.000  1.154369e+03  3.427469e+02 -1.037709e-13 
  479.000  1.102455e+03  3.257303e+02 -1.123369e-13 
  480.000  1.124662e+03  3.307248e+02  1.590292e-13 
  481.000  1.118258e+03  3.272225e+02 -6.376802e-14 
  482.000  1.142073e+03  3.324771e+02  5.939037e-14 
  483.000  1.143673e+03  3.311741e+02 -4.821796e-14 
  484.000  1.100070e+03  3.168023e+02 -6.242711e-14 
  485.000  1.108558e+03  3.174668e+02 -6.829993e-14 
  486.000  8.991124e+02  2.560435e+02  8.665554e-15 
  487.000  1.010891e+03  2.862599e+02  2.429904e-14 
  488.000  1.097976e+03  3.091747e+02 -4.999491e-14 
  489.000  1.021000e+03  2.858897e+02 -1.112043e-14 
  490.000  1.162740e+03  3.237626e+02 -1.687361e-13 
  491.000  1.088461e+03  3.013903e+02 -5.010066e-14 
  492.000  1.046400e+03  2.881317e+02  1.084171e-13 
  493.000  1.127431e+03  3.087267e+02 -2.224130e-13 
  494.000  1.089594e+03  2.967188e+02  7.150566e-14 
  495.000  1.165236e+03  3.155774e+02 -6.588831e-14 
  496.000  1.135385e+03  3.058065e+02  1.777669e-14 
  497.000  1.101900e+03  2.951708e+02  4.279760e-14 
  498.000  1.076372e+03  2.867696e+02 -6.585380e-15 
  499.000  1.074275e+03  2.846632e+02  5.439979e-14 
  500.000  1.070042e+03  2.820159e+02 -9.135490e-14 
  501.000  1.046541e+03  2.743412e+02  1.925383e-13 
  502.000  1.040165e+03  2.712148e+02 -1.365229e-15 
  503.000  1.102679e+03  2.859886e+02 -5.331492e-14 
  504.000  1.026399e+03  2.647962e+02 -9.384051e-15 
  505.000  1.107566e+03  2.842288e+02 -1.770254e-14 
  506.000  1.186081e+03  3.027957e+02  2.338109e-13 
  507.000  1.103912e+03  2.803625e+02  5.759031e-14 
  508.000  1.058998e+03  2.675736e+02 -1.357142e-13 
  509.000  1.142314e+03  2.871479e+02  1.541142e-13 
  510.000  1.107173e+03  2.768940e+02 -1.162797e-13 
  511.000  1.107833e+03  2.756490e+02 -7.933203e-15 
  512.000  1.163077e+03  2.879288e+02  3.758700e-14 
  513.000  1.064792e+03  2.622688e+02 -6.860587e-14 
  514.000  1.042748e+03  2.555500e+02  2.101846e-13 
  515.000  1.064842e+03  2.596607e+02  5.973379e-14 
  516.000  1.118851e+03  2.714685e+02  9.092817e-14 
  517.000  8.244279e+02  1.990332e+02 -3.702305e-14 
  518.000  1.020991e+03  2.452616e+02 -7.509693e-15 
  519.000  9.675780e+02  2.312797e+02  5.942549e-14 
  520.000  1.065587e+03  2.534517e+02  5.219516e-14 
  521.000  1.066482e+03  2.524163e+02 -6.402025e-14 
  522.000  1.109115e+03  2.612132e+02  1.019937e-14 
  523.000  1.033488e+03  2.421973e+02  4.492327e-14 
  524.000  1.121597e+03  2.615525e+02 -5.805653e-14 
  525.000  1.112924e+03  2.582531e+02 -1.229087e-13 
  526.000  1.060908e+03  2.449882e+02  3.917041e-14 
  527.000  9.270174e+02  2.130284e+02 -1.455799e-13 
  528.000  1.113667e+03  2.546794e+02 -1.396467e-13 
  529.000  1.145610e+03  2.607199e+02  5.044507e-14 
  530.000  1.082806e+03  2.452453e+02  8.152129e-14 
  531.000  1.178962e+03  2.657509e+02 -4.670408e-14 
  532.000  1.125038e+03  2.524014e+02 -1.366146e-14 
  533.000  9.883813e+02  2.207167e+02  1.465057e-13 
  534.000  1.075056e+03  2.389890e+02 -2.067876e-15 
  535.000  1.097131e+03  2.428158e+02 -1.309816e-13 
  536.000  1.164451e+03  2.565746e+02  1.048711e-13 
  537.000  1.080592e+03  2.370394e+02 -7.269700e-15 
  538.000  1.131433e+03  2.470840e+02 -2.638105e-14 
  539.000  1.127982e+03  2.452301e+02  5.384379e-14 
  540.000  1.104160e+03  2.389791e+02 -1.117412e-14 
  541.000  1.012760e+03  2.182207e+02 -4.120332e-14 
  542.000  1.130035e+03  2.424080e+02  4.022305e-14 
  543.000  1.081219e+03  2.309077e+02 -3.858088e-14 
  544.000  1.140752e+03  2.425424e+02  3.815196e-14 
  545.000  1.124118e+03  2.379494e+02 -3.691784e-14 
  546.000  1.099471e+03  2.317070e+02  2.162502e-14 
  547.000  1.146552e+03  2.405705e+02  2.350664e-14 
  548.000  1.064168e+03  2.223097e+02  1.295445e-16 
  549.000  1.120326e+03  2.330238e+02  2.489300e-13 
  550.000  1.096235e+03  2.270235e+02  5.691438e-15 
  551.000  1.090045e+03  2.247603e+02 -4.919130e-14 
  552.000  1.137744e+03  2.335811e+02  2.510842e-14 
  553.000  1.093851e+03  2.235999e+02 -4.362263e-14 
  554.000  1.130296e+03  2.300547e+02 -1.159747e-13 
  555.000  1.134190e+03  2.298567e+02  8.784616e-16 
  556.000  1.103627e+03  2.227057e+02  6.746688e-14 
  557.000  1.071550e+03  2.153061e+02 -1.603259e-13 
  558.000  1.112948e+03  2.226684e+02 -8.114883e-14 
  559.000  1.052627e+03  2.097011e+02  1.454680e-13 
  560.000  1.057881e+03  2.098453e+02  1.317868e-14 
  561.000  1.163325e+03  2.297708e+02 -2.103566e-13 
  562.000  1.068128e+03  2.100019e+02  4.251268e-14 
  563.000  1.118071e+03  2.188688e+02 -7.650532e-14 
  564.000  1.102817e+03  2.149322e+02 -6.429939e-14 
  565.000  1.116183e+03  2.165390e+02  1.065100e-13 
  566.000  1.029646e+03  1.988914e+02 -5.545766e-14 
  567.000  1.103914e+03  2.121101e+02  7.522369e-14 
  568.000  1.096734e+03  2.089731e+02  6.537571e-15 
  569.000  1.063831e+03  2.004657e+02 -1.040263e-14 
  570.000  1.072020e+03  2.013626e+02  4.213703e-15 
  571.000  1.043031e+03  1.961008e+02 -6.505804e-15 
  572.000  1.094969e+03  2.040034e+02  7.811594e-15 
  573.000  1.109645e+03  2.061569e+02  1.353945e-14 
  574.000  1.104979e+03  2.045291e+02 -7.076872e-15 
  575.000  1.078095e+03  1.986624e+02  7.609680e-15 
  576.000  1.059035e+03  1.943370e+02  6.434861e-14 
  577.000  1.106111e+03  2.023979e+02 -9.477349e-14 
  578.000  1.077504e+03  1.968598e+02 -1.636868e-14 
  579.000  1.072027e+03  1.954270e+02  2.816169e-14 
  580.000  1.111055e+03  2.019899e+02 -4.423772e-14 
  581.000  1.094192e+03  1.985720e+02  8.059664e-14 
  582.000  1.112599e+03  2.013545e+02  1.171232e-13 
  583.000  1.121355e+03  2.022137e+02  5.872023e-14 
  584.000  1.118782e+03  2.010244e+02 -1.136085e-13 
  585.000  1.112063e+03  1.990503e+02 -1.860242e-14 
  586.000  1.065023e+03  1.899111e+02  8.170180e-14 
  587.000  1.103195e+03  1.954555e+02  6.790707e-14 
  588.000  1.075574e+03  1.881169e+02  3.908552e-14 
  589.000  9.309663e+02  1.606700e+02  7.975511e-15 
  590.000  9.710039e+02  1.668696e+02 -5.779377e-15 
  591.000  1.049505e+03  1.807571e+02 -7.812259e-15 
  592.000  1.020960e+03  1.746273e+02  4.092466e-14 
  593.000  1.051640e+03  1.805510e+02 -1.336993e-14 
  594.000  1.057468e+03  1.805409e+02 -3.459059e-14 
  595.000  1.024222e+03  1.733399e+02  1.928970e-15 
  596.000  1.070061e+03  1.818137e+02 -3.600506e-14 
  597.000  1.069860e+03  1.808021e+02 -8.249651e-15 
  598.000  1.056738e+03  1.785946e+02  1.392230e-14 
  599.000  1.061125e+03  1.790045e+02 -3.664394e-14 
  600.000  1.069352e+03  1.805049e+02  2.069031e-14 
  601.000  1.068990e+03  1.803459e+02 -1.799021e-14 
  602.000  1.059668e+03  1.783823e+02 -6.293206e-14 
  603.000  1.068416e+03  1.794556e+02  1.277158e-13 
  604.000  1.104237e+03  1.850047e+02 -8.579747e-14 
  605.000  1.102755e+03  1.841903e+02 -1.141099e-13 
  606.000  1.090847e+03  1.815821e+02 -1.448503e-13 
  607.000  1.085573e+03  1.800879e+02 -9.174553e-14 
  608.000  1.082370e+03  1.789354e+02 -3.715817e-14 
  609.000  1.072001e+03  1.766055e+02 -1.640633e-14 
  610.000  1.055539e+03  1.732898e+02 -1.561995e-13 
  611.000  1.073359e+03  1.756033e+02  5.911447e-14 
  612.000  1.060055e+03  1.728244e+02 -6.345362e-14 
  613.000  1.045212e+03  1.698119e+02 -7.399813e-14 
  614.000  1.008080e+03  1.632089e+02  7.628470e-14 
  615.000  1.056992e+03  1.705341e+02  4.083476e-14 
  616.000  1.005571e+03  1.616739e+02  1.844376e-14 
  617.000  1.011800e+03  1.621070e+02  5.930832e-14 
  618.000  1.060050e+03  1.692405e+02  3.455436e-14 
  619.000  1.050802e+03  1.671684e+02  3.444728e-15 
  620.000  1.066770e+03  1.691040e+02 -4.552628e-14 
  621.000  1.085515e+03  1.714564e+02 -4.026969e-14 
  622.000  1.028558e+03  1.618702e+02 -9.392659e-15 
  623.000  1.036821e+03  1.625673e+02  2.410502e-14 
  624.000  1.038173e+03  1.621815e+02  3.853607e-14 
  625.000  1.010223e+03  1.572330e+02  3.755444e-16 
  626.000  1.014802e+03  1.572689e+02 -3.012361e-14 
  627.000  1.026397e+03  1.577462e+02 -3.446203e-14 
  628.000  1.001133e+03  1.519261e+02  6.606464e-14 
  629.000  1.031734e+03  1.566895e+02  1.127821e-14 
  630.000  1.003055e+03  1.522936e+02  7.086264e-14 
  631.000  1.042656e+03  1.580908e+02 -3.488001e-14 
  632.000  9.668222e+02  1.456927e+02  3.039706e-14 
  633.000  1.044776e+03  1.575619e+02  7.760246e-15 
  634.000  1.015921e+03  1.529713e+02 -6.190994e-15 
  635.000  1.034918e+03  1.553233e+02 -5.243700e-14 
  636.000  1.000026e+03  1.497485e+02 -7.631055e-14 
  637.000  1.034339e+03  1.544821e+02 -4.053495e-14 
  638.000  1.053945e+03  1.572829e+02  5.301525e-14 
  639.000  1.045908e+03  1.556000e+02  5.770119e-14 
  640.000  1.015041e+03  1.507109e+02 -2.523578e-14 
  641.000  1.030144e+03  1.524604e+02 -3.860805e-14 
  642.000  1.019330e+03  1.505121e+02  1.941194e-14 
  643.000  1.035594e+03  1.521665e+02  4.046850e-14 
  644.000  1.024191e+03  1.500126e+02  2.699022e-14 
  645.000  1.030438e+03  1.501488e+02  1.822204e-14 
  646.000  9.787758e+02  1.411039e+02  4.134167e-14 
  647.000  9.835085e+02  1.407625e+02  5.119131e-14 
  648.000  9.720629e+02  1.381628e+02 -9.782522e-15 
  649.000  1.000461e+03  1.422137e+02 -4.599597e-15 
  650.000  9.431483e+02  1.347014e+02  2.779288e-14 
  651.000  1.016272e+03  1.446877e+02 -1.726271e-14 
  652.000  9.823350e+02  1.384593e+02  1.596180e-15 
  653.000  1.019681e+03  1.444453e+02  5.197372e-14 
  654.000  1.004825e+03  1.417522e+02 -3.684305e-14 
  655.000  9.726153e+02  1.363560e+02 -4.681531e-14 
  656.000  8.278186e+02  1.158197e+02  3.700937e-15 
  657.000  8.868061e+02  1.239041e+02  3.560146e-14 
  658.000  9.938114e+02  1.388800e+02  1.051079e-14 
  659.000  9.998464e+02  1.395854e+02 -2.733925e-14 
  660.000  1.009479e+03  1.406312e+02  5.100293e-14 
  661.000  1.018524e+03  1.418587e+02  8.176005e-15 
  662.000  1.035357e+03  1.439711e+02 -8.962009e-14 
  663.000  1.023843e+03  1.418876e+02 -7.633499e-14 
  664.000  1.008578e+03  1.394211e+02 -1.981146e-14 
  665.000  1.013908e+03  1.397937e+02 -1.460316e-14 
  666.000  1.027225e+03  1.412854e+02  1.866747e-14 
  667.000  1.007697e+03  1.382394e+02  5.704292e-14 
  668.000  1.014445e+03  1.388232e+02 -5.394667e-14 
  669.000  1.029714e+03  1.405260e+02 -1.006420e-13 
  670.000  1.017973e+03  1.385313e+02  1.200332e-13 
  671.000  1.007813e+03  1.367677e+02 -3.726504e-14 
  672.000  1.005063e+03  1.360061e+02  6.656291e-14 
  673.000  1.012784e+03  1.366604e+02  5.193388e-14 
  674.000  1.015264e+03  1.366053e+02  1.110768e-14 
  675.000  1.000261e+03  1.342053e+02 -7.275734e-14 
  676.000  1.019635e+03  1.364160e+02  1.061387e-13 
  677.000  9.998358e+02  1.333882e+02  1.783709e-14 
  678.000  1.016863e+03  1.352771e+02  5.083949e-14 
  679.000  1.002850e+03  1.330244e+02 -3.630898e-14 
  680.000  9.950012e+02  1.315461e+02  1.570553e-14 
  681.000  9.958432e+02  1.312076e+02 -1.011275e-13 
  682.000  9.938732e+02  1.305528e+02  1.925084e-14 
  683.000  1.000494e+03  1.310034e+02  3.403743e-14 
  684.000  9.816331e+02  1.280412e+02 -5.411043e-14 
  685.000  9.938185e+02  1.293453e+02 -4.844692e-14 
  686.000  9.486402e+02  1.228808e+02 -1.418223e-14 
  687.000  8.276659e+02  1.041594e+02 -1.374936e-14 
  688.000  8.675204e+02  1.094791e+02 -1.101991e-14 
  689.000  8.578230e+02  1.077460e+02  1.405592e-14 
  690.000  8.827013e+02  1.109094e+02  1.018568e-14 
  691.000  9.101447e+02  1.144853e+02  1.322844e-14 
  692.000  9.136887e+02  1.147348e+02 -1.753079e-14 
  693.000  8.941359e+02  1.112212e+02 -4.069348e-14 
  694.000  8.773376e+02  1.082533e+02 -2.364045e-14 
  695.000  8.777125e+02  1.082963e+02 -1.701271e-14 
  696.000  8.976875e+02  1.106752e+02 -3.102382e-15 
  697.000  9.452272e+02  1.176567e+02  2.582816e-14 
  698.000  9.179493e+02  1.135681e+02  2.277363e-14 
  699.000  8.932926e+02  1.091067e+02  2.087660e-14 
  700.000  8.895023e+02  1.084810e+02 -7.409124e-15 
  701.000  8.606094e+02  1.044811e+02  3.782810e-15 
  702.000  8.629175e+02  1.046146e+02 -7.209894e-15 
  703.000  9.090093e+02  1.108071e+02  2.488136e-14 
  704.000  9.131558e+02  1.110588e+02  3.210617e-14 
  705.000  9.060162e+02  1.094814e+02  3.590326e-15 
  706.000  8.992206e+02  1.084437e+02 -4.444910e-15 
  707.000  8.906854e+02  1.072661e+02  6.401919e-15 
  708.000  9.221365e+02  1.109227e+02  4.189206e-14 
  709.000  9.003046e+02  1.083724e+02  2.923832e-14 
  710.000  9.092824e+02  1.087664e+02 -3.347744e-14 
  711.000  9.121239e+02  1.092083e+02 -4.461317e-15 
  712.000  9.095629e+02  1.089966e+02 -3.876777e-15 
  713.000  8.975599e+02  1.069476e+02 -4.252564e-15 
  714.000  9.099066e+02  1.080157e+02  1.368229e-14 
  715.000  8.648501e+02  1.019651e+02  4.535102e-15 
  716.000  8.730348e+02  1.022391e+02 -1.127528e-14 
  717.000  7.639458e+02  8.765575e+01  3.298916e-15 
  718.000  7.083882e+02  7.982526e+01  6.636639e-15 
  719.000  6.820777e+02  7.613869e+01  1.200858e-15 
  720.000  6.606876e+02  7.285738e+01  3.672927e-16 
  721.000  7.789585e+02  8.882672e+01  8.933274e-15 
  722.000  8.351379e+02  9.578798e+01  3.091793e-14 
  723.000  8.076295e+02  9.196940e+01 -1.067316e-15 
  724.000  7.411230e+02  8.285807e+01 -2.670795e-15 
  725.000  7.429903e+02  8.307041e+01  2.020568e-15 
  726.000  7.384774e+02  8.229144e+01  3.169818e-15 
  727.000  7.594202e+02  8.463982e+01  2.224148e-15 
  728.000  7.358273e+02  8.157960e+01 -1.091343e-14 
  729.000  7.322264e+02  8.153426e+01 -5.002038e-15 
  730.000  7.548676e+02  8.378338e+01 -6.098664e-15 
  731.000  7.371672e+02  8.153343e+01 -2.592224e-15 
  732.000  7.965465e+02  8.872844e+01  7.026092e-15 
  733.000  8.285056e+02  9.286013e+01  3.067506e-14 
  734.000  8.676588e+02  9.753353e+01 -6.414362e-14 
  735.000  8.531791e+02  9.549142e+01 -2.000200e-14 
  736.000  8.235347e+02  9.166003e+01  1.220448e-14 
  737.000  8.450809e+02  9.404990e+01  6.789871e-15 
  738.000  8.574698e+02  9.554936e+01 -3.757605e-14 
  739.000  8.359177e+02  9.309111e+01  2.099884e-14 
  740.000  8.576291e+02  9.572101e+01 -2.169399e-14 
  741.000  8.587831e+02  9.591413e+01  5.269602e-15 
  742.000  8.479907e+02  9.460870e+01 -2.018240e-14 
  743.000  8.803874e+02  9.830937e+01  3.233734e-14 
  744.000  8.920740e+02  9.950805e+01  4.156636e-14 
  745.000  8.714434e+02  9.709906e+01  7.361157e-16 
  746.000  8.855991e+02  9.853526e+01  8.031489e-15 
  747.000  8.999025e+02  9.989633e+01  5.542165e-14 
  748.000  8.849844e+02  9.808219e+01 -8.253881e-15 
  749.000  8.860027e+02  9.798911e+01  8.940598e-14 
  750.000  8.725750e+02  9.623048e+01  4.078954e-14 
  751.000  8.706337e+02  9.578753e+01  7.471122e-15 
  752.000  8.854127e+02  9.724826e+01  4.398224e-14 
  753.000  8.776499e+02  9.618483e+01 -1.925223e-14 
  754.000  8.918663e+02  9.752169e+01 -1.665519e-14 
  755.000  8.870515e+02  9.676608e+01  8.133126e-14 
  756.000  8.699977e+02  9.468298e+01 -1.034289e-16 
  757.000  8.766111e+02  9.517612e+01  5.773533e-14 
  758.000  8.744757e+02  9.465714e+01 -5.297402e-14 
  759.000  7.848340e+02  8.320775e+01 -2.832710e-14 
  760.000  2.848702e+02  2.686249e+01  7.288202e-17 
  761.000  2.442680e+02  2.258740e+01  1.677440e-15 
  762.000  5.014383e+02  4.976627e+01  2.022661e-15 
  763.000  4.270922e+02  4.149645e+01 -1.460918e-15 
  764.000  4.717484e+02  4.613564e+01 -9.422978e-16 
  765.000  5.754634e+02  5.760668e+01  7.118196e-15 
  766.000  6.667587e+02  6.876592e+01  1.586614e-15 
  767.000  7.372886e+02  7.648583e+01  1.369494e-14 
  768.000  8.075243e+02  8.420747e+01 -2.937903e-15 
  769.000  8.314154e+02  8.711088e+01  1.586472e-15 
  770.000  8.399726e+02  8.815988e+01 -6.349407e-14 
  771.000  8.471483e+02  8.892302e+01  4.435377e-14 
  772.000  8.454739e+02  8.859686e+01  6.637561e-15 
  773.000  8.428049e+02  8.813629e+01  2.443953e-15 
  774.000  8.525483e+02  8.897443e+01 -6.887064e-14 
  775.000  8.210158e+02  8.550222e+01  5.235485e-14 
  776.000  8.552693e+02  8.887812e+01  2.382492e-14 
  777.000  8.495211e+02  8.807667e+01  5.031730e-14 
  778.000  8.450359e+02  8.740208e+01 -7.392492e-14 
  779.000  8.478619e+02  8.748528e+01  1.468243e-14 
  780.000  8.374498e+02  8.620555e+01 -5.814847e-14 
  781.000  8.367060e+02  8.596106e+01 -7.339294e-14 
  782.000  8.468519e+02  8.679637e+01 -2.195814e-14 
  783.000  8.271388e+02  8.457568e+01 -1.664960e-14 
  784.000  8.315164e+02  8.480360e+01 -8.133470e-15 
  785.000  8.314439e+02  8.446389e+01  1.804182e-14 
  786.000  8.134786e+02  8.224106e+01 -1.515182e-14 
  787.000  8.172669e+02  8.207935e+01 -4.275450e-15 
  788.000  8.007297e+02  8.005919e+01  2.919524e-15 
  789.000  7.898196e+02  7.827451e+01  2.513596e-14 
  790.000  7.805392e+02  7.714097e+01 -5.833630e-15 
  791.000  7.795381e+02  7.695140e+01  2.102246e-15 
  792.000  7.699874e+02  7.591887e+01  1.890977e-14 
  793.000  7.755893e+02  7.650154e+01 -4.335942e-15 
  794.000  7.807775e+02  7.734419e+01 -1.050810e-14 
  795.000  7.686736e+02  7.565889e+01 -1.529009e-14 
  796.000  7.603222e+02  7.403034e+01  2.016104e-15 
  797.000  7.713782e+02  7.510084e+01  1.455518e-14 
  798.000  7.856110e+02  7.674535e+01  9.282559e-15 
  799.000  7.819547e+02  7.611362e+01  2.106484e-14 
  800.000  7.519883e+02  7.274609e+01 -3.654933e-15 
  801.000  7.672282e+02  7.408938e+01 -2.239503e-14 
  802.000  7.648451e+02  7.367010e+01  1.711515e-14 
  803.000  7.554174e+02  7.264243e+01 -7.177866e-15 
  804.000  7.670137e+02  7.373187e+01  2.381702e-15 
  805.000  7.548133e+02  7.268291e+01  1.810247e-14 
  806.000  7.806989e+02  7.520779e+01  1.901914e-14 
  807.000  7.763716e+02  7.463616e+01 -7.583661e-15 
  808.000  7.686879e+02  7.362390e+01 -8.000369e-15 
  809.000  7.520816e+02  7.174881e+01  2.100424e-14 
  810.000  7.447035e+02  7.075914e+01 -1.692823e-14 
  811.000  7.482127e+02  7.069748e+01 -1.658654e-14 
  812.000  7.342416e+02  6.895253e+01 -2.552265e-14 
  813.000  7.171606e+02  6.693122e+01  4.817829e-15 
  814.000  6.977425e+02  6.469266e+01 -9.646459e-15 
  815.000  6.675453e+02  6.145687e+01 -5.037743e-15 
  816.000  6.333227e+02  5.783676e+01  5.958547e-16 
  817.000  6.386039e+02  5.819970e+01 -3.946935e-15 
  818.000  6.370247e+02  5.796075e+01 -1.647862e-15 
  819.000  6.291564e+02  5.725167e+01 -2.828447e-15 
  820.000  6.475490e+02  5.916927e+01  2.037294e-15 
  821.000  7.057695e+02  6.490472e+01  1.627722e-15 
  822.000  6.587883e+02  6.004909e+01  5.457463e-15 
  823.000  5.932750e+02  5.309031e+01  2.220598e-15 
  824.000  6.658873e+02  6.030912e+01 -3.379626e-15 
  825.000  7.069550e+02  6.452245e+01 -1.502111e-15 
  826.000  7.044608e+02  6.405087e+01 -1.620100e-14 
  827.000  6.968806e+02  6.314315e+01  1.490393e-15 
  828.000  6.679500e+02  6.004099e+01 -1.275611e-15 
  829.000  6.775177e+02  6.089079e+01 -1.499540e-14 
  830.000  6.778149e+02  6.094053e+01 -3.273660e-16 
  831.000  6.685732e+02  6.002851e+01 -1.656545e-14 
  832.000  6.836229e+02  6.128708e+01 -6.161369e-15 
  833.000  6.686262e+02  5.992142e+01 -1.343935e-14 
  834.000  6.859774e+02  6.148612e+01 -2.284756e-16 
  835.000  7.016190e+02  6.307561e+01  2.201915e-15 
  836.000  7.053516e+02  6.317817e+01 -2.960927e-14 
  837.000  6.991818e+02  6.249282e+01 -1.612962e-15 
  838.000  7.086331e+02  6.337269e+01 -2.546178e-15 
  839.000  6.906052e+02  6.174291e+01 -3.018206e-14 
  840.000  7.106559e+02  6.344755e+01 -6.980347e-16 
  841.000  7.082970e+02  6.298903e+01 -7.681103e-15 
  842.000  7.077991e+02  6.292390e+01 -2.545017e-14 
  843.000  7.120016e+02  6.345665e+01  6.115815e-15 
  844.000  7.042800e+02  6.278760e+01 -2.042138e-14 
  845.000  7.169261e+02  6.385767e+01 -2.607399e-14 
  846.000  7.253416e+02  6.455585e+01 -1.224721e-14 
  847.000  7.024296e+02  6.245998e+01 -1.386581e-14 
  848.000  7.197776e+02  6.374164e+01 -5.210498e-16 
  849.000  7.216011e+02  6.379055e+01 -1.001603e-16 
  850.000  6.224980e+02  5.485721e+01  6.337550e-15 
  851.000  7.112391e+02  6.247168e+01 -8.205734e-15 
  852.000  6.845257e+02  6.001075e+01  1.322199e-14 
  853.000  6.956708e+02  6.099227e+01  1.017722e-14 
  854.000  5.592233e+02  4.892507e+01 -1.009647e-14 
  855.000  6.170574e+02  5.393538e+01 -1.121163e-14 
  856.000  7.033932e+02  6.149300e+01  2.889148e-15 
  857.000  7.160182e+02  6.254212e+01 -1.408350e-14 
  858.000  7.053096e+02  6.151929e+01  4.101256e-14 
  859.000  7.067165e+02  6.159826e+01  1.262932e-14 
  860.000  7.011368e+02  6.102719e+01 -1.355087e-14 
  861.000  7.012393e+02  6.091974e+01  2.135340e-14 
  862.000  6.993634e+02  6.065570e+01  3.879770e-14 
  863.000  7.128689e+02  6.170616e+01  1.628130e-14 
  864.000  7.117831e+02  6.150443e+01 -4.933774e-14 
  865.000  6.988094e+02  6.027519e+01  1.495193e-15 
  866.000  5.862809e+02  5.047105e+01 -3.929404e-14 
  867.000  6.243657e+02  5.364059e+01  2.673571e-14 
  868.000  6.772557e+02  5.807068e+01 -5.503712e-14 
  869.000  6.679012e+02  5.715879e+01  4.423826e-14 
  870.000  6.954849e+02  5.939842e+01 -2.264798e-14 
  871.000  6.946483e+02  5.921337e+01  6.902728e-14 
  872.000  6.920975e+02  5.888863e+01  4.795115e-14 
  873.000  6.947960e+02  5.899223e+01 -1.783089e-15 
  874.000  6.795640e+02  5.758031e+01 -1.773572e-14 
  875.000  6.733726e+02  5.694224e+01 -1.289667e-15 
  876.000  6.788370e+02  5.727851e+01  3.040349e-14 
  877.000  6.923260e+02  5.829457e+01 -9.680745e-15 
  878.000  6.797198e+02  5.707372e+01  2.328253e-15 
  879.000  6.813089e+02  5.709212e+01 -1.643844e-14 
  880.000  6.767579e+02  5.655939e+01  3.382502e-14 
  881.000  6.412689e+02  5.346719e+01 -2.221189e-14 
  882.000  6.764047e+02  5.626543e+01  2.348627e-14 
  883.000  6.613774e+02  5.492879e+01 -2.290473e-14 
  884.000  6.672075e+02  5.531361e+01 -1.666397e-14 
  885.000  6.727245e+02  5.558107e+01 -1.913239e-14 
  886.000  6.488464e+02  5.341917e+01  8.537043e-16 
  887.000  6.437445e+02  5.295618e+01  4.712964e-15 
  888.000  6.629838e+02  5.442787e+01  1.077217e-14 
  889.000  6.679369e+02  5.475280e+01 -2.276561e-14 
  890.000  6.645952e+02  5.430703e+01  2.526376e-14 
  891.000  6.584394e+02  5.360195e+01  9.183027e-15 
  892.000  6.500383e+02  5.259206e+01 -1.848204e-14 
  893.000  6.065026e+02  4.848274e+01 -8.162175e-15 
  894.000  6.167527e+02  4.900742e+01  1.946018e-14 
  895.000  5.567484e+02  4.378574e+01  5.624474e-15 
  896.000  5.482584e+02  4.276280e+01  1.552792e-15 
  897.000  5.048714e+02  3.898492e+01 -1.320605e-15 
  898.000  4.915977e+02  3.770392e+01 -1.491674e-15 
  899.000  4.531418e+02  3.412521e+01 -1.878969e-16 
  900.000  4.469037e+02  3.367066e+01  2.130429e-15 
  901.000  4.282092e+02  3.205325e+01  6.003753e-16 
  902.000  4.222892e+02  3.159365e+01 -1.797081e-15 
  903.000  5.086974e+02  3.892786e+01  9.971218e-15 
  904.000  5.572969e+02  4.292067e+01  5.560475e-15 
  905.000  5.545497e+02  4.263670e+01 -1.967941e-16 
  906.000  5.146508e+02  3.930906e+01  2.784542e-15 
  907.000  4.794010e+02  3.609991e+01  1.609392e-15 
  908.000  4.391833e+02  3.259681e+01 -1.008447e-15 
  909.000  4.327142e+02  3.206913e+01  3.634491e-15 
  910.000  4.418926e+02  3.275248e+01 -2.669050e-15 
  911.000  4.585953e+02  3.420618e+01  8.007475e-16 
  912.000  4.509238e+02  3.344703e+01  2.020882e-15 
  913.000  4.238283e+02  3.080259e+01 -9.723758e-16 
  914.000  4.395228e+02  3.218710e+01  5.152444e-16 
  915.000  4.463846e+02  3.287388e+01 -1.375745e-15 
  916.000  4.560558e+02  3.359512e+01 -2.141813e-15 
  917.000  4.571214e+02  3.374274e+01 -9.609224e-17 
  918.000  4.653816e+02  3.444393e+01 -7.356812e-16 
  919.000  5.083427e+02  3.795391e+01  5.648668e-15 
  920.000  5.320979e+02  3.989402e+01  3.729201e-15 
  921.000  5.144948e+02  3.847119e+01  1.267590e-15 
  922.000  5.094523e+02  3.802571e+01  5.941747e-16 
  923.000  4.807524e+02  3.576505e+01  4.843736e-16 
  924.000  4.828256e+02  3.571024e+01  2.657486e-15 
  925.000  4.874339e+02  3.594909e+01 -7.043847e-15 
  926.000  4.687552e+02  3.444538e+01 -3.153979e-15 
  927.000  4.642999e+02  3.380202e+01  1.208186e-15 
  928.000  4.343019e+02  3.109070e+01  1.397934e-15 
  929.000  3.835122e+02  2.672685e+01 -4.060431e-16 
  930.000  3.295088e+02  2.233561e+01 -1.678438e-16 
  931.000  2.749832e+02  1.820032e+01  5.514782e-16 
  932.000  2.075520e+02  1.329207e+01  1.991591e-16 
  933.000  1.668210e+02  1.042141e+01 -5.954918e-17 
  934.000  1.286379e+02  7.820233e+00 -1.135044e-16 
  935.000  1.228237e+02  7.430511e+00  4.814226e-17 
  936.000  1.348767e+02  8.222616e+00 -6.261935e-17 
  937.000  1.348638e+02  8.191718e+00 -4.929962e-17 
  938.000  1.758439e+02  1.097248e+01 -1.657928e-16 
  939.000  3.117134e+02  2.050288e+01 -2.648524e-17 
  940.000  3.335413e+02  2.213201e+01  5.063240e-18 
  941.000  3.071481e+02  2.019114e+01  7.245815e-17 
  942.000  2.523183e+02  1.629166e+01  2.490837e-16 
  943.000  1.977762e+02  1.240834e+01  1.620374e-16 
  944.000  1.877780e+02  1.172791e+01 -1.561244e-16 
  945.000  2.118646e+02  1.334064e+01 -1.046651e-16 
  946.000  2.164397e+02  1.362224e+01  2.090438e-17 
  947.000  2.373656e+02  1.506112e+01  1.617405e-16 
  948.000  2.523244e+02  1.606950e+01 -1.021262e-16 
  949.000  2.518990e+02  1.602017e+01 -1.210652e-15 
  950.000  2.538972e+02  1.614601e+01  5.591310e-15 
  951.000  2.833528e+02  1.819431e+01  1.118302e-16 
  952.000  2.512960e+02  1.594312e+01  3.217002e-16 
  953.000  2.738902e+02  1.750663e+01  1.498959e-16 
  954.000  2.971599e+02  1.916144e+01 -9.270001e-16 
  955.000  2.590372e+02  1.657119e+01  2.225484e-16 
  956.000  2.729095e+02  1.743767e+01 -1.380585e-16 
  957.000  3.394761e+02  2.226053e+01 -4.284473e-16 
  958.000  3.519801e+02  2.317169e+01 -1.110246e-15 
  959.000  3.422135e+02  2.238642e+01 -7.557423e-16 
  960.000  3.361208e+02  2.193408e+01  6.102231e-16 
  961.000  3.272080e+02  2.127518e+01  4.730431e-16 
  962.000  3.344173e+02  2.177026e+01  5.548846e-16 
  963.000  3.728792e+02  2.473075e+01  8.425186e-16 
  964.000  3.746359e+02  2.489742e+01 -1.173843e-15 
  965.000  3.757753e+02  2.489027e+01 -1.651776e-15 
  966.000  3.674137e+02  2.433887e+01  1.502715e-15 
  967.000  4.079088e+02  2.742959e+01 -2.199488e-15 
  968.000  4.543862e+02  3.108581e+01 -7.221956e-16 
  969.000  4.814090e+02  3.306446e+01  1.407900e-16 
  970.000  4.842417e+02  3.322277e+01 -4.323562e-15 
  971.000  4.794485e+02  3.283644e+01 -5.720088e-15 
  972.000  4.759557e+02  3.249189e+01 -3.431552e-15 
  973.000  4.560177e+02  3.097129e+01  7.738072e-16 
  974.000  4.307625e+02  2.906471e+01  1.820537e-15 
  975.000  4.213400e+02  2.826756e+01 -9.495250e-18 
  976.000  4.408993e+02  2.967124e+01  6.447270e-17 
  977.000  4.534559e+02  3.064516e+01  4.200554e-15 
  978.000  4.628572e+02  3.122471e+01  1.946499e-16 
  979.000  4.558319e+02  3.075166e+01  5.232907e-15 
  980.000  4.874671e+02  3.301682e+01 -3.162406e-15 
  981.000  4.966973e+02  3.364089e+01 -2.067827e-15 
  982.000  4.901194e+02  3.310257e+01  1.222990e-15 
  983.000  5.021212e+02  3.398230e+01 -4.085482e-15 
  984.000  5.125219e+02  3.479268e+01 -5.589251e-15 
  985.000  5.202104e+02  3.537246e+01  5.567061e-16 
  986.000  5.261577e+02  3.589706e+01 -4.648415e-15 
  987.000  5.366993e+02  3.664720e+01 -1.953672e-15 
  988.000  5.311749e+02  3.623162e+01  6.068321e-15 
  989.000  5.251349e+02  3.577351e+01  1.172341e-14 
  990.000  5.307275e+02  3.611659e+01  8.556184e-15 
  991.000  5.388959e+02  3.669746e+01  1.352654e-15 
  992.000  5.350261e+02  3.639704e+01 -1.826684e-15 
  993.000  5.354462e+02  3.637267e+01  8.496962e-15 
  994.000  5.415552e+02  3.680113e+01 -1.960021e-14 
  995.000  5.399066e+02  3.669271e+01  6.031126e-15 
  996.000  5.398107e+02  3.662209e+01  4.259494e-14 
  997.000  5.389745e+02  3.645964e+01 -1.506185e-14 
  998.000  5.353065e+02  3.609980e+01  2.550120e-14 
  999.000  5.334250e+02  3.590721e+01 -5.230737e-15 
 1000.000  5.297019e+02  3.560752e+01  5.761739e-15 
 1001.000  5.291846e+02  3.542531e+01 -1.060012e-15 
 1002.000  5.229669e+02  3.482487e+01 -4.856372e-15 
 1003.000  5.181860e+02  3.447499e+01  9.353983e-15 
 1004.000  5.169877e+02  3.440631e+01  9.735335e-15 
 1005.000  4.842304e+02  3.220224e+01  1.803969e-14 
 1006.000  5.101357e+02  3.387765e+01 -2.287364e-14 
 1007.000  5.184357e+02  3.434484e+01  8.448622e-15 
 1008.000  5.162772e+02  3.404438e+01  9.600421e-15 
 1009.000  5.073656e+02  3.328327e+01 -1.354187e-15 
 1010.000  5.118965e+02  3.357355e+01  4.160573e-16 
 1011.000  5.153380e+02  3.387428e+01  1.246944e-14 
 1012.000  5.179154e+02  3.404115e+01 -1.014100e-14 
 1013.000  5.160245e+02  3.390457e+01 -8.961599e-17 
 1014.000  5.201581e+02  3.413768e+01 -7.002111e-15 
 1015.000  5.107401e+02  3.346632e+01  3.156446e-14 
 1016.000  5.148228e+02  3.368827e+01  5.735422e-15 
 1017.000  5.102536e+02  3.334602e+01 -7.027467e-15 
 1018.000  5.159284e+02  3.362973e+01 -1.666740e-14 
 1019.000  5.022375e+02  3.264070e+01  7.352426e-15 
 1020.000  5.019160e+02  3.258210e+01  2.080671e-15 
 1021.000  5.083354e+02  3.297018e+01 -1.317150e-15 
 1022.000  4.984240e+02  3.222090e+01  1.205834e-15 
 1023.000  5.060242e+02  3.260711e+01 -1.197259e-15 
 1024.000  5.022907e+02  3.228325e+01 -3.584096e-15 
 1025.000  5.058192e+02  3.254509e+01  3.949282e-15 
 1026.000  5.080285e+02  3.266380e+01  1.205836e-14 
 1027.000  5.043891e+02  3.236763e+01 -8.314627e-16 
 1028.000  5.061562e+02  3.243056e+01  5.779853e-15 
 1029.000  5.000350e+02  3.203167e+01 -1.291305e-15 
 1030.000  5.065388e+02  3.243778e+01 -6.779786e-15 
 1031.000  5.057135e+02  3.235332e+01  1.862621e-14 
 1032.000  5.045839e+02  3.224492e+01 -1.475965e-14 
 1033.000  4.954924e+02  3.161515e+01 -4.834877e-17 
 1034.000  5.011089e+02  3.193026e+01  1.479319e-14 
 1035.000  4.959971e+02  3.155702e+01  1.432289e-14 
 1036.000  5.024825e+02  3.191583e+01 -8.478181e-15 
 1037.000  4.920157e+02  3.120098e+01  6.012859e-15 
 1038.000  4.969913e+02  3.146594e+01  3.476975e-14 
 1039.000  4.989164e+02  3.152839e+01  9.120491e-15 
 1040.000  4.929478e+02  3.109424e+01  3.087259e-16 
 1041.000  4.954966e+02  3.119827e+01  1.708126e-15 
 1042.000  4.969597e+02  3.123615e+01 -2.259449e-15 
 1043.000  4.884170e+02  3.064732e+01  1.212472e-14 
 1044.000  4.932251e+02  3.089388e+01  1.418020e-14 
 1045.000  4.909211e+02  3.068773e+01  1.584282e-14 
 1046.000  4.765190e+02  2.973096e+01  5.226941e-16 
 1047.000  4.851500e+02  3.021200e+01 -9.664568e-16 
 1048.000  4.899102e+02  3.045205e+01  8.235986e-15 
 1049.000  4.867163e+02  3.019916e+01 -2.033368e-14 
 1050.000  4.835894e+02  2.994463e+01 -8.827741e-15 
 1051.000  4.832428e+02  2.985605e+01  2.868329e-15 
 1052.000  4.807868e+02  2.964517e+01 -1.505947e-16 
 1053.000  4.810211e+02  2.960928e+01 -1.079803e-14 
 1054.000  4.757139e+02  2.921779e+01  1.880564e-14 
 1055.000  4.788552e+02  2.934604e+01  3.862889e-15 
 1056.000  4.773332e+02  2.919241e+01  1.223969e-14 
 1057.000  4.757051e+02  2.901235e+01 -6.065469e-15 
 1058.000  4.691745e+02  2.850784e+01  3.894428e-15 
 1059.000  4.546272e+02  2.758358e+01  1.691604e-15 
 1060.000  4.719544e+02  2.862016e+01 -1.093541e-14 
 1061.000  4.553020e+02  2.756635e+01 -2.993735e-15 
 1062.000  4.670377e+02  2.820355e+01 -1.113324e-14 
 1063.000  4.589378e+02  2.766850e+01  2.616182e-15 
 1064.000  4.641539e+02  2.791711e+01  4.451096e-15 
 1065.000  4.624328e+02  2.773718e+01 -4.082438e-16 
 1066.000  4.483587e+02  2.685919e+01  1.645644e-15 
 1067.000  4.584971e+02  2.741048e+01  3.322191e-15 
 1068.000  4.543740e+02  2.707381e+01 -1.060019e-16 
 1069.000  4.188098e+02  2.488652e+01 -3.432455e-15 
 1070.000  4.438350e+02  2.634097e+01 -3.762324e-15 
 1071.000  4.429860e+02  2.621644e+01 -5.054777e-15 
 1072.000  4.427558e+02  2.613209e+01 -5.962815e-15 
 1073.000  4.278097e+02  2.520798e+01  2.625747e-15 
 1074.000  4.429758e+02  2.606974e+01 -5.255092e-15 
 1075.000  4.313929e+02  2.539890e+01 -1.779186e-15 
 1076.000  4.393205e+02  2.579895e+01  9.895179e-16 
 1077.000  4.363759e+02  2.555234e+01  4.919418e-15 
 1078.000  4.353163e+02  2.541344e+01 -1.428974e-15 
 1079.000  4.180873e+02  2.436870e+01  6.786024e-15 
 1080.000  4.243812e+02  2.460884e+01 -1.454523e-15 
 1081.000  4.084490e+02  2.364842e+01 -3.779670e-15 
 1082.000  4.162230e+02  2.410246e+01  1.529065e-15 
 1083.000  4.018834e+02  2.319647e+01  9.635426e-16 
 1084.000  4.136867e+02  2.380149e+01  6.323509e-15 
 1085.000  4.000076e+02  2.290089e+01 -3.905612e-15 
 1086.000  4.071228e+02  2.329328e+01  3.164438e-15 
 1087.000  3.907209e+02  2.241698e+01  5.287997e-15 
 1088.000  4.148214e+02  2.377294e+01 -4.074586e-15 
 1089.000  3.881732e+02  2.210249e+01  3.587397e-15 
 1090.000  3.944926e+02  2.241245e+01  1.979500e-15 
 1091.000  3.990897e+02  2.265845e+01  1.997097e-15 
 1092.000  3.843947e+02  2.174846e+01  2.542643e-15 
 1093.000  3.677873e+02  2.070064e+01 -8.520492e-16 
 1094.000  3.300244e+02  1.852153e+01  7.709264e-16 
 1095.000  3.579702e+02  2.006451e+01 -3.160251e-15 
 1096.000  3.571147e+02  1.998628e+01 -9.883111e-16 
 1097.000  3.498849e+02  1.953436e+01 -5.534469e-16 
 1098.000  3.170035e+02  1.746943e+01 -1.780623e-15 
 1099.000  2.932675e+02  1.586230e+01  6.903117e-16 
 1100.000  2.998381e+02  1.621461e+01  2.492095e-16 
