  400.000  9.881539e+02  3.395245e+02 -1.923151e-13 
  401.000  9.831471e+02  3.343752e+02 -5.410762e-14 
  402.000  1.042925e+03  3.511262e+02  7.423696e-14 
  403.000  9.776841e+02  3.258572e+02  2.150276e-13 
  404.000  1.051546e+03  3.469756e+02  2.962560e-13 
  405.000  9.651334e+02  3.152968e+02  4.521884e-14 
  406.000  9.586159e+02  3.100739e+02  1.932828e-13 
  407.000  9.343541e+02  2.992575e+02  8.295504e-14 
  408.000  1.012980e+03  3.212699e+02  2.114419e-13 
  409.000  1.122043e+03  3.523992e+02 -2.079466e-13 
  410.000  9.387171e+02  2.919697e+02 -6.894246e-14 
  411.000  1.103043e+03  3.397767e+02  1.230935e-14 
  412.000  1.143640e+03  3.489049e+02  1.105569e-13 
  413.000  1.080975e+03  3.266455e+02  8.066717e-14 
  414.000  1.061594e+03  3.177377e+02  9.064906e-14 
  415.000  1.132804e+03  3.358568e+02  3.402051e-14 
  416.000  1.126459e+03  3.308400e+02  1.179644e-13 
  417.000  1.092714e+03  3.179298e+02  1.655630e-13 
  418.000  1.069446e+03  3.082662e+02  2.048519e-13 
  419.000  1.096183e+03  3.130474e+02  2.292196e-13 
  420.000  9.282556e+02  2.626480e+02  9.170502e-16 
  421.000  1.163516e+03  3.261992e+02  4.504128e-14 
  422.000  1.115358e+03  3.098508e+02 -7.402022e-14 
  423.000  9.423732e+02  2.594243e+02  3.573796e-14 
  424.000  1.036977e+03  2.828950e+02  3.031649e-15 
  425.000  1.074423e+03  2.904756e+02  1.007056e-13 
  426.000  1.033230e+03  2.768397e+02  1.796650e-13 
  427.000  9.942404e+02  2.640213e+02 -1.456028e-13 
  428.000  1.007144e+03  2.650782e+02 -8.820294e-14 
  429.000  9.166198e+02  2.391249e+02  7.041900e-14 
  430.000  7.317202e+02  1.892124e+02  3.305547e-14 
  431.000  6.581219e+02  1.686943e+02  4.962493e-14 
  432.000  1.185055e+03  3.011194e+02 -2.291401e-13 
  433.000  1.055244e+03  2.658134e+02 -2.442157e-13 
  434.000  1.003314e+03  2.505556e+02  1.258973e-13 
  435.000  1.091958e+03  2.703541e+02  4.195318e-14 
  436.000  1.211232e+03  2.973239e+02  2.264059e-13 
  437.000  1.223333e+03  2.977409e+02 -1.510462e-13 
  438.000  1.096217e+03  2.645433e+02  1.095224e-13 
  439.000  1.061132e+03  2.539187e+02  9.393416e-14 
  440.000  1.189709e+03  2.822932e+02  1.313967e-13 
  441.000  1.186241e+03  2.791135e+02 -6.005225e-15 
  442.000  1.249763e+03  2.916043e+02  3.263177e-13 
  443.000  1.258538e+03  2.912068e+02 -2.152067e-13 
  444.000  1.250780e+03  2.870090e+02 -4.521380e-14 
  445.000  1.316121e+03  2.994987e+02 -4.263012e-14 
  446.000  1.171942e+03  2.644780e+02 -2.112075e-13 
  447.000  1.337039e+03  2.992741e+02 -2.045827e-13 
  448.000  1.359668e+03  3.019134e+02 -1.520692e-13 
  449.000  1.369270e+03  3.016471e+02 -2.318219e-13 
  450.000  1.399477e+03  3.058725e+02 -2.331863e-13 
  451.000  1.512833e+03  3.280388e+02  3.628522e-13 
  452.000  1.406739e+03  3.026255e+02 -2.710505e-14 
  453.000  1.306181e+03  2.787775e+02 -1.669872e-13 
  454.000  1.392954e+03  2.949583e+02  2.757638e-13 
  455.000  1.403103e+03  2.947766e+02 -4.326107e-13 
  456.000  1.437569e+03  2.996494e+02  1.206416e-13 
  457.000  1.446083e+03  2.990762e+02  1.347579e-14 
  458.000  1.421101e+03  2.916286e+02  1.036907e-13 
  459.000  1.421376e+03  2.894258e+02  7.401024e-14 
  460.000  1.409446e+03  2.847840e+02 -1.557892e-13 
  461.000  1.460998e+03  2.929344e+02  2.631484e-14 
  462.000  1.437645e+03  2.860450e+02  7.313882e-14 
  463.000  1.438437e+03  2.840182e+02  1.649626e-13 
  464.000  1.443359e+03  2.828374e+02  1.739219e-13 
  465.000  1.422456e+03  2.766409e+02 -3.777062e-14 
  466.000  1.467680e+03  2.832890e+02 -3.128205e-14 
  467.000  1.416029e+03  2.712640e+02  1.168476e-14 
  468.000  1.499278e+03  2.850410e+02  4.026075e-14 
  469.000  1.486363e+03  2.804337e+02  1.233238e-13 
  470.000  1.466113e+03  2.744911e+02 -1.006087e-13 
  471.000  1.463686e+03  2.719151e+02  1.633372e-13 
  472.000  1.481808e+03  2.731373e+02  7.005544e-15 
  473.000  1.465959e+03  2.680912e+02  2.861931e-13 
  474.000  1.478023e+03  2.681546e+02  3.683689e-14 
  475.000  1.538065e+03  2.767437e+02  0.000000e+00 
  476.000  1.491107e+03  2.659903e+02  1.569482e-13 
  477.000  1.477695e+03  2.614284e+02 -2.418019e-13 
  478.000  1.550685e+03  2.725015e+02  2.459154e-13 
  479.000  1.480031e+03  2.585489e+02  1.757890e-13 
  480.000  1.508849e+03  2.620815e+02  5.784988e-14 
  481.000  1.499363e+03  2.588833e+02  1.833793e-13 
  482.000  1.530453e+03  2.626115e+02 -1.309369e-13 
  483.000  1.531847e+03  2.611603e+02  4.725387e-14 
  484.000  1.472807e+03  2.494281e+02  7.637023e-14 
  485.000  1.483582e+03  2.495550e+02  9.678200e-14 
  486.000  1.202800e+03  2.009489e+02  3.870677e-13 
  487.000  1.351786e+03  2.243008e+02 -5.725567e-14 
  488.000  1.467659e+03  2.418659e+02  6.452100e-14 
  489.000  1.364238e+03  2.232908e+02  2.040342e-13 
  490.000  1.553031e+03  2.524652e+02 -3.303573e-13 
  491.000  1.453327e+03  2.346514e+02  6.113752e-14 
  492.000  1.396714e+03  2.239799e+02  1.743099e-14 
  493.000  1.504388e+03  2.396165e+02  2.167727e-13 
  494.000  1.453441e+03  2.299394e+02  1.452724e-13 
  495.000  1.553852e+03  2.441745e+02 -6.112374e-14 
  496.000  1.513668e+03  2.362616e+02 -5.620105e-15 
  497.000  1.468665e+03  2.277056e+02  1.815194e-13 
  498.000  1.434288e+03  2.208958e+02 -2.427932e-14 
  499.000  1.431152e+03  2.189480e+02 -7.498445e-14 
  500.000  1.425174e+03  2.165904e+02  1.603797e-13 
  501.000  1.393553e+03  2.103851e+02  3.213606e-14 
  502.000  1.384747e+03  2.076807e+02 -1.276200e-13 
  503.000  1.467636e+03  2.186709e+02 -1.677144e-13 
  504.000  1.365804e+03  2.021689e+02  2.148681e-13 
  505.000  1.473489e+03  2.166865e+02 -6.894305e-14 
  506.000  1.577449e+03  2.304833e+02 -2.922301e-13 
  507.000  1.467702e+03  2.130759e+02 -1.369704e-13 
  508.000  1.407540e+03  2.030406e+02 -6.612476e-14 
  509.000  1.517800e+03  2.175562e+02  5.328394e-14 
  510.000  1.470655e+03  2.094628e+02 -1.804614e-13 
  511.000  1.471099e+03  2.082011e+02  7.726827e-14 
  512.000  1.544014e+03  2.171436e+02 -1.551037e-13 
  513.000  1.413132e+03  1.974898e+02  4.936322e-14 
  514.000  1.383483e+03  1.921370e+02 -1.571398e-14 
  515.000  1.412398e+03  1.949302e+02  9.499058e-14 
  516.000  1.483668e+03  2.034901e+02 -9.968616e-14 
  517.000  1.093009e+03  1.489746e+02  4.643362e-14 
  518.000  1.353321e+03  1.833072e+02  1.378260e-13 
  519.000  1.282251e+03  1.726044e+02  2.435019e-14 
  520.000  1.411837e+03  1.888750e+02  9.227326e-14 
  521.000  1.412738e+03  1.878293e+02 -2.335257e-14 
  522.000  1.468938e+03  1.940941e+02  7.636828e-14 
  523.000  1.368543e+03  1.797049e+02 -8.432631e-14 
  524.000  1.484960e+03  1.937864e+02  0.000000e+00 
  525.000  1.473237e+03  1.910668e+02 -1.363395e-13 
  526.000  1.404133e+03  1.809921e+02 -8.244486e-14 
  527.000  1.226741e+03  1.571573e+02 -9.465206e-14 
  528.000  1.473533e+03  1.876194e+02 -3.021929e-14 
  529.000  1.515587e+03  1.917987e+02 -2.721140e-13 
  530.000  1.432298e+03  1.801606e+02  1.397389e-13 
  531.000  1.559269e+03  1.949495e+02 -7.259713e-14 
  532.000  1.487718e+03  1.848951e+02  1.550895e-14 
  533.000  1.306721e+03  1.614486e+02 -1.555483e-13 
  534.000  1.420960e+03  1.745583e+02 -2.287458e-15 
  535.000  1.449755e+03  1.770931e+02 -1.390414e-14 
  536.000  1.538312e+03  1.868537e+02  1.057261e-13 
  537.000  1.427177e+03  1.723750e+02  9.913748e-14 
  538.000  1.493977e+03  1.794181e+02 -1.716101e-13 
  539.000  1.489086e+03  1.778137e+02  3.680471e-14 
  540.000  1.457322e+03  1.730304e+02  2.135262e-13 
  541.000  1.336401e+03  1.577723e+02 -7.336058e-14 
  542.000  1.490843e+03  1.750069e+02 -1.659341e-13 
  543.000  1.426146e+03  1.664644e+02  0.000000e+00 
  544.000  1.504385e+03  1.746025e+02  8.240254e-14 
  545.000  1.482186e+03  1.710537e+02  0.000000e+00 
  546.000  1.449435e+03  1.663309e+02 -4.942862e-14 
  547.000  1.511234e+03  1.724499e+02 -6.225429e-14 
  548.000  1.402404e+03  1.591353e+02 -1.388434e-13 
  549.000  1.476156e+03  1.665700e+02  2.349089e-13 
  550.000  1.444188e+03  1.620548e+02  4.799363e-14 
  551.000  1.435833e+03  1.602186e+02 -1.135788e-13 
  552.000  1.498453e+03  1.662776e+02 -1.777739e-14 
  553.000  1.440452e+03  1.589540e+02 -3.531096e-14 
  554.000  1.488247e+03  1.633187e+02  1.164179e-13 
  555.000  1.493180e+03  1.629551e+02 -1.769690e-14 
  556.000  1.452764e+03  1.576705e+02  5.048569e-14 
  557.000  1.410382e+03  1.522255e+02  1.269418e-13 
  558.000  1.464712e+03  1.572182e+02  1.618515e-13 
  559.000  1.385182e+03  1.478629e+02 -1.098752e-15 
  560.000  1.391966e+03  1.477657e+02  6.150713e-14 
  561.000  1.530582e+03  1.615796e+02  1.062974e-13 
  562.000  1.405210e+03  1.474594e+02 -1.874716e-13 
  563.000  1.470810e+03  1.534783e+02  1.985678e-13 
  564.000  1.450658e+03  1.505118e+02 -7.389031e-14 
  565.000  1.468182e+03  1.514211e+02  2.285204e-13 
  566.000  1.354347e+03  1.389061e+02  2.301091e-14 
  567.000  1.451899e+03  1.478623e+02  3.850161e-14 
  568.000  1.441662e+03  1.450897e+02  6.560335e-14 
  569.000  1.396542e+03  1.383859e+02  1.830940e-14 
  570.000  1.407792e+03  1.389559e+02 -5.951721e-15 
  571.000  1.371431e+03  1.356737e+02  1.101542e-15 
  572.000  1.438478e+03  1.405226e+02 -1.032938e-14 
  573.000  1.458388e+03  1.419969e+02  1.416457e-14 
  574.000  1.452512e+03  1.407658e+02 -1.107957e-14 
  575.000  1.417133e+03  1.365387e+02  3.487587e-14 
  576.000  1.391927e+03  1.333842e+02 -2.767883e-15 
  577.000  1.454008e+03  1.388375e+02  1.631590e-14 
  578.000  1.416557e+03  1.350657e+02  8.470599e-15 
  579.000  1.408975e+03  1.339859e+02 -3.243720e-14 
  580.000  1.459323e+03  1.382663e+02  4.618089e-14 
  581.000  1.436282e+03  1.357777e+02 -4.750529e-14 
  582.000  1.459555e+03  1.374678e+02  1.489300e-14 
  583.000  1.470127e+03  1.377855e+02  3.476438e-15 
  584.000  1.465958e+03  1.367243e+02 -5.568362e-14 
  585.000  1.456460e+03  1.351324e+02  1.595804e-14 
  586.000  1.394218e+03  1.286988e+02 -3.541822e-14 
  587.000  1.442849e+03  1.319860e+02 -4.673857e-15 
  588.000  1.403317e+03  1.260247e+02  4.930145e-15 
  589.000  1.210426e+03  1.066438e+02  1.745366e-14 
  590.000  1.261881e+03  1.105399e+02 -7.413621e-14 
  591.000  1.366473e+03  1.201744e+02 -4.346167e-15 
  592.000  1.327486e+03  1.156222e+02 -6.784823e-16 
  593.000  1.370386e+03  1.200792e+02  3.963866e-14 
  594.000  1.376937e+03  1.197372e+02 -9.390484e-15 
  595.000  1.331093e+03  1.143323e+02 -2.243835e-14 
  596.000  1.393945e+03  1.204874e+02  3.049034e-14 
  597.000  1.392924e+03  1.195202e+02  1.548745e-14 
  598.000  1.377172e+03  1.182322e+02 -2.771619e-14 
  599.000  1.383429e+03  1.185076e+02  3.929819e-14 
  600.000  1.395377e+03  1.197054e+02  1.030883e-14 
  601.000  1.395804e+03  1.197159e+02 -7.053806e-15 
  602.000  1.383882e+03  1.183891e+02 -2.789695e-14 
  603.000  1.395344e+03  1.190545e+02  7.659848e-14 
  604.000  1.441982e+03  1.226511e+02 -1.734004e-13 
  605.000  1.439753e+03  1.219741e+02 -4.763609e-14 
  606.000  1.423879e+03  1.200872e+02 -1.531871e-14 
  607.000  1.416676e+03  1.189405e+02  1.881562e-13 
  608.000  1.412161e+03  1.180165e+02  1.364458e-13 
  609.000  1.398309e+03  1.163193e+02 -8.891037e-14 
  610.000  1.376510e+03  1.139773e+02  0.000000e+00 
  611.000  1.399402e+03  1.153373e+02 -1.605582e-14 
  612.000  1.381721e+03  1.133537e+02 -6.122776e-14 
  613.000  1.362052e+03  1.112228e+02 -8.626971e-14 
  614.000  1.313362e+03  1.067497e+02 -1.241621e-13 
  615.000  1.376770e+03  1.113863e+02 -4.510323e-14 
  616.000  1.309502e+03  1.054533e+02  2.590347e-14 
  617.000  1.317336e+03  1.055903e+02  1.001943e-13 
  618.000  1.379897e+03  1.100867e+02  6.189007e-14 
  619.000  1.367630e+03  1.085921e+02 -7.480477e-14 
  620.000  1.388194e+03  1.097017e+02  1.581385e-14 
  621.000  1.412389e+03  1.110789e+02 -6.325416e-14 
  622.000  1.338116e+03  1.047288e+02  4.467662e-14 
  623.000  1.348738e+03  1.050408e+02  0.000000e+00 
  624.000  1.350363e+03  1.046530e+02 -5.837849e-14 
  625.000  1.313890e+03  1.013261e+02  2.989975e-14 
  626.000  1.319655e+03  1.011781e+02 -4.308379e-14 
  627.000  1.333901e+03  1.011088e+02 -6.844068e-14 
  628.000  1.305822e+03  9.725204e+01  4.305101e-14 
  629.000  1.341562e+03  9.999695e+01  3.296264e-14 
  630.000  1.304974e+03  9.728491e+01  5.137277e-14 
  631.000  1.355400e+03  1.008639e+02  6.084168e-14 
  632.000  1.254797e+03  9.254038e+01 -2.564652e-14 
  633.000  1.356118e+03  1.002114e+02 -4.699265e-15 
  634.000  1.318051e+03  9.714948e+01  5.498296e-14 
  635.000  1.341850e+03  9.845018e+01  3.405455e-14 
  636.000  1.296118e+03  9.481112e+01  0.000000e+00 
  637.000  1.340002e+03  9.767352e+01  3.484261e-14 
  638.000  1.365225e+03  9.943977e+01  8.694653e-14 
  639.000  1.354216e+03  9.821656e+01 -1.003325e-13 
  640.000  1.313919e+03  9.505541e+01  5.585281e-14 
  641.000  1.332917e+03  9.600105e+01  7.051406e-14 
  642.000  1.318580e+03  9.468062e+01 -4.115421e-14 
  643.000  1.338809e+03  9.545830e+01 -1.396856e-14 
  644.000  1.323643e+03  9.396596e+01 -9.217894e-14 
  645.000  1.330718e+03  9.377764e+01  1.373197e-14 
  646.000  1.261501e+03  8.754278e+01  1.031049e-14 
  647.000  1.265734e+03  8.694580e+01  6.835027e-15 
  648.000  1.249008e+03  8.496069e+01  3.725417e-15 
  649.000  1.286590e+03  8.755736e+01  1.043133e-14 
  650.000  1.215201e+03  8.328738e+01 -3.031241e-14 
  651.000  1.309090e+03  8.933848e+01  1.861186e-14 
  652.000  1.262661e+03  8.495448e+01 -2.874271e-14 
  653.000  1.313210e+03  8.902101e+01  5.716091e-14 
  654.000  1.293462e+03  8.718114e+01 -1.352561e-14 
  655.000  1.250703e+03  8.356558e+01 -5.209893e-14 
  656.000  1.064547e+03  7.093681e+01  3.162236e-14 
  657.000  1.140651e+03  7.587981e+01 -1.491765e-14 
  658.000  1.278946e+03  8.512914e+01 -5.969253e-15 
  659.000  1.286971e+03  8.556985e+01  1.189672e-14 
  660.000  1.299309e+03  8.615122e+01  3.516594e-14 
  661.000  1.311408e+03  8.696148e+01 -6.727061e-14 
  662.000  1.333113e+03  8.823169e+01 -2.725421e-14 
  663.000  1.317902e+03  8.681422e+01  1.241746e-13 
  664.000  1.298101e+03  8.522590e+01 -2.745157e-14 
  665.000  1.304738e+03  8.536337e+01  3.894176e-14 
  666.000  1.321711e+03  8.619621e+01  1.441334e-14 
  667.000  1.296389e+03  8.425126e+01  0.000000e+00 
  668.000  1.304859e+03  8.452414e+01 -1.890955e-13 
  669.000  1.324238e+03  8.546027e+01  4.314339e-14 
  670.000  1.308879e+03  8.414439e+01 -1.609106e-13 
  671.000  1.295560e+03  8.297366e+01  9.266492e-14 
  672.000  1.291766e+03  8.240983e+01 -4.010178e-14 
  673.000  1.301430e+03  8.270387e+01  5.445707e-14 
  674.000  1.304358e+03  8.256833e+01  1.410715e-14 
  675.000  1.284829e+03  8.101777e+01 -5.182123e-14 
  676.000  1.309461e+03  8.225084e+01  2.638879e-14 
  677.000  1.283797e+03  8.032706e+01  2.771069e-14 
  678.000  1.305419e+03  8.136539e+01 -4.035165e-14 
  679.000  1.287191e+03  7.990959e+01 -7.768032e-14 
  680.000  1.276842e+03  7.890320e+01 -5.323597e-14 
  681.000  1.277562e+03  7.856931e+01 -2.572820e-14 
  682.000  1.274772e+03  7.807143e+01 -3.942312e-14 
  683.000  1.282939e+03  7.822274e+01 -5.167719e-14 
  684.000  1.258326e+03  7.630549e+01  5.259308e-14 
  685.000  1.273856e+03  7.702353e+01  1.181864e-13 
  686.000  1.216176e+03  7.304914e+01 -8.834520e-16 
  687.000  1.078616e+03  6.225407e+01 -1.263312e-14 
  688.000  1.124623e+03  6.517085e+01  1.100106e-15 
  689.000  1.113195e+03  6.408415e+01  4.889379e-16 
  690.000  1.142409e+03  6.580804e+01 -6.394627e-15 
  691.000  1.172679e+03  6.765105e+01  2.702538e-14 
  692.000  1.172281e+03  6.744001e+01  3.078776e-14 
  693.000  1.140995e+03  6.473980e+01 -6.891697e-14 
  694.000  1.114667e+03  6.249714e+01  6.981651e-15 
  695.000  1.115669e+03  6.256951e+01 -5.786513e-15 
  696.000  1.141482e+03  6.396053e+01  1.836890e-14 
  697.000  1.206303e+03  6.852352e+01  4.782186e-14 
  698.000  1.170233e+03  6.591147e+01 -8.499445e-15 
  699.000  1.134427e+03  6.274950e+01  4.093354e-15 
  700.000  1.130050e+03  6.238478e+01  3.068280e-14 
  701.000  1.092238e+03  5.991300e+01 -1.530438e-15 
  702.000  1.095625e+03  5.999145e+01  6.220095e-15 
  703.000  1.157443e+03  6.387777e+01  2.233804e-15 
  704.000  1.162672e+03  6.396814e+01  1.352059e-14 
  705.000  1.151972e+03  6.281506e+01  2.588301e-14 
  706.000  1.143427e+03  6.218116e+01  4.569944e-14 
  707.000  1.132896e+03  6.149504e+01 -4.498038e-15 
  708.000  1.173274e+03  6.358749e+01  3.102675e-14 
  709.000  1.146424e+03  6.219992e+01 -1.222883e-14 
  710.000  1.156465e+03  6.219786e+01  1.713547e-14 
  711.000  1.161113e+03  6.253565e+01  9.707070e-16 
  712.000  1.158688e+03  6.249109e+01 -1.047076e-14 
  713.000  1.142369e+03  6.112057e+01 -2.071544e-14 
  714.000  1.157569e+03  6.161338e+01 -7.649729e-15 
  715.000  1.098675e+03  5.791931e+01  9.209505e-15 
  716.000  1.107308e+03  5.782052e+01 -5.440484e-14 
  717.000  9.607061e+02  4.863102e+01 -1.265303e-14 
  718.000  8.857875e+02  4.364557e+01  1.368261e-16 
  719.000  8.509395e+02  4.137230e+01  1.586360e-15 
  720.000  8.217283e+02  3.928998e+01 -2.453287e-20 
  721.000  9.810184e+02  4.928512e+01  6.366690e-15 
  722.000  1.056077e+03  5.355917e+01  1.204770e-14 
  723.000  1.018706e+03  5.112238e+01 -5.482689e-16 
  724.000  9.281469e+02  4.527707e+01 -2.434500e-14 
  725.000  9.312445e+02  4.544730e+01 -3.675956e-14 
  726.000  9.251773e+02  4.494038e+01  1.202140e-14 
  727.000  9.522603e+02  4.628725e+01 -9.694519e-14 
  728.000  9.215815e+02  4.445483e+01  0.000000e+00 
  729.000  9.194526e+02  4.467159e+01 -1.176459e-14 
  730.000  9.473996e+02  4.581799e+01  0.000000e+00 
  731.000  9.246329e+02  4.449469e+01 -6.778353e-14 
  732.000  1.003456e+03  4.886042e+01  5.810795e-15 
  733.000  1.047991e+03  5.152464e+01 -1.210150e-14 
  734.000  1.099589e+03  5.429243e+01 -9.187727e-15 
  735.000  1.080390e+03  5.302806e+01 -6.079863e-14 
  736.000  1.041401e+03  5.071868e+01  5.592906e-16 
  737.000  1.069567e+03  5.209029e+01 -3.100540e-15 
  738.000  1.086558e+03  5.301496e+01 -3.508362e-14 
  739.000  1.059733e+03  5.166589e+01 -4.490445e-14 
  740.000  1.088497e+03  5.324013e+01  2.896461e-14 
  741.000  1.090621e+03  5.340434e+01  8.852164e-15 
  742.000  1.077117e+03  5.267279e+01  2.784144e-14 
  743.000  1.118868e+03  5.479905e+01  7.607411e-15 
  744.000  1.133971e+03  5.546434e+01  0.000000e+00 
  745.000  1.107862e+03  5.411608e+01 -8.785498e-14 
  746.000  1.125953e+03  5.490128e+01 -3.310199e-14 
  747.000  1.144023e+03  5.560643e+01  8.004399e-14 
  748.000  1.125075e+03  5.457212e+01  0.000000e+00 
  749.000  1.126278e+03  5.447530e+01  7.776454e-14 
  750.000  1.108989e+03  5.342462e+01 -1.161347e-14 
  751.000  1.106393e+03  5.312458e+01  3.319592e-14 
  752.000  1.125134e+03  5.390381e+01 -4.387673e-14 
  753.000  1.115144e+03  5.326488e+01 -7.526793e-14 
  754.000  1.133079e+03  5.395319e+01  4.413084e-14 
  755.000  1.126833e+03  5.348116e+01  1.096838e-13 
  756.000  1.105044e+03  5.227742e+01  2.150525e-14 
  757.000  1.113331e+03  5.249726e+01  0.000000e+00 
  758.000  1.110801e+03  5.215964e+01  0.000000e+00 
  759.000  1.004959e+03  4.585154e+01 -5.573984e-15 
  760.000  3.993769e+02  1.552985e+01 -3.999398e-18 
  761.000  3.471496e+02  1.317937e+01  1.620045e-15 
  762.000  6.668901e+02  2.791623e+01 -3.787544e-21 
  763.000  5.776559e+02  2.338906e+01 -6.753103e-16 
  764.000  6.324843e+02  2.588801e+01  1.384773e-15 
  765.000  7.580074e+02  3.215827e+01  4.037929e-14 
  766.000  8.622797e+02  3.787465e+01  1.374955e-14 
  767.000  9.455842e+02  4.186744e+01  1.079791e-14 
  768.000  1.030322e+03  4.595023e+01  6.156904e-14 
  769.000  1.057289e+03  4.746264e+01  6.485717e-14 
  770.000  1.066231e+03  4.797946e+01 -2.802743e-15 
  771.000  1.074457e+03  4.835904e+01 -3.205783e-14 
  772.000  1.072032e+03  4.813767e+01 -2.376600e-14 
  773.000  1.068467e+03  4.784251e+01  0.000000e+00 
  774.000  1.080587e+03  4.825034e+01 -3.210705e-14 
  775.000  1.040451e+03  4.632268e+01 -6.323074e-14 
  776.000  1.083707e+03  4.810545e+01 -2.093914e-14 
  777.000  1.076303e+03  4.762426e+01  9.282370e-14 
  778.000  1.070512e+03  4.721151e+01  1.876312e-13 
  779.000  1.073990e+03  4.720900e+01 -3.187238e-14 
  780.000  1.060711e+03  4.647266e+01 -6.148898e-14 
  781.000  1.059662e+03  4.630244e+01 -1.242221e-13 
  782.000  1.072412e+03  4.670562e+01 -9.610187e-15 
  783.000  1.047359e+03  4.546611e+01 -9.386270e-15 
  784.000  1.052724e+03  4.553260e+01  6.102525e-14 
  785.000  1.052245e+03  4.525422e+01  4.155245e-14 
  786.000  1.029002e+03  4.396661e+01  2.794454e-14 
  787.000  1.032704e+03  4.368858e+01 -2.857504e-14 
  788.000  1.011222e+03  4.251076e+01  4.230495e-14 
  789.000  9.956760e+02  4.134472e+01  4.354123e-14 
  790.000  9.837230e+02  4.069283e+01  8.416540e-15 
  791.000  9.826661e+02  4.058347e+01  3.834564e-15 
  792.000  9.708138e+02  4.002952e+01 -1.794332e-15 
  793.000  9.784443e+02  4.036868e+01  8.878702e-15 
  794.000  9.862916e+02  4.094832e+01  2.423684e-14 
  795.000  9.700591e+02  3.990989e+01 -2.820400e-14 
  796.000  9.571849e+02  3.879258e+01 -6.548872e-15 
  797.000  9.716544e+02  3.937433e+01  5.161773e-15 
  798.000  9.909402e+02  4.034696e+01 -1.638324e-14 
  799.000  9.859017e+02  3.994188e+01 -2.290216e-15 
  800.000  9.470066e+02  3.803992e+01 -2.190948e-14 
  801.000  9.662250e+02  3.871791e+01 -3.805923e-14 
  802.000  9.630232e+02  3.845399e+01  9.240415e-15 
  803.000  9.512104e+02  3.789680e+01 -1.348764e-14 
  804.000  9.662126e+02  3.847700e+01 -2.005973e-14 
  805.000  9.516684e+02  3.799096e+01 -7.818548e-15 
  806.000  9.847753e+02  3.934141e+01 -1.159958e-14 
  807.000  9.792463e+02  3.900960e+01 -2.117818e-14 
  808.000  9.691406e+02  3.840727e+01 -2.783298e-14 
  809.000  9.477228e+02  3.735168e+01 -1.037373e-14 
  810.000  9.379012e+02  3.675804e+01  8.431734e-15 
  811.000  9.413467e+02  3.660975e+01 -1.004046e-14 
  812.000  9.224918e+02  3.557468e+01  1.433312e-14 
  813.000  8.995110e+02  3.439288e+01  3.588924e-16 
  814.000  8.732106e+02  3.308040e+01 -9.333928e-15 
  815.000  8.330628e+02  3.123337e+01  1.804668e-14 
  816.000  7.875924e+02  2.916739e+01 -7.595145e-16 
  817.000  7.941699e+02  2.932952e+01 -1.142473e-16 
  818.000  7.923384e+02  2.919933e+01  2.941459e-13 
  819.000  7.833986e+02  2.888788e+01  9.796563e-15 
  820.000  8.092172e+02  3.004249e+01 -1.299032e-14 
  821.000  8.854703e+02  3.317158e+01 -4.175610e-15 
  822.000  8.239210e+02  3.049104e+01  0.000000e+00 
  823.000  7.353598e+02  2.646341e+01  2.050833e-16 
  824.000  8.315388e+02  3.049880e+01  8.267146e-16 
  825.000  8.868810e+02  3.288329e+01  1.761343e-15 
  826.000  8.830573e+02  3.257513e+01 -9.179809e-15 
  827.000  8.729669e+02  3.205146e+01 -1.562082e-14 
  828.000  8.340700e+02  3.028151e+01 -4.191015e-15 
  829.000  8.468814e+02  3.074549e+01  5.954236e-18 
  830.000  8.482455e+02  3.081491e+01 -7.905020e-16 
  831.000  8.368720e+02  3.034689e+01 -5.513799e-15 
  832.000  8.558054e+02  3.097156e+01  1.730667e-15 
  833.000  8.375773e+02  3.029836e+01 -1.089831e-14 
  834.000  8.599854e+02  3.111628e+01 -8.561459e-15 
  835.000  8.809943e+02  3.200608e+01  8.999569e-15 
  836.000  8.851599e+02  3.199719e+01 -3.446442e-14 
  837.000  8.773185e+02  3.162301e+01 -4.143643e-14 
  838.000  8.898108e+02  3.209752e+01 -1.285851e-14 
  839.000  8.675258e+02  3.128238e+01  3.526335e-14 
  840.000  8.927937e+02  3.213321e+01 -1.648402e-14 
  841.000  8.892998e+02  3.183604e+01 -9.727129e-15 
  842.000  8.890159e+02  3.181223e+01 -4.651284e-15 
  843.000  8.952023e+02  3.214848e+01 -2.600618e-14 
  844.000  8.858649e+02  3.183115e+01 -4.222099e-14 
  845.000  9.019051e+02  3.237067e+01  1.591444e-14 
  846.000  9.126375e+02  3.272383e+01  1.325892e-14 
  847.000  8.840285e+02  3.167529e+01  3.077059e-14 
  848.000  9.053254e+02  3.223875e+01  2.780923e-14 
  849.000  9.075902e+02  3.224246e+01  2.861251e-15 
  850.000  7.827052e+02  2.768468e+01  3.120953e-15 
  851.000  8.939766e+02  3.147633e+01  3.956584e-15 
  852.000  8.603488e+02  3.021395e+01 -6.600687e-15 
  853.000  8.746574e+02  3.072413e+01 -7.439046e-15 
  854.000  7.030317e+02  2.462374e+01  8.871393e-15 
  855.000  7.758418e+02  2.714253e+01 -2.270465e-15 
  856.000  8.847776e+02  3.096685e+01 -3.070841e-14 
  857.000  9.007609e+02  3.149386e+01  2.129278e-14 
  858.000  8.872845e+02  3.096500e+01  0.000000e+00 
  859.000  8.891765e+02  3.100689e+01 -4.306095e-14 
  860.000  8.821923e+02  3.070859e+01 -3.364135e-14 
  861.000  8.822584e+02  3.063146e+01  1.621383e-14 
  862.000  8.798531e+02  3.047998e+01 -2.694115e-14 
  863.000  8.967786e+02  3.098384e+01  0.000000e+00 
  864.000  8.953475e+02  3.086121e+01  7.606970e-14 
  865.000  8.789639e+02  3.022302e+01  4.360145e-14 
  866.000  7.373716e+02  2.528767e+01  6.508907e-15 
  867.000  7.852151e+02  2.685424e+01 -3.094358e-14 
  868.000  8.516690e+02  2.904967e+01 -8.099034e-14 
  869.000  8.398443e+02  2.857191e+01  1.711692e-14 
  870.000  8.744671e+02  2.966774e+01  7.543280e-14 
  871.000  8.733519e+02  2.955306e+01 -1.660613e-14 
  872.000  8.700805e+02  2.936995e+01 -4.075038e-14 
  873.000  8.734126e+02  2.939712e+01 -8.422475e-14 
  874.000  8.542050e+02  2.867049e+01 -6.497621e-14 
  875.000  8.463618e+02  2.833072e+01  0.000000e+00 
  876.000  8.531198e+02  2.847054e+01  4.116580e-14 
  877.000  8.700059e+02  2.895162e+01 -3.252395e-14 
  878.000  8.539716e+02  2.830711e+01 -1.687196e-14 
  879.000  8.559031e+02  2.829381e+01  5.014992e-14 
  880.000  8.500131e+02  2.799461e+01  2.378032e-14 
  881.000  8.053397e+02  2.643750e+01  4.127400e-15 
  882.000  8.493227e+02  2.779185e+01  0.000000e+00 
  883.000  8.304623e+02  2.711850e+01  1.219821e-14 
  884.000  8.377335e+02  2.729014e+01  4.862632e-14 
  885.000  8.443955e+02  2.737506e+01 -3.759996e-15 
  886.000  8.140222e+02  2.626163e+01  1.421670e-14 
  887.000  8.078043e+02  2.603370e+01  0.000000e+00 
  888.000  8.318663e+02  2.673516e+01 -4.283266e-15 
  889.000  8.380571e+02  2.688142e+01 -2.412932e-14 
  890.000  8.336563e+02  2.663794e+01 -2.462147e-15 
  891.000  8.254432e+02  2.622445e+01  1.778412e-16 
  892.000  8.141091e+02  2.564215e+01  8.393332e-15 
  893.000  7.574715e+02  2.346990e+01 -2.917236e-14 
  894.000  7.691054e+02  2.363871e+01 -2.468823e-15 
  895.000  6.913120e+02  2.095088e+01 -4.198326e-15 
  896.000  6.779850e+02  2.029805e+01  2.022535e-17 
  897.000  6.215066e+02  1.832992e+01  4.650946e-17 
  898.000  6.038189e+02  1.763691e+01 -4.661238e-17 
  899.000  5.533560e+02  1.576800e+01 -2.332004e-17 
  900.000  5.460838e+02  1.556826e+01  2.273212e-17 
  901.000  5.224326e+02  1.476852e+01  0.000000e+00 
  902.000  5.154095e+02  1.456107e+01 -1.078093e-20 
  903.000  6.267144e+02  1.827033e+01  0.000000e+00 
  904.000  6.903203e+02  2.033105e+01 -2.257176e-14 
  905.000  6.868072e+02  2.018255e+01  0.000000e+00 
  906.000  6.352048e+02  1.848512e+01  4.268945e-16 
  907.000  5.880066e+02  1.676028e+01 -1.427377e-15 
  908.000  5.363431e+02  1.499447e+01  2.565471e-16 
  909.000  5.284555e+02  1.474428e+01  5.478211e-16 
  910.000  5.399536e+02  1.506633e+01  2.563171e-16 
  911.000  5.618801e+02  1.581229e+01 -2.229984e-17 
  912.000  5.517135e+02  1.541035e+01  8.280833e-16 
  913.000  5.154665e+02  1.402393e+01 -8.177916e-16 
  914.000  5.361180e+02  1.472648e+01  0.000000e+00 
  915.000  5.457449e+02  1.510112e+01  2.220261e-17 
  916.000  5.579199e+02  1.544453e+01  4.445418e-20 
  917.000  5.599335e+02  1.554494e+01  4.422544e-17 
  918.000  5.709665e+02  1.591234e+01 -8.700894e-20 
  919.000  6.269572e+02  1.770597e+01  3.591289e-15 
  920.000  6.588126e+02  1.873173e+01 -2.748577e-14 
  921.000  6.364843e+02  1.803024e+01 -2.706363e-14 
  922.000  6.301658e+02  1.780879e+01 -2.699270e-14 
  923.000  5.939766e+02  1.670752e+01 -2.754986e-14 
  924.000  5.949130e+02  1.659012e+01 -3.505639e-15 
  925.000  6.002850e+02  1.667434e+01  0.000000e+00 
  926.000  5.768982e+02  1.594303e+01 -1.032725e-15 
  927.000  5.693026e+02  1.552225e+01 -1.712557e-19 
  928.000  5.294384e+02  1.410435e+01  4.480752e-16 
  929.000  4.634671e+02  1.192274e+01  1.133025e-16 
  930.000  3.935651e+02  9.751135e+00 -2.080399e-23 
  931.000  3.238479e+02  7.742764e+00 -2.975151e-17 
  932.000  2.389491e+02  5.439821e+00 -2.131856e-18 
  933.000  1.887850e+02  4.150716e+00 -7.189895e-18 
  934.000  1.428758e+02  3.020366e+00  2.105394e-20 
  935.000  1.360178e+02  2.854647e+00 -3.486349e-18 
  936.000  1.503579e+02  3.194032e+00  2.253628e-39 
  937.000  1.501904e+02  3.174881e+00 -4.755581e-17 
  938.000  2.000203e+02  4.395637e+00 -4.761144e-33 
  939.000  3.693701e+02  8.783419e+00  2.780622e-17 
  940.000  3.973992e+02  9.566815e+00 -9.068276e-17 
  941.000  3.644933e+02  8.665050e+00 -5.664035e-17 
  942.000  2.961212e+02  6.854328e+00  1.496185e-25 
  943.000  2.272827e+02  5.039898e+00  1.381151e-17 
  944.000  2.153485e+02  4.746007e+00  7.697853e-18 
  945.000  2.447910e+02  5.460110e+00  3.698247e-17 
  946.000  2.502830e+02  5.580552e+00 -1.946344e-17 
  947.000  2.765546e+02  6.244565e+00  2.722745e-17 
  948.000  2.952011e+02  6.706799e+00  2.736463e-17 
  949.000  2.947066e+02  6.683542e+00  3.130700e-24 
  950.000  2.973888e+02  6.746620e+00 -5.453860e-17 
  951.000  3.346763e+02  7.711124e+00  2.576242e-18 
  952.000  2.944426e+02  6.660326e+00  2.711103e-17 
  953.000  3.230492e+02  7.395730e+00  1.285382e-18 
  954.000  3.529091e+02  8.190753e+00  5.338259e-17 
  955.000  3.062705e+02  7.025275e+00  0.000000e+00 
  956.000  3.226267e+02  7.388201e+00 -2.664457e-17 
  957.000  4.076802e+02  9.695006e+00 -1.060973e-16 
  958.000  4.236962e+02  1.013051e+01 -3.697128e-16 
  959.000  4.111380e+02  9.751865e+00  6.390113e-17 
  960.000  4.036674e+02  9.545671e+00  0.000000e+00 
  961.000  3.925852e+02  9.240182e+00  4.522726e-18 
  962.000  4.017703e+02  9.474213e+00 -1.007141e-17 
  963.000  4.515182e+02  1.090647e+01 -9.529186e-17 
  964.000  4.542078e+02  1.100013e+01  0.000000e+00 
  965.000  4.553604e+02  1.098389e+01  1.053788e-16 
  966.000  4.455027e+02  1.074888e+01  4.939667e-16 
  967.000  4.972675e+02  1.222945e+01 -2.104177e-16 
  968.000  5.586382e+02  1.408000e+01 -1.145266e-17 
  969.000  5.940593e+02  1.506756e+01  5.944232e-15 
  970.000  5.976963e+02  1.514052e+01  2.679246e-14 
  971.000  5.917156e+02  1.495558e+01  2.671439e-14 
  972.000  5.867670e+02  1.476496e+01  5.788973e-15 
  973.000  5.608204e+02  1.400840e+01 -3.092289e-15 
  974.000  5.281949e+02  1.306931e+01  3.888754e-17 
  975.000  5.156398e+02  1.265851e+01  4.496833e-16 
  976.000  5.408033e+02  1.333931e+01  3.123553e-19 
  977.000  5.582792e+02  1.386410e+01  2.874358e-16 
  978.000  5.697045e+02  1.411518e+01  3.315083e-15 
  979.000  5.616281e+02  1.392126e+01 -1.896182e-14 
  980.000  6.028462e+02  1.503282e+01  5.793006e-16 
  981.000  6.147671e+02  1.533190e+01 -2.870349e-15 
  982.000  6.061554e+02  1.506314e+01  3.275354e-15 
  983.000  6.221674e+02  1.550505e+01  3.886734e-15 
  984.000  6.362560e+02  1.592038e+01  8.064873e-15 
  985.000  6.464789e+02  1.621187e+01 -2.990910e-14 
  986.000  6.547499e+02  1.649411e+01 -9.203686e-15 
  987.000  6.682468e+02  1.685596e+01  2.434987e-15 
  988.000  6.614382e+02  1.666312e+01 -7.764457e-15 
  989.000  6.539495e+02  1.644846e+01  1.401717e-14 
  990.000  6.609782e+02  1.660443e+01 -4.409522e-15 
  991.000  6.714553e+02  1.688679e+01 -6.437199e-15 
  992.000  6.666925e+02  1.674705e+01 -1.762251e-14 
  993.000  6.672153e+02  1.673001e+01 -1.542032e-14 
  994.000  6.751312e+02  1.694012e+01  3.439504e-15 
  995.000  6.732398e+02  1.690035e+01  0.000000e+00 
  996.000  6.730807e+02  1.685903e+01 -1.615044e-14 
  997.000  6.718661e+02  1.676366e+01  0.000000e+00 
  998.000  6.671330e+02  1.658633e+01  4.005624e-15 
  999.000  6.646305e+02  1.647797e+01 -1.746712e-15 
 1000.000  6.599960e+02  1.633556e+01 -1.612528e-14 
 1001.000  6.590009e+02  1.622072e+01 -2.344670e-14 
 1002.000  6.507245e+02  1.590505e+01  3.394682e-15 
 1003.000  6.448546e+02  1.574484e+01  5.245767e-15 
 1004.000  6.436067e+02  1.572434e+01 -1.193517e-14 
 1005.000  6.029114e+02  1.471818e+01  4.644280e-15 
 1006.000  6.351819e+02  1.547966e+01  4.317698e-15 
 1007.000  6.453853e+02  1.567891e+01  8.070344e-15 
 1008.000  6.422664e+02  1.550832e+01  1.821261e-14 
 1009.000  6.306244e+02  1.512411e+01 -2.127468e-15 
 1010.000  6.364603e+02  1.526217e+01  1.515634e-15 
 1011.000  6.412752e+02  1.542669e+01  3.437304e-15 
 1012.000  6.446679e+02  1.551025e+01 -1.706040e-14 
 1013.000  6.424578e+02  1.545321e+01 -1.500000e-14 
 1014.000  6.476479e+02  1.555776e+01 -1.723405e-14 
 1015.000  6.359106e+02  1.524609e+01  2.531788e-14 
 1016.000  6.410970e+02  1.535166e+01 -1.139615e-14 
 1017.000  6.354041e+02  1.518520e+01  0.000000e+00 
 1018.000  6.423729e+02  1.530851e+01 -7.101763e-15 
 1019.000  6.250508e+02  1.483185e+01  1.431048e-14 
 1020.000  6.246923e+02  1.480352e+01 -9.792874e-15 
 1021.000  6.328500e+02  1.498937e+01 -7.609045e-15 
 1022.000  6.202062e+02  1.462048e+01  1.178615e-14 
 1023.000  6.294498e+02  1.477665e+01  2.071105e-15 
 1024.000  6.246716e+02  1.461654e+01 -1.654241e-14 
 1025.000  6.293944e+02  1.475259e+01 -7.657398e-15 
 1026.000  6.323450e+02  1.481796e+01 -3.002650e-15 
 1027.000  6.276732e+02  1.466691e+01  4.176708e-16 
 1028.000  6.299762e+02  1.470005e+01  7.066984e-15 
 1029.000  6.224927e+02  1.451848e+01  1.495867e-14 
 1030.000  6.307193e+02  1.470902e+01  5.527650e-15 
 1031.000  6.297592e+02  1.467168e+01 -3.180461e-15 
 1032.000  6.283836e+02  1.462158e+01  1.225043e-14 
 1033.000  6.170844e+02  1.433261e+01  5.804000e-15 
 1034.000  6.241053e+02  1.447320e+01 -2.974427e-14 
 1035.000  6.177640e+02  1.430099e+01  1.118754e-14 
 1036.000  6.258613e+02  1.445924e+01 -3.611326e-14 
 1037.000  6.128459e+02  1.413176e+01 -6.167794e-15 
 1038.000  6.190227e+02  1.424678e+01 -2.905547e-14 
 1039.000  6.214091e+02  1.426903e+01  5.835910e-15 
 1040.000  6.139713e+02  1.406709e+01 -5.767838e-15 
 1041.000  6.171399e+02  1.410875e+01  2.941179e-14 
 1042.000  6.189504e+02  1.412073e+01  2.368319e-14 
 1043.000  6.083015e+02  1.384978e+01 -5.716086e-15 
 1044.000  6.142902e+02  1.395629e+01 -5.773478e-15 
 1045.000  6.114299e+02  1.385751e+01 -5.750967e-15 
 1046.000  5.935019e+02  1.342059e+01 -1.416299e-14 
 1047.000  6.042493e+02  1.363215e+01  3.048882e-15 
 1048.000  6.102320e+02  1.373683e+01 -5.748615e-15 
 1049.000  6.063378e+02  1.362035e+01  0.000000e+00 
 1050.000  6.024584e+02  1.350033e+01 -1.481795e-14 
 1051.000  6.019921e+02  1.345263e+01  1.137126e-14 
 1052.000  5.989539e+02  1.335283e+01 -1.435600e-14 
 1053.000  5.993000e+02  1.333441e+01 -5.664059e-15 
 1054.000  5.927030e+02  1.315229e+01 -3.005742e-15 
 1055.000  5.966111e+02  1.320360e+01 -1.433542e-14 
 1056.000  5.947631e+02  1.313040e+01  8.663605e-15 
 1057.000  5.927123e+02  1.303988e+01  8.658247e-15 
 1058.000  5.844807e+02  1.279721e+01  5.990319e-15 
 1059.000  5.664462e+02  1.238253e+01  2.242982e-14 
 1060.000  5.882086e+02  1.285498e+01  0.000000e+00 
 1061.000  5.674734e+02  1.237433e+01 -1.081697e-14 
 1062.000  5.820491e+02  1.264603e+01  5.166120e-15 
 1063.000  5.719922e+02  1.239889e+01  5.867543e-15 
 1064.000  5.784616e+02  1.249782e+01 -1.190042e-14 
 1065.000  5.761714e+02  1.239998e+01  0.000000e+00 
 1066.000  5.586287e+02  1.200106e+01  0.000000e+00 
 1067.000  5.711785e+02  1.224247e+01 -8.633171e-15 
 1068.000  5.656275e+02  1.206095e+01 -5.124323e-15 
 1069.000  5.209789e+02  1.106600e+01  6.640041e-16 
 1070.000  5.519323e+02  1.170208e+01 -6.414451e-15 
 1071.000  5.505104e+02  1.162599e+01 -1.159050e-15 
 1072.000  5.498996e+02  1.156965e+01 -3.066455e-14 
 1073.000  5.311498e+02  1.114870e+01 -2.372803e-13 
 1074.000  5.498477e+02  1.152055e+01 -1.241092e-13 
 1075.000  5.355690e+02  1.122570e+01  7.897351e-15 
 1076.000  5.451104e+02  1.138490e+01 -2.028190e-14 
 1077.000  5.411111e+02  1.125686e+01  3.952009e-15 
 1078.000  5.394203e+02  1.117574e+01  4.240291e-16 
 1079.000  5.179166e+02  1.070599e+01 -6.784854e-16 
 1080.000  5.249601e+02  1.077862e+01  6.919656e-15 
 1081.000  5.051200e+02  1.034873e+01 -7.815137e-15 
 1082.000  5.149204e+02  1.054931e+01  8.040789e-18 
 1083.000  4.967504e+02  1.013290e+01  4.736288e-16 
 1084.000  5.108794e+02  1.037680e+01 -4.895818e-15 
 1085.000  4.930537e+02  9.950033e+00  2.140541e-15 
 1086.000  5.019381e+02  1.011889e+01  0.000000e+00 
 1087.000  4.825457e+02  9.759693e+00  2.119141e-15 
 1088.000  5.122834e+02  1.034433e+01  4.859854e-15 
 1089.000  4.781913e+02  9.575230e+00  3.921940e-18 
 1090.000  4.856806e+02  9.695460e+00 -5.035007e-15 
 1091.000  4.914762e+02  9.800771e+00  1.218257e-16 
 1092.000  4.727364e+02  9.382775e+00  2.244694e-16 
 1093.000  4.510545e+02  8.887715e+00 -2.450220e-15 
 1094.000  4.042238e+02  7.931878e+00 -1.208677e-15 
 1095.000  4.384693e+02  8.588606e+00  4.835516e-15 
 1096.000  4.374047e+02  8.549526e+00 -1.186421e-16 
 1097.000  4.282176e+02  8.341005e+00  0.000000e+00 
 1098.000  3.853043e+02  7.367293e+00  1.533463e-16 
 1099.000  3.542401e+02  6.613758e+00  1.479936e-17 
 1100.000  3.622686e+02  6.760151e+00 -7.875648e-17 
