  400.000  1.833623e+01  1.173007e+02  1.837614e-14 
  401.000  1.860966e+01  1.162597e+02 -6.278863e-15 
  402.000  2.013312e+01  1.228584e+02 -8.024078e-15 
  403.000  1.924382e+01  1.147344e+02  1.034362e-14 
  404.000  2.109848e+01  1.229327e+02 -1.159315e-14 
  405.000  1.973434e+01  1.123989e+02 -3.139442e-15 
  406.000  1.997155e+01  1.112159e+02 -2.290083e-14 
  407.000  1.982994e+01  1.079908e+02 -3.591934e-16 
  408.000  2.189562e+01  1.166354e+02 -2.134385e-15 
  409.000  2.469505e+01  1.287034e+02  3.933551e-15 
  410.000  2.103200e+01  1.072665e+02  2.661488e-14 
  411.000  2.515262e+01  1.255644e+02  2.686153e-14 
  412.000  2.653506e+01  1.296882e+02  2.117732e-14 
  413.000  2.551654e+01  1.221176e+02  1.135848e-14 
  414.000  2.547173e+01  1.193964e+02 -1.026646e-14 
  415.000  2.764742e+01  1.269517e+02  1.932599e-14 
  416.000  2.795740e+01  1.257859e+02  1.832611e-14 
  417.000  2.757077e+01  1.215682e+02  1.024540e-14 
  418.000  2.742353e+01  1.185247e+02 -6.186691e-15 
  419.000  2.856083e+01  1.210210e+02  3.378766e-14 
  420.000  2.456965e+01  1.020874e+02 -9.352441e-15 
  421.000  3.128175e+01  1.274725e+02 -5.412810e-15 
  422.000  3.045532e+01  1.217334e+02 -2.892029e-15 
  423.000  2.612968e+01  1.024649e+02 -2.526920e-14 
  424.000  2.919154e+01  1.123224e+02 -2.009762e-15 
  425.000  3.069673e+01  1.159210e+02  1.038926e-15 
  426.000  2.995475e+01  1.110379e+02 -1.895690e-15 
  427.000  2.924429e+01  1.064276e+02  8.350556e-15 
  428.000  3.004853e+01  1.073769e+02 -2.129812e-14 
  429.000  2.773421e+01  9.733003e+01 -8.751378e-16 
  430.000  2.244828e+01  7.738068e+01 -7.023975e-15 
  431.000  2.046911e+01  6.931549e+01 -2.324334e-16 
  432.000  3.736051e+01  1.243067e+02 -2.661135e-14 
  433.000  3.371645e+01  1.102403e+02 -1.495102e-14 
  434.000  3.248487e+01  1.043900e+02  5.924337e-17 
  435.000  3.582096e+01  1.131515e+02  3.517990e-14 
  436.000  4.025069e+01  1.249992e+02  2.221598e-14 
  437.000  4.117505e+01  1.257318e+02 -2.629293e-14 
  438.000  3.736431e+01  1.122044e+02 -2.251014e-14 
  439.000  3.662257e+01  1.081686e+02  7.101993e-15 
  440.000  4.156610e+01  1.207724e+02 -4.786765e-14 
  441.000  4.194846e+01  1.199180e+02  3.176802e-15 
  442.000  4.472218e+01  1.258064e+02  4.559971e-15 
  443.000  4.556437e+01  1.261499e+02  2.621992e-14 
  444.000  4.580521e+01  1.248326e+02 -3.282202e-14 
  445.000  4.874027e+01  1.307772e+02 -3.604605e-15 
  446.000  4.387458e+01  1.159252e+02  2.173435e-14 
  447.000  5.062532e+01  1.317101e+02  1.860095e-15 
  448.000  5.210910e+01  1.334622e+02 -3.150982e-14 
  449.000  5.312342e+01  1.339467e+02 -1.634472e-14 
  450.000  5.494975e+01  1.364236e+02 -9.868902e-16 
  451.000  6.009008e+01  1.469259e+02 -1.252823e-14 
  452.000  5.650279e+01  1.360893e+02 -1.276631e-14 
  453.000  5.303938e+01  1.258584e+02  1.258742e-14 
  454.000  5.717112e+01  1.336772e+02 -6.563566e-15 
  455.000  5.818263e+01  1.340666e+02 -8.938047e-15 
  456.000  6.019332e+01  1.367065e+02 -1.926403e-14 
  457.000  6.114035e+01  1.368708e+02  3.599743e-14 
  458.000  6.066196e+01  1.338729e+02 -7.695608e-15 
  459.000  6.124466e+01  1.332603e+02 -4.583419e-15 
  460.000  6.129714e+01  1.315138e+02  3.599029e-14 
  461.000  6.412544e+01  1.356764e+02 -4.405205e-14 
  462.000  6.367151e+01  1.328674e+02  2.391663e-14 
  463.000  6.427740e+01  1.323069e+02  1.408962e-14 
  464.000  6.516828e+01  1.323284e+02  8.390132e-15 
  465.000  6.488082e+01  1.299816e+02  4.067927e-15 
  466.000  6.761387e+01  1.336623e+02  4.736948e-14 
  467.000  6.587048e+01  1.285107e+02 -6.139957e-15 
  468.000  7.033475e+01  1.354485e+02  7.304244e-15 
  469.000  7.025677e+01  1.335861e+02  2.368820e-14 
  470.000  6.978271e+01  1.310426e+02 -9.731578e-15 
  471.000  7.010513e+01  1.300599e+02  2.680779e-14 
  472.000  7.136662e+01  1.308352e+02 -1.507005e-14 
  473.000  7.091425e+01  1.285055e+02  2.364581e-15 
  474.000  7.176624e+01  1.285873e+02 -1.460596e-14 
  475.000  7.479678e+01  1.326291e+02 -2.229630e-14 
  476.000  7.246284e+01  1.272751e+02  3.604111e-15 
  477.000  7.187804e+01  1.249714e+02  3.173452e-14 
  478.000  7.615722e+01  1.306416e+02  1.985478e-14 
  479.000  7.371844e+01  1.245630e+02  1.058955e-14 
  480.000  7.629659e+01  1.269479e+02  2.056344e-14 
  481.000  7.684593e+01  1.260005e+02  3.262382e-15 
  482.000  7.940510e+01  1.283968e+02 -2.633044e-14 
  483.000  8.033102e+01  1.281805e+02  1.812093e-14 
  484.000  7.795152e+01  1.228160e+02  1.008683e-15 
  485.000  7.917638e+01  1.232229e+02  2.645928e-14 
  486.000  6.472928e+01  9.953481e+01  1.951662e-14 
  487.000  7.336140e+01  1.114825e+02 -3.896392e-15 
  488.000  8.029945e+01  1.206099e+02 -6.835785e-15 
  489.000  7.523755e+01  1.117075e+02  4.146362e-14 
  490.000  8.632526e+01  1.267065e+02 -5.384466e-14 
  491.000  8.133562e+01  1.180293e+02  4.940535e-14 
  492.000  7.867244e+01  1.128813e+02 -3.115056e-14 
  493.000  8.528219e+01  1.209967e+02 -3.006809e-14 
  494.000  8.291005e+01  1.163280e+02  4.446457e-15 
  495.000  8.919262e+01  1.237621e+02  9.494299e-15 
  496.000  8.729544e+01  1.197985e+02  7.025131e-16 
  497.000  8.509488e+01  1.154992e+02  3.562816e-15 
  498.000  8.348679e+01  1.120821e+02 -2.444951e-15 
  499.000  8.367620e+01  1.111238e+02 -2.450028e-14 
  500.000  8.369513e+01  1.099559e+02  8.887739e-15 
  501.000  8.218197e+01  1.068189e+02 -8.894063e-15 
  502.000  8.200536e+01  1.054599e+02  3.134262e-15 
  503.000  8.727618e+01  1.110549e+02 -2.345490e-14 
  504.000  8.155030e+01  1.026833e+02 -1.963921e-14 
  505.000  8.832672e+01  1.100617e+02 -4.531420e-15 
  506.000  9.513952e+01  1.173255e+02 -5.398670e-14 
  507.000  8.907154e+01  1.087127e+02  5.029645e-15 
  508.000  8.595131e+01  1.038298e+02  6.185018e-15 
  509.000  9.325345e+01  1.115042e+02  3.869520e-15 
  510.000  9.089995e+01  1.075927e+02 -3.439870e-14 
  511.000  9.144006e+01  1.071459e+02  3.122228e-14 
  512.000  9.650155e+01  1.119481e+02 -2.512947e-15 
  513.000  8.880582e+01  1.019971e+02 -1.004881e-14 
  514.000  8.741390e+01  9.940695e+01  1.115086e-14 
  515.000  8.972051e+01  1.010278e+02 -5.294953e-15 
  516.000  9.467648e+01  1.055679e+02 -4.009333e-14 
  517.000  7.001155e+01  7.730983e+01  5.359851e-15 
  518.000  8.700815e+01  9.515378e+01 -1.203524e-14 
  519.000  8.274203e+01  8.962241e+01  1.327176e-14 
  520.000  9.143706e+01  9.809705e+01  7.265102e-15 
  521.000  9.181190e+01  9.757005e+01 -1.211600e-15 
  522.000  9.575671e+01  1.008138e+02  3.182012e-15 
  523.000  8.945125e+01  9.331359e+01  6.890347e-15 
  524.000  9.732346e+01  1.005993e+02  1.345339e-14 
  525.000  9.679576e+01  9.915179e+01 -3.186149e-15 
  526.000  9.251488e+01  9.390514e+01  4.727193e-15 
  527.000  8.100306e+01  8.148219e+01  1.011034e-14 
  528.000  9.748730e+01  9.718890e+01  5.397773e-15 
  529.000  1.004621e+02  9.926489e+01 -3.195491e-15 
  530.000  9.512771e+01  9.316091e+01  1.746737e-14 
  531.000  1.037666e+02  1.007230e+02  2.813348e-15 
  532.000  9.923634e+01  9.546973e+01 -1.029290e-14 
  533.000  8.749728e+01  8.342301e+01  1.722049e-14 
  534.000  9.557983e+01  9.029412e+01  1.276430e-15 
  535.000  9.800398e+01  9.172464e+01 -1.667256e-14 
  536.000  1.044962e+02  9.690054e+01  2.643151e-14 
  537.000  9.738682e+01  8.948960e+01 -1.380089e-16 
  538.000  1.023708e+02  9.323136e+01 -1.966007e-14 
  539.000  1.024399e+02  9.247231e+01 -7.566467e-15 
  540.000  1.006338e+02  9.005006e+01 -1.161151e-15 
  541.000  9.262528e+01  8.216606e+01 -7.046946e-15 
  542.000  1.037000e+02  9.120004e+01  1.186007e-15 
  543.000  9.954665e+01  8.680058e+01  8.428949e-15 
  544.000  1.053350e+02  9.107069e+01  1.008061e-14 
  545.000  1.040735e+02  8.922309e+01 -8.675363e-15 
  546.000  1.020547e+02  8.676073e+01  1.709681e-14 
  547.000  1.067030e+02  8.995565e+01 -3.248688e-14 
  548.000  9.928862e+01  8.301093e+01  1.251073e-15 
  549.000  1.047926e+02  8.688939e+01 -7.341093e-17 
  550.000  1.027610e+02  8.450576e+01  5.076278e-15 
  551.000  1.023606e+02  8.349263e+01 -2.547978e-14 
  552.000  1.070298e+02  8.659389e+01  4.369919e-15 
  553.000  1.030708e+02  8.272130e+01 -2.462363e-14 
  554.000  1.066745e+02  8.493040e+01  5.587690e-15 
  555.000  1.072084e+02  8.467805e+01  3.258363e-14 
  556.000  1.044657e+02  8.186078e+01  5.090773e-15 
  557.000  1.015408e+02  7.894839e+01  8.003813e-15 
  558.000  1.055720e+02  8.144702e+01 -1.286513e-14 
  559.000  9.994157e+01  7.651128e+01 -6.288240e-15 
  560.000  1.005059e+02  7.636189e+01  7.205389e-15 
  561.000  1.105690e+02  8.338226e+01  5.511034e-15 
  562.000  1.013042e+02  7.590809e+01 -1.948183e-14 
  563.000  1.060286e+02  7.888001e+01  6.168771e-15 
  564.000  1.044922e+02  7.720518e+01  7.231754e-15 
  565.000  1.054877e+02  7.746123e+01  5.147748e-15 
  566.000  9.728087e+01  7.092889e+01 -3.548653e-15 
  567.000  1.037716e+02  7.527839e+01 -9.125059e-15 
  568.000  1.011328e+02  7.348467e+01  9.351993e-15 
  569.000  9.399890e+01  6.923146e+01  1.799962e-15 
  570.000  9.529209e+01  6.951113e+01 -5.035855e-15 
  571.000  9.553826e+01  6.817081e+01  4.312606e-15 
  572.000  9.733031e+01  7.000784e+01  3.211364e-15 
  573.000  9.930544e+01  7.070757e+01 -4.059876e-16 
  574.000  9.905825e+01  6.998885e+01 -5.950639e-15 
  575.000  9.647088e+01  6.777088e+01  9.073344e-16 
  576.000  9.488955e+01  6.623114e+01 -1.058962e-14 
  577.000  1.002419e+02  6.911915e+01 -2.405560e-15 
  578.000  9.908463e+01  6.748480e+01 -2.963691e-15 
  579.000  9.990662e+01  6.728702e+01 -4.962929e-15 
  580.000  1.049339e+02  6.992899e+01  7.928226e-16 
  581.000  1.052488e+02  6.925993e+01  1.201844e-14 
  582.000  1.083859e+02  7.060053e+01 -5.518045e-15 
  583.000  1.101572e+02  7.115924e+01 -1.124122e-14 
  584.000  1.106515e+02  7.091910e+01  1.205586e-14 
  585.000  1.106649e+02  7.040089e+01  1.432170e-16 
  586.000  1.065040e+02  6.727085e+01 -1.901042e-14 
  587.000  1.092022e+02  6.903996e+01  6.427919e-15 
  588.000  1.006339e+02  6.483237e+01 -6.779995e-15 
  589.000  7.955449e+01  5.275306e+01  1.327337e-15 
  590.000  8.267206e+01  5.458230e+01 -5.902522e-16 
  591.000  9.535608e+01  6.104770e+01 -1.045181e-15 
  592.000  8.995062e+01  5.791122e+01  3.621367e-15 
  593.000  9.969610e+01  6.207761e+01  2.797572e-15 
  594.000  9.887671e+01  6.153402e+01  6.559605e-15 
  595.000  9.128963e+01  5.749725e+01  4.908703e-16 
  596.000  1.025102e+02  6.242062e+01 -2.384769e-16 
  597.000  1.010010e+02  6.142183e+01 -8.705514e-15 
  598.000  1.027544e+02  6.135015e+01  4.078753e-16 
  599.000  1.044929e+02  6.164243e+01  8.807654e-15 
  600.000  1.081239e+02  6.263555e+01 -6.755337e-16 
  601.000  1.100846e+02  6.275751e+01  4.140718e-15 
  602.000  1.097639e+02  6.198473e+01 -3.756849e-15 
  603.000  1.115016e+02  6.240049e+01 -7.686956e-15 
  604.000  1.162426e+02  6.450790e+01  1.104700e-14 
  605.000  1.169138e+02  6.438473e+01  6.958707e-16 
  606.000  1.162193e+02  6.356752e+01  1.661983e-14 
  607.000  1.161990e+02  6.313110e+01 -1.373111e-14 
  608.000  1.163321e+02  6.279657e+01 -2.721214e-16 
  609.000  1.156625e+02  6.203964e+01 -2.176132e-14 
  610.000  1.143282e+02  6.093922e+01 -7.375036e-15 
  611.000  1.167348e+02  6.183688e+01  1.063505e-14 
  612.000  1.157474e+02  6.093757e+01  1.563371e-14 
  613.000  1.145625e+02  5.994799e+01 -1.104492e-14 
  614.000  1.108976e+02  5.768216e+01  1.333197e-14 
  615.000  1.167030e+02  6.033890e+01  1.247124e-15 
  616.000  1.114108e+02  5.726274e+01  5.916839e-15 
  617.000  1.124601e+02  5.746693e+01 -1.064519e-14 
  618.000  1.181378e+02  6.002466e+01  9.439735e-15 
  619.000  1.173609e+02  5.929946e+01 -8.376382e-15 
  620.000  1.193743e+02  5.998821e+01 -7.509679e-15 
  621.000  1.216560e+02  6.081114e+01 -3.150208e-15 
  622.000  1.153995e+02  5.738726e+01 -8.754927e-15 
  623.000  1.163729e+02  5.758829e+01  8.308892e-16 
  624.000  1.165813e+02  5.740847e+01  7.168641e-15 
  625.000  1.134678e+02  5.560713e+01  2.803101e-15 
  626.000  1.134565e+02  5.543879e+01 -1.853899e-14 
  627.000  1.124587e+02  5.524492e+01 -5.768619e-15 
  628.000  1.041768e+02  5.184299e+01  2.417446e-15 
  629.000  1.101599e+02  5.414739e+01  7.163109e-16 
  630.000  1.094759e+02  5.305431e+01  3.209625e-15 
  631.000  1.152766e+02  5.535164e+01 -3.437666e-16 
  632.000  1.054317e+02  5.075645e+01 -5.007486e-15 
  633.000  1.172877e+02  5.554461e+01  9.858971e-16 
  634.000  1.156031e+02  5.417392e+01 -1.518583e-14 
  635.000  1.185398e+02  5.522295e+01 -2.605193e-15 
  636.000  1.158346e+02  5.352591e+01  1.836483e-15 
  637.000  1.209181e+02  5.546741e+01  7.450747e-15 
  638.000  1.252396e+02  5.683788e+01  0.000000e+00 
  639.000  1.250341e+02  5.640147e+01  5.702374e-15 
  640.000  1.227005e+02  5.489394e+01 -1.960833e-15 
  641.000  1.252576e+02  5.570827e+01  3.475793e-15 
  642.000  1.249566e+02  5.516659e+01  5.513618e-15 
  643.000  1.265079e+02  5.572306e+01 -5.112846e-15 
  644.000  1.255787e+02  5.501068e+01  2.096593e-15 
  645.000  1.254251e+02  5.497219e+01 -5.563138e-15 
  646.000  1.138422e+02  5.063898e+01  1.289672e-14 
  647.000  1.108389e+02  4.967800e+01  2.365014e-15 
  648.000  1.057336e+02  4.778271e+01 -1.892221e-15 
  649.000  1.127848e+02  5.011782e+01  1.466880e-15 
  650.000  1.135729e+02  4.901914e+01  3.525085e-16 
  651.000  1.226933e+02  5.268069e+01  1.600673e-14 
  652.000  1.125104e+02  4.906786e+01  4.306653e-15 
  653.000  1.247740e+02  5.284111e+01  5.525659e-15 
  654.000  1.224504e+02  5.173019e+01  5.887546e-15 
  655.000  1.161088e+02  4.924080e+01  1.713881e-15 
  656.000  9.988126e+01  4.201054e+01 -1.150682e-15 
  657.000  1.086392e+02  4.523391e+01  2.116131e-15 
  658.000  1.247320e+02  5.121549e+01 -1.691525e-15 
  659.000  1.273983e+02  5.177045e+01 -2.086698e-15 
  660.000  1.296681e+02  5.230353e+01  5.393957e-15 
  661.000  1.331983e+02  5.304306e+01 -1.923256e-15 
  662.000  1.367117e+02  5.400654e+01  7.058147e-15 
  663.000  1.352680e+02  5.320878e+01 -3.005884e-15 
  664.000  1.339892e+02  5.238010e+01  2.757048e-14 
  665.000  1.352356e+02  5.256686e+01  1.341821e-14 
  666.000  1.377256e+02  5.320964e+01  7.085982e-15 
  667.000  1.357033e+02  5.213006e+01  2.740696e-14 
  668.000  1.374683e+02  5.247472e+01 -2.529136e-14 
  669.000  1.401568e+02  5.319902e+01 -3.234025e-15 
  670.000  1.390555e+02  5.250054e+01 -2.697699e-14 
  671.000  1.382104e+02  5.189785e+01  1.450618e-14 
  672.000  1.382754e+02  5.165487e+01 -4.313116e-14 
  673.000  1.397697e+02  5.194683e+01  3.297414e-14 
  674.000  1.405398e+02  5.196820e+01 -9.989738e-15 
  675.000  1.388882e+02  5.109734e+01  5.207047e-15 
  676.000  1.419815e+02  5.197396e+01 -6.834027e-15 
  677.000  1.396000e+02  5.084649e+01 -3.347820e-15 
  678.000  1.423629e+02  5.159362e+01  6.685978e-15 
  679.000  1.406513e+02  5.073658e+01 -7.278359e-15 
  680.000  1.393880e+02  5.010110e+01 -1.261717e-14 
  681.000  1.395548e+02  4.995881e+01 -1.332590e-14 
  682.000  1.394618e+02  4.970414e+01  2.612851e-14 
  683.000  1.405884e+02  4.988840e+01 -3.056739e-14 
  684.000  1.376897e+02  4.871313e+01  4.531912e-15 
  685.000  1.401652e+02  4.928963e+01 -1.142719e-15 
  686.000  1.329572e+02  4.664997e+01  4.945632e-15 
  687.000  9.043436e+01  3.401021e+01  2.761201e-15 
  688.000  1.033955e+02  3.775894e+01  1.698772e-15 
  689.000  9.966628e+01  3.649828e+01 -1.182956e-16 
  690.000  1.073506e+02  3.868578e+01 -4.735877e-15 
  691.000  1.161892e+02  4.122194e+01  1.486265e-15 
  692.000  1.182762e+02  4.175423e+01  1.905212e-15 
  693.000  1.084219e+02  3.907613e+01  2.976269e-15 
  694.000  9.955753e+01  3.661479e+01  2.708492e-15 
  695.000  1.035895e+02  3.744573e+01 -4.454270e-16 
  696.000  1.087320e+02  3.881325e+01 -5.612701e-15 
  697.000  1.281315e+02  4.379948e+01  4.732380e-17 
  698.000  1.217160e+02  4.180025e+01  1.108345e-15 
  699.000  1.070571e+02  3.787497e+01 -2.684158e-16 
  700.000  1.084058e+02  3.799356e+01  2.160788e-15 
  701.000  1.025966e+02  3.606921e+01  2.523277e-15 
  702.000  1.047349e+02  3.645383e+01  6.041557e-16 
  703.000  1.202580e+02  4.052092e+01 -1.348831e-15 
  704.000  1.214337e+02  4.067669e+01  2.777628e-15 
  705.000  1.165654e+02  3.932715e+01 -4.958010e-15 
  706.000  1.166321e+02  3.908251e+01 -4.277832e-15 
  707.000  1.171105e+02  3.890383e+01  1.616391e-15 
  708.000  1.230361e+02  4.049989e+01 -4.602312e-15 
  709.000  1.235553e+02  4.009220e+01  7.419197e-16 
  710.000  1.213461e+02  3.961996e+01 -2.248041e-15 
  711.000  1.254756e+02  4.035871e+01 -2.655372e-15 
  712.000  1.283496e+02  4.071495e+01  3.151511e-15 
  713.000  1.241839e+02  3.954585e+01 -4.008150e-15 
  714.000  1.249647e+02  3.975259e+01 -9.554249e-16 
  715.000  1.146630e+02  3.680106e+01  8.067515e-15 
  716.000  1.110734e+02  3.602167e+01  8.763780e-16 
  717.000  7.675295e+01  2.714331e+01  4.591614e-16 
  718.000  6.079939e+01  2.297147e+01 -6.016487e-16 
  719.000  5.508376e+01  2.130696e+01 -2.172601e-17 
  720.000  4.931544e+01  1.966640e+01  1.735500e-17 
  721.000  8.316656e+01  2.823857e+01 -8.018222e-20 
  722.000  1.005993e+02  3.250622e+01 -9.157362e-16 
  723.000  9.116450e+01  3.003770e+01 -9.086282e-17 
  724.000  6.882118e+01  2.454938e+01 -4.410640e-16 
  725.000  7.088986e+01  2.489404e+01 -8.357512e-16 
  726.000  6.996311e+01  2.454978e+01 -5.000906e-16 
  727.000  7.414391e+01  2.557555e+01 -9.399317e-17 
  728.000  6.987092e+01  2.430360e+01 -4.438380e-16 
  729.000  7.516597e+01  2.517304e+01 -1.473278e-15 
  730.000  7.686293e+01  2.573149e+01  3.655011e-16 
  731.000  7.428571e+01  2.488381e+01  6.523076e-16 
  732.000  9.106129e+01  2.882049e+01 -1.196758e-15 
  733.000  1.067962e+02  3.226428e+01  1.262651e-15 
  734.000  1.186009e+02  3.501273e+01  4.591127e-15 
  735.000  1.146749e+02  3.390294e+01  1.793609e-15 
  736.000  1.069556e+02  3.183208e+01  3.427478e-15 
  737.000  1.129254e+02  3.317834e+01 -6.189353e-15 
  738.000  1.190356e+02  3.440643e+01 -1.096210e-15 
  739.000  1.180562e+02  3.378675e+01  1.100964e-15 
  740.000  1.255752e+02  3.532022e+01 -6.533814e-15 
  741.000  1.284183e+02  3.568269e+01  2.234600e-15 
  742.000  1.280043e+02  3.529848e+01  3.364144e-15 
  743.000  1.354286e+02  3.691373e+01  2.543249e-15 
  744.000  1.382858e+02  3.738570e+01  4.012370e-16 
  745.000  1.360120e+02  3.652858e+01 -9.816711e-15 
  746.000  1.389958e+02  3.710702e+01  6.500146e-15 
  747.000  1.415082e+02  3.761387e+01  4.402997e-15 
  748.000  1.397999e+02  3.695906e+01  3.161272e-14 
  749.000  1.403578e+02  3.693535e+01 -9.819256e-15 
  750.000  1.380385e+02  3.621185e+01 -1.499608e-14 
  751.000  1.379136e+02  3.603226e+01  1.515014e-14 
  752.000  1.410159e+02  3.664116e+01  1.234033e-14 
  753.000  1.402185e+02  3.626328e+01 -2.881047e-14 
  754.000  1.428227e+02  3.677459e+01 -2.275141e-14 
  755.000  1.422359e+02  3.647651e+01  3.369264e-14 
  756.000  1.396956e+02  3.568033e+01  8.450472e-15 
  757.000  1.408969e+02  3.584578e+01 -1.353822e-15 
  758.000  1.399507e+02  3.550010e+01 -1.061692e-15 
  759.000  1.110033e+02  2.915683e+01 -1.292562e-15 
  760.000  9.930058e+00  4.543611e+00  1.421759e-18 
  761.000  6.926653e+00  3.570384e+00  2.104012e-17 
  762.000  3.918076e+01  1.232083e+01 -3.892382e-18 
  763.000  2.569258e+01  8.867194e+00  2.416897e-16 
  764.000  3.247727e+01  1.059744e+01 -1.582888e-16 
  765.000  5.221959e+01  1.545609e+01  1.668135e-15 
  766.000  8.044859e+01  2.151908e+01 -3.252258e-15 
  767.000  1.012739e+02  2.602797e+01 -4.276501e-15 
  768.000  1.203369e+02  3.016635e+01  6.620800e-16 
  769.000  1.303620e+02  3.206777e+01 -5.348041e-15 
  770.000  1.355860e+02  3.300283e+01  5.464406e-15 
  771.000  1.382808e+02  3.336885e+01 -6.522614e-15 
  772.000  1.385146e+02  3.327095e+01  2.224715e-15 
  773.000  1.383111e+02  3.308806e+01 -2.004922e-14 
  774.000  1.402290e+02  3.341680e+01  8.495785e-15 
  775.000  1.353735e+02  3.212703e+01 -1.805164e-16 
  776.000  1.413451e+02  3.340431e+01 -2.673769e-14 
  777.000  1.404594e+02  3.307521e+01 -7.057763e-15 
  778.000  1.396552e+02  3.277676e+01 -1.385493e-15 
  779.000  1.400588e+02  3.276214e+01 -9.730665e-15 
  780.000  1.384233e+02  3.225923e+01  7.870069e-15 
  781.000  1.386818e+02  3.217688e+01  5.022911e-15 
  782.000  1.402835e+02  3.244211e+01  8.322666e-15 
  783.000  1.370935e+02  3.158801e+01 -2.049686e-14 
  784.000  1.376443e+02  3.161890e+01  5.450556e-15 
  785.000  1.367867e+02  3.139343e+01  1.275618e-15 
  786.000  1.326839e+02  3.050106e+01 -7.444196e-15 
  787.000  1.302029e+02  3.012269e+01 -3.550933e-15 
  788.000  1.259772e+02  2.919406e+01  1.053763e-14 
  789.000  1.187945e+02  2.790869e+01  2.833882e-15 
  790.000  1.169372e+02  2.741731e+01  1.058588e-15 
  791.000  1.178276e+02  2.744501e+01  1.813550e-15 
  792.000  1.173848e+02  2.716362e+01 -4.108429e-15 
  793.000  1.205165e+02  2.759440e+01 -8.222108e-16 
  794.000  1.261247e+02  2.833719e+01 -1.247379e-15 
  795.000  1.213467e+02  2.742788e+01 -1.675463e-15 
  796.000  1.127015e+02  2.598202e+01  3.754531e-15 
  797.000  1.164882e+02  2.659401e+01  1.410953e-15 
  798.000  1.235224e+02  2.768528e+01  4.886570e-15 
  799.000  1.219066e+02  2.732210e+01 -3.030838e-16 
  800.000  1.139090e+02  2.571597e+01 -3.256362e-15 
  801.000  1.166665e+02  2.621459e+01  8.163983e-16 
  802.000  1.160089e+02  2.600326e+01  2.650997e-15 
  803.000  1.151323e+02  2.567671e+01 -5.211525e-15 
  804.000  1.186090e+02  2.622515e+01 -3.583757e-16 
  805.000  1.198710e+02  2.614949e+01  6.054183e-15 
  806.000  1.259874e+02  2.721915e+01  9.891513e-15 
  807.000  1.254315e+02  2.699847e+01 -3.548179e-15 
  808.000  1.231387e+02  2.650901e+01  8.613254e-15 
  809.000  1.191834e+02  2.568301e+01 -4.084803e-15 
  810.000  1.165579e+02  2.515530e+01 -1.010264e-14 
  811.000  1.141498e+02  2.478758e+01 -1.420874e-15 
  812.000  1.080851e+02  2.368092e+01 -3.838919e-16 
  813.000  1.009840e+02  2.235674e+01  1.815771e-15 
  814.000  9.258137e+01  2.080026e+01  4.033224e-16 
  815.000  8.204714e+01  1.887359e+01  1.397221e-15 
  816.000  7.091773e+01  1.687295e+01 -3.099297e-16 
  817.000  7.165833e+01  1.698045e+01  6.008436e-16 
  818.000  7.201015e+01  1.695732e+01  1.259689e-15 
  819.000  7.354498e+01  1.702886e+01  8.322067e-16 
  820.000  8.384153e+01  1.863169e+01  0.000000e+00 
  821.000  1.021335e+02  2.188239e+01  6.818625e-16 
  822.000  8.768997e+01  1.919176e+01 -3.854958e-16 
  823.000  6.207833e+01  1.485574e+01  2.794711e-16 
  824.000  8.559049e+01  1.881742e+01 -4.243010e-16 
  825.000  1.033409e+02  2.178097e+01 -9.212403e-16 
  826.000  1.012186e+02  2.136692e+01 -5.562070e-16 
  827.000  9.857672e+01  2.083635e+01 -3.159302e-15 
  828.000  8.685346e+01  1.876990e+01 -4.053977e-17 
  829.000  9.082666e+01  1.937609e+01 -1.126150e-15 
  830.000  9.411045e+01  1.980512e+01  1.147744e-15 
  831.000  9.371886e+01  1.960235e+01 -4.434730e-16 
  832.000  9.650074e+01  2.006991e+01  2.361124e-16 
  833.000  9.640388e+01  1.986152e+01 -1.952053e-15 
  834.000  1.014031e+02  2.066708e+01 -9.281140e-16 
  835.000  1.086988e+02  2.174351e+01  3.967982e-15 
  836.000  1.078736e+02  2.160528e+01  6.258363e-17 
  837.000  1.069472e+02  2.134941e+01 -1.174691e-15 
  838.000  1.108376e+02  2.188833e+01  7.837008e-16 
  839.000  1.095413e+02  2.145619e+01  2.783208e-15 
  840.000  1.133155e+02  2.208419e+01  2.034983e-15 
  841.000  1.114431e+02  2.175753e+01 -5.301124e-15 
  842.000  1.128483e+02  2.185890e+01  1.671659e-15 
  843.000  1.169988e+02  2.233508e+01  6.533681e-16 
  844.000  1.173764e+02  2.221427e+01 -6.565072e-15 
  845.000  1.202884e+02  2.263536e+01  2.100986e-16 
  846.000  1.225561e+02  2.292722e+01  2.443291e-15 
  847.000  1.195852e+02  2.223565e+01  6.472315e-15 
  848.000  1.211408e+02  2.256279e+01 -6.435486e-15 
  849.000  1.216586e+02  2.257544e+01 -4.274091e-15 
  850.000  1.043661e+02  1.935235e+01 -8.131050e-15 
  851.000  1.184544e+02  2.195742e+01 -1.286455e-15 
  852.000  1.141220e+02  2.108269e+01 -1.207680e-15 
  853.000  1.173621e+02  2.151428e+01  2.359821e-15 
  854.000  9.433662e+01  1.724266e+01  2.379674e-15 
  855.000  1.047393e+02  1.903956e+01  9.224187e-16 
  856.000  1.207472e+02  2.175975e+01  7.639105e-17 
  857.000  1.235598e+02  2.215100e+01  0.000000e+00 
  858.000  1.220123e+02  2.178449e+01 -1.206814e-14 
  859.000  1.229607e+02  2.183863e+01  9.703952e-15 
  860.000  1.224520e+02  2.165524e+01  1.186613e-14 
  861.000  1.225865e+02  2.160793e+01  6.608443e-15 
  862.000  1.224506e+02  2.150923e+01  5.086365e-15 
  863.000  1.248818e+02  2.186769e+01  1.527152e-15 
  864.000  1.250234e+02  2.180840e+01  1.057373e-14 
  865.000  1.230121e+02  2.137876e+01  1.821550e-14 
  866.000  1.032654e+02  1.789071e+01  2.755507e-15 
  867.000  1.099337e+02  1.899262e+01 -5.332776e-15 
  868.000  1.192897e+02  2.054632e+01  1.243929e-14 
  869.000  1.177292e+02  2.021340e+01 -1.369251e-14 
  870.000  1.225303e+02  2.098009e+01  1.299501e-14 
  871.000  1.224690e+02  2.090376e+01  5.114900e-15 
  872.000  1.222238e+02  2.078970e+01  3.397641e-15 
  873.000  1.225013e+02  2.078807e+01  2.235549e-16 
  874.000  1.197117e+02  2.026200e+01  3.769446e-15 
  875.000  1.185981e+02  2.001700e+01 -6.324629e-15 
  876.000  1.195414e+02  2.011847e+01  1.681597e-14 
  877.000  1.219511e+02  2.046420e+01 -1.332174e-15 
  878.000  1.192629e+02  1.998430e+01 -1.017955e-15 
  879.000  1.196562e+02  1.998917e+01 -7.325928e-17 
  880.000  1.184348e+02  1.975417e+01 -4.352101e-15 
  881.000  1.121421e+02  1.866069e+01  7.015588e-15 
  882.000  1.180864e+02  1.960657e+01 -2.178469e-15 
  883.000  1.157078e+02  1.914240e+01  7.127688e-17 
  884.000  1.168376e+02  1.926805e+01  7.187354e-17 
  885.000  1.171156e+02  1.930800e+01 -2.098125e-15 
  886.000  1.121954e+02  1.851997e+01  6.886295e-15 
  887.000  1.118588e+02  1.835156e+01 -6.963917e-17 
  888.000  1.151601e+02  1.884307e+01  0.000000e+00 
  889.000  1.162227e+02  1.895076e+01 -8.115291e-15 
  890.000  1.152076e+02  1.878636e+01 -1.087751e-14 
  891.000  1.128432e+02  1.843484e+01  1.223885e-15 
  892.000  1.086922e+02  1.788250e+01  1.636253e-15 
  893.000  9.420292e+01  1.588285e+01 -7.329002e-16 
  894.000  9.199000e+01  1.567484e+01 -1.639302e-15 
  895.000  7.401227e+01  1.299515e+01  5.268189e-16 
  896.000  6.518559e+01  1.187698e+01 -7.710826e-16 
  897.000  5.295161e+01  1.012767e+01 -4.918128e-17 
  898.000  4.851451e+01  9.496441e+00  3.670854e-16 
  899.000  3.827746e+01  7.985909e+00  2.915028e-18 
  900.000  3.841811e+01  7.935056e+00 -1.193480e-16 
  901.000  3.542570e+01  7.415644e+00  1.196203e-16 
  902.000  3.549370e+01  7.356701e+00  1.146746e-16 
  903.000  5.517705e+01  1.023440e+01 -1.109328e-16 
  904.000  7.013249e+01  1.225870e+01 -2.292940e-16 
  905.000  6.978136e+01  1.215791e+01  4.599259e-16 
  906.000  5.920304e+01  1.063240e+01  2.387263e-16 
  907.000  4.671561e+01  8.965308e+00 -1.323114e-16 
  908.000  3.813380e+01  7.664038e+00  1.204769e-16 
  909.000  3.763018e+01  7.538137e+00  2.569361e-18 
  910.000  3.905698e+01  7.749517e+00 -8.358411e-18 
  911.000  4.367190e+01  8.372207e+00  1.166180e-16 
  912.000  4.148085e+01  8.047690e+00  1.224755e-16 
  913.000  3.332239e+01  6.884089e+00 -3.555165e-16 
  914.000  3.745555e+01  7.462475e+00 -1.878405e-21 
  915.000  4.060544e+01  7.848991e+00  2.417534e-16 
  916.000  4.234511e+01  8.091746e+00  1.046649e-16 
  917.000  4.409015e+01  8.267557e+00 -1.052476e-16 
  918.000  4.704330e+01  8.624434e+00 -1.189539e-16 
  919.000  5.935177e+01  1.022496e+01 -2.117626e-16 
  920.000  6.927127e+01  1.143260e+01 -4.763608e-16 
  921.000  6.574843e+01  1.088669e+01  2.542758e-16 
  922.000  6.507504e+01  1.074701e+01 -7.051397e-17 
  923.000  5.968572e+01  9.932158e+00 -1.440736e-17 
  924.000  5.584137e+01  9.526512e+00  2.244912e-16 
  925.000  5.560823e+01  9.515017e+00 -4.333240e-16 
  926.000  5.228135e+01  9.007076e+00 -1.998696e-16 
  927.000  4.664588e+01  8.373212e+00  7.626063e-18 
  928.000  3.696848e+01  7.110316e+00  2.294041e-16 
  929.000  2.541321e+01  5.443307e+00 -2.954905e-17 
  930.000  1.559761e+01  3.902904e+00 -2.841201e-17 
  931.000  8.709305e+00  2.714822e+00 -7.099981e-18 
  932.000  3.333271e+00  1.631923e+00  1.767756e-18 
  933.000  1.643067e+00  1.183976e+00 -1.030079e-17 
  934.000  7.563730e-01  8.641506e-01 -2.072364e-19 
  935.000  6.601734e-01  8.134445e-01 -2.327299e-19 
  936.000  8.595540e-01  8.926187e-01 -5.007966e-18 
  937.000  8.515776e-01  8.970851e-01 -7.065198e-18 
  938.000  2.040733e+00  1.267263e+00 -8.680628e-19 
  939.000  1.111320e+01  3.179305e+00  1.402726e-17 
  940.000  1.393153e+01  3.663463e+00 -1.282539e-18 
  941.000  1.160457e+01  3.196270e+00  2.064965e-17 
  942.000  7.095166e+00  2.300833e+00 -3.042273e-18 
  943.000  3.169746e+00  1.518552e+00  5.787290e-22 
  944.000  2.831951e+00  1.415593e+00 -1.477931e-17 
  945.000  3.877708e+00  1.663396e+00 -4.970464e-18 
  946.000  4.089861e+00  1.712697e+00 -5.804895e-21 
  947.000  5.568117e+00  2.003440e+00  4.472274e-21 
  948.000  6.659974e+00  2.213280e+00  3.195431e-18 
  949.000  6.716972e+00  2.213974e+00 -2.654110e-17 
  950.000  7.020406e+00  2.255956e+00 -6.931844e-21 
  951.000  9.860594e+00  2.754485e+00 -6.762875e-18 
  952.000  7.149488e+00  2.248563e+00  3.931099e-17 
  953.000  9.396738e+00  2.631969e+00  7.363563e-21 
  954.000  1.239030e+01  3.107779e+00  4.104803e-20 
  955.000  9.709579e+00  2.572538e+00  2.457195e-17 
  956.000  1.038019e+01  2.721576e+00  7.112318e-18 
  957.000  1.984242e+01  4.176257e+00 -7.810155e-17 
  958.000  2.215431e+01  4.493911e+00  1.789697e-18 
  959.000  2.063778e+01  4.247418e+00 -1.325547e-16 
  960.000  2.022185e+01  4.150663e+00  2.659122e-17 
  961.000  1.930900e+01  3.983928e+00  2.563699e-17 
  962.000  2.057316e+01  4.152620e+00  1.577004e-16 
  963.000  2.845256e+01  5.225569e+00  5.848910e-19 
  964.000  2.970474e+01  5.352607e+00 -2.081780e-16 
  965.000  2.956946e+01  5.327556e+00  4.643752e-17 
  966.000  2.956693e+01  5.261065e+00  4.158225e-17 
  967.000  3.810051e+01  6.357037e+00 -1.052284e-16 
  968.000  5.354280e+01  8.099738e+00  1.350834e-16 
  969.000  6.291626e+01  9.141064e+00  1.398393e-17 
  970.000  6.389745e+01  9.228055e+00 -7.974574e-17 
  971.000  6.321377e+01  9.107988e+00 -3.816017e-17 
  972.000  6.103123e+01  8.855019e+00  2.485909e-16 
  973.000  5.485835e+01  8.129086e+00  1.933131e-16 
  974.000  4.796416e+01  7.311039e+00 -9.524464e-17 
  975.000  4.463227e+01  6.926208e+00 -1.652037e-16 
  976.000  4.971156e+01  7.502001e+00 -7.711928e-17 
  977.000  5.658298e+01  8.188477e+00 -2.216790e-21 
  978.000  5.754359e+01  8.317088e+00  4.202401e-16 
  979.000  5.843585e+01  8.329857e+00 -3.843827e-16 
  980.000  6.922134e+01  9.530586e+00  6.340768e-16 
  981.000  7.231807e+01  9.863207e+00  7.483999e-16 
  982.000  7.011835e+01  9.576927e+00  7.915665e-16 
  983.000  7.577797e+01  1.017822e+01  3.245151e-16 
  984.000  8.159476e+01  1.076569e+01 -8.971387e-16 
  985.000  8.538831e+01  1.112693e+01 -9.686775e-16 
  986.000  8.972851e+01  1.150707e+01 -1.136708e-15 
  987.000  9.313195e+01  1.183783e+01  2.242180e-15 
  988.000  9.263495e+01  1.172461e+01 -2.998930e-15 
  989.000  9.189172e+01  1.158820e+01  4.604072e-16 
  990.000  9.328868e+01  1.171650e+01  3.928105e-16 
  991.000  9.603940e+01  1.196947e+01 -5.092434e-15 
  992.000  9.574235e+01  1.188529e+01 -8.945945e-17 
  993.000  9.598534e+01  1.187941e+01 -2.207856e-15 
  994.000  9.804945e+01  1.204305e+01 -5.903931e-15 
  995.000  9.855057e+01  1.203635e+01 -7.962541e-16 
  996.000  9.854330e+01  1.200685e+01 -5.715672e-17 
  997.000  9.794412e+01  1.192930e+01  1.651285e-15 
  998.000  9.689968e+01  1.180818e+01  9.831894e-16 
  999.000  9.634961e+01  1.172358e+01  2.292846e-15 
 1000.000  9.584978e+01  1.162733e+01 -5.061154e-16 
 1001.000  9.459100e+01  1.150352e+01  9.228529e-16 
 1002.000  9.164377e+01  1.120432e+01  3.284242e-15 
 1003.000  9.125021e+01  1.110981e+01  2.088957e-15 
 1004.000  9.209921e+01  1.113763e+01 -3.188911e-16 
 1005.000  8.672597e+01  1.044192e+01  4.237662e-15 
 1006.000  9.151653e+01  1.098589e+01  1.928432e-15 
 1007.000  9.265801e+01  1.111356e+01  1.973256e-15 
 1008.000  9.080027e+01  1.093299e+01 -1.786690e-15 
 1009.000  8.730977e+01  1.057344e+01 -5.239822e-16 
 1010.000  8.897045e+01  1.071066e+01  2.496185e-16 
 1011.000  9.168097e+01  1.091503e+01  1.705794e-15 
 1012.000  9.296932e+01  1.100471e+01 -9.951610e-16 
 1013.000  9.328795e+01  1.098649e+01  2.609466e-16 
 1014.000  9.432773e+01  1.106996e+01 -2.265285e-15 
 1015.000  9.268415e+01  1.084916e+01  2.989814e-15 
 1016.000  9.373351e+01  1.093295e+01 -3.859007e-16 
 1017.000  9.288869e+01  1.079603e+01  5.438749e-15 
 1018.000  9.375467e+01  1.089395e+01  1.254363e-15 
 1019.000  9.054469e+01  1.052961e+01  3.717943e-15 
 1020.000  9.074119e+01  1.051679e+01 -5.779833e-15 
 1021.000  9.243649e+01  1.066479e+01 -7.232217e-17 
 1022.000  8.975708e+01  1.037130e+01  2.592944e-16 
 1023.000  9.039543e+01  1.045385e+01  3.679650e-15 
 1024.000  8.929450e+01  1.032218e+01 -1.859641e-15 
 1025.000  9.126847e+01  1.046594e+01  1.618000e-15 
 1026.000  9.227485e+01  1.053009e+01 -3.870284e-16 
 1027.000  9.136166e+01  1.041319e+01  5.523584e-15 
 1028.000  9.190055e+01  1.044120e+01 -2.936961e-16 
 1029.000  9.122543e+01  1.030830e+01  1.686447e-15 
 1030.000  9.295110e+01  1.045446e+01  7.020291e-15 
 1031.000  9.306491e+01  1.043114e+01  9.016406e-16 
 1032.000  9.305513e+01  1.039734e+01  5.333031e-15 
 1033.000  9.145724e+01  1.019285e+01 -5.234767e-15 
 1034.000  9.251068e+01  1.028501e+01 -1.578984e-16 
 1035.000  9.161003e+01  1.016003e+01 -2.796885e-15 
 1036.000  9.278394e+01  1.026652e+01 -1.522304e-15 
 1037.000  9.087183e+01  1.003091e+01 -2.209632e-15 
 1038.000  9.189899e+01  1.011816e+01  1.504926e-15 
 1039.000  9.207664e+01  1.012161e+01  4.481683e-15 
 1040.000  9.084516e+01  9.968376e+00 -1.390196e-15 
 1041.000  9.120578e+01  9.989642e+00  4.297271e-15 
 1042.000  9.145097e+01  9.995386e+00  3.064798e-15 
 1043.000  8.989481e+01  9.803039e+00  3.675153e-15 
 1044.000  9.069878e+01  9.871428e+00  8.253141e-16 
 1045.000  8.996036e+01  9.779964e+00  1.489354e-15 
 1046.000  8.721412e+01  9.463602e+00 -1.396250e-15 
 1047.000  8.858115e+01  9.597281e+00  2.235602e-15 
 1048.000  8.930479e+01  9.656513e+00 -7.701684e-16 
 1049.000  8.855705e+01  9.556680e+00 -7.655818e-16 
 1050.000  8.772349e+01  9.454423e+00 -7.102991e-16 
 1051.000  8.735682e+01  9.405813e+00 -5.102624e-17 
 1052.000  8.666838e+01  9.319093e+00  6.571973e-15 
 1053.000  8.656757e+01  9.291784e+00  1.365182e-15 
 1054.000  8.531063e+01  9.147825e+00 -2.254307e-15 
 1055.000  8.550919e+01  9.161399e+00 -1.514715e-15 
 1056.000  8.491634e+01  9.088043e+00 -1.460809e-15 
 1057.000  8.404282e+01  8.995368e+00  3.020994e-15 
 1058.000  8.201694e+01  8.793948e+00 -7.487899e-16 
 1059.000  7.942918e+01  8.497300e+00  1.353283e-15 
 1060.000  8.269721e+01  8.813008e+00  1.451109e-15 
 1061.000  7.961588e+01  8.471059e+00  7.245999e-16 
 1062.000  8.119002e+01  8.638607e+00 -7.456652e-16 
 1063.000  7.959840e+01  8.455641e+00  7.825743e-16 
 1064.000  8.008116e+01  8.504273e+00  7.437763e-16 
 1065.000  7.926109e+01  8.420617e+00  3.468763e-16 
 1066.000  7.689744e+01  8.149748e+00  3.844725e-16 
 1067.000  7.862409e+01  8.330054e+00  9.064866e-16 
 1068.000  7.704733e+01  8.183329e+00  1.415550e-15 
 1069.000  7.063524e+01  7.506488e+00 -2.869271e-16 
 1070.000  7.506962e+01  7.956079e+00 -3.414941e-16 
 1071.000  7.441262e+01  7.893696e+00  1.044189e-15 
 1072.000  7.385229e+01  7.840622e+00  6.904785e-18 
 1073.000  7.132278e+01  7.559917e+00  2.081419e-16 
 1074.000  7.404128e+01  7.826703e+00 -2.117831e-16 
 1075.000  7.306373e+01  7.672327e+00 -3.201459e-16 
 1076.000  7.391192e+01  7.766260e+00  3.342645e-16 
 1077.000  7.272482e+01  7.653299e+00  1.340954e-15 
 1078.000  7.171652e+01  7.563233e+00 -1.277971e-16 
 1079.000  6.880405e+01  7.244982e+00 -5.874141e-16 
 1080.000  6.760928e+01  7.179907e+00 -1.300824e-16 
 1081.000  6.498412e+01  6.890078e+00  1.974335e-16 
 1082.000  6.720448e+01  7.079133e+00  5.911272e-16 
 1083.000  6.373360e+01  6.737591e+00  1.203670e-16 
 1084.000  6.433722e+01  6.825891e+00  8.159666e-16 
 1085.000  5.941026e+01  6.364290e+00 -7.260701e-16 
 1086.000  6.108966e+01  6.515373e+00 -1.306491e-17 
 1087.000  6.161429e+01  6.473778e+00  7.858279e-18 
 1088.000  6.559158e+01  6.872033e+00 -8.740453e-16 
 1089.000  5.764405e+01  6.127536e+00  4.616857e-16 
 1090.000  5.783549e+01  6.155845e+00 -2.157427e-16 
 1091.000  5.912733e+01  6.265997e+00 -2.404381e-16 
 1092.000  5.511135e+01  5.878050e+00 -8.758704e-17 
 1093.000  4.908955e+01  5.336396e+00  1.172668e-16 
 1094.000  4.269211e+01  4.681102e+00  1.579566e-16 
 1095.000  4.644522e+01  5.077664e+00  3.268366e-16 
 1096.000  4.632640e+01  5.056047e+00 -4.448413e-17 
 1097.000  4.454129e+01  4.884631e+00  1.826385e-16 
 1098.000  3.363956e+01  3.948191e+00 -1.533463e-16 
 1099.000  2.640713e+01  3.301884e+00 -9.254320e-19 
 1100.000  2.722707e+01  3.386719e+00 -6.584759e-17 
