   0.000000  2.281742e+00 
   1.000000  2.251338e+00 
   2.000000  2.161111e+00 
   3.000000  2.042412e+00 
   4.000000  1.956054e+00 
   5.000000  1.930622e+00 
   6.000000  2.723129e+00 
   7.000000  2.780278e+00 
   8.000000  1.693212e+00 
   9.000000  1.309293e+00 
  10.000000  9.512348e-01 
  11.000000  7.456248e-01 
  12.000000  6.516774e-01 
  13.000000  6.003829e-01 
  14.000000  5.904248e-01 
  15.000000  6.291130e-01 
  16.000000  7.103702e-01 
  17.000000  8.349826e-01 
  18.000000  9.993373e-01 
  19.000000  1.194073e+00 
  20.000000  1.302756e+00 
