  400.000  9.052845e+02  3.757081e+02  4.047755e-14 
  401.000  9.008069e+02  3.703824e+02 -3.695619e-13 
  402.000  9.556935e+02  3.893293e+02  2.990787e-13 
  403.000  8.960166e+02  3.616759e+02 -1.539859e-14 
  404.000  9.638228e+02  3.855055e+02 -1.870101e-14 
  405.000  8.847230e+02  3.506644e+02  1.180231e-13 
  406.000  8.788512e+02  3.452062e+02 -2.453929e-13 
  407.000  8.567075e+02  3.335034e+02  3.908870e-14 
  408.000  9.289063e+02  3.584000e+02 -7.394482e-14 
  409.000  1.029035e+03  3.935289e+02  1.361427e-13 
  410.000  8.610029e+02  3.263804e+02 -2.969411e-14 
  411.000  1.011839e+03  3.802114e+02 -4.428997e-14 
  412.000  1.049195e+03  3.908274e+02 -1.354436e-13 
  413.000  9.918153e+02  3.662701e+02  3.794614e-15 
  414.000  9.741346e+02  3.566485e+02  5.493307e-14 
  415.000  1.039594e+03  3.773763e+02 -3.060209e-14 
  416.000  1.033884e+03  3.721246e+02  1.910981e-14 
  417.000  1.003020e+03  3.579745e+02 -8.848993e-14 
  418.000  9.817667e+02  3.474543e+02 -1.937181e-13 
  419.000  1.006418e+03  3.532104e+02  2.292196e-13 
  420.000  8.523312e+02  2.966539e+02  2.751151e-15 
  421.000  1.068460e+03  3.688176e+02  5.113587e-15 
  422.000  1.024343e+03  3.506990e+02 -3.376647e-14 
  423.000  8.655639e+02  2.939316e+02  1.480529e-13 
  424.000  9.525549e+02  3.208598e+02  2.835239e-13 
  425.000  9.870513e+02  3.298034e+02 -9.709041e-14 
  426.000  9.493031e+02  3.146515e+02  1.572649e-13 
  427.000  9.135714e+02  3.003980e+02  2.229103e-13 
  428.000  9.255194e+02  3.019181e+02 -8.678436e-14 
  429.000  8.424133e+02  2.726449e+02 -1.110754e-13 
  430.000  6.725475e+02  2.159635e+02 -5.221929e-15 
  431.000  6.049591e+02  1.927479e+02 -1.048508e-13 
  432.000  1.089430e+03  3.444192e+02  2.543589e-13 
  433.000  9.701859e+02  3.043585e+02 -1.969724e-13 
  434.000  9.225292e+02  2.871922e+02 -8.970964e-15 
  435.000  1.004130e+03  3.102148e+02  1.028652e-15 
  436.000  1.113913e+03  3.415235e+02 -8.492264e-15 
  437.000  1.125146e+03  3.423665e+02 -1.014888e-13 
  438.000  1.008325e+03  3.045174e+02  1.293790e-13 
  439.000  9.761420e+02  2.925991e+02 -2.020942e-13 
  440.000  1.094519e+03  3.256437e+02 -1.891419e-13 
  441.000  1.091426e+03  3.223203e+02  1.519765e-13 
  442.000  1.149972e+03  3.371059e+02  2.701448e-14 
  443.000  1.158146e+03  3.370079e+02  1.004161e-13 
  444.000  1.151107e+03  3.325074e+02 -7.777894e-14 
  445.000  1.211343e+03  3.473515e+02 -2.131506e-13 
  446.000  1.078732e+03  3.070674e+02  2.508000e-14 
  447.000  1.230804e+03  3.478412e+02 -1.031845e-13 
  448.000  1.251750e+03  3.512833e+02 -6.465489e-14 
  449.000  1.260707e+03  3.513470e+02 -1.606727e-14 
  450.000  1.288638e+03  3.566488e+02 -8.130302e-14 
  451.000  1.393140e+03  3.829043e+02  1.990857e-13 
  452.000  1.295553e+03  3.536199e+02  2.710505e-14 
  453.000  1.203045e+03  3.261041e+02  1.752026e-14 
  454.000  1.283075e+03  3.454039e+02  3.727992e-14 
  455.000  1.292529e+03  3.455634e+02 -1.154914e-13 
  456.000  1.324382e+03  3.516549e+02 -1.403894e-13 
  457.000  1.332330e+03  3.513608e+02  4.162273e-14 
  458.000  1.309415e+03  3.429811e+02  8.163528e-15 
  459.000  1.309769e+03  3.407585e+02  6.081974e-14 
  460.000  1.298874e+03  3.356563e+02  2.686770e-13 
  461.000  1.346485e+03  3.456364e+02 -1.604699e-13 
  462.000  1.325062e+03  3.378733e+02  2.276084e-13 
  463.000  1.325890e+03  3.358434e+02  3.796497e-15 
  464.000  1.330541e+03  3.348120e+02 -1.802564e-13 
  465.000  1.311383e+03  3.278344e+02 -2.108766e-14 
  466.000  1.353189e+03  3.360800e+02 -1.990503e-13 
  467.000  1.305674e+03  3.221671e+02  1.045012e-14 
  468.000  1.382537e+03  3.389011e+02 -1.232981e-13 
  469.000  1.370720e+03  3.337912e+02 -2.375153e-14 
  470.000  1.352131e+03  3.270811e+02  1.891806e-13 
  471.000  1.349973e+03  3.243748e+02  1.684091e-13 
  472.000  1.366763e+03  3.262000e+02  0.000000e+00 
  473.000  1.352208e+03  3.205366e+02 -1.109655e-13 
  474.000  1.363394e+03  3.209789e+02  2.362484e-13 
  475.000  1.418820e+03  3.316493e+02 -2.442446e-14 
  476.000  1.375523e+03  3.191477e+02  4.460463e-15 
  477.000  1.363185e+03  3.140442e+02  1.066170e-13 
  478.000  1.430636e+03  3.276884e+02  2.991641e-14 
  479.000  1.365605e+03  3.112140e+02 -1.770603e-13 
  480.000  1.392361e+03  3.157690e+02 -1.786239e-13 
  481.000  1.383758e+03  3.122231e+02  5.731751e-14 
  482.000  1.412593e+03  3.170403e+02 -1.840746e-13 
  483.000  1.414008e+03  3.156149e+02 -7.959266e-14 
  484.000  1.359621e+03  3.017550e+02  3.477455e-14 
  485.000  1.369672e+03  3.022316e+02  5.603320e-15 
  486.000  1.110533e+03  2.436284e+02 -3.892450e-14 
  487.000  1.248187e+03  2.722353e+02  8.049160e-14 
  488.000  1.355283e+03  2.938739e+02 -3.686914e-14 
  489.000  1.259875e+03  2.716005e+02 -8.552593e-15 
  490.000  1.434332e+03  3.074218e+02  1.127233e-13 
  491.000  1.342338e+03  2.860414e+02 -1.816312e-14 
  492.000  1.290133e+03  2.733300e+02 -1.185140e-13 
  493.000  1.389680e+03  2.927301e+02 -6.185178e-14 
  494.000  1.342703e+03  2.812142e+02  1.808876e-14 
  495.000  1.435555e+03  2.989488e+02 -1.543103e-14 
  496.000  1.398505e+03  2.895742e+02  9.019284e-14 
  497.000  1.356997e+03  2.793893e+02 -4.554335e-14 
  498.000  1.325303e+03  2.713270e+02 -6.276049e-14 
  499.000  1.322474e+03  2.692257e+02 -3.147314e-13 
  500.000  1.317017e+03  2.666149e+02 -2.408012e-14 
  501.000  1.287861e+03  2.592570e+02  4.820409e-14 
  502.000  1.279787e+03  2.562013e+02  7.464962e-14 
  503.000  1.356462e+03  2.700508e+02  2.594550e-14 
  504.000  1.262406e+03  2.499416e+02 -1.980331e-13 
  505.000  1.362005e+03  2.681799e+02  7.380565e-14 
  506.000  1.458195e+03  2.855656e+02  1.170127e-13 
  507.000  1.356834e+03  2.642851e+02  6.430205e-14 
  508.000  1.301303e+03  2.521117e+02 -9.148459e-14 
  509.000  1.403333e+03  2.704287e+02  8.548549e-14 
  510.000  1.359831e+03  2.606514e+02  6.584874e-15 
  511.000  1.360327e+03  2.593627e+02 -4.790021e-14 
  512.000  1.427839e+03  2.707962e+02  2.195147e-14 
  513.000  1.306886e+03  2.465533e+02 -1.073382e-13 
  514.000  1.279544e+03  2.401306e+02  1.128213e-15 
  515.000  1.306366e+03  2.438855e+02  2.834790e-15 
  516.000  1.372362e+03  2.548705e+02 -1.237456e-13 
  517.000  1.011061e+03  1.867917e+02 -2.564479e-14 
  518.000  1.251918e+03  2.300879e+02  1.187032e-13 
  519.000  1.186233e+03  2.168876e+02  1.866234e-14 
  520.000  1.306180e+03  2.375886e+02  5.182185e-14 
  521.000  1.307076e+03  2.365285e+02 -1.236338e-13 
  522.000  1.359135e+03  2.446822e+02  1.201407e-13 
  523.000  1.266299e+03  2.267890e+02  1.162999e-13 
  524.000  1.374078e+03  2.448255e+02  9.625495e-14 
  525.000  1.363288e+03  2.416524e+02 -2.787222e-14 
  526.000  1.299399e+03  2.291579e+02 -7.903997e-14 
  527.000  1.135285e+03  1.991958e+02  1.060147e-13 
  528.000  1.363730e+03  2.380637e+02 -4.203481e-14 
  529.000  1.402704e+03  2.436298e+02 -8.888392e-14 
  530.000  1.325671e+03  2.290937e+02  7.533934e-14 
  531.000  1.443246e+03  2.481667e+02 -8.072834e-14 
  532.000  1.377076e+03  2.356201e+02 -4.357086e-14 
  533.000  1.209603e+03  2.059614e+02 -2.932745e-14 
  534.000  1.315427e+03  2.229207e+02  7.393179e-15 
  535.000  1.342164e+03  2.263946e+02 -6.843872e-14 
  536.000  1.424234e+03  2.391228e+02  1.968028e-14 
  537.000  1.321416e+03  2.208260e+02 -7.578459e-14 
  538.000  1.383342e+03  2.300917e+02  1.483837e-13 
  539.000  1.378888e+03  2.282755e+02 -9.967917e-14 
  540.000  1.349545e+03  2.223703e+02  2.297718e-13 
  541.000  1.237632e+03  2.029763e+02 -1.011483e-14 
  542.000  1.380730e+03  2.253877e+02  2.429443e-14 
  543.000  1.320878e+03  2.146135e+02  5.722326e-14 
  544.000  1.393411e+03  2.253443e+02 -8.360303e-14 
  545.000  1.372913e+03  2.209982e+02  2.001039e-14 
  546.000  1.342638e+03  2.151241e+02  2.310580e-15 
  547.000  1.399948e+03  2.232739e+02 -3.473869e-14 
  548.000  1.299192e+03  2.062531e+02  3.132550e-13 
  549.000  1.367579e+03  2.161171e+02  1.753429e-14 
  550.000  1.338020e+03  2.104807e+02 -1.484928e-14 
  551.000  1.330334e+03  2.083145e+02 -2.283050e-15 
  552.000  1.388409e+03  2.164193e+02 -4.856873e-14 
  553.000  1.334720e+03  2.071046e+02 -1.708330e-14 
  554.000  1.379062e+03  2.130149e+02  5.056878e-14 
  555.000  1.383686e+03  2.127636e+02  1.486029e-13 
  556.000  1.346285e+03  2.060796e+02  1.680521e-13 
  557.000  1.307057e+03  1.991719e+02  6.958615e-14 
  558.000  1.357455e+03  2.059204e+02 -4.739340e-14 
  559.000  1.283795e+03  1.938706e+02 -1.011218e-13 
  560.000  1.290126e+03  1.939478e+02  3.899396e-14 
  561.000  1.418647e+03  2.123040e+02 -1.249816e-13 
  562.000  1.302737e+03  1.940331e+02 -1.441473e-14 
  563.000  1.363616e+03  2.021746e+02  2.496686e-14 
  564.000  1.345035e+03  1.984984e+02 -3.207257e-14 
  565.000  1.361505e+03  1.999694e+02  5.625563e-14 
  566.000  1.255856e+03  1.836085e+02 -1.578494e-13 
  567.000  1.347159e+03  1.959023e+02 -9.771913e-14 
  568.000  1.341614e+03  1.935763e+02  2.474585e-14 
  569.000  1.308718e+03  1.868520e+02  4.154957e-14 
  570.000  1.317189e+03  1.873810e+02  4.192666e-14 
  571.000  1.275772e+03  1.814736e+02  0.000000e+00 
  572.000  1.344276e+03  1.895535e+02 -7.843755e-14 
  573.000  1.360349e+03  1.910899e+02  4.937044e-14 
  574.000  1.353878e+03  1.894254e+02  2.631515e-14 
  575.000  1.321030e+03  1.839591e+02 -3.937129e-14 
  576.000  1.297526e+03  1.798888e+02  7.228524e-14 
  577.000  1.353481e+03  1.871230e+02  8.040809e-14 
  578.000  1.316348e+03  1.815841e+02  2.934302e-14 
  579.000  1.308333e+03  1.800052e+02 -9.393933e-14 
  580.000  1.355359e+03  1.859410e+02  4.099909e-14 
  581.000  1.333485e+03  1.825629e+02  1.469819e-14 
  582.000  1.355310e+03  1.850093e+02  2.464345e-14 
  583.000  1.365933e+03  1.857829e+02 -3.228036e-14 
  584.000  1.362667e+03  1.846526e+02  2.584286e-14 
  585.000  1.354556e+03  1.828367e+02  5.642602e-14 
  586.000  1.297191e+03  1.744116e+02 -8.559099e-14 
  587.000  1.346366e+03  1.798468e+02  5.617686e-14 
  588.000  1.323901e+03  1.748062e+02  6.036012e-14 
  589.000  1.161167e+03  1.513357e+02  1.462811e-14 
  590.000  1.212153e+03  1.572863e+02 -1.075777e-14 
  591.000  1.298496e+03  1.687821e+02  4.653479e-14 
  592.000  1.269163e+03  1.638129e+02  8.779197e-14 
  593.000  1.294118e+03  1.675700e+02 -6.541963e-14 
  594.000  1.304180e+03  1.679164e+02  3.681347e-14 
  595.000  1.272175e+03  1.623631e+02 -4.621795e-14 
  596.000  1.315641e+03  1.684713e+02 -1.080304e-13 
  597.000  1.318114e+03  1.678565e+02  3.159744e-14 
  598.000  1.296447e+03  1.650230e+02 -2.490819e-14 
  599.000  1.299470e+03  1.650315e+02  4.125866e-14 
  600.000  1.304522e+03  1.655532e+02 -1.531879e-14 
  601.000  1.300762e+03  1.649688e+02  3.963394e-14 
  602.000  1.288222e+03  1.629353e+02 -1.690388e-13 
  603.000  1.297574e+03  1.636698e+02  3.020566e-14 
  604.000  1.339982e+03  1.685207e+02 -1.400449e-13 
  605.000  1.337552e+03  1.676476e+02 -8.696169e-14 
  606.000  1.322765e+03  1.651898e+02  1.296591e-13 
  607.000  1.316043e+03  1.637498e+02  2.935543e-14 
  608.000  1.311907e+03  1.626346e+02 -1.911408e-13 
  609.000  1.299103e+03  1.604527e+02  1.301738e-13 
  610.000  1.278925e+03  1.573783e+02  9.852300e-14 
  611.000  1.300274e+03  1.594153e+02 -1.037864e-13 
  612.000  1.283922e+03  1.568301e+02 -6.490284e-14 
  613.000  1.265722e+03  1.540359e+02  4.365726e-14 
  614.000  1.220546e+03  1.479890e+02 -1.532075e-13 
  615.000  1.279548e+03  1.545712e+02 -9.231485e-14 
  616.000  1.217100e+03  1.464846e+02 -2.790711e-14 
  617.000  1.224448e+03  1.468223e+02 -1.487809e-13 
  618.000  1.282665e+03  1.532287e+02 -1.400054e-13 
  619.000  1.271323e+03  1.513014e+02  2.233702e-14 
  620.000  1.290499e+03  1.530025e+02  2.478011e-14 
  621.000  1.313048e+03  1.550815e+02  6.806354e-14 
  622.000  1.244050e+03  1.463661e+02  1.715639e-13 
  623.000  1.253970e+03  1.469544e+02 -6.290896e-14 
  624.000  1.255529e+03  1.465637e+02  1.330791e-14 
  625.000  1.221666e+03  1.420527e+02  9.116547e-14 
  626.000  1.227671e+03  1.421284e+02 -9.267689e-14 
  627.000  1.245242e+03  1.430544e+02 -2.096729e-14 
  628.000  1.217486e+03  1.378195e+02 -1.243014e-14 
  629.000  1.254537e+03  1.422837e+02 -1.423563e-14 
  630.000  1.216095e+03  1.377778e+02 -1.537290e-15 
  631.000  1.263244e+03  1.429291e+02 -1.496418e-14 
  632.000  1.175028e+03  1.322330e+02 -6.015700e-14 
  633.000  1.265808e+03  1.424919e+02  7.132152e-14 
  634.000  1.229713e+03  1.381748e+02  9.148280e-14 
  635.000  1.252844e+03  1.403148e+02 -4.372714e-14 
  636.000  1.209876e+03  1.351629e+02 -8.330099e-15 
  637.000  1.250906e+03  1.393545e+02 -3.031059e-14 
  638.000  1.272583e+03  1.415701e+02  7.824449e-14 
  639.000  1.262761e+03  1.400255e+02  5.675079e-14 
  640.000  1.224461e+03  1.354616e+02 -9.700380e-14 
  641.000  1.242675e+03  1.370203e+02 -3.725344e-14 
  642.000  1.228850e+03  1.351399e+02  7.594184e-14 
  643.000  1.249787e+03  1.368015e+02 -1.771142e-13 
  644.000  1.235958e+03  1.348386e+02  3.963265e-15 
  645.000  1.245438e+03  1.351504e+02  4.928720e-14 
  646.000  1.191254e+03  1.280423e+02 -1.637359e-14 
  647.000  1.202868e+03  1.283741e+02  9.843555e-15 
  648.000  1.195368e+03  1.266879e+02  4.654588e-15 
  649.000  1.224479e+03  1.297465e+02 -4.024863e-14 
  650.000  1.143915e+03  1.216820e+02 -7.012920e-14 
  651.000  1.232581e+03  1.306760e+02  1.093939e-14 
  652.000  1.200893e+03  1.260901e+02  1.830348e-14 
  653.000  1.235182e+03  1.302258e+02  7.033204e-14 
  654.000  1.218348e+03  1.279106e+02 -3.358006e-14 
  655.000  1.183180e+03  1.234616e+02  4.992772e-15 
  656.000  1.005833e+03  1.047123e+02  5.381272e-15 
  657.000  1.075500e+03  1.117703e+02 -2.618657e-14 
  658.000  1.201485e+03  1.248099e+02  8.509644e-14 
  659.000  1.206532e+03  1.250954e+02 -3.907967e-14 
  660.000  1.217161e+03  1.258989e+02  5.270361e-15 
  661.000  1.225271e+03  1.266656e+02 -4.564048e-14 
  662.000  1.244252e+03  1.283595e+02 -6.813552e-14 
  663.000  1.230602e+03  1.265081e+02  3.513789e-14 
  664.000  1.211766e+03  1.242244e+02  2.035084e-14 
  665.000  1.217715e+03  1.244762e+02  5.128580e-14 
  666.000  1.233141e+03  1.257092e+02  1.441334e-14 
  667.000  1.209282e+03  1.229248e+02 -1.175982e-13 
  668.000  1.216842e+03  1.233538e+02 -1.418558e-14 
  669.000  1.234853e+03  1.248074e+02 -1.897756e-13 
  670.000  1.220552e+03  1.229880e+02  5.198297e-15 
  671.000  1.208118e+03  1.213706e+02 -3.322901e-14 
  672.000  1.204636e+03  1.206525e+02 -4.522324e-14 
  673.000  1.213713e+03  1.211917e+02 -4.458328e-14 
  674.000  1.216512e+03  1.211022e+02 -7.053575e-15 
  675.000  1.198363e+03  1.189343e+02  1.989804e-14 
  676.000  1.221413e+03  1.208546e+02 -2.544148e-14 
  677.000  1.197543e+03  1.181347e+02  1.103454e-13 
  678.000  1.217781e+03  1.197692e+02  6.851027e-14 
  679.000  1.200928e+03  1.177480e+02 -6.473361e-14 
  680.000  1.191782e+03  1.164541e+02  9.774198e-14 
  681.000  1.193111e+03  1.161769e+02 -1.378770e-14 
  682.000  1.190780e+03  1.155832e+02  4.034455e-14 
  683.000  1.198869e+03  1.159841e+02 -1.102778e-13 
  684.000  1.176924e+03  1.134263e+02  2.538525e-14 
  685.000  1.190968e+03  1.144936e+02 -6.688683e-14 
  686.000  1.137437e+03  1.087982e+02  1.059168e-13 
  687.000  1.005080e+03  9.297800e+01  1.405807e-15 
  688.000  1.048326e+03  9.731570e+01  3.610196e-15 
  689.000  1.038587e+03  9.592025e+01 -1.420583e-14 
  690.000  1.065908e+03  9.851205e+01  4.614192e-15 
  691.000  1.097750e+03  1.016739e+02 -4.200601e-14 
  692.000  1.104668e+03  1.022806e+02  2.024227e-14 
  693.000  1.094864e+03  1.005433e+02 -2.406242e-14 
  694.000  1.087158e+03  9.907096e+01  2.732782e-14 
  695.000  1.082059e+03  9.861632e+01 -1.709784e-14 
  696.000  1.103051e+03  1.004433e+02 -1.649553e-14 
  697.000  1.142316e+03  1.049765e+02  1.480528e-14 
  698.000  1.113425e+03  1.017060e+02  4.464999e-15 
  699.000  1.100479e+03  9.921227e+01  1.583110e-16 
  700.000  1.093157e+03  9.839703e+01 -3.416827e-14 
  701.000  1.061425e+03  9.507998e+01 -5.641042e-15 
  702.000  1.061625e+03  9.495084e+01  2.214705e-14 
  703.000  1.104087e+03  9.928329e+01 -1.597294e-14 
  704.000  1.108554e+03  9.943429e+01  1.400074e-14 
  705.000  1.105701e+03  9.852061e+01  2.361579e-14 
  706.000  1.096302e+03  9.746845e+01 -1.320990e-14 
  707.000  1.083882e+03  9.621149e+01  5.964082e-15 
  708.000  1.119904e+03  9.926881e+01 -2.363309e-14 
  709.000  1.088923e+03  9.655727e+01  1.080611e-14 
  710.000  1.104680e+03  9.733570e+01 -1.414107e-14 
  711.000  1.103222e+03  9.726613e+01  5.189081e-15 
  712.000  1.096025e+03  9.667120e+01 -1.574010e-14 
  713.000  1.084960e+03  9.516116e+01  2.427170e-14 
  714.000  1.101178e+03  9.621901e+01  7.604382e-16 
  715.000  1.052187e+03  9.131711e+01  4.305055e-16 
  716.000  1.068325e+03  9.210570e+01 -5.246966e-15 
  717.000  9.683290e+02  8.192047e+01  1.908059e-14 
  718.000  9.188592e+02  7.680801e+01 -4.461254e-14 
  719.000  8.925187e+02  7.411030e+01 -3.116062e-18 
  720.000  8.753638e+02  7.206122e+01 -1.534352e-14 
  721.000  9.781953e+02  8.212125e+01 -4.786083e-15 
  722.000  1.030088e+03  8.693965e+01 -8.942108e-15 
  723.000  1.006272e+03  8.429565e+01 -9.453900e-15 
  724.000  9.512370e+02  7.855914e+01 -6.486115e-15 
  725.000  9.496378e+02  7.833347e+01  1.735760e-14 
  726.000  9.451482e+02  7.771665e+01 -3.194357e-15 
  727.000  9.677873e+02  7.949532e+01  7.990187e-15 
  728.000  9.419902e+02  7.704126e+01  2.028376e-15 
  729.000  9.266546e+02  7.591450e+01 -1.408239e-14 
  730.000  9.569769e+02  7.814776e+01  6.340053e-15 
  731.000  9.365309e+02  7.622411e+01  3.394294e-15 
  732.000  9.929766e+02  8.119326e+01 -1.337792e-14 
  733.000  1.014623e+03  8.345678e+01 -9.503116e-16 
  734.000  1.053638e+03  8.689788e+01  3.145375e-14 
  735.000  1.038996e+03  8.529699e+01 -2.277269e-14 
  736.000  1.008335e+03  8.229118e+01 -3.047014e-15 
  737.000  1.030437e+03  8.407656e+01 -1.035708e-14 
  738.000  1.039682e+03  8.492223e+01 -3.791566e-14 
  739.000  1.011090e+03  8.251432e+01  2.483387e-15 
  740.000  1.031850e+03  8.435049e+01 -2.429914e-14 
  741.000  1.030088e+03  8.421711e+01 -2.049958e-14 
  742.000  1.015835e+03  8.293296e+01 -4.683393e-14 
  743.000  1.051693e+03  8.585802e+01  2.385454e-15 
  744.000  1.064392e+03  8.679060e+01 -2.235404e-14 
  745.000  1.038787e+03  8.457243e+01 -1.088419e-14 
  746.000  1.054916e+03  8.573216e+01  6.699619e-14 
  747.000  1.071796e+03  8.688670e+01 -4.562449e-14 
  748.000  1.053388e+03  8.522970e+01 -3.061881e-14 
  749.000  1.054301e+03  8.510520e+01  2.709633e-14 
  750.000  1.038550e+03  8.358810e+01 -1.508635e-14 
  751.000  1.036162e+03  8.318301e+01 -1.412627e-13 
  752.000  1.053179e+03  8.438033e+01  2.272592e-14 
  753.000  1.043724e+03  8.342204e+01  2.172798e-14 
  754.000  1.060469e+03  8.455222e+01  4.729929e-14 
  755.000  1.054666e+03  8.387674e+01  8.774706e-14 
  756.000  1.034305e+03  8.205039e+01  8.025870e-14 
  757.000  1.042100e+03  8.245845e+01  4.990400e-14 
  758.000  1.039726e+03  8.200249e+01 -4.246770e-15 
  759.000  9.393652e+02  7.239220e+01 -2.180896e-14 
  760.000  3.674948e+02  2.483156e+01  2.512623e-15 
  761.000  3.186878e+02  2.110557e+01 -2.000717e-18 
  762.000  6.193148e+02  4.443123e+01 -7.575087e-21 
  763.000  5.348897e+02  3.737051e+01 -7.741825e-15 
  764.000  5.865682e+02  4.133857e+01 -2.576703e-15 
  765.000  7.051428e+02  5.116412e+01 -2.524166e-15 
  766.000  8.047192e+02  6.015442e+01  1.232622e-14 
  767.000  8.837534e+02  6.651952e+01  1.553244e-14 
  768.000  9.638333e+02  7.299176e+01 -2.363241e-14 
  769.000  9.896478e+02  7.535292e+01  3.880196e-14 
  770.000  9.983499e+02  7.616783e+01 -7.319726e-14 
  771.000  1.006218e+03  7.678508e+01  2.646510e-14 
  772.000  1.004017e+03  7.647975e+01  9.426441e-14 
  773.000  1.000743e+03  7.606435e+01  5.544547e-15 
  774.000  1.012203e+03  7.677091e+01  1.680396e-14 
  775.000  9.746525e+02  7.375552e+01  8.117870e-14 
  776.000  1.015196e+03  7.664588e+01 -2.730145e-14 
  777.000  1.008364e+03  7.594334e+01 -5.830143e-14 
  778.000  1.003088e+03  7.535579e+01  8.421664e-14 
  779.000  1.006485e+03  7.542090e+01 -2.149657e-14 
  780.000  9.941642e+02  7.431078e+01  1.098395e-14 
  781.000  9.930065e+02  7.406256e+01 -5.516022e-14 
  782.000  1.005097e+03  7.477634e+01  3.512235e-14 
  783.000  9.817385e+02  7.285651e+01  6.145197e-15 
  784.000  9.871063e+02  7.305770e+01  2.579231e-14 
  785.000  9.880970e+02  7.285591e+01  1.020494e-14 
  786.000  9.683963e+02  7.108245e+01  7.243526e-14 
  787.000  9.765417e+02  7.123692e+01 -8.909378e-14 
  788.000  9.587096e+02  6.963224e+01 -2.373191e-15 
  789.000  9.524124e+02  6.859032e+01 -3.703662e-14 
  790.000  9.418314e+02  6.763264e+01  1.409925e-14 
  791.000  9.393690e+02  6.736385e+01  1.588090e-14 
  792.000  9.266973e+02  6.636241e+01 -1.184129e-14 
  793.000  9.307308e+02  6.665455e+01  1.874518e-14 
  794.000  9.312780e+02  6.692083e+01  4.409155e-15 
  795.000  9.202554e+02  6.573032e+01 -4.807962e-14 
  796.000  9.193959e+02  6.498311e+01 -3.466141e-15 
  797.000  9.301003e+02  6.572223e+01 -7.179013e-15 
  798.000  9.413192e+02  6.670567e+01  2.604768e-14 
  799.000  9.382753e+02  6.624869e+01  2.406507e-14 
  800.000  9.064748e+02  6.361417e+01 -1.620763e-14 
  801.000  9.243440e+02  6.474286e+01 -1.718685e-14 
  802.000  9.219039e+02  6.439749e+01  9.012829e-15 
  803.000  9.099224e+02  6.344480e+01  1.172072e-14 
  804.000  9.218776e+02  6.423927e+01 -6.829260e-15 
  805.000  9.034816e+02  6.303489e+01 -2.912874e-14 
  806.000  9.321743e+02  6.503524e+01 -3.428395e-14 
  807.000  9.269064e+02  6.452335e+01 -8.959519e-15 
  808.000  9.190167e+02  6.373977e+01 -1.053106e-15 
  809.000  9.007249e+02  6.222747e+01  1.967465e-14 
  810.000  8.936183e+02  6.149091e+01  4.199716e-14 
  811.000  9.013892e+02  6.168701e+01  1.844502e-14 
  812.000  8.893604e+02  6.049147e+01  1.163214e-14 
  813.000  8.745079e+02  5.910213e+01  1.077023e-14 
  814.000  8.584846e+02  5.762027e+01 -1.910766e-14 
  815.000  8.307756e+02  5.536103e+01  6.552914e-15 
  816.000  7.997068e+02  5.289912e+01  1.378326e-14 
  817.000  8.059055e+02  5.319389e+01 -1.338333e-15 
  818.000  8.029915e+02  5.290171e+01  1.074243e-14 
  819.000  7.891626e+02  5.196493e+01  3.815612e-15 
  820.000  7.995110e+02  5.284906e+01  1.571118e-14 
  821.000  8.564170e+02  5.700493e+01  2.120846e-14 
  822.000  8.099710e+02  5.340222e+01 -6.362767e-15 
  823.000  7.577700e+02  4.916798e+01  6.076423e-15 
  824.000  8.234255e+02  5.391077e+01  8.566332e-16 
  825.000  8.569016e+02  5.656649e+01 -1.818186e-14 
  826.000  8.565288e+02  5.630495e+01 -8.486136e-15 
  827.000  8.494302e+02  5.563260e+01  1.562385e-14 
  828.000  8.249988e+02  5.356675e+01 -6.881130e-15 
  829.000  8.328375e+02  5.406915e+01 -1.528610e-15 
  830.000  8.287430e+02  5.382649e+01  6.682056e-15 
  831.000  8.163621e+02  5.294271e+01  6.589428e-15 
  832.000  8.341117e+02  5.399756e+01 -9.643001e-15 
  833.000  8.132683e+02  5.262454e+01  9.973697e-15 
  834.000  8.313151e+02  5.379348e+01  4.670065e-15 
  835.000  8.442474e+02  5.477884e+01 -2.091857e-14 
  836.000  8.505828e+02  5.497935e+01  3.838924e-15 
  837.000  8.432682e+02  5.438004e+01 -6.780594e-15 
  838.000  8.517582e+02  5.494485e+01  2.136563e-14 
  839.000  8.283574e+02  5.340564e+01  2.153245e-14 
  840.000  8.517634e+02  5.482780e+01 -2.214863e-14 
  841.000  8.507944e+02  5.454862e+01 -3.378289e-14 
  842.000  8.484922e+02  5.436897e+01  1.855027e-15 
  843.000  8.495220e+02  5.454033e+01  7.562383e-15 
  844.000  8.385055e+02  5.382526e+01 -3.224944e-14 
  845.000  8.527102e+02  5.467138e+01 -1.904183e-14 
  846.000  8.617964e+02  5.517630e+01 -4.105390e-15 
  847.000  8.336752e+02  5.332941e+01  3.960876e-15 
  848.000  8.558315e+02  5.452937e+01  9.580000e-15 
  849.000  8.577968e+02  5.454890e+01  4.703784e-14 
  850.000  7.406787e+02  4.695462e+01  1.895125e-14 
  851.000  8.472041e+02  5.353304e+01 -1.258455e-14 
  852.000  8.152913e+02  5.141061e+01  1.552216e-14 
  853.000  8.270460e+02  5.213365e+01  4.613911e-14 
  854.000  6.648846e+02  4.181723e+01 -1.041271e-14 
  855.000  7.329651e+02  4.604305e+01  1.992615e-14 
  856.000  8.339641e+02  5.237437e+01  2.614689e-14 
  857.000  8.482524e+02  5.320691e+01 -5.771878e-14 
  858.000  8.351921e+02  5.230032e+01  3.066343e-14 
  859.000  8.360911e+02  5.229990e+01  3.940350e-15 
  860.000  8.291223e+02  5.177944e+01 -1.352126e-14 
  861.000  8.291748e+02  5.167624e+01 -2.192752e-14 
  862.000  8.267487e+02  5.142963e+01 -6.763207e-14 
  863.000  8.426791e+02  5.231092e+01 -2.684267e-14 
  864.000  8.412278e+02  5.211985e+01 -2.556047e-14 
  865.000  8.257594e+02  5.106091e+01  5.404087e-14 
  866.000  6.927560e+02  4.274762e+01 -1.778267e-14 
  867.000  7.377751e+02  4.542788e+01  8.540142e-15 
  868.000  8.002487e+02  4.917170e+01 -6.103349e-14 
  869.000  7.891505e+02  4.838998e+01 -8.558462e-15 
  870.000  8.217695e+02  5.028199e+01  5.939962e-14 
  871.000  8.207365e+02  5.011562e+01 -2.165187e-14 
  872.000  8.176200e+02  4.982653e+01  1.270005e-14 
  873.000  8.209034e+02  4.991554e+01  1.839493e-14 
  874.000  8.029557e+02  4.871870e+01  1.682719e-14 
  875.000  7.956493e+02  4.817366e+01 -1.062698e-14 
  876.000  8.022156e+02  4.845984e+01  3.766932e-15 
  877.000  8.182270e+02  4.931873e+01  8.279599e-15 
  878.000  8.037745e+02  4.831353e+01  1.745665e-14 
  879.000  8.056791e+02  4.832507e+01  1.632592e-14 
  880.000  8.006831e+02  4.789722e+01 -1.682533e-14 
  881.000  7.589166e+02  4.528964e+01  6.595899e-15 
  882.000  8.006833e+02  4.766792e+01 -3.773220e-15 
  883.000  7.827109e+02  4.651610e+01 -4.453672e-14 
  884.000  7.895233e+02  4.682983e+01 -1.973389e-14 
  885.000  7.968568e+02  4.711023e+01 -2.864666e-14 
  886.000  7.695682e+02  4.532724e+01 -1.261994e-14 
  887.000  7.627498e+02  4.489098e+01 -2.023464e-14 
  888.000  7.856021e+02  4.613722e+01 -2.026863e-14 
  889.000  7.912407e+02  4.639088e+01 -3.732819e-15 
  890.000  7.879749e+02  4.605879e+01 -2.092709e-14 
  891.000  7.820216e+02  4.554337e+01  6.679075e-15 
  892.000  7.749713e+02  4.487653e+01  9.275924e-15 
  893.000  7.313914e+02  4.187467e+01 -8.430140e-15 
  894.000  7.482172e+02  4.258296e+01  1.395789e-14 
  895.000  6.876062e+02  3.869996e+01  1.074422e-14 
  896.000  6.886677e+02  3.843710e+01 -1.069334e-14 
  897.000  6.460930e+02  3.577362e+01 -1.959345e-15 
  898.000  6.347733e+02  3.497756e+01 -7.440669e-15 
  899.000  5.996804e+02  3.271344e+01  6.309193e-15 
  900.000  5.895096e+02  3.212933e+01 -3.199588e-15 
  901.000  5.684412e+02  3.084855e+01 -3.553631e-16 
  902.000  5.596104e+02  3.033368e+01 -6.989441e-16 
  903.000  6.472919e+02  3.546744e+01  4.867709e-15 
  904.000  6.926086e+02  3.816947e+01  3.774567e-15 
  905.000  6.895446e+02  3.792223e+01 -9.776344e-15 
  906.000  6.492780e+02  3.546431e+01  3.703307e-15 
  907.000  6.211287e+02  3.359905e+01 -1.370176e-14 
  908.000  5.795457e+02  3.109815e+01 -5.398802e-15 
  909.000  5.706942e+02  3.056697e+01  1.010227e-15 
  910.000  5.812350e+02  3.109938e+01 -2.825634e-15 
  911.000  5.960030e+02  3.195078e+01  1.033985e-15 
  912.000  5.893913e+02  3.147922e+01  4.648452e-15 
  913.000  5.683505e+02  3.000157e+01 -4.017243e-15 
  914.000  5.818284e+02  3.081879e+01  2.010458e-15 
  915.000  5.849243e+02  3.103728e+01  0.000000e+00 
  916.000  5.958525e+02  3.158892e+01  2.202169e-16 
  917.000  5.938822e+02  3.148341e+01  1.201147e-15 
  918.000  6.003289e+02  3.183516e+01 -2.591254e-15 
  919.000  6.409200e+02  3.414881e+01  8.041255e-15 
  920.000  6.595963e+02  3.528046e+01 -1.751486e-14 
  921.000  6.399257e+02  3.412286e+01 -8.204966e-15 
  922.000  6.337969e+02  3.372918e+01  4.953041e-16 
  923.000  6.008575e+02  3.186465e+01 -1.721866e-15 
  924.000  6.103169e+02  3.219087e+01  2.725727e-15 
  925.000  6.170571e+02  3.246230e+01  8.687293e-15 
  926.000  5.944148e+02  3.117634e+01 -2.238002e-15 
  927.000  5.975623e+02  3.113023e+01 -1.827094e-15 
  928.000  5.722307e+02  2.951763e+01 -7.095058e-15 
  929.000  5.235283e+02  2.655688e+01  7.181218e-15 
  930.000  4.718469e+02  2.329394e+01 -8.499971e-17 
  931.000  4.171489e+02  1.998890e+01  5.596729e-16 
  932.000  3.446418e+02  1.595247e+01 -5.378412e-18 
  933.000  2.972677e+02  1.344957e+01 -2.706687e-18 
  934.000  2.479017e+02  1.095324e+01  9.189312e-17 
  935.000  2.393158e+02  1.052181e+01  9.451795e-17 
  936.000  2.551208e+02  1.128750e+01  5.527288e-17 
  937.000  2.564307e+02  1.130878e+01 -1.620385e-16 
  938.000  3.061946e+02  1.381594e+01  3.753788e-16 
  939.000  4.561709e+02  2.193844e+01 -1.660390e-15 
  940.000  4.769991e+02  2.316821e+01 -1.767904e-15 
  941.000  4.469897e+02  2.147055e+01  4.123218e-17 
  942.000  3.851359e+02  1.803490e+01  7.983578e-16 
  943.000  3.303143e+02  1.495424e+01  2.536062e-24 
  944.000  3.161470e+02  1.425010e+01  0.000000e+00 
  945.000  3.451283e+02  1.568504e+01 -2.062712e-16 
  946.000  3.514588e+02  1.596079e+01  3.900960e-16 
  947.000  3.735598e+02  1.711827e+01 -2.268020e-16 
  948.000  3.902559e+02  1.796872e+01  0.000000e+00 
  949.000  3.898160e+02  1.791052e+01  1.045922e-17 
  950.000  3.910191e+02  1.796630e+01  0.000000e+00 
  951.000  4.210991e+02  1.961861e+01  7.870507e-16 
  952.000  3.868457e+02  1.771074e+01 -1.032732e-17 
  953.000  4.100331e+02  1.895937e+01 -2.056542e-17 
  954.000  4.322569e+02  2.023006e+01 -1.669685e-15 
  955.000  3.843529e+02  1.777376e+01  7.989615e-16 
  956.000  4.057333e+02  1.870646e+01  7.955872e-16 
  957.000  4.719324e+02  2.249226e+01 -6.871078e-15 
  958.000  4.846475e+02  2.316907e+01 -8.174164e-17 
  959.000  4.753926e+02  2.257464e+01 -1.614834e-19 
  960.000  4.678309e+02  2.214735e+01  5.895260e-15 
  961.000  4.574158e+02  2.155814e+01 -4.009852e-17 
  962.000  4.648986e+02  2.193637e+01 -6.691366e-15 
  963.000  5.011085e+02  2.401525e+01  0.000000e+00 
  964.000  5.008277e+02  2.401336e+01  1.600906e-15 
  965.000  5.035125e+02  2.407616e+01 -1.673250e-15 
  966.000  4.910735e+02  2.346584e+01  3.106073e-15 
  967.000  5.327512e+02  2.563486e+01  2.283331e-15 
  968.000  5.722337e+02  2.778462e+01  5.686737e-16 
  969.000  5.966749e+02  2.907578e+01 -3.130416e-15 
  970.000  5.995166e+02  2.917491e+01 -2.470893e-15 
  971.000  5.937419e+02  2.883809e+01  1.659692e-15 
  972.000  5.920143e+02  2.865481e+01 -5.015575e-15 
  973.000  5.730328e+02  2.759332e+01 -7.609092e-15 
  974.000  5.481317e+02  2.625116e+01  2.928607e-15 
  975.000  5.405358e+02  2.578125e+01 -4.596935e-15 
  976.000  5.599677e+02  2.673405e+01 -1.012956e-14 
  977.000  5.666115e+02  2.713198e+01 -8.192492e-16 
  978.000  5.789464e+02  2.766584e+01  2.346523e-15 
  979.000  5.676158e+02  2.711712e+01 -3.502176e-16 
  980.000  5.972545e+02  2.866059e+01 -3.642172e-15 
  981.000  6.063176e+02  2.909345e+01  6.852880e-15 
  982.000  6.002179e+02  2.870590e+01 -3.409141e-15 
  983.000  6.098648e+02  2.923290e+01 -6.571407e-15 
  984.000  6.173447e+02  2.968389e+01  3.126644e-15 
  985.000  6.236613e+02  3.003033e+01  9.004845e-15 
  986.000  6.270299e+02  3.027961e+01 -4.717845e-15 
  987.000  6.379074e+02  3.081817e+01  9.623478e-16 
  988.000  6.309200e+02  3.044155e+01  8.034755e-15 
  989.000  6.234729e+02  3.003781e+01 -2.756754e-15 
  990.000  6.296994e+02  3.029976e+01  1.162210e-14 
  991.000  6.379957e+02  3.070674e+01  2.086154e-14 
  992.000  6.330151e+02  3.042970e+01 -4.620308e-15 
  993.000  6.333346e+02  3.038533e+01  3.881373e-15 
  994.000  6.393737e+02  3.068634e+01  6.879009e-15 
  995.000  6.365866e+02  3.054256e+01  1.911010e-14 
  996.000  6.364741e+02  3.048066e+01  1.910617e-14 
  997.000  6.360062e+02  3.037317e+01 -6.834035e-15 
  998.000  6.323032e+02  3.010721e+01  1.951637e-14 
  999.000  6.302421e+02  2.994173e+01 -6.337737e-15 
 1000.000  6.256621e+02  2.967955e+01  3.369183e-15 
 1001.000  6.263378e+02  2.960196e+01 -5.272464e-15 
 1002.000  6.210058e+02  2.920485e+01  2.696073e-15 
 1003.000  6.148456e+02  2.888317e+01  4.614883e-15 
 1004.000  6.122665e+02  2.876125e+01 -2.073848e-15 
 1005.000  5.729765e+02  2.688933e+01 -6.632085e-15 
 1006.000  6.034489e+02  2.827555e+01  1.226100e-14 
 1007.000  6.136475e+02  2.868312e+01 -3.937861e-15 
 1008.000  6.127166e+02  2.851463e+01 -3.876567e-15 
 1009.000  6.042931e+02  2.798289e+01  1.772622e-15 
 1010.000  6.087039e+02  2.817471e+01 -1.856513e-14 
 1011.000  6.104589e+02  2.830354e+01  1.403857e-15 
 1012.000  6.126152e+02  2.839226e+01 -2.455757e-15 
 1013.000  6.096517e+02  2.822836e+01 -6.568039e-15 
 1014.000  6.142286e+02  2.840409e+01 -6.166789e-15 
 1015.000  6.030350e+02  2.783883e+01 -1.534927e-14 
 1016.000  6.075769e+02  2.801401e+01  1.914676e-14 
 1017.000  6.019923e+02  2.771564e+01  9.261720e-15 
 1018.000  6.090660e+02  2.797009e+01 -1.222001e-14 
 1019.000  5.936149e+02  2.717064e+01 -3.201052e-15 
 1020.000  5.929503e+02  2.710538e+01 -1.554109e-14 
 1021.000  6.000070e+02  2.740784e+01  6.448814e-15 
 1022.000  5.891719e+02  2.681587e+01 -5.930199e-15 
 1023.000  5.989510e+02  2.718571e+01  1.316973e-14 
 1024.000  5.949854e+02  2.693622e+01 -9.361893e-16 
 1025.000  5.976679e+02  2.706542e+01 -3.220926e-15 
 1026.000  5.996609e+02  2.713998e+01 -1.847599e-14 
 1027.000  5.955627e+02  2.689209e+01  9.184285e-15 
 1028.000  5.974440e+02  2.694007e+01  1.241641e-14 
 1029.000  5.895746e+02  2.656992e+01 -9.059903e-15 
 1030.000  5.966295e+02  2.686966e+01  3.191390e-15 
 1031.000  5.953296e+02  2.677857e+01 -9.115283e-15 
 1032.000  5.937131e+02  2.666997e+01 -1.414558e-14 
 1033.000  5.829332e+02  2.614171e+01  3.254706e-14 
 1034.000  5.893700e+02  2.638997e+01 -4.210624e-16 
 1035.000  5.832476e+02  2.607252e+01  2.673410e-14 
 1036.000  5.908306e+02  2.636343e+01  2.666291e-14 
 1037.000  5.784494e+02  2.576597e+01 -1.767706e-14 
 1038.000  5.842335e+02  2.597843e+01  1.659885e-14 
 1039.000  5.865581e+02  2.603076e+01  3.856192e-14 
 1040.000  5.795733e+02  2.567134e+01 -6.181950e-15 
 1041.000  5.825939e+02  2.575582e+01 -2.319635e-14 
 1042.000  5.843032e+02  2.578378e+01 -2.638259e-14 
 1043.000  5.742269e+02  2.529325e+01 -2.021150e-14 
 1044.000  5.798849e+02  2.549422e+01 -8.867476e-15 
 1045.000  5.772847e+02  2.532730e+01  6.163868e-15 
 1046.000  5.604054e+02  2.453806e+01 -3.393977e-15 
 1047.000  5.705945e+02  2.493399e+01 -9.146645e-15 
 1048.000  5.761935e+02  2.512860e+01 -3.080673e-15 
 1049.000  5.724058e+02  2.491449e+01 -2.326780e-14 
 1050.000  5.688228e+02  2.470667e+01  4.079774e-16 
 1051.000  5.686069e+02  2.464120e+01  3.046920e-15 
 1052.000  5.657921e+02  2.446822e+01  1.738978e-14 
 1053.000  5.660190e+02  2.443303e+01 -8.292758e-15 
 1054.000  5.599429e+02  2.411612e+01  3.005742e-15 
 1055.000  5.637867e+02  2.422675e+01  2.623564e-15 
 1056.000  5.620809e+02  2.410130e+01 -1.994509e-14 
 1057.000  5.605439e+02  2.396949e+01  3.020994e-15 
 1058.000  5.536196e+02  2.358984e+01 -1.437388e-14 
 1059.000  5.362938e+02  2.281369e+01  8.702668e-15 
 1060.000  5.561890e+02  2.363954e+01  3.002792e-15 
 1061.000  5.366011e+02  2.276811e+01 -2.704244e-15 
 1062.000  5.508768e+02  2.331425e+01 -1.987962e-14 
 1063.000  5.413412e+02  2.286939e+01 -1.368623e-14 
 1064.000  5.478226e+02  2.308853e+01  1.407835e-14 
 1065.000  5.463395e+02  2.296545e+01  5.948494e-15 
 1066.000  5.296469e+02  2.223277e+01 -1.940633e-14 
 1067.000  5.418676e+02  2.269906e+01  1.161442e-14 
 1068.000  5.380914e+02  2.246891e+01 -2.632763e-15 
 1069.000  4.967393e+02  2.068946e+01 -5.053572e-15 
 1070.000  5.264634e+02  2.189978e+01  6.641502e-15 
 1071.000  5.263217e+02  2.183511e+01  5.668378e-15 
 1072.000  5.268715e+02  2.180060e+01  2.055508e-16 
 1073.000  5.093402e+02  2.103973e+01 -5.548636e-15 
 1074.000  5.274088e+02  2.175806e+01 -7.109285e-16 
 1075.000  5.127145e+02  2.115644e+01 -9.944505e-16 
 1076.000  5.228951e+02  2.152218e+01 -1.172287e-16 
 1077.000  5.203612e+02  2.135763e+01  5.780468e-16 
 1078.000  5.202228e+02  2.128841e+01  5.821686e-15 
 1079.000  4.998583e+02  2.042157e+01  9.707652e-15 
 1080.000  5.101632e+02  2.073563e+01  3.100927e-15 
 1081.000  4.912263e+02  1.993354e+01 -1.952988e-15 
 1082.000  4.994726e+02  2.027034e+01 -1.420237e-15 
 1083.000  4.837236e+02  1.956627e+01  1.814032e-15 
 1084.000  4.995550e+02  2.013935e+01 -8.147978e-16 
 1085.000  4.867115e+02  1.951594e+01  1.725861e-15 
 1086.000  4.945803e+02  1.981986e+01  5.557774e-15 
 1087.000  4.708685e+02  1.892810e+01 -2.954516e-15 
 1088.000  4.997816e+02  2.006583e+01 -1.219163e-14 
 1089.000  4.724330e+02  1.883658e+01 -1.557748e-15 
 1090.000  4.811162e+02  1.913739e+01  5.219054e-15 
 1091.000  4.858760e+02  1.931562e+01  2.871740e-15 
 1092.000  4.704450e+02  1.863153e+01 -5.586680e-16 
 1093.000  4.553428e+02  1.792815e+01 -2.434126e-15 
 1094.000  4.106855e+02  1.611997e+01 -5.758907e-16 
 1095.000  4.451804e+02  1.745196e+01  7.734465e-15 
 1096.000  4.439421e+02  1.737901e+01 -2.435273e-15 
 1097.000  4.361280e+02  1.703292e+01  4.725954e-15 
 1098.000  4.068928e+02  1.573878e+01 -1.226770e-15 
 1099.000  3.864626e+02  1.480457e+01  1.122394e-15 
 1100.000  3.944996e+02  1.509917e+01  1.203986e-16 
