  400.000  3.473875e+02  2.929859e+02 -3.942126e-14 
  401.000  3.468183e+02  2.892213e+02 -4.371964e-14 
  402.000  3.691592e+02  3.044211e+02  4.838621e-14 
  403.000  3.472314e+02  2.831705e+02  3.643347e-14 
  404.000  3.747063e+02  3.022198e+02 -8.024832e-14 
  405.000  3.450421e+02  2.752570e+02  7.233564e-14 
  406.000  3.438254e+02  2.713160e+02 -2.782072e-14 
  407.000  3.362004e+02  2.624470e+02  6.654400e-14 
  408.000  3.656493e+02  2.823888e+02  1.925249e-14 
  409.000  4.062871e+02  3.104462e+02  1.154831e-15 
  410.000  3.409584e+02  2.577847e+02  2.154884e-14 
  411.000  4.018698e+02  3.006589e+02 -4.203721e-14 
  412.000  4.179173e+02  3.094151e+02  1.944402e-13 
  413.000  3.961996e+02  2.903105e+02 -1.111814e-13 
  414.000  3.901973e+02  2.829749e+02  6.928818e-15 
  415.000  4.176064e+02  2.997731e+02 -1.439765e-13 
  416.000  4.164799e+02  2.959423e+02  4.100127e-14 
  417.000  4.051634e+02  2.850090e+02  6.892932e-14 
  418.000  3.976518e+02  2.769334e+02  9.898706e-14 
  419.000  4.087251e+02  2.818218e+02  1.011035e-13 
  420.000  3.470611e+02  2.369457e+02  1.186240e-13 
  421.000  4.362057e+02  2.948938e+02  7.122308e-14 
  422.000  4.192802e+02  2.806990e+02 -1.393645e-13 
  423.000  3.551999e+02  2.355054e+02 -7.012683e-14 
  424.000  3.918899e+02  2.573421e+02  1.060688e-13 
  425.000  4.070889e+02  2.647738e+02 -8.721358e-14 
  426.000  3.924797e+02  2.528531e+02 -1.293270e-14 
  427.000  3.786221e+02  2.416291e+02  5.345733e-14 
  428.000  3.844882e+02  2.430774e+02 -4.965530e-14 
  429.000  3.507859e+02  2.197090e+02 -1.048587e-14 
  430.000  2.807020e+02  1.741883e+02  7.795402e-14 
  431.000  2.530725e+02  1.556013e+02 -1.235806e-13 
  432.000  4.567752e+02  2.782852e+02  8.068376e-14 
  433.000  4.076909e+02  2.461290e+02 -1.895091e-13 
  434.000  3.885255e+02  2.324452e+02 -6.696019e-14 
  435.000  4.238199e+02  2.512905e+02 -2.200524e-14 
  436.000  4.711758e+02  2.768815e+02  1.828069e-13 
  437.000  4.769455e+02  2.777914e+02 -1.710578e-14 
  438.000  4.283282e+02  2.472793e+02  4.380895e-14 
  439.000  4.155247e+02  2.377900e+02 -7.621333e-14 
  440.000  4.668729e+02  2.648494e+02 -1.220422e-13 
  441.000  4.664966e+02  2.623451e+02 -7.053251e-14 
  442.000  4.924987e+02  2.745817e+02  6.664934e-14 
  443.000  4.969704e+02  2.746992e+02  6.578411e-14 
  444.000  4.948996e+02  2.712202e+02 -5.777991e-14 
  445.000  5.217758e+02  2.835182e+02 -1.134936e-13 
  446.000  4.655020e+02  2.507960e+02  2.293570e-14 
  447.000  5.321362e+02  2.842992e+02 -2.732128e-14 
  448.000  5.422922e+02  2.873501e+02 -2.474889e-15 
  449.000  5.472955e+02  2.876477e+02 -1.051033e-13 
  450.000  5.605463e+02  2.922296e+02  1.178600e-13 
  451.000  6.071786e+02  3.139844e+02 -1.066897e-13 
  452.000  5.657046e+02  2.901805e+02  7.439188e-14 
  453.000  5.262742e+02  2.677873e+02  7.586495e-15 
  454.000  5.622922e+02  2.838270e+02  2.546266e-14 
  455.000  5.674120e+02  2.841315e+02 -2.578276e-13 
  456.000  5.823395e+02  2.892915e+02  1.538145e-13 
  457.000  5.867854e+02  2.892029e+02 -1.005847e-13 
  458.000  5.776169e+02  2.824522e+02  4.208055e-14 
  459.000  5.786787e+02  2.807616e+02 -3.259320e-14 
  460.000  5.747573e+02  2.766944e+02 -1.612682e-14 
  461.000  5.967414e+02  2.850601e+02 -2.362347e-13 
  462.000  5.881332e+02  2.787884e+02  1.759225e-13 
  463.000  5.893807e+02  2.772426e+02 -1.340942e-13 
  464.000  5.924861e+02  2.765950e+02 -3.800685e-15 
  465.000  5.849626e+02  2.710254e+02  1.654529e-13 
  466.000  6.046317e+02  2.780355e+02  3.444216e-14 
  467.000  5.843627e+02  2.667031e+02 -5.282358e-14 
  468.000  6.196456e+02  2.806844e+02 -1.817321e-14 
  469.000  6.151297e+02  2.765410e+02 -1.175590e-13 
  470.000  6.074991e+02  2.710477e+02 -1.076495e-14 
  471.000  6.071727e+02  2.688464e+02  4.351735e-14 
  472.000  6.152982e+02  2.703715e+02  2.614505e-14 
  473.000  6.091954e+02  2.656428e+02 -2.710780e-14 
  474.000  6.146231e+02  2.659520e+02  9.528363e-15 
  475.000  6.397808e+02  2.746500e+02  1.849626e-14 
  476.000  6.201943e+02  2.640777e+02 -8.323337e-15 
  477.000  6.147319e+02  2.596973e+02  2.601635e-14 
  478.000  6.461794e+02  2.711483e+02  2.858040e-14 
  479.000  6.182478e+02  2.578404e+02 -1.182673e-13 
  480.000  6.319380e+02  2.619826e+02  6.490806e-14 
  481.000  6.294394e+02  2.593505e+02 -4.264520e-14 
  482.000  6.438680e+02  2.636285e+02 -1.646248e-13 
  483.000  6.456636e+02  2.626627e+02 -1.301024e-15 
  484.000  6.217894e+02  2.512880e+02  8.818474e-14 
  485.000  6.272575e+02  2.518133e+02  6.993047e-14 
  486.000  5.092981e+02  2.030971e+02 -3.032699e-14 
  487.000  5.732438e+02  2.270763e+02  1.587043e-14 
  488.000  6.232872e+02  2.452587e+02 -8.723333e-14 
  489.000  5.801931e+02  2.267890e+02  9.804780e-14 
  490.000  6.614158e+02  2.568327e+02 -5.571061e-14 
  491.000  6.197051e+02  2.390505e+02 -8.716549e-14 
  492.000  5.962486e+02  2.284907e+02  9.874767e-14 
  493.000  6.429474e+02  2.447761e+02  6.871418e-14 
  494.000  6.218655e+02  2.352075e+02 -1.930047e-14 
  495.000  6.655673e+02  2.501065e+02 -1.293660e-15 
  496.000  6.488893e+02  2.422605e+02  8.767493e-14 
  497.000  6.301097e+02  2.337356e+02 -3.521435e-14 
  498.000  6.158574e+02  2.269864e+02 -5.213047e-14 
  499.000  6.149908e+02  2.252205e+02 -3.306266e-14 
  500.000  6.128961e+02  2.230282e+02  3.525574e-14 
  501.000  5.997384e+02  2.168586e+02  6.427212e-14 
  502.000  5.963863e+02  2.142892e+02  9.800571e-14 
  503.000  6.325469e+02  2.258590e+02 -5.189100e-14 
  504.000  5.890766e+02  2.090254e+02  6.395700e-14 
  505.000  6.359613e+02  2.242589e+02  3.386370e-14 
  506.000  6.815828e+02  2.388733e+02  1.680227e-14 
  507.000  6.348740e+02  2.211472e+02 -5.166581e-14 
  508.000  6.095315e+02  2.110327e+02  1.726438e-14 
  509.000  6.580065e+02  2.264409e+02 -1.245400e-15 
  510.000  6.382589e+02  2.183239e+02  6.834549e-14 
  511.000  6.391002e+02  2.173008e+02  2.038136e-14 
  512.000  6.714437e+02  2.269351e+02  1.067379e-13 
  513.000  6.151347e+02  2.066689e+02 -1.837734e-14 
  514.000  6.028174e+02  2.013330e+02 -1.128213e-15 
  515.000  6.160131e+02  2.045292e+02 -1.832438e-14 
  516.000  6.476259e+02  2.137611e+02 -6.726230e-14 
  517.000  4.774243e+02  1.566570e+02  2.475609e-14 
  518.000  5.915211e+02  1.929600e+02  1.531399e-14 
  519.000  5.608262e+02  1.818814e+02  4.557754e-14 
  520.000  6.179080e+02  1.992323e+02  1.480624e-14 
  521.000  6.186858e+02  1.983292e+02 -8.318599e-14 
  522.000  6.436516e+02  2.051392e+02  4.972222e-14 
  523.000  5.999513e+02  1.901029e+02  9.370474e-14 
  524.000  6.513058e+02  2.051860e+02 -3.587570e-14 
  525.000  6.464565e+02  2.024856e+02 -8.774417e-14 
  526.000  6.164465e+02  1.919870e+02 -6.096205e-14 
  527.000  5.387792e+02  1.668423e+02 -5.521963e-14 
  528.000  6.473944e+02  1.993386e+02  1.326072e-13 
  529.000  6.661011e+02  2.039397e+02 -5.357507e-14 
  530.000  6.297184e+02  1.917176e+02  1.621549e-13 
  531.000  6.857874e+02  2.076218e+02  1.877823e-14 
  532.000  6.545931e+02  1.970823e+02  3.341714e-14 
  533.000  5.753549e+02  1.722830e+02 -1.571653e-14 
  534.000  6.261675e+02  1.864985e+02 -1.478636e-14 
  535.000  6.394286e+02  1.894476e+02 -9.741265e-14 
  536.000  6.790795e+02  2.001406e+02  8.604578e-14 
  537.000  6.305345e+02  1.848572e+02  1.365996e-14 
  538.000  6.605457e+02  1.926360e+02  3.575926e-14 
  539.000  6.588561e+02  1.911321e+02  2.385548e-15 
  540.000  6.452454e+02  1.861998e+02 -1.274649e-14 
  541.000  5.921053e+02  1.699698e+02 -1.595462e-14 
  542.000  6.609642e+02  1.887448e+02  1.191353e-15 
  543.000  6.326851e+02  1.797280e+02  1.121689e-13 
  544.000  6.677751e+02  1.887089e+02 -1.194452e-13 
  545.000  6.582607e+02  1.850549e+02 -3.292834e-14 
  546.000  6.440407e+02  1.801210e+02  1.155290e-15 
  547.000  6.718438e+02  1.869306e+02  5.270996e-14 
  548.000  6.237729e+02  1.726660e+02  1.890065e-14 
  549.000  6.569028e+02  1.809086e+02 -5.142830e-14 
  550.000  6.429502e+02  1.761645e+02  3.429294e-14 
  551.000  6.394541e+02  1.743139e+02 -1.818244e-14 
  552.000  6.675777e+02  1.810578e+02 -1.190859e-15 
  553.000  6.419493e+02  1.732259e+02 -1.593893e-14 
  554.000  6.634619e+02  1.781280e+02 -1.181939e-15 
  555.000  6.658693e+02  1.778760e+02 -1.185468e-15 
  556.000  6.480304e+02  1.722434e+02  6.769860e-14 
  557.000  6.292689e+02  1.664187e+02 -6.570925e-14 
  558.000  6.536505e+02  1.720032e+02 -1.162041e-15 
  559.000  6.182808e+02  1.618847e+02 -6.231329e-14 
  560.000  6.214025e+02  1.618897e+02  9.446870e-14 
  561.000  6.833580e+02  1.771408e+02 -3.502784e-14 
  562.000  6.274057e+02  1.617946e+02  6.211887e-14 
  563.000  6.567264e+02  1.685059e+02  0.000000e+00 
  564.000  6.477145e+02  1.653518e+02  3.207257e-14 
  565.000  6.554431e+02  1.664558e+02  3.364515e-14 
  566.000  6.045089e+02  1.527501e+02  1.605771e-14 
  567.000  6.478773e+02  1.627876e+02 -1.609394e-14 
  568.000  6.436696e+02  1.605584e+02 -2.313528e-15 
  569.000  6.246935e+02  1.544504e+02  2.852970e-14 
  570.000  6.291226e+02  1.548548e+02  2.507374e-14 
  571.000  6.113466e+02  1.501485e+02  7.120478e-15 
  572.000  6.418572e+02  1.564317e+02 -2.597296e-14 
  573.000  6.498652e+02  1.576336e+02  2.527599e-14 
  574.000  6.468654e+02  1.561879e+02  7.596529e-15 
  575.000  6.309982e+02  1.515841e+02  0.000000e+00 
  576.000  6.199290e+02  1.482065e+02  4.706382e-14 
  577.000  6.476076e+02  1.542552e+02 -2.505957e-14 
  578.000  6.310731e+02  1.498282e+02  1.580635e-14 
  579.000  6.285670e+02  1.487256e+02  8.390322e-15 
  580.000  6.527720e+02  1.539247e+02  3.233496e-14 
  581.000  6.441413e+02  1.514521e+02  7.349095e-15 
  582.000  6.562308e+02  1.537618e+02 -1.604497e-14 
  583.000  6.624445e+02  1.545947e+02 -3.343917e-14 
  584.000  6.617504e+02  1.537972e+02  1.607448e-14 
  585.000  6.586044e+02  1.524164e+02  3.306182e-14 
  586.000  6.313579e+02  1.454857e+02 -6.324422e-14 
  587.000  6.547722e+02  1.499596e+02  0.000000e+00 
  588.000  6.397971e+02  1.451952e+02  9.575264e-15 
  589.000  5.551628e+02  1.248075e+02 -8.623185e-16 
  590.000  5.794186e+02  1.296680e+02  1.593541e-15 
  591.000  6.257883e+02  1.398629e+02 -6.818236e-15 
  592.000  6.094567e+02  1.353990e+02 -4.762607e-14 
  593.000  6.271469e+02  1.392928e+02  1.582060e-14 
  594.000  6.310829e+02  1.394171e+02 -1.904379e-14 
  595.000  6.120959e+02  1.342780e+02  1.751294e-15 
  596.000  6.385930e+02  1.400710e+02  1.087996e-15 
  597.000  6.386058e+02  1.393364e+02  1.318930e-14 
  598.000  6.303420e+02  1.372365e+02  3.217047e-15 
  599.000  6.327400e+02  1.373140e+02  1.860937e-14 
  600.000  6.370863e+02  1.379295e+02  3.774706e-14 
  601.000  6.366533e+02  1.375656e+02  0.000000e+00 
  602.000  6.309512e+02  1.358661e+02  1.078918e-15 
  603.000  6.362166e+02  1.365282e+02 -4.422415e-14 
  604.000  6.579000e+02  1.406800e+02 -1.444335e-14 
  605.000  6.574733e+02  1.400551e+02  4.652269e-14 
  606.000  6.507424e+02  1.380633e+02  4.595614e-14 
  607.000  6.479511e+02  1.369171e+02  0.000000e+00 
  608.000  6.464034e+02  1.360372e+02  0.000000e+00 
  609.000  6.405546e+02  1.342597e+02  5.999144e-14 
  610.000  6.310668e+02  1.317360e+02  1.686809e-14 
  611.000  6.420997e+02  1.334972e+02 -4.278977e-14 
  612.000  6.345049e+02  1.313855e+02 -1.583739e-14 
  613.000  6.259661e+02  1.290936e+02 -1.455242e-14 
  614.000  6.040486e+02  1.240702e+02 -1.401946e-14 
  615.000  6.336919e+02  1.296348e+02  5.978625e-14 
  616.000  6.031677e+02  1.228932e+02 -5.481240e-14 
  617.000  6.071874e+02  1.232121e+02  3.006552e-14 
  618.000  6.363914e+02  1.286138e+02 -4.404579e-14 
  619.000  6.310410e+02  1.270110e+02 -1.454329e-14 
  620.000  6.408144e+02  1.284495e+02 -2.844973e-14 
  621.000  6.522245e+02  1.301971e+02  3.108840e-14 
  622.000  6.181093e+02  1.228743e+02  5.888858e-14 
  623.000  6.231224e+02  1.233490e+02 -1.329423e-14 
  624.000  6.239912e+02  1.230038e+02  4.507059e-14 
  625.000  6.072271e+02  1.191967e+02  0.000000e+00 
  626.000  6.099333e+02  1.191794e+02  0.000000e+00 
  627.000  6.169964e+02  1.197399e+02  2.864185e-14 
  628.000  5.954008e+02  1.142567e+02  1.286323e-14 
  629.000  6.184473e+02  1.186389e+02 -3.375039e-16 
  630.000  6.011740e+02  1.150730e+02 -1.956438e-14 
  631.000  6.263265e+02  1.196114e+02 -2.029710e-14 
  632.000  5.822548e+02  1.106362e+02 -8.004678e-15 
  633.000  6.299130e+02  1.195456e+02 -1.447211e-14 
  634.000  6.134244e+02  1.161184e+02 -1.399697e-14 
  635.000  6.258649e+02  1.180558e+02 -6.606504e-15 
  636.000  6.054979e+02  1.138709e+02  4.210725e-14 
  637.000  6.270682e+02  1.175514e+02 -1.015212e-15 
  638.000  6.396184e+02  1.196414e+02 -8.694653e-14 
  639.000  6.354399e+02  1.184435e+02  2.939403e-14 
  640.000  6.172924e+02  1.147305e+02  8.427164e-14 
  641.000  6.271876e+02  1.161557e+02 -1.390317e-14 
  642.000  6.210663e+02  1.146661e+02  1.273316e-14 
  643.000  6.315695e+02  1.160756e+02 -1.497145e-14 
  644.000  6.250716e+02  1.144683e+02 -9.908164e-16 
  645.000  6.294852e+02  1.146993e+02 -1.493987e-14 
  646.000  5.990311e+02  1.083176e+02 -1.542352e-14 
  647.000  6.027347e+02  1.083389e+02  6.574520e-16 
  648.000  5.965484e+02  1.066188e+02  1.045162e-14 
  649.000  6.139352e+02  1.095287e+02  4.832303e-15 
  650.000  5.783439e+02  1.032814e+02  1.243350e-14 
  651.000  6.235081e+02  1.109470e+02 -1.407286e-14 
  652.000  6.036732e+02  1.066030e+02 -1.002978e-14 
  653.000  6.261352e+02  1.107014e+02 -7.632860e-15 
  654.000  6.174097e+02  1.087046e+02  2.420503e-14 
  655.000  5.981991e+02  1.047561e+02 -1.351022e-16 
  656.000  5.093129e+02  8.893077e+01 -7.819144e-15 
  657.000  5.457097e+02  9.504606e+01  1.107605e-14 
  658.000  6.115779e+02  1.063483e+02  7.768375e-15 
  659.000  6.152919e+02  1.067017e+02  1.334596e-14 
  660.000  6.214797e+02  1.074672e+02 -9.645430e-16 
  661.000  6.271662e+02  1.082802e+02  4.036237e-14 
  662.000  6.377106e+02  1.098055e+02 -1.362710e-14 
  663.000  6.309640e+02  1.082480e+02  5.583365e-14 
  664.000  6.218616e+02  1.063514e+02 -6.815325e-14 
  665.000  6.253627e+02  1.066051e+02  2.850734e-14 
  666.000  6.338334e+02  1.077132e+02  0.000000e+00 
  667.000  6.220504e+02  1.053727e+02 -5.363183e-14 
  668.000  6.265797e+02  1.058160e+02  5.389154e-14 
  669.000  6.363177e+02  1.071112e+02 -6.997894e-14 
  670.000  6.293542e+02  1.055894e+02 -2.554996e-14 
  671.000  6.233651e+02  1.042431e+02  2.620689e-14 
  672.000  6.219448e+02  1.036618e+02 -5.221930e-14 
  673.000  6.270030e+02  1.041596e+02 -2.628495e-14 
  674.000  6.288179e+02  1.041168e+02  2.632430e-14 
  675.000  6.198007e+02  1.022866e+02 -2.684076e-14 
  676.000  6.320740e+02  1.039693e+02 -8.011369e-14 
  677.000  6.200473e+02  1.016568e+02  0.000000e+00 
  678.000  6.308572e+02  1.030913e+02 -9.431348e-16 
  679.000  6.223944e+02  1.013703e+02 -7.860985e-14 
  680.000  6.176638e+02  1.002372e+02  1.284778e-14 
  681.000  6.184654e+02  1.000083e+02 -1.286410e-14 
  682.000  6.174672e+02  9.951024e+01 -5.317845e-14 
  683.000  6.218725e+02  9.987586e+01  1.291930e-14 
  684.000  6.104381e+02  9.766562e+01  9.112894e-16 
  685.000  6.182670e+02  9.863499e+01 -2.564979e-14 
  686.000  5.895774e+02  9.362115e+01  1.230490e-14 
  687.000  4.901437e+02  7.625031e+01 -5.941953e-15 
  688.000  5.219033e+02  8.118120e+01 -4.781977e-15 
  689.000  5.141649e+02  7.965346e+01  1.226553e-14 
  690.000  5.333347e+02  8.248185e+01  2.417339e-14 
  691.000  5.565054e+02  8.599720e+01  1.314163e-14 
  692.000  5.640537e+02  8.701270e+01 -3.415428e-14 
  693.000  5.563159e+02  8.530912e+01 -6.101786e-15 
  694.000  5.488911e+02  8.372366e+01 -1.183667e-14 
  695.000  5.496910e+02  8.369264e+01  2.606299e-14 
  696.000  5.624597e+02  8.545741e+01  2.169132e-14 
  697.000  5.912372e+02  9.019080e+01  5.233429e-14 
  698.000  5.747016e+02  8.721947e+01  7.124649e-15 
  699.000  5.606639e+02  8.434116e+01 -6.272059e-15 
  700.000  5.582733e+02  8.377231e+01 -1.050675e-14 
  701.000  5.405703e+02  8.078960e+01  6.591795e-15 
  702.000  5.419941e+02  8.080437e+01 -1.273465e-14 
  703.000  5.700945e+02  8.512147e+01 -5.546995e-15 
  704.000  5.728220e+02  8.528539e+01 -2.953902e-15 
  705.000  5.689119e+02  8.425610e+01  4.673981e-15 
  706.000  5.647107e+02  8.340995e+01  2.915124e-14 
  707.000  5.593489e+02  8.242683e+01  3.541100e-14 
  708.000  5.790854e+02  8.514905e+01  2.811296e-14 
  709.000  5.651966e+02  8.302029e+01  1.593282e-14 
  710.000  5.713325e+02  8.348489e+01  8.515808e-15 
  711.000  5.729084e+02  8.364030e+01  3.029108e-14 
  712.000  5.711473e+02  8.330738e+01 -2.346948e-14 
  713.000  5.640023e+02  8.186674e+01  9.980548e-15 
  714.000  5.720035e+02  8.272500e+01  9.954413e-15 
  715.000  5.442386e+02  7.827789e+01  2.090729e-14 
  716.000  5.500116e+02  7.868894e+01  1.661459e-15 
  717.000  4.838014e+02  6.847607e+01 -3.358688e-15 
  718.000  4.501999e+02  6.304895e+01  5.450461e-16 
  719.000  4.341418e+02  6.037921e+01 -4.488757e-15 
  720.000  4.213587e+02  5.807508e+01  1.870680e-15 
  721.000  4.932492e+02  6.909198e+01 -3.855777e-15 
  722.000  5.276464e+02  7.395369e+01 -3.081002e-15 
  723.000  5.111172e+02  7.128170e+01  1.027433e-14 
  724.000  4.710821e+02  6.507737e+01  5.936946e-15 
  725.000  4.721200e+02  6.511009e+01 -7.038989e-15 
  726.000  4.694336e+02  6.452834e+01 -4.518368e-15 
  727.000  4.825559e+02  6.622259e+01  3.800049e-15 
  728.000  4.679468e+02  6.395212e+01  5.992488e-15 
  729.000  4.650081e+02  6.356017e+01  4.953389e-15 
  730.000  4.795867e+02  6.534905e+01  1.625393e-15 
  731.000  4.685598e+02  6.364047e+01 -4.771433e-15 
  732.000  5.050789e+02  6.866252e+01  2.121269e-15 
  733.000  5.241426e+02  7.133403e+01 -1.527676e-14 
  734.000  5.483649e+02  7.464541e+01  1.404954e-14 
  735.000  5.395282e+02  7.315411e+01 -3.841833e-15 
  736.000  5.212629e+02  7.035565e+01 -5.484988e-15 
  737.000  5.346798e+02  7.205578e+01  7.698556e-15 
  738.000  5.421827e+02  7.301775e+01 -2.237742e-14 
  739.000  5.284617e+02  7.104711e+01  3.126678e-15 
  740.000  5.418719e+02  7.284943e+01  9.701467e-15 
  741.000  5.424565e+02  7.285983e+01 -1.906828e-14 
  742.000  5.356292e+02  7.180076e+01 -5.579664e-15 
  743.000  5.558209e+02  7.442554e+01  0.000000e+00 
  744.000  5.632214e+02  7.528221e+01  6.866708e-14 
  745.000  5.502109e+02  7.339433e+01 -3.421547e-14 
  746.000  5.592069e+02  7.443042e+01  1.261841e-14 
  747.000  5.683441e+02  7.544257e+01 -2.321449e-14 
  748.000  5.589813e+02  7.402839e+01  0.000000e+00 
  749.000  5.597330e+02  7.393726e+01  3.298930e-14 
  750.000  5.513184e+02  7.260555e+01 -1.083552e-14 
  751.000  5.501972e+02  7.225986e+01  2.083747e-14 
  752.000  5.597166e+02  7.334227e+01 -1.254429e-14 
  753.000  5.549423e+02  7.252805e+01 -2.094798e-14 
  754.000  5.640540e+02  7.352409e+01  1.182482e-14 
  755.000  5.611148e+02  7.294291e+01  1.175588e-14 
  756.000  5.504322e+02  7.136137e+01  1.075263e-14 
  757.000  5.546960e+02  7.171865e+01 -3.326933e-14 
  758.000  5.529565e+02  7.126104e+01  2.320478e-14 
  759.000  4.845983e+02  6.145286e+01  2.227330e-16 
  760.000  1.344073e+02  1.575081e+01  3.131450e-16 
  761.000  1.106814e+02  1.279540e+01 -1.688830e-16 
  762.000  2.765660e+02  3.340813e+01 -1.335989e-15 
  763.000  2.240530e+02  2.680183e+01  1.382713e-15 
  764.000  2.539651e+02  3.040864e+01  2.632790e-17 
  765.000  3.264364e+02  3.937325e+01  4.005233e-15 
  766.000  3.993186e+02  4.936125e+01  3.015511e-15 
  767.000  4.525592e+02  5.608641e+01 -1.724880e-14 
  768.000  5.032541e+02  6.248318e+01 -1.846122e-14 
  769.000  5.231814e+02  6.512189e+01  1.497522e-14 
  770.000  5.313928e+02  6.618134e+01 -9.177404e-16 
  771.000  5.371184e+02  6.684323e+01 -9.686897e-15 
  772.000  5.364220e+02  6.661360e+01 -2.152790e-14 
  773.000  5.349072e+02  6.626418e+01  3.252445e-14 
  774.000  5.413160e+02  6.689545e+01 -2.165484e-14 
  775.000  5.215140e+02  6.429105e+01  2.011416e-14 
  776.000  5.434304e+02  6.682636e+01 -1.046957e-14 
  777.000  5.398654e+02  6.621459e+01  7.464482e-16 
  778.000  5.370721e+02  6.569612e+01 -2.068292e-14 
  779.000  5.389165e+02  6.574601e+01 -9.630860e-15 
  780.000  5.323429e+02  6.477136e+01 -1.471570e-15 
  781.000  5.319821e+02  6.457465e+01 -7.344403e-16 
  782.000  5.384761e+02  6.518930e+01 -4.290085e-14 
  783.000  5.259853e+02  6.350893e+01  0.000000e+00 
  784.000  5.288046e+02  6.367236e+01 -1.017088e-14 
  785.000  5.289173e+02  6.346301e+01  2.988215e-14 
  786.000  5.176866e+02  6.186470e+01 -2.007799e-14 
  787.000  5.205566e+02  6.189042e+01 -1.613536e-14 
  788.000  5.102319e+02  6.042696e+01 -8.770718e-15 
  789.000  5.038434e+02  5.928089e+01 -7.974872e-15 
  790.000  4.980311e+02  5.842982e+01 -2.602130e-14 
  791.000  4.973618e+02  5.824097e+01  8.809263e-15 
  792.000  4.912423e+02  5.741553e+01  1.312755e-14 
  793.000  4.946757e+02  5.776311e+01 -1.177283e-14 
  794.000  4.976231e+02  5.819009e+01 -1.910611e-14 
  795.000  4.902222e+02  5.703609e+01  1.668850e-15 
  796.000  4.856283e+02  5.606556e+01  1.279069e-14 
  797.000  4.925534e+02  5.679574e+01 -6.481983e-15 
  798.000  5.012623e+02  5.785201e+01  2.255509e-14 
  799.000  4.990872e+02  5.740840e+01 -1.690987e-15 
  800.000  4.803245e+02  5.497941e+01 -6.701599e-15 
  801.000  4.900793e+02  5.597124e+01 -5.566769e-15 
  802.000  4.886459e+02  5.565659e+01 -1.880717e-15 
  803.000  4.826328e+02  5.485371e+01  2.386233e-14 
  804.000  4.899487e+02  5.560962e+01 -5.009540e-15 
  805.000  4.819337e+02  5.469440e+01 -4.445527e-14 
  806.000  4.983473e+02  5.650721e+01  1.370929e-14 
  807.000  4.956339e+02  5.606498e+01 -3.723845e-16 
  808.000  4.908809e+02  5.533968e+01  1.822396e-14 
  809.000  4.804482e+02  5.397234e+01  1.919661e-14 
  810.000  4.759196e+02  5.327275e+01  3.965900e-14 
  811.000  4.784832e+02  5.331876e+01 -2.318960e-15 
  812.000  4.699615e+02  5.211778e+01  1.286051e-14 
  813.000  4.595143e+02  5.071798e+01 -3.239015e-15 
  814.000  4.476868e+02  4.918188e+01  5.910758e-15 
  815.000  4.290516e+02  4.692389e+01 -1.048839e-14 
  816.000  4.079159e+02  4.441567e+01 -6.160219e-15 
  817.000  4.113380e+02  4.467908e+01  3.374833e-15 
  818.000  4.103026e+02  4.446689e+01  2.926211e-15 
  819.000  4.049976e+02  4.382224e+01  4.616466e-15 
  820.000  4.159729e+02  4.500442e+01  5.754447e-15 
  821.000  4.523357e+02  4.904018e+01  1.008745e-14 
  822.000  4.230355e+02  4.558710e+01 -3.522673e-15 
  823.000  3.829969e+02  4.092374e+01 -4.741287e-16 
  824.000  4.280179e+02  4.586261e+01 -4.000211e-15 
  825.000  4.532068e+02  4.869233e+01 -5.975507e-15 
  826.000  4.518387e+02  4.838152e+01  1.433234e-14 
  827.000  4.471767e+02  4.773271e+01  3.679294e-15 
  828.000  4.294387e+02  4.560059e+01  7.839382e-15 
  829.000  4.353483e+02  4.615776e+01  9.820945e-15 
  830.000  4.352581e+02  4.609597e+01 -2.375573e-15 
  831.000  4.292849e+02  4.537434e+01 -2.742699e-14 
  832.000  4.389380e+02  4.630015e+01 -5.063549e-15 
  833.000  4.291627e+02  4.520590e+01 -4.515291e-15 
  834.000  4.401144e+02  4.631015e+01 -5.533652e-16 
  835.000  4.497452e+02  4.735543e+01 -1.709540e-15 
  836.000  4.523160e+02  4.746847e+01 -1.398922e-14 
  837.000  4.484090e+02  4.694698e+01 -5.981505e-15 
  838.000  4.542983e+02  4.752831e+01  3.756079e-15 
  839.000  4.426531e+02  4.625245e+01 -7.751172e-15 
  840.000  4.555003e+02  4.750409e+01  7.106001e-15 
  841.000  4.541689e+02  4.720167e+01  1.545840e-14 
  842.000  4.537656e+02  4.710025e+01 -1.291790e-15 
  843.000  4.562036e+02  4.737566e+01 -7.044344e-15 
  844.000  4.511623e+02  4.681081e+01  7.617955e-15 
  845.000  4.592422e+02  4.757253e+01  1.089165e-14 
  846.000  4.644884e+02  4.802676e+01 -1.832688e-14 
  847.000  4.497970e+02  4.644448e+01  1.768175e-14 
  848.000  4.611772e+02  4.745494e+01 -8.400631e-15 
  849.000  4.623733e+02  4.747721e+01  5.850804e-16 
  850.000  3.989608e+02  4.084536e+01 -1.158167e-14 
  851.000  4.559474e+02  4.653797e+01 -2.652409e-15 
  852.000  4.388557e+02  4.469490e+01  2.268337e-14 
  853.000  4.459272e+02  4.536943e+01 -1.066089e-14 
  854.000  3.585000e+02  3.638939e+01 -6.992509e-15 
  855.000  3.955598e+02  4.008683e+01  9.037785e-15 
  856.000  4.506947e+02  4.562774e+01 -9.123049e-15 
  857.000  4.588247e+02  4.637774e+01 -1.728239e-14 
  858.000  4.519386e+02  4.559381e+01  1.699890e-14 
  859.000  4.528092e+02  4.561263e+01 -2.668997e-14 
  860.000  4.492349e+02  4.516600e+01  0.000000e+00 
  861.000  4.493455e+02  4.507872e+01 -5.886142e-14 
  862.000  4.482410e+02  4.487833e+01  1.735920e-14 
  863.000  4.569335e+02  4.564754e+01 -1.830382e-14 
  864.000  4.563030e+02  4.549042e+01 -1.704031e-14 
  865.000  4.480437e+02  4.457352e+01  1.672030e-14 
  866.000  3.759264e+02  3.731688e+01 -1.352128e-14 
  867.000  4.003665e+02  3.965330e+01  1.493562e-14 
  868.000  4.343135e+02  4.292074e+01 -2.546007e-14 
  869.000  4.283515e+02  4.223951e+01 -1.654362e-14 
  870.000  4.460620e+02  4.388680e+01  1.722717e-14 
  871.000  4.455630e+02  4.374259e+01  8.303067e-15 
  872.000  4.439785e+02  4.349549e+01  8.268810e-15 
  873.000  4.457128e+02  4.356414e+01 -4.270852e-14 
  874.000  4.359554e+02  4.251395e+01  6.955756e-15 
  875.000  4.320073e+02  4.203561e+01  0.000000e+00 
  876.000  4.355244e+02  4.227873e+01 -8.116611e-15 
  877.000  4.441907e+02  4.302171e+01  0.000000e+00 
  878.000  4.361811e+02  4.213424e+01 -1.628728e-14 
  879.000  4.372304e+02  4.214198e+01 -1.691200e-14 
  880.000  4.343815e+02  4.175909e+01 -1.682533e-14 
  881.000  4.116934e+02  3.948335e+01 -7.148866e-15 
  882.000  4.342708e+02  4.154853e+01  3.252063e-14 
  883.000  4.246688e+02  4.055095e+01 -1.588414e-14 
  884.000  4.284441e+02  4.082649e+01 -2.517564e-14 
  885.000  4.320807e+02  4.104876e+01  0.000000e+00 
  886.000  4.168187e+02  3.946646e+01  8.413295e-15 
  887.000  4.135243e+02  3.910555e+01  0.000000e+00 
  888.000  4.259187e+02  4.018853e+01  8.566532e-15 
  889.000  4.291333e+02  4.041564e+01 -8.043107e-15 
  890.000  4.270440e+02  4.010339e+01 -8.025131e-15 
  891.000  4.233661e+02  3.963140e+01  4.286583e-15 
  892.000  4.182251e+02  3.896658e+01 -4.451310e-16 
  893.000  3.908787e+02  3.611861e+01 -4.151731e-15 
  894.000  3.978581e+02  3.659742e+01 -2.314692e-15 
  895.000  3.600769e+02  3.290963e+01 -3.332540e-15 
  896.000  3.554597e+02  3.234636e+01 -7.608428e-16 
  897.000  3.282192e+02  2.972015e+01 -1.819672e-15 
  898.000  3.200204e+02  2.885511e+01 -1.223592e-15 
  899.000  2.960040e+02  2.638498e+01 -6.524420e-17 
  900.000  2.918315e+02  2.599827e+01  1.178986e-16 
  901.000  2.798869e+02  2.480719e+01  1.984999e-15 
  902.000  2.759611e+02  2.442762e+01 -9.173977e-16 
  903.000  3.306172e+02  2.958281e+01 -1.115111e-15 
  904.000  3.610595e+02  3.231715e+01  1.437878e-15 
  905.000  3.593232e+02  3.209985e+01 -1.793674e-15 
  906.000  3.341559e+02  2.975050e+01 -6.620113e-16 
  907.000  3.124216e+02  2.762582e+01  1.989081e-15 
  908.000  2.869500e+02  2.513432e+01  3.397111e-15 
  909.000  2.827281e+02  2.471980e+01  2.378774e-16 
  910.000  2.886438e+02  2.521603e+01 -8.734846e-16 
  911.000  2.990885e+02  2.619925e+01 -3.545692e-15 
  912.000  2.943325e+02  2.567573e+01 -1.795469e-16 
  913.000  2.776270e+02  2.387881e+01 -9.587478e-16 
  914.000  2.874218e+02  2.482707e+01  4.145560e-16 
  915.000  2.915220e+02  2.524817e+01 -1.920862e-15 
  916.000  2.977353e+02  2.576528e+01  1.801270e-16 
  917.000  2.982162e+02  2.581067e+01  1.529055e-15 
  918.000  3.033275e+02  2.626040e+01 -1.526224e-15 
  919.000  3.303192e+02  2.865307e+01  1.758230e-15 
  920.000  3.449738e+02  2.991846e+01  2.172825e-15 
  921.000  3.337351e+02  2.887938e+01  8.222308e-16 
  922.000  3.304991e+02  2.854248e+01 -3.331803e-15 
  923.000  3.121038e+02  2.688806e+01  2.252088e-15 
  924.000  3.139638e+02  2.696376e+01  1.591664e-15 
  925.000  3.170703e+02  2.716246e+01 -5.684582e-15 
  926.000  3.050583e+02  2.605369e+01 -3.532200e-15 
  927.000  3.028334e+02  2.573395e+01 -7.942623e-16 
  928.000  2.842524e+02  2.391624e+01 -2.887770e-16 
  929.000  2.523206e+02  2.084948e+01  5.394965e-16 
  930.000  2.183165e+02  1.774408e+01 -8.200741e-16 
  931.000  1.837298e+02  1.480176e+01 -2.163670e-17 
  932.000  1.405756e+02  1.123068e+01 -5.378995e-18 
  933.000  1.141496e+02  9.047041e+00  1.124223e-16 
  934.000  8.900449e+01  6.969228e+00  1.135270e-16 
  935.000  8.513458e+01  6.646623e+00  5.237695e-17 
  936.000  9.313074e+01  7.286191e+00 -6.579865e-19 
  937.000  9.317796e+01  7.267408e+00 -5.721076e-17 
  938.000  1.199788e+02  9.437895e+00  1.502500e-16 
  939.000  2.076103e+02  1.645186e+01 -6.621766e-16 
  940.000  2.214350e+02  1.760678e+01 -1.090348e-15 
  941.000  2.043947e+02  1.615667e+01 -1.749834e-16 
  942.000  1.690121e+02  1.327595e+01  1.853480e-17 
  943.000  1.341310e+02  1.048876e+01  1.104921e-16 
  944.000  1.275086e+02  9.944157e+00 -2.559320e-18 
  945.000  1.432391e+02  1.116193e+01  1.134488e-16 
  946.000  1.462621e+02  1.138005e+01  2.125895e-18 
  947.000  1.596890e+02  1.241635e+01  2.281915e-16 
  948.000  1.693380e+02  1.314949e+01  9.242158e-17 
  949.000  1.690490e+02  1.310799e+01  2.196517e-16 
  950.000  1.702736e+02  1.318166e+01 -2.181544e-16 
  951.000  1.890914e+02  1.463787e+01  2.309091e-16 
  952.000  1.684923e+02  1.300587e+01  2.065606e-16 
  953.000  1.829229e+02  1.411477e+01 -2.159581e-16 
  954.000  1.976578e+02  1.526826e+01  1.065411e-15 
  955.000  1.727506e+02  1.330191e+01  1.997398e-16 
  956.000  1.820108e+02  1.400062e+01  6.022353e-18 
  957.000  2.243106e+02  1.741176e+01 -3.839736e-16 
  958.000  2.322465e+02  1.805276e+01 -9.072160e-16 
  959.000  2.260608e+02  1.748734e+01 -1.741745e-15 
  960.000  2.220847e+02  1.713886e+01  3.849310e-16 
  961.000  2.163189e+02  1.664468e+01  8.019705e-17 
  962.000  2.209114e+02  1.699130e+01  1.704006e-15 
  963.000  2.451788e+02  1.906261e+01  1.002957e-15 
  964.000  2.461556e+02  1.914795e+01  1.513276e-19 
  965.000  2.469779e+02  1.915166e+01 -8.036875e-17 
  966.000  2.413952e+02  1.870329e+01 -7.637137e-16 
  967.000  2.671589e+02  2.088280e+01 -8.411959e-16 
  968.000  2.961264e+02  2.329949e+01 -9.122561e-16 
  969.000  3.130547e+02  2.462747e+01 -8.279634e-16 
  970.000  3.148559e+02  2.472887e+01 -2.292270e-15 
  971.000  3.117633e+02  2.443916e+01 -1.568486e-15 
  972.000  3.096953e+02  2.421809e+01 -4.462812e-15 
  973.000  2.971520e+02  2.317068e+01  3.110478e-16 
  974.000  2.811870e+02  2.185196e+01 -3.781918e-15 
  975.000  2.753526e+02  2.132342e+01  2.315091e-15 
  976.000  2.877563e+02  2.228352e+01  2.331452e-18 
  977.000  2.953094e+02  2.286323e+01 -2.818461e-15 
  978.000  3.014817e+02  2.329868e+01 -3.457255e-15 
  979.000  2.967310e+02  2.290127e+01 -2.506106e-15 
  980.000  3.166310e+02  2.444233e+01  2.691235e-15 
  981.000  3.224728e+02  2.486651e+01  4.339386e-15 
  982.000  3.183520e+02  2.448958e+01  4.044470e-16 
  983.000  3.257880e+02  2.506186e+01 -2.615530e-15 
  984.000  3.321669e+02  2.557405e+01 -4.337031e-15 
  985.000  3.369435e+02  2.594448e+01  1.295984e-14 
  986.000  3.405265e+02  2.625121e+01 -4.229854e-15 
  987.000  3.472357e+02  2.675884e+01  9.631177e-15 
  988.000  3.436443e+02  2.644200e+01  1.150925e-15 
  989.000  3.397313e+02  2.609777e+01 -2.369013e-15 
  990.000  3.433341e+02  2.633492e+01 -1.424033e-15 
  991.000  3.485285e+02  2.672112e+01 -4.450993e-15 
  992.000  3.460122e+02  2.648895e+01 -8.286214e-15 
  993.000  3.461600e+02  2.644454e+01 -1.323265e-14 
  994.000  3.500636e+02  2.673357e+01  1.329721e-14 
  995.000  3.489592e+02  2.662692e+01  0.000000e+00 
  996.000  3.489131e+02  2.657238e+01 -6.368723e-15 
  997.000  3.484352e+02  2.646752e+01 -1.321028e-14 
  998.000  3.461504e+02  2.622318e+01 -1.656774e-14 
  999.000  3.449259e+02  2.607299e+01  9.734120e-15 
 1000.000  3.425287e+02  2.584866e+01 -3.820568e-15 
 1001.000  3.424049e+02  2.575891e+01  4.902903e-15 
 1002.000  3.385521e+02  2.536612e+01 -4.986924e-16 
 1003.000  3.354371e+02  2.509743e+01 -7.187439e-15 
 1004.000  3.345902e+02  2.501760e+01 -4.641265e-15 
 1005.000  3.133677e+02  2.340019e+01  1.093625e-15 
 1006.000  3.301198e+02  2.460906e+01  1.310809e-14 
 1007.000  3.355351e+02  2.495458e+01  6.671855e-16 
 1008.000  3.342745e+02  2.477032e+01  3.615454e-15 
 1009.000  3.286769e+02  2.425791e+01  7.301222e-15 
 1010.000  3.315491e+02  2.444617e+01  6.014346e-15 
 1011.000  3.336093e+02  2.461030e+01  2.405258e-14 
 1012.000  3.352198e+02  2.470682e+01 -1.011127e-14 
 1013.000  3.338382e+02  2.457127e+01  0.000000e+00 
 1014.000  3.365075e+02  2.473069e+01 -9.471562e-15 
 1015.000  3.304148e+02  2.423900e+01  1.815838e-14 
 1016.000  3.330322e+02  2.439485e+01  6.090723e-15 
 1017.000  3.300782e+02  2.413885e+01 -8.828773e-15 
 1018.000  3.337629e+02  2.434961e+01  0.000000e+00 
 1019.000  3.249579e+02  2.363782e+01  9.174298e-15 
 1020.000  3.247426e+02  2.358660e+01  5.959702e-15 
 1021.000  3.288620e+02  2.385890e+01  0.000000e+00 
 1022.000  3.224982e+02  2.332349e+01  2.965100e-15 
 1023.000  3.275959e+02  2.363457e+01 -1.989927e-15 
 1024.000  3.252093e+02  2.340588e+01  3.706394e-15 
 1025.000  3.272661e+02  2.354142e+01  3.220926e-15 
 1026.000  3.286449e+02  2.361655e+01 -9.237995e-15 
 1027.000  3.263130e+02  2.339680e+01  3.204537e-15 
 1028.000  3.274153e+02  2.343869e+01  1.883976e-14 
 1029.000  3.234395e+02  2.313102e+01  1.495867e-14 
 1030.000  3.275897e+02  2.340248e+01 -6.382780e-15 
 1031.000  3.270130e+02  2.332700e+01  1.229574e-14 
 1032.000  3.262282e+02  2.323467e+01  6.337481e-15 
 1033.000  3.203028e+02  2.277124e+01  5.804000e-15 
 1034.000  3.239016e+02  2.298805e+01  2.345857e-14 
 1035.000  3.205594e+02  2.271011e+01  5.802055e-15 
 1036.000  3.246986e+02  2.295995e+01 -6.300234e-15 
 1037.000  3.179101e+02  2.243909e+01  5.754631e-15 
 1038.000  3.211327e+02  2.262557e+01 -1.826772e-14 
 1039.000  3.223417e+02  2.266516e+01 -5.835910e-15 
 1040.000  3.184455e+02  2.234694e+01  0.000000e+00 
 1041.000  3.200570e+02  2.241587e+01  1.201453e-14 
 1042.000  3.209839e+02  2.243799e+01 -5.816397e-15 
 1043.000  3.154489e+02  2.200973e+01  4.103965e-16 
 1044.000  3.185136e+02  2.218033e+01 -1.154696e-14 
 1045.000  3.169487e+02  2.202475e+01 -5.750967e-15 
 1046.000  3.075930e+02  2.133127e+01  1.076901e-14 
 1047.000  3.130746e+02  2.166681e+01  6.097764e-15 
 1048.000  3.160315e+02  2.182752e+01 -1.765858e-14 
 1049.000  3.138214e+02  2.163142e+01 -4.102741e-16 
 1050.000  3.117341e+02  2.144233e+01 -3.045185e-15 
 1051.000  3.114467e+02  2.137456e+01 -6.093841e-15 
 1052.000  3.097706e+02  2.121477e+01 -1.435600e-14 
 1053.000  3.098146e+02  2.117655e+01  0.000000e+00 
 1054.000  3.063238e+02  2.089132e+01 -3.005742e-15 
 1055.000  3.082335e+02  2.097440e+01  6.058862e-15 
 1056.000  3.071168e+02  2.085291e+01  2.617877e-15 
 1057.000  3.059529e+02  2.072033e+01  2.818626e-15 
 1058.000  3.016827e+02  2.036734e+01  1.736905e-14 
 1059.000  2.921648e+02  1.968876e+01 -1.943227e-16 
 1060.000  3.031586e+02  2.040401e+01 -8.606078e-15 
 1061.000  2.923869e+02  1.964483e+01  2.704244e-15 
 1062.000  2.998806e+02  2.010180e+01  2.982661e-15 
 1063.000  2.945493e+02  1.970894e+01 -5.867543e-15 
 1064.000  2.978165e+02  1.988398e+01  5.950210e-15 
 1065.000  2.967646e+02  1.976718e+01  5.948494e-15 
 1066.000  2.877289e+02  1.913699e+01  1.931028e-16 
 1067.000  2.942758e+02  1.953488e+01  3.150877e-15 
 1068.000  2.918819e+02  1.932599e+01 -2.024709e-15 
 1069.000  2.693363e+02  1.779420e+01 -1.602651e-15 
 1070.000  2.856433e+02  1.884660e+01  3.501646e-16 
 1071.000  2.853577e+02  1.878484e+01 -9.663513e-16 
 1072.000  2.854243e+02  1.874723e+01  3.965854e-15 
 1073.000  2.759622e+02  1.809662e+01  6.652136e-16 
 1074.000  2.859065e+02  1.872363e+01  3.425127e-15 
 1075.000  2.785097e+02  1.823283e+01 -1.430667e-15 
 1076.000  2.838257e+02  1.854056e+01  3.057020e-15 
 1077.000  2.821279e+02  1.838629e+01  1.333196e-15 
 1078.000  2.816510e+02  1.831037e+01 -4.452153e-18 
 1079.000  2.706375e+02  1.756654e+01 -3.137538e-15 
 1080.000  2.750157e+02  1.778441e+01  3.510438e-15 
 1081.000  2.647971e+02  1.709678e+01 -1.256198e-15 
 1082.000  2.698376e+02  1.741254e+01 -4.248513e-15 
 1083.000  2.607369e+02  1.678193e+01 -1.310836e-15 
 1084.000  2.685913e+02  1.724371e+01 -2.632739e-15 
 1085.000  2.600494e+02  1.663820e+01  3.199186e-15 
 1086.000  2.646867e+02  1.691638e+01  9.162913e-16 
 1087.000  2.538033e+02  1.623468e+01  1.631302e-15 
 1088.000  2.695075e+02  1.721612e+01 -2.074346e-15 
 1089.000  2.525998e+02  1.606660e+01  5.110368e-15 
 1090.000  2.568419e+02  1.630531e+01 -1.203168e-15 
 1091.000  2.598262e+02  1.647610e+01  3.324742e-15 
 1092.000  2.505014e+02  1.584527e+01 -5.379779e-16 
 1093.000  2.400963e+02  1.514251e+01 -8.050138e-16 
 1094.000  2.156264e+02  1.357338e+01 -7.159111e-16 
 1095.000  2.338997e+02  1.470150e+01 -1.072979e-16 
 1096.000  2.333628e+02  1.464368e+01 -1.166822e-15 
 1097.000  2.287701e+02  1.432888e+01  3.632915e-16 
 1098.000  2.081305e+02  1.296591e+01  1.162481e-16 
 1099.000  1.932726e+02  1.190208e+01 -5.605943e-16 
 1100.000  1.975880e+02  1.215934e+01 -6.484704e-16 
