  400.000  6.321673e+02  3.437435e+02  4.637178e-14 
  401.000  6.297468e+02  3.390305e+02 -4.476595e-14 
  402.000  6.688593e+02  3.565395e+02  7.119794e-14 
  403.000  6.277812e+02  3.313676e+02 -1.255923e-13 
  404.000  6.760203e+02  3.533607e+02 -1.704392e-14 
  405.000  6.212029e+02  3.215681e+02  3.239959e-14 
  406.000  6.177328e+02  3.167030e+02  1.216177e-13 
  407.000  6.027984e+02  3.061006e+02 -4.587484e-15 
  408.000  6.542748e+02  3.290940e+02 -1.096276e-13 
  409.000  7.255400e+02  3.615045e+02  1.246566e-13 
  410.000  6.076779e+02  2.999464e+02  8.978682e-15 
  411.000  7.148452e+02  3.495623e+02 -3.040152e-14 
  412.000  7.419645e+02  3.594688e+02  3.977085e-14 
  413.000  7.020695e+02  3.370184e+02 -1.065456e-13 
  414.000  6.901888e+02  3.282826e+02  7.625548e-14 
  415.000  7.372781e+02  3.475040e+02 -1.584229e-13 
  416.000  7.339248e+02  3.428053e+02  1.908050e-13 
  417.000  7.126802e+02  3.298987e+02 -2.162955e-13 
  418.000  6.982170e+02  3.203243e+02 -7.675773e-14 
  419.000  7.163947e+02  3.257516e+02 -2.446082e-14 
  420.000  6.072524e+02  2.736918e+02 -1.262466e-13 
  421.000  7.619092e+02  3.403936e+02  1.065483e-13 
  422.000  7.310903e+02  3.237885e+02 -7.646278e-14 
  423.000  6.183035e+02  2.714745e+02 -1.897802e-13 
  424.000  6.810275e+02  2.964498e+02 -3.284286e-15 
  425.000  7.062818e+02  3.048162e+02 -1.127720e-13 
  426.000  6.798335e+02  2.909093e+02  4.728309e-14 
  427.000  6.547803e+02  2.778229e+02  1.643214e-13 
  428.000  6.638780e+02  2.793185e+02  1.253146e-13 
  429.000  6.047455e+02  2.523159e+02 -1.190649e-14 
  430.000  4.831816e+02  1.999225e+02 -2.960768e-15 
  431.000  4.349610e+02  1.784860e+02 -2.738331e-14 
  432.000  7.838927e+02  3.190310e+02 -4.161899e-14 
  433.000  6.986201e+02  2.820072e+02 -1.065654e-13 
  434.000  6.648015e+02  2.661801e+02 -2.489679e-13 
  435.000  7.241417e+02  2.876017e+02  2.073789e-14 
  436.000  8.039019e+02  3.167188e+02 -1.055436e-13 
  437.000  8.125953e+02  3.175897e+02 -7.896070e-14 
  438.000  7.287454e+02  2.825576e+02  1.030039e-13 
  439.000  7.059846e+02  2.715731e+02 -1.893155e-13 
  440.000  7.921492e+02  3.023233e+02 -2.143234e-14 
  441.000  7.904513e+02  2.993155e+02  1.783624e-13 
  442.000  8.334127e+02  3.131245e+02  1.245241e-13 
  443.000  8.398920e+02  3.131100e+02 -3.200127e-14 
  444.000  8.353293e+02  3.090017e+02  6.636271e-14 
  445.000  8.795995e+02  3.228693e+02 -3.784565e-14 
  446.000  7.837883e+02  2.854848e+02  8.519447e-15 
  447.000  8.948569e+02  3.234708e+02 -2.265550e-13 
  448.000  9.107106e+02  3.267664e+02 -2.637899e-13 
  449.000  9.178646e+02  3.269243e+02  6.816403e-14 
  450.000  9.388374e+02  3.319540e+02  1.583572e-15 
  451.000  1.015638e+03  3.564874e+02  1.591686e-13 
  452.000  9.450915e+02  3.293059e+02  9.486768e-14 
  453.000  8.781522e+02  3.037549e+02 -8.859664e-14 
  454.000  9.371378e+02  3.218066e+02  9.799425e-15 
  455.000  9.445929e+02  3.220226e+02 -2.418954e-14 
  456.000  9.684024e+02  3.277576e+02 -7.479860e-15 
  457.000  9.747481e+02  3.275430e+02  2.320645e-13 
  458.000  9.585018e+02  3.197880e+02 -1.410581e-13 
  459.000  9.592685e+02  3.177694e+02  3.213181e-14 
  460.000  9.517887e+02  3.130640e+02  8.065650e-14 
  461.000  9.871893e+02  3.224256e+02 -3.996775e-14 
  462.000  9.719781e+02  3.152339e+02  2.441392e-13 
  463.000  9.730768e+02  3.133892e+02 -2.215920e-13 
  464.000  9.770696e+02  3.125052e+02  2.649109e-14 
  465.000  9.635629e+02  3.060673e+02 -1.059941e-13 
  466.000  9.948492e+02  3.138392e+02 -1.421084e-13 
  467.000  9.604520e+02  3.009142e+02 -1.128674e-13 
  468.000  1.017482e+03  3.165914e+02 -1.171707e-13 
  469.000  1.009218e+03  3.118482e+02 -2.876723e-14 
  470.000  9.959267e+02  3.055994e+02  1.140420e-13 
  471.000  9.946935e+02  3.030798e+02 -3.768713e-14 
  472.000  1.007382e+03  3.047816e+02 -1.433285e-13 
  473.000  9.969029e+02  2.994669e+02  1.828306e-14 
  474.000  1.005364e+03  2.998465e+02  1.063848e-13 
  475.000  1.046330e+03  3.097409e+02 -1.146056e-13 
  476.000  1.014365e+03  2.979569e+02  6.277005e-14 
  477.000  1.005322e+03  2.931135e+02  1.164586e-13 
  478.000  1.055635e+03  3.059204e+02 -6.479491e-14 
  479.000  1.008444e+03  2.906850e+02 -2.751247e-14 
  480.000  1.029070e+03  2.951046e+02 -9.964581e-15 
  481.000  1.023485e+03  2.919282e+02  1.464934e-14 
  482.000  1.045533e+03  2.965524e+02  2.416105e-14 
  483.000  1.047211e+03  2.953128e+02  7.298329e-14 
  484.000  1.007458e+03  2.824110e+02  6.054338e-14 
  485.000  1.015383e+03  2.829092e+02 -8.450040e-15 
  486.000  8.236665e+02  2.280965e+02 -5.078678e-14 
  487.000  9.262089e+02  2.549308e+02  4.649229e-14 
  488.000  1.006148e+03  2.752453e+02 -2.306744e-13 
  489.000  9.357451e+02  2.544295e+02  7.781215e-14 
  490.000  1.065801e+03  2.880369e+02 -8.679784e-14 
  491.000  9.978302e+02  2.680348e+02 -1.237959e-13 
  492.000  9.593737e+02  2.561472e+02 -1.451185e-14 
  493.000  1.033776e+03  2.743531e+02  5.629037e-15 
  494.000  9.991840e+02  2.635826e+02  1.545980e-13 
  495.000  1.068659e+03  2.802297e+02 -2.414002e-14 
  496.000  1.041349e+03  2.714400e+02 -2.160399e-14 
  497.000  1.010700e+03  2.618906e+02 -7.315253e-14 
  498.000  9.873457e+02  2.543309e+02  4.324362e-14 
  499.000  9.854796e+02  2.523573e+02 -8.621736e-14 
  500.000  9.816526e+02  2.499060e+02  1.765315e-13 
  501.000  9.601422e+02  2.430026e+02 -2.246847e-13 
  502.000  9.543425e+02  2.401323e+02  3.818381e-14 
  503.000  1.011751e+03  2.531069e+02  1.987927e-13 
  504.000  9.418070e+02  2.342526e+02  2.437656e-13 
  505.000  1.016332e+03  2.513376e+02 -5.109946e-14 
  506.000  1.088491e+03  2.676599e+02  8.275832e-14 
  507.000  1.013190e+03  2.477419e+02  1.225445e-13 
  508.000  9.720690e+02  2.363577e+02 -3.250489e-14 
  509.000  1.048654e+03  2.535587e+02 -9.415858e-14 
  510.000  1.016497e+03  2.444175e+02  1.796858e-14 
  511.000  1.017195e+03  2.432299e+02  2.188635e-14 
  512.000  1.068014e+03  2.539725e+02 -2.524274e-15 
  513.000  9.778475e+02  2.312543e+02 -2.354856e-14 
  514.000  9.576865e+02  2.252478e+02 -3.535645e-14 
  515.000  9.780617e+02  2.287877e+02 -4.579028e-14 
  516.000  1.027736e+03  2.390993e+02  2.882361e-14 
  517.000  7.573241e+02  1.752300e+02  7.522079e-15 
  518.000  9.379300e+02  2.158420e+02  1.159545e-13 
  519.000  8.889008e+02  2.034548e+02  4.868170e-14 
  520.000  9.789823e+02  2.228692e+02  1.110468e-14 
  521.000  9.798430e+02  2.218680e+02 -1.310774e-14 
  522.000  1.019042e+03  2.295042e+02  8.879883e-14 
  523.000  9.495768e+02  2.127052e+02  8.270405e-15 
  524.000  1.030553e+03  2.296055e+02 -1.183553e-13 
  525.000  1.022602e+03  2.266111e+02 -1.034462e-13 
  526.000  9.748309e+02  2.148812e+02  5.674815e-16 
  527.000  8.518104e+02  1.867674e+02  9.367871e-14 
  528.000  1.023320e+03  2.231852e+02  1.538581e-14 
  529.000  1.052674e+03  2.283781e+02 -4.535966e-14 
  530.000  9.949688e+02  2.147290e+02 -1.632901e-13 
  531.000  1.083329e+03  2.325819e+02 -1.320314e-13 
  532.000  1.033792e+03  2.208053e+02 -2.500503e-13 
  533.000  9.082648e+02  1.930141e+02 -4.111485e-14 
  534.000  9.879796e+02  2.089195e+02  6.798880e-14 
  535.000  1.008346e+03  2.121936e+02  1.110254e-13 
  536.000  1.070296e+03  2.241413e+02 -4.425845e-14 
  537.000  9.932849e+02  2.070038e+02  2.650214e-14 
  538.000  1.040079e+03  2.156985e+02 -2.412460e-14 
  539.000  1.036962e+03  2.140025e+02 -4.479171e-14 
  540.000  1.015113e+03  2.084710e+02  2.030706e-14 
  541.000  9.311288e+02  1.902927e+02 -1.913980e-13 
  542.000  1.038999e+03  2.113063e+02  1.318751e-13 
  543.000  9.941586e+02  2.012069e+02  1.254681e-13 
  544.000  1.048934e+03  2.112646e+02 -8.600400e-14 
  545.000  1.033667e+03  2.071837e+02 -1.861085e-13 
  546.000  1.011029e+03  2.016702e+02  9.741314e-14 
  547.000  1.054350e+03  2.093042e+02 -2.236731e-13 
  548.000  9.786165e+02  1.933421e+02 -6.748780e-14 
  549.000  1.030285e+03  2.025821e+02 -3.504750e-14 
  550.000  1.008146e+03  1.972879e+02  1.245785e-13 
  551.000  1.002459e+03  1.952420e+02 -5.138764e-14 
  552.000  1.046330e+03  2.028225e+02 -8.027459e-14 
  553.000  1.005967e+03  1.940768e+02  1.283301e-14 
  554.000  1.039485e+03  1.995981e+02  7.049201e-15 
  555.000  1.043067e+03  1.993453e+02 -6.795160e-15 
  556.000  1.014956e+03  1.930644e+02  9.465031e-14 
  557.000  9.854454e+02  1.865717e+02  8.893046e-15 
  558.000  1.023505e+03  1.928707e+02 -8.092572e-15 
  559.000  9.680173e+02  1.815622e+02 -1.358296e-13 
  560.000  9.728289e+02  1.816094e+02  3.514976e-14 
  561.000  1.069768e+03  1.987676e+02 -5.163137e-14 
  562.000  9.822991e+02  1.816165e+02  1.062393e-13 
  563.000  1.028203e+03  1.892034e+02  4.353564e-14 
  564.000  1.014159e+03  1.857235e+02  2.014869e-15 
  565.000  1.026469e+03  1.870456e+02  1.116577e-13 
  566.000  9.467783e+02  1.717044e+02  1.578880e-14 
  567.000  1.015299e+03  1.831123e+02  2.069517e-14 
  568.000  1.010255e+03  1.807768e+02 -3.482601e-14 
  569.000  9.836893e+02  1.742086e+02  2.909127e-14 
  570.000  9.902849e+02  1.746958e+02 -7.942522e-15 
  571.000  9.602905e+02  1.693077e+02  2.040747e-14 
  572.000  1.010559e+03  1.766285e+02  2.406120e-14 
  573.000  1.022843e+03  1.780391e+02  2.968558e-14 
  574.000  1.018036e+03  1.764614e+02  5.656492e-14 
  575.000  9.932432e+02  1.713232e+02  2.696794e-14 
  576.000  9.756559e+02  1.675186e+02  1.148437e-14 
  577.000  1.018256e+03  1.743059e+02  2.345937e-14 
  578.000  9.910040e+02  1.692230e+02  2.667831e-14 
  579.000  9.856911e+02  1.678470e+02 -4.389859e-14 
  580.000  1.021970e+03  1.735121e+02  4.836776e-14 
  581.000  1.006494e+03  1.705105e+02  5.095684e-15 
  582.000  1.023780e+03  1.729188e+02 -7.105041e-14 
  583.000  1.032361e+03  1.737205e+02  5.678033e-14 
  584.000  1.030357e+03  1.727227e+02 -1.032471e-14 
  585.000  1.024634e+03  1.710759e+02 -3.703076e-15 
  586.000  9.815769e+02  1.632292e+02 -7.249987e-14 
  587.000  1.018471e+03  1.682598e+02  9.878551e-16 
  588.000  9.991891e+02  1.632297e+02  1.844361e-15 
  589.000  8.729823e+02  1.408706e+02 -3.956008e-14 
  590.000  9.112335e+02  1.463856e+02 -1.337909e-14 
  591.000  9.790013e+02  1.574285e+02 -1.856204e-14 
  592.000  9.556374e+02  1.526229e+02  6.100976e-15 
  593.000  9.776226e+02  1.565120e+02 -4.623779e-16 
  594.000  9.846857e+02  1.567498e+02  1.611699e-15 
  595.000  9.585434e+02  1.513042e+02 -3.603235e-14 
  596.000  9.944240e+02  1.573692e+02  8.221660e-15 
  597.000  9.956268e+02  1.566878e+02 -3.662247e-14 
  598.000  9.805108e+02  1.541805e+02  7.390512e-15 
  599.000  9.833148e+02  1.542341e+02  2.250322e-14 
  600.000  9.881932e+02  1.548301e+02  3.802202e-14 
  601.000  9.861245e+02  1.543687e+02  5.456138e-16 
  602.000  9.768611e+02  1.524769e+02  5.716192e-14 
  603.000  9.843291e+02  1.531951e+02  6.472919e-14 
  604.000  1.016976e+03  1.577848e+02 -1.556054e-14 
  605.000  1.015533e+03  1.570117e+02 -5.843171e-14 
  606.000  1.004586e+03  1.547339e+02 -1.904969e-15 
  607.000  9.997513e+02  1.534074e+02 -2.109925e-13 
  608.000  9.968647e+02  1.523826e+02  3.329509e-14 
  609.000  9.873755e+02  1.503559e+02 -8.677609e-14 
  610.000  9.722805e+02  1.474931e+02 -2.647519e-16 
  611.000  9.887711e+02  1.494228e+02  2.675326e-14 
  612.000  9.765872e+02  1.470190e+02 -2.824589e-14 
  613.000  9.629813e+02  1.444173e+02  8.992657e-14 
  614.000  9.288323e+02  1.387636e+02  1.252770e-14 
  615.000  9.739637e+02  1.449519e+02 -6.424765e-14 
  616.000  9.266397e+02  1.373825e+02 -6.429372e-14 
  617.000  9.324315e+02  1.377110e+02 -8.190684e-14 
  618.000  9.769385e+02  1.437273e+02 -4.090237e-14 
  619.000  9.684444e+02  1.419223e+02 -5.351192e-14 
  620.000  9.831851e+02  1.435188e+02  5.322983e-14 
  621.000  1.000476e+03  1.454659e+02 -9.907461e-15 
  622.000  9.479852e+02  1.372845e+02 -2.842392e-14 
  623.000  9.555891e+02  1.378238e+02 -1.687486e-14 
  624.000  9.568266e+02  1.374458e+02 -5.223923e-14 
  625.000  9.310546e+02  1.332022e+02 -3.935962e-14 
  626.000  9.354876e+02  1.332315e+02 -1.503259e-14 
  627.000  9.479498e+02  1.339713e+02  2.059094e-14 
  628.000  9.223714e+02  1.285172e+02  8.527096e-15 
  629.000  9.532318e+02  1.330052e+02 -1.864475e-14 
  630.000  9.249385e+02  1.288921e+02 -1.237545e-14 
  631.000  9.618180e+02  1.338254e+02  8.402128e-15 
  632.000  8.944580e+02  1.237807e+02  1.988809e-14 
  633.000  9.650225e+02  1.335521e+02  3.476092e-14 
  634.000  9.382908e+02  1.295964e+02 -4.487110e-14 
  635.000  9.564016e+02  1.316577e+02  6.914947e-14 
  636.000  9.241761e+02  1.268898e+02 -3.180881e-15 
  637.000  9.560532e+02  1.308878e+02 -2.347613e-14 
  638.000  9.735099e+02  1.330743e+02 -2.551823e-15 
  639.000  9.663838e+02  1.316647e+02 -2.431916e-14 
  640.000  9.376621e+02  1.274398e+02 -6.686151e-14 
  641.000  9.519704e+02  1.289463e+02  5.438285e-14 
  642.000  9.418263e+02  1.272235e+02 -4.140044e-14 
  643.000  9.578106e+02  1.287731e+02 -7.521729e-16 
  644.000  9.474626e+02  1.269471e+02 -1.675496e-14 
  645.000  9.545009e+02  1.272058e+02 -1.767406e-14 
  646.000  9.112811e+02  1.203177e+02 -1.464601e-14 
  647.000  9.189802e+02  1.204913e+02  3.033144e-14 
  648.000  9.119026e+02  1.187585e+02 -4.414148e-16 
  649.000  9.356658e+02  1.217840e+02 -2.459573e-14 
  650.000  8.767178e+02  1.144964e+02 -6.228494e-16 
  651.000  9.448432e+02  1.229700e+02  1.927045e-14 
  652.000  9.184591e+02  1.184180e+02  2.824376e-16 
  653.000  9.475249e+02  1.226070e+02  2.934914e-14 
  654.000  9.344935e+02  1.204057e+02 -6.576203e-14 
  655.000  9.067492e+02  1.161249e+02 -7.609349e-16 
  656.000  7.712503e+02  9.852851e+01  1.635831e-15 
  657.000  8.252689e+02  1.052284e+02  1.255683e-14 
  658.000  9.229859e+02  1.176134e+02  8.505744e-15 
  659.000  9.274758e+02  1.179376e+02  2.383452e-14 
  660.000  9.360479e+02  1.187333e+02 -6.476040e-15 
  661.000  9.431110e+02  1.195427e+02  1.393537e-13 
  662.000  9.581609e+02  1.211811e+02  1.022033e-14 
  663.000  9.477693e+02  1.194394e+02 -4.932080e-14 
  664.000  9.335482e+02  1.173082e+02 -8.826627e-14 
  665.000  9.383647e+02  1.175625e+02  7.409853e-14 
  666.000  9.505364e+02  1.187502e+02  1.219960e-13 
  667.000  9.323930e+02  1.161390e+02 -8.890788e-14 
  668.000  9.385466e+02  1.165764e+02  9.213802e-15 
  669.000  9.526734e+02  1.179693e+02 -1.204191e-15 
  670.000  9.418466e+02  1.162648e+02 -3.074826e-15 
  671.000  9.324655e+02  1.147523e+02  8.399642e-14 
  672.000  9.299691e+02  1.140867e+02  1.725583e-14 
  673.000  9.371649e+02  1.146095e+02 -7.556922e-14 
  674.000  9.395129e+02  1.145375e+02 -3.385037e-14 
  675.000  9.256807e+02  1.124997e+02  3.099305e-14 
  676.000  9.436638e+02  1.143276e+02 -5.159344e-14 
  677.000  9.253871e+02  1.117646e+02  4.986926e-14 
  678.000  9.411931e+02  1.133213e+02  2.253366e-14 
  679.000  9.283034e+02  1.114150e+02 -1.525387e-14 
  680.000  9.212392e+02  1.101790e+02  7.595019e-14 
  681.000  9.223154e+02  1.099159e+02  1.088996e-13 
  682.000  9.206182e+02  1.093572e+02  2.658922e-14 
  683.000  9.269720e+02  1.097410e+02  1.059052e-13 
  684.000  9.099656e+02  1.073101e+02 -2.261867e-15 
  685.000  9.211047e+02  1.083428e+02  3.436420e-15 
  686.000  8.792040e+02  1.028947e+02 -3.428020e-14 
  687.000  7.597325e+02  8.623778e+01 -1.686337e-14 
  688.000  7.984124e+02  9.084647e+01 -3.723799e-15 
  689.000  7.893693e+02  8.938495e+01  3.555479e-14 
  690.000  8.132798e+02  9.209202e+01  1.264911e-14 
  691.000  8.415923e+02  9.542830e+01 -7.632099e-16 
  692.000  8.491353e+02  9.621569e+01 -3.017856e-15 
  693.000  8.401244e+02  9.445601e+01 -6.760185e-15 
  694.000  8.322958e+02  9.291029e+01  1.207701e-14 
  695.000  8.302415e+02  9.264137e+01 -6.718770e-15 
  696.000  8.474906e+02  9.445522e+01  2.544497e-15 
  697.000  8.824105e+02  9.915284e+01  3.683050e-14 
  698.000  8.592266e+02  9.597592e+01 -2.955733e-14 
  699.000  8.452246e+02  9.326032e+01  4.450824e-15 
  700.000  8.403264e+02  9.255047e+01  1.679462e-14 
  701.000  8.151078e+02  8.935532e+01  2.358232e-14 
  702.000  8.159745e+02  8.929049e+01 -9.193540e-15 
  703.000  8.520961e+02  9.366902e+01 -1.156876e-15 
  704.000  8.557621e+02  9.382690e+01  6.835068e-15 
  705.000  8.522285e+02  9.284074e+01 -5.713771e-14 
  706.000  8.453204e+02  9.187421e+01  8.699099e-15 
  707.000  8.362983e+02  9.073388e+01 -2.570771e-14 
  708.000  8.647054e+02  9.366725e+01 -1.492808e-14 
  709.000  8.419300e+02  9.120839e+01  2.823882e-14 
  710.000  8.530005e+02  9.183738e+01 -1.509345e-14 
  711.000  8.531277e+02  9.188028e+01 -7.247991e-15 
  712.000  8.486223e+02  9.141152e+01  2.232051e-14 
  713.000  8.393052e+02  8.990810e+01  6.478731e-14 
  714.000  8.516152e+02  9.087943e+01 -1.766828e-15 
  715.000  8.124728e+02  8.613052e+01  1.966102e-14 
  716.000  8.235452e+02  8.674393e+01 -5.748377e-15 
  717.000  7.384050e+02  7.647230e+01  1.130316e-14 
  718.000  6.957517e+02  7.118883e+01  2.388285e-15 
  719.000  6.740433e+02  6.847424e+01  2.374819e-15 
  720.000  6.585693e+02  6.625980e+01  4.193886e-15 
  721.000  7.484095e+02  7.684908e+01 -1.272153e-14 
  722.000  7.926025e+02  8.171932e+01  8.913866e-15 
  723.000  7.719071e+02  7.904188e+01  4.862531e-15 
  724.000  7.230253e+02  7.307213e+01  7.235369e-15 
  725.000  7.228249e+02  7.295676e+01 -1.761272e-15 
  726.000  7.191479e+02  7.235228e+01  2.666340e-15 
  727.000  7.374067e+02  7.410264e+01 -2.911678e-15 
  728.000  7.167747e+02  7.171696e+01  2.992533e-16 
  729.000  7.076849e+02  7.090384e+01  6.225834e-15 
  730.000  7.304783e+02  7.295551e+01  3.953825e-15 
  731.000  7.144281e+02  7.111739e+01 -4.538156e-15 
  732.000  7.620281e+02  7.613305e+01 -2.357445e-14 
  733.000  7.830092e+02  7.859943e+01 -1.393592e-14 
  734.000  8.153036e+02  8.201849e+01  2.402254e-14 
  735.000  8.033083e+02  8.044954e+01  8.954439e-15 
  736.000  7.783290e+02  7.750880e+01 -2.044494e-14 
  737.000  7.964600e+02  7.927254e+01 -2.981455e-14 
  738.000  8.050594e+02  8.018565e+01  7.743824e-15 
  739.000  7.835540e+02  7.796177e+01  2.191879e-14 
  740.000  8.010107e+02  7.981123e+01  6.781473e-15 
  741.000  8.004458e+02  7.975228e+01  5.749338e-14 
  742.000  7.897279e+02  7.856410e+01  1.487428e-14 
  743.000  8.182927e+02  8.138961e+01  3.322508e-14 
  744.000  8.285365e+02  8.230219e+01  7.005701e-14 
  745.000  8.088881e+02  8.021984e+01  7.483583e-14 
  746.000  8.216840e+02  8.133672e+01  0.000000e+00 
  747.000  8.349267e+02  8.243618e+01 -6.182864e-14 
  748.000  8.207946e+02  8.087766e+01 -9.628347e-15 
  749.000  8.216412e+02  8.076737e+01  6.303211e-14 
  750.000  8.093373e+02  7.931968e+01 -4.760687e-14 
  751.000  8.075494e+02  7.893742e+01  9.148276e-14 
  752.000  8.210546e+02  8.009342e+01  3.408888e-14 
  753.000  8.138077e+02  7.919180e+01  5.394395e-14 
  754.000  8.269675e+02  8.027020e+01 -3.447011e-14 
  755.000  8.225153e+02  7.963109e+01  1.958842e-14 
  756.000  8.067109e+02  7.789962e+01 -1.424861e-13 
  757.000  8.128481e+02  7.828758e+01  1.125686e-13 
  758.000  8.107501e+02  7.782672e+01  5.104494e-14 
  759.000  7.243488e+02  6.801099e+01  2.630811e-14 
  760.000  2.498727e+02  2.076273e+01 -3.178093e-16 
  761.000  2.126183e+02  1.729539e+01  2.300381e-16 
  762.000  4.529919e+02  3.966442e+01  1.420826e-15 
  763.000  3.821839e+02  3.277811e+01 -2.548730e-15 
  764.000  4.242069e+02  3.660122e+01  9.998039e-16 
  765.000  5.225987e+02  4.610879e+01 -4.021165e-15 
  766.000  6.117453e+02  5.578242e+01 -4.673790e-15 
  767.000  6.795905e+02  6.232249e+01  2.122224e-14 
  768.000  7.464547e+02  6.880515e+01  1.182478e-14 
  769.000  7.699313e+02  7.132162e+01  2.837484e-15 
  770.000  7.786166e+02  7.225834e+01 -2.638118e-14 
  771.000  7.855861e+02  7.291113e+01 -9.056730e-14 
  772.000  7.841194e+02  7.263919e+01 -8.258131e-14 
  773.000  7.816852e+02  7.225095e+01 -1.756218e-14 
  774.000  7.907849e+02  7.292944e+01  3.551095e-15 
  775.000  7.615864e+02  7.007455e+01  6.214763e-14 
  776.000  7.933766e+02  7.282725e+01  5.552900e-14 
  777.000  7.880828e+02  7.215961e+01 -8.281363e-14 
  778.000  7.839752e+02  7.159814e+01  1.642697e-14 
  779.000  7.866429e+02  7.165654e+01  5.725319e-14 
  780.000  7.770248e+02  7.059837e+01  6.227760e-15 
  781.000  7.762476e+02  7.037139e+01 -9.754684e-14 
  782.000  7.857072e+02  7.104579e+01  4.677676e-14 
  783.000  7.674590e+02  6.921840e+01  2.473623e-14 
  784.000  7.716245e+02  6.940310e+01  7.192637e-14 
  785.000  7.721723e+02  6.919007e+01  4.902299e-14 
  786.000  7.564078e+02  6.747227e+01  2.043837e-14 
  787.000  7.619690e+02  6.755283e+01  1.353030e-14 
  788.000  7.476158e+02  6.599249e+01  4.655058e-15 
  789.000  7.410781e+02  6.487642e+01 -3.301144e-15 
  790.000  7.327274e+02  6.395844e+01  1.995790e-14 
  791.000  7.311477e+02  6.372631e+01  8.191707e-15 
  792.000  7.215969e+02  6.279963e+01 -2.175711e-14 
  793.000  7.254264e+02  6.312590e+01  4.570898e-14 
  794.000  7.272666e+02  6.348634e+01  1.655342e-14 
  795.000  7.178503e+02  6.229016e+01  7.347667e-15 
  796.000  7.149643e+02  6.141336e+01  2.919675e-14 
  797.000  7.239666e+02  6.215850e+01  2.304872e-14 
  798.000  7.341754e+02  6.319710e+01 -1.670490e-14 
  799.000  7.315020e+02  6.273840e+01 -7.412326e-15 
  800.000  7.057191e+02  6.016684e+01 -7.701290e-15 
  801.000  7.197809e+02  6.124255e+01 -1.996392e-16 
  802.000  7.178030e+02  6.090737e+01 -9.287012e-15 
  803.000  7.086515e+02  6.001661e+01  9.962867e-15 
  804.000  7.184795e+02  6.080372e+01  2.360196e-15 
  805.000  7.050793e+02  5.973159e+01 -1.305934e-15 
  806.000  7.280580e+02  6.166940e+01 -1.182989e-14 
  807.000  7.239954e+02  6.118514e+01  4.543789e-14 
  808.000  7.175456e+02  6.041722e+01  2.108721e-14 
  809.000  7.029088e+02  5.895397e+01  7.379993e-15 
  810.000  6.969681e+02  5.822360e+01  7.697480e-15 
  811.000  7.021873e+02  5.834467e+01  1.286718e-14 
  812.000  6.916750e+02  5.712973e+01  5.169199e-15 
  813.000  6.787313e+02  5.571967e+01  3.471920e-15 
  814.000  6.644628e+02  5.419997e+01  1.362550e-14 
  815.000  6.407576e+02  5.192741e+01  6.801557e-15 
  816.000  6.140199e+02  4.943634e+01 -7.877287e-15 
  817.000  6.189244e+02  4.971777e+01  3.132757e-15 
  818.000  6.169320e+02  4.945862e+01 -6.413218e-15 
  819.000  6.072625e+02  4.864434e+01 -4.791043e-15 
  820.000  6.182958e+02  4.966309e+01 -7.874166e-15 
  821.000  6.659388e+02  5.380005e+01  2.370740e-14 
  822.000  6.272556e+02  5.023304e+01  7.771418e-15 
  823.000  5.798622e+02  4.579664e+01  2.691499e-15 
  824.000  6.365625e+02  5.064000e+01  9.469263e-15 
  825.000  6.666308e+02  5.339991e+01 -5.027566e-15 
  826.000  6.657042e+02  5.311099e+01  3.238441e-15 
  827.000  6.596921e+02  5.244272e+01 -1.614896e-14 
  828.000  6.380885e+02  5.033051e+01 -3.318095e-15 
  829.000  6.451372e+02  5.086052e+01  6.224699e-15 
  830.000  6.430660e+02  5.069889e+01  8.541649e-15 
  831.000  6.337395e+02  4.988284e+01  9.648834e-15 
  832.000  6.476829e+02  5.088689e+01 -6.980985e-15 
  833.000  6.321337e+02  4.963206e+01 -1.230250e-14 
  834.000  6.469211e+02  5.078261e+01 -1.178892e-15 
  835.000  6.584669e+02  5.181098e+01 -5.328503e-15 
  836.000  6.629751e+02  5.196968e+01 -3.201808e-15 
  837.000  6.572600e+02  5.140086e+01  2.537608e-15 
  838.000  6.646075e+02  5.198226e+01  3.182791e-17 
  839.000  6.467903e+02  5.055472e+01 -1.019331e-14 
  840.000  6.652440e+02  5.191128e+01  4.143313e-15 
  841.000  6.640513e+02  5.161506e+01 -6.904920e-15 
  842.000  6.626910e+02  5.147309e+01 -1.072501e-14 
  843.000  6.644956e+02  5.170354e+01 -8.301003e-15 
  844.000  6.563393e+02  5.105674e+01  2.613200e-14 
  845.000  6.676870e+02  5.187377e+01  1.276397e-14 
  846.000  6.749913e+02  5.236257e+01 -8.687110e-15 
  847.000  6.532112e+02  5.062558e+01 -6.554063e-15 
  848.000  6.702581e+02  5.174182e+01  1.411135e-14 
  849.000  6.718676e+02  5.176323e+01  2.331657e-14 
  850.000  5.799833e+02  4.454407e+01 -2.565606e-14 
  851.000  6.631871e+02  5.076780e+01 -2.906405e-14 
  852.000  6.382477e+02  4.875598e+01  1.158271e-14 
  853.000  6.478417e+02  4.946746e+01  6.199512e-15 
  854.000  5.208192e+02  3.967721e+01  1.910522e-14 
  855.000  5.743321e+02  4.369812e+01 -2.057477e-14 
  856.000  6.538118e+02  4.972718e+01 -6.689505e-15 
  857.000  6.652233e+02  5.053117e+01 -1.373730e-14 
  858.000  6.550751e+02  4.967456e+01  6.679706e-15 
  859.000  6.559820e+02  4.968610e+01 -1.804730e-14 
  860.000  6.506188e+02  4.919628e+01 -1.486905e-14 
  861.000  6.507003e+02  4.909936e+01  1.126562e-14 
  862.000  6.488991e+02  4.887173e+01  1.102781e-13 
  863.000  6.614297e+02  4.970914e+01  8.232317e-15 
  864.000  6.603671e+02  4.953188e+01  3.317403e-14 
  865.000  6.482885e+02  4.852878e+01  3.091117e-14 
  866.000  5.438936e+02  4.062784e+01  2.153155e-14 
  867.000  5.792438e+02  4.317354e+01  3.774118e-14 
  868.000  6.283151e+02  4.673124e+01  3.456626e-14 
  869.000  6.196312e+02  4.598871e+01 -2.224583e-14 
  870.000  6.452457e+02  4.778474e+01  4.039217e-14 
  871.000  6.444648e+02  4.762698e+01  5.011647e-14 
  872.000  6.420701e+02  4.735454e+01  7.471613e-14 
  873.000  6.446248e+02  4.743483e+01  1.690457e-14 
  874.000  6.305250e+02  4.629475e+01 -3.031182e-14 
  875.000  6.247969e+02  4.577546e+01 -2.644373e-14 
  876.000  6.299276e+02  4.604383e+01 -1.464113e-14 
  877.000  6.424869e+02  4.685675e+01  6.697986e-14 
  878.000  6.310490e+02  4.589462e+01  2.457709e-14 
  879.000  6.325513e+02  4.590424e+01 -3.746592e-14 
  880.000  6.285533e+02  4.549133e+01  1.738747e-15 
  881.000  5.957458e+02  4.301223e+01  2.750938e-14 
  882.000  6.284896e+02  4.526619e+01  4.211009e-15 
  883.000  6.144566e+02  4.417587e+01  4.623713e-14 
  884.000  6.198442e+02  4.447486e+01 -1.186909e-14 
  885.000  6.254185e+02  4.472729e+01 -1.070875e-14 
  886.000  6.037521e+02  4.301639e+01 -9.812140e-15 
  887.000  5.986140e+02  4.261464e+01 -1.661340e-15 
  888.000  6.165500e+02  4.379609e+01 -4.570191e-15 
  889.000  6.210569e+02  4.404055e+01 -1.407544e-14 
  890.000  6.183269e+02  4.371217e+01 -1.468701e-14 
  891.000  6.134060e+02  4.320662e+01  1.473436e-15 
  892.000  6.071760e+02  4.252653e+01 -5.372823e-15 
  893.000  5.709999e+02  3.955445e+01  1.440917e-15 
  894.000  5.830662e+02  4.015815e+01 -3.945586e-15 
  895.000  5.328536e+02  3.633337e+01  1.743967e-14 
  896.000  5.308828e+02  3.593758e+01  6.899215e-15 
  897.000  4.951979e+02  3.328266e+01 -1.140237e-16 
  898.000  4.851803e+02  3.245505e+01 -2.658237e-15 
  899.000  4.548374e+02  3.008601e+01 -2.712767e-15 
  900.000  4.476028e+02  2.958850e+01  2.224795e-16 
  901.000  4.307527e+02  2.833492e+01 -1.693401e-15 
  902.000  4.242881e+02  2.787884e+01  1.226980e-15 
  903.000  4.970973e+02  3.304574e+01 -1.063816e-15 
  904.000  5.358703e+02  3.576931e+01  2.633831e-15 
  905.000  5.334164e+02  3.553452e+01  2.486059e-15 
  906.000  4.999895e+02  3.311563e+01 -4.182767e-16 
  907.000  4.743273e+02  3.113778e+01  2.762340e-15 
  908.000  4.400358e+02  2.862517e+01  3.495157e-16 
  909.000  4.334077e+02  2.814308e+01  1.319072e-15 
  910.000  4.418009e+02  2.866380e+01  1.913037e-15 
  911.000  4.547583e+02  2.957850e+01 -2.097419e-16 
  912.000  4.489113e+02  2.908234e+01  2.941395e-15 
  913.000  4.294027e+02  2.742599e+01  2.529074e-15 
  914.000  4.413929e+02  2.832836e+01 -3.296245e-16 
  915.000  4.451751e+02  2.864439e+01 -1.929756e-15 
  916.000  4.539142e+02  2.918437e+01  1.684212e-15 
  917.000  4.532212e+02  2.914493e+01 -4.052574e-15 
  918.000  4.591723e+02  2.954005e+01  1.390958e-15 
  919.000  4.937719e+02  3.189084e+01 -2.607567e-15 
  920.000  5.108822e+02  3.308401e+01 -3.076914e-15 
  921.000  4.951263e+02  3.197374e+01  2.905196e-15 
  922.000  4.903597e+02  3.160331e+01 -3.963098e-16 
  923.000  4.642128e+02  2.982325e+01  1.956805e-15 
  924.000  4.698587e+02  3.004372e+01 -2.129481e-15 
  925.000  4.748582e+02  3.028393e+01 -1.298861e-15 
  926.000  4.572493e+02  2.906786e+01  5.964988e-15 
  927.000  4.575844e+02  2.890405e+01 -1.033091e-15 
  928.000  4.350339e+02  2.719412e+01 -2.207896e-16 
  929.000  3.936881e+02  2.412576e+01  7.336248e-17 
  930.000  3.496285e+02  2.083903e+01 -9.275603e-16 
  931.000  3.036431e+02  1.767075e+01 -4.868425e-16 
  932.000  2.440527e+02  1.383343e+01  5.684187e-17 
  933.000  2.059634e+02  1.146440e+01 -5.413580e-17 
  934.000  1.676183e+02  9.131542e+00 -5.592133e-17 
  935.000  1.612845e+02  8.745548e+00 -3.190444e-17 
  936.000  1.735732e+02  9.467100e+00 -3.702581e-18 
  937.000  1.741536e+02  9.467446e+00 -1.670817e-16 
  938.000  2.136979e+02  1.184607e+01 -3.356708e-16 
  939.000  3.361849e+02  1.950445e+01  1.112250e-16 
  940.000  3.540659e+02  2.073836e+01  1.646396e-16 
  941.000  3.299537e+02  1.911672e+01  1.562351e-16 
  942.000  2.800550e+02  1.590334e+01  1.042985e-16 
  943.000  2.334880e+02  1.295142e+01 -1.974678e-16 
  944.000  2.229301e+02  1.231782e+01  5.374769e-17 
  945.000  2.459318e+02  1.365606e+01 -1.241079e-17 
  946.000  2.506774e+02  1.390668e+01  1.772061e-16 
  947.000  2.690385e+02  1.501137e+01  1.192818e-16 
  948.000  2.825881e+02  1.581011e+01 -8.039483e-23 
  949.000  2.821935e+02  1.576015e+01  2.189510e-16 
  950.000  2.834842e+02  1.582441e+01  7.676899e-17 
  951.000  3.087221e+02  1.739426e+01 -1.009563e-16 
  952.000  2.804495e+02  1.560602e+01  3.004761e-16 
  953.000  2.998529e+02  1.679490e+01 -1.007452e-16 
  954.000  3.189450e+02  1.802348e+01  2.181973e-16 
  955.000  2.818002e+02  1.577831e+01  5.170974e-16 
  956.000  2.972340e+02  1.660735e+01 -1.727704e-17 
  957.000  3.530899e+02  2.028637e+01 -1.060936e-15 
  958.000  3.636660e+02  2.096556e+01  3.203038e-16 
  959.000  3.556980e+02  2.035975e+01  6.036764e-16 
  960.000  3.498068e+02  1.996054e+01  1.429855e-15 
  961.000  3.415342e+02  1.940374e+01  4.556816e-17 
  962.000  3.477174e+02  1.977593e+01 -4.456423e-16 
  963.000  3.788163e+02  2.192746e+01  4.323933e-16 
  964.000  3.792226e+02  2.197191e+01  1.180217e-15 
  965.000  3.809639e+02  2.200359e+01  1.011572e-16 
  966.000  3.718334e+02  2.146510e+01 -7.604078e-16 
  967.000  4.063316e+02  2.366906e+01 -1.982824e-15 
  968.000  4.414712e+02  2.593807e+01 -2.614917e-15 
  969.000  4.626365e+02  2.724945e+01  2.373260e-15 
  970.000  4.650013e+02  2.735027e+01 -2.598731e-15 
  971.000  4.604877e+02  2.703270e+01 -1.886911e-15 
  972.000  4.585215e+02  2.683213e+01 -8.441873e-16 
  973.000  4.424042e+02  2.577371e+01  1.269249e-15 
  974.000  4.215142e+02  2.443944e+01  2.373557e-15 
  975.000  4.146086e+02  2.394439e+01 -9.902881e-16 
  976.000  4.308855e+02  2.490139e+01 -3.537430e-15 
  977.000  4.382479e+02  2.537679e+01  9.267333e-16 
  978.000  4.476439e+02  2.587032e+01  2.285967e-15 
  979.000  4.394993e+02  2.538529e+01  8.230839e-16 
  980.000  4.648163e+02  2.693492e+01  4.214007e-15 
  981.000  4.724207e+02  2.736694e+01 -1.512050e-15 
  982.000  4.671927e+02  2.698163e+01 -3.361746e-15 
  983.000  4.759376e+02  2.753364e+01  1.357179e-14 
  984.000  4.830405e+02  2.801899e+01 -1.462902e-14 
  985.000  4.887110e+02  2.838215e+01 -3.831847e-16 
  986.000  4.922808e+02  2.866559e+01 -6.476451e-15 
  987.000  5.012410e+02  2.919737e+01  1.227571e-15 
  988.000  4.958599e+02  2.884591e+01 -1.542851e-14 
  989.000  4.900804e+02  2.846672e+01  2.129397e-15 
  990.000  4.950836e+02  2.872015e+01 -8.290636e-15 
  991.000  5.019583e+02  2.912418e+01 -6.560165e-15 
  992.000  4.981461e+02  2.886644e+01  7.083888e-15 
  993.000  4.983895e+02  2.882201e+01  6.730966e-15 
  994.000  5.034579e+02  2.912404e+01  3.456047e-16 
  995.000  5.014834e+02  2.899882e+01 -1.183358e-14 
  996.000  5.014021e+02  2.893966e+01  1.319470e-14 
  997.000  5.009153e+02  2.883051e+01  3.645915e-15 
  998.000  4.978620e+02  2.856997e+01 -1.622563e-14 
  999.000  4.961883e+02  2.840937e+01  9.847877e-15 
 1000.000  4.926387e+02  2.816290e+01 -1.437140e-14 
 1001.000  4.929046e+02  2.807527e+01  5.271564e-15 
 1002.000  4.882132e+02  2.767200e+01 -1.411923e-14 
 1003.000  4.834976e+02  2.737312e+01 -6.288857e-16 
 1004.000  4.817638e+02  2.727223e+01 -1.452645e-14 
 1005.000  4.509785e+02  2.550339e+01 -6.411269e-15 
 1006.000  4.750080e+02  2.681974e+01 -5.713258e-15 
 1007.000  4.829488e+02  2.720103e+01 -4.694223e-15 
 1008.000  4.818192e+02  2.702000e+01  2.452865e-15 
 1009.000  4.746656e+02  2.648857e+01 -6.750867e-15 
 1010.000  4.783794e+02  2.668201e+01  1.872692e-15 
 1011.000  4.803403e+02  2.683310e+01 -4.252343e-15 
 1012.000  4.822637e+02  2.692826e+01  1.539710e-15 
 1013.000  4.800625e+02  2.677800e+01  1.012309e-14 
 1014.000  4.837509e+02  2.694849e+01 -9.471562e-15 
 1015.000  4.749553e+02  2.641254e+01 -2.324118e-15 
 1016.000  4.786022e+02  2.658150e+01 -1.441081e-14 
 1017.000  4.742581e+02  2.630060e+01 -1.157715e-14 
 1018.000  4.797302e+02  2.653595e+01  1.303860e-14 
 1019.000  4.673804e+02  2.576754e+01 -2.293574e-15 
 1020.000  4.669343e+02  2.570898e+01  7.186039e-15 
 1021.000  4.726267e+02  2.600204e+01  8.219137e-15 
 1022.000  4.638674e+02  2.542813e+01  7.306307e-15 
 1023.000  4.714252e+02  2.577196e+01  3.241087e-15 
 1024.000  4.681893e+02  2.552891e+01 -5.500831e-15 
 1025.000  4.706175e+02  2.566574e+01 -3.810397e-15 
 1026.000  4.723398e+02  2.574342e+01  1.036769e-14 
 1027.000  4.690637e+02  2.550529e+01  4.806806e-15 
 1028.000  4.705862e+02  2.555193e+01 -8.616959e-15 
 1029.000  4.645623e+02  2.520922e+01 -1.891009e-14 
 1030.000  4.702685e+02  2.550035e+01  5.157368e-15 
 1031.000  4.693167e+02  2.541673e+01 -2.221734e-15 
 1032.000  4.680975e+02  2.531554e+01  1.159840e-15 
 1033.000  4.596000e+02  2.481308e+01  1.451000e-15 
 1034.000  4.647081e+02  2.504945e+01  1.319545e-14 
 1035.000  4.598933e+02  2.474778e+01  1.761445e-14 
 1036.000  4.658587e+02  2.502244e+01 -2.622572e-15 
 1037.000  4.561040e+02  2.445524e+01 -1.748531e-15 
 1038.000  4.606859e+02  2.465751e+01 -7.263867e-15 
 1039.000  4.624856e+02  2.470441e+01  1.479928e-14 
 1040.000  4.569504e+02  2.436091e+01 -5.974894e-15 
 1041.000  4.593085e+02  2.443895e+01  0.000000e+00 
 1042.000  4.606502e+02  2.446442e+01 -1.017870e-14 
 1043.000  4.527065e+02  2.399835e+01 -1.326422e-15 
 1044.000  4.571461e+02  2.418709e+01  1.309395e-14 
 1045.000  4.550300e+02  2.402403e+01 -7.151653e-16 
 1046.000  4.416824e+02  2.327217e+01 -1.137049e-14 
 1047.000  4.496591e+02  2.364379e+01 -1.819117e-14 
 1048.000  4.540144e+02  2.382468e+01 -8.781401e-15 
 1049.000  4.509648e+02  2.361741e+01 -6.630133e-16 
 1050.000  4.480809e+02  2.341633e+01  2.019436e-14 
 1051.000  4.478269e+02  2.334893e+01  4.082100e-16 
 1052.000  4.455443e+02  2.318058e+01  1.076700e-14 
 1053.000  4.456864e+02  2.314412e+01 -2.078638e-14 
 1054.000  4.408195e+02  2.283877e+01 -2.703723e-15 
 1055.000  4.437505e+02  2.293756e+01 -8.628050e-15 
 1056.000  4.423180e+02  2.281298e+01 -3.474840e-15 
 1057.000  4.409447e+02  2.267898e+01  3.020994e-15 
 1058.000  4.352447e+02  2.230641e+01 -4.790095e-15 
 1059.000  4.215907e+02  2.156950e+01 -4.930814e-15 
 1060.000  4.373169e+02  2.235321e+01  1.501396e-15 
 1061.000  4.218688e+02  2.152608e+01 -1.352122e-15 
 1062.000  4.329435e+02  2.203468e+01 -6.211486e-15 
 1063.000  4.253782e+02  2.161001e+01 -2.003803e-15 
 1064.000  4.303366e+02  2.180989e+01 -1.368334e-14 
 1065.000  4.290405e+02  2.168699e+01  1.337696e-15 
 1066.000  4.159479e+02  2.099546e+01  2.737850e-15 
 1067.000  4.254927e+02  2.143320e+01 -2.903605e-15 
 1068.000  4.223354e+02  2.120786e+01  2.580606e-16 
 1069.000  3.898111e+02  1.952576e+01 -6.133648e-15 
 1070.000  4.132300e+02  2.067281e+01  7.648471e-16 
 1071.000  4.130007e+02  2.060695e+01  2.626359e-15 
 1072.000  4.133029e+02  2.056900e+01  2.669405e-15 
 1073.000  3.995625e+02  1.985209e+01  7.516513e-16 
 1074.000  4.138114e+02  2.053373e+01 -5.318859e-15 
 1075.000  4.025769e+02  1.997955e+01  1.658929e-15 
 1076.000  4.104512e+02  2.031996e+01  2.365346e-15 
 1077.000  4.082859e+02  2.015712e+01  5.102404e-15 
 1078.000  4.079592e+02  2.008257e+01  8.250125e-15 
 1079.000  3.919909e+02  1.926515e+01  1.434872e-15 
 1080.000  3.994307e+02  1.953452e+01 -3.583077e-16 
 1081.000  3.845947e+02  1.877870e+01  2.292771e-15 
 1082.000  3.913637e+02  1.910910e+01  2.445992e-15 
 1083.000  3.787062e+02  1.843223e+01  5.524888e-15 
 1084.000  3.907368e+02  1.895739e+01 -7.080665e-17 
 1085.000  3.798156e+02  1.833659e+01  2.622754e-15 
 1086.000  3.861853e+02  1.863086e+01  1.247784e-15 
 1087.000  3.686312e+02  1.783032e+01 -9.075788e-16 
 1088.000  3.913271e+02  1.890462e+01 -5.664321e-15 
 1089.000  3.687618e+02  1.770135e+01  4.584054e-16 
 1090.000  3.753246e+02  1.797572e+01  5.241464e-15 
 1091.000  3.792737e+02  1.815172e+01 -2.145032e-15 
 1092.000  3.666541e+02  1.748714e+01  5.609525e-15 
 1093.000  3.536153e+02  1.678074e+01  2.794420e-15 
 1094.000  3.184366e+02  1.507022e+01  1.589073e-15 
 1095.000  3.452711e+02  1.631815e+01  1.758745e-15 
 1096.000  3.443749e+02  1.625123e+01 -1.118526e-15 
 1097.000  3.380538e+02  1.591740e+01  1.910391e-15 
 1098.000  3.125086e+02  1.459254e+01  2.017511e-15 
 1099.000  2.943830e+02  1.359460e+01 -4.779852e-16 
 1100.000  3.006708e+02  1.387500e+01  7.534263e-16 
