  400.000  4.398741e-04  2.673654e+01  7.556237e-16 
  401.000  4.773090e-04  2.656293e+01  4.151396e-15 
  402.000  5.516079e-04  2.813883e+01  1.355272e-16 
  403.000  5.629170e-04  2.634264e+01 -3.331454e-15 
  404.000  6.583151e-04  2.829497e+01 -1.406334e-16 
  405.000  6.562410e-04  2.593543e+01 -2.567767e-15 
  406.000  7.074028e-04  2.572752e+01 -1.596728e-15 
  407.000  7.476461e-04  2.504539e+01 -3.576172e-15 
  408.000  8.782207e-04  2.712019e+01 -1.573137e-15 
  409.000  1.052804e-03  3.000451e+01  5.000022e-15 
  410.000  9.523092e-04  2.507284e+01 -3.929157e-16 
  411.000  1.208755e-03  2.942789e+01 -3.178752e-15 
  412.000  1.352475e-03  3.047611e+01 -4.052922e-16 
  413.000  1.378558e-03  2.877494e+01 -1.429776e-15 
  414.000  1.456253e-03  2.817960e+01 -2.282096e-15 
  415.000  1.674047e-03  3.005772e+01  4.522511e-16 
  416.000  1.790760e-03  2.987687e+01 -3.438661e-15 
  417.000  1.867269e-03  2.896391e+01  4.027124e-16 
  418.000  1.962351e-03  2.831863e+01 -2.175222e-15 
  419.000  2.157161e-03  2.899734e+01 -2.419672e-15 
  420.000  1.958070e-03  2.453090e+01 -9.097829e-16 
  421.000  2.629151e-03  3.071934e+01 -1.231440e-15 
  422.000  2.698432e-03  2.942185e+01  3.875988e-15 
  423.000  2.439610e-03  2.483744e+01 -1.964011e-15 
  424.000  2.869812e-03  2.730581e+01 -4.962383e-16 
  425.000  3.175053e-03  2.825945e+01  1.828577e-15 
  426.000  3.257826e-03  2.714519e+01 -3.256056e-15 
  427.000  3.341965e-03  2.609181e+01 -1.732632e-15 
  428.000  3.606769e-03  2.639585e+01  1.974514e-15 
  429.000  3.494524e-03  2.398938e+01 -1.085442e-16 
  430.000  2.967060e-03  1.912313e+01 -4.300177e-16 
  431.000  2.836847e-03  1.717589e+01 -1.262473e-15 
  432.000  5.426939e-03  3.088541e+01 -3.136660e-15 
  433.000  5.129876e-03  2.746503e+01 -3.641207e-16 
  434.000  5.174748e-03  2.607876e+01 -1.536373e-15 
  435.000  5.971896e-03  2.834539e+01 -2.468722e-16 
  436.000  7.018361e-03  3.140005e+01 -2.630939e-15 
  437.000  7.504871e-03  3.167214e+01  2.882058e-15 
  438.000  7.115814e-03  2.834371e+01  1.019041e-16 
  439.000  7.283933e-03  2.740119e+01 -2.060197e-15 
  440.000  8.626780e-03  3.068055e+01 -2.316868e-15 
  441.000  9.080869e-03  3.055025e+01  1.889523e-15 
  442.000  1.008986e-02  3.214172e+01 -4.016099e-15 
  443.000  1.070720e-02  3.232194e+01  7.521566e-16 
  444.000  1.120210e-02  3.207650e+01 -3.139444e-16 
  445.000  1.239411e-02  3.370072e+01 -6.286030e-15 
  446.000  1.158852e-02  2.995906e+01 -7.908938e-16 
  447.000  1.390895e-02  3.414340e+01 -8.047467e-16 
  448.000  1.493160e-02  3.471219e+01  4.103092e-15 
  449.000  1.588645e-02  3.495504e+01  1.089383e-15 
  450.000  1.713416e-02  3.572102e+01 -2.937776e-15 
  451.000  1.950677e-02  3.859442e+01  1.147320e-14 
  452.000  1.907565e-02  3.585809e+01 -5.053893e-16 
  453.000  1.860756e-02  3.326463e+01 -6.639576e-16 
  454.000  2.082708e-02  3.544001e+01  5.974727e-15 
  455.000  2.198769e-02  3.563392e+01  3.120286e-16 
  456.000  2.357230e-02  3.640445e+01  2.889509e-15 
  457.000  2.481258e-02  3.651854e+01  3.143132e-15 
  458.000  2.549847e-02  3.578789e+01  3.479045e-16 
  459.000  2.664476e-02  3.569335e+01 -3.160099e-15 
  460.000  2.759583e-02  3.529451e+01 -2.430324e-15 
  461.000  2.986462e-02  3.648344e+01  3.070007e-15 
  462.000  3.065194e-02  3.579845e+01  1.230111e-15 
  463.000  3.197781e-02  3.572172e+01 -2.674640e-16 
  464.000  3.356321e-02  3.590257e+01  2.363282e-15 
  465.000  3.456694e-02  3.543817e+01 -2.661767e-15 
  466.000  3.724008e-02  3.661918e+01 -2.820171e-15 
  467.000  3.747523e-02  3.537828e+01  1.565889e-15 
  468.000  4.123387e-02  3.740377e+01  2.336269e-15 
  469.000  4.233706e-02  3.697541e+01 -1.958130e-15 
  470.000  4.313789e-02  3.635249e+01 -2.711997e-16 
  471.000  4.434577e-02  3.615587e+01  1.686496e-15 
  472.000  4.610090e-02  3.642970e+01  4.704647e-15 
  473.000  4.664239e-02  3.579938e+01 -4.152684e-15 
  474.000  4.795371e-02  3.583600e+01 -1.785721e-15 
  475.000  5.037066e-02  3.696061e+01  4.734111e-15 
  476.000  4.879317e-02  3.545053e+01  2.800203e-16 
  477.000  4.869862e-02  3.478939e+01  2.457790e-15 
  478.000  5.357403e-02  3.640934e+01 -5.344008e-15 
  479.000  5.471108e-02  3.478999e+01  3.540162e-15 
  480.000  5.996278e-02  3.554482e+01 -2.905630e-15 
  481.000  6.355693e-02  3.536897e+01  1.123655e-15 
  482.000  6.872374e-02  3.615892e+01  8.986063e-17 
  483.000  7.235037e-02  3.620476e+01  2.696859e-15 
  484.000  7.267530e-02  3.478162e+01 -2.628140e-15 
  485.000  7.615875e-02  3.498290e+01 -5.119661e-17 
  486.000  6.416529e-02  2.835609e+01 -4.288075e-15 
  487.000  7.488484e-02  3.189547e+01 -2.863245e-15 
  488.000  8.431341e-02  3.465230e+01  3.643394e-15 
  489.000  8.121367e-02  3.222907e+01 -1.043656e-15 
  490.000  9.577205e-02  3.670948e+01  9.200510e-17 
  491.000  9.259464e-02  3.427867e+01  2.401294e-15 
  492.000  9.182900e-02  3.284883e+01  2.739469e-16 
  493.000  1.020449e-01  3.528101e+01 -1.421008e-15 
  494.000  1.016366e-01  3.398678e+01  1.493434e-15 
  495.000  1.120277e-01  3.623111e+01 -3.638456e-15 
  496.000  1.121100e-01  3.504256e+01  1.281211e-16 
  497.000  1.117406e-01  3.375448e+01  1.015282e-15 
  498.000  1.120593e-01  3.272694e+01 -2.019735e-15 
  499.000  1.147571e-01  3.241809e+01 -5.768459e-15 
  500.000  1.172590e-01  3.204944e+01  2.754515e-15 
  501.000  1.175536e-01  3.110290e+01  5.944443e-15 
  502.000  1.197590e-01  3.067642e+01 -1.265103e-15 
  503.000  1.300933e-01  3.227208e+01 -1.484627e-15 
  504.000  1.240437e-01  2.981019e+01  9.782847e-16 
  505.000  1.370376e-01  3.192083e+01 -1.746732e-15 
  506.000  1.510050e-01  3.413203e+01  2.367583e-15 
  507.000  1.446269e-01  3.173067e+01 -1.943859e-15 
  508.000  1.427779e-01  3.040594e+01  1.029209e-15 
  509.000  1.584295e-01  3.276125e+01  1.803247e-15 
  510.000  1.578811e-01  3.171563e+01 -2.476534e-15 
  511.000  1.622628e-01  3.166969e+01 -1.663588e-15 
  512.000  1.748976e-01  3.317411e+01  1.457987e-15 
  513.000  1.643821e-01  3.030346e+01  6.902573e-16 
  514.000  1.652087e-01  2.961017e+01  3.747261e-15 
  515.000  1.731192e-01  3.017078e+01  1.028352e-15 
  516.000  1.862690e-01  3.156455e+01 -1.279024e-15 
  517.000  1.402573e-01  2.311542e+01 -1.248591e-15 
  518.000  1.774565e-01  2.845080e+01  2.746442e-15 
  519.000  1.717790e-01  2.679719e+01 -1.126965e-15 
  520.000  1.932051e-01  2.933194e+01  5.356634e-15 
  521.000  1.973332e-01  2.917212e+01 -3.628881e-16 
  522.000  2.091351e-01  3.012803e+01 -2.886850e-15 
  523.000  1.982313e-01  2.786981e+01  9.271433e-16 
  524.000  2.188749e-01  3.002873e+01  1.237112e-16 
  525.000  2.207462e-01  2.957776e+01  1.878809e-15 
  526.000  2.141782e-01  2.799916e+01 -3.029233e-15 
  527.000  1.901169e-01  2.426371e+01 -4.410726e-17 
  528.000  2.318403e-01  2.889350e+01  1.655186e-15 
  529.000  2.420842e-01  2.946304e+01  5.303287e-15 
  530.000  2.323036e-01  2.760792e+01 -1.214104e-15 
  531.000  2.568132e-01  2.980304e+01  2.692453e-15 
  532.000  2.491439e-01  2.821501e+01  1.960715e-15 
  533.000  2.234439e-01  2.468407e+01  1.577261e-15 
  534.000  2.489002e-01  2.675876e+01 -1.293041e-15 
  535.000  2.606772e-01  2.723190e+01  1.212049e-15 
  536.000  2.837602e-01  2.881979e+01 -7.658279e-16 
  537.000  2.696723e-01  2.665958e+01 -1.691047e-16 
  538.000  2.886786e-01  2.781544e+01 -9.707745e-16 
  539.000  2.939624e-01  2.762724e+01 -3.077951e-15 
  540.000  2.936967e-01  2.693911e+01 -1.178722e-15 
  541.000  2.748464e-01  2.461245e+01  6.463497e-17 
  542.000  3.127275e-01  2.735311e+01  4.385274e-15 
  543.000  3.049997e-01  2.606597e+01  3.792910e-15 
  544.000  3.276167e-01  2.736795e+01  1.445296e-16 
  545.000  3.284146e-01  2.682008e+01  3.479684e-17 
  546.000  3.266897e-01  2.608686e+01 -2.652052e-16 
  547.000  3.465351e-01  2.705574e+01  1.200205e-15 
  548.000  3.270620e-01  2.497429e+01 -8.288784e-16 
  549.000  3.500941e-01  2.614908e+01  4.978061e-16 
  550.000  3.479530e-01  2.542407e+01 -1.618376e-15 
  551.000  3.509281e-01  2.509806e+01  6.917749e-16 
  552.000  3.715799e-01  2.600929e+01  9.557527e-16 
  553.000  3.621920e-01  2.482475e+01 -8.028541e-16 
  554.000  3.793301e-01  2.546552e+01  7.421564e-16 
  555.000  3.857213e-01  2.536778e+01 -7.996087e-16 
  556.000  3.801458e-01  2.449761e+01 -2.097242e-15 
  557.000  3.733998e-01  2.359320e+01 -1.344431e-15 
  558.000  3.921647e-01  2.430541e+01 -1.377619e-15 
  559.000  3.748999e-01  2.279921e+01 -1.721355e-15 
  560.000  3.803454e-01  2.271821e+01 -7.786959e-16 
  561.000  4.217451e-01  2.476398e+01 -1.568434e-15 
  562.000  3.876366e-01  2.251308e+01  2.407232e-15 
  563.000  4.081502e-01  2.335406e+01 -8.529942e-16 
  564.000  4.038292e-01  2.281529e+01  1.933060e-15 
  565.000  4.076204e-01  2.284376e+01 -2.561845e-16 
  566.000  3.769061e-01  2.085736e+01  7.066363e-16 
  567.000  3.980981e-01  2.206495e+01  2.294968e-15 
  568.000  3.892683e-01  2.166939e+01  2.546816e-15 
  569.000  3.000802e-01  2.043578e+01 -4.644997e-16 
  570.000  3.038890e-01  2.036844e+01 -3.577105e-16 
  571.000  3.579683e-01  1.987760e+01 -1.113347e-16 
  572.000  3.059618e-01  2.031460e+01  6.724237e-16 
  573.000  3.674226e-01  2.069480e+01 -1.776970e-15 
  574.000  3.629905e-01  2.034931e+01  1.097618e-16 
  575.000  3.525331e-01  1.968749e+01 -1.388789e-15 
  576.000  3.480222e-01  1.927980e+01 -4.968478e-16 
  577.000  3.720436e-01  2.013343e+01 -7.876874e-16 
  578.000  3.716934e-01  1.960923e+01 -1.564163e-16 
  579.000  3.868471e-01  1.965209e+01 -7.602469e-16 
  580.000  4.273894e-01  2.064401e+01  1.317333e-15 
  581.000  4.538592e-01  2.067780e+01  9.652678e-16 
  582.000  4.898823e-01  2.130775e+01 -7.746078e-16 
  583.000  5.188683e-01  2.170812e+01 -3.401343e-16 
  584.000  5.413710e-01  2.186701e+01  1.408450e-15 
  585.000  5.555136e-01  2.187783e+01 -8.728661e-16 
  586.000  5.510369e-01  2.110792e+01 -1.354328e-15 
  587.000  5.760264e-01  2.194636e+01  1.418488e-15 
  588.000  4.507702e-01  2.105426e+01  1.658861e-16 
  589.000  3.456924e-01  1.797898e+01  6.930538e-16 
  590.000  3.638509e-01  1.872706e+01 -7.480642e-16 
  591.000  4.382395e-01  2.040814e+01  3.254495e-16 
  592.000  4.130326e-01  1.973237e+01  5.119601e-16 
  593.000  4.808432e-01  2.053378e+01  1.274541e-15 
  594.000  4.783275e-01  2.056300e+01 -3.731766e-16 
  595.000  4.365208e-01  1.972429e+01 -2.835779e-16 
  596.000  5.134194e-01  2.068969e+01 -1.764444e-17 
  597.000  5.054747e-01  2.043172e+01 -1.477466e-17 
  598.000  5.282703e-01  2.008034e+01  2.771499e-16 
  599.000  5.463124e-01  1.999984e+01  2.133857e-16 
  600.000  6.678512e-01  2.033987e+01 -1.534796e-15 
  601.000  6.813375e-01  2.010184e+01 -1.505728e-15 
  602.000  6.826975e-01  1.973353e+01 -1.379771e-15 
  603.000  7.022746e-01  1.988336e+01  1.403639e-15 
  604.000  7.425119e-01  2.065437e+01  6.081471e-16 
  605.000  7.625120e-01  2.073839e+01 -1.259057e-15 
  606.000  7.685453e-01  2.058598e+01  8.284000e-18 
  607.000  7.786096e-01  2.055352e+01 -3.373000e-15 
  608.000  7.895254e-01  2.055915e+01 -1.379097e-15 
  609.000  7.944652e-01  2.042211e+01  8.382284e-17 
  610.000  7.947405e-01  2.017431e+01  6.296554e-16 
  611.000  8.211845e-01  2.060112e+01 -9.821803e-16 
  612.000  8.236506e-01  2.042801e+01  9.608280e-16 
  613.000  8.241459e-01  2.021852e+01  3.643881e-17 
  614.000  8.060687e-01  1.957000e+01 -2.042260e-15 
  615.000  8.570501e-01  2.059272e+01 -1.003574e-15 
  616.000  8.260968e-01  1.965545e+01  7.630850e-16 
  617.000  8.410909e-01  1.983431e+01  1.647859e-15 
  618.000  8.899998e-01  2.081615e+01  2.005817e-16 
  619.000  8.890980e-01  2.065143e+01 -1.395771e-15 
  620.000  9.086650e-01  2.097478e+01 -2.824406e-15 
  621.000  9.290239e-01  2.133949e+01 -8.374484e-16 
  622.000  8.827283e-01  2.020320e+01  1.769095e-15 
  623.000  8.893425e-01  2.032658e+01  1.242605e-15 
  624.000  8.904365e-01  2.031749e+01 -1.639940e-16 
  625.000  8.653894e-01  1.972862e+01  3.540187e-16 
  626.000  8.552656e-01  1.971524e+01 -3.933566e-18 
  627.000  8.511552e-01  1.981913e+01  5.754766e-16 
  628.000  6.391152e-01  1.848923e+01 -4.994956e-16 
  629.000  7.184322e-01  1.947750e+01 -4.781194e-16 
  630.000  7.344165e-01  1.902160e+01  8.615645e-16 
  631.000  9.002036e-01  2.017116e+01  9.017570e-16 
  632.000  7.263828e-01  1.856944e+01  6.692484e-16 
  633.000  9.540240e-01  2.055236e+01  7.592648e-16 
  634.000  9.636210e-01  2.025430e+01 -8.319118e-16 
  635.000  1.019004e+00  2.095808e+01  9.173494e-16 
  636.000  1.020669e+00  2.049914e+01  2.485064e-16 
  637.000  1.096516e+00  2.148818e+01  1.404662e-15 
  638.000  1.168342e+00  2.220189e+01 -8.708872e-16 
  639.000  1.193474e+00  2.226842e+01  3.950459e-17 
  640.000  1.197533e+00  2.186276e+01  1.761341e-16 
  641.000  1.244565e+00  2.239147e+01 -6.210772e-17 
  642.000  1.272638e+00  2.237274e+01  1.915372e-16 
  643.000  1.312381e+00  2.285619e+01 -3.819527e-16 
  644.000  1.322645e+00  2.273563e+01  5.390739e-16 
  645.000  1.338198e+00  2.297027e+01  8.544331e-17 
  646.000  1.064303e+00  2.148633e+01  1.738384e-15 
  647.000  1.026381e+00  2.152348e+01 -3.007712e-16 
  648.000  9.723847e-01  2.118042e+01 -6.302515e-16 
  649.000  1.066409e+00  2.205419e+01  7.682891e-16 
  650.000  1.131149e+00  2.114523e+01 -2.636859e-17 
  651.000  1.235251e+00  2.285778e+01  1.449619e-16 
  652.000  1.104779e+00  2.190375e+01  3.725420e-16 
  653.000  1.290329e+00  2.310675e+01  1.830935e-15 
  654.000  1.274221e+00  2.282039e+01  4.845254e-16 
  655.000  1.201518e+00  2.205710e+01  9.612872e-16 
  656.000  1.050158e+00  1.886206e+01  5.061894e-16 
  657.000  1.163249e+00  2.030772e+01 -1.907711e-16 
  658.000  1.368048e+00  2.289570e+01 -1.677664e-15 
  659.000  1.596596e+00  2.351655e+01 -6.683572e-17 
  660.000  1.635680e+00  2.377221e+01  6.146642e-16 
  661.000  1.703701e+00  2.413150e+01  2.200312e-15 
  662.000  1.756581e+00  2.459594e+01  1.224584e-15 
  663.000  1.762666e+00  2.440846e+01 -7.158973e-15 
  664.000  1.754980e+00  2.409965e+01  3.700070e-16 
  665.000  1.794989e+00  2.433056e+01 -1.373044e-15 
  666.000  1.843776e+00  2.474198e+01  1.560831e-15 
  667.000  1.834507e+00  2.436689e+01 -7.335033e-17 
  668.000  1.892086e+00  2.467671e+01 -3.958932e-15 
  669.000  1.951900e+00  2.514890e+01 -1.349312e-16 
  670.000  1.956695e+00  2.494842e+01  1.271979e-15 
  671.000  1.966156e+00  2.479081e+01 -3.653834e-16 
  672.000  1.986180e+00  2.480268e+01 -3.351578e-15 
  673.000  2.026645e+00  2.507169e+01 -8.945931e-16 
  674.000  2.056957e+00  2.521120e+01  1.865693e-15 
  675.000  2.051907e+00  2.491608e+01 -1.879974e-15 
  676.000  2.116512e+00  2.546903e+01  1.781984e-15 
  677.000  2.099280e+00  2.503148e+01 -1.370408e-15 
  678.000  2.159666e+00  2.551616e+01  9.531101e-16 
  679.000  2.148815e+00  2.520528e+01 -3.410446e-15 
  680.000  2.126670e+00  2.497467e+01 -1.964226e-15 
  681.000  2.150952e+00  2.501793e+01  4.736414e-16 
  682.000  2.163890e+00  2.499772e+01  2.994064e-15 
  683.000  2.206567e+00  2.523139e+01  1.787790e-15 
  684.000  2.181087e+00  2.479237e+01 -6.376835e-16 
  685.000  2.229364e+00  2.512756e+01 -5.703265e-17 
  686.000  2.145290e+00  2.391407e+01  1.785592e-15 
  687.000  9.031957e-01  1.660198e+01  5.996547e-16 
  688.000  1.176448e+00  1.857340e+01 -1.006961e-16 
  689.000  1.106754e+00  1.805029e+01  5.124530e-16 
  690.000  1.269797e+00  1.923162e+01  1.269601e-15 
  691.000  1.487620e+00  2.094717e+01  3.416247e-17 
  692.000  1.612860e+00  2.187682e+01  2.189565e-15 
  693.000  1.480880e+00  2.139054e+01 -6.888369e-16 
  694.000  1.353712e+00  2.091235e+01  2.917406e-16 
  695.000  1.451862e+00  2.121839e+01 -1.980367e-16 
  696.000  1.558270e+00  2.189899e+01  5.282894e-16 
  697.000  1.985347e+00  2.382447e+01  2.060788e-15 
  698.000  1.868953e+00  2.304272e+01  5.347962e-16 
  699.000  1.563603e+00  2.176270e+01  1.379204e-16 
  700.000  1.604284e+00  2.177029e+01  4.624331e-16 
  701.000  1.514155e+00  2.093817e+01  5.126808e-16 
  702.000  1.568414e+00  2.109623e+01  4.754335e-16 
  703.000  1.899899e+00  2.281749e+01 -1.506507e-15 
  704.000  1.937811e+00  2.295830e+01 -1.070994e-15 
  705.000  1.832210e+00  2.253217e+01  1.404503e-15 
  706.000  1.853384e+00  2.240808e+01 -2.467994e-15 
  707.000  1.888251e+00  2.228048e+01 -4.593420e-16 
  708.000  2.015695e+00  2.316146e+01 -4.762906e-16 
  709.000  2.078311e+00  2.277940e+01  1.478587e-15 
  710.000  2.011599e+00  2.281396e+01 -4.051514e-16 
  711.000  2.138520e+00  2.307310e+01  2.862678e-16 
  712.000  2.238670e+00  2.311899e+01 -2.296604e-17 
  713.000  2.148940e+00  2.271519e+01 -8.684746e-16 
  714.000  2.161798e+00  2.297147e+01 -1.452583e-15 
  715.000  1.943316e+00  2.159479e+01 -1.337497e-15 
  716.000  1.842496e+00  2.150224e+01 -6.937852e-16 
  717.000  1.134753e+00  1.778150e+01 -2.301037e-16 
  718.000  8.199497e-01  1.596735e+01 -2.383621e-16 
  719.000  7.198449e-01  1.518615e+01 -1.033888e-16 
  720.000  6.268625e-01  1.451486e+01 -1.882124e-16 
  721.000  1.293234e+00  1.832683e+01 -2.792488e-16 
  722.000  1.667832e+00  2.021248e+01  6.307287e-17 
  723.000  1.477292e+00  1.923356e+01  2.222339e-17 
  724.000  1.007258e+00  1.695338e+01 -6.708122e-16 
  725.000  1.058040e+00  1.707423e+01  3.115651e-17 
  726.000  1.046490e+00  1.693031e+01  1.374418e-16 
  727.000  1.135589e+00  1.749898e+01  1.979800e-16 
  728.000  1.059793e+00  1.684488e+01  1.509827e-17 
  729.000  1.200324e+00  1.701538e+01  2.948964e-16 
  730.000  1.231429e+00  1.750201e+01 -9.556653e-17 
  731.000  1.192653e+00  1.704566e+01  2.936860e-16 
  732.000  1.573737e+00  1.890228e+01  1.564926e-16 
  733.000  1.964046e+00  2.027932e+01  1.477967e-16 
  734.000  2.267504e+00  2.164076e+01 -5.348836e-16 
  735.000  2.183355e+00  2.113180e+01  1.216811e-15 
  736.000  2.014651e+00  2.013767e+01  2.873130e-17 
  737.000  2.167505e+00  2.082670e+01  1.206518e-15 
  738.000  2.348722e+00  2.138312e+01  2.279079e-16 
  739.000  2.369887e+00  2.093440e+01 -6.040021e-16 
  740.000  2.599362e+00  2.165652e+01 -1.380758e-15 
  741.000  2.705420e+00  2.174241e+01 -1.059605e-16 
  742.000  2.723809e+00  2.147492e+01  6.674887e-16 
  743.000  3.175128e+00  2.259105e+01  2.591250e-16 
  744.000  3.258941e+00  2.287124e+01  1.148155e-15 
  745.000  3.219156e+00  2.233131e+01  4.979863e-16 
  746.000  3.281974e+00  2.263704e+01  1.971626e-16 
  747.000  3.362470e+00  2.300531e+01  1.763352e-15 
  748.000  3.333120e+00  2.266937e+01  8.467060e-16 
  749.000  3.389616e+00  2.275199e+01 -2.258323e-15 
  750.000  3.338832e+00  2.233815e+01  9.793633e-16 
  751.000  3.353431e+00  2.228271e+01 -1.133488e-15 
  752.000  3.477512e+00  2.276452e+01 -5.634024e-16 
  753.000  3.487592e+00  2.259469e+01  1.818498e-15 
  754.000  3.577713e+00  2.297548e+01 -5.171582e-16 
  755.000  3.581692e+00  2.284599e+01 -2.252562e-15 
  756.000  3.536730e+00  2.240331e+01 -1.438847e-16 
  757.000  3.582146e+00  2.255120e+01 -3.675283e-15 
  758.000  3.544351e+00  2.219826e+01  2.420071e-16 
  759.000  2.139048e+00  1.743730e+01 -7.382800e-16 
  760.000  5.278776e-02  3.345686e+00 -9.101628e-18 
  761.000  3.201400e-02  2.834521e+00  2.143154e-18 
  762.000  3.744205e-01  7.099082e+00  8.710029e-17 
  763.000  2.036981e-01  5.490222e+00 -5.188429e-17 
  764.000  2.850992e-01  6.326289e+00  1.478135e-16 
  765.000  5.701993e-01  8.766348e+00  8.547432e-17 
  766.000  1.264868e+00  1.267554e+01 -2.321221e-16 
  767.000  1.939958e+00  1.571790e+01 -5.070983e-16 
  768.000  2.591784e+00  1.880751e+01 -2.009205e-17 
  769.000  3.127814e+00  2.047157e+01 -1.661488e-15 
  770.000  3.396004e+00  2.138492e+01 -5.127343e-17 
  771.000  3.779198e+00  2.183924e+01  2.213510e-15 
  772.000  3.802084e+00  2.179747e+01 -3.178062e-15 
  773.000  3.806053e+00  2.169600e+01 -9.202023e-17 
  774.000  3.860085e+00  2.200070e+01  1.172554e-16 
  775.000  3.769346e+00  2.126657e+01 -1.885702e-15 
  776.000  3.969468e+00  2.219501e+01 -8.884053e-16 
  777.000  3.961211e+00  2.202649e+01  3.713818e-15 
  778.000  3.947045e+00  2.186411e+01  2.008631e-15 
  779.000  3.966136e+00  2.188606e+01  2.988035e-15 
  780.000  3.923072e+00  2.156540e+01  6.635036e-16 
  781.000  3.973180e+00  2.157968e+01  8.450770e-16 
  782.000  4.025681e+00  2.178668e+01  1.017104e-15 
  783.000  3.937638e+00  2.122889e+01 -7.673351e-16 
  784.000  3.960596e+00  2.126413e+01  1.316999e-15 
  785.000  3.968715e+00  2.119570e+01 -5.691200e-16 
  786.000  3.869811e+00  2.070370e+01 -7.842963e-16 
  787.000  3.518714e+00  2.051402e+01  5.314818e-16 
  788.000  3.395976e+00  2.002850e+01  1.174485e-15 
  789.000  3.120113e+00  1.950224e+01 -6.145601e-16 
  790.000  3.072952e+00  1.921651e+01 -1.209174e-15 
  791.000  3.128379e+00  1.921922e+01  8.245728e-17 
  792.000  3.148030e+00  1.900587e+01  2.304626e-16 
  793.000  3.286536e+00  1.921343e+01  4.735133e-17 
  794.000  3.520475e+00  1.944467e+01 -6.425001e-16 
  795.000  3.364608e+00  1.905090e+01 -1.524166e-15 
  796.000  3.003057e+00  1.846856e+01  4.020091e-16 
  797.000  3.158763e+00  1.883891e+01 -1.986249e-16 
  798.000  3.455330e+00  1.937356e+01 -1.034912e-15 
  799.000  3.405373e+00  1.922033e+01 -2.798496e-16 
  800.000  3.129058e+00  1.830025e+01  6.140708e-16 
  801.000  3.225338e+00  1.866711e+01 -7.766345e-17 
  802.000  3.212265e+00  1.856434e+01  2.929610e-16 
  803.000  3.210842e+00  1.833810e+01  6.893433e-16 
  804.000  3.355079e+00  1.867789e+01 -2.973038e-16 
  805.000  3.460374e+00  1.847498e+01 -9.769572e-16 
  806.000  3.680010e+00  1.913900e+01  2.131308e-16 
  807.000  3.679179e+00  1.901118e+01 -5.857141e-16 
  808.000  3.609957e+00  1.876914e+01  2.267492e-16 
  809.000  3.485144e+00  1.829596e+01 -4.045753e-16 
  810.000  3.392651e+00  1.803248e+01 -1.404100e-15 
  811.000  3.272116e+00  1.794496e+01  1.404104e-15 
  812.000  3.025385e+00  1.733232e+01  7.762886e-16 
  813.000  2.761091e+00  1.658682e+01  5.766272e-17 
  814.000  2.468246e+00  1.575760e+01 -2.633143e-16 
  815.000  2.111194e+00  1.468992e+01 -7.144839e-19 
  816.000  1.744617e+00  1.356928e+01 -4.023303e-16 
  817.000  1.767021e+00  1.366069e+01  5.826468e-17 
  818.000  1.788326e+00  1.362943e+01 -1.077451e-16 
  819.000  1.868687e+00  1.356294e+01  3.143690e-16 
  820.000  2.245921e+00  1.435745e+01  3.055769e-16 
  821.000  2.892719e+00  1.630221e+01  5.194299e-16 
  822.000  2.393079e+00  1.469469e+01 -5.130545e-16 
  823.000  1.509305e+00  1.235448e+01  1.958134e-16 
  824.000  2.320286e+00  1.463778e+01 -2.970287e-16 
  825.000  2.988408e+00  1.629382e+01  5.750570e-16 
  826.000  2.911901e+00  1.608835e+01 -1.792894e-16 
  827.000  2.822664e+00  1.578420e+01 -1.430855e-16 
  828.000  2.406431e+00  1.464915e+01 -4.207396e-16 
  829.000  2.556825e+00  1.498570e+01 -4.001939e-17 
  830.000  2.698812e+00  1.516307e+01 -9.122110e-16 
  831.000  2.710236e+00  1.498913e+01 -2.605825e-16 
  832.000  2.815255e+00  1.534611e+01 -5.662272e-16 
  833.000  2.852771e+00  1.511846e+01  1.759378e-16 
  834.000  3.055920e+00  1.565617e+01  3.960673e-17 
  835.000  3.400256e+00  1.630613e+01 -7.177654e-16 
  836.000  3.353142e+00  1.628674e+01  2.488040e-16 
  837.000  3.336338e+00  1.612090e+01  5.942084e-16 
  838.000  3.526863e+00  1.645575e+01 -4.129009e-16 
  839.000  3.531975e+00  1.608905e+01  8.535855e-17 
  840.000  3.678001e+00  1.655863e+01  6.525397e-16 
  841.000  3.595203e+00  1.641043e+01 -4.211734e-16 
  842.000  3.685755e+00  1.644564e+01 -7.881293e-16 
  843.000  3.900998e+00  1.664581e+01  7.262145e-16 
  844.000  3.951666e+00  1.648866e+01 -1.137542e-15 
  845.000  4.073462e+00  1.678160e+01  8.626189e-16 
  846.000  4.439209e+00  1.707100e+01 -1.105736e-15 
  847.000  4.357301e+00  1.656813e+01 -1.638516e-15 
  848.000  4.146446e+00  1.679055e+01  2.834541e-16 
  849.000  4.179131e+00  1.681416e+01  2.138882e-15 
  850.000  3.588614e+00  1.447216e+01 -6.598903e-17 
  851.000  4.074418e+00  1.649349e+01  9.838106e-16 
  852.000  3.939020e+00  1.585535e+01  7.651942e-16 
  853.000  4.082134e+00  1.612446e+01  1.208107e-15 
  854.000  3.291816e+00  1.294560e+01 -2.878576e-16 
  855.000  3.902522e+00  1.435191e+01  4.359011e-16 
  856.000  4.517572e+00  1.637983e+01  5.510928e-16 
  857.000  4.627768e+00  1.665136e+01 -5.788501e-16 
  858.000  4.598236e+00  1.641894e+01  5.693553e-16 
  859.000  4.632488e+00  1.644428e+01  8.150124e-16 
  860.000  4.608582e+00  1.632306e+01 -7.695994e-16 
  861.000  4.633216e+00  1.631411e+01 -2.627742e-15 
  862.000  4.681671e+00  1.630617e+01 -1.646224e-15 
  863.000  4.788795e+00  1.659966e+01 -1.048198e-15 
  864.000  4.827530e+00  1.658976e+01 -7.987647e-16 
  865.000  4.778569e+00  1.629453e+01 -8.400360e-16 
  866.000  4.023862e+00  1.365423e+01 -6.731433e-16 
  867.000  4.288945e+00  1.450878e+01  1.616829e-15 
  868.000  4.666182e+00  1.571506e+01 -7.411130e-16 
  869.000  4.620549e+00  1.548191e+01 -7.844400e-16 
  870.000  4.813565e+00  1.608312e+01  2.785027e-16 
  871.000  4.826860e+00  1.604654e+01  2.187542e-15 
  872.000  4.842004e+00  1.598742e+01  5.168006e-16 
  873.000  4.846919e+00  1.599232e+01  1.631377e-15 
  874.000  4.737599e+00  1.559853e+01  1.269067e-15 
  875.000  4.700778e+00  1.542524e+01  0.000000e+00 
  876.000  4.738828e+00  1.549534e+01 -2.354333e-16 
  877.000  4.829089e+00  1.575506e+01  3.715303e-17 
  878.000  4.758610e+00  1.542734e+01 -3.654293e-17 
  879.000  4.779798e+00  1.543441e+01 -8.019073e-16 
  880.000  4.758079e+00  1.530722e+01 -1.595596e-15 
  881.000  4.531879e+00  1.451210e+01  1.925458e-15 
  882.000  4.780691e+00  1.526581e+01 -1.343302e-15 
  883.000  4.700913e+00  1.492397e+01  7.623884e-16 
  884.000  4.732849e+00  1.498446e+01  2.322989e-16 
  885.000  4.789159e+00  1.513387e+01 -2.278593e-15 
  886.000  4.600985e+00  1.457467e+01 -1.454209e-15 
  887.000  4.595212e+00  1.442427e+01  1.264665e-15 
  888.000  4.742154e+00  1.483025e+01  1.784265e-15 
  889.000  4.798384e+00  1.493197e+01  1.256736e-15 
  890.000  4.747160e+00  1.479005e+01  3.228076e-16 
  891.000  4.667781e+00  1.462609e+01  1.749115e-15 
  892.000  4.203386e+00  1.426070e+01 -4.849727e-17 
  893.000  3.473045e+00  1.296712e+01  5.107821e-16 
  894.000  3.291728e+00  1.291375e+01  4.044173e-16 
  895.000  2.503924e+00  1.106084e+01 -2.957888e-16 
  896.000  2.082828e+00  1.046552e+01 -3.990203e-16 
  897.000  1.568303e+00  9.259358e+00  1.216243e-16 
  898.000  1.383497e+00  8.841181e+00  2.286225e-16 
  899.000  1.005304e+00  7.811772e+00  1.869215e-17 
  900.000  1.016303e+00  7.718577e+00 -2.266252e-17 
  901.000  9.243929e-01  7.318581e+00  4.232506e-17 
  902.000  9.411870e-01  7.239662e+00  4.307338e-17 
  903.000  1.686179e+00  9.320024e+00  1.405610e-17 
  904.000  2.318387e+00  1.067196e+01 -1.668068e-16 
  905.000  2.321499e+00  1.060850e+01  2.870292e-16 
  906.000  1.891473e+00  9.555921e+00 -1.693028e-16 
  907.000  1.362800e+00  8.477642e+00  1.546582e-16 
  908.000  1.048669e+00  7.519444e+00 -2.458932e-17 
  909.000  1.035336e+00  7.395374e+00 -8.553820e-17 
  910.000  1.084793e+00  7.569053e+00  5.984120e-17 
  911.000  1.263725e+00  7.997194e+00 -2.022120e-17 
  912.000  1.181967e+00  7.778643e+00 -1.007092e-16 
  913.000  8.899922e-01  7.036801e+00  4.027611e-17 
  914.000  1.036214e+00  7.415068e+00  1.379176e-18 
  915.000  1.164070e+00  7.645430e+00  4.057650e-17 
  916.000  1.232886e+00  7.844344e+00 -2.712527e-17 
  917.000  1.317208e+00  7.936421e+00  9.110807e-17 
  918.000  1.450154e+00  8.178688e+00  1.086625e-17 
  919.000  1.991754e+00  9.307588e+00  1.495099e-16 
  920.000  2.467075e+00  1.008715e+01 -5.988944e-17 
  921.000  2.335017e+00  9.681085e+00  4.060478e-17 
  922.000  2.319225e+00  9.572539e+00 -8.121046e-17 
  923.000  2.104659e+00  8.935639e+00 -2.362833e-16 
  924.000  1.902547e+00  8.763723e+00 -1.040383e-16 
  925.000  1.877152e+00  8.788336e+00  2.095935e-17 
  926.000  1.725830e+00  8.356851e+00 -2.361675e-17 
  927.000  1.437097e+00  7.995903e+00  2.903272e-16 
  928.000  1.019853e+00  7.110717e+00  3.642496e-17 
  929.000  6.064411e-01  5.903250e+00 -1.749561e-17 
  930.000  3.158749e-01  4.823238e+00 -3.896506e-17 
  931.000  1.475662e-01  3.940160e+00 -4.684312e-17 
  932.000  3.901689e-02  2.970602e+00 -1.543324e-17 
  933.000  1.575851e-02  2.504687e+00 -6.235015e-18 
  934.000  6.164403e-03  2.103641e+00 -1.476422e-17 
  935.000  5.085980e-03  2.016516e+00 -5.090030e-18 
  936.000  6.710372e-03  2.108353e+00  2.678192e-18 
  937.000  6.948485e-03  2.140066e+00  1.713634e-18 
  938.000  2.138768e-02  2.570161e+00 -2.109950e-19 
  939.000  1.655286e-01  4.185161e+00 -3.869348e-19 
  940.000  2.236261e-01  4.527510e+00  1.244188e-17 
  941.000  1.835549e-01  4.151842e+00 -1.205797e-17 
  942.000  1.039676e-01  3.417559e+00  3.401587e-17 
  943.000  4.045986e-02  2.825028e+00 -7.993466e-18 
  944.000  3.499402e-02  2.682671e+00  4.952447e-18 
  945.000  4.914755e-02  2.922256e+00 -3.236041e-18 
  946.000  5.349604e-02  2.988604e+00  1.331672e-17 
  947.000  7.980691e-02  3.237058e+00 -4.097748e-17 
  948.000  1.000888e-01  3.420443e+00  4.424377e-18 
  949.000  1.038006e-01  3.429795e+00  1.023843e-17 
  950.000  1.108316e-01  3.453129e+00  6.290618e-18 
  951.000  1.676770e-01  3.828226e+00  5.159141e-17 
  952.000  1.193208e-01  3.444585e+00  1.169352e-17 
  953.000  1.686457e-01  3.742832e+00  9.172408e-18 
  954.000  2.410325e-01  4.082862e+00  5.658018e-17 
  955.000  1.893803e-01  3.578368e+00  1.053246e-18 
  956.000  2.132571e-01  3.812986e+00 -9.742340e-19 
  957.000  4.690254e-01  4.855306e+00  1.048475e-17 
  958.000  5.495641e-01  5.099370e+00 -1.324855e-17 
  959.000  5.162521e-01  4.942621e+00  5.283483e-17 
  960.000  5.143629e-01  4.862031e+00  3.810884e-17 
  961.000  4.955269e-01  4.729165e+00 -1.091706e-17 
  962.000  5.414581e-01  4.859751e+00  1.185458e-17 
  963.000  8.106470e-01  5.608254e+00  5.398256e-17 
  964.000  8.674892e-01  5.680381e+00  1.472302e-16 
  965.000  8.708096e-01  5.688386e+00  1.474467e-17 
  966.000  8.884208e-01  5.590041e+00  8.690420e-17 
  967.000  1.235004e+00  6.445349e+00 -1.312894e-18 
  968.000  1.989874e+00  7.701935e+00 -5.191957e-17 
  969.000  2.474926e+00  8.448112e+00  8.652207e-17 
  970.000  2.536924e+00  8.519050e+00  4.103664e-16 
  971.000  2.515556e+00  8.419647e+00 -2.082744e-16 
  972.000  2.400496e+00  8.259462e+00  2.013633e-16 
  973.000  2.093383e+00  7.730426e+00 -3.560473e-17 
  974.000  1.758811e+00  7.113418e+00  7.241521e-17 
  975.000  1.594566e+00  6.839782e+00 -4.040837e-17 
  976.000  1.843006e+00  7.286242e+00 -3.380417e-17 
  977.000  2.217181e+00  7.732485e+00  3.300660e-17 
  978.000  2.261504e+00  7.875630e+00 -2.033112e-16 
  979.000  2.343056e+00  7.831698e+00  3.668602e-17 
  980.000  2.912960e+00  8.703734e+00 -3.769230e-18 
  981.000  3.088268e+00  8.957726e+00 -3.744746e-17 
  982.000  2.987708e+00  8.756883e+00  1.474050e-16 
  983.000  3.318738e+00  9.189860e+00 -2.011724e-16 
  984.000  3.706769e+00  9.637380e+00  4.405203e-16 
  985.000  3.980747e+00  9.913663e+00 -1.827803e-17 
  986.000  4.300833e+00  1.015861e+01  3.501214e-16 
  987.000  4.516302e+00  1.040446e+01 -3.033716e-16 
  988.000  4.514501e+00  1.030095e+01 -8.275086e-16 
  989.000  4.496027e+00  1.018173e+01  1.865241e-16 
  990.000  4.583076e+00  1.028916e+01  7.138890e-16 
  991.000  4.752217e+00  1.046708e+01  1.706829e-16 
  992.000  4.990196e+00  1.042428e+01  0.000000e+00 
  993.000  5.014605e+00  1.042518e+01  1.055296e-15 
  994.000  5.134728e+00  1.054357e+01 -6.017065e-16 
  995.000  5.167216e+00  1.051492e+01 -1.990635e-16 
  996.000  5.175938e+00  1.049728e+01 -4.552020e-16 
  997.000  5.161891e+00  1.046714e+01 -8.256423e-16 
  998.000  5.093670e+00  1.034297e+01 -9.927195e-16 
  999.000  5.096363e+00  1.032788e+01 -1.839367e-15 
 1000.000  5.054162e+00  1.020059e+01 -8.140842e-16 
 1001.000  4.771961e+00  1.014273e+01  7.919786e-16 
 1002.000  4.596557e+00  9.962384e+00 -1.715688e-16 
 1003.000  4.594258e+00  9.869410e+00  1.042096e-15 
 1004.000  4.665252e+00  9.859188e+00 -1.218444e-16 
 1005.000  4.408424e+00  9.231905e+00 -4.555087e-16 
 1006.000  4.884964e+00  9.737922e+00 -1.385385e-15 
 1007.000  4.717057e+00  9.843206e+00  9.245137e-16 
 1008.000  4.601957e+00  9.750047e+00  8.400023e-18 
 1009.000  4.383155e+00  9.504517e+00  2.767112e-16 
 1010.000  4.496686e+00  9.603352e+00  2.912805e-16 
 1011.000  4.685694e+00  9.709546e+00  6.964013e-17 
 1012.000  5.004382e+00  9.789104e+00 -1.652486e-16 
 1013.000  5.034821e+00  9.765313e+00  1.915020e-16 
 1014.000  5.073970e+00  9.791971e+00 -3.854243e-16 
 1015.000  4.991262e+00  9.599371e+00 -5.946099e-16 
 1016.000  5.059653e+00  9.677855e+00  4.080011e-16 
 1017.000  5.033722e+00  9.585665e+00 -1.884426e-16 
 1018.000  5.065909e+00  9.649348e+00 -1.009523e-15 
 1019.000  4.912821e+00  9.384102e+00  1.146787e-15 
 1020.000  4.930233e+00  9.370877e+00  0.000000e+00 
 1021.000  5.008929e+00  9.455647e+00  0.000000e+00 
 1022.000  4.877968e+00  9.249993e+00 -7.678855e-16 
 1023.000  4.676906e+00  9.321426e+00 -3.889176e-16 
 1024.000  4.613214e+00  9.220368e+00 -7.087954e-18 
 1025.000  4.967694e+00  9.331903e+00  2.417631e-16 
 1026.000  5.005131e+00  9.335333e+00  1.154749e-15 
 1027.000  4.978596e+00  9.276859e+00  1.174869e-15 
 1028.000  4.984075e+00  9.252367e+00  7.491329e-16 
 1029.000  4.943234e+00  9.116314e+00  0.000000e+00 
 1030.000  5.029004e+00  9.222289e+00 -1.728350e-15 
 1031.000  5.053673e+00  9.217669e+00  1.961157e-15 
 1032.000  5.041173e+00  9.171427e+00  2.113129e-16 
 1033.000  4.925569e+00  8.963510e+00  5.701693e-16 
 1034.000  4.976067e+00  9.048551e+00 -7.330803e-16 
 1035.000  4.919167e+00  8.936308e+00  2.073498e-16 
 1036.000  4.974731e+00  9.012016e+00 -1.836937e-16 
 1037.000  4.880005e+00  8.800440e+00  5.653194e-16 
 1038.000  4.946870e+00  8.882773e+00  1.815967e-16 
 1039.000  4.936283e+00  8.873179e+00 -7.556763e-16 
 1040.000  4.853054e+00  8.724744e+00 -5.666168e-16 
 1041.000  4.856951e+00  8.731794e+00 -3.884652e-16 
 1042.000  4.865032e+00  8.732183e+00  5.713872e-16 
 1043.000  4.780834e+00  8.560012e+00 -1.071766e-15 
 1044.000  4.809587e+00  8.606364e+00  5.671709e-16 
 1045.000  4.730747e+00  8.498241e+00 -7.704835e-16 
 1046.000  4.555913e+00  8.197643e+00  1.745312e-16 
 1047.000  4.593671e+00  8.284936e+00 -1.905551e-16 
 1048.000  4.609021e+00  8.292810e+00  3.721863e-16 
 1049.000  4.543321e+00  8.160433e+00 -1.282106e-17 
 1050.000  4.479114e+00  8.054689e+00 -9.261217e-16 
 1051.000  4.422481e+00  7.985509e+00  3.808651e-16 
 1052.000  4.350681e+00  7.880177e+00  1.270154e-17 
 1053.000  4.299211e+00  7.819376e+00  3.540037e-16 
 1054.000  4.204935e+00  7.674026e+00  1.626906e-16 
 1055.000  4.167443e+00  7.647861e+00 -3.786789e-16 
 1056.000  4.087141e+00  7.542295e+00  5.541312e-16 
 1057.000  4.000559e+00  7.429331e+00 -1.761641e-16 
 1058.000  3.868673e+00  7.251684e+00 -2.507971e-17 
 1059.000  3.693715e+00  6.944956e+00 -7.976574e-16 
 1060.000  3.814549e+00  7.165422e+00 -8.131058e-16 
 1061.000  3.649857e+00  6.866907e+00 -2.656576e-16 
 1062.000  3.714657e+00  7.005492e+00  9.945192e-17 
 1063.000  3.626076e+00  6.839614e+00  9.045209e-16 
 1064.000  3.635243e+00  6.876773e+00 -2.726882e-16 
 1065.000  3.608193e+00  6.846900e+00  1.734381e-16 
 1066.000  3.505290e+00  6.628170e+00  8.404920e-17 
 1067.000  3.603491e+00  6.793382e+00 -2.583039e-16 
 1068.000  3.350753e+00  6.686199e+00  3.897785e-16 
 1069.000  3.114902e+00  6.206632e+00  4.910962e-17 
 1070.000  3.363818e+00  6.631372e+00 -2.011784e-16 
 1071.000  3.372653e+00  6.655431e+00  7.201186e-17 
 1072.000  3.377188e+00  6.678331e+00 -4.643654e-17 
 1073.000  3.302083e+00  6.491344e+00 -1.745204e-16 
 1074.000  3.478050e+00  6.770106e+00  3.156752e-16 
 1075.000  3.497747e+00  6.657426e+00  2.047554e-16 
 1076.000  3.567142e+00  6.803134e+00 -3.806692e-16 
 1077.000  3.528715e+00  6.769937e+00  1.829157e-16 
 1078.000  3.488133e+00  6.753668e+00  1.491246e-16 
 1079.000  3.376688e+00  6.511180e+00 -1.626884e-16 
 1080.000  3.262727e+00  6.525830e+00  1.213772e-16 
 1081.000  3.157338e+00  6.293826e+00  9.270388e-17 
 1082.000  3.326012e+00  6.479261e+00 -4.392394e-16 
 1083.000  3.133241e+00  6.212081e+00  2.639580e-16 
 1084.000  3.139766e+00  6.335909e+00 -1.831170e-16 
 1085.000  2.849469e+00  5.983588e+00  2.402185e-16 
 1086.000  2.959999e+00  6.132547e+00  8.934200e-17 
 1087.000  3.087273e+00  6.060364e+00 -2.031999e-16 
 1088.000  3.310865e+00  6.451807e+00 -1.522353e-16 
 1089.000  2.821949e+00  5.834886e+00 -2.119873e-16 
 1090.000  2.828550e+00  5.897491e+00  1.706512e-16 
 1091.000  2.915509e+00  6.002527e+00 -1.509570e-16 
 1092.000  2.692766e+00  5.696226e+00 -1.063279e-16 
 1093.000  2.334256e+00  5.285753e+00 -4.492995e-17 
 1094.000  2.008098e+00  4.686113e+00 -1.869858e-16 
 1095.000  2.192028e+00  5.086752e+00  7.757311e-17 
 1096.000  2.185660e+00  5.068808e+00 -1.890363e-16 
 1097.000  2.085476e+00  4.929684e+00 -1.413781e-16 
 1098.000  1.431037e+00  4.184469e+00  5.989611e-17 
 1099.000  1.035194e+00  3.669294e+00  6.019882e-17 
 1100.000  1.072556e+00  3.757982e+00  3.643064e-17 
