  400.000  3.943611e+02  3.199149e+02 -7.356108e-14 
  401.000  3.935861e+02  3.157853e+02  5.829285e-14 
  402.000  4.188049e+02  3.323608e+02 -8.248551e-15 
  403.000  3.938034e+02  3.091410e+02 -1.385133e-14 
  404.000  4.248310e+02  3.299171e+02 -9.066389e-14 
  405.000  3.910795e+02  3.004651e+02 -5.625300e-14 
  406.000  3.895832e+02  2.961449e+02  1.191292e-14 
  407.000  3.808305e+02  2.864464e+02 -1.586740e-13 
  408.000  4.140680e+02  3.081923e+02 -5.233845e-16 
  409.000  4.599553e+02  3.387923e+02  1.120157e-13 
  410.000  3.858887e+02  2.813047e+02  4.117301e-14 
  411.000  4.547013e+02  3.280701e+02 -1.356050e-13 
  412.000  4.727310e+02  3.376037e+02  6.481341e-14 
  413.000  4.480451e+02  3.167382e+02 -9.209033e-14 
  414.000  4.411523e+02  3.087227e+02 -5.332524e-14 
  415.000  4.720147e+02  3.270253e+02 -4.704261e-14 
  416.000  4.706191e+02  3.228228e+02  2.302034e-14 
  417.000  4.577158e+02  3.108749e+02 -1.636579e-15 
  418.000  4.491206e+02  3.020468e+02  5.240042e-14 
  419.000  4.615171e+02  3.073587e+02 -2.216123e-14 
  420.000  3.917965e+02  2.583994e+02 -4.093805e-15 
  421.000  4.923174e+02  3.215727e+02 -3.305475e-14 
  422.000  4.731058e+02  3.060727e+02  1.557006e-13 
  423.000  4.007082e+02  2.567759e+02 -5.956327e-15 
  424.000  4.420007e+02  2.805653e+02 -4.976826e-14 
  425.000  4.590455e+02  2.886488e+02 -3.581719e-14 
  426.000  4.424793e+02  2.756351e+02 -1.174664e-13 
  427.000  4.267686e+02  2.633824e+02 -8.210504e-14 
  428.000  4.332941e+02  2.649439e+02 -1.036359e-13 
  429.000  3.952367e+02  2.394581e+02  3.673212e-14 
  430.000  3.162118e+02  1.898336e+02 -3.897701e-14 
  431.000  2.850334e+02  1.695662e+02  4.899760e-14 
  432.000  5.143672e+02  3.032408e+02 -5.659126e-14 
  433.000  4.590110e+02  2.681831e+02 -9.002305e-14 
  434.000  4.373550e+02  2.532561e+02  6.696019e-14 
  435.000  4.770016e+02  2.737700e+02 -1.226997e-14 
  436.000  5.302088e+02  3.016297e+02 -1.698453e-14 
  437.000  5.366111e+02  3.026000e+02  8.552888e-15 
  438.000  4.818328e+02  2.693445e+02 -1.502595e-13 
  439.000  4.673542e+02  2.589903e+02 -8.457953e-14 
  440.000  5.250251e+02  2.884423e+02 -5.332439e-14 
  441.000  5.245222e+02  2.856952e+02 -1.968001e-13 
  442.000  5.536773e+02  2.990007e+02  2.470479e-14 
  443.000  5.586252e+02  2.991088e+02  8.657995e-15 
  444.000  5.562213e+02  2.953012e+02 -1.315756e-13 
  445.000  5.863518e+02  3.086717e+02  1.801761e-14 
  446.000  5.230507e+02  2.730304e+02 -4.801570e-14 
  447.000  5.978401e+02  3.094803e+02  2.130359e-13 
  448.000  6.091488e+02  3.127696e+02  2.252974e-13 
  449.000  6.146626e+02  3.130592e+02 -7.727398e-14 
  450.000  6.294402e+02  3.180120e+02  3.529010e-14 
  451.000  6.817000e+02  3.416525e+02 -5.097892e-14 
  452.000  6.350464e+02  3.157220e+02 -3.907831e-13 
  453.000  5.907036e+02  2.913318e+02 -6.773378e-14 
  454.000  6.310499e+02  3.087547e+02  1.056862e-14 
  455.000  6.367224e+02  3.090620e+02 -3.370174e-14 
  456.000  6.534103e+02  3.146552e+02  1.346622e-13 
  457.000  6.583342e+02  3.145381e+02  6.084745e-14 
  458.000  6.479861e+02  3.071755e+02  2.575349e-14 
  459.000  6.491191e+02  3.053171e+02 -2.778082e-13 
  460.000  6.446631e+02  3.008741e+02 -9.310825e-15 
  461.000  6.692630e+02  3.099498e+02  2.055423e-14 
  462.000  6.595542e+02  3.031101e+02 -1.683187e-13 
  463.000  6.608995e+02  3.014088e+02  2.960293e-14 
  464.000  6.642917e+02  3.006664e+02 -1.266895e-15 
  465.000  6.557704e+02  2.945749e+02 -3.470106e-14 
  466.000  6.777354e+02  3.021567e+02  8.358652e-14 
  467.000  6.549382e+02  2.898062e+02  1.572361e-13 
  468.000  6.944307e+02  3.049740e+02  2.291222e-13 
  469.000  6.893394e+02  3.004551e+02  3.726470e-14 
  470.000  6.807710e+02  2.944739e+02  7.085752e-14 
  471.000  6.804025e+02  2.920739e+02 -2.273241e-14 
  472.000  6.895222e+02  2.937278e+02  5.485430e-14 
  473.000  6.827236e+02  2.885971e+02 -2.584062e-14 
  474.000  6.888612e+02  2.889436e+02 -7.622690e-14 
  475.000  7.171674e+02  2.984212e+02  1.136335e-13 
  476.000  6.953699e+02  2.869767e+02  1.172168e-13 
  477.000  6.893635e+02  2.822461e+02 -5.458429e-14 
  478.000  7.245389e+02  2.946524e+02 -8.440518e-14 
  479.000  6.930280e+02  2.801192e+02 -6.514917e-14 
  480.000  7.081526e+02  2.845378e+02  3.727485e-14 
  481.000  7.051695e+02  2.816090e+02  2.069186e-13 
  482.000  7.211749e+02  2.861899e+02 -8.421999e-15 
  483.000  7.230636e+02  2.850885e+02  1.378585e-13 
  484.000  6.962427e+02  2.727018e+02  9.317814e-15 
  485.000  7.023016e+02  2.732369e+02  1.330024e-13 
  486.000  5.701752e+02  2.203456e+02 -8.597511e-15 
  487.000  6.416999e+02  2.463248e+02  5.086601e-15 
  488.000  6.976552e+02  2.660103e+02  1.719969e-14 
  489.000  6.493621e+02  2.459431e+02 -8.834938e-14 
  490.000  7.402047e+02  2.784846e+02 -6.542976e-14 
  491.000  6.934916e+02  2.591754e+02  0.000000e+00 
  492.000  6.672179e+02  2.477024e+02 -9.874767e-14 
  493.000  7.194487e+02  2.653306e+02  1.063012e-14 
  494.000  6.958359e+02  2.549334e+02  5.305456e-14 
  495.000  7.447110e+02  2.710545e+02  1.344908e-13 
  496.000  7.260661e+02  2.625391e+02  1.258955e-15 
  497.000  7.050691e+02  2.532885e+02 -2.179541e-13 
  498.000  6.891373e+02  2.459626e+02 -8.410603e-14 
  499.000  6.881863e+02  2.440373e+02 -9.800110e-14 
  500.000  6.858610e+02  2.416498e+02 -1.526619e-14 
  501.000  6.711597e+02  2.349543e+02  5.566129e-14 
  502.000  6.674304e+02  2.321592e+02 -3.419569e-14 
  503.000  7.079219e+02  2.446815e+02 -6.094378e-14 
  504.000  6.592949e+02  2.264334e+02  3.254237e-14 
  505.000  7.117955e+02  2.429234e+02 -3.264805e-14 
  506.000  7.628238e+02  2.587194e+02 -6.980839e-14 
  507.000  7.105136e+02  2.394868e+02 -4.925065e-14 
  508.000  6.821188e+02  2.285009e+02  8.632188e-15 
  509.000  7.363318e+02  2.451494e+02  2.415117e-14 
  510.000  7.142024e+02  2.363280e+02  5.276551e-14 
  511.000  7.151214e+02  2.351895e+02 -2.696008e-14 
  512.000  7.512911e+02  2.455849e+02  0.000000e+00 
  513.000  6.882666e+02  2.236237e+02 -9.126841e-14 
  514.000  6.744669e+02  2.178211e+02 -5.036457e-15 
  515.000  6.892126e+02  2.212493e+02  5.665748e-14 
  516.000  7.245839e+02  2.312112e+02  5.945817e-14 
  517.000  5.341728e+02  1.694316e+02  4.199010e-14 
  518.000  6.618517e+02  2.086775e+02 -3.062799e-14 
  519.000  6.275267e+02  1.966800e+02 -1.336098e-13 
  520.000  6.914186e+02  2.154240e+02  1.709678e-14 
  521.000  6.923141e+02  2.144298e+02  6.380039e-14 
  522.000  7.202866e+02  2.217765e+02  1.657407e-14 
  523.000  6.714245e+02  2.055074e+02 -3.197360e-14 
  524.000  7.289402e+02  2.217977e+02  8.247960e-14 
  525.000  7.235604e+02  2.188645e+02  3.438276e-14 
  526.000  6.900084e+02  2.075011e+02  2.314451e-14 
  527.000  6.031185e+02  1.803143e+02  4.042358e-14 
  528.000  7.247647e+02  2.154238e+02  8.406963e-14 
  529.000  7.457689e+02  2.203846e+02  3.530885e-14 
  530.000  7.050916e+02  2.071654e+02 -3.451163e-14 
  531.000  7.679324e+02  2.243379e+02 -2.690945e-14 
  532.000  7.330497e+02  2.129346e+02 -1.014510e-13 
  533.000  6.443214e+02  1.861169e+02 -5.290225e-14 
  534.000  7.012146e+02  2.014440e+02  3.414763e-14 
  535.000  7.160434e+02  2.045961e+02  1.072789e-13 
  536.000  7.604249e+02  2.161091e+02  9.526813e-14 
  537.000  7.060532e+02  1.995755e+02  1.595032e-14 
  538.000  7.396550e+02  2.079431e+02  3.456155e-14 
  539.000  7.377641e+02  2.062903e+02 -1.275809e-13 
  540.000  7.225280e+02  2.009386e+02  4.757055e-14 
  541.000  6.630288e+02  1.833983e+02 -4.358885e-14 
  542.000  7.401442e+02  2.036283e+02  1.778476e-14 
  543.000  7.084871e+02  1.938737e+02  8.158482e-14 
  544.000  7.478010e+02  2.035355e+02  2.568115e-14 
  545.000  7.371732e+02  1.995707e+02  1.182074e-15 
  546.000  7.212756e+02  1.942266e+02  2.009315e-14 
  547.000  7.524398e+02  2.015448e+02  2.454921e-14 
  548.000  6.986281e+02  1.861422e+02 -6.942168e-14 
  549.000  7.357610e+02  1.950041e+02  1.229087e-14 
  550.000  7.201696e+02  1.898690e+02 -6.276044e-15 
  551.000  7.162997e+02  1.878558e+02  3.179878e-14 
  552.000  7.478501e+02  1.951038e+02 -6.103000e-14 
  553.000  7.191879e+02  1.866456e+02  8.541648e-15 
  554.000  7.433394e+02  1.919082e+02 -5.939089e-14 
  555.000  7.460876e+02  1.916174e+02  6.075368e-14 
  556.000  7.261531e+02  1.855315e+02 -7.630505e-14 
  557.000  7.051888e+02  1.792414e+02 -7.406280e-14 
  558.000  7.325746e+02  1.852397e+02  4.104389e-14 
  559.000  6.929957e+02  1.743273e+02 -1.640239e-14 
  560.000  6.965624e+02  1.743183e+02  6.481914e-14 
  561.000  7.660920e+02  1.907256e+02  1.148816e-14 
  562.000  7.035062e+02  1.742058e+02  9.437334e-15 
  563.000  7.364734e+02  1.814202e+02 -5.981213e-14 
  564.000  7.264752e+02  1.780172e+02  8.593818e-15 
  565.000  7.352985e+02  1.792090e+02 -9.868728e-15 
  566.000  6.782423e+02  1.644404e+02 -2.996410e-14 
  567.000  7.272062e+02  1.752847e+02  2.356316e-14 
  568.000  7.232718e+02  1.730305e+02 -1.726841e-14 
  569.000  7.035739e+02  1.667563e+02  1.594176e-14 
  570.000  7.083664e+02  1.671190e+02  1.553638e-14 
  571.000  6.872446e+02  1.617702e+02  0.000000e+00 
  572.000  7.227682e+02  1.687654e+02  2.018802e-14 
  573.000  7.315771e+02  1.699965e+02 -1.181546e-15 
  574.000  7.280980e+02  1.683739e+02  7.596529e-15 
  575.000  7.103655e+02  1.634042e+02  2.396692e-14 
  576.000  6.979401e+02  1.597376e+02  0.000000e+00 
  577.000  7.288554e+02  1.661743e+02  5.129057e-14 
  578.000  7.098328e+02  1.612848e+02  0.000000e+00 
  579.000  7.066826e+02  1.599981e+02  7.214063e-14 
  580.000  7.335357e+02  1.654818e+02  7.449482e-14 
  581.000  7.234908e+02  1.627335e+02 -4.243002e-14 
  582.000  7.367202e+02  1.651067e+02  2.349147e-14 
  583.000  7.435859e+02  1.659501e+02 -2.478967e-14 
  584.000  7.427977e+02  1.650701e+02 -5.168572e-14 
  585.000  7.391417e+02  1.635253e+02  1.145736e-15 
  586.000  7.085966e+02  1.560731e+02  4.688524e-14 
  587.000  7.353529e+02  1.609382e+02 -8.795202e-14 
  588.000  7.209109e+02  1.562485e+02  1.951012e-14 
  589.000  6.287465e+02  1.348656e+02  8.429398e-15 
  590.000  6.564540e+02  1.401329e+02  3.969146e-14 
  591.000  7.065790e+02  1.506846e+02 -1.189097e-14 
  592.000  6.894162e+02  1.460731e+02  1.162012e-14 
  593.000  7.066959e+02  1.497519e+02 -1.613875e-14 
  594.000  7.117689e+02  1.499694e+02 -5.524971e-15 
  595.000  6.922736e+02  1.447502e+02  4.878261e-15 
  596.000  7.194898e+02  1.504752e+02 -3.133080e-14 
  597.000  7.201609e+02  1.497729e+02 -1.621485e-14 
  598.000  7.097694e+02  1.472939e+02  3.865104e-15 
  599.000  7.120567e+02  1.472716e+02 -3.241496e-14 
  600.000  7.160269e+02  1.477425e+02  8.209315e-15 
  601.000  7.148250e+02  1.471743e+02 -1.074831e-13 
  602.000  7.082513e+02  1.452904e+02  3.005479e-14 
  603.000  7.140204e+02  1.459446e+02 -6.742056e-14 
  604.000  7.381207e+02  1.503029e+02 -5.502050e-14 
  605.000  7.374821e+02  1.495692e+02 -6.922735e-14 
  606.000  7.298627e+02  1.473951e+02  8.590268e-14 
  607.000  7.266685e+02  1.461258e+02 -1.239800e-13 
  608.000  7.248849e+02  1.451449e+02 -1.294097e-13 
  609.000  7.182847e+02  1.432081e+02 -8.998716e-14 
  610.000  7.076041e+02  1.404763e+02  0.000000e+00 
  611.000  7.199259e+02  1.423125e+02 -4.601638e-14 
  612.000  7.113646e+02  1.400203e+02  2.163428e-14 
  613.000  7.017498e+02  1.375381e+02  9.044898e-14 
  614.000  6.771418e+02  1.321483e+02  2.153247e-14 
  615.000  7.103336e+02  1.380358e+02 -1.468301e-14 
  616.000  6.760848e+02  1.308204e+02 -9.220084e-14 
  617.000  6.805635e+02  1.311238e+02 -4.509827e-14 
  618.000  7.132820e+02  1.368371e+02 -3.828600e-14 
  619.000  7.072831e+02  1.350988e+02 -9.505347e-14 
  620.000  7.182410e+02  1.365964e+02 -2.266145e-14 
  621.000  7.310438e+02  1.384234e+02 -5.305802e-14 
  622.000  6.928290e+02  1.306098e+02  2.842392e-14 
  623.000  6.984883e+02  1.310887e+02 -5.934678e-14 
  624.000  6.995003e+02  1.306957e+02 -1.536665e-14 
  625.000  6.807505e+02  1.266262e+02  5.472034e-15 
  626.000  6.839784e+02  1.266124e+02 -1.132118e-13 
  627.000  6.927289e+02  1.273172e+02 -7.674559e-15 
  628.000  6.700816e+02  1.216261e+02 -1.254001e-14 
  629.000  6.953450e+02  1.262083e+02 -4.481517e-15 
  630.000  6.751906e+02  1.222618e+02  2.045879e-14 
  631.000  7.029695e+02  1.269521e+02  0.000000e+00 
  632.000  6.542742e+02  1.175722e+02 -2.642588e-14 
  633.000  7.068837e+02  1.268666e+02  7.755582e-15 
  634.000  6.880439e+02  1.231491e+02 -2.899888e-14 
  635.000  7.019245e+02  1.251651e+02 -1.525707e-14 
  636.000  6.788542e+02  1.206635e+02 -6.361762e-15 
  637.000  7.028495e+02  1.245036e+02  2.171773e-14 
  638.000  7.163923e+02  1.265989e+02 -1.534785e-14 
  639.000  7.116274e+02  1.252884e+02  2.280949e-14 
  640.000  6.910202e+02  1.212848e+02  2.205275e-14 
  641.000  7.019517e+02  1.227330e+02  1.390317e-14 
  642.000  6.949767e+02  1.211146e+02 -2.842105e-14 
  643.000  7.069923e+02  1.226181e+02 -4.190566e-14 
  644.000  6.996831e+02  1.208855e+02  3.598695e-14 
  645.000  7.049612e+02  1.211526e+02 -2.140902e-14 
  646.000  6.726594e+02  1.146578e+02  2.665744e-14 
  647.000  6.780754e+02  1.148359e+02  3.403606e-15 
  648.000  6.725140e+02  1.131839e+02 -4.001492e-15 
  649.000  6.908484e+02  1.160630e+02  7.491091e-16 
  650.000  6.485321e+02  1.090837e+02 -5.223414e-14 
  651.000  6.991717e+02  1.171494e+02  5.160169e-14 
  652.000  6.789913e+02  1.128313e+02 -6.087727e-15 
  653.000  7.017823e+02  1.167804e+02 -4.909237e-15 
  654.000  6.922562e+02  1.146820e+02 -1.233982e-14 
  655.000  6.715648e+02  1.106111e+02 -6.176769e-16 
  656.000  5.715150e+02  9.383942e+01  6.920494e-15 
  657.000  6.119230e+02  1.002035e+02 -1.373907e-14 
  658.000  6.849565e+02  1.119687e+02  9.391596e-15 
  659.000  6.886718e+02  1.122530e+02 -6.053590e-14 
  660.000  6.953055e+02  1.129810e+02  3.406815e-14 
  661.000  7.011118e+02  1.137229e+02 -1.345412e-14 
  662.000  7.126337e+02  1.152549e+02  0.000000e+00 
  663.000  7.051273e+02  1.135957e+02  9.674394e-16 
  664.000  6.947653e+02  1.115431e+02  1.134749e-14 
  665.000  6.986625e+02  1.117829e+02  9.548149e-16 
  666.000  7.080019e+02  1.128968e+02 -8.165249e-14 
  667.000  6.947476e+02  1.104012e+02 -2.350606e-14 
  668.000  6.996546e+02  1.108128e+02  2.742090e-14 
  669.000  7.104534e+02  1.121285e+02 -1.341778e-14 
  670.000  7.026267e+02  1.104989e+02  5.300263e-14 
  671.000  6.958795e+02  1.090525e+02 -5.241379e-14 
  672.000  6.942521e+02  1.084099e+02 -4.010178e-14 
  673.000  6.998586e+02  1.088964e+02  4.131460e-14 
  674.000  7.018457e+02  1.088176e+02 -3.854145e-14 
  675.000  6.917424e+02  1.068713e+02 -2.684076e-14 
  676.000  7.054064e+02  1.085962e+02 -4.147782e-14 
  677.000  6.919548e+02  1.061488e+02  1.292722e-14 
  678.000  7.039877e+02  1.076141e+02  2.721548e-14 
  679.000  6.945377e+02  1.057894e+02 -5.364595e-14 
  680.000  6.893583e+02  1.045954e+02  1.469264e-14 
  681.000  6.903270e+02  1.043396e+02 -2.572820e-14 
  682.000  6.892315e+02  1.037957e+02 -4.034455e-14 
  683.000  6.941786e+02  1.041535e+02 -1.384686e-14 
  684.000  6.815649e+02  1.018428e+02 -1.269262e-14 
  685.000  6.900966e+02  1.027931e+02  0.000000e+00 
  686.000  6.583970e+02  9.758042e+01 -2.460980e-14 
  687.000  5.535869e+02  8.010725e+01  1.889386e-14 
  688.000  5.871434e+02  8.498959e+01  2.777801e-14 
  689.000  5.791880e+02  8.345374e+01  5.779421e-15 
  690.000  5.995672e+02  8.626074e+01  9.071100e-15 
  691.000  6.244023e+02  8.980092e+01 -6.608980e-15 
  692.000  6.327411e+02  9.085912e+01 -1.616261e-14 
  693.000  6.266583e+02  8.939619e+01  6.930895e-15 
  694.000  6.208463e+02  8.802879e+01  1.829995e-14 
  695.000  6.204287e+02  8.782378e+01 -4.315487e-15 
  696.000  6.340012e+02  8.955563e+01 -1.102069e-15 
  697.000  6.621990e+02  9.398801e+01 -4.207075e-15 
  698.000  6.445830e+02  9.097708e+01  8.887929e-15 
  699.000  6.325930e+02  8.838567e+01 -2.204988e-15 
  700.000  6.293220e+02  8.770148e+01 -8.296022e-15 
  701.000  6.102067e+02  8.465147e+01  1.973049e-14 
  702.000  6.112402e+02  8.457873e+01  1.505795e-14 
  703.000  6.397961e+02  8.871426e+01  1.640643e-14 
  704.000  6.427404e+02  8.884676e+01  3.915494e-14 
  705.000  6.396530e+02  8.789896e+01 -1.105573e-14 
  706.000  6.346970e+02  8.696595e+01  6.646350e-15 
  707.000  6.282375e+02  8.586825e+01 -1.656557e-14 
  708.000  6.499185e+02  8.862424e+01 -1.335881e-14 
  709.000  6.333515e+02  8.627195e+01 -2.232095e-15 
  710.000  6.413286e+02  8.685747e+01  6.632777e-16 
  711.000  6.420192e+02  8.687210e+01 -8.841677e-15 
  712.000  6.391454e+02  8.639768e+01  3.938884e-14 
  713.000  6.319192e+02  8.497080e+01 -7.001342e-16 
  714.000  6.411847e+02  8.587399e+01 -1.883318e-14 
  715.000  6.113039e+02  8.137740e+01  2.053758e-14 
  716.000  6.191723e+02  8.194036e+01  1.457680e-14 
  717.000  5.520386e+02  7.213995e+01  7.037823e-15 
  718.000  5.182676e+02  6.705880e+01  2.993839e-15 
  719.000  5.014702e+02  6.445227e+01  2.140835e-16 
  720.000  4.890344e+02  6.229849e+01  9.203924e-15 
  721.000  5.608453e+02  7.246997e+01  1.296766e-14 
  722.000  5.958541e+02  7.709455e+01 -9.597821e-15 
  723.000  5.794333e+02  7.452913e+01  5.857053e-15 
  724.000  5.401653e+02  6.879118e+01  3.249428e-15 
  725.000  5.404957e+02  6.868515e+01  3.317117e-15 
  726.000  5.377108e+02  6.809389e+01  8.514931e-16 
  727.000  5.518456e+02  6.974007e+01 -6.295669e-15 
  728.000  5.360826e+02  6.746082e+01  6.334666e-15 
  729.000  5.303840e+02  6.671896e+01 -1.802424e-15 
  730.000  5.473898e+02  6.862551e+01  6.079764e-15 
  731.000  5.352516e+02  6.687123e+01 -9.707048e-15 
  732.000  5.728086e+02  7.163074e+01  6.358529e-15 
  733.000  5.904103e+02  7.397376e+01 -5.711392e-16 
  734.000  6.157159e+02  7.717857e+01 -2.277786e-14 
  735.000  6.064636e+02  7.568402e+01 -9.693135e-15 
  736.000  5.871611e+02  7.289366e+01  1.352575e-16 
  737.000  6.013355e+02  7.453851e+01 -2.371089e-14 
  738.000  6.084799e+02  7.537941e+01 -1.016627e-14 
  739.000  5.925456e+02  7.326855e+01  1.248183e-15 
  740.000  6.063636e+02  7.497654e+01 -1.720518e-14 
  741.000  6.063252e+02  7.489085e+01 -1.686553e-15 
  742.000  5.984150e+02  7.375096e+01  1.908974e-14 
  743.000  6.203728e+02  7.636230e+01 -3.916018e-14 
  744.000  6.283511e+02  7.718767e+01 -1.197950e-14 
  745.000  6.136288e+02  7.520757e+01 -3.343402e-14 
  746.000  6.234304e+02  7.621859e+01 -2.206800e-14 
  747.000  6.335959e+02  7.723154e+01 -8.044830e-16 
  748.000  6.230335e+02  7.574834e+01 -1.020627e-14 
  749.000  6.238691e+02  7.563753e+01 -3.456832e-14 
  750.000  6.145735e+02  7.426469e+01 -2.322695e-14 
  751.000  6.133174e+02  7.389008e+01 -4.245083e-14 
  752.000  6.237764e+02  7.495815e+01  5.405836e-14 
  753.000  6.184061e+02  7.409964e+01  1.164399e-14 
  754.000  6.285284e+02  7.509286e+01 -3.151390e-14 
  755.000  6.252466e+02  7.447804e+01 -1.018089e-14 
  756.000  6.133341e+02  7.284216e+01  2.227726e-14 
  757.000  6.180849e+02  7.318665e+01 -3.326933e-14 
  758.000  6.162766e+02  7.271152e+01 -1.160239e-14 
  759.000  5.431895e+02  6.293150e+01  1.066008e-15 
  760.000  1.606917e+02  1.694876e+01 -3.346279e-16 
  761.000  1.336161e+02  1.385082e+01  1.683995e-16 
  762.000  3.185327e+02  3.487189e+01  2.533178e-15 
  763.000  2.611758e+02  2.821456e+01 -6.203587e-17 
  764.000  2.942244e+02  3.185291e+01 -6.763164e-16 
  765.000  3.734844e+02  4.089660e+01 -2.576713e-15 
  766.000  4.509893e+02  5.076393e+01  1.231862e-15 
  767.000  5.081254e+02  5.737860e+01 -4.011535e-16 
  768.000  5.630107e+02  6.373813e+01  2.869164e-14 
  769.000  5.839688e+02  6.630600e+01  4.756233e-15 
  770.000  5.923888e+02  6.730389e+01 -4.212393e-14 
  771.000  5.984785e+02  6.793944e+01  2.162165e-14 
  772.000  5.976243e+02  6.768170e+01 -1.113697e-14 
  773.000  5.959116e+02  6.730676e+01  4.361355e-14 
  774.000  6.030221e+02  6.792783e+01  2.240528e-14 
  775.000  5.809205e+02  6.526104e+01  2.083622e-14 
  776.000  6.053030e+02  6.781280e+01 -1.197293e-14 
  777.000  6.013427e+02  6.717484e+01  3.193650e-14 
  778.000  5.982621e+02  6.663402e+01  1.034146e-14 
  779.000  6.003473e+02  6.666972e+01  2.149657e-14 
  780.000  5.930542e+02  6.566662e+01  3.221606e-14 
  781.000  5.925861e+02  6.544174e+01 -2.266219e-14 
  782.000  5.998527e+02  6.605009e+01  2.070707e-14 
  783.000  5.859672e+02  6.433304e+01  3.106293e-14 
  784.000  5.891765e+02  6.448805e+01 -4.214398e-14 
  785.000  5.895571e+02  6.428397e+01  9.472261e-15 
  786.000  5.774241e+02  6.268637e+01 -4.659113e-15 
  787.000  5.814289e+02  6.277087e+01 -4.672080e-16 
  788.000  5.703472e+02  6.131268e+01 -9.864128e-15 
  789.000  5.647512e+02  6.027517e+01  3.053400e-14 
  790.000  5.583865e+02  5.940720e+01  9.666622e-15 
  791.000  5.573647e+02  5.917467e+01 -1.130032e-14 
  792.000  5.502556e+02  5.829720e+01  3.630038e-15 
  793.000  5.534996e+02  5.857919e+01 -1.878289e-14 
  794.000  5.555210e+02  5.887690e+01 -1.815471e-14 
  795.000  5.480466e+02  5.776693e+01  2.021729e-14 
  796.000  5.449942e+02  5.695378e+01  1.161486e-14 
  797.000  5.521750e+02  5.762813e+01 -6.588179e-15 
  798.000  5.606033e+02  5.856445e+01  7.420089e-15 
  799.000  5.584860e+02  5.812772e+01  1.718341e-15 
  800.000  5.384442e+02  5.573714e+01 -1.002457e-16 
  801.000  5.492773e+02  5.671815e+01  2.373249e-14 
  802.000  5.477797e+02  5.639320e+01 -3.494087e-15 
  803.000  5.409101e+02  5.555315e+01  2.227075e-16 
  804.000  5.486641e+02  5.626418e+01 -8.381006e-15 
  805.000  5.388522e+02  5.524879e+01 -6.395011e-15 
  806.000  5.566943e+02  5.701814e+01  1.860837e-15 
  807.000  5.536515e+02  5.655521e+01 -1.164554e-14 
  808.000  5.486454e+02  5.583551e+01  6.162715e-15 
  809.000  5.373513e+02  5.447361e+01  1.222147e-14 
  810.000  5.326906e+02  5.378848e+01 -6.809378e-15 
  811.000  5.363799e+02  5.389103e+01  1.417159e-14 
  812.000  5.279275e+02  5.275584e+01  4.773073e-15 
  813.000  5.175239e+02  5.143490e+01 -8.113886e-15 
  814.000  5.059413e+02  5.000503e+01  5.786625e-15 
  815.000  4.870152e+02  4.787323e+01  1.601486e-14 
  816.000  4.656090e+02  4.553112e+01 -2.573286e-15 
  817.000  4.694207e+02  4.578018e+01  5.079408e-15 
  818.000  4.680429e+02  4.553212e+01  4.418915e-15 
  819.000  4.611273e+02  4.478123e+01 -6.696106e-16 
  820.000  4.707841e+02  4.574011e+01  1.295665e-14 
  821.000  5.085717e+02  4.956143e+01  1.270419e-14 
  822.000  4.780272e+02  4.624765e+01  6.986678e-16 
  823.000  4.391427e+02  4.206821e+01 -4.667341e-15 
  824.000  4.847399e+02  4.658578e+01  1.087385e-15 
  825.000  5.093737e+02  4.914031e+01 -1.965039e-15 
  826.000  5.084449e+02  4.885923e+01 -4.762220e-15 
  827.000  5.036884e+02  4.822895e+01  1.485590e-14 
  828.000  4.861650e+02  4.625229e+01 -1.795030e-15 
  829.000  4.919688e+02  4.673591e+01  2.083876e-15 
  830.000  4.908697e+02  4.658344e+01 -5.894465e-15 
  831.000  4.838972e+02  4.582281e+01 -6.724326e-15 
  832.000  4.946448e+02  4.673308e+01  1.190496e-14 
  833.000  4.830610e+02  4.557180e+01 -6.381892e-16 
  834.000  4.947034e+02  4.661844e+01  1.639196e-14 
  835.000  5.041685e+02  4.754975e+01 -3.801411e-15 
  836.000  5.074792e+02  4.768359e+01  3.023132e-15 
  837.000  5.031331e+02  4.714908e+01  1.656817e-14 
  838.000  5.090880e+02  4.766813e+01 -3.033417e-15 
  839.000  4.956524e+02  4.634470e+01  3.386867e-15 
  840.000  5.099000e+02  4.757462e+01 -1.305753e-15 
  841.000  5.088427e+02  4.729305e+01 -1.675473e-15 
  842.000  5.080111e+02  4.714824e+01  7.751034e-15 
  843.000  5.098340e+02  4.733762e+01  1.233549e-14 
  844.000  5.037962e+02  4.672697e+01 -2.699779e-15 
  845.000  5.126328e+02  4.745881e+01  1.759600e-14 
  846.000  5.182680e+02  4.788119e+01 -3.127816e-14 
  847.000  5.017273e+02  4.627954e+01 -2.225538e-14 
  848.000  5.147578e+02  4.729960e+01 -1.543001e-14 
  849.000  5.160554e+02  4.730577e+01 -4.026412e-15 
  850.000  4.454465e+02  4.070034e+01  1.566261e-15 
  851.000  5.092965e+02  4.637820e+01 -2.064026e-15 
  852.000  4.901921e+02  4.452822e+01  2.292260e-14 
  853.000  4.977511e+02  4.516030e+01  1.136569e-14 
  854.000  4.001825e+02  3.621323e+01 -3.161019e-15 
  855.000  4.412638e+02  3.984524e+01  4.026682e-15 
  856.000  5.026174e+02  4.534454e+01  3.070841e-14 
  857.000  5.114647e+02  4.605730e+01  8.020783e-15 
  858.000  5.037772e+02  4.526700e+01  6.102332e-16 
  859.000  5.045837e+02  4.525981e+01 -8.490274e-15 
  860.000  5.005273e+02  4.479844e+01  8.410338e-15 
  861.000  5.006398e+02  4.469867e+01  0.000000e+00 
  862.000  4.993463e+02  4.448216e+01 -2.573801e-14 
  863.000  5.090304e+02  4.523225e+01 -7.925786e-15 
  864.000  5.082874e+02  4.506062e+01 -1.765203e-14 
  865.000  4.990562e+02  4.413757e+01 -8.360152e-15 
  866.000  4.187270e+02  3.694173e+01  2.154059e-14 
  867.000  4.459651e+02  3.924533e+01  7.467812e-15 
  868.000  4.837816e+02  4.246786e+01  8.680518e-15 
  869.000  4.771368e+02  4.178210e+01 -1.711692e-14 
  870.000  4.968839e+02  4.340144e+01  8.912085e-15 
  871.000  4.963247e+02  4.324676e+01 -3.440454e-14 
  872.000  4.945380e+02  4.298886e+01  8.862484e-15 
  873.000  4.965104e+02  4.304853e+01 -1.720264e-14 
  874.000  4.856667e+02  4.200159e+01 -1.566092e-14 
  875.000  4.812814e+02  4.151885e+01  8.047641e-15 
  876.000  4.852441e+02  4.175126e+01 -2.551533e-14 
  877.000  4.949322e+02  4.247617e+01  0.000000e+00 
  878.000  4.861151e+02  4.159694e+01  8.728325e-15 
  879.000  4.873002e+02  4.159455e+01  0.000000e+00 
  880.000  4.842188e+02  4.121266e+01  1.624226e-14 
  881.000  4.589710e+02  3.895930e+01 -7.148866e-15 
  882.000  4.842019e+02  4.099074e+01  4.356939e-15 
  883.000  4.734506e+02  3.999216e+01 -1.645436e-14 
  884.000  4.775905e+02  4.024629e+01  3.318420e-14 
  885.000  4.818923e+02  4.047490e+01  1.620333e-14 
  886.000  4.651237e+02  3.892348e+01  1.149278e-14 
  887.000  4.612711e+02  3.854379e+01 -4.158351e-15 
  888.000  4.751173e+02  3.960213e+01 -2.026863e-14 
  889.000  4.786532e+02  3.981153e+01 -3.217243e-14 
  890.000  4.764978e+02  3.950686e+01 -3.210052e-14 
  891.000  4.725339e+02  3.902478e+01  4.285018e-15 
  892.000  4.676102e+02  3.843505e+01 -6.366182e-15 
  893.000  4.389488e+02  3.575053e+01 -1.554703e-14 
  894.000  4.478135e+02  3.628508e+01  1.424342e-15 
  895.000  4.080643e+02  3.280134e+01 -3.688423e-15 
  896.000  4.054455e+02  3.240902e+01 -1.259672e-15 
  897.000  3.770534e+02  2.997575e+01 -3.720757e-16 
  898.000  3.689021e+02  2.920532e+01  2.936490e-15 
  899.000  3.444352e+02  2.700471e+01 -1.101162e-15 
  900.000  3.391665e+02  2.656127e+01  4.346975e-15 
  901.000  3.260734e+02  2.541163e+01 -6.924446e-16 
  902.000  3.212890e+02  2.499844e+01 -1.206106e-15 
  903.000  3.790139e+02  2.972597e+01  4.484540e-16 
  904.000  4.102122e+02  3.220858e+01 -5.619946e-15 
  905.000  4.083220e+02  3.198714e+01 -3.944844e-15 
  906.000  3.818326e+02  2.977857e+01  9.986383e-16 
  907.000  3.606473e+02  2.794181e+01  1.470801e-16 
  908.000  3.335706e+02  2.563510e+01 -9.287292e-16 
  909.000  3.285992e+02  2.519884e+01  1.613031e-15 
  910.000  3.351356e+02  2.566565e+01  2.996161e-16 
  911.000  3.456815e+02  2.650841e+01  1.865887e-15 
  912.000  3.409304e+02  2.604259e+01  2.910771e-15 
  913.000  3.247356e+02  2.448752e+01  2.598743e-15 
  914.000  3.345468e+02  2.531955e+01 -1.143604e-15 
  915.000  3.380089e+02  2.562172e+01  5.249626e-16 
  916.000  3.448318e+02  2.610439e+01 -2.516338e-15 
  917.000  3.446492e+02  2.607492e+01 -1.119731e-15 
  918.000  3.496097e+02  2.643654e+01 -3.261565e-16 
  919.000  3.774162e+02  2.857621e+01  1.401898e-15 
  920.000  3.916226e+02  2.966392e+01 -7.109275e-15 
  921.000  3.793530e+02  2.865546e+01  7.657913e-16 
  922.000  3.757099e+02  2.831550e+01 -8.034856e-15 
  923.000  3.554254e+02  2.670700e+01 -1.555145e-15 
  924.000  3.590930e+02  2.688014e+01  4.121941e-15 
  925.000  3.628546e+02  2.708672e+01  6.004072e-16 
  926.000  3.493392e+02  2.599249e+01 -2.111551e-15 
  927.000  3.487662e+02  2.581706e+01 -2.526497e-15 
  928.000  3.303204e+02  2.423999e+01 -6.199016e-16 
  929.000  2.972080e+02  2.143211e+01  4.588277e-16 
  930.000  2.618960e+02  1.847663e+01  3.825707e-16 
  931.000  2.253172e+02  1.565316e+01  1.903379e-16 
  932.000  1.784663e+02  1.222132e+01 -1.161539e-16 
  933.000  1.488813e+02  1.009267e+01  2.706686e-18 
  934.000  1.196077e+02  7.991614e+00 -2.225891e-16 
  935.000  1.148917e+02  7.645921e+00 -5.578159e-17 
  936.000  1.242736e+02  8.295320e+00 -5.288628e-17 
  937.000  1.245801e+02  8.288675e+00  1.106342e-16 
  938.000  1.551110e+02  1.042767e+01 -2.099689e-16 
  939.000  2.511828e+02  1.723697e+01 -3.876394e-16 
  940.000  2.655657e+02  1.833541e+01  4.124415e-16 
  941.000  2.467655e+02  1.688826e+01  4.470137e-16 
  942.000  2.077946e+02  1.403952e+01 -1.532094e-22 
  943.000  1.706695e+02  1.140596e+01  4.228041e-26 
  944.000  1.627465e+02  1.084139e+01 -2.082184e-18 
  945.000  1.805453e+02  1.202941e+01  2.165844e-16 
  946.000  1.841305e+02  1.224832e+01  6.719553e-25 
  947.000  1.986473e+02  1.322828e+01  2.281915e-16 
  948.000  2.092604e+02  1.393306e+01 -6.110455e-17 
  949.000  2.089483e+02  1.388589e+01  2.091848e-17 
  950.000  2.100779e+02  1.394009e+01 -2.077585e-17 
  951.000  2.301488e+02  1.532532e+01  8.160444e-16 
  952.000  2.078460e+02  1.374180e+01 -2.168883e-16 
  953.000  2.232620e+02  1.479085e+01  2.056669e-17 
  954.000  2.386170e+02  1.587316e+01 -3.863897e-16 
  955.000  2.101292e+02  1.389150e+01  3.670771e-16 
  956.000  2.215553e+02  1.461912e+01  1.988780e-16 
  957.000  2.661541e+02  1.786835e+01 -2.842876e-17 
  958.000  2.745654e+02  1.846924e+01 -9.362824e-16 
  959.000  2.681545e+02  1.792324e+01  8.430851e-16 
  960.000  2.636321e+02  1.756620e+01  4.665645e-16 
  961.000  2.572155e+02  1.707035e+01  8.420898e-16 
  962.000  2.621216e+02  1.739517e+01 -3.997283e-17 
  963.000  2.871935e+02  1.931920e+01 -1.598472e-16 
  964.000  2.877628e+02  1.936175e+01 -9.299114e-16 
  965.000  2.889792e+02  1.937814e+01 -1.704260e-15 
  966.000  2.821785e+02  1.890169e+01 -8.186283e-16 
  967.000  3.095626e+02  2.088558e+01 -1.466924e-15 
  968.000  3.383984e+02  2.294357e+01  8.168805e-16 
  969.000  3.555780e+02  2.411759e+01  1.627423e-15 
  970.000  3.574754e+02  2.420136e+01 -1.631798e-15 
  971.000  3.540047e+02  2.391358e+01 -1.526134e-15 
  972.000  3.522513e+02  2.372448e+01  5.629907e-15 
  973.000  3.393067e+02  2.276966e+01  1.462790e-15 
  974.000  3.226211e+02  2.156818e+01  3.111004e-16 
  975.000  3.169158e+02  2.111308e+01 -3.128127e-16 
  976.000  3.299276e+02  2.196690e+01  5.188829e-15 
  977.000  3.364948e+02  2.240239e+01 -2.029778e-16 
  978.000  3.436638e+02  2.283030e+01  5.262845e-15 
  979.000  3.376751e+02  2.240149e+01  4.668148e-16 
  980.000  3.581068e+02  2.378183e+01  2.189043e-15 
  981.000  3.642039e+02  2.416037e+01 -8.216429e-15 
  982.000  3.599938e+02  2.381052e+01 -2.542983e-15 
  983.000  3.672509e+02  2.429867e+01 -3.668029e-15 
  984.000  3.732620e+02  2.472463e+01  4.222292e-15 
  985.000  3.779551e+02  2.503865e+01  1.956799e-15 
  986.000  3.811098e+02  2.527896e+01  8.206542e-15 
  987.000  3.882325e+02  2.573858e+01  9.846349e-15 
  988.000  3.841232e+02  2.542156e+01  1.319678e-15 
  989.000  3.796897e+02  2.508050e+01 -1.552111e-14 
  990.000  3.836243e+02  2.529646e+01 -1.751409e-15 
  991.000  3.891089e+02  2.564214e+01 -7.633256e-15 
  992.000  3.860994e+02  2.539160e+01  6.387395e-15 
  993.000  3.863797e+02  2.535991e+01  2.235464e-14 
  994.000  3.904525e+02  2.561347e+01  0.000000e+00 
  995.000  3.890269e+02  2.549314e+01 -6.827380e-15 
  996.000  3.889799e+02  2.543466e+01 -3.412988e-15 
  997.000  3.885695e+02  2.533506e+01  3.874812e-15 
  998.000  3.861189e+02  2.509988e+01  0.000000e+00 
  999.000  3.848542e+02  2.495636e+01  9.961634e-15 
 1000.000  3.820950e+02  2.472972e+01 -3.369183e-15 
 1001.000  3.822720e+02  2.465544e+01 -3.413690e-15 
 1002.000  3.784443e+02  2.430005e+01 -1.260413e-14 
 1003.000  3.748538e+02  2.403045e+01 -7.849427e-16 
 1004.000  3.736425e+02  2.393299e+01 -3.545769e-15 
 1005.000  3.498312e+02  2.237368e+01  2.100085e-15 
 1006.000  3.683866e+02  2.350608e+01  3.041798e-15 
 1007.000  3.746335e+02  2.385088e+01 -6.767170e-15 
 1008.000  3.736065e+02  2.368998e+01 -1.106592e-14 
 1009.000  3.678533e+02  2.322152e+01 -7.370132e-15 
 1010.000  3.708439e+02  2.338362e+01 -4.559390e-15 
 1011.000  3.726112e+02  2.350502e+01  5.556262e-15 
 1012.000  3.740923e+02  2.356405e+01  3.308951e-15 
 1013.000  3.725349e+02  2.343823e+01 -2.199876e-16 
 1014.000  3.753994e+02  2.357713e+01  3.304773e-15 
 1015.000  3.685912e+02  2.310185e+01  3.243681e-15 
 1016.000  3.714927e+02  2.324410e+01 -2.826715e-15 
 1017.000  3.681550e+02  2.299190e+01 -6.463110e-15 
 1018.000  3.723635e+02  2.319244e+01  6.548684e-15 
 1019.000  3.627170e+02  2.251874e+01  2.986623e-15 
 1020.000  3.624122e+02  2.246059e+01 -6.173646e-15 
 1021.000  3.668875e+02  2.270736e+01 -3.224407e-15 
 1022.000  3.600037e+02  2.220428e+01 -3.390869e-15 
 1023.000  3.658455e+02  2.250186e+01  1.506138e-14 
 1024.000  3.632919e+02  2.228455e+01  3.013171e-15 
 1025.000  3.652846e+02  2.239240e+01  6.441852e-15 
 1026.000  3.666815e+02  2.245032e+01 -6.230636e-15 
 1027.000  3.641322e+02  2.223861e+01 -6.409074e-15 
 1028.000  3.653224e+02  2.227067e+01  0.000000e+00 
 1029.000  3.606891e+02  2.196111e+01  5.898765e-15 
 1030.000  3.651822e+02  2.220566e+01 -1.233800e-14 
 1031.000  3.645125e+02  2.212768e+01 -3.180461e-15 
 1032.000  3.635856e+02  2.203167e+01 -8.657160e-15 
 1033.000  3.569776e+02  2.158668e+01  8.914355e-15 
 1034.000  3.609567e+02  2.178496e+01  6.285704e-15 
 1035.000  3.572155e+02  2.151519e+01  0.000000e+00 
 1036.000  3.618292e+02  2.174633e+01  2.939099e-14 
 1037.000  3.542504e+02  2.124668e+01  6.167794e-15 
 1038.000  3.578275e+02  2.141700e+01 -6.228312e-15 
 1039.000  3.592029e+02  2.145072e+01  8.963365e-15 
 1040.000  3.548821e+02  2.114542e+01  1.462665e-14 
 1041.000  3.566958e+02  2.120630e+01  2.691366e-15 
 1042.000  3.577341e+02  2.122215e+01  2.699399e-15 
 1043.000  3.515646e+02  2.081176e+01  2.652845e-15 
 1044.000  3.549936e+02  2.096850e+01 -8.867476e-15 
 1045.000  3.532975e+02  2.081892e+01 -9.245802e-15 
 1046.000  3.428989e+02  2.016003e+01  2.592007e-15 
 1047.000  3.490439e+02  2.047386e+01 -3.457354e-15 
 1048.000  3.523615e+02  2.062141e+01 -6.161347e-15 
 1049.000  3.499165e+02  2.043178e+01  2.326780e-14 
 1050.000  3.476286e+02  2.025013e+01  6.090370e-15 
 1051.000  3.473758e+02  2.018475e+01  1.482639e-14 
 1052.000  3.455466e+02  2.003094e+01 -1.172867e-14 
 1053.000  3.456082e+02  1.999048e+01  8.699420e-15 
 1054.000  3.417706e+02  1.971917e+01  1.141893e-14 
 1055.000  3.439662e+02  1.979604e+01 -5.450062e-15 
 1056.000  3.427704e+02  1.967901e+01 -6.045728e-15 
 1057.000  3.415904e+02  1.955511e+01  5.637252e-15 
 1058.000  3.370241e+02  1.922742e+01  5.990319e-15 
 1059.000  3.263901e+02  1.858212e+01  2.706567e-15 
 1060.000  3.385663e+02  1.924682e+01  3.002792e-15 
 1061.000  3.265630e+02  1.852742e+01  5.602644e-15 
 1062.000  3.350477e+02  1.895940e+01 -1.411410e-14 
 1063.000  3.291221e+02  1.858561e+01  1.965254e-16 
 1064.000  3.328697e+02  1.875080e+01 -8.726022e-15 
 1065.000  3.318200e+02  1.864246e+01 -8.723505e-15 
 1066.000  3.217057e+02  1.804312e+01 -2.882677e-15 
 1067.000  3.290802e+02  1.841641e+01 -8.463542e-15 
 1068.000  3.266290e+02  1.822566e+01  4.467450e-16 
 1069.000  3.015401e+02  1.678428e+01  5.372872e-16 
 1070.000  3.197756e+02  1.777186e+01  1.276673e-15 
 1071.000  3.196266e+02  1.771782e+01 -2.547670e-16 
 1072.000  3.198689e+02  1.768622e+01 -3.799969e-15 
 1073.000  3.093010e+02  1.707015e+01 -1.732955e-15 
 1074.000  3.204255e+02  1.765642e+01  2.732584e-16 
 1075.000  3.119055e+02  1.717860e+01 -8.319997e-16 
 1076.000  3.180139e+02  1.747182e+01  2.011827e-15 
 1077.000  3.163172e+02  1.733205e+01 -7.510477e-16 
 1078.000  3.160249e+02  1.726772e+01  7.205061e-16 
 1079.000  3.037029e+02  1.656401e+01 -3.658455e-15 
 1080.000  3.092449e+02  1.679406e+01  4.555812e-15 
 1081.000  2.977921e+02  1.614258e+01  8.281601e-15 
 1082.000  3.031956e+02  1.642494e+01  8.027355e-16 
 1083.000  2.932954e+02  1.584106e+01 -3.313936e-15 
 1084.000  3.024957e+02  1.628930e+01  4.505026e-16 
 1085.000  2.937129e+02  1.574990e+01 -6.563494e-17 
 1086.000  2.987608e+02  1.600140e+01  6.981755e-15 
 1087.000  2.855982e+02  1.531490e+01 -1.197014e-15 
 1088.000  3.032328e+02  1.623519e+01 -2.380352e-16 
 1089.000  2.853002e+02  1.519489e+01  8.869671e-17 
 1090.000  2.903131e+02  1.542665e+01 -1.547716e-15 
 1091.000  2.934865e+02  1.557627e+01 -4.417182e-16 
 1092.000  2.835117e+02  1.500038e+01 -4.537925e-16 
 1093.000  2.729286e+02  1.438307e+01  1.761798e-15 
 1094.000  2.455880e+02  1.291067e+01  2.875292e-15 
 1095.000  2.663340e+02  1.397767e+01  2.411468e-15 
 1096.000  2.656814e+02  1.391811e+01 -4.654612e-17 
 1097.000  2.607163e+02  1.362793e+01 -7.736544e-16 
 1098.000  2.398569e+02  1.246638e+01 -9.415174e-16 
 1099.000  2.249742e+02  1.158151e+01  4.422596e-16 
 1100.000  2.298583e+02  1.182036e+01 -5.663714e-16 
