  400.000  8.512525e+02  3.929204e+02 -1.975586e-13 
  401.000  8.473116e+02  3.874243e+02 -2.238298e-14 
  402.000  8.992223e+02  4.073187e+02 -1.182028e-13 
  403.000  8.433350e+02  3.784567e+02  2.658281e-13 
  404.000  9.074355e+02  4.034641e+02 -8.076103e-14 
  405.000  8.332189e+02  3.670641e+02  2.863135e-14 
  406.000  8.279409e+02  3.614126e+02 -1.490908e-14 
  407.000  8.073234e+02  3.492189e+02 -1.107907e-14 
  408.000  8.756222e+02  3.753503e+02 -1.218707e-13 
  409.000  9.702945e+02  4.122066e+02  7.295867e-14 
  410.000  8.120928e+02  3.419247e+02 -6.175951e-14 
  411.000  9.546380e+02  3.983806e+02 -1.260712e-13 
  412.000  9.901685e+02  4.095652e+02 -1.007102e-13 
  413.000  9.362844e+02  3.838866e+02 -1.220568e-13 
  414.000  9.198516e+02  3.738549e+02  9.279285e-14 
  415.000  9.819402e+02  3.956379e+02  6.743037e-14 
  416.000  9.768201e+02  3.901854e+02 -6.515049e-14 
  417.000  9.479221e+02  3.753984e+02 -3.962757e-14 
  418.000  9.280904e+02  3.644130e+02 -1.879043e-13 
  419.000  9.516524e+02  3.704966e+02 -4.055788e-14 
  420.000  8.061670e+02  3.112101e+02  1.062767e-13 
  421.000  1.010860e+03  3.869607e+02 -5.755944e-14 
  422.000  9.693780e+02  3.679932e+02  5.389335e-14 
  423.000  8.193339e+02  3.084609e+02 -1.274196e-13 
  424.000  9.019135e+02  3.367566e+02 -1.136117e-13 
  425.000  9.348166e+02  3.461797e+02 -9.034441e-14 
  426.000  8.992957e+02  3.303089e+02 -4.001390e-15 
  427.000  8.656653e+02  3.153771e+02  0.000000e+00 
  428.000  8.772068e+02  3.170031e+02 -2.000398e-13 
  429.000  7.986374e+02  2.862935e+02  8.319725e-15 
  430.000  6.377557e+02  2.267947e+02 -1.152071e-13 
  431.000  5.738040e+02  2.024320e+02  3.963271e-14 
  432.000  1.033576e+03  3.617531e+02 -1.479337e-13 
  433.000  9.206660e+02  3.197014e+02 -1.840456e-13 
  434.000  8.756505e+02  3.016926e+02  5.091405e-14 
  435.000  9.533298e+02  3.259012e+02 -4.860249e-14 
  436.000  1.057807e+03  3.588181e+02  1.047107e-13 
  437.000  1.068722e+03  3.597277e+02  2.336693e-14 
  438.000  9.579804e+02  3.199796e+02  9.116494e-14 
  439.000  9.276165e+02  3.074747e+02 -6.244621e-14 
  440.000  1.040344e+03  3.422190e+02 -1.198318e-13 
  441.000  1.037637e+03  3.387449e+02  4.812071e-14 
  442.000  1.093541e+03  3.543021e+02 -5.918431e-14 
  443.000  1.101557e+03  3.542166e+02  1.731599e-14 
  444.000  1.095100e+03  3.495023e+02  1.172433e-13 
  445.000  1.152654e+03  3.651209e+02 -1.922456e-14 
  446.000  1.026686e+03  3.227892e+02  6.080450e-14 
  447.000  1.171673e+03  3.656642e+02  9.529756e-14 
  448.000  1.191870e+03  3.692952e+02  1.329333e-13 
  449.000  1.200658e+03  3.693736e+02  1.372379e-13 
  450.000  1.227520e+03  3.749580e+02  1.279039e-13 
  451.000  1.327345e+03  4.025716e+02  1.990857e-13 
  452.000  1.234623e+03  3.717914e+02 -1.140764e-13 
  453.000  1.146702e+03  3.428685e+02  5.662638e-14 
  454.000  1.223232e+03  3.631669e+02  4.035669e-14 
  455.000  1.232492e+03  3.633394e+02 -6.991325e-14 
  456.000  1.263114e+03  3.697479e+02  3.497828e-13 
  457.000  1.270942e+03  3.694412e+02  1.133703e-13 
  458.000  1.249325e+03  3.606317e+02 -2.123424e-13 
  459.000  1.249903e+03  3.582954e+02  1.592749e-13 
  460.000  1.239742e+03  3.529303e+02  8.005518e-14 
  461.000  1.285428e+03  3.634227e+02 -1.315742e-13 
  462.000  1.265214e+03  3.552579e+02  1.677306e-13 
  463.000  1.266240e+03  3.531206e+02  2.480313e-13 
  464.000  1.270925e+03  3.520344e+02  6.492672e-14 
  465.000  1.252864e+03  3.446953e+02  1.989082e-13 
  466.000  1.293048e+03  3.533614e+02  4.401454e-14 
  467.000  1.247877e+03  3.387289e+02 -8.721620e-14 
  468.000  1.321574e+03  3.563165e+02  2.660742e-14 
  469.000  1.310505e+03  3.509363e+02  1.715190e-13 
  470.000  1.292954e+03  3.438733e+02 -2.543671e-15 
  471.000  1.291105e+03  3.410190e+02 -2.100700e-13 
  472.000  1.307374e+03  3.429277e+02 -8.099934e-14 
  473.000  1.293654e+03  3.369624e+02  4.855879e-14 
  474.000  1.304554e+03  3.374152e+02  5.078739e-14 
  475.000  1.357780e+03  3.486188e+02 -8.584144e-15 
  476.000  1.316517e+03  3.354644e+02  2.273978e-13 
  477.000  1.304886e+03  3.300854e+02  1.396044e-13 
  478.000  1.369692e+03  3.444093e+02  2.858040e-14 
  479.000  1.307684e+03  3.270765e+02 -9.107260e-14 
  480.000  1.333568e+03  3.318450e+02 -1.355826e-13 
  481.000  1.325579e+03  3.280999e+02 -1.782599e-14 
  482.000  1.353449e+03  3.331433e+02  4.862443e-14 
  483.000  1.355042e+03  3.316263e+02 -4.595285e-14 
  484.000  1.303142e+03  3.170444e+02 -6.272800e-14 
  485.000  1.312990e+03  3.175258e+02  2.810672e-14 
  486.000  1.064748e+03  2.559414e+02  1.121661e-13 
  487.000  1.196922e+03  2.859767e+02  0.000000e+00 
  488.000  1.299827e+03  3.086879e+02 -6.879876e-14 
  489.000  1.208514e+03  2.852731e+02 -4.047131e-14 
  490.000  1.376077e+03  3.228760e+02 -1.632255e-13 
  491.000  1.288014e+03  3.003987e+02 -6.235421e-14 
  492.000  1.238106e+03  2.870275e+02 -1.440347e-13 
  493.000  1.333836e+03  3.073757e+02  2.892545e-13 
  494.000  1.288936e+03  2.952599e+02 -1.566532e-14 
  495.000  1.378271e+03  3.138544e+02 -4.828003e-14 
  496.000  1.342883e+03  3.039849e+02  1.885237e-13 
  497.000  1.303204e+03  2.932658e+02 -5.343169e-14 
  498.000  1.272939e+03  2.847761e+02 -2.179613e-13 
  499.000  1.270392e+03  2.825432e+02  8.384356e-14 
  500.000  1.265319e+03  2.797756e+02 -2.526097e-14 
  501.000  1.237470e+03  2.720269e+02  1.837530e-14 
  502.000  1.229872e+03  2.687930e+02  1.447179e-13 
  503.000  1.303725e+03  2.832935e+02 -3.621112e-14 
  504.000  1.213482e+03  2.621702e+02  5.050515e-14 
  505.000  1.309389e+03  2.812702e+02 -4.415310e-14 
  506.000  1.402055e+03  2.994742e+02  1.060122e-13 
  507.000  1.304775e+03  2.771286e+02 -5.408097e-14 
  508.000  1.251546e+03  2.643359e+02 -1.012733e-13 
  509.000  1.349857e+03  2.835108e+02  8.424010e-14 
  510.000  1.308189e+03  2.732309e+02 -6.473015e-14 
  511.000  1.308838e+03  2.718497e+02 -4.493347e-14 
  512.000  1.373974e+03  2.838014e+02 -3.515860e-14 
  513.000  1.257747e+03  2.583643e+02 -3.675468e-14 
  514.000  1.231592e+03  2.516045e+02 -4.601372e-14 
  515.000  1.257569e+03  2.555085e+02 -8.356882e-14 
  516.000  1.321263e+03  2.669840e+02 -1.669485e-13 
  517.000  9.735303e+02  1.956444e+02 -6.763490e-14 
  518.000  1.205589e+03  2.409613e+02  1.115960e-13 
  519.000  1.142468e+03  2.271073e+02  2.691520e-14 
  520.000  1.258136e+03  2.487506e+02 -5.983872e-14 
  521.000  1.259144e+03  2.476073e+02 -3.533569e-14 
  522.000  1.309441e+03  2.561076e+02 -7.398836e-14 
  523.000  1.220134e+03  2.373458e+02  1.328407e-13 
  524.000  1.324129e+03  2.561858e+02 -7.711550e-14 
  525.000  1.313873e+03  2.528293e+02 -1.695308e-13 
  526.000  1.252436e+03  2.397224e+02 -1.694296e-14 
  527.000  1.094368e+03  2.083482e+02  9.220978e-14 
  528.000  1.314716e+03  2.489647e+02 -6.749371e-14 
  529.000  1.352429e+03  2.547470e+02  8.766031e-14 
  530.000  1.278287e+03  2.395111e+02 -5.692760e-14 
  531.000  1.391802e+03  2.594112e+02 -9.389116e-15 
  532.000  1.328127e+03  2.462578e+02  8.594209e-14 
  533.000  1.166735e+03  2.152275e+02 -2.827464e-14 
  534.000  1.268951e+03  2.329144e+02 -1.029737e-13 
  535.000  1.294891e+03  2.365079e+02 -1.611888e-13 
  536.000  1.374224e+03  2.497660e+02 -1.917718e-13 
  537.000  1.275158e+03  2.306188e+02  9.692933e-15 
  538.000  1.335061e+03  2.402574e+02  4.110595e-14 
  539.000  1.330904e+03  2.383228e+02 -1.192774e-15 
  540.000  1.302720e+03  2.321204e+02  6.848174e-14 
  541.000  1.194815e+03  2.118415e+02  7.977312e-15 
  542.000  1.333100e+03  2.351932e+02 -9.543347e-14 
  543.000  1.275445e+03  2.239131e+02  4.872314e-14 
  544.000  1.345617e+03  2.350695e+02  2.096078e-13 
  545.000  1.325953e+03  2.304965e+02  9.232605e-14 
  546.000  1.296840e+03  2.243313e+02  1.718449e-13 
  547.000  1.352327e+03  2.327896e+02 -1.203847e-15 
  548.000  1.255119e+03  2.150059e+02 -1.577440e-13 
  549.000  1.321313e+03  2.252489e+02  2.747602e-14 
  550.000  1.292875e+03  2.193351e+02  2.016963e-13 
  551.000  1.285565e+03  2.170386e+02  2.441985e-14 
  552.000  1.341807e+03  2.254417e+02 -7.697835e-15 
  553.000  1.290035e+03  2.156992e+02 -2.436615e-13 
  554.000  1.333011e+03  2.218138e+02  2.151916e-13 
  555.000  1.337599e+03  2.215109e+02  1.079171e-13 
  556.000  1.301557e+03  2.145119e+02 -9.005883e-14 
  557.000  1.263739e+03  2.072823e+02 -1.670710e-14 
  558.000  1.312578e+03  2.142647e+02 -6.822671e-14 
  559.000  1.241456e+03  2.016879e+02  3.770971e-14 
  560.000  1.247680e+03  2.017291e+02  2.472118e-14 
  561.000  1.372083e+03  2.207788e+02  7.846561e-15 
  562.000  1.260101e+03  2.017473e+02  3.328940e-14 
  563.000  1.319093e+03  2.101717e+02  9.878413e-15 
  564.000  1.301223e+03  2.063111e+02 -1.328957e-13 
  565.000  1.317271e+03  2.078042e+02 -2.377643e-14 
  566.000  1.215127e+03  1.907599e+02 -1.139789e-13 
  567.000  1.303646e+03  2.035184e+02  7.531146e-14 
  568.000  1.298788e+03  2.011913e+02 -4.833494e-14 
  569.000  1.268013e+03  1.944126e+02  1.107166e-14 
  570.000  1.276072e+03  1.948661e+02 -4.787675e-14 
  571.000  1.235200e+03  1.884729e+02 -3.178654e-14 
  572.000  1.302285e+03  1.969964e+02  3.076199e-14 
  573.000  1.317654e+03  1.984961e+02  0.000000e+00 
  574.000  1.311341e+03  1.966896e+02 -5.145511e-14 
  575.000  1.279620e+03  1.909763e+02 -9.701486e-14 
  576.000  1.256945e+03  1.867107e+02 -6.387810e-14 
  577.000  1.311059e+03  1.941209e+02 -2.505957e-14 
  578.000  1.274952e+03  1.882641e+02  3.274755e-14 
  579.000  1.267213e+03  1.865576e+02  3.243720e-14 
  580.000  1.312935e+03  1.926738e+02 -7.967663e-14 
  581.000  1.291873e+03  1.891226e+02 -7.068949e-14 
  582.000  1.313179e+03  1.916194e+02  4.928690e-14 
  583.000  1.323704e+03  1.924047e+02 -1.158813e-15 
  584.000  1.320754e+03  1.912156e+02  1.607448e-13 
  585.000  1.313083e+03  1.893128e+02  1.595804e-14 
  586.000  1.257662e+03  1.805691e+02  1.526313e-14 
  587.000  1.305867e+03  1.862706e+02 -2.326103e-14 
  588.000  1.285780e+03  1.813528e+02 -3.714613e-14 
  589.000  1.129935e+03  1.573651e+02  2.555069e-14 
  590.000  1.179819e+03  1.635478e+02  1.213159e-14 
  591.000  1.262419e+03  1.751839e+02  6.095433e-14 
  592.000  1.234841e+03  1.701409e+02 -1.245602e-14 
  593.000  1.257471e+03  1.736786e+02  2.108540e-14 
  594.000  1.267764e+03  1.740798e+02 -3.304690e-14 
  595.000  1.237994e+03  1.685111e+02 -9.041966e-15 
  596.000  1.278574e+03  1.744758e+02  9.949498e-14 
  597.000  1.281431e+03  1.738691e+02  6.916042e-14 
  598.000  1.259705e+03  1.707495e+02  9.663514e-14 
  599.000  1.262406e+03  1.706533e+02  7.555809e-14 
  600.000  1.266716e+03  1.710222e+02 -6.838464e-14 
  601.000  1.262667e+03  1.702576e+02 -3.963394e-14 
  602.000  1.250408e+03  1.680777e+02  3.005479e-14 
  603.000  1.259444e+03  1.687619e+02  1.753090e-13 
  604.000  1.300598e+03  1.736966e+02  2.389941e-14 
  605.000  1.298300e+03  1.727470e+02 -1.113393e-15 
  606.000  1.284036e+03  1.701739e+02  8.480284e-14 
  607.000  1.277601e+03  1.686504e+02  1.016902e-13 
  608.000  1.273685e+03  1.674642e+02  8.124566e-15 
  609.000  1.261351e+03  1.651804e+02  2.303519e-14 
  610.000  1.241857e+03  1.619793e+02 -1.327507e-13 
  611.000  1.262688e+03  1.640395e+02  8.027908e-15 
  612.000  1.246907e+03  1.613433e+02 -3.747168e-14 
  613.000  1.229326e+03  1.584333e+02  2.058235e-13 
  614.000  1.185541e+03  1.521795e+02  9.813623e-14 
  615.000  1.242945e+03  1.589123e+02 -9.491249e-14 
  616.000  1.182372e+03  1.505643e+02 -1.255820e-13 
  617.000  1.189598e+03  1.508770e+02  8.516153e-14 
  618.000  1.246245e+03  1.574241e+02  8.492924e-14 
  619.000  1.235309e+03  1.554078e+02 -1.663161e-14 
  620.000  1.254025e+03  1.571183e+02 -7.483196e-14 
  621.000  1.276019e+03  1.592156e+02  1.591741e-13 
  622.000  1.209042e+03  1.502320e+02 -1.126753e-13 
  623.000  1.218754e+03  1.507997e+02  4.961473e-14 
  624.000  1.220341e+03  1.503626e+02  8.705306e-14 
  625.000  1.187495e+03  1.456996e+02 -1.414871e-13 
  626.000  1.193463e+03  1.457562e+02  6.509303e-15 
  627.000  1.211069e+03  1.467768e+02  0.000000e+00 
  628.000  1.183550e+03  1.413236e+02 -3.433606e-14 
  629.000  1.220338e+03  1.459493e+02  1.782931e-14 
  630.000  1.182549e+03  1.412034e+02 -6.482990e-16 
  631.000  1.228531e+03  1.464026e+02 -3.796484e-14 
  632.000  1.143507e+03  1.355768e+02 -4.874219e-14 
  633.000  1.231522e+03  1.459772e+02 -2.222770e-14 
  634.000  1.196457e+03  1.415060e+02  5.699283e-14 
  635.000  1.219175e+03  1.436850e+02  3.712064e-14 
  636.000  1.177433e+03  1.383695e+02 -8.323032e-14 
  637.000  1.217473e+03  1.426276e+02 -3.031059e-14 
  638.000  1.238465e+03  1.448155e+02 -1.022944e-13 
  639.000  1.229051e+03  1.432108e+02 -7.956029e-14 
  640.000  1.191786e+03  1.384919e+02 -3.380007e-14 
  641.000  1.209646e+03  1.400602e+02 -3.725344e-14 
  642.000  1.196237e+03  1.380954e+02  8.329333e-14 
  643.000  1.216930e+03  1.398068e+02  6.482829e-15 
  644.000  1.203580e+03  1.377733e+02 -2.218666e-14 
  645.000  1.213193e+03  1.381208e+02 -4.381883e-14 
  646.000  1.161665e+03  1.310217e+02  3.085475e-14 
  647.000  1.173900e+03  1.314578e+02  7.060984e-15 
  648.000  1.167577e+03  1.298320e+02 -1.642154e-14 
  649.000  1.195332e+03  1.328248e+02  1.258443e-15 
  650.000  1.115374e+03  1.243214e+02  4.922244e-15 
  651.000  1.201930e+03  1.334815e+02 -3.594680e-14 
  652.000  1.172428e+03  1.289689e+02 -2.083957e-14 
  653.000  1.204467e+03  1.329294e+02  5.987609e-14 
  654.000  1.188313e+03  1.305641e+02  2.324569e-14 
  655.000  1.154640e+03  1.260790e+02  1.165411e-14 
  656.000  9.814902e+02  1.068835e+02  1.812533e-14 
  657.000  1.049285e+03  1.140194e+02 -3.456565e-15 
  658.000  1.171782e+03  1.272087e+02  2.262920e-14 
  659.000  1.176497e+03  1.274277e+02  7.292365e-14 
  660.000  1.186810e+03  1.281905e+02 -6.234904e-15 
  661.000  1.194444e+03  1.288699e+02 -1.873224e-14 
  662.000  1.212872e+03  1.305311e+02 -7.302743e-15 
  663.000  1.199692e+03  1.286262e+02  2.694938e-14 
  664.000  1.181341e+03  1.262612e+02 -2.035084e-14 
  665.000  1.187192e+03  1.264807e+02 -1.401154e-13 
  666.000  1.202250e+03  1.276909e+02 -2.689566e-14 
  667.000  1.179026e+03  1.248245e+02  2.004101e-13 
  668.000  1.186424e+03  1.252199e+02  4.774901e-14 
  669.000  1.204042e+03  1.266608e+02  7.190565e-15 
  670.000  1.190164e+03  1.247817e+02  1.079080e-13 
  671.000  1.178100e+03  1.231077e+02  1.881570e-15 
  672.000  1.174772e+03  1.223479e+02 -6.015266e-14 
  673.000  1.183692e+03  1.228632e+02 -1.365806e-13 
  674.000  1.186491e+03  1.227410e+02 -9.119005e-14 
  675.000  1.168856e+03  1.205129e+02 -6.012579e-15 
  676.000  1.191407e+03  1.224273e+02 -1.931794e-14 
  677.000  1.168190e+03  1.196412e+02 -1.024896e-13 
  678.000  1.187997e+03  1.212652e+02 -4.550504e-14 
  679.000  1.171630e+03  1.191896e+02 -1.165205e-13 
  680.000  1.162818e+03  1.178580e+02  1.748287e-13 
  681.000  1.164244e+03  1.175592e+02 -4.548616e-14 
  682.000  1.162055e+03  1.169322e+02 -3.942312e-14 
  683.000  1.170057e+03  1.173154e+02 -7.937092e-14 
  684.000  1.148813e+03  1.147183e+02  3.716658e-14 
  685.000  1.162507e+03  1.157543e+02  7.694937e-14 
  686.000  1.110314e+03  1.099760e+02  3.779815e-14 
  687.000  9.792004e+02  9.382765e+01  5.446053e-15 
  688.000  1.021932e+03  9.821439e+01  3.000139e-14 
  689.000  1.012450e+03  9.678451e+01 -3.650015e-14 
  690.000  1.039396e+03  9.938805e+01 -2.038136e-14 
  691.000  1.071288e+03  1.026235e+02 -2.433357e-14 
  692.000  1.079200e+03  1.033342e+02  1.227390e-14 
  693.000  1.072081e+03  1.018414e+02 -9.092175e-15 
  694.000  1.066683e+03  1.005602e+02  2.685805e-14 
  695.000  1.061088e+03  1.000029e+02 -1.494747e-14 
  696.000  1.081291e+03  1.017794e+02  4.119042e-14 
  697.000  1.117242e+03  1.060277e+02  2.051228e-14 
  698.000  1.089630e+03  1.027740e+02  3.240211e-14 
  699.000  1.079404e+03  1.005028e+02  3.740273e-15 
  700.000  1.071919e+03  9.961202e+01 -1.444887e-14 
  701.000  1.041395e+03  9.628660e+01 -2.125475e-14 
  702.000  1.041286e+03  9.609141e+01  6.145327e-16 
  703.000  1.081036e+03  1.002264e+02 -9.209624e-15 
  704.000  1.085398e+03  1.003438e+02 -5.429252e-14 
  705.000  1.083481e+03  9.949072e+01 -5.102923e-14 
  706.000  1.074180e+03  9.838535e+01 -6.765740e-14 
  707.000  1.061793e+03  9.705947e+01 -2.666672e-14 
  708.000  1.096832e+03  1.000814e+02 -1.887884e-16 
  709.000  1.065931e+03  9.724770e+01  4.954214e-14 
  710.000  1.082100e+03  9.808836e+01  1.970832e-15 
  711.000  1.080051e+03  9.791161e+01 -4.847657e-14 
  712.000  1.072497e+03  9.721569e+01  1.263294e-14 
  713.000  1.062200e+03  9.573268e+01 -1.449847e-14 
  714.000  1.078314e+03  9.679418e+01  1.648043e-15 
  715.000  1.031163e+03  9.192960e+01  1.249100e-14 
  716.000  1.047882e+03  9.279578e+01 -1.454820e-14 
  717.000  9.545828e+02  8.299776e+01 -8.595585e-15 
  718.000  9.088069e+02  7.812797e+01  2.928516e-15 
  719.000  8.838854e+02  7.549498e+01 -2.156416e-16 
  720.000  8.684858e+02  7.357867e+01  2.387477e-14 
  721.000  9.632290e+02  8.298728e+01  1.360450e-14 
  722.000  1.011811e+03  8.757664e+01 -2.519370e-15 
  723.000  9.898915e+02  8.503027e+01  8.611279e-15 
  724.000  9.397470e+02  7.962603e+01  4.954620e-15 
  725.000  9.376524e+02  7.931647e+01  5.071352e-15 
  726.000  9.334498e+02  7.868998e+01 -6.147853e-16 
  727.000  9.552791e+02  8.040767e+01 -9.977085e-15 
  728.000  9.304661e+02  7.796782e+01  1.071491e-14 
  729.000  9.138771e+02  7.665132e+01 -6.546599e-15 
  730.000  9.440720e+02  7.890796e+01 -2.537957e-15 
  731.000  9.242379e+02  7.697273e+01  1.007968e-15 
  732.000  9.773651e+02  8.170796e+01 -3.985777e-14 
  733.000  9.962164e+02  8.371941e+01 -3.555763e-14 
  734.000  1.033345e+03  8.702064e+01 -2.001711e-14 
  735.000  1.019448e+03  8.543691e+01  8.188378e-15 
  736.000  9.901738e+02  8.247929e+01  3.626405e-14 
  737.000  1.011332e+03  8.418722e+01  1.863320e-14 
  738.000  1.019640e+03  8.492754e+01 -3.695044e-15 
  739.000  9.913049e+02  8.246074e+01 -2.534738e-14 
  740.000  1.010944e+03  8.418716e+01  9.641893e-15 
  741.000  1.008827e+03  8.397917e+01 -3.045204e-14 
  742.000  9.947332e+02  8.265420e+01  7.611866e-16 
  743.000  1.029485e+03  8.549686e+01 -1.701012e-14 
  744.000  1.041777e+03  8.637654e+01 -3.192612e-14 
  745.000  1.016624e+03  8.412729e+01 -1.671701e-14 
  746.000  1.032333e+03  8.524132e+01  6.187530e-14 
  747.000  1.048880e+03  8.636395e+01 -5.602502e-14 
  748.000  1.030825e+03  8.468213e+01  4.908605e-14 
  749.000  1.031740e+03  8.453272e+01 -7.855405e-14 
  750.000  1.016406e+03  8.300896e+01 -7.662659e-14 
  751.000  1.014105e+03  8.258377e+01  7.140724e-14 
  752.000  1.030733e+03  8.374025e+01  1.096918e-14 
  753.000  1.021500e+03  8.276411e+01 -5.005795e-14 
  754.000  1.037916e+03  8.386087e+01 -1.824358e-13 
  755.000  1.032272e+03  8.316779e+01  4.975147e-14 
  756.000  1.012379e+03  8.133417e+01 -1.075263e-14 
  757.000  1.020042e+03  8.171580e+01  8.897742e-14 
  758.000  1.017721e+03  8.123972e+01  4.246770e-15 
  759.000  9.186475e+02  7.165744e+01  1.094315e-14 
  760.000  3.556349e+02  2.437080e+01 -5.033244e-15 
  761.000  3.079221e+02  2.067557e+01 -5.833532e-16 
  762.000  6.030332e+02  4.377869e+01 -9.071350e-15 
  763.000  5.198211e+02  3.677113e+01  6.099300e-23 
  764.000  5.706363e+02  4.068846e+01 -2.576705e-15 
  765.000  6.874140e+02  5.040024e+01 -3.876546e-15 
  766.000  7.861774e+02  5.936930e+01  5.012357e-16 
  767.000  8.642424e+02  6.568330e+01 -1.470958e-14 
  768.000  9.431392e+02  7.208400e+01 -1.174509e-14 
  769.000  9.687916e+02  7.441273e+01 -2.316890e-14 
  770.000  9.775353e+02  7.520593e+01  2.339890e-15 
  771.000  9.853535e+02  7.579714e+01  1.043618e-14 
  772.000  9.832494e+02  7.547539e+01  3.524920e-14 
  773.000  9.800822e+02  7.504485e+01  3.103879e-14 
  774.000  9.913543e+02  7.572186e+01  3.135661e-14 
  775.000  9.546139e+02  7.272774e+01  8.440207e-14 
  776.000  9.943564e+02  7.555664e+01 -4.899227e-14 
  777.000  9.877026e+02  7.484409e+01  1.114313e-14 
  778.000  9.825767e+02  7.424575e+01 -4.285080e-14 
  779.000  9.859443e+02  7.429042e+01  4.075829e-14 
  780.000  9.739130e+02  7.317766e+01 -1.024816e-14 
  781.000  9.727845e+02  7.290978e+01 -7.929130e-14 
  782.000  9.846683e+02  7.359319e+01 -1.153756e-13 
  783.000  9.618221e+02  7.168484e+01 -2.491774e-14 
  784.000  9.671423e+02  7.186689e+01 -4.068350e-14 
  785.000  9.683002e+02  7.166833e+01 -1.967720e-14 
  786.000  9.492609e+02  6.993399e+01  3.083775e-14 
  787.000  9.577999e+02  7.012365e+01  1.873562e-14 
  788.000  9.406139e+02  6.855418e+01 -1.416630e-14 
  789.000  9.354228e+02  6.760323e+01  4.557409e-15 
  790.000  9.251484e+02  6.664914e+01  2.328734e-14 
  791.000  9.225856e+02  6.634993e+01 -3.025407e-14 
  792.000  9.100096e+02  6.533044e+01 -2.774774e-14 
  793.000  9.136230e+02  6.556360e+01  2.700162e-15 
  794.000  9.133966e+02  6.572530e+01  3.313280e-14 
  795.000  9.030979e+02  6.458896e+01  2.398294e-14 
  796.000  9.035781e+02  6.395778e+01  3.158906e-14 
  797.000  9.137551e+02  6.463439e+01 -5.819265e-15 
  798.000  9.239751e+02  6.550505e+01  1.071368e-14 
  799.000  9.212075e+02  6.505691e+01 -1.342231e-14 
  800.000  8.906019e+02  6.250694e+01 -2.794280e-14 
  801.000  9.081184e+02  6.359232e+01 -3.744106e-14 
  802.000  9.058126e+02  6.324125e+01 -1.998124e-14 
  803.000  8.939838e+02  6.228091e+01 -5.190930e-15 
  804.000  9.054778e+02  6.301793e+01 -2.322156e-14 
  805.000  8.869152e+02  6.176996e+01  4.194091e-15 
  806.000  9.147910e+02  6.368079e+01 -9.537597e-16 
  807.000  9.096373e+02  6.316100e+01 -4.080843e-15 
  808.000  9.021045e+02  6.239507e+01 -1.393866e-14 
  809.000  8.843973e+02  6.091943e+01  7.670923e-15 
  810.000  8.776896e+02  6.020480e+01  3.158806e-15 
  811.000  8.858494e+02  6.042528e+01 -4.093303e-15 
  812.000  8.747283e+02  5.929526e+01 -2.566961e-15 
  813.000  8.609659e+02  5.798323e+01  1.651047e-15 
  814.000  8.462926e+02  5.659608e+01  2.465575e-14 
  815.000  8.203296e+02  5.446130e+01  1.018082e-14 
  816.000  7.913137e+02  5.214645e+01 -1.993408e-14 
  817.000  7.973989e+02  5.241816e+01  2.466558e-15 
  818.000  7.944094e+02  5.210625e+01 -8.238272e-16 
  819.000  7.802065e+02  5.112821e+01 -2.918495e-14 
  820.000  7.886837e+02  5.185426e+01 -1.635004e-14 
  821.000  8.427506e+02  5.575974e+01  3.826598e-16 
  822.000  7.985719e+02  5.233358e+01  1.420956e-14 
  823.000  7.512193e+02  4.846856e+01 -4.156384e-15 
  824.000  8.125585e+02  5.285026e+01 -4.041547e-15 
  825.000  8.432026e+02  5.525943e+01  1.702887e-15 
  826.000  8.432443e+02  5.501710e+01  4.569201e-16 
  827.000  8.365801e+02  5.436766e+01  1.388291e-14 
  828.000  8.140811e+02  5.244466e+01 -3.303551e-15 
  829.000  8.212798e+02  5.288250e+01 -2.690570e-14 
  830.000  8.166404e+02  5.258566e+01 -1.091473e-14 
  831.000  8.043145e+02  5.169680e+01  1.286653e-14 
  832.000  8.217448e+02  5.270537e+01 -1.395118e-14 
  833.000  8.008786e+02  5.132468e+01 -2.337063e-14 
  834.000  8.182481e+02  5.241791e+01  1.119789e-14 
  835.000  8.301599e+02  5.329672e+01 -1.554361e-13 
  836.000  8.366763e+02  5.349802e+01 -2.761107e-14 
  837.000  8.295258e+02  5.290168e+01 -4.604340e-15 
  838.000  8.374936e+02  5.340370e+01  3.561604e-14 
  839.000  8.142658e+02  5.187331e+01 -8.911546e-15 
  840.000  8.372075e+02  5.323254e+01 -2.960226e-14 
  841.000  8.365418e+02  5.296878e+01 -1.120367e-14 
  842.000  8.340626e+02  5.276015e+01  5.949659e-16 
  843.000  8.345360e+02  5.286320e+01  1.880374e-14 
  844.000  8.234845e+02  5.213282e+01  7.292859e-15 
  845.000  8.373388e+02  5.292680e+01  2.180716e-14 
  846.000  8.461428e+02  5.339004e+01  4.740496e-15 
  847.000  8.184329e+02  5.157607e+01  2.164263e-14 
  848.000  8.404365e+02  5.274300e+01  2.659839e-14 
  849.000  8.423608e+02  5.274495e+01 -1.391211e-14 
  850.000  7.274673e+02  4.539858e+01  5.915933e-15 
  851.000  8.322471e+02  5.175702e+01 -9.714456e-15 
  852.000  8.009065e+02  4.969039e+01  2.341420e-15 
  853.000  8.122621e+02  5.035612e+01  5.598749e-15 
  854.000  6.530251e+02  4.038126e+01 -1.183507e-14 
  855.000  7.197839e+02  4.442749e+01 -8.053363e-15 
  856.000  8.187951e+02  5.051763e+01  3.950396e-15 
  857.000  8.327380e+02  5.129613e+01  1.389240e-14 
  858.000  8.198994e+02  5.040440e+01  1.244406e-14 
  859.000  8.206948e+02  5.037942e+01  4.700130e-14 
  860.000  8.138227e+02  4.985925e+01 -2.523102e-14 
  861.000  8.138868e+02  4.974564e+01  1.231130e-14 
  862.000  8.115002e+02  4.949231e+01  8.050108e-14 
  863.000  8.271534e+02  5.032639e+01 -1.188868e-14 
  864.000  8.257314e+02  5.012723e+01 -1.581687e-14 
  865.000  8.105534e+02  4.909406e+01  2.896042e-14 
  866.000  6.800123e+02  4.108953e+01  3.231088e-14 
  867.000  7.242223e+02  4.365421e+01  2.694159e-14 
  868.000  7.855644e+02  4.723883e+01 -2.546007e-14 
  869.000  7.746835e+02  4.647482e+01 -3.136731e-14 
  870.000  8.067264e+02  4.827917e+01  5.048753e-14 
  871.000  8.057266e+02  4.810596e+01  6.495561e-14 
  872.000  8.026755e+02  4.781450e+01 -2.923767e-14 
  873.000  8.059272e+02  4.788795e+01 -8.303246e-15 
  874.000  7.883302e+02  4.672760e+01 -9.921372e-14 
  875.000  7.811759e+02  4.619245e+01  5.691128e-14 
  876.000  7.876592e+02  4.645615e+01  1.304904e-14 
  877.000  8.034075e+02  4.726766e+01  3.874432e-14 
  878.000  7.893002e+02  4.629814e+01  6.253900e-14 
  879.000  7.911927e+02  4.629711e+01 -1.253748e-14 
  880.000  7.863606e+02  4.588026e+01 -8.704201e-15 
  881.000  7.453890e+02  4.337373e+01 -5.501876e-14 
  882.000  7.864587e+02  4.564194e+01 -8.713878e-15 
  883.000  7.687947e+02  4.452441e+01  4.396650e-14 
  884.000  7.754805e+02  4.481067e+01 -2.889243e-14 
  885.000  7.828277e+02  4.507861e+01  4.860999e-14 
  886.000  7.561901e+02  4.337523e+01  3.643064e-15 
  887.000  7.493901e+02  4.293530e+01  3.601237e-15 
  888.000  7.718674e+02  4.411617e+01  4.482053e-14 
  889.000  7.773921e+02  4.434376e+01 -1.177593e-14 
  890.000  7.742958e+02  4.402336e+01 -3.640118e-14 
  891.000  7.686320e+02  4.351760e+01  2.884696e-14 
  892.000  7.621608e+02  4.291963e+01  5.807599e-15 
  893.000  7.204967e+02  4.012428e+01  1.968328e-14 
  894.000  7.377144e+02  4.083429e+01  2.654646e-17 
  895.000  6.797093e+02  3.720705e+01 -1.044638e-14 
  896.000  6.824145e+02  3.704236e+01  2.808315e-15 
  897.000  6.419337e+02  3.457096e+01 -1.119738e-14 
  898.000  6.315017e+02  3.384441e+01  3.291991e-15 
  899.000  5.987141e+02  3.178949e+01 -6.540446e-15 
  900.000  5.882899e+02  3.119336e+01 -1.909568e-15 
  901.000  5.677983e+02  2.997943e+01  2.239814e-16 
  902.000  5.588617e+02  2.946143e+01  1.135851e-15 
  903.000  6.426731e+02  3.418823e+01  7.528301e-15 
  904.000  6.853542e+02  3.664752e+01 -3.265740e-15 
  905.000  6.823957e+02  3.640248e+01  9.129284e-15 
  906.000  6.439051e+02  3.411023e+01 -7.522854e-15 
  907.000  6.183690e+02  3.245081e+01  1.472333e-14 
  908.000  5.785061e+02  3.013055e+01  4.029544e-15 
  909.000  5.696321e+02  2.960457e+01 -1.704929e-15 
  910.000  5.799389e+02  3.009634e+01 -4.875209e-16 
  911.000  5.936564e+02  3.084288e+01  6.063369e-15 
  912.000  5.875691e+02  3.041132e+01 -6.402322e-16 
  913.000  5.687083e+02  2.912504e+01 -1.295376e-15 
  914.000  5.811222e+02  2.983067e+01 -2.306423e-15 
  915.000  5.833734e+02  2.997457e+01 -3.167371e-15 
  916.000  5.940401e+02  3.048244e+01  3.833043e-15 
  917.000  5.916132e+02  3.034090e+01 -8.653481e-14 
  918.000  5.974413e+02  3.063272e+01 -4.498838e-15 
  919.000  6.357559e+02  3.272586e+01  6.863904e-15 
  920.000  6.527080e+02  3.371202e+01  3.451143e-15 
  921.000  6.335690e+02  3.261353e+01 -3.261511e-15 
  922.000  6.275361e+02  3.222960e+01 -3.583765e-15 
  923.000  5.953295e+02  3.046146e+01  9.034571e-15 
  924.000  6.056987e+02  3.081991e+01 -6.702448e-15 
  925.000  6.125178e+02  3.107955e+01 -8.603232e-16 
  926.000  5.901646e+02  2.985023e+01 -2.963811e-15 
  927.000  5.945374e+02  2.987212e+01  3.389498e-15 
  928.000  5.712245e+02  2.843615e+01  5.239030e-15 
  929.000  5.252234e+02  2.575667e+01 -3.228458e-16 
  930.000  4.765769e+02  2.279536e+01  6.765434e-15 
  931.000  4.247728e+02  1.972994e+01 -1.674158e-15 
  932.000  3.553602e+02  1.595733e+01 -2.366865e-16 
  933.000  3.095801e+02  1.360076e+01  1.136850e-16 
  934.000  2.610670e+02  1.121584e+01  1.347452e-18 
  935.000  2.524053e+02  1.078980e+01  3.197429e-16 
  936.000  2.679170e+02  1.151442e+01 -2.631947e-18 
  937.000  2.695267e+02  1.154406e+01 -1.157676e-16 
  938.000  3.178752e+02  1.390121e+01 -2.227320e-16 
  939.000  4.619586e+02  2.149043e+01  3.559117e-15 
  940.000  4.814898e+02  2.259185e+01  7.073021e-15 
  941.000  4.523601e+02  2.100167e+01 -8.238304e-17 
  942.000  3.924606e+02  1.776828e+01 -2.451350e-21 
  943.000  3.409887e+02  1.492850e+01 -9.642368e-22 
  944.000  3.267322e+02  1.423967e+01 -3.960589e-16 
  945.000  3.549832e+02  1.558929e+01 -1.031309e-17 
  946.000  3.613541e+02  1.585138e+01 -4.095923e-16 
  947.000  3.823938e+02  1.691684e+01 -4.356392e-16 
  948.000  3.985105e+02  1.770748e+01 -3.781145e-17 
  949.000  3.981247e+02  1.764631e+01 -5.890685e-17 
  950.000  3.990949e+02  1.768401e+01 -8.141658e-16 
  951.000  4.276186e+02  1.920541e+01 -4.120966e-17 
  952.000  3.948698e+02  1.742107e+01 -2.065591e-17 
  953.000  4.168939e+02  1.856894e+01 -1.591362e-15 
  954.000  4.377119e+02  1.972197e+01 -1.962412e-14 
  955.000  3.903532e+02  1.737450e+01  1.616945e-15 
  956.000  4.122404e+02  1.828528e+01  0.000000e+00 
  957.000  4.749202e+02  2.173387e+01  8.067371e-17 
  958.000  4.870818e+02  2.233993e+01 -1.628403e-16 
  959.000  4.784254e+02  2.180260e+01  1.676502e-16 
  960.000  4.709748e+02  2.139373e+01 -1.701678e-15 
  961.000  4.608036e+02  2.083747e+01  3.060419e-15 
  962.000  4.679884e+02  2.117549e+01  0.000000e+00 
  963.000  5.020010e+02  2.301445e+01  1.462979e-15 
  964.000  5.013603e+02  2.298230e+01  3.178383e-16 
  965.000  5.042397e+02  2.304836e+01  1.686141e-15 
  966.000  4.916276e+02  2.244739e+01  2.457116e-15 
  967.000  5.316002e+02  2.440432e+01  0.000000e+00 
  968.000  5.680330e+02  2.628030e+01 -2.867753e-15 
  969.000  5.909567e+02  2.742606e+01 -3.854738e-15 
  970.000  5.936926e+02  2.750725e+01 -3.918377e-16 
  971.000  5.880086e+02  2.718361e+01 -3.533943e-15 
  972.000  5.866778e+02  2.702212e+01 -1.177992e-14 
  973.000  5.687115e+02  2.605555e+01  2.072763e-15 
  974.000  5.449932e+02  2.483159e+01 -2.073141e-15 
  975.000  5.380841e+02  2.441417e+01 -4.793907e-15 
  976.000  5.566290e+02  2.526734e+01  2.425025e-15 
  977.000  5.619221e+02  2.557074e+01 -7.393079e-15 
  978.000  5.742548e+02  2.607084e+01  3.829532e-15 
  979.000  5.626696e+02  2.552906e+01 -4.690663e-15 
  980.000  5.906819e+02  2.690781e+01  2.211567e-15 
  981.000  5.993403e+02  2.729107e+01 -1.119168e-14 
  982.000  5.936024e+02  2.693370e+01 -1.091165e-14 
  983.000  6.024402e+02  2.738519e+01 -8.133781e-15 
  984.000  6.091115e+02  2.776214e+01  3.941010e-15 
  985.000  6.149385e+02  2.805573e+01  2.422142e-15 
  986.000  6.177393e+02  2.824998e+01 -4.256889e-15 
  987.000  6.282292e+02  2.873024e+01 -1.512710e-14 
  988.000  6.212999e+02  2.836809e+01  4.105733e-15 
  989.000  6.139388e+02  2.798224e+01  4.970810e-15 
  990.000  6.200219e+02  2.821529e+01 -8.526625e-16 
  991.000  6.280032e+02  2.857408e+01  7.443632e-15 
  992.000  6.230292e+02  2.829478e+01  6.616693e-15 
  993.000  6.233527e+02  2.825652e+01  1.939040e-14 
  994.000  6.291306e+02  2.851644e+01  9.857707e-15 
  995.000  6.262787e+02  2.836694e+01  6.827380e-15 
  996.000  6.261776e+02  2.830224e+01  2.251916e-14 
  997.000  6.258011e+02  2.820064e+01  6.605139e-15 
  998.000  6.222445e+02  2.795236e+01 -9.986262e-15 
  999.000  6.202661e+02  2.779440e+01  6.565252e-15 
 1000.000  6.157325e+02  2.754166e+01 -6.512674e-15 
 1001.000  6.165996e+02  2.747441e+01  6.448638e-15 
 1002.000  6.116485e+02  2.711707e+01 -1.323496e-14 
 1003.000  6.055212e+02  2.680734e+01 -8.990985e-16 
 1004.000  6.028255e+02  2.667708e+01  7.153448e-15 
 1005.000  5.640791e+02  2.492998e+01  4.724576e-15 
 1006.000  5.940350e+02  2.619655e+01  6.520378e-15 
 1007.000  6.041620e+02  2.658125e+01 -3.277323e-16 
 1008.000  6.034855e+02  2.643275e+01 -9.222990e-15 
 1009.000  5.955040e+02  2.595130e+01 -1.222269e-14 
 1010.000  5.997186e+02  2.611440e+01 -1.068794e-14 
 1011.000  6.011232e+02  2.620706e+01 -9.027816e-15 
 1012.000  6.031019e+02  2.626395e+01 -3.308951e-15 
 1013.000  6.001132e+02  2.611055e+01  3.064032e-15 
 1014.000  6.045734e+02  2.626293e+01  1.850037e-14 
 1015.000  5.935527e+02  2.573302e+01 -6.052792e-15 
 1016.000  5.979927e+02  2.588560e+01 -1.544546e-14 
 1017.000  5.924769e+02  2.560156e+01 -9.478193e-15 
 1018.000  5.994982e+02  2.583366e+01  1.222001e-14 
 1019.000  5.844062e+02  2.509638e+01 -3.201052e-15 
 1020.000  5.837181e+02  2.502696e+01 -1.511320e-14 
 1021.000  5.905889e+02  2.529417e+01  2.576424e-15 
 1022.000  5.800604e+02  2.475040e+01  3.177984e-15 
 1023.000  5.898080e+02  2.509107e+01 -2.226120e-15 
 1024.000  5.859733e+02  2.485835e+01 -1.874341e-14 
 1025.000  5.884082e+02  2.495926e+01  2.157611e-16 
 1026.000  5.902800e+02  2.501515e+01  2.791440e-15 
 1027.000  5.862879e+02  2.478278e+01  1.815391e-14 
 1028.000  5.881074e+02  2.481814e+01  1.519780e-14 
 1029.000  5.802652e+02  2.446420e+01  6.352684e-16 
 1030.000  5.871267e+02  2.472797e+01  2.786738e-14 
 1031.000  5.858135e+02  2.463510e+01  2.373929e-14 
 1032.000  5.841887e+02  2.452631e+01 -3.168741e-15 
 1033.000  5.735720e+02  2.403341e+01 -6.220709e-15 
 1034.000  5.798844e+02  2.425372e+01  9.007495e-15 
 1035.000  5.738464e+02  2.395462e+01 -2.320822e-14 
 1036.000  5.813003e+02  2.421504e+01  3.569122e-14 
 1037.000  5.691088e+02  2.365933e+01 -3.083897e-15 
 1038.000  5.747975e+02  2.384790e+01 -1.120497e-14 
 1039.000  5.770943e+02  2.389022e+01  3.127455e-15 
 1040.000  5.702274e+02  2.355444e+01 -8.858814e-15 
 1041.000  5.732040e+02  2.362599e+01  3.107721e-15 
 1042.000  5.748876e+02  2.364548e+01  4.175985e-16 
 1043.000  5.649731e+02  2.318943e+01  2.327474e-14 
 1044.000  5.705413e+02  2.336760e+01 -6.187995e-15 
 1045.000  5.679937e+02  2.320921e+01 -2.669033e-15 
 1046.000  5.513918e+02  2.248045e+01 -2.592007e-15 
 1047.000  5.614208e+02  2.283745e+01 -8.738172e-15 
 1048.000  5.669203e+02  2.300920e+01 -1.457790e-14 
 1049.000  5.631755e+02  2.280620e+01 -2.857190e-15 
 1050.000  5.596579e+02  2.261059e+01 -2.637207e-15 
 1051.000  5.594714e+02  2.254643e+01  2.335484e-14 
 1052.000  5.567061e+02  2.238263e+01  6.067559e-15 
 1053.000  5.569156e+02  2.234378e+01 -5.664059e-15 
 1054.000  5.509530e+02  2.204928e+01 -5.608791e-15 
 1055.000  5.547499e+02  2.214567e+01  6.261795e-15 
 1056.000  5.530718e+02  2.202539e+01 -3.427851e-15 
 1057.000  5.516014e+02  2.190202e+01  0.000000e+00 
 1058.000  5.448828e+02  2.155562e+01  0.000000e+00 
 1059.000  5.277983e+02  2.083910e+01 -2.706567e-15 
 1060.000  5.472932e+02  2.158260e+01  1.120657e-14 
 1061.000  5.280190e+02  2.078170e+01  2.704244e-15 
 1062.000  5.421211e+02  2.127818e+01 -5.765522e-15 
 1063.000  5.327305e+02  2.086654e+01  1.965254e-16 
 1064.000  5.391469e+02  2.106352e+01 -1.992943e-16 
 1065.000  5.377682e+02  2.095076e+01 -5.550021e-15 
 1066.000  5.213329e+02  2.027678e+01 -1.075830e-14 
 1067.000  5.334031e+02  2.069919e+01  5.312666e-15 
 1068.000  5.298668e+02  2.049346e+01  2.446780e-15 
 1069.000  4.892908e+02  1.887322e+01  1.366988e-15 
 1070.000  5.186055e+02  1.997391e+01 -4.581799e-15 
 1071.000  5.186177e+02  1.991768e+01 -2.698170e-15 
 1072.000  5.192997e+02  1.988822e+01  5.259559e-16 
 1073.000  5.020789e+02  1.919205e+01 -2.495024e-15 
 1074.000  5.199152e+02  1.984339e+01  4.467431e-15 
 1075.000  5.053228e+02  1.928421e+01 -6.714390e-15 
 1076.000  5.154855e+02  1.961904e+01 -1.623388e-15 
 1077.000  5.131453e+02  1.947184e+01 -8.589520e-16 
 1078.000  5.131876e+02  1.941238e+01  3.690856e-15 
 1079.000  4.931477e+02  1.861950e+01 -5.590886e-15 
 1080.000  5.037268e+02  1.891988e+01 -1.074968e-15 
 1081.000  4.850739e+02  1.818540e+01 -1.202668e-15 
 1082.000  4.930726e+02  1.848155e+01  9.058292e-15 
 1083.000  4.777463e+02  1.784496e+01  2.972363e-15 
 1084.000  4.936261e+02  1.837352e+01  5.022232e-15 
 1085.000  4.814739e+02  1.782247e+01 -1.025949e-15 
 1086.000  4.891554e+02  1.809143e+01 -1.348114e-15 
 1087.000  4.651728e+02  1.725105e+01 -2.209035e-15 
 1088.000  4.937288e+02  1.828301e+01  2.342697e-15 
 1089.000  4.674030e+02  1.718726e+01 -2.436790e-15 
 1090.000  4.761439e+02  1.746346e+01 -2.243058e-15 
 1091.000  4.807405e+02  1.761733e+01 -3.055646e-15 
 1092.000  4.658331e+02  1.700352e+01 -1.771416e-15 
 1093.000  4.516368e+02  1.638679e+01 -3.562112e-15 
 1094.000  4.076502e+02  1.474218e+01 -3.588469e-15 
 1095.000  4.418542e+02  1.595516e+01 -6.322588e-16 
 1096.000  4.406005e+02  1.588404e+01 -1.426390e-15 
 1097.000  4.330158e+02  1.557080e+01 -5.471924e-16 
 1098.000  4.057055e+02  1.445255e+01 -3.751560e-15 
 1099.000  3.868051e+02  1.365795e+01  1.446539e-18 
 1100.000  3.947622e+02  1.392204e+01 -6.291330e-16 
