  400.000  9.063900e-03  4.021798e+01 -1.732662e-15 
  401.000  9.606774e-03  3.994920e+01  4.933029e-16 
  402.000  1.084858e-02  4.231116e+01 -4.660699e-15 
  403.000  1.081946e-02  3.960278e+01  2.207535e-15 
  404.000  1.237043e-02  4.252971e+01  4.948902e-17 
  405.000  1.206007e-02  3.897551e+01  3.140518e-15 
  406.000  1.271678e-02  3.865561e+01  6.635162e-15 
  407.000  1.315040e-02  3.762349e+01 -3.959370e-15 
  408.000  1.511682e-02  4.073238e+01 -6.488967e-15 
  409.000  1.774110e-02  4.505555e+01  9.997266e-16 
  410.000  1.571495e-02  3.764267e+01 -5.908597e-15 
  411.000  1.953852e-02  4.417243e+01  2.543745e-15 
  412.000  2.141955e-02  4.573668e+01 -3.524606e-15 
  413.000  2.139615e-02  4.317505e+01 -6.996923e-15 
  414.000  2.216182e-02  4.228879e+01  1.554366e-15 
  415.000  2.497526e-02  4.509220e+01  3.679341e-15 
  416.000  2.620470e-02  4.480562e+01  1.807883e-15 
  417.000  2.680386e-02  4.342374e+01  1.657789e-15 
  418.000  2.763915e-02  4.244769e+01  7.913613e-16 
  419.000  2.982499e-02  4.345610e+01 -2.252784e-15 
  420.000  2.657675e-02  3.675503e+01  4.506774e-16 
  421.000  3.503956e-02  4.601784e+01  5.418256e-15 
  422.000  3.531717e-02  4.406503e+01 -6.592050e-15 
  423.000  3.136009e-02  3.719145e+01 -3.852794e-15 
  424.000  3.624424e-02  4.088007e+01  3.531335e-15 
  425.000  3.940767e-02  4.230149e+01 -4.625324e-15 
  426.000  3.974652e-02  4.062754e+01  6.944369e-16 
  427.000  4.009115e-02  3.904515e+01  4.891162e-16 
  428.000  4.254772e-02  3.949615e+01  1.104541e-15 
  429.000  4.054609e-02  3.589269e+01 -1.618131e-15 
  430.000  3.387045e-02  2.860972e+01  2.538906e-15 
  431.000  3.186557e-02  2.569462e+01  4.325893e-16 
  432.000  5.999240e-02  4.620023e+01  2.302039e-15 
  433.000  5.582470e-02  4.108059e+01 -2.397700e-15 
  434.000  5.544344e-02  3.900402e+01  5.383864e-15 
  435.000  6.300381e-02  4.239074e+01 -3.220191e-16 
  436.000  7.293031e-02  4.695530e+01 -1.474628e-15 
  437.000  7.682839e-02  4.735820e+01  3.833243e-15 
  438.000  7.177511e-02  4.237785e+01 -1.376724e-15 
  439.000  7.240542e-02  4.096531e+01 -1.415565e-15 
  440.000  8.453826e-02  4.586399e+01  1.888489e-15 
  441.000  8.774033e-02  4.566506e+01 -2.395429e-15 
  442.000  9.615564e-02  4.803955e+01 -1.845320e-15 
  443.000  1.006647e-01  4.830413e+01 -2.890738e-15 
  444.000  1.039355e-01  4.793237e+01 -2.200844e-15 
  445.000  1.135289e-01  5.035406e+01 -2.512970e-17 
  446.000  1.048401e-01  4.475843e+01 -4.818856e-15 
  447.000  1.242007e-01  5.100216e+01 -1.204211e-15 
  448.000  1.314490e-01  5.184297e+01 -2.822325e-15 
  449.000  1.378326e-01  5.219720e+01  4.015960e-15 
  450.000  1.465635e-01  5.333203e+01  2.444398e-15 
  451.000  1.646179e-01  5.761456e+01 -4.170475e-15 
  452.000  1.588786e-01  5.352449e+01 -2.833056e-15 
  453.000  1.530079e-01  4.964824e+01  6.714210e-15 
  454.000  1.691300e-01  5.288956e+01  2.286404e-15 
  455.000  1.763996e-01  5.318291e+01  2.233820e-16 
  456.000  1.868878e-01  5.434861e+01  9.102870e-15 
  457.000  1.943993e-01  5.453460e+01  4.598490e-15 
  458.000  1.974616e-01  5.345877e+01 -5.336893e-15 
  459.000  2.040094e-01  5.333243e+01 -1.217783e-15 
  460.000  2.089159e-01  5.275116e+01 -3.398541e-15 
  461.000  2.235758e-01  5.454320e+01 -1.947406e-16 
  462.000  2.269968e-01  5.353384e+01  4.805207e-15 
  463.000  2.342804e-01  5.343171e+01 -6.300875e-16 
  464.000  2.431709e-01  5.366497e+01 -2.068640e-15 
  465.000  2.477464e-01  5.293407e+01  5.412495e-16 
  466.000  2.641003e-01  5.466018e+01  2.294695e-15 
  467.000  2.630609e-01  5.277127e+01 -1.251575e-15 
  468.000  2.867243e-01  5.578507e+01 -5.208596e-15 
  469.000  2.919186e-01  5.515104e+01  8.283430e-15 
  470.000  2.951887e-01  5.422630e+01  4.606823e-15 
  471.000  3.014854e-01  5.393727e+01 -7.078809e-15 
  472.000  3.116370e-01  5.435727e+01 -6.577046e-15 
  473.000  3.138692e-01  5.344510e+01 -7.395471e-16 
  474.000  3.215395e-01  5.352794e+01  1.273362e-16 
  475.000  3.377295e-01  5.523526e+01 -4.225946e-15 
  476.000  3.282775e-01  5.300369e+01  3.705242e-15 
  477.000  3.278340e-01  5.204858e+01 -2.723627e-15 
  478.000  3.558473e-01  5.451521e+01 -1.864557e-15 
  479.000  3.560192e-01  5.213392e+01 -2.260250e-15 
  480.000  3.816243e-01  5.330847e+01  1.450822e-15 
  481.000  3.967329e-01  5.308056e+01 -5.380297e-15 
  482.000  4.218511e-01  5.428241e+01 -7.230674e-15 
  483.000  4.378024e-01  5.436647e+01 -1.173307e-15 
  484.000  4.345326e-01  5.224344e+01 -1.196773e-15 
  485.000  4.505991e-01  5.255944e+01  1.437616e-16 
  486.000  3.759049e-01  4.259836e+01  1.756706e-15 
  487.000  4.345901e-01  4.789621e+01 -4.121017e-16 
  488.000  4.849499e-01  5.201530e+01 -3.168096e-15 
  489.000  4.630669e-01  4.835861e+01  3.281867e-15 
  490.000  5.413775e-01  5.505941e+01 -8.319521e-17 
  491.000  5.191419e-01  5.142269e+01 -1.484679e-15 
  492.000  5.107868e-01  4.929341e+01 -2.423048e-15 
  493.000  5.631692e-01  5.295994e+01  2.377190e-15 
  494.000  5.566720e-01  5.103337e+01  5.137490e-15 
  495.000  6.088937e-01  5.442062e+01  2.622990e-15 
  496.000  6.049734e-01  5.270105e+01  5.832352e-15 
  497.000  5.986368e-01  5.082926e+01  4.066068e-15 
  498.000  5.961064e-01  4.934508e+01 -4.589913e-15 
  499.000  6.062285e-01  4.894183e+01 -8.623304e-16 
  500.000  6.151971e-01  4.844668e+01  1.948309e-15 
  501.000  6.126512e-01  4.707771e+01  6.077335e-15 
  502.000  6.199976e-01  4.649295e+01  1.191168e-15 
  503.000  6.691074e-01  4.897521e+01 -1.027029e-15 
  504.000  6.338766e-01  4.529778e+01  4.045928e-15 
  505.000  6.958859e-01  4.856760e+01  2.825027e-15 
  506.000  7.614446e-01  5.193017e+01  3.210631e-15 
  507.000  7.242060e-01  4.827151e+01  4.031311e-16 
  508.000  7.099351e-01  4.625124e+01 -5.761827e-15 
  509.000  7.823367e-01  4.982870e+01 -7.749319e-15 
  510.000  7.743760e-01  4.823339e+01 -8.192467e-16 
  511.000  7.906545e-01  4.816737e+01  5.242125e-16 
  512.000  8.467406e-01  5.046197e+01  1.962178e-15 
  513.000  7.907003e-01  4.610111e+01  1.744601e-15 
  514.000  7.896478e-01  4.505203e+01  5.669404e-15 
  515.000  8.222341e-01  4.591072e+01  1.350702e-15 
  516.000  8.794108e-01  4.805923e+01 -5.340603e-15 
  517.000  6.585087e-01  3.522866e+01  3.049506e-15 
  518.000  8.285855e-01  4.340143e+01 -3.170013e-15 
  519.000  7.977129e-01  4.091787e+01  7.443868e-16 
  520.000  8.923836e-01  4.483081e+01 -1.687158e-16 
  521.000  9.067486e-01  4.462989e+01 -1.055195e-15 
  522.000  9.564015e-01  4.614211e+01  1.113923e-16 
  523.000  9.028006e-01  4.273014e+01 -2.738919e-15 
  524.000  9.926127e-01  4.609020e+01 -2.662313e-15 
  525.000  9.972093e-01  4.544754e+01  4.353363e-16 
  526.000  9.633092e-01  4.306811e+01  8.815969e-16 
  527.000  8.517417e-01  3.737143e+01 -1.402061e-15 
  528.000  1.034798e+00  4.456583e+01 -9.148960e-15 
  529.000  1.076468e+00  4.550885e+01 -6.984990e-16 
  530.000  1.029027e+00  4.270360e+01  2.884244e-15 
  531.000  1.133198e+00  4.616378e+01 -5.172924e-15 
  532.000  1.094684e+00  4.376151e+01 -3.678766e-15 
  533.000  9.767187e-01  3.830688e+01  2.413992e-15 
  534.000  1.081195e+00  4.154830e+01  4.005181e-15 
  535.000  1.124435e+00  4.230349e+01 -2.260669e-15 
  536.000  1.215689e+00  4.479193e+01  5.431645e-15 
  537.000  1.148065e+00  4.145524e+01 -2.536971e-16 
  538.000  1.221961e+00  4.327523e+01 -1.624080e-15 
  539.000  1.237616e+00  4.300553e+01 -1.321537e-15 
  540.000  1.230116e+00  4.195720e+01  2.030706e-15 
  541.000  1.145353e+00  3.835449e+01 -1.703589e-15 
  542.000  1.296856e+00  4.264875e+01  1.384112e-15 
  543.000  1.258813e+00  4.066418e+01  6.369047e-15 
  544.000  1.346147e+00  4.272566e+01 -6.747198e-15 
  545.000  1.343647e+00  4.190598e+01  2.164223e-15 
  546.000  1.330931e+00  4.079496e+01  3.264318e-15 
  547.000  1.405720e+00  4.234576e+01 -2.437524e-15 
  548.000  1.321162e+00  3.912093e+01 -1.145460e-15 
  549.000  1.408307e+00  4.099548e+01 -8.261787e-16 
  550.000  1.394121e+00  3.989988e+01 -2.066713e-15 
  551.000  1.400999e+00  3.943510e+01 -2.130755e-16 
  552.000  1.477975e+00  4.091512e+01 -6.622007e-16 
  553.000  1.435614e+00  3.909809e+01  1.104705e-16 
  554.000  1.498447e+00  4.015481e+01  2.907279e-15 
  555.000  1.518617e+00  4.004796e+01  1.709025e-15 
  556.000  1.491859e+00  3.872222e+01  4.149442e-15 
  557.000  1.461176e+00  3.734224e+01 -8.046902e-16 
  558.000  1.530472e+00  3.852068e+01 -2.686824e-15 
  559.000  1.459322e+00  3.618176e+01  3.450678e-15 
  560.000  1.477330e+00  3.610210e+01  2.642884e-15 
  561.000  1.635240e+00  3.940710e+01  7.552626e-16 
  562.000  1.502294e+00  3.585761e+01 -2.877292e-15 
  563.000  1.580270e+00  3.724551e+01 -8.206139e-17 
  564.000  1.563241e+00  3.643215e+01 -2.192461e-15 
  565.000  1.579873e+00  3.651789e+01  3.058262e-15 
  566.000  1.462166e+00  3.339969e+01 -2.508415e-15 
  567.000  1.555895e+00  3.538215e+01 -2.887690e-15 
  568.000  1.505648e+00  3.461285e+01 -3.372737e-16 
  569.000  1.265783e+00  3.255151e+01 -7.906459e-16 
  570.000  1.288659e+00  3.257783e+01  9.427018e-16 
  571.000  1.415276e+00  3.195445e+01  2.290311e-15 
  572.000  1.314133e+00  3.264760e+01  3.493030e-16 
  573.000  1.345552e+00  3.283253e+01  8.403734e-16 
  574.000  1.451825e+00  3.274987e+01 -2.018817e-15 
  575.000  1.309764e+00  3.139344e+01 -1.937929e-16 
  576.000  1.294260e+00  3.074155e+01 -1.583003e-16 
  577.000  1.488988e+00  3.241592e+01 -1.083478e-15 
  578.000  1.495496e+00  3.169672e+01  1.817480e-15 
  579.000  1.541556e+00  3.176750e+01  2.709795e-16 
  580.000  1.669241e+00  3.331822e+01 -2.418323e-15 
  581.000  1.734747e+00  3.332567e+01 -1.104523e-15 
  582.000  1.838273e+00  3.428128e+01 -6.354336e-16 
  583.000  1.913794e+00  3.485563e+01  4.359336e-15 
  584.000  1.966217e+00  3.504511e+01 -3.515968e-15 
  585.000  1.997540e+00  3.500312e+01 -2.145638e-15 
  586.000  1.951102e+00  3.365315e+01 -2.844715e-15 
  587.000  2.021198e+00  3.488039e+01 -2.568350e-16 
  588.000  1.687295e+00  3.295675e+01  1.238974e-15 
  589.000  1.273628e+00  2.737049e+01 -1.234724e-15 
  590.000  1.332143e+00  2.845044e+01  9.369228e-16 
  591.000  1.610247e+00  3.152799e+01 -8.373243e-16 
  592.000  1.503863e+00  3.018822e+01 -7.880401e-17 
  593.000  1.756116e+00  3.207500e+01  2.376384e-15 
  594.000  1.738929e+00  3.194974e+01 -1.592947e-15 
  595.000  1.571659e+00  3.019484e+01  5.210948e-16 
  596.000  1.856095e+00  3.240067e+01  1.870057e-16 
  597.000  1.822014e+00  3.190160e+01  1.105421e-15 
  598.000  1.900987e+00  3.171162e+01 -4.272385e-16 
  599.000  1.961264e+00  3.177149e+01  1.427693e-16 
  600.000  2.077538e+00  3.209600e+01  2.438954e-15 
  601.000  2.290673e+00  3.231068e+01 -1.789639e-15 
  602.000  2.299548e+00  3.182458e+01  3.313135e-15 
  603.000  2.363345e+00  3.210751e+01  1.407419e-15 
  604.000  2.484383e+00  3.331136e+01 -6.130705e-15 
  605.000  2.538594e+00  3.344136e+01  1.072979e-15 
  606.000  2.549993e+00  3.317252e+01  2.651323e-16 
  607.000  2.575272e+00  3.309724e+01  2.769764e-15 
  608.000  2.602908e+00  3.307673e+01  1.353891e-15 
  609.000  2.611494e+00  3.282763e+01  1.112820e-15 
  610.000  2.604805e+00  3.239799e+01  2.041729e-15 
  611.000  2.683961e+00  3.304443e+01  2.984654e-15 
  612.000  2.684963e+00  3.272895e+01 -1.418449e-15 
  613.000  2.680218e+00  3.235703e+01  1.104843e-15 
  614.000  2.615844e+00  3.128508e+01  2.526986e-15 
  615.000  2.775375e+00  3.288441e+01 -8.112132e-16 
  616.000  2.670223e+00  3.135495e+01  3.239619e-15 
  617.000  2.714896e+00  3.160909e+01 -3.804263e-15 
  618.000  2.870229e+00  3.314802e+01 -4.842214e-15 
  619.000  2.866847e+00  3.286490e+01  2.592833e-16 
  620.000  2.930462e+00  3.336010e+01 -2.824406e-15 
  621.000  2.998676e+00  3.392329e+01 -5.110067e-16 
  622.000  2.853605e+00  3.210373e+01  8.404174e-16 
  623.000  2.882699e+00  3.229116e+01 -7.115374e-16 
  624.000  2.893471e+00  3.226732e+01  2.456756e-15 
  625.000  2.820192e+00  3.132427e+01 -3.246252e-15 
  626.000  2.800916e+00  3.125798e+01  0.000000e+00 
  627.000  2.767024e+00  3.127328e+01 -1.675350e-16 
  628.000  2.282730e+00  2.885835e+01 -5.642968e-16 
  629.000  2.507778e+00  3.057223e+01  1.661911e-15 
  630.000  2.551057e+00  2.999904e+01 -4.719640e-16 
  631.000  2.733714e+00  3.147380e+01 -4.774337e-16 
  632.000  2.497272e+00  2.916784e+01  7.706438e-16 
  633.000  3.046238e+00  3.229229e+01  1.025688e-15 
  634.000  3.063152e+00  3.182307e+01  1.500078e-15 
  635.000  3.189487e+00  3.272876e+01 -1.572927e-15 
  636.000  3.180447e+00  3.202047e+01  6.271705e-16 
  637.000  3.382156e+00  3.348376e+01 -1.072969e-15 
  638.000  3.568060e+00  3.452378e+01  1.022921e-15 
  639.000  3.628245e+00  3.460227e+01 -2.217399e-15 
  640.000  3.619685e+00  3.392498e+01  6.281485e-16 
  641.000  3.738675e+00  3.466550e+01  1.924500e-15 
  642.000  3.778568e+00  3.453888e+01  2.599602e-16 
  643.000  3.858399e+00  3.514115e+01  1.723730e-16 
  644.000  3.883455e+00  3.497229e+01  1.109111e-15 
  645.000  3.894411e+00  3.517319e+01 -3.640583e-15 
  646.000  3.260473e+00  3.249006e+01  2.032349e-16 
  647.000  3.129602e+00  3.212533e+01  1.503260e-15 
  648.000  2.941984e+00  3.119720e+01 -7.088728e-16 
  649.000  3.227152e+00  3.276070e+01 -2.328020e-15 
  650.000  3.416529e+00  3.203617e+01  4.413540e-16 
  651.000  3.719473e+00  3.458803e+01  1.700826e-15 
  652.000  3.313079e+00  3.249676e+01  8.184726e-16 
  653.000  3.862693e+00  3.498003e+01 -8.138858e-16 
  654.000  3.802495e+00  3.442564e+01  7.205967e-17 
  655.000  3.575366e+00  3.297432e+01  2.566969e-15 
  656.000  3.115916e+00  2.824278e+01  8.350043e-16 
  657.000  3.443199e+00  3.050819e+01  5.066393e-16 
  658.000  4.041210e+00  3.461333e+01  2.080477e-16 
  659.000  4.192052e+00  3.508295e+01 -1.319724e-16 
  660.000  4.556128e+00  3.588480e+01 -2.324100e-15 
  661.000  4.738760e+00  3.645872e+01  4.657208e-16 
  662.000  4.916439e+00  3.726849e+01  2.418595e-15 
  663.000  4.907418e+00  3.693206e+01 -1.488911e-15 
  664.000  4.889281e+00  3.645710e+01 -2.040603e-15 
  665.000  4.983975e+00  3.678104e+01  3.260754e-16 
  666.000  5.115579e+00  3.738212e+01 -4.487999e-15 
  667.000  5.078166e+00  3.678280e+01 -2.484440e-15 
  668.000  5.198058e+00  3.721387e+01 -1.846370e-15 
  669.000  5.347086e+00  3.790277e+01 -2.231999e-15 
  670.000  5.346715e+00  3.757197e+01  2.411241e-15 
  671.000  5.358284e+00  3.730892e+01  1.082506e-15 
  672.000  5.400153e+00  3.729634e+01  4.958347e-16 
  673.000  5.497652e+00  3.766962e+01 -2.874916e-15 
  674.000  5.567253e+00  3.784771e+01 -3.570024e-15 
  675.000  5.541014e+00  3.737391e+01 -8.387739e-16 
  676.000  5.703110e+00  3.817316e+01  1.988678e-15 
  677.000  5.644808e+00  3.749190e+01 -4.588751e-15 
  678.000  5.794954e+00  3.819230e+01 -4.105054e-16 
  679.000  5.756311e+00  3.769609e+01  2.283313e-15 
  680.000  5.698597e+00  3.729576e+01  5.621938e-15 
  681.000  5.740151e+00  3.730847e+01 -6.308312e-16 
  682.000  5.789398e+00  3.731685e+01 -3.732982e-16 
  683.000  5.854859e+00  3.754813e+01  3.085933e-15 
  684.000  5.763017e+00  3.682169e+01  3.031789e-15 
  685.000  5.918236e+00  3.741684e+01  1.001945e-15 
  686.000  5.636712e+00  3.550234e+01  1.896024e-15 
  687.000  2.772209e+00  2.356823e+01  3.996398e-16 
  688.000  3.477764e+00  2.675952e+01  5.284121e-16 
  689.000  3.289182e+00  2.584850e+01 -2.836768e-16 
  690.000  3.717695e+00  2.775442e+01  1.023334e-15 
  691.000  4.282536e+00  3.045164e+01 -4.408523e-16 
  692.000  4.531516e+00  3.168899e+01 -1.130630e-15 
  693.000  4.065551e+00  3.023480e+01 -4.899578e-16 
  694.000  3.644364e+00  2.893257e+01  5.219771e-17 
  695.000  3.908152e+00  2.961051e+01  1.018075e-15 
  696.000  4.191674e+00  3.074067e+01 -3.346237e-16 
  697.000  5.336036e+00  3.466618e+01  1.684741e-15 
  698.000  5.016727e+00  3.323066e+01  7.013394e-16 
  699.000  4.167489e+00  3.036071e+01  1.743961e-16 
  700.000  4.277453e+00  3.048995e+01 -1.286901e-15 
  701.000  4.016941e+00  2.911672e+01 -4.392277e-16 
  702.000  4.161740e+00  2.945608e+01 -1.065984e-15 
  703.000  5.056669e+00  3.270883e+01 -1.222363e-15 
  704.000  5.147377e+00  3.293188e+01 -8.416315e-16 
  705.000  4.858938e+00  3.192999e+01  4.044940e-16 
  706.000  4.907766e+00  3.181133e+01  8.952585e-16 
  707.000  4.992260e+00  3.174814e+01 -8.910820e-16 
  708.000  5.318605e+00  3.314062e+01 -5.552720e-16 
  709.000  5.467567e+00  3.288852e+01  4.036347e-16 
  710.000  5.290565e+00  3.259256e+01 -1.348412e-15 
  711.000  5.607598e+00  3.328642e+01  6.736415e-16 
  712.000  5.858811e+00  3.362891e+01  6.986644e-16 
  713.000  5.616083e+00  3.278810e+01  3.786317e-16 
  714.000  5.643161e+00  3.305253e+01  1.097420e-15 
  715.000  5.072502e+00  3.068175e+01 -5.632227e-16 
  716.000  4.797714e+00  3.014403e+01  4.528430e-16 
  717.000  2.887216e+00  2.337460e+01 -6.468077e-16 
  718.000  2.073795e+00  2.006737e+01 -1.622329e-16 
  719.000  1.813197e+00  1.874779e+01  2.320319e-16 
  720.000  1.561292e+00  1.749145e+01  1.944828e-16 
  721.000  3.287366e+00  2.442857e+01  1.421650e-15 
  722.000  4.287070e+00  2.778876e+01  4.194971e-16 
  723.000  3.759520e+00  2.597029e+01  1.032527e-16 
  724.000  2.528946e+00  2.168114e+01  1.689464e-16 
  725.000  2.656351e+00  2.199764e+01  1.419937e-16 
  726.000  2.621994e+00  2.175307e+01 -6.279397e-17 
  727.000  2.843494e+00  2.266327e+01 -4.232354e-16 
  728.000  2.646129e+00  2.162714e+01 -5.056929e-16 
  729.000  3.001152e+00  2.231959e+01  7.530343e-16 
  730.000  3.070616e+00  2.288659e+01  6.047019e-17 
  731.000  2.965638e+00  2.220414e+01 -2.009877e-17 
  732.000  3.940200e+00  2.547476e+01  2.166165e-16 
  733.000  4.976873e+00  2.821582e+01 -1.195845e-15 
  734.000  5.754648e+00  3.064917e+01  7.322706e-16 
  735.000  5.530017e+00  2.973923e+01  7.582368e-16 
  736.000  5.077653e+00  2.802946e+01 -5.413421e-16 
  737.000  5.470653e+00  2.922825e+01 -2.011820e-15 
  738.000  5.926890e+00  3.037555e+01 -1.001889e-15 
  739.000  5.968813e+00  2.990033e+01  1.039510e-15 
  740.000  6.531019e+00  3.131157e+01  1.196679e-15 
  741.000  6.794886e+00  3.165806e+01 -8.283091e-16 
  742.000  6.837514e+00  3.136011e+01  5.160624e-16 
  743.000  7.633803e+00  3.295857e+01  1.458924e-15 
  744.000  7.852499e+00  3.345807e+01 -4.241538e-15 
  745.000  7.768281e+00  3.273167e+01  2.138467e-15 
  746.000  7.983950e+00  3.331269e+01  5.410863e-16 
  747.000  8.167533e+00  3.385265e+01 -2.514010e-17 
  748.000  8.104456e+00  3.334692e+01 -1.006179e-15 
  749.000  8.183917e+00  3.343733e+01 -1.055588e-15 
  750.000  8.089280e+00  3.286196e+01  1.693050e-15 
  751.000  8.115864e+00  3.277708e+01  1.061619e-15 
  752.000  8.358804e+00  3.345536e+01  9.844399e-17 
  753.000  8.366291e+00  3.321072e+01  5.553870e-15 
  754.000  8.568690e+00  3.377158e+01  0.000000e+00 
  755.000  8.568760e+00  3.357743e+01 -1.420266e-15 
  756.000  8.451502e+00  3.292360e+01 -4.083950e-16 
  757.000  8.554272e+00  3.314264e+01 -1.063967e-15 
  758.000  8.471923e+00  3.270107e+01 -1.087724e-15 
  759.000  5.611668e+00  2.517970e+01  1.463378e-15 
  760.000  1.437236e-01  3.297507e+00  1.446097e-17 
  761.000  8.554920e-02  2.648335e+00 -1.022258e-18 
  762.000  1.087145e+00  8.827324e+00  7.731149e-17 
  763.000  5.783576e-01  6.308416e+00  9.032164e-17 
  764.000  8.174231e-01  7.563748e+00  8.111892e-17 
  765.000  1.666258e+00  1.140515e+01 -1.572693e-16 
  766.000  3.513915e+00  1.776902e+01  6.174711e-16 
  767.000  5.081779e+00  2.250115e+01  9.224253e-16 
  768.000  6.646515e+00  2.728946e+01 -1.501065e-15 
  769.000  7.708404e+00  2.985351e+01 -4.812462e-17 
  770.000  8.282544e+00  3.127237e+01  1.770566e-15 
  771.000  8.870889e+00  3.194782e+01  2.793004e-16 
  772.000  8.928046e+00  3.192886e+01  3.108958e-15 
  773.000  8.942132e+00  3.180408e+01 -9.699623e-16 
  774.000  9.086330e+00  3.222357e+01  1.470683e-15 
  775.000  8.840887e+00  3.111994e+01 -1.234570e-15 
  776.000  9.286502e+00  3.246366e+01  1.355676e-15 
  777.000  9.257581e+00  3.220897e+01 -3.573859e-15 
  778.000  9.221202e+00  3.196499e+01 -6.231386e-16 
  779.000  9.263695e+00  3.199360e+01  1.320256e-15 
  780.000  9.161399e+00  3.152258e+01 -1.990511e-15 
  781.000  9.256327e+00  3.155795e+01 -2.991785e-15 
  782.000  9.377439e+00  3.185784e+01 -2.334526e-15 
  783.000  9.170581e+00  3.104000e+01  1.264038e-15 
  784.000  9.254224e+00  3.113410e+01  1.634839e-15 
  785.000  9.181156e+00  3.091472e+01  2.847244e-15 
  786.000  8.899327e+00  3.008302e+01 -4.504796e-17 
  787.000  8.366500e+00  2.974313e+01  1.831160e-15 
  788.000  8.056969e+00  2.890200e+01 -6.534632e-16 
  789.000  7.397612e+00  2.768728e+01 -1.313371e-15 
  790.000  7.281835e+00  2.724037e+01 -1.610460e-15 
  791.000  7.402422e+00  2.732448e+01 -1.773737e-15 
  792.000  7.439041e+00  2.709685e+01 -1.468199e-15 
  793.000  7.757033e+00  2.757388e+01 -3.076971e-15 
  794.000  8.331631e+00  2.829969e+01 -3.182619e-16 
  795.000  7.932768e+00  2.748725e+01 -2.931705e-15 
  796.000  7.086396e+00  2.605187e+01  5.743776e-16 
  797.000  7.437922e+00  2.674206e+01 -1.300024e-15 
  798.000  8.122663e+00  2.789546e+01  9.677998e-16 
  799.000  7.995894e+00  2.758356e+01  1.993718e-15 
  800.000  7.348752e+00  2.599064e+01  8.940119e-16 
  801.000  7.566911e+00  2.654292e+01 -1.365110e-15 
  802.000  7.531628e+00  2.636841e+01  2.893694e-15 
  803.000  7.519917e+00  2.608596e+01 -7.497423e-16 
  804.000  7.845582e+00  2.669982e+01 -3.810867e-16 
  805.000  8.088226e+00  2.665919e+01  6.467272e-16 
  806.000  8.606797e+00  2.777412e+01 -2.747920e-16 
  807.000  8.598166e+00  2.759475e+01 -2.169913e-16 
  808.000  8.421405e+00  2.715415e+01  1.317427e-15 
  809.000  8.117789e+00  2.636243e+01 -6.729557e-16 
  810.000  7.894615e+00  2.586585e+01 -3.609274e-16 
  811.000  7.616542e+00  2.550906e+01 -2.363436e-16 
  812.000  7.053156e+00  2.434320e+01  4.920015e-16 
  813.000  6.425024e+00  2.297200e+01  8.137172e-16 
  814.000  5.704899e+00  2.146414e+01  3.340951e-16 
  815.000  4.840955e+00  1.961630e+01  2.570573e-16 
  816.000  3.970109e+00  1.766969e+01  5.253773e-16 
  817.000  4.021165e+00  1.780177e+01  5.497086e-16 
  818.000  4.068485e+00  1.779625e+01 -7.081242e-16 
  819.000  4.254643e+00  1.786750e+01 -1.454797e-16 
  820.000  5.159826e+00  1.942699e+01  4.400553e-16 
  821.000  6.710200e+00  2.278367e+01 -8.216260e-16 
  822.000  5.508204e+00  2.002664e+01  6.854131e-16 
  823.000  3.403826e+00  1.575732e+01 -5.653350e-16 
  824.000  5.305626e+00  1.976060e+01 -2.830802e-16 
  825.000  6.909204e+00  2.282891e+01  5.416880e-16 
  826.000  6.723171e+00  2.240005e+01 -6.393667e-17 
  827.000  6.505397e+00  2.186731e+01 -7.380217e-17 
  828.000  5.485898e+00  1.982565e+01  8.930636e-17 
  829.000  5.847588e+00  2.044441e+01  2.572135e-16 
  830.000  6.193657e+00  2.088547e+01 -7.667666e-16 
  831.000  6.219734e+00  2.069932e+01 -2.502927e-16 
  832.000  6.455190e+00  2.122846e+01  1.923763e-15 
  833.000  6.546545e+00  2.104320e+01  3.004274e-16 
  834.000  7.012117e+00  2.195922e+01  1.313651e-16 
  835.000  7.778046e+00  2.322885e+01  5.411923e-16 
  836.000  7.672101e+00  2.309145e+01  5.236772e-17 
  837.000  7.628462e+00  2.285042e+01  3.855724e-16 
  838.000  8.046841e+00  2.350149e+01 -4.145862e-16 
  839.000  8.048564e+00  2.308631e+01 -9.020463e-16 
  840.000  8.375125e+00  2.380079e+01  6.742535e-16 
  841.000  8.184286e+00  2.347206e+01 -5.537007e-16 
  842.000  8.381346e+00  2.362892e+01 -5.275793e-16 
  843.000  8.876547e+00  2.417591e+01 -1.084299e-16 
  844.000  9.000628e+00  2.406789e+01  1.957063e-15 
  845.000  9.280849e+00  2.455264e+01  2.552061e-16 
  846.000  9.514663e+00  2.489639e+01 -1.595507e-15 
  847.000  9.611068e+00  2.421639e+01  1.638516e-15 
  848.000  9.430563e+00  2.458326e+01 -3.964705e-16 
  849.000  9.501494e+00  2.463114e+01 -1.294341e-15 
  850.000  8.145350e+00  2.115378e+01  6.404240e-16 
  851.000  9.232359e+00  2.404585e+01 -1.067464e-15 
  852.000  8.920592e+00  2.312139e+01 -2.453795e-15 
  853.000  9.255434e+00  2.361480e+01 -2.275458e-15 
  854.000  7.457556e+00  1.895562e+01 -6.107046e-16 
  855.000  8.326950e+00  2.095456e+01  7.903361e-16 
  856.000  9.975883e+00  2.407911e+01  1.710572e-15 
  857.000  1.024538e+01  2.452646e+01 -4.398148e-15 
  858.000  1.017161e+01  2.418998e+01  2.428610e-15 
  859.000  1.028624e+01  2.426772e+01 -2.236864e-15 
  860.000  1.025308e+01  2.408072e+01  1.389595e-15 
  861.000  1.029667e+01  2.406933e+01  1.576645e-15 
  862.000  1.034094e+01  2.403805e+01 -7.103172e-16 
  863.000  1.057230e+01  2.447328e+01 -8.005169e-16 
  864.000  1.064073e+01  2.446640e+01 -7.987647e-16 
  865.000  1.051855e+01  2.403739e+01 -3.358797e-15 
  866.000  8.852559e+00  2.014469e+01 -1.972230e-15 
  867.000  9.435742e+00  2.140602e+01  6.007795e-16 
  868.000  1.026150e+01  2.318785e+01 -2.894376e-16 
  869.000  1.015491e+01  2.284662e+01 -2.139616e-15 
  870.000  1.057990e+01  2.373421e+01 -4.157544e-15 
  871.000  1.060286e+01  2.368305e+01 -1.594084e-15 
  872.000  1.062407e+01  2.360050e+01  1.254897e-15 
  873.000  1.064247e+01  2.360592e+01 -2.669283e-15 
  874.000  1.040537e+01  2.302436e+01  1.305513e-15 
  875.000  1.032341e+01  2.276949e+01  1.005955e-15 
  876.000  1.040141e+01  2.287024e+01 -1.631130e-15 
  877.000  1.065004e+01  2.330040e+01  1.146409e-15 
  878.000  1.045010e+01  2.280950e+01 -1.345529e-15 
  879.000  1.049402e+01  2.282333e+01 -1.822277e-15 
  880.000  1.041656e+01  2.261460e+01 -2.030282e-15 
  881.000  9.860986e+00  2.136059e+01 -1.684776e-15 
  882.000  1.042878e+01  2.252430e+01  7.986848e-16 
  883.000  1.021806e+01  2.196817e+01 -1.560415e-15 
  884.000  1.034510e+01  2.214543e+01  2.038075e-15 
  885.000  1.037276e+01  2.223183e+01  0.000000e+00 
  886.000  9.923089e+00  2.133868e+01 -1.261741e-15 
  887.000  9.971826e+00  2.124431e+01 -2.217204e-15 
  888.000  1.028501e+01  2.184116e+01 -4.636772e-16 
  889.000  1.037074e+01  2.193053e+01  7.179495e-16 
  890.000  1.028123e+01  2.176495e+01 -3.510995e-15 
  891.000  9.762154e+00  2.134474e+01  3.380847e-16 
  892.000  9.285889e+00  2.074513e+01 -7.514338e-17 
  893.000  7.677162e+00  1.838927e+01  8.315483e-16 
  894.000  7.297262e+00  1.808104e+01  5.342655e-16 
  895.000  5.501927e+00  1.499459e+01  5.676685e-16 
  896.000  4.537334e+00  1.379545e+01  3.898360e-16 
  897.000  3.405730e+00  1.180542e+01  1.697015e-16 
  898.000  3.003106e+00  1.108318e+01 -5.426269e-16 
  899.000  2.165051e+00  9.348668e+00  2.728187e-16 
  900.000  2.193701e+00  9.291242e+00  3.344460e-17 
  901.000  1.986131e+00  8.706326e+00 -8.757106e-17 
  902.000  2.019623e+00  8.644688e+00  4.214585e-16 
  903.000  3.657406e+00  1.199907e+01  3.650466e-16 
  904.000  5.079127e+00  1.428115e+01  2.169342e-16 
  905.000  5.075975e+00  1.419365e+01  1.999595e-16 
  906.000  4.101433e+00  1.249376e+01 -3.596479e-16 
  907.000  2.937070e+00  1.057119e+01  2.989405e-16 
  908.000  2.245038e+00  9.055918e+00 -5.974621e-18 
  909.000  2.217810e+00  8.914138e+00  8.275706e-19 
  910.000  2.326304e+00  9.169567e+00 -1.731842e-16 
  911.000  2.720332e+00  9.910603e+00 -3.959963e-17 
  912.000  2.538455e+00  9.537398e+00  1.278366e-16 
  913.000  1.878272e+00  8.225301e+00 -3.507540e-16 
  914.000  2.207897e+00  8.878066e+00  3.796308e-16 
  915.000  2.490879e+00  9.333880e+00  1.475587e-16 
  916.000  2.637943e+00  9.632374e+00  1.261083e-16 
  917.000  2.819513e+00  9.853414e+00 -4.708110e-17 
  918.000  3.104971e+00  1.029396e+01  1.237472e-16 
  919.000  4.281384e+00  1.220527e+01 -1.089651e-16 
  920.000  5.341282e+00  1.360228e+01 -2.800105e-16 
  921.000  5.037184e+00  1.299190e+01 -1.849107e-16 
  922.000  4.997983e+00  1.284404e+01 -3.984121e-16 
  923.000  4.520784e+00  1.190202e+01  4.839351e-16 
  924.000  4.066228e+00  1.145399e+01  1.322029e-16 
  925.000  4.012493e+00  1.144888e+01 -6.386208e-17 
  926.000  3.697628e+00  1.083489e+01 -3.032513e-16 
  927.000  3.078703e+00  1.008155e+01 -6.071581e-17 
  928.000  2.184765e+00  8.564095e+00 -5.696951e-17 
  929.000  1.281467e+00  6.645270e+00  4.178765e-17 
  930.000  6.431808e-01  5.006652e+00 -3.551931e-17 
  931.000  2.843418e-01  3.758806e+00  1.095411e-17 
  932.000  7.039018e-02  2.522572e+00 -2.513097e-19 
  933.000  2.632356e-02  1.972527e+00  2.125435e-18 
  934.000  9.296493e-03  1.541015e+00 -4.261112e-18 
  935.000  7.631406e-03  1.462578e+00 -3.525020e-19 
  936.000  1.060943e-02  1.567539e+00 -2.681176e-18 
  937.000  1.074730e-02  1.584834e+00 -9.041907e-19 
  938.000  3.642280e-02  2.071936e+00 -1.007082e-17 
  939.000  3.519784e-01  4.151145e+00 -6.100792e-18 
  940.000  4.847781e-01  4.650914e+00 -5.502989e-18 
  941.000  3.880706e-01  4.159086e+00  3.116040e-18 
  942.000  2.062922e-01  3.210982e+00 -3.492537e-18 
  943.000  7.065404e-02  2.386877e+00  2.197224e-18 
  944.000  6.075837e-02  2.245348e+00  5.279847e-19 
  945.000  9.012022e-02  2.534881e+00  9.843563e-18 
  946.000  9.784728e-02  2.603805e+00 -6.936464e-18 
  947.000  1.508917e-01  2.930149e+00 -1.032439e-17 
  948.000  1.929290e-01  3.165190e+00  1.987407e-18 
  949.000  1.984475e-01  3.175064e+00  1.250952e-18 
  950.000  2.125973e-01  3.217651e+00  5.220213e-18 
  951.000  3.363245e-01  3.740116e+00  5.629416e-19 
  952.000  2.257865e-01  3.218220e+00 -6.658827e-18 
  953.000  3.292732e-01  3.630967e+00  1.580423e-19 
  954.000  4.849651e-01  4.128727e+00 -1.993199e-17 
  955.000  3.676820e-01  3.524645e+00  2.416920e-18 
  956.000  4.070130e-01  3.755195e+00  1.230035e-17 
  957.000  9.701490e-01  5.293898e+00 -4.503397e-20 
  958.000  1.140813e+00  5.658077e+00  1.406787e-17 
  959.000  1.054341e+00  5.410379e+00 -1.973689e-16 
  960.000  1.042905e+00  5.310732e+00  1.693072e-16 
  961.000  9.953095e-01  5.133499e+00 -3.339351e-17 
  962.000  1.091026e+00  5.327198e+00 -2.596054e-17 
  963.000  1.690212e+00  6.521739e+00  2.318857e-17 
  964.000  1.812021e+00  6.673608e+00  4.565680e-17 
  965.000  1.809932e+00  6.659089e+00 -5.068651e-17 
  966.000  1.844795e+00  6.578854e+00  4.498244e-16 
  967.000  2.595119e+00  7.928295e+00  5.759401e-17 
  968.000  4.208155e+00  1.013194e+01  2.017465e-16 
  969.000  5.269260e+00  1.141291e+01 -1.492171e-16 
  970.000  5.399044e+00  1.153524e+01  1.305681e-16 
  971.000  5.349905e+00  1.139812e+01  6.479812e-17 
  972.000  5.090758e+00  1.110330e+01  6.765759e-16 
  973.000  4.416877e+00  1.022036e+01 -4.370026e-16 
  974.000  3.696705e+00  9.202881e+00  1.393473e-17 
  975.000  3.345548e+00  8.718836e+00  4.581433e-16 
  976.000  3.872742e+00  9.460059e+00 -1.762904e-16 
  977.000  4.683683e+00  1.032278e+01  2.151235e-16 
  978.000  4.769665e+00  1.050160e+01 -2.173722e-18 
  979.000  4.947011e+00  1.052493e+01 -1.209656e-16 
  980.000  6.214570e+00  1.200594e+01 -4.737158e-16 
  981.000  6.600109e+00  1.243768e+01 -2.588841e-16 
  982.000  6.362531e+00  1.209944e+01  2.984473e-16 
  983.000  7.099045e+00  1.288455e+01 -7.166821e-17 
  984.000  7.919969e+00  1.373628e+01  6.651465e-16 
  985.000  8.479660e+00  1.427047e+01  5.083797e-17 
  986.000  9.152249e+00  1.481575e+01 -3.621461e-16 
  987.000  9.618176e+00  1.526588e+01  6.135083e-16 
  988.000  9.613811e+00  1.513801e+01  3.398655e-16 
  989.000  9.573157e+00  1.497859e+01  1.982007e-16 
  990.000  9.759913e+00  1.516000e+01 -7.289993e-16 
  991.000  1.013859e+01  1.550046e+01  3.718402e-16 
  992.000  1.014473e+01  1.540499e+01 -7.422345e-16 
  993.000  1.019574e+01  1.541154e+01  1.170151e-15 
  994.000  1.075085e+01  1.570055e+01 -4.011377e-16 
  995.000  1.081274e+01  1.565252e+01 -2.858424e-17 
  996.000  1.082788e+01  1.562702e+01  1.620759e-15 
  997.000  1.076949e+01  1.555155e+01 -1.679897e-15 
  998.000  1.064862e+01  1.539894e+01  1.248283e-15 
  999.000  1.058958e+01  1.529519e+01  3.961086e-16 
 1000.000  1.056042e+01  1.518746e+01  2.049316e-15 
 1001.000  1.015271e+01  1.503272e+01 -1.194650e-15 
 1002.000  9.746839e+00  1.465572e+01  3.338638e-16 
 1003.000  9.745211e+00  1.454517e+01 -6.653882e-16 
 1004.000  9.910851e+00  1.459335e+01 -7.894788e-17 
 1005.000  9.371693e+00  1.369246e+01  2.228535e-16 
 1006.000  9.906697e+00  1.441194e+01  5.646536e-16 
 1007.000  1.002490e+01  1.459230e+01 -4.912831e-17 
 1008.000  9.753665e+00  1.436755e+01 -2.078225e-16 
 1009.000  9.272349e+00  1.389588e+01  8.801183e-17 
 1010.000  9.517246e+00  1.409221e+01  1.855394e-15 
 1011.000  9.946414e+00  1.437407e+01 -9.667616e-16 
 1012.000  1.014576e+01  1.450085e+01 -6.364622e-16 
 1013.000  1.022793e+01  1.448316e+01  4.357731e-16 
 1014.000  1.059093e+01  1.460885e+01  8.261931e-16 
 1015.000  1.042143e+01  1.432674e+01 -3.782995e-16 
 1016.000  1.057120e+01  1.445471e+01 -3.806702e-16 
 1017.000  1.048336e+01  1.427723e+01 -1.157715e-15 
 1018.000  1.058348e+01  1.441345e+01  7.637507e-16 
 1019.000  9.980329e+00  1.393096e+01 -7.152240e-19 
 1020.000  1.002552e+01  1.391991e+01 -9.039429e-17 
 1021.000  1.047065e+01  1.413473e+01 -8.061017e-16 
 1022.000  9.915491e+00  1.374039e+01 -7.574990e-16 
 1023.000  9.953455e+00  1.385611e+01  1.353941e-15 
 1024.000  9.814776e+00  1.368608e+01 -6.492178e-17 
 1025.000  1.011670e+01  1.387953e+01  2.559328e-16 
 1026.000  1.048519e+01  1.397661e+01  4.029096e-16 
 1027.000  1.037285e+01  1.381842e+01  3.737342e-16 
 1028.000  1.045367e+01  1.386360e+01 -1.177485e-15 
 1029.000  1.040933e+01  1.370036e+01  3.028791e-15 
 1030.000  1.063000e+01  1.389330e+01 -3.722009e-16 
 1031.000  1.064920e+01  1.385565e+01 -1.961157e-15 
 1032.000  1.065099e+01  1.380676e+01 -3.695594e-16 
 1033.000  1.048288e+01  1.354518e+01  1.036162e-15 
 1034.000  1.061630e+01  1.367868e+01 -3.011270e-15 
 1035.000  1.050848e+01  1.351062e+01 -3.626284e-16 
 1036.000  1.063851e+01  1.364091e+01  8.139064e-16 
 1037.000  1.041546e+01  1.332382e+01 -3.596644e-16 
 1038.000  1.055753e+01  1.345389e+01  1.920271e-15 
 1039.000  1.055543e+01  1.344513e+01  1.537540e-15 
 1040.000  1.039749e+01  1.322917e+01  3.346079e-16 
 1041.000  1.042504e+01  1.324803e+01  7.248859e-16 
 1042.000  1.045404e+01  1.325556e+01  4.418246e-16 
 1043.000  1.028279e+01  1.300249e+01 -3.829051e-16 
 1044.000  1.036403e+01  1.308361e+01  3.867497e-16 
 1045.000  1.023077e+01  1.293035e+01 -6.414520e-16 
 1046.000  9.879576e+00  1.248350e+01  1.745312e-15 
 1047.000  1.003041e+01  1.264644e+01  7.622204e-16 
 1048.000  1.005987e+01  1.267398e+01 -3.334927e-16 
 1049.000  9.950340e+00  1.250585e+01 -7.142976e-16 
 1050.000  9.832926e+00  1.235407e+01 -4.061467e-16 
 1051.000  9.762975e+00  1.227505e+01  0.000000e+00 
 1052.000  9.645326e+00  1.213130e+01  3.792224e-16 
 1053.000  9.589884e+00  1.206100e+01  1.261692e-16 
 1054.000  9.383781e+00  1.182563e+01  2.516832e-17 
 1055.000  9.345361e+00  1.179999e+01 -4.294122e-16 
 1056.000  9.219829e+00  1.165999e+01  2.531169e-17 
 1057.000  9.092383e+00  1.152730e+01 -3.017362e-16 
 1058.000  8.778749e+00  1.120983e+01  9.234476e-16 
 1059.000  8.469670e+00  1.080274e+01  7.252223e-16 
 1060.000  8.807120e+00  1.118268e+01  5.504517e-16 
 1061.000  8.453867e+00  1.073099e+01  2.418237e-16 
 1062.000  8.573587e+00  1.091245e+01  3.728326e-16 
 1063.000  8.387801e+00  1.066710e+01  1.710779e-16 
 1064.000  8.432975e+00  1.074388e+01  1.437729e-15 
 1065.000  8.331141e+00  1.064355e+01 -1.983428e-16 
 1066.000  8.093760e+00  1.030817e+01 -1.056866e-15 
 1067.000  8.288125e+00  1.054158e+01 -3.444052e-16 
 1068.000  7.908920e+00  1.036540e+01  4.444893e-16 
 1069.000  7.287158e+00  9.568046e+00  7.283667e-17 
 1070.000  7.813436e+00  1.019928e+01 -2.319278e-16 
 1071.000  7.770493e+00  1.017516e+01  7.183350e-16 
 1072.000  7.728022e+00  1.015331e+01  1.945544e-17 
 1073.000  7.507847e+00  9.837363e+00  5.634456e-16 
 1074.000  7.856759e+00  1.023682e+01 -4.187866e-16 
 1075.000  7.860530e+00  1.008678e+01  6.702213e-16 
 1076.000  7.966270e+00  1.025367e+01 -3.620234e-16 
 1077.000  7.835281e+00  1.014187e+01 -4.973891e-16 
 1078.000  7.708297e+00  1.005194e+01  5.974464e-17 
 1079.000  7.426337e+00  9.664845e+00 -2.568871e-16 
 1080.000  7.168497e+00  9.563276e+00 -2.743128e-16 
 1081.000  6.911998e+00  9.202968e+00 -2.036194e-16 
 1082.000  7.246405e+00  9.505717e+00 -6.914847e-17 
 1083.000  6.813974e+00  9.045984e+00 -8.649134e-17 
 1084.000  6.814961e+00  9.157142e+00 -2.008179e-16 
 1085.000  6.151784e+00  8.520085e+00 -4.933471e-17 
 1086.000  6.379325e+00  8.747758e+00  1.160501e-16 
 1087.000  6.643114e+00  8.768604e+00  4.438520e-16 
 1088.000  7.106035e+00  9.332656e+00  1.632366e-16 
 1089.000  6.034010e+00  8.276158e+00 -2.211355e-17 
 1090.000  6.027054e+00  8.328747e+00  1.299907e-16 
 1091.000  6.208542e+00  8.495296e+00 -9.509039e-16 
 1092.000  5.700033e+00  7.984052e+00 -1.016270e-15 
 1093.000  4.893785e+00  7.270955e+00  1.392736e-16 
 1094.000  4.191403e+00  6.390656e+00  4.705218e-17 
 1095.000  4.572602e+00  6.940164e+00 -2.426335e-16 
 1096.000  4.559409e+00  6.914832e+00 -2.450648e-17 
 1097.000  4.339752e+00  6.689050e+00  2.367476e-16 
 1098.000  2.950682e+00  5.388566e+00 -8.058022e-17 
 1099.000  2.111144e+00  4.489475e+00  2.432667e-17 
 1100.000  2.188167e+00  4.609989e+00 -4.401878e-17 
