  400.000  4.925509e+02  3.881482e+02  8.921583e-15 
  401.000  4.911482e+02  3.832780e+02  1.014893e-13 
  402.000  5.221621e+02  4.035451e+02 -1.126773e-14 
  403.000  4.905680e+02  3.754919e+02 -2.694754e-14 
  404.000  5.287709e+02  4.008779e+02 -6.312509e-15 
  405.000  4.863560e+02  3.652308e+02  4.273085e-15 
  406.000  4.840958e+02  3.601173e+02 -8.841989e-14 
  407.000  4.728347e+02  3.484581e+02 -3.399909e-14 
  408.000  5.136895e+02  3.750575e+02 -1.693484e-14 
  409.000  5.701663e+02  4.124586e+02 -4.856361e-14 
  410.000  4.779803e+02  3.426071e+02 -1.101500e-14 
  411.000  5.627837e+02  3.997241e+02  8.041366e-14 
  412.000  5.846583e+02  4.115070e+02 -6.105341e-14 
  413.000  5.537144e+02  3.862308e+02  5.639258e-14 
  414.000  5.448182e+02  3.766276e+02 -4.586047e-14 
  415.000  5.825019e+02  3.991141e+02 -4.506899e-14 
  416.000  5.803583e+02  3.941443e+02  5.307587e-14 
  417.000  5.640457e+02  3.797130e+02  2.984727e-14 
  418.000  5.530710e+02  3.690865e+02  5.034882e-15 
  419.000  5.679503e+02  3.757383e+02  4.540921e-14 
  420.000  4.818279e+02  3.160229e+02  8.803445e-14 
  421.000  6.050456e+02  3.934532e+02  5.839799e-14 
  422.000  5.810527e+02  3.746495e+02  1.469461e-14 
  423.000  4.918165e+02  3.144430e+02 -7.402644e-14 
  424.000  5.421507e+02  3.437245e+02  6.232758e-14 
  425.000  5.627083e+02  3.537861e+02  9.075382e-15 
  426.000  5.420694e+02  3.379878e+02 -2.836626e-14 
  427.000  5.225072e+02  3.231093e+02 -4.415372e-14 
  428.000  5.301834e+02  3.251740e+02  1.975827e-14 
  429.000  4.833355e+02  2.940306e+02  3.476996e-14 
  430.000  3.864754e+02  2.332055e+02 -2.767120e-14 
  431.000  3.481727e+02  2.084048e+02 -3.994637e-14 
  432.000  6.279590e+02  3.728723e+02 -4.766233e-15 
  433.000  5.600715e+02  3.299200e+02 -1.059494e-13 
  434.000  5.333591e+02  3.117041e+02  9.336511e-14 
  435.000  5.813987e+02  3.371121e+02 -1.453301e-13 
  436.000  6.459125e+02  3.715950e+02  2.048704e-13 
  437.000  6.533752e+02  3.729695e+02  1.397520e-14 
  438.000  5.863800e+02  3.321407e+02 -4.203543e-14 
  439.000  5.684750e+02  3.195268e+02 -8.187908e-14 
  440.000  6.383119e+02  3.560373e+02 -1.071617e-14 
  441.000  6.373945e+02  3.528205e+02 -2.021374e-14 
  442.000  6.725082e+02  3.694367e+02  2.354995e-14 
  443.000  6.782073e+02  3.697568e+02  3.838100e-14 
  444.000  6.749871e+02  3.652363e+02  4.061429e-14 
  445.000  7.112433e+02  3.819718e+02 -1.049583e-14 
  446.000  6.341964e+02  3.380469e+02 -1.042828e-13 
  447.000  7.245571e+02  3.833678e+02 -5.614582e-14 
  448.000  7.379011e+02  3.876147e+02  2.709052e-14 
  449.000  7.442089e+02  3.881407e+02  1.616718e-13 
  450.000  7.617316e+02  3.944545e+02  2.617360e-14 
  451.000  8.245958e+02  4.239727e+02 -5.607681e-14 
  452.000  7.678261e+02  3.919815e+02 -8.287622e-14 
  453.000  7.139084e+02  3.618759e+02 -3.328007e-14 
  454.000  7.623547e+02  3.837067e+02  8.541820e-14 
  455.000  7.689086e+02  3.842861e+02  1.189198e-13 
  456.000  7.887814e+02  3.914539e+02 -9.413522e-14 
  457.000  7.944430e+02  3.915192e+02 -7.912942e-14 
  458.000  7.816830e+02  3.825618e+02  3.896862e-14 
  459.000  7.827855e+02  3.804557e+02 -1.652398e-13 
  460.000  7.771524e+02  3.751243e+02 -8.379744e-14 
  461.000  8.065426e+02  3.866513e+02  7.060304e-14 
  462.000  7.945883e+02  3.783280e+02 -7.060424e-14 
  463.000  7.959576e+02  3.764120e+02 -1.469974e-13 
  464.000  7.997165e+02  3.756537e+02 -1.273197e-13 
  465.000  7.891434e+02  3.682104e+02  5.516586e-14 
  466.000  8.152595e+02  3.778618e+02  2.551100e-14 
  467.000  7.875424e+02  3.625880e+02  1.444053e-14 
  468.000  8.347834e+02  3.817747e+02 -2.173793e-14 
  469.000  8.284622e+02  3.763442e+02  9.639021e-15 
  470.000  8.179938e+02  3.690857e+02 -7.687592e-14 
  471.000  8.174120e+02  3.663225e+02 -1.356239e-14 
  472.000  8.282630e+02  3.686589e+02 -4.272034e-14 
  473.000  8.200482e+02  3.625014e+02  3.719971e-14 
  474.000  8.274021e+02  3.632318e+02 -9.081568e-14 
  475.000  8.614918e+02  3.755001e+02  3.004451e-14 
  476.000  8.355035e+02  3.614881e+02  1.377263e-14 
  477.000  8.284030e+02  3.558750e+02 -3.553900e-14 
  478.000  8.703549e+02  3.716796e+02 -1.362219e-14 
  479.000  8.319809e+02  3.534020e+02  8.378582e-14 
  480.000  8.495552e+02  3.590079e+02  2.091867e-13 
  481.000  8.454740e+02  3.553762e+02  2.353936e-14 
  482.000  8.642096e+02  3.612463e+02 -1.684400e-14 
  483.000  8.660953e+02  3.599775e+02 -3.689238e-14 
  484.000  8.336749e+02  3.444822e+02 -7.155607e-15 
  485.000  8.406783e+02  3.453221e+02 -6.930287e-14 
  486.000  6.823100e+02  2.786062e+02  1.844649e-14 
  487.000  7.676610e+02  3.115954e+02  1.224466e-13 
  488.000  8.343521e+02  3.366539e+02  7.739861e-14 
  489.000  7.763725e+02  3.114041e+02  5.898821e-14 
  490.000  8.847325e+02  3.527736e+02  8.417023e-15 
  491.000  8.287178e+02  3.284902e+02 -6.648163e-15 
  492.000  7.971646e+02  3.141238e+02  8.306817e-14 
  493.000  8.594003e+02  3.366659e+02 -2.561083e-14 
  494.000  8.310396e+02  3.236548e+02 -7.897597e-14 
  495.000  8.892454e+02  3.443131e+02  4.310539e-14 
  496.000  8.669041e+02  3.337149e+02  2.007307e-13 
  497.000  8.417610e+02  3.221671e+02 -3.793819e-14 
  498.000  8.226703e+02  3.130533e+02  1.007746e-14 
  499.000  8.214715e+02  3.108072e+02 -9.566992e-14 
  500.000  8.186341e+02  3.079684e+02  5.904218e-16 
  501.000  8.010363e+02  2.996347e+02  1.827842e-13 
  502.000  7.965346e+02  2.962661e+02 -2.820322e-14 
  503.000  8.448055e+02  3.124521e+02 -1.116219e-13 
  504.000  7.867310e+02  2.893411e+02  1.878834e-14 
  505.000  8.493361e+02  3.106187e+02  1.490654e-13 
  506.000  9.100503e+02  3.309863e+02  4.590465e-14 
  507.000  8.474769e+02  3.065360e+02 -1.472782e-14 
  508.000  8.134478e+02  2.926207e+02  2.474007e-14 
  509.000  8.779283e+02  3.140981e+02  2.074868e-14 
  510.000  8.513840e+02  3.029486e+02 -3.208543e-14 
  511.000  8.523392e+02  3.016476e+02 -6.856097e-14 
  512.000  8.953078e+02  3.151472e+02  1.362622e-13 
  513.000  8.200735e+02  2.871167e+02  3.329340e-14 
  514.000  8.035074e+02  2.798140e+02  9.345796e-14 
  515.000  8.209498e+02  2.843676e+02  1.602350e-14 
  516.000  8.629952e+02  2.973430e+02 -2.494321e-14 
  517.000  6.361773e+02  2.180289e+02  1.503140e-13 
  518.000  7.881978e+02  2.686991e+02  3.117774e-14 
  519.000  7.472836e+02  2.534085e+02  1.321605e-14 
  520.000  8.233290e+02  2.777310e+02 -1.746282e-13 
  521.000  8.243646e+02  2.766232e+02 -1.096672e-13 
  522.000  8.576604e+02  2.862869e+02 -1.604286e-13 
  523.000  7.994852e+02  2.654636e+02  2.536523e-14 
  524.000  8.679752e+02  2.866972e+02  3.282854e-15 
  525.000  8.615839e+02  2.830970e+02  1.957440e-14 
  526.000  8.216297e+02  2.685735e+02  3.641921e-14 
  527.000  7.181910e+02  2.335460e+02 -5.152062e-14 
  528.000  8.630904e+02  2.792162e+02 -4.441500e-15 
  529.000  8.881483e+02  2.858459e+02 -5.235146e-14 
  530.000  8.397448e+02  2.688864e+02  8.223337e-14 
  531.000  9.146277e+02  2.913753e+02 -4.317187e-14 
  532.000  8.731024e+02  2.767475e+02 -8.414267e-14 
  533.000  7.673681e+02  2.420282e+02  8.384671e-15 
  534.000  8.350323e+02  2.620933e+02 -7.054166e-14 
  535.000  8.525725e+02  2.663218e+02 -2.018969e-15 
  536.000  9.052970e+02  2.814443e+02  6.084982e-14 
  537.000  8.404713e+02  2.600422e+02  6.010000e-14 
  538.000  8.803879e+02  2.710858e+02 -1.275098e-13 
  539.000  8.780660e+02  2.690737e+02  1.071126e-13 
  540.000  8.598708e+02  2.622343e+02  9.370406e-14 
  541.000  7.890085e+02  2.394726e+02 -7.977312e-14 
  542.000  8.807222e+02  2.660327e+02  3.199546e-14 
  543.000  8.430045e+02  2.534269e+02 -3.623721e-14 
  544.000  8.897527e+02  2.662077e+02 -4.240176e-14 
  545.000  8.770933e+02  2.611745e+02  7.085928e-14 
  546.000  8.581669e+02  2.543294e+02  1.551347e-14 
  547.000  8.952318e+02  2.640651e+02 -4.460560e-14 
  548.000  8.311980e+02  2.440261e+02  9.081445e-14 
  549.000  8.753669e+02  2.557917e+02  3.009772e-14 
  550.000  8.568272e+02  2.492055e+02  4.657850e-14 
  551.000  8.522545e+02  2.467176e+02 -3.746543e-14 
  552.000  8.898245e+02  2.563960e+02 -9.122591e-14 
  553.000  8.557571e+02  2.454347e+02  3.984733e-14 
  554.000  8.845350e+02  2.525135e+02  1.916801e-13 
  555.000  8.878471e+02  2.522891e+02 -7.931841e-14 
  556.000  8.641735e+02  2.444314e+02  5.190630e-14 
  557.000  8.392873e+02  2.362986e+02  3.397379e-14 
  558.000  8.719492e+02  2.443660e+02 -8.092572e-15 
  559.000  8.249098e+02  2.301219e+02 -2.130733e-14 
  560.000  8.292377e+02  2.302648e+02 -1.656005e-15 
  561.000  9.121133e+02  2.521103e+02  9.933945e-14 
  562.000  8.376556e+02  2.304084e+02  1.552972e-14 
  563.000  8.770205e+02  2.401165e+02  4.818307e-14 
  564.000  8.652343e+02  2.357761e+02 -5.240577e-14 
  565.000  8.758726e+02  2.375162e+02 -1.072226e-14 
  566.000  8.081049e+02  2.181255e+02  2.541184e-14 
  567.000  8.665298e+02  2.326331e+02  6.984361e-14 
  568.000  8.610641e+02  2.293655e+02  1.784679e-14 
  569.000  8.356307e+02  2.203710e+02  2.745509e-14 
  570.000  8.420862e+02  2.212370e+02  4.997560e-14 
  571.000  8.191415e+02  2.150959e+02 -1.589327e-14 
  572.000  8.601890e+02  2.239806e+02  1.792027e-14 
  573.000  8.717064e+02  2.261939e+02 -9.521278e-15 
  574.000  8.680201e+02  2.241849e+02 -3.888513e-14 
  575.000  8.471224e+02  2.178633e+02 -9.486561e-15 
  576.000  8.323631e+02  2.131070e+02 -5.344299e-14 
  577.000  8.695237e+02  2.218552e+02  7.022116e-14 
  578.000  8.473470e+02  2.156834e+02  1.327332e-14 
  579.000  8.435014e+02  2.140963e+02 -3.663236e-14 
  580.000  8.749055e+02  2.213677e+02 -2.483161e-14 
  581.000  8.623602e+02  2.176753e+02  4.243002e-15 
  582.000  8.775323e+02  2.207987e+02  4.126441e-14 
  583.000  8.850572e+02  2.218355e+02  4.583401e-14 
  584.000  8.835812e+02  2.206051e+02 -5.770478e-16 
  585.000  8.787701e+02  2.185052e+02 -4.275945e-14 
  586.000  8.420059e+02  2.085120e+02  5.696278e-14 
  587.000  8.726852e+02  2.146767e+02  4.823307e-14 
  588.000  8.517153e+02  2.072520e+02  2.450894e-14 
  589.000  7.380283e+02  1.775081e+02  1.236313e-14 
  590.000  7.700889e+02  1.843962e+02 -7.623640e-15 
  591.000  8.322433e+02  1.993972e+02 -3.270013e-14 
  592.000  8.100948e+02  1.928173e+02 -5.789446e-15 
  593.000  8.342612e+02  1.989467e+02 -2.263331e-14 
  594.000  8.392617e+02  1.990327e+02 -2.472258e-14 
  595.000  8.134493e+02  1.913642e+02 -1.515690e-14 
  596.000  8.495641e+02  2.002722e+02 -5.518784e-16 
  597.000  8.496452e+02  1.992133e+02  9.470513e-15 
  598.000  8.391743e+02  1.965591e+02 -1.180026e-14 
  599.000  8.427167e+02  1.968871e+02  6.937314e-16 
  600.000  8.492133e+02  1.982923e+02  5.143293e-14 
  601.000  8.489138e+02  1.979194e+02  2.741639e-14 
  602.000  8.416031e+02  1.956585e+02 -5.072714e-14 
  603.000  8.487595e+02  1.967596e+02 -8.093581e-15 
  604.000  8.774716e+02  2.027826e+02 -1.108588e-13 
  605.000  8.766664e+02  2.018939e+02  5.179133e-14 
  606.000  8.675147e+02  1.990350e+02 -9.356203e-14 
  607.000  8.636284e+02  1.973966e+02  7.313494e-14 
  608.000  8.613906e+02  1.961359e+02  5.523923e-14 
  609.000  8.534380e+02  1.935835e+02 -4.901225e-14 
  610.000  8.406306e+02  1.899515e+02 -4.029795e-14 
  611.000  8.551353e+02  1.924923e+02 -6.393507e-14 
  612.000  8.448398e+02  1.894498e+02  3.008343e-14 
  613.000  8.333043e+02  1.861501e+02  7.328451e-14 
  614.000  8.039777e+02  1.789131e+02 -3.078888e-14 
  615.000  8.432762e+02  1.869441e+02  9.097819e-14 
  616.000  8.025212e+02  1.772310e+02 -1.719149e-14 
  617.000  8.077533e+02  1.777038e+02  1.277423e-13 
  618.000  8.465263e+02  1.855175e+02 -5.532077e-14 
  619.000  8.393730e+02  1.832367e+02 -1.506537e-14 
  620.000  8.523547e+02  1.853471e+02 -4.980603e-14 
  621.000  8.675466e+02  1.879114e+02  1.066547e-13 
  622.000  8.222153e+02  1.773893e+02  4.416643e-14 
  623.000  8.289854e+02  1.781329e+02 -1.151314e-14 
  624.000  8.302347e+02  1.776904e+02  5.940787e-14 
  625.000  8.080380e+02  1.722482e+02 -1.071168e-14 
  626.000  8.118043e+02  1.722721e+02  2.956169e-14 
  627.000  8.213010e+02  1.729635e+02 -1.202594e-14 
  628.000  7.984268e+02  1.661794e+02 -1.916748e-14 
  629.000  8.250897e+02  1.717220e+02  2.161104e-14 
  630.000  8.022297e+02  1.667564e+02  8.531579e-15 
  631.000  8.346486e+02  1.731532e+02  1.532192e-14 
  632.000  7.747271e+02  1.597945e+02 -2.595251e-14 
  633.000  8.376141e+02  1.727156e+02  2.326675e-14 
  634.000  8.150071e+02  1.676895e+02  2.524841e-14 
  635.000  8.307392e+02  1.703238e+02  3.228434e-14 
  636.000  8.032080e+02  1.642314e+02 -5.214198e-14 
  637.000  8.312250e+02  1.694482e+02  1.118699e-13 
  638.000  8.473256e+02  1.724503e+02  3.682745e-14 
  639.000  8.413348e+02  1.706509e+02  1.018631e-15 
  640.000  8.168774e+02  1.652724e+02  1.860582e-14 
  641.000  8.294266e+02  1.672223e+02 -2.135386e-14 
  642.000  8.210164e+02  1.650616e+02 -2.523776e-14 
  643.000  8.344996e+02  1.669636e+02 -3.966715e-14 
  644.000  8.256774e+02  1.646248e+02  7.395554e-15 
  645.000  8.310354e+02  1.647848e+02 -1.867484e-14 
  646.000  7.900452e+02  1.552338e+02 -2.264447e-14 
  647.000  7.943600e+02  1.550242e+02 -1.567137e-14 
  648.000  7.856210e+02  1.523217e+02 -7.280417e-15 
  649.000  8.086417e+02  1.566500e+02  1.659924e-14 
  650.000  7.621924e+02  1.480819e+02 -1.749061e-14 
  651.000  8.215453e+02  1.590586e+02 -3.117483e-15 
  652.000  7.947001e+02  1.524723e+02 -1.704988e-14 
  653.000  8.247618e+02  1.587392e+02  3.554383e-14 
  654.000  8.130394e+02  1.558151e+02 -2.879925e-14 
  655.000  7.873599e+02  1.499953e+02 -4.491079e-16 
  656.000  6.703051e+02  1.273684e+02  2.212844e-14 
  657.000  7.182056e+02  1.361950e+02  5.120546e-15 
  658.000  8.049695e+02  1.525305e+02 -3.870139e-14 
  659.000  8.100196e+02  1.532229e+02  3.040847e-14 
  660.000  8.179425e+02  1.542467e+02 -6.717175e-15 
  661.000  8.254446e+02  1.555491e+02  3.508425e-14 
  662.000  8.393264e+02  1.578126e+02  4.332727e-14 
  663.000  8.302523e+02  1.555389e+02 -1.250725e-14 
  664.000  8.180855e+02  1.528074e+02 -5.490313e-14 
  665.000  8.226410e+02  1.531958e+02 -4.132879e-14 
  666.000  8.336663e+02  1.548016e+02 -2.834393e-14 
  667.000  8.180392e+02  1.514421e+02  1.317154e-14 
  668.000  8.237571e+02  1.520598e+02  1.608608e-14 
  669.000  8.363992e+02  1.539126e+02 -2.060834e-14 
  670.000  8.270982e+02  1.517169e+02 -2.792835e-14 
  671.000  8.190771e+02  1.497737e+02  7.300974e-14 
  672.000  8.170703e+02  1.489291e+02 -1.128406e-13 
  673.000  8.235754e+02  1.496349e+02 -1.924192e-14 
  674.000  8.258201e+02  1.495637e+02  6.253717e-14 
  675.000  8.138410e+02  1.469252e+02 -7.311449e-14 
  676.000  8.298270e+02  1.493337e+02  8.623723e-14 
  677.000  8.139253e+02  1.460065e+02 -2.817476e-14 
  678.000  8.280012e+02  1.480610e+02 -5.537410e-14 
  679.000  8.167951e+02  1.455836e+02 -1.620008e-14 
  680.000  8.105490e+02  1.439510e+02  4.542844e-14 
  681.000  8.114589e+02  1.435912e+02  5.970250e-15 
  682.000  8.101082e+02  1.428794e+02 -1.879013e-14 
  683.000  8.156804e+02  1.433636e+02 -1.291930e-14 
  684.000  8.005319e+02  1.401447e+02 -1.223698e-14 
  685.000  8.106976e+02  1.415475e+02 -1.374568e-14 
  686.000  7.737059e+02  1.344454e+02  5.268998e-15 
  687.000  6.646105e+02  1.126240e+02  3.751822e-14 
  688.000  7.002661e+02  1.188373e+02 -2.836207e-14 
  689.000  6.917003e+02  1.168378e+02 -1.110759e-14 
  690.000  7.137007e+02  1.204812e+02  1.112108e-14 
  691.000  7.388456e+02  1.247473e+02 -8.877858e-15 
  692.000  7.441591e+02  1.253954e+02 -9.419360e-15 
  693.000  7.302635e+02  1.220377e+02 -2.952728e-14 
  694.000  7.179977e+02  1.191295e+02 -4.864617e-15 
  695.000  7.186060e+02  1.191186e+02  1.872653e-14 
  696.000  7.351413e+02  1.216769e+02  2.034151e-15 
  697.000  7.736351e+02  1.289467e+02 -5.682507e-15 
  698.000  7.516468e+02  1.245550e+02 -3.322084e-14 
  699.000  7.322322e+02  1.199722e+02 -2.774955e-15 
  700.000  7.291946e+02  1.192260e+02  3.517880e-14 
  701.000  7.057972e+02  1.148805e+02 -1.604459e-14 
  702.000  7.077496e+02  1.149671e+02  1.080022e-14 
  703.000  7.452042e+02  1.214909e+02  1.976611e-14 
  704.000  7.487431e+02  1.217388e+02  1.148240e-14 
  705.000  7.432499e+02  1.201072e+02 -5.536592e-15 
  706.000  7.377845e+02  1.189310e+02  5.471132e-16 
  707.000  7.308561e+02  1.175841e+02  1.489930e-14 
  708.000  7.567339e+02  1.215301e+02  1.968243e-15 
  709.000  7.388041e+02  1.186225e+02 -3.050716e-14 
  710.000  7.464976e+02  1.191420e+02  4.581543e-15 
  711.000  7.488019e+02  1.195051e+02  2.401272e-14 
  712.000  7.466991e+02  1.191574e+02  1.123889e-14 
  713.000  7.371158e+02  1.169855e+02 -1.053515e-14 
  714.000  7.474527e+02  1.181687e+02  1.717925e-14 
  715.000  7.107908e+02  1.116515e+02 -1.246931e-14 
  716.000  7.179002e+02  1.120595e+02  8.881051e-15 
  717.000  6.295170e+02  9.663923e+01  7.907472e-15 
  718.000  5.845847e+02  8.838667e+01 -2.150788e-15 
  719.000  5.632590e+02  8.443360e+01 -4.757362e-15 
  720.000  5.460607e+02  8.095540e+01 -7.233578e-15 
  721.000  6.421061e+02  9.772555e+01 -1.554435e-14 
  722.000  6.878924e+02  1.050622e+02  2.317884e-14 
  723.000  6.657220e+02  1.010183e+02  2.462384e-14 
  724.000  6.119858e+02  9.148215e+01 -4.476603e-15 
  725.000  6.135122e+02  9.163289e+01 -8.203340e-15 
  726.000  6.099355e+02  9.078017e+01 -4.897129e-15 
  727.000  6.271983e+02  9.327865e+01  2.871320e-15 
  728.000  6.079626e+02  8.996560e+01 -8.601365e-15 
  729.000  6.047211e+02  8.970638e+01  7.666283e-15 
  730.000  6.235788e+02  9.219022e+01 -6.242721e-15 
  731.000  6.091237e+02  8.972998e+01  1.332693e-14 
  732.000  6.576398e+02  9.730421e+01  7.584914e-15 
  733.000  6.834897e+02  1.015276e+02 -4.914066e-17 
  734.000  7.155833e+02  1.064645e+02  1.778562e-14 
  735.000  7.038647e+02  1.042658e+02  6.760973e-15 
  736.000  6.797134e+02  1.001498e+02  1.037824e-14 
  737.000  6.974532e+02  1.026736e+02 -2.141720e-14 
  738.000  7.075778e+02  1.041911e+02  1.072529e-14 
  739.000  6.898120e+02  1.014454e+02 -3.414302e-15 
  740.000  7.076379e+02  1.041758e+02  2.581327e-14 
  741.000  7.085848e+02  1.042899e+02  1.408305e-14 
  742.000  6.997408e+02  1.028175e+02 -8.872198e-16 
  743.000  7.263696e+02  1.066865e+02  2.254763e-14 
  744.000  7.361192e+02  1.079687e+02  5.409395e-14 
  745.000  7.191697e+02  1.053011e+02 -4.780669e-14 
  746.000  7.309644e+02  1.068177e+02 -1.575879e-14 
  747.000  7.428895e+02  1.082713e+02  3.522398e-14 
  748.000  7.306692e+02  1.062644e+02 -3.417137e-14 
  749.000  7.316281e+02  1.061378e+02 -4.359097e-14 
  750.000  7.206708e+02  1.042269e+02 -1.703124e-14 
  751.000  7.191836e+02  1.037285e+02 -2.740464e-14 
  752.000  7.315095e+02  1.052767e+02 -2.193837e-14 
  753.000  7.252238e+02  1.041052e+02  4.651996e-15 
  754.000  7.370953e+02  1.055322e+02 -1.584226e-15 
  755.000  7.332325e+02  1.046955e+02 -7.168824e-14 
  756.000  7.192503e+02  1.024229e+02 -4.455451e-14 
  757.000  7.248224e+02  1.029363e+02 -3.888002e-16 
  758.000  7.229694e+02  1.023369e+02 -2.822876e-14 
  759.000  6.439095e+02  8.948380e+01 -1.597065e-14 
  760.000  2.141935e+02  2.689432e+01 -3.178093e-16 
  761.000  1.812822e+02  2.234026e+01 -8.101566e-16 
  762.000  3.967083e+02  5.194884e+01  9.553704e-16 
  763.000  3.324731e+02  4.280706e+01 -2.829612e-15 
  764.000  3.703669e+02  4.788229e+01 -7.859022e-16 
  765.000  4.595742e+02  6.041708e+01  1.212534e-15 
  766.000  5.420070e+02  7.323141e+01 -8.603938e-15 
  767.000  6.041978e+02  8.198132e+01 -2.192347e-14 
  768.000  6.650869e+02  9.056903e+01 -2.414749e-14 
  769.000  6.869843e+02  9.386825e+01 -5.161472e-14 
  770.000  6.953121e+02  9.508600e+01  4.255561e-14 
  771.000  7.018309e+02  9.592210e+01  1.118547e-14 
  772.000  7.006633e+02  9.555997e+01 -2.635034e-14 
  773.000  6.985923e+02  9.504700e+01 -6.762214e-14 
  774.000  7.068197e+02  9.593382e+01 -2.725616e-14 
  775.000  6.808362e+02  9.218011e+01 -1.005708e-14 
  776.000  7.093709e+02  9.580365e+01  5.234785e-15 
  777.000  7.047032e+02  9.492212e+01  3.193650e-14 
  778.000  7.010697e+02  9.417704e+01  3.250934e-14 
  779.000  7.034979e+02  9.424802e+01  2.075162e-14 
  780.000  6.949398e+02  9.285072e+01 -7.247294e-14 
  781.000  6.944323e+02  9.256655e+01 -5.114717e-15 
  782.000  7.029338e+02  9.344731e+01  2.514049e-14 
  783.000  6.866504e+02  9.103811e+01  1.047532e-14 
  784.000  6.903890e+02  9.127425e+01 -1.598655e-14 
  785.000  6.904183e+02  9.092056e+01 -2.077623e-14 
  786.000  6.756533e+02  8.856542e+01  5.019496e-15 
  787.000  6.790930e+02  8.847413e+01  1.172426e-14 
  788.000  6.655095e+02  8.632372e+01  1.387541e-14 
  789.000  6.567752e+02  8.451147e+01 -3.930397e-16 
  790.000  6.491637e+02  8.328117e+01 -6.811815e-15 
  791.000  6.483676e+02  8.303877e+01  6.096382e-15 
  792.000  6.404616e+02  8.188750e+01 -6.693576e-15 
  793.000  6.451021e+02  8.244860e+01 -5.398369e-14 
  794.000  6.492884e+02  8.321420e+01 -1.073932e-14 
  795.000  6.394291e+02  8.146307e+01 -9.097542e-15 
  796.000  6.328963e+02  7.985413e+01 -2.384821e-15 
  797.000  6.420814e+02  8.095074e+01  5.143602e-15 
  798.000  6.537903e+02  8.259877e+01 -1.242459e-14 
  799.000  6.508763e+02  8.192820e+01 -7.792908e-15 
  800.000  6.261627e+02  7.835977e+01  2.742057e-14 
  801.000  6.389119e+02  7.978201e+01 -8.282162e-15 
  802.000  6.370204e+02  7.932093e+01  2.202305e-14 
  803.000  6.292213e+02  7.818803e+01 -2.925972e-15 
  804.000  6.388826e+02  7.930982e+01  4.852156e-15 
  805.000  6.286573e+02  7.809488e+01 -2.129015e-14 
  806.000  6.502089e+02  8.074216e+01  1.737884e-14 
  807.000  6.466780e+02  8.010976e+01 -1.110037e-14 
  808.000  6.404017e+02  7.903484e+01  2.004296e-14 
  809.000  6.266996e+02  7.703777e+01  1.141650e-15 
  810.000  6.206900e+02  7.599233e+01  9.846063e-15 
  811.000  6.238214e+02  7.597115e+01  9.346308e-16 
  812.000  6.124247e+02  7.415267e+01 -1.018869e-14 
  813.000  5.984644e+02  7.204093e+01 -1.043629e-14 
  814.000  5.826100e+02  6.970992e+01  2.516325e-15 
  815.000  5.578067e+02  6.632479e+01 -6.862745e-15 
  816.000  5.296780e+02  6.254878e+01 -6.175369e-15 
  817.000  5.341445e+02  6.292415e+01 -7.732335e-16 
  818.000  5.328531e+02  6.264083e+01 -4.806431e-15 
  819.000  5.261907e+02  6.180972e+01  2.211775e-16 
  820.000  5.411807e+02  6.371442e+01 -5.787056e-15 
  821.000  5.893629e+02  6.970032e+01 -1.599588e-14 
  822.000  5.505739e+02  6.459523e+01 -2.228994e-14 
  823.000  4.968696e+02  5.743790e+01  1.334401e-16 
  824.000  5.567968e+02  6.489719e+01  1.999063e-16 
  825.000  5.905755e+02  6.921465e+01  1.335168e-14 
  826.000  5.886477e+02  6.872311e+01 -9.069006e-15 
  827.000  5.824543e+02  6.775933e+01  2.426397e-16 
  828.000  5.587252e+02  6.453654e+01  1.416568e-16 
  829.000  5.666473e+02  6.539211e+01  1.174662e-14 
  830.000  5.667948e+02  6.538110e+01 -2.113690e-15 
  831.000  5.590860e+02  6.437504e+01  2.333651e-14 
  832.000  5.717048e+02  6.569990e+01  7.524346e-15 
  833.000  5.591290e+02  6.419130e+01 -1.004112e-15 
  834.000  5.735852e+02  6.581446e+01  5.638790e-15 
  835.000  5.865016e+02  6.741782e+01  5.386789e-15 
  836.000  5.897507e+02  6.753819e+01  6.279423e-15 
  837.000  5.846561e+02  6.679142e+01  6.717248e-15 
  838.000  5.925134e+02  6.767490e+01  2.807636e-14 
  839.000  5.774348e+02  6.589256e+01  2.642246e-15 
  840.000  5.942373e+02  6.768633e+01  1.232332e-14 
  841.000  5.923945e+02  6.721152e+01  4.092000e-15 
  842.000  5.919757e+02  6.710040e+01  6.088846e-15 
  843.000  5.954023e+02  6.758258e+01 -1.463591e-14 
  844.000  5.889373e+02  6.681892e+01  2.905963e-14 
  845.000  5.995414e+02  6.792470e+01 -2.841606e-15 
  846.000  6.066066e+02  6.863234e+01 -9.423237e-15 
  847.000  5.874080e+02  6.636386e+01  3.063748e-16 
  848.000  6.020988e+02  6.775137e+01 -1.383766e-15 
  849.000  6.036773e+02  6.778426e+01  2.781283e-14 
  850.000  5.208478e+02  5.829382e+01  6.179974e-15 
  851.000  5.951926e+02  6.639002e+01 -1.437046e-14 
  852.000  5.728912e+02  6.375896e+01  1.962047e-14 
  853.000  5.822195e+02  6.475613e+01 -1.419673e-15 
  854.000  4.680721e+02  5.193408e+01  3.860004e-15 
  855.000  5.165048e+02  5.722527e+01 -3.760948e-15 
  856.000  5.887378e+02  6.519152e+01  1.307345e-14 
  857.000  5.993339e+02  6.627064e+01  1.790280e-14 
  858.000  5.904215e+02  6.516418e+01 -2.124863e-14 
  859.000  5.916245e+02  6.521265e+01  4.428009e-14 
  860.000  5.869903e+02  6.458302e+01 -1.291743e-14 
  861.000  5.871331e+02  6.445406e+01 -6.457512e-14 
  862.000  5.856205e+02  6.415649e+01  8.980384e-15 
  863.000  5.969849e+02  6.525251e+01 -4.757672e-14 
  864.000  5.961433e+02  6.502351e+01 -7.908437e-15 
  865.000  5.853408e+02  6.370872e+01 -8.360152e-15 
  866.000  4.911296e+02  5.333376e+01  1.803440e-14 
  867.000  5.230764e+02  5.667015e+01 -3.013933e-14 
  868.000  5.674371e+02  6.133629e+01  1.273004e-14 
  869.000  5.596518e+02  6.035912e+01 -1.169108e-14 
  870.000  5.828115e+02  6.270984e+01 -2.019073e-14 
  871.000  5.821644e+02  6.249996e+01  4.151534e-14 
  872.000  5.800862e+02  6.214256e+01  4.577529e-14 
  873.000  5.823870e+02  6.223792e+01  2.846521e-14 
  874.000  5.696620e+02  6.073452e+01 -2.059663e-14 
  875.000  5.645183e+02  6.004774e+01  5.720018e-14 
  876.000  5.691274e+02  6.038851e+01 -1.652460e-14 
  877.000  5.805195e+02  6.145232e+01 -8.576824e-15 
  878.000  5.700211e+02  6.016460e+01  2.923434e-16 
  879.000  5.714042e+02  6.017120e+01  1.224444e-14 
  880.000  5.676546e+02  5.960693e+01 -4.466622e-14 
  881.000  5.379370e+02  5.634036e+01  7.701833e-15 
  882.000  5.674792e+02  5.928235e+01 -5.076110e-15 
  883.000  5.549033e+02  5.785484e+01 -2.808236e-14 
  884.000  5.598431e+02  5.824536e+01  3.475509e-14 
  885.000  5.645521e+02  5.853440e+01 -4.050832e-15 
  886.000  5.445472e+02  5.624222e+01 -8.131504e-15 
  887.000  5.403477e+02  5.575275e+01 -7.759588e-15 
  888.000  5.565474e+02  5.729079e+01  2.397805e-14 
  889.000  5.607144e+02  5.761042e+01 -2.126271e-14 
  890.000  5.580138e+02  5.714891e+01 -6.450982e-15 
  891.000  5.529798e+02  5.642241e+01 -3.812953e-15 
  892.000  5.460859e+02  5.540194e+01 -1.185045e-15 
  893.000  5.098731e+02  5.118203e+01 -1.257315e-14 
  894.000  5.187065e+02  5.177702e+01  1.088614e-14 
  895.000  4.687307e+02  4.636609e+01 -8.325825e-15 
  896.000  4.620464e+02  4.538551e+01 -3.298161e-15 
  897.000  4.259513e+02  4.149372e+01  5.161714e-15 
  898.000  4.149914e+02  4.018311e+01  3.148519e-16 
  899.000  3.830570e+02  3.650433e+01 -3.585136e-16 
  900.000  3.777565e+02  3.599352e+01 -1.534060e-15 
  901.000  3.621056e+02  3.428913e+01  1.055031e-15 
  902.000  3.570901e+02  3.377835e+01 -1.550993e-15 
  903.000  4.292777e+02  4.134068e+01  2.911943e-15 
  904.000  4.697440e+02  4.541397e+01 -1.344772e-15 
  905.000  4.674751e+02  4.510298e+01  4.671564e-17 
  906.000  4.342065e+02  4.165789e+01 -1.198699e-15 
  907.000  4.050639e+02  3.841098e+01  3.850181e-15 
  908.000  3.714704e+02  3.477712e+01 -3.165639e-16 
  909.000  3.660210e+02  3.420431e+01  5.507726e-16 
  910.000  3.737645e+02  3.491102e+01  2.487103e-15 
  911.000  3.876809e+02  3.638292e+01  9.350487e-16 
  912.000  3.813390e+02  3.559933e+01 -5.735446e-16 
  913.000  3.589313e+02  3.290268e+01 -6.348138e-16 
  914.000  3.720010e+02  3.430835e+01  2.014922e-15 
  915.000  3.776355e+02  3.497665e+01 -2.656069e-15 
  916.000  3.857859e+02  3.571807e+01  1.029547e-15 
  917.000  3.866000e+02  3.583273e+01  1.922245e-15 
  918.000  3.934676e+02  3.652506e+01 -7.478266e-16 
  919.000  4.293082e+02  4.008987e+01 -1.711120e-15 
  920.000  4.490029e+02  4.202565e+01  1.074313e-14 
  921.000  4.342578e+02  4.053381e+01  2.133234e-15 
  922.000  4.300415e+02  4.005585e+01 -1.808168e-15 
  923.000  4.059478e+02  3.769026e+01 -2.795083e-15 
  924.000  4.079765e+02  3.768806e+01  1.393185e-15 
  925.000  4.119479e+02  3.794408e+01  1.750288e-15 
  926.000  3.962539e+02  3.636723e+01 -5.739572e-15 
  927.000  3.928469e+02  3.577163e+01  1.917607e-15 
  928.000  3.679787e+02  3.302742e+01 -1.377465e-15 
  929.000  3.256174e+02  2.854253e+01 -8.016448e-18 
  930.000  2.805397e+02  2.402129e+01  4.100393e-16 
  931.000  2.348912e+02  1.974643e+01 -4.347676e-16 
  932.000  1.782392e+02  1.461997e+01 -2.129799e-16 
  933.000  1.438353e+02  1.156626e+01  0.000000e+00 
  934.000  1.113945e+02  8.756053e+00  5.659506e-17 
  935.000  1.064396e+02  8.329470e+00 -7.652361e-17 
  936.000  1.167191e+02  9.185234e+00 -5.461489e-17 
  937.000  1.167397e+02  9.152400e+00 -3.844021e-16 
  938.000  1.514849e+02  1.212864e+01 -1.100402e-16 
  939.000  2.660636e+02  2.210440e+01 -1.786610e-16 
  940.000  2.843559e+02  2.377645e+01 -1.613984e-16 
  941.000  2.621034e+02  2.173646e+01  3.590106e-16 
  942.000  2.158668e+02  1.765614e+01  9.503075e-17 
  943.000  1.700201e+02  1.362034e+01  7.187497e-17 
  944.000  1.615105e+02  1.288476e+01 -2.559320e-18 
  945.000  1.819327e+02  1.458781e+01 -1.131033e-16 
  946.000  1.858352e+02  1.488448e+01 -1.222801e-17 
  947.000  2.034606e+02  1.637578e+01 -3.225102e-16 
  948.000  2.160887e+02  1.742160e+01  2.189170e-16 
  949.000  2.157312e+02  1.736372e+01 -7.356936e-18 
  950.000  2.173949e+02  1.748241e+01 -1.017704e-16 
  951.000  2.421662e+02  1.958944e+01  2.370217e-16 
  952.000  2.151667e+02  1.725028e+01  1.157084e-16 
  953.000  2.341691e+02  1.885601e+01 -2.496135e-16 
  954.000  2.536770e+02  2.054230e+01 -4.330924e-16 
  955.000  2.213628e+02  1.781123e+01  2.244040e-16 
  956.000  2.332291e+02  1.873959e+01 -2.496230e-17 
  957.000  2.890954e+02  2.367835e+01  1.930469e-16 
  958.000  2.995939e+02  2.460412e+01 -2.858080e-16 
  959.000  2.914203e+02  2.379047e+01 -1.889239e-15 
  960.000  2.862676e+02  2.330777e+01 -6.787077e-16 
  961.000  2.787491e+02  2.261423e+01 -2.105225e-16 
  962.000  2.848167e+02  2.311426e+01  4.953607e-17 
  963.000  3.170225e+02  2.612383e+01  1.843795e-16 
  964.000  3.184409e+02  2.627174e+01 -2.030446e-15 
  965.000  3.194593e+02  2.626386e+01 -2.823219e-17 
  966.000  3.123204e+02  2.566404e+01  2.741885e-17 
  967.000  3.463385e+02  2.881462e+01  6.229605e-16 
  968.000  3.850811e+02  3.245692e+01 -3.105008e-15 
  969.000  4.076583e+02  3.443430e+01 -8.462794e-16 
  970.000  4.100543e+02  3.458360e+01  1.230336e-15 
  971.000  4.060250e+02  3.417380e+01  4.284678e-15 
  972.000  4.031864e+02  3.382752e+01 -1.547919e-15 
  973.000  3.865285e+02  3.228371e+01 -2.250014e-15 
  974.000  3.653833e+02  3.034736e+01 -3.984348e-15 
  975.000  3.575643e+02  2.954653e+01 -4.094813e-15 
  976.000  3.739901e+02  3.095623e+01 -4.656069e-15 
  977.000  3.843370e+02  3.188645e+01  3.217911e-15 
  978.000  3.923466e+02  3.248463e+01 -6.440097e-15 
  979.000  3.863203e+02  3.196271e+01 -5.499788e-15 
  980.000  4.128023e+02  3.423436e+01  5.626942e-15 
  981.000  4.205596e+02  3.485484e+01  1.888394e-15 
  982.000  4.150821e+02  3.430110e+01  1.413657e-16 
  983.000  4.250845e+02  3.516462e+01  2.139944e-15 
  984.000  4.337233e+02  3.595021e+01 -3.164021e-16 
  985.000  4.401450e+02  3.651118e+01 -8.626105e-15 
  986.000  4.450612e+02  3.700031e+01  2.220990e-15 
  987.000  4.539404e+02  3.774202e+01 -9.801249e-15 
  988.000  4.492780e+02  3.729920e+01 -1.279811e-14 
  989.000  4.441851e+02  3.681498e+01 -5.858681e-15 
  990.000  4.489266e+02  3.715336e+01  3.851207e-15 
  991.000  4.558101e+02  3.772096e+01 -4.643540e-15 
  992.000  4.525490e+02  3.739713e+01 -1.049336e-14 
  993.000  4.529256e+02  3.736089e+01  1.270906e-14 
  994.000  4.580498e+02  3.777143e+01  5.957396e-15 
  995.000  4.566232e+02  3.763229e+01 -5.349209e-15 
  996.000  4.565688e+02  3.755117e+01  1.444394e-14 
  997.000  4.559111e+02  3.738654e+01 -1.937406e-15 
  998.000  4.528801e+02  3.702285e+01  8.055795e-15 
  999.000  4.512743e+02  3.680226e+01 -2.275145e-16 
 1000.000  4.481495e+02  3.648526e+01 -2.256925e-16 
 1001.000  4.478584e+02  3.632642e+01 -2.351367e-15 
 1002.000  4.426991e+02  3.573146e+01 -4.286572e-15 
 1003.000  4.386598e+02  3.535766e+01  4.638814e-15 
 1004.000  4.376274e+02  3.526245e+01 -8.165673e-15 
 1005.000  4.099038e+02  3.298843e+01  7.631670e-15 
 1006.000  4.318455e+02  3.469342e+01 -4.620253e-15 
 1007.000  4.389114e+02  3.516949e+01 -1.164859e-14 
 1008.000  4.371696e+02  3.487671e+01  6.756050e-15 
 1009.000  4.297272e+02  3.411586e+01 -1.783938e-15 
 1010.000  4.335509e+02  3.439333e+01  6.096639e-16 
 1011.000  4.363994e+02  3.466176e+01  1.104227e-14 
 1012.000  4.385708e+02  3.481095e+01  9.163927e-15 
 1013.000  4.369632e+02  3.465185e+01 -1.109876e-14 
 1014.000  4.404011e+02  3.486106e+01  2.488854e-14 
 1015.000  4.324457e+02  3.416650e+01 -1.718839e-14 
 1016.000  4.359569e+02  3.439465e+01  1.850652e-15 
 1017.000  4.320739e+02  3.403115e+01  8.612300e-15 
 1018.000  4.369390e+02  3.432160e+01 -1.856511e-15 
 1019.000  4.254195e+02  3.331594e+01  3.777326e-15 
 1020.000  4.251555e+02  3.324361e+01 -6.639477e-15 
 1021.000  4.305659e+02  3.362256e+01 -1.386185e-14 
 1022.000  4.222472e+02  3.286437e+01 -1.217905e-14 
 1023.000  4.287320e+02  3.326141e+01  8.814039e-15 
 1024.000  4.256020e+02  3.292920e+01  3.753739e-16 
 1025.000  4.285532e+02  3.316659e+01 -5.374084e-15 
 1026.000  4.303881e+02  3.326903e+01  9.453913e-15 
 1027.000  4.272827e+02  3.294700e+01 -2.989874e-15 
 1028.000  4.288297e+02  3.301466e+01  2.001531e-14 
 1029.000  4.236297e+02  3.258817e+01 -7.267578e-15 
 1030.000  4.291300e+02  3.298174e+01  2.336260e-15 
 1031.000  4.284282e+02  3.288113e+01  7.738103e-15 
 1032.000  4.274536e+02  3.275573e+01  1.584370e-15 
 1033.000  4.197783e+02  3.210783e+01  1.803707e-14 
 1034.000  4.245381e+02  3.241600e+01  1.057892e-14 
 1035.000  4.202056e+02  3.202599e+01 -1.181239e-14 
 1036.000  4.256933e+02  3.237983e+01 -1.575058e-15 
 1037.000  4.168218e+02  3.164408e+01 -2.301852e-14 
 1038.000  4.210571e+02  3.190461e+01 -2.117327e-14 
 1039.000  4.226903e+02  3.195963e+01  2.094998e-16 
 1040.000  4.176339e+02  3.151092e+01 -1.926311e-14 
 1041.000  4.197956e+02  3.160780e+01 -1.760544e-14 
 1042.000  4.210445e+02  3.163779e+01 -1.609949e-14 
 1043.000  4.138163e+02  3.103299e+01 -7.658103e-15 
 1044.000  4.178901e+02  3.127386e+01 -1.598069e-14 
 1045.000  4.159226e+02  3.105630e+01 -5.750967e-15 
 1046.000  4.037131e+02  3.007952e+01  1.137049e-14 
 1047.000  4.110194e+02  3.055797e+01  5.485055e-15 
 1048.000  4.150020e+02  3.078800e+01  9.242021e-15 
 1049.000  4.122554e+02  3.052051e+01  2.326780e-14 
 1050.000  4.095979e+02  3.025540e+01  2.466014e-14 
 1051.000  4.093050e+02  3.016012e+01 -4.162171e-15 
 1052.000  4.072039e+02  2.993803e+01 -1.546644e-14 
 1053.000  4.073752e+02  2.989040e+01 -1.395682e-14 
 1054.000  4.028563e+02  2.948717e+01 -2.401703e-15 
 1055.000  4.054775e+02  2.960717e+01 -1.514715e-15 
 1056.000  4.041485e+02  2.944194e+01  8.866099e-15 
 1057.000  4.027664e+02  2.925745e+01  4.835044e-15 
 1058.000  3.972140e+02  2.874944e+01 -5.990319e-15 
 1059.000  3.848608e+02  2.780456e+01  1.392148e-14 
 1060.000  3.994809e+02  2.883003e+01  1.005745e-16 
 1061.000  3.853701e+02  2.776038e+01 -2.510088e-15 
 1062.000  3.952892e+02  2.839961e+01  4.773692e-15 
 1063.000  3.883880e+02  2.785070e+01 -4.302395e-15 
 1064.000  3.928039e+02  2.809838e+01  2.989414e-16 
 1065.000  3.913759e+02  2.791933e+01  2.974247e-15 
 1066.000  3.794762e+02  2.702840e+01  0.000000e+00 
 1067.000  3.880887e+02  2.758181e+01 -5.312666e-15 
 1068.000  3.847223e+02  2.725483e+01  5.695636e-15 
 1069.000  3.547523e+02  2.506376e+01  3.366264e-15 
 1070.000  3.760516e+02  2.652904e+01 -3.900730e-15 
 1071.000  3.754588e+02  2.641332e+01  5.831047e-15 
 1072.000  3.753706e+02  2.633574e+01  1.424605e-15 
 1073.000  3.627846e+02  2.540566e+01  1.829842e-15 
 1074.000  3.757245e+02  2.627279e+01 -1.997365e-16 
 1075.000  3.659388e+02  2.558532e+01 -2.118193e-15 
 1076.000  3.727628e+02  2.599450e+01  1.119831e-15 
 1077.000  3.703676e+02  2.575367e+01  3.685459e-15 
 1078.000  3.695740e+02  2.562189e+01 -2.850282e-15 
 1079.000  3.550155e+02  2.456831e+01  2.125913e-15 
 1080.000  3.605160e+02  2.483023e+01 -7.838822e-15 
 1081.000  3.470381e+02  2.385981e+01 -7.244455e-16 
 1082.000  3.536481e+02  2.430621e+01 -3.818646e-16 
 1083.000  3.415664e+02  2.340093e+01  5.364308e-15 
 1084.000  3.517021e+02  2.401950e+01  4.938647e-16 
 1085.000  3.402479e+02  2.313060e+01 -2.527378e-15 
 1086.000  3.463117e+02  2.351894e+01 -6.751535e-16 
 1087.000  3.322560e+02  2.260620e+01  9.296181e-15 
 1088.000  3.527812e+02  2.396869e+01 -6.879381e-15 
 1089.000  3.303283e+02  2.231185e+01 -6.957712e-16 
 1090.000  3.357777e+02  2.262746e+01 -3.064514e-15 
 1091.000  3.396934e+02  2.286752e+01  3.680578e-15 
 1092.000  3.273127e+02  2.196089e+01  3.356876e-15 
 1093.000  3.133883e+02  2.093006e+01 -2.049633e-15 
 1094.000  2.813089e+02  1.873620e+01  1.726364e-15 
 1095.000  3.051445e+02  2.029216e+01  1.486850e-15 
 1096.000  3.044349e+02  2.020949e+01  9.295203e-16 
 1097.000  2.983445e+02  1.975758e+01  5.119436e-16 
 1098.000  2.707443e+02  1.774440e+01 -1.185681e-15 
 1099.000  2.508411e+02  1.617493e+01 -2.064359e-17 
 1100.000  2.564601e+02  1.652765e+01 -6.301132e-16 
