  400.000  4.176416e+02  3.606964e+02 -9.957153e-14 
  401.000  4.166503e+02  3.562430e+02 -6.662577e-14 
  402.000  4.431682e+02  3.751566e+02  4.315684e-14 
  403.000  4.165469e+02  3.491473e+02  3.643347e-14 
  404.000  4.491909e+02  3.728270e+02 -4.369469e-14 
  405.000  4.133456e+02  3.397417e+02  8.589405e-14 
  406.000  4.116083e+02  3.350516e+02  5.664015e-14 
  407.000  4.022106e+02  3.242682e+02  8.079118e-14 
  408.000  4.371533e+02  3.490900e+02  1.300946e-14 
  409.000  4.854236e+02  3.839768e+02 -5.287350e-14 
  410.000  4.071111e+02  3.190109e+02 -4.883712e-14 
  411.000  4.795408e+02  3.722661e+02  1.343573e-14 
  412.000  4.983845e+02  3.833131e+02  2.806503e-14 
  413.000  4.721989e+02  3.598379e+02  6.212383e-14 
  414.000  4.647887e+02  3.509500e+02 -7.518359e-14 
  415.000  4.971379e+02  3.719773e+02 -1.343319e-13 
  416.000  4.955054e+02  3.674173e+02 -8.030923e-14 
  417.000  4.817653e+02  3.540327e+02 -1.373131e-13 
  418.000  4.725711e+02  3.441891e+02  7.462974e-14 
  419.000  4.854665e+02  3.504570e+02 -2.053112e-14 
  420.000  4.120038e+02  2.948139e+02  6.569840e-14 
  421.000  5.175551e+02  3.671156e+02  1.652737e-14 
  422.000  4.972123e+02  3.496356e+02 -5.498766e-14 
  423.000  4.210035e+02  2.935034e+02  1.631906e-13 
  424.000  4.642549e+02  3.208940e+02 -2.021099e-15 
  425.000  4.820249e+02  3.303462e+02 -8.098939e-14 
  426.000  4.645034e+02  3.156507e+02 -4.279948e-14 
  427.000  4.478910e+02  3.018090e+02  2.432988e-14 
  428.000  4.546208e+02  3.037906e+02 -5.446506e-14 
  429.000  4.145843e+02  2.747425e+02 -2.624624e-14 
  430.000  3.316078e+02  2.179448e+02 -4.384914e-14 
  431.000  2.988374e+02  1.948004e+02  5.493471e-14 
  432.000  5.391468e+02  3.485910e+02 -7.899443e-14 
  433.000  4.810088e+02  3.084882e+02  5.770623e-14 
  434.000  4.582070e+02  2.915051e+02 -4.055527e-14 
  435.000  4.996281e+02  3.153199e+02  8.192290e-15 
  436.000  5.552330e+02  3.476322e+02 -5.603261e-14 
  437.000  5.618121e+02  3.489763e+02 -6.727724e-14 
  438.000  5.043509e+02  3.108257e+02  7.130835e-15 
  439.000  4.890901e+02  2.990711e+02 -1.327289e-14 
  440.000  5.493279e+02  3.332986e+02 -2.364274e-14 
  441.000  5.486890e+02  3.303408e+02  1.640658e-14 
  442.000  5.790717e+02  3.459535e+02  8.388910e-14 
  443.000  5.841329e+02  3.463076e+02  3.865017e-14 
  444.000  5.815093e+02  3.421268e+02 -2.172385e-14 
  445.000  6.128979e+02  3.578573e+02 -4.504403e-14 
  446.000  5.466363e+02  3.167513e+02  1.761346e-14 
  447.000  6.246816e+02  3.592750e+02  1.129017e-13 
  448.000  6.363653e+02  3.633229e+02 -3.570821e-14 
  449.000  6.419890e+02  3.638864e+02  3.524157e-14 
  450.000  6.572884e+02  3.698758e+02  5.293515e-14 
  451.000  7.117225e+02  3.976262e+02 -9.512796e-15 
  452.000  6.628927e+02  3.676860e+02  5.484362e-14 
  453.000  6.164965e+02  3.395034e+02 -5.256078e-14 
  454.000  6.584918e+02  3.600439e+02  8.633227e-14 
  455.000  6.643051e+02  3.606432e+02  7.927984e-14 
  456.000  6.816184e+02  3.674210e+02  8.293228e-15 
  457.000  6.866565e+02  3.675343e+02  8.329169e-14 
  458.000  6.757687e+02  3.591761e+02  6.472211e-14 
  459.000  6.768591e+02  3.572480e+02 -3.385375e-14 
  460.000  6.721235e+02  3.522905e+02  1.148037e-13 
  461.000  6.976804e+02  3.631660e+02 -1.221276e-14 
  462.000  6.874731e+02  3.553965e+02 -7.060424e-14 
  463.000  6.887902e+02  3.536450e+02  1.145698e-13 
  464.000  6.922099e+02  3.529992e+02  1.531546e-13 
  465.000  6.832197e+02  3.460693e+02  2.602579e-14 
  466.000  7.059932e+02  3.552054e+02  1.263186e-13 
  467.000  6.821433e+02  3.409083e+02  4.973698e-14 
  468.000  7.231940e+02  3.589980e+02 -8.699854e-14 
  469.000  7.178285e+02  3.539320e+02 -2.633429e-14 
  470.000  7.088549e+02  3.471405e+02  5.314315e-14 
  471.000  7.084331e+02  3.445705e+02  2.712479e-14 
  472.000  7.179047e+02  3.467901e+02  1.065033e-13 
  473.000  7.108254e+02  3.410084e+02 -1.960450e-13 
  474.000  7.172273e+02  3.417006e+02 -9.715265e-14 
  475.000  7.467561e+02  3.532258e+02 -1.810264e-13 
  476.000  7.241587e+02  3.400093e+02  3.651241e-14 
  477.000  7.179705e+02  3.347100e+02  3.553900e-14 
  478.000  7.544965e+02  3.496402e+02 -5.649279e-14 
  479.000  7.214896e+02  3.325514e+02  1.587186e-13 
  480.000  7.370178e+02  3.379436e+02 -3.856659e-14 
  481.000  7.337281e+02  3.346270e+02 -4.264520e-14 
  482.000  7.502169e+02  3.402480e+02  1.004593e-13 
  483.000  7.520483e+02  3.391323e+02  5.241126e-14 
  484.000  7.240524e+02  3.245977e+02 -4.534072e-14 
  485.000  7.302711e+02  3.254447e+02 -9.678200e-14 
  486.000  5.928141e+02  2.626158e+02 -3.638510e-14 
  487.000  6.670994e+02  2.937659e+02 -4.081552e-14 
  488.000  7.251888e+02  3.174472e+02  7.250341e-14 
  489.000  6.749175e+02  2.936896e+02  9.125509e-15 
  490.000  7.692546e+02  3.327642e+02 -5.701273e-14 
  491.000  7.206551e+02  3.099021e+02  4.054100e-14 
  492.000  6.933083e+02  2.963877e+02 -5.838275e-16 
  493.000  7.475346e+02  3.176992e+02  1.874843e-14 
  494.000  7.229578e+02  3.054609e+02  3.375408e-14 
  495.000  7.736926e+02  3.250008e+02 -1.718212e-13 
  496.000  7.543123e+02  3.150225e+02  0.000000e+00 
  497.000  7.324898e+02  3.041463e+02  3.155336e-14 
  498.000  7.159308e+02  2.955664e+02 -1.190612e-15 
  499.000  7.149379e+02  2.934690e+02 -8.028287e-14 
  500.000  7.125180e+02  2.908118e+02  0.000000e+00 
  501.000  6.972454e+02  2.829636e+02 -1.153633e-15 
  502.000  6.933710e+02  2.798039e+02  1.480717e-14 
  503.000  7.354364e+02  2.951134e+02  0.000000e+00 
  504.000  6.849216e+02  2.733058e+02 -5.666721e-14 
  505.000  7.394672e+02  2.934262e+02 -2.722125e-14 
  506.000  7.924318e+02  3.127139e+02 -8.340816e-14 
  507.000  7.380450e+02  2.896587e+02 -5.826415e-14 
  508.000  7.085055e+02  2.765531e+02  8.169591e-14 
  509.000  7.647692e+02  2.968979e+02 -1.734618e-14 
  510.000  7.417424e+02  2.864034e+02  9.171546e-14 
  511.000  7.426620e+02  2.852146e+02  8.384699e-14 
  512.000  7.801906e+02  2.980211e+02  9.168291e-14 
  513.000  7.147110e+02  2.715527e+02 -8.611789e-15 
  514.000  7.003519e+02  2.646837e+02 -9.549308e-15 
  515.000  7.156346e+02  2.690294e+02 -2.461047e-14 
  516.000  7.523495e+02  2.813377e+02 -6.187278e-14 
  517.000  5.546451e+02  2.063121e+02  6.189022e-14 
  518.000  6.872223e+02  2.542828e+02 -1.176037e-13 
  519.000  6.515867e+02  2.398348e+02 -3.003804e-14 
  520.000  7.179344e+02  2.628792e+02  1.213542e-13 
  521.000  7.188740e+02  2.618540e+02 -8.204082e-14 
  522.000  7.479380e+02  2.710230e+02 -1.272805e-13 
  523.000  6.972243e+02  2.513274e+02 -1.185160e-13 
  524.000  7.569755e+02  2.714497e+02  4.003819e-14 
  525.000  7.514184e+02  2.680589e+02  6.399947e-14 
  526.000  7.165963e+02  2.543265e+02  7.056850e-14 
  527.000  6.263885e+02  2.211700e+02  2.120294e-14 
  528.000  7.527699e+02  2.644338e+02 -1.018356e-13 
  529.000  7.746286e+02  2.707267e+02  2.495213e-14 
  530.000  7.324166e+02  2.546784e+02 -4.714377e-14 
  531.000  7.977348e+02  2.759948e+02  1.064702e-14 
  532.000  7.615311e+02  2.621573e+02  2.806191e-14 
  533.000  6.693546e+02  2.292960e+02 -9.963882e-15 
  534.000  7.284427e+02  2.483407e+02  1.223350e-13 
  535.000  7.438224e+02  2.523866e+02  3.480219e-14 
  536.000  7.899019e+02  2.667587e+02  1.309220e-13 
  537.000  7.334067e+02  2.465091e+02  3.419101e-14 
  538.000  7.683012e+02  2.570130e+02  6.912311e-14 
  539.000  7.663323e+02  2.551387e+02 -1.186779e-13 
  540.000  7.505050e+02  2.486852e+02 -1.549168e-13 
  541.000  6.887022e+02  2.271282e+02  8.454417e-14 
  542.000  7.688061e+02  2.523504e+02 -1.127509e-14 
  543.000  7.359270e+02  2.404224e+02 -7.930723e-14 
  544.000  7.767763e+02  2.525756e+02  1.256200e-14 
  545.000  7.657555e+02  2.478256e+02  1.182074e-15 
  546.000  7.492610e+02  2.413551e+02  7.467911e-15 
  547.000  7.816539e+02  2.506202e+02  8.985633e-15 
  548.000  7.257722e+02  2.316255e+02  8.333806e-15 
  549.000  7.643683e+02  2.428184e+02 -1.145180e-13 
  550.000  7.481990e+02  2.365882e+02 -6.628870e-14 
  551.000  7.442155e+02  2.342450e+02  4.031924e-14 
  552.000  7.770336e+02  2.434540e+02  5.214131e-14 
  553.000  7.472919e+02  2.330643e+02  6.375573e-14 
  554.000  7.724289e+02  2.398051e+02 -2.410245e-14 
  555.000  7.753270e+02  2.396107e+02 -4.834883e-14 
  556.000  7.546556e+02  2.321652e+02 -9.751223e-14 
  557.000  7.329181e+02  2.244551e+02  4.900215e-14 
  558.000  7.614337e+02  2.321331e+02 -8.673593e-15 
  559.000  7.203475e+02  2.186157e+02 -7.161324e-14 
  560.000  7.241121e+02  2.187635e+02  1.104003e-15 
  561.000  7.964590e+02  2.395296e+02  2.427734e-15 
  562.000  7.313657e+02  2.189046e+02  2.050712e-14 
  563.000  7.657024e+02  2.281362e+02 -8.244480e-14 
  564.000  7.553622e+02  2.240157e+02  2.463010e-14 
  565.000  7.645590e+02  2.256608e+02  0.000000e+00 
  566.000  7.053683e+02  2.072452e+02  2.085958e-14 
  567.000  7.561691e+02  2.209946e+02  9.024991e-14 
  568.000  7.507786e+02  2.177504e+02  9.150597e-14 
  569.000  7.273416e+02  2.089351e+02  2.443587e-14 
  570.000  7.331409e+02  2.098133e+02 -1.043976e-15 
  571.000  7.140142e+02  2.041980e+02 -2.301375e-14 
  572.000  7.488992e+02  2.124450e+02 -5.995246e-14 
  573.000  7.591461e+02  2.146112e+02 -6.294602e-14 
  574.000  7.560605e+02  2.128648e+02 -2.113214e-14 
  575.000  7.377124e+02  2.067344e+02 -8.606550e-15 
  576.000  7.248701e+02  2.022427e+02  4.125061e-15 
  577.000  7.575001e+02  2.106184e+02 -2.505957e-14 
  578.000  7.385831e+02  2.048766e+02  7.283085e-14 
  579.000  7.355621e+02  2.034703e+02 -3.914139e-14 
  580.000  7.632499e+02  2.104779e+02 -2.425122e-14 
  581.000  7.527496e+02  2.070980e+02 -5.826511e-14 
  582.000  7.662840e+02  2.101637e+02 -1.950091e-14 
  583.000  7.730204e+02  2.112148e+02  8.877098e-14 
  584.000  7.718848e+02  2.101044e+02 -8.614286e-15 
  585.000  7.677742e+02  2.081487e+02 -1.481231e-14 
  586.000  7.357405e+02  1.986708e+02 -3.706198e-14 
  587.000  7.622810e+02  2.046223e+02 -1.516715e-14 
  588.000  7.420876e+02  1.970508e+02  1.528015e-14 
  589.000  6.405652e+02  1.682570e+02 -1.733990e-14 
  590.000  6.682492e+02  1.747721e+02 -1.135131e-14 
  591.000  7.241155e+02  1.894281e+02  1.470530e-14 
  592.000  7.038882e+02  1.829936e+02 -1.533031e-14 
  593.000  7.270747e+02  1.892947e+02 -2.385496e-14 
  594.000  7.309729e+02  1.893000e+02  6.119957e-14 
  595.000  7.070284e+02  1.817198e+02 -2.915231e-14 
  596.000  7.406161e+02  1.906581e+02 -1.005368e-14 
  597.000  7.402002e+02  1.895665e+02  3.559781e-14 
  598.000  7.319551e+02  1.872402e+02 -5.788285e-14 
  599.000  7.354024e+02  1.876451e+02  2.535812e-15 
  600.000  7.418682e+02  1.891706e+02  8.355559e-14 
  601.000  7.421124e+02  1.889339e+02 -6.188659e-14 
  602.000  7.358839e+02  1.868286e+02  4.454273e-14 
  603.000  7.423692e+02  1.879505e+02 -1.727150e-14 
  604.000  7.676990e+02  1.937719e+02  1.444335e-14 
  605.000  7.671754e+02  1.929879e+02  7.368092e-14 
  606.000  7.592706e+02  1.903007e+02  1.641855e-14 
  607.000  7.559675e+02  1.887781e+02  9.462461e-14 
  608.000  7.540941e+02  1.876129e+02  1.088485e-15 
  609.000  7.472110e+02  1.852101e+02  1.392106e-14 
  610.000  7.360766e+02  1.817735e+02 -3.528667e-14 
  611.000  7.488638e+02  1.842454e+02  7.705247e-14 
  612.000  7.399307e+02  1.813727e+02  3.061388e-14 
  613.000  7.299056e+02  1.782515e+02  0.000000e+00 
  614.000  7.042900e+02  1.713574e+02 -2.904548e-14 
  615.000  7.387912e+02  1.790866e+02  2.936603e-14 
  616.000  7.031536e+02  1.698164e+02  1.395355e-14 
  617.000  7.078001e+02  1.703029e+02  7.113578e-14 
  618.000  7.418274e+02  1.778231e+02  6.813907e-15 
  619.000  7.355986e+02  1.756658e+02  1.454329e-14 
  620.000  7.470102e+02  1.777171e+02 -1.059327e-15 
  621.000  7.603500e+02  1.802021e+02  1.392818e-14 
  622.000  7.206346e+02  1.701346e+02  2.284850e-14 
  623.000  7.265671e+02  1.708673e+02  0.000000e+00 
  624.000  7.276628e+02  1.704627e+02  1.433728e-14 
  625.000  7.082033e+02  1.652600e+02 -2.042191e-14 
  626.000  7.113734e+02  1.652716e+02 -1.352210e-14 
  627.000  7.190537e+02  1.658306e+02 -7.674559e-15 
  628.000  6.973853e+02  1.590735e+02  1.613243e-14 
  629.000  7.215174e+02  1.645363e+02  2.875973e-14 
  630.000  7.021413e+02  1.599177e+02  1.486037e-14 
  631.000  7.308973e+02  1.661399e+02 -2.693797e-15 
  632.000  6.779962e+02  1.532555e+02 -3.039011e-14 
  633.000  7.338586e+02  1.658201e+02  1.039024e-13 
  634.000  7.144058e+02  1.610834e+02  2.899888e-14 
  635.000  7.283060e+02  1.636563e+02  5.084467e-14 
  636.000  7.044304e+02  1.578751e+02 -2.790747e-14 
  637.000  7.292125e+02  1.629535e+02 -3.585782e-14 
  638.000  7.437924e+02  1.659507e+02  6.645813e-15 
  639.000  7.386771e+02  1.642704e+02 -1.418770e-14 
  640.000  7.174830e+02  1.591683e+02 -5.047157e-14 
  641.000  7.286006e+02  1.610858e+02  4.270772e-14 
  642.000  7.214151e+02  1.590638e+02  0.000000e+00 
  643.000  7.331616e+02  1.609037e+02  1.396856e-14 
  644.000  7.254420e+02  1.586724e+02 -9.908164e-16 
  645.000  7.298566e+02  1.587913e+02  5.468372e-15 
  646.000  6.925239e+02  1.493735e+02  5.696618e-14 
  647.000  6.953561e+02  1.490247e+02  9.375492e-15 
  648.000  6.866509e+02  1.462625e+02  4.441922e-14 
  649.000  7.078023e+02  1.506184e+02 -1.065172e-15 
  650.000  6.689655e+02  1.427180e+02  1.775679e-14 
  651.000  7.211018e+02  1.533251e+02 -1.346482e-14 
  652.000  6.959554e+02  1.467225e+02 -3.824715e-14 
  653.000  7.242670e+02  1.531183e+02  3.025253e-14 
  654.000  7.138111e+02  1.502897e+02 -2.212700e-14 
  655.000  6.906340e+02  1.445865e+02  1.120801e-14 
  656.000  5.881962e+02  1.228327e+02 -1.514002e-14 
  657.000  6.306033e+02  1.314272e+02  3.451777e-14 
  658.000  7.074738e+02  1.473305e+02 -2.335253e-14 
  659.000  7.123336e+02  1.480931e+02 -1.671585e-14 
  660.000  7.194813e+02  1.491279e+02  6.234904e-15 
  661.000  7.266099e+02  1.505018e+02  1.248816e-14 
  662.000  7.390983e+02  1.527606e+02  2.823259e-14 
  663.000  7.311166e+02  1.505814e+02  1.222397e-13 
  664.000  7.205191e+02  1.479765e+02 -1.325012e-14 
  665.000  7.246490e+02  1.483935e+02 -4.893304e-14 
  666.000  7.344952e+02  1.499922e+02  4.851567e-14 
  667.000  7.208345e+02  1.467751e+02 -4.046029e-14 
  668.000  7.260168e+02  1.474197e+02 -2.742090e-14 
  669.000  7.372560e+02  1.492535e+02  3.595283e-14 
  670.000  7.291348e+02  1.471574e+02 -7.101006e-15 
  671.000  7.221481e+02  1.453071e+02 -4.119191e-14 
  672.000  7.204471e+02  1.445188e+02  2.610965e-14 
  673.000  7.262495e+02  1.452344e+02  7.275540e-14 
  674.000  7.282946e+02  1.451959e+02  1.316215e-14 
  675.000  7.177954e+02  1.426646e+02 -2.175834e-14 
  676.000  7.319562e+02  1.450329e+02 -7.304284e-14 
  677.000  7.179863e+02  1.418298e+02 -1.232726e-13 
  678.000  7.304608e+02  1.438543e+02 -5.864121e-14 
  679.000  7.206116e+02  1.414715e+02 -1.988485e-14 
  680.000  7.150494e+02  1.398919e+02  1.788802e-14 
  681.000  7.158266e+02  1.395574e+02  3.169845e-14 
  682.000  7.146727e+02  1.388914e+02  5.956232e-15 
  683.000  7.195773e+02  1.393781e+02  5.260476e-14 
  684.000  7.061905e+02  1.362682e+02 -1.949458e-14 
  685.000  7.152360e+02  1.376591e+02  7.793627e-15 
  686.000  6.823826e+02  1.307397e+02 -6.594176e-15 
  687.000  5.796741e+02  1.085590e+02  5.475564e-15 
  688.000  6.131247e+02  1.149409e+02  4.596419e-15 
  689.000  6.049225e+02  1.129140e+02  1.696072e-15 
  690.000  6.254030e+02  1.166391e+02  1.097661e-14 
  691.000  6.488063e+02  1.209849e+02  3.198403e-14 
  692.000  6.538975e+02  1.216826e+02 -2.294427e-14 
  693.000  6.398818e+02  1.181639e+02 -1.053304e-15 
  694.000  6.273096e+02  1.150847e+02  6.929217e-17 
  695.000  6.289240e+02  1.152517e+02 -2.014579e-14 
  696.000  6.440904e+02  1.178462e+02  1.648570e-14 
  697.000  6.811422e+02  1.253938e+02 -2.500537e-14 
  698.000  6.611102e+02  1.210406e+02  1.135919e-14 
  699.000  6.411622e+02  1.161880e+02  2.136733e-14 
  700.000  6.389668e+02  1.155475e+02  1.122015e-14 
  701.000  6.178430e+02  1.112609e+02  7.641146e-15 
  702.000  6.200177e+02  1.114278e+02  1.922205e-15 
  703.000  6.552775e+02  1.181188e+02  4.029197e-14 
  704.000  6.585074e+02  1.183937e+02 -5.648240e-15 
  705.000  6.526966e+02  1.166844e+02 -1.722134e-14 
  706.000  6.481011e+02  1.155866e+02 -2.149881e-15 
  707.000  6.423759e+02  1.143445e+02  1.545613e-14 
  708.000  6.655231e+02  1.182552e+02  8.650825e-15 
  709.000  6.505395e+02  1.155535e+02  1.083868e-15 
  710.000  6.564833e+02  1.159579e+02  4.536439e-14 
  711.000  6.593712e+02  1.164488e+02  1.834673e-14 
  712.000  6.582440e+02  1.162290e+02 -6.441797e-15 
  713.000  6.492187e+02  1.140432e+02  3.907017e-15 
  714.000  6.581093e+02  1.151806e+02  8.255641e-15 
  715.000  6.248824e+02  1.087084e+02 -8.065158e-15 
  716.000  6.300698e+02  1.089674e+02 -6.565759e-15 
  717.000  5.468776e+02  9.312246e+01 -1.036715e-14 
  718.000  5.044454e+02  8.455096e+01  2.868848e-15 
  719.000  4.848070e+02  8.056967e+01  4.005005e-15 
  720.000  4.683306e+02  7.701982e+01 -1.763691e-15 
  721.000  5.593622e+02  9.447938e+01 -7.066912e-15 
  722.000  6.023987e+02  1.020508e+02  6.713180e-15 
  723.000  5.812933e+02  9.789758e+01 -7.049912e-15 
  724.000  5.297960e+02  8.788807e+01  2.982796e-15 
  725.000  5.317700e+02  8.816706e+01  2.206012e-15 
  726.000  5.284742e+02  8.731989e+01 -2.129525e-16 
  727.000  5.441209e+02  8.986112e+01  2.175092e-16 
  728.000  5.267512e+02  8.655299e+01  1.385246e-15 
  729.000  5.257084e+02  8.663418e+01  4.718873e-15 
  730.000  5.418452e+02  8.899801e+01  2.963496e-15 
  731.000  5.289760e+02  8.657687e+01 -1.075872e-14 
  732.000  5.742690e+02  9.441991e+01  1.084650e-15 
  733.000  5.999453e+02  9.896410e+01  1.768337e-14 
  734.000  6.296738e+02  1.039989e+02 -3.886515e-14 
  735.000  6.188676e+02  1.018017e+02 -6.143237e-15 
  736.000  5.967061e+02  9.767567e+01  1.873335e-14 
  737.000  6.130234e+02  1.002484e+02  8.041694e-15 
  738.000  6.229444e+02  1.018776e+02 -5.371291e-14 
  739.000  6.077396e+02  9.926386e+01 -7.038171e-15 
  740.000  6.244140e+02  1.020781e+02  4.134592e-15 
  741.000  6.258110e+02  1.022793e+02  3.212731e-14 
  742.000  6.182383e+02  1.008813e+02  9.653534e-16 
  743.000  6.422513e+02  1.047534e+02 -1.780527e-14 
  744.000  6.511125e+02  1.060595e+02  3.952082e-14 
  745.000  6.363022e+02  1.034777e+02  1.010274e-14 
  746.000  6.468853e+02  1.050022e+02  0.000000e+00 
  747.000  6.574788e+02  1.064510e+02 -4.122872e-14 
  748.000  6.467861e+02  1.045080e+02 -8.286269e-14 
  749.000  6.477036e+02  1.044069e+02 -4.477524e-14 
  750.000  6.379731e+02  1.025372e+02  1.742021e-14 
  751.000  6.366811e+02  1.020639e+02 -4.824211e-14 
  752.000  6.477189e+02  1.036187e+02 -4.036102e-14 
  753.000  6.422136e+02  1.024885e+02 -6.092194e-14 
  754.000  6.527717e+02  1.039138e+02 -1.103271e-14 
  755.000  6.493757e+02  1.031070e+02 -4.466103e-14 
  756.000  6.370188e+02  1.008860e+02  6.534319e-15 
  757.000  6.419720e+02  1.014076e+02  3.404693e-14 
  758.000  6.402222e+02  1.008161e+02 -6.572828e-14 
  759.000  5.670240e+02  8.778250e+01  5.534454e-15 
  760.000  1.770643e+02  2.498844e+01 -2.804907e-34 
  761.000  1.484392e+02  2.058895e+01  1.346196e-15 
  762.000  3.401904e+02  4.986682e+01  2.842795e-17 
  763.000  2.817710e+02  4.071971e+01  5.838157e-17 
  764.000  3.157963e+02  4.577874e+01  9.060925e-17 
  765.000  3.967045e+02  5.828110e+01 -1.863340e-17 
  766.000  4.738633e+02  7.146082e+01 -1.501509e-14 
  767.000  5.312947e+02  8.041722e+01 -3.710600e-15 
  768.000  5.869235e+02  8.910723e+01  3.536971e-15 
  769.000  6.076251e+02  9.253113e+01 -1.968163e-14 
  770.000  6.157581e+02  9.383943e+01 -6.983918e-15 
  771.000  6.218538e+02  9.471165e+01  5.592733e-15 
  772.000  6.209155e+02  9.437780e+01 -4.076413e-15 
  773.000  6.191236e+02  9.388837e+01 -7.945406e-14 
  774.000  6.264903e+02  9.478764e+01 -6.351755e-15 
  775.000  6.034899e+02  9.109289e+01  1.616872e-14 
  776.000  6.288273e+02  9.469233e+01  7.516813e-16 
  777.000  6.246979e+02  9.383422e+01  4.641185e-14 
  778.000  6.214676e+02  9.310821e+01 -9.598976e-15 
  779.000  6.236107e+02  9.318887e+01  2.705695e-14 
  780.000  6.160153e+02  9.181766e+01  5.491974e-15 
  781.000  6.156359e+02  9.155886e+01  1.096387e-14 
  782.000  6.231613e+02  9.244015e+01 -6.766967e-14 
  783.000  6.087169e+02  9.006712e+01 -6.754504e-14 
  784.000  6.120080e+02  9.031046e+01  4.720320e-15 
  785.000  6.118881e+02  8.995714e+01  2.114257e-14 
  786.000  5.984622e+02  8.759448e+01 -7.207673e-16 
  787.000  6.009015e+02  8.744593e+01 -1.523825e-14 
  788.000  5.885449e+02  8.529161e+01 -3.770510e-15 
  789.000  5.796364e+02  8.337464e+01 -1.164041e-16 
  790.000  5.728157e+02  8.215964e+01 -4.147418e-15 
  791.000  5.723367e+02  8.195679e+01  7.504477e-16 
  792.000  5.655666e+02  8.085526e+01 -2.629035e-14 
  793.000  5.701453e+02  8.147558e+01 -1.050005e-14 
  794.000  5.748523e+02  8.236052e+01  6.273966e-15 
  795.000  5.655239e+02  8.056823e+01  1.193661e-15 
  796.000  5.581468e+02  7.880634e+01  8.239282e-16 
  797.000  5.667166e+02  7.995174e+01  5.205319e-15 
  798.000  5.780993e+02  8.170935e+01 -2.218957e-15 
  799.000  5.752920e+02  8.103049e+01 -3.758268e-15 
  800.000  5.527224e+02  7.742976e+01 -1.084263e-14 
  801.000  5.640683e+02  7.885579e+01 -1.600530e-14 
  802.000  5.623272e+02  7.840251e+01  6.217153e-15 
  803.000  5.555554e+02  7.730555e+01 -1.223141e-14 
  804.000  5.644443e+02  7.846529e+01  1.341697e-14 
  805.000  5.560730e+02  7.734801e+01 -1.118927e-14 
  806.000  5.755468e+02  8.002721e+01  7.873569e-15 
  807.000  5.724437e+02  7.941344e+01 -3.421885e-14 
  808.000  5.666644e+02  7.833284e+01 -2.538959e-15 
  809.000  5.542667e+02  7.633271e+01  1.236832e-15 
  810.000  5.486483e+02  7.527250e+01  1.366897e-14 
  811.000  5.507907e+02  7.519193e+01  7.902693e-15 
  812.000  5.398858e+02  7.330909e+01 -1.593906e-15 
  813.000  5.265607e+02  7.111993e+01  7.151008e-15 
  814.000  5.112867e+02  6.868311e+01 -1.609349e-15 
  815.000  4.879004e+02  6.517160e+01  4.827455e-15 
  816.000  4.613641e+02  6.122390e+01  8.411182e-17 
  817.000  4.653294e+02  6.160952e+01 -2.736262e-15 
  818.000  4.643601e+02  6.136089e+01  1.110083e-14 
  819.000  4.592163e+02  6.064085e+01  3.697924e-15 
  820.000  4.744582e+02  6.277059e+01 -1.011215e-14 
  821.000  5.192865e+02  6.895143e+01  2.810378e-15 
  822.000  4.832853e+02  6.371866e+01 -2.128753e-15 
  823.000  4.313913e+02  5.606810e+01 -1.546648e-15 
  824.000  4.879491e+02  6.394827e+01  1.271657e-14 
  825.000  5.205417e+02  6.852798e+01  1.485815e-15 
  826.000  5.183926e+02  6.800582e+01 -1.219094e-14 
  827.000  5.125740e+02  6.702322e+01  6.529262e-15 
  828.000  4.898285e+02  6.364843e+01 -2.376148e-15 
  829.000  4.974580e+02  6.457335e+01  6.856229e-15 
  830.000  4.983613e+02  6.465183e+01 -8.500157e-15 
  831.000  4.917765e+02  6.368589e+01  1.457456e-15 
  832.000  5.029948e+02  6.501900e+01 -3.817521e-15 
  833.000  4.923784e+02  6.358097e+01  5.890450e-15 
  834.000  5.056494e+02  6.525352e+01 -1.129410e-14 
  835.000  5.181016e+02  6.696285e+01  1.801885e-16 
  836.000  5.206527e+02  6.705890e+01  1.279603e-14 
  837.000  5.161393e+02  6.632524e+01  1.410264e-14 
  838.000  5.235928e+02  6.726470e+01 -1.297260e-14 
  839.000  5.105792e+02  6.553420e+01  7.958323e-15 
  840.000  5.255544e+02  6.733934e+01 -2.605975e-14 
  841.000  5.236000e+02  6.684251e+01 -2.162933e-14 
  842.000  5.235355e+02  6.677225e+01  1.008639e-14 
  843.000  5.272821e+02  6.733520e+01 -3.086225e-16 
  844.000  5.218831e+02  6.661738e+01 -1.023665e-14 
  845.000  5.314362e+02  6.774507e+01 -1.677239e-14 
  846.000  5.378644e+02  6.847721e+01  2.393750e-14 
  847.000  5.209806e+02  6.623484e+01 -2.133625e-14 
  848.000  5.337625e+02  6.760488e+01 -3.202404e-15 
  849.000  5.352016e+02  6.765051e+01  1.365708e-14 
  850.000  4.616469e+02  5.817381e+01 -7.929614e-15 
  851.000  5.273773e+02  6.624502e+01  7.065557e-15 
  852.000  5.076368e+02  6.362998e+01  1.966228e-15 
  853.000  5.161779e+02  6.466186e+01 -1.844450e-14 
  854.000  4.149717e+02  5.186459e+01 -1.090102e-14 
  855.000  4.580353e+02  5.716903e+01 -1.028904e-14 
  856.000  5.223536e+02  6.516100e+01  1.307345e-14 
  857.000  5.318809e+02  6.626115e+01  4.630801e-15 
  858.000  5.240454e+02  6.517114e+01 -8.499451e-15 
  859.000  5.252527e+02  6.524221e+01  4.549924e-15 
  860.000  5.212049e+02  6.462710e+01  1.621684e-14 
  861.000  5.213493e+02  6.450832e+01  3.902526e-15 
  862.000  5.200546e+02  6.422398e+01 -1.226743e-14 
  863.000  5.301562e+02  6.533054e+01  3.019250e-14 
  864.000  5.294526e+02  6.511481e+01 -2.160625e-14 
  865.000  5.198942e+02  6.381052e+01  5.080424e-15 
  866.000  4.362254e+02  5.342676e+01  0.000000e+00 
  867.000  4.645965e+02  5.677557e+01 -1.146980e-14 
  868.000  5.040043e+02  6.145889e+01  8.099033e-15 
  869.000  4.971015e+02  6.048883e+01  7.411846e-15 
  870.000  5.176660e+02  6.285165e+01 -3.445435e-14 
  871.000  5.171032e+02  6.265060e+01  0.000000e+00 
  872.000  5.152848e+02  6.230344e+01  2.923767e-14 
  873.000  5.173040e+02  6.240390e+01 -8.303246e-15 
  874.000  5.059886e+02  6.090263e+01 -1.189147e-14 
  875.000  5.014180e+02  6.022126e+01 -3.592549e-14 
  876.000  5.054852e+02  6.056800e+01 -3.856436e-14 
  877.000  5.156017e+02  6.164311e+01 -5.944485e-16 
  878.000  5.062026e+02  6.035212e+01  4.566704e-14 
  879.000  5.074280e+02  6.036613e+01 -4.374518e-15 
  880.000  5.040332e+02  5.980151e+01  1.305630e-14 
  881.000  4.776074e+02  5.652757e+01 -2.667993e-14 
  882.000  5.038109e+02  5.948475e+01  3.773220e-15 
  883.000  4.926768e+02  5.806238e+01 -1.219821e-14 
  884.000  4.970822e+02  5.846364e+01  3.203422e-14 
  885.000  5.011212e+02  5.874767e+01 -2.908367e-16 
  886.000  4.832893e+02  5.646980e+01  8.240108e-15 
  887.000  4.796076e+02  5.596761e+01 -2.439299e-14 
  888.000  4.939785e+02  5.751804e+01  0.000000e+00 
  889.000  4.977085e+02  5.784856e+01 -1.666368e-14 
  890.000  4.951971e+02  5.738152e+01  4.300654e-15 
  891.000  4.905103e+02  5.663978e+01 -1.449505e-15 
  892.000  4.838699e+02  5.557237e+01 -2.177483e-14 
  893.000  4.503026e+02  5.120936e+01 -1.595780e-15 
  894.000  4.573133e+02  5.173829e+01  1.027707e-14 
  895.000  4.111391e+02  4.614768e+01  2.426659e-15 
  896.000  4.033031e+02  4.498540e+01  3.437257e-16 
  897.000  3.697961e+02  4.090516e+01  3.500898e-16 
  898.000  3.593462e+02  3.949950e+01 -2.077195e-15 
  899.000  3.293672e+02  3.560532e+01  8.270174e-16 
  900.000  3.251058e+02  3.514310e+01 -1.638708e-16 
  901.000  3.110769e+02  3.342549e+01  1.806714e-15 
  902.000  3.069334e+02  3.294821e+01  1.860709e-15 
  903.000  3.732981e+02  4.085864e+01  4.055690e-15 
  904.000  4.112607e+02  4.517271e+01 -8.951650e-16 
  905.000  4.092262e+02  4.486608e+01 -1.720539e-15 
  906.000  3.785321e+02  4.129182e+01 -2.490830e-15 
  907.000  3.504467e+02  3.775526e+01  1.555428e-15 
  908.000  3.197027e+02  3.398872e+01  1.831929e-15 
  909.000  3.150593e+02  3.343793e+01  1.688703e-15 
  910.000  3.219721e+02  3.415968e+01  6.236132e-17 
  911.000  3.351092e+02  3.574284e+01 -7.671501e-16 
  912.000  3.290932e+02  3.491054e+01  2.814788e-15 
  913.000  3.075048e+02  3.205482e+01 -5.919251e-17 
  914.000  3.198817e+02  3.352797e+01 -4.456513e-15 
  915.000  3.256788e+02  3.428548e+01 -1.975233e-15 
  916.000  3.329931e+02  3.504915e+01 -1.179611e-15 
  917.000  3.342435e+02  3.523175e+01  1.046218e-15 
  918.000  3.408818e+02  3.600463e+01  5.213597e-16 
  919.000  3.743814e+02  3.981387e+01  3.262841e-15 
  920.000  3.934727e+02  4.192559e+01 -6.406076e-15 
  921.000  3.801938e+02  4.041125e+01  2.870956e-15 
  922.000  3.764830e+02  3.993819e+01 -4.334807e-15 
  923.000  3.549241e+02  3.754088e+01 -3.010787e-15 
  924.000  3.555454e+02  3.742638e+01 -3.257703e-15 
  925.000  3.588454e+02  3.766793e+01 -9.150835e-16 
  926.000  3.449803e+02  3.608666e+01 -2.556467e-15 
  927.000  3.405378e+02  3.533307e+01  9.167953e-16 
  928.000  3.168040e+02  3.237269e+01  1.610350e-15 
  929.000  2.774534e+02  2.773271e+01 -5.595399e-17 
  930.000  2.357328e+02  2.312144e+01 -2.114196e-16 
  931.000  1.940852e+02  1.876862e+01 -6.663620e-16 
  932.000  1.433919e+02  1.357989e+01 -1.448092e-29 
  933.000  1.133586e+02  1.054431e+01 -2.187688e-17 
  934.000  8.582821e+01  7.839752e+00 -3.143785e-18 
  935.000  8.174054e+01  7.441598e+00 -2.347861e-18 
  936.000  9.039005e+01  8.256449e+00  4.724640e-17 
  937.000  9.028735e+01  8.219603e+00 -6.278510e-17 
  938.000  1.202022e+02  1.113145e+01  1.619932e-16 
  939.000  2.219581e+02  2.115251e+01  4.299991e-16 
  940.000  2.388129e+02  2.285590e+01  2.632881e-16 
  941.000  2.190428e+02  2.083653e+01  4.737183e-16 
  942.000  1.779593e+02  1.676592e+01 -6.655550e-19 
  943.000  1.365959e+02  1.264931e+01  1.177175e-16 
  944.000  1.294508e+02  1.194164e+01  7.200825e-18 
  945.000  1.471908e+02  1.364063e+01 -1.082922e-16 
  946.000  1.504994e+02  1.393176e+01  2.869054e-28 
  947.000  1.662830e+02  1.545179e+01 -2.205486e-16 
  948.000  1.774977e+02  1.650978e+01 -2.098894e-16 
  949.000  1.771933e+02  1.645696e+01 -2.203523e-16 
  950.000  1.788147e+02  1.659108e+01  1.973786e-16 
  951.000  2.012445e+02  1.874084e+01  1.922931e-17 
  952.000  1.770378e+02  1.638057e+01  8.481313e-16 
  953.000  1.942362e+02  1.802378e+01  2.543865e-17 
  954.000  2.121808e+02  1.976080e+01 -5.510187e-16 
  955.000  1.841278e+02  1.707004e+01  1.673376e-16 
  956.000  1.939273e+02  1.796087e+01  4.316547e-16 
  957.000  2.450597e+02  2.300544e+01 -4.648045e-16 
  958.000  2.546831e+02  2.395645e+01 -1.134459e-15 
  959.000  2.471319e+02  2.313730e+01 -3.162051e-16 
  960.000  2.426462e+02  2.266777e+01  9.319534e-16 
  961.000  2.359933e+02  2.198233e+01 -2.352196e-16 
  962.000  2.415271e+02  2.249753e+01  7.801048e-16 
  963.000  2.714607e+02  2.559146e+01  2.527219e-15 
  964.000  2.730972e+02  2.577106e+01 -9.067026e-16 
  965.000  2.738046e+02  2.575668e+01 -1.155244e-15 
  966.000  2.678924e+02  2.518799e+01  7.647705e-16 
  967.000  2.990494e+02  2.845877e+01 -8.483499e-16 
  968.000  3.359982e+02  3.244110e+01 -2.213145e-15 
  969.000  3.573368e+02  3.456468e+01  5.799856e-15 
  970.000  3.595599e+02  3.472958e+01 -6.378925e-16 
  971.000  3.560028e+02  3.432055e+01 -4.857913e-15 
  972.000  3.530693e+02  3.394045e+01 -8.210560e-16 
  973.000  3.374951e+02  3.230930e+01 -1.137451e-15 
  974.000  3.178913e+02  3.026145e+01  1.265073e-15 
  975.000  3.103661e+02  2.938613e+01 -1.521835e-15 
  976.000  3.255599e+02  3.089478e+01  1.312872e-15 
  977.000  3.361316e+02  3.197591e+01 -3.549833e-15 
  978.000  3.430447e+02  3.257214e+01  3.622293e-15 
  979.000  3.382165e+02  3.209093e+01 -3.801049e-15 
  980.000  3.630844e+02  3.450936e+01  1.702184e-15 
  981.000  3.703050e+02  3.516986e+01 -6.633667e-16 
  982.000  3.651542e+02  3.459179e+01 -3.078029e-15 
  983.000  3.748422e+02  3.553442e+01  1.160404e-15 
  984.000  3.833740e+02  3.640179e+01  3.627308e-15 
  985.000  3.895787e+02  3.701470e+01 -6.103909e-15 
  986.000  3.946077e+02  3.756731e+01 -1.492389e-14 
  987.000  4.027883e+02  3.834915e+01 -2.840804e-15 
  988.000  3.987314e+02  3.791030e+01 -5.331410e-15 
  989.000  3.942643e+02  3.742696e+01  3.762313e-15 
  990.000  3.985504e+02  3.778161e+01  3.979440e-15 
  991.000  4.049165e+02  3.838313e+01 -1.710488e-15 
  992.000  4.020941e+02  3.806395e+01  1.840517e-15 
  993.000  4.024594e+02  3.803402e+01  3.194276e-15 
  994.000  4.072186e+02  3.847137e+01 -1.879380e-14 
  995.000  4.060952e+02  3.834508e+01  0.000000e+00 
  996.000  4.060484e+02  3.826709e+01  2.286269e-16 
  997.000  4.053730e+02  3.809702e+01 -2.959224e-15 
  998.000  4.025735e+02  3.772304e+01 -9.530107e-15 
  999.000  4.012008e+02  3.752083e+01 -9.533900e-15 
 1000.000  3.983644e+02  3.718372e+01  4.513849e-16 
 1001.000  3.979022e+02  3.701191e+01  4.061373e-15 
 1002.000  3.929541e+02  3.638275e+01 -2.259893e-16 
 1003.000  3.894577e+02  3.601303e+01 -2.227266e-14 
 1004.000  3.887520e+02  3.593605e+01 -2.711957e-16 
 1005.000  3.642162e+02  3.362938e+01 -6.046719e-15 
 1006.000  3.837440e+02  3.537400e+01 -2.456224e-15 
 1007.000  3.899555e+02  3.585858e+01 -1.297209e-14 
 1008.000  3.881160e+02  3.554263e+01  6.949721e-15 
 1009.000  3.811219e+02  3.474295e+01  8.308743e-15 
 1010.000  3.846915e+02  3.504271e+01 -2.366224e-15 
 1011.000  3.876412e+02  3.535144e+01  2.406897e-15 
 1012.000  3.897336e+02  3.551986e+01 -2.766741e-15 
 1013.000  3.884338e+02  3.537120e+01 -1.954638e-15 
 1014.000  3.915213e+02  3.559025e+01  1.894312e-14 
 1015.000  3.844626e+02  3.488626e+01  9.079188e-15 
 1016.000  3.876467e+02  3.512801e+01 -1.522681e-14 
 1017.000  3.842577e+02  3.476624e+01  3.231555e-15 
 1018.000  3.884851e+02  3.505895e+01  1.898804e-14 
 1019.000  3.781274e+02  3.402812e+01 -1.105446e-15 
 1020.000  3.779444e+02  3.396194e+01  9.452911e-15 
 1021.000  3.828365e+02  3.435812e+01  1.268163e-14 
 1022.000  3.752943e+02  3.357753e+01 -2.395921e-15 
 1023.000  3.809161e+02  3.397687e+01  1.703367e-16 
 1024.000  3.780515e+02  3.363537e+01 -3.127550e-15 
 1025.000  3.809402e+02  3.390101e+01 -9.723938e-16 
 1026.000  3.826678e+02  3.401567e+01  1.224535e-14 
 1027.000  3.798577e+02  3.368671e+01  3.204537e-15 
 1028.000  3.812790e+02  3.376315e+01  2.781390e-15 
 1029.000  3.767702e+02  3.333899e+01  3.161138e-15 
 1030.000  3.817715e+02  3.375333e+01  5.955215e-15 
 1031.000  3.812025e+02  3.365812e+01 -5.295671e-15 
 1032.000  3.803789e+02  3.353660e+01  2.122654e-16 
 1033.000  3.735655e+02  3.287828e+01  3.110354e-15 
 1034.000  3.778278e+02  3.319947e+01  2.094731e-14 
 1035.000  3.739852e+02  3.280460e+01 -2.673410e-14 
 1036.000  3.788677e+02  3.317070e+01 -3.296314e-14 
 1037.000  3.709785e+02  3.242109e+01 -4.152191e-14 
 1038.000  3.747630e+02  3.269305e+01  1.473634e-14 
 1039.000  3.761959e+02  3.275140e+01 -1.792673e-14 
 1040.000  3.716806e+02  3.229400e+01 -2.676863e-15 
 1041.000  3.735920e+02  3.239596e+01 -8.490452e-15 
 1042.000  3.747018e+02  3.243028e+01 -6.233996e-15 
 1043.000  3.682725e+02  3.181427e+01 -2.652845e-15 
 1044.000  3.718890e+02  3.206412e+01 -5.980737e-15 
 1045.000  3.700995e+02  3.184148e+01  1.417097e-14 
 1046.000  3.592117e+02  3.084157e+01 -8.177007e-15 
 1047.000  3.656939e+02  3.133444e+01 -1.504017e-14 
 1048.000  3.692100e+02  3.157170e+01 -4.127320e-16 
 1049.000  3.667601e+02  3.130090e+01  2.051370e-16 
 1050.000  3.643516e+02  3.102880e+01 -5.682393e-15 
 1051.000  3.640438e+02  3.093113e+01 -6.093841e-15 
 1052.000  3.621426e+02  3.070431e+01 -6.270784e-15 
 1053.000  3.622841e+02  3.065787e+01  3.035360e-15 
 1054.000  3.582128e+02  3.024371e+01 -5.810138e-15 
 1055.000  3.604903e+02  3.036619e+01 -2.623564e-15 
 1056.000  3.592656e+02  3.019679e+01  2.024935e-16 
 1057.000  3.579495e+02  3.000491e+01  2.023683e-16 
 1058.000  3.528442e+02  2.947524e+01 -8.784842e-15 
 1059.000  3.418779e+02  2.850995e+01 -2.317921e-15 
 1060.000  3.549448e+02  2.956990e+01  6.005584e-15 
 1061.000  3.423857e+02  2.847442e+01 -8.501044e-15 
 1062.000  3.510977e+02  2.912646e+01  2.982661e-15 
 1063.000  3.449402e+02  2.856482e+01  8.408264e-15 
 1064.000  3.487896e+02  2.881732e+01  0.000000e+00 
 1065.000  3.474192e+02  2.863004e+01  1.992368e-16 
 1066.000  3.368673e+02  2.772038e+01 -2.882677e-15 
 1067.000  3.444731e+02  2.828877e+01 -2.953059e-15 
 1068.000  3.413178e+02  2.794642e+01 -8.465980e-15 
 1069.000  3.146339e+02  2.569667e+01  7.491023e-15 
 1070.000  3.335540e+02  2.720426e+01  2.293099e-15 
 1071.000  3.329066e+02  2.708098e+01 -3.014662e-15 
 1072.000  3.327071e+02  2.699681e+01 -2.029085e-15 
 1073.000  3.215325e+02  2.604535e+01  4.929247e-15 
 1074.000  3.330271e+02  2.693936e+01 -1.071749e-15 
 1075.000  3.245417e+02  2.624991e+01 -2.614096e-15 
 1076.000  3.304814e+02  2.666566e+01  1.481632e-15 
 1077.000  3.282056e+02  2.641191e+01 -2.447341e-15 
 1078.000  3.273213e+02  2.626822e+01  5.188394e-15 
 1079.000  3.144064e+02  2.518967e+01 -5.965808e-15 
 1080.000  3.187969e+02  2.543063e+01 -6.119941e-15 
 1081.000  3.068553e+02  2.443815e+01 -4.389446e-15 
 1082.000  3.129101e+02  2.491151e+01 -2.121935e-15 
 1083.000  3.019731e+02  2.397075e+01  1.537379e-16 
 1084.000  3.106568e+02  2.458975e+01 -2.669516e-15 
 1085.000  2.999025e+02  2.364287e+01 -3.854538e-16 
 1086.000  3.053957e+02  2.405164e+01  7.799676e-16 
 1087.000  2.936777e+02  2.316277e+01  4.869076e-15 
 1088.000  3.118533e+02  2.456382e+01  2.844745e-15 
 1089.000  2.911713e+02  2.281666e+01  2.276280e-15 
 1090.000  2.958079e+02  2.313148e+01 -3.363240e-15 
 1091.000  2.994121e+02  2.338881e+01  1.654410e-15 
 1092.000  2.880758e+02  2.243750e+01 -1.286009e-15 
 1093.000  2.749182e+02  2.132900e+01  1.496831e-15 
 1094.000  2.464209e+02  1.907144e+01 -3.154282e-15 
 1095.000  2.673510e+02  2.066080e+01 -1.076767e-15 
 1096.000  2.667579e+02  2.058038e+01 -2.000946e-15 
 1097.000  2.612215e+02  2.010836e+01  3.123267e-16 
 1098.000  2.350812e+02  1.790138e+01  1.420086e-15 
 1099.000  2.161727e+02  1.618464e+01 -2.082441e-17 
 1100.000  2.211155e+02  1.654626e+01 -1.026474e-15 
