  400.000  8.472615e+02  3.910482e+02 -1.765466e-13 
  401.000  8.432762e+02  3.856290e+02  6.404756e-14 
  402.000  8.948734e+02  4.054854e+02  1.176502e-13 
  403.000  8.391949e+02  3.768041e+02 -3.976736e-14 
  404.000  9.029151e+02  4.017570e+02 -2.261272e-13 
  405.000  8.290084e+02  3.655615e+02  3.616782e-14 
  406.000  8.236981e+02  3.599833e+02 -1.112829e-13 
  407.000  8.031294e+02  3.478869e+02 -5.643439e-14 
  408.000  8.710121e+02  3.739718e+02  8.018786e-14 
  409.000  9.651185e+02  4.107519e+02 -3.699486e-13 
  410.000  8.077050e+02  3.407675e+02  3.972951e-14 
  411.000  9.494148e+02  3.970906e+02 -1.641660e-13 
  412.000  9.846839e+02  4.082995e+02  1.169135e-13 
  413.000  9.310355e+02  3.827575e+02 -5.985436e-15 
  414.000  9.146330e+02  3.728113e+02  2.507402e-14 
  415.000  9.763049e+02  3.945938e+02  1.859324e-13 
  416.000  9.711504e+02  3.892156e+02  1.314298e-13 
  417.000  9.423589e+02  3.745235e+02 -8.143725e-15 
  418.000  9.225838e+02  3.636206e+02 -1.291581e-13 
  419.000  9.459454e+02  3.697493e+02  1.086745e-15 
  420.000  8.012814e+02  3.106319e+02 -1.506549e-14 
  421.000  1.004671e+03  3.863037e+02  2.450469e-14 
  422.000  9.633824e+02  3.674278e+02 -9.418638e-14 
  423.000  8.142157e+02  3.080373e+02 -2.747802e-14 
  424.000  8.962244e+02  3.363495e+02 -2.041258e-13 
  425.000  9.288633e+02  3.458184e+02 -1.240744e-13 
  426.000  8.935144e+02  3.300193e+02  3.533279e-14 
  427.000  8.600486e+02  3.151536e+02  1.049956e-13 
  428.000  8.714632e+02  3.168321e+02 -5.349615e-14 
  429.000  7.933612e+02  2.861878e+02 -3.104964e-14 
  430.000  6.335051e+02  2.267499e+02 -3.967662e-14 
  431.000  5.699464e+02  2.024270e+02  3.089514e-14 
  432.000  1.026568e+03  3.618073e+02  6.757338e-15 
  433.000  9.143713e+02  3.198054e+02  1.154125e-13 
  434.000  8.696143e+02  3.018440e+02  1.130667e-14 
  435.000  9.467047e+02  3.261227e+02 -1.320314e-13 
  436.000  1.050397e+03  3.591262e+02  1.137748e-15 
  437.000  1.061177e+03  3.601014e+02 -9.919705e-14 
  438.000  9.511649e+02  3.203700e+02  3.821403e-14 
  439.000  9.209667e+02  3.079060e+02 -2.213332e-14 
  440.000  1.032830e+03  3.427619e+02 -4.235175e-14 
  441.000  1.030088e+03  3.393449e+02 -1.530755e-13 
  442.000  1.085526e+03  3.549956e+02  3.216983e-14 
  443.000  1.093426e+03  3.549762e+02  9.175810e-14 
  444.000  1.086959e+03  3.503176e+02 -8.582809e-15 
  445.000  1.144026e+03  3.660417e+02 -7.383754e-14 
  446.000  1.018948e+03  3.236647e+02  2.843032e-13 
  447.000  1.162782e+03  3.667262e+02  5.220233e-14 
  448.000  1.182767e+03  3.704388e+02  1.228560e-14 
  449.000  1.191429e+03  3.705891e+02  1.434519e-13 
  450.000  1.218025e+03  3.762649e+02 -1.452339e-14 
  451.000  1.317015e+03  4.040536e+02 -1.365976e-15 
  452.000  1.224954e+03  3.732333e+02  2.534093e-15 
  453.000  1.137667e+03  3.442661e+02  1.471196e-13 
  454.000  1.213535e+03  3.647194e+02 -1.489404e-14 
  455.000  1.222664e+03  3.649652e+02 -4.934277e-14 
  456.000  1.252981e+03  3.714763e+02 -1.263689e-13 
  457.000  1.260687e+03  3.712426e+02  3.844943e-14 
  458.000  1.239186e+03  3.624631e+02  1.068933e-14 
  459.000  1.239700e+03  3.601878e+02  3.511429e-14 
  460.000  1.229565e+03  3.548664e+02 -1.296831e-13 
  461.000  1.274818e+03  3.654909e+02  1.713922e-13 
  462.000  1.254712e+03  3.573530e+02  5.734320e-14 
  463.000  1.255673e+03  3.552762e+02 -3.145575e-14 
  464.000  1.260265e+03  3.542570e+02  1.575432e-13 
  465.000  1.242301e+03  3.469440e+02  6.815640e-14 
  466.000  1.282091e+03  3.557413e+02 -6.828912e-14 
  467.000  1.237251e+03  3.410822e+02  1.547668e-13 
  468.000  1.310263e+03  3.588676e+02 -2.078276e-14 
  469.000  1.299232e+03  3.535237e+02  5.764869e-15 
  470.000  1.281775e+03  3.464823e+02  2.466382e-14 
  471.000  1.279886e+03  3.436797e+02 -1.046952e-13 
  472.000  1.295955e+03  3.456775e+02  9.185120e-14 
  473.000  1.282296e+03  3.397375e+02  2.534350e-15 
  474.000  1.293042e+03  3.402676e+02  4.508870e-14 
  475.000  1.345735e+03  3.516426e+02  7.071278e-14 
  476.000  1.304774e+03  3.384485e+02 -1.076058e-13 
  477.000  1.293186e+03  3.330949e+02  1.521791e-14 
  478.000  1.357359e+03  3.476247e+02  8.707720e-14 
  479.000  1.295866e+03  3.302012e+02 -6.514917e-14 
  480.000  1.321473e+03  3.350874e+02 -1.540809e-14 
  481.000  1.313512e+03  3.313775e+02 -1.782599e-14 
  482.000  1.341084e+03  3.365449e+02  4.601866e-14 
  483.000  1.342615e+03  3.350862e+02 -1.896193e-13 
  484.000  1.291145e+03  3.204230e+02  3.851961e-14 
  485.000  1.300853e+03  3.209809e+02  6.432715e-14 
  486.000  1.054868e+03  2.587843e+02 -6.620421e-14 
  487.000  1.185773e+03  2.892183e+02  3.060141e-14 
  488.000  1.287674e+03  3.122575e+02 -2.518209e-14 
  489.000  1.197172e+03  2.886373e+02  2.565778e-14 
  490.000  1.363114e+03  3.267579e+02 -1.347659e-13 
  491.000  1.275836e+03  3.040794e+02  1.151496e-14 
  492.000  1.226355e+03  2.906105e+02 -3.135902e-14 
  493.000  1.321130e+03  3.112838e+02 -8.118308e-15 
  494.000  1.276612e+03  2.990824e+02  7.114331e-14 
  495.000  1.365045e+03  3.179906e+02  1.801835e-13 
  496.000  1.329949e+03  3.080615e+02  7.265786e-14 
  497.000  1.290605e+03  2.972669e+02  6.920837e-14 
  498.000  1.260588e+03  2.887277e+02 -4.443424e-14 
  499.000  1.258020e+03  2.865299e+02  3.187577e-14 
  500.000  1.252952e+03  2.837889e+02 -2.644181e-14 
  501.000  1.225332e+03  2.759931e+02  2.698613e-14 
  502.000  1.217767e+03  2.727754e+02  1.198494e-14 
  503.000  1.290849e+03  2.875577e+02  1.906713e-13 
  504.000  1.201456e+03  2.661786e+02 -8.304751e-14 
  505.000  1.296368e+03  2.856375e+02  1.886816e-13 
  506.000  1.388068e+03  3.041959e+02 -2.910238e-14 
  507.000  1.291719e+03  2.815647e+02 -1.135527e-13 
  508.000  1.238984e+03  2.686309e+02  5.063664e-14 
  509.000  1.336268e+03  2.881859e+02 -2.788737e-14 
  510.000  1.294980e+03  2.778027e+02 -4.377041e-14 
  511.000  1.295583e+03  2.764644e+02  2.455210e-14 
  512.000  1.360018e+03  2.886879e+02  8.226219e-14 
  513.000  1.244934e+03  2.628759e+02 -7.173731e-14 
  514.000  1.219010e+03  2.560594e+02 -2.526328e-14 
  515.000  1.244685e+03  2.600951e+02 -5.550704e-14 
  516.000  1.307687e+03  2.718419e+02 -1.560827e-14 
  517.000  9.634975e+02  1.992522e+02 -1.114024e-13 
  518.000  1.193129e+03  2.454639e+02 -4.397981e-15 
  519.000  1.130626e+03  2.314069e+02  1.040949e-15 
  520.000  1.245058e+03  2.535213e+02  1.065480e-13 
  521.000  1.246018e+03  2.524171e+02  3.533569e-14 
  522.000  1.295752e+03  2.611460e+02 -1.189965e-15 
  523.000  1.207343e+03  2.420741e+02 -6.283917e-14 
  524.000  1.310209e+03  2.613531e+02  6.037926e-14 
  525.000  1.300022e+03  2.579921e+02 -2.578279e-13 
  526.000  1.239197e+03  2.446774e+02 -1.010495e-13 
  527.000  1.082768e+03  2.127068e+02 -7.985601e-14 
  528.000  1.300742e+03  2.542353e+02  1.604463e-13 
  529.000  1.338014e+03  2.602041e+02  6.026097e-14 
  530.000  1.264627e+03  2.447019e+02 -5.061153e-14 
  531.000  1.376889e+03  2.650987e+02 -5.507680e-14 
  532.000  1.313860e+03  2.517189e+02  5.012571e-14 
  533.000  1.154171e+03  2.200549e+02 -1.052808e-15 
  534.000  1.255255e+03  2.381972e+02  2.446699e-14 
  535.000  1.280883e+03  2.419318e+02 -4.754067e-14 
  536.000  1.359325e+03  2.555571e+02  1.536468e-13 
  537.000  1.261302e+03  2.360244e+02  3.304582e-14 
  538.000  1.320522e+03  2.459499e+02  1.548421e-14 
  539.000  1.316378e+03  2.440303e+02 -1.240026e-13 
  540.000  1.288470e+03  2.377385e+02 -7.539630e-15 
  541.000  1.181716e+03  2.170230e+02  3.347402e-14 
  542.000  1.318454e+03  2.410061e+02 -2.548579e-14 
  543.000  1.261401e+03  2.295047e+02  2.322277e-14 
  544.000  1.330768e+03  2.410000e+02 -1.337648e-13 
  545.000  1.311289e+03  2.363709e+02 -7.641048e-15 
  546.000  1.282467e+03  2.301064e+02 -7.467911e-15 
  547.000  1.337308e+03  2.388425e+02  4.815386e-15 
  548.000  1.241150e+03  2.206518e+02  8.943884e-14 
  549.000  1.306576e+03  2.312220e+02  6.661345e-14 
  550.000  1.278425e+03  2.252082e+02  2.969856e-14 
  551.000  1.271166e+03  2.229064e+02 -1.856968e-13 
  552.000  1.326747e+03  2.315952e+02 -5.745742e-14 
  553.000  1.275526e+03  2.216428e+02  6.604446e-14 
  554.000  1.317988e+03  2.279836e+02 -2.063695e-13 
  555.000  1.322493e+03  2.277301e+02 -1.828112e-13 
  556.000  1.286828e+03  2.205906e+02 -1.973306e-13 
  557.000  1.249409e+03  2.132102e+02  4.676381e-14 
  558.000  1.297664e+03  2.204484e+02  5.839108e-14 
  559.000  1.227321e+03  2.075615e+02 -9.299946e-15 
  560.000  1.233446e+03  2.076569e+02 -1.191899e-13 
  561.000  1.356397e+03  2.273243e+02 -1.793442e-13 
  562.000  1.245598e+03  2.077640e+02 -1.026156e-13 
  563.000  1.303874e+03  2.164937e+02  5.981213e-14 
  564.000  1.286163e+03  2.125672e+02  2.021806e-13 
  565.000  1.301942e+03  2.141480e+02  7.482713e-14 
  566.000  1.200989e+03  1.966421e+02  6.688140e-14 
  567.000  1.288239e+03  2.097971e+02  4.081260e-14 
  568.000  1.282366e+03  2.071945e+02 -9.782665e-14 
  569.000  1.249581e+03  1.997706e+02  7.493618e-14 
  570.000  1.258035e+03  2.004015e+02 -1.773974e-14 
  571.000  1.219643e+03  1.942891e+02 -6.467462e-14 
  572.000  1.284240e+03  2.027903e+02  4.723015e-14 
  573.000  1.300013e+03  2.044979e+02 -6.700880e-14 
  574.000  1.294034e+03  2.027571e+02  9.997226e-14 
  575.000  1.262677e+03  1.969139e+02  4.678668e-14 
  576.000  1.240291e+03  1.925704e+02 -3.137588e-14 
  577.000  1.294168e+03  2.003838e+02  1.171429e-15 
  578.000  1.259133e+03  1.945351e+02  5.759193e-14 
  579.000  1.251760e+03  1.928866e+02 -1.565656e-14 
  580.000  1.296892e+03  1.992533e+02  9.700488e-14 
  581.000  1.276252e+03  1.956671e+02  4.129311e-14 
  582.000  1.297281e+03  1.982964e+02  6.533187e-14 
  583.000  1.307496e+03  1.991186e+02  4.957935e-14 
  584.000  1.304427e+03  1.979046e+02  1.722857e-14 
  585.000  1.296699e+03  1.959531e+02  3.306182e-14 
  586.000  1.241831e+03  1.869220e+02  5.396888e-14 
  587.000  1.288429e+03  1.926501e+02  4.994409e-14 
  588.000  1.264837e+03  1.869234e+02 -1.535330e-14 
  589.000  1.106482e+03  1.614065e+02 -4.244335e-14 
  590.000  1.154910e+03  1.677261e+02  1.803410e-14 
  591.000  1.239427e+03  1.803017e+02  4.193194e-14 
  592.000  1.210330e+03  1.748348e+02 -5.507671e-15 
  593.000  1.236671e+03  1.792042e+02 -4.437273e-14 
  594.000  1.245781e+03  1.794976e+02 -4.950788e-14 
  595.000  1.213531e+03  1.733229e+02 -1.322602e-14 
  596.000  1.257594e+03  1.802092e+02  6.563397e-15 
  597.000  1.259486e+03  1.794817e+02 -4.146913e-14 
  598.000  1.239877e+03  1.766068e+02 -1.272461e-14 
  599.000  1.243265e+03  1.766864e+02 -6.471233e-15 
  600.000  1.249126e+03  1.774966e+02  2.675836e-14 
  601.000  1.246188e+03  1.768713e+02 -5.155910e-14 
  602.000  1.234450e+03  1.747338e+02  6.010958e-14 
  603.000  1.243693e+03  1.755634e+02  3.345866e-14 
  604.000  1.284592e+03  1.808027e+02  1.278359e-13 
  605.000  1.282429e+03  1.798874e+02 -4.652269e-14 
  606.000  1.268357e+03  1.772612e+02  4.705598e-14 
  607.000  1.262015e+03  1.757265e+02  4.785883e-14 
  608.000  1.258138e+03  1.745375e+02 -6.985563e-14 
  609.000  1.245943e+03  1.722031e+02  9.587090e-14 
  610.000  1.226674e+03  1.689103e+02 -2.950015e-14 
  611.000  1.247236e+03  1.711037e+02 -1.450015e-13 
  612.000  1.231635e+03  1.683358e+02 -1.795920e-14 
  613.000  1.214256e+03  1.653432e+02  2.339586e-14 
  614.000  1.170994e+03  1.588586e+02  7.009731e-14 
  615.000  1.227681e+03  1.659306e+02 -1.987478e-13 
  616.000  1.167839e+03  1.572555e+02  8.271951e-14 
  617.000  1.174963e+03  1.576238e+02 -1.713301e-13 
  618.000  1.230900e+03  1.645072e+02  1.919192e-13 
  619.000  1.220084e+03  1.624433e+02 -5.921733e-14 
  620.000  1.238554e+03  1.642750e+02 -7.906926e-15 
  621.000  1.260261e+03  1.665122e+02 -8.199173e-14 
  622.000  1.194096e+03  1.571591e+02 -2.740354e-14 
  623.000  1.203672e+03  1.577953e+02 -1.452820e-13 
  624.000  1.205224e+03  1.573801e+02 -3.738726e-14 
  625.000  1.172768e+03  1.525403e+02 -7.621560e-14 
  626.000  1.178481e+03  1.526084e+02 -8.523289e-15 
  627.000  1.194715e+03  1.535047e+02  2.250958e-14 
  628.000  1.167668e+03  1.479438e+02 -4.428925e-14 
  629.000  1.203199e+03  1.526552e+02  6.141357e-15 
  630.000  1.167051e+03  1.479200e+02 -4.741561e-14 
  631.000  1.212480e+03  1.534495e+02  1.809321e-14 
  632.000  1.127124e+03  1.418459e+02 -1.656922e-14 
  633.000  1.214987e+03  1.529402e+02  3.721934e-14 
  634.000  1.180577e+03  1.483257e+02  7.098981e-14 
  635.000  1.202782e+03  1.506086e+02 -1.525707e-14 
  636.000  1.161712e+03  1.450942e+02 -3.476132e-14 
  637.000  1.201227e+03  1.495996e+02  0.000000e+00 
  638.000  1.222443e+03  1.520267e+02  3.069569e-14 
  639.000  1.213057e+03  1.503642e+02 -7.603164e-15 
  640.000  1.176490e+03  1.454868e+02  9.848359e-16 
  641.000  1.194027e+03  1.471559e+02 -8.242083e-14 
  642.000  1.180914e+03  1.451522e+02  7.351491e-15 
  643.000  1.200809e+03  1.468938e+02  1.296566e-14 
  644.000  1.187565e+03  1.447833e+02 -7.837865e-14 
  645.000  1.196322e+03  1.450573e+02  6.522785e-14 
  646.000  1.142729e+03  1.372251e+02 -8.366657e-14 
  647.000  1.152777e+03  1.374412e+02 -4.239665e-14 
  648.000  1.144373e+03  1.354872e+02  1.215324e-14 
  649.000  1.173381e+03  1.388849e+02 -2.500418e-14 
  650.000  1.098194e+03  1.304918e+02 -3.106945e-14 
  651.000  1.183352e+03  1.401348e+02 -6.669990e-14 
  652.000  1.151134e+03  1.349953e+02 -3.899040e-14 
  653.000  1.186202e+03  1.396833e+02  4.267323e-14 
  654.000  1.169842e+03  1.371692e+02  1.804131e-14 
  655.000  1.135356e+03  1.323046e+02 -9.274324e-15 
  656.000  9.654320e+02  1.122377e+02  2.091028e-14 
  657.000  1.032711e+03  1.198473e+02  5.314272e-15 
  658.000  1.154438e+03  1.339167e+02  3.516250e-14 
  659.000  1.159732e+03  1.342669e+02 -6.672978e-14 
  660.000  1.170170e+03  1.351526e+02  4.223214e-14 
  661.000  1.178542e+03  1.360486e+02  1.538605e-14 
  662.000  1.197089e+03  1.379011e+02  8.281125e-15 
  663.000  1.183932e+03  1.359001e+02 -6.253626e-15 
  664.000  1.165940e+03  1.334572e+02 -1.476540e-13 
  665.000  1.171773e+03  1.337346e+02  8.081651e-15 
  666.000  1.186755e+03  1.350704e+02 -2.162001e-14 
  667.000  1.163903e+03  1.320858e+02  0.000000e+00 
  668.000  1.171314e+03  1.325577e+02 -4.679876e-14 
  669.000  1.188737e+03  1.341235e+02 -4.121668e-14 
  670.000  1.175041e+03  1.321700e+02  8.140666e-14 
  671.000  1.163145e+03  1.304341e+02  1.801893e-13 
  672.000  1.159856e+03  1.296630e+02  2.098818e-14 
  673.000  1.168656e+03  1.302428e+02 -6.665596e-14 
  674.000  1.171412e+03  1.301468e+02 -7.475433e-14 
  675.000  1.153996e+03  1.278172e+02  6.942728e-15 
  676.000  1.176251e+03  1.298807e+02 -2.638879e-14 
  677.000  1.153320e+03  1.269573e+02  1.352717e-13 
  678.000  1.172868e+03  1.287136e+02 -7.982789e-15 
  679.000  1.156678e+03  1.265391e+02  8.139846e-14 
  680.000  1.147843e+03  1.251371e+02 -7.616424e-14 
  681.000  1.149085e+03  1.248270e+02 -1.176241e-13 
  682.000  1.146860e+03  1.241839e+02  4.034455e-14 
  683.000  1.154646e+03  1.246065e+02  4.660889e-14 
  684.000  1.133409e+03  1.218379e+02  9.473904e-14 
  685.000  1.147077e+03  1.229951e+02 -1.044407e-13 
  686.000  1.095434e+03  1.168715e+02 -2.460980e-14 
  687.000  9.659134e+02  9.983675e+01  8.186472e-15 
  688.000  1.008359e+03  1.045469e+02 -2.787154e-14 
  689.000  9.986647e+02  1.030169e+02 -1.126311e-14 
  690.000  1.025433e+03  1.058262e+02 -2.303764e-14 
  691.000  1.056239e+03  1.091900e+02 -2.101856e-14 
  692.000  1.062330e+03  1.097253e+02 -3.094486e-14 
  693.000  1.050178e+03  1.075381e+02 -1.324552e-14 
  694.000  1.040279e+03  1.056894e+02 -2.231743e-14 
  695.000  1.036487e+03  1.052958e+02 -4.132209e-14 
  696.000  1.057310e+03  1.073073e+02  3.709189e-14 
  697.000  1.098650e+03  1.125139e+02  1.389902e-14 
  698.000  1.070091e+03  1.089223e+02  1.481337e-14 
  699.000  1.054357e+03  1.059275e+02  1.114538e-15 
  700.000  1.047880e+03  1.051014e+02 -4.412205e-14 
  701.000  1.016752e+03  1.014860e+02  4.966469e-16 
  702.000  1.017474e+03  1.013929e+02  1.084102e-14 
  703.000  1.060937e+03  1.062797e+02 -2.254543e-14 
  704.000  1.065360e+03  1.064490e+02 -1.816534e-15 
  705.000  1.061506e+03  1.053585e+02  2.073028e-14 
  706.000  1.052718e+03  1.042504e+02  5.598419e-14 
  707.000  1.041203e+03  1.029399e+02  3.106409e-15 
  708.000  1.076264e+03  1.062497e+02  9.007219e-15 
  709.000  1.047378e+03  1.034290e+02 -3.072814e-14 
  710.000  1.061602e+03  1.041661e+02 -1.269111e-14 
  711.000  1.061174e+03  1.041807e+02  2.620450e-14 
  712.000  1.055070e+03  1.036198e+02  3.664163e-14 
  713.000  1.043779e+03  1.019304e+02 -2.590408e-14 
  714.000  1.059156e+03  1.030341e+02  2.983719e-14 
  715.000  1.010983e+03  9.767666e+01  2.995489e-14 
  716.000  1.025326e+03  9.840088e+01  1.937940e-14 
  717.000  9.228119e+02  8.690189e+01 -1.274388e-14 
  718.000  8.716406e+02  8.103638e+01 -6.199474e-15 
  719.000  8.451888e+02  7.801178e+01 -1.181834e-14 
  720.000  8.268685e+02  7.559747e+01  2.465929e-15 
  721.000  9.340681e+02  8.726679e+01  1.673624e-14 
  722.000  9.872053e+02  9.270894e+01  1.097861e-15 
  723.000  9.624324e+02  8.971119e+01 -9.923454e-15 
  724.000  9.043764e+02  8.307445e+01 -2.011840e-14 
  725.000  9.036461e+02  8.291259e+01  3.591673e-15 
  726.000  8.991419e+02  8.223069e+01 -1.406295e-14 
  727.000  9.214919e+02  8.419138e+01  1.777095e-15 
  728.000  8.961187e+02  8.150436e+01  7.407291e-15 
  729.000  8.835931e+02  8.051578e+01 -3.846134e-15 
  730.000  9.121920e+02  8.285051e+01  5.545404e-15 
  731.000  8.923246e+02  8.077054e+01  5.845757e-16 
  732.000  9.497484e+02  8.637440e+01  1.834010e-14 
  733.000  9.739525e+02  8.908663e+01 -8.930541e-15 
  734.000  1.013140e+03  9.291017e+01 -1.875349e-14 
  735.000  9.985017e+02  9.114491e+01 -3.791429e-15 
  736.000  9.679930e+02  8.783807e+01 -7.087863e-15 
  737.000  9.900555e+02  8.981205e+01  9.018455e-15 
  738.000  1.000091e+03  9.081175e+01 -1.921421e-14 
  739.000  9.730823e+02  8.827633e+01 -9.397531e-15 
  740.000  9.941459e+02  9.033597e+01  3.505473e-15 
  741.000  9.930772e+02  9.024834e+01  2.368169e-14 
  742.000  9.796078e+02  8.889344e+01  7.460855e-15 
  743.000  1.014765e+03  9.207877e+01  3.481539e-14 
  744.000  1.027295e+03  9.310238e+01  3.433354e-14 
  745.000  1.002793e+03  9.073935e+01  0.000000e+00 
  746.000  1.018534e+03  9.199563e+01 -2.639669e-14 
  747.000  1.034881e+03  9.323322e+01 -4.122872e-14 
  748.000  1.017250e+03  9.146401e+01 -1.178519e-14 
  749.000  1.018207e+03  9.133202e+01  1.178594e-14 
  750.000  1.002963e+03  8.969399e+01 -6.584693e-15 
  751.000  1.000689e+03  8.925640e+01 -2.895641e-14 
  752.000  1.017258e+03  9.054906e+01 -3.212000e-14 
  753.000  1.008184e+03  8.952070e+01  5.858194e-14 
  754.000  1.024407e+03  9.073218e+01 -6.381991e-14 
  755.000  1.018835e+03  9.000434e+01  7.874945e-16 
  756.000  9.991994e+02  8.804179e+01  6.029745e-14 
  757.000  1.006761e+03  8.847661e+01 -4.912640e-14 
  758.000  1.004460e+03  8.798438e+01 -4.330071e-14 
  759.000  9.064913e+02  7.766483e+01  6.456131e-15 
  760.000  3.501320e+02  2.646696e+01 -1.492595e-17 
  761.000  3.030532e+02  2.246301e+01 -2.513903e-15 
  762.000  5.944799e+02  4.752924e+01  2.620963e-15 
  763.000  5.122308e+02  3.994712e+01  0.000000e+00 
  764.000  5.624229e+02  4.420624e+01 -4.808193e-15 
  765.000  6.778196e+02  5.473779e+01  3.228175e-15 
  766.000  7.755569e+02  6.446394e+01 -1.693079e-14 
  767.000  8.527416e+02  7.133264e+01  2.148476e-14 
  768.000  9.307046e+02  7.829182e+01 -7.138349e-15 
  769.000  9.560945e+02  8.082535e+01  1.820233e-14 
  770.000  9.647632e+02  8.169699e+01  1.180978e-15 
  771.000  9.724944e+02  8.235243e+01  2.162165e-14 
  772.000  9.704200e+02  8.202097e+01 -4.713220e-14 
  773.000  9.672897e+02  8.157156e+01  3.252445e-14 
  774.000  9.783990e+02  8.232444e+01 -3.620750e-14 
  775.000  9.421409e+02  7.908823e+01  2.872710e-14 
  776.000  9.813697e+02  8.218490e+01 -3.626765e-14 
  777.000  9.747829e+02  8.142717e+01 -9.431658e-14 
  778.000  9.696901e+02  8.079182e+01 -1.034146e-14 
  779.000  9.729825e+02  8.085645e+01  2.705695e-14 
  780.000  9.610804e+02  7.966125e+01 -2.598830e-14 
  781.000  9.600280e+02  7.939597e+01  7.234048e-14 
  782.000  9.717239e+02  8.015586e+01 -5.548444e-15 
  783.000  9.491497e+02  7.809291e+01 -3.106293e-14 
  784.000  9.543142e+02  7.830035e+01 -1.562143e-14 
  785.000  9.550758e+02  7.805946e+01 -3.281287e-14 
  786.000  9.357239e+02  7.612411e+01  3.693839e-14 
  787.000  9.428975e+02  7.622303e+01  1.157155e-14 
  788.000  9.253167e+02  7.446924e+01  1.793369e-15 
  789.000  9.179224e+02  7.324221e+01 -2.837451e-16 
  790.000  9.076201e+02  7.220603e+01 -1.193448e-14 
  791.000  9.055071e+02  7.193447e+01  1.139532e-14 
  792.000  8.935331e+02  7.087936e+01 -1.651944e-14 
  793.000  8.979655e+02  7.123044e+01 -1.189950e-14 
  794.000  8.996185e+02  7.160503e+01 -3.599308e-14 
  795.000  8.883125e+02  7.027009e+01  3.068702e-14 
  796.000  8.856949e+02  6.932511e+01 -5.160523e-15 
  797.000  8.965422e+02  7.014973e+01 -1.582796e-14 
  798.000  9.085319e+02  7.128806e+01 -2.192672e-14 
  799.000  9.053445e+02  7.077445e+01  3.402175e-14 
  800.000  8.738560e+02  6.789199e+01  8.086345e-15 
  801.000  8.911937e+02  6.910027e+01 -1.448619e-14 
  802.000  8.887697e+02  6.872128e+01  1.552982e-14 
  803.000  8.773525e+02  6.771013e+01  6.976004e-15 
  804.000  8.892861e+02  6.858480e+01  1.531437e-14 
  805.000  8.722838e+02  6.735335e+01  2.017833e-14 
  806.000  9.004476e+02  6.952372e+01  5.766605e-15 
  807.000  8.953916e+02  6.897416e+01  2.188001e-15 
  808.000  8.875310e+02  6.811182e+01 -1.533868e-14 
  809.000  8.695724e+02  6.646714e+01 -7.513378e-16 
  810.000  8.623863e+02  6.564954e+01  1.501481e-14 
  811.000  8.692015e+02  6.580114e+01 -9.037631e-15 
  812.000  8.566768e+02  6.445166e+01  2.495496e-14 
  813.000  8.412430e+02  6.288484e+01  1.200558e-14 
  814.000  8.243480e+02  6.119831e+01 -6.322505e-15 
  815.000  7.959156e+02  5.866402e+01  7.126997e-15 
  816.000  7.639091e+02  5.588800e+01 -3.366878e-15 
  817.000  7.699393e+02  5.620219e+01  6.761074e-15 
  818.000  7.673458e+02  5.590332e+01 -2.088902e-15 
  819.000  7.548934e+02  5.496615e+01  1.199212e-15 
  820.000  7.672556e+02  5.607119e+01  8.743111e-15 
  821.000  8.247788e+02  6.067808e+01 -1.927416e-15 
  822.000  7.779803e+02  5.669694e+01 -5.012294e-15 
  823.000  7.222275e+02  5.179487e+01  1.309460e-14 
  824.000  7.899959e+02  5.716779e+01 -9.804508e-15 
  825.000  8.254710e+02  6.021111e+01  3.198170e-15 
  826.000  8.245946e+02  5.989434e+01  2.960062e-14 
  827.000  8.173564e+02  5.914713e+01  8.378396e-15 
  828.000  7.917287e+02  5.680373e+01 -1.055895e-14 
  829.000  8.000370e+02  5.738511e+01  1.344193e-14 
  830.000  7.969820e+02  5.718290e+01  2.213043e-15 
  831.000  7.852942e+02  5.625526e+01  1.938034e-14 
  832.000  8.024946e+02  5.738202e+01 -4.952624e-15 
  833.000  7.829458e+02  5.595364e+01 -2.355632e-14 
  834.000  8.009238e+02  5.723443e+01  9.488649e-15 
  835.000  8.145662e+02  5.836241e+01  3.869864e-14 
  836.000  8.203253e+02  5.854715e+01 -7.961290e-17 
  837.000  8.132537e+02  5.790409e+01 -7.972189e-15 
  838.000  8.220209e+02  5.854233e+01  1.848634e-14 
  839.000  7.997853e+02  5.692348e+01 -1.177777e-14 
  840.000  8.225204e+02  5.844495e+01 -2.920540e-14 
  841.000  8.212289e+02  5.811759e+01  9.857674e-16 
  842.000  8.193506e+02  5.794667e+01 -3.387049e-14 
  843.000  8.211406e+02  5.818388e+01 -8.372098e-15 
  844.000  8.108554e+02  5.744462e+01 -3.262644e-14 
  845.000  8.247689e+02  5.835699e+01  1.902878e-14 
  846.000  8.337642e+02  5.892424e+01 -3.478132e-14 
  847.000  8.067273e+02  5.694402e+01 -1.249538e-14 
  848.000  8.278712e+02  5.819855e+01  1.018458e-14 
  849.000  8.298226e+02  5.821879e+01  2.996670e-14 
  850.000  7.163971e+02  5.009994e+01  5.778923e-15 
  851.000  8.192559e+02  5.710141e+01 -1.345404e-14 
  852.000  7.884236e+02  5.483540e+01  7.507007e-15 
  853.000  8.000992e+02  5.562576e+01  1.301642e-14 
  854.000  6.432181e+02  4.461467e+01  7.802480e-15 
  855.000  7.092224e+02  4.913034e+01 -9.006166e-15 
  856.000  8.072750e+02  5.590666e+01 -8.511920e-15 
  857.000  8.212424e+02  5.680196e+01 -1.852320e-14 
  858.000  8.086755e+02  5.583601e+01 -1.699890e-14 
  859.000  8.097061e+02  5.584412e+01 -4.033974e-14 
  860.000  8.030515e+02  5.529199e+01  1.802835e-14 
  861.000  8.031135e+02  5.517792e+01  2.072008e-14 
  862.000  8.008178e+02  5.491475e+01 -8.980384e-15 
  863.000  8.162651e+02  5.585266e+01  1.769076e-14 
  864.000  8.149003e+02  5.564761e+01 -6.086454e-14 
  865.000  7.999508e+02  5.451553e+01 -1.355631e-13 
  866.000  6.711184e+02  4.563730e+01  4.257771e-14 
  867.000  7.147367e+02  4.849530e+01 -4.134105e-14 
  868.000  7.752729e+02  5.248883e+01 -3.673639e-14 
  869.000  7.645385e+02  5.165167e+01  4.107239e-14 
  870.000  7.961446e+02  5.366727e+01 -4.097845e-14 
  871.000  7.951614e+02  5.348685e+01  1.660613e-14 
  872.000  7.921705e+02  5.317635e+01  2.421276e-14 
  873.000  7.953433e+02  5.326641e+01  4.151623e-14 
  874.000  7.779544e+02  5.198507e+01  2.059663e-14 
  875.000  7.708828e+02  5.139994e+01 -1.120477e-14 
  876.000  7.772266e+02  5.169982e+01 -2.434983e-14 
  877.000  7.927466e+02  5.261281e+01  3.371285e-14 
  878.000  7.786515e+02  5.152900e+01 -1.687196e-14 
  879.000  7.805133e+02  5.153868e+01  4.081481e-14 
  880.000  7.755925e+02  5.107196e+01 -1.942822e-14 
  881.000  7.351048e+02  4.828542e+01 -2.365847e-14 
  882.000  7.755273e+02  5.081439e+01  4.356939e-15 
  883.000  7.581700e+02  4.958643e+01  7.687521e-14 
  884.000  7.647944e+02  4.991881e+01 -3.575100e-14 
  885.000  7.717475e+02  5.020231e+01  1.678500e-14 
  886.000  7.451139e+02  4.828307e+01  1.205636e-14 
  887.000  7.386822e+02  4.782724e+01 -1.912041e-14 
  888.000  7.608109e+02  4.915084e+01  3.996342e-15 
  889.000  7.663274e+02  4.942110e+01 -1.608621e-14 
  890.000  7.630499e+02  4.905475e+01 -8.025131e-15 
  891.000  7.570183e+02  4.848365e+01 -1.983904e-14 
  892.000  7.496272e+02  4.773037e+01  4.196175e-15 
  893.000  7.058376e+02  4.442818e+01  1.034907e-14 
  894.000  7.212117e+02  4.512212e+01  1.229135e-14 
  895.000  6.603900e+02  4.086414e+01 -6.185606e-15 
  896.000  6.591569e+02  4.044966e+01 -1.068770e-14 
  897.000  6.160930e+02  3.749763e+01 -5.973525e-15 
  898.000  6.042123e+02  3.658685e+01  6.537167e-15 
  899.000  5.679623e+02  3.400478e+01 -1.442494e-15 
  900.000  5.587130e+02  3.342538e+01  8.241872e-16 
  901.000  5.380516e+02  3.203499e+01  2.533844e-15 
  902.000  5.298747e+02  3.151195e+01 -1.283565e-15 
  903.000  6.180021e+02  3.720605e+01  1.292023e-16 
  904.000  6.644608e+02  4.022496e+01  1.773470e-15 
  905.000  6.614509e+02  3.995898e+01  2.254357e-15 
  906.000  6.209897e+02  3.726151e+01  1.996541e-15 
  907.000  5.908525e+02  3.509539e+01  6.443343e-15 
  908.000  5.492454e+02  3.232874e+01 -3.289896e-15 
  909.000  5.409281e+02  3.177956e+01 -1.630271e-15 
  910.000  5.512292e+02  3.235435e+01  8.541248e-15 
  911.000  5.666301e+02  3.333984e+01  1.061360e-14 
  912.000  5.596940e+02  3.279868e+01 -3.000622e-15 
  913.000  5.368954e+02  3.103657e+01 -1.917135e-15 
  914.000  5.510865e+02  3.199700e+01  2.855444e-15 
  915.000  5.551743e+02  3.230993e+01  5.748572e-15 
  916.000  5.658847e+02  3.290648e+01  2.587972e-15 
  917.000  5.646630e+02  3.284067e+01 -5.334279e-15 
  918.000  5.716216e+02  3.326212e+01 -1.755291e-14 
  919.000  6.131298e+02  3.585435e+01 -7.134188e-16 
  920.000  6.331810e+02  3.716367e+01  1.948211e-15 
  921.000  6.138763e+02  3.591949e+01 -3.625839e-15 
  922.000  6.079733e+02  3.550139e+01 -9.139387e-15 
  923.000  5.758393e+02  3.350670e+01 -6.662853e-16 
  924.000  5.835630e+02  3.377072e+01  2.432917e-15 
  925.000  5.898481e+02  3.404174e+01  3.634425e-15 
  926.000  5.680466e+02  3.267707e+01 -4.172034e-15 
  927.000  5.693660e+02  3.252134e+01 -1.577564e-15 
  928.000  5.426764e+02  3.066159e+01 -1.525825e-15 
  929.000  4.929819e+02  2.732275e+01 -1.812862e-15 
  930.000  4.400782e+02  2.369348e+01 -7.251170e-15 
  931.000  3.845880e+02  2.012131e+01 -2.163637e-17 
  932.000  3.121018e+02  1.579089e+01  4.162047e-16 
  933.000  2.654145e+02  1.312806e+01 -9.574740e-17 
  934.000  2.178610e+02  1.051547e+01  1.062815e-16 
  935.000  2.098664e+02  1.007773e+01  8.477385e-17 
  936.000  2.251010e+02  1.088099e+01 -2.079945e-17 
  937.000  2.259955e+02  1.088712e+01  2.692174e-18 
  938.000  2.746665e+02  1.354392e+01 -5.005518e-16 
  939.000  4.239025e+02  2.219858e+01 -1.737231e-15 
  940.000  4.453225e+02  2.356306e+01  1.622520e-13 
  941.000  4.158083e+02  2.174720e+01 -3.461061e-15 
  942.000  3.547979e+02  1.811143e+01  3.064187e-22 
  943.000  2.987634e+02  1.477571e+01 -9.188453e-17 
  944.000  2.854969e+02  1.405687e+01 -2.098721e-16 
  945.000  3.137913e+02  1.556817e+01 -2.165844e-16 
  946.000  3.197408e+02  1.585066e+01 -2.195040e-16 
  947.000  3.419941e+02  1.709643e+01 -4.460153e-16 
  948.000  3.585364e+02  1.799956e+01 -8.065850e-16 
  949.000  3.580719e+02  1.793981e+01  4.497515e-16 
  950.000  3.595230e+02  1.800995e+01 -4.467156e-16 
  951.000  3.899959e+02  1.978453e+01  1.615324e-15 
  952.000  3.556815e+02  1.775549e+01  7.887826e-16 
  953.000  3.791316e+02  1.909769e+01 -4.660434e-20 
  954.000  4.020075e+02  2.047951e+01 -6.837472e-15 
  955.000  3.559870e+02  1.793218e+01  0.000000e+00 
  956.000  3.755959e+02  1.886946e+01  5.817879e-17 
  957.000  4.428853e+02  2.298522e+01 -3.248566e-15 
  958.000  4.556833e+02  2.373172e+01 -8.133977e-17 
  959.000  4.461515e+02  2.306666e+01  1.799499e-15 
  960.000  4.388663e+02  2.261711e+01  3.174001e-15 
  961.000  4.287024e+02  2.199167e+01 -4.011832e-17 
  962.000  4.362008e+02  2.240378e+01 -3.082251e-15 
  963.000  4.734333e+02  2.474623e+01  9.729615e-16 
  964.000  4.736687e+02  2.477814e+01 -8.332962e-16 
  965.000  4.759724e+02  2.482294e+01  1.599874e-16 
  966.000  4.644414e+02  2.420754e+01 -4.848959e-15 
  967.000  5.062341e+02  2.661032e+01 -1.570874e-15 
  968.000  5.477996e+02  2.907844e+01 -5.592549e-15 
  969.000  5.730528e+02  3.052343e+01  2.224313e-15 
  970.000  5.759109e+02  3.063258e+01  4.595049e-15 
  971.000  5.703345e+02  3.027547e+01 -5.696022e-15 
  972.000  5.681703e+02  3.005542e+01 -3.477040e-15 
  973.000  5.488140e+02  2.888204e+01  4.032686e-15 
  974.000  5.236247e+02  2.740398e+01  1.850728e-17 
  975.000  5.155104e+02  2.686283e+01 -3.062153e-15 
  976.000  5.351454e+02  2.791549e+01 -1.438669e-15 
  977.000  5.433024e+02  2.842301e+01 -1.227467e-15 
  978.000  5.550127e+02  2.897506e+01  6.314213e-16 
  979.000  5.446447e+02  2.842385e+01  2.114180e-15 
  980.000  5.749842e+02  3.013308e+01 -6.208925e-16 
  981.000  5.841497e+02  3.060805e+01  3.836362e-15 
  982.000  5.778903e+02  3.018043e+01  5.844396e-16 
  983.000  5.881683e+02  3.078125e+01 -9.247865e-15 
  984.000  5.963950e+02  3.130494e+01 -1.721981e-15 
  985.000  6.030787e+02  3.169827e+01  3.455591e-15 
  986.000  6.070792e+02  3.199900e+01  1.344977e-15 
  987.000  6.179454e+02  3.258440e+01  2.377050e-16 
  988.000  6.112623e+02  3.218870e+01  5.034001e-15 
  989.000  6.041042e+02  3.176265e+01 -9.149617e-16 
  990.000  6.102226e+02  3.204200e+01 -1.055580e-14 
  991.000  6.185421e+02  3.248577e+01 -9.678403e-15 
  992.000  6.137965e+02  3.219493e+01 -5.697148e-15 
  993.000  6.141617e+02  3.216005e+01 -2.767165e-14 
  994.000  6.202394e+02  3.247695e+01 -9.396901e-15 
  995.000  6.177072e+02  3.233256e+01 -2.889382e-14 
  996.000  6.176024e+02  3.226469e+01 -1.319470e-14 
  997.000  6.170497e+02  3.214240e+01  9.564363e-15 
  998.000  6.133417e+02  3.185149e+01  9.758185e-15 
  999.000  6.113023e+02  3.167147e+01 -1.924072e-14 
 1000.000  6.069011e+02  3.139405e+01 -2.223013e-14 
 1001.000  6.073147e+02  3.129641e+01 -1.427108e-14 
 1002.000  6.017465e+02  3.085224e+01  2.179000e-15 
 1003.000  5.958773e+02  3.051543e+01 -2.121259e-14 
 1004.000  5.936112e+02  3.039701e+01 -1.896609e-14 
 1005.000  5.556206e+02  2.842205e+01 -7.784367e-16 
 1006.000  5.852102e+02  2.988718e+01 -1.162674e-14 
 1007.000  5.950295e+02  3.031162e+01  3.947461e-15 
 1008.000  5.938085e+02  3.011388e+01 -3.475345e-15 
 1009.000  5.852217e+02  2.952772e+01  1.222096e-14 
 1010.000  5.896926e+02  2.973821e+01 -7.391905e-15 
 1011.000  5.918594e+02  2.989683e+01 -3.511889e-15 
 1012.000  5.941318e+02  2.999814e+01 -3.847134e-15 
 1013.000  5.913954e+02  2.982955e+01  9.852059e-15 
 1014.000  5.959012e+02  3.001671e+01  1.563835e-14 
 1015.000  5.850601e+02  2.941813e+01  6.487363e-15 
 1016.000  5.895333e+02  2.960476e+01 -3.045362e-15 
 1017.000  5.841569e+02  2.928957e+01 -1.270975e-14 
 1018.000  5.909601e+02  2.955266e+01 -3.493682e-15 
 1019.000  5.758378e+02  2.870882e+01 -1.094021e-15 
 1020.000  5.752285e+02  2.862904e+01 -5.959702e-15 
 1021.000  5.822015e+02  2.895350e+01 -8.593249e-15 
 1022.000  5.715278e+02  2.832781e+01 -1.126640e-14 
 1023.000  5.808449e+02  2.869685e+01 -8.676136e-16 
 1024.000  5.769132e+02  2.842674e+01  1.803068e-15 
 1025.000  5.798040e+02  2.857558e+01  0.000000e+00 
 1026.000  5.818834e+02  2.866035e+01 -2.470663e-14 
 1027.000  5.778536e+02  2.839337e+01 -2.114378e-14 
 1028.000  5.797416e+02  2.844540e+01 -1.220127e-14 
 1029.000  5.722316e+02  2.805950e+01 -1.769629e-14 
 1030.000  5.792047e+02  2.838097e+01 -1.212421e-14 
 1031.000  5.780121e+02  2.828649e+01  2.967411e-15 
 1032.000  5.764995e+02  2.817283e+01 -3.632676e-14 
 1033.000  5.660619e+02  2.761446e+01  0.000000e+00 
 1034.000  5.723412e+02  2.787608e+01  0.000000e+00 
 1035.000  5.664225e+02  2.754019e+01  2.279165e-14 
 1036.000  5.738005e+02  2.784626e+01 -6.300234e-15 
 1037.000  5.617975e+02  2.721445e+01 -1.418000e-14 
 1038.000  5.674313e+02  2.743767e+01  6.228312e-15 
 1039.000  5.696817e+02  2.749040e+01 -2.021619e-14 
 1040.000  5.628961e+02  2.710869e+01  8.858814e-15 
 1041.000  5.658295e+02  2.719584e+01 -2.319635e-14 
 1042.000  5.674957e+02  2.722363e+01  1.807559e-14 
 1043.000  5.577194e+02  2.670426e+01  3.063241e-15 
 1044.000  5.632181e+02  2.691463e+01  2.350843e-14 
 1045.000  5.606768e+02  2.673557e+01 -1.704645e-14 
 1046.000  5.442767e+02  2.590018e+01 -9.179470e-15 
 1047.000  5.541662e+02  2.631585e+01  5.689291e-15 
 1048.000  5.596100e+02  2.651994e+01  3.080673e-15 
 1049.000  5.559440e+02  2.629313e+01 -3.062327e-15 
 1050.000  5.524517e+02  2.607133e+01  2.881994e-14 
 1051.000  5.522066e+02  2.599839e+01 -3.046920e-15 
 1052.000  5.494683e+02  2.581389e+01 -2.830555e-15 
 1053.000  5.497039e+02  2.577584e+01 -1.153145e-14 
 1054.000  5.437719e+02  2.543802e+01  5.608791e-15 
 1055.000  5.474776e+02  2.555152e+01  2.029334e-16 
 1056.000  5.458098e+02  2.541697e+01  8.663605e-15 
 1057.000  5.442473e+02  2.527262e+01  8.860616e-15 
 1058.000  5.373807e+02  2.486317e+01  5.789682e-15 
 1059.000  5.206044e+02  2.404578e+01 -2.317921e-15 
 1060.000  5.400230e+02  2.492012e+01 -1.701101e-14 
 1061.000  5.210016e+02  2.399979e+01  2.704244e-15 
 1062.000  5.347823e+02  2.456981e+01 -2.782860e-15 
 1063.000  5.255240e+02  2.409962e+01  1.642348e-14 
 1064.000  5.317557e+02  2.432599e+01 -2.576517e-15 
 1065.000  5.302133e+02  2.418924e+01  2.974247e-15 
 1066.000  5.140295e+02  2.341668e+01 -1.055133e-15 
 1067.000  5.258442e+02  2.390377e+01  9.940071e-15 
 1068.000  5.219621e+02  2.364906e+01  2.234275e-15 
 1069.000  4.816970e+02  2.176640e+01  9.925602e-15 
 1070.000  5.105128e+02  2.303705e+01  1.695104e-15 
 1071.000  5.102041e+02  2.295866e+01 -2.509967e-15 
 1072.000  5.105749e+02  2.291274e+01 -3.083382e-15 
 1073.000  4.935367e+02  2.210878e+01  1.212671e-15 
 1074.000  5.110432e+02  2.286153e+01 -3.588512e-14 
 1075.000  4.969853e+02  2.223579e+01 -3.314048e-15 
 1076.000  5.067046e+02  2.261130e+01 -6.658104e-16 
 1077.000  5.040584e+02  2.242775e+01 -3.014753e-15 
 1078.000  5.037033e+02  2.234319e+01  3.234463e-15 
 1079.000  4.839432e+02  2.142965e+01 -4.117868e-15 
 1080.000  4.933707e+02  2.173352e+01 -3.857118e-15 
 1081.000  4.750165e+02  2.088937e+01 -3.196874e-15 
 1082.000  4.832113e+02  2.125001e+01  1.173252e-15 
 1083.000  4.676895e+02  2.049790e+01 -3.871399e-15 
 1084.000  4.826775e+02  2.108314e+01  5.661431e-16 
 1085.000  4.695420e+02  2.039922e+01  3.241161e-15 
 1086.000  4.772922e+02  2.072152e+01  1.282027e-14 
 1087.000  4.551590e+02  1.981830e+01  2.927174e-15 
 1088.000  4.831352e+02  2.100912e+01  3.664473e-15 
 1089.000  4.557570e+02  1.968202e+01  4.704689e-15 
 1090.000  4.639415e+02  1.998685e+01 -1.335214e-15 
 1091.000  4.687034e+02  2.017807e+01 -1.978076e-15 
 1092.000  4.533360e+02  1.944236e+01  2.856999e-16 
 1093.000  4.377532e+02  1.866591e+01  1.263306e-15 
 1094.000  3.944109e+02  1.676555e+01 -2.423595e-15 
 1095.000  4.275989e+02  1.815164e+01  2.104747e-16 
 1096.000  4.264521e+02  1.807547e+01  5.002780e-15 
 1097.000  4.187230e+02  1.770459e+01  4.767511e-16 
 1098.000  3.883261e+02  1.625782e+01 -1.515922e-15 
 1099.000  3.668542e+02  1.518945e+01  1.539860e-15 
 1100.000  3.746091e+02  1.549762e+01  6.301132e-16 
