  400.000  8.049007e+02  3.284801e+02 -2.759488e-14 
  401.000  8.011633e+02  3.237698e+02 -1.164643e-13 
  402.000  8.502338e+02  3.402753e+02  7.134600e-14 
  403.000  7.973779e+02  3.160531e+02 -1.816516e-13 
  404.000  8.579695e+02  3.368199e+02  7.198272e-14 
  405.000  7.877824e+02  3.063266e+02 -4.257745e-14 
  406.000  7.827755e+02  3.015071e+02  1.146446e-13 
  407.000  7.632658e+02  2.912361e+02  8.910917e-14 
  408.000  8.278177e+02  3.129239e+02  2.760785e-14 
  409.000  9.172980e+02  3.435363e+02  2.485922e-14 
  410.000  7.677165e+02  2.848688e+02  5.124295e-14 
  411.000  9.024466e+02  3.317956e+02 -9.664513e-15 
  412.000  9.360062e+02  3.410000e+02 -2.994503e-14 
  413.000  8.850425e+02  3.195179e+02 -7.997271e-14 
  414.000  8.694702e+02  3.110647e+02 -1.812596e-14 
  415.000  9.281316e+02  3.290876e+02  4.250518e-14 
  416.000  9.232634e+02  3.244525e+02  1.066351e-14 
  417.000  8.959196e+02  3.120609e+02  5.062552e-14 
  418.000  8.771431e+02  3.028364e+02  2.421477e-14 
  419.000  8.993767e+02  3.077985e+02  8.366752e-14 
  420.000  7.618525e+02  2.584672e+02  7.905265e-14 
  421.000  9.552553e+02  3.212847e+02 -4.158425e-14 
  422.000  9.160183e+02  3.054475e+02  7.526115e-14 
  423.000  7.742019e+02  2.559600e+02 -1.418662e-13 
  424.000  8.521968e+02  2.793603e+02  2.124810e-14 
  425.000  8.832455e+02  2.870953e+02 -1.043609e-15 
  426.000  8.496442e+02  2.738560e+02  5.238294e-14 
  427.000  8.178316e+02  2.614033e+02  7.040263e-14 
  428.000  8.286940e+02  2.626783e+02 -6.242377e-14 
  429.000  7.544310e+02  2.371662e+02 -1.116170e-13 
  430.000  6.024227e+02  1.878262e+02 -1.090981e-13 
  431.000  5.419852e+02  1.676047e+02  3.994637e-14 
  432.000  9.762090e+02  2.994362e+02  5.756660e-14 
  433.000  8.695186e+02  2.645593e+02 -8.879114e-14 
  434.000  8.269584e+02  2.495924e+02 -6.009407e-16 
  435.000  9.002679e+02  2.695517e+02 -4.094299e-14 
  436.000  9.988735e+02  2.967025e+02 -6.522575e-14 
  437.000  1.009122e+03  2.973806e+02  6.214139e-14 
  438.000  9.045028e+02  2.644565e+02  8.978459e-14 
  439.000  8.757822e+02  2.540600e+02 -8.235555e-14 
  440.000  9.821509e+02  2.827003e+02  2.391903e-14 
  441.000  9.795342e+02  2.797637e+02  7.763678e-14 
  442.000  1.032241e+03  2.925427e+02  2.259209e-13 
  443.000  1.039739e+03  2.924030e+02 -2.784850e-14 
  444.000  1.033575e+03  2.884437e+02  3.360224e-14 
  445.000  1.087819e+03  3.012628e+02 -1.136120e-13 
  446.000  9.688640e+02  2.662715e+02  1.373654e-14 
  447.000  1.105614e+03  3.015738e+02  1.694941e-13 
  448.000  1.124617e+03  3.045108e+02 -4.385075e-14 
  449.000  1.132858e+03  3.045211e+02  6.615562e-14 
  450.000  1.158148e+03  3.090698e+02  1.228365e-14 
  451.000  1.252265e+03  3.317701e+02  9.835989e-14 
  452.000  1.164718e+03  3.063458e+02 -7.926757e-14 
  453.000  1.081709e+03  2.824611e+02  8.552638e-14 
  454.000  1.153827e+03  2.991272e+02 -2.055966e-13 
  455.000  1.162481e+03  2.992122e+02 -6.008732e-14 
  456.000  1.191269e+03  3.044293e+02 -1.110654e-13 
  457.000  1.198560e+03  3.041184e+02 -9.627300e-14 
  458.000  1.178082e+03  2.968106e+02 -2.731293e-13 
  459.000  1.178532e+03  2.948322e+02 -7.518027e-15 
  460.000  1.168858e+03  2.903638e+02 -8.363031e-14 
  461.000  1.211835e+03  2.989421e+02  7.380596e-14 
  462.000  1.192681e+03  2.921736e+02  1.074905e-13 
  463.000  1.193551e+03  2.903648e+02  2.707194e-14 
  464.000  1.197905e+03  2.894315e+02 -7.404350e-14 
  465.000  1.180817e+03  2.833587e+02  2.077624e-14 
  466.000  1.218622e+03  2.904430e+02  3.732768e-14 
  467.000  1.175982e+03  2.783776e+02  8.229981e-14 
  468.000  1.245332e+03  2.927842e+02 -7.479051e-15 
  469.000  1.234783e+03  2.883117e+02  1.651084e-13 
  470.000  1.218118e+03  2.824554e+02  6.674689e-14 
  471.000  1.216235e+03  2.800541e+02 -7.317808e-14 
  472.000  1.231404e+03  2.815605e+02  2.106266e-14 
  473.000  1.218302e+03  2.765966e+02 -1.292031e-14 
  474.000  1.228375e+03  2.768986e+02  2.858509e-14 
  475.000  1.278245e+03  2.860048e+02  5.620044e-15 
  476.000  1.239113e+03  2.751129e+02 -9.608652e-14 
  477.000  1.227918e+03  2.706174e+02  1.012407e-13 
  478.000  1.288837e+03  2.823433e+02 -3.605950e-14 
  479.000  1.230527e+03  2.681527e+02  6.333359e-15 
  480.000  1.254945e+03  2.720901e+02 -8.225375e-14 
  481.000  1.247455e+03  2.690361e+02 -6.940715e-14 
  482.000  1.273687e+03  2.731798e+02 -7.810143e-14 
  483.000  1.275157e+03  2.719335e+02 -4.142261e-14 
  484.000  1.226260e+03  2.599650e+02 -5.884850e-15 
  485.000  1.235450e+03  2.603429e+02  2.371354e-14 
  486.000  1.001810e+03  2.098363e+02 -4.422079e-14 
  487.000  1.126108e+03  2.344477e+02  9.097011e-14 
  488.000  1.222854e+03  2.530517e+02  9.675935e-14 
  489.000  1.136879e+03  2.338432e+02 -4.474761e-14 
  490.000  1.294430e+03  2.646521e+02  5.764042e-14 
  491.000  1.211496e+03  2.462097e+02  6.039813e-15 
  492.000  1.164453e+03  2.352319e+02  1.102985e-14 
  493.000  1.254382e+03  2.518895e+02 -1.105842e-13 
  494.000  1.212052e+03  2.419429e+02 -5.034994e-14 
  495.000  1.295948e+03  2.571619e+02 -2.476362e-14 
  496.000  1.262530e+03  2.490508e+02  1.343450e-13 
  497.000  1.225085e+03  2.402463e+02 -7.583256e-15 
  498.000  1.196499e+03  2.332704e+02 -2.359853e-15 
  499.000  1.193967e+03  2.314207e+02  4.075619e-14 
  500.000  1.189063e+03  2.291343e+02  1.085922e-14 
  501.000  1.162756e+03  2.227690e+02 -2.863375e-15 
  502.000  1.155483e+03  2.201027e+02  1.566823e-13 
  503.000  1.224728e+03  2.319586e+02  1.658951e-14 
  504.000  1.139821e+03  2.146468e+02  5.412980e-14 
  505.000  1.229761e+03  2.302676e+02 -1.602011e-14 
  506.000  1.316695e+03  2.451654e+02  4.525482e-14 
  507.000  1.225250e+03  2.268688e+02 -7.238818e-14 
  508.000  1.175182e+03  2.163939e+02  4.603142e-14 
  509.000  1.267406e+03  2.320893e+02 -2.290577e-14 
  510.000  1.228195e+03  2.236724e+02 -1.618254e-14 
  511.000  1.228709e+03  2.225394e+02  8.535198e-14 
  512.000  1.289756e+03  2.323211e+02  3.421200e-14 
  513.000  1.180560e+03  2.114972e+02 -8.523187e-14 
  514.000  1.155919e+03  2.059631e+02 -6.763056e-14 
  515.000  1.180208e+03  2.091590e+02  4.720768e-14 
  516.000  1.239868e+03  2.185500e+02 -6.786595e-14 
  517.000  9.134602e+02  1.601481e+02 -3.624543e-14 
  518.000  1.131080e+03  1.972384e+02  2.652462e-14 
  519.000  1.071746e+03  1.858945e+02  7.197226e-14 
  520.000  1.180129e+03  2.036070e+02 -7.235442e-14 
  521.000  1.180947e+03  2.026676e+02  1.680897e-14 
  522.000  1.227980e+03  2.096204e+02 -6.185529e-14 
  523.000  1.144091e+03  1.942586e+02  9.619780e-14 
  524.000  1.241458e+03  2.096736e+02  1.772326e-13 
  525.000  1.231693e+03  2.069213e+02 -2.429768e-14 
  526.000  1.173964e+03  1.961919e+02 -6.098242e-14 
  527.000  1.025671e+03  1.705109e+02  2.045958e-14 
  528.000  1.232028e+03  2.037462e+02 -6.424231e-14 
  529.000  1.267205e+03  2.084741e+02  2.860098e-14 
  530.000  1.197584e+03  1.960026e+02 -8.165541e-14 
  531.000  1.303768e+03  2.122855e+02  6.758809e-14 
  532.000  1.243974e+03  2.015221e+02  5.760181e-14 
  533.000  1.092710e+03  1.761358e+02 -8.405321e-14 
  534.000  1.188351e+03  1.906222e+02  5.973783e-14 
  535.000  1.212562e+03  1.935783e+02 -7.828400e-14 
  536.000  1.286763e+03  2.044460e+02 -2.643151e-14 
  537.000  1.193914e+03  1.887870e+02 -9.827859e-14 
  538.000  1.249901e+03  1.966906e+02 -8.223340e-14 
  539.000  1.245908e+03  1.951199e+02 -7.003111e-14 
  540.000  1.219421e+03  1.900543e+02 -1.076379e-13 
  541.000  1.118321e+03  1.734621e+02 -1.132471e-13 
  542.000  1.247646e+03  1.925963e+02 -7.705304e-14 
  543.000  1.193583e+03  1.833719e+02 -8.412669e-14 
  544.000  1.259135e+03  1.925207e+02  2.210124e-14 
  545.000  1.240613e+03  1.887870e+02 -5.593636e-15 
  546.000  1.213256e+03  1.837492e+02  1.543097e-13 
  547.000  1.265045e+03  1.906904e+02  7.306730e-14 
  548.000  1.173997e+03  1.761351e+02  9.025619e-14 
  549.000  1.235794e+03  1.845397e+02 -1.118963e-13 
  550.000  1.209072e+03  1.797070e+02  8.370170e-14 
  551.000  1.202104e+03  1.778371e+02 -8.489871e-14 
  552.000  1.254559e+03  1.847354e+02 -4.561295e-14 
  553.000  1.206021e+03  1.767644e+02 -4.981944e-14 
  554.000  1.246060e+03  1.817884e+02  3.028641e-14 
  555.000  1.250211e+03  1.815537e+02  4.216769e-14 
  556.000  1.216386e+03  1.758303e+02  8.832925e-14 
  557.000  1.180904e+03  1.699162e+02  6.674806e-15 
  558.000  1.226397e+03  1.756525e+02  7.571740e-14 
  559.000  1.159806e+03  1.653539e+02  5.199349e-15 
  560.000  1.165476e+03  1.653988e+02 -9.665688e-14 
  561.000  1.281517e+03  1.810289e+02 -3.591646e-14 
  562.000  1.176444e+03  1.653595e+02 -1.941215e-14 
  563.000  1.231328e+03  1.722686e+02  2.350799e-14 
  564.000  1.214395e+03  1.690948e+02  7.442465e-15 
  565.000  1.228943e+03  1.702710e+02 -6.089851e-14 
  566.000  1.133616e+03  1.563426e+02  3.023302e-14 
  567.000  1.215013e+03  1.665884e+02 -2.787552e-14 
  568.000  1.205547e+03  1.636641e+02 -2.661522e-14 
  569.000  1.165970e+03  1.562693e+02 -1.155788e-14 
  570.000  1.175639e+03  1.570562e+02 -4.192109e-14 
  571.000  1.146538e+03  1.534592e+02  1.055291e-14 
  572.000  1.201285e+03  1.591160e+02  3.138674e-14 
  573.000  1.218246e+03  1.609244e+02  2.389510e-14 
  574.000  1.213420e+03  1.596727e+02 -3.276019e-15 
  575.000  1.183773e+03  1.550260e+02  6.436072e-15 
  576.000  1.162748e+03  1.515961e+02  6.510767e-15 
  577.000  1.215024e+03  1.579499e+02  4.664690e-15 
  578.000  1.184332e+03  1.537896e+02 -3.384166e-15 
  579.000  1.178495e+03  1.527103e+02  3.271822e-14 
  580.000  1.221070e+03  1.577665e+02 -1.471651e-14 
  581.000  1.202460e+03  1.550943e+02  0.000000e+00 
  582.000  1.222388e+03  1.572004e+02 -3.581320e-14 
  583.000  1.231502e+03  1.577466e+02  6.946487e-14 
  584.000  1.228228e+03  1.567061e+02 -7.693082e-14 
  585.000  1.220444e+03  1.550578e+02  6.995965e-14 
  586.000  1.168433e+03  1.478369e+02  4.319660e-14 
  587.000  1.208694e+03  1.518017e+02  1.209020e-14 
  588.000  1.172986e+03  1.451081e+02  5.014070e-14 
  589.000  1.008208e+03  1.228084e+02 -1.229549e-14 
  590.000  1.050875e+03  1.274117e+02 -8.745006e-15 
  591.000  1.140777e+03  1.387569e+02 -1.904777e-14 
  592.000  1.106867e+03  1.335880e+02  7.715239e-15 
  593.000  1.145811e+03  1.389621e+02 -8.534456e-15 
  594.000  1.150640e+03  1.386927e+02 -8.442178e-15 
  595.000  1.110242e+03  1.325025e+02 -8.440223e-15 
  596.000  1.165848e+03  1.398504e+02 -6.496012e-14 
  597.000  1.164308e+03  1.388451e+02  3.181326e-14 
  598.000  1.152419e+03  1.374927e+02 -1.791192e-14 
  599.000  1.158184e+03  1.379421e+02  1.541971e-14 
  600.000  1.169350e+03  1.394526e+02  4.068131e-15 
  601.000  1.170458e+03  1.395737e+02  1.249036e-14 
  602.000  1.160710e+03  1.381354e+02  2.362001e-14 
  603.000  1.170644e+03  1.390308e+02 -1.626501e-15 
  604.000  1.210126e+03  1.433683e+02 -2.417871e-14 
  605.000  1.208511e+03  1.427256e+02  3.876891e-15 
  606.000  1.195353e+03  1.406661e+02  3.639182e-14 
  607.000  1.189465e+03  1.394699e+02  5.084510e-14 
  608.000  1.185813e+03  1.385320e+02  1.572443e-14 
  609.000  1.174312e+03  1.366832e+02 -3.428358e-14 
  610.000  1.156135e+03  1.340721e+02  5.796030e-14 
  611.000  1.175503e+03  1.358163e+02  3.745070e-14 
  612.000  1.160786e+03  1.336223e+02  8.496481e-14 
  613.000  1.144391e+03  1.312495e+02 -2.261224e-14 
  614.000  1.103600e+03  1.261045e+02  2.516380e-16 
  615.000  1.157006e+03  1.317212e+02 -1.317741e-15 
  616.000  1.100588e+03  1.248370e+02 -5.084109e-14 
  617.000  1.107277e+03  1.251311e+02 -1.402575e-14 
  618.000  1.159953e+03  1.305962e+02  3.670483e-15 
  619.000  1.149714e+03  1.289570e+02  1.506537e-14 
  620.000  1.167067e+03  1.304099e+02  4.031012e-14 
  621.000  1.187460e+03  1.321836e+02  1.527487e-14 
  622.000  1.125052e+03  1.247555e+02 -1.472214e-14 
  623.000  1.133995e+03  1.252554e+02 -7.519333e-14 
  624.000  1.135378e+03  1.249210e+02 -9.473639e-14 
  625.000  1.104719e+03  1.210735e+02  6.650537e-14 
  626.000  1.109412e+03  1.210203e+02 -4.132156e-14 
  627.000  1.120504e+03  1.211115e+02  1.951818e-14 
  628.000  1.094136e+03  1.166287e+02 -1.816989e-15 
  629.000  1.125576e+03  1.200494e+02 -1.336410e-14 
  630.000  1.095763e+03  1.169033e+02  2.227615e-14 
  631.000  1.138729e+03  1.213217e+02  9.822912e-15 
  632.000  1.053662e+03  1.114475e+02 -5.331163e-15 
  633.000  1.139995e+03  1.207916e+02 -3.819738e-15 
  634.000  1.108486e+03  1.172241e+02 -6.998486e-15 
  635.000  1.128703e+03  1.189339e+02  2.300418e-14 
  636.000  1.090621e+03  1.146609e+02  1.162517e-14 
  637.000  1.127864e+03  1.182534e+02  1.982332e-14 
  638.000  1.149760e+03  1.204991e+02  2.889650e-14 
  639.000  1.140686e+03  1.191510e+02 -1.191406e-14 
  640.000  1.107155e+03  1.154322e+02  1.053395e-14 
  641.000  1.123338e+03  1.167147e+02  8.416768e-14 
  642.000  1.111559e+03  1.152247e+02  2.938829e-14 
  643.000  1.128403e+03  1.163193e+02 -1.497145e-14 
  644.000  1.115739e+03  1.146242e+02  2.477041e-16 
  645.000  1.121363e+03  1.145360e+02 -1.753008e-14 
  646.000  1.061141e+03  1.070579e+02  2.326801e-14 
  647.000  1.063387e+03  1.064257e+02 -2.376032e-14 
  648.000  1.047875e+03  1.040716e+02  2.607908e-15 
  649.000  1.080861e+03  1.073948e+02 -5.356647e-15 
  650.000  1.023451e+03  1.022802e+02 -1.937618e-15 
  651.000  1.102601e+03  1.098257e+02  2.980536e-14 
  652.000  1.061304e+03  1.045319e+02  1.008870e-14 
  653.000  1.106582e+03  1.096606e+02  1.072479e-14 
  654.000  1.089732e+03  1.075091e+02 -9.910075e-15 
  655.000  1.052842e+03  1.031578e+02 -1.587006e-14 
  656.000  8.964800e+02  8.765994e+01 -8.812366e-15 
  657.000  9.611048e+02  9.386513e+01  6.125629e-16 
  658.000  1.078610e+03  1.054073e+02  2.815204e-14 
  659.000  1.085982e+03  1.060525e+02  1.546669e-14 
  660.000  1.096704e+03  1.068785e+02  9.001865e-15 
  661.000  1.107638e+03  1.079705e+02  4.084535e-14 
  662.000  1.126359e+03  1.096455e+02  7.105310e-14 
  663.000  1.113515e+03  1.079998e+02 -1.371655e-14 
  664.000  1.096984e+03  1.061295e+02  1.515276e-14 
  665.000  1.102752e+03  1.064051e+02  9.096081e-14 
  666.000  1.117300e+03  1.075478e+02  3.746429e-14 
  667.000  1.096059e+03  1.052252e+02 -6.822188e-15 
  668.000  1.103438e+03  1.056731e+02 -3.782251e-14 
  669.000  1.119978e+03  1.069541e+02  8.866059e-14 
  670.000  1.107111e+03  1.054159e+02 -2.390217e-14 
  671.000  1.095979e+03  1.040566e+02  8.198097e-15 
  672.000  1.092880e+03  1.034558e+02  1.025977e-14 
  673.000  1.101165e+03  1.039317e+02  1.127224e-14 
  674.000  1.103749e+03  1.038679e+02  4.724999e-16 
  675.000  1.087330e+03  1.020220e+02 -6.108933e-14 
  676.000  1.108276e+03  1.036807e+02 -1.013263e-14 
  677.000  1.086649e+03  1.013587e+02  4.159936e-15 
  678.000  1.105047e+03  1.027734e+02 -6.544508e-14 
  679.000  1.089683e+03  1.010367e+02 -4.554591e-14 
  680.000  1.080887e+03  9.986697e+01 -8.283530e-14 
  681.000  1.081480e+03  9.955479e+01  7.787731e-14 
  682.000  1.079160e+03  9.902618e+01 -1.581201e-14 
  683.000  1.086100e+03  9.932552e+01  7.521353e-14 
  684.000  1.065161e+03  9.700287e+01  1.654925e-14 
  685.000  1.078513e+03  9.800845e+01 -3.206224e-15 
  686.000  1.029338e+03  9.306461e+01  5.406273e-14 
  687.000  9.022260e+02  7.913052e+01  1.860674e-15 
  688.000  9.445057e+02  8.308933e+01  2.681826e-15 
  689.000  9.338051e+02  8.174113e+01  1.173128e-14 
  690.000  9.603055e+02  8.409865e+01  2.691183e-14 
  691.000  9.880394e+02  8.661507e+01  2.027042e-14 
  692.000  9.885899e+02  8.646394e+01 -5.986342e-15 
  693.000  9.599354e+02  8.305836e+01 -2.637259e-14 
  694.000  9.354298e+02  8.019825e+01 -2.042571e-14 
  695.000  9.377938e+02  8.042152e+01  5.000274e-15 
  696.000  9.604703e+02  8.231631e+01  9.450202e-16 
  697.000  1.019569e+03  8.832310e+01  8.111899e-15 
  698.000  9.881858e+02  8.504548e+01 -8.109327e-15 
  699.000  9.540779e+02  8.098212e+01 -2.388010e-15 
  700.000  9.510377e+02  8.060654e+01 -2.135294e-14 
  701.000  9.183882e+02  7.746559e+01  2.250949e-15 
  702.000  9.218798e+02  7.765953e+01 -3.141675e-15 
  703.000  9.772312e+02  8.282822e+01 -9.861183e-15 
  704.000  9.818217e+02  8.302815e+01  4.642723e-15 
  705.000  9.714750e+02  8.159696e+01 -6.240309e-15 
  706.000  9.645607e+02  8.085619e+01 -1.538784e-14 
  707.000  9.561783e+02  8.004792e+01 -1.114293e-14 
  708.000  9.908198e+02  8.285751e+01  2.048210e-14 
  709.000  9.692224e+02  8.113125e+01  6.205977e-15 
  710.000  9.766022e+02  8.120414e+01 -2.185122e-14 
  711.000  9.817067e+02  8.172875e+01 -7.510043e-15 
  712.000  9.806523e+02  8.174275e+01 -7.361082e-15 
  713.000  9.660714e+02  8.003452e+01 -8.101403e-15 
  714.000  9.786471e+02  8.075821e+01  5.816887e-15 
  715.000  9.275837e+02  7.598193e+01  2.457958e-15 
  716.000  9.334398e+02  7.590399e+01  2.340563e-15 
  717.000  8.023531e+02  6.363264e+01 -8.056688e-16 
  718.000  7.352715e+02  5.697833e+01 -1.948770e-15 
  719.000  7.047097e+02  5.402567e+01  3.464252e-15 
  720.000  6.783279e+02  5.133512e+01  3.782338e-15 
  721.000  8.214135e+02  6.483934e+01  1.697670e-16 
  722.000  8.885049e+02  7.067924e+01 -5.498555e-15 
  723.000  8.548162e+02  6.745579e+01  6.624109e-16 
  724.000  7.727673e+02  5.952758e+01  4.177530e-15 
  725.000  7.762189e+02  5.984898e+01 -2.136354e-15 
  726.000  7.709156e+02  5.922367e+01  3.093444e-15 
  727.000  7.944121e+02  6.109756e+01 -3.877834e-15 
  728.000  7.679290e+02  5.869019e+01  2.569042e-15 
  729.000  7.685171e+02  5.914194e+01  1.582806e-15 
  730.000  7.915535e+02  6.069607e+01  4.489147e-15 
  731.000  7.721411e+02  5.897423e+01 -2.519974e-15 
  732.000  8.421940e+02  6.501293e+01  1.123334e-15 
  733.000  8.837504e+02  6.874783e+01  4.548964e-15 
  734.000  9.293722e+02  7.254281e+01 -2.427367e-15 
  735.000  9.124982e+02  7.091245e+01 -1.867720e-14 
  736.000  8.783430e+02  6.786486e+01 -1.020740e-14 
  737.000  9.031099e+02  6.978520e+01  5.419457e-15 
  738.000  9.188417e+02  7.110877e+01 -7.899510e-16 
  739.000  8.967561e+02  6.936839e+01  4.072710e-15 
  740.000  9.224136e+02  7.154631e+01  4.341200e-15 
  741.000  9.249824e+02  7.182403e+01  1.056125e-15 
  742.000  9.138635e+02  7.090075e+01 -2.126920e-14 
  743.000  9.500047e+02  7.381077e+01  1.356446e-14 
  744.000  9.631247e+02  7.476554e+01 -1.736739e-14 
  745.000  9.412083e+02  7.300360e+01 -3.012689e-14 
  746.000  9.567888e+02  7.412250e+01 -1.930950e-14 
  747.000  9.722097e+02  7.514484e+01 -2.321449e-14 
  748.000  9.562864e+02  7.380801e+01 -2.297828e-14 
  749.000  9.574100e+02  7.374403e+01 -2.551731e-15 
  750.000  9.426693e+02  7.239363e+01  2.206002e-14 
  751.000  9.405087e+02  7.205511e+01  5.268952e-14 
  752.000  9.566234e+02  7.317605e+01  5.936020e-14 
  753.000  9.482247e+02  7.237737e+01  4.073996e-14 
  754.000  9.635498e+02  7.338204e+01 -2.758177e-15 
  755.000  9.582847e+02  7.280855e+01 -1.968736e-16 
  756.000  9.398022e+02  7.123680e+01  6.739692e-14 
  757.000  9.468879e+02  7.160341e+01  1.102498e-14 
  758.000  9.445895e+02  7.121059e+01  5.722079e-14 
  759.000  8.495366e+02  6.266642e+01 -8.941355e-15 
  760.000  3.158502e+02  2.065683e+01  1.929567e-15 
  761.000  2.718040e+02  1.743748e+01 -1.349197e-15 
  762.000  5.482075e+02  3.781356e+01 -1.065677e-15 
  763.000  4.690023e+02  3.163037e+01 -2.382534e-15 
  764.000  5.168168e+02  3.510485e+01  3.531571e-16 
  765.000  6.274698e+02  4.369757e+01 -3.362484e-15 
  766.000  7.234562e+02  5.190462e+01 -4.560909e-16 
  767.000  7.981906e+02  5.761368e+01 -1.291835e-14 
  768.000  8.729997e+02  6.335958e+01  2.333268e-14 
  769.000  8.980070e+02  6.550810e+01 -2.317979e-14 
  770.000  9.067802e+02  6.627911e+01  3.943030e-15 
  771.000  9.142958e+02  6.684670e+01  5.218091e-15 
  772.000  9.123896e+02  6.659786e+01 -3.636826e-14 
  773.000  9.094335e+02  6.624817e+01 -5.571214e-16 
  774.000  9.198444e+02  6.687249e+01  5.656256e-14 
  775.000  8.857567e+02  6.426000e+01  5.603600e-14 
  776.000  9.226536e+02  6.679507e+01  2.654977e-14 
  777.000  9.163726e+02  6.618755e+01 -1.856742e-14 
  778.000  9.114410e+02  6.567370e+01 -1.348369e-14 
  779.000  9.144007e+02  6.572990e+01 -5.465924e-14 
  780.000  9.031122e+02  6.476553e+01  6.716490e-14 
  781.000  9.023087e+02  6.458581e+01 -1.589498e-14 
  782.000  9.131610e+02  6.520721e+01  6.470961e-14 
  783.000  8.918446e+02  6.353613e+01 -3.142595e-14 
  784.000  8.963764e+02  6.368979e+01  5.633115e-15 
  785.000  8.957341e+02  6.337489e+01  2.551236e-14 
  786.000  8.756192e+02  6.164897e+01  6.767741e-15 
  787.000  8.779223e+02  6.134399e+01 -7.144667e-15 
  788.000  8.592239e+02  5.975403e+01  2.466568e-15 
  789.000  8.444605e+02  5.817995e+01 -3.248279e-15 
  790.000  8.341965e+02  5.731398e+01 -1.230472e-14 
  791.000  8.336060e+02  5.721180e+01  1.199504e-14 
  792.000  8.238383e+02  5.648144e+01 -1.291900e-14 
  793.000  8.309606e+02  5.700741e+01  3.332122e-14 
  794.000  8.389693e+02  5.785119e+01  2.364738e-14 
  795.000  8.243793e+02  5.645436e+01 -3.045096e-15 
  796.000  8.113412e+02  5.493129e+01  3.079009e-15 
  797.000  8.242358e+02  5.580774e+01  4.276988e-14 
  798.000  8.419910e+02  5.722995e+01 -3.756974e-15 
  799.000  8.374161e+02  5.671006e+01 -1.381925e-14 
  800.000  8.034326e+02  5.406161e+01 -2.026311e-15 
  801.000  8.198691e+02  5.507448e+01 -4.752409e-15 
  802.000  8.170690e+02  5.474787e+01 -1.811874e-14 
  803.000  8.072058e+02  5.400294e+01  8.619982e-15 
  804.000  8.204209e+02  5.487794e+01 -9.242922e-15 
  805.000  8.089559e+02  5.422485e+01  4.060426e-15 
  806.000  8.376513e+02  5.619238e+01  5.281413e-15 
  807.000  8.329886e+02  5.576781e+01  1.309381e-14 
  808.000  8.241075e+02  5.496200e+01  3.111171e-15 
  809.000  8.055443e+02  5.350453e+01  2.162970e-14 
  810.000  7.968051e+02  5.270462e+01 -2.105141e-14 
  811.000  7.989169e+02  5.254052e+01  2.531744e-15 
  812.000  7.818134e+02  5.109320e+01 -1.813013e-14 
  813.000  7.610079e+02  4.942086e+01 -3.933852e-15 
  814.000  7.370283e+02  4.754044e+01 -6.505695e-17 
  815.000  7.010307e+02  4.486628e+01 -5.336620e-17 
  816.000  6.602658e+02  4.183928e+01 -9.253926e-16 
  817.000  6.658803e+02  4.211466e+01  1.771401e-15 
  818.000  6.645543e+02  4.197290e+01  4.596336e-15 
  819.000  6.579286e+02  4.159448e+01 -1.574375e-16 
  820.000  6.824407e+02  4.338730e+01 -3.365036e-15 
  821.000  7.501451e+02  4.801508e+01 -1.605461e-15 
  822.000  6.956314e+02  4.413128e+01 -2.843750e-16 
  823.000  6.147355e+02  3.811010e+01 -3.953076e-15 
  824.000  7.010435e+02  4.419151e+01  1.239316e-15 
  825.000  7.516263e+02  4.776679e+01 -2.296414e-15 
  826.000  7.478142e+02  4.735333e+01  4.366315e-15 
  827.000  7.388024e+02  4.662510e+01 -2.504907e-16 
  828.000  7.034667e+02  4.403389e+01  2.964888e-15 
  829.000  7.151725e+02  4.477048e+01 -7.012250e-15 
  830.000  7.173444e+02  4.493243e+01 -3.910597e-15 
  831.000  7.079892e+02  4.429288e+01 -4.823460e-15 
  832.000  7.241760e+02  4.524608e+01 -6.037319e-15 
  833.000  7.093483e+02  4.431065e+01 -4.958596e-15 
  834.000  7.290449e+02  4.555576e+01  3.501552e-15 
  835.000  7.482626e+02  4.690879e+01  8.846076e-15 
  836.000  7.513941e+02  4.693519e+01  6.242482e-15 
  837.000  7.447289e+02  4.642649e+01  7.089427e-15 
  838.000  7.560202e+02  4.716589e+01 -3.599368e-15 
  839.000  7.375038e+02  4.600713e+01  3.259462e-16 
  840.000  7.591491e+02  4.729860e+01  1.145152e-14 
  841.000  7.557634e+02  4.690316e+01  1.635704e-15 
  842.000  7.559324e+02  4.690740e+01 -5.058615e-15 
  843.000  7.621412e+02  4.743379e+01  1.004568e-14 
  844.000  7.546299e+02  4.699757e+01  1.135227e-14 
  845.000  7.685086e+02  4.783037e+01 -2.811715e-15 
  846.000  7.778810e+02  4.838779e+01  6.500050e-15 
  847.000  7.537343e+02  4.687018e+01 -5.364784e-15 
  848.000  7.715302e+02  4.775732e+01 -1.433838e-14 
  849.000  7.735216e+02  4.780248e+01 -7.099674e-15 
  850.000  6.669346e+02  4.108480e+01 -4.222005e-15 
  851.000  7.615422e+02  4.675695e+01  9.587078e-17 
  852.000  7.329311e+02  4.491975e+01 -2.267000e-15 
  853.000  7.454904e+02  4.570861e+01  3.735039e-15 
  854.000  5.992090e+02  3.666491e+01  1.707405e-15 
  855.000  6.614389e+02  4.044547e+01  5.137755e-15 
  856.000  7.546731e+02  4.617195e+01  1.557789e-14 
  857.000  7.684810e+02  4.698981e+01  6.325792e-15 
  858.000  7.570744e+02  4.623569e+01 -2.626115e-14 
  859.000  7.588810e+02  4.632822e+01 -1.592473e-14 
  860.000  7.530323e+02  4.591798e+01  1.261551e-14 
  861.000  7.531202e+02  4.584130e+01  2.462260e-14 
  862.000  7.511252e+02  4.565070e+01 -1.451253e-14 
  863.000  7.655962e+02  4.644454e+01 -6.250870e-15 
  864.000  7.644421e+02  4.630017e+01  2.160625e-14 
  865.000  7.505103e+02  4.538125e+01  1.269029e-14 
  866.000  6.296296e+02  3.800259e+01  2.876854e-15 
  867.000  6.704847e+02  4.039067e+01  7.601853e-15 
  868.000  7.272460e+02  4.372945e+01  6.365018e-15 
  869.000  7.171736e+02  4.304643e+01 -2.666839e-14 
  870.000  7.467389e+02  4.473473e+01 -1.306963e-14 
  871.000  7.458116e+02  4.459920e+01  1.868190e-14 
  872.000  7.430632e+02  4.436019e+01  2.599378e-14 
  873.000  7.458846e+02  4.443800e+01 -6.674544e-15 
  874.000  7.294736e+02  4.337556e+01  1.741032e-14 
  875.000  7.227816e+02  4.289720e+01  1.810719e-14 
  876.000  7.285437e+02  4.314779e+01 -2.029153e-15 
  877.000  7.429693e+02  4.391519e+01  1.921288e-15 
  878.000  7.291719e+02  4.297866e+01  1.192311e-14 
  879.000  7.308412e+02  4.299578e+01  1.705852e-14 
  880.000  7.257208e+02  4.258079e+01  1.565919e-14 
  881.000  6.875526e+02  4.024919e+01  1.155275e-14 
  882.000  7.250618e+02  4.234871e+01  1.372226e-14 
  883.000  7.090254e+02  4.135490e+01 -1.744200e-14 
  884.000  7.152666e+02  4.165040e+01  1.570897e-15 
  885.000  7.207794e+02  4.182449e+01  1.837416e-14 
  886.000  6.946464e+02  4.016495e+01 -3.474957e-15 
  887.000  6.895071e+02  3.984380e+01  7.137836e-15 
  888.000  7.100429e+02  4.095177e+01  2.869244e-16 
  889.000  7.153928e+02  4.120660e+01 -1.824136e-14 
  890.000  7.115208e+02  4.087121e+01  1.190760e-15 
  891.000  7.041949e+02  4.027930e+01 -8.295699e-16 
  892.000  6.938478e+02  3.943099e+01 -1.021777e-15 
  893.000  6.436625e+02  3.612823e+01 -6.046551e-15 
  894.000  6.525271e+02  3.640881e+01  7.614276e-15 
  895.000  5.838107e+02  3.224561e+01  4.855913e-16 
  896.000  5.700269e+02  3.119447e+01 -2.734697e-15 
  897.000  5.199850e+02  2.809877e+01  5.163095e-15 
  898.000  5.039970e+02  2.701271e+01  3.910874e-16 
  899.000  4.589460e+02  2.409375e+01  1.403603e-15 
  900.000  4.532883e+02  2.381264e+01 -3.195676e-17 
  901.000  4.329583e+02  2.259911e+01 -8.582952e-16 
  902.000  4.273586e+02  2.230207e+01 -5.402251e-16 
  903.000  5.251526e+02  2.817685e+01 -4.396868e-16 
  904.000  5.820112e+02  3.150057e+01  1.321443e-15 
  905.000  5.790005e+02  3.129259e+01 -5.859118e-18 
  906.000  5.335032e+02  2.861973e+01  1.803803e-15 
  907.000  4.904775e+02  2.583584e+01  1.204289e-15 
  908.000  4.452699e+02  2.308229e+01 -8.967611e-17 
  909.000  4.387819e+02  2.271591e+01 -8.221793e-17 
  910.000  4.486446e+02  2.323528e+01 -8.734627e-16 
  911.000  4.683205e+02  2.444138e+01 -1.336833e-15 
  912.000  4.591795e+02  2.381923e+01 -1.863727e-18 
  913.000  4.261994e+02  2.166416e+01 -4.474289e-16 
  914.000  4.447639e+02  2.277424e+01  9.333555e-16 
  915.000  4.539587e+02  2.338955e+01 -4.671504e-16 
  916.000  4.644549e+02  2.394784e+01 -3.827872e-16 
  917.000  4.668332e+02  2.414039e+01  6.425545e-16 
  918.000  4.769279e+02  2.475927e+01  2.669442e-16 
  919.000  5.268224e+02  2.769578e+01 -6.492836e-16 
  920.000  5.560520e+02  2.939940e+01 -1.327700e-15 
  921.000  5.367603e+02  2.830714e+01  1.488451e-15 
  922.000  5.314141e+02  2.798030e+01  8.408775e-16 
  923.000  5.003072e+02  2.625247e+01 -3.882242e-16 
  924.000  4.996357e+02  2.603681e+01  2.054264e-15 
  925.000  5.039384e+02  2.618460e+01 -1.148961e-15 
  926.000  4.840401e+02  2.505422e+01  2.985051e-16 
  927.000  4.757845e+02  2.434576e+01  1.372535e-15 
  928.000  4.397082e+02  2.206022e+01  8.868392e-16 
  929.000  3.812985e+02  1.863032e+01  1.669914e-15 
  930.000  3.196861e+02  1.522455e+01  7.227955e-19 
  931.000  2.590458e+02  1.204209e+01  2.704588e-18 
  932.000  1.864887e+02  8.367943e+00  3.770330e-17 
  933.000  1.445948e+02  6.326268e+00 -1.613653e-16 
  934.000  1.072030e+02  4.574477e+00  0.000000e+00 
  935.000  1.017459e+02  4.323156e+00  6.951947e-18 
  936.000  1.133256e+02  4.848244e+00 -5.487947e-39 
  937.000  1.130755e+02  4.822221e+00  1.413443e-17 
  938.000  1.541643e+02  6.745544e+00  1.657171e-19 
  939.000  2.979322e+02  1.376954e+01 -9.885781e-18 
  940.000  3.225103e+02  1.502317e+01 -5.121345e-17 
  941.000  2.945032e+02  1.361212e+01 -1.029790e-17 
  942.000  2.363310e+02  1.074034e+01 -2.483200e-18 
  943.000  1.772093e+02  7.809402e+00  7.916830e-17 
  944.000  1.675383e+02  7.350950e+00 -1.540422e-16 
  945.000  1.920585e+02  8.505892e+00 -1.289146e-18 
  946.000  1.965571e+02  8.703697e+00  6.532619e-19 
  947.000  2.190096e+02  9.788157e+00 -6.076368e-17 
  948.000  2.348584e+02  1.054275e+01 -4.906911e-27 
  949.000  2.344674e+02  1.051359e+01 -1.098258e-16 
  950.000  2.369155e+02  1.062673e+01 -1.808638e-16 
  951.000  2.691196e+02  1.219676e+01  6.208975e-25 
  952.000  2.346638e+02  1.050740e+01 -1.084441e-16 
  953.000  2.593689e+02  1.171067e+01 -7.744941e-26 
  954.000  2.855114e+02  1.300906e+01  2.450520e-24 
  955.000  2.465573e+02  1.115155e+01 -2.021175e-16 
  956.000  2.596682e+02  1.173590e+01 -4.735017e-18 
  957.000  3.339183e+02  1.547096e+01 -3.187901e-15 
  958.000  3.479544e+02  1.618404e+01 -5.833805e-17 
  959.000  3.369174e+02  1.559203e+01  1.697220e-15 
  960.000  3.306681e+02  1.527544e+01  3.253996e-15 
  961.000  3.212583e+02  1.479760e+01  1.409780e-15 
  962.000  3.292766e+02  1.518763e+01 -1.805412e-15 
  963.000  3.733236e+02  1.750534e+01 -7.861150e-16 
  964.000  3.760853e+02  1.767207e+01 -2.656147e-18 
  965.000  3.768469e+02  1.766011e+01 -9.782036e-16 
  966.000  3.689595e+02  1.729762e+01 -1.618791e-15 
  967.000  4.143232e+02  1.972298e+01 -7.853976e-16 
  968.000  4.698957e+02  2.287566e+01  9.924769e-16 
  969.000  5.017857e+02  2.455858e+01  2.991441e-15 
  970.000  5.050246e+02  2.469903e+01  3.905892e-16 
  971.000  4.999478e+02  2.441458e+01  2.216793e-15 
  972.000  4.952074e+02  2.410682e+01 -7.992175e-16 
  973.000  4.720659e+02  2.285080e+01  4.916798e-16 
  974.000  4.431720e+02  2.128216e+01  1.904905e-15 
  975.000  4.317355e+02  2.059362e+01  2.326402e-16 
  976.000  4.539894e+02  2.176238e+01  3.900780e-15 
  977.000  4.706463e+02  2.270429e+01 -7.609966e-16 
  978.000  4.801718e+02  2.312786e+01 -2.089819e-15 
  979.000  4.739334e+02  2.284253e+01  9.413583e-16 
  980.000  5.108662e+02  2.473609e+01 -1.875655e-15 
  981.000  5.214839e+02  2.525608e+01  4.269608e-15 
  982.000  5.137723e+02  2.482354e+01  4.842749e-16 
  983.000  5.284865e+02  2.559026e+01  1.106320e-15 
  984.000  5.416307e+02  2.630891e+01 -5.639423e-16 
  985.000  5.510175e+02  2.681442e+01  1.770118e-15 
  986.000  5.589440e+02  2.730034e+01 -7.108131e-15 
  987.000  5.708693e+02  2.791702e+01 -3.887037e-15 
  988.000  5.651633e+02  2.761754e+01  4.354133e-15 
  989.000  5.588395e+02  2.728162e+01 -1.773304e-15 
  990.000  5.649523e+02  2.755967e+01  1.898457e-15 
  991.000  5.742412e+02  2.804363e+01  2.670071e-15 
  992.000  5.702701e+02  2.783040e+01 -3.791754e-15 
  993.000  5.707631e+02  2.782206e+01 -3.212567e-15 
  994.000  5.778004e+02  2.818604e+01 -5.159257e-15 
  995.000  5.763877e+02  2.813314e+01 -2.457364e-14 
  996.000  5.762598e+02  2.808525e+01 -3.923295e-15 
  997.000  5.751099e+02  2.795212e+01  3.813479e-15 
  998.000  5.709529e+02  2.768034e+01  2.592987e-15 
  999.000  5.687677e+02  2.752114e+01  9.090812e-17 
 1000.000  5.648521e+02  2.730228e+01  7.441627e-15 
 1001.000  5.637137e+02  2.713713e+01 -3.781321e-15 
 1002.000  5.561736e+02  2.663598e+01 -3.491161e-15 
 1003.000  5.512762e+02  2.638560e+01 -7.282660e-16 
 1004.000  5.504852e+02  2.636631e+01  1.173951e-14 
 1005.000  5.158004e+02  2.469507e+01  1.088626e-14 
 1006.000  5.434547e+02  2.599078e+01 -5.985390e-15 
 1007.000  5.521040e+02  2.634634e+01  1.493856e-15 
 1008.000  5.490679e+02  2.608469e+01 -2.912153e-15 
 1009.000  5.386268e+02  2.546132e+01 -1.066803e-14 
 1010.000  5.438449e+02  2.571090e+01 -1.898204e-15 
 1011.000  5.485052e+02  2.600026e+01 -6.359157e-15 
 1012.000  5.516221e+02  2.615627e+01 -9.070080e-16 
 1013.000  5.499018e+02  2.607545e+01  3.086056e-15 
 1014.000  5.544227e+02  2.626927e+01  1.251590e-14 
 1015.000  5.443973e+02  2.576129e+01  4.217418e-15 
 1016.000  5.489188e+02  2.595655e+01  5.346394e-15 
 1017.000  5.440662e+02  2.569327e+01 -8.670304e-15 
 1018.000  5.499805e+02  2.592216e+01  5.945245e-15 
 1019.000  5.349783e+02  2.513734e+01  4.632861e-15 
 1020.000  5.347429e+02  2.510590e+01 -2.420714e-16 
 1021.000  5.418654e+02  2.543610e+01  4.734631e-15 
 1022.000  5.308304e+02  2.483286e+01  4.871950e-15 
 1023.000  5.385662e+02  2.511957e+01  3.187725e-15 
 1024.000  5.343763e+02  2.486689e+01 -9.596229e-16 
 1025.000  5.387634e+02  2.510993e+01 -3.390430e-15 
 1026.000  5.414474e+02  2.523556e+01  5.836076e-16 
 1027.000  5.373935e+02  2.499761e+01 -5.134052e-15 
 1028.000  5.394263e+02  2.507053e+01  5.964158e-15 
 1029.000  5.331494e+02  2.477489e+01  8.954025e-15 
 1030.000  5.403397e+02  2.511267e+01  1.669752e-14 
 1031.000  5.395944e+02  2.506379e+01  1.909806e-15 
 1032.000  5.384771e+02  2.499352e+01  4.434713e-15 
 1033.000  5.288193e+02  2.451633e+01 -3.422886e-15 
 1034.000  5.348641e+02  2.477211e+01 -7.646599e-15 
 1035.000  5.294515e+02  2.449355e+01 -4.559825e-15 
 1036.000  5.363942e+02  2.478171e+01  2.781593e-14 
 1037.000  5.252529e+02  2.423692e+01 -1.778035e-14 
 1038.000  5.305717e+02  2.445164e+01 -1.307496e-14 
 1039.000  5.325950e+02  2.450684e+01  8.544366e-15 
 1040.000  5.262057e+02  2.417681e+01 -4.141121e-16 
 1041.000  5.289103e+02  2.426532e+01 -1.470590e-14 
 1042.000  5.304651e+02  2.430298e+01  9.969896e-15 
 1043.000  5.213480e+02  2.385343e+01 -1.531621e-15 
 1044.000  5.264739e+02  2.405358e+01 -1.144333e-14 
 1045.000  5.239771e+02  2.389954e+01  2.064504e-16 
 1046.000  5.085976e+02  2.316256e+01  2.992992e-15 
 1047.000  5.177781e+02  2.354384e+01  5.689291e-15 
 1048.000  5.228816e+02  2.374094e+01  2.053289e-14 
 1049.000  5.195206e+02  2.355522e+01  8.571571e-15 
 1050.000  5.161555e+02  2.336381e+01  3.602493e-15 
 1051.000  5.157000e+02  2.329851e+01  5.889736e-15 
 1052.000  5.130599e+02  2.314159e+01 -1.516890e-15 
 1053.000  5.133470e+02  2.312447e+01 -4.349710e-15 
 1054.000  5.076416e+02  2.282514e+01  6.360227e-15 
 1055.000  5.109270e+02  2.293035e+01 -6.613286e-15 
 1056.000  5.092935e+02  2.281864e+01 -3.022864e-15 
 1057.000  5.074175e+02  2.267895e+01  5.434885e-15 
 1058.000  5.001664e+02  2.227740e+01  2.196211e-15 
 1059.000  4.847450e+02  2.156848e+01 -3.334627e-15 
 1060.000  5.034644e+02  2.240149e+01 -6.353984e-15 
 1061.000  4.856928e+02  2.157848e+01  1.979644e-15 
 1062.000  4.980513e+02  2.207062e+01 -5.069806e-15 
 1063.000  4.894101e+02  2.165404e+01 -4.105869e-15 
 1064.000  4.948461e+02  2.184395e+01  5.551622e-15 
 1065.000  4.927596e+02  2.169162e+01  0.000000e+00 
 1066.000  4.777752e+02  2.100777e+01 -3.506795e-15 
 1067.000  4.884879e+02  2.144574e+01 -1.413328e-15 
 1068.000  4.835045e+02  2.114751e+01  2.953900e-15 
 1069.000  4.452269e+02  1.941967e+01 -2.582175e-15 
 1070.000  4.717253e+02  2.055097e+01  1.003596e-15 
 1071.000  4.703621e+02  2.043412e+01 -4.034580e-15 
 1072.000  4.696910e+02  2.035088e+01 -4.584132e-15 
 1073.000  4.536572e+02  1.962468e+01  3.060487e-15 
 1074.000  4.696659e+02  2.029371e+01  1.222236e-15 
 1075.000  4.577149e+02  1.978717e+01 -1.423323e-15 
 1076.000  4.657312e+02  2.008295e+01 -2.409554e-15 
 1077.000  4.621253e+02  1.987167e+01 -4.701351e-15 
 1078.000  4.604554e+02  1.974221e+01 -1.389820e-15 
 1079.000  4.420772e+02  1.892542e+01  2.138569e-15 
 1080.000  4.474834e+02  1.906370e+01  4.161152e-16 
 1081.000  4.305459e+02  1.831557e+01  5.026310e-15 
 1082.000  4.391699e+02  1.868517e+01 -2.159271e-15 
 1083.000  4.233631e+02  1.795734e+01  1.724558e-15 
 1084.000  4.350573e+02  1.839836e+01  3.978697e-16 
 1085.000  4.190767e+02  1.764240e+01 -1.821399e-15 
 1086.000  4.268183e+02  1.795670e+01  9.131240e-16 
 1087.000  4.111870e+02  1.734165e+01 -1.059316e-15 
 1088.000  4.365743e+02  1.839322e+01  1.810236e-16 
 1089.000  4.064712e+02  1.702343e+01 -1.603901e-15 
 1090.000  4.126291e+02  1.724522e+01 -7.298067e-16 
 1091.000  4.177501e+02  1.744736e+01 -8.003433e-16 
 1092.000  4.012896e+02  1.670525e+01  9.313887e-16 
 1093.000  3.817544e+02  1.581066e+01 -1.811228e-15 
 1094.000  3.416759e+02  1.410846e+01 -8.007052e-16 
 1095.000  3.706871e+02  1.528858e+01 -9.356385e-16 
 1096.000  3.698217e+02  1.523060e+01 -1.179451e-15 
 1097.000  3.618030e+02  1.486303e+01 -5.410908e-16 
 1098.000  3.230955e+02  1.305971e+01  2.519685e-16 
 1099.000  2.950405e+02  1.168992e+01  2.823487e-16 
 1100.000  3.018516e+02  1.195765e+01 -5.317368e-16 
