  300.000  1.265365e-01  8.119752e-01  2.004164e-18  1.757679e-02  8.567995e-02 -4.357248e-19 
  310.000  2.496644e+00  1.494642e+01  3.536239e-17  3.385905e-01  1.578094e+00 -7.688128e-18 
  320.000  8.095805e+00  4.377903e+01 -1.071530e-16  1.073994e+00  4.600804e+00 -1.081176e-17 
  330.000  1.815661e+01  8.877983e+01  1.463747e-15  2.360183e+00  9.281515e+00  2.329625e-16 
  340.000  2.137165e+01  9.392191e+01  2.165350e-15  2.724699e+00  9.753330e+00  4.521066e-16 
  350.000  3.115308e+01  1.232787e+02 -1.594899e-15  3.895115e+00  1.271135e+01 -4.319827e-16 
  360.000  3.941471e+01  1.413448e+02  3.434753e-16  4.839482e+00  1.447423e+01  1.293407e-16 
  370.000  5.311966e+01  1.742016e+02 -2.162280e-15  6.412760e+00  1.773631e+01 -2.181744e-16 
  380.000  5.118859e+01  1.542135e+02 -1.738805e-15  6.082633e+00  1.561210e+01  0.000000e+00 
  390.000  6.908897e+01  1.924302e+02  2.861214e-15  8.088960e+00  1.938597e+01  6.967311e-16 
  400.000  1.051860e+02  2.719876e+02  0.000000e+00  1.214524e+01  2.727446e+01  0.000000e+00 
  410.000  1.084028e+02  2.613139e+02 -2.573313e-15  1.235429e+01  2.609367e+01 -5.071581e-16 
  420.000  1.157441e+02  2.610671e+02 -8.556194e-16  1.302985e+01  2.596840e+01 -3.221960e-16 
  430.000  9.808784e+01  2.077029e+02  1.305482e-15  1.091508e+01  2.058738e+01  4.915985e-16 
  440.000  1.707693e+02  3.404876e+02  1.381498e-16  1.879644e+01  3.363981e+01  5.824498e-16 
  450.000  2.143000e+02  4.034159e+02 -8.822526e-15  2.334550e+01  3.973914e+01 -8.901946e-16 
  460.000  2.294581e+02  4.088382e+02 -6.203485e-15  2.475374e+01  4.016482e+01  6.573989e-16 
  470.000  2.529508e+02  4.274795e+02  4.587575e-15  2.703666e+01  4.188945e+01  1.117115e-15 
  480.000  2.750791e+02  4.417324e+02 -4.659357e-15  2.914481e+01  4.317975e+01 -1.134595e-15 
  490.000  2.983418e+02  4.564843e+02 -2.429785e-15  3.134705e+01  4.454127e+01 -9.149712e-16 
  500.000  2.877603e+02  4.200374e+02 -8.223514e-15  2.999652e+01  4.090700e+01 -8.297542e-16 
  510.000  3.113585e+02  4.342760e+02 -1.513888e-14  3.221251e+01  4.221993e+01 -3.387238e-15 
  520.000  3.127151e+02  4.173960e+02  1.011285e-14  3.212120e+01  4.051378e+01  1.609510e-15 
  530.000  3.312195e+02  4.235977e+02  1.236390e-14  3.378957e+01  4.105170e+01  2.436724e-15 
  540.000  3.511506e+02  4.309665e+02  4.353007e-15  3.558929e+01  4.171287e+01  1.639189e-15 
  550.000  3.619277e+02  4.267460e+02  0.000000e+00  3.645300e+01  4.125409e+01  0.000000e+00 
  560.000  3.621993e+02  4.107153e+02  2.416918e-14  3.626296e+01  3.965750e+01  6.981841e-15 
  570.000  3.833055e+02  4.175459e+02  2.484644e-15  3.815736e+01  4.020210e+01  1.481645e-15 
  580.000  4.080204e+02  4.288540e+02  5.803864e-16  4.039575e+01  4.128892e+01  2.446953e-15 
  590.000  3.769202e+02  3.806349e+02  3.722035e-15  3.712148e+01  3.648650e+01  8.266836e-16 
  600.000  4.183622e+02  4.096716e+02 -1.304025e-14  4.099608e+01  3.937773e+01 -3.480850e-15 
  610.000  4.225165e+02  4.003202e+02 -3.793419e-14  4.120350e+01  3.849226e+01 -8.185569e-15 
  620.000  4.386774e+02  4.019231e+02  2.648318e-16  4.258146e+01  3.861511e+01  1.116551e-15 
  630.000  4.251689e+02  3.763782e+02  3.675557e-15  4.108665e+01  3.608210e+01  2.341085e-15 
  640.000  4.391331e+02  3.771934e+02  3.429249e-15  4.225431e+01  3.619601e+01  3.460118e-16 
  650.000  4.207620e+02  3.498385e+02 -5.339248e-15  4.031986e+01  3.351012e+01 -1.848876e-15 
  660.000  4.586883e+02  3.702291e+02 -3.599723e-15  4.377957e+01  3.547884e+01 -1.355529e-15 
  670.000  4.708027e+02  3.691560e+02  2.378386e-16  4.476388e+01  3.539661e+01  1.002745e-15 
  680.000  4.702080e+02  3.579978e+02  6.654496e-15  4.454231e+01  3.431264e+01  1.620429e-15 
  690.000  4.313922e+02  3.174085e+02  6.234126e-15  4.071983e+01  3.025663e+01  1.426817e-15 
  700.000  4.505227e+02  3.220831e+02  7.029087e-16  4.237843e+01  3.067238e+01  4.244374e-16 
  710.000  4.644623e+02  3.234712e+02 -2.876192e-15  4.354300e+01  3.085321e+01 -1.968755e-15 
  720.000  3.763207e+02  2.518314e+02  9.270365e-15  3.516535e+01  2.370814e+01  2.257416e-15 
  730.000  4.187243e+02  2.742061e+02  3.540232e-15  3.900505e+01  2.595769e+01 -3.007349e-16 
  740.000  4.591161e+02  2.951768e+02 -8.513902e-15  4.263787e+01  2.817384e+01 -1.433821e-15 
  750.000  4.702242e+02  2.951423e+02  8.710106e-15  4.354115e+01  2.823506e+01  3.279918e-15 
  760.000  1.752993e+02  1.031395e+02 -8.688799e-16  1.618599e+01  9.474363e+00 -4.588552e-16 
  770.000  4.676469e+02  2.786925e+02 -1.803824e-15  4.306049e+01  2.663618e+01 -6.792564e-16 
  780.000  4.730370e+02  2.750919e+02 -2.745987e-15  4.344041e+01  2.630639e+01 -1.034042e-15 
  790.000  4.554566e+02  2.574444e+02 -2.345541e-15  4.171771e+01  2.450969e+01  1.087092e-16 
  800.000  4.450033e+02  2.454988e+02  6.373957e-15  4.065781e+01  2.337108e+01  1.101107e-15 
  810.000  4.450672e+02  2.398965e+02  1.054138e-15  4.056445e+01  2.285632e+01  1.971127e-16 
  820.000  4.043209e+02  2.117192e+02  1.916397e-15  3.676343e+01  2.005019e+01  5.315813e-16 
  830.000  4.247469e+02  2.175873e+02 -8.693130e-16  3.853178e+01  2.063701e+01 -3.273525e-16 
  840.000  4.420674e+02  2.220770e+02  1.709547e-15  4.001329e+01  2.114936e+01  6.437549e-16 
  850.000  3.893073e+02  1.914270e+02 -6.492771e-15  3.516106e+01  1.826140e+01 -1.607905e-15 
  860.000  4.412114e+02  2.123745e+02  4.507087e-15  3.976441e+01  2.029223e+01  1.697210e-15 
  870.000  4.426450e+02  2.083639e+02  0.000000e+00  3.981134e+01  1.990982e+01  0.000000e+00 
  880.000  4.364758e+02  2.008733e+02 -4.352101e-15  3.917764e+01  1.918248e+01 -1.638847e-15 
  890.000  4.345782e+02  1.955421e+02  8.601309e-15  3.893097e+01  1.865745e+01  3.238949e-15 
  900.000  3.306671e+02  1.432869e+02 -2.297913e-17  2.956580e+01  1.341423e+01 -8.653129e-18 
  910.000  3.295704e+02  1.398181e+02  9.008232e-15  2.941289e+01  1.309300e+01  1.947450e-15 
  920.000  3.767637e+02  1.575720e+02  1.003994e-14  3.356364e+01  1.487335e+01  2.691370e-15 
  930.000  2.742754e+02  1.100371e+02  5.392064e-15  2.439024e+01  1.011217e+01  1.806834e-15 
  940.000  2.796300e+02  1.100137e+02  4.248638e-16  2.482333e+01  1.012882e+01  1.593046e-16 
  950.000  2.325949e+02  8.831403e+01 -3.373562e-15  2.061297e+01  7.983928e+00 -8.214923e-16 
  960.000  2.797440e+02  1.059389e+02  1.270015e-15  2.475036e+01  9.791899e+00  4.818640e-16 
  970.000  3.595858e+02  1.354765e+02  7.252718e-17  3.176283e+01  1.277793e+01  3.590066e-16 
  980.000  3.612939e+02  1.335695e+02 -1.241785e-15  3.186311e+01  1.262039e+01 -4.676124e-16 
  990.000  3.836262e+02  1.398083e+02 -1.172180e-14  3.378008e+01  1.331246e+01 -2.398281e-15 
 1000.000  3.843682e+02  1.373917e+02  3.143490e-15  3.379387e+01  1.309781e+01  3.171788e-16 
 1010.000  3.772322e+02  1.319359e+02 -3.121685e-15  3.311700e+01  1.254932e+01 -3.778010e-16 
 1020.000  3.703614e+02  1.271189e+02 -3.193795e-15  3.246615e+01  1.211225e+01 -1.202670e-15 
 1030.000  3.755838e+02  1.264258e+02 -3.191390e-15  3.287660e+01  1.205581e+01 -1.201765e-15 
 1040.000  3.676786e+02  1.213378e+02 -3.090975e-15  3.213914e+01  1.157376e+01 -1.163952e-15 
 1050.000  3.636622e+02  1.175868e+02  3.045185e-15  3.174391e+01  1.120876e+01  1.146709e-15 
 1060.000  3.583289e+02  1.134679e+02  2.011489e-16  3.123561e+01  1.080171e+01  8.480590e-16 
 1070.000  3.417419e+02  1.062691e+02 -3.974890e-15  2.975611e+01  1.009626e+01 -5.472739e-16 
 1080.000  3.336513e+02  1.018115e+02 -1.542248e-15  2.901959e+01  9.642383e+00 -5.807560e-16 
 1090.000  3.170162e+02  9.494086e+01  1.262211e-15  2.754298e+01  8.964846e+00  2.111456e-16 
 1100.000  2.626563e+02  7.669019e+01 -8.513181e-16  2.279599e+01  7.159296e+00 -1.677809e-16 
