  400.000  1.919461e+02  2.719107e+02 -1.056290e-15 
  401.000  1.919586e+02  2.688664e+02  5.724655e-14 
  402.000  2.046687e+02  2.834698e+02 -1.088491e-13 
  403.000  1.928323e+02  2.641222e+02  3.746498e-14 
  404.000  2.084326e+02  2.823600e+02  0.000000e+00 
  405.000  1.922428e+02  2.575966e+02 -7.132595e-14 
  406.000  1.918724e+02  2.543305e+02 -2.036618e-14 
  407.000  1.879151e+02  2.464253e+02 -1.976931e-14 
  408.000  2.046957e+02  2.655893e+02 -2.601891e-14 
  409.000  2.277971e+02  2.924607e+02  7.464946e-15 
  410.000  1.914606e+02  2.432511e+02 -9.478724e-14 
  411.000  2.260045e+02  2.841757e+02 -1.794127e-14 
  412.000  2.353784e+02  2.929326e+02  0.000000e+00 
  413.000  2.234754e+02  2.752975e+02  0.000000e+00 
  414.000  2.203945e+02  2.687644e+02 -9.072602e-15 
  415.000  2.362208e+02  2.851923e+02 -1.139471e-15 
  416.000  2.359222e+02  2.820141e+02  0.000000e+00 
  417.000  2.298358e+02  2.720423e+02  6.405875e-14 
  418.000  2.258863e+02  2.647646e+02 -6.877776e-15 
  419.000  2.324926e+02  2.698759e+02  1.081283e-13 
  420.000  1.976822e+02  2.272701e+02  6.844955e-15 
  421.000  2.487896e+02  2.833107e+02  7.977314e-14 
  422.000  2.394527e+02  2.701110e+02 -7.073729e-15 
  423.000  2.031220e+02  2.269895e+02 -3.346742e-14 
  424.000  2.243931e+02  2.484374e+02 -1.407514e-14 
  425.000  2.333899e+02  2.560215e+02  4.151957e-14 
  426.000  2.252946e+02  2.448858e+02  1.493339e-14 
  427.000  2.176076e+02  2.343892e+02 -2.768818e-14 
  428.000  2.212465e+02  2.361684e+02 -2.795921e-14 
  429.000  2.020939e+02  2.138017e+02  3.936936e-14 
  430.000  1.619075e+02  1.697723e+02  2.018811e-14 
  431.000  1.461410e+02  1.518956e+02 -8.737565e-15 
  432.000  2.640759e+02  2.720853e+02  4.931124e-14 
  433.000  2.359668e+02  2.410235e+02  0.000000e+00 
  434.000  2.251271e+02  2.279810e+02  4.055527e-14 
  435.000  2.458511e+02  2.468506e+02  1.028652e-15 
  436.000  2.736214e+02  2.724149e+02 -6.452487e-14 
  437.000  2.772719e+02  2.737367e+02 -3.191981e-14 
  438.000  2.492742e+02  2.440495e+02 -4.380895e-14 
  439.000  2.420790e+02  2.350495e+02 -2.753422e-14 
  440.000  2.722760e+02  2.622028e+02 -1.105198e-15 
  441.000  2.723347e+02  2.601250e+02  3.171413e-14 
  442.000  2.878029e+02  2.726773e+02 -1.493007e-14 
  443.000  2.907021e+02  2.732126e+02 -5.078802e-14 
  444.000  2.897706e+02  2.701647e+02 -3.088160e-14 
  445.000  3.057949e+02  2.828439e+02 -5.043198e-14 
  446.000  2.730633e+02  2.505764e+02 -4.587141e-14 
  447.000  3.124503e+02  2.844876e+02  3.520826e-14 
  448.000  3.187442e+02  2.879971e+02 -1.476049e-14 
  449.000  3.220239e+02  2.887566e+02  5.317306e-14 
  450.000  3.301601e+02  2.938226e+02 -1.764505e-14 
  451.000  3.579794e+02  3.161909e+02 -5.844275e-14 
  452.000  3.338443e+02  2.926723e+02  0.000000e+00 
  453.000  3.108632e+02  2.705029e+02 -5.021351e-14 
  454.000  3.324403e+02  2.871446e+02 -5.342259e-14 
  455.000  3.357580e+02  2.878840e+02 -1.873320e-14 
  456.000  3.448703e+02  2.935394e+02  1.915239e-14 
  457.000  3.477852e+02  2.938783e+02  1.922472e-14 
  458.000  3.426248e+02  2.874369e+02 -1.885286e-14 
  459.000  3.435227e+02  2.861310e+02 -1.881769e-14 
  460.000  3.414592e+02  2.823950e+02  0.000000e+00 
  461.000  3.547914e+02  2.913546e+02  3.594674e-14 
  462.000  3.499358e+02  2.853555e+02 -3.656941e-14 
  463.000  3.509389e+02  2.841834e+02  1.889162e-14 
  464.000  3.531041e+02  2.839722e+02  3.655803e-14 
  465.000  3.489269e+02  2.786964e+02  7.189354e-14 
  466.000  3.609700e+02  2.863574e+02  7.016677e-14 
  467.000  3.491612e+02  2.751174e+02  3.439262e-14 
  468.000  3.705053e+02  2.899637e+02  5.712917e-14 
  469.000  3.680325e+02  2.860835e+02 -5.395997e-14 
  470.000  3.636711e+02  2.807853e+02 -7.340120e-14 
  471.000  3.636558e+02  2.788777e+02 -5.424957e-14 
  472.000  3.686783e+02  2.808218e+02  1.785740e-14 
  473.000  3.651343e+02  2.762437e+02  1.273478e-13 
  474.000  3.684785e+02  2.768905e+02  5.461706e-14 
  475.000  3.835731e+02  2.862496e+02  1.327972e-15 
  476.000  3.717609e+02  2.754905e+02 -1.664667e-14 
  477.000  3.684765e+02  2.711977e+02 -1.091686e-13 
  478.000  3.876466e+02  2.835767e+02  7.309703e-14 
  479.000  3.713603e+02  2.701252e+02  1.429194e-13 
  480.000  3.801025e+02  2.749553e+02 -1.291736e-15 
  481.000  3.790583e+02  2.726587e+02  2.038568e-14 
  482.000  3.881718e+02  2.776204e+02  3.759666e-14 
  483.000  3.896213e+02  2.770442e+02  1.301024e-15 
  484.000  3.755155e+02  2.654492e+02  8.693639e-14 
  485.000  3.790873e+02  2.663952e+02  0.000000e+00 
  486.000  3.080197e+02  2.151811e+02 -4.345897e-14 
  487.000  3.469474e+02  2.409555e+02 -1.139446e-15 
  488.000  3.775013e+02  2.606443e+02 -1.056679e-13 
  489.000  3.516433e+02  2.413804e+02 -1.710519e-14 
  490.000  4.011439e+02  2.737693e+02 -3.627233e-14 
  491.000  3.760621e+02  2.551734e+02 -3.754293e-14 
  492.000  3.620217e+02  2.442380e+02  0.000000e+00 
  493.000  3.905840e+02  2.620069e+02  1.255907e-15 
  494.000  3.779730e+02  2.521104e+02 -6.750816e-14 
  495.000  4.047453e+02  2.684486e+02 -8.879810e-14 
  496.000  3.947447e+02  2.603449e+02  3.632893e-14 
  497.000  3.834562e+02  2.514893e+02 -1.220330e-15 
  498.000  3.749146e+02  2.445246e+02 -1.777369e-14 
  499.000  3.745133e+02  2.429160e+02  5.196779e-14 
  500.000  3.733625e+02  2.408425e+02 -6.578811e-14 
  501.000  3.654616e+02  2.344602e+02  3.328969e-14 
  502.000  3.635331e+02  2.319598e+02  1.145338e-15 
  503.000  3.856954e+02  2.447766e+02  4.946531e-14 
  504.000  3.592982e+02  2.268034e+02 -4.824968e-14 
  505.000  3.880081e+02  2.436219e+02  6.894305e-14 
  506.000  4.160603e+02  2.598646e+02 -5.690510e-14 
  507.000  3.877545e+02  2.409231e+02 -8.651221e-14 
  508.000  3.724750e+02  2.302314e+02  1.495139e-14 
  509.000  4.023093e+02  2.473924e+02  1.586064e-13 
  510.000  3.904367e+02  2.388618e+02  1.678509e-14 
  511.000  3.911382e+02  2.380710e+02  1.676940e-14 
  512.000  4.111245e+02  2.489675e+02  1.757930e-14 
  513.000  3.768214e+02  2.270448e+02  3.213964e-14 
  514.000  3.694456e+02  2.214858e+02  0.000000e+00 
  515.000  3.777047e+02  2.253098e+02  1.602350e-14 
  516.000  3.972350e+02  2.357834e+02  1.537548e-13 
  517.000  2.929239e+02  1.730071e+02 -8.887037e-16 
  518.000  3.630322e+02  2.133583e+02 -1.641349e-14 
  519.000  3.442915e+02  2.013533e+02  0.000000e+00 
  520.000  3.794412e+02  2.208299e+02  5.014506e-14 
  521.000  3.800191e+02  2.200938e+02 -6.723590e-14 
  522.000  3.954429e+02  2.279188e+02 -6.748626e-14 
  523.000  3.686640e+02  2.114571e+02 -1.108024e-15 
  524.000  4.002977e+02  2.284988e+02  5.141033e-14 
  525.000  3.973854e+02  2.257504e+02  0.000000e+00 
  526.000  3.790152e+02  2.142952e+02  3.161599e-14 
  527.000  3.313087e+02  1.864362e+02  2.860097e-14 
  528.000  3.981449e+02  2.229924e+02  6.630362e-14 
  529.000  4.096967e+02  2.283888e+02 -1.704262e-14 
  530.000  3.873654e+02  2.149368e+02  1.725582e-14 
  531.000  4.219080e+02  2.330229e+02 -5.381889e-14 
  532.000  4.027809e+02  2.214426e+02 -1.199621e-15 
  533.000  3.541361e+02  1.938223e+02 -3.038026e-14 
  534.000  3.855605e+02  2.100885e+02  1.126543e-13 
  535.000  3.938955e+02  2.136941e+02  3.247088e-14 
  536.000  4.184959e+02  2.260540e+02  5.286303e-14 
  537.000  3.887297e+02  2.090641e+02 -1.595032e-14 
  538.000  4.073755e+02  2.181413e+02 -6.552998e-14 
  539.000  4.064685e+02  2.167137e+02 -4.983958e-14 
  540.000  3.981972e+02  2.113878e+02  3.249129e-14 
  541.000  3.655159e+02  1.932052e+02 -4.679512e-14 
  542.000  4.081451e+02  2.148155e+02 -1.778476e-14 
  543.000  3.907960e+02  2.048085e+02  1.586145e-14 
  544.000  4.125740e+02  2.153041e+02 -5.016182e-14 
  545.000  4.067860e+02  2.113861e+02 -3.292834e-14 
  546.000  3.980847e+02  2.059941e+02 -6.436445e-14 
  547.000  4.153615e+02  2.140357e+02  1.556357e-14 
  548.000  3.857248e+02  1.979368e+02  7.887200e-14 
  549.000  4.062980e+02  2.076312e+02 -3.389401e-14 
  550.000  3.977376e+02  2.024184e+02  0.000000e+00 
  551.000  3.956271e+02  2.005152e+02  6.473909e-14 
  552.000  4.130826e+02  2.085053e+02  5.214131e-14 
  553.000  3.972729e+02  1.997074e+02  0.000000e+00 
  554.000  4.106342e+02  2.055859e+02 -1.764422e-14 
  555.000  4.121711e+02  2.055217e+02  5.071977e-14 
  556.000  4.011682e+02  1.992307e+02 -3.211973e-14 
  557.000  3.895799e+02  1.926989e+02  0.000000e+00 
  558.000  4.046990e+02  1.993770e+02 -4.971748e-14 
  559.000  3.828193e+02  1.878466e+02 -4.591091e-14 
  560.000  3.847610e+02  1.880479e+02 -6.371513e-14 
  561.000  4.231218e+02  2.059743e+02 -3.381398e-14 
  562.000  3.883101e+02  1.882496e+02  3.217442e-14 
  563.000  4.064300e+02  1.962509e+02 -1.167095e-15 
  564.000  4.007847e+02  1.927505e+02 -1.603628e-14 
  565.000  4.053952e+02  1.941702e+02 -4.871881e-14 
  566.000  3.738955e+02  1.783792e+02  1.390639e-14 
  567.000  4.002890e+02  1.901361e+02 -1.609394e-14 
  568.000  3.959402e+02  1.870142e+02  4.833494e-14 
  569.000  3.803556e+02  1.785940e+02  2.199316e-14 
  570.000  3.837844e+02  1.795521e+02 -6.001656e-16 
  571.000  3.758217e+02  1.753974e+02 -4.712904e-14 
  572.000  3.919308e+02  1.819514e+02 -2.496700e-14 
  573.000  3.977790e+02  1.840369e+02 -2.230921e-14 
  574.000  3.962367e+02  1.826532e+02 -1.386367e-14 
  575.000  3.864124e+02  1.774312e+02  3.023815e-14 
  576.000  3.796933e+02  1.736942e+02  2.806160e-15 
  577.000  3.975294e+02  1.812057e+02  1.631590e-14 
  578.000  3.885103e+02  1.766345e+02  1.580635e-14 
  579.000  3.877645e+02  1.758058e+02  1.124090e-15 
  580.000  4.031679e+02  1.822593e+02 -3.349573e-14 
  581.000  3.987915e+02  1.798376e+02  3.280711e-14 
  582.000  4.067388e+02  1.828894e+02 -4.813492e-14 
  583.000  4.107723e+02  1.841017e+02  4.726172e-14 
  584.000  4.105915e+02  1.834186e+02 -1.607448e-14 
  585.000  4.086535e+02  1.819309e+02  1.595804e-14 
  586.000  3.919169e+02  1.738935e+02  3.052626e-14 
  587.000  4.051092e+02  1.790054e+02 -5.843226e-15 
  588.000  3.899420e+02  1.712442e+02 -3.908593e-14 
  589.000  3.305910e+02  1.444532e+02  2.139026e-15 
  590.000  3.445304e+02  1.500257e+02 -1.139023e-14 
  591.000  3.780186e+02  1.642154e+02  6.915184e-15 
  592.000  3.651336e+02  1.580190e+02 -1.097973e-14 
  593.000  3.825044e+02  1.651979e+02 -8.454053e-15 
  594.000  3.834202e+02  1.649827e+02  6.630944e-16 
  595.000  3.672920e+02  1.573981e+02 -2.020196e-15 
  596.000  3.901049e+02  1.668495e+02 -3.634086e-16 
  597.000  3.886733e+02  1.656329e+02 -5.178199e-15 
  598.000  3.864787e+02  1.642993e+02  1.287238e-14 
  599.000  3.891622e+02  1.649853e+02 -2.292097e-14 
  600.000  3.945344e+02  1.669519e+02 -8.471001e-15 
  601.000  3.959102e+02  1.671334e+02 -1.091228e-15 
  602.000  3.929647e+02  1.654545e+02 -9.340113e-14 
  603.000  3.969922e+02  1.667156e+02 -1.401849e-14 
  604.000  4.111522e+02  1.721935e+02 -1.779494e-14 
  605.000  4.112698e+02  1.717417e+02 -4.763609e-14 
  606.000  4.072991e+02  1.695632e+02  4.705598e-14 
  607.000  4.057786e+02  1.684133e+02  1.631729e-14 
  608.000  4.049885e+02  1.675681e+02 -1.624913e-14 
  609.000  4.014897e+02  1.656090e+02 -1.392106e-14 
  610.000  3.957047e+02  1.627218e+02  3.161816e-14 
  611.000  4.027973e+02  1.651313e+02  1.605582e-14 
  612.000  3.982014e+02  1.627485e+02 -7.282154e-14 
  613.000  3.930020e+02  1.601334e+02 -4.261245e-14 
  614.000  3.793895e+02  1.541160e+02  0.000000e+00 
  615.000  3.981628e+02  1.612517e+02 -5.873205e-14 
  616.000  3.791245e+02  1.530762e+02  2.790711e-14 
  617.000  3.817826e+02  1.536819e+02  2.805151e-14 
  618.000  4.002606e+02  1.606302e+02 -1.362781e-14 
  619.000  3.969895e+02  1.588311e+02 -1.349913e-14 
  620.000  4.032238e+02  1.608327e+02  1.581385e-14 
  621.000  4.104735e+02  1.632224e+02  0.000000e+00 
  622.000  3.890534e+02  1.542285e+02 -5.684783e-14 
  623.000  3.922312e+02  1.550049e+02 -3.070170e-14 
  624.000  3.928039e+02  1.547518e+02 -2.867456e-14 
  625.000  3.822647e+02  1.501342e+02 -4.384817e-14 
  626.000  3.836611e+02  1.501734e+02 -5.710939e-14 
  627.000  3.861180e+02  1.503817e+02  3.069824e-14 
  628.000  3.704239e+02  1.434073e+02  2.174493e-14 
  629.000  3.852904e+02  1.489489e+02  2.354243e-14 
  630.000  3.764751e+02  1.452754e+02 -1.628847e-14 
  631.000  3.928417e+02  1.512796e+02 -8.052863e-15 
  632.000  3.633439e+02  1.393956e+02  1.927873e-14 
  633.000  3.953901e+02  1.514543e+02 -1.447211e-14 
  634.000  3.858246e+02  1.474906e+02  2.799395e-14 
  635.000  3.937161e+02  1.500982e+02  3.051413e-14 
  636.000  3.814246e+02  1.450781e+02 -1.370769e-14 
  637.000  3.954106e+02  1.500323e+02 -2.929538e-14 
  638.000  4.045797e+02  1.532562e+02 -2.863947e-14 
  639.000  4.021118e+02  1.519190e+02 -1.215044e-14 
  640.000  3.913073e+02  1.475182e+02  5.486798e-14 
  641.000  3.976292e+02  1.494973e+02  0.000000e+00 
  642.000  3.943224e+02  1.479157e+02  2.940597e-14 
  643.000  4.003157e+02  1.496534e+02 -1.396856e-14 
  644.000  3.962937e+02  1.477533e+02 -2.760058e-14 
  645.000  3.980891e+02  1.479500e+02 -6.742318e-15 
  646.000  3.742302e+02  1.383683e+02  3.098657e-14 
  647.000  3.733753e+02  1.375564e+02  5.826178e-15 
  648.000  3.660700e+02  1.344266e+02 -6.185826e-16 
  649.000  3.799218e+02  1.392216e+02  3.197038e-14 
  650.000  3.636674e+02  1.331794e+02 -1.072098e-14 
  651.000  3.921216e+02  1.432239e+02  4.868355e-15 
  652.000  3.744666e+02  1.361845e+02 -1.443023e-14 
  653.000  3.947138e+02  1.434798e+02 -1.539738e-14 
  654.000  3.886095e+02  1.408501e+02  1.775180e-14 
  655.000  3.743945e+02  1.352290e+02  2.564521e-14 
  656.000  3.194628e+02  1.151247e+02 -3.837801e-15 
  657.000  3.434452e+02  1.235125e+02  1.397911e-14 
  658.000  3.870671e+02  1.389932e+02  2.197198e-14 
  659.000  3.908037e+02  1.400838e+02  2.780940e-14 
  660.000  3.953295e+02  1.413974e+02  4.221162e-15 
  661.000  4.005533e+02  1.430291e+02  1.442008e-14 
  662.000  4.080459e+02  1.454241e+02  0.000000e+00 
  663.000  4.036681e+02  1.434815e+02  2.694938e-14 
  664.000  3.981089e+02  1.411801e+02 -5.490313e-14 
  665.000  4.006998e+02  1.417707e+02  2.850734e-14 
  666.000  4.064883e+02  1.434957e+02 -3.937798e-14 
  667.000  3.992033e+02  1.405978e+02  4.046029e-14 
  668.000  4.024590e+02  1.414301e+02 -1.096836e-13 
  669.000  4.089486e+02  1.433737e+02 -2.683555e-14 
  670.000  4.046461e+02  1.415271e+02 -2.840402e-14 
  671.000  4.009922e+02  1.399189e+02 -5.429536e-14 
  672.000  4.002245e+02  1.393176e+02 -2.798424e-14 
  673.000  4.036197e+02  1.401644e+02 -1.408606e-14 
  674.000  4.049259e+02  1.402836e+02  0.000000e+00 
  675.000  3.992570e+02  1.379921e+02 -2.591061e-14 
  676.000  4.072906e+02  1.404353e+02  2.638879e-14 
  677.000  3.996606e+02  1.374792e+02  0.000000e+00 
  678.000  4.067519e+02  1.395896e+02 -5.443096e-14 
  679.000  4.013537e+02  1.374071e+02  1.387625e-14 
  680.000  3.981731e+02  1.359657e+02 -1.192535e-14 
  681.000  3.985515e+02  1.357448e+02  1.378770e-14 
  682.000  3.979197e+02  1.352015e+02 -5.317845e-14 
  683.000  4.007097e+02  1.358133e+02  3.968546e-14 
  684.000  3.930005e+02  1.328349e+02  2.720783e-14 
  685.000  3.983408e+02  1.343615e+02  2.564979e-14 
  686.000  3.794991e+02  1.276088e+02  3.779815e-14 
  687.000  3.061822e+02  1.020530e+02 -2.290064e-15 
  688.000  3.296731e+02  1.097528e+02  2.536100e-14 
  689.000  3.235158e+02  1.074435e+02  1.418672e-14 
  690.000  3.375562e+02  1.118748e+02 -2.132574e-14 
  691.000  3.536275e+02  1.169868e+02 -1.640300e-14 
  692.000  3.574648e+02  1.180148e+02  1.650583e-14 
  693.000  3.452904e+02  1.136541e+02 -1.477663e-14 
  694.000  3.340037e+02  1.096574e+02  1.111997e-14 
  695.000  3.375186e+02  1.105818e+02  1.953546e-14 
  696.000  3.473887e+02  1.135818e+02  5.081407e-15 
  697.000  3.757249e+02  1.228408e+02  7.079636e-15 
  698.000  3.629808e+02  1.183072e+02  2.750524e-14 
  699.000  3.448750e+02  1.120206e+02 -1.310613e-14 
  700.000  3.448317e+02  1.117601e+02 -2.124049e-15 
  701.000  3.318931e+02  1.073257e+02 -8.543617e-15 
  702.000  3.342134e+02  1.078481e+02  6.272478e-15 
  703.000  3.593429e+02  1.158108e+02 -1.375949e-14 
  704.000  3.614161e+02  1.162397e+02 -3.873612e-14 
  705.000  3.557740e+02  1.141124e+02 -1.335973e-14 
  706.000  3.537822e+02  1.132413e+02 -1.784602e-14 
  707.000  3.515602e+02  1.123111e+02 -1.096308e-14 
  708.000  3.652411e+02  1.164642e+02 -2.640591e-14 
  709.000  3.589980e+02  1.143164e+02  7.088305e-15 
  710.000  3.601815e+02  1.143575e+02 -1.651505e-15 
  711.000  3.639373e+02  1.153953e+02  8.762427e-15 
  712.000  3.651469e+02  1.156490e+02  1.301847e-14 
  713.000  3.586668e+02  1.132541e+02 -3.989626e-15 
  714.000  3.630198e+02  1.143502e+02 -2.894685e-14 
  715.000  3.422727e+02  1.074845e+02 -1.415656e-14 
  716.000  3.423850e+02  1.072085e+02 -9.269287e-15 
  717.000  2.834532e+02  8.811211e+01  1.178121e-15 
  718.000  2.534469e+02  7.804695e+01  6.730838e-15 
  719.000  2.407014e+02  7.384315e+01  2.979053e-15 
  720.000  2.287674e+02  6.997784e+01  4.679606e-15 
  721.000  2.935522e+02  9.071791e+01 -6.299161e-15 
  722.000  3.238704e+02  1.000525e+02 -5.067655e-17 
  723.000  3.083791e+02  9.503319e+01 -2.046168e-15 
  724.000  2.701609e+02  8.240479e+01  1.663048e-14 
  725.000  2.726749e+02  8.311448e+01 -9.404976e-15 
  726.000  2.705332e+02  8.225578e+01  8.665302e-15 
  727.000  2.801752e+02  8.513972e+01 -3.208434e-15 
  728.000  2.696380e+02  8.164460e+01 -5.625862e-15 
  729.000  2.733027e+02  8.291564e+01 -9.265439e-15 
  730.000  2.811084e+02  8.506408e+01 -7.730894e-15 
  731.000  2.737296e+02  8.260499e+01 -2.414693e-15 
  732.000  3.048013e+02  9.228029e+01  1.121397e-14 
  733.000  3.261417e+02  9.865776e+01 -1.875657e-14 
  734.000  3.462441e+02  1.046083e+02 -1.649860e-15 
  735.000  3.390688e+02  1.022201e+02 -1.794920e-14 
  736.000  3.246109e+02  9.765106e+01  1.241058e-15 
  737.000  3.353535e+02  1.007044e+02 -1.202153e-14 
  738.000  3.433566e+02  1.029599e+02  9.508157e-15 
  739.000  3.360824e+02  1.006220e+02  2.401496e-15 
  740.000  3.477734e+02  1.040504e+02 -8.086519e-15 
  741.000  3.499885e+02  1.046171e+02 -2.549306e-14 
  742.000  3.463638e+02  1.033844e+02 -9.235325e-15 
  743.000  3.612354e+02  1.077489e+02  7.276414e-15 
  744.000  3.667375e+02  1.092125e+02 -2.235404e-14 
  745.000  3.588603e+02  1.067197e+02  2.333128e-14 
  746.000  3.651199e+02  1.084154e+02 -2.206800e-14 
  747.000  3.712001e+02  1.100153e+02  3.602846e-14 
  748.000  3.655521e+02  1.081725e+02 -2.199146e-14 
  749.000  3.661684e+02  1.081593e+02  2.357188e-14 
  750.000  3.605863e+02  1.062901e+02 -2.322695e-14 
  751.000  3.599144e+02  1.058915e+02 -4.322672e-14 
  752.000  3.664886e+02  1.076548e+02  2.351347e-14 
  753.000  3.635374e+02  1.065979e+02  4.501596e-14 
  754.000  3.696340e+02  1.081885e+02  2.206542e-14 
  755.000  3.677700e+02  1.074417e+02 -2.351175e-14 
  756.000  3.608352e+02  1.052197e+02  1.544008e-15 
  757.000  3.636808e+02  1.058508e+02 -2.321635e-14 
  758.000  3.623754e+02  1.052422e+02 -2.165036e-14 
  759.000  3.127498e+02  9.011387e+01  5.085364e-15 
  760.000  7.292400e+01  2.049741e+01  3.150777e-16 
  761.000  5.851562e+01  1.643349e+01  2.940947e-15 
  762.000  1.659692e+02  4.687062e+01  2.445392e-15 
  763.000  1.301790e+02  3.672155e+01  1.292239e-15 
  764.000  1.500532e+02  4.224883e+01 -1.416914e-15 
  765.000  1.995153e+02  5.604306e+01 -2.764089e-15 
  766.000  2.527542e+02  7.170770e+01 -8.837113e-15 
  767.000  2.910771e+02  8.262066e+01 -9.479396e-15 
  768.000  3.268926e+02  9.274610e+01 -1.161570e-15 
  769.000  3.419775e+02  9.708003e+01  1.100624e-14 
  770.000  3.485801e+02  9.893906e+01 -4.616386e-15 
  771.000  3.528686e+02  1.000592e+02 -2.087236e-14 
  772.000  3.525807e+02  9.982344e+01 -2.078186e-14 
  773.000  3.516663e+02  9.939554e+01  2.069253e-14 
  774.000  3.559919e+02  1.004478e+02 -4.330969e-14 
  775.000  3.430500e+02  9.663108e+01 -2.011416e-14 
  776.000  3.575709e+02  1.005492e+02  2.244250e-14 
  777.000  3.552346e+02  9.971254e+01  0.000000e+00 
  778.000  3.533579e+02  9.900320e+01  0.000000e+00 
  779.000  3.545359e+02  9.915097e+01  0.000000e+00 
  780.000  3.502500e+02  9.777657e+01  2.196790e-14 
  781.000  3.501596e+02  9.759207e+01  2.192775e-14 
  782.000  3.543930e+02  9.859148e+01 -2.219377e-14 
  783.000  3.461401e+02  9.612073e+01  2.167666e-14 
  784.000  3.479501e+02  9.644284e+01  2.180222e-14 
  785.000  3.473993e+02  9.605663e+01 -1.093762e-14 
  786.000  3.390649e+02  9.348965e+01 -2.151952e-14 
  787.000  3.388022e+02  9.312428e+01  8.407133e-15 
  788.000  3.309620e+02  9.074081e+01  1.715971e-14 
  789.000  3.229325e+02  8.822043e+01  9.712575e-15 
  790.000  3.188611e+02  8.694656e+01 -1.272036e-14 
  791.000  3.191537e+02  8.689694e+01  2.572733e-14 
  792.000  3.159041e+02  8.588726e+01 -1.632471e-14 
  793.000  3.196826e+02  8.682951e+01  9.432850e-15 
  794.000  3.248946e+02  8.828764e+01  2.530310e-15 
  795.000  3.180810e+02  8.616191e+01 -2.273407e-15 
  796.000  3.098698e+02  8.360823e+01 -1.469856e-14 
  797.000  3.158090e+02  8.510123e+01 -4.728138e-15 
  798.000  3.248145e+02  8.751207e+01  2.392269e-14 
  799.000  3.226439e+02  8.674345e+01 -1.155403e-14 
  800.000  3.081363e+02  8.261761e+01 -1.447619e-14 
  801.000  3.146891e+02  8.424065e+01 -4.485331e-15 
  802.000  3.135317e+02  8.378294e+01 -2.849652e-14 
  803.000  3.100377e+02  8.272104e+01  8.331984e-15 
  804.000  3.159079e+02  8.418583e+01  3.806364e-15 
  805.000  3.129091e+02  8.334350e+01 -1.809103e-14 
  806.000  3.249156e+02  8.647348e+01 -1.539382e-14 
  807.000  3.232160e+02  8.588106e+01  1.953091e-14 
  808.000  3.193726e+02  8.467374e+01  1.663630e-14 
  809.000  3.116774e+02  8.244784e+01  2.022676e-14 
  810.000  3.077300e+02  8.122157e+01 -5.727052e-15 
  811.000  3.073239e+02  8.090603e+01 -1.138233e-14 
  812.000  2.990820e+02  7.854245e+01  4.803714e-15 
  813.000  2.891154e+02  7.576608e+01  2.437730e-14 
  814.000  2.774000e+02  7.256747e+01  1.124265e-15 
  815.000  2.606859e+02  6.804418e+01  4.636586e-15 
  816.000  2.418371e+02  6.283562e+01 -3.907539e-15 
  817.000  2.440669e+02  6.331999e+01  7.980189e-15 
  818.000  2.439230e+02  6.320021e+01 -4.136554e-15 
  819.000  2.428273e+02  6.289475e+01 -4.844653e-15 
  820.000  2.561739e+02  6.634283e+01  4.590324e-15 
  821.000  2.868238e+02  7.416615e+01 -3.295259e-15 
  822.000  2.623943e+02  6.773271e+01  1.697351e-15 
  823.000  2.228269e+02  5.701654e+01 -5.070490e-15 
  824.000  2.629616e+02  6.767245e+01  1.353173e-15 
  825.000  2.879872e+02  7.400725e+01  1.523312e-15 
  826.000  2.856957e+02  7.330239e+01  4.633891e-15 
  827.000  2.815719e+02  7.212563e+01 -1.770018e-15 
  828.000  2.644546e+02  6.764159e+01  0.000000e+00 
  829.000  2.702576e+02  6.901279e+01 -3.456906e-16 
  830.000  2.726734e+02  6.951656e+01 -2.485377e-15 
  831.000  2.695575e+02  6.861831e+01 -2.287829e-16 
  832.000  2.760229e+02  7.016597e+01 -5.862382e-15 
  833.000  2.713265e+02  6.887156e+01  5.984640e-15 
  834.000  2.800095e+02  7.098232e+01  1.704260e-15 
  835.000  2.896150e+02  7.337125e+01 -1.724800e-14 
  836.000  2.902346e+02  7.339074e+01  1.137263e-14 
  837.000  2.876850e+02  7.263516e+01  5.444696e-15 
  838.000  2.931521e+02  7.394239e+01 -7.094103e-15 
  839.000  2.866597e+02  7.222650e+01 -1.111476e-15 
  840.000  2.953659e+02  7.431856e+01 -1.162048e-14 
  841.000  2.934379e+02  7.368288e+01  8.117504e-15 
  842.000  2.941795e+02  7.378850e+01  1.313487e-14 
  843.000  2.981169e+02  7.476621e+01 -1.553406e-14 
  844.000  2.959031e+02  7.415780e+01  1.567595e-14 
  845.000  3.017191e+02  7.553033e+01 -2.800160e-14 
  846.000  3.057930e+02  7.646789e+01 -4.754110e-15 
  847.000  2.967104e+02  7.412246e+01  9.109381e-15 
  848.000  3.031811e+02  7.555532e+01 -1.504845e-14 
  849.000  3.040948e+02  7.567403e+01  7.278420e-16 
  850.000  2.619863e+02  6.506859e+01  6.762607e-15 
  851.000  2.988611e+02  7.407996e+01 -7.725804e-15 
  852.000  2.877209e+02  7.121257e+01 -1.047827e-14 
  853.000  2.932672e+02  7.252953e+01 -1.215343e-14 
  854.000  2.357477e+02  5.821311e+01 -1.548580e-14 
  855.000  2.605325e+02  6.426185e+01 -1.232091e-14 
  856.000  2.977883e+02  7.338594e+01  1.763497e-14 
  857.000  3.035400e+02  7.472447e+01  1.728239e-14 
  858.000  2.992611e+02  7.357768e+01 -7.889218e-15 
  859.000  3.003056e+02  7.376123e+01  1.819970e-14 
  860.000  2.981551e+02  7.313944e+01  0.000000e+00 
  861.000  2.982816e+02  7.306319e+01 -1.681755e-14 
  862.000  2.976694e+02  7.281401e+01  0.000000e+00 
  863.000  3.034714e+02  7.412279e+01  1.707769e-14 
  864.000  3.031910e+02  7.395241e+01  1.704031e-14 
  865.000  2.978149e+02  7.253954e+01 -5.016091e-14 
  866.000  2.499056e+02  6.078024e+01  1.402475e-14 
  867.000  2.661388e+02  6.462968e+01  3.094358e-14 
  868.000  2.887248e+02  7.001045e+01  1.619807e-14 
  869.000  2.847991e+02  6.895757e+01 -1.597031e-14 
  870.000  2.965523e+02  7.169392e+01 -1.782417e-14 
  871.000  2.962581e+02  7.151828e+01  1.660613e-14 
  872.000  2.952901e+02  7.118435e+01  1.187348e-15 
  873.000  2.963658e+02  7.133117e+01  5.220406e-14 
  874.000  2.898385e+02  6.965321e+01 -1.624405e-14 
  875.000  2.872070e+02  6.891759e+01 -3.334616e-14 
  876.000  2.895266e+02  6.936688e+01  0.000000e+00 
  877.000  2.952474e+02  7.062896e+01  0.000000e+00 
  878.000  2.896707e+02  6.917084e+01  7.558951e-15 
  879.000  2.903589e+02  6.923165e+01 -7.576887e-15 
  880.000  2.882459e+02  6.860754e+01  3.365066e-14 
  881.000  2.730247e+02  6.487853e+01  0.000000e+00 
  882.000  2.879409e+02  6.831316e+01 -3.368807e-14 
  883.000  2.817102e+02  6.674770e+01  8.512286e-15 
  884.000  2.842095e+02  6.724473e+01  0.000000e+00 
  885.000  2.862180e+02  6.758235e+01  0.000000e+00 
  886.000  2.755674e+02  6.494635e+01  7.837422e-15 
  887.000  2.737879e+02  6.444711e+01  2.383588e-14 
  888.000  2.819649e+02  6.627280e+01  3.311843e-14 
  889.000  2.842278e+02  6.671915e+01  7.465638e-15 
  890.000  2.824236e+02  6.616621e+01  8.601309e-15 
  891.000  2.791774e+02  6.528049e+01  1.012138e-14 
  892.000  2.740270e+02  6.388496e+01 -4.224583e-15 
  893.000  2.512237e+02  5.831808e+01  6.810641e-15 
  894.000  2.531058e+02  5.862707e+01 -8.575024e-15 
  895.000  2.222885e+02  5.142427e+01 -9.795198e-17 
  896.000  2.132101e+02  4.920262e+01 -2.966142e-15 
  897.000  1.906877e+02  4.370616e+01  0.000000e+00 
  898.000  1.830878e+02  4.177377e+01 -3.725309e-16 
  899.000  1.625400e+02  3.685074e+01 -1.800045e-15 
  900.000  1.610741e+02  3.647366e+01  3.670000e-15 
  901.000  1.528826e+02  3.455577e+01  1.833210e-15 
  902.000  1.512463e+02  3.414695e+01  3.628412e-15 
  903.000  1.938860e+02  4.414836e+01 -3.659184e-16 
  904.000  2.202684e+02  5.025015e+01  4.672724e-15 
  905.000  2.190885e+02  4.992396e+01  8.740533e-15 
  906.000  1.988864e+02  4.520417e+01  6.362322e-15 
  907.000  1.778916e+02  4.003566e+01  1.746341e-15 
  908.000  1.584764e+02  3.549696e+01  2.659169e-17 
  909.000  1.562611e+02  3.495131e+01 -8.633252e-16 
  910.000  1.602374e+02  3.580014e+01 -1.548566e-15 
  911.000  1.693764e+02  3.787379e+01  1.906603e-15 
  912.000  1.651266e+02  3.682582e+01 -1.035777e-16 
  913.000  1.493080e+02  3.320527e+01  6.267202e-16 
  914.000  1.579302e+02  3.507400e+01  1.967385e-15 
  915.000  1.629431e+02  3.617581e+01 -4.381267e-15 
  916.000  1.672635e+02  3.710360e+01 -1.410601e-15 
  917.000  1.691590e+02  3.751889e+01  1.749783e-19 
  918.000  1.741472e+02  3.864963e+01  1.779462e-15 
  919.000  1.970332e+02  4.399881e+01 -3.308867e-15 
  920.000  2.117443e+02  4.730394e+01  8.092976e-15 
  921.000  2.037468e+02  4.546298e+01 -4.316450e-15 
  922.000  2.017156e+02  4.495052e+01  4.282890e-15 
  923.000  1.890344e+02  4.205478e+01 -2.782628e-15 
  924.000  1.866008e+02  4.136113e+01 -3.447263e-15 
  925.000  1.879059e+02  4.157167e+01  3.480133e-16 
  926.000  1.800771e+02  3.975718e+01  1.754905e-15 
  927.000  1.742086e+02  3.821654e+01 -2.989141e-15 
  928.000  1.569802e+02  3.418139e+01 -9.991530e-16 
  929.000  1.310208e+02  2.846013e+01  9.927549e-16 
  930.000  1.043163e+02  2.276557e+01  2.158006e-17 
  931.000  7.942422e+01  1.745149e+01 -3.623462e-19 
  932.000  5.169990e+01  1.145165e+01  1.136354e-16 
  933.000  3.714880e+01  8.342924e+00 -2.233931e-16 
  934.000  2.535482e+01  5.901305e+00  2.830314e-17 
  935.000  2.376478e+01  5.562153e+00  2.787558e-17 
  936.000  2.727774e+01  6.265359e+00 -3.242527e-16 
  937.000  2.711461e+01  6.236075e+00 -2.827866e-17 
  938.000  4.065768e+01  9.007547e+00  2.220189e-20 
  939.000  9.436840e+01  2.032111e+01 -2.118494e-17 
  940.000  1.047328e+02  2.241334e+01  1.951010e-16 
  941.000  9.398079e+01  2.017433e+01  4.119310e-16 
  942.000  7.178400e+01  1.554409e+01 -4.032194e-16 
  943.000  4.901791e+01  1.069089e+01  2.206554e-16 
  944.000  4.593167e+01  1.001752e+01  5.736953e-17 
  945.000  5.445706e+01  1.182987e+01 -1.064016e-16 
  946.000  5.596644e+01  1.213412e+01 -1.306524e-18 
  947.000  6.450948e+01  1.392814e+01 -2.178196e-16 
  948.000  7.048567e+01  1.517012e+01  2.189170e-16 
  949.000  7.039013e+01  1.512953e+01 -4.298191e-16 
  950.000  7.151508e+01  1.534260e+01  2.157314e-16 
  951.000  8.434868e+01  1.797666e+01 -2.061070e-16 
  952.000  7.099007e+01  1.518772e+01  6.361360e-16 
  953.000  8.084359e+01  1.721665e+01  8.980352e-18 
  954.000  9.178437e+01  1.943232e+01 -4.677315e-16 
  955.000  7.773260e+01  1.649895e+01  3.950426e-16 
  956.000  8.183661e+01  1.736017e+01 -3.457871e-17 
  957.000  1.129145e+02  2.366861e+01  8.203564e-16 
  958.000  1.189494e+02  2.488221e+01 -8.236636e-16 
  959.000  1.142231e+02  2.390914e+01  7.896770e-17 
  960.000  1.119571e+02  2.342260e+01  1.497615e-16 
  961.000  1.083430e+02  2.266157e+01  3.928449e-16 
  962.000  1.117475e+02  2.333026e+01  1.134581e-15 
  963.000  1.312611e+02  2.726589e+01  8.023868e-17 
  964.000  1.330124e+02  2.759494e+01 -1.530345e-15 
  965.000  1.330333e+02  2.757338e+01  8.430697e-16 
  966.000  1.306552e+02  2.705089e+01 -2.172385e-15 
  967.000  1.503254e+02  3.113236e+01 -2.308733e-15 
  968.000  1.771194e+02  3.702771e+01 -7.027109e-16 
  969.000  1.923714e+02  4.023071e+01 -4.569827e-15 
  970.000  1.938896e+02  4.050264e+01 -2.529552e-15 
  971.000  1.919175e+02  4.004074e+01 -3.454574e-15 
  972.000  1.892458e+02  3.942866e+01  3.980592e-15 
  973.000  1.785134e+02  3.709917e+01 -3.607032e-15 
  974.000  1.654434e+02  3.421093e+01 -1.525439e-15 
  975.000  1.598436e+02  3.291416e+01 -1.354519e-16 
  976.000  1.698603e+02  3.505524e+01 -4.772056e-15 
  977.000  1.791179e+02  3.706419e+01 -7.981127e-15 
  978.000  1.825998e+02  3.773557e+01 -3.835470e-15 
  979.000  1.811190e+02  3.740371e+01 -6.617904e-15 
  980.000  1.985852e+02  4.095261e+01  2.191915e-15 
  981.000  2.035373e+02  4.191899e+01  1.287734e-14 
  982.000  1.999138e+02  4.113451e+01 -2.392129e-15 
  983.000  2.074496e+02  4.262425e+01  6.347704e-15 
  984.000  2.144855e+02  4.403099e+01 -7.639524e-15 
  985.000  2.193068e+02  4.499255e+01 -1.490866e-15 
  986.000  2.238779e+02  4.593397e+01 -2.948167e-15 
  987.000  2.293184e+02  4.702861e+01  1.731658e-15 
  988.000  2.272208e+02  4.654920e+01  9.497630e-15 
  989.000  2.248149e+02  4.600394e+01 -4.695748e-16 
  990.000  2.274601e+02  4.649578e+01 -1.135852e-14 
  991.000  2.317517e+02  4.735170e+01  6.273201e-15 
  992.000  2.303283e+02  4.701190e+01  2.176180e-15 
  993.000  2.306160e+02  4.701414e+01  8.379119e-15 
  994.000  2.338716e+02  4.764322e+01 -4.608062e-16 
  995.000  2.336484e+02  4.757014e+01  1.956745e-14 
  996.000  2.336240e+02  4.750279e+01 -1.319470e-14 
  997.000  2.330005e+02  4.729252e+01 -1.275248e-14 
  998.000  2.310656e+02  4.681325e+01  0.000000e+00 
  999.000  2.302439e+02  4.659452e+01 -9.513167e-15 
 1000.000  2.287540e+02  4.623866e+01  4.442620e-15 
 1001.000  2.278457e+02  4.595427e+01  0.000000e+00 
 1002.000  2.240726e+02  4.507954e+01 -1.938622e-15 
 1003.000  2.223053e+02  4.467781e+01  7.888881e-16 
 1004.000  2.224431e+02  4.467871e+01  3.995680e-15 
 1005.000  2.086374e+02  4.186582e+01  1.368315e-15 
 1006.000  2.199020e+02  4.407383e+01 -7.435456e-15 
 1007.000  2.232849e+02  4.468206e+01  6.496517e-15 
 1008.000  2.214778e+02  4.421885e+01  1.176139e-14 
 1009.000  2.164925e+02  4.312064e+01  3.458762e-16 
 1010.000  2.189752e+02  4.357832e+01 -3.400141e-15 
 1011.000  2.217379e+02  4.412804e+01  4.029846e-15 
 1012.000  2.233544e+02  4.441788e+01  1.289565e-14 
 1013.000  2.229403e+02  4.429985e+01 -6.157927e-15 
 1014.000  2.249083e+02  4.464271e+01  2.485823e-15 
 1015.000  2.208837e+02  4.378894e+01  4.199188e-15 
 1016.000  2.227566e+02  4.409978e+01  0.000000e+00 
 1017.000  2.209033e+02  4.368332e+01  6.463110e-15 
 1018.000  2.231403e+02  4.405304e+01 -6.548684e-15 
 1019.000  2.168939e+02  4.275396e+01 -2.981947e-15 
 1020.000  2.169190e+02  4.271199e+01 -2.515141e-15 
 1021.000  2.199326e+02  4.325337e+01 -1.203365e-14 
 1022.000  2.152236e+02  4.225655e+01  1.597774e-15 
 1023.000  2.180783e+02  4.273836e+01  5.851761e-15 
 1024.000  2.162191e+02  4.230616e+01 -7.699031e-15 
 1025.000  2.185573e+02  4.275035e+01  1.350702e-14 
 1026.000  2.197897e+02  4.294186e+01  4.318373e-16 
 1027.000  2.181687e+02  4.257566e+01  2.705879e-15 
 1028.000  2.189768e+02  4.267093e+01  0.000000e+00 
 1029.000  2.166775e+02  4.219262e+01  5.898765e-15 
 1030.000  2.198336e+02  4.277465e+01  5.955215e-15 
 1031.000  2.196437e+02  4.269409e+01  1.823057e-14 
 1032.000  2.193295e+02  4.258767e+01 -1.225043e-14 
 1033.000  2.153903e+02  4.177050e+01 -4.167085e-16 
 1034.000  2.179118e+02  4.220992e+01 -4.210624e-16 
 1035.000  2.157242e+02  4.173454e+01  5.385486e-15 
 1036.000  2.185315e+02  4.222283e+01 -5.878198e-15 
 1037.000  2.139934e+02  4.129356e+01 -4.131639e-16 
 1038.000  2.162181e+02  4.167080e+01  1.203941e-14 
 1039.000  2.169787e+02  4.175908e+01  6.254910e-15 
 1040.000  2.143259e+02  4.119213e+01  0.000000e+00 
 1041.000  2.153876e+02  4.133990e+01 -4.163557e-16 
 1042.000  2.160192e+02  4.140651e+01  0.000000e+00 
 1043.000  2.123192e+02  4.064459e+01  6.126482e-15 
 1044.000  2.143737e+02  4.098278e+01 -6.187995e-15 
 1045.000  2.132233e+02  4.070319e+01 -4.129009e-16 
 1046.000  2.068774e+02  3.943633e+01  5.584999e-15 
 1047.000  2.105557e+02  4.008215e+01  6.097764e-15 
 1048.000  2.125286e+02  4.040226e+01 -1.765858e-14 
 1049.000  2.110390e+02  4.006451e+01  0.000000e+00 
 1050.000  2.095470e+02  3.972339e+01 -1.136479e-14 
 1051.000  2.092365e+02  3.960364e+01 -5.685631e-15 
 1052.000  2.080457e+02  3.932138e+01  6.067559e-15 
 1053.000  2.080840e+02  3.927612e+01  0.000000e+00 
 1054.000  2.055909e+02  3.874574e+01 -5.206098e-15 
 1055.000  2.067877e+02  3.891202e+01  5.247128e-15 
 1056.000  2.059575e+02  3.869829e+01  6.045728e-15 
 1057.000  2.049188e+02  3.843568e+01 -6.041989e-15 
 1058.000  2.015821e+02  3.773009e+01  0.000000e+00 
 1059.000  1.952770e+02  3.650415e+01 -1.121491e-14 
 1060.000  2.029335e+02  3.790199e+01 -5.603286e-15 
 1061.000  1.956872e+02  3.650949e+01  0.000000e+00 
 1062.000  2.004351e+02  3.734136e+01  0.000000e+00 
 1063.000  1.968349e+02  3.663057e+01  1.134204e-14 
 1064.000  1.988082e+02  3.694773e+01  1.150183e-14 
 1065.000  1.977586e+02  3.669791e+01  0.000000e+00 
 1066.000  1.917794e+02  3.555571e+01  5.765354e-15 
 1067.000  1.960131e+02  3.629700e+01  0.000000e+00 
 1068.000  1.937955e+02  3.583672e+01  2.012328e-15 
 1069.000  1.784151e+02  3.294755e+01  2.291611e-15 
 1070.000  1.892313e+02  3.491465e+01  5.281770e-15 
 1071.000  1.885657e+02  3.474412e+01  7.665650e-15 
 1072.000  1.881531e+02  3.462253e+01  4.100603e-15 
 1073.000  1.817946e+02  3.341920e+01  3.918383e-16 
 1074.000  1.883710e+02  3.459839e+01 -9.094924e-16 
 1075.000  1.840609e+02  3.379401e+01 -7.869105e-15 
 1076.000  1.871507e+02  3.431746e+01 -2.260241e-15 
 1077.000  1.854806e+02  3.396572e+01  5.395389e-15 
 1078.000  1.845254e+02  3.374570e+01 -1.153406e-15 
 1079.000  1.771963e+02  3.237394e+01 -3.003882e-15 
 1080.000  1.784569e+02  3.255093e+01  1.638634e-15 
 1081.000  1.717170e+02  3.129233e+01  4.030053e-15 
 1082.000  1.756383e+02  3.198491e+01  1.720517e-15 
 1083.000  1.688741e+02  3.071554e+01  2.864090e-15 
 1084.000  1.730326e+02  3.143729e+01 -1.067040e-15 
 1085.000  1.654525e+02  3.003485e+01  2.476772e-15 
 1086.000  1.688502e+02  3.062062e+01  1.038077e-15 
 1087.000  1.640653e+02  2.972648e+01  1.040121e-15 
 1088.000  1.743077e+02  3.155459e+01  6.375593e-16 
 1089.000  1.606568e+02  2.905386e+01 -7.716536e-16 
 1090.000  1.627946e+02  2.941436e+01 -2.438432e-15 
 1091.000  1.651562e+02  2.980902e+01  3.484648e-15 
 1092.000  1.578435e+02  2.846797e+01 -1.479197e-15 
 1093.000  1.484122e+02  2.675224e+01  6.779052e-15 
 1094.000  1.321615e+02  2.379574e+01  7.160589e-16 
 1095.000  1.435005e+02  2.581268e+01  5.271621e-15 
 1096.000  1.432314e+02  2.573645e+01  1.894137e-15 
 1097.000  1.397559e+02  2.508029e+01 -1.226756e-15 
 1098.000  1.211008e+02  2.153816e+01 -2.371243e-15 
 1099.000  1.076492e+02  1.903652e+01  6.199442e-16 
 1100.000  1.103269e+02  1.949265e+01  1.553156e-15 
