  400.000  2.694211e+02  3.003083e+02  6.299818e-15 
  401.000  2.690780e+02  2.968099e+02  2.185982e-14 
  402.000  2.865146e+02  3.127888e+02 -7.806512e-14 
  403.000  2.695919e+02  2.913091e+02 -6.667787e-15 
  404.000  2.910258e+02  3.112857e+02  6.036328e-15 
  405.000  2.680789e+02  2.838610e+02  1.507295e-14 
  406.000  2.672249e+02  2.801400e+02  3.627398e-14 
  407.000  2.613871e+02  2.713155e+02 -5.297171e-15 
  408.000  2.843777e+02  2.922904e+02 -6.508486e-14 
  409.000  3.160869e+02  3.217277e+02 -5.171867e-14 
  410.000  2.653479e+02  2.674823e+02  7.182945e-15 
  411.000  3.128514e+02  3.123551e+02 -1.126383e-15 
  412.000  3.254464e+02  3.218498e+02 -1.504000e-14 
  413.000  3.086302e+02  3.023520e+02  3.759506e-14 
  414.000  3.040416e+02  2.950730e+02 -2.293024e-14 
  415.000  3.254999e+02  3.129803e+02  1.359184e-14 
  416.000  3.247207e+02  3.093674e+02  6.176386e-14 
  417.000  3.159916e+02  2.983110e+02  7.707305e-14 
  418.000  3.102233e+02  2.902206e+02 -2.276132e-14 
  419.000  3.189530e+02  2.957128e+02  9.566977e-14 
  420.000  2.709091e+02  2.489360e+02  2.554572e-14 
  421.000  3.405890e+02  3.102050e+02 -2.565018e-14 
  422.000  3.274644e+02  2.956442e+02 -7.132373e-14 
  423.000  2.774929e+02  2.483565e+02 -2.751109e-14 
  424.000  3.062391e+02  2.717264e+02  5.521746e-15 
  425.000  3.181997e+02  2.799250e+02  4.256318e-14 
  426.000  3.068598e+02  2.676588e+02 -1.000348e-15 
  427.000  2.961009e+02  2.561000e+02  1.336433e-14 
  428.000  3.007638e+02  2.579596e+02 -6.263122e-15 
  429.000  2.744679e+02  2.334542e+02  6.561560e-15 
  430.000  2.196848e+02  1.853192e+02 -2.088772e-14 
  431.000  1.981087e+02  1.657536e+02  3.683225e-14 
  432.000  3.576546e+02  2.968167e+02 -8.796378e-14 
  433.000  3.192962e+02  2.628513e+02  3.631636e-14 
  434.000  3.043565e+02  2.485523e+02  3.537588e-14 
  435.000  3.320806e+02  2.690442e+02  7.931434e-14 
  436.000  3.692689e+02  2.968194e+02 -1.584678e-14 
  437.000  3.738734e+02  2.981729e+02 -8.094541e-14 
  438.000  3.358359e+02  2.657595e+02  2.088053e-14 
  439.000  3.258676e+02  2.558863e+02  1.376711e-14 
  440.000  3.662137e+02  2.853676e+02 -2.474793e-14 
  441.000  3.659943e+02  2.830292e+02  1.328617e-13 
  442.000  3.864728e+02  2.966079e+02 -4.078971e-14 
  443.000  3.900589e+02  2.971130e+02  4.498826e-14 
  444.000  3.885087e+02  2.937240e+02  7.609540e-14 
  445.000  4.096838e+02  3.074337e+02  5.702688e-14 
  446.000  3.655645e+02  2.722975e+02 -3.093832e-14 
  447.000  4.179740e+02  3.090686e+02  1.220119e-15 
  448.000  4.260444e+02  3.127889e+02  1.847283e-14 
  449.000  4.300714e+02  3.135184e+02 -4.513942e-14 
  450.000  4.405800e+02  3.189248e+02  5.420201e-14 
  451.000  4.773304e+02  3.431094e+02  1.902559e-14 
  452.000  4.448129e+02  3.175059e+02  8.131515e-14 
  453.000  4.138874e+02  2.933814e+02 -9.401417e-14 
  454.000  4.422954e+02  3.113544e+02  9.627656e-14 
  455.000  4.463999e+02  3.120873e+02  7.927984e-14 
  456.000  4.582158e+02  3.181584e+02  8.806415e-14 
  457.000  4.617870e+02  3.184653e+02  8.968453e-14 
  458.000  4.546423e+02  3.114270e+02 -2.525805e-15 
  459.000  4.555467e+02  3.099566e+02  5.267144e-14 
  460.000  4.525274e+02  3.058550e+02 -1.414887e-13 
  461.000  4.699057e+02  3.155034e+02  3.852760e-14 
  462.000  4.631939e+02  3.089546e+02  1.638377e-14 
  463.000  4.642426e+02  3.076332e+02  5.540937e-14 
  464.000  4.667771e+02  3.073191e+02  1.891246e-14 
  465.000  4.609352e+02  3.015276e+02 -1.610482e-14 
  466.000  4.765200e+02  3.097341e+02 -5.102201e-14 
  467.000  4.606258e+02  2.975006e+02 -3.192334e-14 
  468.000  4.885042e+02  3.134998e+02 -5.582440e-14 
  469.000  4.849972e+02  3.092655e+02  2.056943e-14 
  470.000  4.790256e+02  3.035071e+02 -7.340120e-14 
  471.000  4.788038e+02  3.014231e+02  3.532107e-14 
  472.000  4.852373e+02  3.035136e+02  3.699690e-14 
  473.000  4.804339e+02  2.985740e+02  8.824736e-14 
  474.000  4.847153e+02  2.992899e+02  5.589362e-14 
  475.000  5.045242e+02  3.094534e+02 -9.380927e-14 
  476.000  4.890164e+02  2.978973e+02 -1.268277e-13 
  477.000  4.846713e+02  2.933094e+02  3.681479e-14 
  478.000  5.095564e+02  3.066349e+02  3.721652e-14 
  479.000  4.876824e+02  2.919705e+02  0.000000e+00 
  480.000  4.986521e+02  2.970556e+02 -3.598311e-14 
  481.000  4.968277e+02  2.944591e+02  1.782599e-14 
  482.000  5.083496e+02  2.997116e+02  9.073443e-14 
  483.000  5.098779e+02  2.990042e+02 -1.488705e-13 
  484.000  4.911107e+02  2.864265e+02 -3.602291e-14 
  485.000  4.955034e+02  2.873952e+02  1.061509e-13 
  486.000  4.023825e+02  2.320971e+02 -1.414773e-14 
  487.000  4.529752e+02  2.598408e+02 -1.700987e-14 
  488.000  4.925927e+02  2.810145e+02  7.003364e-14 
  489.000  4.586013e+02  2.601925e+02  1.595936e-14 
  490.000  5.228770e+02  2.950470e+02  1.302118e-15 
  491.000  4.899576e+02  2.749710e+02 -1.816312e-14 
  492.000  4.714596e+02  2.631595e+02 -1.167655e-15 
  493.000  5.084360e+02  2.822753e+02  1.623662e-14 
  494.000  4.918123e+02  2.715863e+02  3.496580e-14 
  495.000  5.264258e+02  2.891577e+02 -5.405506e-14 
  496.000  5.132601e+02  2.804316e+02  8.767493e-14 
  497.000  4.984302e+02  2.708961e+02  8.498504e-14 
  498.000  4.871800e+02  2.633974e+02 -1.539247e-14 
  499.000  4.865164e+02  2.616694e+02 -5.078090e-14 
  500.000  4.848810e+02  2.594407e+02  1.644703e-14 
  501.000  4.744900e+02  2.525730e+02  5.051136e-14 
  502.000  4.718567e+02  2.498865e+02 -3.419569e-14 
  503.000  5.004866e+02  2.637012e+02 -1.689272e-14 
  504.000  4.661094e+02  2.443460e+02 -4.937742e-14 
  505.000  5.032246e+02  2.624747e+02  8.587490e-14 
  506.000  5.393809e+02  2.799392e+02 -1.680227e-14 
  507.000  5.024718e+02  2.594998e+02  3.243124e-14 
  508.000  4.824673e+02  2.479504e+02  1.495139e-14 
  509.000  5.208933e+02  2.663970e+02 -1.226687e-13 
  510.000  5.053137e+02  2.571783e+02  6.834549e-14 
  511.000  5.060275e+02  2.563003e+02 -3.474278e-14 
  512.000  5.316849e+02  2.680051e+02  6.905506e-14 
  513.000  4.871409e+02  2.443825e+02  6.312551e-14 
  514.000  4.774294e+02  2.383762e+02  1.122543e-13 
  515.000  4.879240e+02  2.424690e+02 -6.524445e-14 
  516.000  5.129966e+02  2.537307e+02  1.681558e-14 
  517.000  3.781924e+02  1.861784e+02 -6.455634e-14 
  518.000  4.685933e+02  2.296051e+02  7.656998e-14 
  519.000  4.442948e+02  2.166893e+02 -2.899709e-14 
  520.000  4.895354e+02  2.376530e+02  1.145267e-15 
  521.000  4.901687e+02  2.368665e+02 -1.595010e-14 
  522.000  5.099604e+02  2.452992e+02 -6.629629e-14 
  523.000  4.753433e+02  2.275965e+02 -4.629836e-14 
  524.000  5.160391e+02  2.459538e+02 -5.141033e-14 
  525.000  5.122015e+02  2.430122e+02 -3.557427e-14 
  526.000  4.884333e+02  2.306933e+02  1.580799e-14 
  527.000  4.268947e+02  2.007210e+02 -1.578721e-14 
  528.000  5.129514e+02  2.401038e+02  4.972772e-14 
  529.000  5.277700e+02  2.459404e+02 -5.357507e-14 
  530.000  4.989409e+02  2.314786e+02 -1.841174e-14 
  531.000  5.433643e+02  2.509818e+02  2.515806e-15 
  532.000  5.186527e+02  2.385281e+02 -1.199621e-15 
  533.000  4.558955e+02  2.087720e+02  1.052808e-15 
  534.000  4.961966e+02  2.262797e+02  3.186017e-14 
  535.000  5.067514e+02  2.301446e+02  3.247088e-14 
  536.000  5.382225e+02  2.434376e+02 -3.441831e-14 
  537.000  4.997865e+02  2.251275e+02  1.145182e-15 
  538.000  5.236108e+02  2.348916e+02  5.004577e-14 
  539.000  5.223047e+02  2.333461e+02 -5.103236e-14 
  540.000  5.115450e+02  2.276051e+02 -3.249129e-14 
  541.000  4.694429e+02  2.080224e+02 -1.068757e-15 
  542.000  5.240653e+02  2.312854e+02 -5.097157e-14 
  543.000  5.016697e+02  2.205074e+02  1.586145e-14 
  544.000  5.295153e+02  2.318089e+02  6.688242e-14 
  545.000  5.219880e+02  2.275964e+02 -1.176133e-13 
  546.000  5.107280e+02  2.217969e+02  1.840169e-14 
  547.000  5.327937e+02  2.304612e+02  3.473869e-14 
  548.000  4.946876e+02  2.131326e+02  1.666761e-14 
  549.000  5.209781e+02  2.235773e+02  3.389401e-14 
  550.000  5.099229e+02  2.179756e+02  1.599788e-14 
  551.000  5.071544e+02  2.159430e+02 -1.141525e-15 
  552.000  5.294642e+02  2.245649e+02 -5.095045e-14 
  553.000  5.091411e+02  2.151068e+02  0.000000e+00 
  554.000  5.262057e+02  2.214572e+02  6.584912e-14 
  555.000  5.281171e+02  2.214067e+02  6.723120e-14 
  556.000  5.139686e+02  2.146495e+02 -1.605986e-14 
  557.000  4.990839e+02  2.076352e+02  1.782627e-14 
  558.000  5.184157e+02  2.148554e+02 -3.353233e-14 
  559.000  4.903568e+02  2.024538e+02  4.591091e-14 
  560.000  4.928219e+02  2.026972e+02 -3.075356e-14 
  561.000  5.419413e+02  2.220516e+02  5.193484e-14 
  562.000  4.974140e+02  2.029909e+02  1.664470e-14 
  563.000  5.206284e+02  2.116528e+02  1.742263e-14 
  564.000  5.134245e+02  2.079176e+02  3.322392e-14 
  565.000  5.194138e+02  2.095037e+02  3.364515e-14 
  566.000  4.790721e+02  1.925015e+02  4.602182e-14 
  567.000  5.130893e+02  2.052642e+02 -1.609394e-14 
  568.000  5.081137e+02  2.020143e+02 -3.453682e-14 
  569.000  4.894068e+02  1.931643e+02  7.054904e-14 
  570.000  4.936461e+02  1.942070e+02 -4.533441e-14 
  571.000  4.825566e+02  1.896297e+02  3.178654e-14 
  572.000  5.041545e+02  1.968872e+02 -7.703319e-15 
  573.000  5.114748e+02  1.991521e+02  2.128497e-14 
  574.000  5.094464e+02  1.976843e+02 -2.087489e-14 
  575.000  4.968754e+02  1.920710e+02 -7.348332e-15 
  576.000  4.881852e+02  1.880301e+02  3.084789e-14 
  577.000  5.107542e+02  1.961210e+02  1.631590e-14 
  578.000  4.987093e+02  1.911119e+02  1.694120e-14 
  579.000  4.972889e+02  1.901257e+02  1.678064e-14 
  580.000  5.165421e+02  1.969840e+02  3.349573e-14 
  581.000  5.102704e+02  1.942143e+02  0.000000e+00 
  582.000  5.199587e+02  1.973946e+02  4.928690e-14 
  583.000  5.247804e+02  1.986151e+02  3.459798e-14 
  584.000  5.242436e+02  1.977998e+02 -3.330305e-14 
  585.000  5.215536e+02  1.961426e+02  1.128520e-13 
  586.000  4.999697e+02  1.874219e+02  7.741150e-14 
  587.000  5.170773e+02  1.929469e+02 -2.084027e-15 
  588.000  4.994168e+02  1.848738e+02  1.021598e-14 
  589.000  4.257647e+02  1.564640e+02  1.350502e-15 
  590.000  4.437968e+02  1.625325e+02 -8.981959e-15 
  591.000  4.849439e+02  1.774729e+02 -2.124862e-14 
  592.000  4.692963e+02  1.709802e+02  2.160887e-14 
  593.000  4.893711e+02  1.782913e+02 -8.782282e-15 
  594.000  4.909415e+02  1.781475e+02  1.425996e-14 
  595.000  4.716775e+02  1.702618e+02  6.680387e-15 
  596.000  4.987387e+02  1.800517e+02 -1.516533e-14 
  597.000  4.973680e+02  1.788560e+02 -4.359376e-14 
  598.000  4.936617e+02  1.772757e+02 -2.976039e-14 
  599.000  4.967088e+02  1.779766e+02 -2.406915e-14 
  600.000  5.027459e+02  1.799910e+02 -1.736921e-14 
  601.000  5.039642e+02  1.801489e+02  0.000000e+00 
  602.000  5.000352e+02  1.783458e+02 -6.118850e-14 
  603.000  5.048744e+02  1.796717e+02 -3.020566e-14 
  604.000  5.225686e+02  1.855225e+02  1.444335e-14 
  605.000  5.224623e+02  1.849854e+02 -4.652269e-14 
  606.000  5.172343e+02  1.826030e+02 -1.421888e-14 
  607.000  5.151279e+02  1.813309e+02 -1.093051e-15 
  608.000  5.139649e+02  1.803903e+02  1.516065e-14 
  609.000  5.093748e+02  1.782532e+02 -3.107252e-14 
  610.000  5.018856e+02  1.751167e+02  9.061845e-14 
  611.000  5.107201e+02  1.776767e+02  0.000000e+00 
  612.000  5.047374e+02  1.750813e+02 -1.060904e-15 
  613.000  4.979995e+02  1.722384e+02  1.455242e-14 
  614.000  4.806132e+02  1.657388e+02 -1.401946e-14 
  615.000  5.042521e+02  1.733842e+02  0.000000e+00 
  616.000  4.800108e+02  1.645680e+02  7.076960e-14 
  617.000  4.832544e+02  1.651958e+02 -1.007004e-15 
  618.000  5.065358e+02  1.726461e+02 -1.679016e-14 
  619.000  5.023075e+02  1.706988e+02  3.013074e-14 
  620.000  5.101143e+02  1.728383e+02  1.059327e-15 
  621.000  5.192184e+02  1.753983e+02  1.077348e-15 
  622.000  4.920742e+02  1.657295e+02 -5.888858e-14 
  623.000  4.960686e+02  1.665658e+02  4.399593e-14 
  624.000  4.967647e+02  1.662949e+02  1.433728e-14 
  625.000  4.834177e+02  1.613362e+02 -1.001452e-15 
  626.000  4.853008e+02  1.614093e+02 -1.301861e-14 
  627.000  4.890568e+02  1.617251e+02 -5.934009e-14 
  628.000  4.712744e+02  1.546586e+02 -1.248498e-14 
  629.000  4.889584e+02  1.603611e+02  1.566701e-14 
  630.000  4.771057e+02  1.563052e+02  2.819391e-14 
  631.000  4.973148e+02  1.626620e+02  3.410340e-14 
  632.000  4.602664e+02  1.499024e+02 -2.505303e-14 
  633.000  4.998835e+02  1.627138e+02  1.447211e-14 
  634.000  4.872948e+02  1.583567e+02  2.799395e-14 
  635.000  4.969938e+02  1.610843e+02 -1.423504e-14 
  636.000  4.811122e+02  1.556210e+02  1.469186e-14 
  637.000  4.984123e+02  1.608586e+02 -4.242025e-14 
  638.000  5.093653e+02  1.642060e+02  1.028111e-15 
  639.000  5.060181e+02  1.627153e+02 -1.520633e-14 
  640.000  4.920318e+02  1.579262e+02  2.743399e-14 
  641.000  4.997851e+02  1.599970e+02  0.000000e+00 
  642.000  4.953060e+02  1.582409e+02 -2.645123e-14 
  643.000  5.029114e+02  1.600921e+02  2.894001e-14 
  644.000  4.977070e+02  1.580264e+02  6.999228e-14 
  645.000  5.001596e+02  1.582400e+02 -3.489344e-15 
  646.000  4.714811e+02  1.481833e+02  2.616160e-14 
  647.000  4.712899e+02  1.474622e+02  6.909879e-15 
  648.000  4.630573e+02  1.442895e+02 -2.111248e-14 
  649.000  4.794811e+02  1.492307e+02  4.057703e-15 
  650.000  4.570660e+02  1.424321e+02  5.358753e-16 
  651.000  4.927235e+02  1.531546e+02 -1.231380e-15 
  652.000  4.720599e+02  1.458787e+02  1.696658e-14 
  653.000  4.955146e+02  1.533494e+02 -1.377413e-14 
  654.000  4.879540e+02  1.505506e+02 -3.833064e-14 
  655.000  4.706833e+02  1.446325e+02  2.525854e-14 
  656.000  4.013380e+02  1.230819e+02 -5.022943e-14 
  657.000  4.310398e+02  1.319797e+02 -2.191205e-14 
  658.000  4.850327e+02  1.484039e+02  1.323118e-14 
  659.000  4.892307e+02  1.494942e+02  6.455421e-15 
  660.000  4.946232e+02  1.508525e+02 -4.375173e-14 
  661.000  5.005666e+02  1.525191e+02  5.478245e-14 
  662.000  5.096233e+02  1.550317e+02 -5.548680e-14 
  663.000  5.040841e+02  1.529422e+02  2.791683e-14 
  664.000  4.969749e+02  1.504645e+02 -2.935420e-14 
  665.000  5.000280e+02  1.510625e+02  1.616330e-14 
  666.000  5.070598e+02  1.528705e+02 -2.786117e-14 
  667.000  4.978091e+02  1.497566e+02  1.336067e-13 
  668.000  5.016530e+02  1.506040e+02 -1.608608e-14 
  669.000  5.095785e+02  1.526434e+02 -2.876226e-14 
  670.000  5.040803e+02  1.506523e+02  1.420201e-14 
  671.000  4.993824e+02  1.489137e+02 -2.714768e-14 
  672.000  4.983018e+02  1.482512e+02  2.704695e-14 
  673.000  5.024066e+02  1.491302e+02  2.817212e-14 
  674.000  5.039112e+02  1.492352e+02 -1.316215e-14 
  675.000  4.967365e+02  1.467759e+02 -8.052229e-14 
  676.000  5.066167e+02  1.493545e+02  9.473150e-16 
  677.000  4.970192e+02  1.461926e+02  1.385535e-14 
  678.000  5.057288e+02  1.484185e+02 -4.129479e-14 
  679.000  4.989367e+02  1.460852e+02  9.295327e-16 
  680.000  4.949899e+02  1.445558e+02  1.469264e-14 
  681.000  4.954313e+02  1.443105e+02  3.951591e-14 
  682.000  4.945819e+02  1.437217e+02  1.375533e-14 
  683.000  4.979875e+02  1.443568e+02  2.676616e-14 
  684.000  4.884445e+02  1.411888e+02 -7.615574e-14 
  685.000  4.949176e+02  1.427908e+02  1.282489e-14 
  686.000  4.717388e+02  1.356509e+02  3.691470e-14 
  687.000  3.887364e+02  1.102090e+02 -2.454484e-15 
  688.000  4.155110e+02  1.178122e+02 -4.518124e-15 
  689.000  4.085822e+02  1.155194e+02 -2.242485e-14 
  690.000  4.247027e+02  1.199355e+02 -2.973655e-16 
  691.000  4.430000e+02  1.250012e+02 -5.246583e-15 
  692.000  4.469578e+02  1.258887e+02 -2.388510e-14 
  693.000  4.332250e+02  1.214378e+02  3.653578e-15 
  694.000  4.206534e+02  1.174445e+02  2.224989e-15 
  695.000  4.239297e+02  1.182080e+02  6.953591e-15 
  696.000  4.355753e+02  1.212789e+02 -1.741990e-15 
  697.000  4.677313e+02  1.306300e+02 -2.626864e-15 
  698.000  4.524846e+02  1.258966e+02  1.614475e-14 
  699.000  4.326619e+02  1.196619e+02 -8.744945e-15 
  700.000  4.321233e+02  1.193001e+02 -1.694901e-14 
  701.000  4.164807e+02  1.146729e+02  6.808548e-15 
  702.000  4.189018e+02  1.151457e+02 -6.772460e-15 
  703.000  4.479335e+02  1.232434e+02  6.502185e-15 
  704.000  4.503614e+02  1.236771e+02  3.682001e-14 
  705.000  4.442531e+02  1.215595e+02  3.440424e-14 
  706.000  4.415298e+02  1.205964e+02 -8.949903e-15 
  707.000  4.383679e+02  1.195471e+02 -3.799273e-14 
  708.000  4.549946e+02  1.239036e+02  4.313238e-14 
  709.000  4.464065e+02  1.215014e+02  1.363578e-14 
  710.000  4.486615e+02  1.216623e+02 -1.994553e-14 
  711.000  4.524543e+02  1.226377e+02 -1.424387e-14 
  712.000  4.532085e+02  1.228057e+02 -1.304969e-14 
  713.000  4.457067e+02  1.203383e+02  1.111123e-14 
  714.000  4.513029e+02  1.215320e+02 -4.020243e-15 
  715.000  4.264252e+02  1.143739e+02  1.423590e-14 
  716.000  4.276103e+02  1.142493e+02 -1.519954e-14 
  717.000  3.593030e+02  9.491669e+01  4.904979e-15 
  718.000  3.244160e+02  8.454436e+01  3.813416e-15 
  719.000  3.092406e+02  8.012702e+01  2.722265e-16 
  720.000  2.953892e+02  7.609964e+01  1.598592e-15 
  721.000  3.705520e+02  9.741795e+01 -1.334005e-15 
  722.000  4.056895e+02  1.068390e+02  3.967723e-15 
  723.000  3.878824e+02  1.017820e+02  7.017316e-15 
  724.000  3.440415e+02  8.904230e+01  1.006351e-14 
  725.000  3.466178e+02  8.971960e+01 -2.661913e-15 
  726.000  3.440509e+02  8.881893e+01 -5.307344e-15 
  727.000  3.556339e+02  9.182920e+01  3.280134e-15 
  728.000  3.428675e+02  8.815654e+01  2.434404e-15 
  729.000  3.458151e+02  8.924470e+01 -4.842533e-15 
  730.000  3.558947e+02  9.160184e+01 -1.257149e-14 
  731.000  3.468032e+02  8.900341e+01  1.886217e-15 
  732.000  3.830745e+02  9.882903e+01  1.721411e-14 
  733.000  4.067863e+02  1.050972e+02  9.356732e-17 
  734.000  4.302739e+02  1.111907e+02  2.499804e-15 
  735.000  4.218088e+02  1.087230e+02  1.606980e-14 
  736.000  4.047009e+02  1.040071e+02 -1.242851e-14 
  737.000  4.173349e+02  1.071406e+02  1.053045e-14 
  738.000  4.262579e+02  1.093860e+02 -1.987463e-14 
  739.000  4.167692e+02  1.068387e+02 -2.171341e-15 
  740.000  4.302762e+02  1.103463e+02  5.124573e-15 
  741.000  4.324314e+02  1.108750e+02 -2.577104e-14 
  742.000  4.276902e+02  1.095381e+02  9.271276e-15 
  743.000  4.455064e+02  1.141011e+02  9.504043e-15 
  744.000  4.520487e+02  1.156347e+02  1.278197e-14 
  745.000  4.421343e+02  1.129759e+02 -1.088419e-14 
  746.000  4.497029e+02  1.147615e+02 -2.286020e-14 
  747.000  4.571236e+02  1.164473e+02  3.602846e-14 
  748.000  4.499956e+02  1.144760e+02  3.377664e-14 
  749.000  4.506818e+02  1.144558e+02  1.020692e-14 
  750.000  4.438143e+02  1.124776e+02 -8.501654e-15 
  751.000  4.429376e+02  1.120503e+02 -4.322672e-14 
  752.000  4.508640e+02  1.138948e+02  0.000000e+00 
  753.000  4.471362e+02  1.127629e+02 -4.501596e-14 
  754.000  4.545571e+02  1.144352e+02 -3.309813e-14 
  755.000  4.522148e+02  1.136397e+02  3.448014e-14 
  756.000  4.436362e+02  1.112837e+02 -3.225788e-14 
  757.000  4.470954e+02  1.119478e+02  1.005298e-14 
  758.000  4.456346e+02  1.113359e+02 -7.772128e-16 
  759.000  3.886785e+02  9.601316e+01  9.453363e-15 
  760.000  1.021344e+02  2.387301e+01  6.507055e-16 
  761.000  8.342968e+01  1.933583e+01  1.639373e-15 
  762.000  2.168625e+02  5.178382e+01 -5.242091e-16 
  763.000  1.739305e+02  4.127936e+01  2.701241e-15 
  764.000  1.981817e+02  4.706017e+01  3.872374e-15 
  765.000  2.574362e+02  6.138654e+01  4.971751e-15 
  766.000  3.183670e+02  7.728139e+01  2.709411e-14 
  767.000  3.626186e+02  8.821442e+01 -8.138400e-15 
  768.000  4.044810e+02  9.853199e+01  2.402489e-14 
  769.000  4.213242e+02  1.028332e+02  3.548690e-14 
  770.000  4.284112e+02  1.046209e+02  1.996413e-14 
  771.000  4.332442e+02  1.057518e+02  3.205783e-14 
  772.000  4.327504e+02  1.054840e+02  6.383765e-14 
  773.000  4.315590e+02  1.050247e+02  6.207759e-14 
  774.000  4.367755e+02  1.061240e+02  4.330969e-14 
  775.000  4.208140e+02  1.020794e+02 -2.011416e-14 
  776.000  4.385489e+02  1.062076e+02  7.479035e-14 
  777.000  4.356573e+02  1.053225e+02 -3.193650e-14 
  778.000  4.333542e+02  1.045762e+02  2.142540e-14 
  779.000  4.347982e+02  1.047355e+02  1.489899e-15 
  780.000  4.295176e+02  1.032820e+02 -7.357851e-16 
  781.000  4.293233e+02  1.030774e+02  1.169831e-14 
  782.000  4.345165e+02  1.041368e+02  2.070707e-14 
  783.000  4.243971e+02  1.015302e+02 -3.106293e-14 
  784.000  4.266167e+02  1.018704e+02  9.440640e-15 
  785.000  4.261048e+02  1.014773e+02 -1.020494e-14 
  786.000  4.161452e+02  9.878889e+01  2.007799e-14 
  787.000  4.164194e+02  9.845979e+01  1.351627e-14 
  788.000  4.071003e+02  9.597702e+01 -2.010581e-14 
  789.000  3.983637e+02  9.345138e+01  5.222113e-15 
  790.000  3.934289e+02  9.211552e+01  6.177615e-15 
  791.000  3.935558e+02  9.203493e+01 -7.146452e-15 
  792.000  3.893279e+02  9.093955e+01  2.787151e-14 
  793.000  3.934951e+02  9.187930e+01 -7.737375e-15 
  794.000  3.989001e+02  9.331087e+01 -2.859232e-14 
  795.000  3.911073e+02  9.112772e+01 -1.759614e-14 
  796.000  3.825486e+02  8.861832e+01 -1.221391e-14 
  797.000  3.894068e+02  9.014108e+01 -6.602579e-15 
  798.000  3.994640e+02  9.256909e+01  1.284315e-14 
  799.000  3.970046e+02  9.178201e+01 -1.678782e-14 
  800.000  3.798471e+02  8.750324e+01  4.174961e-15 
  801.000  3.878201e+02  8.921086e+01  6.881030e-15 
  802.000  3.864486e+02  8.873489e+01 -6.724301e-15 
  803.000  3.820166e+02  8.759612e+01 -8.635297e-16 
  804.000  3.888814e+02  8.910331e+01 -4.168906e-15 
  805.000  3.845229e+02  8.813502e+01  2.159597e-14 
  806.000  3.988566e+02  9.139981e+01  4.204450e-15 
  807.000  3.967331e+02  9.077084e+01  2.060474e-14 
  808.000  3.922215e+02  8.951853e+01  1.614039e-14 
  809.000  3.830270e+02  8.719557e+01 -5.458542e-15 
  810.000  3.784640e+02  8.593407e+01 -1.940204e-14 
  811.000  3.785679e+02  8.567573e+01  1.624184e-14 
  812.000  3.692334e+02  8.328098e+01 -4.902380e-15 
  813.000  3.579153e+02  8.047557e+01 -2.048385e-15 
  814.000  3.446902e+02  7.727117e+01  4.661216e-15 
  815.000  3.254781e+02  7.271404e+01  7.220510e-17 
  816.000  3.037501e+02  6.747988e+01  1.017931e-14 
  817.000  3.064829e+02  6.798766e+01  3.156935e-15 
  818.000  3.061469e+02  6.783305e+01  1.292126e-14 
  819.000  3.041227e+02  6.739069e+01 -2.286781e-15 
  820.000  3.187310e+02  7.071928e+01  8.941669e-15 
  821.000  3.543185e+02  7.868842e+01 -6.705798e-15 
  822.000  3.258758e+02  7.211185e+01 -1.062096e-14 
  823.000  2.810792e+02  6.143402e+01  4.388235e-16 
  824.000  3.273156e+02  7.216947e+01  0.000000e+00 
  825.000  3.555138e+02  7.849452e+01 -2.042867e-16 
  826.000  3.530912e+02  7.780227e+01  7.807049e-15 
  827.000  3.483355e+02  7.660210e+01 -4.880430e-15 
  828.000  3.289294e+02  7.210830e+01 -3.326296e-15 
  829.000  3.354767e+02  7.346626e+01  2.307741e-14 
  830.000  3.377105e+02  7.389104e+01  5.023668e-15 
  831.000  3.336479e+02  7.290910e+01 -1.818969e-15 
  832.000  3.415105e+02  7.453580e+01 -1.193921e-14 
  833.000  3.352469e+02  7.309949e+01 -4.883547e-15 
  834.000  3.454288e+02  7.526794e+01 -1.167410e-14 
  835.000  3.562127e+02  7.766744e+01 -4.609891e-16 
  836.000  3.572700e+02  7.772532e+01 -9.595603e-15 
  837.000  3.541294e+02  7.692594e+01 -2.295616e-14 
  838.000  3.603386e+02  7.824812e+01  1.220347e-14 
  839.000  3.520390e+02  7.639586e+01  6.637810e-15 
  840.000  3.626025e+02  7.859509e+01 -1.454272e-14 
  841.000  3.605400e+02  7.795922e+01  6.039632e-15 
  842.000  3.611385e+02  7.803576e+01  8.807462e-15 
  843.000  3.652539e+02  7.899189e+01 -2.092749e-14 
  844.000  3.622063e+02  7.831527e+01  7.870061e-15 
  845.000  3.691591e+02  7.974896e+01 -1.188891e-15 
  846.000  3.739675e+02  8.072253e+01 -8.097743e-15 
  847.000  3.626765e+02  7.823011e+01 -1.856706e-14 
  848.000  3.708535e+02  7.976843e+01  8.952038e-15 
  849.000  3.719213e+02  7.988985e+01  7.845801e-15 
  850.000  3.205300e+02  6.870502e+01 -8.653584e-15 
  851.000  3.657953e+02  7.823591e+01 -3.482393e-14 
  852.000  3.521299e+02  7.520547e+01 -3.679281e-15 
  853.000  3.586352e+02  7.656919e+01 -1.195817e-14 
  854.000  2.882919e+02  6.145555e+01  1.406732e-14 
  855.000  3.184672e+02  6.782899e+01 -8.779725e-15 
  856.000  3.637451e+02  7.744344e+01  8.511920e-15 
  857.000  3.706370e+02  7.884584e+01 -5.246757e-14 
  858.000  3.653231e+02  7.762736e+01  9.109684e-15 
  859.000  3.664517e+02  7.780997e+01 -2.608040e-14 
  860.000  3.637551e+02  7.714931e+01  6.038351e-16 
  861.000  3.638791e+02  7.706623e+01 -2.643377e-14 
  862.000  3.630670e+02  7.679631e+01 -3.471839e-14 
  863.000  3.701237e+02  7.817552e+01  1.707769e-14 
  864.000  3.697158e+02  7.798780e+01  3.469235e-14 
  865.000  3.631055e+02  7.649149e+01 -2.628092e-14 
  866.000  3.046753e+02  6.409041e+01 -2.204405e-14 
  867.000  3.244659e+02  6.815104e+01  2.293960e-14 
  868.000  3.519863e+02  7.382438e+01  2.487859e-14 
  869.000  3.471776e+02  7.271240e+01 -1.597031e-14 
  870.000  3.615075e+02  7.559986e+01 -2.554226e-14 
  871.000  3.611258e+02  7.541297e+01 -4.211147e-14 
  872.000  3.599022e+02  7.505609e+01  5.936739e-16 
  873.000  3.612398e+02  7.521654e+01  5.961462e-16 
  874.000  3.532939e+02  7.345035e+01  8.122026e-15 
  875.000  3.500824e+02  7.267570e+01 -5.777947e-16 
  876.000  3.529092e+02  7.314900e+01 -8.116611e-15 
  877.000  3.598924e+02  7.448255e+01 -1.715365e-14 
  878.000  3.531556e+02  7.294925e+01 -2.443091e-14 
  879.000  3.539892e+02  7.301375e+01 -7.576887e-15 
  880.000  3.514660e+02  7.235955e+01  4.118872e-14 
  881.000  3.329397e+02  6.843067e+01 -1.595663e-14 
  882.000  3.511381e+02  7.205244e+01 -8.130158e-15 
  883.000  3.434866e+02  7.039701e+01  1.588414e-14 
  884.000  3.465270e+02  7.092360e+01  1.716709e-14 
  885.000  3.490829e+02  7.128542e+01  2.488667e-14 
  886.000  3.362461e+02  6.851306e+01  7.741584e-15 
  887.000  3.339485e+02  6.798189e+01  0.000000e+00 
  888.000  3.439225e+02  6.990844e+01  0.000000e+00 
  889.000  3.466309e+02  7.037601e+01  8.043107e-15 
  890.000  3.445546e+02  6.980479e+01  8.025131e-15 
  891.000  3.407957e+02  6.888358e+01  1.226431e-14 
  892.000  3.350224e+02  6.746104e+01  2.322852e-15 
  893.000  3.085785e+02  6.173629e+01 -1.493251e-14 
  894.000  3.116636e+02  6.215616e+01  8.079715e-15 
  895.000  2.757226e+02  5.478549e+01 -1.011353e-15 
  896.000  2.663297e+02  5.271056e+01 -1.869501e-15 
  897.000  2.400645e+02  4.712022e+01  3.536331e-15 
  898.000  2.313631e+02  4.514613e+01 -5.729369e-15 
  899.000  2.074508e+02  4.000511e+01  1.013394e-15 
  900.000  2.053240e+02  3.957843e+01  1.930445e-15 
  901.000  1.953670e+02  3.753560e+01  1.396931e-16 
  902.000  1.931040e+02  3.707407e+01 -1.854878e-15 
  903.000  2.435047e+02  4.751263e+01  1.825712e-15 
  904.000  2.739836e+02  5.364706e+01  5.522467e-15 
  905.000  2.725377e+02  5.330549e+01 -7.148586e-16 
  906.000  2.488563e+02  4.850312e+01 -2.617969e-15 
  907.000  2.249874e+02  4.328919e+01  2.283883e-15 
  908.000  2.019190e+02  3.850468e+01  1.141251e-15 
  909.000  1.990594e+02  3.791206e+01  1.876946e-15 
  910.000  2.039020e+02  3.881638e+01  2.228038e-15 
  911.000  2.144882e+02  4.098109e+01  1.048227e-15 
  912.000  2.095758e+02  3.988591e+01 -3.085482e-15 
  913.000  1.914429e+02  3.612127e+01  7.761359e-16 
  914.000  2.014416e+02  3.806561e+01 -5.523472e-16 
  915.000  2.069676e+02  3.919232e+01  1.173621e-15 
  916.000  2.121840e+02  4.017463e+01  5.974721e-16 
  917.000  2.140757e+02  4.058066e+01 -1.861124e-15 
  918.000  2.197337e+02  4.174274e+01 -1.686363e-15 
  919.000  2.463055e+02  4.719931e+01 -2.074722e-15 
  920.000  2.628449e+02  5.045276e+01  6.939901e-16 
  921.000  2.532365e+02  4.854022e+01  1.802742e-15 
  922.000  2.507199e+02  4.799620e+01  3.779934e-15 
  923.000  2.353894e+02  4.497390e+01 -5.793406e-16 
  924.000  2.334234e+02  4.440881e+01 -8.398556e-16 
  925.000  2.352227e+02  4.465820e+01 -6.813238e-16 
  926.000  2.256566e+02  4.273549e+01 -7.834273e-16 
  927.000  2.196935e+02  4.127219e+01 -1.658750e-15 
  928.000  1.999676e+02  3.710855e+01  2.629913e-15 
  929.000  1.694559e+02  3.112520e+01  8.661592e-16 
  930.000  1.377161e+02  2.519151e+01 -1.750669e-23 
  931.000  1.074777e+02  1.962496e+01  4.160286e-26 
  932.000  7.284058e+01  1.321257e+01  1.143078e-16 
  933.000  5.394025e+01  9.760171e+00 -5.718083e-17 
  934.000  3.803352e+01  6.969601e+00  8.421332e-17 
  935.000  3.583089e+01  6.580319e+00  2.791155e-17 
  936.000  4.065460e+01  7.395291e+00  2.723807e-17 
  937.000  4.046495e+01  7.358932e+00 -3.316517e-16 
  938.000  5.843822e+01  1.049621e+01 -5.667730e-17 
  939.000  1.262474e+02  2.267236e+01 -6.736339e-16 
  940.000  1.387444e+02  2.486764e+01 -6.469073e-16 
  941.000  1.253454e+02  2.246840e+01 -2.017765e-16 
  942.000  9.760254e+01  1.752659e+01 -1.397331e-17 
  943.000  6.912752e+01  1.234459e+01  1.111498e-16 
  944.000  6.500781e+01  1.158899e+01 -6.560995e-18 
  945.000  7.607861e+01  1.358474e+01  3.781081e-18 
  946.000  7.805409e+01  1.392079e+01  1.097520e-16 
  947.000  8.877210e+01  1.584008e+01 -1.162054e-16 
  948.000  9.628323e+01  1.716635e+01 -4.326219e-16 
  949.000  9.613110e+01  1.712118e+01 -6.442412e-16 
  950.000  9.745566e+01  1.733766e+01  4.311148e-16 
  951.000  1.132642e+02  2.011252e+01  1.606954e-16 
  952.000  9.664007e+01  1.715669e+01  6.412998e-16 
  953.000  1.087673e+02  1.929296e+01 -2.474979e-17 
  954.000  1.219922e+02  2.160370e+01  8.458493e-16 
  955.000  1.040909e+02  1.843574e+01  5.858393e-16 
  956.000  1.095781e+02  1.940251e+01  6.353415e-16 
  957.000  1.470814e+02  2.599752e+01  1.198782e-17 
  958.000  1.542698e+02  2.726324e+01 -3.841174e-16 
  959.000  1.486082e+02  2.624040e+01  4.294169e-16 
  960.000  1.457256e+02  2.571217e+01  4.051847e-17 
  961.000  1.412319e+02  2.489819e+01  5.623629e-16 
  962.000  1.453073e+02  2.559513e+01  4.028569e-17 
  963.000  1.683386e+02  2.969301e+01 -1.604868e-15 
  964.000  1.701893e+02  3.001643e+01 -7.929811e-17 
  965.000  1.703336e+02  2.999936e+01  1.605765e-16 
  966.000  1.670797e+02  2.941062e+01  2.401043e-15 
  967.000  1.904191e+02  3.370658e+01 -2.631142e-15 
  968.000  2.210446e+02  3.970898e+01  2.910099e-16 
  969.000  2.384939e+02  4.290993e+01  2.194350e-15 
  970.000  2.402423e+02  4.318383e+01  7.473621e-15 
  971.000  2.378135e+02  4.269470e+01 -3.097028e-15 
  972.000  2.349208e+02  4.210194e+01 -4.144654e-15 
  973.000  2.225155e+02  3.975488e+01 -1.962012e-15 
  974.000  2.072638e+02  3.681590e+01 -3.267901e-15 
  975.000  2.008985e+02  3.549755e+01  2.267952e-15 
  976.000  2.126211e+02  3.770231e+01 -4.353385e-15 
  977.000  2.227313e+02  3.963898e+01 -4.250477e-15 
  978.000  2.271310e+02  4.037101e+01  2.071881e-15 
  979.000  2.248556e+02  3.995383e+01 -6.244412e-15 
  980.000  2.449100e+02  4.352533e+01  7.574386e-15 
  981.000  2.506220e+02  4.450550e+01 -2.154821e-15 
  982.000  2.464554e+02  4.370968e+01  1.375002e-14 
  983.000  2.548747e+02  4.519008e+01 -3.343453e-15 
  984.000  2.626208e+02  4.658349e+01 -2.885132e-15 
  985.000  2.680000e+02  4.754738e+01  2.454175e-15 
  986.000  2.729141e+02  4.847813e+01 -9.089068e-16 
  987.000  2.792346e+02  4.960530e+01 -1.847689e-15 
  988.000  2.765929e+02  4.909181e+01  0.000000e+00 
  989.000  2.736046e+02  4.851154e+01 -4.273853e-15 
  990.000  2.767413e+02  4.902327e+01 -2.269810e-15 
  991.000  2.817069e+02  4.990470e+01 -6.596791e-15 
  992.000  2.798981e+02  4.954049e+01 -8.738543e-15 
  993.000  2.802123e+02  4.954023e+01  4.569078e-15 
  994.000  2.839676e+02  5.019203e+01 -1.283640e-14 
  995.000  2.835391e+02  5.010434e+01  4.573478e-16 
  996.000  2.835032e+02  5.003320e+01  6.368723e-15 
  997.000  2.828284e+02  4.981703e+01 -1.366807e-14 
  998.000  2.805922e+02  4.932126e+01  1.361912e-14 
  999.000  2.795946e+02  4.908694e+01 -3.563613e-15 
 1000.000  2.777472e+02  4.870951e+01  1.393203e-14 
 1001.000  2.768623e+02  4.842713e+01  7.594842e-15 
 1002.000  2.726270e+02  4.753445e+01 -1.782485e-14 
 1003.000  2.703858e+02  4.710353e+01 -3.788813e-15 
 1004.000  2.703434e+02  4.708759e+01  4.075672e-15 
 1005.000  2.534716e+02  4.411593e+01 -6.617148e-15 
 1006.000  2.671239e+02  4.644068e+01  1.384406e-16 
 1007.000  2.712950e+02  4.708680e+01 -5.174653e-15 
 1008.000  2.693790e+02  4.662186e+01  7.064766e-15 
 1009.000  2.636867e+02  4.549662e+01  7.865630e-15 
 1010.000  2.665334e+02  4.596433e+01 -4.438366e-15 
 1011.000  2.694809e+02  4.650980e+01  1.914186e-15 
 1012.000  2.712820e+02  4.680272e+01 -1.348855e-14 
 1013.000  2.706500e+02  4.666887e+01 -3.992892e-15 
 1014.000  2.729803e+02  4.702599e+01  8.296400e-15 
 1015.000  2.680798e+02  4.612595e+01  3.185347e-15 
 1016.000  2.703193e+02  4.645523e+01 -6.090723e-15 
 1017.000  2.680298e+02  4.601386e+01  1.895639e-14 
 1018.000  2.708152e+02  4.640930e+01 -4.386787e-16 
 1019.000  2.633358e+02  4.504499e+01 -1.789650e-16 
 1020.000  2.633137e+02  4.499733e+01  6.108391e-15 
 1021.000  2.668968e+02  4.556649e+01  6.016825e-15 
 1022.000  2.613151e+02  4.452321e+01 -6.292606e-15 
 1023.000  2.649177e+02  4.504211e+01 -1.279219e-15 
 1024.000  2.627393e+02  4.459365e+01  4.711223e-16 
 1025.000  2.653178e+02  4.504203e+01 -8.599395e-15 
 1026.000  2.667271e+02  4.524195e+01 -1.202943e-14 
 1027.000  2.647729e+02  4.485387e+01  2.121997e-15 
 1028.000  2.657419e+02  4.495804e+01 -1.840947e-14 
 1029.000  2.628412e+02  4.444804e+01 -1.769629e-14 
 1030.000  2.665620e+02  4.505479e+01 -6.382780e-15 
 1031.000  2.662791e+02  4.496768e+01  1.144354e-14 
 1032.000  2.658399e+02  4.485120e+01 -5.912950e-15 
 1033.000  2.610639e+02  4.399245e+01  1.119129e-14 
 1034.000  2.640955e+02  4.445466e+01  1.172928e-14 
 1035.000  2.614344e+02  4.395467e+01  1.202068e-14 
 1036.000  2.648421e+02  4.447096e+01 -6.300234e-15 
 1037.000  2.593389e+02  4.349323e+01 -1.767706e-14 
 1038.000  2.620137e+02  4.388860e+01  1.203941e-14 
 1039.000  2.629632e+02  4.398565e+01  6.254910e-15 
 1040.000  2.597689e+02  4.339178e+01  0.000000e+00 
 1041.000  2.610728e+02  4.355021e+01  5.382731e-15 
 1042.000  2.618403e+02  4.362128e+01  5.816397e-15 
 1043.000  2.573511e+02  4.281879e+01 -1.102178e-14 
 1044.000  2.598547e+02  4.317746e+01 -5.773478e-15 
 1045.000  2.585139e+02  4.289021e+01  0.000000e+00 
 1046.000  2.508528e+02  4.156005e+01  4.009849e-16 
 1047.000  2.553370e+02  4.224408e+01  1.137858e-14 
 1048.000  2.577628e+02  4.258680e+01 -5.748615e-15 
 1049.000  2.559943e+02  4.223729e+01  0.000000e+00 
 1050.000  2.542329e+02  4.188411e+01 -2.313755e-14 
 1051.000  2.539109e+02  4.176357e+01 -5.277421e-15 
 1052.000  2.525115e+02  4.147205e+01  5.254660e-15 
 1053.000  2.525836e+02  4.142927e+01 -1.132812e-14 
 1054.000  2.496272e+02  4.087827e+01  1.121758e-14 
 1055.000  2.511359e+02  4.105988e+01 -4.058668e-16 
 1056.000  2.501900e+02  4.084264e+01 -5.640741e-15 
 1057.000  2.490426e+02  4.057722e+01 -1.691176e-14 
 1058.000  2.451627e+02  3.984729e+01  5.589044e-15 
 1059.000  2.375173e+02  3.855858e+01  2.900889e-15 
 1060.000  2.467661e+02  4.003388e+01  0.000000e+00 
 1061.000  2.379858e+02  3.856748e+01  5.408487e-15 
 1062.000  2.438588e+02  3.945461e+01  5.965321e-15 
 1063.000  2.395198e+02  3.870924e+01 -1.094899e-14 
 1064.000  2.420083e+02  3.905256e+01  0.000000e+00 
 1065.000  2.408318e+02  3.879604e+01  0.000000e+00 
 1066.000  2.335373e+02  3.758804e+01 -5.379149e-15 
 1067.000  2.387224e+02  3.837270e+01  8.265724e-15 
 1068.000  2.361620e+02  3.789181e+01  1.774003e-15 
 1069.000  2.174797e+02  3.483769e+01 -3.318883e-15 
 1070.000  2.306069e+02  3.690994e+01  2.994796e-15 
 1071.000  2.298861e+02  3.673378e+01  7.564970e-16 
 1072.000  2.294780e+02  3.661074e+01  3.071042e-15 
 1073.000  2.217192e+02  3.533594e+01  6.072278e-15 
 1074.000  2.296910e+02  3.657648e+01  8.111181e-15 
 1075.000  2.242317e+02  3.570747e+01 -1.988892e-15 
 1076.000  2.280843e+02  3.626588e+01 -2.294032e-15 
 1077.000  2.261774e+02  3.590335e+01  3.499946e-16 
 1078.000  2.251704e+02  3.568309e+01  8.904320e-18 
 1079.000  2.162313e+02  3.423180e+01 -1.224279e-15 
 1080.000  2.182179e+02  3.445903e+01 -4.182797e-15 
 1081.000  2.099860e+02  3.312696e+01 -4.273545e-15 
 1082.000  2.145676e+02  3.383970e+01  1.482963e-15 
 1083.000  2.065318e+02  3.251753e+01 -3.909645e-15 
 1084.000  2.118740e+02  3.330607e+01 -5.318899e-15 
 1085.000  2.031886e+02  3.188078e+01  2.349280e-15 
 1086.000  2.072125e+02  3.248685e+01 -1.005339e-15 
 1087.000  2.006835e+02  3.147258e+01  2.348316e-15 
 1088.000  2.131698e+02  3.340379e+01 -3.429534e-15 
 1089.000  1.972628e+02  3.083541e+01  3.612961e-15 
 1090.000  2.000423e+02  3.123436e+01  5.064604e-15 
 1091.000  2.027935e+02  3.163740e+01 -3.226288e-17 
 1092.000  1.942133e+02  3.025687e+01 -2.523695e-15 
 1093.000  1.834540e+02  2.853274e+01 -3.122175e-15 
 1094.000  1.636960e+02  2.542228e+01 -7.365844e-17 
 1095.000  1.776934e+02  2.757049e+01 -1.005108e-15 
 1096.000  1.773403e+02  2.748520e+01 -7.158755e-16 
 1097.000  1.732289e+02  2.680844e+01  1.902532e-15 
 1098.000  1.518846e+02  2.323666e+01 -1.109457e-15 
 1099.000  1.364447e+02  2.063601e+01 -5.922810e-17 
 1100.000  1.397512e+02  2.112537e+01  9.230520e-16 
