  400.000  8.542202e+02  4.139129e+02 -2.170241e-13 
  401.000  8.498920e+02  4.085121e+02 -1.769712e-13 
  402.000  9.015679e+02  4.299019e+02  1.377403e-14 
  403.000  8.451701e+02  3.998260e+02 -9.287030e-14 
  404.000  9.090212e+02  4.266609e+02 -3.187839e-14 
  405.000  8.343214e+02  3.885497e+02  6.479917e-14 
  406.000  8.286882e+02  3.829456e+02 -3.427654e-14 
  407.000  8.077160e+02  3.703940e+02  9.742719e-14 
  408.000  8.756866e+02  3.985089e+02 -9.996373e-14 
  409.000  9.699692e+02  4.380812e+02  8.619777e-15 
  410.000  8.114919e+02  3.637572e+02 -2.226022e-13 
  411.000  9.535488e+02  4.242518e+02  6.275399e-14 
  412.000  9.886455e+02  4.366124e+02 -1.892469e-13 
  413.000  9.344758e+02  4.096622e+02  1.852761e-13 
  414.000  9.177190e+02  3.993752e+02  8.850527e-14 
  415.000  9.792833e+02  4.230881e+02  3.796775e-14 
  416.000  9.738021e+02  4.176978e+02  2.695519e-13 
  417.000  9.446335e+02  4.022950e+02 -5.482397e-14 
  418.000  9.245221e+02  3.909402e+02  4.658664e-14 
  419.000  9.476396e+02  3.978944e+02  1.259426e-13 
  420.000  8.024706e+02  3.345854e+02  1.687984e-13 
  421.000  1.005856e+03  4.164780e+02 -6.099591e-14 
  422.000  9.642278e+02  3.964964e+02 -3.267215e-14 
  423.000  8.146866e+02  3.327179e+02  3.162453e-14 
  424.000  8.964770e+02  3.636397e+02 -3.219248e-14 
  425.000  9.288530e+02  3.742306e+02  4.151957e-14 
  426.000  8.932452e+02  3.574729e+02  6.519957e-14 
  427.000  8.595423e+02  3.416964e+02 -1.183600e-13 
  428.000  8.707021e+02  3.438459e+02 -2.892812e-14 
  429.000  7.924448e+02  3.108882e+02 -7.440643e-15 
  430.000  6.325966e+02  2.465588e+02 -1.183302e-13 
  431.000  5.689713e+02  2.203251e+02  4.431516e-14 
  432.000  1.024530e+03  3.941819e+02  1.126223e-15 
  433.000  9.123078e+02  3.487632e+02  1.292673e-14 
  434.000  8.674175e+02  3.294994e+02 -1.130667e-14 
  435.000  9.440605e+02  3.563543e+02  1.366234e-13 
  436.000  1.047186e+03  3.928066e+02 -5.830810e-14 
  437.000  1.057655e+03  3.942657e+02 -3.306568e-14 
  438.000  9.477606e+02  3.511158e+02  4.688078e-14 
  439.000  9.174333e+02  3.377944e+02  1.617813e-13 
  440.000  1.028605e+03  3.764132e+02  7.365153e-14 
  441.000  1.025614e+03  3.730384e+02 -5.192787e-14 
  442.000  1.080541e+03  3.906405e+02 -2.470479e-14 
  443.000  1.088134e+03  3.910187e+02 -1.038959e-13 
  444.000  1.081433e+03  3.862838e+02  8.981138e-14 
  445.000  1.137933e+03  4.040397e+02 -5.944078e-14 
  446.000  1.013278e+03  3.576357e+02  9.174282e-14 
  447.000  1.156033e+03  4.056358e+02  1.213987e-13 
  448.000  1.175616e+03  4.101607e+02  1.705421e-13 
  449.000  1.183938e+03  4.107449e+02 -1.489999e-13 
  450.000  1.210076e+03  4.174630e+02 -1.506164e-13 
  451.000  1.308109e+03  4.487574e+02  2.806520e-13 
  452.000  1.216388e+03  4.149583e+02  2.534093e-15 
  453.000  1.129450e+03  3.831530e+02  4.027975e-14 
  454.000  1.204496e+03  4.063429e+02 -6.274258e-14 
  455.000  1.213284e+03  4.070463e+02 -1.461009e-13 
  456.000  1.243095e+03  4.147492e+02 -9.447898e-14 
  457.000  1.250467e+03  4.149296e+02  7.303543e-14 
  458.000  1.228874e+03  4.055497e+02  8.104917e-14 
  459.000  1.229121e+03  4.034362e+02 -8.148300e-15 
  460.000  1.218813e+03  3.979031e+02 -2.376708e-13 
  461.000  1.263403e+03  4.102578e+02 -5.521054e-14 
  462.000  1.243219e+03  4.015569e+02 -7.187153e-14 
  463.000  1.243913e+03  3.996561e+02  1.271794e-13 
  464.000  1.248194e+03  3.989372e+02 -1.002179e-13 
  465.000  1.230141e+03  3.911227e+02  1.945929e-13 
  466.000  1.269275e+03  4.014738e+02  1.205936e-13 
  467.000  1.224628e+03  3.853487e+02  6.080442e-14 
  468.000  1.296638e+03  4.058895e+02 -2.193833e-13 
  469.000  1.285474e+03  4.002922e+02 -1.329629e-13 
  470.000  1.267962e+03  3.927627e+02 -1.278162e-13 
  471.000  1.265861e+03  3.900319e+02 -1.494806e-13 
  472.000  1.281526e+03  3.927534e+02 -1.301302e-13 
  473.000  1.267802e+03  3.864585e+02  7.186506e-14 
  474.000  1.278214e+03  3.875222e+02  5.334050e-14 
  475.000  1.330099e+03  4.009722e+02  1.050494e-13 
  476.000  1.289433e+03  3.864229e+02 -3.715623e-14 
  477.000  1.277793e+03  3.807852e+02 -1.776950e-14 
  478.000  1.340942e+03  3.978188e+02  2.724438e-14 
  479.000  1.279916e+03  3.782466e+02  4.490068e-14 
  480.000  1.304919e+03  3.842079e+02 -2.062570e-13 
  481.000  1.296784e+03  3.803279e+02 -4.392504e-14 
  482.000  1.323733e+03  3.866513e+02  1.017622e-13 
  483.000  1.324987e+03  3.853794e+02  5.807905e-15 
  484.000  1.273956e+03  3.689134e+02 -7.079746e-14 
  485.000  1.283304e+03  3.699622e+02  1.061509e-13 
  486.000  1.040451e+03  2.986045e+02  4.345897e-14 
  487.000  1.169357e+03  3.340920e+02 -2.323592e-14 
  488.000  1.269623e+03  3.611088e+02 -6.328612e-14 
  489.000  1.180184e+03  3.341671e+02 -1.043087e-13 
  490.000  1.343539e+03  3.787254e+02  1.321616e-13 
  491.000  1.257305e+03  3.528394e+02  7.443384e-14 
  492.000  1.208346e+03  3.375944e+02 -1.074632e-13 
  493.000  1.301519e+03  3.620217e+02  5.606494e-15 
  494.000  1.257461e+03  3.482287e+02 -2.423434e-15 
  495.000  1.344353e+03  3.706668e+02  2.896802e-14 
  496.000  1.309594e+03  3.595080e+02  9.833086e-14 
  497.000  1.270665e+03  3.473117e+02  2.142931e-13 
  498.000  1.240930e+03  3.377251e+02  5.982671e-14 
  499.000  1.238222e+03  3.355432e+02  7.087291e-14 
  500.000  1.233057e+03  3.327190e+02 -1.526619e-14 
  501.000  1.205705e+03  3.239557e+02  1.469195e-13 
  502.000  1.198092e+03  3.205516e+02  1.595251e-14 
  503.000  1.269816e+03  3.383166e+02 -1.037820e-13 
  504.000  1.181716e+03  3.135290e+02  3.254237e-14 
  505.000  1.274894e+03  3.368428e+02  1.312436e-13 
  506.000  1.364872e+03  3.591399e+02 -7.240770e-14 
  507.000  1.269944e+03  3.328025e+02 -1.111375e-13 
  508.000  1.217918e+03  3.178792e+02 -1.162247e-13 
  509.000  1.313356e+03  3.414108e+02  5.452934e-14 
  510.000  1.272590e+03  3.294885e+02  7.854571e-14 
  511.000  1.273002e+03  3.282798e+02  6.707759e-14 
  512.000  1.336127e+03  3.431905e+02 -2.040552e-13 
  513.000  1.222894e+03  3.128665e+02  3.844390e-14 
  514.000  1.197262e+03  3.051064e+02  2.639150e-14 
  515.000  1.222312e+03  3.102736e+02  7.436533e-15 
  516.000  1.284012e+03  3.246647e+02 -1.207304e-15 
  517.000  9.459342e+02  2.382490e+02 -5.881167e-14 
  518.000  1.171232e+03  2.938498e+02  1.154047e-13 
  519.000  1.109739e+03  2.773475e+02  1.658044e-14 
  520.000  1.221906e+03  3.042093e+02  1.190637e-13 
  521.000  1.222699e+03  3.032414e+02  1.458412e-13 
  522.000  1.271352e+03  3.140995e+02 -1.895400e-14 
  523.000  1.184469e+03  2.915077e+02 -4.946332e-15 
  524.000  1.285239e+03  3.150988e+02 -6.037926e-14 
  525.000  1.275101e+03  3.114188e+02  6.876552e-14 
  526.000  1.215303e+03  2.956978e+02 -2.320533e-13 
  527.000  1.061774e+03  2.573683e+02 -2.120294e-14 
  528.000  1.275384e+03  3.079854e+02 -8.525971e-14 
  529.000  1.311789e+03  3.155939e+02  2.410439e-13 
  530.000  1.239707e+03  2.971472e+02  2.357189e-14 
  531.000  1.349614e+03  3.223005e+02  7.008132e-14 
  532.000  1.287695e+03  3.063977e+02  1.295130e-13 
  533.000  1.131056e+03  2.681689e+02 -7.542424e-14 
  534.000  1.229969e+03  2.906127e+02 -5.747090e-14 
  535.000  1.254930e+03  2.955060e+02  6.727307e-14 
  536.000  1.331624e+03  3.125056e+02 -9.403257e-14 
  537.000  1.235454e+03  2.889522e+02  9.799230e-14 
  538.000  1.293313e+03  3.014522e+02 -2.562174e-14 
  539.000  1.289110e+03  2.994469e+02  1.422765e-14 
  540.000  1.261640e+03  2.920663e+02  8.993424e-14 
  541.000  1.156983e+03  2.669279e+02  1.249267e-13 
  542.000  1.290719e+03  2.967723e+02 -2.447741e-13 
  543.000  1.234734e+03  2.829401e+02  1.927785e-14 
  544.000  1.302499e+03  2.974606e+02 -5.016182e-14 
  545.000  1.283303e+03  2.920902e+02 -1.882832e-14 
  546.000  1.254969e+03  2.846837e+02 -1.840169e-14 
  547.000  1.308503e+03  2.958392e+02  4.372432e-14 
  548.000  1.214295e+03  2.736291e+02  2.116146e-13 
  549.000  1.278179e+03  2.870742e+02  6.543887e-14 
  550.000  1.250520e+03  2.799375e+02  1.034119e-13 
  551.000  1.243304e+03  2.774048e+02 -6.588061e-14 
  552.000  1.297547e+03  2.885593e+02 -7.642567e-14 
  553.000  1.247339e+03  2.764866e+02  7.229738e-14 
  554.000  1.288746e+03  2.847341e+02  8.822109e-15 
  555.000  1.293036e+03  2.847552e+02 -3.302287e-14 
  556.000  1.258055e+03  2.761557e+02  3.957314e-14 
  557.000  1.221368e+03  2.672349e+02  8.741241e-14 
  558.000  1.268432e+03  2.766371e+02 -4.855544e-14 
  559.000  1.199574e+03  2.607770e+02 -6.831699e-14 
  560.000  1.205461e+03  2.612102e+02 -3.312010e-15 
  561.000  1.325517e+03  2.862944e+02  7.790225e-14 
  562.000  1.217035e+03  2.619467e+02  7.155620e-14 
  563.000  1.273867e+03  2.732820e+02 -5.631084e-14 
  564.000  1.256441e+03  2.686460e+02 -8.647253e-14 
  565.000  1.271684e+03  2.709563e+02 -4.871881e-14 
  566.000  1.173046e+03  2.491300e+02  7.598592e-14 
  567.000  1.257814e+03  2.660312e+02  5.690653e-14 
  568.000  1.250294e+03  2.626134e+02 -3.738721e-14 
  569.000  1.214259e+03  2.526265e+02  2.234662e-14 
  570.000  1.223316e+03  2.539566e+02  1.414459e-14 
  571.000  1.189157e+03  2.472746e+02  7.671250e-14 
  572.000  1.249384e+03  2.578214e+02 -3.568967e-14 
  573.000  1.265800e+03  2.607323e+02 -1.131124e-14 
  574.000  1.260345e+03  2.589158e+02  3.887470e-14 
  575.000  1.229683e+03  2.517650e+02  2.402162e-14 
  576.000  1.207814e+03  2.465177e+02 -6.377930e-14 
  577.000  1.261035e+03  2.568955e+02  0.000000e+00 
  578.000  1.227794e+03  2.499361e+02  4.008331e-14 
  579.000  1.220937e+03  2.481934e+02  9.393933e-14 
  580.000  1.264733e+03  2.566056e+02 -1.616748e-14 
  581.000  1.244693e+03  2.522723e+02  5.712821e-14 
  582.000  1.265006e+03  2.558920e+02  8.598476e-15 
  583.000  1.274511e+03  2.571284e+02 -5.475241e-14 
  584.000  1.271173e+03  2.557705e+02 -2.699696e-14 
  585.000  1.263222e+03  2.534406e+02  0.000000e+00 
  586.000  1.209473e+03  2.419742e+02 -7.631566e-14 
  587.000  1.253058e+03  2.493832e+02  5.794807e-14 
  588.000  1.223688e+03  2.408110e+02  2.458762e-14 
  589.000  1.062030e+03  2.065094e+02 -1.660174e-14 
  590.000  1.107750e+03  2.147009e+02  1.670658e-15 
  591.000  1.194824e+03  2.322726e+02  2.212033e-14 
  592.000  1.163361e+03  2.248378e+02 -3.897773e-14 
  593.000  1.195542e+03  2.320858e+02 -8.127856e-14 
  594.000  1.202597e+03  2.324067e+02  3.286679e-14 
  595.000  1.166437e+03  2.237132e+02 -3.046871e-14 
  596.000  1.215893e+03  2.342762e+02 -1.762119e-14 
  597.000  1.216170e+03  2.333206e+02 -3.410583e-14 
  598.000  1.200120e+03  2.304314e+02  1.146810e-15 
  599.000  1.204594e+03  2.310604e+02 -9.871200e-15 
  600.000  1.212901e+03  2.329464e+02  8.541642e-14 
  601.000  1.211828e+03  2.327829e+02 -7.053806e-15 
  602.000  1.200991e+03  2.303892e+02 -4.292435e-14 
  603.000  1.210517e+03  2.318934e+02 -1.293416e-14 
  604.000  1.250679e+03  2.391883e+02  6.112497e-14 
  605.000  1.248656e+03  2.382852e+02  7.034073e-14 
  606.000  1.234908e+03  2.350825e+02  1.613964e-13 
  607.000  1.228683e+03  2.333204e+02  2.228984e-14 
  608.000  1.224820e+03  2.320029e+02  3.953434e-14 
  609.000  1.212860e+03  2.291580e+02 -1.569391e-13 
  610.000  1.194009e+03  2.250280e+02  6.111831e-14 
  611.000  1.213928e+03  2.282051e+02 -1.128899e-13 
  612.000  1.198649e+03  2.247650e+02 -5.436997e-14 
  613.000  1.181645e+03  2.210172e+02  4.003791e-14 
  614.000  1.139459e+03  2.125881e+02 -7.513007e-15 
  615.000  1.194530e+03  2.223017e+02 -1.106497e-13 
  616.000  1.136219e+03  2.109170e+02  1.211098e-13 
  617.000  1.143069e+03  2.116505e+02 -8.415452e-14 
  618.000  1.197405e+03  2.211453e+02  1.557414e-13 
  619.000  1.186806e+03  2.186221e+02 -4.258571e-14 
  620.000  1.204696e+03  2.213427e+02 -1.781136e-13 
  621.000  1.225735e+03  2.246185e+02  9.915196e-14 
  622.000  1.161315e+03  2.122503e+02 -5.990895e-14 
  623.000  1.170566e+03  2.133633e+02  3.734882e-14 
  624.000  1.172011e+03  2.130541e+02  5.624585e-15 
  625.000  1.140388e+03  2.067474e+02  4.831875e-14 
  626.000  1.145626e+03  2.070305e+02  4.409079e-14 
  627.000  1.159460e+03  2.081042e+02  2.761365e-14 
  628.000  1.134101e+03  2.014123e+02 -3.584477e-15 
  629.000  1.166758e+03  2.074506e+02  6.455150e-15 
  630.000  1.133515e+03  2.016216e+02 -6.297875e-14 
  631.000  1.177479e+03  2.092977e+02 -2.415458e-14 
  632.000  1.092071e+03  1.931439e+02  4.137197e-14 
  633.000  1.178921e+03  2.087711e+02  1.655022e-14 
  634.000  1.145723e+03  2.027167e+02 -1.198710e-14 
  635.000  1.166799e+03  2.059538e+02  5.796219e-14 
  636.000  1.126997e+03  1.986346e+02 -7.686857e-14 
  637.000  1.165241e+03  2.050054e+02  2.070252e-14 
  638.000  1.186601e+03  2.087227e+02  4.960502e-14 
  639.000  1.177240e+03  2.066158e+02 -8.621796e-15 
  640.000  1.142016e+03  2.001897e+02  5.388314e-14 
  641.000  1.158746e+03  2.026493e+02 -2.235206e-14 
  642.000  1.146185e+03  2.001481e+02  2.106956e-14 
  643.000  1.164530e+03  2.025784e+02 -2.994290e-14 
  644.000  1.151496e+03  1.998540e+02 -2.859140e-14 
  645.000  1.158686e+03  2.002825e+02 -1.001835e-13 
  646.000  1.102069e+03  1.887713e+02 -1.394816e-15 
  647.000  1.108396e+03  1.887061e+02 -2.566011e-14 
  648.000  1.096627e+03  1.856116e+02 -7.066070e-15 
  649.000  1.127348e+03  1.909733e+02  2.984687e-14 
  650.000  1.060543e+03  1.805653e+02  3.033747e-14 
  651.000  1.142615e+03  1.941002e+02  6.611196e-14 
  652.000  1.106208e+03  1.862993e+02  9.691892e-15 
  653.000  1.145847e+03  1.939984e+02  8.221169e-15 
  654.000  1.129243e+03  1.905843e+02 -1.334775e-14 
  655.000  1.093684e+03  1.836473e+02 -2.490093e-14 
  656.000  9.305073e+02  1.560549e+02 -3.886681e-14 
  657.000  9.962952e+02  1.669855e+02 -6.095487e-14 
  658.000  1.115618e+03  1.871279e+02 -4.570927e-14 
  659.000  1.121810e+03  1.881073e+02 -2.014617e-14 
  660.000  1.132278e+03  1.896084e+02 -9.158836e-14 
  661.000  1.141747e+03  1.912630e+02  2.690824e-14 
  662.000  1.160231e+03  1.941862e+02  9.734649e-14 
  663.000  1.147222e+03  1.915345e+02 -3.513789e-14 
  664.000  1.129893e+03  1.883228e+02  6.010122e-14 
  665.000  1.135632e+03  1.889440e+02  8.787480e-14 
  666.000  1.150301e+03  1.910742e+02  7.206670e-15 
  667.000  1.128219e+03  1.870746e+02 -1.712300e-13 
  668.000  1.135511e+03  1.879723e+02 -2.127836e-14 
  669.000  1.152394e+03  1.904035e+02  6.805224e-14 
  670.000  1.139074e+03  1.878310e+02  5.205127e-14 
  671.000  1.127516e+03  1.855653e+02 -5.335457e-14 
  672.000  1.124272e+03  1.846624e+02 -2.457321e-13 
  673.000  1.132743e+03  1.856824e+02 -9.388449e-14 
  674.000  1.135352e+03  1.857393e+02 -8.602648e-14 
  675.000  1.118413e+03  1.826053e+02  1.710759e-14 
  676.000  1.139918e+03  1.857462e+02 -6.691930e-14 
  677.000  1.117636e+03  1.817545e+02 -6.970748e-14 
  678.000  1.136520e+03  1.844608e+02 -4.223792e-14 
  679.000  1.120737e+03  1.815264e+02  3.376110e-14 
  680.000  1.111933e+03  1.796693e+02 -1.096673e-13 
  681.000  1.112821e+03  1.793622e+02 -7.213796e-14 
  682.000  1.110519e+03  1.786071e+02 -2.566779e-14 
  683.000  1.117827e+03  1.793683e+02 -1.361164e-13 
  684.000  1.096776e+03  1.754857e+02  5.077049e-14 
  685.000  1.110174e+03  1.773761e+02  0.000000e+00 
  686.000  1.060030e+03  1.687509e+02 -4.439233e-14 
  687.000  9.372058e+02  1.454183e+02  3.836382e-14 
  688.000  9.779013e+02  1.522579e+02 -8.416799e-15 
  689.000  9.681564e+02  1.501614e+02  3.935402e-14 
  690.000  9.939058e+02  1.543278e+02 -1.949033e-14 
  691.000  1.021926e+03  1.589461e+02 -4.665188e-14 
  692.000  1.024417e+03  1.591557e+02  7.335191e-14 
  693.000  1.003930e+03  1.546458e+02  3.815308e-14 
  694.000  9.867628e+02  1.509031e+02 -1.027957e-14 
  695.000  9.857263e+02  1.508616e+02 -1.544028e-14 
  696.000  1.007235e+03  1.541534e+02  1.405624e-14 
  697.000  1.056656e+03  1.632933e+02 -4.086527e-14 
  698.000  1.026862e+03  1.578995e+02 -5.931724e-15 
  699.000  1.002519e+03  1.523757e+02 -4.756505e-14 
  700.000  9.976683e+02  1.515363e+02  1.546549e-14 
  701.000  9.659217e+02  1.461709e+02 -8.779923e-15 
  702.000  9.679194e+02  1.463855e+02 -1.727649e-14 
  703.000  1.016748e+03  1.546933e+02 -1.177532e-14 
  704.000  1.021193e+03  1.551370e+02 -2.501457e-14 
  705.000  1.014278e+03  1.532495e+02 -9.528276e-15 
  706.000  1.006381e+03  1.518719e+02  1.180980e-14 
  707.000  9.963626e+02  1.502648e+02 -2.086534e-14 
  708.000  1.031030e+03  1.554221e+02  8.164431e-15 
  709.000  1.005669e+03  1.517917e+02  5.536433e-14 
  710.000  1.016593e+03  1.526406e+02  1.521264e-14 
  711.000  1.018732e+03  1.531904e+02  7.660367e-15 
  712.000  1.014992e+03  1.528371e+02  4.246318e-15 
  713.000  1.002202e+03  1.502177e+02  5.195625e-14 
  714.000  1.016177e+03  1.518836e+02  1.017661e-14 
  715.000  9.668829e+02  1.436875e+02 -9.725838e-15 
  716.000  9.771844e+02  1.443967e+02 -4.195691e-15 
  717.000  8.614998e+02  1.249511e+02 -8.123889e-15 
  718.000  8.027600e+02  1.147349e+02  5.609801e-15 
  719.000  7.743489e+02  1.098412e+02 -5.448996e-15 
  720.000  7.520092e+02  1.055847e+02  1.011405e-14 
  721.000  8.764377e+02  1.266872e+02  1.523214e-14 
  722.000  9.359741e+02  1.361555e+02  3.638995e-14 
  723.000  9.070402e+02  1.311108e+02  2.527680e-14 
  724.000  8.376020e+02  1.191920e+02 -3.243057e-15 
  725.000  8.389066e+02  1.194224e+02  6.632077e-15 
  726.000  8.340024e+02  1.184411e+02  6.833550e-17 
  727.000  8.568149e+02  1.217436e+02 -8.659897e-15 
  728.000  8.309546e+02  1.175984e+02 -2.491181e-15 
  729.000  8.248033e+02  1.172014e+02  8.301212e-15 
  730.000  8.505721e+02  1.205796e+02 -1.088194e-15 
  731.000  8.309547e+02  1.174992e+02 -1.306746e-14 
  732.000  8.942017e+02  1.273099e+02  5.961401e-15 
  733.000  9.264912e+02  1.328010e+02  3.544413e-14 
  734.000  9.684662e+02  1.392979e+02  2.866800e-14 
  735.000  9.528276e+02  1.365719e+02  3.006077e-14 
  736.000  9.207371e+02  1.313486e+02 -8.483558e-15 
  737.000  9.439418e+02  1.347419e+02 -2.991960e-14 
  738.000  9.565825e+02  1.368000e+02 -2.842954e-14 
  739.000  9.320089e+02  1.332902e+02 -1.308485e-14 
  740.000  9.550828e+02  1.369437e+02  3.579823e-15 
  741.000  9.556972e+02  1.371852e+02 -2.514132e-14 
  742.000  9.433820e+02  1.353575e+02 -1.639912e-14 
  743.000  9.787953e+02  1.406157e+02  6.528147e-15 
  744.000  9.915188e+02  1.423799e+02  6.786460e-14 
  745.000  9.683461e+02  1.389813e+02  2.254983e-14 
  746.000  9.838940e+02  1.411019e+02  4.492820e-14 
  747.000  9.996983e+02  1.431455e+02  1.120500e-14 
  748.000  9.829591e+02  1.406164e+02 -2.867351e-14 
  749.000  9.839597e+02  1.405648e+02  5.498216e-14 
  750.000  9.690410e+02  1.381528e+02 -1.033264e-13 
  751.000  9.668181e+02  1.376114e+02 -2.687743e-15 
  752.000  9.830441e+02  1.397762e+02 -5.484592e-14 
  753.000  9.743143e+02  1.383317e+02  2.832997e-14 
  754.000  9.900033e+02  1.403442e+02 -6.704524e-15 
  755.000  9.845918e+02  1.393520e+02 -1.684632e-14 
  756.000  9.655950e+02  1.364446e+02 -9.980622e-15 
  757.000  9.728796e+02  1.372509e+02 -5.068160e-14 
  758.000  9.706683e+02  1.366430e+02  3.749952e-14 
  759.000  8.769785e+02  1.213090e+02 -3.185980e-14 
  760.000  3.430900e+02  4.273483e+01  1.376362e-15 
  761.000  2.975274e+02  3.647858e+01  5.031807e-15 
  762.000  5.781948e+02  7.560473e+01 -1.005856e-14 
  763.000  4.993809e+02  6.396085e+01 -1.350621e-15 
  764.000  5.476289e+02  7.065588e+01  7.239243e-15 
  765.000  6.583430e+02  8.697458e+01 -2.705509e-15 
  766.000  7.513156e+02  1.016881e+02 -2.539437e-14 
  767.000  8.251121e+02  1.123653e+02  1.106232e-14 
  768.000  8.998851e+02  1.232006e+02  1.166808e-14 
  769.000  9.239948e+02  1.270747e+02  8.900531e-15 
  770.000  9.321271e+02  1.284267e+02  5.833708e-15 
  771.000  9.394813e+02  1.294992e+02 -5.592733e-15 
  772.000  9.374326e+02  1.290795e+02  1.670545e-14 
  773.000  9.343734e+02  1.284839e+02  1.008894e-13 
  774.000  9.450511e+02  1.297783e+02 -2.015398e-14 
  775.000  9.099979e+02  1.247874e+02  1.444131e-15 
  776.000  9.478729e+02  1.297932e+02  1.327488e-13 
  777.000  9.414615e+02  1.287115e+02  9.988816e-14 
  778.000  9.364739e+02  1.278190e+02 -2.770986e-14 
  779.000  9.395902e+02  1.280342e+02  1.742609e-14 
  780.000  9.280464e+02  1.262555e+02  0.000000e+00 
  781.000  9.270985e+02  1.259641e+02  1.972443e-14 
  782.000  9.383287e+02  1.272813e+02 -7.727985e-14 
  783.000  9.164716e+02  1.241148e+02 -5.419166e-15 
  784.000  9.213185e+02  1.245428e+02 -1.343072e-14 
  785.000  9.214161e+02  1.241835e+02  4.008709e-14 
  786.000  9.017991e+02  1.210820e+02 -5.379880e-15 
  787.000  9.066536e+02  1.210783e+02 -1.875746e-14 
  788.000  8.886578e+02  1.182591e+02  1.271821e-14 
  789.000  8.778492e+02  1.159483e+02  1.475218e-14 
  790.000  8.676248e+02  1.143676e+02  2.583551e-16 
  791.000  8.662368e+02  1.141227e+02  4.802116e-14 
  792.000  8.553665e+02  1.126279e+02 -3.045564e-15 
  793.000  8.610280e+02  1.134716e+02 -4.237186e-14 
  794.000  8.656394e+02  1.145695e+02 -1.560757e-14 
  795.000  8.528652e+02  1.122906e+02  7.015619e-15 
  796.000  8.453644e+02  1.102628e+02  2.618812e-14 
  797.000  8.571075e+02  1.118487e+02 -2.135676e-14 
  798.000  8.717267e+02  1.141649e+02  3.567103e-14 
  799.000  8.679043e+02  1.133513e+02 -2.303177e-15 
  800.000  8.354330e+02  1.085522e+02 -2.314472e-15 
  801.000  8.522385e+02  1.106144e+02 -7.971067e-15 
  802.000  8.496488e+02  1.100760e+02  2.484263e-15 
  803.000  8.390280e+02  1.085927e+02 -6.536591e-15 
  804.000  8.514855e+02  1.102265e+02 -5.602389e-15 
  805.000  8.371810e+02  1.085945e+02  1.623312e-14 
  806.000  8.654124e+02  1.123508e+02 -2.052965e-14 
  807.000  8.605689e+02  1.115671e+02 -4.130081e-14 
  808.000  8.522789e+02  1.101789e+02 -1.795077e-14 
  809.000  8.341495e+02  1.075044e+02 -6.792751e-15 
  810.000  8.262825e+02  1.061558e+02 -1.152570e-14 
  811.000  8.308515e+02  1.062552e+02  4.084745e-15 
  812.000  8.162554e+02  1.038496e+02  6.678490e-15 
  813.000  7.983839e+02  1.010330e+02 -3.636013e-15 
  814.000  7.782300e+02  9.791021e+01 -1.252587e-14 
  815.000  7.463502e+02  9.330814e+01  5.364162e-15 
  816.000  7.102609e+02  8.817827e+01  3.030923e-15 
  817.000  7.160777e+02  8.877924e+01 -6.618344e-15 
  818.000  7.141122e+02  8.844650e+01 -1.273539e-15 
  819.000  7.045261e+02  8.731038e+01 -1.372443e-14 
  820.000  7.226652e+02  8.997883e+01  3.622161e-15 
  821.000  7.847171e+02  9.839604e+01 -3.531848e-15 
  822.000  7.345087e+02  9.135593e+01 -4.463196e-15 
  823.000  6.668366e+02  8.158676e+01 -8.070933e-15 
  824.000  7.432909e+02  9.197606e+01  1.093240e-14 
  825.000  7.857594e+02  9.804015e+01 -1.084801e-14 
  826.000  7.834773e+02  9.745149e+01  5.913849e-15 
  827.000  7.754378e+02  9.618614e+01  6.828463e-15 
  828.000  7.453196e+02  9.177322e+01  4.511978e-15 
  829.000  7.552095e+02  9.304132e+01 -9.652812e-16 
  830.000  7.546577e+02  9.307162e+01  6.529751e-15 
  831.000  7.441377e+02  9.170940e+01  1.094051e-15 
  832.000  7.607430e+02  9.367159e+01  8.690704e-15 
  833.000  7.435392e+02  9.157770e+01  4.437034e-15 
  834.000  7.622166e+02  9.394654e+01 -1.678215e-14 
  835.000  7.783971e+02  9.625973e+01  5.490063e-15 
  836.000  7.828781e+02  9.653249e+01  1.193016e-14 
  837.000  7.760334e+02  9.554809e+01  1.612168e-14 
  838.000  7.859333e+02  9.686597e+01  2.548243e-14 
  839.000  7.655790e+02  9.437798e+01  1.136750e-14 
  840.000  7.876600e+02  9.702354e+01 -1.104378e-14 
  841.000  7.853906e+02  9.644404e+01 -2.116176e-14 
  842.000  7.844843e+02  9.634951e+01  1.639337e-14 
  843.000  7.883334e+02  9.708413e+01  2.758608e-15 
  844.000  7.794084e+02  9.605126e+01  2.750540e-14 
  845.000  7.932159e+02  9.771579e+01 -2.580691e-14 
  846.000  8.023287e+02  9.880943e+01 -2.994378e-14 
  847.000  7.768302e+02  9.565513e+01  5.211889e-15 
  848.000  7.962601e+02  9.771251e+01  3.232597e-14 
  849.000  7.982186e+02  9.784096e+01 -3.450102e-15 
  850.000  6.887134e+02  8.422005e+01 -1.973573e-15 
  851.000  7.870607e+02  9.600723e+01 -9.542729e-15 
  852.000  7.574636e+02  9.227959e+01  3.009171e-14 
  853.000  7.694783e+02  9.378768e+01 -3.632594e-14 
  854.000  6.185505e+02  7.528123e+01 -1.303284e-15 
  855.000  6.823701e+02  8.301485e+01 -2.563807e-14 
  856.000  7.775543e+02  9.464897e+01  1.641271e-14 
  857.000  7.913587e+02  9.629297e+01 -2.191319e-14 
  858.000  7.794266e+02  9.475988e+01 -2.610859e-14 
  859.000  7.808149e+02  9.490635e+01  7.271126e-15 
  860.000  7.745651e+02  9.406956e+01 -8.410338e-15 
  861.000  7.746449e+02  9.395888e+01 -2.072008e-14 
  862.000  7.725040e+02  9.359895e+01  4.249564e-14 
  863.000  7.873983e+02  9.527753e+01  3.080556e-14 
  864.000  7.861334e+02  9.501482e+01  2.556047e-14 
  865.000  7.717495e+02  9.316550e+01 -3.016088e-14 
  866.000  6.474551e+02  7.805830e+01  1.026683e-14 
  867.000  6.895089e+02  8.301338e+01 -2.747775e-14 
  868.000  7.478983e+02  8.992392e+01 -1.503510e-14 
  869.000  7.375422e+02  8.856411e+01  7.301301e-14 
  870.000  7.679996e+02  9.209343e+01  5.969966e-16 
  871.000  7.670499e+02  9.186073e+01 -7.147027e-14 
  872.000  7.641885e+02  9.140698e+01 -5.894115e-15 
  873.000  7.671876e+02  9.163082e+01  1.660649e-14 
  874.000  7.503735e+02  8.949632e+01 -2.436608e-14 
  875.000  7.435289e+02  8.855988e+01  4.886364e-14 
  876.000  7.495651e+02  8.914098e+01  3.739887e-14 
  877.000  7.644660e+02  9.078181e+01 -1.980733e-14 
  878.000  7.506164e+02  8.895385e+01  8.143638e-15 
  879.000  7.523636e+02  8.903799e+01  4.460325e-14 
  880.000  7.473981e+02  8.827758e+01  6.932114e-14 
  881.000  7.082386e+02  8.351197e+01  1.127627e-14 
  882.000  7.470585e+02  8.794321e+01 -4.878095e-14 
  883.000  7.304285e+02  8.589988e+01 -4.256143e-15 
  884.000  7.368257e+02  8.654858e+01 -1.149977e-15 
  885.000  7.430736e+02  8.705615e+01 -3.240666e-14 
  886.000  7.168374e+02  8.375267e+01  3.687480e-14 
  887.000  7.110625e+02  8.305220e+01  0.000000e+00 
  888.000  7.323121e+02  8.541400e+01  2.768747e-14 
  889.000  7.377214e+02  8.596477e+01 -2.528426e-14 
  890.000  7.341620e+02  8.534679e+01  8.601309e-15 
  891.000  7.275787e+02  8.433244e+01  3.887273e-14 
  892.000  7.188605e+02  8.290133e+01  2.985444e-15 
  893.000  6.723348e+02  7.672720e+01 -4.366794e-15 
  894.000  6.845581e+02  7.772196e+01 -1.100517e-14 
  895.000  6.202957e+02  6.974385e+01  4.445273e-15 
  896.000  6.130298e+02  6.840240e+01  2.724483e-16 
  897.000  5.667565e+02  6.270543e+01 -2.652230e-15 
  898.000  5.529046e+02  6.085275e+01 -9.285745e-15 
  899.000  5.123107e+02  5.557674e+01  2.704459e-15 
  900.000  5.049059e+02  5.480912e+01 -3.575484e-15 
  901.000  4.844249e+02  5.231538e+01 -7.121322e-16 
  902.000  4.775372e+02  5.156633e+01  3.676949e-15 
  903.000  5.703060e+02  6.273598e+01  4.200728e-15 
  904.000  6.216625e+02  6.884689e+01 -3.288074e-15 
  905.000  6.186488e+02  6.843135e+01 -1.064871e-14 
  906.000  5.758956e+02  6.331940e+01 -1.075069e-14 
  907.000  5.394809e+02  5.863659e+01 -1.009716e-15 
  908.000  4.961409e+02  5.331565e+01 -3.939115e-15 
  909.000  4.887705e+02  5.247322e+01 -2.747964e-15 
  910.000  4.988464e+02  5.357339e+01 -4.910167e-15 
  911.000  5.163777e+02  5.574870e+01  1.621580e-14 
  912.000  5.083459e+02  5.465257e+01 -6.831264e-15 
  913.000  4.803902e+02  5.076795e+01 -5.936140e-16 
  914.000  4.968092e+02  5.288219e+01 -2.579859e-15 
  915.000  5.034670e+02  5.385667e+01 -1.881753e-15 
  916.000  5.140449e+02  5.501360e+01 -2.755332e-15 
  917.000  5.146177e+02  5.517728e+01  5.460356e-15 
  918.000  5.231155e+02  5.621775e+01 -1.728394e-15 
  919.000  5.686298e+02  6.157224e+01  3.620132e-15 
  920.000  5.930511e+02  6.451720e+01  2.416198e-16 
  921.000  5.738273e+02  6.228838e+01 -1.622420e-15 
  922.000  5.682195e+02  6.160301e+01 -1.010639e-15 
  923.000  5.367239e+02  5.802838e+01 -7.203529e-15 
  924.000  5.403247e+02  5.812533e+01 -4.922017e-15 
  925.000  5.456491e+02  5.857409e+01 -3.206529e-15 
  926.000  5.249341e+02  5.619243e+01 -4.667081e-15 
  927.000  5.215907e+02  5.541426e+01  6.923122e-15 
  928.000  4.903432e+02  5.140436e+01  3.234145e-15 
  929.000  4.362901e+02  4.467767e+01 -1.397295e-15 
  930.000  3.787074e+02  3.771068e+01  8.054061e-17 
  931.000  3.199614e+02  3.106786e+01  3.148089e-15 
  932.000  2.462491e+02  2.313386e+01  0.000000e+00 
  933.000  2.009343e+02  1.843563e+01 -9.158238e-16 
  934.000  1.575485e+02  1.406533e+01 -1.128532e-16 
  935.000  1.507854e+02  1.339669e+01  5.500809e-34 
  936.000  1.645474e+02  1.475177e+01 -4.260568e-16 
  937.000  1.646999e+02  1.472060e+01 -3.240770e-16 
  938.000  2.107356e+02  1.936340e+01  2.651474e-18 
  939.000  3.599974e+02  3.502232e+01 -2.656624e-14 
  940.000  3.833084e+02  3.767720e+01 -7.004344e-15 
  941.000  3.542740e+02  3.448095e+01  6.920428e-15 
  942.000  2.939869e+02  2.804473e+01  1.968446e-21 
  943.000  2.348784e+02  2.175361e+01  0.000000e+00 
  944.000  2.233902e+02  2.060924e+01 -8.286005e-16 
  945.000  2.502933e+02  2.328939e+01 -1.941850e-26 
  946.000  2.555134e+02  2.377681e+01 -1.968027e-26 
  947.000  2.783445e+02  2.613606e+01  2.074396e-17 
  948.000  2.947873e+02  2.780914e+01  1.042424e-17 
  949.000  2.943123e+02  2.773667e+01  1.629043e-15 
  950.000  2.963369e+02  2.794322e+01 -1.745235e-15 
  951.000  3.282163e+02  3.131193e+01  2.588637e-14 
  952.000  2.932484e+02  2.761029e+01  3.374637e-15 
  953.000  3.177166e+02  3.017964e+01  6.951793e-15 
  954.000  3.425975e+02  3.288544e+01 -3.416486e-15 
  955.000  2.998876e+02  2.853777e+01 -2.554767e-14 
  956.000  3.160541e+02  3.004160e+01 -2.030205e-17 
  957.000  3.875761e+02  3.793637e+01  3.168168e-15 
  958.000  4.010172e+02  3.942822e+01 -2.024638e-15 
  959.000  3.906055e+02  3.816431e+01 -3.205207e-15 
  960.000  3.837949e+02  3.741747e+01  5.109765e-15 
  961.000  3.739522e+02  3.633308e+01 -1.538754e-15 
  962.000  3.817306e+02  3.715744e+01 -4.971119e-21 
  963.000  4.225831e+02  4.193898e+01  1.225089e-15 
  964.000  4.240909e+02  4.218248e+01  0.000000e+00 
  965.000  4.255773e+02  4.221695e+01 -1.686220e-15 
  966.000  4.158748e+02  4.127350e+01  3.055163e-15 
  967.000  4.594467e+02  4.619943e+01 -4.249139e-15 
  968.000  5.078484e+02  5.180173e+01 -6.269327e-15 
  969.000  5.362245e+02  5.493647e+01 -1.819412e-15 
  970.000  5.392438e+02  5.521255e+01 -1.089890e-14 
  971.000  5.339310e+02  5.460117e+01 -1.342151e-14 
  972.000  5.305319e+02  5.410515e+01  1.497737e-15 
  973.000  5.094050e+02  5.171467e+01  1.010577e-16 
  974.000  4.824704e+02  4.871449e+01  1.189112e-16 
  975.000  4.727293e+02  4.752237e+01  2.893578e-15 
  976.000  4.936163e+02  4.975682e+01 -4.983697e-15 
  977.000  5.059197e+02  5.121307e+01 -1.340639e-15 
  978.000  5.165118e+02  5.221703e+01 -6.802796e-15 
  979.000  5.081820e+02  5.140020e+01 -2.094818e-15 
  980.000  5.415815e+02  5.503729e+01 -9.590891e-15 
  981.000  5.513969e+02  5.606282e+01 -1.096914e-14 
  982.000  5.444572e+02  5.522546e+01 -3.329712e-16 
  983.000  5.568091e+02  5.662543e+01 -2.191175e-15 
  984.000  5.673365e+02  5.789539e+01 -6.014130e-15 
  985.000  5.752670e+02  5.881897e+01 -1.738740e-15 
  986.000  5.811013e+02  5.961969e+01 -1.186542e-14 
  987.000  5.924064e+02  6.084636e+01  3.100441e-15 
  988.000  5.862195e+02  6.017434e+01 -1.400228e-15 
  989.000  5.794942e+02  5.943571e+01  7.761678e-15 
  990.000  5.855790e+02  6.002383e+01  1.102490e-14 
  991.000  5.943116e+02  6.097548e+01  3.243959e-15 
  992.000  5.899601e+02  6.049439e+01 -6.677548e-15 
  993.000  5.903874e+02  6.048003e+01  7.034681e-15 
  994.000  5.969060e+02  6.118801e+01 -6.879009e-15 
  995.000  5.949166e+02  6.100744e+01  9.783723e-15 
  996.000  5.948066e+02  6.092174e+01  9.324458e-15 
  997.000  5.939806e+02  6.070242e+01  1.662730e-14 
  998.000  5.900627e+02  6.015844e+01 -6.353405e-15 
  999.000  5.879910e+02  5.986798e+01 -2.721194e-14 
 1000.000  5.838466e+02  5.939268e+01 -8.275285e-16 
 1001.000  5.835222e+02  5.916203e+01 -7.397539e-15 
 1002.000  5.770602e+02  5.825293e+01  1.152971e-14 
 1003.000  5.716855e+02  5.768252e+01  5.547853e-16 
 1004.000  5.701315e+02  5.756068e+01  4.201041e-15 
 1005.000  5.339053e+02  5.388483e+01 -3.379555e-15 
 1006.000  5.624330e+02  5.671212e+01 -9.534808e-16 
 1007.000  5.716551e+02  5.753611e+01  4.613534e-15 
 1008.000  5.695909e+02  5.711281e+01 -4.695934e-15 
 1009.000  5.601792e+02  5.592682e+01  2.155073e-14 
 1010.000  5.649857e+02  5.641564e+01  6.156858e-15 
 1011.000  5.683232e+02  5.687968e+01  1.707380e-14 
 1012.000  5.709866e+02  5.716031e+01  2.319038e-15 
 1013.000  5.687614e+02  5.693681e+01  2.263088e-14 
 1014.000  5.732551e+02  5.734731e+01  3.659350e-15 
 1015.000  5.628611e+02  5.624604e+01 -6.906480e-15 
 1016.000  5.673275e+02  5.664368e+01 -3.264009e-15 
 1017.000  5.622509e+02  5.608966e+01  2.778516e-14 
 1018.000  5.685831e+02  5.661031e+01  9.384348e-15 
 1019.000  5.536102e+02  5.499168e+01  3.035768e-15 
 1020.000  5.531995e+02  5.491164e+01  5.023303e-15 
 1021.000  5.601942e+02  5.558181e+01  4.319886e-16 
 1022.000  5.494209e+02  5.437014e+01 -6.946037e-15 
 1023.000  5.579534e+02  5.507497e+01  1.868878e-15 
 1024.000  5.539283e+02  5.457019e+01 -2.461860e-15 
 1025.000  5.575295e+02  5.499394e+01  7.690049e-15 
 1026.000  5.598709e+02  5.520820e+01  9.237995e-15 
 1027.000  5.558767e+02  5.473676e+01  9.207331e-15 
 1028.000  5.578138e+02  5.487056e+01 -1.476752e-14 
 1029.000  5.509454e+02  5.420037e+01 -1.179753e-14 
 1030.000  5.579943e+02  5.489378e+01  2.701225e-14 
 1031.000  5.570275e+02  5.476769e+01  1.419790e-14 
 1032.000  5.557258e+02  5.460168e+01 -2.365180e-14 
 1033.000  5.457094e+02  5.356099e+01 -1.824542e-14 
 1034.000  5.518696e+02  5.411722e+01 -3.142852e-15 
 1035.000  5.462305e+02  5.350943e+01  4.165688e-16 
 1036.000  5.533821e+02  5.414597e+01  0.000000e+00 
 1037.000  5.418543e+02  5.295916e+01 -2.610242e-14 
 1038.000  5.473168e+02  5.343288e+01 -8.925250e-15 
 1039.000  5.494645e+02  5.357004e+01  5.835910e-15 
 1040.000  5.429131e+02  5.286205e+01 -1.194979e-14 
 1041.000  5.457386e+02  5.306817e+01  4.100996e-14 
 1042.000  5.473546e+02  5.315969e+01  1.516739e-14 
 1043.000  5.379445e+02  5.218323e+01  1.184257e-14 
 1044.000  5.432557e+02  5.263141e+01 -3.508515e-15 
 1045.000  5.407703e+02  5.231415e+01 -4.129009e-16 
 1046.000  5.249391e+02  5.071325e+01  3.310901e-14 
 1047.000  5.344755e+02  5.156337e+01  5.689291e-15 
 1048.000  5.397593e+02  5.200407e+01  2.032652e-14 
 1049.000  5.362847e+02  5.160333e+01  1.183904e-14 
 1050.000  5.328896e+02  5.120121e+01 -3.045185e-15 
 1051.000  5.325663e+02  5.108447e+01 -4.366276e-14 
 1052.000  5.299072e+02  5.075570e+01  8.694889e-15 
 1053.000  5.301899e+02  5.072214e+01 -1.173478e-14 
 1054.000  5.244111e+02  5.008697e+01  8.211840e-15 
 1055.000  5.279346e+02  5.034102e+01  0.000000e+00 
 1056.000  5.263209e+02  5.011140e+01  4.049870e-16 
 1057.000  5.246487e+02  4.984612e+01 -8.658247e-15 
 1058.000  5.176592e+02  4.903730e+01 -5.589044e-15 
 1059.000  5.016097e+02  4.746981e+01  1.392148e-14 
 1060.000  5.206548e+02  4.926384e+01  8.203781e-15 
 1061.000  5.023177e+02  4.747870e+01  2.510088e-15 
 1062.000  5.153958e+02  4.862114e+01 -2.982661e-15 
 1063.000  5.064925e+02  4.772818e+01 -2.933772e-15 
 1064.000  5.123511e+02  4.819739e+01  1.745204e-14 
 1065.000  5.105661e+02  4.792995e+01  2.974247e-15 
 1066.000  4.950157e+02  4.643406e+01  2.882677e-15 
 1067.000  5.062534e+02  4.741867e+01 -8.661360e-15 
 1068.000  5.018639e+02  4.688287e+01  2.141628e-15 
 1069.000  4.626529e+02  4.312798e+01 -1.895693e-15 
 1070.000  4.902386e+02  4.566333e+01 -2.313320e-15 
 1071.000  4.894085e+02  4.548546e+01  6.026437e-16 
 1072.000  4.892683e+02  4.537690e+01 -7.074217e-15 
 1073.000  4.727543e+02  4.379397e+01 -6.792650e-16 
 1074.000  4.894665e+02  4.530699e+01  1.618264e-16 
 1075.000  4.764453e+02  4.413315e+01  5.783721e-15 
 1076.000  4.853065e+02  4.486437e+01 -3.176501e-15 
 1077.000  4.822041e+02  4.447637e+01 -4.296671e-15 
 1078.000  4.812163e+02  4.427825e+01 -2.695677e-15 
 1079.000  4.621798e+02  4.247941e+01  2.697697e-15 
 1080.000  4.696513e+02  4.297536e+01 -4.983790e-16 
 1081.000  4.520350e+02  4.131916e+01  1.903177e-16 
 1082.000  4.603998e+02  4.210721e+01 -2.477558e-15 
 1083.000  4.447976e+02  4.057116e+01 -4.513678e-15 
 1084.000  4.581552e+02  4.167822e+01 -3.997263e-15 
 1085.000  4.436966e+02  4.018198e+01  1.181871e-14 
 1086.000  4.514179e+02  4.087537e+01  2.902095e-15 
 1087.000  4.324832e+02  3.928739e+01  3.355884e-15 
 1088.000  4.591170e+02  4.167902e+01  8.142771e-16 
 1089.000  4.305297e+02  3.885203e+01 -2.851015e-15 
 1090.000  4.377151e+02  3.943095e+01  8.479268e-15 
 1091.000  4.426398e+02  3.986858e+01  4.033004e-15 
 1092.000  4.267986e+02  3.832432e+01 -3.640432e-15 
 1093.000  4.093483e+02  3.657596e+01 -3.307147e-15 
 1094.000  3.677081e+02  3.277431e+01 -8.223069e-16 
 1095.000  3.987846e+02  3.551735e+01  2.601984e-15 
 1096.000  3.977944e+02  3.539499e+01 -4.633581e-15 
 1097.000  3.899550e+02  3.463161e+01 -2.445879e-15 
 1098.000  3.555014e+02  3.122689e+01 -4.976288e-15 
 1099.000  3.307129e+02  2.862155e+01 -1.239885e-15 
 1100.000  3.380048e+02  2.925584e+01  1.501023e-15 
