  400.000  1.096210e+03  2.677984e+02  3.226125e-13 
  401.000  1.089570e+03  2.635060e+02  1.530563e-13 
  402.000  1.154681e+03  2.764660e+02  1.000084e-13 
  403.000  1.081394e+03  2.563488e+02 -9.062319e-13 
  404.000  1.161971e+03  2.727295e+02 -1.945052e-13 
  405.000  1.065471e+03  2.476209e+02 -8.538920e-14 
  406.000  1.057279e+03  2.433151e+02  7.953898e-14 
  407.000  1.029559e+03  2.346320e+02 -1.442019e-13 
  408.000  1.115166e+03  2.516831e+02 -6.868494e-13 
  409.000  1.234105e+03  2.758449e+02 -3.383981e-13 
  410.000  1.031540e+03  2.283587e+02 -3.288683e-13 
  411.000  1.211037e+03  2.655385e+02 -2.757155e-13 
  412.000  1.254507e+03  2.724581e+02 -1.180769e-13 
  413.000  1.184733e+03  2.548758e+02  2.168857e-13 
  414.000  1.162465e+03  2.477259e+02  8.586402e-14 
  415.000  1.239395e+03  2.616545e+02  1.439765e-13 
  416.000  1.231429e+03  2.575551e+02 -1.100623e-13 
  417.000  1.193554e+03  2.473220e+02 -3.077858e-13 
  418.000  1.167179e+03  2.396269e+02 -3.456758e-13 
  419.000  1.195389e+03  2.431656e+02  6.909189e-13 
  420.000  1.011451e+03  2.038694e+02 -2.381650e-13 
  421.000  1.266786e+03  2.530154e+02 -2.330603e-13 
  422.000  1.213392e+03  2.401615e+02  7.022157e-13 
  423.000  1.024398e+03  2.009325e+02 -3.062417e-13 
  424.000  1.126360e+03  2.189555e+02 -4.705429e-13 
  425.000  1.166139e+03  2.246658e+02 -3.192988e-13 
  426.000  1.120579e+03  2.139712e+02  3.155301e-13 
  427.000  1.077484e+03  2.039240e+02  2.673556e-13 
  428.000  1.090654e+03  2.046003e+02  1.513534e-13 
  429.000  9.918877e+02  1.844426e+02 -1.788572e-13 
  430.000  7.912260e+02  1.458460e+02 -2.331122e-14 
  431.000  7.111262e+02  1.299437e+02  1.762971e-13 
  432.000  1.279579e+03  2.317966e+02 -6.622826e-13 
  433.000  1.138605e+03  2.044850e+02  2.546786e-13 
  434.000  1.081812e+03  1.926225e+02 -1.555858e-13 
  435.000  1.176571e+03  2.077099e+02 -1.012718e-12 
  436.000  1.304189e+03  2.282858e+02  1.670418e-13 
  437.000  1.316324e+03  2.284630e+02  5.654720e-13 
  438.000  1.178754e+03  2.028646e+02 -3.606375e-13 
  439.000  1.140267e+03  1.945979e+02 -6.632898e-14 
  440.000  1.277597e+03  2.162143e+02 -1.935627e-13 
  441.000  1.273052e+03  2.136534e+02  2.728277e-13 
  442.000  1.340373e+03  2.230868e+02  2.625139e-13 
  443.000  1.348943e+03  2.226580e+02 -4.281767e-13 
  444.000  1.339809e+03  2.193286e+02 -4.636368e-14 
  445.000  1.408959e+03  2.287526e+02  5.866060e-13 
  446.000  1.253884e+03  2.019035e+02  1.189671e-13 
  447.000  1.429668e+03  2.283434e+02 -2.544730e-14 
  448.000  1.452932e+03  2.302148e+02 -4.618207e-14 
  449.000  1.462240e+03  2.298645e+02 -4.364805e-13 
  450.000  1.493547e+03  2.329401e+02 -1.644609e-13 
  451.000  1.613523e+03  2.496729e+02 -2.616264e-13 
  452.000  1.499462e+03  2.301994e+02 -3.775246e-13 
  453.000  1.391454e+03  2.119420e+02  2.212663e-13 
  454.000  1.483034e+03  2.241235e+02  4.639915e-13 
  455.000  1.492968e+03  2.238634e+02  4.194795e-13 
  456.000  1.528748e+03  2.274395e+02 -3.472168e-13 
  457.000  1.536901e+03  2.268791e+02  1.434952e-13 
  458.000  1.509478e+03  2.211090e+02 -8.794980e-14 
  459.000  1.508915e+03  2.193229e+02  3.223314e-13 
  460.000  1.495407e+03  2.156920e+02  6.292148e-13 
  461.000  1.549240e+03  2.217496e+02  4.917331e-13 
  462.000  1.523642e+03  2.164245e+02 -5.573212e-13 
  463.000  1.523660e+03  2.147847e+02  2.914638e-13 
  464.000  1.528145e+03  2.138040e+02 -8.257230e-14 
  465.000  1.505309e+03  2.090366e+02 -3.730811e-13 
  466.000  1.552458e+03  2.139779e+02 -6.819705e-14 
  467.000  1.497161e+03  2.048208e+02 -9.338940e-14 
  468.000  1.584454e+03  2.151410e+02  1.519095e-13 
  469.000  1.570114e+03  2.115889e+02  6.101623e-14 
  470.000  1.548095e+03  2.070436e+02  5.156705e-13 
  471.000  1.544969e+03  2.050527e+02 -1.368919e-13 
  472.000  1.563560e+03  2.059333e+02 -2.652968e-13 
  473.000  1.546330e+03  2.020942e+02 -1.941442e-13 
  474.000  1.558605e+03  2.021197e+02  4.891838e-14 
  475.000  1.621667e+03  2.086154e+02 -2.959401e-13 
  476.000  1.572123e+03  2.005738e+02  5.320531e-14 
  477.000  1.557761e+03  1.971573e+02 -7.804906e-14 
  478.000  1.633607e+03  2.053535e+02 -1.887546e-13 
  479.000  1.557706e+03  1.946056e+02 -9.107260e-14 
  480.000  1.586443e+03  1.970081e+02 -5.166943e-15 
  481.000  1.575067e+03  1.943863e+02 -2.291781e-13 
  482.000  1.606503e+03  1.970056e+02  3.438621e-14 
  483.000  1.606893e+03  1.957679e+02  2.433783e-13 
  484.000  1.544064e+03  1.868573e+02  3.651328e-13 
  485.000  1.554545e+03  1.868534e+02 -5.805118e-14 
  486.000  1.259741e+03  1.503928e+02 -1.940052e-13 
  487.000  1.415174e+03  1.678051e+02  4.171890e-13 
  488.000  1.535849e+03  1.808810e+02 -1.929012e-13 
  489.000  1.427047e+03  1.669316e+02  5.123329e-14 
  490.000  1.623887e+03  1.886781e+02  4.967914e-13 
  491.000  1.518985e+03  1.752982e+02 -8.164667e-14 
  492.000  1.459191e+03  1.672620e+02  1.324420e-13 
  493.000  1.571012e+03  1.788708e+02  1.799488e-13 
  494.000  1.517177e+03  1.715840e+02 -3.008009e-13 
  495.000  1.621315e+03  1.821392e+02  3.026168e-14 
  496.000  1.578640e+03  1.761577e+02 -2.104198e-13 
  497.000  1.530974e+03  1.697007e+02  2.968375e-13 
  498.000  1.494430e+03  1.645510e+02  4.086240e-14 
  499.000  1.490468e+03  1.630284e+02 -1.948153e-13 
  500.000  1.483556e+03  1.612026e+02 -1.022247e-13 
  501.000  1.449978e+03  1.565172e+02 -3.267146e-14 
  502.000  1.440157e+03  1.544390e+02 -1.709784e-14 
  503.000  1.525671e+03  1.625424e+02  2.837119e-14 
  504.000  1.419176e+03  1.502135e+02 -1.232411e-14 
  505.000  1.530396e+03  1.609349e+02  5.878394e-13 
  506.000  1.637780e+03  1.711309e+02  1.681160e-13 
  507.000  1.523295e+03  1.581600e+02  2.469004e-13 
  508.000  1.460338e+03  1.506672e+02  1.898251e-13 
  509.000  1.574182e+03  1.613922e+02 -4.293403e-13 
  510.000  1.524761e+03  1.553452e+02  8.336618e-14 
  511.000  1.524687e+03  1.543653e+02 -1.074945e-14 
  512.000  1.599696e+03  1.609491e+02  1.161587e-13 
  513.000  1.463582e+03  1.463395e+02  8.780712e-14 
  514.000  1.432379e+03  1.423329e+02 -1.857877e-13 
  515.000  1.461812e+03  1.443618e+02  1.327898e-13 
  516.000  1.535013e+03  1.506544e+02 -2.756460e-13 
  517.000  1.130402e+03  1.102571e+02  1.065464e-13 
  518.000  1.399089e+03  1.356227e+02  2.674452e-13 
  519.000  1.325117e+03  1.276630e+02 -1.268810e-13 
  520.000  1.458489e+03  1.396523e+02 -4.785453e-14 
  521.000  1.458886e+03  1.388365e+02 -7.005770e-14 
  522.000  1.516378e+03  1.434249e+02 -2.902599e-14 
  523.000  1.412267e+03  1.327577e+02  8.211026e-14 
  524.000  1.531887e+03  1.431230e+02 -2.810838e-14 
  525.000  1.519302e+03  1.410803e+02 -6.995703e-14 
  526.000  1.447541e+03  1.336049e+02 -2.541444e-14 
  527.000  1.264232e+03  1.159791e+02  2.562752e-14 
  528.000  1.518041e+03  1.384216e+02  2.788579e-13 
  529.000  1.560828e+03  1.414664e+02  0.000000e+00 
  530.000  1.474542e+03  1.328456e+02 -2.380307e-13 
  531.000  1.604700e+03  1.437105e+02 -3.447912e-13 
  532.000  1.530518e+03  1.362584e+02  7.938724e-14 
  533.000  1.343871e+03  1.189483e+02 -2.603000e-13 
  534.000  1.460813e+03  1.285644e+02 -5.007772e-14 
  535.000  1.489822e+03  1.303826e+02  2.632640e-13 
  536.000  1.580208e+03  1.375191e+02  4.915634e-14 
  537.000  1.465503e+03  1.268212e+02 -2.404000e-13 
  538.000  1.533559e+03  1.319637e+02  1.274668e-13 
  539.000  1.528021e+03  1.307470e+02  2.964807e-14 
  540.000  1.494935e+03  1.271963e+02 -4.586285e-14 
  541.000  1.370451e+03  1.159502e+02  1.866077e-13 
  542.000  1.528344e+03  1.285847e+02  6.509674e-15 
  543.000  1.461565e+03  1.222791e+02 -4.363942e-14 
  544.000  1.541266e+03  1.282264e+02 -1.311915e-14 
  545.000  1.518039e+03  1.255893e+02  5.821563e-14 
  546.000  1.484028e+03  1.220924e+02 -3.218222e-14 
  547.000  1.546814e+03  1.265531e+02  4.293750e-13 
  548.000  1.434973e+03  1.167545e+02 -6.100770e-15 
  549.000  1.509970e+03  1.221805e+02 -2.277772e-14 
  550.000  1.476799e+03  1.188395e+02 -1.484928e-14 
  551.000  1.467790e+03  1.174636e+02  2.958510e-13 
  552.000  1.531315e+03  1.218751e+02 -1.942749e-13 
  553.000  1.471584e+03  1.164794e+02 -1.479457e-14 
  554.000  1.519948e+03  1.196500e+02 -1.291646e-14 
  555.000  1.524523e+03  1.193564e+02 -1.121939e-14 
  556.000  1.482810e+03  1.154594e+02 -9.759502e-15 
  557.000  1.439125e+03  1.114482e+02  2.828212e-13 
  558.000  1.494129e+03  1.150796e+02  8.208777e-14 
  559.000  1.412602e+03  1.082105e+02  2.460358e-14 
  560.000  1.419144e+03  1.081212e+02 -2.422041e-13 
  561.000  1.560079e+03  1.182122e+02  1.027430e-14 
  562.000  1.432552e+03  1.079492e+02 -1.048456e-13 
  563.000  1.499158e+03  1.123519e+02  1.201659e-13 
  564.000  1.478488e+03  1.101942e+02  3.322392e-14 
  565.000  1.496564e+03  1.109189e+02  5.105071e-14 
  566.000  1.380097e+03  1.017216e+02  1.118276e-13 
  567.000  1.481303e+03  1.085428e+02 -1.724943e-14 
  568.000  1.479921e+03  1.076992e+02  1.726841e-14 
  569.000  1.454898e+03  1.049782e+02  1.124448e-13 
  570.000  1.461791e+03  1.049374e+02  6.274809e-14 
  571.000  1.406859e+03  1.006440e+02 -2.246298e-14 
  572.000  1.490113e+03  1.057918e+02  3.142361e-14 
  573.000  1.504993e+03  1.063142e+02 -7.228334e-14 
  574.000  1.496605e+03  1.051609e+02 -5.027993e-14 
  575.000  1.460430e+03  1.020517e+02  1.483078e-14 
  576.000  1.434335e+03  9.969849e+01 -1.681428e-14 
  577.000  1.493544e+03  1.033441e+02  1.241264e-13 
  578.000  1.449294e+03  9.986427e+01 -8.863721e-14 
  579.000  1.438329e+03  9.871220e+01  5.018052e-15 
  580.000  1.488745e+03  1.017902e+02 -1.876672e-13 
  581.000  1.462395e+03  9.966190e+01 -6.561421e-14 
  582.000  1.485111e+03  1.008250e+02 -1.518513e-13 
  583.000  1.496509e+03  1.011704e+02  1.400886e-13 
  584.000  1.492660e+03  1.004710e+02 -3.614686e-14 
  585.000  1.483753e+03  9.942218e+01 -3.077035e-14 
  586.000  1.420820e+03  9.477255e+01 -2.191687e-15 
  587.000  1.478776e+03  9.808465e+01  7.092377e-14 
  588.000  1.471268e+03  9.676866e+01  3.889809e-14 
  589.000  1.314128e+03  8.557439e+01  1.025851e-14 
  590.000  1.373350e+03  8.898131e+01 -8.163543e-15 
  591.000  1.452952e+03  9.401928e+01 -1.071654e-14 
  592.000  1.429396e+03  9.188449e+01 -2.640637e-14 
  593.000  1.437070e+03  9.231929e+01  1.482798e-14 
  594.000  1.452612e+03  9.278851e+01  2.041410e-14 
  595.000  1.430914e+03  9.071057e+01 -5.772819e-14 
  596.000  1.458771e+03  9.241588e+01 -5.667731e-14 
  597.000  1.465338e+03  9.230592e+01 -1.036341e-13 
  598.000  1.432432e+03  8.996579e+01  1.491099e-14 
  599.000  1.431786e+03  8.954917e+01 -4.721729e-14 
  600.000  1.429418e+03  8.914236e+01  4.815606e-14 
  601.000  1.419733e+03  8.823167e+01  1.112632e-13 
  602.000  1.403851e+03  8.687259e+01  6.600491e-14 
  603.000  1.412092e+03  8.701720e+01  1.184983e-14 
  604.000  1.456732e+03  8.939069e+01 -3.610837e-14 
  605.000  1.453288e+03  8.878935e+01  0.000000e+00 
  606.000  1.436857e+03  8.739164e+01 -2.242815e-14 
  607.000  1.429220e+03  8.653698e+01 -4.676578e-14 
  608.000  1.424477e+03  8.586413e+01  8.392779e-14 
  609.000  1.410350e+03  8.463187e+01  3.803305e-14 
  610.000  1.388244e+03  8.293351e+01 -2.492008e-13 
  611.000  1.411251e+03  8.393224e+01 -1.219933e-13 
  612.000  1.393349e+03  8.249847e+01 -8.759803e-14 
  613.000  1.373459e+03  8.095840e+01 -1.921659e-14 
  614.000  1.324318e+03  7.771378e+01 -2.153247e-14 
  615.000  1.388211e+03  8.110110e+01  7.763184e-14 
  616.000  1.320356e+03  7.679368e+01 -5.234381e-14 
  617.000  1.328247e+03  7.690771e+01 -1.046897e-13 
  618.000  1.391328e+03  8.019859e+01  9.019981e-14 
  619.000  1.378991e+03  7.912782e+01  2.129286e-14 
  620.000  1.399777e+03  7.995626e+01  1.475453e-13 
  621.000  1.424261e+03  8.098322e+01  9.218786e-14 
  622.000  1.349482e+03  7.637833e+01  2.080775e-14 
  623.000  1.360373e+03  7.663548e+01 -4.605255e-14 
  624.000  1.362184e+03  7.638161e+01  5.172454e-14 
  625.000  1.325586e+03  7.398380e+01 -1.554355e-13 
  626.000  1.332976e+03  7.403899e+01  5.160708e-14 
  627.000  1.357818e+03  7.492978e+01 -7.825098e-14 
  628.000  1.337293e+03  7.244279e+01  5.243956e-15 
  629.000  1.374471e+03  7.474302e+01 -1.568728e-14 
  630.000  1.327107e+03  7.192561e+01 -2.305723e-15 
  631.000  1.376515e+03  7.446078e+01 -3.120809e-14 
  632.000  1.285558e+03  6.929205e+01  3.766803e-14 
  633.000  1.378438e+03  7.417841e+01 -6.716531e-15 
  634.000  1.337367e+03  7.176435e+01  3.348503e-14 
  635.000  1.362793e+03  7.286577e+01 -2.949211e-14 
  636.000  1.315027e+03  7.007201e+01 -8.860793e-14 
  637.000  1.359013e+03  7.215852e+01  5.656034e-14 
  638.000  1.379629e+03  7.303038e+01 -1.166141e-13 
  639.000  1.368948e+03  7.219081e+01 -2.837540e-14 
  640.000  1.326027e+03  6.968690e+01  6.517341e-14 
  641.000  1.345856e+03  7.045670e+01  2.459673e-15 
  642.000  1.329854e+03  6.936781e+01  1.508988e-13 
  643.000  1.354637e+03  7.034557e+01 -5.039429e-14 
  644.000  1.339645e+03  6.929375e+01  6.061509e-14 
  645.000  1.353075e+03  6.965647e+01  4.381883e-14 
  646.000  1.306954e+03  6.681343e+01  1.892996e-14 
  647.000  1.328841e+03  6.752618e+01 -3.674435e-14 
  648.000  1.330808e+03  6.721322e+01 -1.154386e-13 
  649.000  1.354335e+03  6.825548e+01 -1.683589e-13 
  650.000  1.249337e+03  6.294149e+01 -3.945261e-14 
  651.000  1.346262e+03  6.755387e+01 -6.174088e-14 
  652.000  1.326484e+03  6.608634e+01 -5.318549e-15 
  653.000  1.346990e+03  6.709198e+01 -4.783873e-14 
  654.000  1.330567e+03  6.598045e+01  0.000000e+00 
  655.000  1.298280e+03  6.404602e+01 -3.693228e-14 
  656.000  1.101928e+03  5.417307e+01  4.319223e-14 
  657.000  1.175285e+03  5.758395e+01 -5.581966e-15 
  658.000  1.307300e+03  6.389489e+01  1.558699e-13 
  659.000  1.309573e+03  6.381060e+01 -6.193880e-15 
  660.000  1.319709e+03  6.407757e+01  7.437120e-14 
  661.000  1.324309e+03  6.412168e+01 -4.757241e-14 
  662.000  1.343011e+03  6.480669e+01  3.018935e-14 
  663.000  1.328684e+03  6.386118e+01 -1.573776e-13 
  664.000  1.307683e+03  6.262140e+01  1.229881e-14 
  665.000  1.313580e+03  6.267166e+01  3.563418e-14 
  666.000  1.329480e+03  6.320026e+01 -4.034349e-14 
  667.000  1.303242e+03  6.172551e+01  1.084130e-14 
  668.000  1.310713e+03  6.185445e+01  4.242027e-15 
  669.000  1.329799e+03  6.252252e+01 -1.341778e-14 
  670.000  1.314195e+03  6.155873e+01  3.975197e-14 
  671.000  1.300558e+03  6.069442e+01  1.498502e-14 
  672.000  1.296651e+03  6.028730e+01  2.727791e-13 
  673.000  1.306274e+03  6.050946e+01 -8.872863e-14 
  674.000  1.309144e+03  6.041801e+01 -2.670230e-13 
  675.000  1.289469e+03  5.929043e+01 -8.052229e-14 
  676.000  1.314137e+03  6.020195e+01  4.854867e-14 
  677.000  1.288315e+03  5.880170e+01  2.784397e-15 
  678.000  1.309939e+03  5.956921e+01 -2.532921e-14 
  679.000  1.291780e+03  5.852649e+01  1.525721e-13 
  680.000  1.282407e+03  5.787964e+01 -1.440929e-13 
  681.000  1.284450e+03  5.774765e+01  2.095200e-13 
  682.000  1.282074e+03  5.742685e+01 -6.324805e-14 
  683.000  1.291137e+03  5.761469e+01 -1.222696e-13 
  684.000  1.268650e+03  5.638592e+01 -6.255183e-14 
  685.000  1.282926e+03  5.682559e+01  1.841572e-15 
  686.000  1.226852e+03  5.403222e+01  4.827272e-15 
  687.000  1.122202e+03  4.736582e+01  3.814002e-14 
  688.000  1.156382e+03  4.901406e+01  4.918172e-14 
  689.000  1.150470e+03  4.846869e+01 -4.257267e-14 
  690.000  1.173311e+03  4.948067e+01 -3.812252e-14 
  691.000  1.201939e+03  5.090199e+01 -4.520449e-14 
  692.000  1.210420e+03  5.140965e+01 -5.292046e-14 
  693.000  1.220291e+03  5.167405e+01  4.984818e-14 
  694.000  1.231857e+03  5.192199e+01 -1.812173e-14 
  695.000  1.216249e+03  5.124545e+01  6.393768e-14 
  696.000  1.233740e+03  5.189318e+01 -3.288014e-15 
  697.000  1.246515e+03  5.264552e+01  3.598570e-14 
  698.000  1.221673e+03  5.132846e+01 -5.406430e-14 
  699.000  1.235655e+03  5.138980e+01 -1.138403e-14 
  700.000  1.223003e+03  5.073530e+01  2.793297e-15 
  701.000  1.193852e+03  4.928167e+01 -3.652753e-15 
  702.000  1.189745e+03  4.898752e+01 -5.663094e-15 
  703.000  1.214098e+03  5.008778e+01  9.380446e-14 
  704.000  1.218193e+03  5.009101e+01  7.184504e-14 
  705.000  1.224712e+03  5.006422e+01  2.543857e-14 
  706.000  1.212550e+03  4.941512e+01  4.287537e-15 
  707.000  1.195568e+03  4.859259e+01 -7.034629e-14 
  708.000  1.231686e+03  4.993091e+01  1.531860e-14 
  709.000  1.190392e+03  4.818022e+01  4.589491e-14 
  710.000  1.215663e+03  4.893282e+01  8.861538e-14 
  711.000  1.206098e+03  4.847911e+01 -2.722404e-14 
  712.000  1.191611e+03  4.781755e+01 -5.089165e-14 
  713.000  1.185079e+03  4.732223e+01 -1.005357e-14 
  714.000  1.204814e+03  4.792192e+01 -3.896407e-14 
  715.000  1.160086e+03  4.588100e+01 -4.431482e-14 
  716.000  1.187565e+03  4.670348e+01  3.368694e-14 
  717.000  1.133401e+03  4.388528e+01  8.322114e-15 
  718.000  1.112120e+03  4.265863e+01  3.036829e-14 
  719.000  1.093893e+03  4.173643e+01 -1.773853e-14 
  720.000  1.093174e+03  4.145591e+01 -6.394415e-15 
  721.000  1.128723e+03  4.325558e+01 -9.600060e-15 
  722.000  1.157614e+03  4.449574e+01 -6.747145e-16 
  723.000  1.147994e+03  4.381479e+01  7.115249e-14 
  724.000  1.133952e+03  4.274810e+01 -2.418397e-14 
  725.000  1.124851e+03  4.231489e+01  2.910291e-14 
  726.000  1.121907e+03  4.204820e+01  1.463377e-14 
  727.000  1.141616e+03  4.269557e+01  2.664153e-14 
  728.000  1.118855e+03  4.165327e+01  8.720295e-15 
  729.000  1.082191e+03  4.028582e+01 -1.560487e-14 
  730.000  1.120815e+03  4.156238e+01 -2.131079e-14 
  731.000  1.100685e+03  4.065421e+01 -1.168060e-14 
  732.000  1.134802e+03  4.202344e+01 -5.205888e-15 
  733.000  1.129675e+03  4.196812e+01  3.053986e-14 
  734.000  1.158777e+03  4.305669e+01 -3.120760e-14 
  735.000  1.147637e+03  4.244957e+01 -3.085098e-14 
  736.000  1.122829e+03  4.130357e+01  2.268106e-14 
  737.000  1.140454e+03  4.188598e+01 -2.085179e-14 
  738.000  1.141151e+03  4.187619e+01  7.573135e-15 
  739.000  1.105823e+03  4.049153e+01 -3.549420e-14 
  740.000  1.119705e+03  4.096716e+01  2.689412e-14 
  741.000  1.112751e+03  4.063469e+01 -1.523917e-14 
  742.000  1.095299e+03  3.989479e+01 -4.305187e-14 
  743.000  1.129322e+03  4.106114e+01  3.163478e-14 
  744.000  1.140856e+03  4.137497e+01 -4.032329e-14 
  745.000  1.111838e+03  4.021384e+01 -3.343402e-14 
  746.000  1.127863e+03  4.067915e+01  5.596220e-14 
  747.000  1.145682e+03  4.119380e+01  1.112456e-13 
  748.000  1.125014e+03  4.033597e+01  2.120200e-14 
  749.000  1.125548e+03  4.023370e+01 -1.178594e-14 
  750.000  1.109138e+03  3.951719e+01  7.779553e-16 
  751.000  1.106484e+03  3.930028e+01 -1.412627e-13 
  752.000  1.123781e+03  3.980081e+01 -4.545184e-14 
  753.000  1.113391e+03  3.931344e+01  7.799994e-16 
  754.000  1.131034e+03  3.981474e+01 -3.389024e-14 
  755.000  1.124738e+03  3.947135e+01 -4.702351e-14 
  756.000  1.102910e+03  3.858670e+01  6.837578e-14 
  757.000  1.111133e+03  3.875421e+01 -4.098951e-14 
  758.000  1.108993e+03  3.852756e+01 -2.087314e-14 
  759.000  1.019907e+03  3.443529e+01  7.994904e-15 
  760.000  4.857747e+02  1.405769e+01 -7.884707e-16 
  761.000  4.339522e+02  1.230505e+01 -3.142378e-16 
  762.000  7.303977e+02  2.288624e+01 -2.326381e-15 
  763.000  6.544014e+02  1.972343e+01 -6.432173e-16 
  764.000  7.042263e+02  2.152008e+01 -2.524055e-15 
  765.000  8.148057e+02  2.586587e+01 -8.064075e-14 
  766.000  8.937315e+02  2.906610e+01 -6.612851e-15 
  767.000  9.640906e+02  3.161992e+01 -2.977319e-14 
  768.000  1.039872e+03  3.438248e+01 -1.200761e-15 
  769.000  1.060207e+03  3.529465e+01 -1.234780e-14 
  770.000  1.066273e+03  3.558517e+01 -4.317956e-14 
  771.000  1.072703e+03  3.580766e+01  5.442876e-14 
  772.000  1.069824e+03  3.563294e+01  1.039093e-14 
  773.000  1.066073e+03  3.541425e+01  4.138506e-14 
  774.000  1.078024e+03  3.571966e+01 -1.500830e-13 
  775.000  1.037818e+03  3.429258e+01 -1.336303e-13 
  776.000  1.080792e+03  3.561161e+01 -6.507247e-14 
  777.000  1.073478e+03  3.526712e+01  2.228626e-14 
  778.000  1.067903e+03  3.497985e+01  1.034146e-14 
  779.000  1.071554e+03  3.499519e+01  4.224819e-14 
  780.000  1.058466e+03  3.446522e+01  4.976925e-14 
  781.000  1.056831e+03  3.431521e+01 -1.030288e-13 
  782.000  1.069742e+03  3.463167e+01  1.109689e-14 
  783.000  1.044909e+03  3.372807e+01 -3.033690e-14 
  784.000  1.050921e+03  3.381914e+01 -1.090111e-14 
  785.000  1.053704e+03  3.378917e+01 -8.237223e-14 
  786.000  1.035373e+03  3.307333e+01  4.159751e-14 
  787.000  1.050069e+03  3.337657e+01 -4.557137e-14 
  788.000  1.034057e+03  3.274360e+01 -9.384454e-15 
  789.000  1.038513e+03  3.267573e+01  4.075572e-14 
  790.000  1.027955e+03  3.224099e+01  4.719295e-14 
  791.000  1.023153e+03  3.201842e+01  6.121101e-15 
  792.000  1.007420e+03  3.145411e+01  4.314969e-14 
  793.000  1.007321e+03  3.140494e+01 -1.513882e-14 
  794.000  9.985408e+02  3.113566e+01  3.355762e-14 
  795.000  9.923666e+02  3.079839e+01  1.770016e-15 
  796.000  1.006736e+03  3.100590e+01 -2.089773e-14 
  797.000  1.013983e+03  3.118185e+01 -7.692800e-14 
  798.000  1.016349e+03  3.126124e+01 -3.094105e-15 
  799.000  1.015282e+03  3.111771e+01 -3.808693e-14 
  800.000  9.877961e+02  3.012309e+01  2.398961e-14 
  801.000  1.006420e+03  3.061239e+01 -1.382854e-15 
  802.000  1.004476e+03  3.046057e+01  5.991594e-16 
  803.000  9.903915e+02  2.995855e+01 -2.462172e-15 
  804.000  1.000072e+03  3.019753e+01 -6.332201e-14 
  805.000  9.739445e+02  2.938560e+01 -1.914531e-14 
  806.000  1.001083e+03  3.015301e+01 -6.970835e-16 
  807.000  9.952554e+02  2.989552e+01  1.551584e-14 
  808.000  9.889052e+02  2.960532e+01  8.848187e-15 
  809.000  9.717676e+02  2.898676e+01 -3.470255e-14 
  810.000  9.668979e+02  2.873528e+01  1.496297e-14 
  811.000  9.811372e+02  2.902451e+01 -1.416683e-14 
  812.000  9.759258e+02  2.872240e+01  1.697132e-14 
  813.000  9.693036e+02  2.837020e+01 -4.655912e-15 
  814.000  9.643897e+02  2.805214e+01  9.969702e-15 
  815.000  9.492738e+02  2.742804e+01 -1.454332e-14 
  816.000  9.341502e+02  2.679348e+01 -2.382619e-15 
  817.000  9.403268e+02  2.690392e+01 -2.576482e-14 
  818.000  9.352443e+02  2.669552e+01 -1.332482e-14 
  819.000  9.123806e+02  2.601097e+01  3.619839e-15 
  820.000  9.024243e+02  2.579590e+01 -5.164116e-15 
  821.000  9.413220e+02  2.702418e+01 -2.801591e-14 
  822.000  9.083608e+02  2.586664e+01 -1.314880e-14 
  823.000  9.010248e+02  2.527503e+01 -3.879621e-14 
  824.000  9.317136e+02  2.633101e+01 -9.352982e-15 
  825.000  9.403901e+02  2.671830e+01 -2.726073e-14 
  826.000  9.446989e+02  2.672901e+01  1.446115e-15 
  827.000  9.404555e+02  2.650978e+01  1.342760e-14 
  828.000  9.320552e+02  2.606832e+01  2.051771e-14 
  829.000  9.340467e+02  2.610117e+01  1.255196e-14 
  830.000  9.218913e+02  2.574663e+01 -1.146743e-14 
  831.000  9.063513e+02  2.525800e+01  1.464603e-15 
  832.000  9.251845e+02  2.571984e+01 -2.758695e-14 
  833.000  8.978366e+02  2.492473e+01 -6.509820e-15 
  834.000  9.127197e+02  2.530915e+01  2.246884e-16 
  835.000  9.169914e+02  2.544009e+01 -7.313051e-15 
  836.000  9.270075e+02  2.562365e+01  6.697846e-15 
  837.000  9.193228e+02  2.534149e+01 -1.749399e-14 
  838.000  9.237583e+02  2.543650e+01 -3.567394e-14 
  839.000  8.955439e+02  2.461865e+01  4.395160e-14 
  840.000  9.197899e+02  2.522795e+01 -2.876505e-14 
  841.000  9.218467e+02  2.519177e+01 -4.137966e-14 
  842.000  9.165400e+02  2.500501e+01  4.634481e-14 
  843.000  9.110613e+02  2.484791e+01 -3.255293e-14 
  844.000  8.962936e+02  2.440509e+01  8.647589e-15 
  845.000  9.100930e+02  2.472964e+01 -1.347553e-14 
  846.000  9.183364e+02  2.490271e+01 -5.307532e-14 
  847.000  8.868129e+02  2.400034e+01  5.120700e-14 
  848.000  9.129706e+02  2.461953e+01  6.316511e-16 
  849.000  9.147244e+02  2.460653e+01  1.825756e-14 
  850.000  7.909609e+02  2.121203e+01 -1.225818e-14 
  851.000  9.062453e+02  2.422683e+01 -3.434255e-14 
  852.000  8.719515e+02  2.325173e+01 -4.265601e-14 
  853.000  8.820269e+02  2.348329e+01 -3.459226e-14 
  854.000  7.091889e+02  1.883250e+01  2.147318e-14 
  855.000  7.806881e+02  2.068844e+01 -3.810893e-14 
  856.000  8.856897e+02  2.343537e+01  5.172653e-15 
  857.000  8.997304e+02  2.375660e+01 -1.327199e-14 
  858.000  8.853096e+02  2.332188e+01 -2.883273e-14 
  859.000  8.850159e+02  2.326668e+01 -2.486125e-14 
  860.000  8.770391e+02  2.300440e+01  1.015279e-13 
  861.000  8.769842e+02  2.294585e+01  3.303137e-14 
  862.000  8.740771e+02  2.281524e+01  2.393329e-14 
  863.000  8.908575e+02  2.319527e+01 -3.538151e-14 
  864.000  8.890798e+02  2.309303e+01 -9.555689e-14 
  865.000  8.725327e+02  2.260818e+01 -3.344061e-14 
  866.000  7.319398e+02  1.891829e+01 -1.301781e-14 
  867.000  7.795187e+02  2.009755e+01  1.493562e-14 
  868.000  8.454816e+02  2.174421e+01  1.330734e-13 
  869.000  8.336807e+02  2.138798e+01  8.783670e-14 
  870.000  8.681666e+02  2.221706e+01  3.385735e-14 
  871.000  8.670000e+02  2.213280e+01  2.431307e-14 
  872.000  8.635511e+02  2.199153e+01 -4.371875e-14 
  873.000  8.671397e+02  2.202717e+01  3.380913e-14 
  874.000  8.482370e+02  2.149326e+01 -4.177640e-14 
  875.000  8.405182e+02  2.124515e+01  5.806687e-14 
  876.000  8.476640e+02  2.137104e+01 -1.060987e-13 
  877.000  8.646849e+02  2.174565e+01 -7.451640e-14 
  878.000  8.501514e+02  2.132067e+01 -7.387743e-14 
  879.000  8.521999e+02  2.131936e+01  1.195141e-14 
  880.000  8.475654e+02  2.114589e+01  3.365066e-14 
  881.000  8.036815e+02  1.999901e+01 -8.254799e-15 
  882.000  8.482645e+02  2.105410e+01  3.629386e-14 
  883.000  8.288658e+02  2.052576e+01  1.702457e-14 
  884.000  8.359187e+02  2.065132e+01  4.805133e-14 
  885.000  8.450269e+02  2.081400e+01  2.546834e-14 
  886.000  8.179029e+02  2.008136e+01 -4.206648e-15 
  887.000  8.092581e+02  1.983346e+01  3.768371e-14 
  888.000  8.335805e+02  2.037966e+01 -4.283266e-15 
  889.000  8.391238e+02  2.046993e+01 -8.043107e-15 
  890.000  8.367660e+02  2.035403e+01  2.837605e-14 
  891.000  8.326877e+02  2.018728e+01 -4.285018e-15 
  892.000  8.299869e+02  2.003382e+01 -3.708910e-15 
  893.000  7.973964e+02  1.910085e+01 -2.453341e-14 
  894.000  8.231904e+02  1.962220e+01 -6.965500e-15 
  895.000  7.779465e+02  1.836830e+01  7.209002e-15 
  896.000  7.996638e+02  1.873092e+01  3.850593e-14 
  897.000  7.717925e+02  1.794111e+01 -1.675180e-14 
  898.000  7.686352e+02  1.778574e+01  1.317995e-14 
  899.000  7.547868e+02  1.732683e+01 -4.732178e-15 
  900.000  7.379058e+02  1.691196e+01  7.274279e-16 
  901.000  7.187983e+02  1.641364e+01  0.000000e+00 
  902.000  7.060899e+02  1.609022e+01 -5.543302e-15 
  903.000  7.659365e+02  1.758575e+01 -3.599111e-15 
  904.000  7.896516e+02  1.822607e+01 -1.323835e-14 
  905.000  7.870573e+02  1.811814e+01  1.945207e-14 
  906.000  7.583451e+02  1.733187e+01  1.620636e-15 
  907.000  7.567137e+02  1.712786e+01  7.214145e-15 
  908.000  7.267681e+02  1.634459e+01  6.298154e-15 
  909.000  7.148560e+02  1.604192e+01 -4.362119e-15 
  910.000  7.248875e+02  1.623895e+01  8.135740e-15 
  911.000  7.292263e+02  1.634306e+01 -3.720548e-15 
  912.000  7.277720e+02  1.625095e+01  2.506047e-16 
  913.000  7.311391e+02  1.620336e+01 -1.917496e-15 
  914.000  7.332487e+02  1.625315e+01  1.341723e-15 
  915.000  7.254601e+02  1.607774e+01 -9.065193e-16 
  916.000  7.357755e+02  1.627893e+01 -1.199246e-16 
  917.000  7.270316e+02  1.606866e+01  2.688229e-15 
  918.000  7.268855e+02  1.605552e+01  3.646783e-15 
  919.000  7.485308e+02  1.660018e+01 -2.509066e-16 
  920.000  7.501990e+02  1.669101e+01 -3.049504e-15 
  921.000  7.319032e+02  1.622602e+01  1.552727e-14 
  922.000  7.252059e+02  1.603921e+01  1.676350e-14 
  923.000  6.925488e+02  1.525837e+01  3.149495e-14 
  924.000  7.161081e+02  1.568638e+01  1.552674e-14 
  925.000  7.252848e+02  1.584697e+01 -1.733256e-14 
  926.000  6.994720e+02  1.524704e+01 -4.815607e-15 
  927.000  7.188048e+02  1.557423e+01  8.630932e-15 
  928.000  7.127249e+02  1.532770e+01  8.695460e-15 
  929.000  6.872712e+02  1.465207e+01  3.631178e-15 
  930.000  6.651265e+02  1.405001e+01  2.706174e-14 
  931.000  6.409047e+02  1.341284e+01  1.730937e-16 
  932.000  6.023136e+02  1.244033e+01  4.081404e-16 
  933.000  5.773293e+02  1.177557e+01  2.491945e-16 
  934.000  5.429463e+02  1.088722e+01  2.047784e-16 
  935.000  5.319426e+02  1.062240e+01 -1.058272e-17 
  936.000  5.401787e+02  1.083397e+01 -8.314204e-20 
  937.000  5.489256e+02  1.096847e+01 -4.252230e-20 
  938.000  5.745975e+02  1.163247e+01  4.456315e-16 
  939.000  6.534133e+02  1.349734e+01  3.077005e-15 
  940.000  6.598856e+02  1.364531e+01  1.683952e-16 
  941.000  6.363844e+02  1.309629e+01 -1.400892e-16 
  942.000  5.914753e+02  1.207235e+01 -1.828951e-15 
  943.000  5.847029e+02  1.177461e+01  4.840592e-16 
  944.000  5.660484e+02  1.136161e+01  8.020330e-16 
  945.000  5.857410e+02  1.178416e+01 -1.574704e-15 
  946.000  5.943264e+02  1.193511e+01  1.639061e-15 
  947.000  6.027569e+02  1.212388e+01  8.232057e-17 
  948.000  6.133403e+02  1.233502e+01  8.339391e-17 
  949.000  6.142077e+02  1.232440e+01 -1.039342e-16 
  950.000  6.118909e+02  1.225797e+01  1.550731e-16 
  951.000  6.234318e+02  1.251498e+01  3.901086e-16 
  952.000  6.068259e+02  1.210380e+01  0.000000e+00 
  953.000  6.164621e+02  1.230971e+01  1.632341e-16 
  954.000  6.221533e+02  1.243993e+01 -2.569556e-18 
  955.000  5.720239e+02  1.138444e+01 -1.533789e-16 
  956.000  6.076922e+02  1.206481e+01 -2.952304e-15 
  957.000  6.364426e+02  1.271959e+01  6.039638e-15 
  958.000  6.448364e+02  1.287736e+01  6.025842e-16 
  959.000  6.424409e+02  1.278309e+01 -6.707091e-15 
  960.000  6.348981e+02  1.260139e+01  3.401116e-15 
  961.000  6.256629e+02  1.238303e+01  3.210538e-15 
  962.000  6.308364e+02  1.246799e+01  2.545213e-18 
  963.000  6.447279e+02  1.278438e+01  3.370222e-15 
  964.000  6.394341e+02  1.266355e+01 -3.008625e-15 
  965.000  6.457527e+02  1.275464e+01 -2.920482e-15 
  966.000  6.278030e+02  1.237816e+01  4.784916e-15 
  967.000  6.569610e+02  1.298483e+01  6.283498e-15 
  968.000  6.665095e+02  1.326921e+01 -7.882152e-15 
  969.000  6.779860e+02  1.353750e+01  1.822534e-14 
  970.000  6.802241e+02  1.355693e+01  1.584791e-14 
  971.000  6.740232e+02  1.340285e+01  1.659692e-15 
  972.000  6.767189e+02  1.340749e+01  7.152943e-15 
  973.000  6.656678e+02  1.311711e+01 -1.600737e-14 
  974.000  6.495852e+02  1.272603e+01  0.000000e+00 
  975.000  6.489948e+02  1.265979e+01  2.334866e-15 
  976.000  6.616631e+02  1.291414e+01  1.843830e-14 
  977.000  6.524465e+02  1.276973e+01  1.811868e-14 
  978.000  6.679276e+02  1.303946e+01 -2.586170e-14 
  979.000  6.504492e+02  1.268846e+01 -1.700564e-14 
  980.000  6.671590e+02  1.306185e+01  4.521978e-15 
  981.000  6.734658e+02  1.317536e+01  4.702748e-15 
  982.000  6.703093e+02  1.306766e+01  1.420572e-15 
  983.000  6.723615e+02  1.312213e+01 -3.264876e-15 
  984.000  6.717856e+02  1.312939e+01  2.560317e-15 
  985.000  6.736881e+02  1.316635e+01 -9.775095e-15 
  986.000  6.710052e+02  1.312312e+01 -1.753958e-16 
  987.000  6.798585e+02  1.328208e+01  1.951452e-14 
  988.000  6.717618e+02  1.310021e+01  1.284874e-14 
  989.000  6.634171e+02  1.291273e+01 -3.398987e-15 
  990.000  6.693625e+02  1.300525e+01 -6.855515e-15 
  991.000  6.758585e+02  1.311933e+01  3.455094e-15 
  992.000  6.699225e+02  1.298115e+01 -1.277479e-14 
  993.000  6.700283e+02  1.295759e+01 -6.387039e-15 
  994.000  6.743362e+02  1.302741e+01  6.418202e-15 
  995.000  6.699875e+02  1.292568e+01 -2.206644e-14 
  996.000  6.698700e+02  1.289633e+01 -3.412988e-15 
  997.000  6.702452e+02  1.287064e+01 -2.959224e-15 
  998.000  6.673658e+02  1.278180e+01  3.562796e-14 
  999.000  6.655595e+02  1.271815e+01 -2.829230e-14 
 1000.000  6.604088e+02  1.259553e+01 -2.917798e-15 
 1001.000  6.632494e+02  1.260924e+01 -3.388946e-15 
 1002.000  6.610400e+02  1.251857e+01  1.015863e-14 
 1003.000  6.536613e+02  1.235847e+01  3.346224e-15 
 1004.000  6.489529e+02  1.225669e+01  6.634211e-15 
 1005.000  6.064711e+02  1.143606e+01 -1.424365e-14 
 1006.000  6.384202e+02  1.201527e+01  3.260189e-15 
 1007.000  6.498447e+02  1.220079e+01 -9.070512e-15 
 1008.000  6.516155e+02  1.219086e+01 -3.335944e-15 
 1009.000  6.463413e+02  1.204765e+01  5.535991e-17 
 1010.000  6.493821e+02  1.208897e+01  6.072241e-15 
 1011.000  6.472800e+02  1.204674e+01 -1.852295e-14 
 1012.000  6.480605e+02  1.204596e+01  1.234917e-14 
 1013.000  6.437522e+02  1.194851e+01 -2.844044e-15 
 1014.000  6.480745e+02  1.200706e+01 -1.563835e-14 
 1015.000  6.361475e+02  1.176232e+01  2.464574e-14 
 1016.000  6.404036e+02  1.181996e+01  2.762690e-14 
 1017.000  6.341988e+02  1.168329e+01 -2.368771e-14 
 1018.000  6.422805e+02  1.180362e+01  1.505568e-14 
 1019.000  6.272756e+02  1.149593e+01  2.772193e-15 
 1020.000  6.260817e+02  1.145329e+01  6.387589e-15 
 1021.000  6.325670e+02  1.155424e+01 -1.848247e-14 
 1022.000  6.226890e+02  1.134053e+01 -1.503838e-14 
 1023.000  6.343136e+02  1.152001e+01 -1.252866e-14 
 1024.000  6.308827e+02  1.142911e+01 -1.848709e-14 
 1025.000  6.312632e+02  1.142793e+01  9.662778e-15 
 1026.000  6.322473e+02  1.142891e+01  9.237995e-15 
 1027.000  6.283427e+02  1.133213e+01  3.633864e-15 
 1028.000  6.299166e+02  1.133947e+01 -2.205143e-14 
 1029.000  6.205165e+02  1.115384e+01 -1.495867e-14 
 1030.000  6.269235e+02  1.125187e+01 -2.763825e-15 
 1031.000  6.250115e+02  1.119759e+01  2.098493e-14 
 1032.000  6.228835e+02  1.113893e+01 -9.081691e-15 
 1033.000  6.114379e+02  1.091237e+01 -1.244142e-14 
 1034.000  6.179158e+02  1.100667e+01 -2.974427e-14 
 1035.000  6.113230e+02  1.086730e+01  2.279165e-14 
 1036.000  6.192128e+02  1.098405e+01  2.981303e-14 
 1037.000  6.061223e+02  1.072944e+01 -1.459316e-14 
 1038.000  6.120999e+02  1.081347e+01 -1.701607e-14 
 1039.000  6.146310e+02  1.083505e+01 -2.708455e-15 
 1040.000  6.073674e+02  1.068417e+01  6.181950e-15 
 1041.000  6.105809e+02  1.071793e+01  2.050498e-14 
 1042.000  6.123702e+02  1.072703e+01  2.680019e-14 
 1043.000  6.017778e+02  1.051972e+01  3.063241e-15 
 1044.000  6.077296e+02  1.060122e+01 -1.999991e-14 
 1045.000  6.051727e+02  1.053314e+01 -2.669033e-15 
 1046.000  5.875709e+02  1.020457e+01 -2.592007e-15 
 1047.000  5.983565e+02  1.036889e+01 -3.048882e-15 
 1048.000  6.042559e+02  1.044695e+01  3.080673e-15 
 1049.000  6.002596e+02  1.035358e+01  1.101849e-14 
 1050.000  5.966652e+02  1.026825e+01  0.000000e+00 
 1051.000  5.967795e+02  1.024659e+01  0.000000e+00 
 1052.000  5.939702e+02  1.017523e+01 -1.738978e-14 
 1053.000  5.941517e+02  1.015650e+01  4.066612e-16 
 1054.000  5.880605e+02  1.002868e+01  6.011484e-15 
 1055.000  5.923878e+02  1.007862e+01  1.736485e-14 
 1056.000  5.907709e+02  1.002739e+01  0.000000e+00 
 1057.000  5.898209e+02  9.984776e+00 -6.041989e-15 
 1058.000  5.838344e+02  9.853182e+00  5.990319e-15 
 1059.000  5.653447e+02  9.521127e+00 -2.123598e-15 
 1060.000  5.854346e+02  9.842785e+00  3.002792e-15 
 1061.000  5.648923e+02  9.478505e+00  1.371538e-14 
 1062.000  5.806738e+02  9.719342e+00 -1.113144e-14 
 1063.000  5.707183e+02  9.532042e+00  2.933772e-15 
 1064.000  5.781366e+02  9.632762e+00  0.000000e+00 
 1065.000  5.774754e+02  9.599023e+00 -1.110004e-14 
 1066.000  5.597256e+02  9.287846e+00  4.992943e-15 
 1067.000  5.730660e+02  9.489278e+00 -1.102097e-14 
 1068.000  5.709404e+02  9.427764e+00  1.099600e-14 
 1069.000  5.282684e+02  8.706092e+00  0.000000e+00 
 1070.000  5.598727e+02  9.214727e+00  1.654418e-14 
 1071.000  5.611202e+02  9.214714e+00 -1.157606e-14 
 1072.000  5.630712e+02  9.228265e+00 -3.663153e-16 
 1073.000  5.447103e+02  8.912346e+00  8.573296e-15 
 1074.000  5.640037e+02  9.214608e+00  3.263288e-15 
 1075.000  5.467053e+02  8.926896e+00 -3.377669e-15 
 1076.000  5.587939e+02  9.104306e+00  2.472008e-16 
 1077.000  5.576813e+02  9.064388e+00  2.345493e-15 
 1078.000  5.593951e+02  9.069203e+00  1.020481e-15 
 1079.000  5.378223e+02  8.704583e+00 -6.935682e-15 
 1080.000  5.536445e+02  8.924166e+00  8.320565e-15 
 1081.000  5.334250e+02  8.583218e+00  2.443480e-16 
 1082.000  5.404332e+02  8.691171e+00  4.931598e-15 
 1083.000  5.258334e+02  8.431963e+00 -1.259897e-15 
 1084.000  5.458003e+02  8.725934e+00  2.588853e-15 
 1085.000  5.381821e+02  8.563169e+00  8.767894e-15 
 1086.000  5.454229e+02  8.670492e+00  3.273839e-17 
 1087.000  5.126138e+02  8.164209e+00 -3.502454e-15 
 1088.000  5.438517e+02  8.648706e+00  6.551293e-15 
 1089.000  5.223635e+02  8.258255e+00 -9.134231e-15 
 1090.000  5.336302e+02  8.416186e+00 -3.465417e-15 
 1091.000  5.373272e+02  8.467132e+00  1.937402e-15 
 1092.000  5.245049e+02  8.235367e+00 -3.883253e-15 
 1093.000  5.169761e+02  8.070156e+00 -8.954680e-16 
 1094.000  4.700427e+02  7.312963e+00  2.004480e-15 
 1095.000  5.089128e+02  7.906738e+00  4.677008e-15 
 1096.000  5.069830e+02  7.865652e+00 -1.232647e-15 
 1097.000  4.999952e+02  7.738675e+00  7.024196e-15 
 1098.000  4.885576e+02  7.486857e+00  0.000000e+00 
 1099.000  4.836690e+02  7.357390e+00 -4.382233e-16 
 1100.000  4.923776e+02  7.480103e+00 -7.841446e-18 
