  400.000  9.994424e+02  2.633214e+02  4.416495e-13 
  401.000  9.936223e+02  2.591284e+02 -1.207334e-13 
  402.000  1.053244e+03  2.719019e+02  3.039723e-13 
  403.000  9.866216e+02  2.521431e+02  1.167233e-13 
  404.000  1.060377e+03  2.682826e+02 -1.299793e-13 
  405.000  9.725311e+02  2.436080e+02  2.205046e-13 
  406.000  9.652672e+02  2.393960e+02  1.756093e-13 
  407.000  9.401649e+02  2.308756e+02 -3.378618e-13 
  408.000  1.018559e+03  2.476778e+02  2.616922e-15 
  409.000  1.127434e+03  2.714812e+02 -4.136664e-13 
  410.000  9.425767e+02  2.247675e+02  1.546221e-13 
  411.000  1.106823e+03  2.613869e+02 -4.558719e-13 
  412.000  1.146786e+03  2.682229e+02  4.933089e-13 
  413.000  1.083223e+03  2.509367e+02 -8.587795e-13 
  414.000  1.063063e+03  2.439160e+02  1.869063e-13 
  415.000  1.133644e+03  2.576543e+02 -7.115410e-14 
  416.000  1.126582e+03  2.536406e+02 -1.880732e-14 
  417.000  1.092145e+03  2.435846e+02 -6.488669e-13 
  418.000  1.068214e+03  2.360255e+02 -2.517441e-14 
  419.000  1.094238e+03  2.395309e+02 -1.475604e-13 
  420.000  9.260356e+02  2.008384e+02 -6.957941e-14 
  421.000  1.160021e+03  2.492738e+02  3.018089e-13 
  422.000  1.111330e+03  2.366291e+02 -1.295943e-13 
  423.000  9.384017e+02  1.979928e+02 -1.182713e-13 
  424.000  1.031987e+03  2.157690e+02  5.657133e-14 
  425.000  1.068618e+03  2.214126e+02  1.829807e-13 
  426.000  1.027044e+03  2.108884e+02 -4.633276e-13 
  427.000  9.877132e+02  2.010004e+02 -1.052183e-13 
  428.000  9.999512e+02  2.016811e+02  4.026919e-13 
  429.000  9.095469e+02  1.818234e+02 -1.806154e-13 
  430.000  7.256596e+02  1.437845e+02 -7.448111e-14 
  431.000  6.523011e+02  1.281154e+02  3.026781e-14 
  432.000  1.173916e+03  2.285500e+02  2.061739e-13 
  433.000  1.044745e+03  2.016339e+02 -2.635340e-14 
  434.000  9.927856e+02  1.899487e+02 -5.776927e-14 
  435.000  1.079911e+03  2.048395e+02  8.877399e-14 
  436.000  1.197224e+03  2.251448e+02 -8.756279e-15 
  437.000  1.208542e+03  2.253331e+02  2.308868e-13 
  438.000  1.082394e+03  2.000972e+02 -4.230415e-13 
  439.000  1.047205e+03  1.919544e+02  2.237688e-13 
  440.000  1.173493e+03  2.132892e+02 -6.887651e-15 
  441.000  1.169482e+03  2.107746e+02  2.605228e-13 
  442.000  1.231495e+03  2.200926e+02 -4.452222e-14 
  443.000  1.239536e+03  2.196809e+02 -7.502207e-14 
  444.000  1.231305e+03  2.164068e+02  6.176320e-14 
  445.000  1.295023e+03  2.257161e+02  1.434941e-13 
  446.000  1.152633e+03  1.992323e+02  3.178834e-13 
  447.000  1.314396e+03  2.253340e+02  1.274555e-13 
  448.000  1.335971e+03  2.271947e+02 -3.256161e-13 
  449.000  1.344721e+03  2.268636e+02  3.468677e-13 
  450.000  1.373702e+03  2.299132e+02  5.003957e-13 
  451.000  1.484249e+03  2.464426e+02  7.446845e-14 
  452.000  1.379504e+03  2.272328e+02  1.197781e-13 
  453.000  1.280298e+03  2.092213e+02 -2.364814e-13 
  454.000  1.364729e+03  2.212570e+02  7.513932e-14 
  455.000  1.374031e+03  2.210095e+02 -3.370174e-14 
  456.000  1.407110e+03  2.245472e+02  1.413747e-13 
  457.000  1.414766e+03  2.240013e+02 -4.325561e-14 
  458.000  1.389668e+03  2.183114e+02  3.826043e-13 
  459.000  1.389293e+03  2.165545e+02  1.721276e-13 
  460.000  1.376996e+03  2.129759e+02 -1.573261e-13 
  461.000  1.426710e+03  2.189636e+02  2.689553e-13 
  462.000  1.403275e+03  2.137114e+02 -1.736365e-13 
  463.000  1.403430e+03  2.120981e+02 -1.854134e-13 
  464.000  1.407738e+03  2.111419e+02 -2.045304e-13 
  465.000  1.386874e+03  2.064455e+02  5.267444e-14 
  466.000  1.430488e+03  2.113372e+02  1.311048e-13 
  467.000  1.379698e+03  2.023036e+02 -2.122424e-13 
  468.000  1.460286e+03  2.125033e+02  3.605986e-13 
  469.000  1.447191e+03  2.089983e+02  7.056253e-15 
  470.000  1.427007e+03  2.045107e+02 -2.055775e-13 
  471.000  1.424225e+03  2.025446e+02  1.182576e-13 
  472.000  1.441451e+03  2.034129e+02 -1.361511e-13 
  473.000  1.425629e+03  1.996158e+02 -8.698019e-14 
  474.000  1.436997e+03  1.996345e+02  3.462583e-14 
  475.000  1.495158e+03  2.060384e+02 -2.814278e-13 
  476.000  1.449462e+03  1.980793e+02  8.139439e-14 
  477.000  1.436226e+03  1.946924e+02  6.602063e-14 
  478.000  1.506301e+03  2.027937e+02  1.113395e-13 
  479.000  1.436526e+03  1.921975e+02 -5.028061e-14 
  480.000  1.463257e+03  1.945906e+02 -5.233682e-14 
  481.000  1.452969e+03  1.920178e+02  6.751035e-14 
  482.000  1.482164e+03  1.946203e+02 -4.410391e-13 
  483.000  1.482695e+03  1.934091e+02  1.242912e-13 
  484.000  1.424864e+03  1.846138e+02 -2.704615e-13 
  485.000  1.434664e+03  1.846159e+02  4.811083e-13 
  486.000  1.162705e+03  1.485975e+02  2.322226e-13 
  487.000  1.306294e+03  1.658091e+02  3.568202e-13 
  488.000  1.417821e+03  1.787365e+02 -5.654952e-13 
  489.000  1.317504e+03  1.649587e+02  1.370251e-13 
  490.000  1.499374e+03  1.864552e+02  1.488087e-14 
  491.000  1.402618e+03  1.732360e+02 -4.678516e-13 
  492.000  1.347496e+03  1.652963e+02 -7.695893e-14 
  493.000  1.450856e+03  1.767707e+02  2.127586e-13 
  494.000  1.401230e+03  1.695712e+02 -2.863473e-13 
  495.000  1.497508e+03  1.800045e+02 -1.772960e-13 
  496.000  1.458144e+03  1.740896e+02 -2.045076e-13 
  497.000  1.414165e+03  1.677050e+02  5.550155e-14 
  498.000  1.380456e+03  1.626125e+02 -3.907648e-14 
  499.000  1.376842e+03  1.611043e+02 -3.433219e-13 
  500.000  1.370501e+03  1.592965e+02  3.164061e-16 
  501.000  1.339521e+03  1.546626e+02  3.139034e-13 
  502.000  1.330487e+03  1.526053e+02  1.424272e-13 
  503.000  1.409529e+03  1.606086e+02 -1.721770e-14 
  504.000  1.311177e+03  1.484226e+02  1.102534e-13 
  505.000  1.413970e+03  1.590121e+02 -5.229329e-14 
  506.000  1.513289e+03  1.690892e+02 -4.111923e-13 
  507.000  1.407605e+03  1.562763e+02  2.388143e-13 
  508.000  1.349523e+03  1.488758e+02  2.186129e-13 
  509.000  1.454829e+03  1.594765e+02  4.290513e-13 
  510.000  1.409251e+03  1.535042e+02  8.962814e-14 
  511.000  1.409269e+03  1.525377e+02  1.857538e-14 
  512.000  1.478687e+03  1.590452e+02 -2.025001e-13 
  513.000  1.352948e+03  1.446100e+02  3.285867e-13 
  514.000  1.324181e+03  1.406521e+02  7.800578e-14 
  515.000  1.351468e+03  1.426584e+02 -4.692007e-14 
  516.000  1.419204e+03  1.488760e+02 -9.968616e-14 
  517.000  1.045148e+03  1.089534e+02 -1.172747e-14 
  518.000  1.293608e+03  1.340164e+02  5.634772e-14 
  519.000  1.225247e+03  1.261484e+02  5.671169e-14 
  520.000  1.348604e+03  1.379928e+02 -3.587034e-14 
  521.000  1.349004e+03  1.371835e+02  3.685700e-13 
  522.000  1.402193e+03  1.417133e+02 -4.490088e-13 
  523.000  1.305941e+03  1.311691e+02 -7.771794e-14 
  524.000  1.416578e+03  1.414058e+02  9.921584e-14 
  525.000  1.404958e+03  1.393829e+02  4.593584e-14 
  526.000  1.338621e+03  1.319934e+02  5.956372e-13 
  527.000  1.169112e+03  1.145756e+02 -1.269876e-13 
  528.000  1.403828e+03  1.367404e+02  7.692904e-15 
  529.000  1.443398e+03  1.397420e+02  2.057350e-13 
  530.000  1.363608e+03  1.312206e+02  8.049948e-15 
  531.000  1.483978e+03  1.419465e+02  6.383696e-14 
  532.000  1.415388e+03  1.345808e+02  1.195315e-14 
  533.000  1.242823e+03  1.174828e+02 -1.275180e-13 
  534.000  1.351030e+03  1.269804e+02 -2.305786e-14 
  535.000  1.377922e+03  1.287771e+02  2.325416e-13 
  536.000  1.461586e+03  1.358263e+02  1.970008e-13 
  537.000  1.355547e+03  1.252603e+02 -7.380107e-14 
  538.000  1.418551e+03  1.303390e+02 -3.009165e-14 
  539.000  1.413478e+03  1.291366e+02 -8.100003e-14 
  540.000  1.382919e+03  1.256286e+02 -3.513016e-13 
  541.000  1.267803e+03  1.145201e+02 -1.685156e-13 
  542.000  1.413914e+03  1.269976e+02  1.431502e-13 
  543.000  1.352176e+03  1.207686e+02 -1.045433e-13 
  544.000  1.425945e+03  1.266403e+02 -1.006453e-13 
  545.000  1.404482e+03  1.240331e+02 -3.588353e-14 
  546.000  1.373041e+03  1.205768e+02  1.666461e-13 
  547.000  1.431157e+03  1.249795e+02 -1.003252e-13 
  548.000  1.327703e+03  1.153001e+02  9.553961e-14 
  549.000  1.397117e+03  1.206559e+02  4.148658e-14 
  550.000  1.366441e+03  1.173531e+02 -8.454253e-14 
  551.000  1.358110e+03  1.159902e+02  2.211850e-13 
  552.000  1.416894e+03  1.203420e+02  1.202737e-13 
  553.000  1.361631e+03  1.150100e+02  1.465769e-13 
  554.000  1.406384e+03  1.181361e+02  1.728539e-13 
  555.000  1.410620e+03  1.178417e+02  7.991114e-14 
  556.000  1.372022e+03  1.139896e+02 -1.406273e-14 
  557.000  1.331595e+03  1.100245e+02  6.291134e-14 
  558.000  1.382480e+03  1.136043e+02  1.000160e-13 
  559.000  1.307037e+03  1.068183e+02 -2.016941e-13 
  560.000  1.313077e+03  1.067248e+02 -1.809532e-13 
  561.000  1.443460e+03  1.166793e+02 -1.316579e-13 
  562.000  1.325438e+03  1.065426e+02  1.661082e-13 
  563.000  1.387042e+03  1.108817e+02 -5.922858e-14 
  564.000  1.367889e+03  1.087455e+02 -4.354477e-14 
  565.000  1.384571e+03  1.094525e+02 -1.954582e-13 
  566.000  1.276783e+03  1.003696e+02  1.097148e-13 
  567.000  1.370335e+03  1.070890e+02  6.064115e-14 
  568.000  1.368902e+03  1.062403e+02  2.705938e-14 
  569.000  1.345505e+03  1.035341e+02  1.590046e-14 
  570.000  1.351857e+03  1.034861e+02 -4.280150e-15 
  571.000  1.301153e+03  9.925307e+01  1.339715e-13 
  572.000  1.377956e+03  1.043115e+02 -1.746690e-14 
  573.000  1.391710e+03  1.048209e+02 -1.081508e-13 
  574.000  1.383913e+03  1.036753e+02 -1.175187e-15 
  575.000  1.350432e+03  1.006034e+02  1.141400e-13 
  576.000  1.326329e+03  9.828155e+01 -8.970314e-15 
  577.000  1.381178e+03  1.018791e+02 -6.089178e-14 
  578.000  1.340372e+03  9.845255e+01 -3.641543e-14 
  579.000  1.330408e+03  9.732807e+01  3.550827e-14 
  580.000  1.377262e+03  1.003780e+02  1.125503e-14 
  581.000  1.353157e+03  9.829872e+01 -5.684545e-16 
  582.000  1.374389e+03  9.946006e+01 -2.894269e-14 
  583.000  1.385102e+03  9.981078e+01  5.822885e-14 
  584.000  1.381683e+03  9.912877e+01  0.000000e+00 
  585.000  1.373562e+03  9.810066e+01  1.128520e-13 
  586.000  1.315422e+03  9.351966e+01 -8.723475e-14 
  587.000  1.369103e+03  9.678740e+01 -6.803112e-15 
  588.000  1.361979e+03  9.547779e+01 -5.286672e-15 
  589.000  1.216151e+03  8.440897e+01  7.202041e-14 
  590.000  1.270978e+03  8.776852e+01  2.384989e-14 
  591.000  1.345007e+03  9.275716e+01  4.605354e-14 
  592.000  1.323081e+03  9.064143e+01 -6.449505e-14 
  593.000  1.330577e+03  9.109170e+01 -5.832758e-14 
  594.000  1.344929e+03  9.154980e+01 -1.325916e-15 
  595.000  1.324631e+03  8.948464e+01  2.731864e-14 
  596.000  1.350755e+03  9.118404e+01  1.228161e-14 
  597.000  1.356722e+03  9.106536e+01  9.875379e-14 
  598.000  1.326363e+03  8.876001e+01 -1.513602e-14 
  599.000  1.325766e+03  8.834466e+01 -1.235612e-14 
  600.000  1.323663e+03  8.794576e+01  6.482990e-14 
  601.000  1.314736e+03  8.704624e+01 -7.330531e-14 
  602.000  1.300020e+03  8.570177e+01 -8.132140e-14 
  603.000  1.307724e+03  8.584720e+01 -1.564499e-14 
  604.000  1.349182e+03  8.819455e+01  2.792992e-15 
  605.000  1.346089e+03  8.760532e+01 -3.876891e-14 
  606.000  1.330951e+03  8.622908e+01  2.352799e-14 
  607.000  1.323954e+03  8.538843e+01  5.004493e-14 
  608.000  1.319639e+03  8.472717e+01  3.681313e-14 
  609.000  1.306627e+03  8.351364e+01 -1.715146e-14 
  610.000  1.286222e+03  8.184028e+01  6.743433e-14 
  611.000  1.307624e+03  8.282894e+01 -1.075536e-15 
  612.000  1.291118e+03  8.141695e+01 -1.720514e-13 
  613.000  1.272766e+03  7.989977e+01  1.626887e-13 
  614.000  1.227302e+03  7.670000e+01  7.160714e-14 
  615.000  1.286591e+03  8.004567e+01  1.573721e-14 
  616.000  1.223774e+03  7.579652e+01 -3.688753e-14 
  617.000  1.231155e+03  7.591101e+01  2.704451e-14 
  618.000  1.289685e+03  7.916055e+01  6.817692e-14 
  619.000  1.278299e+03  7.810433e+01 -4.286549e-14 
  620.000  1.297616e+03  7.892251e+01 -1.528419e-14 
  621.000  1.320356e+03  7.993617e+01 -1.716023e-14 
  622.000  1.251067e+03  7.539038e+01  8.350440e-14 
  623.000  1.261188e+03  7.564304e+01 -1.151314e-14 
  624.000  1.262893e+03  7.539140e+01  3.560434e-14 
  625.000  1.228985e+03  7.302340e+01 -1.098528e-13 
  626.000  1.235839e+03  7.307522e+01 -1.077095e-14 
  627.000  1.258737e+03  7.394421e+01  1.815820e-14 
  628.000  1.238335e+03  7.141667e+01 -1.069029e-14 
  629.000  1.273734e+03  7.373289e+01 -1.122780e-14 
  630.000  1.229966e+03  7.095880e+01 -1.915270e-14 
  631.000  1.276036e+03  7.347294e+01 -1.170303e-14 
  632.000  1.191882e+03  6.838039e+01 -2.948379e-14 
  633.000  1.278267e+03  7.321582e+01 -1.163337e-14 
  634.000  1.240396e+03  7.084370e+01 -1.824992e-14 
  635.000  1.264150e+03  7.193995e+01 -2.135256e-14 
  636.000  1.220000e+03  6.918954e+01  1.111378e-13 
  637.000  1.260968e+03  7.125800e+01 -4.140504e-14 
  638.000  1.280291e+03  7.212908e+01 -6.036328e-14 
  639.000  1.270510e+03  7.130601e+01 -6.282601e-14 
  640.000  1.230834e+03  6.884111e+01 -1.141324e-13 
  641.000  1.249357e+03  6.960680e+01 -2.930365e-14 
  642.000  1.234624e+03  6.853696e+01  5.585719e-14 
  643.000  1.257679e+03  6.950408e+01 -1.396856e-14 
  644.000  1.243846e+03  6.846816e+01 -4.090547e-14 
  645.000  1.256341e+03  6.882652e+01  5.899093e-14 
  646.000  1.213404e+03  6.601096e+01 -4.154641e-14 
  647.000  1.233645e+03  6.670953e+01  9.754646e-14 
  648.000  1.235368e+03  6.639378e+01 -1.986847e-14 
  649.000  1.257434e+03  6.743363e+01 -6.047699e-14 
  650.000  1.160264e+03  6.219814e+01  1.628490e-14 
  651.000  1.250339e+03  6.675778e+01  3.606579e-14 
  652.000  1.231794e+03  6.529774e+01  5.336938e-14 
  653.000  1.251162e+03  6.630579e+01  8.622258e-15 
  654.000  1.235946e+03  6.520825e+01 -1.876419e-14 
  655.000  1.205928e+03  6.329447e+01 -8.259866e-14 
  656.000  1.023624e+03  5.354034e+01  6.797455e-14 
  657.000  1.091848e+03  5.691346e+01  1.717766e-14 
  658.000  1.214639e+03  6.315720e+01 -3.170441e-14 
  659.000  1.216872e+03  6.307909e+01 -3.432309e-14 
  660.000  1.226364e+03  6.334515e+01 -2.735097e-14 
  661.000  1.230777e+03  6.339486e+01  3.508425e-14 
  662.000  1.248251e+03  6.407554e+01 -1.172979e-13 
  663.000  1.234979e+03  6.314135e+01 -1.044462e-13 
  664.000  1.215532e+03  6.191816e+01  1.467027e-13 
  665.000  1.221083e+03  6.197022e+01 -1.102101e-13 
  666.000  1.235939e+03  6.249567e+01  9.799685e-14 
  667.000  1.211616e+03  6.103970e+01 -1.105396e-13 
  668.000  1.218636e+03  6.116987e+01  6.142534e-15 
  669.000  1.236446e+03  6.183257e+01  1.279506e-13 
  670.000  1.221998e+03  6.088124e+01 -2.554996e-14 
  671.000  1.209379e+03  6.002829e+01 -1.918478e-14 
  672.000  1.205806e+03  5.962732e+01  1.436031e-13 
  673.000  1.214813e+03  5.984872e+01  2.140539e-13 
  674.000  1.217540e+03  5.975990e+01 -7.053575e-15 
  675.000  1.199298e+03  5.864621e+01 -1.258325e-13 
  676.000  1.222298e+03  5.954932e+01 -3.440696e-14 
  677.000  1.198330e+03  5.816550e+01 -1.629824e-13 
  678.000  1.218495e+03  5.892598e+01 -1.492136e-13 
  679.000  1.201651e+03  5.789554e+01  1.045033e-13 
  680.000  1.192964e+03  5.725575e+01  4.117816e-15 
  681.000  1.194890e+03  5.712493e+01  1.006370e-13 
  682.000  1.192721e+03  5.680826e+01 -9.214322e-16 
  683.000  1.201186e+03  5.699431e+01  1.106417e-14 
  684.000  1.180292e+03  5.577904e+01  1.355508e-13 
  685.000  1.193625e+03  5.621485e+01 -5.129958e-14 
  686.000  1.141333e+03  5.344582e+01  1.252576e-13 
  687.000  1.038648e+03  4.664669e+01 -3.045999e-14 
  688.000  1.072098e+03  4.833291e+01 -6.649932e-14 
  689.000  1.066157e+03  4.777834e+01 -2.219605e-14 
  690.000  1.088268e+03  4.880858e+01 -4.990830e-14 
  691.000  1.116138e+03  5.025955e+01 -4.259247e-14 
  692.000  1.124929e+03  5.079726e+01  3.533442e-14 
  693.000  1.134354e+03  5.106831e+01  2.328282e-14 
  694.000  1.145147e+03  5.131443e+01  2.009576e-14 
  695.000  1.130986e+03  5.065924e+01  1.311173e-14 
  696.000  1.147451e+03  5.130710e+01 -2.931988e-14 
  697.000  1.159937e+03  5.207660e+01 -5.060007e-14 
  698.000  1.136743e+03  5.076928e+01  6.041191e-15 
  699.000  1.149285e+03  5.080882e+01 -4.259330e-14 
  700.000  1.137627e+03  5.016537e+01 -6.413113e-15 
  701.000  1.110429e+03  4.872374e+01  3.983657e-14 
  702.000  1.106714e+03  4.843640e+01  1.281373e-14 
  703.000  1.129802e+03  4.954198e+01  7.824469e-15 
  704.000  1.133656e+03  4.954616e+01  3.945678e-14 
  705.000  1.139577e+03  4.951241e+01  3.182268e-15 
  706.000  1.128316e+03  4.887188e+01 -5.354277e-14 
  707.000  1.112593e+03  4.806094e+01  7.611538e-14 
  708.000  1.146293e+03  4.938743e+01 -1.350981e-14 
  709.000  1.108012e+03  4.766141e+01  8.356602e-15 
  710.000  1.131415e+03  4.839985e+01  3.243416e-14 
  711.000  1.122676e+03  4.795722e+01  3.516294e-14 
  712.000  1.109331e+03  4.730799e+01 -9.226034e-14 
  713.000  1.103176e+03  4.681379e+01 -2.525017e-14 
  714.000  1.121536e+03  4.740558e+01 -2.412342e-14 
  715.000  1.079771e+03  4.538023e+01 -1.593261e-14 
  716.000  1.105209e+03  4.618698e+01 -1.424885e-14 
  717.000  1.053806e+03  4.336148e+01  1.661981e-15 
  718.000  1.033400e+03  4.212796e+01 -4.475463e-14 
  719.000  1.016251e+03  4.120984e+01  7.106386e-15 
  720.000  1.015245e+03  4.092220e+01 -4.309476e-15 
  721.000  1.049850e+03  4.275029e+01 -1.391671e-14 
  722.000  1.077282e+03  4.399646e+01 -1.335656e-15 
  723.000  1.068052e+03  4.331177e+01  1.106413e-14 
  724.000  1.054137e+03  4.222724e+01 -2.188809e-14 
  725.000  1.045827e+03  4.180352e+01 -6.069385e-15 
  726.000  1.043064e+03  4.153857e+01  2.517440e-14 
  727.000  1.061529e+03  4.218210e+01 -2.179519e-14 
  728.000  1.040245e+03  4.114780e+01  3.033918e-14 
  729.000  1.006493e+03  3.980751e+01 -2.072953e-14 
  730.000  1.042372e+03  4.106688e+01  9.233812e-15 
  731.000  1.023596e+03  4.016720e+01  4.476717e-15 
  732.000  1.055898e+03  4.153921e+01  3.016758e-14 
  733.000  1.051660e+03  4.150389e+01  1.826911e-14 
  734.000  1.079017e+03  4.259027e+01  1.849835e-14 
  735.000  1.068571e+03  4.198608e+01 -4.432799e-14 
  736.000  1.045325e+03  4.084610e+01  3.831126e-14 
  737.000  1.061867e+03  4.142656e+01  2.946784e-16 
  738.000  1.062695e+03  4.142326e+01  3.255539e-14 
  739.000  1.029877e+03  4.005610e+01  1.106071e-13 
  740.000  1.042971e+03  4.053270e+01 -1.639844e-14 
  741.000  1.036572e+03  4.020573e+01 -2.189057e-14 
  742.000  1.020365e+03  3.947514e+01  5.919632e-14 
  743.000  1.052142e+03  4.063161e+01 -1.590302e-15 
  744.000  1.062946e+03  4.094409e+01  7.193459e-15 
  745.000  1.035948e+03  3.979588e+01 -6.103523e-14 
  746.000  1.050912e+03  4.025693e+01  9.260068e-14 
  747.000  1.067537e+03  4.076643e+01  1.352645e-13 
  748.000  1.048325e+03  3.991901e+01  1.099573e-13 
  749.000  1.048854e+03  3.981840e+01  1.962434e-14 
  750.000  1.033565e+03  3.910857e+01  7.315372e-14 
  751.000  1.031111e+03  3.889398e+01 -6.561596e-14 
  752.000  1.047272e+03  3.939060e+01  3.290755e-14 
  753.000  1.037614e+03  3.890863e+01  9.303991e-15 
  754.000  1.054079e+03  3.940501e+01  2.444176e-14 
  755.000  1.048230e+03  3.906525e+01 -5.720440e-14 
  756.000  1.027906e+03  3.818979e+01  4.188022e-14 
  757.000  1.035584e+03  3.835546e+01  1.090834e-13 
  758.000  1.033513e+03  3.812726e+01  4.407792e-14 
  759.000  9.480722e+02  3.399302e+01  6.057960e-15 
  760.000  4.387938e+02  1.353076e+01 -7.998795e-18 
  761.000  3.902922e+02  1.179311e+01 -1.643981e-16 
  762.000  6.708256e+02  2.228981e+01 -9.781569e-15 
  763.000  5.978264e+02  1.913985e+01  3.689964e-15 
  764.000  6.451182e+02  2.091725e+01 -2.019238e-14 
  765.000  7.505955e+02  2.528406e+01  2.705259e-15 
  766.000  8.280836e+02  2.861411e+01  1.649036e-14 
  767.000  8.956132e+02  3.119338e+01 -6.464715e-15 
  768.000  9.675755e+02  3.396629e+01 -6.371603e-15 
  769.000  9.875161e+02  3.490219e+01  1.370277e-14 
  770.000  9.937539e+02  3.521062e+01  3.279489e-14 
  771.000  9.999827e+02  3.543895e+01  8.573731e-14 
  772.000  9.973622e+02  3.526774e+01  2.078186e-14 
  773.000  9.939019e+02  3.505200e+01  9.603437e-15 
  774.000  1.005092e+03  3.535545e+01 -3.695793e-14 
  775.000  9.676414e+02  3.394386e+01  6.034247e-14 
  776.000  1.007736e+03  3.525000e+01 -1.768821e-13 
  777.000  1.000930e+03  3.490896e+01  7.501612e-14 
  778.000  9.957396e+02  3.462431e+01  1.484967e-15 
  779.000  9.991503e+02  3.463914e+01 -5.892933e-14 
  780.000  9.869528e+02  3.411419e+01 -6.992409e-14 
  781.000  9.854481e+02  3.396597e+01 -1.501629e-13 
  782.000  9.974921e+02  3.427882e+01  4.067080e-14 
  783.000  9.743428e+02  3.338408e+01  6.139984e-14 
  784.000  9.799462e+02  3.347345e+01  3.596318e-14 
  785.000  9.825070e+02  3.344178e+01  3.134751e-14 
  786.000  9.653672e+02  3.273086e+01  3.729878e-14 
  787.000  9.789774e+02  3.302711e+01  2.002404e-15 
  788.000  9.640257e+02  3.239976e+01 -1.759203e-14 
  789.000  9.679867e+02  3.232508e+01 -2.910180e-14 
  790.000  9.581362e+02  3.189416e+01  1.985700e-14 
  791.000  9.537057e+02  3.167509e+01 -2.044847e-14 
  792.000  9.390816e+02  3.111780e+01  3.668015e-14 
  793.000  9.390765e+02  3.107178e+01  1.287809e-14 
  794.000  9.310453e+02  3.081022e+01  1.158743e-14 
  795.000  9.252136e+02  3.047353e+01 -5.048089e-14 
  796.000  9.383431e+02  3.066893e+01  1.578114e-14 
  797.000  9.451846e+02  3.084550e+01  2.511779e-14 
  798.000  9.475725e+02  3.092999e+01 -2.115468e-14 
  799.000  9.465446e+02  3.078635e+01  3.177660e-14 
  800.000  9.208032e+02  2.979775e+01 -9.621214e-15 
  801.000  9.381862e+02  3.028205e+01 -2.864008e-14 
  802.000  9.363684e+02  3.013121e+01  3.316940e-14 
  803.000  9.232637e+02  2.963502e+01  2.658486e-15 
  804.000  9.323538e+02  2.987325e+01 -1.159185e-13 
  805.000  9.081114e+02  2.907368e+01 -6.275315e-15 
  806.000  9.334647e+02  2.983386e+01 -2.950093e-15 
  807.000  9.280405e+02  2.957898e+01  0.000000e+00 
  808.000  9.221122e+02  2.929152e+01 -9.373477e-15 
  809.000  9.060937e+02  2.867772e+01 -1.959970e-14 
  810.000  9.015102e+02  2.842698e+01 -2.584362e-14 
  811.000  9.146900e+02  2.870933e+01  7.430048e-15 
  812.000  9.096989e+02  2.840561e+01  3.306616e-14 
  813.000  9.033617e+02  2.805149e+01 -2.124273e-14 
  814.000  8.985614e+02  2.772965e+01  1.521706e-15 
  815.000  8.842010e+02  2.710407e+01 -4.618326e-15 
  816.000  8.697565e+02  2.646675e+01  1.945942e-14 
  817.000  8.755336e+02  2.657611e+01 -1.322849e-14 
  818.000  8.708372e+02  2.637084e+01 -1.182222e-14 
  819.000  8.496716e+02  2.569764e+01  2.258947e-15 
  820.000  8.407884e+02  2.549593e+01  3.740908e-14 
  821.000  8.774796e+02  2.672353e+01 -7.352171e-15 
  822.000  8.464347e+02  2.556855e+01  6.575475e-15 
  823.000  8.386661e+02  2.495823e+01 -1.014117e-14 
  824.000  8.680582e+02  2.602280e+01  3.655868e-14 
  825.000  8.766584e+02  2.642105e+01 -7.100056e-15 
  826.000  8.805942e+02  2.642873e+01  2.554500e-14 
  827.000  8.765805e+02  2.620976e+01 -2.778182e-16 
  828.000  8.684216e+02  2.576311e+01 -4.555859e-15 
  829.000  8.704045e+02  2.579893e+01 -6.410385e-15 
  830.000  8.592162e+02  2.545231e+01 -2.727889e-14 
  831.000  8.447686e+02  2.497001e+01  2.381007e-14 
  832.000  8.623410e+02  2.542685e+01 -4.129518e-15 
  833.000  8.369302e+02  2.464289e+01 -3.457368e-14 
  834.000  8.508972e+02  2.502555e+01 -1.631125e-14 
  835.000  8.550593e+02  2.516041e+01 -2.514190e-14 
  836.000  8.643477e+02  2.533996e+01 -1.597045e-14 
  837.000  8.571818e+02  2.506056e+01 -8.920455e-15 
  838.000  8.614079e+02  2.515706e+01 -7.262328e-15 
  839.000  8.351529e+02  2.434963e+01  2.243761e-14 
  840.000  8.577877e+02  2.495270e+01 -2.006758e-14 
  841.000  8.596555e+02  2.491494e+01  5.815707e-15 
  842.000  8.547617e+02  2.473165e+01  1.177665e-13 
  843.000  8.497740e+02  2.457991e+01  2.941223e-15 
  844.000  8.360378e+02  2.414255e+01  6.951343e-15 
  845.000  8.489418e+02  2.446437e+01  8.773712e-15 
  846.000  8.566556e+02  2.463596e+01  4.486454e-14 
  847.000  8.272774e+02  2.374378e+01  5.328564e-15 
  848.000  8.516378e+02  2.435467e+01 -2.357354e-15 
  849.000  8.532859e+02  2.434187e+01 -7.400203e-15 
  850.000  7.378262e+02  2.098339e+01 -2.491710e-14 
  851.000  8.453401e+02  2.396446e+01 -1.139897e-14 
  852.000  8.133588e+02  2.299985e+01  6.760706e-15 
  853.000  8.228002e+02  2.322992e+01  6.524172e-15 
  854.000  6.615784e+02  1.862950e+01 -1.049138e-14 
  855.000  7.282951e+02  2.046565e+01  2.697365e-16 
  856.000  8.263018e+02  2.318437e+01  3.131954e-14 
  857.000  8.394227e+02  2.350248e+01  7.994217e-14 
  858.000  8.259877e+02  2.307278e+01  3.005320e-14 
  859.000  8.257445e+02  2.301890e+01  3.578982e-14 
  860.000  8.183248e+02  2.275996e+01  8.800664e-14 
  861.000  8.182805e+02  2.270196e+01  3.363510e-14 
  862.000  8.155821e+02  2.257294e+01 -7.989951e-14 
  863.000  8.312450e+02  2.294880e+01  4.575954e-15 
  864.000  8.295973e+02  2.284773e+01 -2.730779e-15 
  865.000  8.141669e+02  2.236808e+01  7.436257e-14 
  866.000  6.829832e+02  1.871728e+01 -6.508907e-15 
  867.000  7.273823e+02  1.988381e+01  1.600795e-14 
  868.000  7.889382e+02  2.151282e+01  3.123317e-14 
  869.000  7.779321e+02  2.116028e+01 -2.024954e-14 
  870.000  8.101144e+02  2.198031e+01  4.276944e-14 
  871.000  8.090316e+02  2.189683e+01  1.156040e-14 
  872.000  8.058215e+02  2.175706e+01 -2.096886e-14 
  873.000  8.091697e+02  2.179199e+01  3.440528e-14 
  874.000  7.915321e+02  2.126352e+01 -3.307124e-14 
  875.000  7.843326e+02  2.101788e+01 -5.001923e-14 
  876.000  7.909969e+02  2.114197e+01 -6.174870e-14 
  877.000  8.068799e+02  2.151225e+01 -2.630358e-14 
  878.000  7.932964e+02  2.109072e+01 -4.247225e-14 
  879.000  7.952100e+02  2.108920e+01 -2.478192e-14 
  880.000  7.908809e+02  2.091727e+01 -4.118872e-14 
  881.000  7.499260e+02  1.978231e+01  3.021466e-15 
  882.000  7.915316e+02  2.082595e+01 -2.526606e-14 
  883.000  7.734423e+02  2.030346e+01  8.227179e-15 
  884.000  7.800218e+02  2.042722e+01  4.891381e-14 
  885.000  7.885016e+02  2.058732e+01  1.707584e-14 
  886.000  7.631655e+02  1.986164e+01  3.350217e-14 
  887.000  7.551330e+02  1.961729e+01  0.000000e+00 
  888.000  7.778307e+02  2.015734e+01 -3.254458e-14 
  889.000  7.830168e+02  2.024679e+01  1.881883e-14 
  890.000  7.807971e+02  2.013126e+01  4.500249e-14 
  891.000  7.769595e+02  1.996516e+01  1.627895e-14 
  892.000  7.743620e+02  1.981082e+01 -1.854455e-15 
  893.000  7.437295e+02  1.888169e+01  1.240478e-14 
  894.000  7.676635e+02  1.939337e+01  2.973003e-15 
  895.000  7.250984e+02  1.814421e+01  1.067595e-15 
  896.000  7.449872e+02  1.849377e+01  2.601704e-15 
  897.000  7.186526e+02  1.770567e+01  1.489675e-15 
  898.000  7.155377e+02  1.754851e+01 -1.109101e-14 
  899.000  7.021426e+02  1.708619e+01 -7.755495e-14 
  900.000  6.865151e+02  1.667818e+01 -4.646003e-15 
  901.000  6.686136e+02  1.618442e+01 -1.028587e-14 
  902.000  6.568185e+02  1.586591e+01 -9.284374e-16 
  903.000  7.133472e+02  1.735679e+01  1.044580e-14 
  904.000  7.359473e+02  1.800008e+01  1.103094e-14 
  905.000  7.335146e+02  1.789299e+01 -3.681093e-15 
  906.000  7.064544e+02  1.710951e+01 -9.704346e-15 
  907.000  7.043820e+02  1.689683e+01 -8.395827e-15 
  908.000  6.761453e+02  1.611743e+01  2.202135e-14 
  909.000  6.650815e+02  1.581907e+01  4.340240e-14 
  910.000  6.744732e+02  1.601421e+01 -4.538855e-14 
  911.000  6.787563e+02  1.612111e+01  9.772659e-16 
  912.000  6.772888e+02  1.602805e+01 -4.901770e-15 
  913.000  6.799012e+02  1.597217e+01 -9.587478e-16 
  914.000  6.821290e+02  1.602550e+01  8.517795e-15 
  915.000  6.750870e+02  1.585591e+01  1.982717e-15 
  916.000  6.847435e+02  1.605523e+01 -1.358162e-14 
  917.000  6.767162e+02  1.584971e+01  1.363130e-14 
  918.000  6.767205e+02  1.583920e+01  8.747867e-15 
  919.000  6.973442e+02  1.638572e+01  3.723049e-15 
  920.000  6.992451e+02  1.648286e+01 -6.285173e-15 
  921.000  6.821218e+02  1.602195e+01  2.054213e-17 
  922.000  6.758766e+02  1.583725e+01  7.973041e-16 
  923.000  6.453555e+02  1.506421e+01  1.736419e-15 
  924.000  6.670901e+02  1.548202e+01  8.269361e-15 
  925.000  6.756229e+02  1.563996e+01 -8.157396e-15 
  926.000  6.515755e+02  1.504746e+01  6.987844e-15 
  927.000  6.693213e+02  1.536487e+01  4.551181e-16 
  928.000  6.632454e+02  1.511373e+01  1.256050e-13 
  929.000  6.389539e+02  1.443706e+01 -2.492543e-15 
  930.000  6.175723e+02  1.383088e+01 -1.810066e-15 
  931.000  5.941558e+02  1.318727e+01  6.781821e-15 
  932.000  5.571121e+02  1.220165e+01  3.372330e-15 
  933.000  5.329822e+02  1.151896e+01  4.767354e-16 
  934.000  5.001330e+02  1.061361e+01 -2.155923e-17 
  935.000  4.898754e+02  1.035167e+01  2.018770e-16 
  936.000  4.979222e+02  1.057255e+01  6.038737e-17 
  937.000  5.058703e+02  1.069975e+01 -4.023184e-17 
  938.000  5.307990e+02  1.138893e+01  8.485043e-16 
  939.000  6.066397e+02  1.328198e+01 -2.857753e-15 
  940.000  6.130399e+02  1.343353e+01 -1.431423e-15 
  941.000  5.908859e+02  1.288835e+01 -1.647661e-16 
  942.000  5.484106e+02  1.186829e+01 -3.415749e-15 
  943.000  5.406959e+02  1.154375e+01 -6.648135e-19 
  944.000  5.233421e+02  1.113582e+01  4.094912e-17 
  945.000  5.421006e+02  1.156422e+01 -8.250532e-17 
  946.000  5.500783e+02  1.171304e+01 -6.603604e-19 
  947.000  5.583593e+02  1.190886e+01  0.000000e+00 
  948.000  5.684387e+02  1.212162e+01  3.413857e-15 
  949.000  5.692087e+02  1.211058e+01 -2.900308e-15 
  950.000  5.671324e+02  1.204659e+01  8.310340e-17 
  951.000  5.784255e+02  1.230935e+01  1.729994e-15 
  952.000  5.623999e+02  1.189442e+01  3.554138e-15 
  953.000  5.717778e+02  1.210476e+01 -5.113466e-15 
  954.000  5.775189e+02  1.224026e+01  1.247126e-15 
  955.000  5.306451e+02  1.119653e+01 -1.597918e-15 
  956.000  5.636509e+02  1.186456e+01  1.282530e-18 
  957.000  5.914720e+02  1.252609e+01 -1.457236e-15 
  958.000  5.994163e+02  1.268367e+01 -5.292621e-16 
  959.000  5.970092e+02  1.258836e+01 -2.461440e-15 
  960.000  5.899487e+02  1.240877e+01  1.701838e-15 
  961.000  5.812784e+02  1.219251e+01 -3.145293e-15 
  962.000  5.861700e+02  1.227738e+01 -1.692059e-15 
  963.000  5.996745e+02  1.259744e+01 -8.526946e-16 
  964.000  5.948345e+02  1.247959e+01  4.361361e-16 
  965.000  6.006592e+02  1.256859e+01  2.007545e-16 
  966.000  5.839951e+02  1.219809e+01  2.801932e-16 
  967.000  6.115295e+02  1.280215e+01 -1.013030e-17 
  968.000  6.210787e+02  1.309398e+01  3.969899e-15 
  969.000  6.320644e+02  1.336445e+01  2.402805e-15 
  970.000  6.341683e+02  1.338389e+01  5.179012e-15 
  971.000  6.283827e+02  1.323156e+01 -4.737915e-15 
  972.000  6.308168e+02  1.323440e+01 -1.248374e-14 
  973.000  6.203306e+02  1.294405e+01  1.787298e-15 
  974.000  6.051187e+02  1.255393e+01  8.606397e-15 
  975.000  6.044224e+02  1.248598e+01 -1.027408e-14 
  976.000  6.164073e+02  1.273994e+01 -6.443003e-15 
  977.000  6.081168e+02  1.260282e+01 -3.042307e-15 
  978.000  6.225237e+02  1.286852e+01 -1.309805e-16 
  979.000  6.063101e+02  1.252352e+01 -3.958137e-15 
  980.000  6.221841e+02  1.289805e+01  1.965580e-15 
  981.000  6.281328e+02  1.301147e+01 -2.927500e-15 
  982.000  6.251256e+02  1.290366e+01  2.432092e-15 
  983.000  6.271914e+02  1.296063e+01 -1.034924e-15 
  984.000  6.268083e+02  1.297116e+01  5.192028e-16 
  985.000  6.286711e+02  1.300959e+01 -2.060865e-14 
  986.000  6.262786e+02  1.296941e+01 -1.962384e-15 
  987.000  6.345771e+02  1.312711e+01  1.475265e-14 
  988.000  6.270331e+02  1.294757e+01  1.433952e-14 
  989.000  6.192531e+02  1.276238e+01  5.098480e-15 
  990.000  6.248078e+02  1.285377e+01  0.000000e+00 
  991.000  6.309190e+02  1.296761e+01 -9.902387e-15 
  992.000  6.253925e+02  1.283127e+01 -2.964401e-15 
  993.000  6.254980e+02  1.280803e+01 -7.639873e-15 
  994.000  6.295565e+02  1.287780e+01  2.120476e-14 
  995.000  6.255229e+02  1.277776e+01  3.401436e-14 
  996.000  6.254148e+02  1.274866e+01 -5.348110e-15 
  997.000  6.257460e+02  1.272262e+01 -2.106613e-14 
  998.000  6.230449e+02  1.263441e+01 -1.246236e-15 
  999.000  6.213524e+02  1.257120e+01  8.035929e-15 
 1000.000  6.165522e+02  1.245009e+01 -2.223013e-14 
 1001.000  6.191705e+02  1.246273e+01 -6.777892e-15 
 1002.000  6.170516e+02  1.237165e+01  1.693104e-15 
 1003.000  6.101810e+02  1.221373e+01  3.122069e-15 
 1004.000  6.058170e+02  1.211374e+01 -3.317106e-15 
 1005.000  5.661772e+02  1.130303e+01  5.157936e-15 
 1006.000  5.960094e+02  1.187552e+01  5.108676e-15 
 1007.000  6.066638e+02  1.205849e+01  7.855294e-15 
 1008.000  6.082733e+02  1.204753e+01  1.667972e-15 
 1009.000  6.032989e+02  1.190482e+01 -1.065558e-14 
 1010.000  6.061677e+02  1.194624e+01  8.813296e-15 
 1011.000  6.042570e+02  1.190547e+01  4.963210e-15 
 1012.000  6.050165e+02  1.190533e+01 -3.308951e-15 
 1013.000  6.010101e+02  1.180923e+01 -6.128064e-15 
 1014.000  6.050567e+02  1.186726e+01  3.526151e-15 
 1015.000  5.939239e+02  1.162532e+01 -4.648236e-15 
 1016.000  5.979093e+02  1.168248e+01  2.608068e-15 
 1017.000  5.921237e+02  1.154746e+01  3.231555e-15 
 1018.000  5.996557e+02  1.166594e+01  1.637171e-15 
 1019.000  5.856279e+02  1.136132e+01  8.745438e-15 
 1020.000  5.845150e+02  1.131906e+01  1.809305e-14 
 1021.000  5.905908e+02  1.141924e+01 -2.310308e-14 
 1022.000  5.813433e+02  1.120736e+01  5.717315e-15 
 1023.000  5.921691e+02  1.138397e+01  0.000000e+00 
 1024.000  5.889499e+02  1.129364e+01 -2.160484e-16 
 1025.000  5.893542e+02  1.129354e+01 -1.394702e-15 
 1026.000  5.902872e+02  1.129468e+01 -9.669832e-15 
 1027.000  5.866315e+02  1.119869e+01  1.100122e-14 
 1028.000  5.881080e+02  1.120600e+01  1.605837e-15 
 1029.000  5.793472e+02  1.102277e+01  1.927686e-14 
 1030.000  5.853448e+02  1.111989e+01 -7.550911e-15 
 1031.000  5.835660e+02  1.106625e+01 -1.875554e-14 
 1032.000  5.815888e+02  1.100842e+01 -1.615448e-14 
 1033.000  5.709040e+02  1.078447e+01 -1.138469e-15 
 1034.000  5.769582e+02  1.087772e+01  1.781957e-15 
 1035.000  5.708026e+02  1.073989e+01 -4.455683e-15 
 1036.000  5.781608e+02  1.085497e+01  2.802695e-14 
 1037.000  5.659334e+02  1.060314e+01 -1.955113e-15 
 1038.000  5.715166e+02  1.068612e+01 -3.114156e-15 
 1039.000  5.738747e+02  1.070721e+01 -1.144728e-15 
 1040.000  5.670865e+02  1.055786e+01  2.883919e-15 
 1041.000  5.700820e+02  1.059099e+01 -2.691366e-15 
 1042.000  5.717504e+02  1.059982e+01  2.077499e-14 
 1043.000  5.618588e+02  1.039482e+01 -2.051982e-16 
 1044.000  5.674098e+02  1.047511e+01  2.350843e-14 
 1045.000  5.650105e+02  1.040743e+01 -2.629225e-14 
 1046.000  5.485681e+02  1.008247e+01 -1.496496e-15 
 1047.000  5.586257e+02  1.024443e+01  1.422323e-14 
 1048.000  5.641116e+02  1.032094e+01  2.063660e-16 
 1049.000  5.603552e+02  1.022799e+01 -1.204417e-14 
 1050.000  5.569854e+02  1.014324e+01 -1.136479e-14 
 1051.000  5.570776e+02  1.012138e+01  5.481526e-15 
 1052.000  5.544402e+02  1.005043e+01 -1.870344e-14 
 1053.000  5.546006e+02  1.003160e+01 -5.867390e-15 
 1054.000  5.488961e+02  9.904783e+00 -1.301525e-15 
 1055.000  5.529152e+02  9.953518e+00 -3.935346e-15 
 1056.000  5.513848e+02  9.902306e+00 -4.129309e-15 
 1057.000  5.504684e+02  9.859454e+00  2.818626e-15 
 1058.000  5.448355e+02  9.728375e+00  7.287262e-15 
 1059.000  5.275708e+02  9.400195e+00 -2.706567e-15 
 1060.000  5.463209e+02  9.717685e+00 -5.603286e-15 
 1061.000  5.271390e+02  9.357669e+00 -4.347600e-15 
 1062.000  5.418408e+02  9.594852e+00 -1.491330e-15 
 1063.000  5.325304e+02  9.409441e+00 -7.137903e-15 
 1064.000  5.394261e+02  9.508235e+00 -4.064070e-15 
 1065.000  5.387899e+02  9.474436e+00 -4.461371e-15 
 1066.000  5.222342e+02  9.167344e+00  4.324016e-15 
 1067.000  5.346737e+02  9.365972e+00  0.000000e+00 
 1068.000  5.326664e+02  9.304714e+00  8.444372e-15 
 1069.000  4.928683e+02  8.592694e+00  0.000000e+00 
 1070.000  5.223809e+02  9.095208e+00  3.942703e-15 
 1071.000  5.235465e+02  9.095201e+00 -2.506291e-15 
 1072.000  5.253798e+02  9.108932e+00 -1.294542e-15 
 1073.000  5.082612e+02  8.797357e+00  2.331733e-15 
 1074.000  5.262847e+02  9.096141e+00  3.377390e-15 
 1075.000  5.101904e+02  8.813065e+00  1.147816e-15 
 1076.000  5.214676e+02  8.988118e+00  8.038214e-15 
 1077.000  5.204175e+02  8.948463e+00 -4.086829e-16 
 1078.000  5.219995e+02  8.952859e+00 -6.448703e-15 
 1079.000  5.018780e+02  8.593081e+00  2.689382e-15 
 1080.000  5.165702e+02  8.808438e+00  2.838523e-15 
 1081.000  4.977103e+02  8.471999e+00 -1.278195e-15 
 1082.000  5.042945e+02  8.579388e+00 -1.896724e-15 
 1083.000  4.906388e+02  8.322879e+00 -6.294883e-15 
 1084.000  5.092296e+02  8.612285e+00 -1.365203e-15 
 1085.000  5.020154e+02  8.449703e+00  1.366130e-15 
 1086.000  5.088047e+02  8.556199e+00 -5.105766e-15 
 1087.000  4.783241e+02  8.058843e+00 -2.014636e-15 
 1088.000  5.074843e+02  8.537271e+00  7.786001e-15 
 1089.000  4.872911e+02  8.149261e+00 -2.332019e-15 
 1090.000  4.977788e+02  8.304685e+00 -2.544905e-15 
 1091.000  5.012626e+02  8.355526e+00 -9.641066e-16 
 1092.000  4.892331e+02  8.125619e+00  2.296969e-15 
 1093.000  4.820480e+02  7.959911e+00 -2.497636e-15 
 1094.000  4.382222e+02  7.212043e+00  4.053858e-15 
 1095.000  4.744766e+02  7.797822e+00 -3.078566e-15 
 1096.000  4.726913e+02  7.757457e+00  1.779575e-15 
 1097.000  4.661484e+02  7.631755e+00  3.911399e-16 
 1098.000  4.550869e+02  7.377810e+00 -6.653042e-15 
 1099.000  4.501819e+02  7.245944e+00 -1.303365e-15 
 1100.000  4.583159e+02  7.367085e+00  2.644408e-15 
