  400.000  1.134214e+02  2.246657e+02 -3.153701e-14 
  401.000  1.137061e+02  2.222881e+02 -2.914643e-14 
  402.000  1.215280e+02  2.345055e+02 -3.078401e-14 
  403.000  1.147732e+02  2.186324e+02 -2.667115e-14 
  404.000  1.243510e+02  2.338692e+02 -3.298311e-14 
  405.000  1.149587e+02  2.134843e+02  0.000000e+00 
  406.000  1.150012e+02  2.109007e+02 -5.763887e-14 
  407.000  1.128856e+02  2.044637e+02  0.000000e+00 
  408.000  1.232425e+02  2.204904e+02 -3.125276e-14 
  409.000  1.374557e+02  2.429358e+02  0.000000e+00 
  410.000  1.157827e+02  2.021717e+02 -8.427068e-14 
  411.000  1.369680e+02  2.363145e+02  6.500676e-14 
  412.000  1.429530e+02  2.437279e+02 -3.240670e-14 
  413.000  1.360106e+02  2.291779e+02  3.270503e-14 
  414.000  1.344034e+02  2.238389e+02  6.186189e-14 
  415.000  1.443563e+02  2.376521e+02  3.174156e-14 
  416.000  1.444708e+02  2.351310e+02 -3.144637e-14 
  417.000  1.410285e+02  2.269359e+02  3.257490e-14 
  418.000  1.388799e+02  2.209754e+02  2.963910e-14 
  419.000  1.432210e+02  2.253520e+02 -3.244630e-14 
  420.000  1.220122e+02  1.898673e+02 -1.834100e-15 
  421.000  1.538506e+02  2.367992e+02 -6.381851e-14 
  422.000  1.483579e+02  2.258746e+02 -3.267215e-14 
  423.000  1.260851e+02  1.899053e+02 -1.842894e-15 
  424.000  1.395473e+02  2.079460e+02  1.166433e-13 
  425.000  1.454054e+02  2.143891e+02  5.814239e-14 
  426.000  1.406131e+02  2.051540e+02  5.773287e-14 
  427.000  1.360558e+02  1.964455e+02  8.402407e-14 
  428.000  1.385718e+02  1.980192e+02  8.678436e-14 
  429.000  1.267933e+02  1.793384e+02 -2.448808e-14 
  430.000  1.017522e+02  1.424631e+02 -1.399212e-15 
  431.000  9.199749e+01  1.275124e+02  3.620492e-14 
  432.000  1.665141e+02  2.284974e+02  0.000000e+00 
  433.000  1.490331e+02  2.024895e+02  5.970600e-14 
  434.000  1.424170e+02  1.916049e+02  2.830070e-14 
  435.000  1.557760e+02  2.075414e+02  8.802096e-14 
  436.000  1.736454e+02  2.291190e+02  3.396906e-14 
  437.000  1.762363e+02  2.303139e+02  9.805118e-14 
  438.000  1.586843e+02  2.054089e+02  5.704668e-14 
  439.000  1.543386e+02  1.979035e+02  0.000000e+00 
  440.000  1.738502e+02  2.208409e+02  0.000000e+00 
  441.000  1.741437e+02  2.191640e+02 -3.281316e-14 
  442.000  1.843009e+02  2.298143e+02  0.000000e+00 
  443.000  1.864219e+02  2.303379e+02  6.926396e-14 
  444.000  1.860838e+02  2.278379e+02 -6.866247e-14 
  445.000  1.966414e+02  2.386002e+02 -3.603522e-14 
  446.000  1.758251e+02  2.114379e+02 -3.201047e-14 
  447.000  2.014639e+02  2.401279e+02 -6.797627e-14 
  448.000  2.058267e+02  2.431817e+02  6.894152e-14 
  449.000  2.082563e+02  2.439180e+02  7.421157e-14 
  450.000  2.138313e+02  2.482908e+02  7.058021e-14 
  451.000  2.321758e+02  2.672854e+02  0.000000e+00 
  452.000  2.168171e+02  2.474835e+02  0.000000e+00 
  453.000  2.021605e+02  2.288072e+02  7.008104e-14 
  454.000  2.164744e+02  2.429557e+02  0.000000e+00 
  455.000  2.189078e+02  2.436429e+02 -2.147593e-13 
  456.000  2.251128e+02  2.484777e+02  7.147769e-14 
  457.000  2.272820e+02  2.488142e+02 -7.174761e-14 
  458.000  2.241688e+02  2.434077e+02  7.035984e-14 
  459.000  2.250107e+02  2.423463e+02  7.022859e-14 
  460.000  2.239100e+02  2.392255e+02 -7.448660e-14 
  461.000  2.329107e+02  2.468595e+02  0.000000e+00 
  462.000  2.299730e+02  2.418177e+02  0.000000e+00 
  463.000  2.308806e+02  2.408657e+02 -7.556649e-14 
  464.000  2.326003e+02  2.407754e+02 -7.564985e-14 
  465.000  2.301355e+02  2.363871e+02  7.438496e-14 
  466.000  2.383694e+02  2.429696e+02 -7.657905e-14 
  467.000  2.308456e+02  2.335104e+02 -6.878525e-14 
  468.000  2.452077e+02  2.461584e+02 -7.269282e-14 
  469.000  2.437915e+02  2.428904e+02 -5.165536e-15 
  470.000  2.411022e+02  2.384082e+02  0.000000e+00 
  471.000  2.412711e+02  2.367937e+02  5.071877e-15 
  472.000  2.447615e+02  2.384343e+02  0.000000e+00 
  473.000  2.425296e+02  2.345112e+02  5.068700e-15 
  474.000  2.448528e+02  2.350139e+02 -7.112067e-14 
  475.000  2.549172e+02  2.428714e+02  7.398503e-14 
  476.000  2.470295e+02  2.336224e+02  7.688769e-14 
  477.000  2.448607e+02  2.298880e+02 -3.809058e-14 
  478.000  2.579008e+02  2.404352e+02 -7.977709e-14 
  479.000  2.474962e+02  2.291572e+02  0.000000e+00 
  480.000  2.537968e+02  2.334028e+02 -1.542663e-13 
  481.000  2.535216e+02  2.315766e+02  0.000000e+00 
  482.000  2.600094e+02  2.359037e+02  2.281857e-13 
  483.000  2.613230e+02  2.355011e+02  5.204098e-15 
  484.000  2.521460e+02  2.257050e+02 -1.390982e-13 
  485.000  2.548011e+02  2.265551e+02 -6.993047e-14 
  486.000  2.072441e+02  1.830448e+02  5.659094e-14 
  487.000  2.336762e+02  2.050272e+02 -1.315212e-13 
  488.000  2.545075e+02  2.218382e+02  0.000000e+00 
  489.000  2.373049e+02  2.054942e+02  1.322582e-13 
  490.000  2.709702e+02  2.331254e+02  0.000000e+00 
  491.000  2.542362e+02  2.173160e+02 -6.778568e-14 
  492.000  2.449332e+02  2.080195e+02  6.972396e-14 
  493.000  2.644608e+02  2.231716e+02 -6.997008e-14 
  494.000  2.561133e+02  2.147573e+02  2.073714e-13 
  495.000  2.744591e+02  2.286919e+02 -1.441468e-13 
  496.000  2.678226e+02  2.217605e+02  1.453157e-13 
  497.000  2.603028e+02  2.141893e+02  1.359761e-13 
  498.000  2.546392e+02  2.082305e+02  0.000000e+00 
  499.000  2.544966e+02  2.068320e+02  1.369983e-13 
  500.000  2.538429e+02  2.050382e+02  1.362996e-13 
  501.000  2.485898e+02  1.995734e+02  6.427212e-14 
  502.000  2.473960e+02  1.974148e+02 -6.839137e-14 
  503.000  2.626025e+02  2.082911e+02  2.124154e-13 
  504.000  2.447426e+02  1.929666e+02 -6.734020e-14 
  505.000  2.644167e+02  2.072421e+02  0.000000e+00 
  506.000  2.837436e+02  2.210881e+02  0.000000e+00 
  507.000  2.646386e+02  2.050028e+02 -7.210796e-14 
  508.000  2.544015e+02  1.959341e+02  4.625976e-15 
  509.000  2.749824e+02  2.105692e+02 -7.436631e-14 
  510.000  2.670611e+02  2.033363e+02  0.000000e+00 
  511.000  2.677221e+02  2.026823e+02 -7.189354e-14 
  512.000  2.815881e+02  2.119769e+02  7.031720e-14 
  513.000  2.582630e+02  1.933278e+02  6.427927e-14 
  514.000  2.533724e+02  1.886098e+02 -1.302247e-13 
  515.000  2.592036e+02  1.918818e+02  1.968838e-13 
  516.000  2.727522e+02  2.007975e+02  0.000000e+00 
  517.000  2.012166e+02  1.473195e+02 -5.306699e-14 
  518.000  2.494820e+02  1.816589e+02 -6.565396e-14 
  519.000  2.367026e+02  1.714179e+02  6.215798e-14 
  520.000  2.609774e+02  1.879776e+02  4.581067e-15 
  521.000  2.614777e+02  1.873272e+02 -6.380039e-14 
  522.000  2.721833e+02  1.939552e+02  7.105615e-14 
  523.000  2.538259e+02  1.799120e+02 -1.896255e-13 
  524.000  2.756878e+02  1.943751e+02 -7.175140e-14 
  525.000  2.737561e+02  1.919984e+02  7.114854e-14 
  526.000  2.611823e+02  1.822243e+02  6.777182e-14 
  527.000  2.283595e+02  1.584962e+02 -5.521963e-14 
  528.000  2.744814e+02  1.895230e+02  1.373676e-13 
  529.000  2.825002e+02  1.940577e+02  0.000000e+00 
  530.000  2.671557e+02  1.825802e+02 -2.024461e-13 
  531.000  2.910383e+02  1.978930e+02  7.511293e-14 
  532.000  2.779136e+02  1.880172e+02 -7.163276e-14 
  533.000  2.444591e+02  1.645606e+02  5.865490e-14 
  534.000  2.662954e+02  1.783757e+02 -6.372034e-14 
  535.000  2.722149e+02  1.814488e+02  4.662609e-15 
  536.000  2.893840e+02  1.919545e+02  1.426155e-13 
  537.000  2.689463e+02  1.775335e+02  0.000000e+00 
  538.000  2.819859e+02  1.852430e+02 -4.790833e-15 
  539.000  2.814896e+02  1.840292e+02 -4.771095e-15 
  540.000  2.758841e+02  1.795029e+02 -1.996133e-13 
  541.000  2.533515e+02  1.640590e+02  1.190869e-13 
  542.000  2.830180e+02  1.824037e+02  7.113904e-14 
  543.000  2.710986e+02  1.739005e+02 -6.800098e-14 
  544.000  2.863090e+02  1.827981e+02  6.208048e-14 
  545.000  2.823828e+02  1.794518e+02  0.000000e+00 
  546.000  2.764290e+02  1.748546e+02  0.000000e+00 
  547.000  2.885174e+02  1.816610e+02 -2.060244e-13 
  548.000  2.680140e+02  1.679786e+02  1.244088e-13 
  549.000  2.823954e+02  1.761864e+02 -2.010149e-13 
  550.000  2.765162e+02  1.717364e+02 -1.279830e-13 
  551.000  2.751041e+02  1.700880e+02  0.000000e+00 
  552.000  2.873005e+02  1.768314e+02  6.158268e-14 
  553.000  2.763565e+02  1.693358e+02  0.000000e+00 
  554.000  2.857022e+02  1.742847e+02 -6.112136e-14 
  555.000  2.868216e+02  1.741945e+02  0.000000e+00 
  556.000  2.792079e+02  1.688250e+02 -6.885164e-14 
  557.000  2.711732e+02  1.632491e+02 -6.682841e-14 
  558.000  2.817263e+02  1.688636e+02  0.000000e+00 
  559.000  2.665186e+02  1.590562e+02  1.180341e-13 
  560.000  2.678847e+02  1.591817e+02 -6.592314e-14 
  561.000  2.945990e+02  1.743037e+02 -6.762796e-14 
  562.000  2.702306e+02  1.591951e+02 -6.211887e-14 
  563.000  2.828232e+02  1.659036e+02  6.502216e-14 
  564.000  2.788426e+02  1.628731e+02 -6.414513e-14 
  565.000  2.819114e+02  1.639639e+02 -6.962221e-14 
  566.000  2.600078e+02  1.505893e+02  0.000000e+00 
  567.000  2.780977e+02  1.603733e+02  0.000000e+00 
  568.000  2.737588e+02  1.571500e+02 -3.222329e-14 
  569.000  2.602905e+02  1.489837e+02  3.774461e-14 
  570.000  2.631211e+02  1.499456e+02 -3.085519e-14 
  571.000  2.597183e+02  1.472474e+02  2.203084e-15 
  572.000  2.689170e+02  1.519680e+02  1.552165e-15 
  573.000  2.735103e+02  1.539069e+02  1.141635e-14 
  574.000  2.726444e+02  1.527923e+02 -2.889450e-14 
  575.000  2.658014e+02  1.483609e+02 -3.604242e-14 
  576.000  2.612319e+02  1.452339e+02 -1.257711e-14 
  577.000  2.741520e+02  1.517081e+02 -3.263181e-14 
  578.000  2.688310e+02  1.482165e+02  6.322541e-14 
  579.000  2.689441e+02  1.477343e+02 -3.131311e-14 
  580.000  2.801129e+02  1.533071e+02 -6.699146e-14 
  581.000  2.778393e+02  1.515269e+02  6.788803e-14 
  582.000  2.838499e+02  1.542455e+02 -6.417990e-14 
  583.000  2.868880e+02  1.553213e+02 -6.919596e-14 
  584.000  2.868913e+02  1.547490e+02  6.429791e-14 
  585.000  2.857405e+02  1.535588e+02 -6.383217e-14 
  586.000  2.740990e+02  1.467586e+02  0.000000e+00 
  587.000  2.824146e+02  1.507332e+02 -1.173367e-14 
  588.000  2.678189e+02  1.426173e+02  5.098322e-14 
  589.000  2.217988e+02  1.180368e+02 -3.685168e-15 
  590.000  2.308306e+02  1.224091e+02  1.896407e-14 
  591.000  2.573598e+02  1.357502e+02  1.581656e-14 
  592.000  2.465572e+02  1.297262e+02  1.976681e-14 
  593.000  2.630133e+02  1.375489e+02 -1.060981e-14 
  594.000  2.626360e+02  1.369431e+02  1.050756e-14 
  595.000  2.484741e+02  1.293225e+02 -5.890622e-14 
  596.000  2.687343e+02  1.390242e+02 -1.500312e-14 
  597.000  2.667595e+02  1.375867e+02 -1.050876e-14 
  598.000  2.672366e+02  1.372041e+02  4.699789e-14 
  599.000  2.699505e+02  1.380621e+02 -3.720104e-14 
  600.000  2.755174e+02  1.403499e+02  2.787330e-14 
  601.000  2.777840e+02  1.409223e+02  0.000000e+00 
  602.000  2.761425e+02  1.396231e+02  6.010958e-14 
  603.000  2.793931e+02  1.408014e+02  1.812339e-13 
  604.000  2.898513e+02  1.455946e+02  6.671095e-14 
  605.000  2.902851e+02  1.453311e+02 -1.240605e-13 
  606.000  2.876932e+02  1.435522e+02  1.225497e-13 
  607.000  2.868185e+02  1.426392e+02  0.000000e+00 
  608.000  2.864211e+02  1.419681e+02  1.212852e-13 
  609.000  2.840957e+02  1.403492e+02  0.000000e+00 
  610.000  2.801480e+02  1.379428e+02  1.180006e-13 
  611.000  2.853270e+02  1.400322e+02  1.284465e-13 
  612.000  2.822230e+02  1.380565e+02  1.266991e-13 
  613.000  2.786813e+02  1.358806e+02  0.000000e+00 
  614.000  2.691618e+02  1.308137e+02  2.243114e-13 
  615.000  2.826200e+02  1.369115e+02  1.174641e-13 
  616.000  2.692326e+02  1.300070e+02  0.000000e+00 
  617.000  2.712378e+02  1.305557e+02  1.122060e-13 
  618.000  2.844682e+02  1.364862e+02 -1.258884e-13 
  619.000  2.822261e+02  1.349783e+02 -1.246996e-13 
  620.000  2.867333e+02  1.366976e+02  0.000000e+00 
  621.000  2.919490e+02  1.387424e+02 -6.864090e-14 
  622.000  2.767558e+02  1.311056e+02 -1.177772e-13 
  623.000  2.790325e+02  1.317655e+02  0.000000e+00 
  624.000  2.794590e+02  1.315514e+02 -1.761649e-13 
  625.000  2.719693e+02  1.276238e+02  4.005807e-15 
  626.000  2.726868e+02  1.275492e+02  0.000000e+00 
  627.000  2.731367e+02  1.273858e+02 -2.424449e-15 
  628.000  2.601132e+02  1.209112e+02 -3.023498e-14 
  629.000  2.711515e+02  1.256790e+02  1.187133e-15 
  630.000  2.663480e+02  1.230497e+02  1.953761e-14 
  631.000  2.784459e+02  1.282723e+02 -2.129779e-14 
  632.000  2.562989e+02  1.177516e+02 -1.041182e-13 
  633.000  2.806879e+02  1.285722e+02 -3.627151e-14 
  634.000  2.744342e+02  1.252862e+02 -3.000382e-14 
  635.000  2.801756e+02  1.275369e+02  2.847008e-14 
  636.000  2.719479e+02  1.234470e+02  1.135982e-13 
  637.000  2.822784e+02  1.277760e+02 -5.656034e-14 
  638.000  2.897125e+02  1.307981e+02 -5.727894e-14 
  639.000  2.881269e+02  1.297115e+02  5.675079e-14 
  640.000  2.809345e+02  1.261311e+02 -1.097360e-13 
  641.000  2.856989e+02  1.279068e+02  0.000000e+00 
  642.000  2.836598e+02  1.266462e+02  0.000000e+00 
  643.000  2.875250e+02  1.279837e+02  0.000000e+00 
  644.000  2.847371e+02  1.263852e+02  0.000000e+00 
  645.000  2.853365e+02  1.263542e+02  1.957278e-14 
  646.000  2.650275e+02  1.171160e+02  9.405452e-15 
  647.000  2.621977e+02  1.156695e+02  3.452101e-14 
  648.000  2.546540e+02  1.121732e+02 -1.495477e-14 
  649.000  2.665653e+02  1.169750e+02  2.380532e-15 
  650.000  2.593298e+02  1.132848e+02 -2.755445e-14 
  651.000  2.796866e+02  1.218455e+02 -1.004867e-14 
  652.000  2.634580e+02  1.146480e+02  2.224007e-14 
  653.000  2.822664e+02  1.222893e+02 -1.021397e-14 
  654.000  2.774984e+02  1.199153e+02 -2.440716e-14 
  655.000  2.658556e+02  1.146414e+02  2.836558e-14 
  656.000  2.273700e+02  9.776349e+01 -4.197932e-14 
  657.000  2.452914e+02  1.051584e+02 -2.166845e-14 
  658.000  2.780393e+02  1.188430e+02  6.712681e-14 
  659.000  2.816913e+02  1.200781e+02  8.428281e-14 
  660.000  2.854248e+02  1.213498e+02 -8.392822e-14 
  661.000  2.904034e+02  1.230969e+02 -5.768033e-14 
  662.000  2.964972e+02  1.253720e+02  1.168439e-13 
  663.000  2.932066e+02  1.236499e+02 -1.155371e-13 
  664.000  2.895114e+02  1.217820e+02  0.000000e+00 
  665.000  2.915434e+02  1.223237e+02  0.000000e+00 
  666.000  2.960410e+02  1.238985e+02 -7.724086e-15 
  667.000  2.909573e+02  1.214638e+02  0.000000e+00 
  668.000  2.936549e+02  1.222864e+02  0.000000e+00 
  669.000  2.985959e+02  1.240312e+02 -1.227559e-13 
  670.000  2.956074e+02  1.224803e+02  2.043997e-13 
  671.000  2.931111e+02  1.211420e+02  0.000000e+00 
  672.000  2.926797e+02  1.206605e+02 -1.119370e-13 
  673.000  2.952874e+02  1.214314e+02 -1.126885e-13 
  674.000  2.963657e+02  1.215715e+02 -9.773720e-14 
  675.000  2.923389e+02  1.196225e+02 -1.488239e-14 
  676.000  2.983347e+02  1.217742e+02 -1.515704e-14 
  677.000  2.928518e+02  1.192416e+02 -2.216856e-13 
  678.000  2.981570e+02  1.211039e+02  0.000000e+00 
  679.000  2.942535e+02  1.192243e+02  1.110100e-13 
  680.000  2.917913e+02  1.179285e+02  0.000000e+00 
  681.000  2.919904e+02  1.177140e+02  0.000000e+00 
  682.000  2.915430e+02  1.172458e+02  0.000000e+00 
  683.000  2.935840e+02  1.177777e+02  0.000000e+00 
  684.000  2.877089e+02  1.151297e+02  1.088313e-13 
  685.000  2.919825e+02  1.165695e+02  1.025992e-13 
  686.000  2.778092e+02  1.106160e+02 -5.628722e-14 
  687.000  2.163090e+02  8.622454e+01  2.450020e-15 
  688.000  2.359527e+02  9.372829e+01 -1.113961e-14 
  689.000  2.305413e+02  9.143112e+01  2.568523e-14 
  690.000  2.421946e+02  9.571581e+01  7.558404e-17 
  691.000  2.550948e+02  1.004646e+02 -9.672595e-15 
  692.000  2.574409e+02  1.011625e+02 -9.883630e-15 
  693.000  2.437769e+02  9.586420e+01  2.281134e-14 
  694.000  2.313447e+02  9.094690e+01  3.587567e-15 
  695.000  2.358947e+02  9.245728e+01  1.587205e-14 
  696.000  2.442510e+02  9.544725e+01 -9.281323e-16 
  697.000  2.717115e+02  1.055221e+02 -9.219199e-15 
  698.000  2.609455e+02  1.011775e+02 -4.314304e-14 
  699.000  2.415860e+02  9.382298e+01  2.696667e-14 
  700.000  2.425365e+02  9.392769e+01  1.513398e-14 
  701.000  2.320715e+02  8.974101e+01 -1.780702e-14 
  702.000  2.347084e+02  9.051404e+01 -2.092606e-15 
  703.000  2.578733e+02  9.890417e+01 -5.233055e-14 
  704.000  2.596371e+02  9.935205e+01 -4.605618e-15 
  705.000  2.533924e+02  9.688203e+01 -5.267345e-14 
  706.000  2.524374e+02  9.628104e+01 -5.215461e-14 
  707.000  2.516664e+02  9.573212e+01 -2.671925e-14 
  708.000  2.623772e+02  9.954122e+01 -3.067049e-14 
  709.000  2.596890e+02  9.822310e+01 -4.005858e-14 
  710.000  2.586491e+02  9.771204e+01 -2.612257e-16 
  711.000  2.633129e+02  9.916425e+01 -8.968855e-15 
  712.000  2.658528e+02  9.985059e+01  5.235068e-15 
  713.000  2.597779e+02  9.740081e+01 -4.321530e-14 
  714.000  2.623920e+02  9.818761e+01 -1.045072e-14 
  715.000  2.451565e+02  9.164405e+01 -2.998403e-14 
  716.000  2.426711e+02  9.063835e+01  3.962565e-14 
  717.000  1.891776e+02  7.067963e+01 -5.896713e-15 
  718.000  1.625308e+02  6.090882e+01  3.072156e-15 
  719.000  1.519846e+02  5.702293e+01 -2.796182e-15 
  720.000  1.415493e+02  5.329262e+01 -1.666671e-15 
  721.000  1.988369e+02  7.365731e+01  5.516919e-16 
  722.000  2.261669e+02  8.353464e+01  2.049790e-15 
  723.000  2.117601e+02  7.812704e+01  6.436572e-15 
  724.000  1.765068e+02  6.511723e+01  3.519246e-15 
  725.000  1.793560e+02  6.596924e+01 -5.670344e-15 
  726.000  1.775928e+02  6.520428e+01 -6.458576e-15 
  727.000  1.852959e+02  6.783883e+01  3.247096e-15 
  728.000  1.770368e+02  6.473840e+01 -2.978011e-15 
  729.000  1.829915e+02  6.666947e+01 -5.882671e-15 
  730.000  1.877825e+02  6.828303e+01 -2.635145e-15 
  731.000  1.823244e+02  6.617869e+01 -1.024927e-14 
  732.000  2.095990e+02  7.590072e+01  1.178434e-14 
  733.000  2.311902e+02  8.340497e+01  4.962479e-14 
  734.000  2.490617e+02  8.949168e+01 -2.541383e-14 
  735.000  2.428163e+02  8.714308e+01  1.935755e-14 
  736.000  2.304089e+02  8.264126e+01 -2.141220e-15 
  737.000  2.397271e+02  8.572813e+01  4.944923e-17 
  738.000  2.477967e+02  8.831606e+01  2.897803e-14 
  739.000  2.435703e+02  8.659493e+01 -6.316059e-15 
  740.000  2.543289e+02  9.016572e+01 -4.915434e-14 
  741.000  2.572887e+02  9.101562e+01 -1.689672e-14 
  742.000  2.552010e+02  9.009829e+01  4.737418e-14 
  743.000  2.674131e+02  9.423253e+01 -1.287785e-13 
  744.000  2.720128e+02  9.562971e+01  9.262607e-14 
  745.000  2.666058e+02  9.356155e+01  9.332512e-14 
  746.000  2.716685e+02  9.516550e+01 -9.460962e-14 
  747.000  2.762779e+02  9.659551e+01  2.817918e-13 
  748.000  2.723011e+02  9.503175e+01 -1.759316e-13 
  749.000  2.729583e+02  9.508314e+01 -1.885750e-13 
  750.000  2.686314e+02  9.339158e+01  1.244728e-14 
  751.000  2.681797e+02  9.305777e+01  9.266051e-14 
  752.000  2.733852e+02  9.469455e+01  1.881077e-13 
  753.000  2.713314e+02  9.380925e+01  0.000000e+00 
  754.000  2.759880e+02  9.524180e+01 -1.765233e-13 
  755.000  2.746454e+02  9.460110e+01  1.259991e-14 
  756.000  2.695201e+02  9.266267e+01 -1.843941e-13 
  757.000  2.716835e+02  9.323226e+01 -1.732892e-13 
  758.000  2.705457e+02  9.265788e+01 -1.732028e-13 
  759.000  2.293407e+02  7.841839e+01  1.491240e-14 
  760.000  4.360623e+01  1.546335e+01  1.301661e-15 
  761.000  3.394605e+01  1.220181e+01  8.306880e-16 
  762.000  1.117079e+02  3.840134e+01  2.679070e-15 
  763.000  8.433820e+01  2.921113e+01 -8.560663e-18 
  764.000  9.915311e+01  3.413300e+01  1.326305e-15 
  765.000  1.372089e+02  4.663650e+01  4.688231e-15 
  766.000  1.811143e+02  6.125611e+01 -1.939755e-15 
  767.000  2.125515e+02  7.169380e+01 -1.505123e-14 
  768.000  2.414990e+02  8.118253e+01  3.280624e-14 
  769.000  2.545079e+02  8.540279e+01  3.180927e-14 
  770.000  2.605142e+02  8.730389e+01 -7.811836e-14 
  771.000  2.641661e+02  8.836453e+01  0.000000e+00 
  772.000  2.640924e+02  8.819104e+01  1.781914e-13 
  773.000  2.634714e+02  8.783054e+01  0.000000e+00 
  774.000  2.667881e+02  8.878259e+01 -1.200695e-14 
  775.000  2.571757e+02  8.543591e+01  1.724663e-13 
  776.000  2.681502e+02  8.892757e+01 -1.795400e-13 
  777.000  2.664016e+02  8.819227e+01  3.446370e-13 
  778.000  2.649545e+02  8.755801e+01  1.654633e-13 
  779.000  2.658003e+02  8.768255e+01  0.000000e+00 
  780.000  2.625944e+02  8.647323e+01  1.757432e-13 
  781.000  2.626677e+02  8.635172e+01  0.000000e+00 
  782.000  2.658005e+02  8.722870e+01  0.000000e+00 
  783.000  2.596655e+02  8.506741e+01 -3.352101e-13 
  784.000  2.608752e+02  8.531269e+01  0.000000e+00 
  785.000  2.600125e+02  8.486815e+01  0.000000e+00 
  786.000  2.532189e+02  8.252792e+01  1.143302e-15 
  787.000  2.514002e+02  8.178328e+01  1.505355e-14 
  788.000  2.447727e+02  7.949691e+01 -5.475108e-14 
  789.000  2.360846e+02  7.661563e+01 -1.049070e-16 
  790.000  2.328553e+02  7.544955e+01 -7.713553e-15 
  791.000  2.335754e+02  7.553671e+01 -9.577661e-14 
  792.000  2.316800e+02  7.478329e+01  2.031751e-16 
  793.000  2.355733e+02  7.588413e+01  7.262324e-14 
  794.000  2.417878e+02  7.773629e+01 -1.485317e-14 
  795.000  2.353018e+02  7.553027e+01  3.770231e-14 
  796.000  2.255524e+02  7.239436e+01  3.882828e-15 
  797.000  2.309469e+02  7.395845e+01  7.497228e-15 
  798.000  2.399714e+02  7.665376e+01 -6.056206e-14 
  799.000  2.378279e+02  7.585561e+01 -4.898983e-14 
  800.000  2.254525e+02  7.184250e+01 -4.301486e-14 
  801.000  2.304534e+02  7.330933e+01  5.691011e-14 
  802.000  2.294374e+02  7.287455e+01 -4.097871e-14 
  803.000  2.271391e+02  7.201925e+01 -7.103555e-14 
  804.000  2.322761e+02  7.350365e+01 -6.882629e-15 
  805.000  2.316222e+02  7.314608e+01 -3.693750e-14 
  806.000  2.414795e+02  7.612917e+01  1.531451e-14 
  807.000  2.402655e+02  7.562505e+01 -1.303591e-14 
  808.000  2.368715e+02  7.444052e+01  3.519406e-14 
  809.000  2.305075e+02  7.233277e+01  1.222012e-14 
  810.000  2.268523e+02  7.108549e+01 -1.301199e-17 
  811.000  2.250677e+02  7.045566e+01  4.691894e-14 
  812.000  2.170449e+02  6.791239e+01  7.130555e-15 
  813.000  2.074558e+02  6.491566e+01  7.218996e-17 
  814.000  1.960570e+02  6.136627e+01 -1.180345e-14 
  815.000  1.806812e+02  5.649861e+01  8.151157e-19 
  816.000  1.636706e+02  5.106606e+01 -2.299514e-15 
  817.000  1.652673e+02  5.148510e+01 -4.503445e-15 
  818.000  1.654694e+02  5.146841e+01  1.112506e-15 
  819.000  1.661167e+02  5.159772e+01 -4.029787e-15 
  820.000  1.798688e+02  5.579447e+01  1.706374e-15 
  821.000  2.071676e+02  6.391776e+01 -8.713037e-15 
  822.000  1.855181e+02  5.733526e+01  1.191838e-14 
  823.000  1.481270e+02  4.576589e+01  2.016374e-15 
  824.000  1.842265e+02  5.680387e+01 -6.045760e-15 
  825.000  2.084684e+02  6.391636e+01  9.493762e-17 
  826.000  2.058751e+02  6.308486e+01 -1.079119e-14 
  827.000  2.020847e+02  6.187067e+01 -3.045178e-14 
  828.000  1.857472e+02  5.692229e+01 -5.963005e-18 
  829.000  1.913012e+02  5.850235e+01  9.316143e-16 
  830.000  1.947317e+02  5.939766e+01 -1.123272e-14 
  831.000  1.929567e+02  5.875176e+01  6.013335e-15 
  832.000  1.979092e+02  6.016495e+01 -1.125709e-14 
  833.000  1.955729e+02  5.932191e+01 -4.925356e-15 
  834.000  2.030919e+02  6.145744e+01  3.145641e-15 
  835.000  2.125562e+02  6.412976e+01  3.806542e-14 
  836.000  2.122922e+02  6.398502e+01 -3.251463e-16 
  837.000  2.104156e+02  6.333111e+01  1.405416e-14 
  838.000  2.156184e+02  6.476026e+01  4.148847e-14 
  839.000  2.115805e+02  6.343559e+01 -4.059241e-14 
  840.000  2.182834e+02  6.534373e+01 -4.354948e-14 
  841.000  2.161053e+02  6.461837e+01 -3.738461e-14 
  842.000  2.173686e+02  6.488335e+01  5.056577e-14 
  843.000  2.219716e+02  6.613564e+01  8.721405e-14 
  844.000  2.211070e+02  6.578145e+01  7.240371e-14 
  845.000  2.258262e+02  6.709001e+01 -7.246443e-16 
  846.000  2.292723e+02  6.801894e+01  5.357085e-14 
  847.000  2.228776e+02  6.603197e+01  2.441823e-14 
  848.000  2.270543e+02  6.716487e+01  7.529133e-14 
  849.000  2.278262e+02  6.729718e+01  2.770275e-14 
  850.000  1.959844e+02  5.780700e+01  6.383927e-14 
  851.000  2.231732e+02  6.573232e+01 -1.286508e-13 
  852.000  2.148970e+02  6.320474e+01 -5.380092e-14 
  853.000  2.196937e+02  6.452589e+01  1.232434e-14 
  854.000  1.765891e+02  5.179235e+01 -1.782185e-13 
  855.000  1.954529e+02  5.724650e+01 -4.391919e-14 
  856.000  2.241083e+02  6.552670e+01 -3.649220e-14 
  857.000  2.287392e+02  6.679533e+01  1.481856e-13 
  858.000  2.256103e+02  6.579340e+01  0.000000e+00 
  859.000  2.267291e+02  6.603696e+01  0.000000e+00 
  860.000  2.253451e+02  6.554755e+01  1.442268e-13 
  861.000  2.254753e+02  6.549489e+01  1.345404e-13 
  862.000  2.250524e+02  6.528383e+01 -1.436861e-13 
  863.000  2.294570e+02  6.646956e+01  0.000000e+00 
  864.000  2.293588e+02  6.635191e+01 -1.363225e-13 
  865.000  2.253823e+02  6.511372e+01  2.867323e-13 
  866.000  1.891425e+02  5.456904e+01  0.000000e+00 
  867.000  2.014095e+02  5.802779e+01 -1.280636e-13 
  868.000  2.185123e+02  6.286913e+01  0.000000e+00 
  869.000  2.155669e+02  6.193750e+01 -1.277625e-13 
  870.000  2.244357e+02  6.439705e+01  0.000000e+00 
  871.000  2.242382e+02  6.425341e+01  0.000000e+00 
  872.000  2.235727e+02  6.397738e+01 -4.064017e-13 
  873.000  2.243108e+02  6.409975e+01 -1.328519e-13 
  874.000  2.193281e+02  6.259013e+01  1.392826e-13 
  875.000  2.173230e+02  6.193400e+01 -1.287623e-13 
  876.000  2.190445e+02  6.233906e+01 -2.690555e-13 
  877.000  2.234116e+02  6.349613e+01 -1.324736e-13 
  878.000  2.189270e+02  6.213188e+01 -6.982660e-14 
  879.000  2.195135e+02  6.221538e+01  0.000000e+00 
  880.000  2.176777e+02  6.160736e+01 -6.963361e-14 
  881.000  2.061638e+02  5.826892e+01 -1.276531e-13 
  882.000  2.172787e+02  6.132616e+01 -7.438078e-14 
  883.000  2.126753e+02  5.995023e+01 -6.353657e-14 
  884.000  2.146497e+02  6.042812e+01  0.000000e+00 
  885.000  2.157743e+02  6.065482e+01  3.240666e-14 
  886.000  2.073368e+02  5.822587e+01  8.790095e-14 
  887.000  2.062873e+02  5.783295e+01  3.326681e-14 
  888.000  2.124187e+02  5.947341e+01  0.000000e+00 
  889.000  2.142071e+02  5.989879e+01  6.665474e-14 
  890.000  2.126941e+02  5.942088e+01 -1.223644e-13 
  891.000  2.095267e+02  5.845326e+01 -9.366206e-14 
  892.000  2.043614e+02  5.693550e+01 -1.134371e-14 
  893.000  1.838621e+02  5.122764e+01  2.324426e-14 
  894.000  1.833517e+02  5.108398e+01  9.401357e-16 
  895.000  1.563778e+02  4.369107e+01 -1.194371e-14 
  896.000  1.457868e+02  4.067698e+01  5.845711e-15 
  897.000  1.263174e+02  3.520385e+01  1.823320e-15 
  898.000  1.194324e+02  3.329473e+01  9.322705e-17 
  899.000  1.019086e+02  2.860973e+01 -2.076796e-15 
  900.000  1.014482e+02  2.840500e+01 -4.546420e-17 
  901.000  9.534161e+01  2.673215e+01 -9.347074e-16 
  902.000  9.467989e+01  2.649659e+01  2.029593e-15 
  903.000  1.295160e+02  3.580827e+01 -2.112620e-15 
  904.000  1.528292e+02  4.223062e+01 -3.470123e-16 
  905.000  1.519801e+02  4.194523e+01  8.257172e-16 
  906.000  1.348203e+02  3.713796e+01  2.258997e-15 
  907.000  1.155834e+02  3.188916e+01  1.291848e-19 
  908.000  9.998351e+01  2.772680e+01 -7.286266e-16 
  909.000  9.862830e+01  2.730974e+01  4.406095e-17 
  910.000  1.015551e+02  2.805524e+01 -9.361983e-16 
  911.000  1.094060e+02  3.006041e+01 -1.803392e-15 
  912.000  1.057152e+02  2.906526e+01  1.042039e-16 
  913.000  9.182101e+01  2.548068e+01 -4.929148e-16 
  914.000  9.913673e+01  2.732442e+01  1.042460e-15 
  915.000  1.039884e+02  2.851354e+01 -8.898704e-17 
  916.000  1.072916e+02  2.935402e+01  2.551611e-15 
  917.000  1.095489e+02  2.988112e+01 -2.640853e-15 
  918.000  1.141207e+02  3.103050e+01 -2.021366e-15 
  919.000  1.339414e+02  3.630035e+01 -5.978292e-15 
  920.000  1.479857e+02  4.009031e+01  3.205436e-15 
  921.000  1.416968e+02  3.834142e+01  3.409767e-15 
  922.000  1.402544e+02  3.790468e+01  3.913426e-15 
  923.000  1.304714e+02  3.520818e+01  3.282646e-16 
  924.000  1.264717e+02  3.406061e+01  1.504370e-15 
  925.000  1.269238e+02  3.414356e+01  1.217881e-16 
  926.000  1.209825e+02  3.251392e+01  4.901436e-16 
  927.000  1.140061e+02  3.064597e+01 -1.070348e-20 
  928.000  9.854751e+01  2.663838e+01 -1.005004e-15 
  929.000  7.724594e+01  2.118054e+01 -4.228558e-16 
  930.000  5.651285e+01  1.583254e+01 -5.395019e-18 
  931.000  3.887684e+01  1.115524e+01 -3.607202e-19 
  932.000  2.136249e+01  6.521141e+00 -1.960418e-20 
  933.000  1.356703e+01  4.468449e+00 -1.381112e-16 
  934.000  8.119510e+00  2.991941e+00  1.414761e-17 
  935.000  7.443178e+00  2.791422e+00 -8.916584e-22 
  936.000  8.930727e+00  3.194059e+00  7.278797e-22 
  937.000  8.846388e+00  3.181376e+00 -7.542282e-18 
  938.000  1.546771e+01  4.920530e+00  1.484774e-17 
  939.000  4.780840e+01  1.347023e+01  2.224500e-16 
  940.000  5.521793e+01  1.533537e+01  1.179164e-16 
  941.000  4.827464e+01  1.351637e+01 -3.171516e-16 
  942.000  3.417751e+01  9.769814e+00  4.158571e-20 
  943.000  2.020280e+01  6.100827e+00 -5.522551e-17 
  944.000  1.864638e+01  5.669464e+00 -2.095895e-16 
  945.000  2.324523e+01  6.876039e+00  7.517433e-20 
  946.000  2.407235e+01  7.089264e+00  2.551835e-17 
  947.000  2.930419e+01  8.441413e+00 -2.598586e-30 
  948.000  3.299032e+01  9.403557e+00 -1.088288e-16 
  949.000  3.301296e+01  9.390033e+00 -5.889634e-17 
  950.000  3.384564e+01  9.589611e+00  1.090772e-16 
  951.000  4.233528e+01  1.179846e+01 -3.864359e-18 
  952.000  3.380613e+01  9.533072e+00  2.168882e-16 
  953.000  4.037200e+01  1.123242e+01 -6.857625e-19 
  954.000  4.815844e+01  1.322081e+01  5.083873e-18 
  955.000  3.965459e+01  1.094476e+01  6.342621e-19 
  956.000  4.185667e+01  1.152500e+01  1.053096e-16 
  957.000  6.445537e+01  1.725779e+01 -7.604823e-24 
  958.000  6.915714e+01  1.841190e+01 -1.085439e-16 
  959.000  6.565199e+01  1.752958e+01 -5.043434e-17 
  960.000  6.428362e+01  1.715795e+01  6.691831e-16 
  961.000  6.188020e+01  1.652650e+01  1.002463e-17 
  962.000  6.449002e+01  1.716312e+01  1.007141e-17 
  963.000  8.002608e+01  2.095915e+01 -4.012018e-17 
  964.000  8.187256e+01  2.137158e+01 -7.930291e-17 
  965.000  8.170369e+01  2.132805e+01  4.117177e-23 
  966.000  8.068089e+01  2.101766e+01  7.796473e-16 
  967.000  9.640353e+01  2.486047e+01 -8.418281e-16 
  968.000  1.204982e+02  3.086137e+01 -1.661469e-15 
  969.000  1.343702e+02  3.440171e+01 -2.512090e-18 
  970.000  1.357480e+02  3.471514e+01  2.784402e-15 
  971.000  1.343325e+02  3.431618e+01  7.354749e-15 
  972.000  1.315198e+02  3.356116e+01  6.780627e-15 
  973.000  1.220482e+02  3.108693e+01 -2.030269e-15 
  974.000  1.108956e+02  2.821380e+01 -8.954303e-21 
  975.000  1.057814e+02  2.691458e+01  9.225693e-16 
  976.000  1.142138e+02  2.899114e+01  1.582068e-16 
  977.000  1.235985e+02  3.135924e+01  3.830999e-15 
  978.000  1.258660e+02  3.189525e+01 -7.018681e-15 
  979.000  1.258136e+02  3.185733e+01 -3.002482e-15 
  980.000  1.416064e+02  3.578079e+01  6.012218e-15 
  981.000  1.460544e+02  3.683775e+01  5.323180e-15 
  982.000  1.427940e+02  3.600694e+01 -5.302999e-15 
  983.000  1.501973e+02  3.776307e+01 -1.135873e-14 
  984.000  1.574053e+02  3.945601e+01  1.066143e-14 
  985.000  1.621913e+02  4.057788e+01  9.785507e-15 
  986.000  1.671886e+02  4.175499e+01 -4.565455e-15 
  987.000  1.720070e+02  4.290824e+01  9.233335e-15 
  988.000  1.706429e+02  4.252328e+01  5.871489e-14 
  989.000  1.689747e+02  4.206358e+01  4.724724e-14 
  990.000  1.711540e+02  4.256143e+01  5.703381e-14 
  991.000  1.749980e+02  4.347340e+01  0.000000e+00 
  992.000  1.741023e+02  4.320683e+01 -5.101916e-14 
  993.000  1.743931e+02  4.323437e+01  5.048465e-14 
  994.000  1.773436e+02  4.390548e+01  5.503207e-14 
  995.000  1.775455e+02  4.391843e+01  0.000000e+00 
  996.000  1.775274e+02  4.386817e+01  5.460781e-14 
  997.000  1.768336e+02  4.364588e+01  2.733614e-14 
  998.000  1.752356e+02  4.322201e+01  5.009607e-14 
  999.000  1.744245e+02  4.297630e+01 -5.005414e-14 
 1000.000  1.733726e+02  4.267390e+01  5.638164e-16 
 1001.000  1.721336e+02  4.232061e+01 -6.066308e-14 
 1002.000  1.684145e+02  4.136349e+01 -5.911604e-14 
 1003.000  1.672923e+02  4.104504e+01 -4.929482e-14 
 1004.000  1.678927e+02  4.115037e+01 -5.090437e-14 
 1005.000  1.576863e+02  3.861024e+01 -3.737710e-14 
 1006.000  1.662734e+02  4.067161e+01  4.921256e-14 
 1007.000  1.686645e+02  4.121350e+01 -9.425294e-15 
 1008.000  1.666032e+02  4.066803e+01  9.769619e-15 
 1009.000  1.619408e+02  3.949751e+01  1.836165e-14 
 1010.000  1.642151e+02  4.000708e+01 -2.985851e-16 
 1011.000  1.672882e+02  4.071095e+01 -3.992379e-14 
 1012.000  1.688964e+02  4.106245e+01  5.596713e-14 
 1013.000  1.688921e+02  4.102247e+01  5.101078e-16 
 1014.000  1.705188e+02  4.137731e+01 -1.821088e-14 
 1015.000  1.674983e+02  4.060380e+01 -4.664014e-14 
 1016.000  1.691354e+02  4.096122e+01  1.753687e-14 
 1017.000  1.676850e+02  4.055185e+01  0.000000e+00 
 1018.000  1.693516e+02  4.093038e+01  3.013284e-16 
 1019.000  1.641934e+02  3.964077e+01  1.109754e-13 
 1020.000  1.643332e+02  3.963598e+01 -1.127669e-13 
 1021.000  1.669451e+02  4.022853e+01  6.528769e-14 
 1022.000  1.628879e+02  3.920788e+01  2.603006e-15 
 1023.000  1.647092e+02  3.960508e+01 -8.657771e-15 
 1024.000  1.631049e+02  3.918000e+01  3.891517e-14 
 1025.000  1.655061e+02  3.972049e+01  5.777053e-16 
 1026.000  1.668103e+02  3.999681e+01  6.359508e-14 
 1027.000  1.653864e+02  3.961507e+01 -3.010455e-14 
 1028.000  1.661900e+02  3.976947e+01 -6.664222e-14 
 1029.000  1.646434e+02  3.934747e+01 -2.359506e-14 
 1030.000  1.673007e+02  3.994926e+01 -5.106224e-14 
 1031.000  1.672949e+02  3.991190e+01  5.088738e-14 
 1032.000  1.671238e+02  3.983456e+01  5.069985e-14 
 1033.000  1.641969e+02  3.909955e+01 -4.643200e-14 
 1034.000  1.661243e+02  3.952104e+01  5.365414e-14 
 1035.000  1.644948e+02  3.909607e+01  4.974899e-14 
 1036.000  1.666462e+02  3.956891e+01  5.040187e-14 
 1037.000  1.632138e+02  3.871677e+01  9.537941e-14 
 1038.000  1.649520e+02  3.909195e+01  9.631525e-14 
 1039.000  1.654764e+02  3.917725e+01  0.000000e+00 
 1040.000  1.634173e+02  3.865165e+01 -4.614270e-14 
 1041.000  1.641974e+02  3.879815e+01  0.000000e+00 
 1042.000  1.646772e+02  3.887400e+01  0.000000e+00 
 1043.000  1.618699e+02  3.817478e+01 -4.901186e-14 
 1044.000  1.634193e+02  3.850280e+01 -9.569179e-14 
 1045.000  1.624460e+02  3.823500e+01 -3.303207e-15 
 1046.000  1.576107e+02  3.706062e+01  4.788788e-14 
 1047.000  1.603244e+02  3.766152e+01  0.000000e+00 
 1048.000  1.618059e+02  3.797242e+01  0.000000e+00 
 1049.000  1.606548e+02  3.766555e+01  0.000000e+00 
 1050.000  1.594420e+02  3.734408e+01 -7.145253e-14 
 1051.000  1.590932e+02  3.722477e+01 -2.437536e-14 
 1052.000  1.581201e+02  3.696064e+01 -4.691467e-14 
 1053.000  1.581336e+02  3.692854e+01  2.265624e-14 
 1054.000  1.561677e+02  3.643296e+01  0.000000e+00 
 1055.000  1.569341e+02  3.657499e+01  0.000000e+00 
 1056.000  1.562190e+02  3.637231e+01  2.418291e-14 
 1057.000  1.552188e+02  3.610122e+01  2.416796e-14 
 1058.000  1.523307e+02  3.538913e+01  0.000000e+00 
 1059.000  1.476282e+02  3.426506e+01 -1.160356e-14 
 1060.000  1.535670e+02  3.561375e+01  0.000000e+00 
 1061.000  1.480412e+02  3.429944e+01 -1.081697e-14 
 1062.000  1.514326e+02  3.504844e+01  0.000000e+00 
 1063.000  1.486711e+02  3.437611e+01  1.094899e-14 
 1064.000  1.499951e+02  3.464675e+01 -7.971771e-16 
 1065.000  1.489577e+02  3.437112e+01 -7.969471e-16 
 1066.000  1.444783e+02  3.330719e+01 -1.230312e-14 
 1067.000  1.476823e+02  3.403038e+01  5.423036e-15 
 1068.000  1.454796e+02  3.349064e+01 -2.792695e-17 
 1069.000  1.336589e+02  3.074273e+01 -1.008953e-14 
 1070.000  1.417858e+02  3.258347e+01 -1.068351e-14 
 1071.000  1.409615e+02  3.236738e+01  1.393898e-14 
 1072.000  1.403379e+02  3.219885e+01  4.108271e-15 
 1073.000  1.355170e+02  3.106666e+01  4.102801e-15 
 1074.000  1.404479e+02  3.216907e+01  4.245711e-15 
 1075.000  1.376430e+02  3.149531e+01  1.438680e-14 
 1076.000  1.396584e+02  3.193146e+01 -1.076944e-14 
 1077.000  1.380250e+02  3.153563e+01 -5.800811e-16 
 1078.000  1.368622e+02  3.125058e+01 -2.173886e-15 
 1079.000  1.313460e+02  2.996644e+01 -2.093480e-15 
 1080.000  1.311535e+02  2.992484e+01  1.941812e-14 
 1081.000  1.261241e+02  2.875459e+01  0.000000e+00 
 1082.000  1.294603e+02  2.947600e+01 -8.611159e-15 
 1083.000  1.238770e+02  2.819647e+01  4.733356e-15 
 1084.000  1.262731e+02  2.873742e+01  4.308265e-15 
 1085.000  1.193099e+02  2.717946e+01 -1.017318e-15 
 1086.000  1.220572e+02  2.776920e+01  6.885119e-15 
 1087.000  1.200900e+02  2.724325e+01  1.062468e-15 
 1088.000  1.276528e+02  2.893217e+01 -3.241032e-17 
 1089.000  1.157752e+02  2.628062e+01  6.454142e-17 
 1090.000  1.169162e+02  2.652806e+01 -7.043297e-15 
 1091.000  1.189176e+02  2.694631e+01  9.015960e-15 
 1092.000  1.126865e+02  2.553989e+01  4.370834e-16 
 1093.000  1.040132e+02  2.357769e+01 -2.525629e-15 
 1094.000  9.187311e+01  2.080182e+01  2.526625e-15 
 1095.000  9.982733e+01  2.258460e+01  2.329120e-16 
 1096.000  9.963873e+01  2.252388e+01 -3.643270e-15 
 1097.000  9.674914e+01  2.184842e+01  2.344018e-16 
 1098.000  8.001767e+01  1.806875e+01  6.308932e-16 
 1099.000  6.820410e+01  1.551074e+01  6.080279e-16 
 1100.000  7.004919e+01  1.590659e+01 -1.218017e-15 
