  400.000  5.207553e+01  1.326465e+02 -5.815804e-14 
  401.000  5.243956e+01  1.311937e+02  8.003597e-15 
  402.000  5.629422e+01  1.383498e+02  2.613189e-14 
  403.000  5.339684e+01  1.289320e+02  2.370324e-15 
  404.000  5.810170e+01  1.378581e+02 -7.483801e-15 
  405.000  5.394094e+01  1.257859e+02 -8.177873e-14 
  406.000  5.418697e+01  1.242056e+02 -2.962865e-14 
  407.000  5.341039e+01  1.203560e+02  2.867178e-16 
  408.000  5.854913e+01  1.297245e+02  1.125785e-13 
  409.000  6.556476e+01  1.428557e+02  4.473046e-14 
  410.000  5.544690e+01  1.188209e+02 -2.328227e-14 
  411.000  6.584995e+01  1.388107e+02 -8.754381e-15 
  412.000  6.899358e+01  1.430842e+02 -2.033594e-14 
  413.000  6.589467e+01  1.344631e+02  8.679558e-14 
  414.000  6.533791e+01  1.312061e+02 -5.844765e-14 
  415.000  7.044837e+01  1.392343e+02  1.775310e-15 
  416.000  7.077356e+01  1.376879e+02  4.135522e-14 
  417.000  6.934467e+01  1.328143e+02 -1.474581e-15 
  418.000  6.853349e+01  1.292395e+02 -2.759432e-14 
  419.000  7.092599e+01  1.317094e+02  6.118843e-14 
  420.000  6.063433e+01  1.108927e+02 -2.609228e-14 
  421.000  7.672129e+01  1.382040e+02  8.828741e-14 
  422.000  7.423577e+01  1.317307e+02  9.149936e-15 
  423.000  6.330466e+01  1.106695e+02  4.653189e-14 
  424.000  7.029707e+01  1.210875e+02  2.868713e-14 
  425.000  7.348503e+01  1.247352e+02 -5.298740e-14 
  426.000  7.128999e+01  1.192607e+02  7.324900e-14 
  427.000  6.919717e+01  1.140995e+02 -7.118439e-14 
  428.000  7.069304e+01  1.149069e+02 -9.151835e-14 
  429.000  6.487860e+01  1.039662e+02  2.211385e-14 
  430.000  5.221976e+01  8.250797e+01  2.022870e-14 
  431.000  4.735204e+01  7.377579e+01 -4.314736e-14 
  432.000  8.595433e+01  1.320702e+02 -1.656360e-14 
  433.000  7.715044e+01  1.169182e+02  2.182731e-14 
  434.000  7.393372e+01  1.105187e+02 -4.629534e-14 
  435.000  8.109439e+01  1.195853e+02 -1.083728e-14 
  436.000  9.064559e+01  1.318781e+02  7.350469e-14 
  437.000  9.224759e+01  1.324235e+02  5.390564e-14 
  438.000  8.328272e+01  1.179757e+02 -4.211535e-14 
  439.000  8.121645e+01  1.135401e+02  1.149245e-14 
  440.000  9.172224e+01  1.265599e+02  5.944478e-14 
  441.000  9.211290e+01  1.254592e+02 -1.097535e-14 
  442.000  9.773163e+01  1.314087e+02  7.238211e-14 
  443.000  9.910221e+01  1.315603e+02  7.933025e-15 
  444.000  9.916450e+01  1.299858e+02 -8.113091e-15 
  445.000  1.050419e+02  1.359724e+02  5.812880e-14 
  446.000  9.414195e+01  1.203580e+02 -2.438620e-15 
  447.000  1.081323e+02  1.365356e+02 -1.923271e-14 
  448.000  1.107571e+02  1.381101e+02  2.115753e-14 
  449.000  1.123525e+02  1.383616e+02 -3.732208e-14 
  450.000  1.156510e+02  1.406726e+02  9.031497e-14 
  451.000  1.258757e+02  1.512468e+02  5.032942e-14 
  452.000  1.178218e+02  1.398642e+02  3.068547e-14 
  453.000  1.101072e+02  1.291454e+02 -1.463338e-14 
  454.000  1.181669e+02  1.369571e+02  7.018959e-14 
  455.000  1.197378e+02  1.371456e+02  5.377911e-15 
  456.000  1.233512e+02  1.396365e+02  3.123140e-14 
  457.000  1.247604e+02  1.395924e+02 -4.703258e-14 
  458.000  1.232659e+02  1.363306e+02 -3.871483e-14 
  459.000  1.239399e+02  1.355088e+02 -2.609937e-14 
  460.000  1.235417e+02  1.335383e+02  1.248773e-14 
  461.000  1.287218e+02  1.375663e+02  1.868766e-14 
  462.000  1.273056e+02  1.345281e+02 -9.340367e-15 
  463.000  1.280173e+02  1.337749e+02 -1.897072e-14 
  464.000  1.292964e+02  1.336160e+02 -3.588215e-14 
  465.000  1.282446e+02  1.310732e+02 -2.855335e-14 
  466.000  1.331585e+02  1.346123e+02 -4.210524e-14 
  467.000  1.292653e+02  1.292653e+02 -3.773822e-14 
  468.000  1.375542e+02  1.360848e+02  7.314720e-14 
  469.000  1.369637e+02  1.340734e+02  6.066752e-14 
  470.000  1.356424e+02  1.314027e+02 -5.852277e-14 
  471.000  1.359136e+02  1.303227e+02  3.350974e-15 
  472.000  1.380290e+02  1.310204e+02  5.234166e-14 
  473.000  1.368626e+02  1.286282e+02 -4.113120e-14 
  474.000  1.382536e+02  1.286720e+02  2.845396e-14 
  475.000  1.439748e+02  1.327553e+02 -4.120457e-14 
  476.000  1.395129e+02  1.275094e+02 -2.563694e-15 
  477.000  1.382972e+02  1.252483e+02  1.526923e-14 
  478.000  1.458434e+02  1.306698e+02  9.387631e-15 
  479.000  1.402199e+02  1.241886e+02 -1.782235e-14 
  480.000  1.440764e+02  1.261212e+02 -4.409663e-14 
  481.000  1.441855e+02  1.247979e+02  6.096261e-14 
  482.000  1.481596e+02  1.268448e+02  3.828589e-14 
  483.000  1.491615e+02  1.263580e+02  3.575398e-14 
  484.000  1.441383e+02  1.208552e+02 -1.696096e-14 
  485.000  1.458539e+02  1.210705e+02  7.788648e-16 
  486.000  1.188254e+02  9.766210e+01  1.415229e-14 
  487.000  1.342290e+02  1.092468e+02  2.178368e-14 
  488.000  1.464590e+02  1.180498e+02 -4.392539e-14 
  489.000  1.368023e+02  1.092093e+02  3.565295e-15 
  490.000  1.564839e+02  1.237310e+02  2.534414e-14 
  491.000  1.469919e+02  1.151258e+02  6.048296e-14 
  492.000  1.417558e+02  1.099817e+02 -3.270650e-14 
  493.000  1.532101e+02  1.177571e+02  5.287003e-14 
  494.000  1.485182e+02  1.130913e+02 -5.934286e-14 
  495.000  1.593103e+02  1.201879e+02  5.984751e-14 
  496.000  1.554651e+02  1.162089e+02 -1.224919e-14 
  497.000  1.511001e+02  1.119116e+02 -4.356031e-14 
  498.000  1.478113e+02  1.084784e+02  3.409366e-14 
  499.000  1.477240e+02  1.074337e+02 -3.542048e-14 
  500.000  1.473389e+02  1.061893e+02  4.023724e-14 
  501.000  1.442740e+02  1.030512e+02  3.691273e-14 
  502.000  1.435653e+02  1.016326e+02 -6.630518e-14 
  503.000  1.523721e+02  1.069118e+02  2.096429e-14 
  504.000  1.419902e+02  9.875081e+01  2.731413e-14 
  505.000  1.533813e+02  1.057407e+02 -4.759355e-15 
  506.000  1.647818e+02  1.126091e+02  5.559961e-14 
  507.000  1.538727e+02  1.042408e+02  3.186790e-14 
  508.000  1.480982e+02  9.946133e+01  3.124776e-14 
  509.000  1.602693e+02  1.067096e+02  6.392791e-14 
  510.000  1.558339e+02  1.028699e+02 -1.753829e-14 
  511.000  1.563710e+02  1.023475e+02  2.766684e-14 
  512.000  1.646200e+02  1.068357e+02 -2.334609e-14 
  513.000  1.511204e+02  9.724931e+01  2.891021e-14 
  514.000  1.483909e+02  9.469337e+01  1.357598e-14 
  515.000  1.519398e+02  9.615024e+01 -2.210938e-14 
  516.000  1.599495e+02  1.003810e+02 -7.735974e-14 
  517.000  1.180018e+02  7.344672e+01 -9.616798e-15 
  518.000  1.463084e+02  9.032085e+01  3.791673e-15 
  519.000  1.388147e+02  8.499755e+01  2.621356e-14 
  520.000  1.530508e+02  9.295540e+01  3.087283e-14 
  521.000  1.533375e+02  9.238090e+01  1.420427e-14 
  522.000  1.595870e+02  9.538013e+01  5.206097e-16 
  523.000  1.487889e+02  8.822699e+01 -4.477980e-14 
  524.000  1.615669e+02  9.505284e+01 -3.635037e-14 
  525.000  1.603930e+02  9.362900e+01 -3.441197e-14 
  526.000  1.529929e+02  8.861284e+01  7.270673e-15 
  527.000  1.337008e+02  7.684102e+01 -8.789607e-15 
  528.000  1.606068e+02  9.159574e+01  2.892811e-14 
  529.000  1.651981e+02  9.349390e+01 -5.675958e-14 
  530.000  1.561309e+02  8.768871e+01  1.289796e-14 
  531.000  1.699865e+02  9.474513e+01 -1.176724e-14 
  532.000  1.622398e+02  8.973911e+01  2.864557e-14 
  533.000  1.427471e+02  7.835367e+01 -2.104857e-14 
  534.000  1.555537e+02  8.472211e+01  2.045130e-14 
  535.000  1.590780e+02  8.596634e+01  2.830536e-14 
  536.000  1.691786e+02  9.071699e+01  1.052405e-14 
  537.000  1.572856e+02  8.369405e+01 -1.762974e-14 
  538.000  1.649601e+02  8.711373e+01 -1.414754e-14 
  539.000  1.647119e+02  8.633018e+01  8.495645e-15 
  540.000  1.614691e+02  8.400061e+01 -5.229852e-14 
  541.000  1.483134e+02  7.658563e+01 -4.064274e-14 
  542.000  1.657136e+02  8.494138e+01  1.200364e-14 
  543.000  1.587641e+02  8.078416e+01  1.133690e-15 
  544.000  1.676738e+02  8.469815e+01  2.351605e-14 
  545.000  1.653515e+02  8.292168e+01 -2.918700e-14 
  546.000  1.618411e+02  8.057803e+01 -5.362933e-14 
  547.000  1.688940e+02  8.348705e+01 -3.058175e-14 
  548.000  1.568673e+02  7.698936e+01 -3.645039e-14 
  549.000  1.652586e+02  8.053202e+01  7.220040e-14 
  550.000  1.617602e+02  7.827077e+01 -2.921151e-14 
  551.000  1.608477e+02  7.728360e+01  1.365970e-14 
  552.000  1.678891e+02  8.010304e+01 -1.577316e-14 
  553.000  1.614048e+02  7.647476e+01  1.120578e-14 
  554.000  1.667697e+02  7.847123e+01 -7.827500e-15 
  555.000  1.673286e+02  7.819320e+01  1.702476e-14 
  556.000  1.627838e+02  7.554945e+01  2.085720e-14 
  557.000  1.579835e+02  7.282480e+01  3.761842e-14 
  558.000  1.640098e+02  7.509330e+01  4.878897e-15 
  559.000  1.550393e+02  7.051094e+01  7.139243e-15 
  560.000  1.557110e+02  7.034757e+01 -1.891791e-14 
  561.000  1.710990e+02  7.679308e+01 -2.947615e-14 
  562.000  1.569709e+02  7.000394e+01  1.781936e-14 
  563.000  1.641664e+02  7.274365e+01 -9.109888e-15 
  564.000  1.617568e+02  7.122443e+01 -2.745959e-14 
  565.000  1.634994e+02  7.155218e+01 -4.248844e-14 
  566.000  1.505741e+02  6.549122e+01  8.024030e-15 
  567.000  1.611561e+02  6.970269e+01 -1.677742e-14 
  568.000  1.601788e+02  6.895567e+01  1.330761e-14 
  569.000  1.562684e+02  6.705973e+01 -7.274963e-15 
  570.000  1.567669e+02  6.687308e+01 -5.096738e-15 
  571.000  1.512256e+02  6.402843e+01 -1.133723e-14 
  572.000  1.592166e+02  6.715172e+01 -6.876540e-15 
  573.000  1.607139e+02  6.736749e+01 -2.558122e-16 
  574.000  1.595224e+02  6.649097e+01 -8.438559e-15 
  575.000  1.554998e+02  6.445223e+01  5.920034e-15 
  576.000  1.528914e+02  6.300071e+01  4.447431e-15 
  577.000  1.597918e+02  6.540006e+01  3.278875e-15 
  578.000  1.556669e+02  6.328026e+01  6.036320e-15 
  579.000  1.556232e+02  6.277242e+01 -5.620450e-16 
  580.000  1.625147e+02  6.502213e+01 -3.751677e-15 
  581.000  1.614120e+02  6.401446e+01 -9.087435e-15 
  582.000  1.653208e+02  6.504951e+01 -3.723249e-15 
  583.000  1.676847e+02  6.550769e+01  1.451840e-14 
  584.000  1.682091e+02  6.525945e+01  1.582461e-14 
  585.000  1.680197e+02  6.475457e+01  2.108815e-14 
  586.000  1.617738e+02  6.192073e+01  0.000000e+00 
  587.000  1.686716e+02  6.420869e+01 -8.333338e-15 
  588.000  1.671847e+02  6.350452e+01 -1.762140e-14 
  589.000  1.477382e+02  5.609771e+01 -4.331228e-15 
  590.000  1.546092e+02  5.836830e+01 -1.921279e-14 
  591.000  1.654197e+02  6.182454e+01 -1.163807e-15 
  592.000  1.622723e+02  6.041056e+01  1.329803e-15 
  593.000  1.651431e+02  6.083739e+01 -9.733741e-16 
  594.000  1.668469e+02  6.116201e+01 -3.916241e-15 
  595.000  1.634429e+02  5.975061e+01 -1.211271e-14 
  596.000  1.682646e+02  6.087788e+01  4.663672e-15 
  597.000  1.684467e+02  6.064617e+01 -7.250245e-15 
  598.000  1.651602e+02  5.900682e+01  2.301298e-14 
  599.000  1.651067e+02  5.857184e+01 -3.015864e-14 
  600.000  1.652318e+02  5.818374e+01 -2.028023e-14 
  601.000  1.642345e+02  5.744749e+01  3.526903e-15 
  602.000  1.623203e+02  5.643593e+01 -3.289664e-15 
  603.000  1.637780e+02  5.658320e+01  3.025361e-16 
  604.000  1.697587e+02  5.828397e+01 -3.610837e-15 
  605.000  1.700201e+02  5.802818e+01  1.325848e-14 
  606.000  1.686535e+02  5.723375e+01  1.012411e-14 
  607.000  1.682955e+02  5.678933e+01 -3.215147e-14 
  608.000  1.682788e+02  5.646361e+01 -1.851105e-14 
  609.000  1.671274e+02  5.576408e+01 -6.763464e-15 
  610.000  1.650370e+02  5.476030e+01  2.466147e-14 
  611.000  1.683634e+02  5.555578e+01  2.641715e-14 
  612.000  1.668010e+02  5.473857e+01 -1.345988e-14 
  613.000  1.649696e+02  5.384331e+01 -2.567670e-15 
  614.000  1.595834e+02  5.180446e+01 -3.693594e-15 
  615.000  1.678234e+02  5.418655e+01 -1.215819e-14 
  616.000  1.601177e+02  5.142318e+01  2.158553e-14 
  617.000  1.615495e+02  5.160990e+01  4.383048e-15 
  618.000  1.696463e+02  5.391502e+01  2.032888e-15 
  619.000  1.685035e+02  5.327837e+01  2.233702e-14 
  620.000  1.713858e+02  5.391608e+01  1.376616e-14 
  621.000  1.746870e+02  5.468210e+01 -3.015539e-15 
  622.000  1.657601e+02  5.163509e+01  2.646068e-14 
  623.000  1.672716e+02  5.185962e+01  1.285390e-16 
  624.000  1.676783e+02  5.173983e+01  2.317403e-14 
  625.000  1.633278e+02  5.016197e+01  8.717764e-15 
  626.000  1.642591e+02  5.022666e+01 -1.888111e-16 
  627.000  1.666016e+02  5.078846e+01  7.022709e-16 
  628.000  1.578194e+02  4.851976e+01  1.142424e-15 
  629.000  1.667848e+02  5.062765e+01  6.782326e-18 
  630.000  1.618241e+02  4.881740e+01  1.101787e-14 
  631.000  1.693347e+02  5.067256e+01 -1.754517e-15 
  632.000  1.589760e+02  4.731758e+01 -1.283709e-14 
  633.000  1.721918e+02  5.086269e+01  5.107002e-15 
  634.000  1.684629e+02  4.944884e+01  7.249721e-15 
  635.000  1.729362e+02  5.046125e+01 -1.182148e-14 
  636.000  1.680003e+02  4.873201e+01 -1.591324e-14 
  637.000  1.748089e+02  5.040731e+01 -1.792891e-14 
  638.000  1.788511e+02  5.124812e+01 -1.413158e-14 
  639.000  1.784492e+02  5.085282e+01 -1.190949e-14 
  640.000  1.740670e+02  4.930650e+01 -1.132972e-14 
  641.000  1.775608e+02  5.002941e+01  4.099670e-15 
  642.000  1.763955e+02  4.941830e+01 -2.818366e-15 
  643.000  1.801125e+02  5.022549e+01  4.297992e-15 
  644.000  1.787874e+02  4.960015e+01 -1.989984e-14 
  645.000  1.809022e+02  4.996773e+01  8.086441e-16 
  646.000  1.743249e+02  4.806450e+01 -1.702519e-14 
  647.000  1.769685e+02  4.865325e+01 -2.809586e-15 
  648.000  1.768278e+02  4.848854e+01  2.263494e-14 
  649.000  1.813874e+02  4.939452e+01  5.189320e-15 
  650.000  1.692592e+02  4.566885e+01  7.339732e-15 
  651.000  1.828818e+02  4.910566e+01  1.692024e-14 
  652.000  1.793355e+02  4.810605e+01 -1.953789e-14 
  653.000  1.840390e+02  4.892514e+01 -9.494273e-15 
  654.000  1.822368e+02  4.822598e+01 -3.654905e-15 
  655.000  1.777993e+02  4.691235e+01 -8.720103e-15 
  656.000  1.514857e+02  3.975886e+01  1.924067e-14 
  657.000  1.621435e+02  4.230764e+01 -1.573208e-14 
  658.000  1.813195e+02  4.702914e+01  3.688437e-14 
  659.000  1.825205e+02  4.707660e+01  1.257172e-14 
  660.000  1.844525e+02  4.734278e+01  6.114336e-15 
  661.000  1.860936e+02  4.748963e+01  4.506277e-15 
  662.000  1.894221e+02  4.809340e+01 -1.520819e-14 
  663.000  1.877654e+02  4.746070e+01 -3.066348e-15 
  664.000  1.854011e+02  4.663361e+01  3.584754e-14 
  665.000  1.868132e+02  4.676200e+01  1.959451e-14 
  666.000  1.897046e+02  4.725316e+01  4.443825e-15 
  667.000  1.865344e+02  4.624080e+01 -2.429139e-14 
  668.000  1.882230e+02  4.643361e+01 -2.375633e-16 
  669.000  1.915083e+02  4.702329e+01 -6.167003e-15 
  670.000  1.897749e+02  4.638259e+01  1.775251e-15 
  671.000  1.883239e+02  4.581525e+01  2.626992e-14 
  672.000  1.882540e+02  4.558899e+01  8.163472e-15 
  673.000  1.901471e+02  4.583788e+01 -7.624304e-16 
  674.000  1.910600e+02  4.584906e+01  2.074305e-14 
  675.000  1.886763e+02  4.507228e+01 -6.074887e-15 
  676.000  1.927617e+02  4.584095e+01 -2.991997e-14 
  677.000  1.894068e+02  4.484094e+01 -1.373517e-14 
  678.000  1.930263e+02  4.549323e+01 -4.694513e-15 
  679.000  1.907551e+02  4.475959e+01 -1.410447e-14 
  680.000  1.896463e+02  4.431374e+01  6.250934e-15 
  681.000  1.901759e+02  4.425637e+01 -1.952705e-14 
  682.000  1.901789e+02  4.406699e+01  6.869394e-16 
  683.000  1.918177e+02  4.426130e+01  4.149064e-15 
  684.000  1.887779e+02  4.337820e+01  1.122405e-14 
  685.000  1.912785e+02  4.376279e+01  1.769591e-14 
  686.000  1.824088e+02  4.158916e+01  2.307169e-15 
  687.000  1.385846e+02  3.308901e+01 -1.585854e-15 
  688.000  1.521358e+02  3.565865e+01  1.553193e-14 
  689.000  1.490511e+02  3.493227e+01  3.224997e-15 
  690.000  1.570664e+02  3.637399e+01 -2.181631e-15 
  691.000  1.681038e+02  3.833552e+01  1.783969e-15 
  692.000  1.744260e+02  3.931555e+01  1.443971e-15 
  693.000  1.772306e+02  3.978831e+01  2.442404e-15 
  694.000  1.791401e+02  4.012447e+01  1.019368e-15 
  695.000  1.789831e+02  3.977625e+01  1.061439e-14 
  696.000  1.828329e+02  4.037948e+01  4.368291e-15 
  697.000  1.884560e+02  4.112332e+01 -4.899479e-15 
  698.000  1.843272e+02  4.011861e+01 -3.882737e-15 
  699.000  1.837142e+02  4.009842e+01  1.456865e-14 
  700.000  1.825837e+02  3.964177e+01  2.639072e-15 
  701.000  1.778294e+02  3.851094e+01 -3.888819e-15 
  702.000  1.779437e+02  3.833405e+01  9.229786e-15 
  703.000  1.843168e+02  3.931539e+01  1.204731e-14 
  704.000  1.853032e+02  3.935506e+01 -1.630115e-14 
  705.000  1.854972e+02  3.932984e+01  1.708467e-15 
  706.000  1.840728e+02  3.885104e+01 -7.909516e-15 
  707.000  1.820697e+02  3.823977e+01  1.244744e-14 
  708.000  1.881921e+02  3.932952e+01  5.807018e-15 
  709.000  1.828873e+02  3.799511e+01 -9.690973e-15 
  710.000  1.861234e+02  3.858953e+01 -1.246548e-14 
  711.000  1.857466e+02  3.827856e+01 -2.065629e-15 
  712.000  1.844597e+02  3.779559e+01  7.177211e-15 
  713.000  1.830687e+02  3.741356e+01  9.521105e-15 
  714.000  1.861222e+02  3.790453e+01 -1.672101e-14 
  715.000  1.784859e+02  3.628872e+01 -9.676162e-15 
  716.000  1.819198e+02  3.692975e+01  2.307931e-15 
  717.000  1.676154e+02  3.440665e+01 -2.880423e-15 
  718.000  1.608144e+02  3.318297e+01 -2.160574e-15 
  719.000  1.569860e+02  3.237104e+01  2.371724e-16 
  720.000  1.549966e+02  3.198557e+01  3.009807e-15 
  721.000  1.695728e+02  3.412030e+01 -3.588461e-15 
  722.000  1.774475e+02  3.528941e+01 -9.278944e-17 
  723.000  1.743396e+02  3.469018e+01  6.791444e-15 
  724.000  1.671252e+02  3.354088e+01  1.287157e-16 
  725.000  1.667453e+02  3.327557e+01  7.991533e-15 
  726.000  1.662167e+02  3.306070e+01 -1.116469e-15 
  727.000  1.700559e+02  3.363507e+01 -8.830571e-15 
  728.000  1.660054e+02  3.276954e+01  2.812917e-15 
  729.000  1.626671e+02  3.183658e+01 -2.997560e-15 
  730.000  1.682834e+02  3.283627e+01 -8.450825e-15 
  731.000  1.650027e+02  3.210439e+01 -3.526132e-15 
  732.000  1.737061e+02  3.340088e+01  1.295634e-14 
  733.000  1.763142e+02  3.351429e+01  1.072573e-14 
  734.000  1.826037e+02  3.445064e+01  8.812149e-16 
  735.000  1.804593e+02  3.396215e+01  1.642139e-15 
  736.000  1.756852e+02  3.301946e+01  8.206221e-15 
  737.000  1.793462e+02  3.351921e+01  5.816746e-15 
  738.000  1.806458e+02  3.355088e+01  2.446001e-14 
  739.000  1.756203e+02  3.246037e+01 -9.916614e-15 
  740.000  1.789411e+02  3.287181e+01  7.147405e-15 
  741.000  1.783109e+02  3.258140e+01  1.588119e-14 
  742.000  1.759144e+02  3.200440e+01 -3.556614e-15 
  743.000  1.818651e+02  3.293163e+01 -4.252529e-15 
  744.000  1.842224e+02  3.321122e+01  4.411704e-14 
  745.000  1.798275e+02  3.228730e+01  1.531115e-14 
  746.000  1.826783e+02  3.266984e+01 -1.379250e-15 
  747.000  1.857777e+02  3.309941e+01  8.906554e-15 
  748.000  1.828764e+02  3.244688e+01  1.237374e-14 
  749.000  1.832517e+02  3.238816e+01  3.880484e-15 
  750.000  1.806223e+02  3.181511e+01  4.792653e-15 
  751.000  1.803776e+02  3.165579e+01 -1.187004e-14 
  752.000  1.836062e+02  3.209184e+01 -2.110866e-14 
  753.000  1.821515e+02  3.171844e+01  5.818495e-15 
  754.000  1.852601e+02  3.214074e+01 -2.196996e-14 
  755.000  1.844179e+02  3.187872e+01 -2.791314e-15 
  756.000  1.810267e+02  3.117925e+01 -2.350405e-15 
  757.000  1.825220e+02  3.132491e+01 -2.416044e-15 
  758.000  1.815556e+02  3.107173e+01 -5.558317e-15 
  759.000  1.525194e+02  2.671810e+01  2.994640e-15 
  760.000  2.558784e+01  6.284036e+00 -8.127883e-17 
  761.000  1.958217e+01  5.153696e+00  4.208895e-17 
  762.000  7.047153e+01  1.389151e+01 -3.240672e-16 
  763.000  5.194946e+01  1.085428e+01 -1.801369e-16 
  764.000  6.185748e+01  1.248095e+01  3.560115e-18 
  765.000  8.778871e+01  1.652802e+01  3.681457e-16 
  766.000  1.188458e+02  2.090824e+01  4.074470e-15 
  767.000  1.412338e+02  2.422779e+01  6.874229e-15 
  768.000  1.616866e+02  2.721261e+01  6.566355e-16 
  769.000  1.711597e+02  2.840812e+01  1.690027e-15 
  770.000  1.762032e+02  2.900801e+01 -1.033540e-14 
  771.000  1.786786e+02  2.922260e+01  1.169387e-14 
  772.000  1.786084e+02  2.909610e+01  6.680840e-15 
  773.000  1.782650e+02  2.893506e+01  1.107576e-15 
  774.000  1.806680e+02  2.921780e+01  1.455939e-14 
  775.000  1.742815e+02  2.807935e+01 -8.351893e-15 
  776.000  1.817637e+02  2.917859e+01 -1.336884e-14 
  777.000  1.806753e+02  2.890369e+01  1.271928e-14 
  778.000  1.798253e+02  2.867070e+01 -3.019908e-14 
  779.000  1.805141e+02  2.868408e+01  2.102763e-14 
  780.000  1.783775e+02  2.824992e+01 -2.658613e-14 
  781.000  1.783005e+02  2.813675e+01  5.799959e-15 
  782.000  1.805433e+02  2.839616e+01  9.477480e-15 
  783.000  1.764192e+02  2.765545e+01 -1.499020e-14 
  784.000  1.774167e+02  2.772419e+01 -1.239739e-14 
  785.000  1.776219e+02  2.768211e+01  1.840816e-14 
  786.000  1.742020e+02  2.708224e+01 -2.142619e-14 
  787.000  1.761607e+02  2.733760e+01  5.879653e-15 
  788.000  1.734599e+02  2.685855e+01 -3.828476e-15 
  789.000  1.729778e+02  2.678368e+01  1.221452e-14 
  790.000  1.711931e+02  2.642718e+01  1.752294e-14 
  791.000  1.707261e+02  2.625163e+01  8.875493e-15 
  792.000  1.684107e+02  2.579535e+01 -8.937803e-15 
  793.000  1.690016e+02  2.576601e+01  3.809474e-15 
  794.000  1.685161e+02  2.552885e+01  2.247935e-15 
  795.000  1.670823e+02  2.527872e+01  1.408689e-14 
  796.000  1.677829e+02  2.541969e+01  5.646437e-15 
  797.000  1.695947e+02  2.557646e+01  3.788002e-15 
  798.000  1.712241e+02  2.566284e+01 -6.620704e-15 
  799.000  1.708665e+02  2.554328e+01 -9.841949e-15 
  800.000  1.655068e+02  2.471468e+01  2.703243e-15 
  801.000  1.688079e+02  2.511983e+01  1.018982e-15 
  802.000  1.684791e+02  2.499551e+01 -1.249680e-14 
  803.000  1.663166e+02  2.458765e+01  6.207479e-15 
  804.000  1.684123e+02  2.479268e+01 -1.264118e-14 
  805.000  1.648143e+02  2.413895e+01  2.217540e-15 
  806.000  1.696571e+02  2.473685e+01 -2.147106e-16 
  807.000  1.687705e+02  2.452787e+01 -3.878960e-15 
  808.000  1.677918e+02  2.432752e+01 -7.817754e-15 
  809.000  1.646592e+02  2.381661e+01 -1.435265e-14 
  810.000  1.635792e+02  2.360617e+01  6.507942e-15 
  811.000  1.653758e+02  2.383285e+01  9.021620e-15 
  812.000  1.636445e+02  2.356611e+01 -3.476716e-16 
  813.000  1.614731e+02  2.324936e+01  3.742739e-15 
  814.000  1.592272e+02  2.294415e+01  1.053336e-14 
  815.000  1.549460e+02  2.236684e+01  6.978084e-15 
  816.000  1.501979e+02  2.174904e+01  2.046664e-15 
  817.000  1.513810e+02  2.184478e+01 -2.375147e-15 
  818.000  1.508204e+02  2.168511e+01  5.082363e-16 
  819.000  1.479626e+02  2.116420e+01 -3.832568e-15 
  820.000  1.488998e+02  2.108638e+01  1.173264e-15 
  821.000  1.583020e+02  2.217374e+01 -3.996423e-16 
  822.000  1.506882e+02  2.116800e+01  5.446133e-15 
  823.000  1.435026e+02  2.043178e+01 -9.877835e-16 
  824.000  1.537299e+02  2.151863e+01  4.831780e-15 
  825.000  1.585872e+02  2.193168e+01  1.520619e-15 
  826.000  1.588219e+02  2.193015e+01 -5.288719e-18 
  827.000  1.577529e+02  2.174069e+01 -1.718835e-15 
  828.000  1.542098e+02  2.131374e+01 -7.329383e-15 
  829.000  1.553998e+02  2.136714e+01 -1.775901e-15 
  830.000  1.543215e+02  2.110375e+01 -4.005275e-15 
  831.000  1.519891e+02  2.071002e+01 -2.972127e-15 
  832.000  1.553114e+02  2.109319e+01 -2.657416e-15 
  833.000  1.512779e+02  2.045502e+01 -2.052231e-15 
  834.000  1.544405e+02  2.078586e+01 -2.650974e-15 
  835.000  1.563968e+02  2.091847e+01  8.428661e-15 
  836.000  1.577944e+02  2.106371e+01 -5.456071e-15 
  837.000  1.565139e+02  2.083238e+01 -1.240309e-14 
  838.000  1.579043e+02  2.092193e+01 -4.020402e-15 
  839.000  1.534799e+02  2.025584e+01  3.649399e-15 
  840.000  1.578240e+02  2.076001e+01  5.858223e-15 
  841.000  1.578668e+02  2.072518e+01 -3.569633e-15 
  842.000  1.573553e+02  2.057781e+01 -6.000545e-16 
  843.000  1.572642e+02  2.046025e+01 -8.925959e-15 
  844.000  1.549135e+02  2.007154e+01 -4.016146e-15 
  845.000  1.575647e+02  2.034469e+01 -1.026413e-14 
  846.000  1.591337e+02  2.048005e+01  5.568373e-15 
  847.000  1.538520e+02  1.973447e+01 -7.391094e-15 
  848.000  1.581416e+02  2.024168e+01 -1.001592e-14 
  849.000  1.585614e+02  2.023344e+01  7.202483e-15 
  850.000  1.371234e+02  1.745122e+01  9.362247e-15 
  851.000  1.569351e+02  1.992580e+01  3.553073e-15 
  852.000  1.510743e+02  1.912486e+01 -6.383305e-15 
  853.000  1.530917e+02  1.931044e+01 -8.571822e-15 
  854.000  1.232483e+02  1.549828e+01 -8.599774e-15 
  855.000  1.357681e+02  1.701875e+01 -2.752696e-15 
  856.000  1.544135e+02  1.928354e+01  1.140381e-15 
  857.000  1.570116e+02  1.954646e+01 -1.373730e-14 
  858.000  1.546848e+02  1.919580e+01  6.758723e-15 
  859.000  1.549004e+02  1.915842e+01  5.989457e-15 
  860.000  1.537438e+02  1.895328e+01 -3.229356e-15 
  861.000  1.538110e+02  1.890644e+01  1.803041e-15 
  862.000  1.534502e+02  1.880438e+01 -3.775826e-15 
  863.000  1.564583e+02  1.911810e+01  8.768745e-15 
  864.000  1.562653e+02  1.903760e+01 -4.983751e-15 
  865.000  1.534612e+02  1.864087e+01  1.146039e-14 
  866.000  1.287859e+02  1.559897e+01  9.860021e-15 
  867.000  1.371895e+02  1.657047e+01  2.477304e-14 
  868.000  1.488524e+02  1.792834e+01  1.591254e-15 
  869.000  1.468377e+02  1.763536e+01  5.349039e-15 
  870.000  1.529433e+02  1.831782e+01  1.403171e-14 
  871.000  1.528018e+02  1.824903e+01 -5.705684e-15 
  872.000  1.522842e+02  1.813473e+01 -7.863324e-15 
  873.000  1.529173e+02  1.816123e+01  7.597997e-15 
  874.000  1.496041e+02  1.771933e+01 -7.544124e-15 
  875.000  1.482809e+02  1.751413e+01  1.757070e-14 
  876.000  1.495085e+02  1.761326e+01  9.131188e-15 
  877.000  1.525154e+02  1.791940e+01  1.012925e-14 
  878.000  1.497357e+02  1.755441e+01 -4.358915e-16 
  879.000  1.501224e+02  1.755198e+01  7.325928e-17 
  880.000  1.493216e+02  1.741165e+01  4.713904e-15 
  881.000  1.415436e+02  1.646282e+01  2.121708e-14 
  882.000  1.495007e+02  1.733914e+01 -6.532789e-15 
  883.000  1.461986e+02  1.690681e+01 -1.170951e-15 
  884.000  1.473875e+02  1.700076e+01  8.937751e-15 
  885.000  1.488895e+02  1.713401e+01 -6.873439e-15 
  886.000  1.439674e+02  1.653185e+01 -7.884936e-15 
  887.000  1.427347e+02  1.633545e+01  1.447959e-14 
  888.000  1.470555e+02  1.678481e+01 -1.034694e-14 
  889.000  1.480162e+02  1.684942e+01  5.493545e-15 
  890.000  1.475953e+02  1.675985e+01  8.994847e-15 
  891.000  1.467038e+02  1.662527e+01 -6.432679e-16 
  892.000  1.457329e+02  1.649810e+01 -5.138186e-15 
  893.000  1.385631e+02  1.572982e+01 -4.406589e-15 
  894.000  1.422177e+02  1.614382e+01  3.764964e-15 
  895.000  1.319327e+02  1.505680e+01  6.092655e-16 
  896.000  1.332945e+02  1.528227e+01 -1.210937e-15 
  897.000  1.262393e+02  1.454607e+01  4.521123e-16 
  898.000  1.246062e+02  1.437085e+01 -9.769992e-16 
  899.000  1.192084e+02  1.384556e+01  8.569659e-16 
  900.000  1.170190e+02  1.353702e+01 -2.009720e-16 
  901.000  1.132332e+02  1.309608e+01 -3.677502e-16 
  902.000  1.114284e+02  1.284617e+01 -1.260237e-16 
  903.000  1.263189e+02  1.428749e+01 -5.866992e-16 
  904.000  1.335915e+02  1.491531e+01  4.078314e-17 
  905.000  1.330881e+02  1.482488e+01 -1.397720e-15 
  906.000  1.262868e+02  1.412073e+01  1.782702e-15 
  907.000  1.224882e+02  1.381458e+01  7.697888e-16 
  908.000  1.153743e+02  1.307194e+01  2.201788e-15 
  909.000  1.136050e+02  1.283419e+01  2.060869e-15 
  910.000  1.155774e+02  1.300893e+01 -1.263375e-15 
  911.000  1.178314e+02  1.316479e+01  1.948379e-16 
  912.000  1.168964e+02  1.305635e+01  2.311251e-16 
  913.000  1.142214e+02  1.284856e+01  7.340039e-16 
  914.000  1.162085e+02  1.297626e+01 -3.103491e-15 
  915.000  1.162700e+02  1.289919e+01  1.198167e-15 
  916.000  1.183098e+02  1.307707e+01 -1.316251e-15 
  917.000  1.176273e+02  1.293970e+01  3.602004e-15 
  918.000  1.185209e+02  1.296761e+01  2.431717e-15 
  919.000  1.251160e+02  1.352285e+01 -1.468623e-15 
  920.000  1.277007e+02  1.366543e+01  2.347358e-16 
  921.000  1.241504e+02  1.327232e+01 -1.967518e-15 
  922.000  1.230125e+02  1.311848e+01 -1.665876e-16 
  923.000  1.169268e+02  1.246284e+01  1.845500e-15 
  924.000  1.194847e+02  1.276528e+01 -2.576164e-15 
  925.000  1.209083e+02  1.289017e+01  1.461429e-15 
  926.000  1.165526e+02  1.239730e+01 -1.308055e-15 
  927.000  1.180352e+02  1.259653e+01  8.419937e-16 
  928.000  1.143305e+02  1.227896e+01  1.939362e-15 
  929.000  1.063903e+02  1.153897e+01  1.389045e-15 
  930.000  9.809447e+01  1.076738e+01  1.000098e-16 
  931.000  8.915426e+01  9.925982e+00  2.120387e-16 
  932.000  7.680299e+01  8.796725e+00  2.044128e-16 
  933.000  6.854829e+01  8.066497e+00  2.273707e-16 
  934.000  5.942052e+01  7.234314e+00 -2.263798e-16 
  935.000  5.765206e+01  7.033062e+00  5.204523e-17 
  936.000  6.053417e+01  7.255196e+00  4.911625e-18 
  937.000  6.106916e+01  7.326204e+00  9.792650e-17 
  938.000  6.992363e+01  8.044472e+00  9.401060e-17 
  939.000  9.560323e+01  1.030842e+01  1.926474e-16 
  940.000  9.890459e+01  1.056385e+01  3.598506e-16 
  941.000  9.353864e+01  1.002080e+01 -2.427062e-17 
  942.000  8.256129e+01  8.947855e+00 -1.946623e-16 
  943.000  7.411273e+01  8.284466e+00  1.178943e-16 
  944.000  7.121288e+01  7.965240e+00  4.227827e-16 
  945.000  7.644271e+01  8.410043e+00  1.082930e-16 
  946.000  7.777137e+01  8.526820e+00  2.121409e-16 
  947.000  8.144543e+01  8.807833e+00  1.075100e-16 
  948.000  8.439111e+01  9.051088e+00 -7.441920e-16 
  949.000  8.437958e+01  9.031176e+00  5.465852e-16 
  950.000  8.447292e+01  9.005261e+00 -4.560376e-17 
  951.000  8.940343e+01  9.404089e+00  2.441469e-19 
  952.000  8.366726e+01  8.877825e+00 -1.763206e-16 
  953.000  8.750904e+01  9.182198e+00  1.163773e-19 
  954.000  9.100557e+01  9.447055e+00 -7.705305e-17 
  955.000  8.179233e+01  8.520218e+00  3.504053e-20 
  956.000  8.652671e+01  8.999251e+00 -4.059980e-17 
  957.000  9.739240e+01  9.906694e+00  3.905895e-16 
  958.000  9.961095e+01  1.007849e+01  5.629625e-16 
  959.000  9.820262e+01  9.941689e+00 -9.936501e-16 
  960.000  9.678587e+01  9.781387e+00 -2.874218e-16 
  961.000  9.488223e+01  9.579150e+00 -1.578995e-16 
  962.000  9.621155e+01  9.674253e+00  4.504402e-16 
  963.000  1.020097e+02  1.011976e+01 -6.890064e-16 
  964.000  1.017265e+02  1.004944e+01 -1.842291e-16 
  965.000  1.024359e+02  1.010498e+01  1.102375e-15 
  966.000  9.982462e+01  9.816222e+00  7.809131e-16 
  967.000  1.070921e+02  1.041575e+01  1.082147e-16 
  968.000  1.129744e+02  1.079877e+01 -2.236563e-15 
  969.000  1.168864e+02  1.106960e+01 -1.312269e-16 
  970.000  1.174125e+02  1.108837e+01  4.171147e-16 
  971.000  1.163262e+02  1.096113e+01  4.153917e-15 
  972.000  1.162724e+02  1.095107e+01 -1.165312e-15 
  973.000  1.131555e+02  1.067968e+01 -1.132197e-15 
  974.000  1.089574e+02  1.031455e+01  6.666152e-16 
  975.000  1.079191e+02  1.022702e+01 -1.581928e-15 
  976.000  1.112529e+02  1.047351e+01 -1.285246e-15 
  977.000  1.116664e+02  1.041383e+01 -4.490954e-16 
  978.000  1.141912e+02  1.062977e+01  5.108447e-15 
  979.000  1.117356e+02  1.035722e+01  2.035163e-15 
  980.000  1.166260e+02  1.070748e+01 -1.606314e-15 
  981.000  1.182028e+02  1.080918e+01 -2.203050e-15 
  982.000  1.172436e+02  1.071293e+01 -1.387775e-15 
  983.000  1.186537e+02  1.077631e+01 -3.677354e-15 
  984.000  1.196231e+02  1.079780e+01  4.345755e-15 
  985.000  1.205814e+02  1.083538e+01  3.822789e-15 
  986.000  1.208854e+02  1.080724e+01 -2.797652e-15 
  987.000  1.226708e+02  1.092628e+01  2.178709e-15 
  988.000  1.213232e+02  1.077774e+01 -4.015231e-15 
  989.000  1.198969e+02  1.062408e+01 -5.651355e-16 
  990.000  1.209530e+02  1.069155e+01  5.512702e-15 
  991.000  1.225111e+02  1.079171e+01 -5.786185e-17 
  992.000  1.215612e+02  1.067958e+01 -3.506924e-15 
  993.000  1.216431e+02  1.066056e+01 -3.564049e-15 
  994.000  1.226817e+02  1.071743e+01 -5.015255e-15 
  995.000  1.220862e+02  1.063435e+01 -4.834693e-15 
  996.000  1.220859e+02  1.060969e+01 -1.015323e-14 
  997.000  1.219881e+02  1.058233e+01 -7.684182e-16 
  998.000  1.214135e+02  1.051146e+01  1.276792e-15 
  999.000  1.210406e+02  1.045705e+01 -7.782016e-15 
 1000.000  1.201830e+02  1.035717e+01 -3.425606e-15 
 1001.000  1.204941e+02  1.036906e+01  6.127258e-15 
 1002.000  1.197326e+02  1.029506e+01  3.382137e-16 
 1003.000  1.185342e+02  1.016449e+01  1.699120e-15 
 1004.000  1.178681e+02  1.007628e+01  1.408573e-15 
 1005.000  1.103039e+02  9.403622e+00 -3.459021e-15 
 1006.000  1.161635e+02  9.879311e+00 -5.459641e-15 
 1007.000  1.181628e+02  1.002960e+01  7.855294e-15 
 1008.000  1.182170e+02  1.002306e+01  2.557825e-15 
 1009.000  1.169789e+02  9.913974e+00 -2.596422e-15 
 1010.000  1.177490e+02  9.948917e+00  2.838488e-15 
 1011.000  1.176244e+02  9.897682e+00 -1.129978e-15 
 1012.000  1.180152e+02  9.900426e+00  1.571354e-15 
 1013.000  1.173040e+02  9.814933e+00 -1.669508e-15 
 1014.000  1.181922e+02  9.864195e+00 -6.324875e-16 
 1015.000  1.160414e+02  9.662398e+00 -2.648096e-15 
 1016.000  1.169224e+02  9.710958e+00  3.697378e-15 
 1017.000  1.158566e+02  9.599079e+00  5.303453e-15 
 1018.000  1.172222e+02  9.694032e+00  1.746841e-15 
 1019.000  1.143872e+02  9.443016e+00  3.067034e-15 
 1020.000  1.141311e+02  9.400720e+00 -4.523263e-15 
 1021.000  1.154952e+02  9.486563e+00  6.419876e-15 
 1022.000  1.135394e+02  9.311280e+00 -3.440269e-16 
 1023.000  1.154479e+02  9.453487e+00  2.321989e-15 
 1024.000  1.146961e+02  9.375137e+00  6.712733e-16 
 1025.000  1.151537e+02  9.379476e+00  4.565561e-16 
 1026.000  1.153988e+02  9.375268e+00  1.079593e-16 
 1027.000  1.146021e+02  9.292459e+00 -2.000909e-15 
 1028.000  1.149461e+02  9.297991e+00 -8.161716e-15 
 1029.000  1.133169e+02  9.142529e+00 -2.450263e-15 
 1030.000  1.145907e+02  9.221440e+00 -7.978475e-16 
 1031.000  1.142708e+02  9.174468e+00  4.399766e-15 
 1032.000  1.139789e+02  9.128171e+00  4.737871e-16 
 1033.000  1.119082e+02  8.941903e+00  6.685766e-15 
 1034.000  1.131575e+02  9.020020e+00  7.986823e-15 
 1035.000  1.119536e+02  8.903953e+00  8.055931e-15 
 1036.000  1.133096e+02  8.993374e+00 -4.646043e-15 
 1037.000  1.108657e+02  8.780679e+00  4.729137e-15 
 1038.000  1.119818e+02  8.849248e+00  2.777039e-15 
 1039.000  1.123899e+02  8.863560e+00 -1.068046e-15 
 1040.000  1.109989e+02  8.736196e+00  4.898999e-16 
 1041.000  1.115350e+02  8.760563e+00  2.018524e-15 
 1042.000  1.118406e+02  8.766068e+00 -3.113250e-16 
 1043.000  1.098865e+02  8.594625e+00 -4.466613e-15 
 1044.000  1.109130e+02  8.657378e+00  3.917452e-15 
 1045.000  1.103197e+02  8.595277e+00 -2.619273e-15 
 1046.000  1.070189e+02  8.322052e+00 -3.741240e-15 
 1047.000  1.088576e+02  8.449373e+00  2.210073e-15 
 1048.000  1.097011e+02  8.500348e+00 -2.643998e-15 
 1049.000  1.087072e+02  8.409422e+00  2.168535e-15 
 1050.000  1.079077e+02  8.332817e+00  1.877742e-15 
 1051.000  1.077794e+02  8.308994e+00  9.129771e-16 
 1052.000  1.071144e+02  8.243415e+00 -1.290086e-15 
 1053.000  1.070477e+02  8.222615e+00 -1.846268e-15 
 1054.000  1.057522e+02  8.110482e+00 -2.178802e-15 
 1055.000  1.063235e+02  8.141692e+00 -2.498552e-15 
 1056.000  1.058099e+02  8.089789e+00  2.115278e-15 
 1057.000  1.053661e+02  8.044641e+00  1.812234e-15 
 1058.000  1.038860e+02  7.924451e+00  2.869761e-15 
 1059.000  1.004810e+02  7.650160e+00  2.416826e-15 
 1060.000  1.040210e+02  7.902085e+00 -2.902218e-15 
 1061.000  1.002489e+02  7.603201e+00 -1.111169e-15 
 1062.000  1.028683e+02  7.790650e+00  4.995010e-17 
 1063.000  1.009287e+02  7.631539e+00  6.597459e-16 
 1064.000  1.020347e+02  7.704575e+00  3.968000e-16 
 1065.000  1.017752e+02  7.674266e+00 -1.015724e-15 
 1066.000  9.871423e+01  7.427888e+00  7.206693e-16 
 1067.000  1.010055e+02  7.586723e+00 -1.796207e-15 
 1068.000  1.005662e+02  7.544013e+00  1.080218e-15 
 1069.000  9.322311e+01  6.978946e+00 -3.407260e-16 
 1070.000  9.904247e+01  7.395673e+00 -4.332859e-16 
 1071.000  9.936355e+01  7.406154e+00  1.447008e-15 
 1072.000  9.996733e+01  7.439469e+00 -4.235945e-16 
 1073.000  9.687397e+01  7.192784e+00 -1.076484e-15 
 1074.000  1.005323e+02  7.445618e+00  1.997199e-15 
 1075.000  9.784550e+01  7.222424e+00 -6.754612e-16 
 1076.000  1.000533e+02  7.372438e+00 -1.088773e-15 
 1077.000  9.984229e+01  7.345660e+00 -8.865139e-16 
 1078.000  1.000935e+02  7.354158e+00  3.975019e-15 
 1079.000  9.635724e+01  7.064273e+00 -4.859460e-16 
 1080.000  9.874574e+01  7.241645e+00  1.760061e-15 
 1081.000  9.522684e+01  6.969141e+00 -1.117453e-15 
 1082.000  9.683278e+01  7.063367e+00 -9.057947e-16 
 1083.000  9.403805e+01  6.853682e+00 -2.627666e-16 
 1084.000  9.737688e+01  7.092216e+00  1.612795e-15 
 1085.000  9.532836e+01  6.952596e+00  6.468666e-16 
 1086.000  9.688501e+01  7.045369e+00  7.492753e-16 
 1087.000  9.194788e+01  6.646725e+00  1.178725e-15 
 1088.000  9.766592e+01  7.044261e+00 -7.122632e-16 
 1089.000  9.285878e+01  6.715135e+00 -3.031422e-16 
 1090.000  9.473573e+01  6.842761e+00  1.759127e-15 
 1091.000  9.565647e+01  6.888985e+00  2.260221e-16 
 1092.000  9.293807e+01  6.694899e+00  1.228003e-15 
 1093.000  9.051660e+01  6.541453e+00  7.844232e-16 
 1094.000  8.188847e+01  5.919527e+00  1.367146e-15 
 1095.000  8.877901e+01  6.402598e+00 -7.569819e-16 
 1096.000  8.854226e+01  6.371016e+00  1.107304e-15 
 1097.000  8.714693e+01  6.264642e+00 -3.797448e-16 
 1098.000  8.251445e+01  5.994999e+00  2.656035e-16 
 1099.000  7.941779e+01  5.818470e+00  1.085871e-16 
 1100.000  8.103926e+01  5.921704e+00  3.466063e-16 
