  400.000  6.278345e+02  2.511248e+02  1.093232e-13 
  401.000  6.250384e+02  2.473395e+02 -1.493567e-13 
  402.000  6.634457e+02  2.597541e+02 -2.044768e-13 
  403.000  6.223164e+02  2.410824e+02 -9.032856e-14 
  404.000  6.697270e+02  2.567294e+02 -1.159536e-13 
  405.000  6.150496e+02  2.333110e+02 -3.686736e-13 
  406.000  6.112480e+02  2.294659e+02  8.496023e-14 
  407.000  5.961164e+02  2.214798e+02  1.589151e-14 
  408.000  6.466418e+02  2.377906e+02 -4.635575e-14 
  409.000  7.166587e+02  2.608525e+02 -9.535351e-14 
  410.000  5.998941e+02  2.161390e+02  7.086712e-14 
  411.000  7.052873e+02  2.515499e+02 -2.353275e-14 
  412.000  7.316329e+02  2.583290e+02  6.714011e-14 
  413.000  6.919059e+02  2.418668e+02 -9.971889e-14 
  414.000  6.797838e+02  2.352638e+02  8.000710e-15 
  415.000  7.257802e+02  2.487089e+02 -2.165754e-13 
  416.000  7.221045e+02  2.450233e+02 -1.291721e-13 
  417.000  7.008370e+02  2.354866e+02  9.823106e-14 
  418.000  6.862496e+02  2.283463e+02 -5.452840e-14 
  419.000  7.037466e+02  2.319057e+02  5.043601e-16 
  420.000  5.962215e+02  1.945846e+02 -1.715495e-13 
  421.000  7.476821e+02  2.416844e+02  3.264972e-13 
  422.000  7.170691e+02  2.295875e+02  3.854215e-13 
  423.000  6.061348e+02  1.922363e+02 -5.956327e-15 
  424.000  6.672840e+02  2.096413e+02  1.121321e-13 
  425.000  6.916780e+02  2.152703e+02  3.821000e-13 
  426.000  6.654424e+02  2.051757e+02 -2.159981e-13 
  427.000  6.406004e+02  1.956857e+02 -8.402407e-14 
  428.000  6.491752e+02  1.964762e+02 -9.446606e-14 
  429.000  5.910556e+02  1.772445e+02  3.074511e-13 
  430.000  4.720095e+02  1.402524e+02 -2.261162e-14 
  431.000  4.246944e+02  1.250469e+02 -1.082786e-13 
  432.000  7.650166e+02  2.232150e+02 -8.406243e-15 
  433.000  6.814675e+02  1.970487e+02 -8.109586e-14 
  434.000  6.481677e+02  1.857429e+02 -2.569740e-13 
  435.000  7.056871e+02  2.004254e+02 -1.330601e-13 
  436.000  7.830455e+02  2.204253e+02  9.674646e-14 
  437.000  7.911444e+02  2.207407e+02 -9.919705e-14 
  438.000  7.091808e+02  1.961342e+02 -7.130835e-14 
  439.000  6.867164e+02  1.882624e+02 -6.639995e-14 
  440.000  7.701833e+02  2.093070e+02 -1.215293e-13 
  441.000  7.681917e+02  2.069566e+02 -1.328617e-13 
  442.000  8.095902e+02  2.162266e+02 -8.157942e-14 
  443.000  8.155353e+02  2.159410e+02 -2.758126e-13 
  444.000  8.107643e+02  2.128381e+02 -1.769928e-14 
  445.000  8.533834e+02  2.221119e+02  2.017279e-13 
  446.000  7.601276e+02  1.961524e+02  1.744109e-13 
  447.000  8.674881e+02  2.219715e+02 -2.051489e-13 
  448.000  8.824655e+02  2.239351e+02  5.228045e-14 
  449.000  8.889940e+02  2.237409e+02 -7.545437e-14 
  450.000  9.089042e+02  2.268800e+02 -3.090158e-14 
  451.000  9.828289e+02  2.433266e+02  4.253929e-13 
  452.000  9.141723e+02  2.244801e+02 -2.956214e-13 
  453.000  8.490696e+02  2.067955e+02  7.242832e-14 
  454.000  9.057325e+02  2.188048e+02  5.329773e-13 
  455.000  9.125444e+02  2.186653e+02 -6.556619e-14 
  456.000  9.351209e+02  2.222624e+02  1.461167e-13 
  457.000  9.408187e+02  2.218189e+02 -1.242705e-13 
  458.000  9.247199e+02  2.162778e+02 -4.328484e-13 
  459.000  9.250494e+02  2.146279e+02 -1.360905e-13 
  460.000  9.174315e+02  2.111698e+02 -3.220471e-13 
  461.000  9.511373e+02  2.171972e+02 -5.908183e-14 
  462.000  9.360781e+02  2.120740e+02 -3.504866e-13 
  463.000  9.367428e+02  2.105592e+02  1.693464e-13 
  464.000  9.403253e+02  2.097280e+02  7.564985e-14 
  465.000  9.270751e+02  2.051770e+02 -6.508684e-14 
  466.000  9.569246e+02  2.101533e+02  6.838975e-13 
  467.000  9.236052e+02  2.012778e+02 -1.068818e-13 
  468.000  9.781324e+02  2.115156e+02  4.999973e-14 
  469.000  9.698672e+02  2.081021e+02 -3.289254e-13 
  470.000  9.568051e+02  2.037019e+02 -1.227288e-13 
  471.000  9.553642e+02  2.018050e+02  3.124405e-15 
  472.000  9.672952e+02  2.027223e+02 -9.056909e-14 
  473.000  9.569619e+02  1.989729e+02  3.656612e-14 
  474.000  9.648420e+02  1.990206e+02  4.381214e-14 
  475.000  1.004019e+03  2.054141e+02 -7.531301e-14 
  476.000  9.733259e+02  1.974679e+02  1.347384e-14 
  477.000  9.645131e+02  1.940923e+02  2.595714e-13 
  478.000  1.012173e+03  2.022495e+02  5.716080e-14 
  479.000  9.661154e+02  1.917982e+02  1.075074e-13 
  480.000  9.849970e+02  1.943134e+02  5.397467e-14 
  481.000  9.788829e+02  1.918578e+02 -1.083277e-14 
  482.000  9.993312e+02  1.945687e+02  8.231242e-14 
  483.000  1.000376e+03  1.934539e+02  7.638681e-14 
  484.000  9.619340e+02  1.847362e+02 -4.284402e-14 
  485.000  9.690762e+02  1.848099e+02 -6.100539e-13 
  486.000  7.858253e+02  1.488170e+02  4.916520e-13 
  487.000  8.833995e+02  1.661297e+02 -4.252469e-14 
  488.000  9.593765e+02  1.791614e+02  1.719969e-14 
  489.000  8.920042e+02  1.654229e+02  1.026311e-13 
  490.000  1.015708e+03  1.870605e+02  1.198382e-13 
  491.000  9.505981e+02  1.738554e+02 -1.041119e-13 
  492.000  9.136272e+02  1.659368e+02  1.818578e-13 
  493.000  9.841211e+02  1.775084e+02 -2.511813e-15 
  494.000  9.508505e+02  1.703282e+02  1.838734e-13 
  495.000  1.016600e+03  1.808605e+02 -4.446838e-13 
  496.000  9.901237e+02  1.749404e+02  9.396971e-15 
  497.000  9.604937e+02  1.685456e+02 -2.901695e-13 
  498.000  9.378232e+02  1.634478e+02  1.160816e-13 
  499.000  9.355833e+02  1.619509e+02  1.653133e-14 
  500.000  9.314865e+02  1.601521e+02 -8.932021e-14 
  501.000  9.106218e+02  1.555091e+02  1.606803e-14 
  502.000  9.046704e+02  1.534562e+02 -2.335609e-14 
  503.000  9.586148e+02  1.615204e+02  2.715834e-14 
  504.000  8.919064e+02  1.492798e+02 -6.734020e-14 
  505.000  9.620167e+02  1.599451e+02  6.894305e-14 
  506.000  1.030025e+03  1.701357e+02  1.183124e-13 
  507.000  9.585058e+02  1.572953e+02  4.804307e-14 
  508.000  9.193516e+02  1.498958e+02 -1.277066e-13 
  509.000  9.915131e+02  1.606214e+02  1.282282e-13 
  510.000  9.608519e+02  1.546557e+02 -8.995104e-15 
  511.000  9.612311e+02  1.537258e+02  1.868714e-13 
  512.000  1.008954e+03  1.603281e+02 -3.263433e-14 
  513.000  9.234990e+02  1.458164e+02 -1.107995e-13 
  514.000  9.041920e+02  1.418640e+02  3.481259e-14 
  515.000  9.231583e+02  1.439263e+02 -3.451307e-15 
  516.000  9.696971e+02  1.502274e+02 -1.898006e-13 
  517.000  7.142625e+02  1.099554e+02  1.122911e-13 
  518.000  8.842386e+02  1.352643e+02  1.099495e-15 
  519.000  8.376765e+02  1.273373e+02  1.866234e-14 
  520.000  9.221938e+02  1.393089e+02 -1.179184e-13 
  521.000  9.226361e+02  1.385060e+02  2.220740e-14 
  522.000  9.591591e+02  1.430898e+02  3.552808e-14 
  523.000  8.934334e+02  1.324504e+02  1.162999e-13 
  524.000  9.692490e+02  1.427953e+02 -8.488282e-14 
  525.000  9.614110e+02  1.407590e+02 -1.748498e-13 
  526.000  9.161409e+02  1.333049e+02 -1.580799e-14 
  527.000  8.001948e+02  1.157152e+02  1.538363e-13 
  528.000  9.609002e+02  1.380989e+02  1.657590e-13 
  529.000  9.880412e+02  1.411287e+02  3.286164e-14 
  530.000  9.334778e+02  1.325215e+02  4.945561e-14 
  531.000  1.015940e+03  1.433527e+02  2.947460e-13 
  532.000  9.690665e+02  1.359163e+02 -8.834134e-14 
  533.000  8.511130e+02  1.186670e+02 -3.508010e-14 
  534.000  9.254666e+02  1.282847e+02 -6.249450e-15 
  535.000  9.441697e+02  1.301274e+02  3.009385e-13 
  536.000  1.001787e+03  1.372788e+02  8.604578e-14 
  537.000  9.293586e+02  1.266239e+02  5.639872e-14 
  538.000  9.727953e+02  1.317807e+02 -5.124347e-14 
  539.000  9.695438e+02  1.305860e+02 -4.983958e-14 
  540.000  9.487949e+02  1.270581e+02  7.539630e-15 
  541.000  8.700067e+02  1.158405e+02 -1.786304e-13 
  542.000  9.704780e+02  1.284803e+02  1.671254e-13 
  543.000  9.282941e+02  1.221957e+02 -1.700025e-14 
  544.000  9.791062e+02  1.281505e+02 -2.983975e-14 
  545.000  9.645076e+02  1.255222e+02  1.946573e-13 
  546.000  9.430475e+02  1.220339e+02 -6.036241e-14 
  547.000  9.831025e+02  1.264997e+02  1.275614e-13 
  548.000  9.121620e+02  1.167114e+02 -1.660778e-13 
  549.000  9.599821e+02  1.221419e+02 -8.297317e-14 
  550.000  9.389967e+02  1.188031e+02 -3.199575e-14 
  551.000  9.333293e+02  1.174237e+02 -8.178000e-14 
  552.000  9.737894e+02  1.218298e+02  6.753698e-14 
  553.000  9.358601e+02  1.164316e+02  7.855030e-14 
  554.000  9.666693e+02  1.195958e+02 -3.647038e-14 
  555.000  9.696285e+02  1.192970e+02 -1.651143e-13 
  556.000  9.431305e+02  1.153951e+02  9.520614e-14 
  557.000  9.153506e+02  1.113765e+02 -2.037624e-13 
  558.000  9.503359e+02  1.149951e+02  1.386106e-14 
  559.000  8.984749e+02  1.081206e+02 -2.950852e-14 
  560.000  9.026122e+02  1.080191e+02  4.009796e-14 
  561.000  9.922075e+02  1.180855e+02 -4.166054e-14 
  562.000  9.110125e+02  1.078150e+02 -5.156656e-14 
  563.000  9.533090e+02  1.121962e+02  1.950665e-13 
  564.000  9.400736e+02  1.100226e+02  2.976986e-14 
  565.000  9.514161e+02  1.107212e+02  4.234793e-14 
  566.000  8.772437e+02  1.015181e+02  9.096797e-14 
  567.000  9.412698e+02  1.082863e+02  4.081260e-14 
  568.000  9.397740e+02  1.073916e+02  4.201426e-14 
  569.000  9.228950e+02  1.046202e+02  8.521028e-15 
  570.000  9.271725e+02  1.045476e+02  8.560300e-15 
  571.000  8.927199e+02  1.002626e+02 -3.068500e-14 
  572.000  9.447756e+02  1.053405e+02 -2.444525e-14 
  573.000  9.541926e+02  1.058403e+02 -9.992242e-14 
  574.000  9.487183e+02  1.046606e+02 -4.969233e-14 
  575.000  9.256860e+02  1.015502e+02 -3.195590e-14 
  576.000  9.092920e+02  9.921793e+01  3.081271e-14 
  577.000  9.472859e+02  1.028783e+02  4.020404e-14 
  578.000  9.197348e+02  9.944310e+01 -7.335754e-15 
  579.000  9.135862e+02  9.836791e+01  8.390322e-15 
  580.000  9.466274e+02  1.015280e+02  4.908283e-14 
  581.000  9.311098e+02  9.951806e+01  6.334039e-14 
  582.000  9.465522e+02  1.007684e+02  3.324193e-14 
  583.000  9.545871e+02  1.011834e+02 -5.073816e-14 
  584.000  9.528040e+02  1.005438e+02  6.314381e-14 
  585.000  9.476911e+02  9.954457e+01 -8.948784e-14 
  586.000  9.080814e+02  9.494666e+01 -7.083644e-15 
  587.000  9.452962e+02  9.829295e+01  8.514128e-15 
  588.000  9.398988e+02  9.698566e+01  2.624492e-14 
  589.000  8.381281e+02  8.571138e+01  4.639615e-14 
  590.000  8.760327e+02  8.913648e+01  2.186295e-14 
  591.000  9.283094e+02  9.426035e+01  4.646127e-14 
  592.000  9.128306e+02  9.210595e+01 -6.010993e-15 
  593.000  9.193544e+02  9.262126e+01  5.114512e-15 
  594.000  9.291945e+02  9.309263e+01  3.357345e-14 
  595.000  9.145275e+02  9.097629e+01 -1.111384e-13 
  596.000  9.337023e+02  9.273875e+01 -8.630261e-15 
  597.000  9.374637e+02  9.259434e+01  3.692097e-14 
  598.000  9.168549e+02  9.025175e+01  7.268585e-15 
  599.000  9.164457e+02  8.981145e+01  5.324750e-14 
  600.000  9.153019e+02  8.940147e+01  1.421895e-14 
  601.000  9.092701e+02  8.847449e+01  4.559652e-14 
  602.000  8.990742e+02  8.709511e+01  3.113371e-14 
  603.000  9.046985e+02  8.726346e+01  2.319641e-14 
  604.000  9.338469e+02  8.968769e+01  6.559376e-14 
  605.000  9.320970e+02  8.912077e+01 -1.285141e-13 
  606.000  9.219467e+02  8.774842e+01  3.774687e-14 
  607.000  9.174221e+02  8.691965e+01 -9.462461e-14 
  608.000  9.147548e+02  8.627328e+01  5.469499e-14 
  609.000  9.060433e+02  8.506305e+01 -5.891464e-14 
  610.000  8.922090e+02  8.338462e+01 -5.109575e-14 
  611.000  9.074042e+02  8.442112e+01 -2.888503e-14 
  612.000  8.962891e+02  8.301013e+01 -3.641077e-14 
  613.000  8.838739e+02  8.149014e+01  4.783653e-14 
  614.000  8.526059e+02  7.825182e+01 -5.909751e-14 
  615.000  8.941122e+02  8.169129e+01 -9.126066e-14 
  616.000  8.507504e+02  7.737875e+01 -9.481328e-15 
  617.000  8.561619e+02  7.751850e+01 -7.865215e-14 
  618.000  8.971176e+02  8.085722e+01 -8.127768e-14 
  619.000  8.894158e+02  7.979585e+01 -8.830391e-14 
  620.000  9.030639e+02  8.064835e+01 -6.219609e-14 
  621.000  9.190775e+02  8.169916e+01 -1.392818e-14 
  622.000  8.710018e+02  7.706549e+01  2.182812e-14 
  623.000  8.781658e+02  7.733324e+01  0.000000e+00 
  624.000  8.794767e+02  7.708578e+01  3.738726e-14 
  625.000  8.559698e+02  7.467307e+01  1.494987e-14 
  626.000  8.607831e+02  7.472978e+01  3.456050e-14 
  627.000  8.762934e+02  7.560527e+01  1.483502e-14 
  628.000  8.573389e+02  7.281417e+01 -9.911032e-16 
  629.000  8.852872e+02  7.534664e+01  4.016980e-14 
  630.000  8.553353e+02  7.253667e+01 -1.774837e-14 
  631.000  8.883767e+02  7.515613e+01 -2.964018e-14 
  632.000  8.303149e+02  6.997108e+01  4.868920e-16 
  633.000  8.916185e+02  7.498911e+01 -7.236057e-15 
  634.000  8.660259e+02  7.260999e+01  2.149793e-14 
  635.000  8.832936e+02  7.378542e+01  2.847008e-14 
  636.000  8.530681e+02  7.100718e+01  0.000000e+00 
  637.000  8.823467e+02  7.317662e+01  1.015212e-15 
  638.000  8.966188e+02  7.412029e+01 -4.398732e-14 
  639.000  8.902922e+02  7.331336e+01 -2.735677e-14 
  640.000  8.631190e+02  7.082448e+01 -8.427164e-14 
  641.000  8.765800e+02  7.164724e+01  1.196743e-13 
  642.000  8.667320e+02  7.058070e+01 -2.008465e-14 
  643.000  8.831385e+02  7.159772e+01 -1.042627e-13 
  644.000  8.737769e+02  7.055608e+01 -1.578192e-14 
  645.000  8.827042e+02  7.094464e+01  0.000000e+00 
  646.000  8.522327e+02  6.805758e+01 -7.557694e-14 
  647.000  8.662368e+02  6.878395e+01  9.178917e-14 
  648.000  8.671606e+02  6.846079e+01  2.318323e-14 
  649.000  8.834702e+02  6.957140e+01  4.579045e-14 
  650.000  8.163011e+02  6.420909e+01  5.960688e-15 
  651.000  8.799302e+02  6.893426e+01 -7.656439e-14 
  652.000  8.663498e+02  6.742574e+01 -4.494743e-14 
  653.000  8.811021e+02  6.850103e+01  6.264008e-14 
  654.000  8.705780e+02  6.738734e+01 -5.018934e-14 
  655.000  8.494061e+02  6.542348e+01  6.582834e-14 
  656.000  7.213095e+02  5.535849e+01  9.671199e-15 
  657.000  7.696852e+02  5.885814e+01 -1.847297e-14 
  658.000  8.567938e+02  6.533742e+01 -3.384309e-14 
  659.000  8.588329e+02  6.528106e+01 -3.812147e-14 
  660.000  8.658253e+02  6.557115e+01  6.234904e-15 
  661.000  8.694658e+02  6.564853e+01 -5.047030e-14 
  662.000  8.821760e+02  6.637339e+01 -8.281125e-15 
  663.000  8.729904e+02  6.541850e+01  1.934879e-15 
  664.000  8.595436e+02  6.417038e+01  7.854943e-14 
  665.000  8.637560e+02  6.424265e+01  5.217206e-15 
  666.000  8.745755e+02  6.480704e+01  8.261799e-14 
  667.000  8.576485e+02  6.331523e+01 -5.363183e-14 
  668.000  8.629216e+02  6.346947e+01 -1.323532e-14 
  669.000  8.758041e+02  6.417422e+01  9.681450e-14 
  670.000  8.658267e+02  6.320304e+01  4.355739e-14 
  671.000  8.571431e+02  6.233372e+01 -2.620689e-14 
  672.000  8.548572e+02  6.193281e+01 -3.123112e-14 
  673.000  8.614894e+02  6.217813e+01  4.647045e-14 
  674.000  8.636688e+02  6.210110e+01  1.405651e-13 
  675.000  8.509706e+02  6.095870e+01 -9.669973e-14 
  676.000  8.675255e+02  6.191183e+01 -1.936870e-13 
  677.000  8.507289e+02  6.048601e+01 -1.172731e-13 
  678.000  8.652620e+02  6.128984e+01 -1.182256e-13 
  679.000  8.535020e+02  6.023009e+01  2.496391e-14 
  680.000  8.474766e+02  5.957317e+01  1.353629e-13 
  681.000  8.489689e+02  5.944445e+01 -1.107303e-13 
  682.000  8.476063e+02  5.912543e+01 -9.763636e-14 
  683.000  8.537747e+02  5.932803e+01  8.351166e-14 
  684.000  8.390582e+02  5.807433e+01 -4.068088e-15 
  685.000  8.487435e+02  5.853651e+01 -2.657058e-14 
  686.000  8.111597e+02  5.564793e+01 -4.921960e-14 
  687.000  7.194481e+02  4.777509e+01 -1.476784e-14 
  688.000  7.490089e+02  4.979429e+01  5.168182e-15 
  689.000  7.432736e+02  4.915504e+01  1.192179e-14 
  690.000  7.620358e+02  5.036315e+01  2.612444e-14 
  691.000  7.862483e+02  5.206759e+01  1.685367e-14 
  692.000  7.957538e+02  5.277203e+01  9.825007e-15 
  693.000  8.034276e+02  5.311481e+01  2.536204e-14 
  694.000  8.113276e+02  5.339923e+01 -4.371379e-15 
  695.000  8.025366e+02  5.276398e+01 -3.569947e-14 
  696.000  8.149451e+02  5.346582e+01  9.153914e-14 
  697.000  8.258995e+02  5.432674e+01 -6.689166e-14 
  698.000  8.091585e+02  5.296223e+01  4.184479e-14 
  699.000  8.165388e+02  5.296692e+01  1.290188e-14 
  700.000  8.086602e+02  5.231035e+01  5.730290e-14 
  701.000  7.890806e+02  5.080334e+01  2.474394e-14 
  702.000  7.868287e+02  5.051748e+01 -2.630426e-14 
  703.000  8.047480e+02  5.171316e+01  9.491917e-15 
  704.000  8.076738e+02  5.172556e+01  7.803867e-14 
  705.000  8.114295e+02  5.168159e+01  4.339082e-14 
  706.000  8.036268e+02  5.102110e+01 -6.377499e-15 
  707.000  7.927311e+02  5.018461e+01  4.085304e-15 
  708.000  8.170694e+02  5.158043e+01 -4.820013e-14 
  709.000  7.903210e+02  4.979322e+01  1.205071e-14 
  710.000  8.066419e+02  5.055830e+01 -1.506625e-14 
  711.000  8.009944e+02  5.011240e+01  4.413207e-15 
  712.000  7.919750e+02  4.944803e+01 -4.037789e-14 
  713.000  7.873591e+02  4.892885e+01 -5.976132e-14 
  714.000  8.004525e+02  4.954939e+01  7.409133e-14 
  715.000  7.702338e+02  4.742479e+01 -3.539688e-14 
  716.000  7.879379e+02  4.825839e+01 -2.985742e-14 
  717.000  7.479509e+02  4.521335e+01 -6.964286e-15 
  718.000  7.313987e+02  4.386493e+01 -2.174355e-14 
  719.000  7.185754e+02  4.288848e+01  1.245602e-14 
  720.000  7.167527e+02  4.255598e+01 -5.065789e-15 
  721.000  7.465779e+02  4.462396e+01 -1.744584e-14 
  722.000  7.680190e+02  4.598103e+01 -2.436053e-14 
  723.000  7.605226e+02  4.524240e+01 -5.448646e-15 
  724.000  7.477682e+02  4.402810e+01  6.051627e-15 
  725.000  7.424054e+02  4.360303e+01  1.925703e-14 
  726.000  7.403798e+02  4.332545e+01 -1.033595e-14 
  727.000  7.539896e+02  4.401221e+01 -7.039964e-15 
  728.000  7.384887e+02  4.292241e+01  1.801064e-14 
  729.000  7.156875e+02  4.155907e+01  1.995107e-15 
  730.000  7.410783e+02  4.287121e+01  4.294229e-15 
  731.000  7.275686e+02  4.192821e+01  2.131126e-15 
  732.000  7.525001e+02  4.341749e+01  3.105223e-14 
  733.000  7.513101e+02  4.343087e+01  1.003303e-14 
  734.000  7.717803e+02  4.459204e+01  1.919984e-14 
  735.000  7.640853e+02  4.395519e+01  4.503010e-14 
  736.000  7.469832e+02  4.275043e+01  9.851279e-15 
  737.000  7.592822e+02  4.337037e+01 -7.836686e-15 
  738.000  7.605065e+02  4.338280e+01 -3.647916e-14 
  739.000  7.373157e+02  4.195844e+01 -4.051259e-14 
  740.000  7.472769e+02  4.247154e+01  1.764098e-14 
  741.000  7.429599e+02  4.213089e+01 -5.865560e-15 
  742.000  7.315396e+02  4.137061e+01 -3.805676e-14 
  743.000  7.546098e+02  4.258542e+01 -6.724532e-14 
  744.000  7.625884e+02  4.292045e+01 -1.636430e-14 
  745.000  7.433694e+02  4.171997e+01  8.358506e-14 
  746.000  7.542388e+02  4.220613e+01  1.773930e-14 
  747.000  7.662688e+02  4.274388e+01 -1.008450e-13 
  748.000  7.526711e+02  4.186351e+01 -5.576810e-14 
  749.000  7.531782e+02  4.176303e+01  0.000000e+00 
  750.000  7.422299e+02  4.101890e+01 -8.321128e-14 
  751.000  7.405548e+02  4.079692e+01 -5.480928e-14 
  752.000  7.523369e+02  4.132505e+01  4.975510e-14 
  753.000  7.455079e+02  4.082349e+01 -6.170195e-14 
  754.000  7.574388e+02  4.134794e+01  9.850227e-14 
  755.000  7.533239e+02  4.099444e+01  1.053809e-13 
  756.000  7.388044e+02  4.007874e+01  1.728694e-14 
  757.000  7.443926e+02  4.025469e+01 -1.585706e-14 
  758.000  7.426252e+02  4.000295e+01  5.992709e-14 
  759.000  6.725961e+02  3.537980e+01 -5.756092e-15 
  760.000  2.694351e+02  1.267419e+01 -5.410583e-29 
  761.000  2.344961e+02  1.082891e+01  3.310650e-16 
  762.000  4.479308e+02  2.200471e+01 -6.552333e-16 
  763.000  3.886085e+02  1.865039e+01 -1.012965e-15 
  764.000  4.252159e+02  2.052149e+01 -1.339468e-15 
  765.000  5.088461e+02  2.523447e+01 -8.045186e-16 
  766.000  5.780162e+02  2.944018e+01  2.245411e-15 
  767.000  6.334583e+02  3.239709e+01  2.047710e-14 
  768.000  6.899663e+02  3.547128e+01 -1.149190e-14 
  769.000  7.078708e+02  3.657230e+01  3.149771e-15 
  770.000  7.145152e+02  3.697411e+01  3.895044e-14 
  771.000  7.198447e+02  3.723598e+01 -2.162165e-14 
  772.000  7.182008e+02  3.706178e+01 -3.042676e-14 
  773.000  7.158565e+02  3.683869e+01  5.247416e-14 
  774.000  7.241130e+02  3.716341e+01 -7.504346e-16 
  775.000  6.972809e+02  3.568539e+01 -9.590328e-14 
  776.000  7.262874e+02  3.706253e+01  2.169082e-14 
  777.000  7.214476e+02  3.670561e+01  1.373962e-13 
  778.000  7.177502e+02  3.640698e+01 -9.598976e-15 
  779.000  7.202468e+02  3.642294e+01 -6.305329e-15 
  780.000  7.114896e+02  3.587122e+01  8.674150e-14 
  781.000  7.104904e+02  3.571784e+01 -4.639967e-14 
  782.000  7.192081e+02  3.604700e+01  0.000000e+00 
  783.000  7.025518e+02  3.510632e+01 -3.827111e-14 
  784.000  7.065944e+02  3.519911e+01  1.961152e-14 
  785.000  7.083316e+02  3.516167e+01 -4.301782e-14 
  786.000  6.958210e+02  3.441022e+01 -2.689940e-14 
  787.000  7.053375e+02  3.471885e+01 -3.664653e-16 
  788.000  6.945182e+02  3.406266e+01 -3.055522e-14 
  789.000  6.967286e+02  3.397163e+01  2.749434e-15 
  790.000  6.896212e+02  3.351812e+01 -1.743634e-14 
  791.000  6.866014e+02  3.329097e+01  1.907119e-14 
  792.000  6.762296e+02  3.270808e+01 -1.787489e-14 
  793.000  6.765364e+02  3.266544e+01  2.467648e-14 
  794.000  6.712787e+02  3.239648e+01  2.007002e-14 
  795.000  6.668459e+02  3.204158e+01 -4.853000e-15 
  796.000  6.754122e+02  3.222946e+01 -2.248727e-15 
  797.000  6.806477e+02  3.242091e+01  1.082228e-14 
  798.000  6.830023e+02  3.252156e+01  9.813094e-15 
  799.000  6.821650e+02  3.236848e+01  8.863980e-15 
  800.000  6.632294e+02  3.132142e+01 -4.714429e-16 
  801.000  6.758395e+02  3.183188e+01 -3.376754e-15 
  802.000  6.745246e+02  3.167286e+01 -3.650828e-15 
  803.000  6.651838e+02  3.115287e+01  3.701333e-14 
  804.000  6.719714e+02  3.140757e+01  1.155295e-14 
  805.000  6.549089e+02  3.057423e+01 -2.656408e-14 
  806.000  6.733563e+02  3.137223e+01  2.947590e-14 
  807.000  6.694910e+02  3.110478e+01 -2.034133e-14 
  808.000  6.652234e+02  3.080630e+01 -4.614466e-14 
  809.000  6.535488e+02  3.015825e+01  3.970610e-14 
  810.000  6.501096e+02  2.989168e+01  4.832807e-15 
  811.000  6.592970e+02  3.018208e+01  2.197628e-14 
  812.000  6.552592e+02  2.985346e+01 -2.669588e-14 
  813.000  6.501457e+02  2.946932e+01 -2.134389e-14 
  814.000  6.459504e+02  2.911459e+01  2.251235e-15 
  815.000  6.346979e+02  2.843615e+01  7.979541e-16 
  816.000  6.231224e+02  2.773925e+01  6.574016e-15 
  817.000  6.273652e+02  2.785540e+01 -1.287729e-15 
  818.000  6.241347e+02  2.764266e+01  1.316008e-14 
  819.000  6.093978e+02  2.694640e+01  2.473052e-14 
  820.000  6.043619e+02  2.676421e+01 -2.491098e-15 
  821.000  6.322834e+02  2.808474e+01  1.320119e-14 
  822.000  6.088365e+02  2.684824e+01 -1.479894e-14 
  823.000  6.000924e+02  2.613657e+01 -6.589490e-15 
  824.000  6.239475e+02  2.731462e+01 -1.651916e-15 
  825.000  6.319032e+02  2.776911e+01  1.972397e-14 
  826.000  6.344773e+02  2.777171e+01 -2.728038e-14 
  827.000  6.313986e+02  2.753727e+01  2.656434e-15 
  828.000  6.244118e+02  2.704413e+01  1.446923e-14 
  829.000  6.262831e+02  2.709057e+01  7.081731e-15 
  830.000  6.187183e+02  2.673617e+01 -2.363156e-14 
  831.000  6.084491e+02  2.623179e+01 -4.086531e-15 
  832.000  6.211829e+02  2.671289e+01  1.006870e-14 
  833.000  6.031609e+02  2.589450e+01  2.428833e-15 
  834.000  6.135581e+02  2.630269e+01 -1.967182e-14 
  835.000  6.171855e+02  2.645597e+01 -1.223304e-15 
  836.000  6.237261e+02  2.664119e+01  1.998647e-15 
  837.000  6.185644e+02  2.634715e+01 -1.784398e-14 
  838.000  6.219358e+02  2.645410e+01  2.546477e-14 
  839.000  6.031790e+02  2.560819e+01  2.947854e-14 
  840.000  6.196196e+02  2.624357e+01 -2.730938e-14 
  841.000  6.208077e+02  2.620043e+01  1.265296e-14 
  842.000  6.174725e+02  2.601074e+01 -2.189940e-14 
  843.000  6.142974e+02  2.585810e+01  7.705011e-15 
  844.000  6.044938e+02  2.539678e+01  9.268457e-15 
  845.000  6.139481e+02  2.573724e+01 -8.458751e-15 
  846.000  6.196157e+02  2.591738e+01 -3.127816e-14 
  847.000  5.984694e+02  2.497894e+01  0.000000e+00 
  848.000  6.159616e+02  2.561941e+01 -1.445995e-14 
  849.000  6.172068e+02  2.560645e+01  1.825756e-14 
  850.000  5.336764e+02  2.207413e+01 -1.171075e-14 
  851.000  6.113611e+02  2.520789e+01 -3.138438e-16 
  852.000  5.882681e+02  2.419333e+01 -1.712279e-14 
  853.000  5.952498e+02  2.443602e+01 -4.247788e-15 
  854.000  4.786660e+02  1.959867e+01  7.321204e-15 
  855.000  5.270010e+02  2.152971e+01 -7.783627e-15 
  856.000  5.981087e+02  2.439217e+01 -3.950396e-15 
  857.000  6.076881e+02  2.472693e+01 -1.728239e-14 
  858.000  5.980417e+02  2.427634e+01  9.109684e-15 
  859.000  5.979854e+02  2.422153e+01  5.159499e-15 
  860.000  5.927072e+02  2.395140e+01  5.046203e-14 
  861.000  5.927095e+02  2.389049e+01 -5.946515e-14 
  862.000  5.908160e+02  2.375580e+01  2.962663e-14 
  863.000  6.021913e+02  2.415125e+01 -3.415539e-14 
  864.000  6.010477e+02  2.404555e+01 -3.012641e-14 
  865.000  5.899127e+02  2.354122e+01 -1.732054e-14 
  866.000  4.948863e+02  1.969887e+01  7.163413e-14 
  867.000  5.270746e+02  2.092618e+01 -2.393494e-15 
  868.000  5.717045e+02  2.264041e+01  2.921885e-14 
  869.000  5.637576e+02  2.226934e+01  6.017531e-14 
  870.000  5.870969e+02  2.313185e+01  1.217414e-14 
  871.000  5.863413e+02  2.304392e+01  5.486414e-14 
  872.000  5.840538e+02  2.289710e+01 -3.837568e-15 
  873.000  5.864860e+02  2.293293e+01  4.151623e-14 
  874.000  5.737151e+02  2.237616e+01 -4.177640e-14 
  875.000  5.685161e+02  2.211728e+01  9.341457e-14 
  876.000  5.733398e+02  2.224653e+01 -7.533864e-15 
  877.000  5.848594e+02  2.263529e+01  8.279599e-15 
  878.000  5.749384e+02  2.218804e+01 -1.250780e-14 
  879.000  5.763401e+02  2.218586e+01 -4.956384e-14 
  880.000  5.731989e+02  2.200513e+01  2.436339e-14 
  881.000  5.435016e+02  2.080982e+01  0.000000e+00 
  882.000  5.736853e+02  2.190880e+01 -1.626032e-14 
  883.000  5.606259e+02  2.135960e+01 -3.659465e-14 
  884.000  5.653902e+02  2.148767e+01 -1.659210e-14 
  885.000  5.714801e+02  2.165504e+01  8.101664e-15 
  886.000  5.530370e+02  2.089059e+01  0.000000e+00 
  887.000  5.473447e+02  2.063555e+01  8.316701e-15 
  888.000  5.638118e+02  2.120320e+01  1.227595e-14 
  889.000  5.675721e+02  2.129460e+01  3.732819e-15 
  890.000  5.659559e+02  2.117410e+01 -1.605026e-14 
  891.000  5.630759e+02  2.099817e+01  8.282995e-15 
  892.000  5.609378e+02  2.083220e+01 -8.278475e-15 
  893.000  5.379948e+02  1.984438e+01  8.494099e-15 
  894.000  5.548913e+02  2.037438e+01 -2.975731e-15 
  895.000  5.228596e+02  1.903917e+01 -8.694989e-15 
  896.000  5.360058e+02  1.938283e+01  1.426921e-14 
  897.000  5.158073e+02  1.853193e+01  4.293746e-15 
  898.000  5.129871e+02  1.835531e+01  2.456200e-15 
  899.000  5.016893e+02  1.783885e+01  3.481263e-16 
  900.000  4.907872e+02  1.741700e+01  9.658662e-15 
  901.000  4.775748e+02  1.689292e+01  1.265830e-16 
  902.000  4.692467e+02  1.656193e+01  5.341438e-15 
  903.000  5.125463e+02  1.817262e+01  1.359758e-15 
  904.000  5.305377e+02  1.887784e+01  9.803430e-15 
  905.000  5.287422e+02  1.876429e+01  1.339270e-15 
  906.000  5.082201e+02  1.792356e+01 -9.364393e-15 
  907.000  5.048634e+02  1.766552e+01  2.171718e-15 
  908.000  4.834074e+02  1.682730e+01  1.264666e-15 
  909.000  4.755663e+02  1.651629e+01 -3.288717e-16 
  910.000  4.824867e+02  1.672311e+01  7.868813e-16 
  911.000  4.863895e+02  1.684955e+01 -1.122675e-17 
  912.000  4.849600e+02  1.674469e+01  3.110327e-15 
  913.000  4.850809e+02  1.665361e+01 -3.930391e-15 
  914.000  4.875729e+02  1.672514e+01  2.728692e-15 
  915.000  4.832351e+02  1.656035e+01 -6.095064e-16 
  916.000  4.903494e+02  1.677165e+01  6.065603e-16 
  917.000  4.849816e+02  1.656339e+01  1.599343e-16 
  918.000  4.854668e+02  1.656067e+01  2.980098e-15 
  919.000  5.018725e+02  1.716078e+01  2.056259e-15 
  920.000  5.044286e+02  1.728318e+01  2.342894e-15 
  921.000  4.918448e+02  1.679533e+01  3.938725e-15 
  922.000  4.873377e+02  1.660105e+01  9.919152e-16 
  923.000  4.650462e+02  1.578510e+01 -5.644176e-15 
  924.000  4.799696e+02  1.620913e+01 -9.238128e-15 
  925.000  4.860603e+02  1.637267e+01  9.494931e-15 
  926.000  4.687546e+02  1.575095e+01  2.342883e-15 
  927.000  4.806297e+02  1.606592e+01  2.168576e-15 
  928.000  4.748621e+02  1.577656e+01  3.423261e-15 
  929.000  4.554249e+02  1.503167e+01  9.671505e-16 
  930.000  4.375134e+02  1.434899e+01 -1.240887e-15 
  931.000  4.178258e+02  1.361298e+01  4.557544e-16 
  932.000  3.875558e+02  1.247195e+01  1.828941e-16 
  933.000  3.674215e+02  1.165074e+01  2.156799e-17 
  934.000  3.411889e+02  1.061543e+01  1.347281e-16 
  935.000  3.337986e+02  1.034255e+01 -2.125984e-17 
  936.000  3.407739e+02  1.060613e+01  2.105557e-17 
  937.000  3.458531e+02  1.072132e+01  1.547075e-16 
  938.000  3.670530e+02  1.155746e+01  6.385230e-16 
  939.000  4.295769e+02  1.376407e+01 -9.474889e-16 
  940.000  4.354314e+02  1.394503e+01  4.307731e-16 
  941.000  4.186274e+02  1.335967e+01  1.509996e-15 
  942.000  3.859484e+02  1.224977e+01 -7.946238e-17 
  943.000  3.757819e+02  1.177743e+01 -5.491650e-16 
  944.000  3.633830e+02  1.134880e+01 -4.298198e-16 
  945.000  3.782263e+02  1.184668e+01 -2.934259e-17 
  946.000  3.839061e+02  1.200171e+01  8.776859e-16 
  947.000  3.912790e+02  1.224762e+01 -8.428645e-17 
  948.000  3.992650e+02  1.248940e+01  2.430341e-16 
  949.000  3.997025e+02  1.247492e+01  4.726162e-16 
  950.000  3.984866e+02  1.241432e+01 -3.545180e-16 
  951.000  4.084161e+02  1.272872e+01  0.000000e+00 
  952.000  3.950532e+02  1.225374e+01  3.036249e-17 
  953.000  4.031385e+02  1.250458e+01  1.548112e-16 
  954.000  4.087415e+02  1.267578e+01 -1.626838e-16 
  955.000  3.744381e+02  1.157226e+01 -7.989591e-16 
  956.000  3.974666e+02  1.225705e+01 -2.639143e-16 
  957.000  4.209635e+02  1.301427e+01  2.627237e-16 
  958.000  4.271108e+02  1.318643e+01 -8.028164e-16 
  959.000  4.247981e+02  1.307709e+01 -3.309317e-15 
  960.000  4.196106e+02  1.288749e+01 -4.614387e-17 
  961.000  4.131530e+02  1.265754e+01  9.328060e-16 
  962.000  4.169229e+02  1.275042e+01  5.090426e-18 
  963.000  4.285441e+02  1.311648e+01 -5.137099e-17 
  964.000  4.253754e+02  1.299823e+01  1.094143e-15 
  965.000  4.293688e+02  1.308779e+01 -1.521788e-15 
  966.000  4.175727e+02  1.270360e+01  1.779665e-15 
  967.000  4.386596e+02  1.335541e+01  1.059861e-15 
  968.000  4.477619e+02  1.369670e+01 -1.223438e-15 
  969.000  4.566823e+02  1.399539e+01 -4.856841e-15 
  970.000  4.582684e+02  1.401631e+01 -4.530683e-15 
  971.000  4.540772e+02  1.385603e+01 -8.443638e-15 
  972.000  4.555717e+02  1.385414e+01  4.225256e-15 
  973.000  4.473741e+02  1.353953e+01 -2.534587e-16 
  974.000  4.356450e+02  1.311862e+01  4.280326e-15 
  975.000  4.346519e+02  1.303905e+01  5.246138e-15 
  976.000  4.439099e+02  1.331400e+01 -3.559066e-15 
  977.000  4.389507e+02  1.318638e+01 -1.006250e-15 
  978.000  4.492806e+02  1.346278e+01 -6.549211e-15 
  979.000  4.378459e+02  1.310562e+01  4.175556e-15 
  980.000  4.503324e+02  1.351294e+01 -1.155973e-15 
  981.000  4.548732e+02  1.363480e+01  3.854350e-15 
  982.000  4.524855e+02  1.351820e+01 -3.888893e-15 
  983.000  4.545060e+02  1.358521e+01 -8.155158e-15 
  984.000  4.547611e+02  1.360336e+01  1.484008e-14 
  985.000  4.564178e+02  1.364733e+01 -6.092241e-15 
  986.000  4.550674e+02  1.360980e+01  9.973062e-15 
  987.000  4.612134e+02  1.377514e+01 -9.990775e-15 
  988.000  4.557823e+02  1.358690e+01 -7.915150e-15 
  989.000  4.501640e+02  1.339251e+01 -1.699493e-15 
  990.000  4.542168e+02  1.348701e+01  4.912020e-15 
  991.000  4.588328e+02  1.360846e+01 -3.223646e-15 
  992.000  4.548706e+02  1.346564e+01 -1.573919e-14 
  993.000  4.549758e+02  1.344106e+01 -6.616324e-15 
  994.000  4.580581e+02  1.351492e+01  1.352762e-14 
  995.000  4.552193e+02  1.341036e+01  1.001240e-14 
  996.000  4.551508e+02  1.337935e+01  9.781712e-15 
  997.000  4.553259e+02  1.335004e+01 -1.594060e-14 
  998.000  4.533243e+02  1.325702e+01 -2.280770e-16 
  999.000  4.520749e+02  1.318976e+01  3.396383e-15 
 1000.000  4.486174e+02  1.306266e+01  1.257396e-14 
 1001.000  4.504132e+02  1.307451e+01  5.083419e-15 
 1002.000  4.486854e+02  1.297670e+01  4.625647e-15 
 1003.000  4.437541e+02  1.281132e+01 -3.346224e-15 
 1004.000  4.406877e+02  1.270645e+01  6.634211e-15 
 1005.000  4.119212e+02  1.185652e+01 -5.987974e-15 
 1006.000  4.336496e+02  1.245671e+01 -1.238558e-14 
 1007.000  4.413665e+02  1.264753e+01  4.757656e-15 
 1008.000  4.423944e+02  1.263434e+01 -4.780450e-15 
 1009.000  4.386160e+02  1.248308e+01  1.281092e-14 
 1010.000  4.408101e+02  1.252725e+01  7.761638e-15 
 1011.000  4.395870e+02  1.248413e+01  1.565744e-14 
 1012.000  4.402524e+02  1.248499e+01 -6.396244e-15 
 1013.000  4.373904e+02  1.238348e+01 -2.844044e-15 
 1014.000  4.403799e+02  1.244441e+01  6.388167e-15 
 1015.000  4.322893e+02  1.219024e+01 -3.460967e-15 
 1016.000  4.352366e+02  1.225027e+01 -2.762690e-14 
 1017.000  4.310552e+02  1.210855e+01  6.463110e-15 
 1018.000  4.364930e+02  1.223137e+01  5.890666e-15 
 1019.000  4.262247e+02  1.191124e+01 -4.372719e-15 
 1020.000  4.254180e+02  1.186549e+01 -2.551964e-15 
 1021.000  4.299196e+02  1.197115e+01  3.008413e-15 
 1022.000  4.231069e+02  1.174787e+01  1.228617e-14 
 1023.000  4.308937e+02  1.193100e+01 -4.643977e-15 
 1024.000  4.284967e+02  1.183487e+01  3.225214e-15 
 1025.000  4.289673e+02  1.183657e+01  0.000000e+00 
 1026.000  4.296945e+02  1.183703e+01 -6.230636e-15 
 1027.000  4.269999e+02  1.173519e+01  6.194411e-15 
 1028.000  4.281020e+02  1.174255e+01  2.781390e-15 
 1029.000  4.217781e+02  1.155005e+01 -1.200929e-14 
 1030.000  4.262006e+02  1.165153e+01 -8.932823e-15 
 1031.000  4.249283e+02  1.159458e+01 -8.902232e-15 
 1032.000  4.235271e+02  1.153413e+01 -4.245307e-16 
 1033.000  4.157565e+02  1.129907e+01 -1.181636e-14 
 1034.000  4.201900e+02  1.139670e+01  4.210624e-16 
 1035.000  4.157094e+02  1.125166e+01  1.740616e-14 
 1036.000  4.210369e+02  1.137070e+01  2.728081e-15 
 1037.000  4.121158e+02  1.110579e+01 -2.034779e-14 
 1038.000  4.161918e+02  1.119230e+01  3.114156e-15 
 1039.000  4.178911e+02  1.121326e+01 -8.753865e-15 
 1040.000  4.129270e+02  1.105565e+01 -1.462665e-14 
 1041.000  4.150914e+02  1.108926e+01 -6.423620e-15 
 1042.000  4.163005e+02  1.109770e+01  1.454099e-14 
 1043.000  4.090929e+02  1.088228e+01  4.103965e-16 
 1044.000  4.131142e+02  1.096516e+01  1.196147e-14 
 1045.000  4.113228e+02  1.089254e+01  9.245802e-15 
 1046.000  3.993208e+02  1.055099e+01  1.157098e-14 
 1047.000  4.065974e+02  1.071870e+01 -2.436173e-15 
 1048.000  4.105058e+02  1.079594e+01  2.874307e-15 
 1049.000  4.076726e+02  1.069552e+01  8.776708e-15 
 1050.000  4.051667e+02  1.060495e+01  5.682393e-15 
 1051.000  4.051812e+02  1.058020e+01  2.041050e-16 
 1052.000  4.032060e+02  1.050399e+01 -1.720114e-15 
 1053.000  4.032881e+02  1.048275e+01 -2.832030e-15 
 1054.000  3.990685e+02  1.034787e+01 -3.005742e-15 
 1055.000  4.019156e+02  1.039633e+01 -2.029334e-16 
 1056.000  4.007209e+02  1.034019e+01 -1.308938e-15 
 1057.000  3.999450e+02  1.029267e+01 -1.308129e-15 
 1058.000  3.956837e+02  1.015208e+01  4.292102e-15 
 1059.000  3.831056e+02  9.807836e+00  0.000000e+00 
 1060.000  3.967240e+02  1.013770e+01  0.000000e+00 
 1061.000  3.827497e+02  9.760495e+00  2.704244e-15 
 1062.000  3.933374e+02  1.000620e+01  0.000000e+00 
 1063.000  3.865019e+02  9.810782e+00 -9.826272e-17 
 1064.000  3.914125e+02  9.911698e+00  4.363011e-15 
 1065.000  3.908852e+02  9.875113e+00 -1.387505e-15 
 1066.000  3.788971e+02  9.555137e+00  0.000000e+00 
 1067.000  3.878832e+02  9.761210e+00  1.476529e-15 
 1068.000  3.863739e+02  9.697443e+00  3.584278e-15 
 1069.000  3.575701e+02  8.957199e+00 -2.044356e-15 
 1070.000  3.790859e+02  9.482812e+00  6.248934e-16 
 1071.000  3.799550e+02  9.484013e+00 -2.170512e-15 
 1072.000  3.813581e+02  9.500880e+00  2.344802e-15 
 1073.000  3.689918e+02  9.177155e+00 -2.610830e-15 
 1074.000  3.821641e+02  9.490448e+00  1.152085e-15 
 1075.000  3.706523e+02  9.197569e+00  3.086212e-15 
 1076.000  3.788448e+02  9.380760e+00  6.765325e-16 
 1077.000  3.780545e+02  9.339505e+00  3.234501e-15 
 1078.000  3.791556e+02  9.343897e+00 -1.086944e-15 
 1079.000  3.645830e+02  8.969213e+00  1.904648e-15 
 1080.000  3.750180e+02  9.191432e+00  7.307978e-16 
 1081.000  3.613550e+02  8.840832e+00 -5.267726e-15 
 1082.000  3.662993e+02  8.954866e+00  2.976200e-16 
 1083.000  3.562781e+02  8.686025e+00 -2.831099e-15 
 1084.000  3.696507e+02  8.986548e+00  1.244561e-15 
 1085.000  3.640575e+02  8.812560e+00  2.078969e-15 
 1086.000  3.691086e+02  8.925110e+00  2.223632e-16 
 1087.000  3.474340e+02  8.411428e+00  1.822049e-15 
 1088.000  3.686620e+02  8.911266e+00  1.275051e-15 
 1089.000  3.535127e+02  8.500370e+00  5.793443e-17 
 1090.000  3.610510e+02  8.661469e+00 -2.482619e-16 
 1091.000  3.637039e+02  8.715839e+00 -2.349228e-15 
 1092.000  3.547502e+02  8.473106e+00  1.241324e-15 
 1093.000  3.489894e+02  8.293147e+00 -3.379815e-16 
 1094.000  3.170490e+02  7.511041e+00 -3.709954e-16 
 1095.000  3.433362e+02  8.121537e+00 -2.785481e-15 
 1096.000  3.420957e+02  8.079768e+00  1.098036e-15 
 1097.000  3.372698e+02  7.947405e+00 -1.773223e-15 
 1098.000  3.279152e+02  7.665413e+00  1.503832e-15 
 1099.000  3.231932e+02  7.513035e+00 -2.784386e-16 
 1100.000  3.291324e+02  7.639588e+00  1.462735e-15 
