  400.000  6.742552e+02  3.207541e+02  8.221859e-14 
  401.000  6.715117e+02  3.161826e+02  7.310887e-14 
  402.000  7.130474e+02  3.323300e+02  4.122292e-14 
  403.000  6.690964e+02  3.086989e+02  1.769086e-13 
  404.000  7.203401e+02  3.290089e+02  1.722931e-13 
  405.000  6.617739e+02  2.992452e+02  1.672276e-14 
  406.000  6.579241e+02  2.945589e+02 -7.888789e-14 
  407.000  6.418697e+02  2.845450e+02 -2.883180e-14 
  408.000  6.965229e+02  3.057554e+02 -8.175801e-14 
  409.000  7.722139e+02  3.356883e+02  1.083039e-13 
  410.000  6.466235e+02  2.783782e+02  5.577948e-14 
  411.000  7.604883e+02  3.242545e+02 -1.401914e-14 
  412.000  7.891633e+02  3.332677e+02 -8.146346e-14 
  413.000  7.465651e+02  3.122894e+02  1.196315e-13 
  414.000  7.337712e+02  3.040350e+02 -1.545304e-13 
  415.000  7.836624e+02  3.216688e+02  7.709542e-14 
  416.000  7.799286e+02  3.171542e+02  1.749305e-13 
  417.000  7.571890e+02  3.050551e+02 -4.479049e-14 
  418.000  7.416639e+02  2.960487e+02  1.044898e-15 
  419.000  7.608112e+02  3.009097e+02  2.351967e-14 
  420.000  6.447662e+02  2.526903e+02  9.352029e-14 
  421.000  8.088076e+02  3.141134e+02  3.406733e-14 
  422.000  7.759301e+02  2.986385e+02  1.387101e-13 
  423.000  6.560899e+02  2.502612e+02 -2.407221e-14 
  424.000  7.224988e+02  2.731473e+02 -6.649544e-15 
  425.000  7.491383e+02  2.807148e+02  8.125029e-14 
  426.000  7.209393e+02  2.677732e+02 -6.693223e-14 
  427.000  6.942318e+02  2.556001e+02 -6.862937e-14 
  428.000  7.037372e+02  2.568484e+02 -1.518379e-13 
  429.000  6.409274e+02  2.319033e+02 -9.950648e-14 
  430.000  5.119897e+02  1.836580e+02 -5.308124e-14 
  431.000  4.608040e+02  1.638850e+02  4.033283e-14 
  432.000  8.303060e+02  2.927894e+02  9.259934e-14 
  433.000  7.398418e+02  2.586851e+02  1.922588e-13 
  434.000  7.038928e+02  2.440484e+02  2.582099e-14 
  435.000  7.665764e+02  2.635617e+02 -7.177419e-14 
  436.000  8.508494e+02  2.901053e+02 -7.019319e-14 
  437.000  8.598890e+02  2.907636e+02 -9.033713e-14 
  438.000  7.710150e+02  2.585672e+02 -2.805252e-13 
  439.000  7.467955e+02  2.483972e+02 -5.544798e-14 
  440.000  8.377868e+02  2.763921e+02  8.206874e-14 
  441.000  8.358383e+02  2.735130e+02  2.260611e-13 
  442.000  8.811065e+02  2.859967e+02 -4.155220e-15 
  443.000  8.877967e+02  2.858492e+02 -4.674901e-14 
  444.000  8.828158e+02  2.819664e+02 -9.024333e-15 
  445.000  9.294377e+02  2.944827e+02  3.243603e-14 
  446.000  8.280522e+02  2.602631e+02  3.608875e-15 
  447.000  9.452269e+02  2.947573e+02  1.166817e-13 
  448.000  9.618027e+02  2.976263e+02 -8.448653e-14 
  449.000  9.691870e+02  2.976373e+02 -2.072781e-14 
  450.000  9.911589e+02  3.020818e+02  1.079403e-13 
  451.000  1.072053e+03  3.242630e+02  1.012503e-13 
  452.000  9.974174e+02  2.994050e+02 -9.782005e-14 
  453.000  9.266141e+02  2.760512e+02  8.744407e-14 
  454.000  9.886877e+02  2.923266e+02  4.682402e-15 
  455.000  9.963863e+02  2.923935e+02 -6.305642e-14 
  456.000  1.021333e+03  2.974695e+02  7.197032e-14 
  457.000  1.027856e+03  2.971444e+02  9.761777e-15 
  458.000  1.010560e+03  2.899825e+02 -1.066335e-13 
  459.000  1.011204e+03  2.880266e+02 -1.681997e-13 
  460.000  1.003158e+03  2.836386e+02 -3.073916e-14 
  461.000  1.040302e+03  2.919944e+02 -5.056747e-14 
  462.000  1.024110e+03  2.853587e+02  1.996947e-13 
  463.000  1.025105e+03  2.835672e+02  1.195409e-14 
  464.000  1.029146e+03  2.826470e+02 -6.063959e-14 
  465.000  1.014757e+03  2.767065e+02  1.888531e-14 
  466.000  1.047539e+03  2.836126e+02 -3.318272e-14 
  467.000  1.011161e+03  2.718174e+02 -2.350936e-13 
  468.000  1.071038e+03  2.858572e+02 -8.730131e-14 
  469.000  1.062179e+03  2.814543e+02  6.245744e-14 
  470.000  1.048034e+03  2.756959e+02 -1.340050e-13 
  471.000  1.046583e+03  2.733040e+02  6.339847e-16 
  472.000  1.059780e+03  2.747186e+02 -1.011004e-13 
  473.000  1.048608e+03  2.698091e+02  2.301222e-14 
  474.000  1.057362e+03  2.700310e+02  1.967209e-14 
  475.000  1.100300e+03  2.788119e+02 -2.282391e-13 
  476.000  1.066550e+03  2.680743e+02  3.859325e-14 
  477.000  1.056903e+03  2.635945e+02 -5.156574e-14 
  478.000  1.109632e+03  2.750101e+02 -9.793145e-15 
  479.000  1.059860e+03  2.612306e+02 -9.518130e-14 
  480.000  1.081365e+03  2.651213e+02  4.144981e-14 
  481.000  1.075328e+03  2.621833e+02  1.384714e-13 
  482.000  1.098325e+03  2.662466e+02 -2.606861e-14 
  483.000  1.099925e+03  2.650407e+02 -1.033939e-13 
  484.000  1.058018e+03  2.533694e+02  1.940464e-14 
  485.000  1.066189e+03  2.537224e+02  1.560884e-13 
  486.000  8.647578e+02  2.044881e+02  1.405977e-13 
  487.000  9.722787e+02  2.284593e+02  7.735812e-14 
  488.000  1.056046e+03  2.465719e+02 -6.742060e-14 
  489.000  9.820155e+02  2.278393e+02  4.148419e-14 
  490.000  1.118348e+03  2.578383e+02  6.542976e-14 
  491.000  1.046885e+03  2.398443e+02 -2.204446e-13 
  492.000  1.006404e+03  2.291221e+02  6.672099e-15 
  493.000  1.084309e+03  2.453170e+02 -1.058745e-13 
  494.000  1.047888e+03  2.355998e+02  2.244861e-14 
  495.000  1.120603e+03  2.503884e+02  3.041177e-14 
  496.000  1.091826e+03  2.424468e+02  2.337662e-13 
  497.000  1.059558e+03  2.338333e+02  8.348153e-14 
  498.000  1.034945e+03  2.270024e+02 -4.145771e-14 
  499.000  1.032860e+03  2.251605e+02  1.115865e-13 
  500.000  1.028722e+03  2.228944e+02 -2.303629e-14 
  501.000  1.006056e+03  2.166605e+02  7.175003e-14 
  502.000  9.998567e+02  2.140263e+02  8.262588e-14 
  503.000  1.059874e+03  2.255117e+02 -3.574542e-14 
  504.000  9.864841e+02  2.086405e+02 -1.907028e-14 
  505.000  1.064417e+03  2.237798e+02 -4.862608e-15 
  506.000  1.139847e+03  2.382308e+02  2.031710e-13 
  507.000  1.060861e+03  2.204276e+02  7.371419e-14 
  508.000  1.017679e+03  2.102272e+02  1.106179e-13 
  509.000  1.097722e+03  2.254506e+02  2.958861e-14 
  510.000  1.063930e+03  2.172496e+02  3.222525e-14 
  511.000  1.064532e+03  2.161218e+02  3.490409e-14 
  512.000  1.117581e+03  2.255922e+02  2.809306e-14 
  513.000  1.023108e+03  2.053448e+02 -5.122772e-14 
  514.000  1.001894e+03  1.999456e+02  1.154675e-13 
  515.000  1.023089e+03  2.030215e+02 -2.423658e-13 
  516.000  1.074926e+03  2.121028e+02  2.274739e-13 
  517.000  7.920074e+02  1.553944e+02  1.966200e-14 
  518.000  9.807738e+02  1.913475e+02  3.390674e-14 
  519.000  9.294006e+02  1.803082e+02 -4.323540e-14 
  520.000  1.023472e+03  1.974508e+02 -2.246198e-13 
  521.000  1.024258e+03  1.965013e+02  2.862914e-15 
  522.000  1.065117e+03  2.031996e+02 -1.713717e-13 
  523.000  9.924039e+02  1.882657e+02  7.552178e-14 
  524.000  1.076917e+03  2.031596e+02  5.857685e-14 
  525.000  1.068493e+03  2.004463e+02 -1.191512e-15 
  526.000  1.018469e+03  1.900114e+02 -2.668108e-14 
  527.000  8.898483e+02  1.650997e+02  1.587742e-13 
  528.000  1.068906e+03  1.972312e+02 -3.670074e-14 
  529.000  1.099454e+03  2.017578e+02  1.215816e-13 
  530.000  1.039077e+03  1.896416e+02 -1.825687e-13 
  531.000  1.131238e+03  2.053462e+02  1.151626e-13 
  532.000  1.079399e+03  1.948903e+02 -5.967962e-14 
  533.000  9.482329e+02  1.703107e+02 -1.140204e-14 
  534.000  1.031345e+03  1.842929e+02  5.632717e-14 
  535.000  1.052491e+03  1.871293e+02 -2.101237e-14 
  536.000  1.117035e+03  1.976112e+02  5.671307e-14 
  537.000  1.036550e+03  1.824514e+02  3.917034e-14 
  538.000  1.085269e+03  1.900618e+02  3.589823e-14 
  539.000  1.081905e+03  1.885147e+02 -3.900905e-14 
  540.000  1.059000e+03  1.835907e+02  1.651631e-14 
  541.000  9.712846e+02  1.675353e+02  1.139247e-13 
  542.000  1.083697e+03  1.859843e+02 -7.264962e-15 
  543.000  1.036822e+03  1.770463e+02  1.535512e-13 
  544.000  1.093839e+03  1.858451e+02 -6.614289e-14 
  545.000  1.077812e+03  1.822054e+02  1.230486e-13 
  546.000  1.054105e+03  1.773082e+02 -5.187325e-14 
  547.000  1.099164e+03  1.839703e+02  9.657395e-14 
  548.000  1.020112e+03  1.698945e+02  6.120811e-15 
  549.000  1.073868e+03  1.779664e+02 -1.370443e-13 
  550.000  1.050692e+03  1.732695e+02  7.943570e-14 
  551.000  1.044666e+03  1.714269e+02  6.530985e-14 
  552.000  1.090283e+03  1.780356e+02 -4.880232e-15 
  553.000  1.048127e+03  1.703137e+02 -1.962635e-13 
  554.000  1.082949e+03  1.751130e+02  1.128933e-13 
  555.000  1.086581e+03  1.748454e+02  4.424225e-15 
  556.000  1.057201e+03  1.692924e+02 -4.904438e-14 
  557.000  1.026369e+03  1.635565e+02 -2.101775e-13 
  558.000  1.065914e+03  1.690346e+02  4.466483e-14 
  559.000  1.008038e+03  1.590826e+02  2.788012e-14 
  560.000  1.012960e+03  1.590826e+02 -1.057649e-14 
  561.000  1.113802e+03  1.740675e+02  9.588227e-14 
  562.000  1.022772e+03  1.590345e+02  1.872529e-14 
  563.000  1.070488e+03  1.656371e+02  1.291062e-14 
  564.000  1.055809e+03  1.625549e+02  5.448263e-15 
  565.000  1.068632e+03  1.636889e+02 -3.566464e-14 
  566.000  9.855322e+02  1.502100e+02  4.614662e-14 
  567.000  1.057136e+03  1.602220e+02  1.289559e-15 
  568.000  1.053567e+03  1.585114e+02  6.789612e-14 
  569.000  1.029903e+03  1.534720e+02  1.594200e-15 
  570.000  1.035695e+03  1.535754e+02  6.706942e-15 
  571.000  1.000995e+03  1.482731e+02 -4.096253e-14 
  572.000  1.056017e+03  1.550696e+02  2.982528e-14 
  573.000  1.067711e+03  1.561698e+02  4.232358e-14 
  574.000  1.062157e+03  1.546487e+02  1.605336e-15 
  575.000  1.036256e+03  1.501136e+02 -1.939886e-14 
  576.000  1.017798e+03  1.467365e+02  2.101785e-15 
  577.000  1.061246e+03  1.524628e+02 -2.578120e-14 
  578.000  1.031743e+03  1.477822e+02  6.449192e-14 
  579.000  1.025573e+03  1.464471e+02  7.549272e-14 
  580.000  1.063241e+03  1.513824e+02 -2.901932e-16 
  581.000  1.046734e+03  1.486932e+02  1.937774e-14 
  582.000  1.064609e+03  1.507793e+02 -1.748495e-14 
  583.000  1.073716e+03  1.515167e+02 -1.147195e-13 
  584.000  1.071741e+03  1.506656e+02  2.009310e-14 
  585.000  1.065953e+03  1.492581e+02 -3.283708e-15 
  586.000  1.021249e+03  1.424235e+02 -3.080022e-14 
  587.000  1.061271e+03  1.471261e+02 -3.120482e-14 
  588.000  1.047599e+03  1.437632e+02  1.681168e-14 
  589.000  9.239921e+02  1.253420e+02 -4.112461e-15 
  590.000  9.651046e+02  1.303252e+02 -4.416793e-15 
  591.000  1.030316e+03  1.391996e+02  7.692229e-14 
  592.000  1.009156e+03  1.354258e+02 -4.132153e-14 
  593.000  1.024949e+03  1.377758e+02  5.977739e-14 
  594.000  1.034008e+03  1.382182e+02  1.381469e-14 
  595.000  1.011688e+03  1.341340e+02 -5.657416e-14 
  596.000  1.041922e+03  1.383844e+02  1.754137e-16 
  597.000  1.044671e+03  1.379879e+02  2.732703e-14 
  598.000  1.025650e+03  1.352881e+02  1.068617e-14 
  599.000  1.027201e+03  1.351032e+02  1.329321e-14 
  600.000  1.029422e+03  1.351782e+02 -2.763277e-14 
  601.000  1.025288e+03  1.343988e+02 -7.425034e-14 
  602.000  1.014923e+03  1.326044e+02  4.066070e-14 
  603.000  1.021984e+03  1.330897e+02 -8.752871e-14 
  604.000  1.055357e+03  1.369734e+02 -3.488160e-14 
  605.000  1.053547e+03  1.362355e+02  1.702849e-14 
  606.000  1.042048e+03  1.342231e+02  1.354135e-14 
  607.000  1.036896e+03  1.330378e+02 -1.189345e-13 
  608.000  1.033809e+03  1.321231e+02 -1.436382e-14 
  609.000  1.023881e+03  1.303408e+02 -4.913718e-14 
  610.000  1.008147e+03  1.278357e+02 -4.714348e-14 
  611.000  1.025164e+03  1.294845e+02 -6.542359e-14 
  612.000  1.012451e+03  1.273783e+02 -1.137412e-13 
  613.000  9.982665e+02  1.251012e+02 -1.434533e-13 
  614.000  9.627912e+02  1.201818e+02 -1.276850e-13 
  615.000  1.009494e+03  1.255186e+02  5.779139e-15 
  616.000  9.603696e+02  1.189423e+02  1.016642e-13 
  617.000  9.662986e+02  1.192048e+02  7.439047e-14 
  618.000  1.012347e+03  1.243896e+02  5.635596e-14 
  619.000  1.003471e+03  1.228044e+02  8.531132e-14 
  620.000  1.018671e+03  1.241622e+02  1.417570e-13 
  621.000  1.036512e+03  1.258225e+02 -1.443373e-16 
  622.000  9.820626e+02  1.187226e+02  1.038020e-13 
  623.000  9.898724e+02  1.191649e+02 -5.780431e-14 
  624.000  9.910878e+02  1.188144e+02 -5.900404e-15 
  625.000  9.643304e+02  1.151233e+02  3.573834e-14 
  626.000  9.691650e+02  1.151772e+02 -7.264548e-15 
  627.000  9.839363e+02  1.161022e+02  3.066133e-15 
  628.000  9.571463e+02  1.111285e+02  1.658327e-14 
  629.000  9.904022e+02  1.152984e+02  1.074056e-14 
  630.000  9.589910e+02  1.114257e+02  1.580219e-14 
  631.000  9.970045e+02  1.156532e+02 -2.821231e-14 
  632.000  9.296410e+02  1.073842e+02  1.980766e-14 
  633.000  1.000929e+03  1.155832e+02  2.584573e-14 
  634.000  9.728367e+02  1.121095e+02 -1.372770e-15 
  635.000  9.918593e+02  1.139365e+02 -3.088823e-14 
  636.000  9.582317e+02  1.097804e+02  4.148331e-14 
  637.000  9.911758e+02  1.132246e+02 -1.776622e-15 
  638.000  1.008233e+03  1.149521e+02 -3.989333e-14 
  639.000  1.000924e+03  1.137459e+02 -4.889297e-14 
  640.000  9.707207e+02  1.100244e+02  7.777362e-14 
  641.000  9.856389e+02  1.113417e+02 -8.627990e-14 
  642.000  9.748107e+02  1.098019e+02 -8.856072e-14 
  643.000  9.921935e+02  1.112682e+02 -3.142925e-14 
  644.000  9.815099e+02  1.096937e+02 -4.239169e-14 
  645.000  9.900139e+02  1.101019e+02  2.040824e-14 
  646.000  9.499516e+02  1.047630e+02 -3.190633e-14 
  647.000  9.613796e+02  1.053305e+02  1.840172e-14 
  648.000  9.577558e+02  1.042537e+02  8.105734e-15 
  649.000  9.794473e+02  1.065232e+02  8.552603e-15 
  650.000  9.118552e+02  9.941205e+01 -1.187852e-14 
  651.000  9.827451e+02  1.067683e+02 -3.122794e-14 
  652.000  9.607815e+02  1.034825e+02  4.153225e-14 
  653.000  9.846555e+02  1.062675e+02  5.068040e-14 
  654.000  9.719214e+02  1.045181e+02 -1.911224e-15 
  655.000  9.453322e+02  1.010799e+02 -3.788221e-14 
  656.000  8.034168e+02  8.567919e+01  3.324352e-14 
  657.000  8.585796e+02  9.136192e+01  3.682294e-14 
  658.000  9.580432e+02  1.017840e+02  4.433138e-14 
  659.000  9.615560e+02  1.019694e+02 -1.548470e-15 
  660.000  9.699199e+02  1.025779e+02 -8.353187e-16 
  661.000  9.756572e+02  1.030431e+02  6.702912e-14 
  662.000  9.905871e+02  1.043598e+02 -1.263129e-13 
  663.000  9.799515e+02  1.028717e+02 -3.897292e-14 
  664.000  9.649955e+02  1.009971e+02 -1.707536e-17 
  665.000  9.697716e+02  1.011836e+02  5.508792e-14 
  666.000  9.820708e+02  1.021628e+02 -5.354994e-14 
  667.000  9.631588e+02  9.989124e+01 -2.820048e-15 
  668.000  9.692391e+02  1.002253e+02 -2.175349e-14 
  669.000  9.836996e+02  1.014021e+02 -7.431404e-15 
  670.000  9.724363e+02  9.992273e+01  3.265097e-14 
  671.000  9.626489e+02  9.860617e+01  4.634934e-14 
  672.000  9.600067e+02  9.802283e+01 -1.622649e-13 
  673.000  9.673743e+02  9.846133e+01 -1.853423e-14 
  674.000  9.697391e+02  9.838917e+01  1.572540e-13 
  675.000  9.554023e+02  9.662842e+01 -3.609217e-14 
  676.000  9.739089e+02  9.818893e+01 -3.393330e-14 
  677.000  9.549922e+02  9.597828e+01  7.249188e-14 
  678.000  9.712473e+02  9.730537e+01  8.021481e-14 
  679.000  9.579357e+02  9.566521e+01  6.081646e-14 
  680.000  9.508329e+02  9.462763e+01 -2.730981e-14 
  681.000  9.521291e+02  9.442368e+01  1.081904e-13 
  682.000  9.504211e+02  9.394767e+01  2.222896e-14 
  683.000  9.571083e+02  9.429319e+01  1.638101e-14 
  684.000  9.399604e+02  9.225783e+01 -1.495449e-14 
  685.000  9.511553e+02  9.310291e+01 -8.610764e-14 
  686.000  9.080614e+02  8.842332e+01 -5.713895e-14 
  687.000  7.848947e+02  7.385873e+01  1.075279e-14 
  688.000  8.242930e+02  7.778419e+01 -8.383477e-15 
  689.000  8.154841e+02  7.657543e+01 -3.142126e-14 
  690.000  8.398007e+02  7.887602e+01  3.989820e-14 
  691.000  8.701213e+02  8.190955e+01  2.384324e-14 
  692.000  8.808467e+02  8.298465e+01  4.965461e-14 
  693.000  8.804896e+02  8.246087e+01 -4.713855e-15 
  694.000  8.804183e+02  8.194090e+01 -9.236500e-18 
  695.000  8.752054e+02  8.144301e+01 -1.510721e-14 
  696.000  8.913884e+02  8.285502e+01 -1.008915e-14 
  697.000  9.170427e+02  8.586635e+01 -1.097915e-14 
  698.000  8.953753e+02  8.336981e+01 -2.385181e-14 
  699.000  8.908132e+02  8.197025e+01  1.313967e-14 
  700.000  8.841011e+02  8.120359e+01  3.588126e-14 
  701.000  8.598139e+02  7.860272e+01  2.163453e-14 
  702.000  8.591923e+02  7.840238e+01 -1.207885e-15 
  703.000  8.889252e+02  8.145482e+01 -2.382513e-14 
  704.000  8.924449e+02  8.155801e+01  6.541933e-15 
  705.000  8.922018e+02  8.102918e+01 -9.869633e-15 
  706.000  8.843408e+02  8.012269e+01  1.480460e-14 
  707.000  8.737390e+02  7.901431e+01 -3.994153e-15 
  708.000  9.021185e+02  8.144010e+01  1.046348e-15 
  709.000  8.757604e+02  7.904188e+01  2.374097e-15 
  710.000  8.901663e+02  7.986935e+01 -1.670764e-14 
  711.000  8.874391e+02  7.962350e+01 -1.206925e-14 
  712.000  8.803677e+02  7.897090e+01 -1.923373e-14 
  713.000  8.726987e+02  7.787625e+01 -2.566410e-15 
  714.000  8.862516e+02  7.879369e+01  5.569930e-14 
  715.000  8.487496e+02  7.499054e+01  3.442078e-14 
  716.000  8.638864e+02  7.586478e+01  1.072465e-14 
  717.000  7.945644e+02  6.865227e+01 -1.381815e-15 
  718.000  7.612227e+02  6.518130e+01  1.420305e-15 
  719.000  7.421253e+02  6.321376e+01  8.219566e-16 
  720.000  7.317366e+02  6.193625e+01  9.254541e-15 
  721.000  7.998453e+02  6.850886e+01  4.807986e-15 
  722.000  8.361357e+02  7.190510e+01 -2.423213e-16 
  723.000  8.203286e+02  7.005707e+01 -3.768005e-15 
  724.000  7.851447e+02  6.628483e+01  6.149031e-15 
  725.000  7.825168e+02  6.594579e+01  1.694843e-14 
  726.000  7.793279e+02  6.547342e+01  1.449576e-14 
  727.000  7.966494e+02  6.681841e+01  1.179237e-15 
  728.000  7.769521e+02  6.491227e+01 -8.954538e-15 
  729.000  7.607388e+02  6.357694e+01 -1.572239e-14 
  730.000  7.862927e+02  6.550435e+01  6.804402e-15 
  731.000  7.702667e+02  6.396143e+01 -1.398883e-14 
  732.000  8.103688e+02  6.748653e+01 -9.340504e-15 
  733.000  8.220414e+02  6.877648e+01  4.023085e-15 
  734.000  8.507550e+02  7.130994e+01  1.029732e-14 
  735.000  8.399977e+02  7.009584e+01  1.710571e-14 
  736.000  8.171050e+02  6.780419e+01  1.101019e-14 
  737.000  8.336356e+02  6.913348e+01 -1.765964e-15 
  738.000  8.392073e+02  6.962976e+01 -1.415916e-14 
  739.000  8.153604e+02  6.756845e+01  1.715413e-14 
  740.000  8.303209e+02  6.887058e+01  1.643876e-14 
  741.000  8.279054e+02  6.863955e+01 -5.443850e-15 
  742.000  8.159647e+02  6.750453e+01  5.574671e-15 
  743.000  8.438797e+02  6.980014e+01 -1.324742e-14 
  744.000  8.536736e+02  7.049783e+01 -2.006185e-16 
  745.000  8.328564e+02  6.865118e+01  2.760120e-14 
  746.000  8.455836e+02  6.955804e+01 -1.006923e-13 
  747.000  8.591310e+02  7.049016e+01 -3.460617e-14 
  748.000  8.442274e+02  6.911831e+01  1.590150e-14 
  749.000  8.449625e+02  6.901089e+01 -2.161228e-14 
  750.000  8.324368e+02  6.778764e+01  5.223271e-15 
  751.000  8.305619e+02  6.745789e+01  9.070687e-14 
  752.000  8.441489e+02  6.841476e+01 -1.155985e-14 
  753.000  8.365832e+02  6.763303e+01  4.929196e-14 
  754.000  8.500293e+02  6.854612e+01  1.222088e-14 
  755.000  8.454164e+02  6.799741e+01 -6.346195e-14 
  756.000  8.291318e+02  6.651560e+01 -1.363378e-14 
  757.000  8.354033e+02  6.684373e+01  4.777955e-14 
  758.000  8.332243e+02  6.644181e+01  1.738964e-14 
  759.000  7.447139e+02  5.794255e+01 -8.533972e-15 
  760.000  2.581152e+02  1.754326e+01 -7.543399e-18 
  761.000  2.197802e+02  1.459684e+01  9.139836e-16 
  762.000  4.666055e+02  3.363030e+01 -1.001245e-15 
  763.000  3.940016e+02  2.775681e+01 -6.366452e-16 
  764.000  4.371093e+02  3.100891e+01  9.275410e-16 
  765.000  5.379691e+02  3.914124e+01 -2.724326e-15 
  766.000  6.291077e+02  4.748627e+01 -1.045050e-14 
  767.000  6.985457e+02  5.306895e+01  1.520497e-14 
  768.000  7.670389e+02  5.861908e+01  1.594017e-14 
  769.000  7.909955e+02  6.080704e+01  4.031282e-14 
  770.000  7.998123e+02  6.163342e+01  4.381809e-14 
  771.000  8.069078e+02  6.220778e+01 -1.677820e-14 
  772.000  8.053613e+02  6.197854e+01 -5.103550e-14 
  773.000  8.028329e+02  6.164800e+01  1.680601e-14 
  774.000  8.121735e+02  6.223079e+01 -1.030347e-13 
  775.000  7.821465e+02  5.979352e+01 -1.005708e-14 
  776.000  8.147480e+02  6.213982e+01 -8.415938e-15 
  777.000  8.093136e+02  6.157208e+01 -1.226280e-14 
  778.000  8.051243e+02  6.109743e+01 -2.123978e-14 
  779.000  8.078875e+02  6.115110e+01  4.206195e-14 
  780.000  7.980302e+02  6.025151e+01  6.259267e-14 
  781.000  7.970807e+02  6.004404e+01 -5.607827e-14 
  782.000  8.068202e+02  6.062354e+01 -1.016903e-13 
  783.000  7.881016e+02  5.906767e+01  1.462393e-14 
  784.000  7.924684e+02  5.923464e+01 -1.397840e-14 
  785.000  7.936614e+02  5.911685e+01  5.649353e-14 
  786.000  7.784354e+02  5.774670e+01 -3.702202e-14 
  787.000  7.863315e+02  5.801122e+01 -4.438341e-14 
  788.000  7.726556e+02  5.677207e+01 -1.461140e-14 
  789.000  7.699147e+02  5.614318e+01 -4.749130e-15 
  790.000  7.615976e+02  5.537847e+01  2.938641e-14 
  791.000  7.592111e+02  5.511995e+01  3.065726e-14 
  792.000  7.486077e+02  5.426447e+01  4.084905e-14 
  793.000  7.509813e+02  5.441710e+01  1.751068e-15 
  794.000  7.494341e+02  5.441721e+01  6.315350e-15 
  795.000  7.418530e+02  5.359179e+01 -2.682032e-14 
  796.000  7.443113e+02  5.326928e+01  1.690545e-14 
  797.000  7.521017e+02  5.379599e+01 -8.537419e-15 
  798.000  7.591920e+02  5.441474e+01  3.561098e-16 
  799.000  7.572227e+02  5.408580e+01  8.990258e-15 
  800.000  7.330030e+02  5.206431e+01 -2.230247e-14 
  801.000  7.473116e+02  5.297345e+01 -1.516724e-14 
  802.000  7.455151e+02  5.270430e+01  2.497382e-14 
  803.000  7.356461e+02  5.190655e+01  3.439627e-16 
  804.000  7.446600e+02  5.249585e+01  1.765631e-14 
  805.000  7.285658e+02  5.139449e+01 -6.910298e-14 
  806.000  7.509586e+02  5.295060e+01 -1.206344e-14 
  807.000  7.467098e+02  5.253126e+01  4.311297e-14 
  808.000  7.408165e+02  5.193659e+01 -3.996234e-15 
  809.000  7.266265e+02  5.075540e+01  1.065912e-14 
  810.000  7.215021e+02  5.020947e+01  8.611679e-15 
  811.000  7.290060e+02  5.047749e+01  1.119263e-14 
  812.000  7.209259e+02  4.963763e+01  8.429139e-15 
  813.000  7.108893e+02  4.865815e+01 -2.383545e-15 
  814.000  7.004919e+02  4.764177e+01 -5.728695e-15 
  815.000  6.811250e+02  4.602332e+01  5.579714e-16 
  816.000  6.596707e+02  4.428751e+01  1.171034e-14 
  817.000  6.646240e+02  4.452256e+01 -6.728081e-15 
  818.000  6.619233e+02  4.425353e+01 -7.524788e-16 
  819.000  6.492164e+02  4.336489e+01  6.503981e-15 
  820.000  6.534227e+02  4.377377e+01  3.003214e-15 
  821.000  6.948753e+02  4.682786e+01 -1.290681e-14 
  822.000  6.608514e+02  4.414585e+01  6.074000e-15 
  823.000  6.282739e+02  4.140906e+01 -8.246137e-15 
  824.000  6.735132e+02  4.468703e+01 -1.271426e-14 
  825.000  6.950590e+02  4.644405e+01  4.014932e-15 
  826.000  6.957128e+02  4.629950e+01  1.427006e-14 
  827.000  6.906956e+02  4.580250e+01  8.000612e-15 
  828.000  6.745870e+02  4.437806e+01 -9.206965e-15 
  829.000  6.796557e+02  4.469519e+01  1.366077e-15 
  830.000  6.748193e+02  4.438271e+01 -1.209813e-14 
  831.000  6.643989e+02  4.362683e+01 -3.416381e-15 
  832.000  6.786737e+02  4.447982e+01  4.077686e-15 
  833.000  6.608771e+02  4.328421e+01 -9.291673e-15 
  834.000  6.745350e+02  4.416679e+01 -1.610074e-14 
  835.000  6.830193e+02  4.481439e+01  1.080068e-14 
  836.000  6.888027e+02  4.502974e+01  1.470425e-14 
  837.000  6.829534e+02  4.454292e+01 -8.733351e-16 
  838.000  6.888666e+02  4.492693e+01  1.748984e-15 
  839.000  6.693791e+02  4.362061e+01 -6.894095e-15 
  840.000  6.880982e+02  4.476485e+01 -4.516835e-15 
  841.000  6.879728e+02  4.459022e+01  9.652251e-16 
  842.000  6.855563e+02  4.439662e+01 -7.762405e-15 
  843.000  6.850543e+02  4.442060e+01 -9.212147e-15 
  844.000  6.755845e+02  4.378421e+01 -1.422805e-14 
  845.000  6.866732e+02  4.442838e+01  4.701818e-15 
  846.000  6.937410e+02  4.482999e+01  2.529025e-15 
  847.000  6.707966e+02  4.329742e+01  7.013626e-15 
  848.000  6.891649e+02  4.430914e+01  1.956377e-14 
  849.000  6.907031e+02  4.432093e+01 -5.038919e-15 
  850.000  5.966364e+02  3.816871e+01  1.845078e-14 
  851.000  6.828852e+02  4.356762e+01 -4.340654e-16 
  852.000  6.571509e+02  4.183869e+01 -1.846041e-14 
  853.000  6.660449e+02  4.236460e+01 -7.357386e-15 
  854.000  5.354852e+02  3.398344e+01  2.568112e-14 
  855.000  5.901168e+02  3.740134e+01 -3.289748e-15 
  856.000  6.709099e+02  4.250401e+01 -1.884626e-14 
  857.000  6.822131e+02  4.315959e+01  1.373730e-14 
  858.000  6.715964e+02  4.241238e+01  1.866609e-14 
  859.000  6.720743e+02  4.238662e+01  2.683142e-14 
  860.000  6.663927e+02  4.195600e+01  2.688072e-14 
  861.000  6.664363e+02  4.187202e+01 -5.330950e-14 
  862.000  6.644594e+02  4.166895e+01  5.392550e-15 
  863.000  6.772703e+02  4.238329e+01  3.340007e-14 
  864.000  6.760892e+02  4.222654e+01 -6.268872e-14 
  865.000  6.636478e+02  4.136721e+01 -3.703123e-14 
  866.000  5.567610e+02  3.463240e+01 -5.016584e-15 
  867.000  5.929564e+02  3.680493e+01 -1.720470e-14 
  868.000  6.431755e+02  3.983863e+01 -3.182509e-14 
  869.000  6.342607e+02  3.920547e+01  1.668695e-14 
  870.000  6.604943e+02  4.073974e+01 -4.885651e-14 
  871.000  6.596693e+02  4.060518e+01  5.041454e-14 
  872.000  6.571608e+02  4.037030e+01  2.392658e-14 
  873.000  6.598269e+02  4.044488e+01  3.108367e-15 
  874.000  6.454203e+02  3.947684e+01 -2.451186e-14 
  875.000  6.395609e+02  3.903630e+01 -3.147870e-14 
  876.000  6.448688e+02  3.927094e+01 -2.884520e-14 
  877.000  6.577631e+02  3.996908e+01  3.099515e-15 
  878.000  6.463160e+02  3.917120e+01  2.167464e-14 
  879.000  6.479036e+02  3.918562e+01 -2.930371e-16 
  880.000  6.440041e+02  3.885015e+01  5.003869e-14 
  881.000  6.105127e+02  3.674463e+01  1.038266e-14 
  882.000  6.441908e+02  3.868164e+01  1.800100e-14 
  883.000  6.296835e+02  3.774232e+01 -9.214821e-16 
  884.000  6.351537e+02  3.799582e+01 -7.229777e-14 
  885.000  6.413432e+02  3.825050e+01 -2.720292e-14 
  886.000  6.197642e+02  3.683846e+01  1.023483e-14 
  887.000  6.139994e+02  3.645862e+01  1.122155e-14 
  888.000  6.324274e+02  3.747380e+01 -5.210621e-15 
  889.000  6.369073e+02  3.767435e+01  1.443673e-16 
  890.000  6.345410e+02  3.742864e+01  1.507298e-15 
  891.000  6.302122e+02  3.703775e+01  7.211740e-15 
  892.000  6.255994e+02  3.659220e+01 -3.400602e-15 
  893.000  5.932802e+02  3.435690e+01  1.217113e-15 
  894.000  6.084545e+02  3.504430e+01  1.302779e-16 
  895.000  5.634042e+02  3.212085e+01  2.973806e-15 
  896.000  5.682849e+02  3.216008e+01 -9.004064e-16 
  897.000  5.373049e+02  3.021009e+01 -3.687862e-15 
  898.000  5.298682e+02  2.967668e+01  8.413397e-16 
  899.000  5.058081e+02  2.814059e+01  7.978311e-16 
  900.000  4.965349e+02  2.758549e+01 -4.012514e-16 
  901.000  4.800955e+02  2.658628e+01 -1.491078e-15 
  902.000  4.723378e+02  2.611847e+01  1.086537e-15 
  903.000  5.370549e+02  2.987236e+01  7.330101e-16 
  904.000  5.689710e+02  3.178918e+01  1.242685e-15 
  905.000  5.666157e+02  3.159070e+01 -6.925211e-15 
  906.000  5.368305e+02  2.974701e+01 -3.034206e-15 
  907.000  5.193917e+02  2.856844e+01 -1.173794e-15 
  908.000  4.883990e+02  2.671783e+01 -3.319319e-16 
  909.000  4.808222e+02  2.625319e+01 -1.288827e-15 
  910.000  4.891510e+02  2.666943e+01 -1.237925e-15 
  911.000  4.990408e+02  2.721593e+01  1.347032e-16 
  912.000  4.947191e+02  2.690053e+01 -5.803884e-16 
  913.000  4.822964e+02  2.603373e+01  1.088282e-15 
  914.000  4.910461e+02  2.653349e+01 -6.776238e-16 
  915.000  4.915565e+02  2.656469e+01 -9.990983e-16 
  916.000  5.001488e+02  2.699359e+01 -9.576884e-16 
  917.000  4.973365e+02  2.682038e+01  1.223310e-16 
  918.000  5.012536e+02  2.701687e+01 -1.352053e-15 
  919.000  5.300108e+02  2.864668e+01 -3.075113e-16 
  920.000  5.415916e+02  2.935980e+01  2.408296e-15 
  921.000  5.262205e+02  2.844139e+01 -5.241125e-15 
  922.000  5.212479e+02  2.811701e+01 -1.375926e-15 
  923.000  4.951353e+02  2.662139e+01 -8.279792e-16 
  924.000  5.053524e+02  2.704205e+01 -4.809042e-15 
  925.000  5.112257e+02  2.729175e+01  1.804156e-15 
  926.000  4.927301e+02  2.623529e+01 -4.327556e-15 
  927.000  4.983706e+02  2.639504e+01  2.255103e-15 
  928.000  4.818697e+02  2.534657e+01 -1.518440e-15 
  929.000  4.473169e+02  2.328151e+01  6.518033e-16 
  930.000  4.111608e+02  2.099538e+01  4.813495e-16 
  931.000  3.722297e+02  1.851358e+01 -5.223484e-16 
  932.000  3.189232e+02  1.539364e+01 -3.313220e-16 
  933.000  2.831984e+02  1.343635e+01 -2.385635e-17 
  934.000  2.440114e+02  1.139201e+01 -3.212084e-16 
  935.000  2.365815e+02  1.100204e+01  1.625276e-16 
  936.000  2.490106e+02  1.161821e+01 -5.036161e-17 
  937.000  2.509385e+02  1.167739e+01  1.040801e-17 
  938.000  2.889851e+02  1.364693e+01  9.401047e-17 
  939.000  4.002716e+02  1.996748e+01 -5.147386e-16 
  940.000  4.145904e+02  2.081555e+01  3.002491e-16 
  941.000  3.914518e+02  1.949120e+01 -4.993264e-16 
  942.000  3.441783e+02  1.675725e+01 -4.231625e-17 
  943.000  3.066383e+02  1.448050e+01 -4.450898e-16 
  944.000  2.944409e+02  1.385240e+01 -1.896933e-16 
  945.000  3.169273e+02  1.500619e+01 -2.135254e-16 
  946.000  3.223734e+02  1.524873e+01  1.703433e-16 
  947.000  3.382615e+02  1.612407e+01 -3.870877e-17 
  948.000  3.508520e+02  1.679615e+01  6.271833e-16 
  949.000  3.506240e+02  1.674629e+01  9.030351e-17 
  950.000  3.510323e+02  1.676344e+01  1.270696e-16 
  951.000  3.724323e+02  1.801701e+01 -4.646627e-16 
  952.000  3.473801e+02  1.652262e+01 -4.457838e-16 
  953.000  3.639708e+02  1.747185e+01 -3.300577e-16 
  954.000  3.791617e+02  1.839425e+01  6.927048e-16 
  955.000  3.400842e+02  1.631487e+01 -3.052893e-16 
  956.000  3.594636e+02  1.718630e+01  2.658188e-16 
  957.000  4.064857e+02  1.995922e+01 -1.092621e-16 
  958.000  4.158501e+02  2.044677e+01  4.195646e-16 
  959.000  4.095323e+02  2.003856e+01  1.061090e-15 
  960.000  4.034183e+02  1.968759e+01  1.364325e-15 
  961.000  3.952238e+02  1.921747e+01  2.584468e-16 
  962.000  4.007958e+02  1.949430e+01 -1.557040e-15 
  963.000  4.258977e+02  2.090168e+01  6.835321e-16 
  964.000  4.247573e+02  2.083617e+01  2.609129e-16 
  965.000  4.275074e+02  2.092432e+01  4.856121e-16 
  966.000  4.165556e+02  2.036632e+01 -1.755666e-15 
  967.000  4.475518e+02  2.194991e+01  1.266677e-15 
  968.000  4.734134e+02  2.334543e+01  1.714124e-15 
  969.000  4.903531e+02  2.424729e+01 -1.545210e-15 
  970.000  4.924855e+02  2.431782e+01 -5.522251e-15 
  971.000  4.878126e+02  2.404106e+01  5.307666e-15 
  972.000  4.873053e+02  2.393861e+01  1.900655e-15 
  973.000  4.737305e+02  2.316481e+01 -1.478188e-15 
  974.000  4.555730e+02  2.217577e+01  8.587628e-16 
  975.000  4.508304e+02  2.187170e+01 -9.125672e-15 
  976.000  4.650579e+02  2.256435e+01 -2.324184e-15 
  977.000  4.673479e+02  2.272067e+01  3.667576e-15 
  978.000  4.777557e+02  2.317950e+01 -3.676801e-15 
  979.000  4.675485e+02  2.267232e+01 -2.279535e-15 
  980.000  4.886141e+02  2.378362e+01 -8.749579e-16 
  981.000  4.952747e+02  2.410194e+01  2.568871e-15 
  982.000  4.909911e+02  2.381714e+01 -7.087471e-15 
  983.000  4.971627e+02  2.416152e+01  3.415539e-16 
  984.000  5.015074e+02  2.443661e+01 -1.277811e-14 
  985.000  5.056446e+02  2.466411e+01  5.536259e-15 
  986.000  5.071041e+02  2.479124e+01 -1.018710e-14 
  987.000  5.153413e+02  2.519659e+01  7.454501e-15 
  988.000  5.095674e+02  2.488068e+01  1.962877e-14 
  989.000  5.034727e+02  2.454599e+01 -4.098464e-16 
  990.000  5.083708e+02  2.475213e+01 -2.147211e-14 
  991.000  5.145430e+02  2.504318e+01  4.203144e-15 
  992.000  5.104051e+02  2.481091e+01 -1.367552e-15 
  993.000  5.106109e+02  2.478108e+01 -5.416696e-15 
  994.000  5.150685e+02  2.499682e+01 -1.329721e-14 
  995.000  5.125485e+02  2.485993e+01  4.868994e-14 
  996.000  5.124661e+02  2.481094e+01  5.005170e-15 
  997.000  5.122806e+02  2.473843e+01 -5.011078e-15 
  998.000  5.095199e+02  2.453891e+01  1.321589e-14 
  999.000  5.079392e+02  2.441076e+01  2.410778e-14 
 1000.000  5.041965e+02  2.419400e+01  6.166033e-16 
 1001.000  5.051733e+02  2.415194e+01 -1.671364e-14 
 1002.000  5.016366e+02  2.388492e+01  3.763281e-15 
 1003.000  4.965025e+02  2.361262e+01  7.844545e-16 
 1004.000  4.939669e+02  2.347638e+01 -9.506910e-15 
 1005.000  4.621133e+02  2.194067e+01  4.112940e-16 
 1006.000  4.866273e+02  2.306900e+01 -1.341902e-14 
 1007.000  4.949829e+02  2.340973e+01 -3.983247e-15 
 1008.000  4.948558e+02  2.331993e+01  5.550551e-15 
 1009.000  4.887979e+02  2.293150e+01 -1.555707e-14 
 1010.000  4.920319e+02  2.306930e+01 -4.387803e-15 
 1011.000  4.925838e+02  2.311234e+01 -4.947296e-16 
 1012.000  4.940339e+02  2.316986e+01  4.464697e-15 
 1013.000  4.914039e+02  2.302927e+01 -8.701073e-15 
 1014.000  4.949952e+02  2.316644e+01 -7.103671e-15 
 1015.000  4.859500e+02  2.270451e+01 -1.745610e-14 
 1016.000  4.894868e+02  2.283958e+01 -1.180274e-14 
 1017.000  4.849296e+02  2.259298e+01 -1.216857e-14 
 1018.000  4.907707e+02  2.281121e+01 -1.505568e-14 
 1019.000  4.785640e+02  2.217742e+01 -1.014693e-15 
 1020.000  4.779338e+02  2.211832e+01 -1.202638e-14 
 1021.000  4.834397e+02  2.235301e+01 -3.116410e-15 
 1022.000  4.749962e+02  2.189139e+01 -1.269665e-15 
 1023.000  4.831384e+02  2.220018e+01 -1.027264e-15 
 1024.000  4.801501e+02  2.201771e+01 -6.293229e-15 
 1025.000  4.817504e+02  2.209105e+01  1.314953e-14 
 1026.000  4.831367e+02  2.213727e+01 -2.525418e-15 
 1027.000  4.799031e+02  2.194085e+01 -7.367354e-15 
 1028.000  4.813302e+02  2.197461e+01 -4.975004e-15 
 1029.000  4.747482e+02  2.165687e+01  6.216399e-15 
 1030.000  4.802091e+02  2.188672e+01 -3.158555e-14 
 1031.000  4.790338e+02  2.180442e+01  1.621424e-14 
 1032.000  4.776237e+02  2.170925e+01  1.863717e-14 
 1033.000  4.689174e+02  2.127774e+01  3.608801e-16 
 1034.000  4.739973e+02  2.147381e+01 -1.068419e-14 
 1035.000  4.690274e+02  2.121338e+01  1.113921e-14 
 1036.000  4.750659e+02  2.144720e+01  1.537752e-14 
 1037.000  4.650526e+02  2.095828e+01  1.197036e-14 
 1038.000  4.696837e+02  2.113065e+01 -3.684086e-15 
 1039.000  4.715447e+02  2.117364e+01 -4.530297e-15 
 1040.000  4.659082e+02  2.088083e+01 -1.153568e-14 
 1041.000  4.683159e+02  2.094912e+01 -2.538969e-15 
 1042.000  4.696697e+02  2.097142e+01  3.616510e-16 
 1043.000  4.615439e+02  2.057160e+01 -9.134741e-15 
 1044.000  4.660603e+02  2.073396e+01 -1.974456e-14 
 1045.000  4.639476e+02  2.059777e+01 -2.256132e-15 
 1046.000  4.503559e+02  1.995518e+01  1.585998e-14 
 1047.000  4.585028e+02  2.027553e+01  1.524441e-15 
 1048.000  4.628942e+02  2.042809e+01  1.580869e-14 
 1049.000  4.597332e+02  2.024794e+01  2.296746e-15 
 1050.000  4.568140e+02  2.007748e+01  5.023090e-15 
 1051.000  4.566686e+02  2.002713e+01 -1.254120e-14 
 1052.000  4.543607e+02  1.988460e+01 -7.076387e-15 
 1053.000  4.544505e+02  1.985101e+01  8.801085e-15 
 1054.000  4.495403e+02  1.959262e+01 -1.502871e-15 
 1055.000  4.525951e+02  1.968166e+01 -2.572831e-15 
 1056.000  4.511485e+02  1.957601e+01 -5.062337e-17 
 1057.000  4.499368e+02  1.947187e+01  1.409313e-15 
 1058.000  4.445338e+02  1.917504e+01  1.597899e-15 
 1059.000  4.304886e+02  1.853663e+01 -5.267391e-15 
 1060.000  4.461725e+02  1.919031e+01 -2.101232e-15 
 1061.000  4.304117e+02  1.848075e+01  2.607166e-15 
 1062.000  4.419417e+02  1.893040e+01  1.441380e-15 
 1063.000  4.342180e+02  1.856561e+01 -6.843116e-15 
 1064.000  4.394448e+02  1.874649e+01 -2.081858e-15 
 1065.000  4.384210e+02  1.865801e+01  7.435618e-16 
 1066.000  4.250003e+02  1.806182e+01 -4.948134e-15 
 1067.000  4.348981e+02  1.844715e+01 -5.757755e-15 
 1068.000  4.323127e+02  1.827920e+01  6.872502e-16 
 1069.000  3.995874e+02  1.686663e+01  2.304603e-15 
 1070.000  4.236652e+02  1.786359e+01  1.692618e-15 
 1071.000  4.239892e+02  1.783626e+01  3.468648e-15 
 1072.000  4.248228e+02  1.783040e+01 -6.924975e-16 
 1073.000  4.108823e+02  1.721964e+01  2.447820e-15 
 1074.000  4.255756e+02  1.781488e+01 -9.937946e-16 
 1075.000  4.135117e+02  1.731205e+01  1.809110e-15 
 1076.000  4.220807e+02  1.763169e+01 -1.857395e-15 
 1077.000  4.204591e+02  1.752039e+01  2.683517e-16 
 1078.000  4.208185e+02  1.748910e+01  3.004471e-15 
 1079.000  4.045014e+02  1.678607e+01  9.688960e-16 
 1080.000  4.138657e+02  1.709597e+01 -3.823655e-16 
 1081.000  3.986389e+02  1.644231e+01  1.553230e-15 
 1082.000  4.050049e+02  1.670547e+01 -6.288699e-15 
 1083.000  3.927927e+02  1.615339e+01 -2.736777e-15 
 1084.000  4.062581e+02  1.665641e+01 -4.400132e-16 
 1085.000  3.971377e+02  1.620215e+01 -1.134670e-15 
 1086.000  4.033252e+02  1.644534e+01 -9.929640e-17 
 1087.000  3.827129e+02  1.564803e+01 -2.902075e-15 
 1088.000  4.062090e+02  1.658930e+01 -3.441940e-16 
 1089.000  3.856678e+02  1.565096e+01  7.156237e-16 
 1090.000  3.931313e+02  1.591889e+01  1.735244e-15 
 1091.000  3.967522e+02  1.605660e+01 -7.568382e-16 
 1092.000  3.850399e+02  1.552862e+01 -2.732647e-15 
 1093.000  3.745287e+02  1.502433e+01 -2.527884e-16 
 1094.000  3.385506e+02  1.354295e+01 -8.000236e-16 
 1095.000  3.668998e+02  1.465941e+01 -1.326269e-15 
 1096.000  3.658159e+02  1.459719e+01  1.875553e-15 
 1097.000  3.597971e+02  1.432683e+01 -6.472255e-15 
 1098.000  3.398917e+02  1.343326e+01 -1.534465e-15 
 1099.000  3.264646e+02  1.282453e+01  2.233687e-15 
 1100.000  3.330374e+02  1.306853e+01  2.228297e-15 
