  400.000  7.248717e+02  3.263496e+02 -4.549713e-14 
  401.000  7.217519e+02  3.216666e+02 -1.004806e-13 
  402.000  7.662165e+02  3.380609e+02 -3.815615e-13 
  403.000  7.188226e+02  3.139920e+02  1.164839e-13 
  404.000  7.736987e+02  3.346182e+02  2.512418e-13 
  405.000  7.106349e+02  3.043185e+02 -1.597035e-13 
  406.000  7.063440e+02  2.995249e+02 -9.388388e-14 
  407.000  6.889568e+02  2.893156e+02 -2.530479e-13 
  408.000  7.474572e+02  3.108535e+02  1.464503e-14 
  409.000  8.285057e+02  3.412549e+02  3.215390e-14 
  410.000  6.936136e+02  2.829696e+02 -4.763852e-14 
  411.000  8.155828e+02  3.295740e+02  1.189208e-13 
  412.000  8.461613e+02  3.387061e+02  1.406730e-13 
  413.000  8.003229e+02  3.173586e+02 -1.728414e-14 
  414.000  7.864564e+02  3.089472e+02 -1.044900e-13 
  415.000  8.397599e+02  3.268378e+02 -3.764271e-15 
  416.000  8.355927e+02  3.222238e+02  5.462302e-14 
  417.000  8.110716e+02  3.099059e+02  2.264842e-14 
  418.000  7.942897e+02  3.007327e+02 -1.001484e-13 
  419.000  8.146418e+02  3.056469e+02  1.506995e-13 
  420.000  6.902573e+02  2.566489e+02 -1.954780e-13 
  421.000  8.657125e+02  3.190100e+02  9.168533e-14 
  422.000  8.303696e+02  3.032711e+02 -1.411133e-13 
  423.000  7.019938e+02  2.541244e+02 -4.174583e-14 
  424.000  7.729105e+02  2.773435e+02 -9.939660e-14 
  425.000  8.012686e+02  2.850072e+02  4.356736e-16 
  426.000  7.709740e+02  2.718489e+02  5.750074e-14 
  427.000  7.422859e+02  2.594727e+02  1.784461e-13 
  428.000  7.523229e+02  2.607226e+02 -4.466154e-14 
  429.000  6.850633e+02  2.353859e+02  1.529093e-13 
  430.000  5.471572e+02  1.864042e+02 -1.126208e-14 
  431.000  4.923759e+02  1.663250e+02  4.295413e-14 
  432.000  8.870526e+02  2.971301e+02 -7.053296e-14 
  433.000  7.902808e+02  2.625040e+02 -1.300268e-14 
  434.000  7.517635e+02  2.476363e+02 -1.841173e-13 
  435.000  8.185836e+02  2.674204e+02  1.596918e-13 
  436.000  9.084355e+02  2.943353e+02  1.810733e-15 
  437.000  9.179488e+02  2.949862e+02  3.393023e-14 
  438.000  8.229517e+02  2.623073e+02  6.377303e-14 
  439.000  7.969835e+02  2.519760e+02  2.283202e-13 
  440.000  8.939608e+02  2.803590e+02  2.835701e-14 
  441.000  8.917547e+02  2.774238e+02  2.208851e-13 
  442.000  9.399199e+02  2.900710e+02  8.531711e-14 
  443.000  9.469267e+02  2.899068e+02  1.077587e-13 
  444.000  9.414870e+02  2.859550e+02  1.401101e-14 
  445.000  9.910770e+02  2.986344e+02 -9.770402e-14 
  446.000  8.828550e+02  2.639209e+02  3.933818e-14 
  447.000  1.007650e+03  2.988850e+02  4.442152e-14 
  448.000  1.025174e+03  3.017765e+02 -1.076656e-14 
  449.000  1.032895e+03  3.017693e+02 -4.145262e-14 
  450.000  1.056162e+03  3.062578e+02 -7.221453e-14 
  451.000  1.142206e+03  3.287277e+02  8.887818e-15 
  452.000  1.062546e+03  3.035121e+02 -4.575988e-15 
  453.000  9.869927e+02  2.798243e+02  1.356978e-14 
  454.000  1.052978e+03  2.963083e+02 -7.249116e-15 
  455.000  1.061050e+03  2.963636e+02  1.821495e-14 
  456.000  1.087492e+03  3.014978e+02 -2.481447e-13 
  457.000  1.094314e+03  3.011575e+02 -2.178878e-14 
  458.000  1.075779e+03  2.938885e+02  9.331713e-14 
  459.000  1.076347e+03  2.918964e+02 -9.030380e-14 
  460.000  1.067667e+03  2.874399e+02 -4.329766e-15 
  461.000  1.107082e+03  2.958980e+02  3.086877e-14 
  462.000  1.089735e+03  2.891645e+02  2.953415e-13 
  463.000  1.090681e+03  2.873402e+02  2.951248e-14 
  464.000  1.094845e+03  2.863930e+02 -2.044455e-13 
  465.000  1.079407e+03  2.803598e+02  7.891105e-15 
  466.000  1.114146e+03  2.873433e+02 -2.245670e-13 
  467.000  1.075331e+03  2.753803e+02  4.155235e-14 
  468.000  1.138895e+03  2.895955e+02  2.561987e-13 
  469.000  1.129375e+03  2.851294e+02 -1.218433e-14 
  470.000  1.114245e+03  2.792918e+02 -9.520339e-14 
  471.000  1.112622e+03  2.768669e+02 -1.611948e-13 
  472.000  1.126582e+03  2.783002e+02 -7.474067e-14 
  473.000  1.114651e+03  2.733307e+02 -4.110581e-14 
  474.000  1.123910e+03  2.735613e+02 -4.886416e-14 
  475.000  1.169534e+03  2.824696e+02 -6.820496e-14 
  476.000  1.133675e+03  2.716098e+02 -3.838339e-14 
  477.000  1.123414e+03  2.670846e+02 -4.844189e-14 
  478.000  1.179329e+03  2.786392e+02 -9.067053e-14 
  479.000  1.126244e+03  2.646533e+02 -6.327655e-15 
  480.000  1.148891e+03  2.685670e+02 -2.159420e-13 
  481.000  1.142295e+03  2.655676e+02  4.145108e-14 
  482.000  1.166556e+03  2.696626e+02 -6.674793e-14 
  483.000  1.168108e+03  2.684252e+02 -1.768853e-13 
  484.000  1.123481e+03  2.565935e+02 -1.190918e-13 
  485.000  1.132048e+03  2.569420e+02 -3.792943e-14 
  486.000  9.180840e+02  2.070753e+02  2.122616e-14 
  487.000  1.032132e+03  2.313407e+02 -8.452530e-14 
  488.000  1.120948e+03  2.496725e+02 -4.813573e-13 
  489.000  1.042270e+03  2.306961e+02  7.304483e-14 
  490.000  1.186857e+03  2.610623e+02  1.805595e-13 
  491.000  1.110928e+03  2.428381e+02 -1.498020e-13 
  492.000  1.067891e+03  2.319782e+02 -1.016668e-13 
  493.000  1.150470e+03  2.483707e+02  9.115183e-14 
  494.000  1.111747e+03  2.385290e+02 -2.482854e-15 
  495.000  1.188808e+03  2.534974e+02 -9.457624e-14 
  496.000  1.158220e+03  2.454584e+02 -5.215545e-14 
  497.000  1.123933e+03  2.367391e+02 -1.430309e-14 
  498.000  1.097768e+03  2.298245e+02 -2.488021e-13 
  499.000  1.095504e+03  2.279612e+02  1.138127e-14 
  500.000  1.091062e+03  2.256684e+02 -8.460819e-16 
  501.000  1.066974e+03  2.193588e+02 -2.066313e-13 
  502.000  1.060352e+03  2.166937e+02  1.374701e-13 
  503.000  1.123950e+03  2.283241e+02 -6.361591e-16 
  504.000  1.046077e+03  2.112444e+02  2.851234e-14 
  505.000  1.128670e+03  2.265751e+02 -7.477156e-14 
  506.000  1.208567e+03  2.412018e+02  8.419712e-14 
  507.000  1.124737e+03  2.231718e+02 -1.221134e-13 
  508.000  1.078876e+03  2.128398e+02 -1.499013e-14 
  509.000  1.163649e+03  2.282476e+02  2.825420e-14 
  510.000  1.127748e+03  2.199406e+02 -1.661939e-13 
  511.000  1.128312e+03  2.187954e+02  1.093777e-14 
  512.000  1.184465e+03  2.283797e+02  1.178575e-13 
  513.000  1.084268e+03  2.078792e+02 -1.408093e-13 
  514.000  1.061720e+03  2.024105e+02  8.407734e-14 
  515.000  1.084113e+03  2.055216e+02 -8.659111e-14 
  516.000  1.138983e+03  2.147141e+02 -1.901266e-13 
  517.000  8.391702e+02  1.573086e+02  1.225625e-13 
  518.000  1.039135e+03  1.937060e+02 -1.753699e-13 
  519.000  9.846652e+02  1.825319e+02 -1.353732e-13 
  520.000  1.084287e+03  1.998874e+02  8.014866e-14 
  521.000  1.085079e+03  1.989280e+02 -1.062574e-13 
  522.000  1.128328e+03  2.057119e+02 -1.514783e-14 
  523.000  1.051270e+03  1.905967e+02  7.652344e-14 
  524.000  1.140763e+03  2.056786e+02 -1.300009e-13 
  525.000  1.131811e+03  2.029356e+02 -4.208482e-14 
  526.000  1.078791e+03  1.923741e+02  4.330229e-14 
  527.000  9.425320e+02  1.671565e+02  4.595018e-15 
  528.000  1.132170e+03  1.996935e+02  1.209454e-14 
  529.000  1.164505e+03  2.042819e+02  6.143262e-14 
  530.000  1.100534e+03  1.920189e+02 -4.739922e-14 
  531.000  1.198124e+03  2.079255e+02  2.374427e-13 
  532.000  1.143193e+03  1.973423e+02 -1.069831e-13 
  533.000  1.004232e+03  1.724535e+02  3.089249e-14 
  534.000  1.092195e+03  1.866101e+02 -1.557267e-14 
  535.000  1.114526e+03  1.894795e+02 -9.579699e-14 
  536.000  1.182808e+03  2.000906e+02  5.981564e-14 
  537.000  1.097527e+03  1.847390e+02  2.317139e-14 
  538.000  1.149058e+03  1.924438e+02 -5.264963e-14 
  539.000  1.145444e+03  1.908768e+02  1.795902e-13 
  540.000  1.121146e+03  1.858910e+02  4.083281e-14 
  541.000  1.028241e+03  1.696343e+02 -1.456147e-14 
  542.000  1.147199e+03  1.883146e+02 -1.044694e-13 
  543.000  1.097535e+03  1.792649e+02  1.571658e-13 
  544.000  1.157851e+03  1.881750e+02 -6.591780e-14 
  545.000  1.140851e+03  1.844914e+02  8.938678e-14 
  546.000  1.115724e+03  1.795347e+02  2.172037e-14 
  547.000  1.163382e+03  1.862822e+02  2.680102e-14 
  548.000  1.079680e+03  1.720312e+02 -1.161590e-14 
  549.000  1.136542e+03  1.802065e+02 -6.204899e-14 
  550.000  1.111986e+03  1.754530e+02  9.846650e-14 
  551.000  1.105588e+03  1.735906e+02  1.026200e-13 
  552.000  1.153843e+03  1.802863e+02  9.352251e-14 
  553.000  1.109210e+03  1.724704e+02 -4.227910e-14 
  554.000  1.146043e+03  1.773342e+02  4.513413e-14 
  555.000  1.149867e+03  1.770670e+02 -6.928982e-14 
  556.000  1.118761e+03  1.714474e+02  1.579633e-13 
  557.000  1.086123e+03  1.656430e+02 -4.981641e-14 
  558.000  1.127959e+03  1.711957e+02 -7.796885e-14 
  559.000  1.066706e+03  1.611210e+02 -1.628489e-13 
  560.000  1.071909e+03  1.611262e+02  1.688488e-14 
  561.000  1.178617e+03  1.763095e+02 -3.068457e-14 
  562.000  1.082304e+03  1.610905e+02  1.497723e-14 
  563.000  1.132800e+03  1.677849e+02  1.259909e-13 
  564.000  1.117278e+03  1.646700e+02  1.167258e-14 
  565.000  1.130874e+03  1.658281e+02 -3.654957e-14 
  566.000  1.042949e+03  1.521806e+02 -5.080438e-15 
  567.000  1.118795e+03  1.623391e+02  2.855382e-14 
  568.000  1.115173e+03  1.606252e+02 -3.805346e-14 
  569.000  1.090425e+03  1.555491e+02 -1.729983e-15 
  570.000  1.096554e+03  1.556623e+02  5.862159e-14 
  571.000  1.059638e+03  1.502813e+02 -3.192423e-14 
  572.000  1.118122e+03  1.571967e+02  2.971822e-14 
  573.000  1.130484e+03  1.583189e+02 -4.699674e-15 
  574.000  1.124607e+03  1.567841e+02 -4.844369e-14 
  575.000  1.097208e+03  1.521945e+02 -2.354189e-14 
  576.000  1.077650e+03  1.487732e+02 -6.020503e-14 
  577.000  1.123559e+03  1.545750e+02 -5.776459e-14 
  578.000  1.092189e+03  1.498202e+02  2.233408e-14 
  579.000  1.085514e+03  1.484547e+02  9.810189e-14 
  580.000  1.125182e+03  1.534353e+02  6.055550e-14 
  581.000  1.107481e+03  1.506858e+02 -3.237566e-14 
  582.000  1.126202e+03  1.527789e+02 -1.330139e-13 
  583.000  1.135697e+03  1.535116e+02 -7.738491e-14 
  584.000  1.133493e+03  1.526385e+02 -9.016906e-14 
  585.000  1.127269e+03  1.512025e+02 -7.879798e-14 
  586.000  1.079910e+03  1.442719e+02 -5.760378e-15 
  587.000  1.122253e+03  1.490367e+02  4.893576e-15 
  588.000  1.108135e+03  1.456571e+02 -1.074857e-14 
  589.000  9.779235e+02  1.270400e+02 -4.126110e-14 
  590.000  1.021436e+03  1.320928e+02  5.817154e-15 
  591.000  1.089973e+03  1.410497e+02  1.096629e-13 
  592.000  1.067780e+03  1.372440e+02  6.391505e-14 
  593.000  1.083960e+03  1.395839e+02  2.386511e-14 
  594.000  1.093617e+03  1.400410e+02  3.225049e-14 
  595.000  1.070324e+03  1.359312e+02  1.337404e-14 
  596.000  1.101803e+03  1.402009e+02 -2.326125e-14 
  597.000  1.104824e+03  1.398130e+02  2.084018e-14 
  598.000  1.084511e+03  1.370660e+02  3.362116e-16 
  599.000  1.086073e+03  1.368768e+02 -1.023681e-13 
  600.000  1.088266e+03  1.369467e+02  2.927266e-14 
  601.000  1.083773e+03  1.361521e+02 -1.023970e-14 
  602.000  1.072784e+03  1.343363e+02 -5.651889e-14 
  603.000  1.080182e+03  1.348260e+02  2.804185e-14 
  604.000  1.115352e+03  1.387526e+02  7.005485e-14 
  605.000  1.113358e+03  1.379990e+02 -7.485427e-15 
  606.000  1.101145e+03  1.359568e+02 -6.764297e-14 
  607.000  1.095642e+03  1.347527e+02  6.736244e-14 
  608.000  1.092323e+03  1.338229e+02 -1.842310e-13 
  609.000  1.081779e+03  1.320148e+02  3.059175e-14 
  610.000  1.065101e+03  1.294743e+02 -1.074723e-13 
  611.000  1.083021e+03  1.311407e+02 -9.598914e-14 
  612.000  1.069534e+03  1.290042e+02 -1.359011e-13 
  613.000  1.054496e+03  1.266950e+02  2.255632e-14 
  614.000  1.016973e+03  1.217101e+02  8.694738e-15 
  615.000  1.066252e+03  1.271119e+02 -2.110210e-14 
  616.000  1.014319e+03  1.204497e+02  7.782247e-14 
  617.000  1.020537e+03  1.207134e+02  1.298641e-13 
  618.000  1.069131e+03  1.259625e+02  2.482053e-14 
  619.000  1.059727e+03  1.243567e+02 -7.302652e-14 
  620.000  1.075750e+03  1.257316e+02  5.531997e-14 
  621.000  1.094568e+03  1.274133e+02  4.946772e-14 
  622.000  1.037052e+03  1.202246e+02 -6.846340e-14 
  623.000  1.045291e+03  1.206746e+02 -1.567217e-13 
  624.000  1.046566e+03  1.203216e+02 -6.020513e-14 
  625.000  1.018305e+03  1.165859e+02 -6.660150e-14 
  626.000  1.023434e+03  1.166458e+02 -6.129906e-14 
  627.000  1.039201e+03  1.175971e+02 -1.822708e-14 
  628.000  1.011939e+03  1.126433e+02  9.856920e-15 
  629.000  1.046412e+03  1.168157e+02 -2.855572e-14 
  630.000  1.013071e+03  1.128820e+02 -3.891542e-14 
  631.000  1.053014e+03  1.171493e+02 -7.218747e-15 
  632.000  9.818223e+02  1.087690e+02  2.542061e-14 
  633.000  1.056838e+03  1.170542e+02  2.367721e-14 
  634.000  1.026994e+03  1.135215e+02 -2.124669e-14 
  635.000  1.046963e+03  1.153618e+02  2.614365e-15 
  636.000  1.011330e+03  1.111420e+02  4.855907e-14 
  637.000  1.045975e+03  1.146182e+02 -4.000245e-14 
  638.000  1.063804e+03  1.163538e+02 -1.661453e-15 
  639.000  1.055998e+03  1.151251e+02  1.205053e-15 
  640.000  1.024008e+03  1.113486e+02 -3.935508e-14 
  641.000  1.039656e+03  1.126741e+02 -9.348104e-14 
  642.000  1.028139e+03  1.111089e+02 -4.128174e-14 
  643.000  1.046461e+03  1.125915e+02 -4.040582e-14 
  644.000  1.035133e+03  1.109942e+02  8.749034e-14 
  645.000  1.044116e+03  1.114078e+02  9.584021e-14 
  646.000  1.002114e+03  1.060223e+02 -6.601426e-14 
  647.000  1.014344e+03  1.066095e+02  4.201848e-15 
  648.000  1.010723e+03  1.055346e+02 -5.454124e-15 
  649.000  1.033345e+03  1.078136e+02  3.187616e-14 
  650.000  9.615987e+02  1.005863e+02  2.268618e-14 
  651.000  1.036315e+03  1.080273e+02  2.813945e-14 
  652.000  1.013480e+03  1.047262e+02 -2.441239e-14 
  653.000  1.038210e+03  1.075148e+02 -2.389505e-14 
  654.000  1.024771e+03  1.057438e+02  6.646603e-15 
  655.000  9.968475e+02  1.022738e+02  4.033415e-14 
  656.000  8.471210e+02  8.668640e+01 -8.134741e-15 
  657.000  9.051779e+02  9.242933e+01 -6.765792e-15 
  658.000  1.009875e+03  1.029635e+02 -5.668672e-14 
  659.000  1.013459e+03  1.031439e+02 -5.863241e-14 
  660.000  1.022196e+03  1.037548e+02 -2.736427e-15 
  661.000  1.028098e+03  1.042166e+02  1.159991e-14 
  662.000  1.043741e+03  1.055428e+02  2.336702e-14 
  663.000  1.032510e+03  1.040373e+02  1.185212e-13 
  664.000  1.016692e+03  1.021378e+02  7.583574e-14 
  665.000  1.021676e+03  1.023243e+02 -1.084838e-13 
  666.000  1.034575e+03  1.033114e+02  9.841059e-14 
  667.000  1.014594e+03  1.010106e+02 -6.339227e-14 
  668.000  1.020934e+03  1.013441e+02  2.316818e-13 
  669.000  1.036115e+03  1.025312e+02  7.644268e-14 
  670.000  1.024207e+03  1.010329e+02  1.059205e-14 
  671.000  1.013852e+03  9.969910e+01  1.623946e-13 
  672.000  1.011027e+03  9.910711e+01 -7.104420e-14 
  673.000  1.018744e+03  9.954831e+01  2.810892e-14 
  674.000  1.021192e+03  9.947323e+01 -3.290538e-14 
  675.000  1.006053e+03  9.769098e+01  3.978355e-14 
  676.000  1.025501e+03  9.926672e+01 -1.727119e-14 
  677.000  1.005546e+03  9.703014e+01  6.175232e-14 
  678.000  1.022624e+03  9.837008e+01 -2.721971e-14 
  679.000  1.008576e+03  9.671080e+01  1.002832e-13 
  680.000  1.001088e+03  9.566272e+01 -5.688016e-14 
  681.000  1.002442e+03  9.545681e+01 -2.101133e-14 
  682.000  1.000619e+03  9.497489e+01 -2.595663e-15 
  683.000  1.007632e+03  9.532278e+01 -9.499828e-14 
  684.000  9.895760e+02  9.326547e+01 -4.505888e-14 
  685.000  1.001305e+03  9.411671e+01 -5.051042e-14 
  686.000  9.560486e+02  8.939391e+01  3.092393e-14 
  687.000  8.302808e+02  7.494505e+01  1.582692e-14 
  688.000  8.705833e+02  7.882767e+01  1.181298e-14 
  689.000  8.616400e+02  7.762868e+01  1.188804e-14 
  690.000  8.866157e+02  7.991199e+01  1.894180e-15 
  691.000  9.176657e+02  8.291942e+01 -1.078806e-14 
  692.000  9.283748e+02  8.396540e+01 -1.225691e-14 
  693.000  9.280891e+02  8.343757e+01 -2.678832e-14 
  694.000  9.282354e+02  8.292294e+01  6.496094e-16 
  695.000  9.223881e+02  8.239788e+01 -1.917896e-14 
  696.000  9.392324e+02  8.381400e+01  4.520387e-14 
  697.000  9.654673e+02  8.681273e+01  2.652951e-14 
  698.000  9.427898e+02  8.429723e+01  1.013254e-14 
  699.000  9.386450e+02  8.292196e+01  2.234299e-14 
  700.000  9.314445e+02  8.213968e+01 -1.929432e-15 
  701.000  9.059881e+02  7.951730e+01  1.201202e-14 
  702.000  9.052084e+02  7.930798e+01 -4.526500e-15 
  703.000  9.359526e+02  8.236194e+01 -3.383065e-15 
  704.000  9.396169e+02  8.246447e+01  2.331401e-14 
  705.000  9.395760e+02  8.194312e+01 -2.292789e-14 
  706.000  9.312372e+02  8.102362e+01  1.638718e-15 
  707.000  9.199768e+02  7.989788e+01  3.177399e-15 
  708.000  9.497520e+02  8.234537e+01 -2.501286e-15 
  709.000  9.218090e+02  7.990997e+01  2.778937e-14 
  710.000  9.371506e+02  8.075762e+01 -6.908411e-15 
  711.000  9.340682e+02  8.049755e+01  4.440945e-14 
  712.000  9.264464e+02  7.982823e+01  2.904228e-14 
  713.000  9.184935e+02  7.872924e+01  8.408201e-15 
  714.000  9.327902e+02  7.965948e+01  2.084629e-14 
  715.000  8.935179e+02  7.582692e+01  3.470278e-14 
  716.000  9.096714e+02  7.672473e+01 -1.017793e-15 
  717.000  8.380248e+02  6.950790e+01  9.004369e-15 
  718.000  8.036964e+02  6.604594e+01 -1.015580e-14 
  719.000  7.838305e+02  6.407355e+01 -3.195498e-15 
  720.000  7.732985e+02  6.281238e+01  9.940490e-15 
  721.000  8.431472e+02  6.934077e+01  6.053477e-17 
  722.000  8.806486e+02  7.273653e+01 -1.193776e-14 
  723.000  8.643922e+02  7.088950e+01 -1.863114e-15 
  724.000  8.284508e+02  6.713722e+01 -1.448634e-14 
  725.000  8.254975e+02  6.678401e+01 -9.394825e-15 
  726.000  8.221757e+02  6.630878e+01 -2.521940e-16 
  727.000  8.402701e+02  6.766119e+01 -9.305578e-15 
  728.000  8.196595e+02  6.574123e+01 -8.195671e-15 
  729.000  8.021141e+02  6.436420e+01  1.006786e-14 
  730.000  8.291191e+02  6.631933e+01  5.091498e-15 
  731.000  8.122958e+02  6.476185e+01  9.854024e-15 
  732.000  8.538189e+02  6.828938e+01  1.062674e-14 
  733.000  8.653900e+02  6.955518e+01 -1.259576e-14 
  734.000  8.952562e+02  7.209776e+01 -9.247417e-15 
  735.000  8.840436e+02  7.087672e+01 -5.406025e-14 
  736.000  8.601591e+02  6.857162e+01 -2.415207e-15 
  737.000  8.773814e+02  6.990681e+01  4.154831e-15 
  738.000  8.830035e+02  7.039609e+01  2.713531e-14 
  739.000  8.578057e+02  6.830691e+01 -1.002384e-14 
  740.000  8.733188e+02  6.961156e+01 -4.233805e-14 
  741.000  8.706447e+02  6.937148e+01 -1.102169e-16 
  742.000  8.580460e+02  6.822352e+01 -1.194103e-14 
  743.000  8.872729e+02  7.053756e+01  2.076568e-15 
  744.000  8.975090e+02  7.124020e+01  7.310204e-14 
  745.000  8.755743e+02  6.937234e+01  1.943806e-14 
  746.000  8.889127e+02  7.028724e+01 -9.831470e-16 
  747.000  9.031348e+02  7.122866e+01 -2.410148e-14 
  748.000  8.874297e+02  6.984117e+01  2.505061e-14 
  749.000  8.881713e+02  6.973118e+01 -1.355171e-14 
  750.000  8.750125e+02  6.849670e+01 -7.266051e-14 
  751.000  8.730262e+02  6.816325e+01  1.283641e-14 
  752.000  8.872575e+02  6.912717e+01 -3.913022e-15 
  753.000  8.792811e+02  6.833636e+01 -2.604573e-14 
  754.000  8.933928e+02  6.925829e+01 -2.320053e-14 
  755.000  8.885289e+02  6.870362e+01  2.707643e-14 
  756.000  8.713981e+02  6.720613e+01 -8.938468e-14 
  757.000  8.779773e+02  6.753768e+01 -1.300013e-14 
  758.000  8.757457e+02  6.713616e+01  7.916260e-14 
  759.000  7.845621e+02  5.865535e+01 -1.369419e-14 
  760.000  2.792307e+02  1.816824e+01  2.130068e-17 
  761.000  2.387109e+02  1.517570e+01  9.088435e-16 
  762.000  4.970726e+02  3.437482e+01 -4.318293e-16 
  763.000  4.218042e+02  2.846844e+01 -4.116990e-16 
  764.000  4.667637e+02  3.174513e+01 -1.212306e-15 
  765.000  5.715126e+02  3.994174e+01  2.638584e-15 
  766.000  6.647676e+02  4.819534e+01  7.054231e-15 
  767.000  7.363574e+02  5.375068e+01  4.781157e-15 
  768.000  8.073500e+02  5.930346e+01 -2.358169e-14 
  769.000  8.317717e+02  6.147135e+01  1.556704e-14 
  770.000  8.406057e+02  6.228082e+01 -3.111464e-15 
  771.000  8.478764e+02  6.285191e+01 -7.639815e-15 
  772.000  8.461952e+02  6.261779e+01 -1.762460e-14 
  773.000  8.435116e+02  6.228308e+01  2.688372e-14 
  774.000  8.532912e+02  6.287082e+01 -3.771174e-14 
  775.000  8.217131e+02  6.040696e+01  5.064643e-14 
  776.000  8.559399e+02  6.277636e+01 -2.374783e-14 
  777.000  8.502199e+02  6.220280e+01 -5.848134e-15 
  778.000  8.458139e+02  6.172372e+01 -5.024565e-14 
  779.000  8.487127e+02  6.177842e+01 -1.880616e-14 
  780.000  8.383535e+02  6.087011e+01  4.034554e-14 
  781.000  8.373326e+02  6.065956e+01  2.964902e-14 
  782.000  8.475608e+02  6.124554e+01 -3.000872e-14 
  783.000  8.278934e+02  5.967419e+01  6.080994e-14 
  784.000  8.324898e+02  5.984428e+01  6.862112e-15 
  785.000  8.337788e+02  5.972722e+01 -1.409708e-15 
  786.000  8.178410e+02  5.834588e+01 -5.494741e-14 
  787.000  8.262598e+02  5.861866e+01  2.560198e-14 
  788.000  8.119596e+02  5.737042e+01  6.467052e-16 
  789.000  8.093463e+02  5.674822e+01  7.611174e-15 
  790.000  8.006207e+02  5.597664e+01  4.891871e-14 
  791.000  7.980543e+02  5.571307e+01  1.732901e-15 
  792.000  7.868552e+02  5.484631e+01  6.490008e-15 
  793.000  7.892349e+02  5.499553e+01 -1.261437e-14 
  794.000  7.873935e+02  5.498662e+01 -1.461469e-14 
  795.000  7.795410e+02  5.415763e+01 -2.034890e-14 
  796.000  7.824899e+02  5.384948e+01  1.810104e-14 
  797.000  7.905656e+02  5.437698e+01 -5.393247e-14 
  798.000  7.977732e+02  5.499126e+01 -6.279651e-15 
  799.000  7.957515e+02  5.466155e+01 -7.546665e-15 
  800.000  7.704618e+02  5.262664e+01  3.589091e-15 
  801.000  7.854751e+02  5.354481e+01  1.467002e-14 
  802.000  7.835981e+02  5.327374e+01  7.677956e-15 
  803.000  7.731941e+02  5.246637e+01 -1.519731e-14 
  804.000  7.825812e+02  5.305838e+01 -3.768987e-14 
  805.000  7.655115e+02  5.193838e+01 -1.061760e-14 
  806.000  7.889418e+02  5.350687e+01  1.665496e-14 
  807.000  7.844681e+02  5.308309e+01 -8.304675e-15 
  808.000  7.783224e+02  5.248471e+01  9.855502e-15 
  809.000  7.634706e+02  5.129411e+01 -1.605822e-14 
  810.000  7.581494e+02  5.074575e+01  5.323702e-14 
  811.000  7.661712e+02  5.102345e+01  3.424461e-15 
  812.000  7.578654e+02  5.018366e+01 -1.473508e-15 
  813.000  7.475432e+02  4.920448e+01 -1.102269e-14 
  814.000  7.369130e+02  4.819103e+01 -1.853764e-15 
  815.000  7.169159e+02  4.657143e+01  2.427719e-15 
  816.000  6.948058e+02  4.483615e+01  3.535109e-15 
  817.000  6.999947e+02  4.507342e+01  5.617871e-15 
  818.000  6.971064e+02  4.479955e+01  9.101516e-15 
  819.000  6.835615e+02  4.389304e+01  1.036445e-14 
  820.000  6.874714e+02  4.428437e+01 -5.086240e-15 
  821.000  7.304761e+02  4.734719e+01 -1.056652e-14 
  822.000  6.951385e+02  4.465496e+01 -6.330335e-15 
  823.000  6.620690e+02  4.193921e+01  6.926751e-15 
  824.000  7.086436e+02  4.521121e+01 -1.177516e-14 
  825.000  7.306132e+02  4.695801e+01  5.371515e-15 
  826.000  7.314078e+02  4.681683e+01  3.170204e-14 
  827.000  7.262144e+02  4.631827e+01  8.433810e-15 
  828.000  7.097181e+02  4.489742e+01  3.705449e-15 
  829.000  7.148838e+02  4.521140e+01  6.173515e-16 
  830.000  7.096116e+02  4.488754e+01 -4.104283e-15 
  831.000  6.986066e+02  4.412126e+01 -6.800649e-16 
  832.000  7.135896e+02  4.498295e+01  2.546499e-15 
  833.000  6.947711e+02  4.376942e+01 -1.042574e-14 
  834.000  7.090029e+02  4.465657e+01 -2.566555e-14 
  835.000  7.176755e+02  4.530074e+01  2.228690e-14 
  836.000  7.238235e+02  4.552187e+01  6.590303e-16 
  837.000  7.176786e+02  4.503009e+01  1.948733e-15 
  838.000  7.237708e+02  4.541328e+01  2.421088e-14 
  839.000  7.032223e+02  4.408990e+01  9.125727e-15 
  840.000  7.228574e+02  4.524545e+01 -1.188195e-14 
  841.000  7.227966e+02  4.507236e+01 -2.494894e-15 
  842.000  7.201847e+02  4.487381e+01 -6.012635e-15 
  843.000  7.194918e+02  4.489119e+01  8.508442e-15 
  844.000  7.094695e+02  4.424508e+01 -7.488400e-15 
  845.000  7.210928e+02  4.489595e+01 -5.759162e-15 
  846.000  7.284709e+02  4.530018e+01  1.503095e-14 
  847.000  7.043370e+02  4.375024e+01 -1.751079e-14 
  848.000  7.236846e+02  4.477536e+01 -2.399667e-15 
  849.000  7.252866e+02  4.478703e+01 -1.436258e-15 
  850.000  6.265364e+02  3.857155e+01 -1.140036e-14 
  851.000  7.171221e+02  4.402781e+01  1.591031e-14 
  852.000  6.900895e+02  4.228059e+01 -1.342868e-14 
  853.000  6.993802e+02  4.281079e+01  5.556162e-15 
  854.000  5.622854e+02  3.434158e+01 -1.646391e-15 
  855.000  6.196178e+02  3.779432e+01  1.310124e-15 
  856.000  7.043862e+02  4.294853e+01 -7.715300e-15 
  857.000  7.162162e+02  4.360957e+01  1.327199e-14 
  858.000  7.050554e+02  4.285440e+01  4.440424e-15 
  859.000  7.055233e+02  4.282744e+01  5.428063e-14 
  860.000  6.995349e+02  4.239151e+01  2.665971e-15 
  861.000  6.995731e+02  4.230659e+01 -1.588236e-14 
  862.000  6.974796e+02  4.210069e+01  4.525091e-15 
  863.000  7.109217e+02  4.282249e+01  6.141403e-14 
  864.000  7.096681e+02  4.266367e+01  2.955567e-14 
  865.000  6.965971e+02  4.179513e+01 -3.589771e-14 
  866.000  5.843989e+02  3.499069e+01  3.169059e-14 
  867.000  6.223894e+02  3.718594e+01  2.653225e-14 
  868.000  6.750967e+02  4.025116e+01  1.283384e-14 
  869.000  6.657335e+02  3.961144e+01  3.493505e-14 
  870.000  6.932676e+02  4.116191e+01 -3.434241e-14 
  871.000  6.923958e+02  4.102597e+01 -6.376334e-15 
  872.000  6.897531e+02  4.078844e+01 -6.116533e-14 
  873.000  6.925546e+02  4.086436e+01 -6.543067e-14 
  874.000  6.774338e+02  3.988667e+01  4.905756e-14 
  875.000  6.712812e+02  3.944176e+01  2.565186e-14 
  876.000  6.768605e+02  3.967968e+01  1.098346e-14 
  877.000  6.903970e+02  4.038560e+01 -4.468842e-15 
  878.000  6.783964e+02  3.958007e+01  1.977441e-14 
  879.000  6.800545e+02  3.959433e+01 -1.982659e-14 
  880.000  6.759794e+02  3.925647e+01  2.901226e-14 
  881.000  6.408260e+02  3.712901e+01  1.059002e-14 
  882.000  6.761833e+02  3.908686e+01 -8.236987e-15 
  883.000  6.609417e+02  3.813737e+01 -3.296976e-14 
  884.000  6.666758e+02  3.839346e+01 -7.161553e-16 
  885.000  6.732017e+02  3.865211e+01  1.656427e-14 
  886.000  6.505913e+02  3.722692e+01  1.186389e-14 
  887.000  6.445043e+02  3.684209e+01 -6.590722e-16 
  888.000  6.638469e+02  3.786816e+01  1.559085e-14 
  889.000  6.685339e+02  3.807047e+01  9.981701e-15 
  890.000  6.660713e+02  3.782313e+01  2.653311e-14 
  891.000  6.615786e+02  3.743023e+01  2.370856e-16 
  892.000  6.568373e+02  3.698385e+01  6.410445e-16 
  893.000  6.232396e+02  3.473796e+01  7.208502e-15 
  894.000  6.393553e+02  3.544021e+01 -9.823866e-15 
  895.000  5.925188e+02  3.250314e+01  1.024662e-14 
  896.000  5.981248e+02  3.256084e+01  4.908282e-16 
  897.000  5.660081e+02  3.060530e+01 -2.308373e-15 
  898.000  5.584048e+02  3.007417e+01 -1.631378e-15 
  899.000  5.336756e+02  2.854450e+01  1.328275e-15 
  900.000  5.238023e+02  2.797756e+01 -3.158224e-16 
  901.000  5.066140e+02  2.697159e+01 -2.109205e-15 
  902.000  4.983900e+02  2.649533e+01  3.262709e-15 
  903.000  5.655667e+02  3.025799e+01  9.376469e-15 
  904.000  5.984969e+02  3.217503e+01  4.090552e-15 
  905.000  5.960354e+02  3.197473e+01  4.509533e-15 
  906.000  5.650961e+02  3.012286e+01  1.046301e-15 
  907.000  5.474385e+02  2.895545e+01 -2.620180e-15 
  908.000  5.152238e+02  2.709922e+01  2.023374e-15 
  909.000  5.072120e+02  2.662732e+01  2.128543e-15 
  910.000  5.159272e+02  2.704652e+01 -4.574615e-15 
  911.000  5.260499e+02  2.758798e+01 -4.784079e-15 
  912.000  5.216369e+02  2.727425e+01 -2.396266e-16 
  913.000  5.091696e+02  2.642557e+01 -1.294878e-16 
  914.000  5.180800e+02  2.691647e+01  1.051709e-15 
  915.000  5.183631e+02  2.693677e+01 -1.969409e-16 
  916.000  5.273500e+02  2.736868e+01  8.115529e-16 
  917.000  5.242432e+02  2.718737e+01  2.056830e-18 
  918.000  5.281917e+02  2.737959e+01 -2.665914e-15 
  919.000  5.578784e+02  2.900908e+01 -2.585820e-15 
  920.000  5.696047e+02  2.971490e+01  7.883281e-16 
  921.000  5.535287e+02  2.878860e+01  5.727119e-16 
  922.000  5.483026e+02  2.846054e+01 -2.211639e-15 
  923.000  5.209472e+02  2.695071e+01 -8.652171e-15 
  924.000  5.319832e+02  2.738671e+01  2.757467e-15 
  925.000  5.381942e+02  2.764098e+01  6.248972e-15 
  926.000  5.187443e+02  2.657254e+01 -1.181826e-15 
  927.000  5.250370e+02  2.674759e+01 -5.416249e-15 
  928.000  5.081982e+02  2.570689e+01  1.270735e-15 
  929.000  4.725244e+02  2.364953e+01 -2.089489e-16 
  930.000  4.352870e+02  2.138350e+01  3.985277e-16 
  931.000  3.951198e+02  1.890302e+01 -7.075340e-16 
  932.000  3.399007e+02  1.575487e+01 -5.132734e-16 
  933.000  3.028098e+02  1.377675e+01  3.062613e-16 
  934.000  2.618722e+02  1.170873e+01 -1.881024e-16 
  935.000  2.540167e+02  1.131191e+01  1.344589e-16 
  936.000  2.669685e+02  1.193349e+01  9.773866e-17 
  937.000  2.691181e+02  1.199657e+01 -1.676571e-17 
  938.000  3.086616e+02  1.398407e+01 -5.883257e-17 
  939.000  4.240060e+02  2.034735e+01  1.998585e-16 
  940.000  4.387009e+02  2.118402e+01 -2.139751e-16 
  941.000  4.145744e+02  1.985797e+01 -1.306835e-16 
  942.000  3.653487e+02  1.711281e+01 -3.276584e-16 
  943.000  3.269098e+02  1.482232e+01 -3.008703e-16 
  944.000  3.140173e+02  1.418237e+01  4.043181e-18 
  945.000  3.374507e+02  1.535186e+01  5.583747e-16 
  946.000  3.432065e+02  1.559866e+01 -4.532922e-16 
  947.000  3.595992e+02  1.648142e+01 -6.260755e-16 
  948.000  3.726807e+02  1.716033e+01  2.003230e-17 
  949.000  3.724615e+02  1.710968e+01 -4.893793e-16 
  950.000  3.728140e+02  1.712489e+01  4.660994e-16 
  951.000  3.948713e+02  1.838161e+01  1.946660e-17 
  952.000  3.689510e+02  1.687868e+01 -2.519782e-17 
  953.000  3.860666e+02  1.783230e+01 -7.796367e-17 
  954.000  4.016392e+02  1.874973e+01 -9.958538e-17 
  955.000  3.606052e+02  1.664665e+01 -2.536374e-16 
  956.000  3.812171e+02  1.753788e+01 -3.631441e-16 
  957.000  4.297040e+02  2.029648e+01  4.008099e-17 
  958.000  4.394155e+02  2.078211e+01  8.608467e-16 
  959.000  4.329384e+02  2.037928e+01 -6.466656e-16 
  960.000  4.265246e+02  2.002581e+01  1.324278e-16 
  961.000  4.179565e+02  1.955376e+01  5.526826e-16 
  962.000  4.237418e+02  1.982950e+01  5.536252e-16 
  963.000  4.495481e+02  2.122056e+01 -1.374783e-15 
  964.000  4.482357e+02  2.114902e+01 -9.850605e-16 
  965.000  4.511952e+02  2.124141e+01  1.633494e-15 
  966.000  4.395898e+02  2.067288e+01 -1.331092e-15 
  967.000  4.717780e+02  2.225803e+01 -8.352405e-17 
  968.000  4.981696e+02  2.364320e+01  4.017671e-16 
  969.000  5.156033e+02  2.454385e+01  2.588624e-15 
  970.000  5.178197e+02  2.461442e+01 -3.426139e-15 
  971.000  5.129124e+02  2.433457e+01  1.804855e-16 
  972.000  5.124855e+02  2.423446e+01 -2.606908e-15 
  973.000  4.984516e+02  2.345895e+01 -3.948497e-15 
  974.000  4.796359e+02  2.246671e+01 -5.143022e-17 
  975.000  4.748293e+02  2.216491e+01 -3.443227e-15 
  976.000  4.895745e+02  2.285909e+01 -1.996694e-15 
  977.000  4.915974e+02  2.300521e+01 -1.707437e-16 
  978.000  5.025716e+02  2.347063e+01 -3.386168e-15 
  979.000  4.917304e+02  2.295379e+01 -6.290240e-15 
  980.000  5.134846e+02  2.406608e+01  2.024140e-15 
  981.000  5.203923e+02  2.438522e+01  6.989546e-15 
  982.000  5.159733e+02  2.409973e+01 -9.625134e-15 
  983.000  5.222518e+02  2.444148e+01  1.052180e-14 
  984.000  5.266049e+02  2.471285e+01 -8.053866e-15 
  985.000  5.308283e+02  2.493899e+01  8.690605e-15 
  986.000  5.322068e+02  2.506252e+01 -3.365231e-15 
  987.000  5.407827e+02  2.547011e+01 -2.914631e-15 
  988.000  5.347058e+02  2.515028e+01 -3.182438e-15 
  989.000  5.282984e+02  2.481166e+01  1.778649e-14 
  990.000  5.334198e+02  2.501954e+01 -2.735977e-15 
  991.000  5.398490e+02  2.531253e+01 -2.949841e-15 
  992.000  5.354887e+02  2.507726e+01  1.844975e-14 
  993.000  5.357014e+02  2.504723e+01  9.922428e-15 
  994.000  5.403251e+02  2.526378e+01  1.574414e-14 
  995.000  5.376446e+02  2.512441e+01  8.318817e-15 
  996.000  5.375566e+02  2.507497e+01  7.094394e-15 
  997.000  5.373807e+02  2.500232e+01 -1.129943e-14 
  998.000  5.345066e+02  2.480140e+01  1.659216e-14 
  999.000  5.328566e+02  2.467228e+01 -2.274882e-14 
 1000.000  5.289203e+02  2.445299e+01  1.288226e-14 
 1001.000  5.299952e+02  2.441210e+01  2.725142e-15 
 1002.000  5.263552e+02  2.414434e+01 -7.613053e-15 
 1003.000  5.209467e+02  2.386851e+01 -1.256646e-14 
 1004.000  5.182491e+02  2.372994e+01 -1.699219e-15 
 1005.000  4.848064e+02  2.217700e+01  1.547294e-14 
 1006.000  5.105165e+02  2.331738e+01 -4.367825e-16 
 1007.000  5.192974e+02  2.366238e+01 -8.366600e-15 
 1008.000  5.192183e+02  2.357322e+01  1.706427e-14 
 1009.000  5.129499e+02  2.318344e+01  3.204245e-15 
 1010.000  5.163022e+02  2.332156e+01 -7.108519e-15 
 1011.000  5.167978e+02  2.336278e+01 -2.302511e-15 
 1012.000  5.182791e+02  2.341978e+01  4.219310e-15 
 1013.000  5.154931e+02  2.327705e+01 -4.583286e-15 
 1014.000  5.192462e+02  2.341536e+01  2.683141e-15 
 1015.000  5.097545e+02  2.294848e+01  4.861622e-15 
 1016.000  5.134542e+02  2.308490e+01  9.285424e-15 
 1017.000  5.086643e+02  2.283546e+01 -1.294745e-14 
 1018.000  5.148039e+02  2.305646e+01  1.141415e-14 
 1019.000  5.020335e+02  2.241705e+01  1.854199e-15 
 1020.000  5.013594e+02  2.235702e+01  2.172522e-14 
 1021.000  5.071088e+02  2.259353e+01 -1.865789e-15 
 1022.000  4.982939e+02  2.212840e+01 -7.821461e-16 
 1023.000  5.068652e+02  2.244147e+01 -5.441561e-15 
 1024.000  5.037381e+02  2.225720e+01  1.061194e-14 
 1025.000  5.053700e+02  2.233032e+01  7.541820e-15 
 1026.000  5.067952e+02  2.237627e+01 -4.029096e-16 
 1027.000  5.034154e+02  2.217823e+01  1.656409e-14 
 1028.000  5.049029e+02  2.221220e+01  3.878197e-15 
 1029.000  4.979737e+02  2.189047e+01 -6.835582e-15 
 1030.000  5.036783e+02  2.212229e+01  1.556570e-15 
 1031.000  5.024348e+02  2.203898e+01  4.768780e-15 
 1032.000  5.009479e+02  2.194275e+01 -2.175284e-14 
 1033.000  4.918134e+02  2.150662e+01 -9.160841e-15 
 1034.000  4.971411e+02  2.170511e+01  6.166336e-15 
 1035.000  4.919244e+02  2.144181e+01  2.436126e-15 
 1036.000  4.982630e+02  2.167850e+01 -4.094016e-15 
 1037.000  4.877620e+02  2.118448e+01  2.294476e-14 
 1038.000  4.926161e+02  2.135869e+01 -2.393446e-14 
 1039.000  4.945746e+02  2.140256e+01  9.823792e-15 
 1040.000  4.886691e+02  2.110698e+01  2.044625e-14 
 1041.000  4.911997e+02  2.117635e+01  3.263855e-15 
 1042.000  4.926218e+02  2.119910e+01  1.207087e-15 
 1043.000  4.841000e+02  2.079510e+01  9.403143e-15 
 1044.000  4.888426e+02  2.095958e+01 -7.954276e-15 
 1045.000  4.866401e+02  2.082260e+01 -1.804919e-14 
 1046.000  4.723929e+02  2.017352e+01 -6.882803e-15 
 1047.000  4.809505e+02  2.049800e+01  9.474863e-15 
 1048.000  4.855746e+02  2.065312e+01 -1.226555e-14 
 1049.000  4.822744e+02  2.047170e+01 -9.567932e-15 
 1050.000  4.792272e+02  2.030010e+01  2.014336e-14 
 1051.000  4.790891e+02  2.024981e+01 -1.164007e-14 
 1052.000  4.766827e+02  2.010642e+01 -9.730944e-15 
 1053.000  4.767871e+02  2.007308e+01 -1.451415e-14 
 1054.000  4.716558e+02  1.981273e+01  5.670809e-15 
 1055.000  4.748815e+02  1.990372e+01 -7.827244e-16 
 1056.000  4.733846e+02  1.979785e+01 -1.182380e-15 
 1057.000  4.721462e+02  1.969383e+01 -1.116249e-14 
 1058.000  4.665238e+02  1.939522e+01 -7.223662e-15 
 1059.000  4.517914e+02  1.875000e+01 -1.257866e-15 
 1060.000  4.682456e+02  1.941147e+01 -1.204618e-14 
 1061.000  4.517162e+02  1.869429e+01  3.078678e-15 
 1062.000  4.638449e+02  1.915006e+01 -4.843238e-16 
 1063.000  4.557530e+02  1.878163e+01 -9.905006e-16 
 1064.000  4.612658e+02  1.896558e+01  1.019933e-14 
 1065.000  4.602156e+02  1.887686e+01 -7.929240e-15 
 1066.000  4.461253e+02  1.827368e+01  1.849949e-15 
 1067.000  4.565232e+02  1.866373e+01  2.949508e-16 
 1068.000  4.538429e+02  1.849458e+01  7.119215e-16 
 1069.000  4.194792e+02  1.706471e+01  2.280206e-16 
 1070.000  4.447317e+02  1.807247e+01 -4.134033e-17 
 1071.000  4.450834e+02  1.804492e+01 -4.982640e-15 
 1072.000  4.459737e+02  1.803924e+01 -3.036392e-15 
 1073.000  4.313309e+02  1.742093e+01  5.809756e-15 
 1074.000  4.467366e+02  1.802242e+01 -4.693138e-15 
 1075.000  4.340181e+02  1.751202e+01  2.385439e-16 
 1076.000  4.430260e+02  1.783560e+01  7.896697e-16 
 1077.000  4.413479e+02  1.772355e+01 -3.460712e-15 
 1078.000  4.417563e+02  1.769266e+01 -1.530018e-15 
 1079.000  4.246221e+02  1.698120e+01 -7.282850e-16 
 1080.000  4.345552e+02  1.729752e+01 -1.039878e-15 
 1081.000  4.185652e+02  1.663603e+01  4.148395e-15 
 1082.000  4.251937e+02  1.690067e+01 -4.391040e-16 
 1083.000  4.124218e+02  1.634348e+01  2.350506e-15 
 1084.000  4.266178e+02  1.685400e+01 -1.280674e-15 
 1085.000  4.171850e+02  1.639832e+01 -5.726172e-16 
 1086.000  4.236431e+02  1.664329e+01 -8.506447e-16 
 1087.000  4.018284e+02  1.583184e+01  4.323561e-15 
 1088.000  4.264857e+02  1.678379e+01 -2.936526e-15 
 1089.000  4.051106e+02  1.583973e+01  7.220689e-16 
 1090.000  4.129839e+02  1.611182e+01 -1.066490e-15 
 1091.000  4.167452e+02  1.625007e+01  7.535806e-16 
 1092.000  4.045367e+02  1.571828e+01 -3.162020e-15 
 1093.000  3.937078e+02  1.521358e+01  7.544580e-16 
 1094.000  3.559713e+02  1.371576e+01 -2.054315e-15 
 1095.000  3.857622e+02  1.484607e+01  5.444979e-17 
 1096.000  3.846088e+02  1.478280e+01  4.280147e-16 
 1097.000  3.783220e+02  1.451016e+01 -2.046418e-15 
 1098.000  3.578939e+02  1.361847e+01  1.426521e-17 
 1099.000  3.441880e+02  1.301471e+01 -9.178344e-16 
 1100.000  3.510860e+02  1.326130e+01 -7.271381e-16 
