  400.000  5.939313e+02  3.109962e+02 -6.831755e-14 
  401.000  5.917682e+02  3.066187e+02  5.648060e-14 
  402.000  6.286379e+02  3.223344e+02  6.847345e-15 
  403.000  5.901367e+02  2.994664e+02 -1.883194e-13 
  404.000  6.355961e+02  3.192238e+02  8.245777e-15 
  405.000  5.841579e+02  2.903943e+02  3.435762e-13 
  406.000  5.809940e+02  2.858946e+02 -1.922841e-13 
  407.000  5.670431e+02  2.762209e+02 -4.558028e-14 
  408.000  6.155677e+02  2.968595e+02 -5.598200e-14 
  409.000  6.827269e+02  3.259740e+02  4.336687e-14 
  410.000  5.719101e+02  2.703654e+02 -4.021067e-14 
  411.000  6.728736e+02  3.149704e+02 -1.109459e-13 
  412.000  6.985062e+02  3.237753e+02 -8.884848e-14 
  413.000  6.610464e+02  3.034409e+02  2.368755e-14 
  414.000  6.499455e+02  2.954603e+02  3.332347e-14 
  415.000  6.943923e+02  3.126449e+02 -2.261791e-13 
  416.000  6.913338e+02  3.083037e+02 -2.979141e-13 
  417.000  6.714158e+02  2.965859e+02  6.649403e-14 
  418.000  6.578783e+02  2.878705e+02  3.811286e-14 
  419.000  6.750940e+02  2.926380e+02  8.654948e-15 
  420.000  5.723173e+02  2.457780e+02 -5.469380e-15 
  421.000  7.181678e+02  3.055627e+02 -7.778909e-14 
  422.000  6.892045e+02  2.905485e+02 -4.926217e-14 
  423.000  5.829512e+02  2.435145e+02  2.566820e-14 
  424.000  6.421661e+02  2.658188e+02 -1.304477e-13 
  425.000  6.660555e+02  2.732179e+02 -2.541856e-14 
  426.000  6.411854e+02  2.606547e+02 -3.906613e-14 
  427.000  6.176242e+02  2.488359e+02 -1.653922e-13 
  428.000  6.262720e+02  2.500813e+02 -6.699131e-14 
  429.000  5.705480e+02  2.258200e+02  1.156895e-14 
  430.000  4.559041e+02  1.788610e+02 -6.699802e-14 
  431.000  4.104462e+02  1.596227e+02  3.620492e-14 
  432.000  7.397830e+02  2.852068e+02  1.950676e-15 
  433.000  6.593708e+02  2.520136e+02  4.004799e-14 
  434.000  6.275102e+02  2.377806e+02 -1.910978e-14 
  435.000  6.835836e+02  2.568206e+02  6.011944e-14 
  436.000  7.589432e+02  2.827153e+02 -1.666961e-13 
  437.000  7.672163e+02  2.833866e+02 -2.856006e-13 
  438.000  6.881062e+02  2.520329e+02 -1.403312e-13 
  439.000  6.666693e+02  2.421445e+02  1.607929e-13 
  440.000  7.480941e+02  2.694614e+02  2.086600e-13 
  441.000  7.465474e+02  2.666804e+02  6.507681e-14 
  442.000  7.871796e+02  2.788785e+02 -1.479608e-13 
  443.000  7.933546e+02  2.787601e+02  1.588687e-14 
  444.000  7.890970e+02  2.749980e+02 -5.003886e-14 
  445.000  8.309684e+02  2.872295e+02  2.131506e-14 
  446.000  7.404960e+02  2.538731e+02  1.888079e-13 
  447.000  8.454859e+02  2.875463e+02  9.224725e-14 
  448.000  8.605365e+02  2.903757e+02  1.760662e-13 
  449.000  8.673714e+02  2.904180e+02 -4.327521e-14 
  450.000  8.872635e+02  2.947857e+02  1.541230e-13 
  451.000  9.599161e+02  3.164621e+02  5.744279e-14 
  452.000  8.933007e+02  2.922288e+02 -1.635578e-13 
  453.000  8.300822e+02  2.694584e+02  7.590709e-14 
  454.000  8.858921e+02  2.853694e+02 -3.012265e-14 
  455.000  8.929859e+02  2.854565e+02 -8.270826e-14 
  456.000  9.155319e+02  2.904309e+02  4.882017e-14 
  457.000  9.215695e+02  2.901325e+02 -9.226014e-14 
  458.000  9.062454e+02  2.831577e+02 -6.375227e-14 
  459.000  9.070033e+02  2.812651e+02 -1.338619e-13 
  460.000  8.999632e+02  2.769970e+02 -2.888803e-13 
  461.000  9.334683e+02  2.851741e+02  1.871305e-13 
  462.000  9.191140e+02  2.787094e+02  6.304600e-14 
  463.000  9.201815e+02  2.769754e+02  9.787009e-14 
  464.000  9.240155e+02  2.761023e+02 -2.407490e-13 
  465.000  9.112971e+02  2.703239e+02 -1.116669e-14 
  466.000  9.409400e+02  2.770951e+02 -6.059439e-14 
  467.000  9.084543e+02  2.655931e+02 -1.332936e-13 
  468.000  9.624227e+02  2.793271e+02  1.684284e-13 
  469.000  9.546142e+02  2.750352e+02 -4.208421e-14 
  470.000  9.420392e+02  2.694155e+02 -2.204987e-13 
  471.000  9.408585e+02  2.670824e+02 -4.195515e-14 
  472.000  9.528322e+02  2.684652e+02  1.942107e-13 
  473.000  9.428708e+02  2.636618e+02  2.291491e-13 
  474.000  9.508121e+02  2.638701e+02  1.365427e-14 
  475.000  9.894486e+02  2.724308e+02  7.694914e-14 
  476.000  9.590760e+02  2.619095e+02  1.025478e-14 
  477.000  9.504127e+02  2.575110e+02  4.030032e-14 
  478.000  9.980316e+02  2.686835e+02  8.636123e-15 
  479.000  9.535536e+02  2.552614e+02  4.900938e-14 
  480.000  9.732170e+02  2.591094e+02  6.232459e-14 
  481.000  9.680640e+02  2.562766e+02  6.993221e-15 
  482.000  9.890277e+02  2.602827e+02  5.513887e-15 
  483.000  9.906951e+02  2.591308e+02 -2.779705e-13 
  484.000  9.531375e+02  2.477391e+02  2.198377e-13 
  485.000  9.606678e+02  2.480995e+02  1.913899e-13 
  486.000  7.793115e+02  1.999696e+02  1.363985e-14 
  487.000  8.763673e+02  2.234271e+02 -8.106132e-14 
  488.000  9.520377e+02  2.411567e+02  6.130081e-15 
  489.000  8.854502e+02  2.228498e+02  2.878825e-14 
  490.000  1.008547e+03  2.522077e+02  5.571061e-14 
  491.000  9.442366e+02  2.346157e+02 -8.744782e-14 
  492.000  9.078474e+02  2.241342e+02 -1.353611e-13 
  493.000  9.782551e+02  2.399839e+02 -1.778396e-14 
  494.000  9.455208e+02  2.304846e+02 -9.976934e-14 
  495.000  1.011265e+03  2.449592e+02  1.493215e-13 
  496.000  9.853881e+02  2.371880e+02  2.527062e-13 
  497.000  9.563547e+02  2.287593e+02 -7.103886e-14 
  498.000  9.342242e+02  2.220747e+02 -2.546993e-14 
  499.000  9.324247e+02  2.202703e+02 -1.506902e-14 
  500.000  9.287699e+02  2.180510e+02 -1.139484e-13 
  501.000  9.083817e+02  2.119494e+02 -8.034015e-15 
  502.000  9.028586e+02  2.093694e+02  1.048366e-13 
  503.000  9.571320e+02  2.206016e+02 -5.520455e-14 
  504.000  8.909272e+02  2.040944e+02  1.057424e-13 
  505.000  9.613850e+02  2.189001e+02 -1.073436e-13 
  506.000  1.029648e+03  2.330444e+02 -1.041094e-13 
  507.000  9.584252e+02  2.156372e+02 -9.520214e-14 
  508.000  9.195343e+02  2.056666e+02 -5.321799e-14 
  509.000  9.919874e+02  2.205682e+02 -2.645516e-13 
  510.000  9.615731e+02  2.125527e+02  1.887241e-14 
  511.000  9.622314e+02  2.114552e+02 -8.324500e-14 
  512.000  1.010300e+03  2.207269e+02  9.668615e-14 
  513.000  9.250027e+02  2.009214e+02 -3.644553e-13 
  514.000  9.059268e+02  1.956435e+02  3.620261e-14 
  515.000  9.251960e+02  1.986582e+02 -1.047280e-13 
  516.000  9.721636e+02  2.075455e+02  2.195296e-13 
  517.000  7.163461e+02  1.520539e+02 -8.113977e-14 
  518.000  8.871450e+02  1.872318e+02 -1.187032e-13 
  519.000  8.407375e+02  1.764277e+02  1.343718e-13 
  520.000  9.259017e+02  1.931991e+02  1.649346e-13 
  521.000  9.266762e+02  1.922669e+02 -7.975049e-15 
  522.000  9.636996e+02  1.988162e+02 -7.192727e-14 
  523.000  8.979557e+02  1.841988e+02  1.185160e-14 
  524.000  9.744754e+02  1.987651e+02  2.417959e-13 
  525.000  9.668985e+02  1.961040e+02 -1.034248e-13 
  526.000  9.216807e+02  1.858903e+02  1.820961e-13 
  527.000  8.053145e+02  1.615124e+02  1.856407e-13 
  528.000  9.673943e+02  1.929369e+02  7.193521e-14 
  529.000  9.950740e+02  1.973560e+02  6.148458e-14 
  530.000  9.404609e+02  1.854960e+02 -1.020693e-13 
  531.000  1.023911e+03  2.008487e+02  1.689138e-14 
  532.000  9.770321e+02  1.906151e+02  7.698800e-14 
  533.000  8.583729e+02  1.665747e+02 -9.794623e-14 
  534.000  9.336966e+02  1.802528e+02 -1.058330e-13 
  535.000  9.529398e+02  1.830312e+02 -5.798970e-14 
  536.000  1.011481e+03  1.932876e+02  1.506910e-14 
  537.000  9.386898e+02  1.784623e+02  2.335289e-14 
  538.000  9.828938e+02  1.859080e+02 -2.382518e-14 
  539.000  9.799263e+02  1.843956e+02  1.482404e-14 
  540.000  9.592546e+02  1.795796e+02  1.050135e-13 
  541.000  8.798680e+02  1.638751e+02  5.316929e-14 
  542.000  9.817720e+02  1.819209e+02  7.645736e-14 
  543.000  9.393730e+02  1.731779e+02  5.157014e-14 
  544.000  9.910930e+02  1.817825e+02  1.869279e-13 
  545.000  9.766257e+02  1.782193e+02 -1.587313e-14 
  546.000  9.551953e+02  1.734262e+02  3.241328e-13 
  547.000  9.960811e+02  1.799395e+02  2.233938e-13 
  548.000  9.244922e+02  1.661692e+02 -1.877297e-13 
  549.000  9.732607e+02  1.740611e+02 -1.694700e-14 
  550.000  9.522980e+02  1.694628e+02 -1.279830e-13 
  551.000  9.468688e+02  1.676547e+02 -2.345365e-13 
  552.000  9.882491e+02  1.741121e+02  8.293265e-15 
  553.000  9.500684e+02  1.665543e+02  1.935559e-13 
  554.000  9.816627e+02  1.712412e+02  2.232954e-14 
  555.000  9.849837e+02  1.709731e+02 -6.604573e-14 
  556.000  9.583760e+02  1.655362e+02  1.066952e-13 
  557.000  9.304439e+02  1.599201e+02 -3.841027e-14 
  558.000  9.663087e+02  1.652684e+02  8.092572e-15 
  559.000  9.138546e+02  1.555303e+02  2.540793e-14 
  560.000  9.183246e+02  1.555218e+02  4.447434e-14 
  561.000  1.009749e+03  1.701611e+02  1.648649e-13 
  562.000  9.272021e+02  1.554529e+02  1.055232e-14 
  563.000  9.704534e+02  1.618960e+02 -9.294865e-15 
  564.000  9.571299e+02  1.588713e+02  3.065404e-14 
  565.000  9.687145e+02  1.599641e+02  1.857151e-14 
  566.000  8.933597e+02  1.467794e+02 -8.566689e-15 
  567.000  9.581567e+02  1.565380e+02  8.046970e-15 
  568.000  9.546859e+02  1.548371e+02 -2.474585e-14 
  569.000  9.327839e+02  1.498688e+02  2.398455e-14 
  570.000  9.380336e+02  1.499559e+02 -6.932196e-14 
  571.000  9.068743e+02  1.447853e+02  1.178226e-14 
  572.000  9.563583e+02  1.513815e+02  1.571181e-14 
  573.000  9.669774e+02  1.524428e+02 -4.055126e-14 
  574.000  9.619393e+02  1.509456e+02  3.594716e-14 
  575.000  9.384438e+02  1.465062e+02 -1.968565e-14 
  576.000  9.217526e+02  1.432063e+02 -2.942500e-14 
  577.000  9.612426e+02  1.488007e+02  1.311550e-14 
  578.000  9.347266e+02  1.442470e+02 -3.274755e-14 
  579.000  9.293606e+02  1.429629e+02 -4.446064e-14 
  580.000  9.638090e+02  1.478176e+02  2.309045e-14 
  581.000  9.492049e+02  1.452303e+02  4.243002e-14 
  582.000  9.657124e+02  1.473023e+02  3.147261e-15 
  583.000  9.741911e+02  1.480473e+02  1.556077e-14 
  584.000  9.725776e+02  1.472337e+02  2.784181e-14 
  585.000  9.674875e+02  1.458756e+02 -6.982672e-14 
  586.000  9.270425e+02  1.392077e+02  2.698444e-14 
  587.000  9.633423e+02  1.438046e+02  3.234549e-14 
  588.000  9.504155e+02  1.404789e+02 -8.163590e-14 
  589.000  8.374569e+02  1.224069e+02 -7.975428e-15 
  590.000  8.747206e+02  1.272701e+02  4.889682e-14 
  591.000  9.345585e+02  1.359959e+02 -1.282472e-14 
  592.000  9.150724e+02  1.322807e+02 -1.316284e-14 
  593.000  9.302057e+02  1.346406e+02  5.389702e-15 
  594.000  9.383111e+02  1.350597e+02  4.638798e-15 
  595.000  9.175797e+02  1.310253e+02  1.378421e-14 
  596.000  9.457747e+02  1.352345e+02 -3.676322e-14 
  597.000  9.480959e+02  1.348249e+02 -4.167347e-16 
  598.000  9.311344e+02  1.322033e+02  1.954654e-14 
  599.000  9.326615e+02  1.320242e+02  5.446545e-14 
  600.000  9.349172e+02  1.321051e+02  4.595637e-14 
  601.000  9.313478e+02  1.313491e+02 -1.091228e-15 
  602.000  9.219829e+02  1.295909e+02 -9.875699e-14 
  603.000  9.284995e+02  1.300676e+02 -4.585065e-14 
  604.000  9.589784e+02  1.338758e+02  3.778416e-14 
  605.000  9.574623e+02  1.331650e+02  4.819278e-14 
  606.000  9.471072e+02  1.312045e+02 -9.356203e-14 
  607.000  9.425161e+02  1.300519e+02  2.283636e-14 
  608.000  9.397996e+02  1.291636e+02  2.274097e-14 
  609.000  9.308580e+02  1.274265e+02  0.000000e+00 
  610.000  9.166382e+02  1.249828e+02 -1.274936e-13 
  611.000  9.322024e+02  1.266013e+02 -1.075536e-15 
  612.000  9.207308e+02  1.245479e+02 -7.600425e-14 
  613.000  9.079152e+02  1.223270e+02 -2.078381e-14 
  614.000  8.757283e+02  1.175216e+02 -1.266784e-13 
  615.000  9.182892e+02  1.227455e+02 -8.286496e-14 
  616.000  8.736766e+02  1.163190e+02  5.631513e-14 
  617.000  8.791391e+02  1.165796e+02 -1.402575e-14 
  618.000  9.210939e+02  1.216528e+02  1.310076e-14 
  619.000  9.130674e+02  1.201037e+02  4.415195e-14 
  620.000  9.269426e+02  1.214324e+02  1.101293e-13 
  621.000  9.432133e+02  1.230558e+02 -4.422791e-14 
  622.000  8.936908e+02  1.161107e+02  1.472214e-14 
  623.000  9.008096e+02  1.165403e+02 -9.796253e-14 
  624.000  9.019293e+02  1.161949e+02 -2.459403e-14 
  625.000  8.775874e+02  1.125820e+02  8.045379e-14 
  626.000  8.819505e+02  1.126265e+02  7.113499e-14 
  627.000  8.951339e+02  1.135099e+02  2.302368e-14 
  628.000  8.691926e+02  1.085162e+02 -2.406316e-14 
  629.000  9.004357e+02  1.126746e+02 -7.661598e-15 
  630.000  8.721146e+02  1.089056e+02 -2.561111e-14 
  631.000  9.070133e+02  1.130619e+02  1.222567e-14 
  632.000  8.457985e+02  1.049865e+02  5.523913e-15 
  633.000  9.110803e+02  1.130325e+02  4.781366e-14 
  634.000  8.857920e+02  1.096595e+02  3.824044e-14 
  635.000  9.032894e+02  1.114632e+02  1.856032e-14 
  636.000  8.728793e+02  1.074170e+02  2.423451e-14 
  637.000  9.030834e+02  1.108049e+02 -1.522819e-15 
  638.000  9.188906e+02  1.125165e+02  2.096555e-14 
  639.000  9.123767e+02  1.113491e+02  9.754957e-14 
  640.000  8.850421e+02  1.077225e+02 -4.997916e-14 
  641.000  8.987836e+02  1.090255e+02 -7.596834e-14 
  642.000  8.890594e+02  1.075292e+02 -4.213912e-14 
  643.000  9.049327e+02  1.089681e+02  1.447000e-14 
  644.000  8.952837e+02  1.074333e+02 -2.020503e-14 
  645.000  9.030202e+02  1.078340e+02 -9.533982e-14 
  646.000  8.660971e+02  1.025815e+02  3.672272e-14 
  647.000  8.762500e+02  1.031182e+02 -3.486950e-15 
  648.000  8.726376e+02  1.020415e+02 -1.244628e-15 
  649.000  8.928157e+02  1.042920e+02  1.245787e-15 
  650.000  8.318733e+02  9.737601e+01 -1.025685e-13 
  651.000  8.966099e+02  1.045855e+02  5.781579e-14 
  652.000  8.760714e+02  1.013317e+02 -2.152026e-14 
  653.000  8.985394e+02  1.041050e+02  4.982174e-14 
  654.000  8.869395e+02  1.023933e+02 -2.540829e-14 
  655.000  8.625049e+02  9.901292e+01  1.590680e-14 
  656.000  7.331443e+02  8.393472e+01 -9.365845e-15 
  657.000  7.836478e+02  8.951218e+01  2.601372e-14 
  658.000  8.746859e+02  9.973833e+01  2.860755e-14 
  659.000  8.780775e+02  9.993067e+01  2.138743e-15 
  660.000  8.858376e+02  1.005347e+02 -1.103684e-13 
  661.000  8.913010e+02  1.010036e+02  1.393710e-14 
  662.000  9.050809e+02  1.023029e+02  2.676501e-14 
  663.000  8.954018e+02  1.008457e+02  7.221066e-15 
  664.000  8.818298e+02  9.901392e+01 -4.542412e-14 
  665.000  8.862698e+02  9.920045e+01 -8.074796e-14 
  666.000  8.976017e+02  1.001657e+02  4.706740e-14 
  667.000  8.804078e+02  9.794479e+01 -6.680337e-14 
  668.000  8.860680e+02  9.827966e+01  4.632363e-14 
  669.000  8.993670e+02  9.943862e+01  2.157169e-14 
  670.000  8.891406e+02  9.799212e+01 -1.883633e-13 
  671.000  8.802648e+02  9.670547e+01  5.140546e-15 
  672.000  8.779158e+02  9.613724e+01  3.916448e-14 
  673.000  8.847198e+02  9.657110e+01  1.976089e-13 
  674.000  8.869487e+02  9.650407e+01  4.606753e-14 
  675.000  8.739010e+02  9.478075e+01  2.082819e-14 
  676.000  8.908920e+02  9.631483e+01  1.931794e-14 
  677.000  8.736458e+02  9.414933e+01  6.695641e-14 
  678.000  8.885753e+02  9.545412e+01 -3.940852e-14 
  679.000  8.764470e+02  9.384737e+01  1.988485e-14 
  680.000  8.699638e+02  9.282839e+01  0.000000e+00 
  681.000  8.711671e+02  9.262827e+01 -5.881206e-14 
  682.000  8.696445e+02  9.216273e+01 -4.537935e-14 
  683.000  8.758063e+02  9.250444e+01 -5.399610e-14 
  684.000  8.601205e+02  9.050790e+01 -2.086152e-14 
  685.000  8.704537e+02  9.134198e+01 -8.520340e-14 
  686.000  8.308486e+02  8.673941e+01  2.726015e-14 
  687.000  7.121846e+02  7.200053e+01  9.522159e-15 
  688.000  7.500262e+02  7.599638e+01  1.243900e-14 
  689.000  7.414626e+02  7.477209e+01  1.573918e-14 
  690.000  7.646674e+02  7.710035e+01  8.318692e-15 
  691.000  7.937447e+02  8.017478e+01  1.389743e-14 
  692.000  8.044516e+02  8.129694e+01 -1.969109e-15 
  693.000  8.039840e+02  8.078254e+01  1.979889e-14 
  694.000  8.035772e+02  8.025589e+01 -7.421715e-15 
  695.000  7.993601e+02  7.980262e+01 -2.245282e-15 
  696.000  8.144664e+02  8.120620e+01  1.153805e-14 
  697.000  8.391351e+02  8.423049e+01 -5.413592e-14 
  698.000  8.191030e+02  8.176906e+01  3.525803e-14 
  699.000  8.139149e+02  8.033500e+01 -4.081618e-16 
  700.000  8.079799e+02  7.959440e+01  1.774591e-14 
  701.000  7.855824e+02  7.703183e+01 -1.341757e-14 
  702.000  7.852073e+02  7.684615e+01 -2.622247e-14 
  703.000  8.132768e+02  7.989040e+01  3.487153e-14 
  704.000  8.165623e+02  7.999456e+01 -1.668353e-15 
  705.000  8.160090e+02  7.945561e+01  1.758007e-14 
  706.000  8.089133e+02  7.857117e+01 -2.567858e-14 
  707.000  7.993653e+02  7.749189e+01  2.270437e-14 
  708.000  8.254935e+02  7.987938e+01  4.540460e-15 
  709.000  8.016735e+02  7.754311e+01 -2.704652e-14 
  710.000  8.145862e+02  7.833826e+01  2.616033e-14 
  711.000  8.124174e+02  7.811463e+01 -4.153048e-15 
  712.000  8.062208e+02  7.748871e+01  3.854753e-14 
  713.000  7.990167e+02  7.640357e+01  3.810225e-14 
  714.000  8.113755e+02  7.729963e+01  1.302818e-15 
  715.000  7.767352e+02  7.354993e+01  9.526615e-15 
  716.000  7.902504e+02  7.438607e+01 -1.201409e-14 
  717.000  7.247600e+02  6.718943e+01  1.906501e-14 
  718.000  6.930630e+02  6.370576e+01  8.729472e-15 
  719.000  6.752206e+02  6.174748e+01 -1.447740e-14 
  720.000  6.650961e+02  6.044333e+01  8.071049e-15 
  721.000  7.302665e+02  6.708559e+01 -1.581918e-14 
  722.000  7.645618e+02  7.047857e+01  4.798010e-15 
  723.000  7.495039e+02  6.863145e+01 -4.119445e-15 
  724.000  7.156180e+02  6.482950e+01  5.201166e-15 
  725.000  7.135001e+02  6.451432e+01 -2.385456e-15 
  726.000  7.105286e+02  6.404700e+01  1.188765e-14 
  727.000  7.265966e+02  6.537888e+01 -7.240412e-15 
  728.000  7.083788e+02  6.349682e+01 -9.413490e-18 
  729.000  6.942745e+02  6.223149e+01  1.194194e-14 
  730.000  7.175024e+02  6.411172e+01  1.815384e-14 
  731.000  7.027635e+02  6.259386e+01 -6.941507e-15 
  732.000  7.405333e+02  6.611223e+01 -2.765468e-15 
  733.000  7.523218e+02  6.743896e+01  3.755084e-14 
  734.000  7.791593e+02  6.995355e+01 -7.159731e-16 
  735.000  7.691421e+02  6.875268e+01  2.488818e-14 
  736.000  7.478589e+02  6.648618e+01 -1.813716e-15 
  737.000  7.632661e+02  6.780391e+01  1.001938e-14 
  738.000  7.687418e+02  6.831005e+01  1.993417e-14 
  739.000  7.470623e+02  6.629570e+01 -1.547627e-14 
  740.000  7.611202e+02  6.759087e+01 -1.291254e-14 
  741.000  7.591131e+02  6.737384e+01 -3.280529e-14 
  742.000  7.482284e+02  6.626080e+01  3.844314e-14 
  743.000  7.740244e+02  6.852264e+01  2.472003e-14 
  744.000  7.831035e+02  6.921091e+01 -1.203711e-15 
  745.000  7.640827e+02  6.740047e+01 -5.832820e-15 
  746.000  7.758239e+02  6.829294e+01 -5.004909e-14 
  747.000  7.882844e+02  6.920889e+01  7.964175e-14 
  748.000  7.746695e+02  6.786384e+01  2.867351e-14 
  749.000  7.753935e+02  6.776080e+01  1.099643e-14 
  750.000  7.638873e+02  6.655727e+01  2.631084e-14 
  751.000  7.621915e+02  6.623398e+01  5.403340e-14 
  752.000  7.747400e+02  6.717831e+01  5.602725e-14 
  753.000  7.678347e+02  6.641227e+01  6.869394e-14 
  754.000  7.802089e+02  6.730998e+01 -2.246147e-14 
  755.000  7.759996e+02  6.677166e+01  3.448014e-14 
  756.000  7.610773e+02  6.531709e+01  1.612894e-14 
  757.000  7.668529e+02  6.563933e+01 -2.513244e-14 
  758.000  7.647614e+02  6.523727e+01 -4.832470e-14 
  759.000  6.806860e+02  5.672114e+01 -5.321011e-15 
  760.000  2.251081e+02  1.651700e+01  3.253527e-16 
  761.000  1.903257e+02  1.365569e+01 -7.241896e-17 
  762.000  4.181714e+02  3.239435e+01  1.921829e-15 
  763.000  3.500328e+02  2.657616e+01 -2.924179e-16 
  764.000  3.900847e+02  2.978706e+01  7.405977e-16 
  765.000  4.844949e+02  3.780772e+01  0.000000e+00 
  766.000  5.719661e+02  4.627600e+01  1.573953e-14 
  767.000  6.378259e+02  5.190275e+01 -5.421112e-15 
  768.000  7.022217e+02  5.744394e+01  2.063506e-14 
  769.000  7.253781e+02  5.966111e+01  1.359111e-14 
  770.000  7.341420e+02  6.051350e+01  3.720700e-14 
  771.000  7.409424e+02  6.109142e+01  5.702436e-14 
  772.000  7.396099e+02  6.087015e+01  5.941501e-15 
  773.000  7.373300e+02  6.054665e+01  1.208391e-13 
  774.000  7.459617e+02  6.112067e+01  1.530309e-14 
  775.000  7.184318e+02  5.872943e+01  4.633995e-14 
  776.000  7.484155e+02  6.103560e+01 -3.403959e-14 
  777.000  7.434408e+02  6.047799e+01 -6.387299e-14 
  778.000  7.396005e+02  6.001113e+01  4.057004e-15 
  779.000  7.421453e+02  6.006306e+01 -3.445296e-14 
  780.000  7.330960e+02  5.917869e+01  5.673280e-14 
  781.000  7.322608e+02  5.897644e+01 -2.483914e-14 
  782.000  7.412133e+02  5.954477e+01 -3.809575e-14 
  783.000  7.240226e+02  5.801582e+01  3.251500e-14 
  784.000  7.280199e+02  5.817757e+01  4.467359e-14 
  785.000  7.290609e+02  5.805922e+01 -1.604010e-14 
  786.000  7.149852e+02  5.670957e+01  1.039938e-14 
  787.000  7.220486e+02  5.696189e+01 -5.767191e-15 
  788.000  7.093823e+02  5.573954e+01  2.496713e-14 
  789.000  7.064527e+02  5.510235e+01 -1.136702e-14 
  790.000  6.987946e+02  5.434975e+01  3.228821e-14 
  791.000  6.966942e+02  5.409943e+01  2.622052e-14 
  792.000  6.870468e+02  5.326290e+01 -3.821303e-15 
  793.000  6.894039e+02  5.342019e+01  2.126049e-14 
  794.000  6.883160e+02  5.343311e+01 -3.800356e-15 
  795.000  6.811803e+02  5.261559e+01  1.141026e-14 
  796.000  6.828720e+02  5.227248e+01  4.266727e-15 
  797.000  6.901963e+02  5.279680e+01  1.232543e-15 
  798.000  6.970834e+02  5.342062e+01  1.221472e-14 
  799.000  6.952014e+02  5.309373e+01 -2.640827e-14 
  800.000  6.727145e+02  5.109725e+01  4.276526e-14 
  801.000  6.858877e+02  5.199068e+01  7.720555e-15 
  802.000  6.842217e+02  5.172504e+01 -3.292319e-16 
  803.000  6.752123e+02  5.094362e+01 -8.981795e-15 
  804.000  6.836205e+02  5.152745e+01  1.368680e-15 
  805.000  6.690873e+02  5.045650e+01  2.559122e-15 
  806.000  6.898043e+02  5.199016e+01  5.395137e-14 
  807.000  6.859174e+02  5.157846e+01 -4.443921e-14 
  808.000  6.804336e+02  5.099091e+01  2.186360e-14 
  809.000  6.673127e+02  4.982675e+01  5.071053e-16 
  810.000  6.625092e+02  4.928581e+01 -4.899181e-15 
  811.000  6.691880e+02  4.953870e+01 -1.587003e-14 
  812.000  6.614825e+02  4.870051e+01  3.568676e-17 
  813.000  6.519197e+02  4.772238e+01 -1.961806e-15 
  814.000  6.419160e+02  4.670287e+01 -9.085688e-15 
  815.000  6.235871e+02  4.508818e+01 -1.247640e-14 
  816.000  6.032175e+02  4.335275e+01  7.813429e-15 
  817.000  6.077907e+02  4.358404e+01 -1.758777e-15 
  818.000  6.053884e+02  4.332322e+01  3.779915e-15 
  819.000  5.940179e+02  4.246463e+01 -5.746028e-15 
  820.000  5.986678e+02  4.290166e+01 -4.637793e-15 
  821.000  6.375866e+02  4.593718e+01 -5.302341e-15 
  822.000  6.057041e+02  4.327565e+01  7.125213e-16 
  823.000  5.739988e+02  4.050652e+01 -1.796934e-15 
  824.000  6.170226e+02  4.379205e+01 -3.263509e-15 
  825.000  6.378434e+02  4.556243e+01 -1.229627e-14 
  826.000  6.382780e+02  4.541300e+01  6.133019e-15 
  827.000  6.335494e+02  4.491932e+01  1.250397e-14 
  828.000  6.180920e+02  4.349110e+01 -1.776765e-15 
  829.000  6.229952e+02  4.381297e+01  1.051839e-14 
  830.000  6.188484e+02  4.351900e+01  2.258218e-15 
  831.000  6.093658e+02  4.278065e+01 -6.266431e-15 
  832.000  6.225001e+02  4.361864e+01 -1.690030e-14 
  833.000  6.063415e+02  4.245307e+01  9.375335e-15 
  834.000  6.190685e+02  4.332695e+01  2.943130e-14 
  835.000  6.272357e+02  4.397840e+01  1.951878e-14 
  836.000  6.324369e+02  4.418455e+01  3.360852e-15 
  837.000  6.270636e+02  4.370632e+01  4.782520e-15 
  838.000  6.326818e+02  4.409072e+01  1.727156e-14 
  839.000  6.148982e+02  4.281310e+01  1.865693e-15 
  840.000  6.321412e+02  4.393764e+01  7.973685e-15 
  841.000  6.319162e+02  4.376114e+01  8.507172e-15 
  842.000  6.298101e+02  4.357541e+01 -1.959717e-14 
  843.000  6.296059e+02  4.360903e+01 -6.503801e-15 
  844.000  6.210215e+02  4.298859e+01 -8.689908e-15 
  845.000  6.312473e+02  4.362090e+01 -1.519652e-14 
  846.000  6.378132e+02  4.401751e+01 -2.006202e-14 
  847.000  6.167822e+02  4.251446e+01  1.768175e-14 
  848.000  6.335769e+02  4.350396e+01 -6.440411e-15 
  849.000  6.350122e+02  4.351589e+01  4.673979e-14 
  850.000  5.484888e+02  3.747333e+01  9.667719e-15 
  851.000  6.277566e+02  4.277356e+01  1.706656e-14 
  852.000  6.041124e+02  4.107619e+01  9.980142e-15 
  853.000  6.123640e+02  4.159409e+01 -1.046698e-14 
  854.000  4.923281e+02  3.336507e+01 -2.452138e-16 
  855.000  5.426090e+02  3.672247e+01 -2.013341e-15 
  856.000  6.169963e+02  4.173523e+01 -3.465881e-14 
  857.000  6.274498e+02  4.238103e+01 -3.549539e-14 
  858.000  6.177088e+02  4.164743e+01 -8.499451e-15 
  859.000  6.182009e+02  4.162337e+01  4.669651e-14 
  860.000  6.130123e+02  4.120179e+01 -1.321934e-14 
  861.000  6.130648e+02  4.111943e+01  8.408775e-15 
  862.000  6.112751e+02  4.092118e+01  3.770466e-14 
  863.000  6.230694e+02  4.162259e+01  9.027096e-14 
  864.000  6.220048e+02  4.146938e+01 -8.826017e-15 
  865.000  6.105773e+02  4.062598e+01 -7.459805e-15 
  866.000  5.122455e+02  3.401178e+01 -4.308117e-14 
  867.000  5.455496e+02  3.614499e+01 -2.680824e-16 
  868.000  5.917608e+02  3.912415e+01 -4.975717e-14 
  869.000  5.835679e+02  3.850232e+01 -8.271809e-15 
  870.000  6.077067e+02  4.000859e+01 -2.257871e-14 
  871.000  6.069573e+02  3.987643e+01 -1.305073e-14 
  872.000  6.046647e+02  3.964611e+01 -8.268810e-15 
  873.000  6.071127e+02  3.971844e+01 -8.005173e-15 
  874.000  5.938567e+02  3.876719e+01 -8.705162e-15 
  875.000  5.884690e+02  3.833422e+01 -3.708108e-14 
  876.000  5.933403e+02  3.856330e+01  4.932425e-15 
  877.000  6.052003e+02  3.924804e+01  4.110077e-14 
  878.000  5.946456e+02  3.846365e+01  1.745665e-14 
  879.000  5.961199e+02  3.847840e+01 -1.312355e-14 
  880.000  5.925040e+02  3.814729e+01  3.365066e-14 
  881.000  5.616900e+02  3.607985e+01  2.750938e-14 
  882.000  5.926641e+02  3.798097e+01  2.918596e-16 
  883.000  5.793389e+02  3.705915e+01 -1.616925e-14 
  884.000  5.843839e+02  3.730815e+01  4.004278e-15 
  885.000  5.900333e+02  3.755646e+01 -5.349157e-15 
  886.000  5.701182e+02  3.616772e+01 -1.205636e-14 
  887.000  5.648701e+02  3.579608e+01  4.158351e-15 
  888.000  5.818253e+02  3.679250e+01 -4.857115e-15 
  889.000  5.859710e+02  3.698988e+01  6.465433e-15 
  890.000  5.837612e+02  3.674738e+01 -1.662644e-14 
  891.000  5.796998e+02  3.636069e+01 -1.228097e-14 
  892.000  5.753004e+02  3.591779e+01 -1.328126e-14 
  893.000  5.450601e+02  3.370391e+01 -1.030960e-15 
  894.000  5.587294e+02  3.436717e+01  2.914626e-15 
  895.000  5.165854e+02  3.146967e+01 -8.752234e-15 
  896.000  5.203293e+02  3.147879e+01  6.460589e-16 
  897.000  4.912082e+02  2.953909e+01 -1.274746e-15 
  898.000  4.840547e+02  2.900209e+01  2.690554e-15 
  899.000  4.611136e+02  2.745541e+01  2.441363e-15 
  900.000  4.527959e+02  2.692045e+01  4.012514e-16 
  901.000  4.375697e+02  2.593272e+01  1.844870e-15 
  902.000  4.305576e+02  2.547917e+01  6.956727e-16 
  903.000  4.912538e+02  2.921757e+01  4.167733e-15 
  904.000  5.214974e+02  3.113271e+01  3.187850e-15 
  905.000  5.193144e+02  3.093737e+01  9.098354e-15 
  906.000  4.914108e+02  2.910847e+01 -5.974168e-15 
  907.000  4.743719e+02  2.791165e+01 -9.915652e-16 
  908.000  4.453731e+02  2.607078e+01  1.344370e-15 
  909.000  4.384926e+02  2.561850e+01 -1.042345e-15 
  910.000  4.461964e+02  2.602971e+01  1.123121e-15 
  911.000  4.556908e+02  2.658468e+01  2.636016e-15 
  912.000  4.515260e+02  2.626650e+01  1.658300e-16 
  913.000  4.392220e+02  2.536919e+01 -3.165011e-15 
  914.000  4.476900e+02  2.588381e+01  1.077283e-15 
  915.000  4.485471e+02  2.593341e+01  2.900203e-16 
  916.000  4.565015e+02  2.635716e+01 -2.710404e-15 
  917.000  4.541524e+02  2.619761e+01 -4.848967e-15 
  918.000  4.580068e+02  2.640122e+01  3.458147e-15 
  919.000  4.852311e+02  2.803098e+01 -1.206484e-15 
  920.000  4.965492e+02  2.875552e+01 -7.098436e-15 
  921.000  4.823175e+02  2.785078e+01  8.450934e-17 
  922.000  4.777536e+02  2.753270e+01  1.386673e-14 
  923.000  4.536456e+02  2.606146e+01 -2.659319e-15 
  924.000  4.625655e+02  2.645654e+01  3.537425e-15 
  925.000  4.678975e+02  2.669858e+01 -4.812066e-16 
  926.000  4.509352e+02  2.566268e+01 -5.525852e-15 
  927.000  4.555504e+02  2.579698e+01 -2.490249e-15 
  928.000  4.396281e+02  2.473588e+01  1.241780e-15 
  929.000  4.069283e+02  2.265858e+01 -2.474057e-16 
  930.000  3.725786e+02  2.034362e+01 -4.533686e-16 
  931.000  3.357130e+02  1.787058e+01 -6.382971e-16 
  932.000  2.855826e+02  1.480158e+01  1.075799e-17 
  933.000  2.521306e+02  1.287856e+01 -1.107580e-16 
  934.000  2.158276e+02  1.087304e+01 -5.120525e-17 
  935.000  2.090821e+02  1.049436e+01  5.578159e-17 
  936.000  2.206404e+02  1.110172e+01 -5.263892e-18 
  937.000  2.222292e+02  1.115444e+01  6.411234e-17 
  938.000  2.577808e+02  1.309451e+01  1.007601e-16 
  939.000  3.623214e+02  1.933030e+01 -3.633648e-17 
  940.000  3.760015e+02  2.019502e+01 -1.374941e-16 
  941.000  3.544750e+02  1.887554e+01  2.986464e-16 
  942.000  3.103990e+02  1.616945e+01  5.524602e-16 
  943.000  2.744337e+02  1.392018e+01  2.315069e-16 
  944.000  2.633512e+02  1.331156e+01 -1.074954e-16 
  945.000  2.842782e+02  1.443938e+01 -6.703953e-17 
  946.000  2.892287e+02  1.467487e+01 -1.306558e-16 
  947.000  3.042662e+02  1.553683e+01 -6.643748e-16 
  948.000  3.160473e+02  1.619627e+01  1.466466e-17 
  949.000  3.158088e+02  1.614796e+01  1.902291e-16 
  950.000  3.162993e+02  1.616791e+01  6.162276e-18 
  951.000  3.365933e+02  1.741059e+01 -2.815936e-16 
  952.000  3.129870e+02  1.593627e+01 -3.745779e-16 
  953.000  3.286972e+02  1.687464e+01 -1.748044e-16 
  954.000  3.432345e+02  1.779989e+01  1.077371e-15 
  955.000  3.073167e+02  1.576446e+01  3.238625e-16 
  956.000  3.247362e+02  1.660409e+01  3.594128e-16 
  957.000  3.693097e+02  1.938953e+01  3.489718e-16 
  958.000  3.781053e+02  1.987970e+01 -1.869573e-17 
  959.000  3.720597e+02  1.946306e+01 -4.294170e-16 
  960.000  3.664305e+02  1.911658e+01 -5.590330e-16 
  961.000  3.588427e+02  1.865037e+01  7.336978e-16 
  962.000  3.640658e+02  1.892843e+01  9.208854e-16 
  963.000  3.879853e+02  2.036149e+01  6.254786e-16 
  964.000  3.871134e+02  2.030606e+01  2.019688e-16 
  965.000  3.895330e+02  2.038701e+01  1.268155e-18 
  966.000  3.796263e+02  1.984673e+01 -1.091434e-16 
  967.000  4.086752e+02  2.142747e+01  9.385213e-16 
  968.000  4.336292e+02  2.283990e+01  2.707363e-15 
  969.000  4.497512e+02  2.374306e+01 -5.249170e-16 
  970.000  4.517473e+02  2.381347e+01 -5.381484e-15 
  971.000  4.474518e+02  2.354199e+01 -2.989425e-15 
  972.000  4.468224e+02  2.343585e+01  2.935830e-15 
  973.000  4.340006e+02  2.266535e+01 -3.159602e-15 
  974.000  4.169202e+02  2.168206e+01  7.860009e-16 
  975.000  4.122931e+02  2.137429e+01  3.563755e-15 
  976.000  4.256734e+02  2.206419e+01  7.748474e-15 
  977.000  4.283676e+02  2.223732e+01  1.150330e-15 
  978.000  4.378669e+02  2.268501e+01  1.757077e-15 
  979.000  4.286728e+02  2.219404e+01 -2.264694e-15 
  980.000  4.486068e+02  2.330259e+01 -2.002887e-15 
  981.000  4.548647e+02  2.361917e+01 -8.326214e-16 
  982.000  4.508043e+02  2.333585e+01 -2.171535e-15 
  983.000  4.567914e+02  2.368387e+01 -2.957346e-15 
  984.000  4.611107e+02  2.396421e+01  5.301633e-15 
  985.000  4.651022e+02  2.419328e+01  3.250907e-15 
  986.000  4.666835e+02  2.432543e+01 -6.186542e-15 
  987.000  4.743716e+02  2.472638e+01  3.368886e-15 
  988.000  4.690846e+02  2.441711e+01  2.416231e-14 
  989.000  4.634930e+02  2.408909e+01 -1.813423e-14 
  990.000  4.680305e+02  2.429210e+01 -9.177466e-16 
  991.000  4.737856e+02  2.457939e+01 -1.496100e-15 
  992.000  4.700051e+02  2.435212e+01  1.482200e-15 
  993.000  4.701995e+02  2.432257e+01 -6.845608e-15 
  994.000  4.743868e+02  2.453642e+01  7.677149e-15 
  995.000  4.721233e+02  2.440345e+01 -3.185016e-15 
  996.000  4.720498e+02  2.435526e+01 -4.890856e-15 
  997.000  4.718502e+02  2.428323e+01  4.438836e-15 
  998.000  4.692736e+02  2.408639e+01 -1.781398e-14 
  999.000  4.678048e+02  2.396005e+01  0.000000e+00 
 1000.000  4.643736e+02  2.374759e+01  1.458899e-15 
 1001.000  4.651955e+02  2.370407e+01  1.467457e-15 
 1002.000  4.618298e+02  2.343901e+01  6.120509e-15 
 1003.000  4.571366e+02  2.317260e+01  1.460606e-14 
 1004.000  4.548589e+02  2.304006e+01  6.189804e-15 
 1005.000  4.255635e+02  2.153378e+01  2.682723e-15 
 1006.000  4.481508e+02  2.264131e+01  1.630095e-15 
 1007.000  4.558223e+02  2.297489e+01  4.868856e-15 
 1008.000  4.556217e+02  2.288452e+01 -5.647331e-15 
 1009.000  4.499082e+02  2.249914e+01 -1.563216e-15 
 1010.000  4.529492e+02  2.263608e+01 -5.453409e-16 
 1011.000  4.535862e+02  2.268156e+01 -3.308806e-15 
 1012.000  4.549840e+02  2.273961e+01 -2.865636e-15 
 1013.000  4.526035e+02  2.260242e+01  1.642010e-15 
 1014.000  4.559337e+02  2.273753e+01  8.040553e-15 
 1015.000  4.476074e+02  2.228410e+01 -9.296473e-15 
 1016.000  4.508812e+02  2.241672e+01 -4.896013e-15 
 1017.000  4.466983e+02  2.217496e+01 -9.045246e-15 
 1018.000  4.520595e+02  2.238860e+01 -4.472835e-15 
 1019.000  4.407624e+02  2.176483e+01  4.801579e-15 
 1020.000  4.402024e+02  2.170722e+01  1.382954e-15 
 1021.000  4.453150e+02  2.193855e+01  3.224407e-15 
 1022.000  4.374717e+02  2.148339e+01 -1.344939e-14 
 1023.000  4.449245e+02  2.178514e+01  3.349252e-15 
 1024.000  4.421609e+02  2.160586e+01 -2.246658e-15 
 1025.000  4.437068e+02  2.167912e+01 -2.157611e-16 
 1026.000  4.450289e+02  2.172554e+01  3.007359e-15 
 1027.000  4.420315e+02  2.153202e+01 -2.296071e-14 
 1028.000  4.433610e+02  2.156534e+01  5.032651e-15 
 1029.000  4.373365e+02  2.125421e+01  1.264455e-14 
 1030.000  4.424036e+02  2.148047e+01 -7.550911e-15 
 1031.000  4.413375e+02  2.139980e+01  8.263082e-15 
 1032.000  4.400505e+02  2.130638e+01  1.816338e-14 
 1033.000  4.320338e+02  2.088283e+01 -7.150823e-15 
 1034.000  4.367143e+02  2.107468e+01  1.036839e-14 
 1035.000  4.321417e+02  2.081919e+01  1.896082e-14 
 1036.000  4.376968e+02  2.104806e+01  2.823797e-14 
 1037.000  4.284692e+02  2.056795e+01 -8.838529e-15 
 1038.000  4.327410e+02  2.073714e+01  1.764189e-14 
 1039.000  4.344451e+02  2.077867e+01  1.479928e-14 
 1040.000  4.292420e+02  2.049070e+01  2.070561e-16 
 1041.000  4.314517e+02  2.055714e+01  1.553861e-15 
 1042.000  4.326958e+02  2.057870e+01  3.325797e-15 
 1043.000  4.252077e+02  2.018610e+01 -7.247707e-15 
 1044.000  4.293600e+02  2.034485e+01  7.320477e-15 
 1045.000  4.273920e+02  2.021008e+01  1.612484e-14 
 1046.000  4.148564e+02  1.957875e+01  4.489488e-15 
 1047.000  4.223420e+02  1.989203e+01 -1.005838e-14 
 1048.000  4.263586e+02  2.004024e+01  1.016326e-14 
 1049.000  4.234221e+02  1.986232e+01  7.655818e-15 
 1050.000  4.207095e+02  1.969391e+01 -2.637207e-15 
 1051.000  4.205529e+02  1.964353e+01 -1.289472e-14 
 1052.000  4.184040e+02  1.950256e+01 -1.435600e-14 
 1053.000  4.184700e+02  1.946858e+01 -4.146379e-15 
 1054.000  4.139164e+02  1.921367e+01  1.402198e-15 
 1055.000  4.166963e+02  1.929948e+01  2.029334e-16 
 1056.000  4.153312e+02  1.919429e+01 -1.511432e-15 
 1057.000  4.141633e+02  1.909015e+01 -1.611682e-15 
 1058.000  4.091159e+02  1.879670e+01  2.794522e-15 
 1059.000  3.961776e+02  1.816999e+01 -1.256122e-15 
 1060.000  4.106192e+02  1.881012e+01  3.002792e-15 
 1061.000  3.960967e+02  1.811374e+01 -8.209809e-15 
 1062.000  4.066638e+02  1.855305e+01  4.174291e-15 
 1063.000  3.995338e+02  1.819458e+01  2.933772e-15 
 1064.000  4.043012e+02  1.837036e+01  4.562305e-15 
 1065.000  4.033212e+02  1.828253e+01 -2.874629e-15 
 1066.000  3.909789e+02  1.769831e+01 -5.668804e-15 
 1067.000  4.000723e+02  1.807565e+01 -1.377621e-15 
 1068.000  3.976424e+02  1.791017e+01 -4.320871e-15 
 1069.000  3.675567e+02  1.652734e+01  5.451878e-15 
 1070.000  3.897422e+02  1.750574e+01  1.450083e-15 
 1071.000  3.900231e+02  1.747898e+01 -2.425146e-15 
 1072.000  3.907671e+02  1.747300e+01 -5.894147e-15 
 1073.000  3.779578e+02  1.687521e+01  3.613166e-16 
 1074.000  3.915038e+02  1.745975e+01 -2.865831e-15 
 1075.000  3.804915e+02  1.696955e+01  3.487014e-15 
 1076.000  3.883551e+02  1.728263e+01 -1.575480e-15 
 1077.000  3.868269e+02  1.717284e+01  4.063869e-15 
 1078.000  3.871099e+02  1.714113e+01  6.505914e-15 
 1079.000  3.721084e+02  1.645254e+01  1.880959e-15 
 1080.000  3.805635e+02  1.675207e+01 -6.323926e-16 
 1081.000  3.665658e+02  1.611180e+01  2.135549e-15 
 1082.000  3.725064e+02  1.637217e+01  2.705167e-15 
 1083.000  3.611983e+02  1.582911e+01 -4.633053e-15 
 1084.000  3.734916e+02  1.631964e+01 -3.475885e-15 
 1085.000  3.648830e+02  1.586839e+01  2.894147e-15 
 1086.000  3.706330e+02  1.610842e+01 -1.568138e-15 
 1087.000  3.519457e+02  1.533454e+01  9.749489e-16 
 1088.000  3.735725e+02  1.625755e+01  1.397545e-15 
 1089.000  3.543852e+02  1.532976e+01  5.625791e-16 
 1090.000  3.611915e+02  1.559074e+01 -2.973650e-15 
 1091.000  3.645842e+02  1.572742e+01  2.315528e-16 
 1092.000  3.536761e+02  1.520621e+01  1.690795e-18 
 1093.000  3.436896e+02  1.470313e+01  1.595988e-15 
 1094.000  3.105443e+02  1.324979e+01 -4.158138e-15 
 1095.000  3.365748e+02  1.434274e+01 -1.058270e-15 
 1096.000  3.356016e+02  1.428229e+01  4.252304e-16 
 1097.000  3.300161e+02  1.401589e+01  2.253002e-15 
 1098.000  3.109841e+02  1.311952e+01  1.242254e-15 
 1099.000  2.980348e+02  1.250246e+01 -5.201906e-16 
 1100.000  3.040837e+02  1.274209e+01  1.998272e-15 
