  400.000  8.917170e+02  3.423766e+02 -1.393896e-14 
  401.000  8.873117e+02  3.373713e+02 -4.239875e-13 
  402.000  9.413807e+02  3.544702e+02 -1.316807e-13 
  403.000  8.826010e+02  3.291453e+02  1.747444e-13 
  404.000  9.493948e+02  3.506747e+02  2.197552e-14 
  405.000  8.714803e+02  3.188387e+02 -3.038020e-14 
  406.000  8.656972e+02  3.137360e+02 -1.200037e-13 
  407.000  8.438851e+02  3.029655e+02  3.076883e-13 
  408.000  9.150026e+02  3.254381e+02 -4.401931e-14 
  409.000  1.013630e+03  3.571779e+02 -1.011277e-13 
  410.000  8.481114e+02  2.961011e+02 -5.050393e-14 
  411.000  9.966848e+02  3.447858e+02  1.196147e-13 
  412.000  1.033477e+03  3.542563e+02  4.136001e-14 
  413.000  9.769513e+02  3.318512e+02  1.245018e-13 
  414.000  9.595237e+02  3.229893e+02  3.980635e-13 
  415.000  1.023996e+03  3.416125e+02  7.282240e-14 
  416.000  1.018365e+03  3.367122e+02 -3.591135e-13 
  417.000  9.879570e+02  3.237679e+02 -1.405863e-13 
  418.000  9.670135e+02  3.141163e+02  1.621979e-13 
  419.000  9.912840e+02  3.191813e+02  3.851828e-13 
  420.000  8.395043e+02  2.679574e+02 -1.573681e-14 
  421.000  1.052368e+03  3.329968e+02  1.709601e-13 
  422.000  1.008904e+03  3.165021e+02 -9.608179e-14 
  423.000  8.525068e+02  2.651569e+02  3.712013e-14 
  424.000  9.381728e+02  2.893256e+02  1.015576e-13 
  425.000  9.721333e+02  2.972628e+02 -4.906700e-14 
  426.000  9.349404e+02  2.834847e+02 -1.674646e-13 
  427.000  8.997342e+02  2.705278e+02 -8.709082e-14 
  428.000  9.114848e+02  2.717812e+02 -7.496740e-14 
  429.000  8.296232e+02  2.453259e+02  9.159474e-14 
  430.000  6.623233e+02  1.942416e+02  4.680991e-14 
  431.000  5.957504e+02  1.732879e+02  9.377200e-14 
  432.000  1.072825e+03  3.095160e+02  7.760686e-14 
  433.000  9.553776e+02  2.734002e+02 -3.454862e-14 
  434.000  9.084286e+02  2.578722e+02 -5.634742e-14 
  435.000  9.887598e+02  2.784282e+02  2.553193e-13 
  436.000  1.096838e+03  3.064015e+02 -1.296186e-13 
  437.000  1.107872e+03  3.070302e+02  2.909628e-14 
  438.000  9.928206e+02  2.729745e+02 -2.546622e-13 
  439.000  9.611091e+02  2.621826e+02 -3.049952e-14 
  440.000  1.077635e+03  2.916716e+02  1.649465e-13 
  441.000  1.074562e+03  2.885757e+02 -1.365900e-14 
  442.000  1.132172e+03  3.016887e+02 -1.867502e-13 
  443.000  1.140187e+03  3.014764e+02  6.234589e-14 
  444.000  1.133223e+03  2.973273e+02  1.212679e-13 
  445.000  1.192487e+03  3.104717e+02 -8.344982e-14 
  446.000  1.061904e+03  2.743499e+02 -1.703889e-14 
  447.000  1.211570e+03  3.106535e+02  2.780057e-13 
  448.000  1.232163e+03  3.136076e+02  4.752549e-13 
  449.000  1.240956e+03  3.135470e+02  2.133136e-13 
  450.000  1.268422e+03  3.181585e+02 -1.354596e-13 
  451.000  1.371253e+03  3.414501e+02  6.522359e-14 
  452.000  1.275164e+03  3.152144e+02 -3.491525e-13 
  453.000  1.184080e+03  2.905743e+02  6.773378e-14 
  454.000  1.262811e+03  3.076519e+02  1.056862e-14 
  455.000  1.272075e+03  3.076736e+02  5.243493e-14 
  456.000  1.303375e+03  3.129731e+02 -7.010262e-15 
  457.000  1.311150e+03  3.125886e+02 -2.069183e-13 
  458.000  1.288552e+03  3.050140e+02  4.542270e-13 
  459.000  1.288852e+03  3.029186e+02  7.022859e-14 
  460.000  1.278082e+03  2.982665e+02 -3.419162e-13 
  461.000  1.324880e+03  3.070155e+02 -2.041592e-13 
  462.000  1.303751e+03  3.000032e+02 -1.468658e-13 
  463.000  1.304515e+03  2.980851e+02  4.781638e-14 
  464.000  1.309058e+03  2.970607e+02  2.748187e-13 
  465.000  1.290176e+03  2.907632e+02 -1.208756e-13 
  466.000  1.331270e+03  2.979666e+02 -2.871714e-14 
  467.000  1.284488e+03  2.855258e+02  3.703919e-15 
  468.000  1.360050e+03  3.002404e+02  5.582440e-14 
  469.000  1.348362e+03  2.955951e+02  1.259066e-13 
  470.000  1.330008e+03  2.895339e+02 -1.442587e-13 
  471.000  1.327811e+03  2.870167e+02 -1.520165e-13 
  472.000  1.344240e+03  2.885061e+02  1.250018e-13 
  473.000  1.329830e+03  2.833687e+02 -1.891665e-14 
  474.000  1.340728e+03  2.836279e+02 -1.117872e-13 
  475.000  1.395100e+03  2.929058e+02 -1.849626e-13 
  476.000  1.352373e+03  2.817056e+02  6.341386e-14 
  477.000  1.340110e+03  2.770568e+02 -4.506165e-14 
  478.000  1.406384e+03  2.890056e+02 -5.582478e-14 
  479.000  1.342474e+03  2.744227e+02  1.618967e-13 
  480.000  1.368806e+03  2.783931e+02 -2.666904e-13 
  481.000  1.360361e+03  2.752112e+02  7.130395e-14 
  482.000  1.388709e+03  2.793916e+02 -3.934153e-13 
  483.000  1.390082e+03  2.780605e+02 -2.297642e-13 
  484.000  1.336583e+03  2.657696e+02  3.352620e-14 
  485.000  1.346421e+03  2.661041e+02  1.854503e-13 
  486.000  1.091648e+03  2.144367e+02  1.273296e-13 
  487.000  1.226926e+03  2.395383e+02  9.750147e-14 
  488.000  1.332156e+03  2.584934e+02 -8.476357e-14 
  489.000  1.238337e+03  2.388232e+02 -1.618852e-13 
  490.000  1.409767e+03  2.702333e+02  1.308595e-13 
  491.000  1.319294e+03  2.513542e+02  1.329633e-14 
  492.000  1.267929e+03  2.401024e+02 -1.010830e-13 
  493.000  1.365703e+03  2.570570e+02 -2.043038e-13 
  494.000  1.319478e+03  2.468606e+02 -5.790142e-14 
  495.000  1.410661e+03  2.623405e+02  7.595439e-14 
  496.000  1.374173e+03  2.540243e+02 -1.954028e-13 
  497.000  1.333310e+03  2.450040e+02 -1.056430e-13 
  498.000  1.302094e+03  2.378512e+02 -1.901101e-13 
  499.000  1.299237e+03  2.359270e+02  1.475951e-13 
  500.000  1.293800e+03  2.335582e+02 -6.342643e-14 
  501.000  1.265082e+03  2.270336e+02 -3.098243e-14 
  502.000  1.257075e+03  2.242803e+02  2.512725e-13 
  503.000  1.332310e+03  2.363234e+02 -1.532473e-13 
  504.000  1.239854e+03  2.186509e+02  1.509111e-13 
  505.000  1.337594e+03  2.345257e+02 -2.213297e-13 
  506.000  1.432002e+03  2.496519e+02  2.948295e-13 
  507.000  1.332411e+03  2.309767e+02 -9.431813e-14 
  508.000  1.277831e+03  2.202703e+02  1.783432e-13 
  509.000  1.377968e+03  2.362021e+02  5.452934e-14 
  510.000  1.335200e+03  2.275931e+02 -1.199059e-13 
  511.000  1.335631e+03  2.263985e+02 -3.891352e-14 
  512.000  1.401859e+03  2.363066e+02 -4.584146e-14 
  513.000  1.283052e+03  2.150861e+02 -8.549960e-14 
  514.000  1.256156e+03  2.094199e+02 -1.363893e-13 
  515.000  1.282433e+03  2.126307e+02 -1.207515e-13 
  516.000  1.347153e+03  2.221394e+02  1.939828e-13 
  517.000  9.924330e+02  1.627518e+02  5.614555e-14 
  518.000  1.228783e+03  2.004126e+02  1.329177e-13 
  519.000  1.164246e+03  1.888555e+02  1.123824e-13 
  520.000  1.281898e+03  2.068165e+02  5.112588e-15 
  521.000  1.282705e+03  2.058291e+02 -2.564290e-14 
  522.000  1.333713e+03  2.128567e+02 -5.091219e-14 
  523.000  1.242535e+03  1.972267e+02  4.578412e-14 
  524.000  1.348207e+03  2.128437e+02  3.707731e-14 
  525.000  1.337534e+03  2.100169e+02 -4.208482e-14 
  526.000  1.274775e+03  1.990956e+02 -5.703042e-14 
  527.000  1.113697e+03  1.730083e+02 -6.261766e-14 
  528.000  1.337707e+03  2.066997e+02  8.525971e-14 
  529.000  1.375844e+03  2.114646e+02 -7.909507e-15 
  530.000  1.300199e+03  1.987846e+02  7.418342e-14 
  531.000  1.415421e+03  2.152666e+02  1.658142e-13 
  532.000  1.350442e+03  2.043211e+02  1.515767e-13 
  533.000  1.186150e+03  1.785522e+02 -2.252199e-14 
  534.000  1.289867e+03  1.932044e+02 -4.893399e-14 
  535.000  1.316035e+03  1.961670e+02  1.409154e-13 
  536.000  1.396452e+03  2.071447e+02  1.862562e-13 
  537.000  1.295587e+03  1.912465e+02 -1.938587e-14 
  538.000  1.356243e+03  1.992195e+02 -1.126245e-13 
  539.000  1.351814e+03  1.975954e+02 -1.228098e-13 
  540.000  1.322986e+03  1.924333e+02 -6.848174e-14 
  541.000  1.213218e+03  1.756041e+02  8.026913e-14 
  542.000  1.353429e+03  1.949420e+02 -2.127787e-13 
  543.000  1.294699e+03  1.855744e+02 -1.358384e-14 
  544.000  1.365724e+03  1.948013e+02 -5.912236e-14 
  545.000  1.345561e+03  1.909930e+02 -9.232605e-14 
  546.000  1.315819e+03  1.858667e+02  1.534432e-13 
  547.000  1.371912e+03  1.928571e+02  5.150611e-14 
  548.000  1.273106e+03  1.781080e+02 -1.138419e-13 
  549.000  1.340049e+03  1.865771e+02 -2.313852e-13 
  550.000  1.311011e+03  1.816629e+02 -1.845499e-13 
  551.000  1.303402e+03  1.797446e+02  5.507710e-14 
  552.000  1.360222e+03  1.866876e+02  2.191975e-13 
  553.000  1.307544e+03  1.786045e+02 -3.927515e-14 
  554.000  1.350902e+03  1.836521e+02 -6.584912e-14 
  555.000  1.355351e+03  1.833863e+02 -9.140562e-14 
  556.000  1.318635e+03  1.775777e+02  1.124191e-13 
  557.000  1.280131e+03  1.715786e+02 -1.820592e-13 
  558.000  1.329406e+03  1.773440e+02 -5.320360e-14 
  559.000  1.257187e+03  1.669210e+02  4.904939e-15 
  560.000  1.263303e+03  1.669412e+02 -4.120196e-14 
  561.000  1.389058e+03  1.826903e+02 -4.408827e-14 
  562.000  1.275591e+03  1.669436e+02  3.440438e-14 
  563.000  1.335118e+03  1.739006e+02  5.864504e-14 
  564.000  1.316859e+03  1.706942e+02  6.644784e-14 
  565.000  1.332965e+03  1.719233e+02  9.106674e-14 
  566.000  1.229379e+03  1.577969e+02  6.688140e-14 
  567.000  1.319008e+03  1.683781e+02 -4.828182e-14 
  568.000  1.315243e+03  1.666681e+02  4.949171e-14 
  569.000  1.287043e+03  1.615120e+02  3.390228e-15 
  570.000  1.294259e+03  1.616539e+02  1.597374e-14 
  571.000  1.250100e+03  1.560311e+02 -6.247154e-14 
  572.000  1.319875e+03  1.633069e+02 -1.571181e-14 
  573.000  1.334396e+03  1.644896e+02  8.228406e-15 
  574.000  1.327471e+03  1.629159e+02  6.547298e-14 
  575.000  1.295210e+03  1.581724e+02  1.141400e-13 
  576.000  1.272071e+03  1.546259e+02  8.407142e-15 
  577.000  1.325961e+03  1.606402e+02  1.807305e-14 
  578.000  1.288502e+03  1.556659e+02  0.000000e+00 
  579.000  1.280161e+03  1.542076e+02  6.262622e-14 
  580.000  1.326300e+03  1.593118e+02 -9.244513e-15 
  581.000  1.304693e+03  1.563804e+02 -7.068949e-14 
  582.000  1.326139e+03  1.584874e+02 -3.093797e-14 
  583.000  1.336878e+03  1.592033e+02  2.478967e-14 
  584.000  1.333920e+03  1.582653e+02 -1.154096e-15 
  585.000  1.326268e+03  1.567464e+02 -2.336420e-14 
  586.000  1.270285e+03  1.495413e+02  3.162211e-14 
  587.000  1.320174e+03  1.544915e+02 -7.263478e-14 
  588.000  1.304691e+03  1.510929e+02 -8.562728e-15 
  589.000  1.153157e+03  1.319424e+02 -1.207758e-14 
  590.000  1.204469e+03  1.371976e+02 -3.592523e-14 
  591.000  1.283713e+03  1.463730e+02 -2.251952e-14 
  592.000  1.258213e+03  1.424865e+02 -1.151890e-14 
  593.000  1.275538e+03  1.447726e+02  2.925097e-15 
  594.000  1.287159e+03  1.452780e+02 -1.323069e-14 
  595.000  1.260776e+03  1.411118e+02  3.358313e-14 
  596.000  1.296193e+03  1.454118e+02 -6.551107e-14 
  597.000  1.300122e+03  1.450548e+02 -5.723145e-15 
  598.000  1.275571e+03  1.421604e+02 -9.918393e-15 
  599.000  1.277152e+03  1.419536e+02  1.020497e-13 
  600.000  1.279213e+03  1.419965e+02 -7.223408e-14 
  601.000  1.273535e+03  1.411483e+02  4.777898e-14 
  602.000  1.260512e+03  1.392684e+02 -1.513529e-13 
  603.000  1.268990e+03  1.397674e+02  6.041131e-14 
  604.000  1.309980e+03  1.438133e+02  3.223828e-14 
  605.000  1.307377e+03  1.430135e+02 -8.696169e-14 
  606.000  1.292841e+03  1.408863e+02 -9.309109e-15 
  607.000  1.286194e+03  1.396286e+02  7.014866e-14 
  608.000  1.282116e+03  1.386557e+02  3.032129e-14 
  609.000  1.269568e+03  1.367739e+02 -1.499786e-14 
  610.000  1.249823e+03  1.341332e+02 -1.543463e-13 
  611.000  1.270663e+03  1.358495e+02  1.498028e-14 
  612.000  1.254659e+03  1.336268e+02 -1.725819e-13 
  613.000  1.236849e+03  1.312264e+02  8.940416e-14 
  614.000  1.192678e+03  1.260557e+02  3.655848e-14 
  615.000  1.250307e+03  1.316427e+02 -1.332013e-13 
  616.000  1.189259e+03  1.247364e+02  6.475867e-15 
  617.000  1.196409e+03  1.250041e+02  1.053739e-14 
  618.000  1.253256e+03  1.304368e+02  1.468193e-14 
  619.000  1.242132e+03  1.287734e+02 -7.480477e-14 
  620.000  1.260823e+03  1.301976e+02  1.396383e-13 
  621.000  1.282804e+03  1.319416e+02 -6.325416e-14 
  622.000  1.215344e+03  1.245017e+02 -2.040745e-15 
  623.000  1.224976e+03  1.249753e+02  1.432254e-14 
  624.000  1.226441e+03  1.246168e+02 -1.034491e-13 
  625.000  1.193306e+03  1.207556e+02 -9.116547e-14 
  626.000  1.199390e+03  1.208357e+02  7.663730e-14 
  627.000  1.218419e+03  1.218754e+02  9.360010e-14 
  628.000  1.189879e+03  1.170291e+02 -5.859935e-15 
  629.000  1.228147e+03  1.211840e+02  2.569618e-14 
  630.000  1.188518e+03  1.170682e+02  2.120320e-14 
  631.000  1.234670e+03  1.214406e+02  5.928036e-14 
  632.000  1.151061e+03  1.127448e+02 -3.355376e-14 
  633.000  1.238110e+03  1.212632e+02  5.065240e-14 
  634.000  1.202564e+03  1.175561e+02 -5.491081e-15 
  635.000  1.225589e+03  1.194331e+02 -3.507658e-14 
  636.000  1.183440e+03  1.150279e+02 -5.433869e-14 
  637.000  1.223589e+03  1.185931e+02 -4.949030e-14 
  638.000  1.243897e+03  1.203456e+02 -5.063313e-14 
  639.000  1.234471e+03  1.190519e+02  1.155388e-13 
  640.000  1.196674e+03  1.151153e+02  1.174732e-14 
  641.000  1.214681e+03  1.164633e+02  3.457876e-15 
  642.000  1.200920e+03  1.148237e+02 -1.033780e-13 
  643.000  1.222292e+03  1.163562e+02 -2.894001e-14 
  644.000  1.208869e+03  1.146937e+02  4.780561e-14 
  645.000  1.219416e+03  1.151282e+02 -8.463531e-14 
  646.000  1.171182e+03  1.096289e+02 -7.130189e-14 
  647.000  1.186049e+03  1.102839e+02  5.802667e-15 
  648.000  1.182482e+03  1.092252e+02 -1.194414e-14 
  649.000  1.208077e+03  1.115226e+02  2.685862e-16 
  650.000  1.122784e+03  1.039416e+02  1.020790e-13 
  651.000  1.209894e+03  1.116252e+02 -2.295841e-14 
  652.000  1.184302e+03  1.082994e+02 -3.514132e-14 
  653.000  1.211723e+03  1.110779e+02 -1.430560e-14 
  654.000  1.196007e+03  1.092466e+02  1.655687e-14 
  655.000  1.163785e+03  1.056940e+02  1.008332e-14 
  656.000  9.887357e+02  8.956983e+01 -4.589818e-14 
  657.000  1.056154e+03  9.548138e+01 -2.056113e-14 
  658.000  1.177777e+03  1.063291e+02  8.818368e-14 
  659.000  1.181574e+03  1.064901e+02 -1.334596e-14 
  660.000  1.191511e+03  1.071051e+02 -2.493961e-14 
  661.000  1.197926e+03  1.075504e+02 -4.757241e-14 
  662.000  1.215864e+03  1.089006e+02 -2.092985e-14 
  663.000  1.202705e+03  1.073464e+02  3.610533e-14 
  664.000  1.184091e+03  1.053755e+02 -5.014655e-14 
  665.000  1.189742e+03  1.055611e+02 -1.277714e-13 
  666.000  1.204576e+03  1.065695e+02  4.227451e-14 
  667.000  1.181129e+03  1.041851e+02  1.833880e-14 
  668.000  1.188305e+03  1.045158e+02 -1.323532e-14 
  669.000  1.205817e+03  1.057315e+02 -5.367111e-14 
  670.000  1.191815e+03  1.041794e+02 -9.513544e-16 
  671.000  1.179619e+03  1.027966e+02  1.300937e-13 
  672.000  1.176197e+03  1.021800e+02  3.216842e-14 
  673.000  1.185042e+03  1.026287e+02 -2.112909e-14 
  674.000  1.187758e+03  1.025453e+02  6.581075e-14 
  675.000  1.170020e+03  1.007020e+02  7.959214e-14 
  676.000  1.192511e+03  1.023209e+02 -2.841945e-15 
  677.000  1.169190e+03  1.000108e+02  1.500552e-13 
  678.000  1.188929e+03  1.013870e+02 -2.532921e-14 
  679.000  1.172497e+03  9.967368e+01 -6.008594e-15 
  680.000  1.163761e+03  9.859696e+01  7.389128e-14 
  681.000  1.165302e+03  9.838677e+01  3.951591e-14 
  682.000  1.163102e+03  9.788853e+01 -9.168014e-14 
  683.000  1.171171e+03  9.824387e+01 -6.459649e-14 
  684.000  1.150180e+03  9.612641e+01 -9.112894e-16 
  685.000  1.163632e+03  9.699392e+01 -8.658456e-14 
  686.000  1.111400e+03  9.215527e+01 -6.900212e-14 
  687.000  9.781075e+02  7.813131e+01 -1.298551e-15 
  688.000  1.021049e+03  8.187595e+01  2.219887e-14 
  689.000  1.011753e+03  8.071008e+01  2.867199e-16 
  690.000  1.038717e+03  8.293495e+01  2.685530e-14 
  691.000  1.071933e+03  8.585219e+01 -5.066143e-15 
  692.000  1.082463e+03  8.680283e+01 -8.531032e-15 
  693.000  1.082420e+03  8.627104e+01 -1.886831e-14 
  694.000  1.083312e+03  8.578023e+01  9.312488e-15 
  695.000  1.075340e+03  8.516888e+01  2.871310e-14 
  696.000  1.094291e+03  8.659195e+01  2.453623e-14 
  697.000  1.122263e+03  8.952423e+01 -4.542274e-15 
  698.000  1.096341e+03  8.696225e+01  1.185510e-15 
  699.000  1.093675e+03  8.568201e+01 -3.468935e-15 
  700.000  1.084870e+03  8.485145e+01  2.400964e-14 
  701.000  1.055652e+03  8.217130e+01  2.902574e-15 
  702.000  1.054339e+03  8.193314e+01  2.983980e-16 
  703.000  1.088256e+03  8.497212e+01 -1.366314e-14 
  704.000  1.092384e+03  8.507207e+01 -2.830752e-14 
  705.000  1.093041e+03  8.458165e+01 -4.697507e-14 
  706.000  1.083145e+03  8.362317e+01  6.483589e-15 
  707.000  1.069736e+03  8.244450e+01 -1.978213e-14 
  708.000  1.104015e+03  8.495114e+01 -2.367934e-14 
  709.000  1.070906e+03  8.240126e+01  2.392062e-14 
  710.000  1.089312e+03  8.331554e+01  1.116288e-14 
  711.000  1.085044e+03  8.300638e+01 -2.671753e-14 
  712.000  1.075610e+03  8.228149e+01  1.896800e-14 
  713.000  1.066762e+03  8.117673e+01 -1.063091e-15 
  714.000  1.083474e+03  8.214611e+01  3.223045e-14 
  715.000  1.038507e+03  7.823817e+01 -6.065953e-14 
  716.000  1.057993e+03  7.921256e+01 -7.249307e-15 
  717.000  9.790750e+02  7.201348e+01 -2.841563e-15 
  718.000  9.417117e+02  6.858907e+01 -1.446802e-15 
  719.000  9.194101e+02  6.660631e+01  2.125255e-16 
  720.000  9.085090e+02  6.539828e+01  7.767733e-15 
  721.000  9.836015e+02  7.177229e+01  2.235159e-14 
  722.000  1.024893e+03  7.515189e+01 -3.462684e-14 
  723.000  1.007258e+03  7.331727e+01 -2.711431e-15 
  724.000  9.690838e+02  6.964023e+01 -6.256130e-15 
  725.000  9.650388e+02  6.924381e+01 -1.860025e-15 
  726.000  9.612955e+02  6.876076e+01 -3.854500e-15 
  727.000  9.818674e+02  7.013300e+01  7.708550e-18 
  728.000  9.583270e+02  6.817449e+01 -5.358798e-15 
  729.000  9.363723e+02  6.666983e+01 -1.224496e-15 
  730.000  9.681016e+02  6.870691e+01 -1.056600e-14 
  731.000  9.487086e+02  6.710767e+01 -7.336673e-15 
  732.000  9.946971e+02  7.063132e+01  7.690517e-15 
  733.000  1.005812e+03  7.181104e+01 -9.894797e-16 
  734.000  1.039351e+03  7.436885e+01 -2.220189e-14 
  735.000  1.026686e+03  7.313216e+01 -1.777343e-14 
  736.000  9.996289e+02  7.079501e+01 -3.101495e-15 
  737.000  1.019061e+03  7.214243e+01 -3.858286e-14 
  738.000  1.024806e+03  7.260359e+01 -2.255870e-14 
  739.000  9.952169e+02  7.043057e+01 -2.281588e-14 
  740.000  1.012481e+03  7.173339e+01 -1.502849e-15 
  741.000  1.008949e+03  7.146156e+01 -1.193321e-14 
  742.000  9.942115e+02  7.027485e+01  1.076297e-14 
  743.000  1.027664e+03  7.263481e+01  2.254763e-14 
  744.000  1.039321e+03  7.334859e+01 -1.716677e-14 
  745.000  1.013765e+03  7.141830e+01  3.265257e-14 
  746.000  1.029075e+03  7.235436e+01 -5.913101e-15 
  747.000  1.045478e+03  7.332198e+01  3.881527e-14 
  748.000  1.027176e+03  7.188886e+01 -3.730086e-14 
  749.000  1.027936e+03  7.177100e+01  1.688940e-14 
  750.000  1.012730e+03  7.050558e+01 -1.199687e-13 
  751.000  1.010382e+03  7.016162e+01 -3.821132e-14 
  752.000  1.026695e+03  7.114429e+01 -6.817776e-14 
  753.000  1.017389e+03  7.032748e+01 -2.250798e-14 
  754.000  1.033652e+03  7.127427e+01  5.595566e-14 
  755.000  1.027975e+03  7.070271e+01 -8.695957e-14 
  756.000  1.008107e+03  6.916080e+01 -1.152463e-14 
  757.000  1.015681e+03  6.950209e+01  4.990400e-14 
  758.000  1.013286e+03  6.910378e+01  1.662637e-14 
  759.000  9.138229e+02  6.072999e+01  1.629642e-14 
  760.000  3.504298e+02  2.013009e+01 -1.350510e-15 
  761.000  3.029662e+02  1.701684e+01  3.387998e-16 
  762.000  5.973922e+02  3.667553e+01  1.310474e-15 
  763.000  5.140239e+02  3.067328e+01 -2.637055e-15 
  764.000  5.647523e+02  3.402416e+01 -4.886710e-22 
  765.000  6.815299e+02  4.239123e+01  5.229301e-15 
  766.000  7.808864e+02  5.027932e+01 -1.311615e-15 
  767.000  8.591129e+02  5.574185e+01 -2.748627e-15 
  768.000  9.379852e+02  6.128535e+01  2.108761e-14 
  769.000  9.637680e+02  6.337616e+01 -4.146204e-14 
  770.000  9.725880e+02  6.412550e+01  1.471219e-14 
  771.000  9.803885e+02  6.467933e+01 -3.355640e-14 
  772.000  9.782627e+02  6.442954e+01 -1.102238e-13 
  773.000  9.750729e+02  6.408228e+01 -1.008894e-13 
  774.000  9.862681e+02  6.468328e+01  5.301146e-14 
  775.000  9.496719e+02  6.214368e+01  4.667506e-15 
  776.000  9.891538e+02  6.457820e+01 -2.169082e-14 
  777.000  9.825095e+02  6.398819e+01  4.715829e-14 
  778.000  9.774022e+02  6.349673e+01 -1.876312e-13 
  779.000  9.807393e+02  6.355457e+01  7.893600e-14 
  780.000  9.687570e+02  6.262175e+01  9.296926e-14 
  781.000  9.675043e+02  6.240208e+01 -1.497693e-14 
  782.000  9.793127e+02  6.300662e+01 -8.025326e-14 
  783.000  9.565765e+02  6.139164e+01 -4.659440e-14 
  784.000  9.619158e+02  6.157119e+01 -7.664668e-14 
  785.000  9.635222e+02  6.145869e+01 -6.122965e-14 
  786.000  9.452934e+02  6.004948e+01 -4.231827e-14 
  787.000  9.554284e+02  6.035339e+01  2.841499e-14 
  788.000  9.391212e+02  5.908284e+01  1.211138e-14 
  789.000  9.369680e+02  5.849114e+01 -6.275064e-15 
  790.000  9.269237e+02  5.770071e+01  2.424309e-15 
  791.000  9.237663e+02  5.742082e+01 -7.373158e-15 
  792.000  9.106312e+02  5.651990e+01 -7.317526e-16 
  793.000  9.130116e+02  5.665511e+01  1.620306e-14 
  794.000  9.101794e+02  5.661048e+01  9.339495e-15 
  795.000  9.014732e+02  5.577756e+01  7.363400e-15 
  796.000  9.060731e+02  5.552498e+01 -1.092612e-14 
  797.000  9.150538e+02  5.605119e+01  1.500854e-14 
  798.000  9.225995e+02  5.664344e+01 -1.481032e-14 
  799.000  9.204180e+02  5.631385e+01  3.132689e-15 
  800.000  8.916947e+02  5.424694e+01  3.219314e-14 
  801.000  9.089849e+02  5.519051e+01  2.631168e-15 
  802.000  9.068505e+02  5.491463e+01 -7.610914e-15 
  803.000  8.947105e+02  5.407872e+01  4.385285e-15 
  804.000  9.052916e+02  5.467567e+01  1.994506e-14 
  805.000  8.850398e+02  5.349614e+01 -5.025727e-16 
  806.000  9.118115e+02  5.509613e+01  4.501585e-14 
  807.000  9.066094e+02  5.465960e+01  2.324498e-15 
  808.000  8.996555e+02  5.405299e+01  8.542078e-15 
  809.000  8.826733e+02  5.283820e+01  6.464307e-15 
  810.000  8.767262e+02  5.228577e+01  9.041225e-16 
  811.000  8.864473e+02  5.259661e+01  6.668033e-16 
  812.000  8.774434e+02  5.176332e+01 -4.306169e-14 
  813.000  8.662365e+02  5.079144e+01  2.694844e-14 
  814.000  8.549056e+02  4.979329e+01  5.670325e-15 
  815.000  8.329321e+02  4.817656e+01 -4.869116e-15 
  816.000  8.087872e+02  4.644852e+01 -3.531957e-15 
  817.000  8.147341e+02  4.669226e+01 -2.666308e-15 
  818.000  8.112300e+02  4.640382e+01  1.323768e-14 
  819.000  7.949380e+02  4.544312e+01 -7.556641e-15 
  820.000  7.977947e+02  4.577618e+01 -3.464855e-15 
  821.000  8.457226e+02  4.885149e+01  6.233677e-16 
  822.000  8.062088e+02  4.614001e+01 -7.277320e-15 
  823.000  7.717727e+02  4.350024e+01  6.719092e-15 
  824.000  8.224792e+02  4.674353e+01  3.539294e-15 
  825.000  8.457027e+02  4.844596e+01  1.644347e-14 
  826.000  8.469737e+02  4.831768e+01 -1.102407e-14 
  827.000  8.412250e+02  4.781680e+01  7.005207e-15 
  828.000  8.235533e+02  4.641537e+01 -1.929926e-14 
  829.000  8.290032e+02  4.671738e+01 -5.431383e-15 
  830.000  8.222877e+02  4.635678e+01  8.721526e-15 
  831.000  8.093824e+02  4.555938e+01 -2.371562e-15 
  832.000  8.266562e+02  4.644588e+01  2.495392e-15 
  833.000  8.045109e+02  4.517790e+01  1.537623e-14 
  834.000  8.205807e+02  4.607526e+01 -1.236181e-14 
  835.000  8.298224e+02  4.670238e+01 -3.613248e-15 
  836.000  8.371633e+02  4.694269e+01 -7.520633e-15 
  837.000  8.300636e+02  4.643689e+01 -8.085680e-15 
  838.000  8.367153e+02  4.681401e+01 -1.240644e-14 
  839.000  8.127218e+02  4.543913e+01  1.572287e-14 
  840.000  8.353163e+02  4.662636e+01  5.428609e-15 
  841.000  8.354774e+02  4.646047e+01  9.888000e-15 
  842.000  8.322219e+02  4.624533e+01 -5.271490e-16 
  843.000  8.308849e+02  4.623767e+01  1.083714e-14 
  844.000  8.190637e+02  4.556078e+01 -1.594212e-14 
  845.000  8.324095e+02  4.622963e+01 -1.253064e-14 
  846.000  8.407859e+02  4.663969e+01  3.633621e-14 
  847.000  8.127985e+02  4.503844e+01  1.798813e-14 
  848.000  8.353239e+02  4.610497e+01  1.319665e-14 
  849.000  8.371300e+02  4.611596e+01  4.406215e-15 
  850.000  7.232382e+02  3.972156e+01 -2.287407e-14 
  851.000  8.278567e+02  4.534292e+01 -5.954459e-15 
  852.000  7.966248e+02  4.354334e+01  4.054773e-15 
  853.000  8.071876e+02  4.408347e+01 -2.579171e-14 
  854.000  6.489584e+02  3.536328e+01  6.830776e-15 
  855.000  7.150210e+02  3.891418e+01  1.905446e-14 
  856.000  8.126345e+02  4.421223e+01 -2.250206e-14 
  857.000  8.261641e+02  4.488753e+01 -1.240820e-15 
  858.000  8.132407e+02  4.410915e+01 -4.554842e-15 
  859.000  8.136712e+02  4.407740e+01 -5.549157e-14 
  860.000  8.066895e+02  4.362576e+01  4.776645e-14 
  861.000  8.067095e+02  4.353813e+01 -5.556262e-14 
  862.000  8.042385e+02  4.332388e+01  1.735920e-14 
  863.000  8.197209e+02  4.406687e+01  3.141862e-14 
  864.000  8.182324e+02  4.390198e+01 -1.430954e-14 
  865.000  8.031254e+02  4.300716e+01 -3.551987e-14 
  866.000  6.737543e+02  3.600552e+01  7.012373e-15 
  867.000  7.175486e+02  3.826524e+01  5.334701e-14 
  868.000  7.783004e+02  4.141972e+01  7.405427e-14 
  869.000  7.674874e+02  4.076147e+01 -2.510208e-14 
  870.000  7.992261e+02  4.235793e+01 -1.842117e-14 
  871.000  7.982025e+02  4.221809e+01  2.610147e-14 
  872.000  7.951254e+02  4.197295e+01  4.961286e-14 
  873.000  7.983652e+02  4.205291e+01 -5.961462e-16 
  874.000  7.809350e+02  4.104799e+01 -1.507778e-14 
  875.000  7.738351e+02  4.059084e+01 -5.375416e-14 
  876.000  7.802914e+02  4.083838e+01  2.318434e-14 
  877.000  7.959044e+02  4.156657e+01 -2.159067e-14 
  878.000  7.821175e+02  4.074030e+01 -5.846869e-16 
  879.000  7.840040e+02  4.075419e+01  1.195141e-14 
  880.000  7.793633e+02  4.041043e+01  3.683662e-14 
  881.000  7.388381e+02  3.822114e+01  5.529667e-16 
  882.000  7.796257e+02  4.023866e+01 -5.232518e-15 
  883.000  7.620088e+02  3.925993e+01 -3.062786e-14 
  884.000  7.685955e+02  3.952327e+01 -4.833882e-14 
  885.000  7.762148e+02  3.979480e+01  4.050832e-15 
  886.000  7.502764e+02  3.833441e+01  2.803758e-14 
  887.000  7.431419e+02  3.793380e+01 -3.879794e-15 
  888.000  7.654417e+02  3.899104e+01 -1.940786e-14 
  889.000  7.707966e+02  3.919793e+01  8.620577e-15 
  890.000  7.680273e+02  3.894725e+01 -8.313220e-15 
  891.000  7.630131e+02  3.855126e+01 -2.827288e-14 
  892.000  7.578757e+02  3.810695e+01  1.323201e-14 
  893.000  7.201984e+02  3.584188e+01  2.488948e-14 
  894.000  7.393903e+02  3.659178e+01  2.253388e-15 
  895.000  6.868597e+02  3.362448e+01 -4.160119e-15 
  896.000  6.949009e+02  3.374181e+01  9.536979e-15 
  897.000  6.591879e+02  3.177372e+01  5.598690e-15 
  898.000  6.510870e+02  3.125078e+01  1.457633e-15 
  899.000  6.243127e+02  2.974289e+01 -5.958538e-15 
  900.000  6.124689e+02  2.914064e+01  1.334261e-13 
  901.000  5.928773e+02  2.811520e+01 -2.719945e-15 
  902.000  5.831311e+02  2.761349e+01 -8.758175e-16 
  903.000  6.580928e+02  3.139743e+01 -1.709825e-15 
  904.000  6.941878e+02  3.330943e+01 -2.231560e-15 
  905.000  6.913878e+02  3.310398e+01 -1.075205e-15 
  906.000  6.567817e+02  3.123178e+01 -3.296498e-15 
  907.000  6.385518e+02  3.010124e+01 -3.366249e-16 
  908.000  6.024590e+02  2.823027e+01  1.417379e-14 
  909.000  5.930281e+02  2.773690e+01 -2.592939e-15 
  910.000  6.029857e+02  2.816468e+01 -2.235160e-14 
  911.000  6.138038e+02  2.869009e+01 -4.687899e-15 
  912.000  6.091238e+02  2.838183e+01 -4.425743e-15 
  913.000  5.966446e+02  2.758931e+01 -5.490792e-16 
  914.000  6.060110e+02  2.805265e+01  1.854005e-15 
  915.000  6.055035e+02  2.803962e+01  4.766346e-15 
  916.000  6.157597e+02  2.848008e+01  9.963199e-16 
  917.000  6.116686e+02  2.827410e+01 -4.864393e-15 
  918.000  6.156854e+02  2.845286e+01 -2.335728e-15 
  919.000  6.482750e+02  3.007814e+01 -4.681982e-15 
  920.000  6.603901e+02  3.075828e+01  1.023004e-15 
  921.000  6.420479e+02  2.980973e+01  3.430158e-15 
  922.000  6.360003e+02  2.947084e+01 -3.050956e-15 
  923.000  6.046393e+02  2.792041e+01  4.215001e-15 
  924.000  6.183837e+02  2.840372e+01  2.302147e-14 
  925.000  6.256945e+02  2.867189e+01 -8.522966e-16 
  926.000  6.031478e+02  2.756875e+01 -2.535102e-15 
  927.000  6.116206e+02  2.779149e+01 -2.298653e-15 
  928.000  5.937872e+02  2.677696e+01 -4.347730e-15 
  929.000  5.546223e+02  2.474688e+01  3.439310e-16 
  930.000  5.140725e+02  2.255441e+01 -5.034093e-15 
  931.000  4.701230e+02  2.011106e+01 -1.356640e-14 
  932.000  4.089958e+02  1.689508e+01 -8.431667e-16 
  933.000  3.677036e+02  1.485344e+01  1.082670e-17 
  934.000  3.212982e+02  1.271078e+01 -1.078003e-16 
  935.000  3.120641e+02  1.229260e+01  6.547112e-16 
  936.000  3.266181e+02  1.293142e+01 -2.537294e-24 
  937.000  3.295379e+02  1.300653e+01  5.384347e-18 
  938.000  3.736711e+02  1.505005e+01 -8.179583e-23 
  939.000  5.015261e+02  2.149703e+01 -1.694861e-15 
  940.000  5.173422e+02  2.229314e+01  3.130472e-15 
  941.000  4.900825e+02  2.096665e+01  8.205774e-17 
  942.000  4.346980e+02  1.821322e+01  3.378902e-15 
  943.000  3.937206e+02  1.590148e+01 -4.419678e-16 
  944.000  3.785677e+02  1.522452e+01 -8.112357e-16 
  945.000  4.049634e+02  1.644123e+01  1.262099e-15 
  946.000  4.117287e+02  1.670113e+01  2.090180e-17 
  947.000  4.296437e+02  1.760114e+01  2.497106e-15 
  948.000  4.442588e+02  1.829546e+01  1.793033e-15 
  949.000  4.440785e+02  1.824336e+01 -4.181624e-17 
  950.000  4.442285e+02  1.825081e+01 -1.703683e-15 
  951.000  4.682712e+02  1.949775e+01 -1.180557e-16 
  952.000  4.396867e+02  1.798910e+01 -1.543977e-15 
  953.000  4.583980e+02  1.894305e+01 -5.154463e-14 
  954.000  4.750922e+02  1.982904e+01 -3.497667e-15 
  955.000  4.277598e+02  1.766659e+01 -7.511265e-20 
  956.000  4.524290e+02  1.862208e+01  0.000000e+00 
  957.000  5.053950e+02  2.130550e+01  1.234859e-15 
  958.000  5.162015e+02  2.178361e+01  8.549427e-16 
  959.000  5.092543e+02  2.139840e+01 -1.412421e-15 
  960.000  5.018776e+02  2.103803e+01 -1.701838e-15 
  961.000  4.921154e+02  2.056168e+01  3.984859e-15 
  962.000  4.985746e+02  2.083246e+01  4.848849e-15 
  963.000  5.265231e+02  2.216928e+01 -9.972140e-16 
  964.000  5.246303e+02  2.207923e+01 -4.291575e-15 
  965.000  5.282855e+02  2.218416e+01 -1.485386e-15 
  966.000  5.145460e+02  2.158396e+01 -8.186283e-16 
  967.000  5.505099e+02  2.317181e+01  2.125796e-14 
  968.000  5.784628e+02  2.452238e+01 -4.251038e-16 
  969.000  5.974299e+02  2.541625e+01  3.163108e-15 
  970.000  5.999149e+02  2.548660e+01 -9.685685e-15 
  971.000  5.942498e+02  2.519775e+01 -1.692182e-15 
  972.000  5.941010e+02  2.510551e+01  9.947460e-16 
  973.000  5.786254e+02  2.432699e+01 -1.339140e-15 
  974.000  5.577297e+02  2.332694e+01  2.340592e-15 
  975.000  5.527513e+02  2.303264e+01  1.957458e-15 
  976.000  5.691324e+02  2.373032e+01 -6.079694e-15 
  977.000  5.702180e+02  2.384406e+01  2.268310e-17 
  978.000  5.830347e+02  2.432902e+01 -6.314213e-16 
  979.000  5.701204e+02  2.378284e+01 -1.114562e-14 
  980.000  5.940374e+02  2.489391e+01 -2.141612e-15 
  981.000  6.017306e+02  2.521419e+01 -5.144206e-15 
  982.000  5.968887e+02  2.492787e+01 -1.181608e-14 
  983.000  6.034795e+02  2.525885e+01  3.195995e-15 
  984.000  6.078248e+02  2.551537e+01 -1.210033e-14 
  985.000  6.123083e+02  2.573482e+01 -1.364554e-14 
  986.000  6.134003e+02  2.584391e+01  8.763386e-15 
  987.000  6.230612e+02  2.625599e+01  2.286518e-15 
  988.000  6.160026e+02  2.592443e+01 -4.967877e-15 
  989.000  6.085823e+02  2.557425e+01  1.344971e-14 
  990.000  6.144237e+02  2.578667e+01  6.053401e-15 
  991.000  6.216743e+02  2.608361e+01  2.314474e-16 
  992.000  6.165925e+02  2.583919e+01 -1.425699e-14 
  993.000  6.168257e+02  2.580838e+01  1.323265e-14 
  994.000  6.219785e+02  2.602532e+01 -1.696712e-14 
  995.000  6.187741e+02  2.587760e+01 -3.413690e-15 
  996.000  6.186681e+02  2.582693e+01 -9.553085e-15 
  997.000  6.185265e+02  2.575476e+01 -1.912873e-14 
  998.000  6.152899e+02  2.555088e+01  2.948625e-15 
  999.000  6.134175e+02  2.541933e+01 -3.168868e-15 
 1000.000  6.088539e+02  2.519257e+01  2.200443e-14 
 1001.000  6.102545e+02  2.515705e+01 -1.118026e-14 
 1002.000  6.062946e+02  2.488970e+01 -5.969136e-15 
 1003.000  5.999952e+02  2.460316e+01  2.876185e-15 
 1004.000  5.967657e+02  2.445668e+01 -2.102961e-15 
 1005.000  5.581816e+02  2.285367e+01  2.890232e-15 
 1006.000  5.877578e+02  2.402832e+01  7.495299e-15 
 1007.000  5.979162e+02  2.438612e+01  4.980057e-15 
 1008.000  5.980037e+02  2.430075e+01  1.201269e-14 
 1009.000  5.910685e+02  2.390974e+01 -3.942676e-15 
 1010.000  5.947971e+02  2.404769e+01  5.969746e-15 
 1011.000  5.950947e+02  2.408112e+01  1.432755e-15 
 1012.000  5.966714e+02  2.413535e+01  2.536332e-14 
 1013.000  5.933764e+02  2.398547e+01 -1.882417e-14 
 1014.000  5.976505e+02  2.412663e+01  3.304773e-15 
 1015.000  5.867153e+02  2.364558e+01  5.618221e-15 
 1016.000  5.909390e+02  2.378541e+01 -1.849082e-14 
 1017.000  5.853959e+02  2.352762e+01 -5.813692e-15 
 1018.000  5.925031e+02  2.375715e+01 -2.396985e-15 
 1019.000  5.779153e+02  2.310287e+01 -9.174298e-15 
 1020.000  5.770974e+02  2.303982e+01 -1.787911e-14 
 1021.000  5.836302e+02  2.328073e+01 -2.792418e-15 
 1022.000  5.736202e+02  2.280696e+01 -1.588992e-15 
 1023.000  5.835847e+02  2.313354e+01 -9.505041e-15 
 1024.000  5.800126e+02  2.294452e+01 -2.522147e-15 
 1025.000  5.817360e+02  2.301519e+01  9.447018e-15 
 1026.000  5.832833e+02  2.305947e+01  6.230636e-15 
 1027.000  5.794323e+02  2.285725e+01  6.409074e-15 
 1028.000  5.811132e+02  2.289153e+01 -1.241641e-14 
 1029.000  5.730577e+02  2.255750e+01 -5.898765e-15 
 1030.000  5.795462e+02  2.279409e+01  2.763825e-15 
 1031.000  5.780800e+02  2.270749e+01  1.505011e-14 
 1032.000  5.763432e+02  2.260794e+01 -6.337481e-15 
 1033.000  5.658246e+02  2.215862e+01 -2.083542e-16 
 1034.000  5.719515e+02  2.236387e+01 -9.218026e-15 
 1035.000  5.659372e+02  2.209235e+01 -2.299993e-14 
 1036.000  5.732461e+02  2.233731e+01 -2.939099e-15 
 1037.000  5.611686e+02  2.182877e+01 -3.083897e-15 
 1038.000  5.667435e+02  2.200821e+01  2.905547e-15 
 1039.000  5.690175e+02  2.205474e+01  2.708455e-15 
 1040.000  5.622424e+02  2.175140e+01  3.298031e-15 
 1041.000  5.651707e+02  2.182402e+01  1.698090e-14 
 1042.000  5.668132e+02  2.184812e+01 -3.116998e-15 
 1043.000  5.570117e+02  2.143227e+01  4.083340e-14 
 1044.000  5.624853e+02  2.160290e+01 -2.072585e-16 
 1045.000  5.599932e+02  2.146397e+01  1.191484e-14 
 1046.000  5.436274e+02  2.079652e+01 -5.384507e-15 
 1047.000  5.535129e+02  2.113303e+01 -5.689291e-15 
 1048.000  5.588903e+02  2.129570e+01 -2.874307e-15 
 1049.000  5.551414e+02  2.111089e+01  1.469622e-14 
 1050.000  5.516808e+02  2.093631e+01  2.039887e-16 
 1051.000  5.515675e+02  2.088664e+01 -6.093841e-15 
 1052.000  5.488434e+02  2.074107e+01 -1.152544e-14 
 1053.000  5.489949e+02  2.070854e+01 -2.832030e-15 
 1054.000  5.431497e+02  2.044297e+01 -6.011484e-15 
 1055.000  5.469291e+02  2.053992e+01 -2.826497e-15 
 1056.000  5.452700e+02  2.043379e+01 -1.308938e-15 
 1057.000  5.439485e+02  2.033084e+01 -4.531492e-15 
 1058.000  5.376223e+02  2.002842e+01  8.784842e-15 
 1059.000  5.206673e+02  1.936362e+01  1.517760e-14 
 1060.000  5.396092e+02  2.004694e+01 -1.702545e-15 
 1061.000  5.205952e+02  1.930800e+01  1.101113e-14 
 1062.000  5.346634e+02  1.978214e+01 -1.998004e-16 
 1063.000  5.253829e+02  1.940356e+01  2.933772e-15 
 1064.000  5.318239e+02  1.959699e+01  4.263364e-15 
 1065.000  5.306921e+02  1.950830e+01 -7.037145e-15 
 1066.000  5.144361e+02  1.888491e+01 -5.379149e-15 
 1067.000  5.264537e+02  1.928898e+01 -8.265724e-15 
 1068.000  5.234745e+02  1.911778e+01  2.749001e-15 
 1069.000  4.838148e+02  1.763819e+01  3.042152e-15 
 1070.000  5.128654e+02  1.867699e+01  7.450851e-16 
 1071.000  5.133115e+02  1.864949e+01  2.500591e-15 
 1072.000  5.143902e+02  1.864504e+01 -5.157080e-15 
 1073.000  4.974766e+02  1.800488e+01 -2.521420e-15 
 1074.000  5.151860e+02  1.862431e+01 -7.651581e-15 
 1075.000  5.003432e+02  1.809092e+01 -2.476710e-15 
 1076.000  5.107755e+02  1.842650e+01 -1.187255e-14 
 1077.000  5.089201e+02  1.831308e+01  4.468821e-15 
 1078.000  5.094940e+02  1.828425e+01 -9.495948e-15 
 1079.000  4.897177e+02  1.754835e+01 -7.875311e-15 
 1080.000  5.015098e+02  1.788553e+01 -1.237772e-15 
 1081.000  4.830504e+02  1.720126e+01  3.097973e-16 
 1082.000  4.905206e+02  1.746932e+01 -4.930195e-15 
 1083.000  4.759474e+02  1.689823e+01 -1.785134e-15 
 1084.000  4.925183e+02  1.743168e+01  4.206017e-16 
 1085.000  4.821002e+02  1.697394e+01  3.009727e-15 
 1086.000  4.894282e+02  1.722366e+01  1.072244e-15 
 1087.000  4.636936e+02  1.636837e+01 -6.748954e-15 
 1088.000  4.921078e+02  1.735137e+01  4.381805e-15 
 1089.000  4.680670e+02  1.639351e+01  2.868201e-15 
 1090.000  4.772739e+02  1.667824e+01 -3.741390e-15 
 1091.000  4.814829e+02  1.681758e+01 -5.519553e-15 
 1092.000  4.676845e+02  1.627578e+01  7.466882e-15 
 1093.000  4.558642e+02  1.577178e+01 -6.163036e-15 
 1094.000  4.124448e+02  1.422605e+01 -2.120883e-15 
 1095.000  4.469059e+02  1.539718e+01 -6.154057e-15 
 1096.000  4.455244e+02  1.533078e+01 -9.922787e-16 
 1097.000  4.383763e+02  1.505171e+01 -2.793008e-15 
 1098.000  4.163470e+02  1.416778e+01 -4.233699e-15 
 1099.000  4.018212e+02  1.357994e+01 -3.345869e-15 
 1100.000  4.097703e+02  1.383419e+01  4.796338e-16 
