  400.000  8.605593e+02  3.216545e+02 -1.287129e-13 
  401.000  8.563892e+02  3.168623e+02  1.421076e-13 
  402.000  9.086588e+02  3.328273e+02  1.396728e-13 
  403.000  8.520001e+02  3.089609e+02  2.412940e-14 
  404.000  9.165605e+02  3.290764e+02  5.547133e-14 
  405.000  8.414146e+02  2.991159e+02  4.195545e-14 
  406.000  8.359034e+02  2.942450e+02  5.813823e-14 
  407.000  8.149114e+02  2.840627e+02 -6.244124e-14 
  408.000  8.836611e+02  3.050461e+02  1.778527e-13 
  409.000  9.789907e+02  3.347015e+02  4.940900e-14 
  410.000  8.191940e+02  2.773888e+02 -1.740230e-13 
  411.000  9.627773e+02  3.229042e+02  3.280519e-14 
  412.000  9.983944e+02  3.316783e+02  3.760001e-15 
  413.000  9.438593e+02  3.106122e+02  3.517546e-13 
  414.000  9.270846e+02  3.022281e+02  1.282216e-13 
  415.000  9.894520e+02  3.195635e+02 -1.454213e-13 
  416.000  9.840835e+02  3.148897e+02 -1.771898e-14 
  417.000  9.547669e+02  3.026976e+02 -1.804670e-13 
  418.000  9.345909e+02  2.935894e+02 -1.723059e-13 
  419.000  9.581118e+02  2.982374e+02  1.016469e-13 
  420.000  8.114644e+02  2.503023e+02 -1.653759e-13 
  421.000  1.017285e+03  3.109669e+02 -1.401963e-13 
  422.000  9.753315e+02  2.954787e+02  2.487927e-13 
  423.000  8.241908e+02  2.474731e+02 -3.853538e-14 
  424.000  9.070674e+02  2.699525e+02  4.273069e-14 
  425.000  9.399571e+02  2.772781e+02 -1.938637e-13 
  426.000  9.040474e+02  2.643498e+02  2.413633e-13 
  427.000  8.700536e+02  2.521946e+02 -1.266192e-14 
  428.000  8.814648e+02  2.532896e+02 -6.941357e-14 
  429.000  8.023421e+02  2.285679e+02 -1.769097e-14 
  430.000  6.405768e+02  1.809206e+02 -5.116988e-14 
  431.000  5.762191e+02  1.613572e+02  1.827160e-13 
  432.000  1.037705e+03  2.881225e+02 -1.235394e-13 
  433.000  9.241474e+02  2.544293e+02  1.149125e-13 
  434.000  8.787754e+02  2.399094e+02 -2.593437e-13 
  435.000  9.565293e+02  2.589586e+02  3.251740e-13 
  436.000  1.061133e+03  2.848934e+02 -3.692910e-13 
  437.000  1.071856e+03  2.853954e+02 -5.074440e-14 
  438.000  9.605864e+02  2.536660e+02  1.181891e-13 
  439.000  9.299440e+02  2.435670e+02 -2.730486e-14 
  440.000  1.042735e+03  2.708836e+02  4.681774e-13 
  441.000  1.039802e+03  2.679306e+02 -2.356184e-13 
  442.000  1.095590e+03  2.800237e+02 -6.895903e-14 
  443.000  1.103387e+03  2.797447e+02 -2.114993e-13 
  444.000  1.096687e+03  2.758136e+02  5.094034e-13 
  445.000  1.154078e+03  2.879217e+02 -1.149806e-13 
  446.000  1.027732e+03  2.543472e+02 -3.918973e-14 
  447.000  1.172623e+03  2.879208e+02 -9.135408e-14 
  448.000  1.192605e+03  2.905800e+02  1.628303e-13 
  449.000  1.201169e+03  2.904466e+02  1.471803e-13 
  450.000  1.227807e+03  2.946394e+02 -1.802966e-13 
  451.000  1.327396e+03  3.161229e+02 -2.922138e-14 
  452.000  1.234425e+03  2.917523e+02 -8.321572e-14 
  453.000  1.146288e+03  2.688711e+02  1.129804e-13 
  454.000  1.222545e+03  2.845931e+02  2.666647e-14 
  455.000  1.231548e+03  2.845323e+02 -3.055793e-13 
  456.000  1.261880e+03  2.893492e+02  2.061859e-13 
  457.000  1.269436e+03  2.889105e+02  1.213961e-13 
  458.000  1.247585e+03  2.818286e+02  4.868811e-14 
  459.000  1.247900e+03  2.798115e+02  2.166507e-13 
  460.000  1.237498e+03  2.754349e+02 -8.317373e-14 
  461.000  1.282835e+03  2.834326e+02  1.290397e-13 
  462.000  1.262399e+03  2.768790e+02 -8.191886e-15 
  463.000  1.263161e+03  2.750295e+02 -3.301491e-14 
  464.000  1.267602e+03  2.740110e+02 -1.604165e-13 
  465.000  1.249357e+03  2.681299e+02 -2.568993e-13 
  466.000  1.289190e+03  2.746983e+02  1.068762e-13 
  467.000  1.243921e+03  2.631571e+02  1.258857e-14 
  468.000  1.317117e+03  2.766390e+02  1.911683e-13 
  469.000  1.305807e+03  2.722766e+02 -1.772838e-13 
  470.000  1.288035e+03  2.666105e+02  1.344705e-13 
  471.000  1.285901e+03  2.642072e+02 -6.088365e-14 
  472.000  1.301797e+03  2.654898e+02  1.068469e-13 
  473.000  1.287813e+03  2.606711e+02 -2.171564e-13 
  474.000  1.298330e+03  2.608153e+02 -1.708264e-13 
  475.000  1.350918e+03  2.692386e+02  2.181619e-14 
  476.000  1.309454e+03  2.588281e+02 -7.238101e-14 
  477.000  1.297511e+03  2.544529e+02  2.230985e-13 
  478.000  1.361716e+03  2.653651e+02 -8.008711e-14 
  479.000  1.299927e+03  2.519398e+02 -2.054349e-14 
  480.000  1.325532e+03  2.555550e+02 -1.992916e-14 
  481.000  1.317441e+03  2.525968e+02 -2.216762e-15 
  482.000  1.344967e+03  2.563890e+02 -1.746521e-13 
  483.000  1.346352e+03  2.551156e+02 -1.142316e-13 
  484.000  1.294571e+03  2.437828e+02 -8.011527e-14 
  485.000  1.304124e+03  2.440294e+02 -3.774678e-13 
  486.000  1.057376e+03  1.965993e+02 -1.147055e-13 
  487.000  1.188432e+03  2.195584e+02 -7.400114e-14 
  488.000  1.290385e+03  2.368729e+02  5.482956e-13 
  489.000  1.199529e+03  2.187926e+02  1.903665e-13 
  490.000  1.365609e+03  2.475058e+02  8.321702e-14 
  491.000  1.277979e+03  2.301536e+02  6.324489e-14 
  492.000  1.228226e+03  2.197919e+02  3.197413e-13 
  493.000  1.322943e+03  2.352496e+02  2.120856e-13 
  494.000  1.278167e+03  2.258577e+02 -1.417243e-14 
  495.000  1.366499e+03  2.399568e+02 -5.470189e-14 
  496.000  1.331135e+03  2.322843e+02 -8.612384e-14 
  497.000  1.291533e+03  2.239729e+02 -1.797327e-13 
  498.000  1.261277e+03  2.173731e+02  9.001634e-14 
  499.000  1.258491e+03  2.155538e+02 -2.686555e-13 
  500.000  1.253205e+03  2.133298e+02 -1.069057e-13 
  501.000  1.225367e+03  2.073117e+02 -2.152708e-14 
  502.000  1.217591e+03  2.047402e+02 -8.148054e-14 
  503.000  1.290441e+03  2.156739e+02  9.860565e-14 
  504.000  1.200869e+03  1.994899e+02 -3.051649e-13 
  505.000  1.295511e+03  2.139137e+02  1.883995e-13 
  506.000  1.386955e+03  2.276538e+02 -4.655448e-14 
  507.000  1.290504e+03  2.105722e+02  9.255011e-14 
  508.000  1.237648e+03  2.007625e+02  3.684174e-14 
  509.000  1.334643e+03  2.152308e+02  3.909117e-13 
  510.000  1.293226e+03  2.073353e+02 -3.867030e-14 
  511.000  1.293644e+03  2.061959e+02 -8.055764e-14 
  512.000  1.357789e+03  2.151664e+02 -8.697255e-14 
  513.000  1.242717e+03  1.957960e+02  1.171038e-13 
  514.000  1.216666e+03  1.905911e+02 -4.088657e-13 
  515.000  1.242116e+03  1.934658e+02 -1.419519e-13 
  516.000  1.304789e+03  2.020660e+02  1.804656e-13 
  517.000  9.612081e+02  1.480060e+02  2.016035e-13 
  518.000  1.190102e+03  1.822067e+02  8.122309e-14 
  519.000  1.127577e+03  1.716546e+02  5.542919e-14 
  520.000  1.241502e+03  1.879308e+02 -8.804017e-14 
  521.000  1.242260e+03  1.869846e+02  1.793358e-14 
  522.000  1.291631e+03  1.933171e+02  5.907107e-15 
  523.000  1.203299e+03  1.790729e+02 -6.586635e-14 
  524.000  1.305601e+03  1.932000e+02 -2.068429e-13 
  525.000  1.295231e+03  1.905820e+02 -1.659562e-14 
  526.000  1.234427e+03  1.806235e+02  4.855895e-14 
  527.000  1.078415e+03  1.569137e+02  4.141472e-14 
  528.000  1.295287e+03  1.874192e+02  4.528621e-14 
  529.000  1.332172e+03  1.916871e+02  1.807829e-13 
  530.000  1.258888e+03  1.801442e+02  9.783829e-15 
  531.000  1.370407e+03  1.950282e+02 -8.009939e-14 
  532.000  1.307459e+03  1.850636e+02 -2.298505e-14 
  533.000  1.148382e+03  1.616850e+02 -1.275180e-13 
  534.000  1.248791e+03  1.749146e+02  1.459236e-13 
  535.000  1.274125e+03  1.775596e+02 -2.175137e-14 
  536.000  1.351979e+03  1.874565e+02 -3.097648e-13 
  537.000  1.254320e+03  1.730321e+02 -1.270300e-13 
  538.000  1.313034e+03  1.802059e+02  2.687073e-13 
  539.000  1.308734e+03  1.786968e+02 -1.489224e-13 
  540.000  1.280810e+03  1.739890e+02 -9.078809e-14 
  541.000  1.174528e+03  1.587370e+02 -1.188006e-13 
  542.000  1.310251e+03  1.761775e+02 -2.281807e-13 
  543.000  1.253379e+03  1.676735e+02  6.629278e-14 
  544.000  1.322115e+03  1.759698e+02 -6.392430e-14 
  545.000  1.302571e+03  1.724893e+02 -4.911821e-14 
  546.000  1.273754e+03  1.678205e+02  1.910923e-13 
  547.000  1.328028e+03  1.740920e+02 -6.827353e-14 
  548.000  1.232358e+03  1.607410e+02 -1.171915e-13 
  549.000  1.297133e+03  1.683456e+02 -2.027768e-13 
  550.000  1.268996e+03  1.638734e+02  4.171759e-14 
  551.000  1.261596e+03  1.621041e+02 -9.341916e-14 
  552.000  1.316557e+03  1.683258e+02 -1.608255e-13 
  553.000  1.265535e+03  1.609992e+02 -4.099170e-14 
  554.000  1.307462e+03  1.655098e+02 -1.052319e-13 
  555.000  1.311731e+03  1.652310e+02 -7.726512e-14 
  556.000  1.276158e+03  1.599592e+02 -3.442582e-14 
  557.000  1.238853e+03  1.545179e+02  1.854167e-13 
  558.000  1.286497e+03  1.596711e+02  2.919554e-14 
  559.000  1.216566e+03  1.502501e+02  4.646028e-14 
  560.000  1.222440e+03  1.502310e+02 -1.010531e-13 
  561.000  1.344075e+03  1.643620e+02  1.023305e-13 
  562.000  1.234108e+03  1.501297e+02  4.770414e-14 
  563.000  1.291634e+03  1.563433e+02  6.735635e-14 
  564.000  1.273880e+03  1.534132e+02  1.812717e-13 
  565.000  1.289303e+03  1.544552e+02 -1.249824e-13 
  566.000  1.189099e+03  1.417353e+02 -4.146956e-14 
  567.000  1.275339e+03  1.511150e+02  5.059281e-14 
  568.000  1.269858e+03  1.491651e+02  1.352969e-14 
  569.000  1.238464e+03  1.437804e+02 -4.401958e-14 
  570.000  1.246297e+03  1.441134e+02  1.344956e-14 
  571.000  1.206922e+03  1.395552e+02  1.123149e-14 
  572.000  1.271501e+03  1.455989e+02  7.883046e-14 
  573.000  1.286478e+03  1.466936e+02  1.272449e-13 
  574.000  1.280175e+03  1.453374e+02 -9.120054e-14 
  575.000  1.248949e+03  1.410565e+02 -3.994488e-14 
  576.000  1.226626e+03  1.378654e+02  1.317388e-14 
  577.000  1.279466e+03  1.433744e+02  5.273383e-14 
  578.000  1.244352e+03  1.391144e+02 -5.674226e-16 
  579.000  1.236862e+03  1.379015e+02 -4.026548e-14 
  580.000  1.281503e+03  1.424602e+02 -7.650534e-14 
  581.000  1.261081e+03  1.399123e+02 -5.909739e-14 
  582.000  1.281887e+03  1.417943e+02  4.356837e-14 
  583.000  1.292066e+03  1.423749e+02  3.861223e-14 
  584.000  1.289088e+03  1.414916e+02 -2.899591e-14 
  585.000  1.281457e+03  1.400669e+02  5.642602e-14 
  586.000  1.227250e+03  1.335847e+02 -1.526313e-14 
  587.000  1.273742e+03  1.376574e+02 -5.051443e-14 
  588.000  1.252420e+03  1.336255e+02 -5.100240e-14 
  589.000  1.098277e+03  1.155136e+02  8.842719e-15 
  590.000  1.146455e+03  1.200087e+02  6.969319e-14 
  591.000  1.228208e+03  1.288245e+02  6.091361e-15 
  592.000  1.200349e+03  1.249394e+02 -5.283481e-14 
  593.000  1.224049e+03  1.278777e+02  3.772660e-14 
  594.000  1.233480e+03  1.280657e+02  4.035788e-14 
  595.000  1.203051e+03  1.237084e+02 -1.439674e-14 
  596.000  1.244194e+03  1.284310e+02  4.010862e-14 
  597.000  1.246369e+03  1.278786e+02  7.041880e-14 
  598.000  1.225813e+03  1.257260e+02 -8.056178e-15 
  599.000  1.228567e+03  1.257074e+02  7.072149e-15 
  600.000  1.233238e+03  1.261041e+02 -1.176405e-14 
  601.000  1.229570e+03  1.256611e+02 -5.456138e-16 
  602.000  1.217625e+03  1.240843e+02  9.526987e-14 
  603.000  1.226407e+03  1.246179e+02  1.268254e-14 
  604.000  1.266487e+03  1.282888e+02  5.446190e-14 
  605.000  1.264198e+03  1.275965e+02  6.841228e-14 
  606.000  1.250206e+03  1.256905e+02 -8.315309e-14 
  607.000  1.243835e+03  1.245593e+02  1.022367e-13 
  608.000  1.239909e+03  1.236755e+02 -1.922293e-13 
  609.000  1.227787e+03  1.219804e+02  1.850698e-13 
  610.000  1.208699e+03  1.196086e+02  1.359277e-13 
  611.000  1.228865e+03  1.211222e+02 -2.009087e-13 
  612.000  1.213398e+03  1.191237e+02  1.374782e-13 
  613.000  1.196181e+03  1.169671e+02  3.638105e-14 
  614.000  1.153469e+03  1.123421e+02 -8.753130e-15 
  615.000  1.209210e+03  1.173043e+02 -3.042022e-14 
  616.000  1.150172e+03  1.111339e+02  2.093033e-14 
  617.000  1.157090e+03  1.113556e+02  3.707839e-14 
  618.000  1.212063e+03  1.161765e+02  1.491721e-13 
  619.000  1.201294e+03  1.146755e+02  5.090152e-14 
  620.000  1.219357e+03  1.159236e+02 -1.976732e-14 
  621.000  1.240596e+03  1.174550e+02  1.141575e-13 
  622.000  1.175333e+03  1.108110e+02  1.040387e-14 
  623.000  1.184617e+03  1.112097e+02 -2.096965e-14 
  624.000  1.186005e+03  1.108682e+02  3.045749e-14 
  625.000  1.153929e+03  1.074106e+02  2.689540e-14 
  626.000  1.159486e+03  1.074119e+02 -5.885356e-14 
  627.000  1.175892e+03  1.079960e+02 -2.148138e-14 
  628.000  1.147691e+03  1.035776e+02 -1.362562e-14 
  629.000  1.183879e+03  1.071599e+02  3.345734e-15 
  630.000  1.147583e+03  1.037693e+02  8.674810e-15 
  631.000  1.192384e+03  1.077029e+02 -7.649118e-15 
  632.000  1.109309e+03  9.962698e+01 -9.031467e-15 
  633.000  1.195213e+03  1.074169e+02 -5.273050e-14 
  634.000  1.161300e+03  1.041875e+02  3.874291e-14 
  635.000  1.183280e+03  1.057999e+02 -4.325282e-15 
  636.000  1.142807e+03  1.019212e+02 -4.846901e-14 
  637.000  1.181671e+03  1.050834e+02 -2.878777e-14 
  638.000  1.202266e+03  1.067773e+02 -1.048277e-14 
  639.000  1.193063e+03  1.056029e+02 -5.294921e-14 
  640.000  1.156959e+03  1.021654e+02 -1.739245e-14 
  641.000  1.174240e+03  1.033299e+02  1.613838e-13 
  642.000  1.161220e+03  1.019075e+02  6.101031e-14 
  643.000  1.181016e+03  1.031221e+02  1.072714e-14 
  644.000  1.167967e+03  1.016246e+02 -5.184002e-15 
  645.000  1.176899e+03  1.018071e+02  4.281804e-14 
  646.000  1.125657e+03  9.634725e+01 -1.839005e-14 
  647.000  1.136570e+03  9.652394e+01  3.268102e-14 
  648.000  1.129410e+03  9.518885e+01 -5.298239e-15 
  649.000  1.156980e+03  9.750945e+01  1.770831e-14 
  650.000  1.080968e+03  9.152867e+01 -1.396347e-15 
  651.000  1.164744e+03  9.827267e+01  3.099374e-14 
  652.000  1.134679e+03  9.471263e+01 -3.504825e-15 
  653.000  1.167194e+03  9.790879e+01  6.233224e-14 
  654.000  1.151261e+03  9.613406e+01  4.670349e-14 
  655.000  1.117972e+03  9.273055e+01 -2.899070e-14 
  656.000  9.504022e+02  7.864338e+01 -1.856993e-14 
  657.000  1.016235e+03  8.394602e+01  3.983656e-14 
  658.000  1.135306e+03  9.376188e+01  3.115047e-14 
  659.000  1.140061e+03  9.397414e+01  1.692199e-14 
  660.000  1.150083e+03  9.456966e+01  1.848089e-14 
  661.000  1.157787e+03  9.517013e+01  1.850809e-14 
  662.000  1.175717e+03  9.644039e+01  4.185969e-14 
  663.000  1.162808e+03  9.502718e+01  5.389877e-14 
  664.000  1.144982e+03  9.329720e+01 -9.062748e-14 
  665.000  1.150613e+03  9.347558e+01  2.608603e-15 
  666.000  1.165180e+03  9.439029e+01  1.520122e-13 
  667.000  1.142628e+03  9.228687e+01 -2.939954e-14 
  668.000  1.149782e+03  9.260040e+01 -1.773197e-14 
  669.000  1.166796e+03  9.367784e+01  1.078585e-14 
  670.000  1.153275e+03  9.229736e+01  1.003313e-13 
  671.000  1.141519e+03  9.106962e+01  1.567372e-14 
  672.000  1.138219e+03  9.051588e+01 -7.367614e-14 
  673.000  1.146785e+03  9.090537e+01  1.584343e-13 
  674.000  1.149419e+03  9.082327e+01 -3.054288e-15 
  675.000  1.132260e+03  8.918298e+01  1.503145e-14 
  676.000  1.154025e+03  9.060787e+01  1.204244e-13 
  677.000  1.131456e+03  8.855376e+01  1.029537e-13 
  678.000  1.150559e+03  8.976409e+01 -6.216104e-14 
  679.000  1.134614e+03  8.823311e+01  7.446033e-14 
  680.000  1.125928e+03  8.724035e+01 -3.510078e-14 
  681.000  1.127162e+03  8.701166e+01  3.859231e-14 
  682.000  1.124936e+03  8.654984e+01  1.198653e-13 
  683.000  1.132562e+03  8.683221e+01 -3.875789e-14 
  684.000  1.111804e+03  8.489188e+01  3.400978e-15 
  685.000  1.125038e+03  8.568137e+01  3.344342e-14 
  686.000  1.074244e+03  8.135316e+01  2.879034e-14 
  687.000  9.421129e+02  6.860751e+01 -9.308505e-15 
  688.000  9.849891e+02  7.202187e+01  5.657864e-15 
  689.000  9.751816e+02  7.091679e+01  2.813666e-15 
  690.000  1.002015e+03  7.293824e+01  1.810384e-14 
  691.000  1.033708e+03  7.546412e+01 -2.951212e-14 
  692.000  1.041523e+03  7.606256e+01  1.167127e-15 
  693.000  1.032956e+03  7.480011e+01  6.945953e-17 
  694.000  1.026043e+03  7.370482e+01  2.817415e-14 
  695.000  1.021481e+03  7.340002e+01  2.406260e-14 
  696.000  1.041406e+03  7.477664e+01 -4.333329e-14 
  697.000  1.078717e+03  7.828625e+01 -1.573512e-14 
  698.000  1.051375e+03  7.579870e+01  2.361698e-14 
  699.000  1.038930e+03  7.381975e+01  1.450525e-14 
  700.000  1.032024e+03  7.321432e+01  2.600162e-14 
  701.000  1.001998e+03  7.071780e+01  1.071808e-14 
  702.000  1.002190e+03  7.062299e+01  3.526902e-14 
  703.000  1.042413e+03  7.392239e+01 -3.546194e-15 
  704.000  1.046610e+03  7.402777e+01 -4.567935e-16 
  705.000  1.043818e+03  7.329404e+01 -1.480002e-14 
  706.000  1.034926e+03  7.250723e+01 -2.154386e-14 
  707.000  1.023194e+03  7.157494e+01  2.773160e-14 
  708.000  1.057193e+03  7.385456e+01 -2.284975e-14 
  709.000  1.027968e+03  7.186314e+01  1.393766e-14 
  710.000  1.042756e+03  7.239141e+01  2.000962e-14 
  711.000  1.041405e+03  7.236858e+01  7.565102e-14 
  712.000  1.034629e+03  7.195394e+01 -4.490457e-15 
  713.000  1.024115e+03  7.078720e+01  3.428429e-15 
  714.000  1.039379e+03  7.155267e+01 -2.043192e-14 
  715.000  9.930483e+02  6.785563e+01  4.316177e-15 
  716.000  1.008186e+03  6.839371e+01 -5.990926e-15 
  717.000  9.134061e+02  6.070826e+01  1.053827e-15 
  718.000  8.664789e+02  5.684339e+01 -4.705707e-15 
  719.000  8.415309e+02  5.480610e+01  2.710842e-15 
  720.000  8.252068e+02  5.323072e+01 -1.925181e-15 
  721.000  9.227313e+02  6.084517e+01  1.729550e-14 
  722.000  9.718701e+02  6.446581e+01  4.775428e-17 
  723.000  9.492590e+02  6.246289e+01 -1.105551e-15 
  724.000  8.969922e+02  5.813093e+01 -1.968001e-14 
  725.000  8.955072e+02  5.796761e+01  9.978220e-15 
  726.000  8.912293e+02  5.750066e+01  1.571821e-14 
  727.000  9.125950e+02  5.882119e+01  3.355776e-15 
  728.000  8.881899e+02  5.698687e+01  1.317145e-14 
  729.000  8.738251e+02  5.617540e+01  1.501587e-15 
  730.000  9.023683e+02  5.781826e+01  7.328102e-15 
  731.000  8.830356e+02  5.638470e+01 -2.669739e-15 
  732.000  9.364449e+02  6.009994e+01  1.363929e-15 
  733.000  9.570353e+02  6.183237e+01  3.826573e-14 
  734.000  9.939055e+02  6.442481e+01 -1.432779e-14 
  735.000  9.800271e+02  6.321173e+01 -1.510819e-14 
  736.000  9.510105e+02  6.094851e+01 -8.763213e-15 
  737.000  9.718705e+02  6.228469e+01 -8.642988e-15 
  738.000  9.806229e+02  6.293921e+01 -1.301397e-14 
  739.000  9.536500e+02  6.116459e+01  1.185574e-14 
  740.000  9.732593e+02  6.256331e+01 -1.745828e-14 
  741.000  9.715990e+02  6.248681e+01 -1.440098e-14 
  742.000  9.581370e+02  6.153973e+01 -4.801325e-15 
  743.000  9.919344e+02  6.372981e+01  5.139938e-15 
  744.000  1.003891e+03  6.443102e+01  5.409395e-14 
  745.000  9.797186e+02  6.278928e+01  5.832820e-15 
  746.000  9.949069e+02  6.365267e+01  4.492820e-14 
  747.000  1.010776e+03  6.450205e+01  1.501186e-14 
  748.000  9.934167e+02  6.327524e+01  1.301866e-13 
  749.000  9.942559e+02  6.317982e+01 -1.217503e-13 
  750.000  9.793635e+02  6.204275e+01 -4.277258e-14 
  751.000  9.770853e+02  6.173633e+01  1.213812e-13 
  752.000  9.931284e+02  6.262726e+01  5.765279e-16 
  753.000  9.841945e+02  6.191278e+01  1.863598e-14 
  754.000  9.999627e+02  6.274733e+01  9.082182e-14 
  755.000  9.944639e+02  6.224053e+01 -1.214397e-13 
  756.000  9.752399e+02  6.088013e+01 -9.029475e-15 
  757.000  9.825578e+02  6.117678e+01 -7.156516e-14 
  758.000  9.801682e+02  6.081311e+01  1.836115e-14 
  759.000  8.822322e+02  5.322713e+01  3.748724e-14 
  760.000  3.310370e+02  1.708128e+01 -1.260311e-15 
  761.000  2.852591e+02  1.436264e+01  6.294760e-16 
  762.000  5.714671e+02  3.165681e+01 -3.208506e-15 
  763.000  4.897233e+02  2.634115e+01  6.418568e-17 
  764.000  5.391638e+02  2.929116e+01 -2.443355e-22 
  765.000  6.533974e+02  3.670738e+01 -3.797137e-15 
  766.000  7.519279e+02  4.390673e+01  3.207172e-15 
  767.000  8.288790e+02  4.879484e+01 -1.119922e-15 
  768.000  9.060671e+02  5.374202e+01  4.817573e-14 
  769.000  9.316834e+02  5.565950e+01 -4.488478e-14 
  770.000  9.405890e+02  5.636668e+01 -2.248233e-14 
  771.000  9.482859e+02  5.687789e+01  7.567577e-14 
  772.000  9.462618e+02  5.666211e+01  2.152790e-14 
  773.000  9.431760e+02  5.635575e+01  5.690446e-14 
  774.000  9.539901e+02  5.688197e+01  4.966145e-14 
  775.000  9.186041e+02  5.464857e+01  4.436723e-14 
  776.000  9.568070e+02  5.678915e+01 -4.581111e-14 
  777.000  9.503410e+02  5.626455e+01 -6.108721e-14 
  778.000  9.453345e+02  5.582383e+01 -6.481975e-14 
  779.000  9.484998e+02  5.586652e+01  8.466924e-14 
  780.000  9.368521e+02  5.503876e+01 -2.397810e-14 
  781.000  9.357461e+02  5.485462e+01  6.428800e-14 
  782.000  9.471022e+02  5.537778e+01 -3.271981e-14 
  783.000  9.250560e+02  5.395083e+01  3.701359e-14 
  784.000  9.300760e+02  5.409269e+01  6.920109e-14 
  785.000  9.309691e+02  5.392627e+01 -7.800244e-14 
  786.000  9.123605e+02  5.258960e+01 -4.015597e-14 
  787.000  9.199871e+02  5.266545e+01  4.385494e-14 
  788.000  9.031367e+02  5.145735e+01 -4.219187e-15 
  789.000  8.970973e+02  5.062988e+01  1.353981e-14 
  790.000  8.870957e+02  4.991544e+01 -2.342298e-14 
  791.000  8.847629e+02  4.972237e+01  3.082886e-14 
  792.000  8.728134e+02  4.898824e+01  8.422885e-14 
  793.000  8.766157e+02  4.922161e+01 -4.790897e-15 
  794.000  8.771689e+02  4.946693e+01  4.613457e-14 
  795.000  8.667199e+02  4.855122e+01  1.827568e-14 
  796.000  8.657767e+02  4.792883e+01 -1.084572e-14 
  797.000  8.758603e+02  4.848787e+01 -2.818322e-14 
  798.000  8.864656e+02  4.925539e+01  2.029696e-14 
  799.000  8.835559e+02  4.890382e+01 -4.443193e-15 
  800.000  8.535351e+02  4.692572e+01 -5.999536e-15 
  801.000  8.703395e+02  4.775889e+01 -2.423388e-14 
  802.000  8.680099e+02  4.749847e+01 -5.992170e-15 
  803.000  8.567095e+02  4.679725e+01 -1.221831e-14 
  804.000  8.679617e+02  4.739474e+01 -8.263757e-17 
  805.000  8.506586e+02  4.653314e+01 -1.377038e-15 
  806.000  8.776730e+02  4.802746e+01 -1.588983e-14 
  807.000  8.726875e+02  4.764769e+01 -1.609665e-14 
  808.000  8.652180e+02  4.705494e+01  2.885743e-14 
  809.000  8.479533e+02  4.592289e+01  2.111204e-14 
  810.000  8.412178e+02  4.536346e+01 -2.247443e-15 
  811.000  8.484666e+02  4.548082e+01  7.190486e-15 
  812.000  8.370639e+02  4.456903e+01  1.434980e-14 
  813.000  8.229932e+02  4.351629e+01 -3.380167e-16 
  814.000  8.078019e+02  4.239729e+01  3.886319e-15 
  815.000  7.815975e+02  4.071066e+01  8.739048e-15 
  816.000  7.522106e+02  3.887975e+01  1.466491e-15 
  817.000  7.580252e+02  3.909462e+01  1.156369e-15 
  818.000  7.552728e+02  3.887963e+01  3.706675e-15 
  819.000  7.422880e+02  3.819637e+01  8.658441e-15 
  820.000  7.521453e+02  3.886867e+01 -1.016328e-15 
  821.000  8.058286e+02  4.197627e+01  1.461460e-15 
  822.000  7.619805e+02  3.928141e+01 -1.042793e-14 
  823.000  7.125125e+02  3.611453e+01 -2.235758e-15 
  824.000  7.745354e+02  3.964128e+01  1.433081e-14 
  825.000  8.061987e+02  4.165178e+01 -7.673415e-15 
  826.000  8.057919e+02  4.144511e+01  1.409977e-15 
  827.000  7.990656e+02  4.093998e+01 -1.300798e-14 
  828.000  7.759333e+02  3.938619e+01  1.813748e-15 
  829.000  7.833291e+02  3.976389e+01 -2.841204e-15 
  830.000  7.795064e+02  3.959768e+01  3.600045e-15 
  831.000  7.678507e+02  3.895018e+01 -7.579245e-15 
  832.000  7.845287e+02  3.972759e+01 -1.901195e-15 
  833.000  7.649311e+02  3.872611e+01  7.905986e-15 
  834.000  7.819172e+02  3.959863e+01 -3.446721e-15 
  835.000  7.941268e+02  4.035558e+01  2.139858e-16 
  836.000  8.000414e+02  4.049095e+01 -2.946441e-15 
  837.000  7.931364e+02  4.004760e+01 -3.890063e-15 
  838.000  8.011323e+02  4.047980e+01  1.981238e-15 
  839.000  7.791196e+02  3.935612e+01 -2.627659e-14 
  840.000  8.011188e+02  4.040748e+01 -4.754714e-15 
  841.000  8.001630e+02  4.018800e+01 -6.107613e-16 
  842.000  7.979946e+02  4.006599e+01  1.794784e-14 
  843.000  7.989867e+02  4.022162e+01  1.245644e-14 
  844.000  7.886238e+02  3.970853e+01  1.991330e-15 
  845.000  8.019705e+02  4.033928e+01  1.949112e-16 
  846.000  8.104645e+02  4.071399e+01  4.740496e-15 
  847.000  7.840239e+02  3.936141e+01 -1.508856e-14 
  848.000  8.048412e+02  4.023390e+01 -3.929516e-15 
  849.000  8.066691e+02  4.024928e+01 -7.518613e-15 
  850.000  6.965043e+02  3.463883e+01 -2.991040e-15 
  851.000  7.966435e+02  3.948281e+01  1.684461e-14 
  852.000  7.666149e+02  3.791744e+01  3.448281e-14 
  853.000  7.776637e+02  3.846326e+01 -4.969138e-16 
  854.000  6.251669e+02  3.085083e+01  9.823404e-15 
  855.000  6.891359e+02  3.395954e+01 -8.987759e-15 
  856.000  7.841046e+02  3.865736e+01  6.111284e-16 
  857.000  7.975128e+02  3.927747e+01  3.224937e-14 
  858.000  7.852308e+02  3.861222e+01  8.788218e-14 
  859.000  7.860610e+02  3.861905e+01  4.245137e-15 
  860.000  7.794900e+02  3.823774e+01 -1.066388e-14 
  861.000  7.795209e+02  3.816175e+01  6.622453e-14 
  862.000  7.772330e+02  3.798218e+01 -3.096937e-14 
  863.000  7.921882e+02  3.863282e+01  4.925164e-14 
  864.000  7.908118e+02  3.849333e+01  9.357978e-14 
  865.000  7.762567e+02  3.771247e+01 -1.792077e-14 
  866.000  6.512096e+02  3.157240e+01 -3.531360e-14 
  867.000  6.935070e+02  3.355122e+01 -4.270071e-15 
  868.000  7.522114e+02  3.631606e+01 -1.085065e-14 
  869.000  7.417607e+02  3.573885e+01 -4.819758e-14 
  870.000  7.723963e+02  3.713534e+01  8.374789e-14 
  871.000  7.714059e+02  3.701263e+01 -2.713400e-14 
  872.000  7.684619e+02  3.680013e+01  6.895978e-14 
  873.000  7.715184e+02  3.686414e+01  1.750071e-14 
  874.000  7.546248e+02  3.597919e+01 -2.378294e-14 
  875.000  7.477360e+02  3.557620e+01 -4.657321e-14 
  876.000  7.538817e+02  3.578571e+01 -8.407984e-15 
  877.000  7.689022e+02  3.641869e+01 -2.218512e-15 
  878.000  7.552976e+02  3.567171e+01 -1.468988e-14 
  879.000  7.570659e+02  3.567974e+01 -4.081480e-15 
  880.000  7.523484e+02  3.535981e+01 -6.236615e-15 
  881.000  7.130874e+02  3.343296e+01 -9.489049e-15 
  882.000  7.523072e+02  3.518618e+01  4.356939e-15 
  883.000  7.354062e+02  3.433827e+01  1.886754e-14 
  884.000  7.417896e+02  3.457081e+01 -5.134719e-14 
  885.000  7.486508e+02  3.476950e+01 -1.808333e-14 
  886.000  7.229824e+02  3.344252e+01 -7.990608e-15 
  887.000  7.165652e+02  3.312907e+01 -5.958970e-15 
  888.000  7.380139e+02  3.404834e+01  2.112941e-14 
  889.000  7.432974e+02  3.423851e+01  1.508601e-14 
  890.000  7.401976e+02  3.398654e+01 -2.852009e-14 
  891.000  7.345474e+02  3.357793e+01 -2.213239e-14 
  892.000  7.279236e+02  3.308276e+01  1.525304e-14 
  893.000  6.868770e+02  3.081801e+01 -3.017720e-16 
  894.000  7.026111e+02  3.131945e+01  1.893445e-15 
  895.000  6.455371e+02  2.842940e+01  4.137728e-15 
  896.000  6.463854e+02  2.821950e+01  5.046283e-16 
  897.000  6.062736e+02  2.624945e+01  5.707583e-15 
  898.000  5.955726e+02  2.565705e+01 -1.654773e-14 
  899.000  5.624605e+02  2.396577e+01  4.241261e-16 
  900.000  5.529313e+02  2.354299e+01 -2.135623e-16 
  901.000  5.331145e+02  2.259524e+01 -1.112741e-15 
  902.000  5.248289e+02  2.222157e+01 -1.747360e-16 
  903.000  6.073541e+02  2.603028e+01  6.898908e-15 
  904.000  6.500488e+02  2.803178e+01  4.158243e-15 
  905.000  6.471518e+02  2.785112e+01 -3.544520e-15 
  906.000  6.092357e+02  2.603626e+01  8.852976e-16 
  907.000  5.826143e+02  2.464828e+01  6.904274e-15 
  908.000  5.434719e+02  2.279113e+01 -2.227379e-15 
  909.000  5.351630e+02  2.240292e+01 -8.619279e-16 
  910.000  5.450532e+02  2.279746e+01 -9.354939e-16 
  911.000  5.589730e+02  2.343701e+01 -3.400778e-16 
  912.000  5.527186e+02  2.308531e+01  6.405802e-17 
  913.000  5.328014e+02  2.196237e+01 -8.941633e-16 
  914.000  5.455119e+02  2.258429e+01 -2.908500e-15 
  915.000  5.484711e+02  2.276017e+01  1.970073e-16 
  916.000  5.587245e+02  2.316938e+01 -8.617757e-16 
  917.000  5.569020e+02  2.309964e+01 -5.262418e-16 
  918.000  5.629832e+02  2.336592e+01 -4.111635e-15 
  919.000  6.012061e+02  2.508132e+01  8.116010e-16 
  920.000  6.188401e+02  2.592628e+01 -1.697082e-16 
  921.000  6.003450e+02  2.507420e+01 -7.433858e-15 
  922.000  5.945799e+02  2.478573e+01  4.525499e-15 
  923.000  5.636337e+02  2.341336e+01  1.459187e-15 
  924.000  5.724140e+02  2.364731e+01 -4.597846e-16 
  925.000  5.787150e+02  2.384531e+01 -5.150231e-15 
  926.000  5.574621e+02  2.289704e+01 -1.029510e-16 
  927.000  5.603039e+02  2.285165e+01 -1.818874e-15 
  928.000  5.363912e+02  2.164312e+01  1.205703e-15 
  929.000  4.905223e+02  1.942036e+01  0.000000e+00 
  930.000  4.418389e+02  1.696985e+01  2.158008e-17 
  931.000  3.903442e+02  1.452223e+01 -8.979565e-16 
  932.000  3.221580e+02  1.155826e+01  5.378998e-18 
  933.000  2.776357e+02  9.726781e+00  5.684249e-17 
  934.000  2.313044e+02  7.900758e+00 -1.131901e-16 
  935.000  2.232619e+02  7.587183e+00 -2.789079e-17 
  936.000  2.380927e+02  8.148672e+00  5.658886e-17 
  937.000  2.392902e+02  8.162493e+00  1.346087e-18 
  938.000  2.860214e+02  1.000043e+01  2.651474e-18 
  939.000  4.270174e+02  1.596366e+01 -2.118495e-17 
  940.000  4.466285e+02  1.688706e+01  0.000000e+00 
  941.000  4.184251e+02  1.563010e+01  3.793928e-20 
  942.000  3.602997e+02  1.310035e+01  4.370589e-16 
  943.000  3.086603e+02  1.083953e+01 -5.646494e-17 
  944.000  2.953875e+02  1.032713e+01  1.126140e-16 
  945.000  3.225939e+02  1.137520e+01 -1.082922e-16 
  946.000  3.285137e+02  1.157711e+01  1.007630e-23 
  947.000  3.492931e+02  1.242706e+01 -6.139045e-16 
  948.000  3.649718e+02  1.305126e+01  2.696420e-16 
  949.000  3.645447e+02  1.301018e+01  1.613292e-22 
  950.000  3.656811e+02  1.305331e+01 -2.181544e-16 
  951.000  3.939746e+02  1.427224e+01 -3.954439e-16 
  952.000  3.617552e+02  1.287051e+01 -2.065608e-16 
  953.000  3.835583e+02  1.379148e+01 -1.028461e-17 
  954.000  4.044771e+02  1.473609e+01  8.541264e-16 
  955.000  3.595494e+02  1.293630e+01  1.173635e-21 
  956.000  3.795231e+02  1.361630e+01 -8.627771e-16 
  957.000  4.418011e+02  1.643841e+01  3.208189e-15 
  958.000  4.537430e+02  1.694743e+01 -8.142327e-16 
  959.000  4.450139e+02  1.650038e+01 -4.222470e-17 
  960.000  4.379116e+02  1.618599e+01  4.877551e-15 
  961.000  4.281264e+02  1.575049e+01  1.684199e-15 
  962.000  4.351480e+02  1.603449e+01 -1.767194e-15 
  963.000  4.692278e+02  1.760648e+01 -1.573972e-16 
  964.000  4.689833e+02  1.761351e+01  1.576707e-15 
  965.000  4.714704e+02  1.765706e+01 -4.144557e-16 
  966.000  4.598246e+02  1.721385e+01 -1.929713e-15 
  967.000  4.989818e+02  1.883650e+01 -1.393382e-15 
  968.000  5.361915e+02  2.044368e+01  5.536900e-15 
  969.000  5.591898e+02  2.140501e+01 -3.249189e-15 
  970.000  5.618472e+02  2.148042e+01 -4.833355e-15 
  971.000  5.564209e+02  2.123341e+01 -8.398323e-16 
  972.000  5.547597e+02  2.109634e+01  8.359292e-16 
  973.000  5.368930e+02  2.031043e+01  2.206978e-15 
  974.000  5.134705e+02  1.931779e+01  6.759196e-15 
  975.000  5.062919e+02  1.896836e+01  5.344482e-15 
  976.000  5.245476e+02  1.967618e+01  1.926705e-15 
  977.000  5.308676e+02  1.997776e+01  3.660216e-15 
  978.000  5.424048e+02  2.037204e+01 -6.285089e-15 
  979.000  5.318065e+02  1.997198e+01  5.748905e-15 
  980.000  5.596755e+02  2.112325e+01  7.467698e-16 
  981.000  5.681815e+02  2.144831e+01  4.890858e-15 
  982.000  5.624301e+02  2.116008e+01  6.973115e-15 
  983.000  5.715153e+02  2.156145e+01 -6.138617e-15 
  984.000  5.785716e+02  2.191229e+01 -1.710894e-15 
  985.000  5.845127e+02  2.218179e+01 -2.800405e-15 
  986.000  5.877006e+02  2.238675e+01  2.183999e-14 
  987.000  5.979025e+02  2.279616e+01  2.285299e-15 
  988.000  5.913455e+02  2.252119e+01  4.906271e-15 
  989.000  5.843564e+02  2.222523e+01 -6.520465e-16 
  990.000  5.901846e+02  2.242283e+01  5.060473e-17 
  991.000  5.979639e+02  2.273479e+01  1.940939e-15 
  992.000  5.932482e+02  2.252115e+01  8.328190e-15 
  993.000  5.935582e+02  2.250014e+01  6.501681e-15 
  994.000  5.992205e+02  2.273480e+01  1.569990e-14 
  995.000  5.966074e+02  2.263673e+01  6.598706e-15 
  996.000  5.964897e+02  2.259200e+01  8.532472e-15 
  997.000  5.960341e+02  2.250912e+01  9.907708e-15 
  998.000  5.925320e+02  2.230740e+01 -1.588351e-15 
  999.000  5.905998e+02  2.218477e+01 -6.565252e-15 
 1000.000  5.862841e+02  2.199261e+01  6.625520e-15 
 1001.000  5.869207e+02  2.192962e+01  9.399825e-15 
 1002.000  5.818892e+02  2.162307e+01  7.865832e-16 
 1003.000  5.761111e+02  2.138921e+01 -1.984330e-16 
 1004.000  5.736965e+02  2.130788e+01  2.311884e-14 
 1005.000  5.368767e+02  1.992567e+01 -1.343978e-14 
 1006.000  5.654169e+02  2.095512e+01  2.069538e-16 
 1007.000  5.749569e+02  2.125571e+01  1.028263e-14 
 1008.000  5.740539e+02  2.112119e+01  6.717158e-15 
 1009.000  5.661245e+02  2.071562e+01  5.082607e-16 
 1010.000  5.702560e+02  2.086441e+01 -9.213997e-15 
 1011.000  5.719142e+02  2.097565e+01  7.404808e-15 
 1012.000  5.739323e+02  2.104870e+01 -9.141418e-15 
 1013.000  5.711343e+02  2.093106e+01 -1.532016e-15 
 1014.000  5.754143e+02  2.106505e+01 -1.123464e-14 
 1015.000  5.649009e+02  2.064675e+01 -3.352324e-15 
 1016.000  5.691564e+02  2.078087e+01  2.186471e-16 
 1017.000  5.639161e+02  2.056228e+01  4.522623e-15 
 1018.000  5.705212e+02  2.074885e+01  1.232968e-14 
 1019.000  5.560289e+02  2.015072e+01  1.600526e-15 
 1020.000  5.553981e+02  2.010577e+01  7.663571e-15 
 1021.000  5.619981e+02  2.033577e+01 -1.998667e-14 
 1022.000  5.518259e+02  1.989007e+01 -1.064423e-16 
 1023.000  5.609801e+02  2.016273e+01 -2.617477e-15 
 1024.000  5.572459e+02  1.997561e+01  1.572228e-14 
 1025.000  5.597444e+02  2.008006e+01  7.728673e-15 
 1026.000  5.616000e+02  2.014151e+01 -4.726957e-15 
 1027.000  5.577498e+02  1.995670e+01  4.592143e-15 
 1028.000  5.594926e+02  1.999487e+01  7.491330e-15 
 1029.000  5.521207e+02  1.972657e+01 -2.419992e-15 
 1030.000  5.587049e+02  1.995417e+01 -7.337128e-15 
 1031.000  5.574879e+02  1.989064e+01 -1.377180e-15 
 1032.000  5.559590e+02  1.981276e+01 -4.245307e-16 
 1033.000  5.458444e+02  1.942149e+01 -4.665532e-15 
 1034.000  5.518558e+02  1.960794e+01  6.075174e-15 
 1035.000  5.461041e+02  1.937340e+01  1.346371e-15 
 1036.000  5.531797e+02  1.958998e+01  9.239333e-15 
 1037.000  5.415688e+02  1.914703e+01 -1.305121e-14 
 1038.000  5.469740e+02  1.930647e+01 -1.006511e-14 
 1039.000  5.491284e+02  1.934541e+01 -6.254910e-15 
 1040.000  5.425671e+02  1.907845e+01  3.298031e-15 
 1041.000  5.453737e+02  1.914149e+01  8.282275e-15 
 1042.000  5.469570e+02  1.916304e+01 -1.921649e-14 
 1043.000  5.375090e+02  1.879938e+01 -1.531621e-15 
 1044.000  5.427832e+02  1.894905e+01 -1.154696e-14 
 1045.000  5.403178e+02  1.882405e+01 -4.416451e-15 
 1046.000  5.244932e+02  1.823716e+01 -1.585998e-14 
 1047.000  5.339985e+02  1.853074e+01  2.946764e-15 
 1048.000  5.391990e+02  1.867432e+01 -4.414644e-15 
 1049.000  5.356083e+02  1.851387e+01 -2.020547e-14 
 1050.000  5.322242e+02  1.835844e+01 -4.669772e-15 
 1051.000  5.319927e+02  1.830828e+01 -4.162171e-15 
 1052.000  5.293246e+02  1.817865e+01  8.288440e-15 
 1053.000  5.295034e+02  1.815229e+01  8.902751e-15 
 1054.000  5.237852e+02  1.791512e+01 -2.804396e-15 
 1055.000  5.273421e+02  1.799534e+01 -2.927964e-15 
 1056.000  5.257025e+02  1.790023e+01  6.949679e-15 
 1057.000  5.242170e+02  1.779821e+01  1.308129e-15 
 1058.000  5.176904e+02  1.750931e+01 -1.397261e-15 
 1059.000  5.014487e+02  1.693321e+01  1.981344e-15 
 1060.000  5.200231e+02  1.754959e+01  1.300247e-15 
 1061.000  5.016799e+02  1.690169e+01  5.311409e-15 
 1062.000  5.149899e+02  1.730285e+01 -2.782860e-15 
 1063.000  5.060344e+02  1.697070e+01 -1.466886e-15 
 1064.000  5.120530e+02  1.712948e+01  0.000000e+00 
 1065.000  5.106495e+02  1.703469e+01 -2.230685e-15 
 1066.000  4.950370e+02  1.649226e+01  2.162008e-15 
 1067.000  5.064481e+02  1.683692e+01 -1.918068e-15 
 1068.000  5.029310e+02  1.666314e+01  1.215474e-15 
 1069.000  4.643180e+02  1.534382e+01 -8.440892e-16 
 1070.000  4.921383e+02  1.624539e+01 -2.415045e-15 
 1071.000  4.920291e+02  1.619652e+01  5.363890e-15 
 1072.000  4.925566e+02  1.616976e+01 -2.360354e-15 
 1073.000  4.761877e+02  1.560730e+01  3.191141e-15 
 1074.000  4.931046e+02  1.614337e+01 -3.113893e-15 
 1075.000  4.793986e+02  1.570472e+01 -6.525167e-15 
 1076.000  4.889292e+02  1.597525e+01 -1.888161e-15 
 1077.000  4.865669e+02  1.585120e+01 -1.818871e-15 
 1078.000  4.864409e+02  1.579744e+01  2.504610e-15 
 1079.000  4.674118e+02  1.515577e+01  4.398125e-15 
 1080.000  4.770262e+02  1.538046e+01 -7.934798e-16 
 1081.000  4.593268e+02  1.478687e+01  1.138556e-15 
 1082.000  4.670583e+02  1.504253e+01  2.026571e-15 
 1083.000  4.523237e+02  1.451706e+01 -1.073690e-15 
 1084.000  4.671151e+02  1.493921e+01 -1.761107e-15 
 1085.000  4.550681e+02  1.446982e+01 -3.075850e-15 
 1086.000  4.624397e+02  1.469843e+01 -1.048955e-15 
 1087.000  4.403163e+02  1.404834e+01  1.186771e-15 
 1088.000  4.673579e+02  1.489476e+01 -4.104045e-15 
 1089.000  4.417303e+02  1.397181e+01 -2.181461e-15 
 1090.000  4.498404e+02  1.419450e+01 -4.940597e-16 
 1091.000  4.543025e+02  1.432961e+01 -1.478372e-15 
 1092.000  4.398497e+02  1.381930e+01 -6.460721e-17 
 1093.000  4.256678e+02  1.329258e+01  2.788488e-15 
 1094.000  3.838953e+02  1.195125e+01 -7.175154e-18 
 1095.000  4.161420e+02  1.293983e+01 -2.902265e-15 
 1096.000  4.149848e+02  1.288640e+01  2.942092e-15 
 1097.000  4.076682e+02  1.262968e+01  1.621146e-16 
 1098.000  3.802004e+02  1.166214e+01  4.383589e-16 
 1099.000  3.609916e+02  1.095532e+01  5.686498e-16 
 1100.000  3.685047e+02  1.117538e+01  6.665498e-16 
