  400.000  5.174420e+02  2.858165e+02 -2.338110e-13 
  401.000  5.158125e+02  2.817624e+02 -1.925907e-13 
  402.000  5.482173e+02  2.961708e+02  2.746872e-14 
  403.000  5.148893e+02  2.751273e+02  2.842842e-13 
  404.000  5.548156e+02  2.932444e+02 -1.561174e-13 
  405.000  5.101529e+02  2.667289e+02  1.165448e-13 
  406.000  5.076241e+02  2.625636e+02 -2.232776e-14 
  407.000  4.956609e+02  2.536479e+02  4.725942e-14 
  408.000  5.383190e+02  2.725652e+02  7.551497e-14 
  409.000  5.973149e+02  2.992582e+02  1.011277e-13 
  410.000  5.005802e+02  2.481742e+02 -9.767424e-14 
  411.000  5.892046e+02  2.890791e+02 -9.244142e-14 
  412.000  6.119087e+02  2.971191e+02 -2.837675e-14 
  413.000  5.793359e+02  2.784201e+02  3.215733e-14 
  414.000  5.698293e+02  2.710528e+02  9.972166e-14 
  415.000  6.090505e+02  2.867792e+02 -1.439765e-13 
  416.000  6.066154e+02  2.827578e+02 -1.196172e-13 
  417.000  5.893737e+02  2.719718e+02 -6.078559e-14 
  418.000  5.777154e+02  2.639398e+02  6.455998e-14 
  419.000  5.930605e+02  2.682697e+02 -1.140664e-13 
  420.000  5.029628e+02  2.252768e+02 -3.969416e-14 
  421.000  6.313754e+02  2.800309e+02  8.603222e-14 
  422.000  6.061373e+02  2.662296e+02  4.791393e-14 
  423.000  5.128785e+02  2.230972e+02 -1.004023e-13 
  424.000  5.651797e+02  2.434924e+02  4.976826e-14 
  425.000  5.864109e+02  2.502282e+02 -8.825719e-14 
  426.000  5.647101e+02  2.386818e+02 -1.925977e-13 
  427.000  5.441449e+02  2.278205e+02 -2.329508e-13 
  428.000  5.519486e+02  2.289207e+02 -8.820294e-14 
  429.000  5.030031e+02  2.066757e+02 -1.048587e-14 
  430.000  4.020614e+02  1.636683e+02  6.718547e-14 
  431.000  3.620880e+02  1.460378e+02  2.964048e-14 
  432.000  6.528286e+02  2.608864e+02 -1.977676e-13 
  433.000  5.820492e+02  2.304814e+02  1.492650e-14 
  434.000  5.540950e+02  2.174244e+02 -7.264755e-14 
  435.000  6.037911e+02  2.347907e+02 -3.085957e-15 
  436.000  6.705543e+02  2.584156e+02 -2.275495e-15 
  437.000  6.780629e+02  2.589802e+02  1.961024e-13 
  438.000  6.083216e+02  2.302826e+02 -1.426167e-14 
  439.000  5.895388e+02  2.212052e+02  2.015645e-14 
  440.000  6.617280e+02  2.461117e+02  8.138791e-14 
  441.000  6.605410e+02  2.435234e+02  7.873581e-14 
  442.000  6.966791e+02  2.546111e+02  4.940958e-14 
  443.000  7.023285e+02  2.544510e+02 -9.925613e-14 
  444.000  6.987386e+02  2.509650e+02 -3.433123e-14 
  445.000  7.359984e+02  2.620718e+02 -7.801854e-15 
  446.000  6.560226e+02  2.315862e+02 -7.680973e-14 
  447.000  7.492262e+02  2.622501e+02 -1.177384e-13 
  448.000  7.627767e+02  2.647840e+02  3.199587e-14 
  449.000  7.690542e+02  2.647779e+02 -1.242808e-15 
  450.000  7.869095e+02  2.687133e+02 -1.380388e-13 
  451.000  8.515690e+02  2.884191e+02 -1.624005e-13 
  452.000  7.926721e+02  2.662816e+02  5.421010e-14 
  453.000  7.367552e+02  2.454843e+02 -7.008104e-14 
  454.000  7.864777e+02  2.599272e+02  3.910805e-14 
  455.000  7.929536e+02  2.599510e+02 -3.764659e-15 
  456.000  8.131415e+02  2.644200e+02  7.660956e-14 
  457.000  8.186729e+02  2.640881e+02 -2.312943e-13 
  458.000  8.052231e+02  2.576805e+02  1.243926e-13 
  459.000  8.060553e+02  2.558985e+02  2.401729e-13 
  460.000  7.999545e+02  2.519568e+02  3.580430e-13 
  461.000  8.298959e+02  2.593343e+02  7.576477e-14 
  462.000  8.172872e+02  2.533956e+02 -6.494694e-14 
  463.000  8.183879e+02  2.517599e+02  1.366252e-13 
  464.000  8.219911e+02  2.509210e+02 -7.750471e-14 
  465.000  8.108637e+02  2.456246e+02  6.815640e-14 
  466.000  8.374274e+02  2.517299e+02 -1.276011e-13 
  467.000  8.086905e+02  2.412343e+02 -2.063557e-13 
  468.000  8.568817e+02  2.536494e+02  1.104377e-14 
  469.000  8.500527e+02  2.496868e+02 -1.561151e-13 
  470.000  8.389614e+02  2.445173e+02 -1.075581e-13 
  471.000  8.379985e+02  2.423282e+02 -1.192314e-13 
  472.000  8.487327e+02  2.435055e+02 -2.042161e-14 
  473.000  8.398975e+02  2.390643e+02 -1.166223e-13 
  474.000  8.469928e+02  2.391644e+02 -3.683689e-14 
  475.000  8.813715e+02  2.468158e+02 -1.453141e-13 
  476.000  8.542188e+02  2.371642e+02 -1.076058e-13 
  477.000  8.464490e+02  2.330758e+02 -9.709436e-14 
  478.000  8.890473e+02  2.431438e+02 -9.972137e-15 
  479.000  8.497270e+02  2.309883e+02 -1.252134e-13 
  480.000  8.675842e+02  2.344689e+02 -6.619979e-14 
  481.000  8.632806e+02  2.318935e+02  7.514349e-14 
  482.000  8.822390e+02  2.354984e+02 -6.677132e-14 
  483.000  8.839474e+02  2.344256e+02 -1.074246e-13 
  484.000  8.506109e+02  2.240811e+02 -1.167175e-13 
  485.000  8.574819e+02  2.243621e+02 -1.923088e-13 
  486.000  6.957299e+02  1.808022e+02 -2.423242e-14 
  487.000  7.825198e+02  2.019735e+02 -1.071458e-13 
  488.000  8.502354e+02  2.179586e+02  1.468148e-13 
  489.000  7.909025e+02  2.013732e+02 -1.288207e-13 
  490.000  9.010058e+02  2.278568e+02 -9.198295e-14 
  491.000  8.436638e+02  2.119140e+02  1.816312e-14 
  492.000  8.112474e+02  2.023976e+02  1.800644e-13 
  493.000  8.742674e+02  2.166578e+02 -3.429880e-13 
  494.000  8.451091e+02  2.080309e+02  1.386515e-13 
  495.000  9.039746e+02  2.210417e+02  2.896802e-14 
  496.000  8.808975e+02  2.139658e+02 -7.517577e-14 
  497.000  8.549942e+02  2.063013e+02  1.098704e-13 
  498.000  8.352586e+02  2.002138e+02  1.735271e-13 
  499.000  8.336954e+02  1.985280e+02 -1.133455e-13 
  500.000  8.304723e+02  1.964694e+02 -5.271406e-15 
  501.000  8.122800e+02  1.909139e+02 -4.474319e-14 
  502.000  8.073794e+02  1.885334e+02 -6.258245e-15 
  503.000  8.559532e+02  1.985885e+02  7.662366e-14 
  504.000  7.967819e+02  1.836735e+02 -6.395700e-14 
  505.000  8.598291e+02  1.969383e+02 -1.185229e-13 
  506.000  9.209891e+02  2.096174e+02  1.545162e-13 
  507.000  8.573852e+02  1.939184e+02 -6.598336e-15 
  508.000  8.226932e+02  1.849127e+02  1.001168e-13 
  509.000  8.876208e+02  1.982683e+02  1.443290e-13 
  510.000  8.605049e+02  1.910220e+02  9.171546e-14 
  511.000  8.611821e+02  1.899927e+02  1.203989e-15 
  512.000  9.042922e+02  1.982779e+02  9.420718e-15 
  513.000  8.280255e+02  1.804457e+02  7.289106e-14 
  514.000  8.110276e+02  1.756657e+02 -1.644326e-13 
  515.000  8.283571e+02  1.783321e+02 -1.997186e-13 
  516.000  8.704672e+02  1.862626e+02  3.363115e-14 
  517.000  6.414370e+02  1.364233e+02 -1.415545e-14 
  518.000  7.944070e+02  1.679381e+02 -2.001814e-13 
  519.000  7.528802e+02  1.582032e+02 -1.118246e-13 
  520.000  8.291767e+02  1.731940e+02 -9.799959e-14 
  521.000  8.298975e+02  1.723097e+02 -3.190020e-14 
  522.000  8.630716e+02  1.781269e+02  4.084020e-14 
  523.000  8.041992e+02  1.649804e+02  9.378429e-15 
  524.000  8.727379e+02  1.779733e+02 -1.362931e-13 
  525.000  8.659547e+02  1.755367e+02  1.683393e-13 
  526.000  8.254689e+02  1.663453e+02 -5.816539e-14 
  527.000  7.212446e+02  1.444851e+02  1.390402e-13 
  528.000  8.663911e+02  1.725414e+02 -8.168943e-14 
  529.000  8.911671e+02  1.764370e+02  1.886924e-13 
  530.000  8.422455e+02  1.657816e+02 -6.671143e-14 
  531.000  9.169694e+02  1.794464e+02 -4.694558e-14 
  532.000  8.749859e+02  1.702522e+02  5.012571e-14 
  533.000  7.687589e+02  1.487437e+02 -3.613291e-14 
  534.000  8.362803e+02  1.609223e+02  3.186017e-14 
  535.000  8.535907e+02  1.633697e+02 -3.247088e-14 
  536.000  9.061044e+02  1.724890e+02 -7.558786e-14 
  537.000  8.409592e+02  1.592249e+02 -7.349422e-14 
  538.000  8.806163e+02  1.658308e+02  1.787963e-14 
  539.000  8.780071e+02  1.644441e+02 -1.329056e-13 
  540.000  8.595293e+02  1.601119e+02 -6.731535e-14 
  541.000  7.884343e+02  1.460757e+02  1.807679e-13 
  542.000  8.797888e+02  1.621232e+02 -1.084528e-13 
  543.000  8.418303e+02  1.542951e+02 -4.644554e-14 
  544.000  8.882067e+02  1.619212e+02  6.559575e-15 
  545.000  8.752596e+02  1.587065e+02 -1.493596e-13 
  546.000  8.560698e+02  1.543985e+02  1.137931e-13 
  547.000  8.927311e+02  1.601563e+02 -2.293698e-13 
  548.000  8.285854e+02  1.478623e+02  1.666761e-14 
  549.000  8.723107e+02  1.548454e+02  2.395229e-14 
  550.000  8.535271e+02  1.507146e+02  3.314435e-14 
  551.000  8.486539e+02  1.490649e+02  2.283050e-15 
  552.000  8.857357e+02  1.547632e+02 -9.594660e-14 
  553.000  8.515059e+02  1.480038e+02  5.406971e-14 
  554.000  8.798113e+02  1.521260e+02 -7.348929e-14 
  555.000  8.827756e+02  1.518452e+02 -8.611357e-14 
  556.000  8.589127e+02  1.469749e+02 -8.606455e-15 
  557.000  8.338553e+02  1.419468e+02  1.508833e-13 
  558.000  8.659703e+02  1.466508e+02 -2.369670e-14 
  559.000  8.189346e+02  1.379688e+02 -1.104217e-13 
  560.000  8.229050e+02  1.379193e+02 -7.085152e-14 
  561.000  9.047836e+02  1.508546e+02  6.641408e-14 
  562.000  8.306421e+02  1.377416e+02 -1.015007e-13 
  563.000  8.693253e+02  1.434023e+02  1.236672e-13 
  564.000  8.572957e+02  1.406691e+02 -2.463010e-14 
  565.000  8.674965e+02  1.415652e+02 -2.261048e-14 
  566.000  7.999865e+02  1.298626e+02 -8.989231e-14 
  567.000  8.575639e+02  1.383687e+02  6.553125e-14 
  568.000  8.527587e+02  1.364614e+02 -3.338006e-14 
  569.000  8.294081e+02  1.313212e+02 -5.467989e-14 
  570.000  8.348843e+02  1.315994e+02  6.283376e-15 
  571.000  8.098170e+02  1.274769e+02  3.890702e-14 
  572.000  8.515433e+02  1.328428e+02 -3.290572e-14 
  573.000  8.617568e+02  1.338009e+02  7.637633e-15 
  574.000  8.575590e+02  1.325226e+02  8.771717e-15 
  575.000  8.364846e+02  1.285715e+02  2.454051e-14 
  576.000  8.216138e+02  1.256480e+02  7.843970e-15 
  577.000  8.576406e+02  1.306968e+02  1.690162e-14 
  578.000  8.349435e+02  1.268627e+02 -5.588966e-14 
  579.000  8.308360e+02  1.258382e+02 -3.018902e-14 
  580.000  8.618895e+02  1.301162e+02  4.099909e-14 
  581.000  8.495336e+02  1.279379e+02  4.015620e-14 
  582.000  8.645681e+02  1.297699e+02 -3.324193e-14 
  583.000  8.721654e+02  1.303848e+02  3.459798e-14 
  584.000  8.708140e+02  1.296486e+02 -3.445714e-14 
  585.000  8.661409e+02  1.283897e+02 -7.123832e-14 
  586.000  8.299844e+02  1.224973e+02 -1.526313e-14 
  587.000  8.609960e+02  1.262056e+02  0.000000e+00 
  588.000  8.438069e+02  1.223018e+02 -1.082418e-14 
  589.000  7.357530e+02  1.053656e+02  3.242147e-16 
  590.000  7.679222e+02  1.094442e+02  1.562615e-14 
  591.000  8.262217e+02  1.177701e+02  4.965997e-15 
  592.000  8.059243e+02  1.140767e+02  8.036146e-14 
  593.000  8.257905e+02  1.170715e+02 -2.582994e-15 
  594.000  8.314738e+02  1.171755e+02  1.494864e-14 
  595.000  8.084994e+02  1.129742e+02  2.523549e-14 
  596.000  8.400053e+02  1.175763e+02 -1.020938e-14 
  597.000  8.406147e+02  1.169743e+02 -2.407019e-14 
  598.000  8.282704e+02  1.150972e+02 -3.177051e-14 
  599.000  8.307429e+02  1.150999e+02  3.564109e-16 
  600.000  8.351698e+02  1.155251e+02 -3.774706e-14 
  601.000  8.335744e+02  1.151461e+02 -4.668775e-14 
  602.000  8.257954e+02  1.136993e+02 -3.810795e-14 
  603.000  8.322012e+02  1.142016e+02  8.093581e-15 
  604.000  8.599918e+02  1.176056e+02  7.393263e-14 
  605.000  8.589418e+02  1.170127e+02 -8.310478e-15 
  606.000  8.497843e+02  1.152884e+02  7.278364e-14 
  607.000  8.457875e+02  1.142726e+02 -1.076627e-13 
  608.000  8.434343e+02  1.134818e+02 -9.422933e-14 
  609.000  8.354848e+02  1.119442e+02 -1.076798e-15 
  610.000  8.227943e+02  1.097859e+02  2.371362e-14 
  611.000  8.368454e+02  1.111969e+02  6.207219e-14 
  612.000  8.266240e+02  1.093827e+02 -2.269519e-14 
  613.000  8.151894e+02  1.074210e+02  1.455242e-14 
  614.000  7.863546e+02  1.031901e+02  2.354557e-14 
  615.000  8.246397e+02  1.077654e+02 -6.765485e-14 
  616.000  7.846367e+02  1.021118e+02  5.034017e-14 
  617.000  7.895960e+02  1.023283e+02 -7.012877e-14 
  618.000  8.273186e+02  1.067665e+02  3.147209e-14 
  619.000  8.201364e+02  1.053905e+02 -2.338118e-14 
  620.000  8.326204e+02  1.065390e+02 -7.695061e-14 
  621.000  8.472455e+02  1.079443e+02  2.893371e-14 
  622.000  8.027604e+02  1.018326e+02  3.501971e-14 
  623.000  8.091349e+02  1.021874e+02  3.734882e-14 
  624.000  8.101228e+02  1.018630e+02  2.304998e-14 
  625.000  7.882339e+02  9.867388e+01 -3.637323e-14 
  626.000  7.918196e+02  9.863763e+01  2.704421e-14 
  627.000  8.018424e+02  9.909073e+01  2.148138e-14 
  628.000  7.769085e+02  9.457906e+01 -1.254985e-14 
  629.000  8.049823e+02  9.813422e+01  3.187193e-15 
  630.000  7.814321e+02  9.510204e+01  5.191871e-16 
  631.000  8.132371e+02  9.880188e+01 -3.208783e-15 
  632.000  7.563680e+02  9.138810e+01  2.017752e-14 
  633.000  8.167734e+02  9.866282e+01  2.842470e-14 
  634.000  7.946142e+02  9.577549e+01  5.024687e-16 
  635.000  8.102695e+02  9.731786e+01  5.745117e-14 
  636.000  7.833011e+02  9.381205e+01 -4.945318e-14 
  637.000  8.106411e+02  9.678551e+01 -7.577648e-15 
  638.000  8.259099e+02  9.843443e+01 -7.673924e-15 
  639.000  8.200966e+02  9.739724e+01 -7.603164e-15 
  640.000  7.960369e+02  9.428667e+01  0.000000e+00 
  641.000  8.084019e+02  9.540614e+01 -9.982028e-16 
  642.000  8.000101e+02  9.413436e+01 -2.008465e-14 
  643.000  8.135812e+02  9.525910e+01 -1.296566e-14 
  644.000  8.049128e+02  9.389930e+01 -1.181866e-14 
  645.000  8.107463e+02  9.405112e+01  7.469934e-15 
  646.000  7.733929e+02  8.888000e+01  4.503704e-14 
  647.000  7.794178e+02  8.894093e+01 -2.715193e-15 
  648.000  7.728329e+02  8.759284e+01  3.060301e-14 
  649.000  7.936395e+02  8.986051e+01  9.742158e-16 
  650.000  7.447595e+02  8.456785e+01 -4.670136e-15 
  651.000  8.026910e+02  9.081058e+01  9.351785e-15 
  652.000  7.793612e+02  8.734397e+01 -1.436465e-14 
  653.000  8.052386e+02  9.052586e+01 -1.792096e-14 
  654.000  7.940991e+02  8.887328e+01  1.751176e-14 
  655.000  7.701771e+02  8.566085e+01  3.253743e-14 
  656.000  6.552534e+02  7.267945e+01 -7.779281e-15 
  657.000  7.013886e+02  7.762619e+01 -1.970767e-14 
  658.000  7.848723e+02  8.678488e+01  3.790404e-14 
  659.000  7.889152e+02  8.702276e+01  0.000000e+00 
  660.000  7.963058e+02  8.759747e+01  2.063380e-14 
  661.000  8.027197e+02  8.821850e+01 -9.659625e-16 
  662.000  8.156972e+02  8.942339e+01 -6.324361e-15 
  663.000  8.068923e+02  8.812329e+01 -1.540957e-14 
  664.000  7.948329e+02  8.653320e+01 -7.335134e-14 
  665.000  7.990786e+02  8.671924e+01 -4.797822e-14 
  666.000  8.095504e+02  8.758678e+01  1.344783e-14 
  667.000  7.941900e+02  8.565148e+01 -7.997490e-14 
  668.000  7.995761e+02  8.597224e+01  8.131244e-14 
  669.000  8.117043e+02  8.699088e+01  4.840725e-14 
  670.000  8.025562e+02  8.572367e+01  3.880062e-14 
  671.000  7.946445e+02  8.459929e+01  2.620689e-14 
  672.000  7.925859e+02  8.409789e+01 -5.409390e-14 
  673.000  7.987860e+02  8.447240e+01  1.924192e-14 
  674.000  8.008539e+02  8.440857e+01 -1.071872e-13 
  675.000  7.891288e+02  8.289642e+01  1.202516e-14 
  676.000  8.045197e+02  8.423208e+01  8.018171e-15 
  677.000  7.889893e+02  8.233207e+01 -1.856265e-15 
  678.000  8.025182e+02  8.346716e+01 -2.627234e-14 
  679.000  7.915621e+02  8.204953e+01 -1.512111e-13 
  680.000  7.854973e+02  8.111651e+01  5.735379e-14 
  681.000  7.864180e+02  8.090743e+01  3.262205e-14 
  682.000  7.849916e+02  8.048186e+01  1.283390e-14 
  683.000  7.904387e+02  8.075226e+01  1.984273e-14 
  684.000  7.759009e+02  7.894490e+01 -5.077049e-14 
  685.000  7.854366e+02  7.969028e+01 -6.872840e-15 
  686.000  7.493655e+02  7.562849e+01 -3.208743e-14 
  687.000  6.352836e+02  6.220782e+01  8.298073e-15 
  688.000  6.718243e+02  6.589104e+01  1.789769e-14 
  689.000  6.630606e+02  6.472573e+01 -6.696443e-15 
  690.000  6.853143e+02  6.685378e+01 -2.158959e-14 
  691.000  7.121564e+02  6.953352e+01  5.295277e-15 
  692.000  7.204652e+02  7.029896e+01 -3.038512e-14 
  693.000  7.127921e+02  6.905369e+01  6.778533e-15 
  694.000  7.056910e+02  6.791616e+01  1.901946e-14 
  695.000  7.048722e+02  6.777538e+01 -1.198446e-14 
  696.000  7.200496e+02  6.913042e+01  1.649132e-14 
  697.000  7.517749e+02  7.271526e+01  2.525535e-14 
  698.000  7.316363e+02  7.034159e+01  9.261123e-15 
  699.000  7.179714e+02  6.821547e+01  1.520628e-14 
  700.000  7.140974e+02  6.770314e+01 -4.543202e-15 
  701.000  6.922877e+02  6.533099e+01  6.007520e-15 
  702.000  6.933054e+02  6.529075e+01 -9.764470e-15 
  703.000  7.254704e+02  6.858564e+01  1.745545e-14 
  704.000  7.286598e+02  6.869550e+01  3.119652e-15 
  705.000  7.250510e+02  6.791769e+01 -1.848277e-14 
  706.000  7.192888e+02  6.720800e+01 -3.361845e-14 
  707.000  7.118207e+02  6.637843e+01  1.139742e-14 
  708.000  7.362330e+02  6.853101e+01  1.088486e-15 
  709.000  7.173046e+02  6.675790e+01  3.440732e-15 
  710.000  7.262286e+02  6.716798e+01 -2.144444e-14 
  711.000  7.268463e+02  6.722853e+01  7.758508e-15 
  712.000  7.234340e+02  6.691041e+01  1.005807e-14 
  713.000  7.151397e+02  6.577054e+01  2.727797e-14 
  714.000  7.254968e+02  6.646012e+01  1.754791e-14 
  715.000  6.915859e+02  6.293435e+01 -2.851548e-14 
  716.000  7.003870e+02  6.332806e+01 -7.963703e-15 
  717.000  6.245165e+02  5.561552e+01  2.135264e-15 
  718.000  5.863173e+02  5.159575e+01  4.024327e-16 
  719.000  5.672498e+02  4.954533e+01  2.106233e-15 
  720.000  5.531404e+02  4.782399e+01  1.598604e-15 
  721.000  6.339498e+02  5.591315e+01 -1.080878e-15 
  722.000  6.732933e+02  5.955611e+01  9.194536e-15 
  723.000  6.546746e+02  5.753911e+01  2.965499e-15 
  724.000  6.103533e+02  5.300560e+01  1.131294e-15 
  725.000  6.105938e+02  5.294567e+01 -5.650552e-15 
  726.000  6.073503e+02  5.248949e+01 -2.695175e-15 
  727.000  6.231856e+02  5.378219e+01  5.159826e-16 
  728.000  6.053061e+02  5.201129e+01 -2.391775e-15 
  729.000  5.987096e+02  5.148946e+01 -1.537527e-15 
  730.000  6.178118e+02  5.296173e+01  1.064016e-15 
  731.000  6.040225e+02  5.160718e+01  2.639831e-15 
  732.000  6.461898e+02  5.535299e+01  1.423881e-15 
  733.000  6.658342e+02  5.724369e+01 -6.555569e-15 
  734.000  6.942079e+02  5.978694e+01 -1.763416e-14 
  735.000  6.836794e+02  5.861476e+01  1.327338e-14 
  736.000  6.618427e+02  5.642881e+01 -7.643122e-15 
  737.000  6.776879e+02  5.773218e+01 -1.548518e-14 
  738.000  6.855975e+02  5.842974e+01 -3.785360e-14 
  739.000  6.675242e+02  5.681958e+01 -1.260119e-14 
  740.000  6.829525e+02  5.820293e+01  2.732082e-15 
  741.000  6.827844e+02  5.817835e+01  1.694888e-14 
  742.000  6.737638e+02  5.731490e+01 -2.077388e-14 
  743.000  6.983724e+02  5.938735e+01  1.187018e-14 
  744.000  7.072372e+02  6.005679e+01  1.716677e-14 
  745.000  6.905542e+02  5.853817e+01 -2.681975e-14 
  746.000  7.015481e+02  5.935249e+01  5.913101e-15 
  747.000  7.128037e+02  6.014148e+01 -5.243372e-14 
  748.000  7.008615e+02  5.901056e+01 -4.908605e-14 
  749.000  7.016185e+02  5.892688e+01 -3.377881e-14 
  750.000  6.910635e+02  5.785965e+01 -2.747778e-14 
  751.000  6.895411e+02  5.757505e+01 -1.659796e-14 
  752.000  7.011692e+02  5.842171e+01  1.527245e-14 
  753.000  6.950148e+02  5.776159e+01 -2.832997e-14 
  754.000  7.062754e+02  5.854435e+01  8.314137e-14 
  755.000  7.024774e+02  5.807270e+01  9.393395e-15 
  756.000  6.889852e+02  5.680482e+01  0.000000e+00 
  757.000  6.942194e+02  5.708119e+01 -6.073457e-14 
  758.000  6.921901e+02  5.671539e+01 -7.075227e-14 
  759.000  6.125623e+02  4.904496e+01  1.037235e-15 
  760.000  1.898860e+02  1.346346e+01  1.683138e-16 
  761.000  1.589877e+02  1.103308e+01 -5.001794e-19 
  762.000  3.662146e+02  2.731787e+01 -1.203847e-16 
  763.000  3.028669e+02  2.220760e+01 -6.300730e-16 
  764.000  3.396159e+02  2.501019e+01 -1.275188e-15 
  765.000  4.271424e+02  3.202170e+01  4.676839e-16 
  766.000  5.108689e+02  3.972967e+01 -5.726459e-15 
  767.000  5.730588e+02  4.479444e+01 -5.443025e-16 
  768.000  6.332058e+02  4.972453e+01  2.851021e-14 
  769.000  6.555941e+02  5.175205e+01  1.128146e-14 
  770.000  6.643492e+02  5.255475e+01  1.749271e-14 
  771.000  6.708389e+02  5.307981e+01  3.055926e-14 
  772.000  6.697243e+02  5.289145e+01  6.383765e-14 
  773.000  6.676893e+02  5.260885e+01  3.178162e-14 
  774.000  6.755280e+02  5.310464e+01  7.541674e-14 
  775.000  6.506473e+02  5.102824e+01  5.567496e-14 
  776.000  6.778437e+02  5.303251e+01 -2.805313e-14 
  777.000  6.733136e+02  5.254173e+01 -9.506304e-14 
  778.000  6.697771e+02  5.212638e+01 -1.588343e-14 
  779.000  6.720262e+02  5.216215e+01 -6.374476e-14 
  780.000  6.637789e+02  5.138516e+01 -1.211649e-13 
  781.000  6.631536e+02  5.122017e+01 -2.192775e-14 
  782.000  6.712025e+02  5.170424e+01 -3.735241e-14 
  783.000  6.555839e+02  5.036797e+01 -6.212587e-14 
  784.000  6.590939e+02  5.049456e+01 -7.302360e-16 
  785.000  6.594376e+02  5.032642e+01  3.061483e-14 
  786.000  6.457898e+02  4.905887e+01 -1.541887e-14 
  787.000  6.501907e+02  4.908851e+01 -7.800990e-15 
  788.000  6.377265e+02  4.793505e+01 -1.557767e-14 
  789.000  6.314257e+02  4.707040e+01  1.173945e-14 
  790.000  6.242327e+02  4.639602e+01  1.737282e-14 
  791.000  6.230035e+02  4.623217e+01  2.311558e-14 
  792.000  6.149724e+02  4.556407e+01 -1.654756e-15 
  793.000  6.185045e+02  4.581649e+01 -9.140703e-15 
  794.000  6.206533e+02  4.611820e+01 -2.393844e-14 
  795.000  6.122443e+02  4.521858e+01 -4.712789e-15 
  796.000  6.088090e+02  4.451406e+01  5.383983e-15 
  797.000  6.167387e+02  4.506796e+01 -1.578527e-14 
  798.000  6.260416e+02  4.585961e+01 -6.221834e-15 
  799.000  6.236071e+02  4.551317e+01  6.931572e-15 
  800.000  6.011772e+02  4.361502e+01 -2.068967e-14 
  801.000  6.131942e+02  4.439469e+01  1.881613e-14 
  802.000  6.114499e+02  4.414539e+01 -1.055547e-14 
  803.000  6.037046e+02  4.350057e+01  2.261426e-14 
  804.000  6.122731e+02  4.408160e+01  2.137089e-14 
  805.000  6.012300e+02  4.332808e+01 -1.235442e-14 
  806.000  6.210498e+02  4.474780e+01 -1.658485e-14 
  807.000  6.175804e+02  4.439393e+01 -4.249353e-14 
  808.000  6.119299e+02  4.382380e+01  3.366525e-14 
  809.000  5.992701e+02  4.274776e+01 -1.038420e-14 
  810.000  5.940111e+02  4.220270e+01 -2.209324e-14 
  811.000  5.980737e+02  4.226308e+01  1.813783e-14 
  812.000  5.886060e+02  4.134973e+01  2.260468e-15 
  813.000  5.769707e+02  4.029319e+01  2.588699e-15 
  814.000  5.640338e+02  3.915323e+01  6.928889e-15 
  815.000  5.429231e+02  3.746655e+01  7.887822e-15 
  816.000  5.190642e+02  3.561609e+01 -1.061409e-15 
  817.000  5.232495e+02  3.581816e+01  2.354962e-15 
  818.000  5.216482e+02  3.563338e+01 -4.340213e-15 
  819.000  5.138597e+02  3.506240e+01  7.592823e-15 
  820.000  5.244896e+02  3.584845e+01  1.269178e-15 
  821.000  5.664397e+02  3.890660e+01  1.250722e-14 
  822.000  5.324188e+02  3.627072e+01 -4.361315e-15 
  823.000  4.892171e+02  3.293450e+01  6.218234e-15 
  824.000  5.398003e+02  3.654004e+01  1.071892e-15 
  825.000  5.670720e+02  3.861393e+01  3.001961e-14 
  826.000  5.659903e+02  3.838849e+01 -4.437152e-15 
  827.000  5.606448e+02  3.789219e+01 -3.965246e-15 
  828.000  5.411409e+02  3.631383e+01  1.189664e-14 
  829.000  5.475180e+02  3.671138e+01 -1.351734e-14 
  830.000  5.462097e+02  3.661358e+01 -2.237941e-15 
  831.000  5.383862e+02  3.602781e+01 -1.306170e-14 
  832.000  5.502810e+02  3.675474e+01 -1.041970e-14 
  833.000  5.373217e+02  3.585975e+01 -1.630523e-15 
  834.000  5.501954e+02  3.670590e+01  9.617049e-15 
  835.000  5.606284e+02  3.748333e+01  5.338226e-15 
  836.000  5.642595e+02  3.758497e+01 -9.206449e-15 
  837.000  5.593679e+02  3.717115e+01  1.417790e-14 
  838.000  5.659117e+02  3.760785e+01 -8.891270e-16 
  839.000  5.509082e+02  3.658463e+01  1.613489e-14 
  840.000  5.666804e+02  3.756887e+01 -2.936912e-14 
  841.000  5.654559e+02  3.734068e+01  3.607421e-15 
  842.000  5.644628e+02  3.724742e+01 -8.460668e-15 
  843.000  5.664064e+02  3.744006e+01 -1.248830e-14 
  844.000  5.596301e+02  3.698313e+01  3.749660e-15 
  845.000  5.693819e+02  3.757963e+01  9.237231e-15 
  846.000  5.755961e+02  3.793032e+01  1.390394e-14 
  847.000  5.571565e+02  3.668166e+01  4.880000e-15 
  848.000  5.715629e+02  3.748145e+01 -3.830757e-15 
  849.000  5.729437e+02  3.749699e+01  3.227684e-15 
  850.000  4.945043e+02  3.226117e+01 -1.008473e-14 
  851.000  5.653337e+02  3.676057e+01  1.105070e-14 
  852.000  5.440714e+02  3.530318e+01 -1.743718e-15 
  853.000  5.523967e+02  3.582806e+01 -9.869963e-15 
  854.000  4.440720e+02  2.873581e+01  8.852306e-16 
  855.000  4.896715e+02  3.163430e+01  4.026682e-15 
  856.000  5.576335e+02  3.602431e+01  4.255960e-15 
  857.000  5.673908e+02  3.660769e+01 -3.518518e-14 
  858.000  5.588006e+02  3.599212e+01  4.554842e-15 
  859.000  5.596375e+02  3.600452e+01  3.940350e-15 
  860.000  5.550836e+02  3.565079e+01 -5.106587e-14 
  861.000  5.551516e+02  3.558037e+01  2.583005e-14 
  862.000  5.536508e+02  3.541837e+01 -5.865169e-14 
  863.000  5.643327e+02  3.602446e+01 -3.080556e-14 
  864.000  5.634460e+02  3.589768e+01  3.469235e-14 
  865.000  5.531533e+02  3.517184e+01 -2.628092e-14 
  866.000  4.640713e+02  2.944501e+01  3.254454e-15 
  867.000  4.942143e+02  3.128850e+01 -4.001988e-15 
  868.000  5.360712e+02  3.386601e+01  8.099033e-15 
  869.000  5.286565e+02  3.332757e+01  1.283769e-14 
  870.000  5.504872e+02  3.462740e+01 -2.434827e-14 
  871.000  5.498144e+02  3.451272e+01 -3.853467e-15 
  872.000  5.477787e+02  3.431609e+01 -1.329373e-14 
  873.000  5.499196e+02  3.437135e+01  1.720264e-14 
  874.000  5.378638e+02  3.354325e+01 -1.247461e-14 
  875.000  5.329595e+02  3.316579e+01 -4.455092e-14 
  876.000  5.373018e+02  3.335788e+01 -2.928226e-14 
  877.000  5.479835e+02  3.394466e+01 -2.543325e-14 
  878.000  5.381723e+02  3.324422e+01  4.948850e-15 
  879.000  5.394359e+02  3.325016e+01 -2.070044e-14 
  880.000  5.359764e+02  3.294804e+01  5.830709e-16 
  881.000  5.079797e+02  3.115152e+01 -3.080733e-14 
  882.000  5.358594e+02  3.278140e+01  2.497420e-14 
  883.000  5.239101e+02  3.199325e+01  1.645436e-14 
  884.000  5.285029e+02  3.221007e+01 -8.583543e-15 
  885.000  5.331583e+02  3.238660e+01 -4.050832e-15 
  886.000  5.145647e+02  3.113964e+01  5.635840e-16 
  887.000  5.102547e+02  3.085389e+01  2.785567e-16 
  888.000  5.255248e+02  3.170844e+01 -8.279608e-15 
  889.000  5.293849e+02  3.188718e+01  0.000000e+00 
  890.000  5.269628e+02  3.164328e+01 -1.232579e-14 
  891.000  5.225386e+02  3.124871e+01 -1.228097e-14 
  892.000  5.170462e+02  3.076031e+01  1.662173e-14 
  893.000  4.853571e+02  2.856083e+01 -8.578369e-15 
  894.000  4.951393e+02  2.897344e+01  5.074147e-15 
  895.000  4.512171e+02  2.616340e+01  7.685561e-15 
  896.000  4.483457e+02  2.583794e+01  1.230434e-15 
  897.000  4.169783e+02  2.388212e+01 -9.737959e-16 
  898.000  4.079594e+02  2.326050e+01  9.133221e-16 
  899.000  3.809514e+02  2.146746e+01 -3.702692e-16 
  900.000  3.750802e+02  2.112714e+01  9.164658e-17 
  901.000  3.605898e+02  2.020514e+01  4.670023e-16 
  902.000  3.552642e+02  1.988593e+01 -9.989130e-16 
  903.000  4.189076e+02  2.372618e+01  1.714661e-15 
  904.000  4.532591e+02  2.573687e+01  3.609647e-16 
  905.000  4.511348e+02  2.556775e+01 -6.503557e-15 
  906.000  4.218854e+02  2.379730e+01  2.992216e-17 
  907.000  3.985374e+02  2.230443e+01 -9.003143e-16 
  908.000  3.686447e+02  2.043467e+01 -7.508247e-17 
  909.000  3.631180e+02  2.009324e+01  1.706868e-16 
  910.000  3.703011e+02  2.047640e+01 -1.783169e-16 
  911.000  3.818811e+02  2.117709e+01 -3.406858e-15 
  912.000  3.766206e+02  2.080075e+01 -4.049836e-16 
  913.000  3.587826e+02  1.951290e+01 -4.017892e-16 
  914.000  3.695499e+02  2.020941e+01  4.443855e-16 
  915.000  3.733102e+02  2.047722e+01  3.782081e-16 
  916.000  3.808053e+02  2.087468e+01  9.581230e-16 
  917.000  3.805542e+02  2.086756e+01 -8.951587e-16 
  918.000  3.859763e+02  2.117488e+01  9.281887e-16 
  919.000  4.165581e+02  2.292220e+01  1.649815e-15 
  920.000  4.321400e+02  2.381658e+01 -3.181511e-16 
  921.000  4.185796e+02  2.301150e+01 -2.108540e-17 
  922.000  4.145271e+02  2.274501e+01 -1.604409e-15 
  923.000  3.921307e+02  2.145568e+01  3.022396e-15 
  924.000  3.961837e+02  2.159207e+01  1.790513e-15 
  925.000  4.003050e+02  2.176095e+01  1.678471e-16 
  926.000  3.853658e+02  2.088156e+01 -1.158209e-15 
  927.000  3.847496e+02  2.072753e+01 -2.095942e-15 
  928.000  3.644425e+02  1.942825e+01 -8.861922e-16 
  929.000  3.279795e+02  1.711901e+01 -4.531303e-16 
  930.000  2.891011e+02  1.469998e+01 -6.862006e-16 
  931.000  2.488196e+02  1.241483e+01  1.135969e-16 
  932.000  1.972055e+02  9.654384e+00  5.378995e-18 
  933.000  1.645967e+02  7.949933e+00 -1.262686e-18 
  934.000  1.323101e+02  6.274917e+00 -2.863439e-17 
  935.000  1.270938e+02  6.002947e+00 -2.569044e-17 
  936.000  1.374247e+02  6.522739e+00  5.157030e-17 
  937.000  1.377609e+02  6.517667e+00 -2.826885e-17 
  938.000  1.713839e+02  8.234472e+00  9.191556e-17 
  939.000  2.771049e+02  1.371862e+01 -1.324100e-16 
  940.000  2.928939e+02  1.462189e+01 -2.062207e-16 
  941.000  2.721815e+02  1.345513e+01 -1.081368e-16 
  942.000  2.292744e+02  1.116098e+01  2.959750e-16 
  943.000  1.884437e+02  9.037924e+00 -1.848577e-26 
  944.000  1.796940e+02  8.589831e+00  5.869488e-17 
  945.000  1.992736e+02  9.546200e+00  4.898951e-17 
  946.000  2.032113e+02  9.724524e+00  1.149781e-16 
  947.000  2.191607e+02  1.051931e+01  1.037198e-17 
  948.000  2.308201e+02  1.109110e+01  6.114886e-17 
  949.000  2.304627e+02  1.105756e+01 -7.356916e-18 
  950.000  2.316835e+02  1.110656e+01 -1.868702e-23 
  951.000  2.537244e+02  1.223382e+01  2.061073e-16 
  952.000  2.291922e+02  1.095711e+01  1.084441e-16 
  953.000  2.461173e+02  1.181235e+01  1.278569e-16 
  954.000  2.629636e+02  1.270091e+01  2.033297e-17 
  955.000  2.315946e+02  1.110789e+01  1.461451e-16 
  956.000  2.441791e+02  1.169425e+01 -1.167283e-16 
  957.000  2.931448e+02  1.436136e+01  6.485534e-16 
  958.000  3.023655e+02  1.486241e+01  1.865208e-16 
  959.000  2.953097e+02  1.441624e+01 -2.560358e-16 
  960.000  2.903158e+02  1.413140e+01  4.112093e-16 
  961.000  2.832421e+02  1.373206e+01  2.506234e-16 
  962.000  2.886120e+02  1.400431e+01 -6.245573e-18 
  963.000  3.161041e+02  1.560914e+01 -6.826127e-17 
  964.000  3.166953e+02  1.565707e+01 -3.517243e-18 
  965.000  3.180201e+02  1.567138e+01  7.617604e-16 
  966.000  3.105092e+02  1.529496e+01  3.913480e-17 
  967.000  3.405511e+02  1.694546e+01  3.401101e-16 
  968.000  3.721303e+02  1.866294e+01  1.708402e-15 
  969.000  3.909432e+02  1.963560e+01 -1.777930e-15 
  970.000  3.929995e+02  1.971141e+01  1.351695e-15 
  971.000  3.891588e+02  1.948286e+01  1.599414e-16 
  972.000  3.872197e+02  1.933134e+01  6.064407e-15 
  973.000  3.729980e+02  1.855261e+01  5.551527e-17 
  974.000  3.546710e+02  1.757025e+01 -1.277950e-15 
  975.000  3.484008e+02  1.719691e+01 -5.500752e-17 
  976.000  3.626490e+02  1.790745e+01 -7.830744e-16 
  977.000  3.697906e+02  1.827874e+01  7.903451e-16 
  978.000  3.776478e+02  1.863380e+01  1.704363e-15 
  979.000  3.710287e+02  1.829287e+01  1.571597e-15 
  980.000  3.933984e+02  1.943904e+01 -3.193442e-16 
  981.000  4.000580e+02  1.975936e+01 -2.556335e-15 
  982.000  3.954189e+02  1.947600e+01 -2.058120e-15 
  983.000  4.033355e+02  1.989289e+01 -1.249678e-14 
  984.000  4.098827e+02  2.026529e+01  2.879294e-15 
  985.000  4.149932e+02  2.054235e+01 -4.242661e-15 
  986.000  4.184094e+02  2.076742e+01  8.898631e-15 
  987.000  4.261926e+02  2.116269e+01  3.197148e-15 
  988.000  4.216522e+02  2.091110e+01 -9.976866e-15 
  989.000  4.167574e+02  2.063853e+01 -1.917151e-14 
  990.000  4.210469e+02  2.082542e+01 -3.733961e-15 
  991.000  4.270316e+02  2.112728e+01  2.981541e-15 
  992.000  4.237148e+02  2.092832e+01 -1.711497e-15 
  993.000  4.239940e+02  2.090982e+01 -1.940687e-15 
  994.000  4.284290e+02  2.113757e+01  1.352762e-14 
  995.000  4.268320e+02  2.105294e+01  0.000000e+00 
  996.000  4.267538e+02  2.101083e+01  1.660769e-14 
  997.000  4.262787e+02  2.092943e+01  3.188121e-15 
  998.000  4.235720e+02  2.073530e+01 -3.404779e-15 
  999.000  4.221540e+02  2.062047e+01  3.168868e-15 
 1000.000  4.191064e+02  2.044131e+01  0.000000e+00 
 1001.000  4.192643e+02  2.037589e+01 -8.003513e-15 
 1002.000  4.150517e+02  2.007270e+01  1.277562e-15 
 1003.000  4.110860e+02  1.985945e+01  2.079772e-15 
 1004.000  4.097260e+02  1.979366e+01 -7.192846e-15 
 1005.000  3.835890e+02  1.851356e+01  1.293483e-15 
 1006.000  4.040330e+02  1.947067e+01  8.320871e-15 
 1007.000  4.107390e+02  1.974618e+01  1.097925e-14 
 1008.000  4.095978e+02  1.960652e+01  1.275349e-15 
 1009.000  4.032792e+02  1.921027e+01 -7.152438e-15 
 1010.000  4.065287e+02  1.935648e+01 -4.965674e-15 
 1011.000  4.084303e+02  1.947950e+01  8.844629e-15 
 1012.000  4.101501e+02  1.955445e+01 -4.485256e-15 
 1013.000  4.083042e+02  1.944751e+01 -6.348052e-15 
 1014.000  4.114662e+02  1.957413e+01 -3.083395e-15 
 1015.000  4.039411e+02  1.918367e+01  3.026396e-15 
 1016.000  4.070946e+02  1.931069e+01  5.872077e-15 
 1017.000  4.034123e+02  1.910873e+01  3.231555e-15 
 1018.000  4.080075e+02  1.927769e+01  0.000000e+00 
 1019.000  3.974181e+02  1.871592e+01  0.000000e+00 
 1020.000  3.970603e+02  1.867595e+01  0.000000e+00 
 1021.000  4.019422e+02  1.889254e+01  6.232820e-15 
 1022.000  3.943850e+02  1.847077e+01 -6.355968e-15 
 1023.000  4.007555e+02  1.871962e+01 -1.593979e-16 
 1024.000  3.979417e+02  1.854107e+01 -2.561355e-15 
 1025.000  4.001093e+02  1.864656e+01 -6.226092e-15 
 1026.000  4.016202e+02  1.870696e+01 -6.230636e-15 
 1027.000  3.988056e+02  1.853366e+01 -2.775211e-15 
 1028.000  4.000957e+02  1.856860e+01 -5.993063e-15 
 1029.000  3.950392e+02  1.832457e+01 -5.687009e-15 
 1030.000  3.999009e+02  1.853782e+01  2.763825e-15 
 1031.000  3.991433e+02  1.848142e+01 -9.754435e-15 
 1032.000  3.981121e+02  1.840941e+01  9.081691e-15 
 1033.000  3.908647e+02  1.804407e+01 -1.803707e-14 
 1034.000  3.952057e+02  1.821708e+01 -1.130822e-14 
 1035.000  3.910969e+02  1.799820e+01 -5.177202e-15 
 1036.000  3.961402e+02  1.819759e+01 -1.826765e-14 
 1037.000  3.878302e+02  1.778559e+01 -5.754631e-15 
 1038.000  3.917250e+02  1.793406e+01 -1.162219e-14 
 1039.000  3.932201e+02  1.796745e+01  8.963365e-15 
 1040.000  3.884804e+02  1.771702e+01  1.483371e-14 
 1041.000  3.904550e+02  1.777336e+01 -1.449772e-14 
 1042.000  3.915767e+02  1.779217e+01  2.908199e-15 
 1043.000  3.848086e+02  1.745369e+01  0.000000e+00 
 1044.000  3.885522e+02  1.759057e+01  6.395254e-15 
 1045.000  3.866952e+02  1.746988e+01 -8.832901e-15 
 1046.000  3.753089e+02  1.692193e+01 -8.577992e-15 
 1047.000  3.820344e+02  1.719040e+01 -9.146645e-15 
 1048.000  3.856732e+02  1.731972e+01  8.829288e-15 
 1049.000  3.830114e+02  1.716626e+01  1.714314e-14 
 1050.000  3.805070e+02  1.701827e+01  5.886381e-15 
 1051.000  3.802283e+02  1.696699e+01  6.093841e-15 
 1052.000  3.782297e+02  1.684246e+01 -8.491665e-15 
 1053.000  3.783009e+02  1.681434e+01  0.000000e+00 
 1054.000  3.741036e+02  1.659002e+01  2.804396e-15 
 1055.000  3.765144e+02  1.665870e+01  3.029431e-15 
 1056.000  3.752189e+02  1.656489e+01 -1.148398e-14 
 1057.000  3.739424e+02  1.646267e+01 -3.020994e-15 
 1058.000  3.689605e+02  1.618542e+01 -1.003188e-16 
 1059.000  3.573311e+02  1.564875e+01  5.510294e-15 
 1060.000  3.706638e+02  1.621851e+01  5.603286e-15 
 1061.000  3.575230e+02  1.561650e+01 -1.449200e-15 
 1062.000  3.668165e+02  1.598135e+01  0.000000e+00 
 1063.000  3.603396e+02  1.567039e+01  4.204132e-15 
 1064.000  3.644502e+02  1.581124e+01 -9.964713e-17 
 1065.000  3.632870e+02  1.571951e+01  2.874629e-15 
 1066.000  3.521974e+02  1.521890e+01  4.130913e-15 
 1067.000  3.602515e+02  1.553563e+01  9.890872e-17 
 1068.000  3.575242e+02  1.537144e+01 -3.366604e-15 
 1069.000  3.300016e+02  1.415446e+01  6.070335e-16 
 1070.000  3.498995e+02  1.499102e+01  2.287668e-15 
 1071.000  3.496852e+02  1.494399e+01  2.692540e-15 
 1072.000  3.499075e+02  1.491653e+01  1.824965e-15 
 1073.000  3.383018e+02  1.439939e+01 -2.382147e-17 
 1074.000  3.504208e+02  1.489785e+01  7.640806e-16 
 1075.000  3.410527e+02  1.450376e+01 -1.925138e-15 
 1076.000  3.476918e+02  1.475096e+01  1.492996e-15 
 1077.000  3.457998e+02  1.463176e+01 -4.691826e-15 
 1078.000  3.454461e+02  1.457594e+01  1.118450e-15 
 1079.000  3.319395e+02  1.398472e+01  3.142187e-16 
 1080.000  3.379779e+02  1.417170e+01 -1.833614e-15 
 1081.000  3.254296e+02  1.362496e+01  2.600314e-15 
 1082.000  3.312971e+02  1.387110e+01  8.936789e-16 
 1083.000  3.204560e+02  1.337649e+01  9.828290e-16 
 1084.000  3.304878e+02  1.375385e+01  4.614928e-15 
 1085.000  3.208850e+02  1.329375e+01 -1.317581e-16 
 1086.000  3.263677e+02  1.351119e+01  2.151090e-15 
 1087.000  3.119426e+02  1.294460e+01  2.730419e-15 
 1088.000  3.311769e+02  1.372671e+01 -7.059173e-16 
 1089.000  3.115945e+02  1.283906e+01 -8.545976e-16 
 1090.000  3.170504e+02  1.303668e+01  2.164223e-15 
 1091.000  3.204875e+02  1.316807e+01  2.258023e-15 
 1092.000  3.095836e+02  1.268066e+01  4.428452e-16 
 1093.000  2.980369e+02  1.215670e+01 -1.951425e-16 
 1094.000  2.681754e+02  1.091366e+01  1.189654e-15 
 1095.000  2.908093e+02  1.181883e+01  1.032168e-16 
 1096.000  2.900779e+02  1.177122e+01 -4.568213e-16 
 1097.000  2.846431e+02  1.152753e+01 -1.064650e-15 
 1098.000  2.619198e+02  1.053507e+01  9.777246e-16 
 1099.000  2.457083e+02  9.767341e+00  3.099712e-16 
 1100.000  2.510235e+02  9.973129e+00  2.908319e-16 
