  400.000  5.657114e+02  2.920517e+02  1.418407e-14 
  401.000  5.637482e+02  2.878702e+02 -1.460125e-13 
  402.000  5.989738e+02  3.025508e+02 -2.094101e-13 
  403.000  5.623834e+02  2.810170e+02  1.734365e-13 
  404.000  6.058042e+02  2.994831e+02 -1.585832e-13 
  405.000  5.568666e+02  2.723686e+02 -7.357964e-14 
  406.000  5.539384e+02  2.680814e+02 -7.204859e-14 
  407.000  5.407217e+02  2.589458e+02  1.461408e-13 
  408.000  5.870841e+02  2.782239e+02  7.861770e-14 
  409.000  6.512341e+02  3.054339e+02  8.042362e-14 
  410.000  5.456099e+02  2.532653e+02 -7.086712e-14 
  411.000  6.420239e+02  2.949744e+02  1.672838e-13 
  412.000  6.665764e+02  3.031431e+02  1.285052e-13 
  413.000  6.309180e+02  2.840322e+02 -2.014713e-14 
  414.000  6.204023e+02  2.764881e+02 -1.866191e-13 
  415.000  6.629218e+02  2.924957e+02 -4.594185e-13 
  416.000  6.600922e+02  2.883611e+02  2.275838e-14 
  417.000  6.411597e+02  2.773304e+02 -2.741199e-14 
  418.000  6.283132e+02  2.691113e+02  7.991151e-14 
  419.000  6.448365e+02  2.734971e+02 -4.689764e-13 
  420.000  5.467340e+02  2.296424e+02 -1.815712e-13 
  421.000  6.861490e+02  2.854280e+02  3.857748e-13 
  422.000  6.585570e+02  2.713328e+02  2.033213e-13 
  423.000  5.570953e+02  2.273505e+02  8.937798e-14 
  424.000  6.137559e+02  2.481097e+02 -1.852324e-13 
  425.000  6.366602e+02  2.549487e+02  9.423921e-14 
  426.000  6.129556e+02  2.431614e+02  2.713378e-14 
  427.000  5.904961e+02  2.320745e+02  6.634191e-14 
  428.000  5.988276e+02  2.331740e+02 -1.337230e-13 
  429.000  5.456020e+02  2.104968e+02  1.036348e-13 
  430.000  4.360149e+02  1.666797e+02  5.862786e-14 
  431.000  3.925794e+02  1.487119e+02  1.998445e-14 
  432.000  7.076495e+02  2.656407e+02 -1.557364e-13 
  433.000  6.307910e+02  2.346618e+02  6.216982e-14 
  434.000  6.003683e+02  2.213495e+02 -4.857834e-14 
  435.000  6.540773e+02  2.390097e+02  1.018339e-13 
  436.000  7.262504e+02  2.630380e+02 -1.470903e-14 
  437.000  7.342327e+02  2.635916e+02 -1.607449e-13 
  438.000  6.585812e+02  2.343648e+02  9.372480e-14 
  439.000  6.381191e+02  2.251091e+02  1.185031e-13 
  440.000  7.161166e+02  2.504362e+02 -3.828519e-15 
  441.000  7.146940e+02  2.477842e+02 -9.239480e-14 
  442.000  7.536519e+02  2.590473e+02  1.298341e-13 
  443.000  7.596219e+02  2.588663e+02  9.921450e-14 
  444.000  7.556010e+02  2.553023e+02 -8.406200e-14 
  445.000  7.957510e+02  2.665835e+02 -1.603047e-13 
  446.000  7.091597e+02  2.355584e+02  1.888079e-13 
  447.000  8.097662e+02  2.667300e+02 -2.732128e-14 
  448.000  8.242513e+02  2.692859e+02 -1.822090e-13 
  449.000  8.308713e+02  2.692579e+02  1.075889e-13 
  450.000  8.499984e+02  2.732385e+02 -8.320331e-14 
  451.000  9.196718e+02  2.932548e+02  2.648942e-14 
  452.000  8.559120e+02  2.707275e+02 -1.765223e-13 
  453.000  7.953953e+02  2.495665e+02 -3.504052e-14 
  454.000  8.489304e+02  2.642325e+02 -3.217842e-13 
  455.000  8.557808e+02  2.642413e+02 -1.966535e-13 
  456.000  8.774340e+02  2.687708e+02 -6.377989e-14 
  457.000  8.832674e+02  2.684201e+02 -1.600519e-14 
  458.000  8.686252e+02  2.618946e+02 -1.042769e-13 
  459.000  8.693947e+02  2.600714e+02 -2.671389e-13 
  460.000  8.626884e+02  2.560534e+02  1.185011e-13 
  461.000  8.948483e+02  2.635389e+02  7.189347e-14 
  462.000  8.811280e+02  2.574926e+02 -1.588596e-13 
  463.000  8.821907e+02  2.558194e+02  3.968149e-14 
  464.000  8.859269e+02  2.549488e+02 -9.456231e-15 
  465.000  8.737906e+02  2.495501e+02  1.165156e-13 
  466.000  9.022709e+02  2.557359e+02 -9.888391e-14 
  467.000  8.711727e+02  2.450575e+02 -3.101509e-13 
  468.000  9.229638e+02  2.576581e+02  4.934735e-14 
  469.000  9.155004e+02  2.536249e+02  7.005592e-14 
  470.000  9.034578e+02  2.483678e+02 -3.840388e-13 
  471.000  9.023339e+02  2.461400e+02  2.693459e-13 
  472.000  9.138159e+02  2.473341e+02 -2.042161e-14 
  473.000  9.042457e+02  2.428254e+02 -1.222791e-13 
  474.000  9.118365e+02  2.429312e+02 -3.492205e-14 
  475.000  9.488325e+02  2.507138e+02  1.433699e-13 
  476.000  9.196219e+02  2.409264e+02  8.070435e-14 
  477.000  9.112529e+02  2.367852e+02 -1.256623e-13 
  478.000  9.569672e+02  2.470006e+02  2.472515e-13 
  479.000  9.144349e+02  2.346274e+02 -8.221958e-14 
  480.000  9.334238e+02  2.381348e+02 -1.079493e-13 
  481.000  9.285915e+02  2.354954e+02  6.353297e-15 
  482.000  9.487966e+02  2.391347e+02 -6.416554e-14 
  483.000  9.504711e+02  2.380282e+02 -5.306177e-14 
  484.000  9.144915e+02  2.275122e+02  1.856873e-13 
  485.000  9.217576e+02  2.277875e+02 -2.753738e-13 
  486.000  7.477816e+02  1.835535e+02  1.617926e-14 
  487.000  8.409513e+02  2.050361e+02 -8.390993e-14 
  488.000  9.136044e+02  2.212525e+02  1.719969e-14 
  489.000  8.497412e+02  2.044065e+02  1.385191e-13 
  490.000  9.679139e+02  2.312782e+02 -4.599147e-14 
  491.000  9.062172e+02  2.150897e+02  5.748742e-14 
  492.000  8.713102e+02  2.054258e+02 -7.493650e-14 
  493.000  9.389027e+02  2.198942e+02 -1.874843e-14 
  494.000  9.075010e+02  2.111338e+02  2.049479e-13 
  495.000  9.706186e+02  2.243337e+02 -1.788899e-13 
  496.000  9.457755e+02  2.171537e+02 -3.381102e-14 
  497.000  9.179026e+02  2.093763e+02 -1.760717e-13 
  498.000  8.966552e+02  2.031994e+02  6.871356e-14 
  499.000  8.949197e+02  2.014901e+02  1.123291e-14 
  500.000  8.914032e+02  1.994024e+02  2.097208e-13 
  501.000  8.718242e+02  1.937662e+02  1.147835e-13 
  502.000  8.665127e+02  1.913522e+02 -6.495536e-14 
  503.000  9.185897e+02  2.015598e+02  1.610873e-13 
  504.000  8.550391e+02  1.864238e+02  1.267863e-13 
  505.000  9.226448e+02  1.998899e+02 -1.571620e-14 
  506.000  9.881778e+02  2.127532e+02  2.489248e-13 
  507.000  9.198439e+02  1.968135e+02 -8.047432e-14 
  508.000  8.825385e+02  1.876678e+02  1.300196e-13 
  509.000  9.520972e+02  2.012165e+02  9.602668e-14 
  510.000  9.229246e+02  1.938572e+02 -6.834549e-14 
  511.000  9.235700e+02  1.928084e+02  2.539489e-13 
  512.000  9.697203e+02  2.012125e+02  4.079291e-14 
  513.000  8.878600e+02  1.831127e+02 -3.213964e-14 
  514.000  8.695609e+02  1.782586e+02  4.714193e-14 
  515.000  8.880670e+02  1.809609e+02 -1.144654e-13 
  516.000  9.331489e+02  1.890076e+02  8.649249e-14 
  517.000  6.875891e+02  1.384349e+02 -3.713413e-14 
  518.000  8.515200e+02  1.704159e+02 -4.704148e-14 
  519.000  8.069650e+02  1.605388e+02 -1.216762e-13 
  520.000  8.886960e+02  1.757525e+02 -6.724184e-14 
  521.000  8.894249e+02  1.748572e+02  8.547631e-15 
  522.000  9.249396e+02  1.807634e+02  8.882019e-15 
  523.000  8.618162e+02  1.674259e+02  5.456877e-14 
  524.000  9.352314e+02  1.806151e+02  2.415170e-13 
  525.000  9.279322e+02  1.781466e+02  4.740385e-14 
  526.000  8.845150e+02  1.688217e+02  7.283842e-14 
  527.000  7.728147e+02  1.466404e+02 -6.261766e-14 
  528.000  9.283186e+02  1.751209e+02 -5.312711e-15 
  529.000  9.548442e+02  1.790806e+02  6.393178e-14 
  530.000  9.024061e+02  1.682710e+02  1.535270e-13 
  531.000  9.824442e+02  1.821466e+02 -8.885956e-14 
  532.000  9.374352e+02  1.728186e+02 -7.818762e-14 
  533.000  8.235797e+02  1.509858e+02 -1.466372e-13 
  534.000  8.958542e+02  1.633466e+02  3.300390e-14 
  535.000  9.143278e+02  1.658283e+02  2.377034e-14 
  536.000  9.705059e+02  1.750825e+02  7.007218e-14 
  537.000  9.006683e+02  1.616174e+02 -3.967025e-15 
  538.000  9.430819e+02  1.683217e+02 -4.350137e-14 
  539.000  9.402318e+02  1.669138e+02 -5.635702e-14 
  540.000  9.203927e+02  1.625164e+02 -9.630749e-14 
  541.000  8.442170e+02  1.482694e+02 -5.263492e-14 
  542.000  9.419849e+02  1.645581e+02  5.867260e-14 
  543.000  9.012964e+02  1.566127e+02  1.586145e-13 
  544.000  9.509063e+02  1.643547e+02  2.275289e-13 
  545.000  9.370081e+02  1.610938e+02 -9.350813e-14 
  546.000  9.164293e+02  1.567230e+02 -7.414294e-14 
  547.000  9.556380e+02  1.625696e+02 -4.372432e-14 
  548.000  8.869385e+02  1.500924e+02 -9.940735e-14 
  549.000  9.337079e+02  1.571829e+02 -1.367506e-13 
  550.000  9.135741e+02  1.529928e+02  1.525541e-13 
  551.000  9.083369e+02  1.513221e+02 -3.917771e-14 
  552.000  9.480040e+02  1.571109e+02  6.872784e-14 
  553.000  9.113482e+02  1.502530e+02  1.690753e-13 
  554.000  9.416236e+02  1.544422e+02  4.056473e-14 
  555.000  9.447773e+02  1.541615e+02 -1.215074e-13 
  556.000  9.192228e+02  1.492214e+02  7.284591e-14 
  557.000  8.923956e+02  1.441215e+02  3.453337e-14 
  558.000  9.267556e+02  1.489030e+02  4.220592e-14 
  559.000  8.764109e+02  1.400928e+02 -1.071254e-13 
  560.000  8.806564e+02  1.400481e+02 -6.150713e-14 
  561.000  9.682814e+02  1.531897e+02 -4.287441e-14 
  562.000  8.889600e+02  1.398823e+02  5.714147e-14 
  563.000  9.303663e+02  1.456379e+02 -8.711317e-15 
  564.000  9.175082e+02  1.428699e+02  1.134053e-13 
  565.000  9.284614e+02  1.437900e+02 -7.132929e-14 
  566.000  8.562248e+02  1.319111e+02 -1.359141e-13 
  567.000  9.179384e+02  1.405657e+02  1.063439e-13 
  568.000  9.130134e+02  1.386447e+02 -9.034921e-14 
  569.000  8.884543e+02  1.334512e+02 -1.592348e-14 
  570.000  8.942776e+02  1.337394e+02 -2.159631e-14 
  571.000  8.671760e+02  1.295490e+02  2.657399e-14 
  572.000  9.121703e+02  1.350228e+02  1.884504e-14 
  573.000  9.230785e+02  1.360046e+02 -1.263800e-14 
  574.000  9.185788e+02  1.347130e+02 -4.530647e-14 
  575.000  8.960364e+02  1.307043e+02 -7.415392e-15 
  576.000  8.800908e+02  1.277342e+02 -2.717231e-14 
  577.000  9.185574e+02  1.328635e+02  1.690162e-14 
  578.000  8.940829e+02  1.289594e+02 -2.964710e-14 
  579.000  8.895005e+02  1.279050e+02 -4.757206e-15 
  580.000  9.225305e+02  1.322333e+02  7.503353e-15 
  581.000  9.090271e+02  1.299952e+02  4.864221e-14 
  582.000  9.249083e+02  1.318378e+02 -6.294522e-15 
  583.000  9.328863e+02  1.324476e+02 -1.066494e-13 
  584.000  9.313063e+02  1.316867e+02 -1.665153e-14 
  585.000  9.262104e+02  1.303993e+02 -9.124757e-15 
  586.000  8.874476e+02  1.244056e+02 -3.271795e-14 
  587.000  9.206866e+02  1.281721e+02  4.028928e-14 
  588.000  9.028389e+02  1.242334e+02  9.860289e-15 
  589.000  7.880369e+02  1.070846e+02 -2.658310e-14 
  590.000  8.225108e+02  1.112330e+02 -7.112503e-15 
  591.000  8.842641e+02  1.196495e+02 -2.702785e-14 
  592.000  8.628400e+02  1.159189e+02 -2.851788e-14 
  593.000  8.833384e+02  1.189141e+02  3.616567e-14 
  594.000  8.895477e+02  1.190295e+02 -6.071385e-15 
  595.000  8.654438e+02  1.147945e+02  4.566084e-15 
  596.000  8.984186e+02  1.194276e+02 -1.233078e-14 
  597.000  8.992370e+02  1.188314e+02 -1.087175e-14 
  598.000  8.857371e+02  1.169124e+02 -4.072165e-14 
  599.000  8.882625e+02  1.169139e+02 -1.254235e-14 
  600.000  8.927511e+02  1.173393e+02 -1.641863e-14 
  601.000  8.908743e+02  1.169542e+02  1.091228e-15 
  602.000  8.824981e+02  1.154867e+02  1.078918e-15 
  603.000  8.892559e+02  1.159958e+02  5.123339e-14 
  604.000  9.188337e+02  1.194469e+02 -1.267187e-13 
  605.000  9.176100e+02  1.188374e+02  3.821221e-14 
  606.000  9.077567e+02  1.170818e+02  9.411195e-14 
  607.000  9.034199e+02  1.160460e+02  1.413119e-14 
  608.000  9.008425e+02  1.152390e+02 -9.314085e-14 
  609.000  8.922921e+02  1.136740e+02  1.312506e-13 
  610.000  8.786785e+02  1.114787e+02 -2.738213e-14 
  611.000  8.936188e+02  1.129072e+02  3.691293e-14 
  612.000  8.826411e+02  1.110609e+02  3.273569e-14 
  613.000  8.703724e+02  1.090654e+02  3.119447e-14 
  614.000  8.395307e+02  1.047663e+02  3.005203e-14 
  615.000  8.803473e+02  1.094079e+02 -2.466000e-14 
  616.000  8.375899e+02  1.036650e+02  1.395355e-14 
  617.000  8.428356e+02  1.038820e+02 -7.663815e-14 
  618.000  8.830595e+02  1.083856e+02 -7.340966e-14 
  619.000  8.753596e+02  1.069876e+02 -3.013074e-14 
  620.000  8.886536e+02  1.081527e+02  5.901810e-14 
  621.000  9.042383e+02  1.095790e+02  6.964089e-15 
  622.000  8.567437e+02  1.033751e+02  5.786820e-14 
  623.000  8.635403e+02  1.037366e+02  1.535085e-14 
  624.000  8.645866e+02  1.034084e+02  5.172454e-14 
  625.000  8.412221e+02  1.001724e+02  1.394842e-14 
  626.000  8.450914e+02  1.001410e+02 -3.556750e-14 
  627.000  8.560159e+02  1.006105e+02  3.912549e-14 
  628.000  8.304807e+02  9.609752e+01 -9.724402e-15 
  629.000  8.598054e+02  9.966500e+01 -3.331728e-15 
  630.000  8.344303e+02  9.657507e+01  2.581153e-14 
  631.000  8.681411e+02  1.003176e+02 -8.513078e-15 
  632.000  8.074717e+02  9.278845e+01  3.561393e-15 
  633.000  8.716012e+02  1.001563e+02 -5.788845e-14 
  634.000  8.477537e+02  9.721252e+01  6.496018e-15 
  635.000  8.643309e+02  9.876684e+01 -3.507658e-14 
  636.000  8.354141e+02  9.519836e+01 -2.643122e-14 
  637.000  8.644317e+02  9.820473e+01 -1.464769e-14 
  638.000  8.804874e+02  9.986396e+01  4.347326e-14 
  639.000  8.741870e+02  9.880332e+01  2.735677e-14 
  640.000  8.483894e+02  9.563794e+01 -1.273216e-14 
  641.000  8.614709e+02  9.676504e+01 -7.796475e-14 
  642.000  8.524143e+02  9.546824e+01 -3.478763e-14 
  643.000  8.668840e+02  9.660640e+01  1.447000e-14 
  644.000  8.575828e+02  9.522285e+01  2.020503e-14 
  645.000  8.638577e+02  9.537694e+01  6.469153e-15 
  646.000  8.244493e+02  9.014804e+01  4.222711e-16 
  647.000  8.311538e+02  9.022372e+01 -3.811121e-14 
  648.000  8.244531e+02  8.887349e+01  1.106918e-14 
  649.000  8.462714e+02  9.115330e+01 -3.860800e-14 
  650.000  7.935164e+02  8.575236e+01 -1.002232e-14 
  651.000  8.551973e+02  9.208010e+01  1.425972e-14 
  652.000  8.308425e+02  8.858951e+01 -5.795091e-15 
  653.000  8.577414e+02  9.178276e+01  1.794995e-14 
  654.000  8.459017e+02  9.010793e+01 -3.401989e-14 
  655.000  8.206024e+02  8.685929e+01 -4.177923e-15 
  656.000  6.980530e+02  7.369118e+01 -2.178987e-14 
  657.000  7.470558e+02  7.869975e+01 -1.349491e-14 
  658.000  8.357215e+02  8.797338e+01  7.892419e-14 
  659.000  8.398793e+02  8.820848e+01  2.049803e-14 
  660.000  8.476582e+02  8.878765e+01  7.199446e-15 
  661.000  8.542746e+02  8.940842e+01  7.210042e-15 
  662.000  8.679789e+02  9.062574e+01 -3.990293e-14 
  663.000  8.585780e+02  8.930567e+01 -3.417045e-14 
  664.000  8.456851e+02  8.769190e+01 -4.165301e-14 
  665.000  8.501348e+02  8.787683e+01  8.787480e-14 
  666.000  8.612054e+02  8.875281e+01  8.172181e-15 
  667.000  8.448035e+02  8.678885e+01  1.194895e-13 
  668.000  8.504498e+02  8.710872e+01  6.807712e-14 
  669.000  8.632899e+02  8.813747e+01 -4.648054e-14 
  670.000  8.535087e+02  8.685078e+01 -6.720464e-14 
  671.000  8.450407e+02  8.570863e+01  2.106635e-14 
  672.000  8.428038e+02  8.519816e+01 -7.414479e-14 
  673.000  8.493494e+02  8.557513e+01 -3.144081e-14 
  674.000  8.515013e+02  8.550803e+01  4.043145e-14 
  675.000  8.389886e+02  8.397380e+01  9.762988e-14 
  676.000  8.553074e+02  8.532463e+01 -3.958318e-14 
  677.000  8.387557e+02  8.339809e+01  3.785352e-14 
  678.000  8.530963e+02  8.454595e+01 -1.079188e-13 
  679.000  8.414166e+02  8.310869e+01  3.190204e-14 
  680.000  8.349709e+02  8.216479e+01 -4.635087e-14 
  681.000  8.359362e+02  8.195168e+01  9.786617e-14 
  682.000  8.343943e+02  8.151958e+01 -3.254546e-14 
  683.000  8.401579e+02  8.179153e+01  3.875789e-14 
  684.000  8.247135e+02  7.996033e+01  4.487983e-14 
  685.000  8.347904e+02  8.071366e+01  3.847468e-14 
  686.000  7.965665e+02  7.660396e+01  5.010305e-14 
  687.000  6.794088e+02  6.326938e+01  9.441330e-15 
  688.000  7.170162e+02  6.691032e+01 -1.154382e-14 
  689.000  7.080582e+02  6.575382e+01 -1.985440e-14 
  690.000  7.310514e+02  6.786591e+01 -2.244935e-14 
  691.000  7.586943e+02  7.052364e+01  1.324856e-14 
  692.000  7.669885e+02  7.126350e+01  4.338838e-15 
  693.000  7.591584e+02  7.001109e+01 -6.225085e-15 
  694.000  7.520443e+02  6.887740e+01  1.201543e-15 
  695.000  7.507250e+02  6.871105e+01  6.516656e-15 
  696.000  7.666141e+02  7.007109e+01 -1.586737e-14 
  697.000  7.992484e+02  7.365434e+01 -1.348080e-14 
  698.000  7.780442e+02  7.125819e+01 -2.417305e-14 
  699.000  7.644678e+02  6.914783e+01  3.038235e-16 
  700.000  7.601693e+02  6.862077e+01  3.574556e-14 
  701.000  7.371495e+02  6.622649e+01 -3.134737e-14 
  702.000  7.380625e+02  6.617798e+01 -4.806599e-15 
  703.000  7.714673e+02  6.948018e+01  3.670633e-15 
  704.000  7.748061e+02  6.958948e+01 -7.484889e-15 
  705.000  7.712859e+02  6.881556e+01  1.156350e-14 
  706.000  7.650756e+02  6.809341e+01  2.462796e-15 
  707.000  7.569995e+02  6.724763e+01  1.183644e-14 
  708.000  7.828144e+02  6.942265e+01  1.133265e-16 
  709.000  7.624141e+02  6.761579e+01 -2.028867e-14 
  710.000  7.721652e+02  6.804233e+01 -2.978759e-14 
  711.000  7.725219e+02  6.809197e+01 -2.648806e-15 
  712.000  7.686418e+02  6.776065e+01  1.020194e-14 
  713.000  7.600085e+02  6.661343e+01  4.824445e-14 
  714.000  7.710727e+02  6.731472e+01 -3.670240e-14 
  715.000  7.353320e+02  6.375661e+01  3.070185e-14 
  716.000  7.450239e+02  6.417116e+01 -9.086160e-15 
  717.000  6.662313e+02  5.645488e+01 -5.463253e-15 
  718.000  6.266542e+02  5.245655e+01  1.331135e-15 
  719.000  6.066966e+02  5.040524e+01  5.207005e-16 
  720.000  5.922016e+02  4.870054e+01  1.764122e-15 
  721.000  6.757037e+02  5.672634e+01 -7.757624e-15 
  722.000  7.165599e+02  6.036926e+01  8.225681e-15 
  723.000  6.973094e+02  5.835209e+01  1.302200e-15 
  724.000  6.516824e+02  5.384787e+01 -7.120804e-15 
  725.000  6.516980e+02  5.377129e+01  6.298586e-18 
  726.000  6.482979e+02  5.331317e+01  4.901109e-16 
  727.000  6.649539e+02  5.461094e+01 -3.135601e-16 
  728.000  6.461082e+02  5.282911e+01 -6.215773e-15 
  729.000  6.384495e+02  5.226088e+01 -1.543544e-15 
  730.000  6.589051e+02  5.376117e+01  1.630611e-15 
  731.000  6.443029e+02  5.239355e+01 -1.041783e-15 
  732.000  6.881932e+02  5.613652e+01 -8.503599e-17 
  733.000  7.080652e+02  5.800540e+01 -1.646573e-14 
  734.000  7.377141e+02  6.056061e+01 -1.068663e-14 
  735.000  7.266842e+02  5.938008e+01  1.429008e-14 
  736.000  7.037780e+02  5.717902e+01  1.274874e-14 
  737.000  7.203715e+02  5.848939e+01  7.968932e-15 
  738.000  7.284320e+02  5.918247e+01  4.204397e-15 
  739.000  7.090784e+02  5.754617e+01  1.071866e-14 
  740.000  7.251400e+02  5.893567e+01 -4.520609e-14 
  741.000  7.247697e+02  5.890475e+01  1.930257e-15 
  742.000  7.151096e+02  5.802821e+01 -3.257399e-14 
  743.000  7.410676e+02  6.012301e+01  5.537514e-14 
  744.000  7.503884e+02  6.079914e+01 -5.749006e-14 
  745.000  7.326207e+02  5.926057e+01  5.051371e-15 
  746.000  7.442284e+02  6.008393e+01 -5.596220e-14 
  747.000  7.561562e+02  6.088321e+01  5.200260e-15 
  748.000  7.434288e+02  5.973652e+01  4.319345e-14 
  749.000  7.441992e+02  5.965100e+01  1.174363e-13 
  750.000  7.330123e+02  5.857149e+01 -2.322695e-14 
  751.000  7.313805e+02  5.828313e+01 -5.982468e-14 
  752.000  7.436531e+02  5.913778e+01 -1.333184e-14 
  753.000  7.370952e+02  5.846849e+01 -7.604793e-14 
  754.000  7.490124e+02  5.926010e+01  3.389024e-14 
  755.000  7.449673e+02  5.878241e+01 -1.175588e-14 
  756.000  7.306416e+02  5.749874e+01 -3.879220e-14 
  757.000  7.361793e+02  5.777848e+01 -3.829582e-14 
  758.000  7.340939e+02  5.741241e+01  2.165036e-14 
  759.000  6.516146e+02  4.973868e+01  1.351935e-15 
  760.000  2.090216e+02  1.401189e+01 -1.580388e-16 
  761.000  1.759124e+02  1.152572e+01 -8.469995e-17 
  762.000  3.951950e+02  2.799110e+01 -6.594136e-16 
  763.000  3.289225e+02  2.284966e+01  3.697479e-16 
  764.000  3.676224e+02  2.567481e+01  6.441758e-16 
  765.000  4.593014e+02  3.275285e+01 -6.667302e-16 
  766.000  5.455537e+02  4.041836e+01  6.980834e-15 
  767.000  6.100545e+02  4.545589e+01 -7.504058e-15 
  768.000  6.727850e+02  5.039342e+01  1.665231e-14 
  769.000  6.957165e+02  5.240870e+01  2.244629e-14 
  770.000  7.045294e+02  5.319892e+01  2.538894e-14 
  771.000  7.112134e+02  5.372430e+01  4.174472e-14 
  772.000  7.099709e+02  5.353184e+01  1.317517e-13 
  773.000  7.077851e+02  5.324541e+01 -7.390952e-14 
  774.000  7.160592e+02  5.374652e+01  2.650573e-14 
  775.000  6.896503e+02  5.164353e+01  3.483874e-14 
  776.000  7.184495e+02  5.367102e+01  4.824059e-14 
  777.000  7.136378e+02  5.317443e+01 -5.347631e-14 
  778.000  7.098874e+02  5.275464e+01 -1.119265e-13 
  779.000  7.122699e+02  5.279146e+01  0.000000e+00 
  780.000  7.035277e+02  5.200573e+01 -1.976054e-14 
  781.000  7.028333e+02  5.183765e+01  2.921942e-14 
  782.000  7.113635e+02  5.232823e+01  3.031726e-14 
  783.000  6.948093e+02  5.097644e+01  6.609298e-14 
  784.000  6.985385e+02  5.110535e+01  2.905216e-14 
  785.000  6.989570e+02  5.093636e+01 -3.134751e-14 
  786.000  6.845796e+02  4.965534e+01  1.505849e-14 
  787.000  6.894327e+02  4.968953e+01  4.758592e-15 
  788.000  6.763217e+02  4.852532e+01  2.398739e-15 
  789.000  6.700266e+02  4.766241e+01  1.076403e-14 
  790.000  6.624228e+02  4.698098e+01  2.428079e-15 
  791.000  6.610394e+02  4.681290e+01 -5.206849e-15 
  792.000  6.524444e+02  4.613442e+01 -1.173766e-14 
  793.000  6.560285e+02  4.638530e+01  2.072262e-15 
  794.000  6.579717e+02  4.668176e+01 -4.816719e-14 
  795.000  6.492501e+02  4.577666e+01  1.293114e-14 
  796.000  6.461331e+02  4.508031e+01  7.410742e-17 
  797.000  6.543884e+02  4.563634e+01  4.494845e-16 
  798.000  6.639086e+02  4.642751e+01 -5.497708e-15 
  799.000  6.613987e+02  4.607925e+01 -1.683336e-14 
  800.000  6.378455e+02  4.416522e+01  1.041972e-14 
  801.000  6.505605e+02  4.495399e+01 -8.147469e-15 
  802.000  6.487291e+02  4.470255e+01 -1.227141e-14 
  803.000  6.404702e+02  4.404864e+01 -2.528437e-15 
  804.000  6.494379e+02  4.463348e+01  7.252354e-15 
  805.000  6.375024e+02  4.386429e+01  1.311863e-15 
  806.000  6.583790e+02  4.529811e+01 -3.069499e-14 
  807.000  6.546895e+02  4.493990e+01  6.862271e-15 
  808.000  6.487685e+02  4.436495e+01 -2.545994e-14 
  809.000  6.354318e+02  4.327839e+01 -1.370793e-15 
  810.000  6.299503e+02  4.272977e+01 -9.475844e-16 
  811.000  6.344597e+02  4.279755e+01  5.056019e-15 
  812.000  6.246886e+02  4.188217e+01  7.555163e-15 
  813.000  6.126726e+02  4.082417e+01 -2.327956e-15 
  814.000  5.993714e+02  3.968573e+01  7.133161e-15 
  815.000  5.774760e+02  3.799759e+01  4.428522e-15 
  816.000  5.527562e+02  3.614955e+01  1.201823e-15 
  817.000  5.571805e+02  3.635359e+01  1.263687e-15 
  818.000  5.554180e+02  3.616387e+01 -4.268021e-16 
  819.000  5.468981e+02  3.557479e+01 -3.181125e-15 
  820.000  5.574800e+02  3.634341e+01  3.047792e-15 
  821.000  6.012029e+02  3.941326e+01  4.615711e-15 
  822.000  5.657023e+02  3.676462e+01  6.461115e-16 
  823.000  5.214376e+02  3.345397e+01 -2.155498e-15 
  824.000  5.738097e+02  3.704803e+01  1.635353e-15 
  825.000  6.018009e+02  3.911556e+01 -7.807038e-15 
  826.000  6.008032e+02  3.889224e+01  3.278059e-15 
  827.000  5.952467e+02  3.839378e+01  7.648546e-15 
  828.000  5.751622e+02  3.681721e+01 -5.512881e-15 
  829.000  5.817068e+02  3.721207e+01 -7.501407e-15 
  830.000  5.800554e+02  3.710392e+01 -5.936524e-16 
  831.000  5.716811e+02  3.650827e+01  4.252461e-15 
  832.000  5.842720e+02  3.724368e+01  8.441730e-15 
  833.000  5.703613e+02  3.633185e+01  9.900515e-15 
  834.000  5.838460e+02  3.718333e+01 -7.305595e-16 
  835.000  5.945646e+02  3.795988e+01  1.506576e-15 
  836.000  5.985186e+02  3.806618e+01  1.168487e-14 
  837.000  5.933334e+02  3.764738e+01  2.610441e-15 
  838.000  6.001016e+02  3.808467e+01 -2.800857e-14 
  839.000  5.840871e+02  3.704564e+01  2.231451e-14 
  840.000  6.007675e+02  3.804136e+01 -9.447681e-15 
  841.000  5.995733e+02  3.781356e+01  6.894084e-15 
  842.000  5.984172e+02  3.771639e+01  1.820578e-15 
  843.000  6.002407e+02  3.790530e+01  8.078430e-16 
  844.000  5.929506e+02  3.744019e+01  1.175897e-14 
  845.000  6.032292e+02  3.804302e+01  1.171999e-14 
  846.000  6.097794e+02  3.839830e+01  9.163440e-15 
  847.000  5.901794e+02  3.713294e+01  9.147250e-15 
  848.000  6.055116e+02  3.794368e+01 -8.965066e-15 
  849.000  6.069584e+02  3.795929e+01  1.927448e-15 
  850.000  5.238989e+02  3.265998e+01  8.023246e-15 
  851.000  5.989891e+02  3.721646e+01  2.251829e-14 
  852.000  5.764516e+02  3.574100e+01 -1.827061e-14 
  853.000  5.851801e+02  3.627045e+01 -1.547405e-14 
  854.000  4.704266e+02  2.909078e+01  2.126495e-16 
  855.000  5.187025e+02  3.202493e+01 -2.281141e-14 
  856.000  5.906024e+02  3.646801e+01 -2.614689e-14 
  857.000  6.008943e+02  3.705812e+01  2.592358e-14 
  858.000  5.917679e+02  3.643442e+01  0.000000e+00 
  859.000  5.926072e+02  3.644649e+01 -1.698055e-14 
  860.000  5.877613e+02  3.608834e+01  5.106587e-14 
  861.000  5.878242e+02  3.601699e+01  5.105637e-14 
  862.000  5.862092e+02  3.585215e+01 -1.735920e-14 
  863.000  5.975135e+02  3.646575e+01  3.231620e-14 
  864.000  5.965560e+02  3.633689e+01 -6.117198e-16 
  865.000  5.856428e+02  3.560180e+01  4.688119e-14 
  866.000  4.913235e+02  2.980503e+01 -1.077029e-14 
  867.000  5.232365e+02  3.167136e+01  1.039747e-14 
  868.000  5.675470e+02  3.428054e+01 -5.814845e-16 
  869.000  5.596903e+02  3.373553e+01  3.507323e-14 
  870.000  5.828032e+02  3.505164e+01  2.613926e-14 
  871.000  5.820843e+02  3.493559e+01  4.449600e-15 
  872.000  5.799166e+02  3.473631e+01 -2.156254e-14 
  873.000  5.821907e+02  3.479293e+01 -7.027952e-14 
  874.000  5.694303e+02  3.395514e+01 -1.682719e-14 
  875.000  5.642370e+02  3.357331e+01 -5.633349e-14 
  876.000  5.688414e+02  3.376820e+01 -1.188354e-14 
  877.000  5.801548e+02  3.436269e+01 -5.031472e-15 
  878.000  5.697891e+02  3.365396e+01 -3.315924e-14 
  879.000  5.711260e+02  3.366019e+01 -3.495406e-15 
  880.000  5.674815e+02  3.335469e+01 -2.523800e-14 
  881.000  5.378436e+02  3.153597e+01 -8.254799e-15 
  882.000  5.673735e+02  3.318642e+01 -8.422018e-15 
  883.000  5.547041e+02  3.238833e+01  8.227179e-15 
  884.000  5.595580e+02  3.260784e+01  8.296049e-15 
  885.000  5.645309e+02  3.278737e+01  5.816734e-16 
  886.000  5.449024e+02  3.152599e+01  6.309972e-15 
  887.000  5.402894e+02  3.123627e+01 -3.879794e-15 
  888.000  5.564589e+02  3.210160e+01  1.256287e-14 
  889.000  5.605275e+02  3.228245e+01 -1.235340e-14 
  890.000  5.580038e+02  3.203661e+01 -2.250124e-14 
  891.000  5.533950e+02  3.163851e+01  1.256801e-14 
  892.000  5.477250e+02  3.114716e+01 -1.560267e-15 
  893.000  5.146366e+02  2.893249e+01 -1.112152e-15 
  894.000  5.252637e+02  2.935812e+01 -3.822127e-15 
  895.000  4.793720e+02  2.653247e+01 -1.442215e-15 
  896.000  4.769818e+02  2.622492e+01 -2.817010e-15 
  897.000  4.442885e+02  2.426642e+01 -1.286320e-15 
  898.000  4.349971e+02  2.364941e+01 -2.497950e-17 
  899.000  4.070236e+02  2.187143e+01  1.033703e-15 
  900.000  4.006395e+02  2.151818e+01  4.773920e-16 
  901.000  3.853617e+02  2.059102e+01  5.507588e-16 
  902.000  3.796152e+02  2.026332e+01 -4.459094e-17 
  903.000  4.461169e+02  2.409998e+01  4.075227e-16 
  904.000  4.817577e+02  2.610961e+01  8.455379e-16 
  905.000  4.795184e+02  2.593866e+01  2.520958e-15 
  906.000  4.489643e+02  2.416067e+01  1.778260e-15 
  907.000  4.250513e+02  2.268492e+01  5.105575e-16 
  908.000  3.937646e+02  2.081602e+01  9.681701e-16 
  909.000  3.878407e+02  2.046706e+01 -8.864949e-16 
  910.000  3.954224e+02  2.085236e+01 -9.354939e-16 
  911.000  4.073803e+02  2.154373e+01 -1.032292e-15 
  912.000  4.019570e+02  2.117123e+01  1.745940e-15 
  913.000  3.837307e+02  1.990501e+01  1.017942e-15 
  914.000  3.948221e+02  2.059312e+01 -5.411032e-16 
  915.000  3.985019e+02  2.084734e+01  8.724520e-16 
  916.000  4.064030e+02  2.124692e+01 -5.636255e-16 
  917.000  4.059440e+02  2.122990e+01  2.257123e-16 
  918.000  4.114842e+02  2.153069e+01 -3.010627e-16 
  919.000  4.432454e+02  2.327276e+01  8.165772e-16 
  920.000  4.591799e+02  2.415956e+01 -2.404287e-15 
  921.000  4.448929e+02  2.334677e+01 -4.991181e-16 
  922.000  4.405915e+02  2.307671e+01  1.570975e-15 
  923.000  4.169432e+02  2.177378e+01  2.674896e-15 
  924.000  4.216440e+02  2.192592e+01 -3.642561e-15 
  925.000  4.260772e+02  2.209936e+01 -6.697016e-16 
  926.000  4.102253e+02  2.120838e+01  1.528999e-15 
  927.000  4.100647e+02  2.107164e+01 -3.326004e-16 
  928.000  3.891671e+02  1.978615e+01  0.000000e+00 
  929.000  3.512461e+02  1.748326e+01  3.067434e-18 
  930.000  3.108228e+02  1.504558e+01 -2.013945e-17 
  931.000  2.687804e+02  1.273225e+01 -3.439995e-16 
  932.000  2.145983e+02  9.940903e+00 -5.110251e-17 
  933.000  1.801524e+02  8.217165e+00  1.592618e-28 
  934.000  1.457503e+02  6.517337e+00  5.415136e-17 
  935.000  1.401279e+02  6.238705e+00  5.391326e-17 
  936.000  1.511441e+02  6.766008e+00  2.829443e-17 
  937.000  1.515810e+02  6.763540e+00  5.653771e-17 
  938.000  1.872195e+02  8.500253e+00 -5.195294e-17 
  939.000  2.983997e+02  1.405971e+01 -9.146443e-17 
  940.000  3.148046e+02  1.497175e+01 -2.894621e-16 
  941.000  2.929665e+02  1.378608e+01  1.273478e-16 
  942.000  2.477578e+02  1.145248e+01 -1.893961e-16 
  943.000  2.051552e+02  9.309338e+00  4.042452e-18 
  944.000  1.957572e+02  8.851525e+00 -2.559320e-18 
  945.000  2.164930e+02  9.821294e+00  2.165844e-16 
  946.000  2.207141e+02  1.000323e+01 -4.442382e-17 
  947.000  2.374264e+02  1.080616e+01  1.140958e-16 
  948.000  2.497004e+02  1.138579e+01  9.170194e-17 
  949.000  2.493281e+02  1.135122e+01  2.018355e-16 
  950.000  2.505500e+02  1.139937e+01 -3.081138e-18 
  951.000  2.735802e+02  1.254103e+01  1.185116e-16 
  952.000  2.478516e+02  1.124510e+01 -2.065525e-17 
  953.000  2.655450e+02  1.211045e+01  1.285456e-16 
  954.000  2.830514e+02  1.300898e+01  1.271019e-16 
  955.000  2.496984e+02  1.138360e+01 -9.987792e-17 
  956.000  2.633155e+02  1.198416e+01  1.495887e-17 
  957.000  3.143732e+02  1.468397e+01 -2.618232e-17 
  958.000  3.240083e+02  1.518890e+01 -2.551932e-16 
  959.000  3.166819e+02  1.473897e+01 -2.046787e-17 
  960.000  3.113781e+02  1.444856e+01  1.782203e-16 
  961.000  3.039021e+02  1.404220e+01 -2.105052e-16 
  962.000  3.095225e+02  1.431747e+01 -2.049142e-17 
  963.000  3.380594e+02  1.592812e+01 -1.210793e-15 
  964.000  3.385451e+02  1.597072e+01  1.114140e-15 
  965.000  3.400273e+02  1.598894e+01 -7.709686e-16 
  966.000  3.319288e+02  1.560231e+01  6.718365e-16 
  967.000  3.633485e+02  1.725161e+01  5.580684e-16 
  968.000  3.958478e+02  1.895144e+01  2.138781e-16 
  969.000  4.153125e+02  1.992261e+01 -1.065819e-15 
  970.000  4.174583e+02  1.999845e+01  2.794477e-15 
  971.000  4.133868e+02  1.976690e+01  1.579676e-15 
  972.000  4.114750e+02  1.961758e+01  3.047899e-15 
  973.000  3.966956e+02  1.883753e+01 -2.426062e-15 
  974.000  3.775951e+02  1.785355e+01 -2.127135e-16 
  975.000  3.711697e+02  1.748417e+01 -2.554105e-16 
  976.000  3.860261e+02  1.819417e+01  6.828397e-16 
  977.000  3.930967e+02  1.855416e+01  2.246495e-15 
  978.000  4.014825e+02  1.891562e+01  4.956521e-16 
  979.000  3.942996e+02  1.856522e+01 -1.497284e-15 
  980.000  4.175124e+02  1.971289e+01 -5.924353e-15 
  981.000  4.244499e+02  2.003431e+01  5.845859e-15 
  982.000  4.196389e+02  1.974991e+01 -4.820420e-15 
  983.000  4.277484e+02  2.016505e+01 -2.089676e-15 
  984.000  4.343929e+02  2.053517e+01  8.860257e-15 
  985.000  4.396371e+02  2.081194e+01 -2.559821e-15 
  986.000  4.430365e+02  2.103522e+01 -1.351888e-14 
  987.000  4.511786e+02  2.143362e+01  2.234309e-15 
  988.000  4.463463e+02  2.117833e+01  9.193829e-17 
  989.000  4.411477e+02  2.090200e+01 -8.911615e-15 
  990.000  4.456628e+02  2.109086e+01  1.504670e-14 
  991.000  4.519147e+02  2.139515e+01  5.530302e-15 
  992.000  4.483961e+02  2.119386e+01 -1.711497e-15 
  993.000  4.486805e+02  2.117503e+01 -4.675637e-15 
  994.000  4.532996e+02  2.140476e+01  2.304031e-16 
  995.000  4.515582e+02  2.131843e+01 -6.370033e-15 
  996.000  4.514742e+02  2.127586e+01  1.273745e-14 
  997.000  4.509996e+02  2.119382e+01 -3.417018e-15 
  998.000  4.481745e+02  2.099799e+01 -1.146058e-14 
  999.000  4.466804e+02  2.088167e+01  3.396383e-15 
 1000.000  4.434491e+02  2.070046e+01  6.512674e-15 
 1001.000  4.436708e+02  2.063468e+01  2.567116e-14 
 1002.000  4.393300e+02  2.032981e+01  3.344860e-15 
 1003.000  4.351026e+02  2.011337e+01  1.164359e-14 
 1004.000  4.335942e+02  2.004560e+01 -1.042181e-14 
 1005.000  4.059044e+02  1.874878e+01  5.512058e-15 
 1006.000  4.275278e+02  1.971802e+01  5.506172e-15 
 1007.000  4.346447e+02  1.999747e+01 -2.322684e-15 
 1008.000  4.335310e+02  1.985777e+01 -3.100629e-15 
 1009.000  4.269683e+02  1.945893e+01  2.170033e-15 
 1010.000  4.303504e+02  1.960599e+01  5.743228e-15 
 1011.000  4.322268e+02  1.972822e+01  4.339856e-16 
 1012.000  4.339940e+02  1.980333e+01 -7.602068e-15 
 1013.000  4.320128e+02  1.969493e+01 -3.064032e-15 
 1014.000  4.353387e+02  1.982296e+01 -1.652386e-15 
 1015.000  4.273789e+02  1.942789e+01  7.891918e-15 
 1016.000  4.306942e+02  1.955629e+01  4.677366e-15 
 1017.000  4.267858e+02  1.935165e+01  3.448029e-15 
 1018.000  4.316721e+02  1.952328e+01  1.198492e-15 
 1019.000  4.205109e+02  1.895491e+01 -1.600526e-15 
 1020.000  4.201145e+02  1.891428e+01  7.556600e-15 
 1021.000  4.252492e+02  1.913346e+01  1.612203e-15 
 1022.000  4.173071e+02  1.870707e+01  4.234765e-15 
 1023.000  4.240792e+02  1.895951e+01  9.846424e-15 
 1024.000  4.211293e+02  1.877927e+01  2.427635e-15 
 1025.000  4.233517e+02  1.888531e+01  1.394702e-15 
 1026.000  4.249158e+02  1.894629e+01  1.611639e-15 
 1027.000  4.219491e+02  1.877088e+01 -2.989874e-15 
 1028.000  4.233062e+02  1.880651e+01 -4.602368e-15 
 1029.000  4.179153e+02  1.855881e+01  1.580569e-15 
 1030.000  4.230306e+02  1.877483e+01 -5.527650e-15 
 1031.000  4.222073e+02  1.871742e+01  2.967411e-15 
 1032.000  4.211047e+02  1.864456e+01 -4.245307e-16 
 1033.000  4.134402e+02  1.827490e+01  8.914355e-15 
 1034.000  4.180251e+02  1.845024e+01 -3.142852e-15 
 1035.000  4.136773e+02  1.822876e+01 -2.299993e-14 
 1036.000  4.190166e+02  1.843102e+01  9.028315e-15 
 1037.000  4.102257e+02  1.801384e+01  1.500632e-14 
 1038.000  4.143407e+02  1.816414e+01 -1.764189e-14 
 1039.000  4.159316e+02  1.819841e+01  2.094998e-16 
 1040.000  4.109265e+02  1.794515e+01  2.657644e-14 
 1041.000  4.130221e+02  1.800256e+01  6.215443e-15 
 1042.000  4.142110e+02  1.802180e+01  1.205039e-14 
 1043.000  4.070525e+02  1.767908e+01 -8.574128e-15 
 1044.000  4.110190e+02  1.781807e+01  2.679481e-15 
 1045.000  4.090731e+02  1.769656e+01  6.163868e-15 
 1046.000  3.970400e+02  1.714202e+01  5.785492e-15 
 1047.000  4.041702e+02  1.741462e+01  5.893527e-15 
 1048.000  4.080360e+02  1.754627e+01  3.080673e-15 
 1049.000  4.052384e+02  1.739160e+01  8.776708e-15 
 1050.000  4.026053e+02  1.724226e+01 -4.567777e-15 
 1051.000  4.023329e+02  1.719101e+01  4.162171e-15 
 1052.000  4.002363e+02  1.706553e+01  0.000000e+00 
 1053.000  4.003234e+02  1.703769e+01 -4.349710e-15 
 1054.000  3.959038e+02  1.681108e+01 -7.111662e-15 
 1055.000  3.984809e+02  1.688153e+01 -4.544146e-15 
 1056.000  3.971347e+02  1.678740e+01  1.713925e-15 
 1057.000  3.958259e+02  1.668493e+01 -4.227940e-15 
 1058.000  3.906153e+02  1.640522e+01  1.397261e-15 
 1059.000  3.783149e+02  1.586205e+01  4.157011e-15 
 1060.000  3.924130e+02  1.643982e+01 -2.801643e-15 
 1061.000  3.785144e+02  1.583012e+01  9.707798e-17 
 1062.000  3.883902e+02  1.620070e+01  1.491330e-15 
 1063.000  3.815516e+02  1.588615e+01  0.000000e+00 
 1064.000  3.859379e+02  1.602972e+01  1.487553e-15 
 1065.000  3.847371e+02  1.593713e+01 -1.387505e-15 
 1066.000  3.729893e+02  1.542963e+01 -3.937810e-15 
 1067.000  3.815305e+02  1.575080e+01  4.231771e-15 
 1068.000  3.786830e+02  1.558450e+01  1.925835e-15 
 1069.000  3.495441e+02  1.435037e+01  1.061381e-15 
 1070.000  3.705953e+02  1.519767e+01  1.118343e-15 
 1071.000  3.703929e+02  1.515002e+01 -1.563748e-15 
 1072.000  3.706563e+02  1.512236e+01  2.471826e-15 
 1073.000  3.583569e+02  1.459771e+01  1.885143e-15 
 1074.000  3.711740e+02  1.510238e+01 -1.230268e-15 
 1075.000  3.611794e+02  1.470136e+01 -4.815444e-15 
 1076.000  3.682361e+02  1.495212e+01  2.991725e-15 
 1077.000  3.662716e+02  1.483179e+01 -1.290127e-16 
 1078.000  3.659460e+02  1.477594e+01  7.013895e-17 
 1079.000  3.516359e+02  1.417642e+01 -1.179289e-16 
 1080.000  3.581815e+02  1.436878e+01 -9.512660e-16 
 1081.000  3.448839e+02  1.381437e+01 -2.432863e-15 
 1082.000  3.510276e+02  1.406236e+01  1.391074e-15 
 1083.000  3.396142e+02  1.356236e+01  6.863420e-16 
 1084.000  3.503302e+02  1.394667e+01  5.365012e-16 
 1085.000  3.403549e+02  1.348447e+01  1.950472e-15 
 1086.000  3.461161e+02  1.370384e+01  3.044840e-15 
 1087.000  3.305917e+02  1.312436e+01  4.141987e-15 
 1088.000  3.509609e+02  1.391699e+01 -4.835040e-15 
 1089.000  3.304778e+02  1.302275e+01  6.903449e-16 
 1090.000  3.363146e+02  1.322433e+01 -4.985440e-15 
 1091.000  3.399047e+02  1.335641e+01 -7.301997e-16 
 1092.000  3.284746e+02  1.286503e+01  1.176760e-15 
 1093.000  3.165203e+02  1.234031e+01 -1.094324e-15 
 1094.000  2.849234e+02  1.108134e+01  3.587577e-18 
 1095.000  3.089505e+02  1.199997e+01  5.819751e-16 
 1096.000  3.081593e+02  1.195138e+01 -1.273342e-15 
 1097.000  3.024470e+02  1.170553e+01  1.854623e-16 
 1098.000  2.789742e+02  1.071720e+01 -3.262829e-16 
 1099.000  2.622733e+02  9.958553e+00 -5.397096e-16 
 1100.000  2.679085e+02  1.016677e+01 -3.152852e-16 
