  400.000  6.837076e+02  4.024174e+02  7.214592e-15 
  401.000  6.810237e+02  3.970694e+02 -7.146428e-16 
  402.000  7.232529e+02  4.177532e+02  5.875109e-14 
  403.000  6.787725e+02  3.884236e+02  1.237273e-13 
  404.000  7.308660e+02  4.143781e+02  3.730818e-14 
  405.000  6.715454e+02  3.772544e+02  1.514544e-15 
  406.000  6.677399e+02  3.717017e+02  5.527588e-14 
  407.000  6.515452e+02  3.594070e+02  1.197152e-13 
  408.000  7.071310e+02  3.865640e+02 -3.574346e-14 
  409.000  7.840968e+02  4.248090e+02 -1.135573e-13 
  410.000  6.566770e+02  3.526156e+02  9.465832e-14 
  411.000  7.724348e+02  4.111117e+02  1.198309e-13 
  412.000  8.016893e+02  4.229349e+02  1.263810e-13 
  413.000  7.585366e+02  3.966806e+02 -1.119833e-13 
  414.000  7.456715e+02  3.865624e+02  8.385422e-14 
  415.000  7.964968e+02  4.093563e+02  3.981939e-14 
  416.000  7.928284e+02  4.039797e+02 -8.438114e-14 
  417.000  7.698381e+02  3.889228e+02 -5.495056e-14 
  418.000  7.541799e+02  3.777846e+02  8.597220e-16 
  419.000  7.737811e+02  3.843370e+02  1.724685e-14 
  420.000  6.558693e+02  3.230411e+02  5.341258e-14 
  421.000  8.228752e+02  4.019257e+02  7.591739e-14 
  422.000  7.895596e+02  3.824656e+02  1.708351e-14 
  423.000  6.677276e+02  3.207932e+02  7.122518e-14 
  424.000  7.354401e+02  3.504387e+02  2.192018e-14 
  425.000  7.626910e+02  3.604667e+02  6.165520e-14 
  426.000  7.341117e+02  3.441519e+02  1.441132e-13 
  427.000  7.070414e+02  3.287948e+02 -9.301491e-14 
  428.000  7.168512e+02  3.306899e+02 -4.753550e-15 
  429.000  6.529894e+02  2.988337e+02 -1.587025e-14 
  430.000  5.217205e+02  2.368700e+02  3.145334e-14 
  431.000  4.696477e+02  2.115506e+02  2.688205e-14 
  432.000  8.463965e+02  3.782718e+02 -8.459522e-14 
  433.000  7.543180e+02  3.344963e+02  9.179079e-14 
  434.000  7.177977e+02  3.158387e+02 -1.928326e-14 
  435.000  7.818640e+02  3.413807e+02 -5.731833e-14 
  436.000  8.679788e+02  3.760783e+02  5.172048e-14 
  437.000  8.773641e+02  3.772483e+02 -1.078932e-13 
  438.000  7.868315e+02  3.357560e+02 -1.182210e-13 
  439.000  7.622580e+02  3.228179e+02  2.902574e-14 
  440.000  8.552955e+02  3.594987e+02  1.023860e-13 
  441.000  8.534693e+02  3.560486e+02  3.321543e-14 
  442.000  8.998663e+02  3.726078e+02 -1.295662e-13 
  443.000  9.068759e+02  3.727235e+02 -2.220887e-13 
  444.000  9.019657e+02  3.679645e+02  7.299995e-14 
  445.000  9.497896e+02  3.846168e+02  1.030461e-13 
  446.000  8.463583e+02  3.402072e+02  7.534515e-14 
  447.000  9.663083e+02  3.856057e+02 -3.344886e-14 
  448.000  9.834207e+02  3.896518e+02  7.085837e-14 
  449.000  9.911328e+02  3.899522e+02 -5.208560e-14 
  450.000  1.013771e+03  3.960669e+02  2.053669e-13 
  451.000  1.096703e+03  4.254669e+02 -7.008376e-14 
  452.000  1.020537e+03  3.931472e+02  8.004810e-14 
  453.000  9.482677e+02  3.627560e+02 -1.601131e-13 
  454.000  1.011982e+03  3.844345e+02  1.667783e-13 
  455.000  1.020061e+03  3.848162e+02 -8.069159e-14 
  456.000  1.045817e+03  3.918006e+02 -2.937007e-14 
  457.000  1.052713e+03  3.916725e+02 -6.566518e-14 
  458.000  1.035211e+03  3.825240e+02  1.019429e-13 
  459.000  1.036087e+03  3.802342e+02 -8.778573e-15 
  460.000  1.028055e+03  3.747253e+02 -9.320821e-14 
  461.000  1.066343e+03  3.860551e+02  1.168501e-13 
  462.000  1.049964e+03  3.775657e+02 -3.145476e-15 
  463.000  1.051204e+03  3.754763e+02 -4.896912e-14 
  464.000  1.055525e+03  3.745169e+02  6.601252e-14 
  465.000  1.040943e+03  3.668994e+02 -9.280313e-14 
  466.000  1.074757e+03  3.763172e+02  1.232613e-13 
  467.000  1.037616e+03  3.609179e+02  8.522099e-14 
  468.000  1.099286e+03  3.798393e+02 -6.313951e-15 
  469.000  1.090440e+03  3.742755e+02 -5.638132e-14 
  470.000  1.076176e+03  3.669070e+02  9.744052e-14 
  471.000  1.074957e+03  3.640201e+02  6.039678e-14 
  472.000  1.088805e+03  3.662112e+02 -6.633570e-14 
  473.000  1.077645e+03  3.599830e+02  1.747637e-13 
  474.000  1.086976e+03  3.606048e+02  5.304428e-14 
  475.000  1.131524e+03  3.727067e+02 -6.358685e-14 
  476.000  1.097268e+03  3.587530e+02  5.860838e-14 
  477.000  1.087746e+03  3.531172e+02  1.067765e-13 
  478.000  1.142194e+03  3.686160e+02  3.004042e-13 
  479.000  1.091014e+03  3.502582e+02  2.245034e-14 
  480.000  1.113174e+03  3.555666e+02  2.287581e-13 
  481.000  1.107024e+03  3.517442e+02 -7.896007e-14 
  482.000  1.130794e+03  3.573387e+02 -1.309252e-13 
  483.000  1.132576e+03  3.558886e+02  3.365149e-14 
  484.000  1.089591e+03  3.404004e+02 -7.699440e-14 
  485.000  1.098196e+03  3.410725e+02  7.725969e-14 
  486.000  8.908676e+02  2.750479e+02 -1.514526e-14 
  487.000  1.001799e+03  3.074683e+02 -1.034222e-13 
  488.000  1.088292e+03  3.320388e+02 -1.277739e-13 
  489.000  1.012173e+03  3.069926e+02 -6.384771e-14 
  490.000  1.152889e+03  3.476160e+02  2.119956e-13 
  491.000  1.079431e+03  3.235540e+02  6.854611e-14 
  492.000  1.037902e+03  3.092808e+02  1.812215e-13 
  493.000  1.118472e+03  3.313441e+02  9.590616e-14 
  494.000  1.081125e+03  3.184143e+02 -2.456367e-13 
  495.000  1.156381e+03  3.386060e+02  1.737152e-14 
  496.000  1.126957e+03  3.280791e+02  2.270558e-14 
  497.000  1.093916e+03  3.166264e+02  1.001735e-13 
  498.000  1.068760e+03  3.075727e+02  2.636289e-14 
  499.000  1.066866e+03  3.052714e+02 -6.633684e-15 
  500.000  1.062847e+03  3.023900e+02 -2.731685e-14 
  501.000  1.039684e+03  2.941193e+02 -4.935772e-14 
  502.000  1.033529e+03  2.907255e+02 -9.644115e-14 
  503.000  1.095833e+03  3.065172e+02  6.939014e-14 
  504.000  1.020200e+03  2.837614e+02  1.653598e-13 
  505.000  1.101064e+03  3.045401e+02  2.769660e-13 
  506.000  1.179308e+03  3.243809e+02  2.036467e-14 
  507.000  1.097784e+03  3.002984e+02  1.811369e-15 
  508.000  1.053286e+03  2.865518e+02  1.110412e-13 
  509.000  1.136332e+03  3.074617e+02  1.300963e-14 
  510.000  1.101548e+03  2.964314e+02  9.877388e-14 
  511.000  1.102378e+03  2.950475e+02 -1.623084e-13 
  512.000  1.157531e+03  3.081375e+02 -5.330101e-15 
  513.000  1.059879e+03  2.806268e+02 -3.718660e-15 
  514.000  1.038098e+03  2.733888e+02  6.763056e-14 
  515.000  1.060256e+03  2.777361e+02  5.865009e-15 
  516.000  1.114206e+03  2.903138e+02 -2.731448e-14 
  517.000  8.211342e+02  2.128123e+02 -1.614860e-13 
  518.000  1.017071e+03  2.621938e+02 -8.300978e-14 
  519.000  9.640129e+02  2.472018e+02 -2.615317e-14 
  520.000  1.061824e+03  2.708504e+02 -4.543111e-14 
  521.000  1.062881e+03  2.696941e+02 -5.213439e-14 
  522.000  1.105540e+03  2.790417e+02  1.636690e-13 
  523.000  1.030317e+03  2.586805e+02  9.150858e-14 
  524.000  1.118326e+03  2.793010e+02 -9.296132e-14 
  525.000  1.109849e+03  2.757263e+02 -1.505521e-13 
  526.000  1.058137e+03  2.615139e+02 -2.753230e-14 
  527.000  9.247366e+02  2.273550e+02  7.223688e-14 
  528.000  1.111096e+03  2.717554e+02 -1.538581e-14 
  529.000  1.143139e+03  2.781473e+02 -8.309375e-14 
  530.000  1.080632e+03  2.615872e+02  8.223337e-14 
  531.000  1.176771e+03  2.834032e+02  6.866618e-14 
  532.000  1.123112e+03  2.691125e+02 -3.671610e-14 
  533.000  9.868287e+02  2.352800e+02  1.283170e-13 
  534.000  1.073515e+03  2.547018e+02  6.884659e-14 
  535.000  1.095707e+03  2.587217e+02 -2.175137e-14 
  536.000  1.163096e+03  2.733197e+02  5.869868e-14 
  537.000  1.079481e+03  2.524525e+02  2.428335e-13 
  538.000  1.130422e+03  2.630909e+02  1.176287e-14 
  539.000  1.127126e+03  2.610580e+02 -1.526284e-13 
  540.000  1.103471e+03  2.543460e+02 -1.349642e-14 
  541.000  1.012264e+03  2.322000e+02 -6.366572e-14 
  542.000  1.129633e+03  2.578778e+02 -6.786282e-14 
  543.000  1.080978e+03  2.455873e+02  6.944492e-15 
  544.000  1.140650e+03  2.579025e+02  5.149081e-14 
  545.000  1.124168e+03  2.529606e+02  1.023706e-15 
  546.000  1.099666e+03  2.462675e+02 -1.553206e-13 
  547.000  1.146906e+03  2.556284e+02 -5.794437e-14 
  548.000  1.064637e+03  2.361693e+02 -5.082019e-14 
  549.000  1.120966e+03  2.474929e+02 -6.763065e-14 
  550.000  1.097006e+03  2.410632e+02 -7.327231e-14 
  551.000  1.090955e+03  2.386041e+02 -1.700623e-13 
  552.000  1.138843e+03  2.479096e+02 -1.066430e-14 
  553.000  1.095051e+03  2.372599e+02  2.333622e-14 
  554.000  1.131682e+03  2.440509e+02 -1.174309e-13 
  555.000  1.135728e+03  2.437824e+02  1.666068e-13 
  556.000  1.105267e+03  2.361414e+02 -5.821701e-14 
  557.000  1.073280e+03  2.282406e+02 -2.282634e-13 
  558.000  1.114889e+03  2.359883e+02 -9.545124e-15 
  559.000  1.054599e+03  2.221916e+02  1.188976e-14 
  560.000  1.059999e+03  2.222909e+02  5.724893e-14 
  561.000  1.165805e+03  2.433398e+02  1.961640e-15 
  562.000  1.070637e+03  2.223818e+02  1.678407e-14 
  563.000  1.120850e+03  2.317183e+02  4.122240e-14 
  564.000  1.105724e+03  2.275041e+02  6.157526e-14 
  565.000  1.119342e+03  2.291742e+02  5.234148e-14 
  566.000  1.032655e+03  2.104339e+02  1.030499e-14 
  567.000  1.107579e+03  2.244629e+02 -3.736686e-14 
  568.000  1.101836e+03  2.215148e+02 -1.106437e-13 
  569.000  1.072037e+03  2.132627e+02 -3.031049e-14 
  570.000  1.079721e+03  2.139858e+02  6.532527e-15 
  571.000  1.048154e+03  2.076795e+02  9.451370e-15 
  572.000  1.102569e+03  2.165464e+02 -3.643325e-14 
  573.000  1.116636e+03  2.185549e+02 -8.041985e-15 
  574.000  1.111681e+03  2.165730e+02  7.913943e-14 
  575.000  1.084802e+03  2.103150e+02 -4.251570e-14 
  576.000  1.065727e+03  2.056772e+02 -5.666265e-14 
  577.000  1.112582e+03  2.140962e+02 -7.444657e-14 
  578.000  1.083148e+03  2.079438e+02 -2.949506e-14 
  579.000  1.077363e+03  2.062511e+02 -4.445055e-14 
  580.000  1.116694e+03  2.131100e+02  6.922967e-15 
  581.000  1.099591e+03  2.093583e+02 -7.691188e-14 
  582.000  1.118182e+03  2.122207e+02  5.686706e-14 
  583.000  1.127294e+03  2.131208e+02 -5.015876e-14 
  584.000  1.124929e+03  2.118369e+02 -1.091212e-14 
  585.000  1.118509e+03  2.097591e+02 -1.525224e-14 
  586.000  1.071402e+03  2.000992e+02 -2.139775e-14 
  587.000  1.111180e+03  2.061208e+02 -2.751809e-14 
  588.000  1.088432e+03  1.995737e+02 -3.005029e-14 
  589.000  9.487454e+02  1.717655e+02  4.531999e-14 
  590.000  9.901732e+02  1.784501e+02 -2.343670e-14 
  591.000  1.065487e+03  1.922523e+02 -2.978987e-15 
  592.000  1.039224e+03  1.862038e+02 -2.948920e-14 
  593.000  1.065043e+03  1.913322e+02 -4.442510e-15 
  594.000  1.072356e+03  1.915356e+02 -2.168281e-14 
  595.000  1.042631e+03  1.846193e+02  2.860997e-15 
  596.000  1.083713e+03  1.924282e+02 -6.059440e-15 
  597.000  1.084791e+03  1.915390e+02  4.078745e-14 
  598.000  1.069268e+03  1.886572e+02 -3.654548e-14 
  599.000  1.072823e+03  1.888159e+02  1.634646e-14 
  600.000  1.079129e+03  1.898560e+02  9.280478e-15 
  601.000  1.077443e+03  1.892964e+02  1.398100e-14 
  602.000  1.067654e+03  1.870422e+02 -4.105561e-14 
  603.000  1.076090e+03  1.879796e+02 -9.411187e-14 
  604.000  1.111876e+03  1.936245e+02 -1.278760e-14 
  605.000  1.110342e+03  1.926747e+02  3.170101e-14 
  606.000  1.098402e+03  1.898747e+02 -1.149101e-13 
  607.000  1.093145e+03  1.882423e+02  1.481435e-14 
  608.000  1.090006e+03  1.869766e+02 -3.899010e-14 
  609.000  1.079650e+03  1.844825e+02  3.307219e-14 
  610.000  1.063159e+03  1.809615e+02 -2.502788e-14 
  611.000  1.081198e+03  1.833191e+02 -5.618570e-14 
  612.000  1.067884e+03  1.803606e+02  3.603197e-14 
  613.000  1.053018e+03  1.771604e+02 -1.346193e-13 
  614.000  1.015693e+03  1.702176e+02 -1.903416e-14 
  615.000  1.065061e+03  1.778006e+02 -5.677436e-14 
  616.000  1.013331e+03  1.685092e+02  2.753143e-14 
  617.000  1.019692e+03  1.689070e+02  2.290869e-14 
  618.000  1.068408e+03  1.762841e+02  4.471407e-14 
  619.000  1.059177e+03  1.740713e+02  3.661927e-14 
  620.000  1.075364e+03  1.760319e+02 -6.034226e-14 
  621.000  1.094354e+03  1.784253e+02 -1.005180e-14 
  622.000  1.037024e+03  1.683976e+02  1.763740e-14 
  623.000  1.045448e+03  1.690714e+02  7.675425e-15 
  624.000  1.046905e+03  1.686187e+02 -3.250699e-14 
  625.000  1.018812e+03  1.634245e+02  2.666301e-14 
  626.000  1.023722e+03  1.634614e+02  6.987625e-14 
  627.000  1.037036e+03  1.642807e+02 -1.139340e-13 
  628.000  1.011596e+03  1.581479e+02 -6.635060e-14 
  629.000  1.043483e+03  1.632382e+02  1.436915e-14 
  630.000  1.013077e+03  1.582953e+02  1.550740e-14 
  631.000  1.053087e+03  1.642499e+02 -1.422828e-14 
  632.000  9.783939e+02  1.517053e+02 -2.156410e-14 
  633.000  1.055866e+03  1.637104e+02  9.555272e-15 
  634.000  1.026506e+03  1.588208e+02  1.100020e-14 
  635.000  1.046004e+03  1.612620e+02 -6.104662e-15 
  636.000  1.010690e+03  1.553912e+02 -2.252104e-14 
  637.000  1.045405e+03  1.602393e+02 -1.288018e-14 
  638.000  1.064555e+03  1.629148e+02  1.802818e-14 
  639.000  1.056609e+03  1.611396e+02 -2.519218e-14 
  640.000  1.025198e+03  1.559523e+02 -1.677693e-14 
  641.000  1.040687e+03  1.577463e+02  6.915945e-14 
  642.000  1.029601e+03  1.556233e+02 -1.677824e-14 
  643.000  1.046791e+03  1.574402e+02  3.554820e-14 
  644.000  1.035415e+03  1.551768e+02  2.205392e-14 
  645.000  1.042735e+03  1.553971e+02 -3.672418e-14 
  646.000  9.942327e+02  1.467399e+02  6.291822e-15 
  647.000  1.001726e+03  1.467826e+02 -5.700242e-15 
  648.000  9.930182e+02  1.444925e+02  2.323571e-14 
  649.000  1.019694e+03  1.482880e+02 -3.337342e-14 
  650.000  9.569360e+02  1.396478e+02  2.069853e-14 
  651.000  1.031271e+03  1.499620e+02  1.051399e-15 
  652.000  1.001063e+03  1.441617e+02 -2.301663e-14 
  653.000  1.034371e+03  1.495158e+02  4.145351e-14 
  654.000  1.019951e+03  1.467815e+02 -2.044241e-14 
  655.000  9.890776e+02  1.414481e+02  8.506493e-15 
  656.000  8.414322e+02  1.200263e+02  1.296645e-14 
  657.000  9.006476e+02  1.282205e+02  2.334269e-14 
  658.000  1.007825e+03  1.433867e+02 -5.531907e-14 
  659.000  1.013124e+03  1.438975e+02 -3.166533e-14 
  660.000  1.022539e+03  1.447926e+02  5.158449e-15 
  661.000  1.030652e+03  1.458421e+02 -7.664540e-14 
  662.000  1.047306e+03  1.478653e+02 -9.739918e-15 
  663.000  1.035857e+03  1.457035e+02  4.559802e-14 
  664.000  1.020362e+03  1.430957e+02 -9.643722e-14 
  665.000  1.025676e+03  1.433980e+02  2.387037e-16 
  666.000  1.039043e+03  1.448412e+02 -7.697162e-14 
  667.000  1.019251e+03  1.416466e+02  1.414843e-13 
  668.000  1.026010e+03  1.421681e+02  5.117662e-14 
  669.000  1.041465e+03  1.438508e+02 -3.270151e-14 
  670.000  1.029635e+03  1.417554e+02  3.147031e-14 
  671.000  1.019388e+03  1.398949e+02  4.598811e-14 
  672.000  1.016663e+03  1.390660e+02  6.819476e-14 
  673.000  1.024532e+03  1.396856e+02 -5.989964e-15 
  674.000  1.027102e+03  1.395801e+02 -2.056162e-14 
  675.000  1.011984e+03  1.370793e+02 -7.415256e-14 
  676.000  1.031649e+03  1.392889e+02  2.391059e-14 
  677.000  1.011678e+03  1.361498e+02 -3.603057e-14 
  678.000  1.028969e+03  1.380293e+02 -9.360369e-14 
  679.000  1.014883e+03  1.356899e+02 -3.344530e-15 
  680.000  1.007145e+03  1.341636e+02  1.446528e-13 
  681.000  1.008260e+03  1.338130e+02 -7.477674e-14 
  682.000  1.006430e+03  1.331190e+02 -4.549453e-14 
  683.000  1.013299e+03  1.335529e+02  1.752382e-14 
  684.000  9.946021e+02  1.305562e+02  3.661338e-14 
  685.000  1.006848e+03  1.318069e+02  6.642644e-15 
  686.000  9.613017e+02  1.252108e+02  3.857117e-14 
  687.000  8.395532e+02  1.061999e+02  2.951777e-15 
  688.000  8.794465e+02  1.115042e+02 -5.364019e-15 
  689.000  8.701494e+02  1.097688e+02 -3.480180e-14 
  690.000  8.950859e+02  1.129051e+02 -3.154498e-14 
  691.000  9.236721e+02  1.166211e+02  9.254779e-15 
  692.000  9.294464e+02  1.171742e+02  3.704353e-14 
  693.000  9.162044e+02  1.144921e+02 -5.719720e-15 
  694.000  9.049633e+02  1.122040e+02  1.054891e-15 
  695.000  9.032183e+02  1.119290e+02 -2.365351e-14 
  696.000  9.223741e+02  1.141564e+02 -1.135174e-14 
  697.000  9.631093e+02  1.201900e+02 -3.390005e-14 
  698.000  9.371851e+02  1.162349e+02 -1.767732e-14 
  699.000  9.194075e+02  1.125944e+02  1.492412e-15 
  700.000  9.144722e+02  1.117729e+02  2.591006e-14 
  701.000  8.864803e+02  1.078245e+02 -5.821619e-15 
  702.000  8.878151e+02  1.077833e+02 -5.833302e-15 
  703.000  9.292055e+02  1.133292e+02  3.554401e-14 
  704.000  9.332929e+02  1.135160e+02 -3.069173e-14 
  705.000  9.285933e+02  1.121958e+02 -2.988922e-14 
  706.000  9.212421e+02  1.110345e+02 -1.432428e-14 
  707.000  9.117191e+02  1.096804e+02 -4.494541e-14 
  708.000  9.430331e+02  1.132547e+02 -2.741939e-16 
  709.000  9.188661e+02  1.103539e+02 -8.989651e-15 
  710.000  9.302372e+02  1.110046e+02 -1.059684e-14 
  711.000  9.311129e+02  1.111361e+02 -1.461456e-14 
  712.000  9.268145e+02  1.106355e+02 -3.854170e-14 
  713.000  9.161480e+02  1.087321e+02  3.358115e-14 
  714.000  9.294064e+02  1.098647e+02 -9.206600e-15 
  715.000  8.858771e+02  1.040004e+02  3.563042e-15 
  716.000  8.970441e+02  1.046035e+02  3.319158e-14 
  717.000  7.993715e+02  9.152257e+01  6.365132e-15 
  718.000  7.501703e+02  8.470376e+01  3.556148e-15 
  719.000  7.256560e+02  8.128146e+01  2.528265e-15 
  720.000  7.074601e+02  7.840273e+01 -4.449585e-15 
  721.000  8.115436e+02  9.210628e+01  1.497683e-14 
  722.000  8.621732e+02  9.829076e+01  8.352224e-15 
  723.000  8.381841e+02  9.486434e+01  3.222516e-14 
  724.000  7.810452e+02  8.709217e+01 -1.080141e-15 
  725.000  7.814111e+02  8.703070e+01  6.734584e-15 
  726.000  7.772677e+02  8.626881e+01  6.939886e-15 
  727.000  7.976169e+02  8.843542e+01 -3.445272e-15 
  728.000  7.747005e+02  8.548168e+01 -1.878123e-15 
  729.000  7.664319e+02  8.473360e+01 -8.813907e-15 
  730.000  7.908922e+02  8.713836e+01 -8.987200e-15 
  731.000  7.732421e+02  8.488857e+01 -5.017617e-15 
  732.000  8.275141e+02  9.125141e+01  1.391608e-14 
  733.000  8.529634e+02  9.453149e+01 -2.109443e-14 
  734.000  8.894748e+02  9.879070e+01 -2.536782e-14 
  735.000  8.759707e+02  9.683633e+01 -1.559858e-14 
  736.000  8.479496e+02  9.318855e+01 -1.240730e-15 
  737.000  8.683546e+02  9.537167e+01 -2.933965e-14 
  738.000  8.786177e+02  9.656021e+01 -3.510255e-14 
  739.000  8.555335e+02  9.391341e+01 -7.565097e-15 
  740.000  8.754313e+02  9.622870e+01 -1.555484e-14 
  741.000  8.753048e+02  9.620445e+01  1.307117e-15 
  742.000  8.638016e+02  9.478360e+01 -8.075350e-15 
  743.000  8.955308e+02  9.823892e+01  1.167139e-14 
  744.000  9.069640e+02  9.935572e+01 -7.075917e-14 
  745.000  8.856259e+02  9.684991e+01 -9.864149e-14 
  746.000  8.997729e+02  9.820110e+01  3.330004e-14 
  747.000  9.143115e+02  9.951604e+01 -1.190171e-14 
  748.000  8.989473e+02  9.763380e+01  2.415538e-14 
  749.000  8.999267e+02  9.749078e+01  4.114502e-14 
  750.000  8.864654e+02  9.572860e+01 -1.586430e-14 
  751.000  8.845316e+02  9.525349e+01 -9.358859e-15 
  752.000  8.993696e+02  9.663683e+01 -2.616439e-14 
  753.000  8.914644e+02  9.553622e+01 -2.806497e-15 
  754.000  9.059095e+02  9.682368e+01  1.743308e-14 
  755.000  9.010569e+02  9.603869e+01 -4.211581e-14 
  756.000  8.837678e+02  9.393671e+01 -4.321736e-15 
  757.000  8.905233e+02  9.439182e+01  1.624586e-14 
  758.000  8.884114e+02  9.384669e+01  5.606892e-15 
  759.000  7.978926e+02  8.254279e+01 -1.277645e-14 
  760.000  2.917327e+02  2.686156e+01 -9.855036e-16 
  761.000  2.504370e+02  2.260847e+01 -8.118088e-16 
  762.000  5.114066e+02  4.949973e+01 -3.210365e-15 
  763.000  4.361898e+02  4.131417e+01 -6.037842e-16 
  764.000  4.814850e+02  4.588481e+01 -1.056103e-15 
  765.000  5.865347e+02  5.719016e+01  5.696322e-15 
  766.000  6.786220e+02  6.810326e+01 -1.763056e-14 
  767.000  7.499421e+02  7.566949e+01 -3.786294e-15 
  768.000  8.210831e+02  8.324030e+01  2.844156e-14 
  769.000  8.451906e+02  8.604769e+01  3.528541e-14 
  770.000  8.538052e+02  8.703368e+01 -3.100386e-14 
  771.000  8.610845e+02  8.774646e+01  1.592853e-14 
  772.000  8.594044e+02  8.739072e+01  3.721424e-14 
  773.000  8.567258e+02  8.690488e+01  2.143536e-14 
  774.000  8.666654e+02  8.769938e+01 -5.142352e-14 
  775.000  8.346490e+02  8.424747e+01  3.619909e-14 
  776.000  8.694930e+02  8.754032e+01  1.778497e-15 
  777.000  8.637072e+02  8.672318e+01 -6.318014e-15 
  778.000  8.592246e+02  8.603441e+01  1.842882e-15 
  779.000  8.621719e+02  8.609116e+01 -6.754257e-14 
  780.000  8.516547e+02  8.480676e+01  2.607367e-14 
  781.000  8.508431e+02  8.452285e+01  4.265544e-14 
  782.000  8.612358e+02  8.531956e+01 -6.323625e-14 
  783.000  8.412571e+02  8.311209e+01 -2.220816e-14 
  784.000  8.458214e+02  8.331732e+01  4.005110e-14 
  785.000  8.462774e+02  8.302585e+01  1.668119e-14 
  786.000  8.287695e+02  8.091842e+01  5.862517e-14 
  787.000  8.343029e+02  8.093425e+01  5.354093e-14 
  788.000  8.183176e+02  7.901907e+01  4.346803e-14 
  789.000  8.101675e+02  7.756157e+01 -1.649148e-14 
  790.000  8.009664e+02  7.644202e+01  2.082101e-14 
  791.000  7.994456e+02  7.617149e+01 -2.357782e-14 
  792.000  7.891948e+02  7.506983e+01  1.975100e-14 
  793.000  7.938062e+02  7.549046e+01  1.795788e-15 
  794.000  7.966879e+02  7.600327e+01 -1.777059e-14 
  795.000  7.858785e+02  7.450166e+01  6.954758e-15 
  796.000  7.813672e+02  7.329913e+01  9.140813e-15 
  797.000  7.916211e+02  7.421632e+01  6.284962e-15 
  798.000  8.036891e+02  7.553629e+01  1.752557e-15 
  799.000  8.005809e+02  7.495449e+01 -1.856353e-14 
  800.000  7.717587e+02  7.180651e+01  1.154428e-15 
  801.000  7.872296e+02  7.308575e+01  9.221895e-15 
  802.000  7.850200e+02  7.266721e+01  6.050655e-15 
  803.000  7.751216e+02  7.160189e+01  3.811030e-14 
  804.000  7.861901e+02  7.255949e+01 -6.292069e-15 
  805.000  7.721027e+02  7.132614e+01 -1.873667e-14 
  806.000  7.976272e+02  7.366468e+01 -2.314119e-14 
  807.000  7.932093e+02  7.307558e+01 -7.175529e-15 
  808.000  7.859679e+02  7.212546e+01  3.022533e-14 
  809.000  7.697182e+02  7.034196e+01  3.885223e-14 
  810.000  7.629706e+02  6.943166e+01  1.643905e-14 
  811.000  7.681680e+02  6.951033e+01  2.648755e-14 
  812.000  7.559666e+02  6.798030e+01 -1.028337e-14 
  813.000  7.409659e+02  6.620626e+01  1.198051e-14 
  814.000  7.242672e+02  6.427751e+01 -2.246609e-15 
  815.000  6.970461e+02  6.142837e+01 -9.119320e-15 
  816.000  6.662791e+02  5.828743e+01  4.891395e-15 
  817.000  6.716843e+02  5.861615e+01 -4.134801e-15 
  818.000  6.696709e+02  5.831543e+01 -1.453437e-14 
  819.000  6.597599e+02  5.740861e+01 -2.097841e-14 
  820.000  6.736215e+02  5.879303e+01  3.373224e-15 
  821.000  7.277511e+02  6.388987e+01  7.230212e-16 
  822.000  6.839171e+02  5.949612e+01  1.082196e-15 
  823.000  6.280502e+02  5.378571e+01  2.198976e-16 
  824.000  6.933953e+02  5.989062e+01  1.264641e-14 
  825.000  7.287130e+02  6.338560e+01 -5.368759e-15 
  826.000  7.273204e+02  6.299729e+01 -1.573545e-15 
  827.000  7.204524e+02  6.216481e+01  5.644454e-15 
  828.000  6.952618e+02  5.949905e+01  1.546857e-15 
  829.000  7.035444e+02  6.017119e+01 -7.176476e-15 
  830.000  7.019612e+02  6.003159e+01  8.433788e-15 
  831.000  6.919551e+02  5.907032e+01  1.149769e-15 
  832.000  7.072873e+02  6.025888e+01  7.348058e-15 
  833.000  6.907003e+02  5.879794e+01 -5.485008e-15 
  834.000  7.073278e+02  6.019275e+01 -2.120996e-14 
  835.000  7.208649e+02  6.148440e+01  2.108921e-14 
  836.000  7.255393e+02  6.163697e+01  6.239999e-15 
  837.000  7.192811e+02  6.095060e+01 -7.046776e-15 
  838.000  7.277721e+02  6.166935e+01  2.798758e-15 
  839.000  7.085356e+02  5.998972e+01 -1.030890e-14 
  840.000  7.288626e+02  6.159773e+01 -8.370170e-15 
  841.000  7.272920e+02  6.120963e+01  8.509793e-15 
  842.000  7.260726e+02  6.105432e+01 -5.958253e-15 
  843.000  7.286660e+02  6.137431e+01  8.736991e-15 
  844.000  7.200080e+02  6.062282e+01 -2.233532e-14 
  845.000  7.325997e+02  6.159493e+01  1.745283e-14 
  846.000  7.408396e+02  6.220397e+01 -7.578994e-15 
  847.000  7.170453e+02  6.012136e+01  2.644603e-14 
  848.000  7.355060e+02  6.140944e+01  4.815727e-15 
  849.000  7.373177e+02  6.142685e+01  3.448024e-14 
  850.000  6.363912e+02  5.284000e+01 -1.608368e-15 
  851.000  7.275604e+02  6.019811e+01 -7.505583e-15 
  852.000  7.002281e+02  5.780352e+01  7.972566e-15 
  853.000  7.109969e+02  5.865902e+01 -3.026012e-14 
  854.000  5.715946e+02  4.704039e+01 -1.440301e-14 
  855.000  6.304398e+02  5.180840e+01 -4.417624e-16 
  856.000  7.179933e+02  5.897543e+01  2.340778e-14 
  857.000  7.306111e+02  5.992606e+01 -2.469390e-14 
  858.000  7.195381e+02  5.890588e+01  1.017212e-14 
  859.000  7.206918e+02  5.892472e+01 -9.176045e-15 
  860.000  7.148723e+02  5.834022e+01 -3.927521e-14 
  861.000  7.149814e+02  5.821518e+01  9.982712e-15 
  862.000  7.130105e+02  5.793332e+01 -6.202473e-14 
  863.000  7.267986e+02  5.891577e+01 -1.379349e-14 
  864.000  7.256570e+02  5.869609e+01 -8.285272e-15 
  865.000  7.124083e+02  5.749787e+01  1.530014e-14 
  866.000  5.977040e+02  4.812829e+01  4.658736e-14 
  867.000  6.365664e+02  5.113486e+01  4.674565e-14 
  868.000  6.905115e+02  5.533889e+01  3.391209e-14 
  869.000  6.809863e+02  5.445010e+01  2.503042e-14 
  870.000  7.091531e+02  5.656645e+01 -5.686774e-14 
  871.000  7.083136e+02  5.636983e+01  3.684219e-14 
  872.000  7.057028e+02  5.603775e+01 -4.754566e-14 
  873.000  7.085235e+02  5.612245e+01 -1.133709e-14 
  874.000  6.930404e+02  5.476363e+01  2.291871e-14 
  875.000  6.867599e+02  5.413962e+01 -2.795007e-14 
  876.000  6.923978e+02  5.444538e+01  1.696166e-14 
  877.000  7.062382e+02  5.539907e+01 -1.486121e-16 
  878.000  6.936071e+02  5.424357e+01  8.717830e-16 
  879.000  6.952706e+02  5.424480e+01 -1.530555e-14 
  880.000  6.908270e+02  5.374032e+01  2.190104e-14 
  881.000  6.547211e+02  5.079608e+01  3.376464e-14 
  882.000  6.906910e+02  5.344510e+01  2.845556e-14 
  883.000  6.753098e+02  5.215092e+01  2.872385e-14 
  884.000  6.812552e+02  5.249524e+01  8.506509e-15 
  885.000  6.872726e+02  5.277106e+01  5.790632e-15 
  886.000  6.633113e+02  5.072666e+01 -8.971821e-15 
  887.000  6.578062e+02  5.025613e+01  1.178866e-15 
  888.000  6.775200e+02  5.163891e+01 -4.346279e-14 
  889.000  6.825158e+02  5.192028e+01  7.218364e-16 
  890.000  6.794568e+02  5.151603e+01 -1.218691e-14 
  891.000  6.737933e+02  5.088673e+01  2.147372e-15 
  892.000  6.665181e+02  5.003630e+01  2.289806e-14 
  893.000  6.255584e+02  4.642567e+01  1.226980e-14 
  894.000  6.381177e+02  4.707047e+01  3.500039e-15 
  895.000  5.813477e+02  4.243331e+01  1.599259e-14 
  896.000  5.774924e+02  4.181578e+01  2.505884e-15 
  897.000  5.369280e+02  3.855564e+01 -3.244174e-15 
  898.000  5.252494e+02  3.750847e+01  1.118882e-15 
  899.000  4.902935e+02  3.454789e+01  1.792408e-15 
  900.000  4.827769e+02  3.399860e+01  4.063472e-16 
  901.000  4.640948e+02  3.249924e+01  7.213429e-17 
  902.000  4.572764e+02  3.198371e+01  1.182981e-15 
  903.000  5.395787e+02  3.828736e+01 -1.716591e-15 
  904.000  5.840837e+02  4.164366e+01  7.037939e-15 
  905.000  5.813665e+02  4.135952e+01 -4.066230e-16 
  906.000  5.435608e+02  3.842068e+01  5.117476e-16 
  907.000  5.132711e+02  3.589413e+01  9.074035e-16 
  908.000  4.746465e+02  3.283724e+01 -1.971394e-15 
  909.000  4.675499e+02  3.228278e+01 -4.303107e-16 
  910.000  4.768362e+02  3.289655e+01  3.942791e-16 
  911.000  4.918625e+02  3.404429e+01  1.090958e-15 
  912.000  4.850608e+02  3.341812e+01 -2.716451e-15 
  913.000  4.619122e+02  3.130670e+01 -8.290333e-16 
  914.000  4.758934e+02  3.243321e+01 -2.685235e-15 
  915.000  4.808355e+02  3.287440e+01  1.063352e-15 
  916.000  4.905335e+02  3.351271e+01 -1.329654e-16 
  917.000  4.902767e+02  3.350917e+01  1.139510e-15 
  918.000  4.973412e+02  3.401761e+01  2.811234e-15 
  919.000  5.369722e+02  3.691496e+01  3.955016e-15 
  920.000  5.572403e+02  3.842568e+01  1.494346e-15 
  921.000  5.397436e+02  3.710459e+01  1.125548e-14 
  922.000  5.345340e+02  3.666619e+01  3.372408e-15 
  923.000  5.056295e+02  3.456119e+01  1.151473e-15 
  924.000  5.107719e+02  3.472428e+01  2.538260e-15 
  925.000  5.160785e+02  3.498235e+01 -2.503640e-15 
  926.000  4.967992e+02  3.355585e+01 -1.205046e-15 
  927.000  4.958791e+02  3.324402e+01  2.202086e-16 
  928.000  4.695129e+02  3.108910e+01 -1.278964e-15 
  929.000  4.222683e+02  2.734124e+01  6.243239e-16 
  930.000  3.718850e+02  2.339505e+01 -7.886774e-16 
  931.000  3.197272e+02  1.961643e+01 -4.433897e-16 
  932.000  2.529436e+02  1.505814e+01  3.205640e-16 
  933.000  2.108453e+02  1.228363e+01  2.300766e-16 
  934.000  1.692552e+02  9.618619e+00 -1.764903e-17 
  935.000  1.625476e+02  9.189216e+00  1.932331e-16 
  936.000  1.758459e+02  1.000798e+01 -4.017586e-16 
  937.000  1.762747e+02  9.994946e+00 -1.999505e-16 
  938.000  2.196624e+02  1.274463e+01 -3.191778e-16 
  939.000  3.562629e+02  2.174732e+01  3.259544e-16 
  940.000  3.767342e+02  2.321605e+01 -2.269698e-16 
  941.000  3.500121e+02  2.133152e+01  3.340890e-16 
  942.000  2.946126e+02  1.758878e+01  2.579105e-16 
  943.000  2.417853e+02  1.404921e+01  1.981299e-26 
  944.000  2.305314e+02  1.333561e+01 -5.137922e-16 
  945.000  2.557954e+02  1.489012e+01  3.261676e-17 
  946.000  2.608806e+02  1.517096e+01  2.016999e-16 
  947.000  2.815346e+02  1.648386e+01 -3.870877e-17 
  948.000  2.966218e+02  1.742088e+01  7.509389e-17 
  949.000  2.961840e+02  1.736123e+01 -1.806173e-16 
  950.000  2.977955e+02  1.744625e+01 -3.199248e-16 
  951.000  3.263465e+02  1.930782e+01  1.648793e-16 
  952.000  2.946400e+02  1.720176e+01 -7.264399e-18 
  953.000  3.165742e+02  1.861312e+01  7.558532e-16 
  954.000  3.384391e+02  2.007983e+01 -1.030500e-14 
  955.000  2.979907e+02  1.751307e+01  3.452270e-16 
  956.000  3.142087e+02  1.842560e+01  1.917384e-16 
  957.000  3.776783e+02  2.278141e+01 -2.015693e-15 
  958.000  3.896510e+02  2.358533e+01  8.843915e-16 
  959.000  3.805287e+02  2.286286e+01 -6.297226e-16 
  960.000  3.741058e+02  2.240428e+01  1.155783e-15 
  961.000  3.649854e+02  2.175980e+01 -3.183929e-16 
  962.000  3.719618e+02  2.219631e+01  2.057126e-15 
  963.000  4.076464e+02  2.477643e+01  7.650308e-17 
  964.000  4.084661e+02  2.485298e+01  2.498086e-15 
  965.000  4.101820e+02  2.487012e+01 -1.296089e-15 
  966.000  4.005336e+02  2.427124e+01 -8.375773e-17 
  967.000  4.394748e+02  2.691427e+01 -9.553552e-17 
  968.000  4.805430e+02  2.974761e+01 -2.613893e-15 
  969.000  5.049989e+02  3.135094e+01 -4.031787e-15 
  970.000  5.076870e+02  3.146874e+01 -6.146891e-16 
  971.000  5.027428e+02  3.109593e+01  2.970606e-15 
  972.000  5.002176e+02  3.083162e+01  4.862510e-16 
  973.000  4.817791e+02  2.954598e+01  2.818296e-15 
  974.000  4.580284e+02  2.793200e+01  2.287348e-15 
  975.000  4.498874e+02  2.730758e+01  7.488315e-16 
  976.000  4.683803e+02  2.846150e+01 -2.566584e-16 
  977.000  4.777517e+02  2.910370e+01 -3.645490e-15 
  978.000  4.879146e+02  2.965818e+01 -2.811011e-15 
  979.000  4.794195e+02  2.912450e+01  3.379271e-15 
  980.000  5.084857e+02  3.099667e+01  4.508300e-15 
  981.000  5.171469e+02  3.151064e+01  2.758714e-15 
  982.000  5.111420e+02  3.104283e+01 -4.294550e-15 
  983.000  5.214712e+02  3.172215e+01  2.018386e-15 
  984.000  5.300330e+02  3.232596e+01 -8.466668e-16 
  985.000  5.367060e+02  3.276825e+01  2.043445e-16 
  986.000  5.412016e+02  3.312782e+01  5.835476e-16 
  987.000  5.513149e+02  3.375397e+01  6.012956e-16 
  988.000  5.454673e+02  3.334597e+01  2.289197e-15 
  989.000  5.391581e+02  3.290434e+01 -1.287866e-14 
  990.000  5.447324e+02  3.319538e+01 -2.010847e-14 
  991.000  5.525157e+02  3.367111e+01 -1.752067e-14 
  992.000  5.483873e+02  3.337109e+01  1.168745e-14 
  993.000  5.487642e+02  3.333277e+01  9.633701e-16 
  994.000  5.544844e+02  3.367273e+01  5.216857e-15 
  995.000  5.524431e+02  3.353131e+01  1.143369e-16 
  996.000  5.523608e+02  3.345639e+01 -1.143134e-16 
  997.000  5.517507e+02  3.331735e+01 -5.464763e-15 
  998.000  5.482991e+02  3.300243e+01 -6.186441e-15 
  999.000  5.464304e+02  3.280799e+01  9.821479e-15 
 1000.000  5.425548e+02  3.251902e+01  1.015992e-14 
 1001.000  5.426432e+02  3.239696e+01  1.376898e-14 
 1002.000  5.371764e+02  3.190401e+01  1.099730e-14 
 1003.000  5.320679e+02  3.155825e+01 -5.256576e-15 
 1004.000  5.303423e+02  3.144794e+01  4.722041e-15 
 1005.000  4.965342e+02  2.940780e+01 -2.216758e-15 
 1006.000  5.230305e+02  3.092202e+01  5.545732e-15 
 1007.000  5.317231e+02  3.135146e+01  8.869824e-15 
 1008.000  5.302396e+02  3.111987e+01  5.941462e-15 
 1009.000  5.220483e+02  3.048040e+01  3.236014e-15 
 1010.000  5.262903e+02  3.070694e+01 -4.201066e-17 
 1011.000  5.288118e+02  3.089886e+01 -9.698961e-16 
 1012.000  5.310742e+02  3.101199e+01  8.454409e-15 
 1013.000  5.287880e+02  3.084141e+01  4.075552e-15 
 1014.000  5.329052e+02  3.103533e+01 -6.332823e-15 
 1015.000  5.232372e+02  3.041332e+01  9.731044e-15 
 1016.000  5.273387e+02  3.060752e+01  1.022540e-14 
 1017.000  5.225697e+02  3.027916e+01 -1.561659e-15 
 1018.000  5.285775e+02  3.054193e+01  4.502221e-15 
 1019.000  5.148911e+02  2.965670e+01  5.032206e-16 
 1020.000  5.144007e+02  2.957211e+01 -1.883801e-14 
 1021.000  5.207936e+02  2.991172e+01 -4.940731e-15 
 1022.000  5.110453e+02  2.925002e+01  4.996149e-15 
 1023.000  5.191912e+02  2.961625e+01  1.337196e-14 
 1024.000  5.155713e+02  2.932717e+01  3.098124e-16 
 1025.000  5.185515e+02  2.950845e+01  3.347598e-15 
 1026.000  5.205403e+02  2.958789e+01  1.208729e-15 
 1027.000  5.168784e+02  2.930455e+01 -2.750304e-15 
 1028.000  5.186381e+02  2.935782e+01  1.473304e-15 
 1029.000  5.120864e+02  2.896457e+01 -2.017303e-14 
 1030.000  5.184850e+02  2.930091e+01 -1.632723e-14 
 1031.000  5.175034e+02  2.920375e+01 -5.455458e-15 
 1032.000  5.162187e+02  2.908587e+01  1.715893e-14 
 1033.000  5.069026e+02  2.850680e+01  3.646199e-16 
 1034.000  5.125798e+02  2.877572e+01 -4.661645e-15 
 1035.000  5.073065e+02  2.842620e+01  1.870420e-14 
 1036.000  5.139218e+02  2.873826e+01 -5.930953e-15 
 1037.000  5.031851e+02  2.808258e+01 -3.098729e-16 
 1038.000  5.082566e+02  2.831014e+01  7.785390e-16 
 1039.000  5.102577e+02  2.835929e+01  2.397966e-15 
 1040.000  5.041718e+02  2.796077e+01  1.720370e-14 
 1041.000  5.067941e+02  2.804608e+01  1.128964e-14 
 1042.000  5.082934e+02  2.807089e+01  5.663546e-15 
 1043.000  4.995494e+02  2.753194e+01 -1.076896e-14 
 1044.000  5.044733e+02  2.774459e+01 -2.283856e-14 
 1045.000  5.021627e+02  2.755377e+01  3.723015e-14 
 1046.000  4.874565e+02  2.668774e+01 -1.596023e-14 
 1047.000  4.962919e+02  2.711072e+01  1.854492e-14 
 1048.000  5.011552e+02  2.731664e+01 -2.977491e-15 
 1049.000  4.978622e+02  2.707881e+01  2.655735e-15 
 1050.000  4.947060e+02  2.684481e+01 -2.790199e-15 
 1051.000  4.944397e+02  2.676317e+01 -6.549414e-15 
 1052.000  4.919551e+02  2.656742e+01  1.618502e-15 
 1053.000  4.921678e+02  2.652436e+01 -8.648587e-15 
 1054.000  4.868034e+02  2.616990e+01  8.339489e-15 
 1055.000  4.900671e+02  2.627981e+01 -4.266934e-15 
 1056.000  4.885348e+02  2.613546e+01 -4.885025e-15 
 1057.000  4.870232e+02  2.597722e+01  1.162865e-14 
 1058.000  4.806748e+02  2.554192e+01  8.491088e-16 
 1059.000  4.656939e+02  2.469993e+01  3.600077e-15 
 1060.000  4.831806e+02  2.560036e+01 -5.254886e-15 
 1061.000  4.661451e+02  2.465059e+01  2.439022e-15 
 1062.000  4.783604e+02  2.522672e+01 -8.325400e-15 
 1063.000  4.700546e+02  2.473950e+01  6.086871e-15 
 1064.000  4.755341e+02  2.496366e+01 -9.542745e-15 
 1065.000  4.740287e+02  2.481322e+01 -5.941342e-16 
 1066.000  4.595819e+02  2.401848e+01 -2.210284e-15 
 1067.000  4.700934e+02  2.451208e+01  3.740778e-15 
 1068.000  4.663846e+02  2.423563e+01 -1.259173e-15 
 1069.000  4.302659e+02  2.229557e+01  3.078894e-15 
 1070.000  4.560373e+02  2.359506e+01  1.603728e-15 
 1071.000  4.555870e+02  2.350256e+01  4.469255e-15 
 1072.000  4.557463e+02  2.344370e+01  7.199280e-15 
 1073.000  4.405070e+02  2.261628e+01  8.658053e-16 
 1074.000  4.561628e+02  2.338437e+01  1.329180e-15 
 1075.000  4.438691e+02  2.275334e+01 -7.419186e-15 
 1076.000  4.523918e+02  2.312651e+01 -1.659473e-15 
 1077.000  4.498172e+02  2.292525e+01  9.829111e-15 
 1078.000  4.492490e+02  2.282357e+01 -4.739931e-15 
 1079.000  4.315952e+02  2.188575e+01  2.470150e-15 
 1080.000  4.393375e+02  2.216225e+01  3.940104e-16 
 1081.000  4.229611e+02  2.129693e+01  8.048748e-15 
 1082.000  4.305495e+02  2.167471e+01  5.138098e-15 
 1083.000  4.163799e+02  2.088902e+01 -2.189287e-15 
 1084.000  4.293419e+02  2.146523e+01 -4.104640e-15 
 1085.000  4.167695e+02  2.072735e+01  8.126999e-16 
 1086.000  4.238600e+02  2.106075e+01 -2.037530e-15 
 1087.000  4.051487e+02  2.018094e+01 -2.710336e-15 
 1088.000  4.300983e+02  2.139272e+01 -6.193603e-16 
 1089.000  4.045664e+02  1.998805e+01 -1.324044e-15 
 1090.000  4.116042e+02  2.028477e+01 -1.704711e-15 
 1091.000  4.160515e+02  2.048508e+01  4.456217e-15 
 1092.000  4.018237e+02  1.971015e+01 -2.914568e-15 
 1093.000  3.867444e+02  1.886668e+01  1.928329e-15 
 1094.000  3.479524e+02  1.692201e+01 -1.344321e-16 
 1095.000  3.773111e+02  1.832150e+01  8.290251e-16 
 1096.000  3.763544e+02  1.824353e+01  2.501841e-15 
 1097.000  3.692634e+02  1.785427e+01 -7.336356e-16 
 1098.000  3.396066e+02  1.625630e+01 -1.334997e-15 
 1099.000  3.184317e+02  1.504011e+01  1.545034e-16 
 1100.000  3.253196e+02  1.535332e+01  6.164457e-16 
