  400.000  2.004877e+01  1.459371e+02 -3.358023e-14 
  401.000  2.030269e+01  1.446908e+02  1.079388e-14 
  402.000  2.191689e+01  1.529562e+02 -6.349831e-15 
  403.000  2.090393e+01  1.428930e+02 -8.727605e-15 
  404.000  2.287038e+01  1.531596e+02  2.124720e-14 
  405.000  2.134763e+01  1.400886e+02 -2.736858e-15 
  406.000  2.156034e+01  1.386677e+02  2.358911e-14 
  407.000  2.136464e+01  1.346999e+02 -1.684834e-14 
  408.000  2.354382e+01  1.455417e+02 -1.610707e-15 
  409.000  2.650277e+01  1.606673e+02  5.802679e-15 
  410.000  2.252887e+01  1.339634e+02  2.408182e-15 
  411.000  2.689278e+01  1.568837e+02  7.882901e-15 
  412.000  2.831935e+01  1.621081e+02 -9.202359e-15 
  413.000  2.718343e+01  1.527144e+02 -1.011120e-14 
  414.000  2.709116e+01  1.493960e+02  9.232269e-15 
  415.000  2.935301e+01  1.589187e+02  1.920200e-14 
  416.000  2.963078e+01  1.575292e+02  2.006250e-14 
  417.000  2.917181e+01  1.523182e+02  1.334244e-15 
  418.000  2.896867e+01  1.485793e+02 -6.376087e-15 
  419.000  3.012194e+01  1.517859e+02  1.159499e-15 
  420.000  2.587199e+01  1.281057e+02  1.155498e-15 
  421.000  3.288883e+01  1.600449e+02  1.803973e-14 
  422.000  3.197089e+01  1.529211e+02  1.827914e-14 
  423.000  2.738858e+01  1.287861e+02 -7.218665e-15 
  424.000  3.055273e+01  1.412544e+02  3.172542e-15 
  425.000  3.208247e+01  1.458643e+02 -1.025120e-14 
  426.000  3.126338e+01  1.398019e+02  1.795780e-14 
  427.000  3.048009e+01  1.340770e+02 -2.505332e-14 
  428.000  3.127657e+01  1.353564e+02 -1.034791e-14 
  429.000  2.883008e+01  1.227692e+02 -1.324819e-14 
  430.000  2.330563e+01  9.766822e+01  2.698808e-15 
  431.000  2.122423e+01  8.754521e+01 -2.141338e-15 
  432.000  3.869122e+01  1.571020e+02 -6.328551e-15 
  433.000  3.487531e+01  1.394170e+02 -1.026866e-14 
  434.000  3.356160e+01  1.321070e+02  1.440316e-14 
  435.000  3.696528e+01  1.432920e+02  2.223599e-14 
  436.000  4.148936e+01  1.584043e+02 -5.006089e-15 
  437.000  4.239504e+01  1.594433e+02  1.586015e-14 
  438.000  3.842968e+01  1.423889e+02  1.393028e-14 
  439.000  3.762656e+01  1.373647e+02 -1.189067e-14 
  440.000  4.266166e+01  1.534805e+02  2.891634e-14 
  441.000  4.301095e+01  1.525053e+02 -1.740804e-14 
  442.000  4.581060e+01  1.601112e+02 -4.416587e-14 
  443.000  4.662970e+01  1.606674e+02  6.846872e-15 
  444.000  4.683399e+01  1.591086e+02 -1.171024e-14 
  445.000  4.979245e+01  1.668120e+02 -1.721544e-14 
  446.000  4.478614e+01  1.479812e+02 -1.295816e-14 
  447.000  5.163103e+01  1.682574e+02  2.711426e-14 
  448.000  5.308824e+01  1.706199e+02 -5.424033e-15 
  449.000  5.406268e+01  1.713643e+02 -3.512157e-14 
  450.000  5.586296e+01  1.746622e+02  4.700975e-16 
  451.000  6.102985e+01  1.882517e+02  4.107724e-15 
  452.000  5.733508e+01  1.745036e+02  2.305370e-14 
  453.000  5.377477e+01  1.615126e+02  1.009876e-14 
  454.000  5.791647e+01  1.716835e+02  1.155728e-14 
  455.000  5.889725e+01  1.723310e+02 -3.147989e-14 
  456.000  6.089334e+01  1.758865e+02  1.966650e-15 
  457.000  6.181115e+01  1.762610e+02  3.205505e-14 
  458.000  6.128889e+01  1.725610e+02 -4.358308e-14 
  459.000  6.184077e+01  1.719328e+02  6.679582e-15 
  460.000  6.185749e+01  1.698394e+02  1.220097e-14 
  461.000  6.467463e+01  1.753813e+02  2.887910e-14 
  462.000  6.418195e+01  1.719143e+02 -1.672679e-14 
  463.000  6.475837e+01  1.713518e+02 -6.580846e-15 
  464.000  6.560389e+01  1.714992e+02  1.205144e-14 
  465.000  6.526469e+01  1.685764e+02 -1.165878e-14 
  466.000  6.796439e+01  1.734735e+02  3.182509e-14 
  467.000  6.616681e+01  1.669078e+02 -3.193997e-14 
  468.000  7.061904e+01  1.760748e+02 -1.208592e-16 
  469.000  7.052050e+01  1.738216e+02 -3.778208e-14 
  470.000  7.003249e+01  1.706797e+02  3.011304e-14 
  471.000  7.035300e+01  1.695693e+02  2.006480e-14 
  472.000  7.162568e+01  1.707600e+02 -1.265759e-14 
  473.000  7.119338e+01  1.679142e+02  8.471187e-15 
  474.000  7.207961e+01  1.682189e+02 -5.136000e-15 
  475.000  7.518837e+01  1.737201e+02  5.320197e-14 
  476.000  7.293740e+01  1.669217e+02 -3.375042e-14 
  477.000  7.241904e+01  1.641107e+02  1.669735e-14 
  478.000  7.667111e+01  1.717440e+02  1.281555e-14 
  479.000  7.409180e+01  1.639144e+02  2.694071e-14 
  480.000  7.653900e+01  1.672133e+02  9.099594e-15 
  481.000  7.696996e+01  1.661267e+02  2.735891e-14 
  482.000  7.942947e+01  1.694417e+02 -2.474860e-15 
  483.000  8.027540e+01  1.693180e+02  3.286598e-14 
  484.000  7.784185e+01  1.623930e+02 -2.542193e-14 
  485.000  7.902280e+01  1.630966e+02 -1.272676e-14 
  486.000  6.456915e+01  1.318656e+02 -7.705300e-15 
  487.000  7.314001e+01  1.478210e+02  6.486804e-15 
  488.000  8.001767e+01  1.600622e+02 -1.136586e-14 
  489.000  7.493858e+01  1.483773e+02 -2.250041e-14 
  490.000  8.594350e+01  1.684475e+02  4.329124e-15 
  491.000  8.095445e+01  1.570753e+02  2.254498e-14 
  492.000  7.828810e+01  1.503876e+02  1.954596e-14 
  493.000  8.484870e+01  1.613748e+02  2.239408e-14 
  494.000  8.247458e+01  1.553176e+02 -1.992925e-14 
  495.000  8.870864e+01  1.654242e+02  4.414499e-14 
  496.000  8.683040e+01  1.603435e+02 -4.832381e-14 
  497.000  8.465030e+01  1.548009e+02 -6.297607e-15 
  498.000  8.305951e+01  1.504268e+02  2.408002e-14 
  499.000  8.325898e+01  1.493456e+02  1.943362e-14 
  500.000  8.328919e+01  1.479790e+02  9.748298e-15 
  501.000  8.179765e+01  1.439574e+02  1.895720e-14 
  502.000  8.163579e+01  1.423235e+02  1.566874e-14 
  503.000  8.689786e+01  1.500830e+02 -1.499231e-14 
  504.000  8.121214e+01  1.389628e+02  2.249369e-14 
  505.000  8.797880e+01  1.491560e+02  4.348693e-14 
  506.000  9.474638e+01  1.591624e+02  1.658326e-14 
  507.000  8.868468e+01  1.476263e+02  3.677892e-15 
  508.000  8.555967e+01  1.411371e+02  9.690547e-15 
  509.000  9.280958e+01  1.517215e+02  3.831170e-14 
  510.000  9.045074e+01  1.465471e+02 -5.380512e-14 
  511.000  9.097738e+01  1.460938e+02 -5.298225e-15 
  512.000  9.600357e+01  1.528061e+02 -3.080463e-14 
  513.000  8.833881e+01  1.393735e+02 -5.039846e-15 
  514.000  8.694634e+01  1.359811e+02  3.597353e-15 
  515.000  8.923297e+01  1.383478e+02 -1.235787e-14 
  516.000  9.416772e+01  1.447403e+02 -4.521479e-14 
  517.000  6.964898e+01  1.061370e+02 -1.208943e-14 
  518.000  8.657526e+01  1.308077e+02 -1.861477e-15 
  519.000  8.234759e+01  1.233670e+02  3.368937e-14 
  520.000  9.102024e+01  1.352115e+02  2.075869e-14 
  521.000  9.141570e+01  1.346646e+02  8.703440e-16 
  522.000  9.537358e+01  1.393323e+02 -9.488920e-15 
  523.000  8.912791e+01  1.291443e+02 -1.118137e-14 
  524.000  9.700829e+01  1.394194e+02 -9.414136e-15 
  525.000  9.652258e+01  1.376033e+02 -2.428174e-14 
  526.000  9.228602e+01  1.305009e+02  1.251087e-14 
  527.000  8.084023e+01  1.134004e+02  6.070621e-15 
  528.000  9.734053e+01  1.354598e+02  3.555985e-14 
  529.000  1.003615e+02  1.385578e+02 -1.388674e-14 
  530.000  9.507925e+01  1.302294e+02 -1.291991e-14 
  531.000  1.037639e+02  1.410078e+02 -9.933804e-15 
  532.000  9.927473e+01  1.338465e+02  2.264093e-14 
  533.000  8.754277e+01  1.171008e+02 -2.677658e-14 
  534.000  9.562820e+01  1.268984e+02 -1.082418e-15 
  535.000  9.804323e+01  1.290624e+02 -1.268786e-14 
  536.000  1.045294e+02  1.365079e+02  2.869572e-14 
  537.000  9.741561e+01  1.262192e+02  2.408781e-14 
  538.000  1.024058e+02  1.316561e+02  7.465425e-15 
  539.000  1.024836e+02  1.307434e+02  1.852880e-14 
  540.000  1.006886e+02  1.274744e+02 -8.755456e-15 
  541.000  9.268765e+01  1.164562e+02 -6.779757e-15 
  542.000  1.037852e+02  1.294188e+02 -9.316513e-15 
  543.000  9.964474e+01  1.233269e+02  7.470640e-15 
  544.000  1.054630e+02  1.295589e+02  5.000099e-15 
  545.000  1.042293e+02  1.270975e+02 -1.846991e-16 
  546.000  1.022371e+02  1.237525e+02 -2.938694e-14 
  547.000  1.069237e+02  1.284782e+02 -3.756281e-14 
  548.000  9.952276e+01  1.187153e+02 -4.667816e-15 
  549.000  1.050703e+02  1.244251e+02 -2.228492e-15 
  550.000  1.030701e+02  1.211773e+02  1.875009e-14 
  551.000  1.027130e+02  1.198938e+02  2.745449e-14 
  552.000  1.074441e+02  1.245226e+02 -1.982542e-14 
  553.000  1.035162e+02  1.191219e+02 -5.779128e-15 
  554.000  1.071845e+02  1.224759e+02 -1.405493e-14 
  555.000  1.077709e+02  1.222845e+02 -8.475332e-15 
  556.000  1.050652e+02  1.183850e+02  1.579350e-14 
  557.000  1.021794e+02  1.143393e+02  3.071001e-14 
  558.000  1.062953e+02  1.181297e+02 -4.262866e-15 
  559.000  1.006846e+02  1.111327e+02 -1.262428e-14 
  560.000  1.013172e+02  1.110781e+02  1.132311e-15 
  561.000  1.115378e+02  1.214688e+02 -1.650869e-14 
  562.000  1.023884e+02  1.108092e+02  1.899903e-14 
  563.000  1.072539e+02  1.153211e+02  3.140655e-14 
  564.000  1.058176e+02  1.130548e+02  2.482541e-14 
  565.000  1.070184e+02  1.136466e+02  1.631771e-15 
  566.000  9.874061e+01  1.041904e+02  1.245985e-14 
  567.000  1.055840e+02  1.108040e+02 -2.257924e-14 
  568.000  1.039663e+02  1.087923e+02  4.873518e-15 
  569.000  9.885481e+01  1.038031e+02  3.242322e-15 
  570.000  9.985939e+01  1.040887e+02 -6.232335e-15 
  571.000  9.850317e+01  1.012992e+02  4.606440e-15 
  572.000  1.019022e+02  1.049144e+02  2.975034e-15 
  573.000  1.035350e+02  1.058023e+02  3.574445e-16 
  574.000  1.032777e+02  1.046812e+02  4.075017e-15 
  575.000  1.007045e+02  1.015015e+02 -6.028867e-15 
  576.000  9.909152e+01  9.928616e+01  2.451241e-15 
  577.000  1.041418e+02  1.035496e+02 -7.465044e-16 
  578.000  1.023627e+02  1.009347e+02 -3.702068e-15 
  579.000  1.028404e+02  1.005931e+02  1.293424e-14 
  580.000  1.078099e+02  1.046148e+02  9.016451e-16 
  581.000  1.077071e+02  1.035965e+02  1.410441e-14 
  582.000  1.107153e+02  1.056676e+02 -5.604166e-15 
  583.000  1.125155e+02  1.066436e+02  7.043222e-15 
  584.000  1.130203e+02  1.064124e+02 -1.669277e-15 
  585.000  1.130728e+02  1.057767e+02 -1.895403e-14 
  586.000  1.088637e+02  1.012022e+02 -2.016984e-14 
  587.000  1.126222e+02  1.043222e+02  7.927246e-15 
  588.000  1.072781e+02  1.000208e+02 -8.745934e-16 
  589.000  8.934380e+01  8.411785e+01 -6.037571e-15 
  590.000  9.321909e+01  8.732304e+01  9.174183e-15 
  591.000  1.039615e+02  9.581292e+01  3.310587e-15 
  592.000  9.991357e+01  9.204568e+01 -1.479165e-15 
  593.000  1.065581e+02  9.641525e+01  1.324512e-14 
  594.000  1.066699e+02  9.622256e+01 -1.544363e-15 
  595.000  1.012703e+02  9.159096e+01 -8.007606e-15 
  596.000  1.093784e+02  9.715015e+01 -1.017119e-15 
  597.000  1.086912e+02  9.621954e+01 -2.222588e-15 
  598.000  1.088443e+02  9.529047e+01  5.687974e-15 
  599.000  1.099662e+02  9.549475e+01  3.183849e-15 
  600.000  1.121903e+02  9.639603e+01 -3.344653e-15 
  601.000  1.131923e+02  9.623846e+01 -7.499566e-15 
  602.000  1.125505e+02  9.504008e+01  8.308015e-17 
  603.000  1.140852e+02  9.568903e+01 -1.977528e-14 
  604.000  1.185552e+02  9.882423e+01  1.805418e-15 
  605.000  1.191022e+02  9.866589e+01 -8.570181e-15 
  606.000  1.183178e+02  9.745754e+01  5.982639e-15 
  607.000  1.182293e+02  9.683498e+01  1.545599e-15 
  608.000  1.183396e+02  9.638733e+01 -4.432786e-15 
  609.000  1.176415e+02  9.529240e+01 -8.789620e-15 
  610.000  1.162708e+02  9.366809e+01 -4.629509e-15 
  611.000  1.187001e+02  9.510845e+01  9.027776e-15 
  612.000  1.176804e+02  9.378527e+01 -6.019525e-15 
  613.000  1.164640e+02  9.232185e+01 -2.321393e-14 
  614.000  1.127302e+02  8.889017e+01  1.107514e-14 
  615.000  1.186232e+02  9.304470e+01 -3.196620e-15 
  616.000  1.132399e+02  8.835900e+01  2.911459e-15 
  617.000  1.143082e+02  8.873289e+01 -5.104573e-15 
  618.000  1.200937e+02  9.274879e+01  2.451578e-14 
  619.000  1.193301e+02  9.169697e+01 -2.985565e-15 
  620.000  1.214096e+02  9.283228e+01  8.827897e-15 
  621.000  1.237736e+02  9.417837e+01  2.013364e-14 
  622.000  1.174592e+02  8.894559e+01 -6.792835e-15 
  623.000  1.185184e+02  8.932941e+01  4.028791e-14 
  624.000  1.187974e+02  8.912251e+01  2.371181e-15 
  625.000  1.156971e+02  8.639732e+01  5.013838e-15 
  626.000  1.159902e+02  8.628907e+01  1.384018e-14 
  627.000  1.162792e+02  8.639775e+01  1.727007e-15 
  628.000  1.084540e+02  8.112895e+01 -1.818088e-15 
  629.000  1.148986e+02  8.513628e+01  7.896223e-15 
  630.000  1.129729e+02  8.300166e+01  1.318254e-14 
  631.000  1.187599e+02  8.665919e+01 -6.244741e-16 
  632.000  1.099826e+02  8.010188e+01 -1.276604e-14 
  633.000  1.210114e+02  8.715937e+01  1.615241e-14 
  634.000  1.189338e+02  8.510596e+01  6.863851e-16 
  635.000  1.219519e+02  8.681563e+01  2.637131e-15 
  636.000  1.189046e+02  8.413602e+01 -2.967803e-15 
  637.000  1.239545e+02  8.720988e+01 -4.579681e-15 
  638.000  1.276577e+02  8.919231e+01 -2.077739e-14 
  639.000  1.274295e+02  8.857452e+01  1.140246e-14 
  640.000  1.246882e+02  8.615317e+01  3.765576e-15 
  641.000  1.272901e+02  8.750475e+01 -7.664565e-15 
  642.000  1.267456e+02  8.664445e+01  1.736525e-14 
  643.000  1.288742e+02  8.777731e+01  1.225383e-14 
  644.000  1.279639e+02  8.673536e+01  1.931599e-14 
  645.000  1.286386e+02  8.694033e+01 -3.021478e-14 
  646.000  1.199382e+02  8.146096e+01 -1.880239e-14 
  647.000  1.190796e+02  8.096097e+01  2.457223e-15 
  648.000  1.160640e+02  7.902364e+01 -6.946593e-15 
  649.000  1.216411e+02  8.200505e+01 -4.320397e-16 
  650.000  1.183441e+02  7.857784e+01  1.274768e-14 
  651.000  1.278942e+02  8.452791e+01  1.228681e-14 
  652.000  1.209358e+02  8.030074e+01  2.065290e-15 
  653.000  1.295572e+02  8.472330e+01 -1.200388e-14 
  654.000  1.276507e+02  8.319193e+01  4.189958e-15 
  655.000  1.226316e+02  7.986829e+01 -5.528376e-15 
  656.000  1.050569e+02  6.801892e+01  1.189690e-16 
  657.000  1.134946e+02  7.299430e+01  2.838035e-15 
  658.000  1.287938e+02  8.215822e+01 -6.034627e-15 
  659.000  1.306766e+02  8.280798e+01  8.382630e-15 
  660.000  1.326754e+02  8.351434e+01 -3.149758e-15 
  661.000  1.351787e+02  8.448808e+01  1.399748e-14 
  662.000  1.382631e+02  8.593317e+01 -7.815923e-15 
  663.000  1.369565e+02  8.476812e+01 -2.558908e-15 
  664.000  1.354988e+02  8.345632e+01 -6.831028e-15 
  665.000  1.366572e+02  8.377763e+01 -8.908545e-15 
  666.000  1.390065e+02  8.480951e+01  1.549087e-14 
  667.000  1.368667e+02  8.311734e+01 -2.649296e-14 
  668.000  1.384980e+02  8.368510e+01 -3.130658e-15 
  669.000  1.411014e+02  8.486422e+01 -5.782124e-15 
  670.000  1.399482e+02  8.379230e+01 -6.563735e-15 
  671.000  1.390274e+02  8.286392e+01 -1.032527e-14 
  672.000  1.390735e+02  8.252499e+01 -9.092355e-15 
  673.000  1.405636e+02  8.304271e+01  1.199671e-14 
  674.000  1.413276e+02  8.312878e+01 -5.526432e-15 
  675.000  1.396545e+02  8.178603e+01  2.177488e-14 
  676.000  1.427634e+02  8.324414e+01 -8.013919e-15 
  677.000  1.403695e+02  8.149387e+01 -1.399412e-14 
  678.000  1.431464e+02  8.274696e+01 -2.712071e-14 
  679.000  1.414883e+02  8.144622e+01  4.828058e-15 
  680.000  1.404009e+02  8.052639e+01 -1.287660e-14 
  681.000  1.407355e+02  8.039635e+01 -2.698572e-15 
  682.000  1.408361e+02  8.011610e+01  8.568285e-15 
  683.000  1.419721e+02  8.044597e+01 -1.730858e-15 
  684.000  1.393728e+02  7.869585e+01 -1.130948e-14 
  685.000  1.416853e+02  7.962743e+01 -1.428399e-15 
  686.000  1.346852e+02  7.546574e+01 -1.876302e-14 
  687.000  9.519296e+01  5.534621e+01 -7.658107e-15 
  688.000  1.072699e+02  6.134178e+01 -9.206726e-15 
  689.000  1.040921e+02  5.950716e+01 -6.309972e-16 
  690.000  1.112549e+02  6.294590e+01  1.238863e-14 
  691.000  1.201454e+02  6.720597e+01 -1.065032e-14 
  692.000  1.236573e+02  6.874754e+01 -8.848294e-15 
  693.000  1.188839e+02  6.654638e+01  2.647183e-15 
  694.000  1.140497e+02  6.422020e+01 -8.451921e-15 
  695.000  1.166682e+02  6.507594e+01 -1.090572e-14 
  696.000  1.210251e+02  6.699000e+01 -3.454294e-15 
  697.000  1.344179e+02  7.276464e+01 -5.975792e-15 
  698.000  1.293908e+02  7.004903e+01  4.121847e-16 
  699.000  1.203425e+02  6.596465e+01  5.206852e-16 
  700.000  1.209224e+02  6.586384e+01 -2.053894e-16 
  701.000  1.159380e+02  6.311799e+01 -3.949619e-15 
  702.000  1.173480e+02  6.347700e+01  3.075997e-15 
  703.000  1.287543e+02  6.844307e+01 -2.818221e-15 
  704.000  1.297840e+02  6.867937e+01  1.280550e-15 
  705.000  1.269524e+02  6.729915e+01 -1.577992e-14 
  706.000  1.265946e+02  6.677362e+01  5.739857e-15 
  707.000  1.263059e+02  6.622803e+01  2.047248e-15 
  708.000  1.317776e+02  6.867710e+01  2.403027e-16 
  709.000  1.304636e+02  6.742315e+01 -6.935126e-17 
  710.000  1.302164e+02  6.736391e+01 -8.789254e-16 
  711.000  1.325916e+02  6.799547e+01 -8.865337e-15 
  712.000  1.339158e+02  6.812710e+01 -7.158284e-17 
  713.000  1.311014e+02  6.667435e+01 -1.550467e-14 
  714.000  1.326146e+02  6.727716e+01 -4.593132e-15 
  715.000  1.242082e+02  6.314245e+01  7.721477e-15 
  716.000  1.232820e+02  6.283675e+01 -2.594007e-15 
  717.000  9.695535e+01  5.091753e+01  5.201432e-15 
  718.000  8.385059e+01  4.505082e+01 -4.748306e-15 
  719.000  7.867374e+01  4.258154e+01  3.948363e-15 
  720.000  7.354513e+01  4.028255e+01  2.289870e-15 
  721.000  1.022344e+02  5.243802e+01 -2.430745e-15 
  722.000  1.159946e+02  5.830598e+01  1.028590e-15 
  723.000  1.089482e+02  5.506279e+01 -5.392041e-15 
  724.000  9.149328e+01  4.745384e+01  1.773225e-15 
  725.000  9.299822e+01  4.783550e+01 -4.195960e-15 
  726.000  9.219802e+01  4.731336e+01  1.431376e-15 
  727.000  9.619740e+01  4.894709e+01  1.568444e-17 
  728.000  9.208304e+01  4.690747e+01  3.171758e-15 
  729.000  9.502992e+01  4.763670e+01 -1.503996e-15 
  730.000  9.763357e+01  4.883488e+01  3.715957e-15 
  731.000  9.491412e+01  4.739169e+01 -6.383833e-15 
  732.000  1.087781e+02  5.313978e+01  1.449152e-15 
  733.000  1.196552e+02  5.728707e+01 -3.881841e-15 
  734.000  1.287865e+02  6.089326e+01 -3.245441e-15 
  735.000  1.257424e+02  5.941064e+01  6.979762e-16 
  736.000  1.195500e+02  5.658465e+01 -9.726878e-16 
  737.000  1.243850e+02  5.841563e+01 -8.172727e-15 
  738.000  1.285306e+02  5.979211e+01  3.641745e-15 
  739.000  1.263780e+02  5.842566e+01  8.558695e-16 
  740.000  1.319151e+02  6.041518e+01 -5.714919e-15 
  741.000  1.334690e+02  6.070361e+01 -1.986096e-15 
  742.000  1.324570e+02  5.994325e+01  4.504432e-15 
  743.000  1.387502e+02  6.231302e+01 -4.277378e-15 
  744.000  1.412671e+02  6.313461e+01  3.251010e-14 
  745.000  1.385393e+02  6.163534e+01 -4.008311e-15 
  746.000  1.412692e+02  6.258076e+01 -9.012859e-15 
  747.000  1.438026e+02  6.347013e+01  2.075798e-15 
  748.000  1.418357e+02  6.235039e+01  1.492353e-14 
  749.000  1.423285e+02  6.233363e+01 -6.553804e-15 
  750.000  1.402619e+02  6.122342e+01 -6.773945e-15 
  751.000  1.401552e+02  6.096090e+01 -6.972392e-15 
  752.000  1.430261e+02  6.196010e+01  9.404681e-15 
  753.000  1.421098e+02  6.133273e+01  1.227249e-14 
  754.000  1.446967e+02  6.222224e+01  1.610705e-14 
  755.000  1.441234e+02  6.175907e+01 -5.728517e-15 
  756.000  1.415631e+02  6.044968e+01  1.082673e-14 
  757.000  1.428092e+02  6.077143e+01 -5.104622e-15 
  758.000  1.420186e+02  6.025298e+01  2.431156e-14 
  759.000  1.148776e+02  4.961026e+01  8.877080e-16 
  760.000  1.283548e+01  7.530859e+00 -3.351982e-16 
  761.000  9.246813e+00  5.819370e+00  7.605414e-16 
  762.000  4.468851e+01  2.123394e+01 -7.997185e-16 
  763.000  3.054667e+01  1.524256e+01  1.727418e-15 
  764.000  3.782175e+01  1.829283e+01 -8.796516e-17 
  765.000  5.818571e+01  2.660867e+01  1.575747e-15 
  766.000  8.561238e+01  3.696828e+01 -3.453113e-15 
  767.000  1.056116e+02  4.462408e+01  7.021675e-16 
  768.000  1.238444e+02  5.152851e+01  7.620456e-15 
  769.000  1.331117e+02  5.475853e+01  6.948192e-15 
  770.000  1.378355e+02  5.632349e+01  1.602415e-15 
  771.000  1.404599e+02  5.703625e+01 -7.828818e-15 
  772.000  1.406679e+02  5.690724e+01 -2.292982e-15 
  773.000  1.404816e+02  5.663466e+01  2.768940e-16 
  774.000  1.424066e+02  5.722109e+01  8.797281e-15 
  775.000  1.375116e+02  5.505825e+01 -5.118798e-15 
  776.000  1.435529e+02  5.727711e+01  1.722446e-14 
  777.000  1.427286e+02  5.676241e+01  1.306248e-14 
  778.000  1.420382e+02  5.630995e+01 -2.378207e-15 
  779.000  1.425701e+02  5.634302e+01 -7.783529e-15 
  780.000  1.408741e+02  5.549783e+01 -1.185274e-14 
  781.000  1.411116e+02  5.538777e+01 -1.075413e-15 
  782.000  1.428686e+02  5.590289e+01  4.484881e-15 
  783.000  1.395969e+02  5.445218e+01  9.418733e-15 
  784.000  1.403100e+02  5.456488e+01 -2.089598e-15 
  785.000  1.399949e+02  5.432053e+01  6.652845e-15 
  786.000  1.364292e+02  5.285953e+01  2.431400e-14 
  787.000  1.357747e+02  5.269896e+01  2.589195e-15 
  788.000  1.323475e+02  5.131542e+01  1.505503e-14 
  789.000  1.279360e+02  4.982066e+01  1.084662e-14 
  790.000  1.262901e+02  4.905710e+01  2.753842e-15 
  791.000  1.267301e+02  4.900375e+01 -1.023609e-14 
  792.000  1.257508e+02  4.840705e+01 -6.222674e-15 
  793.000  1.278665e+02  4.891565e+01  7.633701e-15 
  794.000  1.311474e+02  4.969172e+01  2.479023e-16 
  795.000  1.278206e+02  4.846962e+01 -2.432060e-15 
  796.000  1.228672e+02  4.693195e+01 -3.193340e-15 
  797.000  1.258129e+02  4.776569e+01  3.640436e-15 
  798.000  1.306362e+02  4.911713e+01  4.097281e-15 
  799.000  1.295928e+02  4.864568e+01  7.100505e-15 
  800.000  1.230497e+02  4.626736e+01  4.890032e-15 
  801.000  1.258451e+02  4.714494e+01 -3.223269e-15 
  802.000  1.253823e+02  4.684848e+01  6.804957e-15 
  803.000  1.241863e+02  4.622531e+01 -3.009296e-15 
  804.000  1.270141e+02  4.702443e+01  2.211941e-15 
  805.000  1.266209e+02  4.653281e+01  1.068321e-14 
  806.000  1.320187e+02  4.824226e+01  1.061200e-15 
  807.000  1.314334e+02  4.787563e+01 -9.990763e-15 
  808.000  1.296993e+02  4.716902e+01 -1.277496e-15 
  809.000  1.263438e+02  4.589256e+01 -6.302329e-15 
  810.000  1.244744e+02  4.516858e+01  6.134775e-15 
  811.000  1.236827e+02  4.493111e+01 -3.921757e-15 
  812.000  1.194930e+02  4.352069e+01 -1.385460e-15 
  813.000  1.144497e+02  4.183605e+01 -3.535005e-15 
  814.000  1.084301e+02  3.984547e+01 -4.009984e-15 
  815.000  1.002304e+02  3.708081e+01 -1.203271e-15 
  816.000  9.111749e+01  3.401920e+01 -8.994720e-16 
  817.000  9.206251e+01  3.425726e+01 -1.226473e-15 
  818.000  9.221059e+01  3.417490e+01  1.707598e-15 
  819.000  9.252431e+01  3.403734e+01 -4.044747e-15 
  820.000  9.993076e+01  3.618414e+01 -3.415158e-15 
  821.000  1.147809e+02  4.078352e+01 -2.926513e-15 
  822.000  1.031059e+02  3.697788e+01  3.008442e-16 
  823.000  8.298650e+01  3.066670e+01  1.718651e-15 
  824.000  1.026082e+02  3.675223e+01  4.267625e-15 
  825.000  1.157275e+02  4.058369e+01 -7.635010e-16 
  826.000  1.144072e+02  4.011758e+01  7.543211e-15 
  827.000  1.124187e+02  3.939791e+01  3.927276e-16 
  828.000  1.036472e+02  3.663883e+01 -1.089363e-15 
  829.000  1.067113e+02  3.746278e+01  6.161388e-15 
  830.000  1.085709e+02  3.782214e+01 -5.075549e-15 
  831.000  1.076079e+02  3.732877e+01  8.069319e-15 
  832.000  1.104005e+02  3.815264e+01  2.937129e-15 
  833.000  1.090847e+02  3.747500e+01 -3.470432e-15 
  834.000  1.132497e+02  3.865174e+01 -9.383694e-16 
  835.000  1.184085e+02  4.000569e+01  2.722058e-17 
  836.000  1.183751e+02  3.996499e+01 -6.433237e-15 
  837.000  1.173894e+02  3.952148e+01 -1.328180e-15 
  838.000  1.202685e+02  4.023399e+01 -3.833466e-16 
  839.000  1.180232e+02  3.928415e+01  2.861679e-15 
  840.000  1.218060e+02  4.039508e+01 -5.847762e-15 
  841.000  1.207097e+02  4.000567e+01 -8.647043e-15 
  842.000  1.214257e+02  4.004502e+01 -2.668111e-15 
  843.000  1.239327e+02  4.055750e+01 -9.872129e-15 
  844.000  1.234525e+02  4.019518e+01 -2.200729e-15 
  845.000  1.261237e+02  4.090557e+01 -3.114384e-15 
  846.000  1.280833e+02  4.137809e+01 -3.915103e-15 
  847.000  1.244173e+02  3.999767e+01 -7.470438e-15 
  848.000  1.269966e+02  4.082594e+01 -1.483078e-15 
  849.000  1.274873e+02  4.085812e+01  7.441236e-15 
  850.000  1.097491e+02  3.510801e+01 -9.728683e-16 
  851.000  1.250698e+02  3.994203e+01 -3.937386e-15 
  852.000  1.204897e+02  3.836677e+01  6.265514e-15 
  853.000  1.231899e+02  3.904258e+01  1.140299e-14 
  854.000  9.907058e+01  3.131300e+01 -7.277428e-15 
  855.000  1.096848e+02  3.453779e+01 -9.254996e-16 
  856.000  1.257386e+02  3.937027e+01 -1.573068e-14 
  857.000  1.283649e+02  4.004806e+01  2.874863e-15 
  858.000  1.266270e+02  3.938100e+01  2.845407e-15 
  859.000  1.273741e+02  3.946636e+01  3.600200e-15 
  860.000  1.265823e+02  3.909921e+01  3.211841e-15 
  861.000  1.267246e+02  3.903126e+01  2.346102e-15 
  862.000  1.266070e+02  3.887773e+01  3.778525e-15 
  863.000  1.291455e+02  3.954649e+01 -1.315037e-15 
  864.000  1.291834e+02  3.943770e+01 -1.013818e-14 
  865.000  1.270281e+02  3.866409e+01 -8.137759e-15 
  866.000  1.066535e+02  3.237212e+01 -7.951853e-15 
  867.000  1.136104e+02  3.439175e+01  6.901745e-15 
  868.000  1.233122e+02  3.722600e+01  1.000051e-14 
  869.000  1.217096e+02  3.663968e+01  6.133479e-15 
  870.000  1.267587e+02  3.805902e+01 -5.831240e-15 
  871.000  1.267082e+02  3.793817e+01  1.546049e-14 
  872.000  1.264090e+02  3.773915e+01  1.771698e-15 
  873.000  1.268492e+02  3.777636e+01 -9.156194e-15 
  874.000  1.240657e+02  3.685229e+01  5.767431e-15 
  875.000  1.229766e+02  3.643188e+01 -5.403861e-16 
  876.000  1.239416e+02  3.662391e+01 -7.354372e-15 
  877.000  1.264952e+02  3.727716e+01  3.143336e-15 
  878.000  1.240859e+02  3.648664e+01  3.273122e-15 
  879.000  1.244262e+02  3.648993e+01  5.778184e-15 
  880.000  1.235055e+02  3.613971e+01  3.007674e-15 
  881.000  1.169737e+02  3.414668e+01  1.374973e-15 
  882.000  1.233240e+02  3.591431e+01 -1.824122e-17 
  883.000  1.207736e+02  3.506818e+01  1.003323e-14 
  884.000  1.219520e+02  3.531232e+01  3.128987e-15 
  885.000  1.226724e+02  3.546225e+01  8.718387e-15 
  886.000  1.179107e+02  3.404334e+01  4.906070e-16 
  887.000  1.173775e+02  3.376353e+01 -3.377410e-15 
  888.000  1.209194e+02  3.469312e+01  2.123314e-14 
  889.000  1.220042e+02  3.490223e+01 -3.175987e-15 
  890.000  1.211970e+02  3.461029e+01 -9.585152e-15 
  891.000  1.195969e+02  3.415511e+01  6.643078e-15 
  892.000  1.168123e+02  3.340398e+01 -1.204850e-14 
  893.000  1.054207e+02  3.042320e+01  8.613992e-16 
  894.000  1.053237e+02  3.050089e+01  4.486699e-15 
  895.000  9.019042e+01  2.647286e+01  3.435429e-16 
  896.000  8.441863e+01  2.504642e+01  2.844965e-15 
  897.000  7.349276e+01  2.211613e+01 -4.346698e-16 
  898.000  6.966610e+01  2.110678e+01 -4.309769e-16 
  899.000  5.977630e+01  1.857047e+01  9.151474e-16 
  900.000  5.950439e+01  1.837115e+01  8.011537e-16 
  901.000  5.601733e+01  1.737700e+01  1.953099e-17 
  902.000  5.561706e+01  1.716653e+01  2.507579e-16 
  903.000  7.548183e+01  2.225040e+01 -1.477025e-15 
  904.000  8.869849e+01  2.560284e+01 -2.487721e-15 
  905.000  8.823587e+01  2.540387e+01  1.277115e-15 
  906.000  7.851604e+01  2.278989e+01  2.254469e-16 
  907.000  6.770380e+01  2.009635e+01 -1.167135e-15 
  908.000  5.881195e+01  1.777650e+01  8.623125e-16 
  909.000  5.803943e+01  1.748892e+01  9.278919e-16 
  910.000  5.975766e+01  1.790508e+01  7.228290e-16 
  911.000  6.424918e+01  1.894420e+01  3.085918e-16 
  912.000  6.217574e+01  1.840070e+01  1.930232e-16 
  913.000  5.429558e+01  1.651213e+01 -4.283137e-16 
  914.000  5.849528e+01  1.747355e+01  5.037751e-16 
  915.000  6.125217e+01  1.803421e+01 -4.164848e-16 
  916.000  6.317836e+01  1.848963e+01 -3.838771e-16 
  917.000  6.444969e+01  1.869230e+01  6.184229e-16 
  918.000  6.706060e+01  1.924919e+01  2.134582e-16 
  919.000  7.837106e+01  2.196533e+01  5.179929e-16 
  920.000  8.633754e+01  2.382563e+01 -2.528978e-16 
  921.000  8.274433e+01  2.282585e+01  7.308867e-17 
  922.000  8.193866e+01  2.254738e+01  1.744551e-15 
  923.000  7.632412e+01  2.101846e+01  1.659824e-15 
  924.000  7.418590e+01  2.055765e+01  8.662603e-16 
  925.000  7.453539e+01  2.063758e+01  1.071276e-15 
  926.000  7.116512e+01  1.970829e+01 -1.060307e-15 
  927.000  6.734785e+01  1.888203e+01 -1.039275e-15 
  928.000  5.859372e+01  1.683255e+01  9.953592e-16 
  929.000  4.636192e+01  1.389088e+01 -2.688690e-17 
  930.000  3.433469e+01  1.092142e+01  1.802365e-16 
  931.000  2.396263e+01  8.204387e+00  4.287664e-17 
  932.000  1.351575e+01  5.326570e+00  2.811468e-17 
  933.000  8.743196e+00  3.920822e+00  6.615067e-18 
  934.000  5.333652e+00  2.831151e+00  7.096904e-18 
  935.000  4.909531e+00  2.671552e+00  1.394535e-17 
  936.000  5.860660e+00  2.972862e+00 -1.213643e-16 
  937.000  5.807495e+00  2.967277e+00 -1.792723e-16 
  938.000  9.933640e+00  4.197838e+00 -1.085636e-16 
  939.000  2.957953e+01  9.599319e+00  1.006326e-16 
  940.000  3.399632e+01  1.066110e+01  3.167341e-16 
  941.000  2.981439e+01  9.534225e+00  1.151758e-17 
  942.000  2.130520e+01  7.223097e+00  1.836893e-16 
  943.000  1.283265e+01  4.943845e+00  6.817348e-17 
  944.000  1.187449e+01  4.630638e+00  5.273963e-17 
  945.000  1.471566e+01  5.436024e+00  3.962762e-17 
  946.000  1.522439e+01  5.574540e+00  1.487751e-17 
  947.000  1.839456e+01  6.405993e+00  2.507943e-17 
  948.000  2.062785e+01  6.992170e+00 -2.440954e-18 
  949.000  2.063108e+01  6.968859e+00 -2.141121e-16 
  950.000  2.112767e+01  7.068630e+00  1.341952e-16 
  951.000  2.623443e+01  8.360987e+00 -5.152676e-17 
  952.000  2.107843e+01  6.990330e+00  2.594041e-17 
  953.000  2.501779e+01  7.975811e+00  8.174683e-17 
  954.000  2.965233e+01  9.085993e+00  2.609653e-16 
  955.000  2.449133e+01  7.654055e+00  2.626383e-16 
  956.000  2.582335e+01  8.043443e+00  5.499828e-17 
  957.000  3.922871e+01  1.122751e+01 -1.383817e-16 
  958.000  4.198551e+01  1.183379e+01  5.537556e-16 
  959.000  3.990656e+01  1.133001e+01 -6.294004e-16 
  960.000  3.907622e+01  1.108375e+01  1.114297e-16 
  961.000  3.763857e+01  1.069809e+01  2.990473e-16 
  962.000  3.917673e+01  1.102825e+01  2.357472e-16 
  963.000  4.829213e+01  1.301984e+01 -3.513277e-16 
  964.000  4.935144e+01  1.318588e+01  1.016393e-15 
  965.000  4.926531e+01  1.316097e+01  1.383752e-16 
  966.000  4.861742e+01  1.291239e+01  1.783123e-16 
  967.000  5.782136e+01  1.491337e+01 -5.215211e-17 
  968.000  7.173731e+01  1.780989e+01  7.712811e-16 
  969.000  7.975586e+01  1.951445e+01 -7.277970e-16 
  970.000  8.056599e+01  1.964370e+01  1.564146e-15 
  971.000  7.974758e+01  1.940006e+01  1.087917e-15 
  972.000  7.816476e+01  1.903150e+01  1.131683e-15 
  973.000  7.269784e+01  1.779125e+01  8.246095e-17 
  974.000  6.623555e+01  1.634149e+01 -8.228575e-16 
  975.000  6.330021e+01  1.570186e+01  9.024418e-18 
  976.000  6.822733e+01  1.672378e+01  1.033400e-15 
  977.000  7.361855e+01  1.776986e+01 -1.131435e-16 
  978.000  7.499314e+01  1.806653e+01  6.269784e-16 
  979.000  7.490678e+01  1.793924e+01 -1.289247e-15 
  980.000  8.407756e+01  1.984318e+01  1.396320e-15 
  981.000  8.667407e+01  2.034131e+01  4.402424e-16 
  982.000  8.480027e+01  1.990359e+01  5.418739e-16 
  983.000  8.907511e+01  2.070801e+01  5.524712e-15 
  984.000  9.321624e+01  2.145213e+01 -2.163600e-15 
  985.000  9.597842e+01  2.193484e+01 -1.750761e-15 
  986.000  9.883106e+01  2.240078e+01  1.326338e-15 
  987.000  1.016433e+02  2.292334e+01  3.249622e-17 
  988.000  1.008466e+02  2.267486e+01 -1.587309e-15 
  989.000  9.987613e+01  2.239411e+01  3.095429e-15 
  990.000  1.011762e+02  2.261783e+01  5.807796e-15 
  991.000  1.034249e+02  2.301666e+01  7.748043e-16 
  992.000  1.029093e+02  2.283442e+01  2.194318e-15 
  993.000  1.031041e+02  2.281894e+01 -3.291158e-16 
  994.000  1.047434e+02  2.306695e+01 -1.433816e-15 
  995.000  1.048700e+02  2.301194e+01  2.958394e-15 
  996.000  1.048870e+02  2.296257e+01 -7.847617e-15 
  997.000  1.045343e+02  2.285043e+01  1.536836e-15 
  998.000  1.036085e+02  2.261688e+01  1.362321e-15 
  999.000  1.031505e+02  2.247304e+01 -5.098658e-16 
 1000.000  1.025628e+02  2.228721e+01 -3.873953e-15 
 1001.000  1.020133e+02  2.217802e+01  7.794725e-15 
 1002.000  9.990989e+01  2.174088e+01  4.536671e-15 
 1003.000  9.925482e+01  2.153209e+01 -6.316575e-15 
 1004.000  9.959720e+01  2.151673e+01 -4.387117e-16 
 1005.000  9.355054e+01  2.014692e+01  4.310537e-16 
 1006.000  9.865260e+01  2.119146e+01  1.459831e-15 
 1007.000  1.001122e+02  2.146905e+01  6.534022e-16 
 1008.000  9.897169e+01  2.123148e+01 -2.083877e-15 
 1009.000  9.629773e+01  2.068315e+01 -8.969826e-15 
 1010.000  9.763869e+01  2.089033e+01 -1.590801e-16 
 1011.000  9.940215e+01  2.113986e+01  8.459640e-15 
 1012.000  1.003466e+02  2.126158e+01  8.669310e-16 
 1013.000  1.002038e+02  2.114338e+01  7.251552e-15 
 1014.000  1.011960e+02  2.129380e+01  5.435106e-17 
 1015.000  9.942004e+01  2.087049e+01 -7.729930e-15 
 1016.000  1.004187e+02  2.102148e+01 -1.550012e-15 
 1017.000  9.957452e+01  2.079193e+01 -2.852727e-15 
 1018.000  1.005751e+02  2.096585e+01  3.534737e-16 
 1019.000  9.765654e+01  2.035262e+01 -2.420730e-15 
 1020.000  9.761184e+01  2.027310e+01 -8.700787e-15 
 1021.000  9.919801e+01  2.053675e+01  5.452748e-15 
 1022.000  9.692456e+01  2.006706e+01 -3.021601e-15 
 1023.000  9.804633e+01  2.027996e+01  3.505155e-15 
 1024.000  9.711630e+01  2.005801e+01  6.949490e-15 
 1025.000  9.850339e+01  2.024992e+01 -6.001487e-15 
 1026.000  9.915977e+01  2.030233e+01 -5.378588e-16 
 1027.000  9.831252e+01  2.009247e+01  2.642973e-15 
 1028.000  9.879768e+01  2.013868e+01  8.990561e-15 
 1029.000  9.789299e+01  1.988887e+01  6.979264e-15 
 1030.000  9.945390e+01  2.014176e+01 -2.019423e-15 
 1031.000  9.942809e+01  2.008213e+01  6.466492e-15 
 1032.000  9.930468e+01  2.000557e+01 -2.824762e-15 
 1033.000  9.757457e+01  1.961086e+01  5.208722e-15 
 1034.000  9.874030e+01  1.979733e+01  3.300751e-15 
 1035.000  9.774625e+01  1.955319e+01 -1.970290e-15 
 1036.000  9.898709e+01  1.975731e+01  8.843674e-15 
 1037.000  9.691547e+01  1.930049e+01  5.961213e-15 
 1038.000  9.797006e+01  1.946467e+01 -4.099432e-15 
 1039.000  9.825671e+01  1.948282e+01 -5.290675e-15 
 1040.000  9.700691e+01  1.919550e+01  2.292349e-15 
 1041.000  9.744775e+01  1.924290e+01  1.141695e-14 
 1042.000  9.772770e+01  1.925630e+01  1.350637e-15 
 1043.000  9.605917e+01  1.888538e+01 -1.863226e-15 
 1044.000  9.695277e+01  1.902095e+01 -3.944289e-15 
 1045.000  9.630962e+01  1.886070e+01  6.290120e-15 
 1046.000  9.336529e+01  1.824841e+01 -5.336183e-15 
 1047.000  9.490365e+01  1.851359e+01  1.702231e-15 
 1048.000  9.570418e+01  1.862963e+01 -2.925899e-15 
 1049.000  9.492033e+01  1.843808e+01 -3.393834e-15 
 1050.000  9.416110e+01  1.825619e+01  5.582229e-16 
 1051.000  9.392178e+01  1.817872e+01  3.199084e-15 
 1052.000  9.327219e+01  1.801964e+01  5.316410e-16 
 1053.000  9.319306e+01  1.796800e+01 -4.679210e-15 
 1054.000  9.191712e+01  1.769320e+01 -4.386386e-16 
 1055.000  9.227001e+01  1.773214e+01 -3.484210e-15 
 1056.000  9.173201e+01  1.759853e+01 -4.319146e-15 
 1057.000  9.103790e+01  1.744352e+01  3.423915e-15 
 1058.000  8.926787e+01  1.709450e+01 -1.921234e-15 
 1059.000  8.642076e+01  1.651299e+01 -3.027573e-16 
 1060.000  8.976344e+01  1.710318e+01 -2.689400e-15 
 1061.000  8.647583e+01  1.644943e+01  3.900356e-15 
 1062.000  8.842632e+01  1.680340e+01 -1.677747e-15 
 1063.000  8.673685e+01  1.645518e+01  1.698496e-15 
 1064.000  8.745540e+01  1.657269e+01 -3.096087e-16 
 1065.000  8.691474e+01  1.645555e+01  6.074805e-16 
 1066.000  8.431165e+01  1.593038e+01 -5.767087e-16 
 1067.000  8.617484e+01  1.625760e+01 -1.993137e-15 
 1068.000  8.511471e+01  1.607080e+01 -1.541550e-15 
 1069.000  7.841833e+01  1.479339e+01  8.308851e-16 
 1070.000  8.336583e+01  1.569134e+01 -1.987526e-15 
 1071.000  8.308001e+01  1.562685e+01 -2.739037e-15 
 1072.000  8.288014e+01  1.557848e+01  3.252130e-15 
 1073.000  8.018180e+01  1.504498e+01 -2.862600e-15 
 1074.000  8.324683e+01  1.558540e+01  2.662370e-15 
 1075.000  8.168865e+01  1.523367e+01 -1.949614e-15 
 1076.000  8.304221e+01  1.547418e+01 -3.709140e-15 
 1077.000  8.222820e+01  1.531715e+01 -6.548740e-16 
 1078.000  8.168958e+01  1.521604e+01 -9.364850e-16 
 1079.000  7.851548e+01  1.459998e+01  7.953986e-16 
 1080.000  7.858080e+01  1.465746e+01  5.922375e-16 
 1081.000  7.565979e+01  1.408908e+01  1.742625e-15 
 1082.000  7.770712e+01  1.441099e+01  3.538025e-16 
 1083.000  7.448597e+01  1.382456e+01 -2.026635e-15 
 1084.000  7.605029e+01  1.412863e+01  5.202034e-16 
 1085.000  7.202501e+01  1.344220e+01  4.048688e-16 
 1086.000  7.373061e+01  1.371502e+01  1.155606e-15 
 1087.000  7.249379e+01  1.336371e+01 -1.953613e-16 
 1088.000  7.711322e+01  1.418347e+01  7.530015e-16 
 1089.000  7.012852e+01  1.298908e+01 -3.684176e-16 
 1090.000  7.090458e+01  1.313007e+01  1.431825e-15 
 1091.000  7.215151e+01  1.331672e+01 -7.696594e-18 
 1092.000  6.849886e+01  1.267234e+01  7.397235e-16 
 1093.000  6.339737e+01  1.180535e+01  1.094079e-15 
 1094.000  5.608151e+01  1.045959e+01  6.173810e-16 
 1095.000  6.096706e+01  1.134584e+01  9.542773e-16 
 1096.000  6.088922e+01  1.131065e+01  1.249517e-15 
 1097.000  5.920382e+01  1.100013e+01  1.462982e-16 
 1098.000  4.928121e+01  9.366416e+00  2.542644e-16 
 1099.000  4.226154e+01  8.244399e+00  4.797639e-16 
 1100.000  4.341712e+01  8.439819e+00  6.428654e-16 
