  400.000  2.811423e+02  2.930221e+02  7.884252e-15 
  401.000  2.809119e+02  2.894425e+02 -1.046310e-15 
  402.000  2.992503e+02  3.048483e+02 -4.728111e-14 
  403.000  2.817014e+02  2.837480e+02 -1.303353e-13 
  404.000  3.042330e+02  3.030273e+02 -5.551100e-14 
  405.000  2.803682e+02  2.761657e+02  4.218975e-14 
  406.000  2.795973e+02  2.723818e+02 -4.272979e-14 
  407.000  2.736078e+02  2.636419e+02 -1.879986e-14 
  408.000  2.978015e+02  2.838500e+02  3.697241e-14 
  409.000  3.311490e+02  3.122447e+02 -5.918361e-14 
  410.000  2.781100e+02  2.594367e+02  6.894246e-14 
  411.000  3.280362e+02  3.027699e+02 -4.593911e-14 
  412.000  3.413850e+02  3.117761e+02 -3.357005e-14 
  413.000  3.238795e+02  2.927019e+02  3.759506e-14 
  414.000  3.191953e+02  2.854716e+02  4.693237e-14 
  415.000  3.418625e+02  3.026004e+02 -1.048693e-13 
  416.000  3.411824e+02  2.989123e+02  5.559558e-14 
  417.000  3.321443e+02  2.880402e+02 -7.052673e-15 
  418.000  3.262111e+02  2.800428e+02 -3.070309e-14 
  419.000  3.355235e+02  2.851521e+02 -5.352079e-14 
  420.000  2.850956e+02  2.398847e+02  1.778372e-14 
  421.000  3.585641e+02  2.987238e+02 -8.832320e-14 
  422.000  3.448803e+02  2.845081e+02  9.254492e-14 
  423.000  2.923634e+02  2.388378e+02  1.191265e-14 
  424.000  3.227731e+02  2.611318e+02  9.953653e-14 
  425.000  3.355063e+02  2.688239e+02 -2.441242e-14 
  426.000  3.236712e+02  2.568643e+02  3.433244e-14 
  427.000  3.124393e+02  2.455988e+02 -3.389059e-14 
  428.000  3.174769e+02  2.472070e+02  4.868640e-14 
  429.000  2.898261e+02  2.235637e+02  2.448808e-14 
  430.000  2.320622e+02  1.773407e+02  6.996059e-16 
  431.000  2.093461e+02  1.585031e+02  4.026004e-14 
  432.000  3.780779e+02  2.836273e+02  5.321259e-14 
  433.000  3.376494e+02  2.509879e+02 -9.102293e-14 
  434.000  3.219648e+02  2.371602e+02  2.735281e-14 
  435.000  3.514162e+02  2.565234e+02 -8.706616e-15 
  436.000  3.909060e+02  2.827961e+02  0.000000e+00 
  437.000  3.959174e+02  2.838737e+02  3.306568e-14 
  438.000  3.557593e+02  2.528250e+02  7.642805e-15 
  439.000  3.453173e+02  2.432488e+02 -2.114488e-14 
  440.000  3.882028e+02  2.710685e+02  6.378409e-14 
  441.000  3.881007e+02  2.686424e+02  7.873581e-14 
  442.000  4.099527e+02  2.813152e+02 -4.194455e-14 
  443.000  4.138938e+02  2.815772e+02 -1.402262e-13 
  444.000  4.123843e+02  2.781498e+02  8.007870e-14 
  445.000  4.350026e+02  2.909059e+02 -2.581946e-14 
  446.000  3.882823e+02  2.574568e+02  1.504030e-13 
  447.000  4.440917e+02  2.919947e+02  2.732128e-14 
  448.000  4.528108e+02  2.952778e+02 -4.370718e-14 
  449.000  4.572357e+02  2.957338e+02 -5.872108e-14 
  450.000  4.685554e+02  3.005958e+02  8.822526e-14 
  451.000  5.077979e+02  3.231335e+02 -2.039157e-14 
  452.000  4.733515e+02  2.987816e+02 -1.072441e-14 
  453.000  4.405775e+02  2.758581e+02 -3.269325e-14 
  454.000  4.709612e+02  2.925214e+02 -8.820523e-14 
  455.000  4.754759e+02  2.929723e+02  1.496854e-14 
  456.000  4.882084e+02  2.984283e+02 -7.276066e-14 
  457.000  4.921605e+02  2.984719e+02  0.000000e+00 
  458.000  4.846896e+02  2.916359e+02 -3.770572e-14 
  459.000  4.857969e+02  2.900197e+02  3.637484e-14 
  460.000  4.827183e+02  2.859452e+02  7.199178e-14 
  461.000  5.014016e+02  2.947206e+02  2.580860e-15 
  462.000  4.943824e+02  2.883626e+02  2.534578e-15 
  463.000  4.956436e+02  2.868890e+02 -1.762612e-14 
  464.000  4.984912e+02  2.863563e+02  1.266895e-15 
  465.000  4.923914e+02  2.807237e+02  1.245712e-15 
  466.000  5.091825e+02  2.881208e+02  1.263186e-13 
  467.000  4.923358e+02  2.765065e+02 -3.562727e-14 
  468.000  5.222776e+02  2.911281e+02  1.686843e-14 
  469.000  5.186704e+02  2.869494e+02 -5.266859e-14 
  470.000  5.124238e+02  2.813633e+02 -5.441498e-14 
  471.000  5.123250e+02  2.791882e+02 -7.317808e-14 
  472.000  5.193482e+02  2.808784e+02  5.485430e-14 
  473.000  5.143442e+02  2.760634e+02  2.018382e-14 
  474.000  5.190651e+02  2.764796e+02 -1.778017e-14 
  475.000  5.404198e+02  2.856106e+02  1.849626e-14 
  476.000  5.239453e+02  2.746926e+02 -3.458098e-14 
  477.000  5.194244e+02  2.702160e+02 -5.586009e-14 
  478.000  5.462343e+02  2.822488e+02 -3.988855e-14 
  479.000  5.229193e+02  2.685253e+02  5.311808e-14 
  480.000  5.348171e+02  2.729744e+02  1.291736e-15 
  481.000  5.329945e+02  2.703598e+02 -8.657024e-14 
  482.000  5.454916e+02  2.749470e+02  1.684400e-14 
  483.000  5.472675e+02  2.740604e+02  0.000000e+00 
  484.000  5.272540e+02  2.623020e+02  5.341018e-14 
  485.000  5.321002e+02  2.629566e+02 -5.495825e-14 
  486.000  4.322066e+02  2.121722e+02 -3.032699e-14 
  487.000  4.866667e+02  2.373228e+02 -1.587043e-14 
  488.000  5.293578e+02  2.564321e+02 -3.316450e-14 
  489.000  4.929468e+02  2.372188e+02 -1.595936e-14 
  490.000  5.621691e+02  2.687542e+02  3.627233e-14 
  491.000  5.268995e+02  2.502413e+02  5.205595e-14 
  492.000  5.071250e+02  2.392753e+02  0.000000e+00 
  493.000  5.470252e+02  2.564235e+02  8.746261e-14 
  494.000  5.292614e+02  2.464892e+02  0.000000e+00 
  495.000  5.666399e+02  2.621979e+02  1.293660e-15 
  496.000  5.525936e+02  2.540527e+02  3.632893e-14 
  497.000  5.367478e+02  2.451895e+02 -3.521435e-14 
  498.000  5.247499e+02  2.381837e+02  0.000000e+00 
  499.000  5.241515e+02  2.364034e+02 -1.771823e-14 
  500.000  5.225046e+02  2.341740e+02  3.289406e-14 
  501.000  5.114192e+02  2.277645e+02  1.308515e-13 
  502.000  5.086914e+02  2.251334e+02 -6.724604e-14 
  503.000  5.396727e+02  2.373596e+02 -7.242225e-14 
  504.000  5.027115e+02  2.197338e+02  0.000000e+00 
  505.000  5.428568e+02  2.358168e+02  1.215652e-15 
  506.000  5.819836e+02  2.512744e+02 -7.500702e-14 
  507.000  5.422732e+02  2.327118e+02  8.771979e-14 
  508.000  5.207926e+02  2.221480e+02 -3.337226e-14 
  509.000  5.623875e+02  2.384529e+02  1.610078e-14 
  510.000  5.456791e+02  2.299865e+02 -3.477530e-14 
  511.000  5.465615e+02  2.289872e+02  1.203989e-15 
  512.000  5.743906e+02  2.392206e+02  1.631716e-14 
  513.000  5.263747e+02  2.179307e+02 -5.051698e-14 
  514.000  5.159844e+02  2.123751e+02  6.624055e-14 
  515.000  5.274312e+02  2.158185e+02 -9.959232e-14 
  516.000  5.546432e+02  2.256297e+02  8.649249e-14 
  517.000  4.089752e+02  1.654025e+02  4.951218e-14 
  518.000  5.068328e+02  2.037901e+02  3.062799e-14 
  519.000  4.806444e+02  1.921442e+02  7.249274e-14 
  520.000  5.296879e+02  2.105334e+02 -1.595151e-14 
  521.000  5.304741e+02  2.096373e+02 -1.480493e-14 
  522.000  5.519977e+02  2.168937e+02 -3.314815e-14 
  523.000  5.146237e+02  2.010484e+02  1.108024e-15 
  524.000  5.587867e+02  2.170566e+02  3.347248e-14 
  525.000  5.547340e+02  2.142549e+02  3.319125e-14 
  526.000  5.290895e+02  2.031991e+02  1.694296e-14 
  527.000  4.625132e+02  1.766290e+02  1.578721e-14 
  528.000  5.558508e+02  2.110816e+02 -3.434191e-14 
  529.000  5.720118e+02  2.160046e+02 -5.357507e-14 
  530.000  5.408629e+02  2.031073e+02 -8.049948e-14 
  531.000  5.891235e+02  2.200080e+02 -3.629856e-14 
  532.000  5.624302e+02  2.088901e+02  2.399243e-15 
  533.000  4.944627e+02  1.826561e+02  1.571653e-14 
  534.000  5.382669e+02  1.977850e+02  1.143729e-15 
  535.000  5.498118e+02  2.009721e+02  1.740109e-14 
  536.000  5.840575e+02  2.123777e+02  5.533415e-14 
  537.000  5.424409e+02  1.962163e+02  1.595032e-14 
  538.000  5.683950e+02  2.045305e+02  1.787963e-14 
  539.000  5.670727e+02  2.029899e+02  3.441917e-14 
  540.000  5.554837e+02  1.978055e+02 -8.122823e-14 
  541.000  5.098501e+02  1.806128e+02  8.931521e-14 
  542.000  5.692680e+02  2.006172e+02  5.097157e-14 
  543.000  5.450300e+02  1.910839e+02  3.172289e-14 
  544.000  5.753759e+02  2.006835e+02  1.039251e-13 
  545.000  5.672885e+02  1.968461e+02  5.175666e-14 
  546.000  5.551404e+02  1.916447e+02  1.287289e-13 
  547.000  5.792173e+02  1.989384e+02 -3.473869e-14 
  548.000  5.378762e+02  1.838019e+02  4.776981e-14 
  549.000  5.665510e+02  1.926225e+02 -1.753429e-14 
  550.000  5.546155e+02  1.876143e+02  1.131337e-13 
  551.000  5.516898e+02  1.856840e+02  2.283050e-15 
  552.000  5.760477e+02  1.929100e+02 -1.777739e-14 
  553.000  5.540212e+02  1.846052e+02  6.604446e-14 
  554.000  5.726770e+02  1.898699e+02 -5.056878e-14 
  555.000  5.748442e+02  1.896416e+02  3.302287e-14 
  556.000  5.595278e+02  1.836745e+02 -1.721291e-14 
  557.000  5.434045e+02  1.774987e+02 -1.782627e-14 
  558.000  5.645367e+02  1.834913e+02  0.000000e+00 
  559.000  5.340602e+02  1.727309e+02  6.341205e-14 
  560.000  5.368239e+02  1.727691e+02  1.252223e-13 
  561.000  5.904158e+02  1.890802e+02 -1.690699e-14 
  562.000  5.421097e+02  1.727275e+02  2.229967e-15 
  563.000  5.675024e+02  1.799246e+02  1.625554e-14 
  564.000  5.597621e+02  1.765867e+02  3.092122e-14 
  565.000  5.664667e+02  1.777922e+02 -8.236397e-14 
  566.000  5.224890e+02  1.631800e+02  1.498205e-14 
  567.000  5.599377e+02  1.739214e+02  3.449886e-14 
  568.000  5.561229e+02  1.715590e+02  1.611165e-14 
  569.000  5.392828e+02  1.650274e+02 -2.481732e-14 
  570.000  5.432186e+02  1.654911e+02  1.752062e-14 
  571.000  5.282402e+02  1.605031e+02 -4.602750e-14 
  572.000  5.542919e+02  1.672253e+02  5.808658e-15 
  573.000  5.613248e+02  1.685399e+02 -2.527599e-14 
  574.000  5.588023e+02  1.670207e+02 -1.636825e-14 
  575.000  5.451215e+02  1.621243e+02  2.339334e-14 
  576.000  5.356346e+02  1.585477e+02  4.819016e-14 
  577.000  5.597474e+02  1.650617e+02 -1.631590e-14 
  578.000  5.457792e+02  1.604006e+02  1.580635e-14 
  579.000  5.437869e+02  1.592476e+02  6.375031e-14 
  580.000  5.650320e+02  1.648883e+02  1.732825e-14 
  581.000  5.579067e+02  1.623110e+02  1.810892e-14 
  582.000  5.686724e+02  1.648582e+02 -1.719695e-14 
  583.000  5.742770e+02  1.658144e+02  3.228036e-14 
  584.000  5.738658e+02  1.650154e+02 -3.330305e-14 
  585.000  5.713146e+02  1.635901e+02  1.824951e-14 
  586.000  5.478293e+02  1.561996e+02  0.000000e+00 
  587.000  5.681198e+02  1.610469e+02  4.766273e-14 
  588.000  5.545463e+02  1.559172e+02 -3.987623e-14 
  589.000  4.803199e+02  1.339351e+02  1.455432e-14 
  590.000  5.013330e+02  1.391733e+02  2.545382e-14 
  591.000  5.422878e+02  1.502500e+02  4.793899e-15 
  592.000  5.278478e+02  1.454379e+02 -6.908623e-15 
  593.000  5.440978e+02  1.497547e+02  6.530474e-14 
  594.000  5.474177e+02  1.499015e+02  4.936665e-14 
  595.000  5.304611e+02  1.443364e+02  3.497598e-14 
  596.000  5.543355e+02  1.506874e+02  9.446439e-15 
  597.000  5.542152e+02  1.498985e+02  7.841926e-14 
  598.000  5.474361e+02  1.476931e+02  1.423376e-14 
  599.000  5.497111e+02  1.478085e+02 -6.167806e-15 
  600.000  5.539766e+02  1.486337e+02  3.117907e-14 
  601.000  5.537266e+02  1.481482e+02  2.930645e-14 
  602.000  5.488824e+02  1.463383e+02 -3.005479e-14 
  603.000  5.536154e+02  1.470822e+02  1.727150e-14 
  604.000  5.726711e+02  1.515982e+02 -4.668163e-14 
  605.000  5.724701e+02  1.509702e+02 -1.662096e-14 
  606.000  5.667417e+02  1.488632e+02 -1.099834e-15 
  607.000  5.644392e+02  1.476665e+02 -3.044848e-14 
  608.000  5.632144e+02  1.467558e+02  2.923281e-14 
  609.000  5.582368e+02  1.448754e+02 -4.607038e-14 
  610.000  5.500859e+02  1.421889e+02 -3.055915e-14 
  611.000  5.598269e+02  1.441285e+02  7.812801e-14 
  612.000  5.533257e+02  1.418861e+02 -4.432947e-14 
  613.000  5.459952e+02  1.394476e+02  5.925449e-14 
  614.000  5.269869e+02  1.340558e+02 -2.803892e-14 
  615.000  5.529626e+02  1.401043e+02  1.573721e-14 
  616.000  5.264326e+02  1.328518e+02 -1.395355e-14 
  617.000  5.300427e+02  1.332296e+02  5.711002e-14 
  618.000  5.556333e+02  1.391032e+02 -1.468193e-14 
  619.000  5.510493e+02  1.374004e+02 -1.454329e-14 
  620.000  5.596683e+02  1.389870e+02 -4.532291e-14 
  621.000  5.697123e+02  1.409077e+02  0.000000e+00 
  622.000  5.399805e+02  1.330097e+02  2.842392e-14 
  623.000  5.444160e+02  1.335491e+02 -4.605255e-14 
  624.000  5.452328e+02  1.332010e+02 -1.330791e-14 
  625.000  5.306365e+02  1.291025e+02  2.789684e-14 
  626.000  5.329959e+02  1.291008e+02  0.000000e+00 
  627.000  5.389594e+02  1.297242e+02 -1.329273e-14 
  628.000  5.190736e+02  1.237169e+02 -9.929242e-15 
  629.000  5.398687e+02  1.285503e+02 -3.746336e-15 
  630.000  5.250934e+02  1.247291e+02  9.691300e-15 
  631.000  5.473666e+02  1.296929e+02  5.257089e-15 
  632.000  5.088224e+02  1.199852e+02  4.345180e-14 
  633.000  5.509265e+02  1.296995e+02  7.443867e-14 
  634.000  5.367689e+02  1.260251e+02 -5.699283e-14 
  635.000  5.478358e+02  1.281722e+02 -5.796219e-14 
  636.000  5.302174e+02  1.236695e+02 -5.581494e-14 
  637.000  5.493093e+02  1.277099e+02  2.828017e-14 
  638.000  5.606085e+02  1.300272e+02 -1.534785e-14 
  639.000  5.571058e+02  1.287644e+02 -1.018631e-15 
  640.000  5.414112e+02  1.247677e+02 -2.940366e-14 
  641.000  5.502433e+02  1.263566e+02  2.880455e-14 
  642.000  5.450468e+02  1.247704e+02 -5.487227e-14 
  643.000  5.542938e+02  1.263341e+02  7.084567e-14 
  644.000  5.487076e+02  1.246156e+02  5.718280e-14 
  645.000  5.525654e+02  1.248956e+02 -1.393909e-14 
  646.000  5.253882e+02  1.179406e+02 -5.091483e-15 
  647.000  5.283445e+02  1.179567e+02  2.896349e-14 
  648.000  5.225851e+02  1.160655e+02  1.905510e-14 
  649.000  5.382989e+02  1.192997e+02  2.124658e-14 
  650.000  5.078767e+02  1.125771e+02  8.404424e-15 
  651.000  5.476299e+02  1.209585e+02  1.019733e-14 
  652.000  5.296598e+02  1.161951e+02  2.377515e-15 
  653.000  5.502209e+02  1.207482e+02 -3.763118e-15 
  654.000  5.425629e+02  1.185901e+02 -1.080414e-14 
  655.000  5.255038e+02  1.142869e+02 -4.667513e-15 
  656.000  4.475722e+02  9.704791e+01 -3.995168e-14 
  657.000  4.797651e+02  1.037521e+02  1.703272e-14 
  658.000  5.380142e+02  1.161294e+02  1.945250e-14 
  659.000  5.415058e+02  1.165463e+02 -1.430415e-14 
  660.000  5.471101e+02  1.174097e+02 -2.783325e-14 
  661.000  5.523948e+02  1.183270e+02 -4.229429e-14 
  662.000  5.618486e+02  1.200191e+02 -1.460549e-14 
  663.000  5.559832e+02  1.183417e+02  6.834090e-14 
  664.000  5.480878e+02  1.162939e+02 -1.229881e-14 
  665.000  5.512802e+02  1.165942e+02 -9.548149e-16 
  666.000  5.588712e+02  1.178307e+02 -1.344783e-14 
  667.000  5.485941e+02  1.152943e+02 -2.728875e-14 
  668.000  5.527291e+02  1.158075e+02  1.418558e-14 
  669.000  5.614308e+02  1.172502e+02 -4.121668e-14 
  670.000  5.553878e+02  1.156082e+02 -2.554996e-14 
  671.000  5.502063e+02  1.141580e+02 -1.310345e-14 
  672.000  5.490483e+02  1.135442e+02 -4.103907e-14 
  673.000  5.536086e+02  1.141122e+02  5.351349e-14 
  674.000  5.553057e+02  1.140879e+02  8.086290e-14 
  675.000  5.474358e+02  1.121046e+02  1.388546e-14 
  676.000  5.583680e+02  1.139708e+02  2.828342e-14 
  677.000  5.478306e+02  1.114566e+02 -1.292722e-14 
  678.000  5.574700e+02  1.130504e+02 -8.070331e-14 
  679.000  5.500688e+02  1.111828e+02  1.480579e-14 
  680.000  5.459216e+02  1.099550e+02  3.854333e-14 
  681.000  5.466839e+02  1.097239e+02  0.000000e+00 
  682.000  5.458691e+02  1.091961e+02  5.317845e-14 
  683.000  5.498332e+02  1.096181e+02 -1.291930e-14 
  684.000  5.397509e+02  1.072109e+02 -1.269262e-14 
  685.000  5.467939e+02  1.082960e+02 -6.688683e-14 
  686.000  5.213320e+02  1.028012e+02  2.460980e-14 
  687.000  4.293061e+02  8.324172e+01 -7.251414e-15 
  688.000  4.586517e+02  8.886290e+01  1.070663e-14 
  689.000  4.514787e+02  8.714283e+01  1.255405e-14 
  690.000  4.691333e+02  9.035946e+01 -1.724768e-15 
  691.000  4.905429e+02  9.435096e+01  6.238760e-15 
  692.000  4.977543e+02  9.554137e+01 -1.398610e-14 
  693.000  4.904744e+02  9.364502e+01  4.597305e-16 
  694.000  4.833821e+02  9.185706e+01 -1.393499e-14 
  695.000  4.846219e+02  9.189220e+01 -4.520605e-15 
  696.000  4.962296e+02  9.387463e+01 -1.338754e-14 
  697.000  5.230066e+02  9.919485e+01 -6.014559e-15 
  698.000  5.081670e+02  9.592532e+01 -1.538808e-14 
  699.000  4.946601e+02  9.267400e+01 -2.615224e-15 
  700.000  4.927867e+02  9.208038e+01 -6.471953e-15 
  701.000  4.769597e+02  8.878870e+01  5.958105e-15 
  702.000  4.784497e+02  8.883599e+01  2.872658e-15 
  703.000  5.042814e+02  9.368005e+01  1.967123e-15 
  704.000  5.067909e+02  9.387704e+01  1.103559e-14 
  705.000  5.029884e+02  9.272630e+01  6.676788e-15 
  706.000  4.994026e+02  9.181385e+01  1.281749e-14 
  707.000  4.948515e+02  9.075512e+01  5.892779e-15 
  708.000  5.125208e+02  9.377673e+01 -7.125742e-15 
  709.000  5.005878e+02  9.146517e+01  3.998271e-16 
  710.000  5.057385e+02  9.196685e+01  1.915562e-14 
  711.000  5.075240e+02  9.217323e+01 -1.707152e-15 
  712.000  5.062992e+02  9.183424e+01 -9.474511e-15 
  713.000  4.997820e+02  9.024534e+01 -4.867977e-15 
  714.000  5.068346e+02  9.119768e+01 -8.618380e-15 
  715.000  4.819018e+02  8.627960e+01  2.542018e-15 
  716.000  4.866384e+02  8.670872e+01 -4.502363e-15 
  717.000  4.258387e+02  7.521178e+01  8.157498e-15 
  718.000  3.949273e+02  6.908170e+01 -3.538779e-15 
  719.000  3.803772e+02  6.610815e+01  9.925591e-15 
  720.000  3.685284e+02  6.353074e+01 -3.723709e-15 
  721.000  4.349455e+02  7.600611e+01  1.672491e-15 
  722.000  4.665847e+02  8.150356e+01 -4.447043e-15 
  723.000  4.513296e+02  7.849641e+01  7.583584e-15 
  724.000  4.141648e+02  7.144123e+01 -8.689764e-17 
  725.000  4.153798e+02  7.152119e+01  2.199560e-15 
  726.000  4.129714e+02  7.087858e+01  3.699827e-15 
  727.000  4.248298e+02  7.278344e+01  6.500421e-15 
  728.000  4.117256e+02  7.025835e+01  8.370335e-16 
  729.000  4.098878e+02  6.992714e+01  2.640620e-15 
  730.000  4.226677e+02  7.188794e+01  4.839217e-15 
  731.000  4.128566e+02  6.999784e+01 -4.765708e-15 
  732.000  4.463462e+02  7.568497e+01  0.000000e+00 
  733.000  4.644757e+02  7.876466e+01  1.208264e-14 
  734.000  4.866020e+02  8.248053e+01 -1.280618e-14 
  735.000  4.786008e+02  8.082668e+01 -2.619262e-14 
  736.000  4.620634e+02  7.771152e+01 -9.712658e-16 
  737.000  4.742918e+02  7.962326e+01  1.252967e-14 
  738.000  4.813932e+02  8.072571e+01 -2.856964e-14 
  739.000  4.694211e+02  7.856701e+01 -6.080352e-15 
  740.000  4.817570e+02  8.059068e+01 -2.319932e-14 
  741.000  4.825376e+02  8.062088e+01  1.330056e-14 
  742.000  4.765958e+02  7.946120e+01  5.113706e-15 
  743.000  4.947926e+02  8.237872e+01 -5.617030e-14 
  744.000  5.015142e+02  8.333707e+01 -1.117702e-14 
  745.000  4.900387e+02  8.125686e+01  2.254983e-14 
  746.000  4.981478e+02  8.241372e+01  1.182620e-14 
  747.000  5.063437e+02  8.354427e+01 -2.321449e-14 
  748.000  4.980900e+02  8.198785e+01  3.377664e-14 
  749.000  4.988281e+02  8.189708e+01 -4.556474e-14 
  750.000  4.913452e+02  8.042943e+01 -1.239143e-14 
  751.000  4.903943e+02  8.005557e+01  2.161336e-14 
  752.000  4.989834e+02  8.126756e+01  4.387673e-14 
  753.000  4.947930e+02  8.037587e+01  1.164399e-14 
  754.000  5.029763e+02  8.148963e+01 -1.182482e-14 
  755.000  5.004041e+02  8.085450e+01  6.581030e-14 
  756.000  4.909259e+02  7.911029e+01 -2.150525e-14 
  757.000  4.947719e+02  7.951465e+01  4.332231e-14 
  758.000  4.931743e+02  7.900838e+01  3.169832e-14 
  759.000  4.301738e+02  6.799171e+01  3.003729e-14 
  760.000  1.130438e+02  1.680023e+01 -3.356278e-16 
  761.000  9.234396e+01  1.358919e+01 -1.126388e-17 
  762.000  2.400433e+02  3.646291e+01 -2.533178e-15 
  763.000  1.925280e+02  2.903927e+01  3.209284e-17 
  764.000  2.193822e+02  3.308054e+01 -1.288351e-15 
  765.000  2.849813e+02  4.312762e+01  2.571247e-16 
  766.000  3.524435e+02  5.438326e+01  3.855450e-15 
  767.000  4.014431e+02  6.204385e+01 -7.851932e-15 
  768.000  4.478023e+02  6.926265e+01 -1.202810e-14 
  769.000  4.664644e+02  7.226089e+01 -5.544851e-15 
  770.000  4.743269e+02  7.348001e+01  2.512011e-14 
  771.000  4.796775e+02  7.422627e+01  1.043618e-14 
  772.000  4.791475e+02  7.398030e+01 -1.113697e-14 
  773.000  4.778512e+02  7.359945e+01 -1.920687e-14 
  774.000  4.836403e+02  7.430853e+01  0.000000e+00 
  775.000  4.660149e+02  7.142493e+01 -3.089330e-14 
  776.000  4.856577e+02  7.425021e+01 -2.244250e-14 
  777.000  4.825087e+02  7.357713e+01 -9.650234e-15 
  778.000  4.800390e+02  7.300674e+01 -3.176686e-14 
  779.000  4.817135e+02  7.306778e+01  5.411390e-14 
  780.000  4.758630e+02  7.199003e+01  1.098395e-14 
  781.000  4.756055e+02  7.177992e+01  0.000000e+00 
  782.000  4.814357e+02  7.246848e+01 -3.180396e-14 
  783.000  4.702929e+02  7.060574e+01  3.106293e-14 
  784.000  4.728262e+02  7.079255e+01 -1.090111e-14 
  785.000  4.728849e+02  7.056554e+01 -4.008709e-14 
  786.000  4.627603e+02  6.879355e+01 -7.207673e-16 
  787.000  4.651152e+02  6.882452e+01  4.900787e-16 
  788.000  4.557845e+02  6.719804e+01 -1.658337e-14 
  789.000  4.496311e+02  6.590745e+01 -6.854284e-15 
  790.000  4.444311e+02  6.496405e+01  2.491331e-14 
  791.000  4.439520e+02  6.476399e+01 -1.343984e-14 
  792.000  4.386011e+02  6.385542e+01 -2.744290e-14 
  793.000  4.418874e+02  6.425594e+01  7.176282e-15 
  794.000  4.449521e+02  6.474963e+01  9.556312e-15 
  795.000  4.381215e+02  6.346331e+01 -9.050921e-17 
  796.000  4.333998e+02  6.235714e+01 -3.440906e-16 
  797.000  4.397964e+02  6.318480e+01 -3.057331e-15 
  798.000  4.480212e+02  6.438432e+01  8.111023e-15 
  799.000  4.460118e+02  6.389184e+01 -4.171314e-15 
  800.000  4.289791e+02  6.117922e+01 -1.515058e-14 
  801.000  4.377549e+02  6.228950e+01  5.339209e-16 
  802.000  4.364725e+02  6.194243e+01 -5.883535e-15 
  803.000  4.311729e+02  6.105579e+01 -1.239748e-14 
  804.000  4.378793e+02  6.190890e+01  1.584346e-14 
  805.000  4.310081e+02  6.090563e+01 -7.734593e-15 
  806.000  4.458787e+02  6.293451e+01  3.534760e-15 
  807.000  4.434865e+02  6.244691e+01 -1.046153e-15 
  808.000  4.391702e+02  6.164073e+01 -2.401957e-14 
  809.000  4.297526e+02  6.011810e+01 -2.148957e-14 
  810.000  4.256056e+02  5.933799e+01  8.241589e-15 
  811.000  4.276725e+02  5.938134e+01 -1.059709e-14 
  812.000  4.197422e+02  5.802827e+01 -9.106738e-16 
  813.000  4.100259e+02  5.644579e+01  3.198648e-15 
  814.000  3.989616e+02  5.469815e+01  3.536952e-15 
  815.000  3.817224e+02  5.213288e+01  4.979185e-15 
  816.000  3.621525e+02  4.927139e+01 -2.158467e-15 
  817.000  3.652438e+02  4.957077e+01  2.442421e-15 
  818.000  3.644091e+02  4.934515e+01 -7.912881e-15 
  819.000  3.599869e+02  4.865950e+01  6.154062e-15 
  820.000  3.706400e+02  5.005646e+01  1.646155e-15 
  821.000  4.041084e+02  5.462742e+01 -3.678605e-15 
  822.000  3.772155e+02  5.073095e+01  3.185025e-15 
  823.000  3.395926e+02  4.535503e+01  2.805706e-15 
  824.000  3.813766e+02  5.101655e+01 -8.466911e-15 
  825.000  4.050518e+02  5.425873e+01 -1.258252e-14 
  826.000  4.036687e+02  5.390442e+01  4.419389e-15 
  827.000  3.993786e+02  5.317482e+01 -1.342190e-15 
  828.000  3.828029e+02  5.074352e+01  1.517570e-14 
  829.000  3.883697e+02  5.138981e+01 -5.234882e-15 
  830.000  3.886234e+02  5.134838e+01 -7.025828e-15 
  831.000  3.833888e+02  5.055328e+01 -5.829043e-15 
  832.000  3.920780e+02  5.159122e+01 -6.252061e-15 
  833.000  3.835477e+02  5.038759e+01 -7.041087e-15 
  834.000  3.935746e+02  5.163580e+01 -8.224146e-15 
  835.000  4.026369e+02  5.282863e+01  4.495794e-15 
  836.000  4.048314e+02  5.295149e+01  2.036721e-14 
  837.000  4.013491e+02  5.237271e+01  6.589278e-15 
  838.000  4.068501e+02  5.303510e+01  7.464856e-15 
  839.000  3.965674e+02  5.162030e+01  4.633347e-15 
  840.000  4.081461e+02  5.302247e+01 -1.222116e-15 
  841.000  4.068438e+02  5.268243e+01  1.315966e-14 
  842.000  4.066270e+02  5.257787e+01 -6.528983e-15 
  843.000  4.091210e+02  5.289906e+01 -1.408397e-14 
  844.000  4.047521e+02  5.227534e+01  1.274738e-14 
  845.000  4.120851e+02  5.313078e+01  1.805326e-14 
  846.000  4.168664e+02  5.364158e+01  1.769177e-14 
  847.000  4.037687e+02  5.187769e+01 -1.768175e-14 
  848.000  4.139096e+02  5.300966e+01  3.454830e-15 
  849.000  4.150205e+02  5.303801e+01 -1.310250e-14 
  850.000  3.580723e+02  4.563097e+01 -1.169287e-15 
  851.000  4.091735e+02  5.199190e+01 -2.091554e-15 
  852.000  3.938632e+02  4.993595e+01 -1.751632e-15 
  853.000  4.003408e+02  5.069525e+01 -2.557993e-14 
  854.000  3.218647e+02  4.066341e+01  1.747727e-14 
  855.000  3.552056e+02  4.479882e+01  1.228052e-14 
  856.000  4.048298e+02  5.099292e+01  8.511920e-15 
  857.000  4.122129e+02  5.183558e+01  6.204098e-16 
  858.000  4.060688e+02  5.096204e+01  5.038648e-14 
  859.000  4.069256e+02  5.098618e+01  8.490274e-15 
  860.000  4.038193e+02  5.049947e+01  0.000000e+00 
  861.000  4.038871e+02  5.039533e+01 -9.012497e-15 
  862.000  4.029444e+02  5.017591e+01 -1.675763e-14 
  863.000  4.107825e+02  5.103880e+01  6.130616e-16 
  864.000  4.102567e+02  5.086712e+01 -1.826375e-14 
  865.000  4.028674e+02  4.984550e+01  1.792077e-14 
  866.000  3.380417e+02  4.173293e+01  3.455840e-14 
  867.000  3.600332e+02  4.434788e+01  6.931647e-15 
  868.000  3.905817e+02  4.800473e+01  8.680518e-15 
  869.000  3.852438e+02  4.724551e+01  2.452877e-14 
  870.000  4.011868e+02  4.909018e+01 -8.912085e-15 
  871.000  4.007623e+02  4.893163e+01  1.660613e-14 
  872.000  3.993693e+02  4.865844e+01 -5.847535e-14 
  873.000  4.009349e+02  4.873675e+01 -2.431359e-14 
  874.000  3.921692e+02  4.756372e+01  7.538891e-15 
  875.000  3.886342e+02  4.703071e+01  5.691128e-14 
  876.000  3.918042e+02  4.730471e+01  4.233129e-14 
  877.000  3.996099e+02  4.813783e+01  5.914609e-14 
  878.000  3.923934e+02  4.714744e+01 -1.687196e-14 
  879.000  3.933537e+02  4.715834e+01  1.632592e-14 
  880.000  3.907837e+02  4.673234e+01 -8.121130e-15 
  881.000  3.703824e+02  4.418840e+01  0.000000e+00 
  882.000  3.906953e+02  4.650160e+01  3.310435e-14 
  883.000  3.820933e+02  4.538771e+01 -8.512286e-15 
  884.000  3.855161e+02  4.569852e+01  0.000000e+00 
  885.000  3.887490e+02  4.594931e+01  1.678500e-14 
  886.000  3.749592e+02  4.418009e+01  2.467630e-14 
  887.000  3.720695e+02  4.377800e+01  8.873815e-15 
  888.000  3.832353e+02  4.499242e+01  0.000000e+00 
  889.000  3.861654e+02  4.524894e+01 -2.470679e-14 
  890.000  3.842480e+02  4.490036e+01  0.000000e+00 
  891.000  3.808810e+02  4.437471e+01  1.926250e-14 
  892.000  3.760624e+02  4.362717e+01  9.597756e-15 
  893.000  3.508929e+02  4.041784e+01  1.072058e-14 
  894.000  3.568564e+02  4.093878e+01  1.381460e-14 
  895.000  3.221261e+02  3.675903e+01  1.417602e-15 
  896.000  3.172077e+02  3.606837e+01 -5.085203e-15 
  897.000  2.920951e+02  3.306984e+01  1.119690e-15 
  898.000  2.844289e+02  3.207302e+01 -2.330690e-15 
  899.000  2.621346e+02  2.924392e+01  6.067250e-16 
  900.000  2.585747e+02  2.882600e+01 -7.086095e-16 
  901.000  2.477706e+02  2.748969e+01 -7.566746e-16 
  902.000  2.443720e+02  2.707432e+01  7.430067e-16 
  903.000  2.945612e+02  3.294888e+01 -2.197336e-15 
  904.000  3.228311e+02  3.608990e+01  1.235164e-15 
  905.000  3.212713e+02  3.584658e+01 -3.340600e-16 
  906.000  2.981388e+02  3.317219e+01  3.410526e-15 
  907.000  2.776559e+02  3.070249e+01  3.368379e-15 
  908.000  2.543356e+02  2.787514e+01 -1.789539e-16 
  909.000  2.506246e+02  2.741809e+01  4.148152e-16 
  910.000  2.559821e+02  2.797742e+01  8.734846e-16 
  911.000  2.657309e+02  2.911098e+01  2.576676e-15 
  912.000  2.612953e+02  2.850998e+01 -1.702925e-15 
  913.000  2.455416e+02  2.645461e+01  7.118699e-16 
  914.000  2.547037e+02  2.753255e+01  8.462480e-16 
  915.000  2.587409e+02  2.802955e+01  5.791467e-16 
  916.000  2.643834e+02  2.861406e+01 -1.752637e-15 
  917.000  2.650463e+02  2.868482e+01 -8.200481e-16 
  918.000  2.698881e+02  2.921175e+01 -2.029959e-15 
  919.000  2.949217e+02  3.196506e+01  2.917982e-15 
  920.000  3.088007e+02  3.343917e+01  3.217506e-15 
  921.000  2.986060e+02  3.226760e+01  2.957044e-15 
  922.000  2.957148e+02  3.189151e+01 -3.991286e-15 
  923.000  2.790769e+02  3.002918e+01 -1.755445e-15 
  924.000  2.802799e+02  3.007595e+01  1.670209e-15 
  925.000  2.830020e+02  3.029417e+01 -3.771414e-15 
  926.000  2.722191e+02  2.905491e+01 -2.979649e-15 
  927.000  2.696434e+02  2.864890e+01 -1.824171e-15 
  928.000  2.522182e+02  2.655133e+01 -6.799900e-16 
  929.000  2.227079e+02  2.308026e+01 -4.260821e-20 
  930.000  1.913248e+02  1.958561e+01 -8.636389e-17 
  931.000  1.596332e+02  1.626065e+01  1.117024e-16 
  932.000  1.204849e+02  1.222548e+01  3.388890e-16 
  933.000  9.680795e+01  9.772113e+00 -1.353343e-18 
  934.000  7.460821e+01  7.469044e+00  5.625819e-17 
  935.000  7.124783e+01  7.116452e+00  4.322043e-33 
  936.000  7.828531e+01  7.822249e+00 -5.593088e-17 
  937.000  7.827180e+01  7.798557e+00 -7.245679e-18 
  938.000  1.021301e+02  1.022182e+01 -2.144861e-28 
  939.000  1.813775e+02  1.812456e+01 -4.449020e-16 
  940.000  1.941327e+02  1.942587e+01 -7.703077e-16 
  941.000  1.787394e+02  1.780916e+01  3.912581e-16 
  942.000  1.467593e+02  1.457997e+01 -4.276942e-23 
  943.000  1.149250e+02  1.141323e+01 -9.256787e-17 
  944.000  1.091218e+02  1.081140e+01 -1.100547e-16 
  945.000  1.231891e+02  1.218026e+01  2.114278e-16 
  946.000  1.258570e+02  1.242264e+01 -2.247301e-16 
  947.000  1.380630e+02  1.359808e+01 -2.074387e-17 
  948.000  1.467925e+02  1.442591e+01 -3.662610e-16 
  949.000  1.465389e+02  1.438001e+01  1.045923e-17 
  950.000  1.477134e+02  1.446790e+01 -2.084623e-16 
  951.000  1.649181e+02  1.611776e+01  6.492358e-16 
  952.000  1.461957e+02  1.427635e+01  2.168882e-16 
  953.000  1.593861e+02  1.553403e+01 -2.049113e-23 
  954.000  1.729743e+02  1.684386e+01 -3.863893e-16 
  955.000  1.507431e+02  1.465235e+01  1.902062e-17 
  956.000  1.587912e+02  1.542041e+01 -6.251915e-16 
  957.000  1.976674e+02  1.927096e+01 -1.154624e-15 
  958.000  2.049656e+02  1.999299e+01  4.278745e-16 
  959.000  1.992568e+02  1.936012e+01 -4.378285e-17 
  960.000  1.957070e+02  1.897405e+01  1.648479e-17 
  961.000  1.905126e+02  1.842373e+01  8.940894e-16 
  962.000  1.947279e+02  1.881479e+01  8.460296e-16 
  963.000  2.172174e+02  2.114818e+01 -8.027740e-17 
  964.000  2.182634e+02  2.125143e+01 -1.533720e-16 
  965.000  2.189286e+02  2.125333e+01  8.028949e-17 
  966.000  2.140705e+02  2.076033e+01 -6.658135e-16 
  967.000  2.377427e+02  2.322952e+01 -2.300553e-15 
  968.000  2.649658e+02  2.603556e+01 -4.809545e-15 
  969.000  2.807909e+02  2.756773e+01 -3.692228e-15 
  970.000  2.824650e+02  2.768489e+01  5.854680e-15 
  971.000  2.796900e+02  2.736042e+01  2.534816e-15 
  972.000  2.776628e+02  2.710117e+01 -2.124574e-15 
  973.000  2.660217e+02  2.590043e+01  3.213916e-15 
  974.000  2.512683e+02  2.438992e+01 -2.441299e-15 
  975.000  2.457649e+02  2.377556e+01  2.161560e-15 
  976.000  2.572302e+02  2.487856e+01  1.236203e-15 
  977.000  2.646329e+02  2.557531e+01 -6.508892e-15 
  978.000  2.701343e+02  2.605980e+01 -1.191033e-15 
  979.000  2.660657e+02  2.562823e+01  2.440283e-15 
  980.000  2.846048e+02  2.739814e+01  0.000000e+00 
  981.000  2.900264e+02  2.788354e+01 -9.019458e-15 
  982.000  2.861952e+02  2.745349e+01 -4.703055e-15 
  983.000  2.932503e+02  2.811598e+01 -6.188445e-15 
  984.000  2.993723e+02  2.870912e+01 -7.656427e-15 
  985.000  3.039007e+02  2.913430e+01  7.422534e-15 
  986.000  3.074160e+02  2.948843e+01  1.545753e-16 
  987.000  3.136070e+02  3.006276e+01  1.056721e-15 
  988.000  3.104057e+02  2.970842e+01  2.064939e-15 
  989.000  3.069023e+02  2.932297e+01 -5.603636e-15 
  990.000  3.101983e+02  2.959087e+01 -2.508869e-15 
  991.000  3.150044e+02  3.002750e+01  1.156063e-14 
  992.000  3.127704e+02  2.976782e+01 -6.860287e-15 
  993.000  3.129085e+02  2.971786e+01  4.585688e-16 
  994.000  3.165391e+02  3.004387e+01 -4.608062e-16 
  995.000  3.156145e+02  2.992515e+01  6.370033e-15 
  996.000  3.155837e+02  2.986455e+01 -6.825977e-15 
  997.000  3.151256e+02  2.974737e+01  6.376242e-15 
  998.000  3.130284e+02  2.947349e+01  0.000000e+00 
  999.000  3.119141e+02  2.930515e+01 -1.313050e-14 
 1000.000  3.097715e+02  2.905380e+01 -1.257396e-14 
 1001.000  3.095903e+02  2.895326e+01 -5.046811e-15 
 1002.000  3.059695e+02  2.850958e+01 -9.324007e-15 
 1003.000  3.032000e+02  2.820896e+01 -1.382270e-15 
 1004.000  3.025292e+02  2.812143e+01  7.044798e-15 
 1005.000  2.833862e+02  2.630452e+01 -3.867411e-15 
 1006.000  2.985565e+02  2.766407e+01  2.021474e-15 
 1007.000  3.034365e+02  2.805263e+01  2.156976e-15 
 1008.000  3.021878e+02  2.784385e+01 -2.854910e-15 
 1009.000  2.969800e+02  2.726457e+01 -2.793437e-15 
 1010.000  2.996563e+02  2.747856e+01 -8.050767e-15 
 1011.000  3.016976e+02  2.766717e+01  1.011058e-14 
 1012.000  3.032289e+02  2.777729e+01  6.784310e-15 
 1013.000  3.020245e+02  2.762516e+01 -6.568039e-15 
 1014.000  3.044728e+02  2.780519e+01 -1.233358e-14 
 1015.000  2.989739e+02  2.725289e+01  0.000000e+00 
 1016.000  3.013689e+02  2.742823e+01  0.000000e+00 
 1017.000  2.987202e+02  2.714109e+01 -5.597218e-15 
 1018.000  3.020317e+02  2.737804e+01  1.222001e-14 
 1019.000  2.940192e+02  2.657817e+01  2.432184e-14 
 1020.000  2.938550e+02  2.652123e+01  1.234729e-14 
 1021.000  2.976287e+02  2.682766e+01 -4.319886e-16 
 1022.000  2.919387e+02  2.624611e+01 -6.007604e-15 
 1023.000  2.963913e+02  2.657593e+01  1.611792e-15 
 1024.000  2.942055e+02  2.631853e+01 -5.582716e-15 
 1025.000  2.961653e+02  2.647208e+01  0.000000e+00 
 1026.000  2.974643e+02  2.655677e+01  5.582880e-15 
 1027.000  2.953485e+02  2.631044e+01  0.000000e+00 
 1028.000  2.963635e+02  2.635732e+01  1.840947e-14 
 1029.000  2.928251e+02  2.601237e+01  6.322277e-15 
 1030.000  2.966331e+02  2.631813e+01  1.233800e-14 
 1031.000  2.961390e+02  2.623348e+01  0.000000e+00 
 1032.000  2.954512e+02  2.612984e+01 -6.337481e-15 
 1033.000  2.900905e+02  2.560846e+01 -5.387292e-15 
 1034.000  2.933665e+02  2.585248e+01 -5.864642e-15 
 1035.000  2.903498e+02  2.554000e+01 -6.218623e-15 
 1036.000  2.941018e+02  2.582093e+01  0.000000e+00 
 1037.000  2.879631e+02  2.523551e+01 -5.754631e-15 
 1038.000  2.908965e+02  2.544588e+01 -1.203941e-14 
 1039.000  2.919869e+02  2.549012e+01  1.209082e-14 
 1040.000  2.884550e+02  2.513204e+01  0.000000e+00 
 1041.000  2.899135e+02  2.520946e+01 -5.799087e-15 
 1042.000  2.907580e+02  2.523451e+01 -4.175985e-16 
 1043.000  2.857511e+02  2.475314e+01  1.102178e-14 
 1044.000  2.885271e+02  2.494490e+01  1.196147e-14 
 1045.000  2.870934e+02  2.476908e+01  1.725290e-14 
 1046.000  2.786107e+02  2.398872e+01  5.184014e-15 
 1047.000  2.835643e+02  2.436539e+01  1.137858e-14 
 1048.000  2.862314e+02  2.454547e+01  1.190996e-14 
 1049.000  2.842159e+02  2.432400e+01 -1.183904e-14 
 1050.000  2.823124e+02  2.411081e+01 -1.745516e-14 
 1051.000  2.820309e+02  2.403391e+01 -4.082100e-16 
 1052.000  2.804977e+02  2.385347e+01 -1.132222e-14 
 1053.000  2.805303e+02  2.380972e+01  0.000000e+00 
 1054.000  2.773494e+02  2.348837e+01 -5.608791e-15 
 1055.000  2.790534e+02  2.358075e+01  5.652995e-15 
 1056.000  2.780188e+02  2.344298e+01  1.128148e-14 
 1057.000  2.769198e+02  2.329259e+01 -3.020994e-15 
 1058.000  2.729844e+02  2.289451e+01  1.178000e-14 
 1059.000  2.643643e+02  2.213049e+01  2.900889e-15 
 1060.000  2.743418e+02  2.293402e+01  3.002792e-15 
 1061.000  2.645846e+02  2.208043e+01 -8.695200e-15 
 1062.000  2.713282e+02  2.259377e+01 -2.982661e-15 
 1063.000  2.664893e+02  2.215174e+01 -8.211739e-15 
 1064.000  2.694114e+02  2.234802e+01  3.174400e-15 
 1065.000  2.684282e+02  2.221713e+01  8.524268e-15 
 1066.000  2.602661e+02  2.150933e+01  0.000000e+00 
 1067.000  2.661814e+02  2.195736e+01 -5.510483e-15 
 1068.000  2.639689e+02  2.172344e+01 -2.777977e-15 
 1069.000  2.435665e+02  2.000287e+01  5.254609e-15 
 1070.000  2.583488e+02  2.118790e+01 -6.177267e-16 
 1071.000  2.580642e+02  2.111917e+01  5.822194e-15 
 1072.000  2.580949e+02  2.107720e+01 -6.455537e-16 
 1073.000  2.495504e+02  2.034692e+01  1.748600e-15 
 1074.000  2.585735e+02  2.105359e+01 -5.322097e-15 
 1075.000  2.519784e+02  2.050484e+01  5.673562e-16 
 1076.000  2.567610e+02  2.085116e+01  1.632931e-15 
 1077.000  2.551812e+02  2.067730e+01  1.323493e-16 
 1078.000  2.546934e+02  2.059096e+01 -2.674168e-15 
 1079.000  2.447417e+02  1.975526e+01 -3.675934e-15 
 1080.000  2.485207e+02  1.999463e+01 -5.133247e-15 
 1081.000  2.392904e+02  1.922202e+01 -2.685457e-15 
 1082.000  2.439433e+02  1.958088e+01  3.394762e-15 
 1083.000  2.356291e+02  1.886888e+01  0.000000e+00 
 1084.000  2.426272e+02  1.938437e+01  4.559730e-16 
 1085.000  2.346634e+02  1.869282e+01 -3.593607e-15 
 1086.000  2.389199e+02  1.900883e+01  1.614745e-15 
 1087.000  2.293815e+02  1.825513e+01 -6.112231e-17 
 1088.000  2.435988e+02  1.935989e+01  1.061935e-15 
 1089.000  2.279874e+02  1.805320e+01 -3.002979e-15 
 1090.000  2.317586e+02  1.831875e+01 -1.517937e-15 
 1091.000  2.345245e+02  1.851422e+01 -2.724407e-15 
 1092.000  2.259457e+02  1.779751e+01  2.406092e-15 
 1093.000  2.162001e+02  1.698886e+01 -8.462547e-17 
 1094.000  1.940269e+02  1.522039e+01  2.158972e-15 
 1095.000  2.104983e+02  1.648713e+01  2.010536e-15 
 1096.000  2.100350e+02  1.642364e+01  7.727051e-18 
 1097.000  2.058286e+02  1.606651e+01 -8.981027e-17 
 1098.000  1.864520e+02  1.448651e+01 -1.250533e-16 
 1099.000  1.724746e+02  1.325749e+01  6.967488e-16 
 1100.000  1.763738e+02  1.354644e+01 -1.083784e-15 
