  400.000  1.356267e+01  1.150980e+02 -3.277206e-16 
  401.000  1.377492e+01  1.141235e+02 -5.686793e-16 
  402.000  1.491332e+01  1.206512e+02 -4.948139e-15 
  403.000  1.426472e+01  1.127207e+02 -6.815158e-15 
  404.000  1.565049e+01  1.208267e+02 -2.336386e-15 
  405.000  1.464872e+01  1.105211e+02 -1.255324e-15 
  406.000  1.483497e+01  1.094057e+02  5.559694e-15 
  407.000  1.473979e+01  1.062802e+02 -2.472251e-15 
  408.000  1.628615e+01  1.148393e+02 -4.491879e-15 
  409.000  1.838055e+01  1.267789e+02  7.577099e-15 
  410.000  1.566438e+01  1.057109e+02  6.822071e-15 
  411.000  1.874546e+01  1.238006e+02  9.113958e-16 
  412.000  1.978833e+01  1.279261e+02  6.141136e-16 
  413.000  1.904081e+01  1.205153e+02  2.183308e-14 
  414.000  1.901859e+01  1.178821e+02  1.816427e-14 
  415.000  2.065608e+01  1.254035e+02 -2.348825e-14 
  416.000  2.090057e+01  1.243137e+02  2.614862e-14 
  417.000  2.062406e+01  1.202052e+02 -1.404572e-14 
  418.000  2.052612e+01  1.172538e+02 -4.418566e-15 
  419.000  2.138987e+01  1.197829e+02 -3.806298e-14 
  420.000  1.841143e+01  1.010938e+02 -1.849098e-14 
  421.000  2.345470e+01  1.262961e+02  6.875330e-15 
  422.000  2.284814e+01  1.206720e+02  1.381531e-14 
  423.000  1.961408e+01  1.016243e+02  2.489280e-14 
  424.000  2.192476e+01  1.114591e+02 -1.690371e-14 
  425.000  2.306783e+01  1.150900e+02  1.129305e-14 
  426.000  2.252239e+01  1.102997e+02  1.272285e-14 
  427.000  2.199993e+01  1.057759e+02 -1.870579e-14 
  428.000  2.261682e+01  1.067759e+02  1.418938e-14 
  429.000  2.088570e+01  9.683670e+01 -1.705335e-14 
  430.000  1.691368e+01  7.702962e+01 -2.497122e-14 
  431.000  1.543027e+01  6.903824e+01  1.929539e-15 
  432.000  2.817766e+01  1.238768e+02  1.656612e-14 
  433.000  2.544188e+01  1.099191e+02  7.476711e-16 
  434.000  2.452461e+01  1.041433e+02  1.269479e-15 
  435.000  2.705633e+01  1.129467e+02  1.989288e-14 
  436.000  3.041679e+01  1.248427e+02  6.374304e-16 
  437.000  3.113006e+01  1.256448e+02 -4.667766e-15 
  438.000  2.826220e+01  1.121902e+02  8.630155e-15 
  439.000  2.771400e+01  1.082165e+02  2.784311e-14 
  440.000  3.146927e+01  1.208947e+02 -1.896796e-14 
  441.000  3.177297e+01  1.201083e+02  1.572462e-15 
  442.000  3.388871e+01  1.260784e+02  1.792026e-14 
  443.000  3.454171e+01  1.264955e+02 -9.087772e-15 
  444.000  3.473887e+01  1.252467e+02  5.433543e-15 
  445.000  3.697988e+01  1.312867e+02  5.630503e-15 
  446.000  3.330121e+01  1.164435e+02  1.510061e-14 
  447.000  3.844132e+01  1.323781e+02  1.733449e-14 
  448.000  3.958680e+01  1.342234e+02  1.123616e-14 
  449.000  4.037704e+01  1.347971e+02 -8.541318e-15 
  450.000  4.178500e+01  1.373777e+02  2.371338e-14 
  451.000  4.571447e+01  1.480471e+02  1.240324e-14 
  452.000  4.300393e+01  1.372136e+02  6.023953e-15 
  453.000  4.038491e+01  1.269775e+02  8.775930e-16 
  454.000  4.354872e+01  1.349501e+02  1.778432e-14 
  455.000  4.433654e+01  1.354261e+02 -5.030605e-15 
  456.000  4.588533e+01  1.381747e+02  5.661501e-15 
  457.000  4.662432e+01  1.384237e+02 -1.929943e-14 
  458.000  4.627621e+01  1.354733e+02  3.954078e-14 
  459.000  4.673714e+01  1.349345e+02 -3.284370e-14 
  460.000  4.679353e+01  1.332467e+02 -1.358762e-15 
  461.000  4.896957e+01  1.375478e+02 -3.506825e-14 
  462.000  4.863938e+01  1.347821e+02  8.783084e-15 
  463.000  4.911873e+01  1.342959e+02  1.125361e-14 
  464.000  4.981997e+01  1.344116e+02  1.189663e-14 
  465.000  4.962014e+01  1.321201e+02  2.234715e-14 
  466.000  5.173063e+01  1.359562e+02  6.581012e-15 
  467.000  5.041592e+01  1.308070e+02 -4.684903e-15 
  468.000  5.384970e+01  1.379569e+02  8.154859e-17 
  469.000  5.380423e+01  1.361424e+02  1.148380e-14 
  470.000  5.345349e+01  1.336292e+02 -1.896339e-15 
  471.000  5.371063e+01  1.327029e+02 -1.080009e-14 
  472.000  5.468527e+01  1.335669e+02 -1.825805e-14 
  473.000  5.434335e+01  1.312544e+02  2.072684e-14 
  474.000  5.499891e+01  1.314013e+02 -2.016226e-14 
  475.000  5.731634e+01  1.355869e+02 -1.998427e-14 
  476.000  5.551522e+01  1.301568e+02  2.265931e-14 
  477.000  5.506067e+01  1.278508e+02  6.663562e-15 
  478.000  5.836402e+01  1.337460e+02  2.467384e-14 
  479.000  5.653575e+01  1.276344e+02  1.178134e-14 
  480.000  5.855902e+01  1.301977e+02  9.237980e-15 
  481.000  5.902110e+01  1.293387e+02 -1.274105e-15 
  482.000  6.102334e+01  1.319099e+02 -2.373636e-14 
  483.000  6.176622e+01  1.317921e+02  1.302734e-14 
  484.000  5.996164e+01  1.263706e+02  8.537595e-15 
  485.000  6.092582e+01  1.268801e+02  1.225465e-14 
  486.000  4.982673e+01  1.025641e+02 -1.396184e-14 
  487.000  5.649176e+01  1.149615e+02 -1.698942e-15 
  488.000  6.185566e+01  1.244662e+02 -2.487891e-14 
  489.000  5.797587e+01  1.153647e+02  1.018944e-14 
  490.000  6.654186e+01  1.309518e+02  3.238935e-14 
  491.000  6.271329e+01  1.220683e+02 -4.768910e-15 
  492.000  6.067575e+01  1.168234e+02  1.191083e-14 
  493.000  6.579070e+01  1.253076e+02 -7.793060e-16 
  494.000  6.397696e+01  1.205545e+02  1.433477e-15 
  495.000  6.884245e+01  1.283465e+02 -2.743180e-14 
  496.000  6.739028e+01  1.243111e+02  3.648065e-14 
  497.000  6.570333e+01  1.199225e+02 -1.328165e-14 
  498.000  6.447327e+01  1.164454e+02 -2.295056e-14 
  499.000  6.463063e+01  1.155199e+02 -2.877082e-15 
  500.000  6.465632e+01  1.143754e+02 -2.214082e-16 
  501.000  6.349757e+01  1.111795e+02 -5.953410e-15 
  502.000  6.337138e+01  1.098317e+02 -1.707729e-15 
  503.000  6.745548e+01  1.157293e+02  9.956971e-15 
  504.000  6.303992e+01  1.070708e+02  1.598925e-14 
  505.000  6.828862e+01  1.148344e+02 -4.928689e-14 
  506.000  7.357537e+01  1.225032e+02 -2.610275e-14 
  507.000  6.890147e+01  1.135947e+02 -1.877089e-14 
  508.000  6.650597e+01  1.085737e+02  1.912811e-14 
  509.000  7.217558e+01  1.166859e+02 -7.588954e-15 
  510.000  7.037263e+01  1.126768e+02  2.008294e-14 
  511.000  7.080822e+01  1.122909e+02 -2.537984e-14 
  512.000  7.474569e+01  1.174092e+02 -1.836247e-14 
  513.000  6.880156e+01  1.070510e+02 -8.323350e-15 
  514.000  6.773940e+01  1.044089e+02  2.104768e-14 
  515.000  6.954344e+01  1.061892e+02  2.267944e-14 
  516.000  7.339938e+01  1.110382e+02  1.471363e-14 
  517.000  5.428615e+01  8.136922e+01  6.629386e-15 
  518.000  6.747569e+01  1.002159e+02  1.360590e-14 
  519.000  6.417725e+01  9.445247e+01 -4.791033e-15 
  520.000  7.093246e+01  1.034522e+02 -1.025601e-14 
  521.000  7.123366e+01  1.029639e+02 -3.772806e-15 
  522.000  7.430358e+01  1.064551e+02  1.420482e-14 
  523.000  6.941788e+01  9.859692e+01  3.141959e-14 
  524.000  7.553499e+01  1.063622e+02 -1.867807e-14 
  525.000  7.513247e+01  1.048973e+02  3.608487e-14 
  526.000  7.181794e+01  9.941037e+01 -1.228161e-14 
  527.000  6.288665e+01  8.631194e+01  1.522079e-14 
  528.000  7.568950e+01  1.030117e+02  1.065746e-14 
  529.000  7.800470e+01  1.052757e+02  3.811647e-14 
  530.000  7.386833e+01  9.886238e+01  1.200268e-14 
  531.000  8.058286e+01  1.069529e+02 -1.243268e-14 
  532.000  7.707254e+01  1.014389e+02 -9.029072e-15 
  533.000  6.796764e+01  8.870249e+01 -7.331862e-15 
  534.000  7.426308e+01  9.608060e+01 -2.112269e-14 
  535.000  7.616624e+01  9.767841e+01  8.263427e-15 
  536.000  8.123222e+01  1.032700e+02 -9.067914e-15 
  537.000  7.572316e+01  9.544440e+01 -8.547752e-15 
  538.000  7.961524e+01  9.950942e+01 -1.027649e-14 
  539.000  7.968478e+01  9.877229e+01 -1.629359e-15 
  540.000  7.829472e+01  9.625568e+01  2.096315e-14 
  541.000  7.207725e+01  8.789281e+01 -5.916187e-15 
  542.000  8.070959e+01  9.762777e+01  1.318430e-14 
  543.000  7.749061e+01  9.298605e+01  7.574848e-15 
  544.000  8.200919e+01  9.762995e+01 -9.555401e-15 
  545.000  8.103854e+01  9.571616e+01  1.521352e-14 
  546.000  7.947755e+01  9.313965e+01 -9.340073e-15 
  547.000  8.310937e+01  9.663734e+01 -3.068651e-15 
  548.000  7.734514e+01  8.923941e+01 -2.159210e-14 
  549.000  8.164406e+01  9.347459e+01  1.198142e-14 
  550.000  8.007078e+01  9.097260e+01 -5.691438e-16 
  551.000  7.976664e+01  8.994136e+01  3.151852e-14 
  552.000  8.341360e+01  9.334411e+01 -1.073872e-14 
  553.000  8.033563e+01  8.922853e+01  3.060073e-15 
  554.000  8.315192e+01  9.167184e+01 -8.526625e-15 
  555.000  8.357559e+01  9.145979e+01 -6.615059e-16 
  556.000  8.144410e+01  8.847469e+01 -8.174063e-15 
  557.000  7.916892e+01  8.538159e+01 -1.245536e-14 
  558.000  8.231693e+01  8.814008e+01  8.092572e-15 
  559.000  7.793110e+01  8.285139e+01 -1.127171e-14 
  560.000  7.837443e+01  8.274144e+01  2.814146e-15 
  561.000  8.622445e+01  9.040431e+01 -4.828234e-15 
  562.000  7.907108e+01  8.239937e+01 -1.851123e-14 
  563.000  8.276514e+01  8.568133e+01  8.565431e-15 
  564.000  8.158253e+01  8.392371e+01  2.778083e-14 
  565.000  8.240790e+01  8.428474e+01  1.073273e-14 
  566.000  7.595934e+01  7.719762e+01 -2.141672e-15 
  567.000  8.108945e+01  8.202460e+01  8.046970e-15 
  568.000  7.962045e+01  8.050969e+01 -3.614888e-16 
  569.000  7.529233e+01  7.685489e+01 -1.089125e-14 
  570.000  7.599683e+01  7.697029e+01 -1.590637e-15 
  571.000  7.509501e+01  7.474130e+01 -7.671250e-15 
  572.000  7.733183e+01  7.740822e+01 -2.304879e-16 
  573.000  7.862644e+01  7.790144e+01  7.384662e-17 
  574.000  7.828382e+01  7.705813e+01 -8.477920e-15 
  575.000  7.624268e+01  7.466471e+01 -1.227025e-14 
  576.000  7.498462e+01  7.301118e+01 -1.092625e-14 
  577.000  7.884313e+01  7.609673e+01 -1.092958e-15 
  578.000  7.759692e+01  7.413922e+01 -1.206755e-14 
  579.000  7.811358e+01  7.389706e+01 -9.228346e-15 
  580.000  8.212954e+01  7.691039e+01 -1.083016e-15 
  581.000  8.235693e+01  7.622360e+01 -1.837274e-15 
  582.000  8.488864e+01  7.780556e+01  1.325254e-14 
  583.000  8.644430e+01  7.858129e+01 -9.078851e-15 
  584.000  8.695966e+01  7.845126e+01  8.325763e-15 
  585.000  8.712086e+01  7.802378e+01 -6.393352e-16 
  586.000  8.395737e+01  7.467532e+01  1.633930e-15 
  587.000  8.683388e+01  7.705650e+01  2.057240e-15 
  588.000  8.229254e+01  7.402193e+01  2.686300e-15 
  589.000  6.799352e+01  6.230804e+01 -1.062546e-15 
  590.000  7.091872e+01  6.467455e+01  6.816011e-15 
  591.000  7.954387e+01  7.091933e+01  4.434314e-15 
  592.000  7.623011e+01  6.813302e+01 -2.607895e-15 
  593.000  8.181757e+01  7.129900e+01  3.821017e-15 
  594.000  8.179127e+01  7.115981e+01 -6.378442e-15 
  595.000  7.730775e+01  6.774835e+01 -4.105746e-15 
  596.000  8.398666e+01  7.174876e+01  4.733768e-15 
  597.000  8.329710e+01  7.101315e+01  1.941739e-15 
  598.000  8.357574e+01  7.022140e+01 -5.150161e-15 
  599.000  8.447421e+01  7.028368e+01 -5.638843e-15 
  600.000  8.632050e+01  7.081934e+01 -2.004275e-15 
  601.000  8.720396e+01  7.058908e+01 -1.621697e-14 
  602.000  8.669090e+01  6.962546e+01 -1.811476e-14 
  603.000  8.782810e+01  7.001711e+01  2.696238e-15 
  604.000  9.141747e+01  7.235987e+01  9.306391e-15 
  605.000  9.192616e+01  7.225783e+01  1.170026e-14 
  606.000  9.136446e+01  7.138385e+01 -1.586863e-14 
  607.000  9.133586e+01  7.093808e+01 -2.581283e-15 
  608.000  9.145711e+01  7.062158e+01  3.926222e-15 
  609.000  9.094844e+01  6.982965e+01  7.970029e-15 
  610.000  8.992097e+01  6.865173e+01 -3.096579e-15 
  611.000  9.183739e+01  6.972584e+01 -7.154035e-15 
  612.000  9.108328e+01  6.877340e+01 -1.682247e-14 
  613.000  9.017255e+01  6.771672e+01  1.331639e-14 
  614.000  8.730806e+01  6.521471e+01  1.007875e-14 
  615.000  9.189983e+01  6.827851e+01  1.546893e-14 
  616.000  8.775171e+01  6.485410e+01 -2.354662e-14 
  617.000  8.859612e+01  6.514120e+01 -1.478101e-14 
  618.000  9.308501e+01  6.809685e+01  2.752862e-15 
  619.000  9.248587e+01  6.732798e+01 -4.414258e-15 
  620.000  9.408432e+01  6.816365e+01  2.501642e-15 
  621.000  9.589214e+01  6.915161e+01 -2.277763e-14 
  622.000  9.096729e+01  6.530661e+01  8.882473e-16 
  623.000  9.173710e+01  6.558154e+01  2.461917e-14 
  624.000  9.190517e+01  6.542346e+01 -2.049503e-15 
  625.000  8.945432e+01  6.341570e+01  6.227617e-15 
  626.000  8.956085e+01  6.332639e+01  6.877888e-16 
  627.000  8.957173e+01  6.343802e+01 -4.732338e-15 
  628.000  8.255923e+01  5.943265e+01  4.347564e-16 
  629.000  8.803075e+01  6.250562e+01  3.172826e-15 
  630.000  8.671090e+01  6.090601e+01  1.456503e-16 
  631.000  9.135581e+01  6.362083e+01 -1.769468e-15 
  632.000  8.459605e+01  5.889514e+01  6.544851e-15 
  633.000  9.344212e+01  6.406244e+01 -7.096851e-16 
  634.000  9.198450e+01  6.256720e+01 -1.349902e-14 
  635.000  9.454652e+01  6.393569e+01 -8.326594e-15 
  636.000  9.237575e+01  6.201596e+01 -1.040379e-14 
  637.000  9.647448e+01  6.433758e+01 -8.837553e-16 
  638.000  9.957253e+01  6.582590e+01  0.000000e+00 
  639.000  9.952126e+01  6.542201e+01  1.900791e-15 
  640.000  9.754499e+01  6.367192e+01 -3.675458e-15 
  641.000  9.971003e+01  6.472393e+01 -5.213689e-15 
  642.000  9.939883e+01  6.411280e+01 -3.306403e-15 
  643.000  1.010816e+02  6.500176e+01  1.047642e-14 
  644.000  1.004318e+02  6.425854e+01 -1.072178e-14 
  645.000  1.009460e+02  6.447609e+01  0.000000e+00 
  646.000  9.374411e+01  6.052432e+01  1.020167e-14 
  647.000  9.283508e+01  6.020842e+01 -6.618788e-15 
  648.000  9.021532e+01  5.880232e+01 -3.302801e-15 
  649.000  9.486524e+01  6.102932e+01  2.461004e-15 
  650.000  9.283781e+01  5.842814e+01  8.184442e-16 
  651.000  1.003597e+02  6.286864e+01 -2.995907e-15 
  652.000  9.446978e+01  5.980024e+01 -3.062511e-15 
  653.000  1.017976e+02  6.303114e+01  1.556674e-14 
  654.000  1.002707e+02  6.191957e+01 -5.930906e-15 
  655.000  9.616209e+01  5.949182e+01 -5.117089e-15 
  656.000  8.246240e+01  5.066954e+01 -4.606343e-15 
  657.000  8.920355e+01  5.437156e+01 -1.253037e-14 
  658.000  1.014440e+02  6.117471e+01  7.610500e-15 
  659.000  1.030946e+02  6.157221e+01  8.221447e-15 
  660.000  1.047503e+02  6.217719e+01  8.396469e-15 
  661.000  1.068859e+02  6.287441e+01 -1.201385e-14 
  662.000  1.094252e+02  6.395218e+01  1.825686e-15 
  663.000  1.083921e+02  6.310142e+01 -1.527996e-14 
  664.000  1.073024e+02  6.213752e+01 -2.013009e-15 
  665.000  1.082508e+02  6.238528e+01  2.020413e-15 
  666.000  1.101645e+02  6.316409e+01  1.885283e-14 
  667.000  1.085164e+02  6.191661e+01 -6.585769e-15 
  668.000  1.099086e+02  6.235824e+01 -1.512730e-14 
  669.000  1.120305e+02  6.325364e+01 -4.911247e-15 
  670.000  1.111577e+02  6.247068e+01 -1.656332e-15 
  671.000  1.104742e+02  6.179466e+01  1.474138e-14 
  672.000  1.105479e+02  6.155746e+01 -4.544075e-15 
  673.000  1.117682e+02  6.195924e+01  1.996654e-15 
  674.000  1.124110e+02  6.203908e+01  3.054288e-15 
  675.000  1.111155e+02  6.105242e+01  6.245117e-15 
  676.000  1.136205e+02  6.215522e+01  2.004543e-15 
  677.000  1.117420e+02  6.085988e+01  6.579624e-15 
  678.000  1.139801e+02  6.180746e+01  3.536756e-16 
  679.000  1.126723e+02  6.084659e+01 -2.138700e-14 
  680.000  1.117546e+02  6.016605e+01  2.981337e-15 
  681.000  1.120267e+02  6.008474e+01 -1.608013e-15 
  682.000  1.120199e+02  5.984534e+01  6.992843e-15 
  683.000  1.130411e+02  6.015066e+01  8.306452e-15 
  684.000  1.109567e+02  5.886351e+01  1.190342e-14 
  685.000  1.128595e+02  5.956853e+01  1.626132e-14 
  686.000  1.071380e+02  5.643541e+01 -6.373313e-15 
  687.000  7.179532e+01  4.063667e+01 -4.275875e-15 
  688.000  8.230432e+01  4.525604e+01 -2.540916e-15 
  689.000  7.947475e+01  4.382850e+01  2.899192e-15 
  690.000  8.571094e+01  4.654237e+01 -4.685434e-15 
  691.000  9.367687e+01  5.001911e+01  5.700979e-15 
  692.000  9.707305e+01  5.139111e+01 -1.371024e-15 
  693.000  9.309007e+01  4.989134e+01 -2.383933e-15 
  694.000  8.896464e+01  4.822117e+01  3.489850e-15 
  695.000  9.140301e+01  4.891364e+01  2.785383e-16 
  696.000  9.506647e+01  5.037630e+01  1.942261e-15 
  697.000  1.066527e+02  5.465939e+01  5.742515e-15 
  698.000  1.024668e+02  5.265903e+01  6.081266e-15 
  699.000  9.444371e+01  4.962213e+01  3.080638e-15 
  700.000  9.503576e+01  4.955524e+01 -4.301388e-16 
  701.000  9.093107e+01  4.748637e+01  3.487288e-15 
  702.000  9.217831e+01  4.776467e+01  4.321856e-15 
  703.000  1.019090e+02  5.148625e+01 -6.107077e-15 
  704.000  1.027631e+02  5.166599e+01 -7.075688e-15 
  705.000  1.002180e+02  5.065073e+01  4.472773e-15 
  706.000  9.999651e+01  5.025446e+01 -6.258652e-15 
  707.000  9.987804e+01  4.983984e+01  6.142585e-15 
  708.000  1.043282e+02  5.167593e+01 -7.832918e-15 
  709.000  1.035313e+02  5.070827e+01  4.081820e-15 
  710.000  1.030725e+02  5.069394e+01 -7.125876e-15 
  711.000  1.052203e+02  5.114412e+01  3.729670e-15 
  712.000  1.064943e+02  5.121210e+01 -7.415935e-16 
  713.000  1.040691e+02  5.015105e+01  1.614521e-15 
  714.000  1.051927e+02  5.061586e+01  2.162691e-15 
  715.000  9.821416e+01  4.753606e+01  7.139784e-15 
  716.000  9.712177e+01  4.732358e+01 -2.340141e-15 
  717.000  7.480565e+01  3.841158e+01  3.253784e-15 
  718.000  6.380885e+01  3.412469e+01  2.689618e-17 
  719.000  5.954741e+01  3.230143e+01  9.862770e-16 
  720.000  5.527655e+01  3.061375e+01  1.179803e-15 
  721.000  7.927576e+01  3.951957e+01 -2.532673e-15 
  722.000  9.090305e+01  4.393760e+01 -9.937519e-15 
  723.000  8.488077e+01  4.148427e+01  2.304847e-15 
  724.000  7.007545e+01  3.590116e+01  4.693648e-16 
  725.000  7.139027e+01  3.616486e+01 -2.447205e-16 
  726.000  7.072311e+01  3.577941e+01 -1.898178e-16 
  727.000  7.397454e+01  3.698742e+01 -8.789405e-16 
  728.000  7.062972e+01  3.547549e+01 -4.257023e-16 
  729.000  7.337630e+01  3.595568e+01 -2.268825e-16 
  730.000  7.532304e+01  3.687226e+01 -1.669902e-15 
  731.000  7.314879e+01  3.579733e+01 -1.695046e-15 
  732.000  8.474634e+01  4.003865e+01 -1.247140e-15 
  733.000  9.420868e+01  4.317953e+01 -5.118419e-15 
  734.000  1.019143e+02  4.588874e+01  6.327035e-15 
  735.000  9.934325e+01  4.477819e+01 -4.785178e-15 
  736.000  9.414638e+01  4.264595e+01  1.382020e-16 
  737.000  9.818839e+01  4.402664e+01 -5.773405e-16 
  738.000  1.017885e+02  4.505182e+01  2.007957e-15 
  739.000  1.002190e+02  4.401115e+01 -5.782142e-15 
  740.000  1.049218e+02  4.547385e+01  4.579225e-15 
  741.000  1.063330e+02  4.566306e+01  2.273483e-15 
  742.000  1.055955e+02  4.507829e+01 -4.888490e-15 
  743.000  1.107694e+02  4.681588e+01 -4.451317e-15 
  744.000  1.128389e+02  4.741570e+01 -2.894565e-15 
  745.000  1.107041e+02  4.627816e+01 -3.886209e-15 
  746.000  1.129220e+02  4.698063e+01 -1.428762e-14 
  747.000  1.149548e+02  4.765024e+01 -2.600130e-15 
  748.000  1.134092e+02  4.680711e+01  1.806542e-14 
  749.000  1.138262e+02  4.679757e+01 -2.130913e-14 
  750.000  1.120444e+02  4.593749e+01  1.548929e-15 
  751.000  1.119597e+02  4.574329e+01  1.485918e-14 
  752.000  1.144245e+02  4.652839e+01 -1.831714e-14 
  753.000  1.137220e+02  4.606208e+01  1.814148e-14 
  754.000  1.158101e+02  4.673430e+01 -9.653621e-15 
  755.000  1.153523e+02  4.638959e+01  1.537684e-14 
  756.000  1.133057e+02  4.540929e+01 -1.622544e-14 
  757.000  1.142946e+02  4.565213e+01 -3.290845e-15 
  758.000  1.135093e+02  4.522864e+01  1.198402e-14 
  759.000  8.944450e+01  3.692939e+01 -6.019812e-15 
  760.000  7.496421e+00  5.412169e+00  8.415153e-17 
  761.000  5.181392e+00  4.218200e+00  1.397229e-18 
  762.000  3.068487e+01  1.518652e+01  6.255097e-16 
  763.000  1.988297e+01  1.082248e+01 -9.033595e-17 
  764.000  2.529094e+01  1.301049e+01  1.582888e-16 
  765.000  4.120254e+01  1.922829e+01  6.858031e-16 
  766.000  6.436916e+01  2.718943e+01  2.172211e-15 
  767.000  8.153735e+01  3.309087e+01  1.277320e-15 
  768.000  9.729754e+01  3.853912e+01  6.800131e-16 
  769.000  1.056753e+02  4.110302e+01 -7.720017e-17 
  770.000  1.100717e+02  4.239302e+01  1.382626e-14 
  771.000  1.123930e+02  4.292176e+01 -4.007229e-15 
  772.000  1.126108e+02  4.283152e+01  5.475229e-15 
  773.000  1.124674e+02  4.262822e+01 -9.424397e-15 
  774.000  1.140264e+02  4.308188e+01 -2.144029e-15 
  775.000  1.101593e+02  4.146563e+01 -6.556449e-15 
  776.000  1.150308e+02  4.314436e+01  5.140825e-15 
  777.000  1.143617e+02  4.275883e+01  9.330603e-17 
  778.000  1.137814e+02  4.241796e+01  2.399744e-15 
  779.000  1.141783e+02  4.244211e+01 -1.056205e-14 
  780.000  1.127906e+02  4.180447e+01 -1.372994e-15 
  781.000  1.130216e+02  4.172506e+01 -9.954019e-15 
  782.000  1.143973e+02  4.211212e+01 -6.563880e-15 
  783.000  1.117489e+02  4.101847e+01  1.886981e-14 
  784.000  1.122799e+02  4.110303e+01  4.087917e-15 
  785.000  1.119624e+02  4.092942e+01  5.651983e-15 
  786.000  1.090128e+02  3.984921e+01 -1.801918e-16 
  787.000  1.082770e+02  3.978157e+01  5.083792e-15 
  788.000  1.054167e+02  3.875516e+01 -7.674538e-15 
  789.000  1.014952e+02  3.767228e+01 -4.097400e-16 
  790.000  1.001411e+02  3.709848e+01 -3.340565e-15 
  791.000  1.005533e+02  3.705274e+01  3.611893e-15 
  792.000  9.983624e+01  3.659604e+01  1.959110e-15 
  793.000  1.016687e+02  3.696397e+01  4.730638e-16 
  794.000  1.046072e+02  3.750248e+01  1.211108e-16 
  795.000  1.017414e+02  3.661226e+01  8.837900e-15 
  796.000  9.725402e+01  3.550346e+01 -5.117677e-15 
  797.000  9.973387e+01  3.612466e+01 -8.259428e-15 
  798.000  1.039039e+02  3.711100e+01 -7.640657e-17 
  799.000  1.029848e+02  3.676575e+01 -5.351034e-15 
  800.000  9.752898e+01  3.499320e+01 -8.931607e-15 
  801.000  9.976430e+01  3.565557e+01  3.329416e-15 
  802.000  9.936179e+01  3.543444e+01  8.764887e-15 
  803.000  9.844175e+01  3.496127e+01  6.395700e-15 
  804.000  1.007961e+02  3.555610e+01 -2.856284e-16 
  805.000  1.007002e+02  3.516015e+01  3.147300e-15 
  806.000  1.051222e+02  3.643433e+01 -3.638189e-15 
  807.000  1.046522e+02  3.615805e+01  5.488533e-15 
  808.000  1.031834e+02  3.563662e+01  5.064693e-15 
  809.000  1.004081e+02  3.468549e+01  9.497369e-15 
  810.000  9.880423e+01  3.415113e+01 -2.720747e-15 
  811.000  9.794630e+01  3.399194e+01 -3.446247e-15 
  812.000  9.432072e+01  3.294149e+01 -7.468257e-15 
  813.000  8.997238e+01  3.167047e+01 -3.865570e-15 
  814.000  8.477465e+01  3.014823e+01 -7.511382e-16 
  815.000  7.782198e+01  2.804012e+01  7.860345e-16 
  816.000  7.016644e+01  2.575629e+01  1.735642e-15 
  817.000  7.089802e+01  2.593484e+01 -7.901315e-16 
  818.000  7.104830e+01  2.586930e+01  4.618813e-16 
  819.000  7.148801e+01  2.575164e+01  8.728789e-16 
  820.000  7.789866e+01  2.737801e+01 -9.718764e-16 
  821.000  9.036261e+01  3.088395e+01 -1.339416e-15 
  822.000  8.055305e+01  2.799087e+01  2.319531e-15 
  823.000  6.347105e+01  2.326687e+01 -1.757062e-15 
  824.000  7.988974e+01  2.780658e+01  8.600660e-16 
  825.000  9.113947e+01  3.073551e+01  4.060173e-15 
  826.000  8.994902e+01  3.038585e+01 -5.836067e-15 
  827.000  8.825037e+01  2.984109e+01  4.365004e-15 
  828.000  8.073759e+01  2.772473e+01  8.433235e-16 
  829.000  8.334232e+01  2.836160e+01 -5.210877e-15 
  830.000  8.505251e+01  2.864672e+01  2.161255e-15 
  831.000  8.435915e+01  2.827569e+01  6.564068e-16 
  832.000  8.658984e+01  2.890063e+01  8.688160e-16 
  833.000  8.570883e+01  2.839076e+01 -1.806272e-15 
  834.000  8.916689e+01  2.928227e+01 -6.145033e-15 
  835.000  9.360078e+01  3.029334e+01  4.436212e-15 
  836.000  9.345691e+01  3.027104e+01 -1.831008e-15 
  837.000  9.266778e+01  2.993709e+01 -4.493824e-15 
  838.000  9.511300e+01  3.046751e+01 -5.555900e-15 
  839.000  9.343845e+01  2.974144e+01 -3.748704e-15 
  840.000  9.646486e+01  3.058078e+01 -7.702740e-16 
  841.000  9.547462e+01  3.029739e+01  4.629424e-15 
  842.000  9.613860e+01  3.032036e+01  2.706457e-15 
  843.000  9.836502e+01  3.068428e+01  2.341183e-15 
  844.000  9.808910e+01  3.039815e+01  4.193974e-15 
  845.000  1.002559e+02  3.093034e+01  3.017697e-15 
  846.000  1.018611e+02  3.128189e+01  9.209553e-15 
  847.000  9.897550e+01  3.021939e+01  7.604379e-16 
  848.000  1.009391e+02  3.087419e+01 -1.759223e-15 
  849.000  1.013316e+02  3.089883e+01  7.756630e-16 
  850.000  8.718113e+01  2.655794e+01 -5.143977e-15 
  851.000  9.928363e+01  3.022429e+01 -1.138847e-15 
  852.000  9.564459e+01  2.903357e+01 -4.350307e-15 
  853.000  9.787401e+01  2.953469e+01  9.319955e-15 
  854.000  7.870147e+01  2.368971e+01 -3.287219e-16 
  855.000  8.716834e+01  2.612553e+01  1.669142e-15 
  856.000  1.000068e+02  2.975855e+01 -3.055642e-16 
  857.000  1.021234e+02  3.026576e+01 -7.755122e-17 
  858.000  1.007395e+02  2.975887e+01 -6.222030e-15 
  859.000  1.012795e+02  2.979843e+01  5.535012e-15 
  860.000  1.007639e+02  2.954412e+01 -4.658046e-15 
  861.000  1.007792e+02  2.947731e+01  1.352958e-15 
  862.000  1.008007e+02  2.938182e+01 -1.189685e-14 
  863.000  1.028141e+02  2.988920e+01 -5.336780e-15 
  864.000  1.028688e+02  2.981075e+01 -9.355782e-15 
  865.000  1.011694e+02  2.922930e+01 -3.360144e-15 
  866.000  8.493716e+01  2.447441e+01 -3.820853e-15 
  867.000  9.045880e+01  2.600241e+01  1.347079e-14 
  868.000  9.817414e+01  2.814712e+01  2.024758e-15 
  869.000  9.689453e+01  2.770592e+01 -1.255104e-14 
  870.000  1.008915e+02  2.878034e+01  1.114011e-15 
  871.000  1.008469e+02  2.869117e+01  3.113650e-15 
  872.000  1.006191e+02  2.854372e+01 -2.655548e-15 
  873.000  1.009300e+02  2.857209e+01 -2.224848e-15 
  874.000  9.868789e+01  2.787405e+01  2.754192e-15 
  875.000  9.780453e+01  2.755754e+01 -5.246449e-15 
  876.000  9.854311e+01  2.770409e+01 -1.152456e-14 
  877.000  1.005720e+02  2.820168e+01  2.069900e-15 
  878.000  9.851780e+01  2.758573e+01  8.216724e-15 
  879.000  9.888440e+01  2.761412e+01  4.227999e-15 
  880.000  9.801631e+01  2.733053e+01  2.186516e-16 
  881.000  9.290558e+01  2.584908e+01 -9.627291e-16 
  882.000  9.791952e+01  2.718997e+01  1.568184e-14 
  883.000  9.590495e+01  2.655097e+01 -3.477215e-15 
  884.000  9.683925e+01  2.673776e+01  5.220968e-15 
  885.000  9.735442e+01  2.686080e+01 -1.589161e-15 
  886.000  9.350685e+01  2.579935e+01  1.408960e-16 
  887.000  9.311368e+01  2.557961e+01  4.989021e-15 
  888.000  9.590923e+01  2.628636e+01 -1.013432e-14 
  889.000  9.677794e+01  2.644586e+01  9.332048e-16 
  890.000  9.609709e+01  2.623541e+01  6.306937e-15 
  891.000  9.474113e+01  2.591317e+01  1.477378e-15 
  892.000  9.233407e+01  2.536656e+01 -1.354595e-15 
  893.000  8.279581e+01  2.314593e+01  3.675706e-16 
  894.000  8.241845e+01  2.321613e+01 -2.287982e-15 
  895.000  6.984219e+01  2.012964e+01  2.026786e-16 
  896.000  6.472485e+01  1.903235e+01 -1.014762e-16 
  897.000  5.573413e+01  1.684513e+01 -7.764647e-16 
  898.000  5.254814e+01  1.609973e+01  4.428315e-16 
  899.000  4.447480e+01  1.421710e+01  2.517777e-16 
  900.000  4.433674e+01  1.405929e+01  2.372669e-16 
  901.000  4.159430e+01  1.331083e+01  7.076336e-16 
  902.000  4.134976e+01  1.314800e+01 -4.367962e-16 
  903.000  5.737579e+01  1.694058e+01  5.739138e-16 
  904.000  6.829702e+01  1.947982e+01 -6.506891e-16 
  905.000  6.793205e+01  1.932705e+01 -1.073840e-15 
  906.000  5.996807e+01  1.733816e+01  3.208401e-17 
  907.000  5.096492e+01  1.535013e+01 -4.372373e-16 
  908.000  4.382215e+01  1.361473e+01 -2.511188e-16 
  909.000  4.324828e+01  1.339447e+01  4.287497e-16 
  910.000  4.458786e+01  1.370937e+01 -4.458927e-16 
  911.000  4.824824e+01  1.448116e+01  4.064121e-16 
  912.000  4.654529e+01  1.407890e+01 -2.338102e-16 
  913.000  4.008433e+01  1.267647e+01 -4.853808e-16 
  914.000  4.348829e+01  1.339502e+01 -6.819823e-16 
  915.000  4.579482e+01  1.380748e+01 -9.803076e-17 
  916.000  4.731499e+01  1.415188e+01  7.384741e-16 
  917.000  4.842291e+01  1.429700e+01 -1.393454e-15 
  918.000  5.058635e+01  1.470891e+01 -4.941317e-16 
  919.000  5.985670e+01  1.673008e+01  1.436887e-15 
  920.000  6.656842e+01  1.814832e+01  1.471746e-15 
  921.000  6.368628e+01  1.738205e+01  3.746206e-16 
  922.000  6.305843e+01  1.717106e+01  8.193794e-18 
  923.000  5.858653e+01  1.600642e+01  9.186048e-16 
  924.000  5.659256e+01  1.567129e+01  7.054881e-16 
  925.000  5.678946e+01  1.573629e+01 -1.256148e-16 
  926.000  5.411409e+01  1.503085e+01 -1.350239e-16 
  927.000  5.074711e+01  1.443217e+01 -4.120291e-16 
  928.000  4.351596e+01  1.291012e+01  3.947346e-16 
  929.000  3.368203e+01  1.070202e+01  3.330442e-16 
  930.000  2.421157e+01  8.459249e+00 -8.872625e-16 
  931.000  1.631050e+01  6.417030e+00 -8.112133e-19 
  932.000  8.674400e+00  4.283886e+00  1.411477e-17 
  933.000  5.379713e+00  3.242775e+00  2.080958e-17 
  934.000  3.139601e+00  2.421813e+00 -6.824907e-18 
  935.000  2.867524e+00  2.295651e+00 -2.854345e-21 
  936.000  3.472991e+00  2.520366e+00 -6.907156e-18 
  937.000  3.438831e+00  2.523058e+00  3.104727e-21 
  938.000  6.197634e+00  3.441341e+00  1.421106e-17 
  939.000  2.034613e+01  7.472811e+00 -1.618768e-16 
  940.000  2.371361e+01  8.275365e+00 -4.837507e-16 
  941.000  2.060734e+01  7.416432e+00 -5.406596e-17 
  942.000  1.434303e+01  5.661950e+00  2.813161e-17 
  943.000  8.227722e+00  3.992190e+00 -1.383344e-17 
  944.000  7.572541e+00  3.750675e+00  8.807781e-19 
  945.000  9.540990e+00  4.346324e+00  2.014291e-20 
  946.000  9.897308e+00  4.453368e+00  2.743937e-17 
  947.000  1.218214e+01  5.065485e+00  2.711404e-17 
  948.000  1.379969e+01  5.502105e+00  2.742970e-17 
  949.000  1.381196e+01  5.485766e+00  1.524780e-19 
  950.000  1.418712e+01  5.557851e+00 -5.642402e-18 
  951.000  1.797212e+01  6.524981e+00  5.172360e-17 
  952.000  1.418534e+01  5.497979e+00  5.255653e-17 
  953.000  1.711122e+01  6.232943e+00 -1.089216e-16 
  954.000  2.062926e+01  7.068318e+00  1.318336e-16 
  955.000  1.687589e+01  5.972291e+00 -4.874606e-17 
  956.000  1.781280e+01  6.279056e+00 -2.959384e-19 
  957.000  2.810571e+01  8.690159e+00 -4.146246e-16 
  958.000  3.027389e+01  9.150645e+00  7.152308e-18 
  959.000  2.866011e+01  8.768816e+00 -5.111716e-18 
  960.000  2.805290e+01  8.579903e+00  1.158487e-16 
  961.000  2.696988e+01  8.284857e+00  2.506070e-18 
  962.000  2.817205e+01  8.536593e+00  4.230147e-16 
  963.000  3.539332e+01  1.004565e+01 -9.376337e-18 
  964.000  3.628765e+01  1.016876e+01 -1.744072e-16 
  965.000  3.619508e+01  1.015337e+01  2.148663e-16 
  966.000  3.578498e+01  9.959925e+00 -2.137480e-16 
  967.000  4.311544e+01  1.147198e+01 -1.409321e-17 
  968.000  5.457785e+01  1.363204e+01 -5.201372e-16 
  969.000  6.122469e+01  1.493882e+01 -4.567177e-16 
  970.000  6.189225e+01  1.503995e+01 -6.772038e-16 
  971.000  6.125236e+01  1.485418e+01  4.568884e-16 
  972.000  5.988213e+01  1.456836e+01  9.257167e-16 
  973.000  5.537881e+01  1.362296e+01  1.579280e-16 
  974.000  5.011417e+01  1.253415e+01 -1.084934e-15 
  975.000  4.768120e+01  1.205984e+01  1.384183e-15 
  976.000  5.166711e+01  1.282681e+01  3.505523e-16 
  977.000  5.623653e+01  1.360868e+01  9.330216e-16 
  978.000  5.726245e+01  1.383756e+01  1.752653e-16 
  979.000  5.734414e+01  1.374072e+01  1.483487e-15 
  980.000  6.495190e+01  1.522518e+01 -1.024607e-15 
  981.000  6.710251e+01  1.561421e+01 -2.434805e-16 
  982.000  6.553932e+01  1.527370e+01  5.748529e-17 
  983.000  6.916936e+01  1.590292e+01  1.323924e-15 
  984.000  7.272192e+01  1.647447e+01 -1.800140e-15 
  985.000  7.506940e+01  1.684031e+01  5.998908e-16 
  986.000  7.754772e+01  1.718560e+01  1.640833e-15 
  987.000  7.986523e+01  1.758058e+01  5.423159e-15 
  988.000  7.926588e+01  1.739029e+01  3.793524e-17 
  989.000  7.851876e+01  1.717593e+01 -1.227311e-15 
  990.000  7.956414e+01  1.734757e+01  2.984850e-15 
  991.000  8.141972e+01  1.764745e+01  4.267970e-15 
  992.000  8.103482e+01  1.750752e+01 -1.873822e-15 
  993.000  8.119318e+01  1.749699e+01  7.545284e-16 
  994.000  8.252819e+01  1.767162e+01  2.637229e-15 
  995.000  8.267774e+01  1.762641e+01 -2.331594e-15 
  996.000  8.268445e+01  1.759082e+01  4.833699e-15 
  997.000  8.237237e+01  1.751143e+01  3.417018e-15 
  998.000  8.160659e+01  1.734046e+01 -5.673268e-15 
  999.000  8.122173e+01  1.723345e+01 -4.302357e-15 
 1000.000  8.076693e+01  1.709229e+01  7.858726e-16 
 1001.000  8.026149e+01  1.702591e+01  2.342537e-15 
 1002.000  7.846910e+01  1.670412e+01  3.101801e-15 
 1003.000  7.798038e+01  1.654327e+01 -1.946146e-15 
 1004.000  7.831927e+01  1.652700e+01  3.321446e-15 
 1005.000  7.359145e+01  1.547390e+01  5.759637e-16 
 1006.000  7.760472e+01  1.627653e+01 -6.417266e-15 
 1007.000  7.872156e+01  1.649421e+01 -2.302486e-15 
 1008.000  7.771240e+01  1.632300e+01 -1.571175e-16 
 1009.000  7.546526e+01  1.591372e+01 -2.914705e-15 
 1010.000  7.657346e+01  1.607057e+01  1.313644e-15 
 1011.000  7.810142e+01  1.625199e+01 -2.736754e-15 
 1012.000  7.889469e+01  1.634221e+01  2.787023e-15 
 1013.000  7.879875e+01  1.624143e+01 -2.298024e-15 
 1014.000  7.959479e+01  1.635746e+01  2.533924e-15 
 1015.000  7.819329e+01  1.603362e+01  1.621841e-15 
 1016.000  7.890755e+01  1.613374e+01 -1.093236e-16 
 1017.000  7.831798e+01  1.597166e+01  2.207193e-15 
 1018.000  7.908380e+01  1.611151e+01 -9.282553e-16 
 1019.000  7.674387e+01  1.565309e+01  2.084939e-16 
 1020.000  7.669598e+01  1.558466e+01  2.395346e-15 
 1021.000  7.797835e+01  1.578645e+01 -8.601004e-16 
 1022.000  7.613154e+01  1.543853e+01  7.965089e-16 
 1023.000  7.694925e+01  1.560830e+01 -1.655264e-15 
 1024.000  7.617654e+01  1.544136e+01  4.815834e-15 
 1025.000  7.735017e+01  1.558198e+01  3.027698e-16 
 1026.000  7.788094e+01  1.561316e+01  7.518397e-16 
 1027.000  7.718282e+01  1.545422e+01  0.000000e+00 
 1028.000  7.756749e+01  1.548965e+01  1.659622e-15 
 1029.000  7.687862e+01  1.529340e+01  7.373456e-16 
 1030.000  7.812733e+01  1.548508e+01  3.084499e-15 
 1031.000  7.810728e+01  1.543799e+01 -6.783200e-15 
 1032.000  7.800530e+01  1.537841e+01  1.425171e-15 
 1033.000  7.664061e+01  1.507600e+01  3.783766e-15 
 1034.000  7.746326e+01  1.520801e+01  5.184195e-15 
 1035.000  7.667827e+01  1.502281e+01 -3.834569e-15 
 1036.000  7.763688e+01  1.517993e+01 -3.779383e-15 
 1037.000  7.604349e+01  1.483481e+01 -1.490303e-15 
 1038.000  7.687314e+01  1.496314e+01 -2.283465e-15 
 1039.000  7.706161e+01  1.497721e+01 -2.293216e-15 
 1040.000  7.604830e+01  1.475615e+01  5.202151e-15 
 1041.000  7.636395e+01  1.479280e+01 -2.899543e-15 
 1042.000  7.656602e+01  1.480412e+01  1.043996e-16 
 1043.000  7.524574e+01  1.451995e+01  4.543562e-15 
 1044.000  7.591710e+01  1.462408e+01  6.180555e-16 
 1045.000  7.535309e+01  1.449907e+01 -6.831126e-15 
 1046.000  7.300610e+01  1.402740e+01 -2.992992e-15 
 1047.000  7.415684e+01  1.422939e+01 -3.862161e-15 
 1048.000  7.473116e+01  1.431444e+01  2.977491e-15 
 1049.000  7.405938e+01  1.416179e+01 -1.025685e-16 
 1050.000  7.341802e+01  1.402082e+01 -3.551495e-15 
 1051.000  7.313538e+01  1.395473e+01  5.787684e-15 
 1052.000  7.261937e+01  1.383755e+01 -2.173722e-15 
 1053.000  7.250386e+01  1.379492e+01  2.882862e-15 
 1054.000  7.143813e+01  1.358159e+01  1.502871e-15 
 1055.000  7.163875e+01  1.360896e+01 -2.927964e-15 
 1056.000  7.114416e+01  1.350251e+01 -5.062337e-17 
 1057.000  7.051206e+01  1.338084e+01  6.034725e-16 
 1058.000  6.903313e+01  1.311361e+01  3.693790e-15 
 1059.000  6.678603e+01  1.266374e+01  0.000000e+00 
 1060.000  6.933414e+01  1.310906e+01  1.508617e-16 
 1061.000  6.675172e+01  1.260600e+01  1.449200e-15 
 1062.000  6.819804e+01  1.287784e+01  2.187046e-15 
 1063.000  6.684727e+01  1.260803e+01 -7.825743e-16 
 1064.000  6.734135e+01  1.269788e+01 -7.437763e-16 
 1065.000  6.688963e+01  1.261376e+01 -6.937526e-16 
 1066.000  6.488363e+01  1.221187e+01  4.827569e-17 
 1067.000  6.631581e+01  1.246772e+01 -3.542961e-15 
 1068.000  6.546881e+01  1.234159e+01 -9.508024e-16 
 1069.000  6.034127e+01  1.137271e+01  1.088250e-15 
 1070.000  6.421091e+01  1.207116e+01  5.411930e-16 
 1071.000  6.399849e+01  1.203318e+01 -6.252057e-16 
 1072.000  6.384278e+01  1.200595e+01  4.971358e-17 
 1073.000  6.179838e+01  1.160228e+01 -1.372034e-15 
 1074.000  6.421416e+01  1.202596e+01 -9.046358e-16 
 1075.000  6.311845e+01  1.175715e+01  6.037042e-16 
 1076.000  6.416174e+01  1.195200e+01 -1.232678e-15 
 1077.000  6.351302e+01  1.184009e+01  8.610664e-16 
 1078.000  6.306334e+01  1.177099e+01 -2.185220e-15 
 1079.000  6.063465e+01  1.130018e+01  5.173918e-16 
 1080.000  6.053501e+01  1.135505e+01  6.017989e-16 
 1081.000  5.829728e+01  1.091912e+01  2.715891e-16 
 1082.000  5.996920e+01  1.117067e+01 -4.037164e-16 
 1083.000  5.741135e+01  1.072219e+01 -2.233775e-15 
 1084.000  5.853115e+01  1.096268e+01 -2.913925e-16 
 1085.000  5.521744e+01  1.043039e+01 -2.131669e-16 
 1086.000  5.659039e+01  1.064662e+01  8.132229e-16 
 1087.000  5.589901e+01  1.037789e+01  3.354594e-16 
 1088.000  5.948558e+01  1.101742e+01  2.128662e-15 
 1089.000  5.380386e+01  1.009012e+01  4.859284e-16 
 1090.000  5.434558e+01  1.020056e+01 -4.356807e-16 
 1091.000  5.536277e+01  1.035006e+01  1.073023e-15 
 1092.000  5.241444e+01  9.846741e+00 -8.404725e-17 
 1093.000  4.820263e+01  9.161622e+00  4.574465e-16 
 1094.000  4.252604e+01  8.116740e+00 -7.226176e-16 
 1095.000  4.624616e+01  8.806484e+00  6.237753e-16 
 1096.000  4.618940e+01  8.781281e+00 -1.315029e-15 
 1097.000  4.484309e+01  8.541943e+00  3.655280e-16 
 1098.000  3.674537e+01  7.297606e+00  4.307420e-16 
 1099.000  3.106581e+01  6.446334e+00 -1.401787e-16 
 1100.000  3.194084e+01  6.599067e+00 -3.105177e-16 
