  400.000  5.621078e+02  3.181605e+02  5.043647e-14 
  401.000  5.601841e+02  3.137623e+02  3.643304e-14 
  402.000  5.952159e+02  3.299281e+02 -8.163685e-14 
  403.000  5.588826e+02  3.065989e+02 -1.873249e-14 
  404.000  6.020635e+02  3.269089e+02 -8.271413e-14 
  405.000  5.534565e+02  2.974597e+02  3.943121e-14 
  406.000  5.505747e+02  2.929230e+02  8.545959e-14 
  407.000  5.374663e+02  2.830814e+02 -3.375673e-14 
  408.000  5.835805e+02  3.043070e+02  5.196267e-15 
  409.000  6.473824e+02  3.342332e+02  8.819800e-14 
  410.000  5.424125e+02  2.772826e+02  1.007500e-13 
  411.000  6.382968e+02  3.231065e+02  4.511454e-14 
  412.000  6.627438e+02  3.322181e+02  2.265770e-13 
  413.000  6.273258e+02  3.114272e+02  2.507648e-14 
  414.000  6.169092e+02  3.033069e+02  5.464586e-14 
  415.000  6.592255e+02  3.210235e+02  2.769045e-13 
  416.000  6.564487e+02  3.166398e+02  1.766036e-13 
  417.000  6.376575e+02  3.046758e+02  1.889758e-15 
  418.000  6.249183e+02  2.957904e+02  8.228641e-14 
  419.000  6.413911e+02  3.007576e+02  4.599160e-15 
  420.000  5.438458e+02  2.526545e+02 -2.942672e-14 
  421.000  6.825659e+02  3.141824e+02 -2.384809e-13 
  422.000  6.551577e+02  2.988114e+02  1.265653e-13 
  423.000  5.542535e+02  2.504954e+02  9.609037e-15 
  424.000  6.106627e+02  2.734991e+02  1.683601e-14 
  425.000  6.334920e+02  2.811734e+02 -2.273890e-13 
  426.000  6.099445e+02  2.683025e+02 -2.713378e-14 
  427.000  5.876332e+02  2.561920e+02  7.398360e-14 
  428.000  5.959633e+02  2.575291e+02 -4.384185e-14 
  429.000  5.430283e+02  2.325944e+02  6.385744e-14 
  430.000  4.339871e+02  1.842654e+02 -2.541004e-14 
  431.000  3.907798e+02  1.644801e+02  9.196802e-15 
  432.000  7.044530e+02  2.939467e+02  1.932627e-14 
  433.000  6.279841e+02  2.597897e+02  3.058497e-14 
  434.000  5.977373e+02  2.451676e+02 -4.219707e-14 
  435.000  6.512554e+02  2.648527e+02  1.558184e-13 
  436.000  7.231667e+02  2.916160e+02  1.838629e-14 
  437.000  7.311656e+02  2.923668e+02  5.387497e-14 
  438.000  6.558757e+02  2.600711e+02 -6.106893e-15 
  439.000  6.355420e+02  2.499166e+02 -5.895121e-15 
  440.000  7.132748e+02  2.781646e+02  3.435891e-14 
  441.000  7.119086e+02  2.753471e+02  6.232922e-14 
  442.000  7.507687e+02  2.879972e+02  5.198726e-14 
  443.000  7.567710e+02  2.879300e+02  6.203509e-14 
  444.000  7.528208e+02  2.840981e+02 -8.379516e-14 
  445.000  7.928827e+02  2.967903e+02  2.602851e-13 
  446.000  7.066581e+02  2.623728e+02 -4.587141e-14 
  447.000  8.069677e+02  2.972286e+02  1.614437e-13 
  448.000  8.214553e+02  3.002087e+02  1.123615e-13 
  449.000  8.281038e+02  3.003075e+02 -9.367426e-14 
  450.000  8.472206e+02  3.048794e+02 -6.922240e-15 
  451.000  9.167269e+02  3.273570e+02  2.126965e-13 
  452.000  8.532299e+02  3.023433e+02  3.677732e-13 
  453.000  7.929585e+02  2.788343e+02  3.328007e-14 
  454.000  8.463897e+02  2.953508e+02  5.683394e-14 
  455.000  8.532829e+02  2.954921e+02  3.123701e-14 
  456.000  8.749418e+02  3.006925e+02  1.506071e-13 
  457.000  8.808272e+02  3.004342e+02  5.445462e-14 
  458.000  8.662933e+02  2.932609e+02 -2.041789e-13 
  459.000  8.671293e+02  2.913490e+02 -1.109701e-13 
  460.000  8.605085e+02  2.869751e+02 -1.306410e-13 
  461.000  8.926578e+02  2.954950e+02 -7.382912e-14 
  462.000  8.790412e+02  2.888431e+02  9.990949e-14 
  463.000  8.801716e+02  2.870923e+02  1.287385e-13 
  464.000  8.839562e+02  2.862352e+02  1.008968e-14 
  465.000  8.719038e+02  2.802913e+02  1.161818e-13 
  466.000  9.003822e+02  2.873594e+02 -9.572381e-15 
  467.000  8.694081e+02  2.754765e+02 -1.492553e-13 
  468.000  9.211673e+02  2.897673e+02 -1.025622e-13 
  469.000  9.137978e+02  2.853590e+02  5.107754e-14 
  470.000  9.018602e+02  2.795713e+02  4.365004e-14 
  471.000  9.008254e+02  2.771925e+02  1.136621e-14 
  472.000  9.123823e+02  2.786695e+02  3.349413e-14 
  473.000  9.029290e+02  2.737236e+02  4.948643e-14 
  474.000  9.106163e+02  2.739796e+02 -1.441562e-13 
  475.000  9.476928e+02  2.829092e+02 -2.314416e-14 
  476.000  9.186613e+02  2.720225e+02 -1.534304e-13 
  477.000  9.104296e+02  2.674920e+02  1.415181e-13 
  478.000  9.561617e+02  2.791356e+02 -8.872325e-14 
  479.000  9.136840e+02  2.652268e+02  1.492300e-13 
  480.000  9.326671e+02  2.692607e+02  3.029733e-13 
  481.000  9.278613e+02  2.663521e+02  1.088757e-13 
  482.000  9.480830e+02  2.705521e+02  2.184141e-13 
  483.000  9.498016e+02  2.693908e+02  8.479676e-14 
  484.000  9.139021e+02  2.575824e+02  3.477455e-14 
  485.000  9.212260e+02  2.579912e+02 -8.243737e-14 
  486.000  7.473997e+02  2.079704e+02  2.122160e-14 
  487.000  8.405760e+02  2.323979e+02 -1.167493e-13 
  488.000  9.132573e+02  2.508732e+02 -1.781713e-14 
  489.000  8.494753e+02  2.318596e+02  6.833848e-15 
  490.000  9.676760e+02  2.624392e+02  1.910808e-13 
  491.000  9.060641e+02  2.441642e+02 -7.864860e-15 
  492.000  8.712325e+02  2.332851e+02  7.435267e-14 
  493.000  9.388934e+02  2.498126e+02  3.423601e-13 
  494.000  9.075648e+02  2.399534e+02 -1.253661e-13 
  495.000  9.707639e+02  2.550533e+02  6.500472e-14 
  496.000  9.460062e+02  2.469893e+02 -1.191488e-14 
  497.000  9.182129e+02  2.382386e+02 -2.976667e-14 
  498.000  8.970423e+02  2.313020e+02  6.752294e-14 
  499.000  8.953906e+02  2.294474e+02 -5.315469e-14 
  500.000  8.919561e+02  2.271599e+02 -4.347926e-14 
  501.000  8.724483e+02  2.208265e+02  8.034015e-15 
  502.000  8.672152e+02  2.181611e+02 -1.145309e-13 
  503.000  9.194213e+02  2.298886e+02 -5.007174e-14 
  504.000  8.558945e+02  2.127082e+02 -4.712195e-14 
  505.000  9.236557e+02  2.281617e+02  9.073751e-15 
  506.000  9.893324e+02  2.429313e+02  9.375878e-14 
  507.000  9.209843e+02  2.248104e+02 -2.889489e-13 
  508.000  8.836952e+02  2.144391e+02 -3.469482e-15 
  509.000  9.534126e+02  2.300011e+02  6.627122e-14 
  510.000  9.242656e+02  2.216665e+02 -1.360884e-13 
  511.000  9.249807e+02  2.205450e+02 -2.214413e-14 
  512.000  9.712742e+02  2.302389e+02  1.123722e-13 
  513.000  8.893492e+02  2.096013e+02  4.878634e-14 
  514.000  8.710842e+02  2.041159e+02 -3.928494e-14 
  515.000  8.896890e+02  2.072818e+02  1.281880e-13 
  516.000  9.349297e+02  2.165755e+02  1.500462e-14 
  517.000  6.889624e+02  1.586838e+02  1.901142e-14 
  518.000  8.532965e+02  1.954131e+02  6.345497e-14 
  519.000  8.087202e+02  1.841532e+02 -4.401611e-14 
  520.000  8.907075e+02  2.016765e+02 -1.099427e-13 
  521.000  8.915177e+02  2.007208e+02 -1.308718e-14 
  522.000  9.272017e+02  2.075755e+02 -3.493310e-14 
  523.000  8.640065e+02  1.923302e+02  2.591924e-14 
  524.000  9.376970e+02  2.075567e+02 -5.917765e-14 
  525.000  9.304678e+02  2.047946e+02  1.748498e-13 
  526.000  8.870140e+02  1.941438e+02  9.148382e-14 
  527.000  7.750742e+02  1.686966e+02 -3.352112e-14 
  528.000  9.311258e+02  2.015342e+02  1.426803e-13 
  529.000  9.578269e+02  2.061656e+02 -3.347344e-14 
  530.000  9.053141e+02  1.937904e+02  8.107744e-14 
  531.000  9.857065e+02  2.098449e+02 -1.376920e-13 
  532.000  9.406364e+02  1.991672e+02  1.730838e-14 
  533.000  8.264572e+02  1.740617e+02  8.903515e-14 
  534.000  8.990487e+02  1.883689e+02 -8.079416e-14 
  535.000  9.176498e+02  1.912868e+02 -5.786417e-15 
  536.000  9.740981e+02  2.020208e+02 -5.162746e-14 
  537.000  9.040657e+02  1.865393e+02 -1.537773e-14 
  538.000  9.467083e+02  1.943360e+02 -1.197708e-15 
  539.000  9.439177e+02  1.927689e+02  4.983958e-14 
  540.000  9.240706e+02  1.877474e+02 -6.373246e-15 
  541.000  8.476548e+02  1.713406e+02 -8.400978e-14 
  542.000  9.458931e+02  1.902216e+02  3.556952e-14 
  543.000  9.051052e+02  1.810918e+02 -6.287638e-14 
  544.000  9.550009e+02  1.901021e+02 -6.628218e-14 
  545.000  9.411202e+02  1.863877e+02 -5.234770e-14 
  546.000  9.205267e+02  1.813863e+02  4.043515e-15 
  547.000  9.599891e+02  1.882100e+02 -8.383710e-14 
  548.000  8.910496e+02  1.738174e+02  7.887200e-14 
  549.000  9.381120e+02  1.820834e+02  8.356046e-14 
  550.000  9.179609e+02  1.772833e+02  1.772077e-14 
  551.000  9.127790e+02  1.754016e+02  9.144198e-14 
  552.000  9.527235e+02  1.821672e+02 -1.196783e-13 
  553.000  9.159660e+02  1.742691e+02  2.390840e-14 
  554.000  9.464783e+02  1.791826e+02  2.469342e-14 
  555.000  9.497321e+02  1.789114e+02  1.591870e-14 
  556.000  9.241260e+02  1.732310e+02 -7.457548e-14 
  557.000  8.972381e+02  1.673620e+02 -1.492046e-13 
  558.000  9.318701e+02  1.729675e+02  0.000000e+00 
  559.000  8.813291e+02  1.627835e+02 -1.082242e-13 
  560.000  8.856821e+02  1.627821e+02  1.316878e-14 
  561.000  9.739005e+02  1.781126e+02 -2.222186e-13 
  562.000  8.941675e+02  1.626826e+02 -2.229967e-15 
  563.000  9.359050e+02  1.694293e+02  9.173967e-14 
  564.000  9.230540e+02  1.662606e+02  1.483563e-13 
  565.000  9.341440e+02  1.673806e+02  1.740555e-14 
  566.000  8.615776e+02  1.536094e+02  8.566689e-15 
  567.000  9.237154e+02  1.637326e+02  1.609394e-14 
  568.000  9.182377e+02  1.614073e+02  3.654039e-14 
  569.000  8.923203e+02  1.551617e+02 -9.891498e-15 
  570.000  8.985835e+02  1.556133e+02 -3.986268e-15 
  571.000  8.725988e+02  1.510220e+02 -4.602750e-14 
  572.000  9.170358e+02  1.572743e+02 -4.230207e-15 
  573.000  9.284846e+02  1.585367e+02  4.409590e-15 
  574.000  9.242151e+02  1.571194e+02  2.572756e-14 
  575.000  9.016152e+02  1.524924e+02 -2.339334e-14 
  576.000  8.856509e+02  1.490730e+02 -2.045468e-14 
  577.000  9.247147e+02  1.551620e+02 -4.574731e-14 
  578.000  9.005244e+02  1.507234e+02  5.645708e-14 
  579.000  8.960726e+02  1.495423e+02 -1.314753e-14 
  580.000  9.292986e+02  1.546011e+02 -5.399528e-14 
  581.000  9.157349e+02  1.519978e+02  2.970101e-14 
  582.000  9.316978e+02  1.541542e+02  2.406746e-14 
  583.000  9.396246e+02  1.548561e+02 -3.919164e-14 
  584.000  9.378974e+02  1.539500e+02 -5.110867e-14 
  585.000  9.327534e+02  1.524606e+02 -5.470741e-14 
  586.000  8.936106e+02  1.454450e+02 -6.214837e-14 
  587.000  9.266031e+02  1.497691e+02  4.257064e-15 
  588.000  9.065008e+02  1.448197e+02 -6.805615e-14 
  589.000  7.884566e+02  1.244006e+02  1.044344e-15 
  590.000  8.227655e+02  1.292083e+02  2.262882e-14 
  591.000  8.866462e+02  1.393417e+02  2.197374e-14 
  592.000  8.640932e+02  1.348493e+02  7.752633e-15 
  593.000  8.870208e+02  1.387332e+02  6.262945e-14 
  594.000  8.927485e+02  1.388080e+02  2.066480e-14 
  595.000  8.669430e+02  1.336392e+02  2.555481e-14 
  596.000  9.024735e+02  1.394456e+02 -6.474066e-15 
  597.000  9.028760e+02  1.387065e+02 -3.854804e-14 
  598.000  8.903962e+02  1.366575e+02  2.440593e-14 
  599.000  8.934398e+02  1.367622e+02 -2.262012e-14 
  600.000  8.990707e+02  1.375536e+02 -4.254214e-14 
  601.000  8.978141e+02  1.371479e+02  8.145033e-15 
  602.000  8.896066e+02  1.354876e+02  2.200164e-14 
  603.000  8.966752e+02  1.361514e+02  3.775707e-14 
  604.000  9.266932e+02  1.402559e+02 -5.585984e-16 
  605.000  9.255661e+02  1.395773e+02  7.809452e-14 
  606.000  9.156849e+02  1.375430e+02 -3.338701e-14 
  607.000  9.113668e+02  1.363535e+02  4.512620e-14 
  608.000  9.088074e+02  1.354290e+02  1.407998e-13 
  609.000  9.002219e+02  1.336133e+02  1.615197e-15 
  610.000  8.865242e+02  1.310552e+02  1.132731e-13 
  611.000  9.016325e+02  1.327566e+02 -1.663964e-13 
  612.000  8.905913e+02  1.306076e+02 -5.751460e-14 
  613.000  8.782475e+02  1.282826e+02 -8.321027e-15 
  614.000  8.471619e+02  1.232469e+02  1.301291e-14 
  615.000  8.883862e+02  1.287291e+02 -6.870904e-14 
  616.000  8.452745e+02  1.219929e+02 -5.009101e-16 
  617.000  8.506064e+02  1.222696e+02  1.452926e-14 
  618.000  8.912456e+02  1.275938e+02 -4.773520e-14 
  619.000  8.835222e+02  1.259722e+02  3.065282e-14 
  620.000  8.969907e+02  1.273689e+02 -5.296637e-16 
  621.000  9.127763e+02  1.290748e+02 -4.393923e-14 
  622.000  8.648881e+02  1.217928e+02 -6.595792e-15 
  623.000  8.718101e+02  1.222462e+02  6.132958e-15 
  624.000  8.729260e+02  1.218864e+02  1.536665e-14 
  625.000  8.493952e+02  1.180985e+02  4.932020e-14 
  626.000  8.532665e+02  1.180713e+02 -2.855470e-14 
  627.000  8.637438e+02  1.185514e+02  1.226453e-14 
  628.000  8.387833e+02  1.134964e+02 -1.489410e-14 
  629.000  8.675425e+02  1.175162e+02  1.849582e-15 
  630.000  8.426194e+02  1.139927e+02  1.644079e-15 
  631.000  8.765935e+02  1.183886e+02  6.627182e-15 
  632.000  8.144777e+02  1.093632e+02  7.020445e-15 
  633.000  8.797667e+02  1.181322e+02  2.610549e-14 
  634.000  8.557615e+02  1.146712e+02  3.124196e-14 
  635.000  8.723483e+02  1.164827e+02 -3.303252e-15 
  636.000  8.432593e+02  1.122949e+02  3.476132e-14 
  637.000  8.725422e+02  1.158440e+02 -5.656034e-14 
  638.000  8.889800e+02  1.178427e+02  8.591841e-14 
  639.000  8.825635e+02  1.165875e+02 -6.333533e-14 
  640.000  8.566411e+02  1.128775e+02  3.478491e-14 
  641.000  8.697896e+02  1.142036e+02 -5.361628e-14 
  642.000  8.607380e+02  1.126940e+02  5.585719e-14 
  643.000  8.750635e+02  1.139985e+02 -1.062685e-13 
  644.000  8.656548e+02  1.123695e+02 -8.280175e-14 
  645.000  8.716472e+02  1.125052e+02 -9.260564e-14 
  646.000  8.302748e+02  1.061265e+02 -2.873784e-14 
  647.000  8.359232e+02  1.060811e+02  7.075787e-15 
  648.000  8.279684e+02  1.043490e+02  4.133262e-14 
  649.000  8.509318e+02  1.071650e+02 -2.775588e-14 
  650.000  7.997968e+02  1.010683e+02 -7.764383e-15 
  651.000  8.619618e+02  1.085337e+02  3.606820e-16 
  652.000  8.356485e+02  1.042039e+02 -2.304477e-14 
  653.000  8.647948e+02  1.082346e+02 -5.329422e-14 
  654.000  8.526345e+02  1.062380e+02 -1.914522e-14 
  655.000  8.264050e+02  1.023221e+02  1.191889e-14 
  656.000  7.032060e+02  8.684320e+01  1.388631e-14 
  657.000  7.529406e+02  9.279978e+01  5.159300e-14 
  658.000  8.430036e+02  1.038335e+02 -1.995394e-15 
  659.000  8.476035e+02  1.041659e+02 -1.430415e-14 
  660.000  8.556919e+02  1.048924e+02  3.503269e-14 
  661.000  8.628366e+02  1.057002e+02  0.000000e+00 
  662.000  8.769698e+02  1.071908e+02 -3.553533e-14 
  663.000  8.673696e+02  1.056183e+02  6.737346e-15 
  664.000  8.544955e+02  1.037398e+02  4.780241e-14 
  665.000  8.590053e+02  1.039642e+02  2.468808e-14 
  666.000  8.702924e+02  1.050208e+02 -7.972147e-14 
  667.000  8.537902e+02  1.027126e+02 -4.562754e-14 
  668.000  8.595892e+02  1.031097e+02 -5.531692e-14 
  669.000  8.726149e+02  1.043394e+02  1.964499e-14 
  670.000  8.627618e+02  1.028261e+02 -8.283369e-14 
  671.000  8.542411e+02  1.014843e+02 -8.705398e-14 
  672.000  8.520076e+02  1.008886e+02  8.719962e-14 
  673.000  8.586516e+02  1.013435e+02 -2.065730e-14 
  674.000  8.608531e+02  1.012723e+02 -2.163323e-14 
  675.000  8.482291e+02  9.946327e+01 -9.268102e-15 
  676.000  8.647531e+02  1.010712e+02  8.765821e-14 
  677.000  8.480457e+02  9.879719e+01 -1.571161e-14 
  678.000  8.625730e+02  1.001650e+02  2.627234e-14 
  679.000  8.507775e+02  9.846831e+01 -7.675079e-14 
  680.000  8.442158e+02  9.734820e+01 -1.238656e-14 
  681.000  8.451289e+02  9.709132e+01  5.742666e-14 
  682.000  8.435645e+02  9.658247e+01 -1.058962e-13 
  683.000  8.493593e+02  9.690396e+01  9.735852e-14 
  684.000  8.336215e+02  9.472131e+01  5.890667e-15 
  685.000  8.439818e+02  9.564237e+01 -6.596605e-14 
  686.000  8.053306e+02  9.078790e+01 -6.594176e-15 
  687.000  6.893544e+02  7.542482e+01  1.841433e-14 
  688.000  7.268488e+02  7.968301e+01  8.487921e-15 
  689.000  7.178348e+02  7.831574e+01  4.343570e-14 
  690.000  7.408439e+02  8.079655e+01 -1.079638e-14 
  691.000  7.678577e+02  8.381998e+01  2.029555e-14 
  692.000  7.748103e+02  8.448605e+01  3.018777e-14 
  693.000  7.637212e+02  8.260939e+01  8.348038e-15 
  694.000  7.538172e+02  8.095584e+01 -6.781264e-16 
  695.000  7.533773e+02  8.084843e+01 -9.929334e-15 
  696.000  7.699350e+02  8.251200e+01  1.390821e-14 
  697.000  8.062285e+02  8.709862e+01  1.177137e-14 
  698.000  7.840723e+02  8.418610e+01 -2.317579e-14 
  699.000  7.672284e+02  8.137582e+01  1.516695e-14 
  700.000  7.634100e+02  8.080750e+01  1.709724e-14 
  701.000  7.395994e+02  7.792078e+01 -2.373119e-14 
  702.000  7.410102e+02  7.791654e+01  6.988056e-15 
  703.000  7.771918e+02  8.207264e+01 -9.402643e-15 
  704.000  7.806681e+02  8.221649e+01  5.648225e-14 
  705.000  7.760452e+02  8.119836e+01  8.474144e-15 
  706.000  7.700124e+02  8.037054e+01  1.054103e-14 
  707.000  7.622690e+02  7.941305e+01  4.490661e-15 
  708.000  7.886937e+02  8.202702e+01  4.629150e-15 
  709.000  7.689842e+02  7.997939e+01  1.007770e-14 
  710.000  7.779123e+02  8.039574e+01 -2.703640e-14 
  711.000  7.791986e+02  8.054891e+01  8.594786e-15 
  712.000  7.760627e+02  8.023856e+01  1.014851e-15 
  713.000  7.667179e+02  7.881718e+01 -2.276935e-14 
  714.000  7.776475e+02  7.962422e+01  1.968539e-14 
  715.000  7.405727e+02  7.531399e+01  9.986108e-15 
  716.000  7.491866e+02  7.568909e+01  5.662517e-15 
  717.000  6.637363e+02  6.593534e+01 -2.203743e-15 
  718.000  6.205079e+02  6.077550e+01 -4.995694e-15 
  719.000  5.993579e+02  5.821585e+01  2.379528e-15 
  720.000  5.831168e+02  5.600930e+01 -6.735010e-15 
  721.000  6.748624e+02  6.644521e+01 -3.908762e-16 
  722.000  7.190874e+02  7.106014e+01 -5.843885e-15 
  723.000  6.979036e+02  6.850555e+01 -1.363764e-14 
  724.000  6.471303e+02  6.263097e+01 -8.492224e-15 
  725.000  6.478735e+02  6.263504e+01  3.221828e-16 
  726.000  6.442726e+02  6.207365e+01  5.846781e-15 
  727.000  6.615883e+02  6.367992e+01  2.463664e-15 
  728.000  6.420750e+02  6.150719e+01  1.960471e-15 
  729.000  6.364124e+02  6.108264e+01  2.051835e-16 
  730.000  6.565095e+02  6.280281e+01  6.644501e-15 
  731.000  6.416084e+02  6.116375e+01 -1.360279e-15 
  732.000  6.887763e+02  6.591739e+01 -9.689612e-15 
  733.000  7.120240e+02  6.843530e+01  7.954796e-15 
  734.000  7.435120e+02  7.160593e+01  3.858575e-15 
  735.000  7.318569e+02  7.016338e+01 -4.768604e-15 
  736.000  7.077849e+02  6.747371e+01  8.782559e-15 
  737.000  7.252835e+02  6.909420e+01  1.207548e-15 
  738.000  7.345071e+02  7.001377e+01  4.486603e-15 
  739.000  7.154666e+02  6.812225e+01  3.266526e-15 
  740.000  7.327193e+02  6.986558e+01  1.178065e-14 
  741.000  7.329526e+02  6.988814e+01 -1.098416e-15 
  742.000  7.234441e+02  6.887424e+01 -7.653626e-15 
  743.000  7.502700e+02  7.141579e+01 -2.374036e-14 
  744.000  7.599722e+02  7.224741e+01 -2.874503e-14 
  745.000  7.421790e+02  7.044057e+01 -2.877338e-14 
  746.000  7.540999e+02  7.143627e+01 -2.127579e-14 
  747.000  7.662848e+02  7.239851e+01  3.921751e-14 
  748.000  7.534616e+02  7.104040e+01  4.358818e-14 
  749.000  7.543074e+02  7.094476e+01 -1.060168e-14 
  750.000  7.429315e+02  6.965640e+01  5.806737e-15 
  751.000  7.413018e+02  6.931524e+01 -1.080668e-14 
  752.000  7.538580e+02  7.034288e+01 -7.208724e-14 
  753.000  7.472579e+02  6.955086e+01  4.345596e-14 
  754.000  7.593776e+02  7.049553e+01  4.729929e-14 
  755.000  7.553011e+02  6.992887e+01 -2.351175e-14 
  756.000  7.408021e+02  6.840342e+01 -3.380189e-14 
  757.000  7.464435e+02  6.873820e+01 -4.409991e-14 
  758.000  7.443986e+02  6.831480e+01 -2.203896e-14 
  759.000  6.618840e+02  5.940282e+01  1.209662e-14 
  760.000  2.163320e+02  1.720779e+01  1.420325e-16 
  761.000  1.825862e+02  1.421403e+01  1.459693e-15 
  762.000  4.046389e+02  3.386895e+01 -3.385211e-17 
  763.000  3.379724e+02  2.775830e+01 -9.399349e-16 
  764.000  3.770746e+02  3.112798e+01  5.667305e-16 
  765.000  4.694237e+02  3.952992e+01 -6.677027e-16 
  766.000  5.555021e+02  4.841158e+01  1.813177e-14 
  767.000  6.201459e+02  5.433150e+01 -2.053827e-15 
  768.000  6.832233e+02  6.014259e+01 -3.641023e-14 
  769.000  7.060665e+02  6.245910e+01  3.334457e-14 
  770.000  7.147770e+02  6.334596e+01  2.726006e-14 
  771.000  7.214807e+02  6.394308e+01 -5.777364e-14 
  772.000  7.202171e+02  6.370744e+01 -6.977916e-14 
  773.000  7.180118e+02  6.336435e+01  1.626223e-14 
  774.000  7.264041e+02  6.395657e+01 -7.876675e-14 
  775.000  6.996255e+02  6.145224e+01 -1.616872e-14 
  776.000  7.288616e+02  6.386428e+01 -4.187828e-14 
  777.000  7.239915e+02  6.327252e+01 -2.004692e-14 
  778.000  7.201917e+02  6.277176e+01  9.972883e-14 
  779.000  7.226166e+02  6.281465e+01 -2.149657e-14 
  780.000  7.137563e+02  6.187893e+01 -7.980437e-14 
  781.000  7.131105e+02  6.168267e+01 -2.192775e-14 
  782.000  7.217727e+02  6.226537e+01  2.588384e-14 
  783.000  7.049849e+02  6.065598e+01  3.967105e-15 
  784.000  7.087447e+02  6.080542e+01 -8.173212e-14 
  785.000  7.089767e+02  6.058418e+01 -1.967720e-14 
  786.000  6.940915e+02  5.903026e+01 -1.039938e-14 
  787.000  6.983283e+02  5.901022e+01  7.429591e-15 
  788.000  6.846952e+02  5.759599e+01 -2.264045e-15 
  789.000  6.770543e+02  5.646804e+01  2.368543e-14 
  790.000  6.692680e+02  5.565088e+01 -2.027255e-14 
  791.000  6.681188e+02  5.546961e+01 -1.273643e-14 
  792.000  6.596629e+02  5.468243e+01 -1.704985e-14 
  793.000  6.638098e+02  5.502001e+01  3.271097e-15 
  794.000  6.668615e+02  5.545983e+01 -1.035283e-14 
  795.000  6.573860e+02  5.432991e+01  3.085317e-15 
  796.000  6.525123e+02  5.336782e+01 -2.029495e-15 
  797.000  6.613621e+02  5.406356e+01  4.330089e-15 
  798.000  6.721157e+02  5.508791e+01  1.651976e-15 
  799.000  6.693338e+02  5.465382e+01  2.249776e-14 
  800.000  6.447239e+02  5.232204e+01 -3.616890e-15 
  801.000  6.576823e+02  5.326281e+01  2.068778e-15 
  802.000  6.557612e+02  5.295786e+01  1.208291e-14 
  803.000  6.475406e+02  5.219121e+01  1.016672e-14 
  804.000  6.569988e+02  5.291245e+01  1.573251e-14 
  805.000  6.456407e+02  5.205466e+01  9.684053e-15 
  806.000  6.672297e+02  5.379000e+01  2.869292e-15 
  807.000  6.635214e+02  5.336512e+01  1.296566e-14 
  808.000  6.572885e+02  5.266172e+01  1.585638e-14 
  809.000  6.434919e+02  5.134742e+01  1.786155e-14 
  810.000  6.376246e+02  5.066970e+01 -1.503908e-14 
  811.000  6.415269e+02  5.069761e+01 -1.686047e-15 
  812.000  6.307523e+02  4.954431e+01  1.380854e-14 
  813.000  6.175328e+02  4.821061e+01 -9.680042e-15 
  814.000  6.027048e+02  4.675859e+01 -2.199505e-14 
  815.000  5.789408e+02  4.463160e+01 -2.206975e-15 
  816.000  5.520412e+02  4.228039e+01  2.571108e-15 
  817.000  5.565552e+02  4.252502e+01 -6.454848e-15 
  818.000  5.549727e+02  4.231670e+01  4.910146e-15 
  819.000  5.471854e+02  4.168824e+01  3.264814e-15 
  820.000  5.601204e+02  4.277265e+01  2.445062e-15 
  821.000  6.068419e+02  4.658452e+01  5.616967e-15 
  822.000  5.690352e+02  4.331245e+01 -4.453403e-15 
  823.000  5.192476e+02  3.897229e+01  1.636962e-15 
  824.000  5.763303e+02  4.358039e+01  7.801477e-15 
  825.000  6.076661e+02  4.624153e+01 -1.813093e-15 
  826.000  6.061711e+02  4.594344e+01  1.032653e-14 
  827.000  6.001779e+02  4.532558e+01  7.039044e-15 
  828.000  5.779094e+02  4.331889e+01 -5.613257e-15 
  829.000  5.852335e+02  4.383545e+01 -1.289703e-15 
  830.000  5.844123e+02  4.376567e+01  4.230743e-15 
  831.000  5.761868e+02  4.307643e+01 -1.075272e-14 
  832.000  5.890042e+02  4.395243e+01 -1.216834e-14 
  833.000  5.754669e+02  4.290860e+01 -5.516280e-15 
  834.000  5.896553e+02  4.395318e+01  3.758703e-15 
  835.000  6.016230e+02  4.494934e+01  2.230997e-15 
  836.000  6.052857e+02  4.504995e+01 -1.103625e-14 
  837.000  6.000283e+02  4.455183e+01 -2.767442e-15 
  838.000  6.074313e+02  4.510609e+01 -6.168700e-15 
  839.000  5.915583e+02  4.389729e+01  3.878049e-15 
  840.000  6.085839e+02  4.508428e+01  6.223779e-15 
  841.000  6.070323e+02  4.478819e+01  1.306417e-14 
  842.000  6.061938e+02  4.469413e+01 -1.176179e-14 
  843.000  6.088099e+02  4.497073e+01  1.362927e-14 
  844.000  6.017679e+02  4.444262e+01  9.975010e-16 
  845.000  6.123713e+02  4.516856e+01  2.177019e-14 
  846.000  6.193445e+02  4.562919e+01 -1.115839e-14 
  847.000  5.994897e+02  4.411011e+01 -1.676263e-14 
  848.000  6.147695e+02  4.504910e+01 -3.526535e-15 
  849.000  6.162869e+02  4.506861e+01 -1.950182e-14 
  850.000  5.318279e+02  3.876547e+01 -1.406995e-15 
  851.000  6.078860e+02  4.415891e+01  1.306861e-15 
  852.000  5.850408e+02  4.240771e+01  1.477488e-14 
  853.000  5.941977e+02  4.305512e+01 -1.093809e-14 
  854.000  4.776732e+02  3.453027e+01 -1.888235e-15 
  855.000  5.269121e+02  3.804122e+01  2.341744e-15 
  856.000  6.002123e+02  4.332016e+01 -3.950396e-15 
  857.000  6.108181e+02  4.403016e+01  2.191319e-14 
  858.000  6.015714e+02  4.328788e+01 -2.580347e-14 
  859.000  6.025811e+02  4.331170e+01  0.000000e+00 
  860.000  5.977755e+02  4.289413e+01 -8.108421e-15 
  861.000  5.978204e+02  4.280363e+01  5.411833e-15 
  862.000  5.962268e+02  4.260862e+01  5.392550e-15 
  863.000  6.077405e+02  4.333629e+01  3.065308e-16 
  864.000  6.068040e+02  4.318313e+01  5.112094e-14 
  865.000  5.957354e+02  4.230914e+01  3.579844e-15 
  866.000  4.998044e+02  3.541897e+01 -6.061211e-14 
  867.000  5.322747e+02  3.763488e+01  2.613734e-14 
  868.000  5.773643e+02  4.073368e+01  8.099033e-15 
  869.000  5.693886e+02  4.008465e+01  3.736647e-14 
  870.000  5.929078e+02  4.164615e+01  1.366663e-14 
  871.000  5.921937e+02  4.150674e+01 -8.899200e-15 
  872.000  5.900145e+02  4.126907e+01  3.750648e-14 
  873.000  5.923234e+02  4.133325e+01  1.275294e-14 
  874.000  5.793431e+02  4.033543e+01 -1.741032e-14 
  875.000  5.740677e+02  3.987976e+01  7.758745e-15 
  876.000  5.787367e+02  4.010747e+01  2.029153e-14 
  877.000  5.902880e+02  4.081511e+01  3.460452e-14 
  878.000  5.796203e+02  3.996046e+01 -8.770304e-16 
  879.000  5.810298e+02  3.996964e+01  8.749035e-15 
  880.000  5.772119e+02  3.959509e+01 -8.704201e-15 
  881.000  5.470353e+02  3.743114e+01 -8.254799e-15 
  882.000  5.770388e+02  3.938512e+01  4.181823e-14 
  883.000  5.642017e+02  3.843863e+01 -1.248332e-14 
  884.000  5.691634e+02  3.869810e+01  1.201283e-14 
  885.000  5.740767e+02  3.889800e+01  0.000000e+00 
  886.000  5.539191e+02  3.738488e+01  6.028180e-15 
  887.000  5.493947e+02  3.705026e+01  1.275361e-14 
  888.000  5.658344e+02  3.807368e+01 -2.141633e-15 
  889.000  5.700232e+02  3.828872e+01  7.754373e-15 
  890.000  5.673803e+02  3.798931e+01  4.012565e-15 
  891.000  5.625157e+02  3.752130e+01  3.566443e-15 
  892.000  5.560810e+02  3.687227e+01  1.853027e-15 
  893.000  5.209135e+02  3.414944e+01 -1.530081e-15 
  894.000  5.308354e+02  3.459744e+01 -2.558681e-15 
  895.000  4.821753e+02  3.112662e+01 -4.454357e-15 
  896.000  4.776338e+02  3.062203e+01  7.891372e-17 
  897.000  4.427125e+02  2.817009e+01  7.906965e-16 
  898.000  4.324319e+02  2.736811e+01  1.544298e-15 
  899.000  4.020049e+02  2.508049e+01 -1.343130e-15 
  900.000  3.960447e+02  2.470404e+01  5.945676e-16 
  901.000  3.803094e+02  2.358320e+01 -8.866502e-17 
  902.000  3.748161e+02  2.322005e+01 -3.625922e-16 
  903.000  4.452433e+02  2.801760e+01 -4.799504e-16 
  904.000  4.838326e+02  3.055634e+01  1.920015e-16 
  905.000  4.815260e+02  3.035168e+01  4.391581e-15 
  906.000  4.491227e+02  2.815668e+01  2.108369e-15 
  907.000  4.222199e+02  2.620383e+01  9.018655e-16 
  908.000  3.892545e+02  2.387989e+01 -4.391696e-16 
  909.000  3.834596e+02  2.348323e+01  5.762094e-16 
  910.000  3.912392e+02  2.394781e+01  4.106493e-16 
  911.000  4.043594e+02  2.485171e+01 -2.920938e-16 
  912.000  3.983790e+02  2.436821e+01  1.050758e-15 
  913.000  3.777513e+02  2.270215e+01  5.571389e-16 
  914.000  3.900065e+02  2.358762e+01 -9.202927e-16 
  915.000  3.947091e+02  2.396701e+01  1.749554e-15 
  916.000  4.028523e+02  2.445110e+01 -1.050412e-15 
  917.000  4.030048e+02  2.448100e+01  3.221068e-15 
  918.000  4.092805e+02  2.489052e+01 -2.251748e-15 
  919.000  4.435556e+02  2.710559e+01 -3.337939e-15 
  920.000  4.615750e+02  2.827014e+01 -4.379988e-15 
  921.000  4.468213e+02  2.729378e+01  6.565177e-15 
  922.000  4.424810e+02  2.697487e+01  7.216886e-16 
  923.000  4.182258e+02  2.541804e+01 -1.756291e-15 
  924.000  4.216813e+02  2.550921e+01  1.179873e-15 
  925.000  4.259532e+02  2.569679e+01 -2.154618e-15 
  926.000  4.099274e+02  2.464458e+01 -2.671369e-15 
  927.000  4.081658e+02  2.436588e+01 -9.032123e-16 
  928.000  3.849695e+02  2.268686e+01  3.073433e-17 
  929.000  3.442196e+02  1.981141e+01 -5.395817e-16 
  930.000  3.007757e+02  1.685826e+01 -2.158141e-17 
  931.000  2.561522e+02  1.407217e+01  2.055570e-16 
  932.000  1.996781e+02  1.071223e+01 -5.648151e-17 
  933.000  1.645244e+02  8.667252e+00 -1.653664e-16 
  934.000  1.303767e+02  6.716731e+00  6.637208e-18 
  935.000  1.249840e+02  6.410125e+00 -3.009115e-17 
  936.000  1.358736e+02  7.010602e+00 -2.459185e-17 
  937.000  1.360808e+02  6.996008e+00 -1.280875e-17 
  938.000  1.720392e+02  9.025650e+00 -2.855297e-17 
  939.000  2.871256e+02  1.563606e+01  1.126442e-16 
  940.000  3.047677e+02  1.673244e+01 -1.999981e-16 
  941.000  2.823226e+02  1.535259e+01 -1.811782e-16 
  942.000  2.357633e+02  1.262029e+01 -2.085963e-16 
  943.000  1.906283e+02  1.000515e+01 -1.003224e-17 
  944.000  1.815110e+02  9.489630e+00 -5.630700e-17 
  945.000  2.025002e+02  1.063287e+01  5.156582e-18 
  946.000  2.066260e+02  1.083890e+01  1.024000e-16 
  947.000  2.241249e+02  1.181135e+01  1.037238e-16 
  948.000  2.368023e+02  1.250179e+01 -1.042424e-17 
  949.000  2.364175e+02  1.246207e+01 -2.018355e-16 
  950.000  2.378826e+02  1.253007e+01 -8.830135e-17 
  951.000  2.622153e+02  1.390401e+01 -8.760693e-17 
  952.000  2.353543e+02  1.236188e+01 -1.759201e-17 
  953.000  2.540276e+02  1.340662e+01 -2.255526e-16 
  954.000  2.728484e+02  1.449668e+01  4.127563e-16 
  955.000  2.394402e+02  1.263107e+01 -9.600086e-17 
  956.000  2.523707e+02  1.329392e+01 -2.131568e-16 
  957.000  3.067119e+02  1.652984e+01 -2.761166e-16 
  958.000  3.169196e+02  1.713783e+01 -2.694478e-16 
  959.000  3.090329e+02  1.659872e+01 -2.291014e-16 
  960.000  3.037062e+02  1.626638e+01  3.450976e-17 
  961.000  2.960765e+02  1.579552e+01 -1.964249e-16 
  962.000  3.020008e+02  1.612448e+01 -1.913695e-16 
  963.000  3.328167e+02  1.808881e+01  4.187328e-16 
  964.000  3.337634e+02  1.816611e+01  8.814109e-16 
  965.000  3.350244e+02  1.817172e+01 -4.454290e-16 
  966.000  3.272668e+02  1.774492e+01  7.016857e-16 
  967.000  3.604454e+02  1.978046e+01  1.255099e-16 
  968.000  3.964937e+02  2.199896e+01 -5.091382e-16 
  969.000  4.177554e+02  2.322791e+01 -2.403967e-16 
  970.000  4.200431e+02  2.332212e+01  3.906499e-15 
  971.000  4.159217e+02  2.304888e+01  3.340561e-15 
  972.000  4.135212e+02  2.284608e+01 -1.067586e-15 
  973.000  3.975970e+02  2.187309e+01  5.091948e-16 
  974.000  3.772023e+02  2.064851e+01  6.968355e-16 
  975.000  3.699875e+02  2.016361e+01  9.120851e-16 
  976.000  3.858271e+02  2.105198e+01  1.294639e-15 
  977.000  3.945969e+02  2.157197e+01 -6.211470e-16 
  978.000  4.029111e+02  2.198471e+01  2.130645e-15 
  979.000  3.961762e+02  2.160323e+01  4.557015e-17 
  980.000  4.213081e+02  2.303413e+01 -1.790756e-15 
  981.000  4.287333e+02  2.342988e+01 -1.816809e-16 
  982.000  4.235176e+02  2.307800e+01  2.508008e-18 
  983.000  4.326512e+02  2.360963e+01  2.599534e-15 
  984.000  4.403453e+02  2.408990e+01 -4.447018e-15 
  985.000  4.462229e+02  2.444089e+01  4.132566e-17 
  986.000  4.503914e+02  2.473780e+01  3.720928e-15 
  987.000  4.589947e+02  2.522127e+01  1.143196e-14 
  988.000  4.541642e+02  2.492330e+01  1.148423e-14 
  989.000  4.489318e+02  2.459899e+01  2.681269e-15 
  990.000  4.536106e+02  2.482343e+01 -3.052857e-15 
  991.000  4.602455e+02  2.519359e+01 -9.305449e-15 
  992.000  4.568426e+02  2.497601e+01 -4.824108e-15 
  993.000  4.571638e+02  2.495238e+01  5.161851e-15 
  994.000  4.620149e+02  2.521670e+01  3.209101e-15 
  995.000  4.604061e+02  2.512176e+01 -9.555048e-15 
  996.000  4.603257e+02  2.506945e+01  2.286269e-16 
  997.000  4.597470e+02  2.496509e+01 -9.793259e-15 
  998.000  4.567934e+02  2.472835e+01 -6.581482e-15 
  999.000  4.551957e+02  2.458443e+01 -5.094575e-15 
 1000.000  4.519806e+02  2.437333e+01 -1.470994e-14 
 1001.000  4.519311e+02  2.427897e+01  6.087668e-15 
 1002.000  4.471270e+02  2.389843e+01  1.167886e-15 
 1003.000  4.429216e+02  2.364658e+01  6.041152e-15 
 1004.000  4.416118e+02  2.357609e+01 -3.766617e-15 
 1005.000  4.135092e+02  2.205378e+01  8.682647e-16 
 1006.000  4.355796e+02  2.319385e+01  1.581225e-14 
 1007.000  4.427628e+02  2.351678e+01 -2.074657e-15 
 1008.000  4.413232e+02  2.333486e+01  8.951974e-15 
 1009.000  4.342377e+02  2.284404e+01 -1.427494e-16 
 1010.000  4.378705e+02  2.302393e+01 -7.619716e-15 
 1011.000  4.402313e+02  2.318772e+01  1.384282e-16 
 1012.000  4.422083e+02  2.328271e+01 -2.916687e-15 
 1013.000  4.403311e+02  2.315988e+01 -7.990061e-15 
 1014.000  4.437864e+02  2.331163e+01 -1.431008e-15 
 1015.000  4.357293e+02  2.284828e+01 -4.430951e-15 
 1016.000  4.391409e+02  2.299834e+01  3.045362e-15 
 1017.000  4.351982e+02  2.275766e+01 -1.345963e-14 
 1018.000  4.401517e+02  2.295611e+01 -2.193393e-16 
 1019.000  4.286856e+02  2.229103e+01 -5.126066e-15 
 1020.000  4.282538e+02  2.222940e+01 -5.745759e-15 
 1021.000  4.336389e+02  2.249300e+01 -7.629029e-15 
 1022.000  4.254298e+02  2.199420e+01 -2.623083e-15 
 1023.000  4.321013e+02  2.226696e+01  2.808927e-16 
 1024.000  4.290167e+02  2.204933e+01 -6.035733e-15 
 1025.000  4.316555e+02  2.219937e+01  8.733878e-15 
 1026.000  4.333354e+02  2.226424e+01 -9.453913e-15 
 1027.000  4.302356e+02  2.205182e+01  2.146633e-16 
 1028.000  4.317125e+02  2.209680e+01 -4.602368e-15 
 1029.000  4.263136e+02  2.180845e+01 -1.790805e-14 
 1030.000  4.316929e+02  2.206917e+01 -7.764693e-15 
 1031.000  4.308905e+02  2.200099e+01  1.208269e-14 
 1032.000  4.298265e+02  2.191654e+01  1.816338e-14 
 1033.000  4.220626e+02  2.148376e+01 -1.741200e-14 
 1034.000  4.267540e+02  2.168781e+01 -8.586432e-15 
 1035.000  4.223501e+02  2.142733e+01  6.218623e-15 
 1036.000  4.278274e+02  2.166473e+01  8.606279e-15 
 1037.000  4.188823e+02  2.117418e+01 -4.131639e-16 
 1038.000  4.231024e+02  2.134971e+01  1.785050e-14 
 1039.000  4.247274e+02  2.138807e+01  2.689010e-14 
 1040.000  4.196235e+02  2.108895e+01  2.678350e-14 
 1041.000  4.217714e+02  2.115497e+01 -1.139000e-14 
 1042.000  4.229974e+02  2.117624e+01  6.233996e-15 
 1043.000  4.157030e+02  2.077245e+01  1.694306e-14 
 1044.000  4.197664e+02  2.093460e+01  6.187995e-15 
 1045.000  4.177773e+02  2.079013e+01 -5.957418e-15 
 1046.000  4.054934e+02  2.013726e+01 -1.157098e-14 
 1047.000  4.127839e+02  2.045639e+01  1.178705e-14 
 1048.000  4.167621e+02  2.061146e+01 -4.621010e-15 
 1049.000  4.139460e+02  2.043092e+01  3.267465e-15 
 1050.000  4.112599e+02  2.025420e+01  3.045185e-15 
 1051.000  4.109592e+02  2.019130e+01 -1.137126e-14 
 1052.000  4.088441e+02  2.004417e+01  3.033779e-15 
 1053.000  4.089668e+02  2.001188e+01  7.181740e-15 
 1054.000  4.044251e+02  1.974274e+01 -1.031875e-14 
 1055.000  4.070508e+02  1.982392e+01 -2.623564e-15 
 1056.000  4.056893e+02  1.971303e+01 -4.331802e-15 
 1057.000  4.043097e+02  1.958962e+01 -7.046566e-15 
 1058.000  3.988746e+02  1.925483e+01  1.003188e-16 
 1059.000  3.863969e+02  1.862059e+01  5.704617e-15 
 1060.000  4.008965e+02  1.930217e+01 -4.604763e-15 
 1061.000  3.867093e+02  1.858590e+01  2.801322e-15 
 1062.000  3.967402e+02  1.901728e+01  5.765522e-15 
 1063.000  3.897772e+02  1.864855e+01  4.204132e-15 
 1064.000  3.942202e+02  1.881456e+01 -9.964713e-17 
 1065.000  3.928974e+02  1.869985e+01 -3.963279e-15 
 1066.000  3.809184e+02  1.810372e+01  1.344787e-15 
 1067.000  3.895977e+02  1.847699e+01 -2.755241e-15 
 1068.000  3.864584e+02  1.826915e+01  5.109123e-15 
 1069.000  3.565385e+02  1.681094e+01 -1.691120e-15 
 1070.000  3.779719e+02  1.779874e+01 -2.099840e-16 
 1071.000  3.775727e+02  1.773147e+01  2.944707e-15 
 1072.000  3.776640e+02  1.768877e+01  1.509906e-15 
 1073.000  3.650629e+02  1.706952e+01 -4.820472e-15 
 1074.000  3.780956e+02  1.765597e+01  1.521839e-15 
 1075.000  3.680665e+02  1.719123e+01 -3.609063e-15 
 1076.000  3.750950e+02  1.747491e+01 -5.783275e-15 
 1077.000  3.728925e+02  1.732319e+01  3.061763e-16 
 1078.000  3.723320e+02  1.724584e+01  3.417962e-17 
 1079.000  3.577150e+02  1.654139e+01 -3.983083e-15 
 1080.000  3.638359e+02  1.674118e+01  1.505828e-15 
 1081.000  3.502774e+02  1.609109e+01 -1.880431e-15 
 1082.000  3.567168e+02  1.638624e+01 -3.072250e-16 
 1083.000  3.448330e+02  1.578964e+01  3.032619e-15 
 1084.000  3.553994e+02  1.622205e+01  7.701658e-17 
 1085.000  3.445811e+02  1.565362e+01  8.714993e-16 
 1086.000  3.505555e+02  1.591223e+01  2.953914e-16 
 1087.000  3.355380e+02  1.526666e+01 -7.109070e-17 
 1088.000  3.562315e+02  1.618774e+01 -1.897778e-16 
 1089.000  3.345392e+02  1.510868e+01 -1.525899e-15 
 1090.000  3.402574e+02  1.533274e+01 -3.182862e-15 
 1091.000  3.440447e+02  1.549043e+01 -1.273342e-15 
 1092.000  3.320093e+02  1.489911e+01 -1.262299e-15 
 1093.000  3.189491e+02  1.424745e+01 -3.098413e-16 
 1094.000  2.867202e+02  1.277481e+01  1.770019e-15 
 1095.000  3.109498e+02  1.383462e+01  3.853902e-16 
 1096.000  3.101858e+02  1.377831e+01 -7.675491e-16 
 1097.000  3.042166e+02  1.348298e+01 -6.778229e-16 
 1098.000  2.784373e+02  1.223026e+01  7.305873e-16 
 1099.000  2.599506e+02  1.125412e+01 -9.385222e-16 
 1100.000  2.656461e+02  1.149495e+01 -4.155109e-18 
