  400.000  5.091558e+01  2.066200e+02  6.827963e-15 
  401.000  5.132707e+01  2.046875e+02 -1.900125e-14 
  402.000  5.515998e+01  2.162027e+02 -1.979255e-14 
  403.000  5.237821e+01  2.018129e+02  3.591771e-15 
  404.000  5.705571e+01  2.161359e+02  2.280406e-14 
  405.000  5.302827e+01  1.975295e+02 -2.812650e-14 
  406.000  5.332907e+01  1.953666e+02  3.727269e-15 
  407.000  5.262299e+01  1.896218e+02 -2.423624e-16 
  408.000  5.774996e+01  2.047174e+02 -1.510299e-14 
  409.000  6.474197e+01  2.258095e+02  4.309889e-15 
  410.000  5.481229e+01  1.881264e+02  6.220613e-15 
  411.000  6.516924e+01  2.201362e+02 -1.989222e-14 
  412.000  6.835722e+01  2.272850e+02 -1.736670e-14 
  413.000  6.536031e+01  2.139422e+02  1.171668e-14 
  414.000  6.490086e+01  2.091616e+02 -1.492953e-14 
  415.000  7.004829e+01  2.223018e+02 -1.218795e-14 
  416.000  7.044341e+01  2.201699e+02 -3.201080e-14 
  417.000  6.909446e+01  2.127098e+02 -7.245566e-14 
  418.000  6.836387e+01  2.073246e+02 -7.409774e-15 
  419.000  7.083109e+01  2.116331e+02  7.568202e-15 
  420.000  6.062231e+01  1.784763e+02  6.386431e-15 
  421.000  7.679356e+01  2.227989e+02 -2.393194e-14 
  422.000  7.439044e+01  2.127143e+02 -3.810442e-14 
  423.000  6.350880e+01  1.790013e+02  1.283410e-14 
  424.000  7.060522e+01  1.961785e+02 -3.619840e-14 
  425.000  7.389512e+01  2.024293e+02 -4.360679e-14 
  426.000  7.177343e+01  1.938714e+02  1.343287e-14 
  427.000  6.974945e+01  1.857940e+02 -2.052626e-14 
  428.000  7.134520e+01  1.874317e+02  6.747576e-15 
  429.000  6.555923e+01  1.698815e+02  1.224404e-14 
  430.000  5.283378e+01  1.350532e+02  2.471044e-14 
  431.000  4.796877e+01  1.209703e+02 -2.247124e-14 
  432.000  8.718307e+01  2.169321e+02 -3.249875e-14 
  433.000  7.835137e+01  1.923777e+02 -2.138986e-14 
  434.000  7.517852e+01  1.821638e+02  0.000000e+00 
  435.000  8.256274e+01  1.974497e+02  7.163638e-15 
  436.000  9.240233e+01  2.181232e+02 -5.717036e-14 
  437.000  9.415311e+01  2.194033e+02 -9.125824e-15 
  438.000  8.510937e+01  1.958019e+02 -3.565417e-14 
  439.000  8.310131e+01  1.887643e+02 -2.852266e-14 
  440.000  9.396794e+01  2.107687e+02  1.657797e-15 
  441.000  9.448608e+01  2.092901e+02  3.936790e-14 
  442.000  1.003749e+02  2.195841e+02  0.000000e+00 
  443.000  1.019095e+02  2.202044e+02  4.213002e-14 
  444.000  1.021008e+02  2.179290e+02  3.203148e-14 
  445.000  1.082875e+02  2.283384e+02 -2.461251e-14 
  446.000  9.717262e+01  2.024413e+02  8.538691e-15 
  447.000  1.117465e+02  2.300251e+02  8.497034e-15 
  448.000  1.145884e+02  2.330740e+02  6.032384e-14 
  449.000  1.163692e+02  2.339034e+02 -6.214040e-16 
  450.000  1.199202e+02  2.382175e+02 -4.537949e-14 
  451.000  1.306748e+02  2.565627e+02 -4.010015e-14 
  452.000  1.224608e+02  2.376603e+02 -8.823842e-15 
  453.000  1.145803e+02  2.198178e+02  4.204020e-14 
  454.000  1.231156e+02  2.335042e+02  2.546266e-14 
  455.000  1.249206e+02  2.342480e+02  0.000000e+00 
  456.000  1.288860e+02  2.389679e+02 -2.680413e-14 
  457.000  1.305559e+02  2.393609e+02 -5.381071e-14 
  458.000  1.291871e+02  2.342242e+02 -6.219631e-14 
  459.000  1.300899e+02  2.332626e+02 -4.515342e-14 
  460.000  1.298672e+02  2.303147e+02  2.668506e-14 
  461.000  1.355158e+02  2.377189e+02 -1.007892e-13 
  462.000  1.342261e+02  2.329131e+02  3.593577e-14 
  463.000  1.351751e+02  2.320429e+02 -2.707194e-14 
  464.000  1.366245e+02  2.320367e+02  0.000000e+00 
  465.000  1.356113e+02  2.278828e+02  0.000000e+00 
  466.000  1.409098e+02  2.343012e+02  1.021361e-14 
  467.000  1.368902e+02  2.252443e+02  9.215475e-15 
  468.000  1.458412e+02  2.374838e+02  1.752082e-14 
  469.000  1.454158e+02  2.343517e+02 -1.863235e-14 
  470.000  1.442141e+02  2.300383e+02 -1.771438e-14 
  471.000  1.447063e+02  2.284813e+02  6.339847e-16 
  472.000  1.471841e+02  2.300514e+02 -2.870925e-14 
  473.000  1.462040e+02  2.262315e+02 -3.719971e-14 
  474.000  1.479587e+02  2.266719e+02  2.603197e-14 
  475.000  1.543719e+02  2.341745e+02 -4.756862e-14 
  476.000  1.498796e+02  2.251547e+02  8.323337e-15 
  477.000  1.488697e+02  2.214698e+02  8.884750e-15 
  478.000  1.572633e+02  2.316460e+02  2.791239e-14 
  479.000  1.514365e+02  2.208466e+02 -1.897726e-14 
  480.000  1.558390e+02  2.250167e+02 -1.291736e-15 
  481.000  1.561899e+02  2.233153e+02  2.929868e-14 
  482.000  1.606988e+02  2.275383e+02  1.879833e-14 
  483.000  1.619981e+02  2.271794e+02  2.848242e-14 
  484.000  1.567548e+02  2.177388e+02  1.801145e-14 
  485.000  1.588392e+02  2.185555e+02 -6.307196e-14 
  486.000  1.295459e+02  1.765832e+02 -7.581748e-15 
  487.000  1.464666e+02  1.977954e+02  8.504937e-15 
  488.000  1.599518e+02  2.140146e+02 -9.217285e-15 
  489.000  1.495363e+02  1.982447e+02 -1.710519e-14 
  490.000  1.711997e+02  2.248955e+02 -2.785531e-14 
  491.000  1.610299e+02  2.096153e+02 -1.029826e-14 
  492.000  1.555184e+02  2.006125e+02  0.000000e+00 
  493.000  1.683270e+02  2.151847e+02  0.000000e+00 
  494.000  1.634068e+02  2.070293e+02 -4.279846e-14 
  495.000  1.755319e+02  2.204156e+02  9.656005e-15 
  496.000  1.716679e+02  2.136534e+02  2.819091e-14 
  497.000  1.672157e+02  2.062775e+02 -2.610568e-14 
  498.000  1.639354e+02  2.004575e+02 -4.205301e-14 
  499.000  1.641976e+02  1.990273e+02 -2.539045e-14 
  500.000  1.641271e+02  1.972163e+02  1.644703e-14 
  501.000  1.610698e+02  1.918729e+02 -2.467886e-14 
  502.000  1.606328e+02  1.897100e+02 -1.145338e-15 
  503.000  1.708618e+02  2.000677e+02 -3.621112e-14 
  504.000  1.595697e+02  1.852588e+02 -1.683505e-14 
  505.000  1.727487e+02  1.988654e+02  0.000000e+00 
  506.000  1.857952e+02  2.120940e+02 -1.940159e-14 
  507.000  1.736775e+02  1.966102e+02  1.681941e-14 
  508.000  1.673350e+02  1.878608e+02 -1.610788e-14 
  509.000  1.812762e+02  2.018347e+02  1.734618e-14 
  510.000  1.764433e+02  1.948429e+02 -3.477530e-14 
  511.000  1.772619e+02  1.941491e+02  3.474278e-14 
  512.000  1.868410e+02  2.029787e+02  5.400004e-14 
  513.000  1.717280e+02  1.850524e+02  1.722358e-14 
  514.000  1.688309e+02  1.804674e+02 -3.255617e-14 
  515.000  1.730776e+02  1.835264e+02  3.204700e-14 
  516.000  1.824874e+02  1.919613e+02  1.802288e-14 
  517.000  1.348818e+02  1.407574e+02 -5.128959e-14 
  518.000  1.675508e+02  1.734678e+02 -2.198991e-15 
  519.000  1.592656e+02  1.635933e+02 -1.553950e-14 
  520.000  1.759254e+02  1.792914e+02 -1.480624e-14 
  521.000  1.765849e+02  1.785622e+02 -1.709526e-14 
  522.000  1.841415e+02  1.847606e+02  1.657407e-14 
  523.000  1.720187e+02  1.712673e+02  0.000000e+00 
  524.000  1.871561e+02  1.849097e+02  3.347248e-14 
  525.000  1.861585e+02  1.825211e+02 -1.659562e-14 
  526.000  1.779126e+02  1.731105e+02 -1.134963e-15 
  527.000  1.558089e+02  1.504564e+02  1.479606e-14 
  528.000  1.875777e+02  1.797695e+02  0.000000e+00 
  529.000  1.933650e+02  1.839264e+02  3.653245e-14 
  530.000  1.831523e+02  1.729118e+02 -3.335571e-14 
  531.000  1.998408e+02  1.872653e+02 -3.629856e-14 
  532.000  1.911360e+02  1.777826e+02 -3.341714e-14 
  533.000  1.684236e+02  1.555045e+02 -3.038026e-14 
  534.000  1.838036e+02  1.684592e+02  1.593009e-14 
  535.000  1.882402e+02  1.712632e+02  4.870633e-14 
  536.000  2.004821e+02  1.810729e+02 -5.409859e-14 
  537.000  1.866589e+02  1.673669e+02  1.709550e-14 
  538.000  1.960525e+02  1.745232e+02  6.912311e-14 
  539.000  1.960450e+02  1.732654e+02 -1.542042e-14 
  540.000  1.924672e+02  1.688898e+02 -4.757055e-14 
  541.000  1.770446e+02  1.542532e+02 -2.977173e-14 
  542.000  1.981044e+02  1.713818e+02 -3.556952e-14 
  543.000  1.900730e+02  1.632766e+02 -4.872314e-14 
  544.000  2.010574e+02  1.715020e+02 -1.672060e-14 
  545.000  1.986087e+02  1.682306e+02  0.000000e+00 
  546.000  1.947208e+02  1.637910e+02 -1.155290e-15 
  547.000  2.035483e+02  1.700314e+02 -1.203847e-15 
  548.000  1.893710e+02  1.570984e+02  1.555109e-14 
  549.000  1.998342e+02  1.646409e+02 -6.661345e-14 
  550.000  1.959601e+02  1.603455e+02  1.599788e-14 
  551.000  1.952345e+02  1.586637e+02 -4.883970e-14 
  552.000  2.041765e+02  1.648052e+02 -1.777739e-14 
  553.000  1.966707e+02  1.576749e+02 -1.593893e-14 
  554.000  2.036003e+02  1.621329e+02  3.647038e-14 
  555.000  2.046757e+02  1.618981e+02  6.723120e-14 
  556.000  1.995084e+02  1.567586e+02  3.327278e-14 
  557.000  1.940179e+02  1.514326e+02  1.558794e-14 
  558.000  2.018261e+02  1.564857e+02  3.469437e-14 
  559.000  1.911721e+02  1.472497e+02  6.451080e-14 
  560.000  1.923875e+02  1.472155e+02  2.964956e-14 
  561.000  2.118258e+02  1.610333e+02  7.005569e-14 
  562.000  1.945985e+02  1.469856e+02 -1.775969e-14 
  563.000  2.039051e+02  1.530219e+02  1.508845e-14 
  564.000  2.012730e+02  1.500791e+02  1.603628e-14 
  565.000  2.037477e+02  1.509610e+02  4.988476e-14 
  566.000  1.880680e+02  1.384560e+02  0.000000e+00 
  567.000  2.014616e+02  1.473946e+02 -1.724943e-14 
  568.000  1.993315e+02  1.450043e+02  3.106653e-14 
  569.000  1.915762e+02  1.388699e+02  2.951854e-14 
  570.000  1.933609e+02  1.392345e+02  1.474675e-14 
  571.000  1.894283e+02  1.352553e+02 -4.602750e-14 
  572.000  1.975365e+02  1.404596e+02  2.159518e-14 
  573.000  2.005103e+02  1.415114e+02 -3.527672e-14 
  574.000  1.998374e+02  1.401573e+02  1.754343e-14 
  575.000  1.950142e+02  1.359479e+02  1.597795e-14 
  576.000  1.918699e+02  1.329451e+02  1.568794e-14 
  577.000  2.012019e+02  1.385210e+02 -5.129057e-14 
  578.000  1.970901e+02  1.348120e+02 -1.580635e-14 
  579.000  1.973247e+02  1.341144e+02 -5.034194e-14 
  580.000  2.060604e+02  1.391718e+02 -1.732825e-14 
  581.000  2.048049e+02  1.374390e+02  3.394402e-14 
  582.000  2.097550e+02  1.398885e+02  1.489300e-14 
  583.000  2.126222e+02  1.409436e+02  1.614018e-14 
  584.000  2.131547e+02  1.404492e+02  1.838267e-14 
  585.000  2.128524e+02  1.394173e+02  0.000000e+00 
  586.000  2.046388e+02  1.332453e+02 -3.162211e-14 
  587.000  2.120815e+02  1.373457e+02 -1.474690e-14 
  588.000  2.046920e+02  1.322836e+02  5.092047e-15 
  589.000  1.739726e+02  1.123855e+02  6.658837e-16 
  590.000  1.816533e+02  1.167058e+02  1.823040e-14 
  591.000  1.996106e+02  1.270317e+02  9.925900e-15 
  592.000  1.931743e+02  1.224689e+02 -9.137671e-15 
  593.000  2.026327e+02  1.272006e+02  1.966095e-14 
  594.000  2.034694e+02  1.271085e+02  1.196964e-14 
  595.000  1.952729e+02  1.216492e+02  6.034479e-15 
  596.000  2.075356e+02  1.280194e+02  1.034764e-14 
  597.000  2.069586e+02  1.270371e+02 -3.004407e-14 
  598.000  2.059229e+02  1.254779e+02  1.441206e-14 
  599.000  2.075028e+02  1.256419e+02  3.287141e-14 
  600.000  2.104954e+02  1.265750e+02 -2.122953e-14 
  601.000  2.114274e+02  1.262396e+02 -1.738130e-14 
  602.000  2.100013e+02  1.246585e+02 -1.502740e-14 
  603.000  2.123701e+02  1.253410e+02  1.510283e-14 
  604.000  2.203826e+02  1.293383e+02 -1.667774e-14 
  605.000  2.209552e+02  1.289482e+02  3.212852e-14 
  606.000  2.192327e+02  1.272380e+02  1.099834e-15 
  607.000  2.188153e+02  1.262990e+02 -1.522424e-14 
  608.000  2.187919e+02  1.255964e+02  1.516065e-14 
  609.000  2.172903e+02  1.240567e+02 -1.607466e-14 
  610.000  2.145473e+02  1.218278e+02 -1.580908e-14 
  611.000  2.188004e+02  1.235738e+02  3.211163e-14 
  612.000  2.167005e+02  1.217312e+02 -6.228867e-14 
  613.000  2.142535e+02  1.197133e+02  1.044817e-15 
  614.000  2.071937e+02  1.151523e+02  3.005203e-14 
  615.000  2.178244e+02  1.204181e+02 -1.573721e-14 
  616.000  2.077595e+02  1.142469e+02 -1.001820e-15 
  617.000  2.095552e+02  1.146278e+02  4.409127e-14 
  618.000  2.200236e+02  1.197230e+02  0.000000e+00 
  619.000  2.185213e+02  1.182848e+02 -4.676236e-14 
  620.000  2.222400e+02  1.196724e+02  1.581385e-14 
  621.000  2.265046e+02  1.213379e+02 -3.001105e-14 
  622.000  2.149171e+02  1.145379e+02  0.000000e+00 
  623.000  2.168691e+02  1.149870e+02 -1.028312e-15 
  624.000  2.173871e+02  1.146737e+02  0.000000e+00 
  625.000  2.117375e+02  1.111263e+02  1.595133e-14 
  626.000  2.125906e+02  1.110236e+02 -1.402560e-14 
  627.000  2.141086e+02  1.113195e+02 -1.534912e-14 
  628.000  2.026588e+02  1.051467e+02 -3.296377e-14 
  629.000  2.131153e+02  1.098878e+02 -1.289360e-14 
  630.000  2.084921e+02  1.068615e+02 -8.186830e-14 
  631.000  2.184227e+02  1.113478e+02 -1.145210e-14 
  632.000  2.028043e+02  1.029540e+02 -2.560464e-14 
  633.000  2.214238e+02  1.116535e+02  1.039051e-15 
  634.000  2.167411e+02  1.087199e+02  0.000000e+00 
  635.000  2.219046e+02  1.107550e+02  1.423504e-14 
  636.000  2.156808e+02  1.070966e+02  5.679911e-14 
  637.000  2.242476e+02  1.107870e+02  0.000000e+00 
  638.000  2.299983e+02  1.130278e+02  1.431974e-14 
  639.000  2.291818e+02  1.120691e+02 -4.358173e-14 
  640.000  2.235905e+02  1.087800e+02  1.371699e-14 
  641.000  2.278453e+02  1.103063e+02  1.996406e-15 
  642.000  2.263833e+02  1.090505e+02  4.312404e-14 
  643.000  2.303021e+02  1.104216e+02 -1.497145e-14 
  644.000  2.284285e+02  1.089916e+02 -1.380029e-14 
  645.000  2.299232e+02  1.092124e+02  0.000000e+00 
  646.000  2.166319e+02  1.026897e+02  2.214358e-17 
  647.000  2.165625e+02  1.023448e+02 -1.027194e-14 
  648.000  2.127339e+02  1.002650e+02 -7.053212e-15 
  649.000  2.211197e+02  1.035358e+02 -2.491847e-14 
  650.000  2.119263e+02  9.845009e+01  2.117609e-14 
  651.000  2.288630e+02  1.058151e+02  2.517981e-14 
  652.000  2.189615e+02  1.010375e+02  5.652720e-15 
  653.000  2.310733e+02  1.057939e+02 -1.878307e-17 
  654.000  2.278539e+02  1.038620e+02  5.967848e-16 
  655.000  2.198793e+02  9.986713e+01  2.625507e-14 
  656.000  1.878913e+02  8.490694e+01  1.423664e-14 
  657.000  2.022681e+02  9.092456e+01  1.379934e-14 
  658.000  2.282616e+02  1.020368e+02 -1.391292e-14 
  659.000  2.307126e+02  1.025342e+02  0.000000e+00 
  660.000  2.337510e+02  1.033872e+02  4.319668e-14 
  661.000  2.371804e+02  1.043715e+02 -1.442008e-14 
  662.000  2.420245e+02  1.059927e+02  2.725421e-14 
  663.000  2.396939e+02  1.044947e+02 -1.250725e-14 
  664.000  2.368013e+02  1.027538e+02 -1.325012e-14 
  665.000  2.385977e+02  1.030557e+02  2.755253e-14 
  666.000  2.423822e+02  1.042072e+02  2.689566e-14 
  667.000  2.383761e+02  1.020165e+02 -2.634308e-14 
  668.000  2.407694e+02  1.025641e+02  1.513583e-14 
  669.000  2.450129e+02  1.038963e+02 -1.926706e-15 
  670.000  2.427800e+02  1.024835e+02  0.000000e+00 
  671.000  2.409333e+02  1.012441e+02 -2.808846e-14 
  672.000  2.408062e+02  1.007359e+02  0.000000e+00 
  673.000  2.431834e+02  1.012745e+02  5.351349e-14 
  674.000  2.443042e+02  1.012866e+02  1.410715e-14 
  675.000  2.412124e+02  9.955911e+01 -6.756698e-14 
  676.000  2.463927e+02  1.012453e+02 -1.414171e-14 
  677.000  2.420861e+02  9.903454e+01  5.263700e-14 
  678.000  2.466957e+02  1.004738e+02  1.502244e-14 
  679.000  2.437160e+02  9.882409e+01 -2.496391e-14 
  680.000  2.419590e+02  9.768941e+01  0.000000e+00 
  681.000  2.424954e+02  9.747981e+01 -6.524411e-14 
  682.000  2.423868e+02  9.701244e+01 -2.751065e-14 
  683.000  2.444207e+02  9.740337e+01  2.676616e-14 
  684.000  2.400183e+02  9.524449e+01  3.990045e-14 
  685.000  2.436542e+02  9.626040e+01  9.207860e-16 
  686.000  2.319594e+02  9.125646e+01  0.000000e+00 
  687.000  1.755488e+02  6.965411e+01  4.911534e-15 
  688.000  1.932275e+02  7.606673e+01  9.106483e-15 
  689.000  1.887730e+02  7.410371e+01 -1.818571e-14 
  690.000  1.992656e+02  7.769601e+01  5.806508e-14 
  691.000  2.122045e+02  8.214413e+01 -1.546567e-14 
  692.000  2.172505e+02  8.367376e+01  3.433164e-14 
  693.000  2.117153e+02  8.151738e+01 -2.274298e-14 
  694.000  2.060342e+02  7.930677e+01  1.919792e-14 
  695.000  2.087789e+02  7.984631e+01 -4.924881e-14 
  696.000  2.152570e+02  8.186368e+01  6.034754e-13 
  697.000  2.330137e+02  8.770990e+01 -1.540903e-14 
  698.000  2.254048e+02  8.459114e+01 -9.059052e-15 
  699.000  2.145059e+02  8.063563e+01 -2.687650e-14 
  700.000  2.146878e+02  8.029107e+01  1.356334e-13 
  701.000  2.068680e+02  7.715322e+01 -3.584169e-15 
  702.000  2.085103e+02  7.736894e+01  1.249257e-14 
  703.000  2.243173e+02  8.248995e+01 -4.513427e-14 
  704.000  2.258343e+02  8.269176e+01 -3.583758e-14 
  705.000  2.225628e+02  8.131554e+01 -4.720589e-15 
  706.000  2.215173e+02  8.057160e+01 -9.889926e-17 
  707.000  2.203181e+02  7.975323e+01 -3.069689e-14 
  708.000  2.290886e+02  8.253046e+01  1.319663e-15 
  709.000  2.253481e+02  8.074001e+01  3.000004e-14 
  710.000  2.263377e+02  8.088782e+01  4.338809e-14 
  711.000  2.288717e+02  8.133824e+01 -1.427295e-14 
  712.000  2.298112e+02  8.124722e+01 -2.776386e-14 
  713.000  2.259685e+02  7.964296e+01  2.877030e-14 
  714.000  2.289331e+02  8.039282e+01  1.310630e-14 
  715.000  2.161012e+02  7.571870e+01 -2.060968e-14 
  716.000  2.164365e+02  7.569038e+01 -3.366516e-14 
  717.000  1.795615e+02  6.325480e+01  3.452471e-15 
  718.000  1.608437e+02  5.675055e+01  1.228864e-14 
  719.000  1.529553e+02  5.390814e+01  1.373508e-14 
  720.000  1.455657e+02  5.135345e+01 -7.985747e-16 
  721.000  1.866243e+02  6.455893e+01  5.092726e-14 
  722.000  2.059759e+02  7.053577e+01 -2.577483e-14 
  723.000  1.963610e+02  6.722757e+01  1.286366e-14 
  724.000  1.723401e+02  5.920462e+01  5.465143e-16 
  725.000  1.740762e+02  5.951205e+01  5.182326e-14 
  726.000  1.728543e+02  5.887707e+01 -5.455226e-16 
  727.000  1.791311e+02  6.071816e+01 -1.049366e-13 
  728.000  1.725538e+02  5.831388e+01 -5.432397e-16 
  729.000  1.749704e+02  5.875428e+01  2.018370e-15 
  730.000  1.801120e+02  6.026345e+01  4.973829e-14 
  731.000  1.755258e+02  5.852174e+01  3.751422e-13 
  732.000  1.954905e+02  6.462463e+01  2.184269e-15 
  733.000  2.092201e+02  6.845892e+01 -3.492058e-14 
  734.000  2.222168e+02  7.220851e+01  5.834868e-15 
  735.000  2.177977e+02  7.057461e+01  3.410218e-14 
  736.000  2.086995e+02  6.750496e+01 -4.630068e-14 
  737.000  2.157300e+02  6.940417e+01  2.291041e-15 
  738.000  2.209921e+02  7.068211e+01  0.000000e+00 
  739.000  2.164436e+02  6.890686e+01  2.749390e-14 
  740.000  2.240846e+02  7.094947e+01 -7.422424e-15 
  741.000  2.256421e+02  7.111038e+01  1.833075e-14 
  742.000  2.234492e+02  7.012891e+01  1.500739e-15 
  743.000  2.330474e+02  7.277821e+01  0.000000e+00 
  744.000  2.368049e+02  7.365466e+01  2.395899e-14 
  745.000  2.318668e+02  7.183408e+01  0.000000e+00 
  746.000  2.361256e+02  7.286860e+01 -2.365241e-14 
  747.000  2.402387e+02  7.385808e+01 -2.241001e-14 
  748.000  2.366968e+02  7.249036e+01  1.578915e-15 
  749.000  2.373355e+02  7.241225e+01 -6.755761e-14 
  750.000  2.337995e+02  7.107030e+01  4.489799e-14 
  751.000  2.335363e+02  7.072565e+01 -2.161336e-14 
  752.000  2.381066e+02  7.183501e+01  0.000000e+00 
  753.000  2.363909e+02  7.105020e+01  2.328798e-14 
  754.000  2.405470e+02  7.203020e+01 -2.364964e-14 
  755.000  2.395080e+02  7.145398e+01 -6.896028e-14 
  756.000  2.351634e+02  6.989893e+01 -2.150525e-14 
  757.000  2.371707e+02  7.023625e+01  2.166115e-14 
  758.000  2.361587e+02  6.968179e+01  4.640956e-14 
  759.000  1.975851e+02  5.842735e+01  9.085872e-15 
  760.000  3.221919e+01  1.057101e+01 -1.568556e-16 
  761.000  2.452719e+01  8.272296e+00  1.156273e-15 
  762.000  9.029697e+01  2.739269e+01  6.227818e-17 
  763.000  6.625598e+01  2.042536e+01 -9.047441e-17 
  764.000  7.909905e+01  2.406261e+01 -1.499382e-17 
  765.000  1.128681e+02  3.346340e+01 -1.069245e-14 
  766.000  1.537469e+02  4.463576e+01 -1.710073e-14 
  767.000  1.831020e+02  5.271198e+01 -4.267257e-14 
  768.000  2.099708e+02  5.995834e+01  2.996768e-14 
  769.000  2.225972e+02  6.319784e+01 -5.374787e-16 
  770.000  2.286672e+02  6.465180e+01  4.888412e-15 
  771.000  2.322419e+02  6.538084e+01 -1.498568e-15 
  772.000  2.323581e+02  6.517713e+01 -2.227393e-14 
  773.000  2.319478e+02  6.482909e+01  0.000000e+00 
  774.000  2.350057e+02  6.545147e+01 -1.500869e-15 
  775.000  2.267302e+02  6.292103e+01  2.155829e-14 
  776.000  2.365349e+02  6.540815e+01  0.000000e+00 
  777.000  2.351369e+02  6.479218e+01 -2.228626e-14 
  778.000  2.340156e+02  6.425707e+01 -4.285080e-14 
  779.000  2.349104e+02  6.427695e+01  4.299314e-14 
  780.000  2.321341e+02  6.329527e+01 -2.196790e-14 
  781.000  2.323015e+02  6.311499e+01  2.045887e-14 
  782.000  2.352195e+02  6.368545e+01 -2.070707e-14 
  783.000  2.298505e+02  6.201554e+01 -2.022460e-14 
  784.000  2.311021e+02  6.213751e+01  0.000000e+00 
  785.000  2.308880e+02  6.187490e+01 -2.040989e-14 
  786.000  2.255007e+02  6.024063e+01  4.159751e-14 
  787.000  2.255794e+02  6.013388e+01 -5.424149e-15 
  788.000  2.204995e+02  5.860744e+01 -6.885593e-15 
  789.000  2.153278e+02  5.715643e+01  9.111243e-15 
  790.000  2.127347e+02  5.628567e+01  4.896781e-15 
  791.000  2.130350e+02  5.614754e+01  2.407913e-14 
  792.000  2.109691e+02  5.539098e+01 -1.132181e-14 
  793.000  2.135825e+02  5.583698e+01 -6.923217e-15 
  794.000  2.171271e+02  5.647921e+01  1.013856e-14 
  795.000  2.127188e+02  5.519619e+01 -1.873065e-14 
  796.000  2.074155e+02  5.380223e+01  8.230865e-16 
  797.000  2.114802e+02  5.461860e+01  5.250977e-15 
  798.000  2.175720e+02  5.589547e+01  2.768472e-15 
  799.000  2.162425e+02  5.538856e+01 -1.503447e-14 
  800.000  2.066624e+02  5.283040e+01  1.010193e-14 
  801.000  2.111618e+02  5.378947e+01 -2.494403e-14 
  802.000  2.104967e+02  5.344785e+01  9.176810e-15 
  803.000  2.082517e+02  5.268902e+01 -4.410907e-14 
  804.000  2.122844e+02  5.349334e+01 -7.848547e-15 
  805.000  2.103414e+02  5.276384e+01  7.255048e-15 
  806.000  2.185004e+02  5.459234e+01  3.341462e-14 
  807.000  2.174653e+02  5.415114e+01 -1.419514e-14 
  808.000  2.149995e+02  5.337821e+01  4.272474e-15 
  809.000  2.099389e+02  5.197308e+01 -2.585742e-14 
  810.000  2.074002e+02  5.120244e+01 -6.888949e-15 
  811.000  2.072624e+02  5.106040e+01 -4.658566e-15 
  812.000  2.018471e+02  4.965065e+01  0.000000e+00 
  813.000  1.952658e+02  4.798742e+01 -2.513341e-14 
  814.000  1.875037e+02  4.607981e+01 -9.991753e-15 
  815.000  1.763599e+02  4.336884e+01  4.145979e-14 
  816.000  1.637548e+02  4.028571e+01  7.885792e-14 
  817.000  1.653466e+02  4.054065e+01 -1.595516e-13 
  818.000  1.653235e+02  4.039264e+01 -1.416807e-18 
  819.000  1.646321e+02  4.004549e+01 -6.464820e-17 
  820.000  1.736840e+02  4.190278e+01 -1.532028e-14 
  821.000  1.944496e+02  4.646252e+01  1.592019e-13 
  822.000  1.780445e+02  4.261026e+01  1.753173e-14 
  823.000  1.514250e+02  3.648014e+01  4.388235e-16 
  824.000  1.786199e+02  4.256121e+01  1.604735e-14 
  825.000  1.955852e+02  4.611524e+01 -8.613217e-15 
  826.000  1.941313e+02  4.567698e+01  7.384469e-16 
  827.000  1.914312e+02  4.493766e+01  1.358595e-14 
  828.000  1.799461e+02  4.231089e+01 -3.518162e-14 
  829.000  1.839521e+02  4.303971e+01  3.795975e-14 
  830.000  1.856471e+02  4.321144e+01  1.894136e-14 
  831.000  1.835972e+02  4.257745e+01  1.802532e-14 
  832.000  1.880735e+02  4.346592e+01 -4.692891e-17 
  833.000  1.849337e+02  4.255614e+01  1.725467e-14 
  834.000  1.909086e+02  4.373497e+01 -1.074005e-15 
  835.000  1.974895e+02  4.499305e+01  4.381200e-15 
  836.000  1.980120e+02  4.500083e+01  9.265746e-15 
  837.000  1.963557e+02  4.448595e+01 -8.075212e-14 
  838.000  2.001473e+02  4.515269e+01  2.447071e-15 
  839.000  1.957815e+02  4.400090e+01 -4.555187e-15 
  840.000  2.018072e+02  4.520237e+01  0.000000e+00 
  841.000  2.005910e+02  4.481804e+01  1.200855e-14 
  842.000  2.011667e+02  4.477879e+01 -2.608782e-14 
  843.000  2.039065e+02  4.518775e+01  6.071145e-15 
  844.000  2.024583e+02  4.470243e+01 -1.872550e-15 
  845.000  2.065146e+02  4.544479e+01  1.355826e-14 
  846.000  2.093802e+02  4.592057e+01  1.561516e-14 
  847.000  2.030745e+02  4.436886e+01  1.706900e-14 
  848.000  2.077689e+02  4.529143e+01  4.945201e-15 
  849.000  2.084784e+02  4.530243e+01  1.849247e-15 
  850.000  1.796901e+02  3.893414e+01 -7.888392e-15 
  851.000  2.050741e+02  4.430850e+01 -1.289671e-14 
  852.000  1.975085e+02  4.254077e+01 -7.095838e-15 
  853.000  2.013812e+02  4.322201e+01 -8.473695e-15 
  854.000  1.619485e+02  3.465220e+01  1.784199e-15 
  855.000  1.790386e+02  3.818295e+01 -5.374535e-15 
  856.000  2.045818e+02  4.346072e+01 -1.824610e-14 
  857.000  2.086945e+02  4.419152e+01 -1.240820e-15 
  858.000  2.057585e+02  4.343300e+01  1.699890e-14 
  859.000  2.065326e+02  4.345627e+01 -1.219148e-15 
  860.000  2.052103e+02  4.304285e+01 -3.364135e-14 
  861.000  2.052986e+02  4.293070e+01 -1.681755e-14 
  862.000  2.050552e+02  4.274619e+01 -1.203143e-15 
  863.000  2.091311e+02  4.346293e+01 -3.538151e-14 
  864.000  2.090480e+02  4.331166e+01  0.000000e+00 
  865.000  2.054422e+02  4.243390e+01  1.672030e-14 
  866.000  1.724582e+02  3.551292e+01 -1.006931e-15 
  867.000  1.837167e+02  3.771726e+01  3.094358e-14 
  868.000  1.993795e+02  4.080910e+01 -1.619807e-14 
  869.000  1.967446e+02  4.014794e+01  0.000000e+00 
  870.000  2.049236e+02  4.169158e+01  1.193993e-15 
  871.000  2.047982e+02  4.154038e+01 -3.321227e-14 
  872.000  2.042216e+02  4.129790e+01 -1.653762e-14 
  873.000  2.050070e+02  4.133385e+01 -3.559757e-14 
  874.000  2.005436e+02  4.031369e+01  5.106470e-14 
  875.000  1.987844e+02  3.984089e+01 -1.725087e-14 
  876.000  2.003995e+02  4.004547e+01  1.165493e-15 
  877.000  2.044965e+02  4.074235e+01 -1.655920e-14 
  878.000  2.006249e+02  3.985606e+01 -1.745665e-14 
  879.000  2.012631e+02  3.986401e+01  1.632592e-14 
  880.000  1.997850e+02  3.945746e+01  0.000000e+00 
  881.000  1.893804e+02  3.729350e+01 -1.105933e-15 
  882.000  1.997363e+02  3.921839e+01  0.000000e+00 
  883.000  1.954946e+02  3.827023e+01 -1.702457e-14 
  884.000  1.973464e+02  3.851800e+01  1.601711e-14 
  885.000  1.987700e+02  3.868894e+01 -3.473335e-14 
  886.000  1.913949e+02  3.715388e+01  3.365318e-14 
  887.000  1.902576e+02  3.681696e+01  3.103835e-14 
  888.000  1.960049e+02  3.781839e+01 -1.713306e-14 
  889.000  1.976599e+02  3.802396e+01  0.000000e+00 
  890.000  1.965470e+02  3.770565e+01 -3.210052e-14 
  891.000  1.944090e+02  3.721654e+01 -1.961343e-14 
  892.000  1.909227e+02  3.647630e+01 -2.391704e-14 
  893.000  1.751810e+02  3.348344e+01  9.566067e-14 
  894.000  1.765995e+02  3.372369e+01 -3.727108e-15 
  895.000  1.552446e+02  2.975472e+01 -1.616616e-14 
  896.000  1.490374e+02  2.863733e+01  3.272041e-14 
  897.000  1.334268e+02  2.566106e+01 -4.278645e-15 
  898.000  1.281963e+02  2.462271e+01 -2.995825e-15 
  899.000  1.139424e+02  2.196446e+01  1.649465e-20 
  900.000  1.129451e+02  2.168530e+01  4.000926e-15 
  901.000  1.072593e+02  2.058045e+01 -1.780404e-15 
  902.000  1.061327e+02  2.029210e+01  1.922171e-15 
  903.000  1.359204e+02  2.566924e+01  1.491325e-14 
  904.000  1.543656e+02  2.888539e+01  6.544962e-14 
  905.000  1.535842e+02  2.866276e+01 -1.204581e-13 
  906.000  1.395179e+02  2.607477e+01 -1.372284e-15 
  907.000  1.249263e+02  2.338926e+01  4.234049e-15 
  908.000  1.113957e+02  2.090206e+01  1.793131e-16 
  909.000  1.098742e+02  2.055404e+01  2.625997e-15 
  910.000  1.126973e+02  2.100339e+01  1.746981e-15 
  911.000  1.191158e+02  2.206454e+01  3.388199e-15 
  912.000  1.161833e+02  2.148978e+01  1.704376e-15 
  913.000  1.051709e+02  1.958018e+01  2.726831e-15 
  914.000  1.112315e+02  2.054054e+01 -2.000345e-15 
  915.000  1.147566e+02  2.105929e+01 -1.358029e-16 
  916.000  1.178207e+02  2.154170e+01 -1.211217e-17 
  917.000  1.191658e+02  2.169385e+01  1.985932e-15 
  918.000  1.226854e+02  2.223747e+01 -4.056851e-15 
  919.000  1.387562e+02  2.498283e+01  1.331590e-14 
  920.000  1.490923e+02  2.663756e+01 -1.422922e-15 
  921.000  1.435148e+02  2.559842e+01 -2.487253e-13 
  922.000  1.421287e+02  2.528188e+01 -1.839838e-12 
  923.000  1.332527e+02  2.366950e+01 -1.615591e-13 
  924.000  1.316208e+02  2.337534e+01 -6.701097e-15 
  925.000  1.326034e+02  2.349260e+01 -1.368794e-18 
  926.000  1.271553e+02  2.247791e+01 -6.474397e-16 
  927.000  1.231289e+02  2.176530e+01 -1.024091e-16 
  928.000  1.111052e+02  1.969639e+01 -1.887084e-15 
  929.000  9.291176e+01  1.666363e+01 -1.294882e-16 
  930.000  7.415427e+01  1.360383e+01 -4.444196e-16 
  931.000  5.661386e+01  1.069836e+01  9.395518e-26 
  932.000  3.703237e+01  7.341213e+00 -1.129630e-16 
  933.000  2.669985e+01  5.515615e+00 -5.684815e-17 
  934.000  1.828752e+01  4.020451e+00 -2.830314e-17 
  935.000  1.715817e+01  3.802874e+00 -2.787558e-17 
  936.000  1.968385e+01  4.231727e+00 -5.526329e-17 
  937.000  1.957042e+01  4.213250e+00 -1.962369e-20 
  938.000  2.923979e+01  5.861915e+00 -1.664232e-16 
  939.000  6.748166e+01  1.221230e+01  2.075489e-16 
  940.000  7.484550e+01  1.332442e+01  4.841523e-16 
  941.000  6.720613e+01  1.205702e+01 -2.307504e-16 
  942.000  5.141632e+01  9.463654e+00 -6.005840e-25 
  943.000  3.521582e+01  6.780520e+00 -1.536419e-16 
  944.000  3.301973e+01  6.370651e+00 -3.199150e-19 
  945.000  3.912391e+01  7.401568e+00  1.083785e-16 
  946.000  4.020848e+01  7.569778e+00 -3.222550e-18 
  947.000  4.629658e+01  8.546193e+00  2.592996e-18 
  948.000  5.056202e+01  9.219772e+00 -2.189170e-16 
  949.000  5.049408e+01  9.182693e+00 -2.144220e-16 
  950.000  5.129969e+01  9.278588e+00 -2.423017e-18 
  951.000  6.044547e+01  1.068641e+01  8.408462e-16 
  952.000  5.092507e+01  9.154242e+00  1.221743e-25 
  953.000  5.794501e+01  1.023022e+01 -2.313831e-16 
  954.000  6.572635e+01  1.138562e+01  2.900134e-16 
  955.000  5.569588e+01  9.730106e+00  7.925131e-17 
  956.000  5.862758e+01  1.022397e+01 -7.956721e-26 
  957.000  8.072530e+01  1.353117e+01 -7.919233e-16 
  958.000  8.501481e+01  1.414301e+01 -4.395461e-16 
  959.000  8.166353e+01  1.361401e+01 -5.997330e-17 
  960.000  8.005459e+01  1.332519e+01  7.939185e-16 
  961.000  7.748911e+01  1.289483e+01 -8.420997e-16 
  962.000  7.991919e+01  1.322524e+01  5.667328e-17 
  963.000  9.378643e+01  1.522133e+01 -8.023798e-17 
  964.000  9.503479e+01  1.534830e+01  8.380924e-16 
  965.000  9.506883e+01  1.532837e+01 -2.888684e-21 
  966.000  9.337322e+01  1.499912e+01  1.121974e-21 
  967.000  1.073644e+02  1.705896e+01 -1.603623e-16 
  968.000  1.263791e+02  1.988674e+01 -2.499199e-18 
  969.000  1.372250e+02  2.143768e+01  4.956869e-17 
  970.000  1.383288e+02  2.154492e+01  1.007537e-17 
  971.000  1.369512e+02  2.127580e+01 -5.311016e-14 
  972.000  1.350915e+02  2.096137e+01  2.424075e-15 
  973.000  1.274929e+02  1.978475e+01 -7.261347e-15 
  974.000  1.182233e+02  1.833838e+01 -9.121542e-16 
  975.000  1.142733e+02  1.769992e+01  3.284654e-15 
  976.000  1.214254e+02  1.872965e+01  6.106736e-16 
  977.000  1.280161e+02  1.962823e+01  6.210114e-16 
  978.000  1.305317e+02  1.996616e+01  1.490611e-15 
  979.000  1.294808e+02  1.972837e+01 -2.287763e-14 
  980.000  1.419319e+02  2.145023e+01 -7.303957e-15 
  981.000  1.454828e+02  2.190007e+01  2.695587e-14 
  982.000  1.429328e+02  2.148573e+01 -2.515124e-15 
  983.000  1.483109e+02  2.216989e+01  1.214540e-14 
  984.000  1.533277e+02  2.279479e+01  1.303832e-14 
  985.000  1.567788e+02  2.321227e+01  7.897592e-14 
  986.000  1.600416e+02  2.359254e+01 -1.401082e-14 
  987.000  1.639465e+02  2.408818e+01 -2.938023e-14 
  988.000  1.624758e+02  2.380565e+01 -2.483504e-15 
  989.000  1.607859e+02  2.349392e+01 -1.583749e-14 
  990.000  1.627074e+02  2.370873e+01  1.172994e-14 
  991.000  1.657966e+02  2.408317e+01  8.138086e-15 
  992.000  1.648088e+02  2.387376e+01 -6.804600e-15 
  993.000  1.650478e+02  2.384472e+01 -1.798607e-14 
  994.000  1.672909e+02  2.408693e+01 -2.751603e-14 
  995.000  1.671670e+02  2.400037e+01 -2.730952e-14 
  996.000  1.671831e+02  2.394024e+01 -5.277880e-14 
  997.000  1.667838e+02  2.382472e+01  0.000000e+00 
  998.000  1.654914e+02  2.358313e+01  0.000000e+00 
  999.000  1.648401e+02  2.343101e+01 -2.535095e-14 
 1000.000  1.638167e+02  2.322383e+01 -2.695346e-14 
 1001.000  1.633434e+02  2.311594e+01  4.531152e-15 
 1002.000  1.606934e+02  2.270021e+01 -6.612533e-15 
 1003.000  1.594537e+02  2.246240e+01  9.179443e-15 
 1004.000  1.595729e+02  2.241077e+01 -5.949561e-16 
 1005.000  1.496944e+02  2.096487e+01  3.544922e-15 
 1006.000  1.577947e+02  2.204087e+01 -2.333564e-14 
 1007.000  1.602579e+02  2.233046e+01  5.590093e-15 
 1008.000  1.590080e+02  2.211355e+01  2.106819e-14 
 1009.000  1.554774e+02  2.158726e+01  6.479582e-15 
 1010.000  1.572781e+02  2.177164e+01  1.262386e-14 
 1011.000  1.592629e+02  2.196854e+01  2.149739e-15 
 1012.000  1.604411e+02  2.206664e+01  6.230156e-15 
 1013.000  1.600090e+02  2.193665e+01 -1.033287e-13 
 1014.000  1.614608e+02  2.207676e+01  2.643818e-14 
 1015.000  1.585953e+02  2.162892e+01 -2.421117e-14 
 1016.000  1.599764e+02  2.175917e+01 -2.611207e-14 
 1017.000  1.586778e+02  2.152601e+01  0.000000e+00 
 1018.000  1.603702e+02  2.170262e+01 -2.619474e-14 
 1019.000  1.559520e+02  2.106448e+01  7.605660e-15 
 1020.000  1.558370e+02  2.098497e+01  9.877834e-14 
 1021.000  1.581309e+02  2.123553e+01  2.406730e-14 
 1022.000  1.548087e+02  2.075110e+01 -2.078748e-14 
 1023.000  1.568857e+02  2.098234e+01 -2.647813e-15 
 1024.000  1.555670e+02  2.075690e+01  1.516501e-14 
 1025.000  1.570890e+02  2.088652e+01  5.153482e-14 
 1026.000  1.580999e+02  2.096292e+01  0.000000e+00 
 1027.000  1.568544e+02  2.074671e+01  5.127259e-14 
 1028.000  1.575349e+02  2.078216e+01  2.397225e-14 
 1029.000  1.558764e+02  2.050679e+01  2.528911e-14 
 1030.000  1.581477e+02  2.074884e+01 -2.553112e-14 
 1031.000  1.580085e+02  2.067599e+01 -2.544369e-14 
 1032.000  1.577386e+02  2.058689e+01 -2.534992e-14 
 1033.000  1.549536e+02  2.017172e+01  0.000000e+00 
 1034.000  1.566932e+02  2.034619e+01  0.000000e+00 
 1035.000  1.551164e+02  2.009031e+01  4.808271e-14 
 1036.000  1.571176e+02  2.029781e+01  0.000000e+00 
 1037.000  1.538774e+02  1.982839e+01  0.000000e+00 
 1038.000  1.555038e+02  1.998695e+01  2.491325e-14 
 1039.000  1.560335e+02  2.000520e+01 -2.334364e-14 
 1040.000  1.541061e+02  1.970879e+01  2.307135e-14 
 1041.000  1.548545e+02  1.975508e+01  0.000000e+00 
 1042.000  1.553097e+02  1.976341e+01  0.000000e+00 
 1043.000  1.526527e+02  1.937634e+01  2.450593e-14 
 1044.000  1.541113e+02  1.951259e+01  0.000000e+00 
 1045.000  1.532284e+02  1.935333e+01 -2.465547e-14 
 1046.000  1.486314e+02  1.872631e+01 -2.394394e-14 
 1047.000  1.511854e+02  1.900115e+01 -1.633891e-15 
 1048.000  1.525333e+02  1.912243e+01 -2.464539e-14 
 1049.000  1.513704e+02  1.892909e+01 -2.449862e-14 
 1050.000  1.502636e+02  1.874463e+01  0.000000e+00 
 1051.000  1.499712e+02  1.866315e+01  0.000000e+00 
 1052.000  1.490487e+02  1.850302e+01  9.708094e-14 
 1053.000  1.490466e+02  1.845676e+01  4.856576e-14 
 1054.000  1.471815e+02  1.818208e+01  0.000000e+00 
 1055.000  1.479241e+02  1.822997e+01 -4.847089e-14 
 1056.000  1.472246e+02  1.809992e+01  9.673164e-14 
 1057.000  1.463787e+02  1.795422e+01 -1.583871e-09 
 1058.000  1.439093e+02  1.761306e+01 -3.210203e-15 
 1059.000  1.393592e+02  1.701336e+01  0.000000e+00 
 1060.000  1.446879e+02  1.761706e+01  9.608935e-14 
 1061.000  1.394707e+02  1.694518e+01  0.000000e+00 
 1062.000  1.428157e+02  1.731664e+01  3.196806e-15 
 1063.000  1.401759e+02  1.695995e+01  9.073629e-14 
 1064.000  1.415219e+02  1.708788e+01 -4.600733e-14 
 1065.000  1.408247e+02  1.697017e+01 -2.379398e-14 
 1066.000  1.365812e+02  1.642231e+01  2.151660e-14 
 1067.000  1.396407e+02  1.675487e+01 -2.204193e-14 
 1068.000  1.382207e+02  1.656278e+01 -2.673586e-13 
 1069.000  1.274492e+02  1.524328e+01  1.465577e-13 
 1070.000  1.353490e+02  1.615190e+01 -7.003952e-10 
 1071.000  1.350455e+02  1.608637e+01  4.021045e-15 
 1072.000  1.348925e+02  1.603909e+01 -7.135467e-14 
 1073.000  1.304707e+02  1.548083e+01  1.207044e-16 
 1074.000  1.353316e+02  1.602188e+01 -3.962125e-14 
 1075.000  1.323555e+02  1.562719e+01 -3.368090e-14 
 1076.000  1.347103e+02  1.587620e+01  3.132646e-15 
 1077.000  1.336362e+02  1.572298e+01  0.000000e+00 
 1078.000  1.330703e+02  1.563167e+01  6.670584e-15 
 1079.000  1.278927e+02  1.499232e+01  2.421407e-14 
 1080.000  1.289170e+02  1.510486e+01  0.000000e+00 
 1081.000  1.241330e+02  1.451453e+01 -8.180445e-14 
 1082.000  1.270352e+02  1.481096e+01 -3.733741e-14 
 1083.000  1.222363e+02  1.423401e+01 -3.736879e-14 
 1084.000  1.253319e+02  1.457844e+01  7.830046e-14 
 1085.000  1.199352e+02  1.395715e+01  8.241714e-14 
 1086.000  1.224576e+02  1.421158e+01 -8.033010e-14 
 1087.000  1.190140e+02  1.374408e+01  2.153687e-16 
 1088.000  1.265006e+02  1.457590e+01 -3.891342e-14 
 1089.000  1.166849e+02  1.346254e+01 -9.202480e-17 
 1090.000  1.182999e+02  1.362924e+01 -3.988352e-14 
 1091.000  1.200619e+02  1.379373e+01 -8.297426e-16 
 1092.000  1.148222e+02  1.318761e+01 -9.623801e-16 
 1093.000  1.080342e+02  1.242993e+01  4.574383e-15 
 1094.000  9.624926e+01  1.106708e+01 -3.757163e-15 
 1095.000  1.045404e+02  1.199262e+01  9.984026e-15 
 1096.000  1.043785e+02  1.194715e+01 -9.898675e-15 
 1097.000  1.018974e+02  1.164713e+01  4.668954e-16 
 1098.000  8.839780e+01  1.013612e+01  9.923656e-16 
 1099.000  7.867850e+01  9.064321e+00 -1.762943e-15 
 1100.000  8.065685e+01  9.267379e+00  3.700589e-21 
