  400.000  7.993640e+00  1.260050e+02 -9.690271e-16 
  401.000  8.143396e+00  1.250399e+02 -2.435759e-14 
  402.000  8.843052e+00  1.323005e+02 -5.254077e-16 
  403.000  8.483912e+00  1.237065e+02 -2.200824e-14 
  404.000  9.335986e+00  1.327130e+02  7.367309e-15 
  405.000  8.764524e+00  1.214954e+02 -1.145964e-14 
  406.000  8.902325e+00  1.203709e+02  1.310450e-14 
  407.000  8.871342e+00  1.170315e+02 -1.296172e-15 
  408.000  9.830871e+00  1.265647e+02  1.444235e-14 
  409.000  1.112764e+01  1.398436e+02  2.136252e-15 
  410.000  9.510937e+00  1.167055e+02 -2.056931e-14 
  411.000  1.141477e+01  1.367958e+02  1.501407e-14 
  412.000  1.208474e+01  1.414782e+02  1.274976e-14 
  413.000  1.166168e+01  1.333997e+02 -1.157243e-14 
  414.000  1.168230e+01  1.306082e+02 -5.998729e-15 
  415.000  1.272402e+01  1.390621e+02  6.396741e-16 
  416.000  1.291097e+01  1.379736e+02 -1.024023e-14 
  417.000  1.277608e+01  1.335314e+02  9.125760e-15 
  418.000  1.275127e+01  1.303702e+02 -2.655769e-15 
  419.000  1.332520e+01  1.333028e+02  6.816232e-15 
  420.000  1.150181e+01  1.126065e+02 -5.558440e-15 
  421.000  1.469311e+01  1.408070e+02 -1.613104e-14 
  422.000  1.435264e+01  1.346596e+02  1.260745e-14 
  423.000  1.235487e+01  1.135078e+02 -3.157137e-16 
  424.000  1.384811e+01  1.246075e+02 -2.538827e-14 
  425.000  1.461001e+01  1.287866e+02 -1.724589e-14 
  426.000  1.430346e+01  1.235416e+02  2.827905e-15 
  427.000  1.400955e+01  1.185857e+02 -2.983525e-14 
  428.000  1.444138e+01  1.198201e+02  5.680302e-15 
  429.000  1.337200e+01  1.087703e+02  2.738919e-14 
  430.000  1.085804e+01  8.660491e+01  6.745254e-15 
  431.000  9.932210e+00  7.769435e+01 -4.252566e-15 
  432.000  1.818578e+01  1.395421e+02  1.680490e-15 
  433.000  1.646360e+01  1.239382e+02 -2.595617e-15 
  434.000  1.591185e+01  1.175385e+02  1.053765e-14 
  435.000  1.760047e+01  1.275967e+02  6.578263e-16 
  436.000  1.983818e+01  1.411714e+02 -7.091686e-15 
  437.000  2.035621e+01  1.422154e+02 -9.086158e-15 
  438.000  1.852880e+01  1.271088e+02 -1.717457e-14 
  439.000  1.821621e+01  1.227249e+02  1.070011e-16 
  440.000  2.073776e+01  1.372353e+02  1.635569e-15 
  441.000  2.099165e+01  1.364743e+02  1.018419e-14 
  442.000  2.244687e+01  1.433965e+02 -3.518575e-15 
  443.000  2.293795e+01  1.440100e+02  2.686198e-15 
  444.000  2.312784e+01  1.427264e+02 -8.830475e-15 
  445.000  2.468284e+01  1.497543e+02  6.737745e-15 
  446.000  2.228464e+01  1.329521e+02  4.216683e-15 
  447.000  2.578838e+01  1.512903e+02  3.564938e-15 
  448.000  2.661976e+01  1.535435e+02  1.402031e-14 
  449.000  2.721432e+01  1.543441e+02  2.478755e-14 
  450.000  2.822894e+01  1.574464e+02  8.901705e-15 
  451.000  3.095639e+01  1.698350e+02  2.759315e-16 
  452.000  2.919005e+01  1.575573e+02 -5.949027e-15 
  453.000  2.747756e+01  1.459428e+02  5.585110e-15 
  454.000  2.970068e+01  1.552541e+02  3.971156e-14 
  455.000  3.031055e+01  1.559547e+02  2.614748e-15 
  456.000  3.144584e+01  1.592814e+02  7.820751e-15 
  457.000  3.202940e+01  1.597302e+02  7.048292e-15 
  458.000  3.186673e+01  1.564838e+02 -1.857519e-14 
  459.000  3.226155e+01  1.560190e+02  8.543636e-15 
  460.000  3.237763e+01  1.542227e+02  2.948615e-15 
  461.000  3.396386e+01  1.593611e+02 -9.228640e-15 
  462.000  3.381498e+01  1.563137e+02 -2.391521e-14 
  463.000  3.422894e+01  1.559051e+02 -7.236867e-15 
  464.000  3.479362e+01  1.561712e+02 -1.303907e-14 
  465.000  3.472983e+01  1.536382e+02 -3.370010e-15 
  466.000  3.628622e+01  1.582323e+02 -3.151676e-15 
  467.000  3.544172e+01  1.523675e+02  2.365047e-14 
  468.000  3.794316e+01  1.608458e+02  1.658886e-14 
  469.000  3.800184e+01  1.588844e+02  1.537802e-14 
  470.000  3.784634e+01  1.561032e+02 -8.221273e-15 
  471.000  3.812353e+01  1.551724e+02 -1.502279e-14 
  472.000  3.891492e+01  1.563388e+02 -4.347029e-15 
  473.000  3.877498e+01  1.537939e+02 -2.462442e-14 
  474.000  3.934982e+01  1.541285e+02  9.516906e-16 
  475.000  4.112980e+01  1.592084e+02 -6.153573e-15 
  476.000  3.996558e+01  1.529984e+02  2.622029e-14 
  477.000  3.975731e+01  1.504510e+02  6.108266e-15 
  478.000  4.222416e+01  1.575470e+02  2.517485e-14 
  479.000  4.095787e+01  1.504926e+02 -8.935317e-15 
  480.000  4.247619e+01  1.536608e+02 -3.736718e-15 
  481.000  4.287188e+01  1.527912e+02  7.570384e-16 
  482.000  4.439496e+01  1.559688e+02  1.130401e-14 
  483.000  4.501258e+01  1.559714e+02  7.608490e-15 
  484.000  4.377924e+01  1.496928e+02 -5.358303e-15 
  485.000  4.457057e+01  1.504351e+02  9.329682e-15 
  486.000  3.652198e+01  1.217101e+02 -8.844614e-15 
  487.000  4.148708e+01  1.365331e+02 -3.364833e-15 
  488.000  4.551450e+01  1.479418e+02 -1.850621e-14 
  489.000  4.274250e+01  1.372350e+02 -6.665096e-15 
  490.000  4.915273e+01  1.559032e+02  5.141487e-15 
  491.000  4.641870e+01  1.454577e+02  2.549567e-14 
  492.000  4.500276e+01  1.393359e+02  2.367046e-14 
  493.000  4.889592e+01  1.495917e+02  1.249707e-14 
  494.000  4.764494e+01  1.440485e+02 -7.167383e-16 
  495.000  5.137204e+01  1.534980e+02  3.607713e-14 
  496.000  5.039746e+01  1.488286e+02 -7.162931e-15 
  497.000  4.924182e+01  1.437262e+02  8.716363e-16 
  498.000  4.842352e+01  1.397056e+02 -9.808999e-15 
  499.000  4.864581e+01  1.387403e+02 -5.017680e-15 
  500.000  4.876890e+01  1.375089e+02  1.193201e-14 
  501.000  4.799742e+01  1.338065e+02 -5.415232e-15 
  502.000  4.800377e+01  1.323219e+02 -8.367394e-15 
  503.000  5.120537e+01  1.395716e+02  2.907498e-14 
  504.000  4.795438e+01  1.292623e+02  7.750463e-15 
  505.000  5.205641e+01  1.387774e+02 -3.665853e-15 
  506.000  5.619049e+01  1.481640e+02 -1.426397e-14 
  507.000  5.271730e+01  1.374975e+02 -2.282750e-14 
  508.000  5.097688e+01  1.315227e+02  3.634615e-15 
  509.000  5.542266e+01  1.414595e+02  5.420681e-15 
  510.000  5.413590e+01  1.367049e+02 -6.482709e-15 
  511.000  5.457082e+01  1.363456e+02  9.997156e-15 
  512.000  5.771076e+01  1.426747e+02  1.738492e-14 
  513.000  5.321793e+01  1.301913e+02  7.821168e-15 
  514.000  5.249123e+01  1.270788e+02 -1.841861e-14 
  515.000  5.398623e+01  1.293475e+02  2.901181e-14 
  516.000  5.708640e+01  1.353701e+02  4.543448e-15 
  517.000  4.230304e+01  9.929075e+01 -4.725083e-15 
  518.000  5.268284e+01  1.224000e+02 -1.403795e-15 
  519.000  5.020394e+01  1.154654e+02 -9.161517e-15 
  520.000  5.559452e+01  1.265814e+02  1.352296e-15 
  521.000  5.593788e+01  1.260974e+02 -3.243718e-15 
  522.000  5.846252e+01  1.304923e+02  3.218664e-14 
  523.000  5.472677e+01  1.209700e+02  1.360756e-14 
  524.000  5.966632e+01  1.306155e+02  1.326294e-14 
  525.000  5.946574e+01  1.289328e+02  9.369600e-15 
  526.000  5.695180e+01  1.222978e+02  5.504933e-15 
  527.000  4.996812e+01  1.062825e+02  1.019897e-15 
  528.000  6.026091e+01  1.269658e+02 -9.616130e-16 
  529.000  6.222736e+01  1.298780e+02  1.444795e-15 
  530.000  5.904338e+01  1.220794e+02  4.277832e-15 
  531.000  6.453581e+01  1.321921e+02  1.341541e-14 
  532.000  6.184148e+01  1.254904e+02 -9.588703e-15 
  533.000  5.462960e+01  1.098193e+02 -5.238056e-15 
  534.000  5.978630e+01  1.190449e+02  2.667784e-15 
  535.000  6.141375e+01  1.211160e+02  3.733636e-15 
  536.000  6.560048e+01  1.281454e+02 -2.278285e-14 
  537.000  6.124835e+01  1.185234e+02  2.346521e-15 
  538.000  6.450031e+01  1.236637e+02  8.902387e-15 
  539.000  6.466161e+01  1.228390e+02  2.263020e-15 
  540.000  6.363749e+01  1.197978e+02 -8.849196e-15 
  541.000  5.867957e+01  1.094700e+02  6.016383e-15 
  542.000  6.581462e+01  1.216838e+02 -3.371872e-15 
  543.000  6.329281e+01  1.159825e+02  1.317468e-14 
  544.000  6.709480e+01  1.218660e+02  2.242830e-15 
  545.000  6.641212e+01  1.195688e+02  9.997240e-15 
  546.000  6.524210e+01  1.164388e+02 -8.979045e-15 
  547.000  6.833672e+01  1.209028e+02 -7.112725e-15 
  548.000  6.370249e+01  1.117312e+02  2.173167e-14 
  549.000  6.735397e+01  1.171211e+02  7.812804e-15 
  550.000  6.616686e+01  1.140742e+02  1.321364e-14 
  551.000  6.602848e+01  1.128710e+02  4.402919e-15 
  552.000  6.916464e+01  1.172339e+02 -9.622294e-16 
  553.000  6.672599e+01  1.121532e+02 -5.696144e-16 
  554.000  6.918260e+01  1.153143e+02  6.025613e-15 
  555.000  6.965286e+01  1.151369e+02  9.433204e-15 
  556.000  6.799188e+01  1.114660e+02 -1.978916e-14 
  557.000  6.620651e+01  1.076541e+02 -2.992686e-15 
  558.000  6.895771e+01  1.112194e+02  5.784134e-16 
  559.000  6.539635e+01  1.046274e+02  6.219567e-15 
  560.000  6.588330e+01  1.045697e+02  5.561770e-15 
  561.000  7.261030e+01  1.143424e+02 -5.286158e-15 
  562.000  6.671882e+01  1.042989e+02 -8.668281e-15 
  563.000  6.996197e+01  1.085348e+02  2.104362e-14 
  564.000  6.909157e+01  1.063884e+02 -7.874222e-15 
  565.000  6.993267e+01  1.069270e+02 -5.803596e-16 
  566.000  6.457912e+01  9.800874e+01 -3.078050e-15 
  567.000  6.909949e+01  1.042110e+02  4.456795e-15 
  568.000  6.806725e+01  1.023410e+02 -2.734338e-15 
  569.000  6.462282e+01  9.769414e+01  3.079064e-15 
  570.000  6.532383e+01  9.791003e+01  2.307235e-15 
  571.000  6.459507e+01  9.519997e+01  2.065391e-16 
  572.000  6.672693e+01  9.860041e+01  1.718803e-15 
  573.000  6.799776e+01  9.932967e+01  7.384472e-15 
  574.000  6.781525e+01  9.832171e+01 -5.920381e-15 
  575.000  6.617300e+01  9.532099e+01 -8.383314e-15 
  576.000  6.518249e+01  9.324875e+01 -1.152209e-14 
  577.000  6.859624e+01  9.724327e+01 -1.493009e-15 
  578.000  6.753983e+01  9.479093e+01  1.150267e-14 
  579.000  6.800800e+01  9.451925e+01 -1.453751e-14 
  580.000  7.150391e+01  9.840220e+01  2.453620e-15 
  581.000  7.166843e+01  9.755338e+01 -2.476785e-15 
  582.000  7.387652e+01  9.960429e+01 -1.554615e-14 
  583.000  7.526440e+01  1.006201e+02  7.495883e-15 
  584.000  7.576588e+01  1.004795e+02 -6.244322e-15 
  585.000  7.596008e+01  9.995515e+01 -1.588643e-14 
  586.000  7.326830e+01  9.569105e+01 -1.717102e-14 
  587.000  7.592133e+01  9.874525e+01  4.470941e-15 
  588.000  7.227390e+01  9.483084e+01  5.470588e-15 
  589.000  6.018948e+01  7.992460e+01  4.834360e-15 
  590.000  6.288167e+01  8.300052e+01  1.115155e-15 
  591.000  7.029560e+01  9.098641e+01  3.848258e-15 
  592.000  6.761088e+01  8.748077e+01  9.407913e-17 
  593.000  7.228320e+01  9.152520e+01 -4.308425e-16 
  594.000  7.243181e+01  9.138946e+01 -2.244111e-15 
  595.000  6.879417e+01  8.708652e+01  1.158790e-15 
  596.000  7.445786e+01  9.223025e+01 -9.933392e-15 
  597.000  7.403440e+01  9.135186e+01 -6.145627e-15 
  598.000  7.423441e+01  9.038847e+01  3.383881e-15 
  599.000  7.507539e+01  9.053181e+01 -5.940177e-15 
  600.000  7.668558e+01  9.129938e+01 -5.191578e-15 
  601.000  7.754906e+01  9.111031e+01 -7.453223e-16 
  602.000  7.717453e+01  8.993405e+01 -2.013289e-15 
  603.000  7.825536e+01  9.048169e+01  1.159820e-14 
  604.000  8.150246e+01  9.353061e+01  5.072144e-15 
  605.000  8.200510e+01  9.341298e+01  6.908745e-16 
  606.000  8.157625e+01  9.229842e+01  6.908156e-15 
  607.000  8.162437e+01  9.173706e+01  2.649598e-15 
  608.000  8.180933e+01  9.134252e+01  1.455326e-14 
  609.000  8.143219e+01  9.033263e+01 -9.912062e-15 
  610.000  8.058837e+01  8.882150e+01 -1.073637e-14 
  611.000  8.238128e+01  9.021991e+01  3.413792e-15 
  612.000  8.178017e+01  8.899591e+01 -9.235305e-16 
  613.000  8.103820e+01  8.763658e+01 -6.884404e-15 
  614.000  7.853816e+01  8.440613e+01  2.472279e-14 
  615.000  8.274651e+01  8.837919e+01  5.703791e-15 
  616.000  7.908707e+01  8.395373e+01  1.744194e-15 
  617.000  7.992646e+01  8.433241e+01  7.826549e-15 
  618.000  8.406319e+01  8.816846e+01  1.134086e-14 
  619.000  8.361325e+01  8.718345e+01 -7.532686e-15 
  620.000  8.515302e+01  8.827605e+01 -6.852353e-15 
  621.000  8.688970e+01  8.956624e+01  7.502764e-15 
  622.000  8.252628e+01  8.459628e+01  4.418343e-16 
  623.000  8.333141e+01  8.496287e+01 -1.374873e-14 
  624.000  8.358958e+01  8.476814e+01  5.955502e-15 
  625.000  8.146532e+01  8.217637e+01 -6.974211e-15 
  626.000  8.170836e+01  8.207294e+01  1.145874e-14 
  627.000  8.193443e+01  8.220519e+01 -1.918640e-15 
  628.000  7.591940e+01  7.692696e+01  8.854031e-15 
  629.000  8.083986e+01  8.094422e+01 -1.544466e-15 
  630.000  7.959425e+01  7.889163e+01  6.149929e-15 
  631.000  8.385777e+01  8.243022e+01 -8.241642e-15 
  632.000  7.779443e+01  7.629936e+01 -5.412584e-15 
  633.000  8.588162e+01  8.305302e+01 -5.427043e-15 
  634.000  8.453551e+01  8.111327e+01 -3.436435e-15 
  635.000  8.691380e+01  8.287078e+01 -1.201311e-14 
  636.000  8.491467e+01  8.037398e+01 -1.041262e-15 
  637.000  8.869305e+01  8.337316e+01  3.598472e-15 
  638.000  9.151424e+01  8.530388e+01  2.620694e-15 
  639.000  9.150611e+01  8.477027e+01  5.447716e-15 
  640.000  8.969385e+01  8.249702e+01  1.341365e-14 
  641.000  9.172017e+01  8.384798e+01 -6.238768e-17 
  642.000  9.146437e+01  8.305636e+01  5.205833e-15 
  643.000  9.312000e+01  8.419669e+01  1.934113e-15 
  644.000  9.258393e+01  8.323118e+01  4.312591e-15 
  645.000  9.318502e+01  8.349203e+01  9.770769e-15 
  646.000  8.683923e+01  7.832573e+01  6.679073e-17 
  647.000  8.627528e+01  7.792225e+01 -1.876208e-15 
  648.000  8.413758e+01  7.612874e+01 -9.836252e-15 
  649.000  8.832983e+01  7.898403e+01  3.330827e-15 
  650.000  8.611644e+01  7.561118e+01  3.558151e-15 
  651.000  9.316690e+01  8.135689e+01 -9.417790e-16 
  652.000  8.811704e+01  7.738951e+01  6.278853e-15 
  653.000  9.459313e+01  8.156927e+01 -2.159062e-15 
  654.000  9.329085e+01  8.012585e+01 -5.148372e-15 
  655.000  8.968566e+01  7.697899e+01  7.814319e-15 
  656.000  7.692289e+01  6.556255e+01  5.353033e-15 
  657.000  8.320048e+01  7.035339e+01 -5.600250e-15 
  658.000  9.454347e+01  7.916442e+01 -3.661405e-15 
  659.000  9.613641e+01  7.970625e+01 -1.584832e-14 
  660.000  9.771166e+01  8.049092e+01 -1.808518e-16 
  661.000  9.967365e+01  8.141016e+01 -8.891808e-15 
  662.000  1.020640e+02  8.280769e+01  7.604097e-15 
  663.000  1.011931e+02  8.170187e+01  1.930941e-14 
  664.000  1.002242e+02  8.045102e+01  1.254091e-14 
  665.000  1.011778e+02  8.077036e+01  1.418971e-14 
  666.000  1.030218e+02  8.177674e+01  8.947993e-15 
  667.000  1.015386e+02  8.015908e+01  1.575941e-14 
  668.000  1.028711e+02  8.072353e+01 -3.190049e-15 
  669.000  1.049147e+02  8.187652e+01 -5.332714e-15 
  670.000  1.041618e+02  8.085718e+01 -3.550503e-15 
  671.000  1.035816e+02  7.997595e+01 -2.603472e-14 
  672.000  1.037173e+02  7.966290e+01 -7.113222e-15 
  673.000  1.049301e+02  8.017657e+01  3.635230e-15 
  674.000  1.056020e+02  8.027338e+01  3.703975e-15 
  675.000  1.044519e+02  7.899007e+01 -3.302775e-14 
  676.000  1.068770e+02  8.041068e+01  3.764210e-14 
  677.000  1.051806e+02  7.873005e+01  3.753878e-15 
  678.000  1.073587e+02  7.995070e+01  9.389027e-16 
  679.000  1.062059e+02  7.870296e+01  2.635821e-14 
  680.000  1.054576e+02  7.781982e+01 -4.570753e-16 
  681.000  1.058013e+02  7.770550e+01  2.739394e-14 
  682.000  1.058778e+02  7.738999e+01  3.381242e-15 
  683.000  1.069172e+02  7.777619e+01  1.297727e-14 
  684.000  1.050459e+02  7.610122e+01 -3.230112e-15 
  685.000  1.068907e+02  7.700795e+01  1.242618e-14 
  686.000  1.016067e+02  7.295058e+01  1.763704e-14 
  687.000  6.969438e+01  5.253807e+01  1.845709e-15 
  688.000  7.935107e+01  5.852958e+01  2.233404e-16 
  689.000  7.685741e+01  5.669369e+01 -4.553305e-15 
  690.000  8.261926e+01  6.016460e+01  7.344874e-15 
  691.000  8.993048e+01  6.457707e+01 -1.125394e-14 
  692.000  9.308252e+01  6.632357e+01 -2.615820e-15 
  693.000  8.971387e+01  6.442385e+01  3.316096e-15 
  694.000  8.619090e+01  6.232566e+01  3.197881e-15 
  695.000  8.835931e+01  6.317287e+01  1.596879e-15 
  696.000  9.179520e+01  6.503214e+01  4.535722e-15 
  697.000  1.022269e+02  7.052278e+01 -2.579847e-15 
  698.000  9.844762e+01  6.792817e+01 -3.226958e-15 
  699.000  9.148108e+01  6.406423e+01  3.703671e-16 
  700.000  9.201474e+01  6.395663e+01 -1.750711e-16 
  701.000  8.825259e+01  6.130745e+01  2.894648e-15 
  702.000  8.941637e+01  6.164531e+01 -5.432904e-15 
  703.000  9.831484e+01  6.639023e+01 -9.035942e-15 
  704.000  9.917918e+01  6.661617e+01  1.214800e-15 
  705.000  9.703049e+01  6.531225e+01  1.235860e-14 
  706.000  9.683478e+01  6.479424e+01  4.122194e-15 
  707.000  9.669974e+01  6.425116e+01  3.295200e-15 
  708.000  1.009795e+02  6.661097e+01 -8.966285e-15 
  709.000  1.000826e+02  6.536134e+01  7.637039e-15 
  710.000  9.991587e+01  6.533625e+01 -1.739478e-15 
  711.000  1.018531e+02  6.591291e+01  9.322029e-15 
  712.000  1.029773e+02  6.600607e+01 -5.321931e-15 
  713.000  1.008495e+02  6.462419e+01 -2.912012e-15 
  714.000  1.020688e+02  6.521668e+01  9.417247e-17 
  715.000  9.561050e+01  6.124538e+01  1.670968e-15 
  716.000  9.490009e+01  6.098530e+01 -2.248103e-15 
  717.000  7.440240e+01  4.959295e+01 -2.603328e-16 
  718.000  6.423577e+01  4.401811e+01  9.925808e-16 
  719.000  6.025434e+01  4.165006e+01  4.130141e-15 
  720.000  5.629414e+01  3.945264e+01  3.048232e-16 
  721.000  7.873536e+01  5.100974e+01 -9.656104e-16 
  722.000  8.956625e+01  5.662675e+01 -2.782309e-15 
  723.000  8.408776e+01  5.351543e+01  5.012307e-15 
  724.000  7.044774e+01  4.629443e+01 -1.282895e-16 
  725.000  7.168088e+01  4.663829e+01  1.612732e-15 
  726.000  7.109818e+01  4.613369e+01 -1.310076e-15 
  727.000  7.425938e+01  4.769405e+01 -1.938998e-15 
  728.000  7.109429e+01  4.573090e+01 -1.258277e-15 
  729.000  7.349877e+01  4.636345e+01  1.559899e-15 
  730.000  7.554583e+01  4.753613e+01 -2.041450e-15 
  731.000  7.347128e+01  4.614003e+01  6.042881e-16 
  732.000  8.441569e+01  5.160723e+01 -1.570775e-15 
  733.000  9.309265e+01  5.555299e+01 -3.598909e-16 
  734.000  1.003475e+02  5.900019e+01  5.587655e-15 
  735.000  9.800351e+01  5.757263e+01  9.593736e-15 
  736.000  9.317484e+01  5.485047e+01  1.671577e-15 
  737.000  9.704015e+01  5.660032e+01 -4.081006e-15 
  738.000  1.003888e+02  5.789729e+01 -5.653727e-15 
  739.000  9.878606e+01  5.655256e+01  1.859803e-15 
  740.000  1.032247e+02  5.843361e+01  3.799631e-15 
  741.000  1.045276e+02  5.868097e+01 -8.246060e-15 
  742.000  1.038033e+02  5.792823e+01  2.412766e-15 
  743.000  1.088805e+02  6.018800e+01  9.293074e-15 
  744.000  1.109232e+02  6.096081e+01 -1.746770e-14 
  745.000  1.088459e+02  5.949650e+01 -1.067480e-15 
  746.000  1.110562e+02  6.039539e+01 -2.216702e-14 
  747.000  1.131124e+02  6.124734e+01 -2.901811e-15 
  748.000  1.116295e+02  6.015692e+01 -2.946296e-15 
  749.000  1.120854e+02  6.013586e+01  1.275866e-15 
  750.000  1.104203e+02  5.902089e+01 -9.772813e-15 
  751.000  1.103964e+02  5.876187e+01  7.911039e-15 
  752.000  1.128337e+02  5.975983e+01 -5.484591e-15 
  753.000  1.121824e+02  5.915023e+01 -9.798492e-15 
  754.000  1.142925e+02  6.000287e+01 -1.428596e-14 
  755.000  1.139010e+02  5.955019e+01 -1.136213e-14 
  756.000  1.119382e+02  5.828173e+01  5.183312e-15 
  757.000  1.129788e+02  5.858390e+01 -1.808569e-14 
  758.000  1.123298e+02  5.804367e+01 -1.547451e-15 
  759.000  8.954687e+01  4.735411e+01  1.325911e-15 
  760.000  8.517338e+00  6.644430e+00  1.627565e-16 
  761.000  5.997588e+00  5.098097e+00  3.676117e-16 
  762.000  3.251899e+01  1.940471e+01 -1.318788e-15 
  763.000  2.157957e+01  1.372300e+01 -1.575182e-16 
  764.000  2.714223e+01  1.657618e+01 -6.536642e-16 
  765.000  4.314468e+01  2.457281e+01 -1.061591e-15 
  766.000  6.567381e+01  3.483545e+01 -1.317297e-15 
  767.000  8.227333e+01  4.240892e+01 -3.193433e-15 
  768.000  9.747147e+01  4.930277e+01 -4.739748e-15 
  769.000  1.054323e+02  5.257864e+01  9.786700e-15 
  770.000  1.095871e+02  5.419893e+01 -5.484777e-15 
  771.000  1.119035e+02  5.490446e+01  9.599961e-15 
  772.000  1.121536e+02  5.478143e+01 -1.187631e-14 
  773.000  1.120642e+02  5.451251e+01  1.875594e-14 
  774.000  1.136682e+02  5.507821e+01  2.800660e-15 
  775.000  1.098426e+02  5.299886e+01 -5.563608e-15 
  776.000  1.147404e+02  5.513245e+01  1.872457e-15 
  777.000  1.141345e+02  5.462973e+01 -1.457536e-14 
  778.000  1.136268e+02  5.418496e+01 -2.863796e-15 
  779.000  1.140950e+02  5.420669e+01  9.265071e-15 
  780.000  1.127793e+02  5.338330e+01 -3.475169e-15 
  781.000  1.130367e+02  5.327075e+01 -1.169172e-14 
  782.000  1.144852e+02  5.375571e+01  1.858376e-16 
  783.000  1.119042e+02  5.235058e+01  7.856487e-15 
  784.000  1.125148e+02  5.244832e+01  2.816558e-15 
  785.000  1.123040e+02  5.221241e+01  6.561260e-15 
  786.000  1.094789e+02  5.081442e+01  1.801872e-14 
  787.000  1.089204e+02  5.068185e+01 -5.002789e-16 
  788.000  1.061959e+02  4.935637e+01  2.784134e-15 
  789.000  1.026302e+02  4.795097e+01 -3.822417e-15 
  790.000  1.013451e+02  4.721104e+01 -1.470344e-16 
  791.000  1.017531e+02  4.714479e+01 -7.836289e-15 
  792.000  1.010204e+02  4.655600e+01  5.860656e-16 
  793.000  1.027902e+02  4.702077e+01 -4.987758e-15 
  794.000  1.055279e+02  4.771970e+01 -4.782600e-15 
  795.000  1.028586e+02  4.656155e+01 -3.242597e-15 
  796.000  9.881865e+01  4.512624e+01  7.853355e-15 
  797.000  1.012565e+02  4.590680e+01  1.323622e-14 
  798.000  1.052424e+02  4.716312e+01 -2.160203e-15 
  799.000  1.044296e+02  4.671007e+01  3.873696e-15 
  800.000  9.915293e+01  4.444095e+01  6.360979e-16 
  801.000  1.014504e+02  4.527294e+01 -9.101544e-16 
  802.000  1.011122e+02  4.498203e+01  2.322024e-15 
  803.000  1.001932e+02  4.437222e+01 -3.898614e-15 
  804.000  1.025358e+02  4.512012e+01 -6.543113e-15 
  805.000  1.022968e+02  4.461803e+01 -6.923642e-15 
  806.000  1.067222e+02  4.623359e+01  7.556938e-15 
  807.000  1.062906e+02  4.587295e+01  9.761256e-15 
  808.000  1.049149e+02  4.519582e+01 -1.202187e-14 
  809.000  1.022228e+02  4.397418e+01 -3.049630e-15 
  810.000  1.007296e+02  4.328244e+01  4.651074e-15 
  811.000  1.000880e+02  4.306552e+01 -3.893284e-15 
  812.000  9.668021e+01  4.172709e+01  3.977647e-15 
  813.000  9.256808e+01  4.012417e+01 -2.600069e-15 
  814.000  8.764515e+01  3.822666e+01  4.390559e-15 
  815.000  8.094479e+01  3.559217e+01 -9.322346e-16 
  816.000  7.350413e+01  3.269581e+01  8.499744e-16 
  817.000  7.429605e+01  3.291600e+01 -2.211888e-15 
  818.000  7.445061e+01  3.282571e+01  1.254365e-15 
  819.000  7.476875e+01  3.266814e+01 -4.387214e-16 
  820.000  8.091685e+01  3.468057e+01 -3.886723e-15 
  821.000  9.314599e+01  3.904342e+01 -2.705916e-15 
  822.000  8.358498e+01  3.541989e+01  1.494468e-15 
  823.000  6.704013e+01  2.947360e+01  9.661266e-16 
  824.000  8.318871e+01  3.519756e+01  1.859964e-15 
  825.000  9.405772e+01  3.881598e+01 -1.111507e-15 
  826.000  9.298967e+01  3.836967e+01  4.559284e-16 
  827.000  9.138103e+01  3.767945e+01 -2.978791e-15 
  828.000  8.415981e+01  3.505555e+01 -1.492243e-15 
  829.000  8.672173e+01  3.582877e+01  3.740526e-16 
  830.000  8.831432e+01  3.615552e+01 -8.924967e-16 
  831.000  8.757357e+01  3.567337e+01 -1.655187e-15 
  832.000  8.988509e+01  3.645019e+01 -2.965355e-16 
  833.000  8.887349e+01  3.578819e+01 -1.627455e-15 
  834.000  9.233354e+01  3.689428e+01 -1.035841e-14 
  835.000  9.664074e+01  3.815460e+01 -6.869507e-16 
  836.000  9.662571e+01  3.811531e+01  1.337343e-14 
  837.000  9.585197e+01  3.768446e+01 -3.679348e-15 
  838.000  9.826759e+01  3.834319e+01  1.447857e-15 
  839.000  9.648385e+01  3.742169e+01  2.671397e-15 
  840.000  9.961584e+01  3.846858e+01 -4.546789e-15 
  841.000  9.873107e+01  3.809842e+01 -7.439030e-15 
  842.000  9.936752e+01  3.811960e+01  1.706426e-16 
  843.000  1.014951e+02  3.857779e+01 -3.346741e-15 
  844.000  1.011536e+02  3.821432e+01  7.308973e-15 
  845.000  1.033842e+02  3.887619e+01  3.099325e-15 
  846.000  1.050332e+02  3.931120e+01  5.677830e-15 
  847.000  1.020971e+02  3.798152e+01 -5.487250e-15 
  848.000  1.042009e+02  3.877392e+01 -5.054886e-15 
  849.000  1.046381e+02  3.879491e+01 -7.255134e-16 
  850.000  9.009967e+01  3.333217e+01  1.673206e-15 
  851.000  1.026990e+02  3.791898e+01  5.440347e-15 
  852.000  9.896954e+01  3.641506e+01  3.299663e-15 
  853.000  1.012345e+02  3.703943e+01  2.539513e-16 
  854.000  8.143820e+01  2.970027e+01 -8.196791e-16 
  855.000  9.019787e+01  3.274767e+01 -2.155195e-15 
  856.000  1.033833e+02  3.727689e+01 -1.063990e-14 
  857.000  1.056758e+02  3.793728e+01  8.486090e-15 
  858.000  1.042734e+02  3.729322e+01  1.199186e-14 
  859.000  1.048369e+02  3.733444e+01 -1.213678e-15 
  860.000  1.043125e+02  3.700522e+01 -1.574229e-15 
  861.000  1.043762e+02  3.691186e+01 -1.202028e-15 
  862.000  1.044048e+02  3.678023e+01  8.829992e-15 
  863.000  1.065293e+02  3.740434e+01 -1.540278e-14 
  864.000  1.066038e+02  3.729431e+01 -1.612823e-14 
  865.000  1.048649e+02  3.655542e+01 -6.570230e-15 
  866.000  8.807098e+01  3.059961e+01  6.135827e-15 
  867.000  9.383794e+01  3.250059e+01 -2.733409e-15 
  868.000  1.018795e+02  3.517077e+01 -6.074275e-15 
  869.000  1.005855e+02  3.460897e+01  6.915346e-15 
  870.000  1.047819e+02  3.594061e+01 -6.161692e-15 
  871.000  1.047709e+02  3.581831e+01  5.412967e-15 
  872.000  1.045598e+02  3.562297e+01 -4.060196e-15 
  873.000  1.049407e+02  3.564828e+01 -8.888692e-16 
  874.000  1.026587e+02  3.476720e+01  7.236857e-16 
  875.000  1.017819e+02  3.436210e+01 -9.125820e-15 
  876.000  1.026020e+02  3.453402e+01  2.539056e-15 
  877.000  1.047490e+02  3.514273e+01  1.846982e-15 
  878.000  1.026827e+02  3.436399e+01 -1.243471e-14 
  879.000  1.030889e+02  3.438750e+01  9.471108e-16 
  880.000  1.022549e+02  3.402339e+01 -1.088025e-15 
  881.000  9.695882e+01  3.216721e+01  6.398462e-15 
  882.000  1.022441e+02  3.382480e+01  1.350337e-14 
  883.000  1.001612e+02  3.301982e+01  6.170384e-15 
  884.000  1.011671e+02  3.324176e+01  6.791865e-15 
  885.000  1.017841e+02  3.338010e+01 -1.376254e-15 
  886.000  9.785069e+01  3.204421e+01 -3.995304e-15 
  887.000  9.743650e+01  3.176701e+01 -9.699485e-16 
  888.000  1.004014e+02  3.263417e+01 -7.173110e-17 
  889.000  1.013332e+02  3.282270e+01 -4.454656e-15 
  890.000  1.006873e+02  3.254630e+01  4.228632e-15 
  891.000  9.934438e+01  3.212197e+01 -3.469872e-15 
  892.000  9.702356e+01  3.142377e+01 -5.397929e-15 
  893.000  8.749094e+01  2.864819e+01  1.499553e-15 
  894.000  8.737885e+01  2.872898e+01  1.349109e-15 
  895.000  7.470071e+01  2.494974e+01 -1.896130e-15 
  896.000  6.981085e+01  2.362371e+01 -1.971469e-15 
  897.000  6.067578e+01  2.090011e+01 -2.758904e-16 
  898.000  5.747865e+01  1.996306e+01  1.082830e-15 
  899.000  4.921456e+01  1.760263e+01  4.866139e-16 
  900.000  4.901661e+01  1.740505e+01 -7.879852e-16 
  901.000  4.612840e+01  1.646773e+01  2.374114e-17 
  902.000  4.582030e+01  1.626115e+01  4.666410e-16 
  903.000  6.244305e+01  2.098196e+01  1.328626e-15 
  904.000  7.356921e+01  2.409045e+01  2.519197e-15 
  905.000  7.320152e+01  2.389644e+01  1.900634e-15 
  906.000  6.505768e+01  2.145351e+01 -2.171389e-15 
  907.000  5.597016e+01  1.897181e+01 -5.736939e-16 
  908.000  4.854523e+01  1.680693e+01 -1.190044e-15 
  909.000  4.792041e+01  1.653044e+01 -8.603646e-16 
  910.000  4.936320e+01  1.691575e+01 -2.786375e-16 
  911.000  5.314644e+01  1.787257e+01  6.654990e-16 
  912.000  5.141594e+01  1.736519e+01 -1.320829e-16 
  913.000  4.480062e+01  1.561087e+01  2.625123e-16 
  914.000  4.833755e+01  1.649980e+01  1.766912e-16 
  915.000  5.067795e+01  1.700994e+01 -7.290971e-16 
  916.000  5.229963e+01  1.743011e+01  6.325781e-16 
  917.000  5.339474e+01  1.760673e+01 -1.353743e-16 
  918.000  5.560978e+01  1.811292e+01  4.162659e-16 
  919.000  6.514635e+01  2.060835e+01 -6.557687e-16 
  920.000  7.191171e+01  2.232082e+01 -1.457044e-15 
  921.000  6.891219e+01  2.138099e+01 -2.441444e-15 
  922.000  6.825623e+01  2.111492e+01 -2.709030e-16 
  923.000  6.356440e+01  1.968390e+01 -1.624289e-16 
  924.000  6.172967e+01  1.926910e+01 -1.182907e-16 
  925.000  6.202389e+01  1.934313e+01  3.291490e-16 
  926.000  5.921643e+01  1.847230e+01 -2.102834e-16 
  927.000  5.596691e+01  1.772547e+01 -2.124415e-16 
  928.000  4.858439e+01  1.583765e+01  1.535799e-17 
  929.000  3.830679e+01  1.310499e+01 -4.431473e-16 
  930.000  2.822935e+01  1.033471e+01 -2.114198e-16 
  931.000  1.958496e+01  7.799224e+00 -4.489954e-17 
  932.000  1.094084e+01  5.118298e+00  8.280245e-17 
  933.000  7.029649e+00  3.799156e+00 -4.265284e-17 
  934.000  4.257954e+00  2.764416e+00 -4.754603e-19 
  935.000  3.915371e+00  2.610464e+00  1.395021e-17 
  936.000  4.686430e+00  2.896193e+00 -7.389321e-18 
  937.000  4.644293e+00  2.891308e+00  6.556143e-18 
  938.000  8.014926e+00  4.051087e+00 -1.296856e-17 
  939.000  2.427966e+01  9.090103e+00 -3.855625e-16 
  940.000  2.798016e+01  1.007831e+01 -3.259253e-16 
  941.000  2.450228e+01  9.018299e+00 -3.875392e-16 
  942.000  1.742949e+01  6.853004e+00 -1.037190e-16 
  943.000  1.041163e+01  4.740043e+00  5.623246e-17 
  944.000  9.627612e+00  4.442903e+00 -2.133408e-20 
  945.000  1.196782e+01  5.191737e+00  2.707845e-17 
  946.000  1.238961e+01  5.320507e+00 -1.096649e-16 
  947.000  1.501978e+01  6.088615e+00 -1.705183e-26 
  948.000  1.687603e+01  6.630775e+00 -1.021407e-16 
  949.000  1.688332e+01  6.606963e+00  1.061474e-16 
  950.000  1.730194e+01  6.696083e+00  5.788912e-17 
  951.000  2.156450e+01  7.892667e+00  7.334718e-18 
  952.000  1.727365e+01  6.617457e+00 -1.577863e-16 
  953.000  2.056404e+01  7.527341e+00 -3.185029e-16 
  954.000  2.445144e+01  8.553508e+00  1.042232e-16 
  955.000  2.016327e+01  7.212581e+00  6.283611e-17 
  956.000  2.126570e+01  7.577254e+00 -6.768679e-19 
  957.000  3.253106e+01  1.052660e+01  9.899076e-17 
  958.000  3.486192e+01  1.108409e+01  2.984461e-16 
  959.000  3.311693e+01  1.061286e+01 -2.505712e-22 
  960.000  3.243067e+01  1.037915e+01  2.910510e-17 
  961.000  3.123198e+01  1.001662e+01 -1.119778e-16 
  962.000  3.253449e+01  1.031887e+01  8.170916e-16 
  963.000  4.024759e+01  1.215460e+01 -4.226201e-16 
  964.000  4.116126e+01  1.230122e+01 -4.817116e-16 
  965.000  4.109054e+01  1.227564e+01  5.953031e-18 
  966.000  4.057020e+01  1.203763e+01 -3.292061e-16 
  967.000  4.836913e+01  1.387411e+01 -7.220503e-16 
  968.000  6.023202e+01  1.649937e+01 -6.091389e-16 
  969.000  6.708723e+01  1.805354e+01  1.550484e-15 
  970.000  6.779009e+01  1.816674e+01  2.466086e-15 
  971.000  6.711160e+01  1.793654e+01 -1.584796e-15 
  972.000  6.576028e+01  1.759437e+01 -5.391903e-16 
  973.000  6.110863e+01  1.645595e+01  4.698765e-16 
  974.000  5.561981e+01  1.513212e+01 -2.009087e-15 
  975.000  5.312363e+01  1.454943e+01 -1.021690e-15 
  976.000  5.732265e+01  1.547445e+01 -5.032097e-17 
  977.000  6.196020e+01  1.641060e+01  9.586824e-16 
  978.000  6.312323e+01  1.668103e+01 -6.857736e-16 
  979.000  6.309150e+01  1.655334e+01  1.612277e-15 
  980.000  7.094981e+01  1.829485e+01  1.683913e-15 
  981.000  7.318319e+01  1.874648e+01 -1.410772e-15 
  982.000  7.159043e+01  1.833901e+01 -1.314292e-15 
  983.000  7.527831e+01  1.906926e+01 -1.329489e-15 
  984.000  7.885744e+01  1.973950e+01  4.588676e-16 
  985.000  8.124480e+01  2.017067e+01  3.065680e-15 
  986.000  8.371954e+01  2.058179e+01  2.153141e-15 
  987.000  8.613689e+01  2.105026e+01 -2.016153e-15 
  988.000  8.548165e+01  2.081500e+01 -2.755836e-15 
  989.000  8.467688e+01  2.055084e+01 -1.740385e-15 
  990.000  8.579842e+01  2.074912e+01  1.881935e-15 
  991.000  8.773605e+01  2.110395e+01  2.903485e-15 
  992.000  8.731770e+01  2.092976e+01 -9.383485e-16 
  993.000  8.749920e+01  2.090947e+01  2.098530e-15 
  994.000  8.892232e+01  2.112092e+01 -5.788730e-15 
  995.000  8.905385e+01  2.106159e+01  3.299353e-15 
  996.000  8.908236e+01  2.101085e+01  4.948013e-15 
  997.000  8.879417e+01  2.090553e+01 -4.214048e-15 
  998.000  8.801946e+01  2.068995e+01 -2.439546e-15 
  999.000  8.764034e+01  2.055361e+01  3.225747e-15 
 1000.000  8.715794e+01  2.037780e+01  1.571745e-15 
 1001.000  8.668087e+01  2.028134e+01 -6.416963e-16 
 1002.000  8.488400e+01  1.988396e+01 -4.527713e-16 
 1003.000  8.434632e+01  1.968611e+01 -1.715581e-15 
 1004.000  8.466384e+01  1.966258e+01  2.290037e-15 
 1005.000  7.954190e+01  1.840408e+01 -3.659519e-15 
 1006.000  8.389117e+01  1.935183e+01 -3.124950e-15 
 1007.000  8.514095e+01  1.960162e+01 -1.267141e-15 
 1008.000  8.416477e+01  1.938551e+01 -4.632605e-16 
 1009.000  8.187697e+01  1.888681e+01 -3.886429e-15 
 1010.000  8.304036e+01  1.906760e+01 -5.383897e-17 
 1011.000  8.457825e+01  1.928171e+01 -2.228578e-15 
 1012.000  8.540363e+01  1.938399e+01 -3.580890e-15 
 1013.000  8.530676e+01  1.926404e+01  4.651045e-15 
 1014.000  8.616766e+01  1.939478e+01  1.541697e-15 
 1015.000  8.466619e+01  1.900349e+01  1.082527e-15 
 1016.000  8.545094e+01  1.911724e+01 -3.318671e-15 
 1017.000  8.481849e+01  1.891806e+01  9.161254e-16 
 1018.000  8.568259e+01  1.907356e+01  4.911513e-15 
 1019.000  8.318889e+01  1.851664e+01  2.186320e-16 
 1020.000  8.316858e+01  1.843400e+01 -6.173646e-15 
 1021.000  8.453992e+01  1.866686e+01  3.922512e-15 
 1022.000  8.259069e+01  1.824105e+01  7.436381e-16 
 1023.000  8.354526e+01  1.843184e+01 -3.741592e-15 
 1024.000  8.275467e+01  1.822615e+01  2.385757e-15 
 1025.000  8.384325e+01  1.834522e+01 -7.193144e-15 
 1026.000  8.454362e+01  1.842563e+01  1.619390e-16 
 1027.000  8.382388e+01  1.823019e+01  1.655934e-15 
 1028.000  8.424683e+01  1.826549e+01  1.498266e-15 
 1029.000  8.348531e+01  1.803003e+01 -1.527630e-15 
 1030.000  8.482777e+01  1.825093e+01 -3.775455e-15 
 1031.000  8.481184e+01  1.818935e+01 -6.353275e-16 
 1032.000  8.471096e+01  1.811272e+01 -6.329861e-16 
 1033.000  8.324248e+01  1.774958e+01 -5.338943e-15 
 1034.000  8.416322e+01  1.789890e+01  4.033831e-15 
 1035.000  8.332786e+01  1.767451e+01  0.000000e+00 
 1036.000  8.439288e+01  1.785294e+01 -8.922806e-15 
 1037.000  8.267417e+01  1.744033e+01  2.877315e-15 
 1038.000  8.358617e+01  1.758382e+01 -3.736238e-15 
 1039.000  8.382622e+01  1.759368e+01 -2.917955e-15 
 1040.000  8.275545e+01  1.732749e+01  5.974894e-15 
 1041.000  8.312853e+01  1.736380e+01  4.453404e-15 
 1042.000  8.337031e+01  1.737009e+01  0.000000e+00 
 1043.000  8.195097e+01  1.702979e+01 -2.960642e-15 
 1044.000  8.270969e+01  1.714534e+01  6.187995e-15 
 1045.000  8.214323e+01  1.699285e+01 -6.672583e-16 
 1046.000  7.962141e+01  1.643407e+01  6.981249e-16 
 1047.000  8.091727e+01  1.666482e+01 -1.524441e-15 
 1048.000  8.157864e+01  1.675890e+01  2.155731e-15 
 1049.000  8.088296e+01  1.657537e+01  4.183217e-15 
 1050.000  8.022165e+01  1.640427e+01 -3.045185e-15 
 1051.000  7.996276e+01  1.632053e+01 -3.706598e-15 
 1052.000  7.938610e+01  1.616873e+01  3.690612e-15 
 1053.000  7.934526e+01  1.612189e+01  3.187858e-15 
 1054.000  7.823244e+01  1.586673e+01  5.209712e-15 
 1055.000  7.850596e+01  1.589294e+01 -4.341213e-15 
 1056.000  7.801592e+01  1.576330e+01 -3.022864e-15 
 1057.000  7.739096e+01  1.561553e+01  2.970403e-15 
 1058.000  7.585100e+01  1.529626e+01 -1.003188e-16 
 1059.000  7.341039e+01  1.476682e+01 -1.401864e-15 
 1060.000  7.622653e+01  1.528296e+01  1.350534e-15 
 1061.000  7.342069e+01  1.469160e+01  2.125261e-15 
 1062.000  7.506139e+01  1.500209e+01 -4.224241e-15 
 1063.000  7.360809e+01  1.468296e+01  6.843116e-16 
 1064.000  7.420033e+01  1.478140e+01 -8.434235e-16 
 1065.000  7.374538e+01  1.467515e+01  2.974247e-15 
 1066.000  7.154449e+01  1.420248e+01 -2.786126e-15 
 1067.000  7.314149e+01  1.449256e+01  4.231771e-15 
 1068.000  7.225684e+01  1.433272e+01 -1.169582e-15 
 1069.000  6.661976e+01  1.319925e+01  5.088574e-16 
 1070.000  7.087554e+01  1.400327e+01 -1.352164e-15 
 1071.000  7.067361e+01  1.395059e+01  1.201666e-16 
 1072.000  7.053721e+01  1.391091e+01 -2.300147e-15 
 1073.000  6.828072e+01  1.343660e+01  3.082160e-16 
 1074.000  7.093624e+01  1.392085e+01  9.337562e-16 
 1075.000  6.966087e+01  1.360544e+01 -5.338152e-16 
 1076.000  7.084682e+01  1.382317e+01 -1.242369e-15 
 1077.000  7.017930e+01  1.368600e+01 -5.408306e-17 
 1078.000  6.974207e+01  1.359864e+01  1.548083e-16 
 1079.000  6.706359e+01  1.304884e+01 -2.875023e-15 
 1080.000  6.711420e+01  1.310512e+01  2.841881e-15 
 1081.000  6.464381e+01  1.259672e+01  1.609240e-15 
 1082.000  6.643224e+01  1.288171e+01  6.636997e-18 
 1083.000  6.368576e+01  1.235940e+01 -1.606854e-15 
 1084.000  6.502569e+01  1.263248e+01 -8.612045e-16 
 1085.000  6.155769e+01  1.202102e+01 -2.663707e-16 
 1086.000  6.304642e+01  1.226320e+01  2.017467e-15 
 1087.000  6.205658e+01  1.194342e+01  1.406467e-15 
 1088.000  6.603239e+01  1.267415e+01  3.200860e-16 
 1089.000  6.000704e+01  1.161024e+01  9.821017e-16 
 1090.000  6.067508e+01  1.173538e+01 -8.818054e-16 
 1091.000  6.176945e+01  1.190007e+01 -9.573893e-16 
 1092.000  5.862764e+01  1.132435e+01 -9.161317e-16 
 1093.000  5.420696e+01  1.055023e+01  8.866344e-16 
 1094.000  4.793689e+01  9.347987e+00  1.218606e-16 
 1095.000  5.212633e+01  1.013782e+01 -3.679325e-16 
 1096.000  5.207027e+01  1.010440e+01  8.900232e-16 
 1097.000  5.062650e+01  9.827141e+00 -1.024575e-15 
 1098.000  4.203249e+01  8.390161e+00 -1.071902e-15 
 1099.000  3.596392e+01  7.399545e+00  3.534003e-16 
 1100.000  3.695929e+01  7.572656e+00  3.787444e-16 
