  400.000  1.950706e+02  3.095266e+02  3.889312e-14 
  401.000  1.953426e+02  3.060480e+02 -3.071589e-14 
  402.000  2.085520e+02  3.226533e+02 -3.188911e-14 
  403.000  1.967492e+02  3.006115e+02  5.080055e-14 
  404.000  2.129443e+02  3.213442e+02  3.957180e-14 
  405.000  1.966595e+02  2.931363e+02 -1.507295e-14 
  406.000  1.965342e+02  2.893907e+02 -6.455820e-15 
  407.000  1.927278e+02  2.803645e+02 -7.571897e-14 
  408.000  2.102060e+02  3.021308e+02  5.259879e-14 
  409.000  2.342264e+02  3.326550e+02 -4.136664e-14 
  410.000  1.971130e+02  2.766425e+02 -2.632595e-14 
  411.000  2.329691e+02  3.231349e+02 -2.353275e-14 
  412.000  2.429353e+02  3.330375e+02 -5.496671e-14 
  413.000  2.309363e+02  3.129326e+02  6.865697e-14 
  414.000  2.280403e+02  3.054577e+02 -1.600142e-14 
  415.000  2.447131e+02  3.240606e+02  2.551538e-14 
  416.000  2.447002e+02  3.203793e+02  1.685206e-14 
  417.000  2.386756e+02  3.089814e+02  4.668025e-14 
  418.000  2.348577e+02  3.006464e+02  3.864486e-14 
  419.000  2.420170e+02  3.063770e+02 -7.676877e-14 
  420.000  2.060266e+02  2.579441e+02  5.927905e-15 
  421.000  2.595990e+02  3.214639e+02 -2.221371e-14 
  422.000  2.501507e+02  3.064024e+02 -1.208398e-13 
  423.000  2.124451e+02  2.574137e+02  5.317930e-14 
  424.000  2.349657e+02  2.816532e+02  6.532295e-15 
  425.000  2.446709e+02  2.901642e+02  5.709878e-14 
  426.000  2.364577e+02  2.774574e+02 -1.000348e-15 
  427.000  2.286527e+02  2.654796e+02  1.069147e-13 
  428.000  2.327430e+02  2.674071e+02 -1.349515e-14 
  429.000  2.128380e+02  2.420005e+02  4.417276e-14 
  430.000  1.707089e+02  1.920975e+02 -1.496618e-14 
  431.000  1.542592e+02  1.718088e+02 -4.682447e-15 
  432.000  2.790584e+02  3.076421e+02 -7.340374e-14 
  433.000  2.496328e+02  2.724185e+02 -1.492650e-14 
  434.000  2.384294e+02  2.575774e+02  4.150316e-14 
  435.000  2.606651e+02  2.787860e+02 -4.401048e-14 
  436.000  2.904270e+02  3.075326e+02 -7.354517e-15 
  437.000  2.946229e+02  3.088964e+02 -1.710578e-14 
  438.000  2.651609e+02  2.752791e+02  3.616615e-14 
  439.000  2.577849e+02  2.650121e+02 -5.605687e-14 
  440.000  2.902530e+02  2.954959e+02  1.760382e-14 
  441.000  2.906266e+02  2.930221e+02 -2.351084e-14 
  442.000  3.074617e+02  3.070211e+02  1.223691e-13 
  443.000  3.108896e+02  3.074804e+02  2.365408e-14 
  444.000  3.102224e+02  3.039063e+02  3.318136e-14 
  445.000  3.277249e+02  3.180166e+02 -2.581946e-14 
  446.000  2.929572e+02  2.816006e+02  6.080450e-14 
  447.000  3.355598e+02  3.195473e+02 -9.107094e-15 
  448.000  3.426577e+02  3.233125e+02 -2.647180e-14 
  449.000  3.465199e+02  3.239825e+02 -1.051033e-13 
  450.000  3.556202e+02  3.294794e+02  8.949212e-14 
  451.000  3.859625e+02  3.543612e+02  8.493218e-14 
  452.000  3.602950e+02  3.278174e+02 -9.896283e-14 
  453.000  3.358231e+02  3.028122e+02 -6.538651e-14 
  454.000  3.594853e+02  3.212557e+02  1.739132e-14 
  455.000  3.634322e+02  3.218979e+02 -1.747831e-14 
  456.000  3.736701e+02  3.280362e+02  1.282967e-15 
  457.000  3.772026e+02  3.282256e+02 -3.844943e-14 
  458.000  3.719731e+02  3.208437e+02 -1.885286e-14 
  459.000  3.733159e+02  3.191975e+02 -3.511429e-14 
  460.000  3.714370e+02  3.148408e+02 -1.612682e-14 
  461.000  3.863156e+02  3.246321e+02 -1.078402e-13 
  462.000  3.813987e+02  3.177525e+02 -3.530212e-14 
  463.000  3.828611e+02  3.162496e+02 -8.813062e-14 
  464.000  3.855670e+02  3.157935e+02  2.533790e-15 
  465.000  3.813451e+02  3.097079e+02 -3.594677e-14 
  466.000  3.948578e+02  3.179951e+02 -3.700707e-14 
  467.000  3.822805e+02  3.052952e+02  0.000000e+00 
  468.000  4.060285e+02  3.215528e+02 -5.582440e-14 
  469.000  4.037074e+02  3.170423e+02  1.540389e-14 
  470.000  3.993139e+02  3.109692e+02 -1.771438e-14 
  471.000  3.996956e+02  3.086591e+02 -1.892850e-14 
  472.000  4.056292e+02  3.106166e+02 -1.657529e-14 
  473.000  4.021555e+02  3.053708e+02  2.018382e-14 
  474.000  4.062758e+02  3.059060e+02  1.778017e-14 
  475.000  4.234087e+02  3.160767e+02 -1.716829e-14 
  476.000  4.108792e+02  3.040499e+02  5.122765e-14 
  477.000  4.077245e+02  2.991520e+02  1.776950e-14 
  478.000  4.292804e+02  3.125601e+02  1.860826e-14 
  479.000  4.114956e+02  2.974581e+02  2.024850e-14 
  480.000  4.214185e+02  3.024850e+02  3.598311e-14 
  481.000  4.205202e+02  2.996793e+02  0.000000e+00 
  482.000  4.309141e+02  3.048538e+02 -3.908663e-15 
  483.000  4.328321e+02  3.039536e+02  1.100266e-13 
  484.000  4.174810e+02  2.909854e+02 -3.602291e-14 
  485.000  4.217873e+02  2.917800e+02 -1.748262e-14 
  486.000  3.429834e+02  2.354853e+02 -7.277020e-14 
  487.000  3.866281e+02  2.634629e+02 -6.462116e-14 
  488.000  4.210029e+02  2.847432e+02 -3.439938e-14 
  489.000  3.924690e+02  2.634679e+02 -3.306454e-14 
  490.000  4.480619e+02  2.985577e+02  1.943828e-14 
  491.000  4.203864e+02  2.780433e+02  1.816312e-14 
  492.000  4.050220e+02  2.659046e+02 -8.131668e-14 
  493.000  4.373314e+02  2.850085e+02  1.255907e-15 
  494.000  4.235540e+02  2.740100e+02  3.496580e-14 
  495.000  4.539191e+02  2.915171e+02  5.534872e-14 
  496.000  4.430857e+02  2.824908e+02  5.512287e-14 
  497.000  4.307841e+02  2.726621e+02 -1.821734e-14 
  498.000  4.215474e+02  2.648957e+02  0.000000e+00 
  499.000  4.214550e+02  2.629381e+02  5.078090e-14 
  500.000  4.205154e+02  2.604791e+02 -1.180844e-15 
  501.000  4.119659e+02  2.533675e+02 -3.328969e-14 
  502.000  4.101368e+02  2.504569e+02  3.305035e-14 
  503.000  4.355041e+02  2.640739e+02  1.689272e-14 
  504.000  4.060360e+02  2.444773e+02  4.937742e-14 
  505.000  4.388451e+02  2.623836e+02  1.450055e-14 
  506.000  4.709154e+02  2.796109e+02  1.086116e-13 
  507.000  4.391929e+02  2.589806e+02  5.287339e-14 
  508.000  4.221868e+02  2.472475e+02  6.674452e-14 
  509.000  4.563258e+02  2.654179e+02 -1.245400e-15 
  510.000  4.431722e+02  2.560149e+02  3.598042e-14 
  511.000  4.442867e+02  2.549196e+02  5.151218e-14 
  512.000  4.673228e+02  2.663278e+02 -2.524274e-15 
  513.000  4.286349e+02  2.426386e+02 -5.051698e-14 
  514.000  4.205417e+02  2.364647e+02  4.375730e-14 
  515.000  4.302449e+02  2.403091e+02  8.241838e-14 
  516.000  4.528230e+02  2.512379e+02 -1.681558e-14 
  517.000  3.341680e+02  1.841739e+02 -3.891155e-14 
  518.000  4.144603e+02  2.269154e+02  4.704148e-14 
  519.000  3.933596e+02  2.139443e+02  0.000000e+00 
  520.000  4.338419e+02  2.344147e+02  4.899980e-14 
  521.000  4.348274e+02  2.334101e+02  5.014063e-14 
  522.000  4.528186e+02  2.414794e+02  1.538411e-14 
  523.000  4.224784e+02  2.238267e+02  3.197360e-14 
  524.000  4.590786e+02  2.416353e+02 -5.141033e-14 
  525.000  4.560868e+02  2.385016e+02 -1.659562e-14 
  526.000  4.353269e+02  2.261805e+02 -4.969391e-14 
  527.000  3.808240e+02  1.965896e+02 -1.479606e-14 
  528.000  4.580020e+02  2.349142e+02  6.868381e-14 
  529.000  4.716512e+02  2.403702e+02 -5.357507e-14 
  530.000  4.462813e+02  2.259957e+02 -1.155921e-15 
  531.000  4.864430e+02  2.447758e+02  7.133922e-14 
  532.000  4.647300e+02  2.323828e+02  3.341714e-14 
  533.000  4.088737e+02  2.031846e+02 -1.571653e-14 
  534.000  4.454344e+02  2.199999e+02 -9.443679e-14 
  535.000  4.553383e+02  2.235311e+02 -1.623544e-14 
  536.000  4.840680e+02  2.362012e+02 -3.318275e-14 
  537.000  4.499127e+02  2.182103e+02 -1.595032e-14 
  538.000  4.717859e+02  2.274373e+02  1.668192e-14 
  539.000  4.710296e+02  2.257036e+02  1.780597e-14 
  540.000  4.617337e+02  2.199177e+02 -1.741203e-14 
  541.000  4.241025e+02  2.007825e+02  6.061223e-14 
  542.000  4.738602e+02  2.229969e+02  8.296703e-14 
  543.000  4.540004e+02  2.123763e+02  3.286169e-14 
  544.000  4.796048e+02  2.230176e+02 -3.584218e-14 
  545.000  4.731800e+02  2.187234e+02 -1.182074e-15 
  546.000  4.633546e+02  2.129138e+02 -6.667503e-14 
  547.000  4.837703e+02  2.209851e+02 -5.270996e-14 
  548.000  4.495361e+02  2.041409e+02  1.555109e-14 
  549.000  4.738098e+02  2.139049e+02  0.000000e+00 
  550.000  4.641233e+02  2.083087e+02  4.914223e-14 
  551.000  4.619616e+02  2.061289e+02 -3.065726e-14 
  552.000  4.826558e+02  2.141117e+02 -1.019009e-13 
  553.000  4.644839e+02  2.048561e+02 -1.708330e-14 
  554.000  4.804153e+02  2.106582e+02 -1.764422e-14 
  555.000  4.825230e+02  2.103640e+02  0.000000e+00 
  556.000  4.699449e+02  2.037037e+02 -1.260073e-14 
  557.000  4.566679e+02  1.968130e+02  1.558794e-14 
  558.000  4.746998e+02  2.034139e+02 -1.618514e-14 
  559.000  4.493284e+02  1.914430e+02  0.000000e+00 
  560.000  4.519052e+02  1.914419e+02  3.185757e-14 
  561.000  4.972914e+02  2.094668e+02  1.569312e-14 
  562.000  4.568133e+02  1.912925e+02  6.211887e-14 
  563.000  4.784616e+02  1.992136e+02  6.618926e-14 
  564.000  4.721706e+02  1.954655e+02 -6.529649e-14 
  565.000  4.780359e+02  1.967388e+02  1.165951e-15 
  566.000  4.411515e+02  1.805255e+02  1.075663e-15 
  567.000  4.729682e+02  1.923616e+02 -3.103239e-14 
  568.000  4.695104e+02  1.895468e+02  1.726841e-14 
  569.000  4.546377e+02  1.820363e+02  2.614109e-14 
  570.000  4.583454e+02  1.825505e+02 -1.003363e-14 
  571.000  4.465856e+02  1.771882e+02 -9.315654e-14 
  572.000  4.682202e+02  1.843939e+02 -1.958653e-14 
  573.000  4.745821e+02  1.858424e+02 -3.409517e-14 
  574.000  4.727495e+02  1.841401e+02  3.391168e-14 
  575.000  4.613744e+02  1.786883e+02  0.000000e+00 
  576.000  4.535878e+02  1.747075e+02 -1.568794e-14 
  577.000  4.744576e+02  1.818980e+02  1.631590e-14 
  578.000  4.631291e+02  1.767923e+02  1.694120e-14 
  579.000  4.619488e+02  1.755598e+02 -1.678064e-14 
  580.000  4.803393e+02  1.817317e+02  6.583069e-14 
  581.000  4.748543e+02  1.789353e+02 -4.977912e-14 
  582.000  4.843529e+02  1.816947e+02  1.604497e-14 
  583.000  4.894508e+02  1.827128e+02 -1.845781e-14 
  584.000  4.894071e+02  1.817933e+02  3.214895e-14 
  585.000  4.875239e+02  1.801832e+02  4.901986e-14 
  586.000  4.677514e+02  1.720017e+02  3.162211e-14 
  587.000  4.850194e+02  1.772072e+02  4.880341e-14 
  588.000  4.723418e+02  1.711630e+02 -5.124052e-15 
  589.000  4.075188e+02  1.464815e+02 -6.975559e-15 
  590.000  4.254376e+02  1.521294e+02  9.441514e-15 
  591.000  4.618007e+02  1.645810e+02 -3.198638e-15 
  592.000  4.490145e+02  1.590651e+02  2.178828e-14 
  593.000  4.646358e+02  1.641685e+02 -3.884692e-14 
  594.000  4.673469e+02  1.641867e+02  3.174702e-14 
  595.000  4.520109e+02  1.577507e+02 -2.594232e-14 
  596.000  4.741731e+02  1.650703e+02  1.430674e-14 
  597.000  4.739392e+02  1.640606e+02  1.542960e-14 
  598.000  4.689991e+02  1.617609e+02  1.748400e-14 
  599.000  4.714275e+02  1.619017e+02 -9.963884e-15 
  600.000  4.758858e+02  1.629004e+02 -1.029482e-15 
  601.000  4.762762e+02  1.624058e+02  0.000000e+00 
  602.000  4.724436e+02  1.603980e+02  6.118850e-14 
  603.000  4.768738e+02  1.611962e+02  1.401849e-14 
  604.000  4.936640e+02  1.661326e+02  4.668163e-14 
  605.000  4.938242e+02  1.654223e+02  1.118931e-13 
  606.000  4.891581e+02  1.630769e+02  1.421888e-14 
  607.000  4.874404e+02  1.617284e+02 -9.134545e-14 
  608.000  4.866407e+02  1.606902e+02  1.516065e-14 
  609.000  4.825908e+02  1.585899e+02  1.499786e-14 
  610.000  4.757911e+02  1.556083e+02  4.530923e-14 
  611.000  4.844697e+02  1.576906e+02  1.498028e-14 
  612.000  4.790916e+02  1.551970e+02  1.203337e-13 
  613.000  4.729858e+02  1.524893e+02  0.000000e+00 
  614.000  4.567493e+02  1.465539e+02 -1.502601e-14 
  615.000  4.795031e+02  1.531247e+02  1.054193e-15 
  616.000  4.567228e+02  1.451582e+02  1.295173e-14 
  617.000  4.600774e+02  1.455299e+02  1.007004e-15 
  618.000  4.825146e+02  1.519007e+02 -2.936386e-14 
  619.000  4.787486e+02  1.499951e+02  1.028472e-13 
  620.000  4.864507e+02  1.516797e+02 -6.007743e-14 
  621.000  4.953914e+02  1.537264e+02  0.000000e+00 
  622.000  4.697315e+02  1.450620e+02 -1.015244e-13 
  623.000  4.737744e+02  1.456004e+02 -1.432254e-14 
  624.000  4.746700e+02  1.451709e+02  1.330791e-14 
  625.000  4.621381e+02  1.406549e+02  2.589394e-14 
  626.000  4.642746e+02  1.405795e+02  1.503259e-14 
  627.000  4.691893e+02  1.411104e+02  2.864185e-14 
  628.000  4.512469e+02  1.344575e+02  1.207144e-14 
  629.000  4.698290e+02  1.396645e+02 -2.004443e-14 
  630.000  4.575957e+02  1.355680e+02  1.044295e-14 
  631.000  4.773846e+02  1.409344e+02  1.163221e-14 
  632.000  4.435499e+02  1.302338e+02 -1.041106e-14 
  633.000  4.810105e+02  1.408364e+02  2.998328e-14 
  634.000  4.690272e+02  1.368305e+02 -2.799395e-14 
  635.000  4.789265e+02  1.391149e+02  5.694015e-14 
  636.000  4.639243e+02  1.342319e+02  6.952263e-14 
  637.000  4.809263e+02  1.385871e+02  4.343547e-14 
  638.000  4.912341e+02  1.410865e+02  4.295921e-14 
  639.000  4.884036e+02  1.396729e+02  0.000000e+00 
  640.000  4.749968e+02  1.353220e+02  9.848359e-16 
  641.000  4.829759e+02  1.370028e+02 -2.680814e-14 
  642.000  4.787142e+02  1.352552e+02  4.312404e-14 
  643.000  4.868649e+02  1.368643e+02  1.396856e-14 
  644.000  4.821623e+02  1.349549e+02 -1.479111e-14 
  645.000  4.854963e+02  1.351562e+02 -1.393909e-14 
  646.000  4.607405e+02  1.273643e+02 -1.111088e-14 
  647.000  4.627585e+02  1.271732e+02 -4.557395e-14 
  648.000  4.570576e+02  1.249069e+02 -2.450202e-14 
  649.000  4.717267e+02  1.284994e+02  5.681404e-15 
  650.000  4.465839e+02  1.214949e+02  2.358331e-14 
  651.000  4.817211e+02  1.304903e+02 -1.838306e-14 
  652.000  4.648559e+02  1.250483e+02 -1.944519e-14 
  653.000  4.845566e+02  1.302030e+02 -4.070300e-14 
  654.000  4.778350e+02  1.277951e+02  5.183770e-14 
  655.000  4.624706e+02  1.230058e+02  5.704958e-14 
  656.000  3.941855e+02  1.044422e+02 -3.552087e-15 
  657.000  4.229507e+02  1.116660e+02 -1.425376e-14 
  658.000  4.749687e+02  1.250379e+02 -7.459735e-15 
  659.000  4.784986e+02  1.254874e+02  4.291246e-14 
  660.000  4.837588e+02  1.263939e+02  5.470194e-14 
  661.000  4.889781e+02  1.274042e+02  8.072473e-14 
  662.000  4.977714e+02  1.292329e+02  2.725421e-14 
  663.000  4.926353e+02  1.273438e+02 -1.934879e-15 
  664.000  4.858823e+02  1.251045e+02 -5.490313e-14 
  665.000  4.889278e+02  1.253851e+02  9.548149e-16 
  666.000  4.959044e+02  1.266774e+02 -4.130900e-14 
  667.000  4.870061e+02  1.239103e+02  8.092057e-14 
  668.000  4.909375e+02  1.244303e+02  8.131244e-14 
  669.000  4.988799e+02  1.259376e+02  0.000000e+00 
  670.000  4.937063e+02  1.241285e+02  5.490534e-14 
  671.000  4.892998e+02  1.225277e+02 -8.050225e-14 
  672.000  4.884563e+02  1.218227e+02 -2.798424e-14 
  673.000  4.926988e+02  1.223853e+02 -1.408606e-14 
  674.000  4.943936e+02  1.223120e+02 -4.043145e-14 
  675.000  4.875686e+02  1.201393e+02 -2.591061e-14 
  676.000  4.974862e+02  1.220912e+02 -4.053050e-14 
  677.000  4.882724e+02  1.193502e+02 -6.556421e-14 
  678.000  4.970412e+02  1.210085e+02  0.000000e+00 
  679.000  4.906010e+02  1.189586e+02 -3.976969e-14 
  680.000  4.869915e+02  1.175810e+02 -2.569556e-14 
  681.000  4.877801e+02  1.172755e+02  0.000000e+00 
  682.000  4.871932e+02  1.166584e+02 -2.566779e-14 
  683.000  4.908666e+02  1.170560e+02  7.751579e-14 
  684.000  4.819234e+02  1.144196e+02 -1.360391e-14 
  685.000  4.884473e+02  1.155425e+02  1.841572e-15 
  686.000  4.657089e+02  1.096210e+02  3.603125e-14 
  687.000  3.803231e+02  8.823257e+01  2.079526e-14 
  688.000  4.076770e+02  9.438429e+01 -9.962992e-15 
  689.000  4.010130e+02  9.243875e+01  1.195411e-15 
  690.000  4.174713e+02  9.592593e+01  1.747220e-14 
  691.000  4.372682e+02  1.002054e+02 -3.821859e-14 
  692.000  4.438147e+02  1.013836e+02 -1.183825e-14 
  693.000  4.358345e+02  9.900262e+01 -1.913997e-15 
  694.000  4.281029e+02  9.676260e+01  2.263634e-14 
  695.000  4.300977e+02  9.689655e+01  6.442389e-15 
  696.000  4.410256e+02  9.903109e+01 -4.639581e-16 
  697.000  4.675127e+02  1.050406e+02  1.995205e-14 
  698.000  4.538315e+02  1.014392e+02 -6.496104e-15 
  699.000  4.396414e+02  9.756349e+01  2.228596e-14 
  700.000  4.384427e+02  9.695470e+01 -1.266026e-15 
  701.000  4.239790e+02  9.335606e+01  1.250836e-14 
  702.000  4.257674e+02  9.342439e+01 -6.666679e-15 
  703.000  4.507698e+02  9.879941e+01 -1.953439e-14 
  704.000  4.532120e+02  9.897425e+01 -2.403812e-16 
  705.000  4.491533e+02  9.758450e+01  1.730782e-15 
  706.000  4.462159e+02  9.660359e+01  1.124479e-14 
  707.000  4.425342e+02  9.548962e+01 -2.075156e-15 
  708.000  4.587565e+02  9.867236e+01  2.447181e-14 
  709.000  4.487927e+02  9.629327e+01  9.988060e-15 
  710.000  4.528654e+02  9.666693e+01  2.321585e-14 
  711.000  4.552422e+02  9.694568e+01  7.045632e-15 
  712.000  4.548141e+02  9.663223e+01  5.958120e-15 
  713.000  4.486091e+02  9.483990e+01  6.347581e-15 
  714.000  4.548743e+02  9.576479e+01  6.511675e-15 
  715.000  4.318510e+02  9.043315e+01 -1.832771e-14 
  716.000  4.353582e+02  9.069678e+01  1.246531e-14 
  717.000  3.766517e+02  7.781924e+01  7.229093e-15 
  718.000  3.467360e+02  7.088142e+01 -3.206476e-15 
  719.000  3.330710e+02  6.761481e+01 -2.632266e-15 
  720.000  3.214645e+02  6.473830e+01 -3.509341e-15 
  721.000  3.862511e+02  7.872202e+01 -1.062562e-14 
  722.000  4.169098e+02  8.481255e+01 -8.117979e-15 
  723.000  4.020380e+02  8.141341e+01  4.245078e-15 
  724.000  3.654275e+02  7.334359e+01 -3.356917e-16 
  725.000  3.670872e+02  7.349640e+01 -5.323615e-15 
  726.000  3.648834e+02  7.276455e+01  5.130211e-15 
  727.000  3.759806e+02  7.479366e+01 -1.366231e-14 
  728.000  3.639258e+02  7.204777e+01  5.436316e-16 
  729.000  3.637625e+02  7.195631e+01 -5.082662e-15 
  730.000  3.749812e+02  7.389268e+01  4.179524e-19 
  731.000  3.661112e+02  7.186032e+01  6.322126e-15 
  732.000  3.983768e+02  7.813679e+01 -1.082976e-15 
  733.000  4.170899e+02  8.168183e+01 -5.915727e-15 
  734.000  4.382773e+02  8.568320e+01 -2.345474e-14 
  735.000  4.307681e+02  8.386297e+01  1.204811e-14 
  736.000  4.152369e+02  8.047630e+01  5.797976e-15 
  737.000  4.268994e+02  8.250451e+01  1.694868e-14 
  738.000  4.341862e+02  8.372638e+01  1.211144e-14 
  739.000  4.238171e+02  8.149696e+01  2.707340e-14 
  740.000  4.358077e+02  8.366633e+01 -3.300017e-14 
  741.000  4.370445e+02  8.371935e+01  1.199590e-14 
  742.000  4.319364e+02  8.249985e+01 -3.847380e-14 
  743.000  4.489074e+02  8.553802e+01  3.481539e-14 
  744.000  4.552846e+02  8.651509e+01  0.000000e+00 
  745.000  4.450971e+02  8.433205e+01  1.010274e-14 
  746.000  4.526662e+02  8.550465e+01  4.413599e-14 
  747.000  4.602328e+02  8.663692e+01  0.000000e+00 
  748.000  4.529130e+02  8.499187e+01  0.000000e+00 
  749.000  4.537232e+02  8.486108e+01 -1.178594e-14 
  750.000  4.469620e+02  8.329090e+01  3.484042e-14 
  751.000  4.461988e+02  8.286295e+01  4.477849e-14 
  752.000  4.542114e+02  8.409015e+01  3.369510e-14 
  753.000  4.505273e+02  8.313084e+01  6.674394e-14 
  754.000  4.580978e+02  8.424368e+01  0.000000e+00 
  755.000  4.558574e+02  8.354578e+01  4.387353e-14 
  756.000  4.473242e+02  8.170330e+01 -4.455451e-14 
  757.000  4.509250e+02  8.207978e+01 -1.160818e-14 
  758.000  4.494894e+02  8.150886e+01  5.490310e-14 
  759.000  3.904454e+02  6.995292e+01 -1.777107e-14 
  760.000  9.770306e+01  1.668032e+01 -3.346279e-16 
  761.000  7.924272e+01  1.342659e+01  1.686496e-16 
  762.000  2.135457e+02  3.695393e+01  1.194269e-15 
  763.000  1.697445e+02  2.920203e+01  1.382713e-15 
  764.000  1.943735e+02  3.337623e+01  1.352633e-15 
  765.000  2.549678e+02  4.379103e+01 -2.705074e-15 
  766.000  3.185171e+02  5.549474e+01 -1.083992e-14 
  767.000  3.645071e+02  6.351575e+01 -5.423072e-15 
  768.000  4.078045e+02  7.100600e+01 -5.107170e-15 
  769.000  4.256245e+02  7.411054e+01  1.112295e-14 
  770.000  4.333038e+02  7.536023e+01  5.232938e-15 
  771.000  4.384447e+02  7.609232e+01  2.087236e-14 
  772.000  4.380905e+02  7.580374e+01 -1.113697e-14 
  773.000  4.370046e+02  7.537518e+01 -1.485657e-15 
  774.000  4.424000e+02  7.606246e+01  5.451233e-14 
  775.000  4.263860e+02  7.307621e+01  0.000000e+00 
  776.000  4.444633e+02  7.593000e+01 -9.717889e-15 
  777.000  4.416591e+02  7.520177e+01  4.158673e-14 
  778.000  4.394623e+02  7.457738e+01 -9.598976e-15 
  779.000  4.410593e+02  7.459841e+01  2.075162e-14 
  780.000  4.357658e+02  7.345743e+01  2.196790e-14 
  781.000  4.356562e+02  7.321140e+01 -3.142274e-14 
  782.000  4.410580e+02  7.387248e+01 -4.290085e-14 
  783.000  4.309114e+02  7.193378e+01  2.167666e-14 
  784.000  4.332693e+02  7.208108e+01 -2.180222e-14 
  785.000  4.332437e+02  7.179332e+01 -1.465364e-15 
  786.000  4.238051e+02  6.992496e+01 -1.003899e-14 
  787.000  4.255361e+02  6.986045e+01 -1.196017e-14 
  788.000  4.167939e+02  6.813908e+01  2.698770e-14 
  789.000  4.102813e+02  6.667617e+01 -2.593232e-14 
  790.000  4.055159e+02  6.567561e+01 -6.393665e-15 
  791.000  4.053198e+02  6.546018e+01  2.504878e-14 
  792.000  4.006628e+02  6.452773e+01 -1.125205e-14 
  793.000  4.041117e+02  6.494492e+01 -3.357648e-15 
  794.000  4.077840e+02  6.550664e+01 -1.453476e-14 
  795.000  4.011028e+02  6.411251e+01 -2.012603e-14 
  796.000  3.955562e+02  6.280409e+01  8.548999e-15 
  797.000  4.018306e+02  6.364951e+01 -1.683380e-14 
  798.000  4.102476e+02  6.492490e+01 -4.227652e-15 
  799.000  4.082822e+02  6.437106e+01  7.667615e-15 
  800.000  3.921646e+02  6.153414e+01 -1.312510e-14 
  801.000  4.003193e+02  6.262569e+01 -1.425564e-14 
  802.000  3.991471e+02  6.223591e+01 -3.040046e-15 
  803.000  3.944481e+02  6.132261e+01 -1.450220e-14 
  804.000  4.009291e+02  6.218028e+01  2.204337e-14 
  805.000  3.952267e+02  6.120248e+01 -5.613395e-15 
  806.000  4.092511e+02  6.324559e+01  9.568517e-16 
  807.000  4.071308e+02  6.272350e+01  1.350913e-15 
  808.000  4.030448e+02  6.185902e+01 -1.322285e-14 
  809.000  3.942370e+02  6.027231e+01  6.970521e-15 
  810.000  3.902424e+02  5.942886e+01  2.344205e-14 
  811.000  3.916879e+02  5.938026e+01 -7.308339e-16 
  812.000  3.837990e+02  5.791437e+01  1.520604e-14 
  813.000  3.741459e+02  5.620491e+01 -5.214195e-15 
  814.000  3.630328e+02  5.430279e+01  7.328888e-17 
  815.000  3.460897e+02  5.155853e+01  4.599916e-15 
  816.000  3.268378e+02  4.848090e+01 -8.964880e-16 
  817.000  3.297314e+02  4.875809e+01  1.231162e-14 
  818.000  3.291468e+02  4.852794e+01  8.960167e-16 
  819.000  3.257285e+02  4.790378e+01 -5.689218e-15 
  820.000  3.371516e+02  4.948225e+01 -2.722307e-15 
  821.000  3.697297e+02  5.422134e+01  7.237637e-15 
  822.000  3.436999e+02  5.015242e+01  3.610201e-16 
  823.000  3.056407e+02  4.427884e+01 -6.730759e-15 
  824.000  3.469380e+02  5.030042e+01  6.262705e-15 
  825.000  3.709360e+02  5.375523e+01  2.000788e-15 
  826.000  3.693545e+02  5.333447e+01  4.257296e-15 
  827.000  3.651817e+02  5.254965e+01 -9.018048e-15 
  828.000  3.485668e+02  4.994033e+01 -7.206673e-15 
  829.000  3.542324e+02  5.061537e+01  1.710081e-14 
  830.000  3.551329e+02  5.062052e+01 -7.720202e-15 
  831.000  3.505494e+02  4.982763e+01  2.108892e-15 
  832.000  3.586352e+02  5.083453e+01 -1.074361e-14 
  833.000  3.512385e+02  4.966300e+01  4.388487e-15 
  834.000  3.609022e+02  5.091507e+01 -1.338453e-14 
  835.000  3.701192e+02  5.215884e+01  8.073831e-16 
  836.000  3.719239e+02  5.222338e+01  4.769373e-15 
  837.000  3.687569e+02  5.162318e+01  1.632412e-14 
  838.000  3.742747e+02  5.229314e+01 -3.715521e-15 
  839.000  3.651108e+02  5.089760e+01 -8.602732e-15 
  840.000  3.759115e+02  5.226171e+01 -1.856616e-14 
  841.000  3.744939e+02  5.186990e+01 -2.634026e-15 
  842.000  3.745861e+02  5.176508e+01  3.051850e-14 
  843.000  3.775081e+02  5.211418e+01  8.183690e-15 
  844.000  3.737850e+02  5.149924e+01 -4.193021e-16 
  845.000  3.807279e+02  5.232642e+01  1.556192e-14 
  846.000  3.854368e+02  5.284541e+01  1.162328e-14 
  847.000  3.733764e+02  5.105991e+01  1.768175e-14 
  848.000  3.825941e+02  5.212606e+01 -2.476342e-15 
  849.000  3.836967e+02  5.212849e+01 -1.056654e-14 
  850.000  3.309864e+02  4.481375e+01 -9.681709e-15 
  851.000  3.781317e+02  5.101904e+01 -1.764390e-14 
  852.000  3.640399e+02  4.897621e+01 -3.026750e-15 
  853.000  3.702918e+02  4.971627e+01  1.269046e-14 
  854.000  2.977339e+02  3.985574e+01  7.798460e-15 
  855.000  3.287133e+02  4.389511e+01  4.029304e-15 
  856.000  3.748809e+02  4.995532e+01 -4.317073e-14 
  857.000  3.818746e+02  5.076461e+01 -1.790280e-14 
  858.000  3.762721e+02  4.988630e+01  0.000000e+00 
  859.000  3.772192e+02  4.989339e+01  4.428009e-14 
  860.000  3.744466e+02  4.939664e+01 -3.484903e-14 
  861.000  3.745528e+02  4.926765e+01  9.012497e-15 
  862.000  3.737688e+02  4.903157e+01  1.675763e-14 
  863.000  3.810876e+02  4.984808e+01  9.151909e-15 
  864.000  3.806757e+02  4.965685e+01 -1.223440e-15 
  865.000  3.738872e+02  4.863579e+01  8.960384e-15 
  866.000  3.137648e+02  4.069838e+01  1.402475e-14 
  867.000  3.342083e+02  4.322425e+01  1.493562e-14 
  868.000  3.626086e+02  4.676317e+01  1.162969e-15 
  869.000  3.576999e+02  4.599923e+01 -3.935246e-14 
  870.000  3.725358e+02  4.776825e+01 -6.771471e-14 
  871.000  3.721895e+02  4.758871e+01  0.000000e+00 
  872.000  3.709557e+02  4.729924e+01 -3.426259e-14 
  873.000  3.724279e+02  4.734710e+01  8.899392e-15 
  874.000  3.643122e+02  4.618094e+01  1.624405e-14 
  875.000  3.610630e+02  4.563806e+01 -7.469846e-15 
  876.000  3.640229e+02  4.587658e+01  2.493258e-14 
  877.000  3.713710e+02  4.666833e+01 -1.655920e-14 
  878.000  3.645678e+02  4.566684e+01 -7.558951e-15 
  879.000  3.655680e+02  4.566252e+01 -8.749035e-15 
  880.000  3.630884e+02  4.520997e+01 -1.166142e-15 
  881.000  3.441466e+02  4.272376e+01  8.254799e-15 
  882.000  3.630239e+02  4.493254e+01 -1.742776e-14 
  883.000  3.551013e+02  4.383542e+01 -1.759479e-14 
  884.000  3.583325e+02  4.411274e+01  1.601711e-14 
  885.000  3.612564e+02  4.432003e+01  2.546834e-14 
  886.000  3.483212e+02  4.257645e+01  8.413295e-15 
  887.000  3.457873e+02  4.217601e+01  8.316701e-15 
  888.000  3.561912e+02  4.332146e+01  2.397805e-14 
  889.000  3.589857e+02  4.354760e+01  0.000000e+00 
  890.000  3.572059e+02  4.318833e+01 -5.761785e-16 
  891.000  3.538651e+02  4.263548e+01 -1.427784e-14 
  892.000  3.489918e+02  4.185469e+01  1.018544e-14 
  893.000  3.244566e+02  3.864228e+01 -7.058370e-15 
  894.000  3.293558e+02  3.905698e+01 -6.882879e-15 
  895.000  2.956074e+02  3.488229e+01 -2.170919e-15 
  896.000  2.895138e+02  3.403843e+01  6.509148e-15 
  897.000  2.649907e+02  3.099776e+01  2.322606e-15 
  898.000  2.573000e+02  2.994935e+01 -7.193461e-16 
  899.000  2.352729e+02  2.706941e+01  1.893342e-15 
  900.000  2.323370e+02  2.669197e+01  1.013477e-15 
  901.000  2.221977e+02  2.539617e+01  2.616282e-15 
  902.000  2.193036e+02  2.501174e+01 -1.773255e-15 
  903.000  2.678685e+02  3.084426e+01 -5.170473e-15 
  904.000  2.958616e+02  3.401227e+01 -2.670209e-15 
  905.000  2.944192e+02  3.376083e+01  1.971009e-15 
  906.000  2.719649e+02  3.109022e+01  2.283067e-16 
  907.000  2.511267e+02  2.849147e+01 -1.393810e-15 
  908.000  2.286950e+02  2.569821e+01  1.819658e-15 
  909.000  2.254143e+02  2.526649e+01 -1.142582e-16 
  910.000  2.304524e+02  2.578810e+01  2.050537e-15 
  911.000  2.401796e+02  2.692581e+01 -2.907844e-16 
  912.000  2.357579e+02  2.630307e+01  1.704332e-15 
  913.000  2.197443e+02  2.422668e+01  0.000000e+00 
  914.000  2.289167e+02  2.527744e+01 -2.449614e-16 
  915.000  2.333353e+02  2.579635e+01  1.690969e-15 
  916.000  2.386750e+02  2.634502e+01 -1.738924e-16 
  917.000  2.397376e+02  2.644687e+01 -1.861211e-15 
  918.000  2.447064e+02  2.698719e+01 -6.979244e-16 
  919.000  2.694210e+02  2.975348e+01  3.500313e-15 
  920.000  2.836884e+02  3.126820e+01 -4.799274e-16 
  921.000  2.740535e+02  3.012803e+01 -3.985132e-15 
  922.000  2.714062e+02  2.975898e+01  3.398548e-15 
  923.000  2.557761e+02  2.796781e+01 -2.377792e-15 
  924.000  2.559590e+02  2.789587e+01 -1.652698e-15 
  925.000  2.583332e+02  2.806885e+01 -2.396801e-15 
  926.000  2.483492e+02  2.689025e+01  4.784937e-15 
  927.000  2.448138e+02  2.636283e+01  1.821614e-15 
  928.000  2.272402e+02  2.421836e+01  8.566540e-16 
  929.000  1.983333e+02  2.084614e+01  1.752132e-15 
  930.000  1.677247e+02  1.748513e+01 -1.369505e-15 
  931.000  1.373102e+02  1.428805e+01 -2.163671e-17 
  932.000  1.005457e+02  1.044666e+01 -2.259260e-16 
  933.000  7.893083e+01  8.163996e+00  5.371144e-17 
  934.000  5.929751e+01  6.109035e+00  1.684315e-19 
  935.000  5.641912e+01  5.802049e+00  5.187892e-17 
  936.000  6.258664e+01  6.416780e+00 -5.527288e-17 
  937.000  6.248918e+01  6.386906e+00 -5.636945e-17 
  938.000  8.394681e+01  8.576564e+00  1.325737e-18 
  939.000  1.577953e+02  1.598081e+01 -5.903130e-16 
  940.000  1.701924e+02  1.720935e+01 -4.420534e-16 
  941.000  1.558388e+02  1.571174e+01 -5.931115e-16 
  942.000  1.260055e+02  1.270420e+01  2.085964e-16 
  943.000  9.584094e+01  9.675608e+00  1.466166e-16 
  944.000  9.076206e+01  9.137074e+00  1.002946e-16 
  945.000  1.035605e+02  1.039600e+01 -1.082922e-16 
  946.000  1.059326e+02  1.060759e+01 -2.195040e-16 
  947.000  1.174227e+02  1.171552e+01 -1.521058e-17 
  948.000  1.255725e+02  1.248488e+01 -3.515963e-16 
  949.000  1.253570e+02  1.243743e+01  5.698640e-23 
  950.000  1.265753e+02  1.252417e+01  1.038793e-17 
  951.000  1.429799e+02  1.408034e+01  8.572643e-16 
  952.000  1.253393e+02  1.234840e+01 -5.598102e-23 
  953.000  1.379148e+02  1.353434e+01 -1.405211e-24 
  954.000  1.511053e+02  1.477890e+01  1.791450e-16 
  955.000  1.308709e+02  1.278689e+01  5.288118e-16 
  956.000  1.378132e+02  1.344643e+01 -2.131568e-16 
  957.000  1.753519e+02  1.707285e+01 -5.025162e-16 
  958.000  1.824272e+02  1.774388e+01  5.903090e-16 
  959.000  1.768717e+02  1.714569e+01 -1.078192e-16 
  960.000  1.736396e+02  1.679103e+01  3.159240e-16 
  961.000  1.688163e+02  1.628201e+01 -4.611487e-16 
  962.000  1.728852e+02  1.664142e+01  4.230142e-16 
  963.000  1.949947e+02  1.883102e+01  8.418968e-16 
  964.000  1.962902e+02  1.893725e+01 -8.327119e-16 
  965.000  1.967675e+02  1.892133e+01  8.430704e-16 
  966.000  1.925823e+02  1.848533e+01 -6.858289e-16 
  967.000  2.155031e+02  2.080454e+01  0.000000e+00 
  968.000  2.430562e+02  2.360546e+01 -4.761814e-15 
  969.000  2.589348e+02  2.510189e+01  2.703896e-15 
  970.000  2.605963e+02  2.520372e+01  3.742455e-15 
  971.000  2.580326e+02  2.489324e+01 -1.026895e-15 
  972.000  2.558131e+02  2.461278e+01  1.661799e-15 
  973.000  2.442937e+02  2.343673e+01 -2.177856e-15 
  974.000  2.298249e+02  2.196496e+01 -1.654176e-15 
  975.000  2.242141e+02  2.133653e+01 -1.349233e-15 
  976.000  2.354546e+02  2.239584e+01  2.897268e-15 
  977.000  2.435290e+02  2.313330e+01  1.232291e-15 
  978.000  2.485318e+02  2.355202e+01  1.068417e-15 
  979.000  2.451658e+02  2.318134e+01  1.542553e-15 
  980.000  2.636483e+02  2.488304e+01 -9.085091e-15 
  981.000  2.690141e+02  2.533622e+01  5.777228e-15 
  982.000  2.652072e+02  2.491135e+01  1.061897e-15 
  983.000  2.724925e+02  2.555586e+01  9.313193e-15 
  984.000  2.789502e+02  2.613819e+01  2.223748e-15 
  985.000  2.836215e+02  2.654360e+01  7.494741e-15 
  986.000  2.874774e+02  2.689285e+01  5.638255e-15 
  987.000  2.935378e+02  2.742046e+01 -4.210769e-15 
  988.000  2.906243e+02  2.708771e+01 -8.323409e-16 
  989.000  2.874043e+02  2.672521e+01 -1.326833e-14 
  990.000  2.905714e+02  2.695957e+01 -2.577212e-15 
  991.000  2.953003e+02  2.735756e+01  8.865475e-15 
  992.000  2.932842e+02  2.711079e+01  1.508908e-14 
  993.000  2.935817e+02  2.707331e+01 -5.097232e-15 
  994.000  2.970374e+02  2.734501e+01 -1.283640e-14 
  995.000  2.963156e+02  2.723118e+01 -6.370033e-15 
  996.000  2.963044e+02  2.716162e+01  4.572537e-16 
  997.000  2.958159e+02  2.703564e+01  6.834035e-15 
  998.000  2.937771e+02  2.676675e+01  0.000000e+00 
  999.000  2.927136e+02  2.659737e+01  5.882708e-15 
 1000.000  2.907489e+02  2.635721e+01 -6.738366e-15 
 1001.000  2.904260e+02  2.624117e+01 -9.252371e-16 
 1002.000  2.867443e+02  2.580477e+01  8.500839e-15 
 1003.000  2.842374e+02  2.552409e+01  3.677156e-15 
 1004.000  2.837977e+02  2.544316e+01 -4.670098e-15 
 1005.000  2.659294e+02  2.379171e+01 -1.765375e-14 
 1006.000  2.802071e+02  2.500991e+01 -3.192034e-15 
 1007.000  2.847464e+02  2.534397e+01  1.115931e-16 
 1008.000  2.833486e+02  2.512580e+01 -1.781631e-14 
 1009.000  2.781610e+02  2.456838e+01  2.883948e-15 
 1010.000  2.808297e+02  2.475810e+01  1.006671e-14 
 1011.000  2.831062e+02  2.493829e+01  2.302258e-15 
 1012.000  2.846929e+02  2.503328e+01  8.108207e-15 
 1013.000  2.836610e+02  2.488805e+01  0.000000e+00 
 1014.000  2.860245e+02  2.504026e+01  0.000000e+00 
 1015.000  2.808848e+02  2.453071e+01  1.254016e-14 
 1016.000  2.831913e+02  2.467805e+01 -6.528018e-15 
 1017.000  2.807478e+02  2.440886e+01  0.000000e+00 
 1018.000  2.838744e+02  2.461061e+01 -4.386787e-16 
 1019.000  2.763303e+02  2.388664e+01  1.983760e-15 
 1020.000  2.760928e+02  2.380589e+01 -6.815477e-15 
 1021.000  2.797920e+02  2.407862e+01 -6.016825e-15 
 1022.000  2.742892e+02  2.353269e+01 -1.096189e-14 
 1023.000  2.783698e+02  2.380839e+01 -6.745994e-15 
 1024.000  2.762620e+02  2.356099e+01 -9.323278e-15 
 1025.000  2.783129e+02  2.369818e+01  0.000000e+00 
 1026.000  2.797014e+02  2.377275e+01  0.000000e+00 
 1027.000  2.776367e+02  2.353292e+01  6.409074e-15 
 1028.000  2.786927e+02  2.356953e+01  0.000000e+00 
 1029.000  2.754249e+02  2.325032e+01  4.235123e-16 
 1030.000  2.791112e+02  2.351700e+01  5.955215e-15 
 1031.000  2.787063e+02  2.343201e+01  6.360923e-15 
 1032.000  2.781092e+02  2.332957e+01  1.182590e-14 
 1033.000  2.731365e+02  2.285764e+01  0.000000e+00 
 1034.000  2.762023e+02  2.305960e+01  0.000000e+00 
 1035.000  2.733894e+02  2.276995e+01  2.445793e-14 
 1036.000  2.769389e+02  2.300883e+01 -1.175640e-14 
 1037.000  2.711851e+02  2.247656e+01  0.000000e+00 
 1038.000  2.739731e+02  2.265305e+01 -1.162219e-14 
 1039.000  2.749968e+02  2.267959e+01  5.416911e-15 
 1040.000  2.716721e+02  2.234872e+01  4.141121e-16 
 1041.000  2.730497e+02  2.240542e+01  1.781362e-14 
 1042.000  2.738574e+02  2.241611e+01  1.163279e-14 
 1043.000  2.691578e+02  2.197744e+01  1.184257e-14 
 1044.000  2.717795e+02  2.213597e+01  1.196147e-14 
 1045.000  2.704122e+02  2.196673e+01  1.191484e-14 
 1046.000  2.624172e+02  2.126261e+01  5.584999e-15 
 1047.000  2.670754e+02  2.158418e+01 -6.097764e-15 
 1048.000  2.695912e+02  2.173233e+01  6.161347e-15 
 1049.000  2.676977e+02  2.152505e+01 -1.142876e-14 
 1050.000  2.658941e+02  2.132416e+01 -6.090370e-15 
 1051.000  2.655989e+02  2.124268e+01  4.082100e-16 
 1052.000  2.641436e+02  2.107109e+01 -1.172867e-14 
 1053.000  2.642144e+02  2.102445e+01 -6.070720e-15 
 1054.000  2.611633e+02  2.072525e+01  0.000000e+00 
 1055.000  2.627398e+02  2.079383e+01 -1.736485e-14 
 1056.000  2.617476e+02  2.066018e+01  0.000000e+00 
 1057.000  2.606505e+02  2.051296e+01  5.637252e-15 
 1058.000  2.568315e+02  2.014499e+01 -8.985480e-15 
 1059.000  2.487821e+02  1.946690e+01  2.900889e-15 
 1060.000  2.582057e+02  2.016369e+01 -1.160887e-14 
 1061.000  2.490185e+02  1.940251e+01 -2.510088e-15 
 1062.000  2.553061e+02  1.983961e+01  2.982661e-15 
 1063.000  2.507478e+02  1.944090e+01  0.000000e+00 
 1064.000  2.534492e+02  1.959998e+01 -2.775811e-15 
 1065.000  2.524561e+02  1.947077e+01 -5.948494e-15 
 1066.000  2.447993e+02  1.884134e+01 -8.068723e-15 
 1067.000  2.503412e+02  1.922222e+01 -1.121878e-14 
 1068.000  2.481274e+02  1.899945e+01  1.038943e-15 
 1069.000  2.288676e+02  1.747975e+01 -5.950379e-15 
 1070.000  2.427813e+02  1.850614e+01  6.358657e-16 
 1071.000  2.424140e+02  1.842980e+01  1.968348e-15 
 1072.000  2.423457e+02  1.837713e+01  1.526918e-15 
 1073.000  2.343092e+02  1.772963e+01  3.722212e-15 
 1074.000  2.428050e+02  1.833651e+01 -1.929798e-15 
 1075.000  2.367699e+02  1.785782e+01  4.720704e-15 
 1076.000  2.411742e+02  1.814405e+01 -5.144653e-15 
 1077.000  2.395683e+02  1.797554e+01 -1.001572e-14 
 1078.000  2.389646e+02  1.788190e+01 -3.628845e-15 
 1079.000  2.296139e+02  1.714576e+01  8.338467e-15 
 1080.000  2.327671e+02  1.732060e+01  1.641215e-15 
 1081.000  2.241073e+02  1.664120e+01 -5.681767e-15 
 1082.000  2.286435e+02  1.695311e+01  4.072576e-15 
 1083.000  2.206512e+02  1.631569e+01  1.796864e-15 
 1084.000  2.269810e+02  1.673878e+01  2.688583e-15 
 1085.000  2.190096e+02  1.610121e+01  1.497889e-15 
 1086.000  2.231102e+02  1.637212e+01 -2.421786e-15 
 1087.000  2.147683e+02  1.574813e+01  1.352808e-15 
 1088.000  2.281136e+02  1.669406e+01  1.104905e-15 
 1089.000  2.128106e+02  1.551783e+01 -2.801817e-15 
 1090.000  2.161981e+02  1.572932e+01 -2.579103e-15 
 1091.000  2.189121e+02  1.589647e+01  4.953684e-16 
 1092.000  2.105588e+02  1.525160e+01 -3.535254e-15 
 1093.000  2.007364e+02  1.450414e+01 -1.178681e-15 
 1094.000  1.798603e+02  1.296822e+01 -4.406729e-16 
 1095.000  1.951764e+02  1.404297e+01 -1.382187e-15 
 1096.000  1.947761e+02  1.398316e+01  6.108102e-16 
 1097.000  1.907149e+02  1.366096e+01 -7.696806e-16 
 1098.000  1.711377e+02  1.218899e+01 -3.442328e-16 
 1099.000  1.569767e+02  1.105304e+01  5.607148e-16 
 1100.000  1.606121e+02  1.129286e+01  6.301131e-16 
