  400.000  7.685517e+00  1.201985e+02  3.923844e-15 
  401.000  7.817975e+00  1.192675e+02  1.568722e-14 
  402.000  8.477279e+00  1.261823e+02 -4.312354e-15 
  403.000  8.121215e+00  1.179761e+02 -7.063820e-15 
  404.000  8.924010e+00  1.265554e+02 -2.531793e-15 
  405.000  8.365793e+00  1.158494e+02  5.532333e-15 
  406.000  8.485291e+00  1.147687e+02 -1.655032e-14 
  407.000  8.443888e+00  1.115769e+02  2.026483e-15 
  408.000  9.344145e+00  1.206575e+02  5.093520e-15 
  409.000  1.056207e+01  1.333079e+02 -1.448526e-14 
  410.000  9.015140e+00  1.112442e+02  2.842349e-15 
  411.000  1.080497e+01  1.303866e+02  2.069738e-14 
  412.000  1.142364e+01  1.348419e+02  5.110296e-15 
  413.000  1.100892e+01  1.271355e+02 -6.053329e-15 
  414.000  1.101333e+01  1.244651e+02  2.124647e-14 
  415.000  1.197968e+01  1.325164e+02 -9.369225e-15 
  416.000  1.213983e+01  1.314747e+02  1.804135e-14 
  417.000  1.199740e+01  1.272372e+02 -1.796293e-14 
  418.000  1.195859e+01  1.242202e+02  1.023584e-15 
  419.000  1.248076e+01  1.270098e+02 -4.121271e-15 
  420.000  1.075916e+01  1.072870e+02 -1.150273e-14 
  421.000  1.372703e+01  1.341514e+02  1.855493e-14 
  422.000  1.339216e+01  1.282914e+02  2.771111e-15 
  423.000  1.151377e+01  1.081376e+02 -3.622955e-15 
  424.000  1.288946e+01  1.187097e+02  5.686446e-15 
  425.000  1.358187e+01  1.226885e+02 -1.875770e-14 
  426.000  1.328064e+01  1.176898e+02 -4.400968e-15 
  427.000  1.299197e+01  1.129671e+02  2.639668e-15 
  428.000  1.337628e+01  1.141414e+02  8.540444e-15 
  429.000  1.237092e+01  1.036139e+02 -4.894685e-15 
  430.000  1.003321e+01  8.249853e+01 -1.095449e-14 
  431.000  9.166871e+00  7.401005e+01 -1.179006e-15 
  432.000  1.676479e+01  1.329247e+02  7.003518e-15 
  433.000  1.515952e+01  1.180609e+02 -1.155084e-14 
  434.000  1.463458e+01  1.119652e+02  7.148168e-15 
  435.000  1.616912e+01  1.215476e+02 -1.669565e-14 
  436.000  1.820414e+01  1.344803e+02 -1.537691e-15 
  437.000  1.865841e+01  1.354769e+02 -2.873552e-14 
  438.000  1.696437e+01  1.210883e+02 -9.648353e-15 
  439.000  1.665963e+01  1.169147e+02  1.600661e-15 
  440.000  1.894469e+01  1.307414e+02 -2.510075e-15 
  441.000  1.915550e+01  1.300201e+02 -7.040500e-15 
  442.000  2.046096e+01  1.366191e+02 -9.016857e-15 
  443.000  2.088574e+01  1.372082e+02 -1.516441e-14 
  444.000  2.103571e+01  1.359901e+02  6.684773e-15 
  445.000  2.242561e+01  1.426916e+02 -3.977715e-15 
  446.000  2.022463e+01  1.266866e+02 -2.170205e-14 
  447.000  2.337989e+01  1.441683e+02 -1.145876e-14 
  448.000  2.410971e+01  1.463264e+02 -7.367853e-15 
  449.000  2.462434e+01  1.471016e+02  1.991769e-14 
  450.000  2.551769e+01  1.500710e+02  7.149929e-15 
  451.000  2.795584e+01  1.618924e+02 -2.023757e-14 
  452.000  2.633475e+01  1.502006e+02  1.142575e-14 
  453.000  2.476538e+01  1.391395e+02 -5.507808e-15 
  454.000  2.674280e+01  1.480289e+02 -4.620970e-15 
  455.000  2.726497e+01  1.487075e+02 -5.695856e-15 
  456.000  2.825776e+01  1.518882e+02  1.719360e-14 
  457.000  2.875368e+01  1.523256e+02 -1.077221e-14 
  458.000  2.857949e+01  1.492395e+02  1.572961e-15 
  459.000  2.890517e+01  1.488064e+02 -5.762353e-15 
  460.000  2.898095e+01  1.471037e+02 -1.671435e-14 
  461.000  3.037141e+01  1.520164e+02  8.508564e-15 
  462.000  3.020919e+01  1.491212e+02  1.071509e-14 
  463.000  3.054982e+01  1.487440e+02  1.935767e-14 
  464.000  3.102668e+01  1.490220e+02  4.679470e-14 
  465.000  3.094283e+01  1.466290e+02 -1.816244e-14 
  466.000  3.230138e+01  1.510385e+02 -1.076317e-15 
  467.000  3.152212e+01  1.454646e+02 -1.462791e-14 
  468.000  3.371577e+01  1.535773e+02 -1.002148e-14 
  469.000  3.373553e+01  1.517196e+02  2.111992e-14 
  470.000  3.356454e+01  1.490776e+02  7.474681e-15 
  471.000  3.377630e+01  1.482013e+02  2.009447e-15 
  472.000  3.444175e+01  1.493257e+02  1.590568e-14 
  473.000  3.428071e+01  1.469005e+02  1.564128e-14 
  474.000  3.475034e+01  1.472245e+02 -2.349604e-14 
  475.000  3.627782e+01  1.520759e+02 -1.928176e-14 
  476.000  3.520371e+01  1.461375e+02  1.600864e-15 
  477.000  3.497708e+01  1.437021e+02  5.871917e-15 
  478.000  3.712039e+01  1.505028e+02 -2.089554e-14 
  479.000  3.599067e+01  1.437992e+02  1.387256e-14 
  480.000  3.731034e+01  1.468665e+02 -2.120641e-14 
  481.000  3.764013e+01  1.460724e+02  1.289242e-14 
  482.000  3.895640e+01  1.491478e+02  1.272320e-14 
  483.000  3.947405e+01  1.491842e+02  1.051244e-15 
  484.000  3.836608e+01  1.432081e+02 -9.696720e-16 
  485.000  3.903104e+01  1.439458e+02  6.480349e-15 
  486.000  3.195968e+01  1.164848e+02  2.949941e-14 
  487.000  3.627866e+01  1.307022e+02 -5.351194e-15 
  488.000  3.977185e+01  1.416568e+02  2.165674e-14 
  489.000  3.732280e+01  1.314358e+02 -5.557643e-15 
  490.000  4.288960e+01  1.493508e+02 -1.445664e-14 
  491.000  4.047338e+01  1.393716e+02  2.205480e-14 
  492.000  3.920882e+01  1.335307e+02 -1.215839e-14 
  493.000  4.256854e+01  1.433866e+02  1.308014e-14 
  494.000  4.144810e+01  1.380999e+02 -1.804817e-14 
  495.000  4.465708e+01  1.471882e+02 -8.056347e-16 
  496.000  4.377438e+01  1.427288e+02 -6.185021e-15 
  497.000  4.273624e+01  1.378533e+02  4.401793e-15 
  498.000  4.199259e+01  1.340149e+02 -1.106868e-14 
  499.000  4.215176e+01  1.331069e+02  6.938398e-15 
  500.000  4.222507e+01  1.319438e+02 -9.913029e-15 
  501.000  4.152419e+01  1.284087e+02  1.761305e-14 
  502.000  4.149716e+01  1.270021e+02 -3.809167e-15 
  503.000  4.423043e+01  1.339798e+02  2.566406e-15 
  504.000  4.139025e+01  1.241020e+02 -1.784694e-14 
  505.000  4.489613e+01  1.332573e+02  3.703842e-15 
  506.000  4.842972e+01  1.423078e+02 -1.523289e-14 
  507.000  4.540693e+01  1.320988e+02 -2.253374e-15 
  508.000  4.387988e+01  1.263935e+02  7.517024e-15 
  509.000  4.767654e+01  1.359807e+02  1.037993e-14 
  510.000  4.654022e+01  1.314472e+02  1.790948e-14 
  511.000  4.688401e+01  1.311370e+02 -1.346383e-15 
  512.000  4.954992e+01  1.372611e+02 -4.355383e-15 
  513.000  4.566349e+01  1.252854e+02  8.789476e-15 
  514.000  4.501162e+01  1.223239e+02  7.156918e-15 
  515.000  4.626474e+01  1.245424e+02 -1.591823e-14 
  516.000  4.888942e+01  1.303732e+02  2.534197e-14 
  517.000  3.620396e+01  9.564613e+01 -1.602800e-15 
  518.000  4.505651e+01  1.179328e+02  1.052837e-14 
  519.000  4.290742e+01  1.112759e+02  1.145477e-14 
  520.000  4.748272e+01  1.220160e+02  4.271624e-15 
  521.000  4.774383e+01  1.215767e+02  8.831354e-15 
  522.000  4.986440e+01  1.258410e+02  1.035880e-15 
  523.000  4.664536e+01  1.166826e+02 -1.686718e-15 
  524.000  5.082029e+01  1.260133e+02 -1.543007e-14 
  525.000  5.061416e+01  1.244164e+02  8.930803e-15 
  526.000  4.844185e+01  1.180404e+02  1.108335e-14 
  527.000  4.247209e+01  1.026035e+02  3.420254e-15 
  528.000  5.118483e+01  1.225951e+02  6.696771e-15 
  529.000  5.281834e+01  1.254323e+02 -6.661392e-15 
  530.000  5.008140e+01  1.179250e+02  9.884416e-15 
  531.000  5.470304e+01  1.277205e+02  7.746586e-15 
  532.000  5.238503e+01  1.212730e+02 -4.474356e-15 
  533.000  4.624950e+01  1.061600e+02  7.139185e-15 
  534.000  5.058866e+01  1.151147e+02  1.106173e-14 
  535.000  5.194021e+01  1.171565e+02 -1.301178e-14 
  536.000  5.545378e+01  1.239975e+02 -1.283242e-14 
  537.000  5.174869e+01  1.147248e+02  1.352966e-14 
  538.000  5.446801e+01  1.197392e+02 -7.819651e-15 
  539.000  5.457560e+01  1.189791e+02 -2.944851e-14 
  540.000  5.368288e+01  1.160709e+02 -6.675310e-15 
  541.000  4.947445e+01  1.060987e+02 -5.782592e-15 
  542.000  5.546099e+01  1.179746e+02 -3.853186e-15 
  543.000  5.330789e+01  1.124838e+02 -8.357773e-15 
  544.000  5.647965e+01  1.182270e+02 -1.261818e-14 
  545.000  5.587440e+01  1.160336e+02  4.999946e-15 
  546.000  5.486015e+01  1.130309e+02  1.178210e-14 
  547.000  5.743150e+01  1.174007e+02 -7.524041e-17 
  548.000  5.350819e+01  1.085287e+02  1.333309e-14 
  549.000  5.654537e+01  1.138000e+02 -1.197878e-14 
  550.000  5.551858e+01  1.108730e+02  2.399939e-14 
  551.000  5.537151e+01  1.097352e+02 -7.598091e-15 
  552.000  5.796951e+01  1.140103e+02 -1.636591e-14 
  553.000  5.589463e+01  1.091012e+02 -7.828988e-15 
  554.000  5.792052e+01  1.122093e+02  5.437295e-15 
  555.000  5.828228e+01  1.120699e+02 -1.476515e-15 
  556.000  5.686111e+01  1.085286e+02 -5.739362e-16 
  557.000  5.533690e+01  1.048471e+02 -9.605077e-15 
  558.000  5.760406e+01  1.083505e+02  8.092572e-15 
  559.000  5.459835e+01  1.019578e+02  1.612524e-14 
  560.000  5.497335e+01  1.019304e+02  1.936146e-14 
  561.000  6.055104e+01  1.114875e+02 -7.472675e-15 
  562.000  5.558728e+01  1.017028e+02  1.948183e-14 
  563.000  5.825324e+01  1.058611e+02 -1.458869e-16 
  564.000  5.748886e+01  1.037906e+02 -6.229486e-15 
  565.000  5.813802e+01  1.043282e+02 -7.469186e-15 
  566.000  5.365970e+01  9.565900e+01  1.217292e-14 
  567.000  5.734118e+01  1.016944e+02 -2.234841e-14 
  568.000  5.630600e+01  9.974030e+01  7.926800e-16 
  569.000  5.307970e+01  9.489613e+01 -2.227358e-15 
  570.000  5.368602e+01  9.520725e+01 -8.077185e-16 
  571.000  5.333292e+01  9.286591e+01  8.767848e-15 
  572.000  5.481079e+01  9.598261e+01 -5.840491e-15 
  573.000  5.576354e+01  9.684447e+01 -8.684557e-15 
  574.000  5.577745e+01  9.588581e+01  4.238960e-15 
  575.000  5.438868e+01  9.298364e+01  4.601345e-15 
  576.000  5.355040e+01  9.100129e+01  4.238769e-15 
  577.000  5.639665e+01  9.500647e+01 -1.172706e-14 
  578.000  5.559575e+01  9.274311e+01 -1.692083e-15 
  579.000  5.601820e+01  9.257510e+01 -7.828278e-15 
  580.000  5.891030e+01  9.644872e+01 -1.133279e-14 
  581.000  5.909214e+01  9.572063e+01 -4.240451e-15 
  582.000  6.092498e+01  9.780585e+01 -2.113103e-14 
  583.000  6.205384e+01  9.885024e+01  1.433993e-14 
  584.000  6.244527e+01  9.875407e+01 -1.865048e-15 
  585.000  6.258636e+01  9.828635e+01  3.063741e-15 
  586.000  6.034303e+01  9.413150e+01 -2.524303e-15 
  587.000  6.237542e+01  9.705587e+01  3.829310e-15 
  588.000  5.879210e+01  9.270712e+01  8.634296e-15 
  589.000  4.826863e+01  7.740492e+01  4.915833e-15 
  590.000  5.035947e+01  8.036302e+01 -6.652353e-15 
  591.000  5.679352e+01  8.870838e+01 -3.085934e-15 
  592.000  5.433519e+01  8.502283e+01  7.096659e-15 
  593.000  5.867826e+01  8.965508e+01  4.546181e-15 
  594.000  5.863660e+01  8.941190e+01 -8.337122e-15 
  595.000  5.525984e+01  8.478569e+01 -3.343718e-15 
  596.000  6.042093e+01  9.050356e+01 -2.841641e-15 
  597.000  5.992335e+01  8.953848e+01  7.322995e-15 
  598.000  6.032380e+01  8.889172e+01  3.689609e-15 
  599.000  6.109696e+01  8.917545e+01  2.554775e-15 
  600.000  6.262706e+01  9.019332e+01 -4.126875e-15 
  601.000  6.351128e+01  9.019025e+01  2.917984e-15 
  602.000  6.323458e+01  8.910779e+01 -4.830926e-15 
  603.000  6.421533e+01  8.980788e+01 -7.686956e-15 
  604.000  6.684352e+01  9.286135e+01 -1.187988e-14 
  605.000  6.727988e+01  9.283203e+01 -1.266948e-14 
  606.000  6.692367e+01  9.178624e+01 -4.379596e-15 
  607.000  6.695760e+01  9.128851e+01 -5.235786e-15 
  608.000  6.709755e+01  9.095060e+01 -1.143851e-14 
  609.000  6.677539e+01  8.999834e+01  1.693989e-14 
  610.000  6.607047e+01  8.854517e+01  6.571277e-16 
  611.000  6.752792e+01  8.999397e+01 -1.357829e-14 
  612.000  6.702260e+01  8.882690e+01 -8.112855e-15 
  613.000  6.640160e+01  8.752292e+01  3.572804e-15 
  614.000  6.434025e+01  8.434724e+01  1.089205e-14 
  615.000  6.777442e+01  8.837065e+01  2.438700e-14 
  616.000  6.476384e+01  8.399577e+01  5.545652e-15 
  617.000  6.543698e+01  8.442445e+01 -1.077107e-14 
  618.000  6.880706e+01  8.831501e+01 -5.703371e-15 
  619.000  6.842038e+01  8.737671e+01  9.024297e-15 
  620.000  6.966087e+01  8.852016e+01  1.238530e-14 
  621.000  7.106020e+01  8.986204e+01  1.433702e-14 
  622.000  6.746994e+01  8.492012e+01  3.744309e-15 
  623.000  6.810356e+01  8.533098e+01 -9.846745e-15 
  624.000  6.829039e+01  8.517847e+01  1.190638e-14 
  625.000  6.653038e+01  8.261519e+01 -8.780355e-15 
  626.000  6.665016e+01  8.250856e+01  1.879074e-15 
  627.000  6.663401e+01  8.253909e+01  4.411026e-15 
  628.000  6.156167e+01  7.720341e+01  4.848380e-16 
  629.000  6.550868e+01  8.124092e+01 -3.806195e-15 
  630.000  6.467513e+01  7.937700e+01 -4.645852e-15 
  631.000  6.815829e+01  8.300578e+01 -8.026983e-15 
  632.000  6.300599e+01  7.670604e+01  1.252978e-15 
  633.000  6.981609e+01  8.372439e+01 -5.816687e-15 
  634.000  6.881183e+01  8.190801e+01  1.440088e-15 
  635.000  7.066704e+01  8.366330e+01 -1.429892e-14 
  636.000  6.907499e+01  8.122592e+01  4.222144e-15 
  637.000  7.216470e+01  8.432869e+01  5.365983e-15 
  638.000  7.455836e+01  8.641673e+01  5.562672e-15 
  639.000  7.461592e+01  8.599955e+01  8.044245e-15 
  640.000  7.318320e+01  8.378419e+01 -1.537007e-14 
  641.000  7.475589e+01  8.514651e+01  1.862672e-15 
  642.000  7.457314e+01  8.442208e+01  8.573793e-16 
  643.000  7.582352e+01  8.556573e+01  7.857312e-15 
  644.000  7.544411e+01  8.470316e+01  9.611553e-15 
  645.000  7.572616e+01  8.486138e+01 -1.992581e-15 
  646.000  7.000716e+01  7.926889e+01  1.174041e-14 
  647.000  6.918098e+01  7.861762e+01 -4.396987e-15 
  648.000  6.706885e+01  7.652806e+01 -2.240873e-15 
  649.000  7.073663e+01  7.972743e+01  8.492524e-16 
  650.000  6.959415e+01  7.686879e+01  6.759182e-16 
  651.000  7.527460e+01  8.275532e+01  6.094472e-15 
  652.000  7.060128e+01  7.831057e+01 -9.696482e-15 
  653.000  7.648668e+01  8.313219e+01  2.341770e-15 
  654.000  7.534343e+01  8.165178e+01 -2.763224e-16 
  655.000  7.216992e+01  7.830294e+01 -1.625843e-14 
  656.000  6.196076e+01  6.678323e+01  5.492108e-15 
  657.000  6.713064e+01  7.179771e+01  4.097992e-15 
  658.000  7.651200e+01  8.101179e+01 -1.204920e-15 
  659.000  7.785327e+01  8.179390e+01  1.283034e-15 
  660.000  7.930116e+01  8.261082e+01  3.358587e-15 
  661.000  8.105933e+01  8.372581e+01 -6.067297e-15 
  662.000  8.307435e+01  8.527306e+01  6.145305e-15 
  663.000  8.232525e+01  8.416476e+01  1.986661e-15 
  664.000  8.156004e+01  8.295141e+01 -4.909339e-15 
  665.000  8.241880e+01  8.340498e+01 -5.046747e-15 
  666.000  8.393766e+01  8.451126e+01 -8.404894e-15 
  667.000  8.273185e+01  8.289564e+01 -5.471268e-15 
  668.000  8.378763e+01  8.352126e+01 -2.020933e-14 
  669.000  8.546088e+01  8.477978e+01  5.392924e-15 
  670.000  8.484664e+01  8.378268e+01  2.662877e-15 
  671.000  8.437753e+01  8.293025e+01 -4.036028e-15 
  672.000  8.448340e+01  8.266069e+01 -1.054847e-14 
  673.000  8.546561e+01  8.324848e+01 -2.358968e-16 
  674.000  8.600685e+01  8.340367e+01 -1.345746e-14 
  675.000  8.506470e+01  8.212445e+01 -2.412097e-14 
  676.000  8.703241e+01  8.365528e+01 -1.201875e-14 
  677.000  8.564363e+01  8.195921e+01  4.963722e-15 
  678.000  8.741008e+01  8.328342e+01  1.768378e-16 
  679.000  8.645407e+01  8.202950e+01 -1.502983e-14 
  680.000  8.578133e+01  8.112463e+01  1.095355e-14 
  681.000  8.602364e+01  8.103350e+01  6.662951e-15 
  682.000  8.615704e+01  8.081527e+01 -2.297762e-14 
  683.000  8.688526e+01  8.118967e+01 -1.193792e-14 
  684.000  8.530336e+01  7.945674e+01  3.400978e-15 
  685.000  8.683332e+01  8.048051e+01 -1.288244e-14 
  686.000  8.251167e+01  7.627898e+01  7.031937e-15 
  687.000  5.593626e+01  5.460527e+01  2.232824e-16 
  688.000  6.393855e+01  6.100310e+01  7.435789e-16 
  689.000  6.181215e+01  5.905699e+01  3.554105e-15 
  690.000  6.658533e+01  6.279918e+01 -4.687160e-15 
  691.000  7.252774e+01  6.748009e+01  3.693478e-16 
  692.000  7.485173e+01  6.920530e+01 -6.352637e-15 
  693.000  7.121715e+01  6.662302e+01 -3.274667e-15 
  694.000  6.761222e+01  6.391430e+01 -1.891776e-15 
  695.000  6.963409e+01  6.505650e+01  3.668087e-15 
  696.000  7.256882e+01  6.717982e+01  4.506877e-15 
  697.000  8.211838e+01  7.377497e+01  4.187914e-15 
  698.000  7.879449e+01  7.092464e+01 -2.097924e-15 
  699.000  7.211198e+01  6.616036e+01 -4.831564e-16 
  700.000  7.268423e+01  6.620554e+01 -5.799738e-15 
  701.000  6.946184e+01  6.332482e+01 -1.076835e-15 
  702.000  7.053812e+01  6.383088e+01 -5.650277e-15 
  703.000  7.851791e+01  6.944389e+01 -4.796833e-15 
  704.000  7.924062e+01  6.974693e+01 -5.906394e-15 
  705.000  7.712332e+01  6.816138e+01 -2.445391e-15 
  706.000  7.703432e+01  6.770983e+01  1.638773e-15 
  707.000  7.705602e+01  6.727180e+01  2.933745e-15 
  708.000  8.061370e+01  6.988354e+01 -1.609081e-15 
  709.000  8.020234e+01  6.880815e+01 -4.126623e-15 
  710.000  7.971629e+01  6.860626e+01 -2.441519e-15 
  711.000  8.159813e+01  6.946699e+01  2.420940e-15 
  712.000  8.278045e+01  6.978004e+01  9.284108e-16 
  713.000  8.081131e+01  6.821054e+01 -8.817699e-15 
  714.000  8.167400e+01  6.881379e+01 -1.308221e-15 
  715.000  7.608614e+01  6.440832e+01 -7.590911e-15 
  716.000  7.503716e+01  6.387354e+01 -3.624649e-15 
  717.000  5.682481e+01  5.075176e+01  1.849286e-15 
  718.000  4.793047e+01  4.444147e+01  1.303019e-15 
  719.000  4.454644e+01  4.183395e+01  1.160614e-16 
  720.000  4.113202e+01  3.934554e+01  1.484257e-15 
  721.000  6.058382e+01  5.256805e+01 -1.782527e-17 
  722.000  7.011300e+01  5.910545e+01 -1.661552e-15 
  723.000  6.518562e+01  5.548746e+01  1.398668e-15 
  724.000  5.307466e+01  4.720082e+01  9.067550e-16 
  725.000  5.419986e+01  4.768706e+01  1.939550e-15 
  726.000  5.369069e+01  4.716459e+01 -1.796721e-16 
  727.000  5.630933e+01  4.891249e+01 -2.340003e-16 
  728.000  5.367914e+01  4.680750e+01  3.896360e-16 
  729.000  5.611236e+01  4.780276e+01  2.211791e-15 
  730.000  5.759484e+01  4.900323e+01  2.255856e-15 
  731.000  5.591716e+01  4.754604e+01  1.116418e-16 
  732.000  6.541225e+01  5.380028e+01 -1.708288e-15 
  733.000  7.339159e+01  5.870160e+01  1.484847e-15 
  734.000  7.977768e+01  6.278720e+01  1.629676e-15 
  735.000  7.770364e+01  6.117865e+01 -2.902936e-15 
  736.000  7.348671e+01  5.807991e+01 -7.773088e-16 
  737.000  7.683945e+01  6.015933e+01 -1.677911e-15 
  738.000  7.991975e+01  6.183200e+01 -6.051014e-15 
  739.000  7.882511e+01  6.053781e+01  4.571336e-16 
  740.000  8.278539e+01  6.282147e+01  4.942556e-15 
  741.000  8.407058e+01  6.325574e+01 -1.166261e-15 
  742.000  8.358533e+01  6.253544e+01  7.203641e-15 
  743.000  8.793518e+01  6.512624e+01  7.614082e-15 
  744.000  8.967832e+01  6.605271e+01 -1.137764e-14 
  745.000  8.806732e+01  6.454303e+01 -1.545417e-14 
  746.000  8.990971e+01  6.558898e+01 -6.111153e-15 
  747.000  9.157935e+01  6.656024e+01  2.121050e-14 
  748.000  9.041755e+01  6.543958e+01  3.827351e-15 
  749.000  9.080553e+01  6.547086e+01 -7.563590e-15 
  750.000  8.950880e+01  6.432511e+01 -6.577711e-15 
  751.000  8.948680e+01  6.408316e+01 -1.544806e-15 
  752.000  9.143034e+01  6.519786e+01 -1.567329e-14 
  753.000  9.092185e+01  6.458437e+01 -1.920698e-14 
  754.000  9.264184e+01  6.556280e+01 -6.994458e-15 
  755.000  9.232163e+01  6.510894e+01 -8.324725e-15 
  756.000  9.072921e+01  6.376262e+01 -9.408548e-15 
  757.000  9.156847e+01  6.413262e+01  8.317332e-15 
  758.000  9.101405e+01  6.356556e+01  4.059442e-15 
  759.000  7.209503e+01  5.169031e+01  5.870806e-15 
  760.000  6.450966e+00  7.033042e+00  1.205841e-16 
  761.000  4.502909e+00  5.382942e+00  6.987793e-16 
  762.000  2.548498e+01  2.086094e+01 -9.647031e-16 
  763.000  1.672132e+01  1.467949e+01 -1.060751e-17 
  764.000  2.115111e+01  1.778738e+01  6.517898e-16 
  765.000  3.403296e+01  2.657725e+01 -8.385227e-16 
  766.000  5.247113e+01  3.801315e+01  2.045881e-15 
  767.000  6.610519e+01  4.646228e+01 -6.795243e-15 
  768.000  7.861275e+01  5.419530e+01 -1.838957e-15 
  769.000  8.522449e+01  5.791910e+01  6.156040e-15 
  770.000  8.869181e+01  5.979609e+01  5.351819e-15 
  771.000  9.066338e+01  6.063680e+01  1.332621e-14 
  772.000  9.087279e+01  6.054231e+01  1.243583e-14 
  773.000  9.079858e+01  6.028225e+01 -2.124965e-14 
  774.000  9.209120e+01  6.094508e+01 -6.438824e-15 
  775.000  8.900047e+01  5.868580e+01 -3.861663e-15 
  776.000  9.297588e+01  6.109047e+01 -1.308696e-14 
  777.000  9.247421e+01  6.056676e+01  2.097998e-14 
  778.000  9.204298e+01  6.010238e+01 -2.214123e-15 
  779.000  9.240343e+01  6.015566e+01  1.584307e-14 
  780.000  9.131982e+01  5.927090e+01 -7.502177e-15 
  781.000  9.156175e+01  5.919875e+01 -6.668811e-15 
  782.000  9.271542e+01  5.976622e+01  1.072521e-14 
  783.000  9.060767e+01  5.823253e+01  5.419166e-15 
  784.000  9.116256e+01  5.840528e+01 -1.180080e-15 
  785.000  9.080547e+01  5.808949e+01  6.011749e-15 
  786.000  8.838174e+01  5.650636e+01 -9.234598e-15 
  787.000  8.758678e+01  5.625996e+01 -1.388906e-14 
  788.000  8.522792e+01  5.474598e+01 -4.333672e-16 
  789.000  8.181673e+01  5.296099e+01 -5.084155e-16 
  790.000  8.073457e+01  5.214872e+01 -5.688026e-15 
  791.000  8.115342e+01  5.215304e+01 -3.748133e-15 
  792.000  8.065897e+01  5.157612e+01 -6.175972e-15 
  793.000  8.228974e+01  5.222429e+01 -7.996443e-15 
  794.000  8.494882e+01  5.324389e+01 -3.927919e-16 
  795.000  8.251280e+01  5.185497e+01  1.315254e-15 
  796.000  7.853756e+01  4.994250e+01 -7.161432e-16 
  797.000  8.068358e+01  5.093754e+01  6.150123e-15 
  798.000  8.434336e+01  5.258590e+01  1.768846e-16 
  799.000  8.357800e+01  5.206135e+01  3.347795e-15 
  800.000  7.901309e+01  4.940507e+01  1.179575e-14 
  801.000  8.087944e+01  5.037762e+01 -1.867943e-15 
  802.000  8.057014e+01  5.006627e+01 -2.629747e-15 
  803.000  7.988446e+01  4.943940e+01  4.513341e-15 
  804.000  8.191582e+01  5.037806e+01 -5.718236e-17 
  805.000  8.203266e+01  4.998504e+01  1.338070e-14 
  806.000  8.577164e+01  5.190959e+01 -4.192581e-15 
  807.000  8.542907e+01  5.153818e+01  5.304027e-16 
  808.000  8.420944e+01  5.075930e+01 -6.311246e-16 
  809.000  8.191021e+01  4.935740e+01  4.307760e-15 
  810.000  8.055829e+01  4.854293e+01 -1.908190e-15 
  811.000  7.973769e+01  4.819244e+01 -2.116857e-15 
  812.000  7.661207e+01  4.653504e+01 -1.111716e-15 
  813.000  7.286852e+01  4.454189e+01 -6.184216e-15 
  814.000  6.838586e+01  4.215763e+01 -2.417871e-15 
  815.000  6.245255e+01  3.894599e+01  8.206978e-16 
  816.000  5.595300e+01  3.549677e+01 -5.950542e-16 
  817.000  5.656507e+01  3.575985e+01  5.152471e-15 
  818.000  5.673678e+01  3.570348e+01  6.723760e-16 
  819.000  5.724966e+01  3.565648e+01 -1.544032e-15 
  820.000  6.286850e+01  3.826281e+01 -2.078299e-16 
  821.000  7.355029e+01  4.367477e+01 -8.617296e-16 
  822.000  6.519101e+01  3.924799e+01  3.686788e-16 
  823.000  5.050234e+01  3.192843e+01 -8.072273e-16 
  824.000  6.454125e+01  3.888091e+01  1.750826e-15 
  825.000  7.435188e+01  4.355993e+01 -1.660495e-15 
  826.000  7.331769e+01  4.299281e+01 -2.235179e-15 
  827.000  7.187779e+01  4.216327e+01  1.518693e-15 
  828.000  6.538193e+01  3.885320e+01  4.831109e-16 
  829.000  6.766537e+01  3.987399e+01  3.908473e-15 
  830.000  6.925690e+01  4.043016e+01  5.059846e-15 
  831.000  6.876667e+01  3.995686e+01 -6.856360e-16 
  832.000  7.064925e+01  4.087946e+01  9.993979e-16 
  833.000  7.006578e+01  4.025893e+01 -1.193238e-15 
  834.000  7.305435e+01  4.164517e+01  3.595368e-15 
  835.000  7.698240e+01  4.331784e+01  1.471459e-15 
  836.000  7.681947e+01  4.323385e+01 -7.945464e-17 
  837.000  7.620045e+01  4.276790e+01  8.351041e-16 
  838.000  7.836907e+01  4.364615e+01  5.648420e-15 
  839.000  7.709777e+01  4.268477e+01  1.873253e-15 
  840.000  7.965505e+01  4.392726e+01  5.888915e-15 
  841.000  7.878823e+01  4.346476e+01  5.840752e-16 
  842.000  7.944296e+01  4.357474e+01  5.790136e-16 
  843.000  8.149518e+01  4.426485e+01  1.072719e-15 
  844.000  8.138196e+01  4.393682e+01  2.715164e-15 
  845.000  8.325150e+01  4.475344e+01 -1.282250e-15 
  846.000  8.465927e+01  4.531191e+01  2.439021e-16 
  847.000  8.240398e+01  4.383098e+01 -1.066813e-15 
  848.000  8.392822e+01  4.472256e+01 -4.173483e-15 
  849.000  8.429540e+01  4.477909e+01 -3.921294e-15 
  850.000  7.251926e+01  3.847192e+01  1.307055e-15 
  851.000  8.257452e+01  4.375895e+01  1.313691e-15 
  852.000  7.958208e+01  4.205064e+01  1.973879e-15 
  853.000  8.153803e+01  4.284821e+01  3.129674e-15 
  854.000  6.558831e+01  3.437639e+01  2.577880e-15 
  855.000  7.270364e+01  3.794877e+01 -4.372240e-15 
  856.000  8.358615e+01  4.331015e+01  2.204371e-15 
  857.000  8.541997e+01  4.408773e+01  9.250467e-16 
  858.000  8.430947e+01  4.337285e+01 -2.124863e-15 
  859.000  8.492325e+01  4.351078e+01 -6.215312e-15 
  860.000  8.444756e+01  4.313067e+01 -4.733525e-15 
  861.000  8.457630e+01  4.307418e+01 -3.153291e-15 
  862.000  8.455434e+01  4.293206e+01  1.122548e-15 
  863.000  8.627634e+01  4.368669e+01  8.462214e-15 
  864.000  8.636246e+01  4.359325e+01  2.130039e-15 
  865.000  8.497373e+01  4.276198e+01  1.864951e-15 
  866.000  7.136731e+01  3.581662e+01 -3.007239e-15 
  867.000  7.603308e+01  3.806119e+01  9.669867e-15 
  868.000  8.254869e+01  4.121218e+01 -4.267573e-15 
  869.000  8.150406e+01  4.057896e+01  1.141471e-15 
  870.000  8.489481e+01  4.216133e+01  1.854899e-15 
  871.000  8.488964e+01  4.204370e+01 -8.526617e-15 
  872.000  8.473317e+01  4.184402e+01 -3.249222e-15 
  873.000  8.501989e+01  4.189009e+01 -9.633874e-16 
  874.000  8.315782e+01  4.087367e+01  4.061013e-15 
  875.000  8.244176e+01  4.041874e+01  1.832387e-14 
  876.000  8.308694e+01  4.063619e+01 -5.145726e-15 
  877.000  8.482508e+01  4.137558e+01 -1.301385e-14 
  878.000  8.319286e+01  4.050146e+01  7.986972e-16 
  879.000  8.343755e+01  4.051711e+01  5.975703e-15 
  880.000  8.280666e+01  4.013319e+01  8.558434e-15 
  881.000  7.841962e+01  3.792432e+01  1.031850e-14 
  882.000  8.266978e+01  3.989240e+01 -1.089235e-15 
  883.000  8.100687e+01  3.897330e+01 -7.127688e-17 
  884.000  8.182796e+01  3.926061e+01 -7.294980e-15 
  885.000  8.225308e+01  3.942062e+01 -6.294376e-15 
  886.000  7.897905e+01  3.783160e+01  1.680636e-15 
  887.000  7.871083e+01  3.754824e+01 -5.058660e-15 
  888.000  8.118560e+01  3.863199e+01 -3.212450e-15 
  889.000  8.186782e+01  3.884423e+01  0.000000e+00 
  890.000  8.128497e+01  3.851893e+01 -6.378960e-15 
  891.000  8.003484e+01  3.799522e+01  2.851071e-15 
  892.000  7.788156e+01  3.709283e+01 -2.375087e-15 
  893.000  6.947588e+01  3.356581e+01  3.538576e-15 
  894.000  6.897285e+01  3.352581e+01  1.714496e-15 
  895.000  5.797724e+01  2.872672e+01 -9.655932e-16 
  896.000  5.331491e+01  2.690137e+01 -5.977153e-16 
  897.000  4.550468e+01  2.355243e+01 -2.876018e-16 
  898.000  4.272547e+01  2.238513e+01  6.906979e-16 
  899.000  3.576695e+01  1.945913e+01  4.966483e-16 
  900.000  3.571085e+01  1.928477e+01  4.773948e-16 
  901.000  3.341997e+01  1.818658e+01  2.766935e-16 
  902.000  3.327407e+01  1.799501e+01  6.647463e-16 
  903.000  4.704491e+01  2.378835e+01 -1.338555e-15 
  904.000  5.661583e+01  2.770860e+01 -1.119495e-15 
  905.000  5.633306e+01  2.749745e+01 -3.656324e-15 
  906.000  4.942817e+01  2.448755e+01 -3.778642e-17 
  907.000  4.152011e+01  2.135273e+01 -7.892858e-17 
  908.000  3.541493e+01  1.871719e+01 -1.726697e-17 
  909.000  3.496485e+01  1.842228e+01  2.202884e-17 
  910.000  3.610081e+01  1.889199e+01  4.760973e-16 
  911.000  3.928741e+01  2.011478e+01 -9.890109e-16 
  912.000  3.781807e+01  1.948997e+01 -4.230926e-16 
  913.000  3.221197e+01  1.725617e+01 -2.129818e-17 
  914.000  3.516203e+01  1.839906e+01  1.130021e-15 
  915.000  3.721399e+01  1.910054e+01 -4.018296e-16 
  916.000  3.851911e+01  1.962158e+01  9.164061e-16 
  917.000  3.954301e+01  1.990337e+01  8.370924e-16 
  918.000  4.146386e+01  2.057717e+01  6.345740e-16 
  919.000  4.959126e+01  2.372490e+01 -6.422634e-16 
  920.000  5.560012e+01  2.598117e+01 -1.174869e-15 
  921.000  5.314036e+01  2.484919e+01  5.961580e-16 
  922.000  5.263086e+01  2.455184e+01  6.660754e-16 
  923.000  4.881388e+01  2.283661e+01  8.976002e-16 
  924.000  4.692692e+01  2.222900e+01 -1.374064e-15 
  925.000  4.705373e+01  2.229735e+01 -4.607529e-16 
  926.000  4.476838e+01  2.125637e+01  2.294941e-16 
  927.000  4.167198e+01  2.021757e+01 -7.728945e-17 
  928.000  3.530908e+01  1.779606e+01 -4.280713e-16 
  929.000  2.683680e+01  1.437744e+01 -5.228917e-16 
  930.000  1.882498e+01  1.097358e+01 -1.093436e-16 
  931.000  1.231888e+01  8.010052e+00 -5.678710e-17 
  932.000  6.231538e+00  5.044968e+00  1.511985e-17 
  933.000  3.729167e+00  3.667230e+00 -1.423481e-17 
  934.000  2.096270e+00  2.626376e+00  3.950104e-18 
  935.000  1.902204e+00  2.473605e+00 -5.085054e-21 
  936.000  2.332736e+00  2.755275e+00  1.334527e-17 
  937.000  2.309505e+00  2.754204e+00 -1.234243e-16 
  938.000  4.354452e+00  3.946656e+00 -2.776487e-17 
  939.000  1.550642e+01  9.483079e+00 -2.176475e-16 
  940.000  1.828842e+01  1.067722e+01  4.415889e-17 
  941.000  1.578519e+01  9.462323e+00 -5.164514e-17 
  942.000  1.076120e+01  7.012773e+00  1.318090e-16 
  943.000  5.930658e+00  4.704113e+00 -1.294659e-17 
  944.000  5.435344e+00  4.397623e+00  8.657955e-21 
  945.000  6.945439e+00  5.184794e+00  4.156873e-17 
  946.000  7.224554e+00  5.326949e+00  5.480934e-17 
  947.000  9.036844e+00  6.174656e+00 -1.461967e-18 
  948.000  1.032798e+01  6.778269e+00  5.416464e-17 
  949.000  1.034988e+01  6.763748e+00 -1.610658e-16 
  950.000  1.066271e+01  6.875507e+00  5.712735e-18 
  951.000  1.373635e+01  8.249760e+00  2.078755e-16 
  952.000  1.069337e+01  6.818086e+00 -7.927495e-17 
  953.000  1.307887e+01  7.865009e+00 -5.398953e-17 
  954.000  1.599719e+01  9.091594e+00 -4.734983e-17 
  955.000  1.299462e+01  7.597003e+00  6.244274e-18 
  956.000  1.373996e+01  7.994740e+00  3.252513e-18 
  957.000  2.236658e+01  1.157105e+01 -9.427192e-16 
  958.000  2.423246e+01  1.227855e+01 -2.131277e-16 
  959.000  2.288046e+01  1.170446e+01  4.720285e-16 
  960.000  2.240113e+01  1.144550e+01  5.074653e-16 
  961.000  2.151482e+01  1.102570e+01  2.672395e-18 
  962.000  2.254970e+01  1.141120e+01  7.384813e-18 
  963.000  2.878296e+01  1.375565e+01 -2.154109e-16 
  964.000  2.960255e+01  1.398220e+01  2.187566e-16 
  965.000  2.952169e+01  1.394718e+01 -2.201306e-16 
  966.000  2.924522e+01  1.371350e+01  1.605238e-15 
  967.000  3.562955e+01  1.605273e+01 -2.765340e-16 
  968.000  4.588052e+01  1.951124e+01 -5.430833e-16 
  969.000  5.186637e+01  2.157537e+01 -2.009721e-15 
  970.000  5.248432e+01  2.174424e+01 -2.417987e-16 
  971.000  5.195353e+01  2.147750e+01  1.069586e-15 
  972.000  5.070445e+01  2.101583e+01  1.362276e-15 
  973.000  4.669122e+01  1.955004e+01  1.355353e-16 
  974.000  4.202986e+01  1.786628e+01 -1.119903e-15 
  975.000  3.985671e+01  1.710959e+01 -3.048641e-16 
  976.000  4.339510e+01  1.831022e+01 -7.382987e-17 
  977.000  4.759021e+01  1.960162e+01  1.189100e-15 
  978.000  4.846061e+01  1.992946e+01  1.317736e-15 
  979.000  4.865081e+01  1.984499e+01  5.995865e-16 
  980.000  5.552487e+01  2.220232e+01 -8.209110e-16 
  981.000  5.748399e+01  2.283202e+01 -1.411263e-15 
  982.000  5.609021e+01  2.229502e+01 -4.776437e-16 
  983.000  5.944395e+01  2.334860e+01  1.545795e-15 
  984.000  6.275891e+01  2.433490e+01 -9.935017e-16 
  985.000  6.494804e+01  2.496536e+01  1.145094e-15 
  986.000  6.729999e+01  2.559500e+01  3.461773e-15 
  987.000  6.941939e+01  2.624063e+01 -2.929678e-16 
  988.000  6.894234e+01  2.597486e+01 -2.388036e-15 
  989.000  6.832771e+01  2.566791e+01  1.766502e-16 
  990.000  6.927857e+01  2.594164e+01 -1.590278e-15 
  991.000  7.098549e+01  2.643827e+01  3.899424e-15 
  992.000  7.068969e+01  2.624531e+01  1.789616e-15 
  993.000  7.085521e+01  2.623848e+01 -2.294745e-15 
  994.000  7.222533e+01  2.657300e+01  3.381904e-15 
  995.000  7.234075e+01  2.650865e+01  4.949030e-15 
  996.000  7.236553e+01  2.645880e+01  1.706494e-15 
  997.000  7.208472e+01  2.632708e+01  7.516618e-15 
  998.000  7.140257e+01  2.605485e+01  1.588351e-15 
  999.000  7.107225e+01  2.589009e+01 -9.059744e-16 
 1000.000  7.070156e+01  2.568750e+01  8.253688e-15 
 1001.000  7.016833e+01  2.554846e+01  1.207319e-15 
 1002.000  6.851739e+01  2.500715e+01 -2.857019e-15 
 1003.000  6.813222e+01  2.478428e+01 -5.676257e-16 
 1004.000  6.850414e+01  2.479853e+01 -1.253959e-15 
 1005.000  6.441033e+01  2.323673e+01 -8.463361e-16 
 1006.000  6.795103e+01  2.445084e+01  1.573353e-15 
 1007.000  6.892689e+01  2.476930e+01  1.318063e-15 
 1008.000  6.797935e+01  2.446634e+01 -1.142742e-15 
 1009.000  6.592464e+01  2.379274e+01 -2.411515e-15 
 1010.000  6.695927e+01  2.405925e+01 -1.183706e-15 
 1011.000  6.843185e+01  2.440399e+01  2.554286e-15 
 1012.000  6.919109e+01  2.457006e+01 -1.973221e-15 
 1013.000  6.927090e+01  2.450466e+01  1.905298e-15 
 1014.000  6.993913e+01  2.463369e+01  5.534444e-17 
 1015.000  6.873033e+01  2.415152e+01 -1.513198e-15 
 1016.000  6.947080e+01  2.434041e+01 -7.016049e-15 
 1017.000  6.890196e+01  2.407924e+01  3.285674e-15 
 1018.000  6.957604e+01  2.428266e+01 -7.089159e-16 
 1019.000  6.745445e+01  2.356855e+01  4.279027e-15 
 1020.000  6.755508e+01  2.353707e+01  3.910664e-15 
 1021.000  6.866238e+01  2.380447e+01 -3.868513e-15 
 1022.000  6.696655e+01  2.325201e+01  1.803359e-15 
 1023.000  6.766504e+01  2.348739e+01 -4.297106e-16 
 1024.000  6.698116e+01  2.322557e+01 -1.645840e-15 
 1025.000  6.810758e+01  2.348411e+01  4.135627e-15 
 1026.000  6.867069e+01  2.355695e+01  2.845420e-15 
 1027.000  6.806117e+01  2.331210e+01 -1.709600e-15 
 1028.000  6.843408e+01  2.337656e+01  7.706471e-15 
 1029.000  6.787928e+01  2.310273e+01  3.214078e-15 
 1030.000  6.903392e+01  2.341357e+01  6.115552e-15 
 1031.000  6.905338e+01  2.335437e+01 -2.385346e-15 
 1032.000  6.899793e+01  2.327442e+01 -7.391188e-16 
 1033.000  6.781631e+01  2.282302e+01  4.561355e-15 
 1034.000  6.864753e+01  2.304773e+01  8.383459e-16 
 1035.000  6.796839e+01  2.276946e+01  2.901027e-15 
 1036.000  6.883556e+01  2.301057e+01 -4.461403e-15 
 1037.000  6.740421e+01  2.248379e+01 -4.419264e-15 
 1038.000  6.816202e+01  2.268358e+01  8.042407e-15 
 1039.000  6.834567e+01  2.270446e+01 -1.571248e-16 
 1040.000  6.746673e+01  2.237044e+01 -4.325879e-15 
 1041.000  6.776665e+01  2.242731e+01  5.334423e-15 
 1042.000  6.796675e+01  2.244724e+01  1.565995e-16 
 1043.000  6.681703e+01  2.202015e+01  1.377722e-15 
 1044.000  6.743542e+01  2.218039e+01  1.495184e-15 
 1045.000  6.695197e+01  2.198850e+01  1.489354e-15 
 1046.000  6.488577e+01  2.127316e+01 -2.094375e-15 
 1047.000  6.593066e+01  2.157962e+01  1.269145e-15 
 1048.000  6.647727e+01  2.171330e+01 -1.540337e-15 
 1049.000  6.591943e+01  2.148811e+01 -6.630133e-16 
 1050.000  6.536930e+01  2.127382e+01 -4.312791e-15 
 1051.000  6.517154e+01  2.118011e+01  0.000000e+00 
 1052.000  6.469322e+01  2.099133e+01  3.741418e-15 
 1053.000  6.462126e+01  2.092972e+01  1.568513e-15 
 1054.000  6.369051e+01  2.060229e+01  7.212336e-15 
 1055.000  6.388865e+01  2.064013e+01 -8.080911e-16 
 1056.000  6.347528e+01  2.047809e+01  1.410185e-15 
 1057.000  6.298646e+01  2.030353e+01 -1.011841e-16 
 1058.000  6.159913e+01  1.986262e+01  6.986305e-16 
 1059.000  5.963063e+01  1.918786e+01 -5.308996e-16 
 1060.000  6.196098e+01  1.987820e+01 -5.998363e-16 
 1061.000  5.973162e+01  1.913374e+01  4.853899e-17 
 1062.000  6.097289e+01  1.952271e+01  7.956153e-16 
 1063.000  5.979239e+01  1.911716e+01  4.913136e-17 
 1064.000  6.028546e+01  1.926105e+01  2.875458e-15 
 1065.000  5.982688e+01  1.910799e+01  6.937526e-16 
 1066.000  5.804936e+01  1.850360e+01 -6.723936e-16 
 1067.000  5.932917e+01  1.888736e+01  2.016977e-15 
 1068.000  5.847764e+01  1.866206e+01  1.064559e-15 
 1069.000  5.384904e+01  1.717883e+01  4.675054e-16 
 1070.000  5.729130e+01  1.823481e+01  8.976648e-16 
 1071.000  5.705146e+01  1.815683e+01 -2.507716e-15 
 1072.000  5.686818e+01  1.809650e+01  1.633723e-15 
 1073.000  5.502950e+01  1.748338e+01  9.249885e-16 
 1074.000  5.717477e+01  1.812358e+01 -1.049762e-15 
 1075.000  5.623953e+01  1.774381e+01 -2.237233e-17 
 1076.000  5.712785e+01  1.802011e+01 -2.671035e-15 
 1077.000  5.649910e+01  1.782831e+01 -9.939016e-16 
 1078.000  5.604150e+01  1.769760e+01  1.074797e-15 
 1079.000  5.386959e+01  1.698568e+01  1.011744e-15 
 1080.000  5.364824e+01  1.700215e+01 -5.626227e-16 
 1081.000  5.165558e+01  1.634598e+01  0.000000e+00 
 1082.000  5.319140e+01  1.675073e+01  1.265594e-15 
 1083.000  5.085166e+01  1.604431e+01 -6.050619e-17 
 1084.000  5.176813e+01  1.636755e+01 -6.018879e-16 
 1085.000  4.867382e+01  1.549319e+01  8.381711e-16 
 1086.000  4.992040e+01  1.583242e+01  1.059755e-15 
 1087.000  4.948934e+01  1.551988e+01 -8.018979e-17 
 1088.000  5.267653e+01  1.648143e+01  2.096557e-15 
 1089.000  4.743006e+01  1.498931e+01 -1.588854e-16 
 1090.000  4.786432e+01  1.513308e+01 -3.852613e-16 
 1091.000  4.879914e+01  1.537322e+01  1.461884e-15 
 1092.000  4.609084e+01  1.457518e+01  1.005165e-15 
 1093.000  4.217535e+01  1.346955e+01  9.156337e-17 
 1094.000  3.713011e+01  1.190250e+01 -4.149051e-16 
 1095.000  4.039025e+01  1.291771e+01 -5.761858e-16 
 1096.000  4.034332e+01  1.288070e+01 -4.194970e-16 
 1097.000  3.911612e+01  1.250971e+01  4.910923e-17 
 1098.000  3.163970e+01  1.051004e+01  1.965653e-18 
 1099.000  2.643557e+01  9.121494e+00  4.545749e-16 
 1100.000  2.719935e+01  9.347698e+00 -7.871437e-16 
