  400.000  8.429284e+02  4.543931e+02 -2.942443e-14 
  401.000  8.390089e+02  4.484281e+02 -2.342929e-14 
  402.000  8.903942e+02  4.718663e+02  8.027532e-14 
  403.000  8.350414e+02  4.388127e+02  2.206638e-14 
  404.000  8.984976e+02  4.682159e+02  1.846420e-13 
  405.000  8.250011e+02  4.263459e+02 -1.838320e-13 
  406.000  8.197650e+02  4.201472e+02  7.354667e-14 
  407.000  7.993427e+02  4.063251e+02  1.162270e-13 
  408.000  8.669582e+02  4.371094e+02 -6.766420e-15 
  409.000  9.606864e+02  4.804474e+02 -4.825417e-14 
  410.000  8.040466e+02  3.988770e+02  1.206320e-13 
  411.000  9.451754e+02  4.651407e+02  2.146107e-13 
  412.000  9.803512e+02  4.786158e+02  1.545135e-13 
  413.000  9.269999e+02  4.489973e+02 -1.854334e-14 
  414.000  9.107367e+02  4.376487e+02 -6.664693e-14 
  415.000  9.722086e+02  4.635486e+02  9.241692e-14 
  416.000  9.671396e+02  4.575557e+02  1.134489e-13 
  417.000  9.385306e+02  4.405967e+02 -4.180968e-14 
  418.000  9.189005e+02  4.280744e+02 -3.651687e-14 
  419.000  9.422360e+02  4.355983e+02 -7.676877e-14 
  420.000  7.981968e+02  3.662116e+02 -3.147363e-14 
  421.000  1.000875e+03  4.557435e+02  3.305475e-14 
  422.000  9.598123e+02  4.337782e+02 -1.802047e-13 
  423.000  8.112573e+02  3.639165e+02  1.402537e-13 
  424.000  8.930337e+02  3.976411e+02 -2.161798e-14 
  425.000  9.256266e+02  4.091209e+02 -4.673762e-14 
  426.000  8.904694e+02  3.907016e+02  4.279948e-14 
  427.000  8.571838e+02  3.733614e+02 -7.161924e-15 
  428.000  8.686286e+02  3.756100e+02 -7.806418e-14 
  429.000  7.908435e+02  3.395151e+02 -3.849028e-14 
  430.000  6.315456e+02  2.691873e+02  5.184438e-14 
  431.000  5.682293e+02  2.404774e+02 -1.153803e-14 
  432.000  1.023558e+03  4.301111e+02 -6.387127e-14 
  433.000  9.117651e+02  3.804396e+02 -1.692627e-14 
  434.000  8.672068e+02  3.593172e+02 -2.810432e-13 
  435.000  9.441617e+02  3.884821e+02 -8.342895e-14 
  436.000  1.047663e+03  4.280861e+02  3.055582e-14 
  437.000  1.058504e+03  4.295385e+02 -4.161857e-14 
  438.000  9.488484e+02  3.824035e+02 -2.852334e-14 
  439.000  9.188014e+02  3.677728e+02 -3.392356e-14 
  440.000  1.030491e+03  4.096808e+02 -1.143852e-13 
  441.000  1.027843e+03  4.058690e+02  3.553707e-13 
  442.000  1.083257e+03  4.248729e+02  9.774724e-15 
  443.000  1.091236e+03  4.251349e+02 -1.315682e-13 
  444.000  1.084881e+03  4.198374e+02 -2.229879e-14 
  445.000  1.141943e+03  4.389776e+02  1.122867e-13 
  446.000  1.017189e+03  3.884201e+02 -1.834856e-13 
  447.000  1.160877e+03  4.403866e+02 -4.187511e-14 
  448.000  1.180922e+03  4.451241e+02  1.471195e-13 
  449.000  1.189660e+03  4.455789e+02  6.120670e-14 
  450.000  1.216310e+03  4.526832e+02 -6.492482e-14 
  451.000  1.315267e+03  4.864200e+02 -5.844275e-14 
  452.000  1.223432e+03  4.496006e+02 -6.240042e-14 
  453.000  1.136351e+03  4.149691e+02  7.414664e-14 
  454.000  1.212238e+03  4.399017e+02 -5.591987e-14 
  455.000  1.221468e+03  4.404789e+02  1.747831e-14 
  456.000  1.251877e+03  4.486264e+02 -3.317291e-14 
  457.000  1.259697e+03  4.486306e+02 -4.548617e-14 
  458.000  1.238333e+03  4.383004e+02  5.655859e-14 
  459.000  1.238969e+03  4.358271e+02  2.570545e-14 
  460.000  1.228960e+03  4.296611e+02  9.742943e-14 
  461.000  1.274314e+03  4.428051e+02 -1.701018e-13 
  462.000  1.254341e+03  4.332200e+02  1.046391e-13 
  463.000  1.255426e+03  4.309744e+02  8.248130e-14 
  464.000  1.260117e+03  4.299972e+02 -2.456801e-14 
  465.000  1.242255e+03  4.213748e+02  4.898202e-14 
  466.000  1.282149e+03  4.323206e+02 -8.230406e-14 
  467.000  1.237411e+03  4.147578e+02 -1.363358e-13 
  468.000  1.310561e+03  4.366597e+02  3.895597e-14 
  469.000  1.299668e+03  4.304361e+02  2.633429e-14 
  470.000  1.282351e+03  4.221421e+02 -1.935864e-13 
  471.000  1.280616e+03  4.190121e+02 -1.073222e-14 
  472.000  1.296861e+03  4.217408e+02  9.056909e-14 
  473.000  1.283373e+03  4.147917e+02 -3.403177e-14 
  474.000  1.294318e+03  4.157442e+02  7.239723e-14 
  475.000  1.347295e+03  4.299873e+02 -1.565542e-13 
  476.000  1.306542e+03  4.142140e+02 -9.799483e-14 
  477.000  1.295168e+03  4.079914e+02  6.283115e-14 
  478.000  1.359544e+03  4.260084e+02 -8.636123e-15 
  479.000  1.297985e+03  4.048037e+02  6.133547e-14 
  480.000  1.323651e+03  4.109278e+02 -3.469138e-14 
  481.000  1.315718e+03  4.065312e+02 -4.520489e-14 
  482.000  1.343393e+03  4.130446e+02 -8.421998e-14 
  483.000  1.345007e+03  4.114469e+02 -1.741004e-13 
  484.000  1.293542e+03  3.936434e+02  6.147965e-14 
  485.000  1.303380e+03  3.945407e+02  6.056157e-14 
  486.000  1.057005e+03  3.182627e+02  1.935338e-13 
  487.000  1.188270e+03  3.558842e+02 -1.145113e-13 
  488.000  1.290493e+03  3.844443e+02 -1.007284e-13 
  489.000  1.199894e+03  3.555582e+02 -6.260933e-15 
  490.000  1.366329e+03  4.027369e+02 -1.088170e-13 
  491.000  1.278968e+03  3.749955e+02  2.602798e-14 
  492.000  1.229489e+03  3.585879e+02 -1.225589e-13 
  493.000  1.324638e+03  3.843127e+02 -4.561516e-14 
  494.000  1.280132e+03  3.694566e+02 -5.967550e-14 
  495.000  1.368945e+03  3.930334e+02 -2.464819e-13 
  496.000  1.333907e+03  3.809820e+02  2.047997e-13 
  497.000  1.294599e+03  3.678442e+02 -6.668009e-15 
  498.000  1.264639e+03  3.574825e+02  9.418348e-14 
  499.000  1.262213e+03  3.549652e+02  1.210178e-13 
  500.000  1.257277e+03  3.517705e+02 -1.163101e-13 
  501.000  1.229710e+03  3.423033e+02  1.962773e-13 
  502.000  1.222264e+03  3.385051e+02 -2.450143e-14 
  503.000  1.295771e+03  3.570516e+02  5.310384e-14 
  504.000  1.206181e+03  3.306927e+02 -8.079205e-14 
  505.000  1.301623e+03  3.550687e+02  9.616430e-14 
  506.000  1.393823e+03  3.783365e+02 -1.351146e-13 
  507.000  1.297192e+03  3.503716e+02  7.749872e-14 
  508.000  1.244344e+03  3.344496e+02  5.926882e-14 
  509.000  1.342170e+03  3.589804e+02  5.452934e-14 
  510.000  1.300817e+03  3.462245e+02 -5.935039e-14 
  511.000  1.301545e+03  3.447351e+02 -1.419379e-13 
  512.000  1.366407e+03  3.601632e+02  1.663723e-13 
  513.000  1.250900e+03  3.281290e+02  1.491606e-14 
  514.000  1.224967e+03  3.197843e+02 -7.353343e-14 
  515.000  1.250886e+03  3.249898e+02  6.286098e-15 
  516.000  1.314338e+03  3.398445e+02  2.582702e-14 
  517.000  9.685074e+02  2.492287e+02  1.560586e-13 
  518.000  1.199467e+03  3.071940e+02  6.345497e-14 
  519.000  1.136760e+03  2.897549e+02 -1.658044e-14 
  520.000  1.251953e+03  3.176121e+02  9.456379e-14 
  521.000  1.253061e+03  3.163956e+02 -1.606462e-13 
  522.000  1.303230e+03  3.275117e+02  2.344170e-13 
  523.000  1.214457e+03  3.037579e+02  1.543279e-14 
  524.000  1.318087e+03  3.281261e+02  3.467409e-14 
  525.000  1.307998e+03  3.240819e+02  1.647647e-13 
  526.000  1.246947e+03  3.075187e+02 -1.603499e-13 
  527.000  1.089675e+03  2.674811e+02  2.021179e-14 
  528.000  1.309206e+03  3.198763e+02 -2.783910e-14 
  529.000  1.346891e+03  3.275620e+02  3.286164e-14 
  530.000  1.273176e+03  3.082109e+02 -1.075391e-13 
  531.000  1.386369e+03  3.340778e+02  2.942525e-14 
  532.000  1.323065e+03  3.173802e+02 -7.754475e-15 
  533.000  1.162374e+03  2.775905e+02  5.970770e-14 
  534.000  1.264292e+03  3.006133e+02 -2.850670e-13 
  535.000  1.290216e+03  3.054604e+02  3.247088e-14 
  536.000  1.369349e+03  3.228053e+02  2.519595e-14 
  537.000  1.270717e+03  2.982658e+02  1.595032e-13 
  538.000  1.330503e+03  3.109502e+02 -3.990825e-14 
  539.000  1.326454e+03  3.086648e+02 -1.584218e-13 
  540.000  1.298458e+03  3.008452e+02 -4.469646e-14 
  541.000  1.190992e+03  2.747574e+02  3.668029e-14 
  542.000  1.328933e+03  3.052614e+02 -1.185366e-13 
  543.000  1.271552e+03  2.908276e+02  3.172289e-14 
  544.000  1.341614e+03  3.055368e+02  8.960546e-15 
  545.000  1.322115e+03  2.998085e+02 -2.174107e-14 
  546.000  1.293191e+03  2.919992e+02  4.311600e-14 
  547.000  1.348631e+03  3.032255e+02 -1.149642e-13 
  548.000  1.251790e+03  2.802610e+02 -7.887200e-14 
  549.000  1.317914e+03  2.938219e+02  1.320523e-13 
  550.000  1.289658e+03  2.863129e+02 -3.199575e-14 
  551.000  1.282480e+03  2.835204e+02 -3.179878e-14 
  552.000  1.338706e+03  2.947100e+02  2.547522e-14 
  553.000  1.287168e+03  2.821780e+02  1.679310e-13 
  554.000  1.330168e+03  2.903869e+02  1.922711e-13 
  555.000  1.334866e+03  2.901997e+02  2.535988e-14 
  556.000  1.299015e+03  2.812334e+02 -6.539250e-14 
  557.000  1.261390e+03  2.719529e+02 -4.788298e-14 
  558.000  1.310261e+03  2.813185e+02 -7.341418e-14 
  559.000  1.239383e+03  2.649988e+02  4.700966e-14 
  560.000  1.245718e+03  2.652479e+02  1.027091e-13 
  561.000  1.370061e+03  2.905107e+02 -9.060428e-15 
  562.000  1.258277e+03  2.656417e+02  1.075930e-13 
  563.000  1.317310e+03  2.769396e+02 -1.637225e-13 
  564.000  1.299578e+03  2.720530e+02  2.010292e-13 
  565.000  1.315681e+03  2.742172e+02 -6.729031e-14 
  566.000  1.213845e+03  2.519359e+02  1.311123e-13 
  567.000  1.302112e+03  2.689228e+02  1.493845e-14 
  568.000  1.295865e+03  2.656709e+02  6.560335e-14 
  569.000  1.261722e+03  2.561432e+02  4.357209e-14 
  570.000  1.270730e+03  2.571384e+02  6.464849e-15 
  571.000  1.233134e+03  2.495730e+02 -8.222020e-15 
  572.000  1.297837e+03  2.605442e+02  2.258024e-15 
  573.000  1.314357e+03  2.630865e+02  2.955713e-14 
  574.000  1.308619e+03  2.608655e+02 -5.905164e-14 
  575.000  1.277069e+03  2.534810e+02 -5.420208e-14 
  576.000  1.254567e+03  2.480075e+02  1.266299e-13 
  577.000  1.309443e+03  2.582126e+02 -7.635014e-14 
  578.000  1.274381e+03  2.508027e+02  7.056117e-14 
  579.000  1.267077e+03  2.487481e+02  7.101654e-14 
  580.000  1.312687e+03  2.569682e+02 -6.350914e-14 
  581.000  1.291789e+03  2.523480e+02 -4.750529e-14 
  582.000  1.313018e+03  2.557557e+02 -6.294522e-15 
  583.000  1.323247e+03  2.568389e+02  1.845781e-14 
  584.000  1.320087e+03  2.553141e+02 -2.468876e-14 
  585.000  1.312204e+03  2.528414e+02 -1.556115e-13 
  586.000  1.256663e+03  2.412431e+02 -2.833458e-14 
  587.000  1.303358e+03  2.486429e+02 -1.112131e-13 
  588.000  1.277647e+03  2.410875e+02 -2.078920e-14 
  589.000  1.115232e+03  2.078835e+02 -9.970715e-15 
  590.000  1.163919e+03  2.160638e+02 -5.803457e-14 
  591.000  1.251030e+03  2.326175e+02 -6.414922e-14 
  592.000  1.220745e+03  2.254988e+02  8.999340e-15 
  593.000  1.249506e+03  2.315064e+02  5.677725e-14 
  594.000  1.258305e+03  2.319026e+02  1.702070e-14 
  595.000  1.224333e+03  2.237981e+02 -1.119833e-14 
  596.000  1.271090e+03  2.330777e+02 -7.836312e-14 
  597.000  1.272701e+03  2.321750e+02  4.789029e-15 
  598.000  1.253921e+03  2.286601e+02  6.433413e-14 
  599.000  1.257871e+03  2.289015e+02 -4.328081e-14 
  600.000  1.264758e+03  2.301373e+02 -4.447030e-14 
  601.000  1.262498e+03  2.294848e+02 -9.236262e-15 
  602.000  1.250943e+03  2.268237e+02  7.729481e-14 
  603.000  1.260605e+03  2.280055e+02 -1.429347e-13 
  604.000  1.302256e+03  2.348966e+02 -9.224606e-14 
  605.000  1.300181e+03  2.337842e+02 -2.878834e-14 
  606.000  1.286000e+03  2.304464e+02 -1.311905e-14 
  607.000  1.279655e+03  2.285263e+02 -3.044848e-14 
  608.000  1.275796e+03  2.270516e+02 -1.201967e-13 
  609.000  1.263503e+03  2.240865e+02  1.049850e-13 
  610.000  1.244031e+03  2.198709e+02  2.950015e-14 
  611.000  1.264949e+03  2.227956e+02 -9.203275e-14 
  612.000  1.249191e+03  2.192603e+02 -4.645128e-14 
  613.000  1.231631e+03  2.154306e+02  1.891815e-13 
  614.000  1.187815e+03  2.070478e+02  5.708440e-14 
  615.000  1.245384e+03  2.163340e+02 -1.468301e-14 
  616.000  1.184746e+03  2.050897e+02 -9.867671e-14 
  617.000  1.192045e+03  2.056376e+02 -1.252248e-13 
  618.000  1.248876e+03  2.146906e+02  1.468193e-14 
  619.000  1.237990e+03  2.120719e+02  1.329779e-13 
  620.000  1.256825e+03  2.145400e+02  5.901810e-14 
  621.000  1.278952e+03  2.175421e+02 -1.077348e-15 
  622.000  1.211906e+03  2.054008e+02 -6.901904e-14 
  623.000  1.221735e+03  2.063152e+02  1.442537e-13 
  624.000  1.223419e+03  2.058538e+02  4.404121e-14 
  625.000  1.190582e+03  1.996032e+02  7.474937e-15 
  626.000  1.196424e+03  1.997674e+02  2.355588e-14 
  627.000  1.212482e+03  2.009840e+02  1.637732e-14 
  628.000  1.186531e+03  1.943655e+02 -4.881957e-14 
  629.000  1.221409e+03  2.001914e+02 -3.796958e-14 
  630.000  1.185369e+03  1.941166e+02  5.441473e-14 
  631.000  1.231363e+03  2.013260e+02 -3.522882e-14 
  632.000  1.143850e+03  1.859956e+02 -7.140959e-15 
  633.000  1.233520e+03  2.005980e+02  7.339962e-14 
  634.000  1.198630e+03  1.945583e+02 -1.004937e-15 
  635.000  1.221018e+03  1.975534e+02  1.022030e-15 
  636.000  1.179348e+03  1.903440e+02  2.006946e-14 
  637.000  1.219449e+03  1.962775e+02  2.929538e-14 
  638.000  1.241246e+03  1.995155e+02 -7.673924e-15 
  639.000  1.231678e+03  1.973615e+02 -1.013512e-13 
  640.000  1.194661e+03  1.910003e+02  4.016615e-14 
  641.000  1.212405e+03  1.932152e+02 -1.390317e-14 
  642.000  1.199187e+03  1.906280e+02  0.000000e+00 
  643.000  1.219155e+03  1.929302e+02  2.994290e-14 
  644.000  1.205720e+03  1.901979e+02  8.478338e-14 
  645.000  1.214264e+03  1.905630e+02 -2.140902e-14 
  646.000  1.158497e+03  1.801751e+02  2.908157e-15 
  647.000  1.167727e+03  1.803943e+02  6.119791e-14 
  648.000  1.158157e+03  1.777450e+02  1.602517e-14 
  649.000  1.188474e+03  1.823522e+02 -6.811693e-14 
  650.000  1.114037e+03  1.715487e+02  5.472524e-15 
  651.000  1.200448e+03  1.842690e+02  8.694393e-14 
  652.000  1.166227e+03  1.773925e+02  5.223645e-16 
  653.000  1.203634e+03  1.837846e+02 -2.222194e-14 
  654.000  1.186864e+03  1.805007e+02 -7.629140e-14 
  655.000  1.151258e+03  1.740765e+02 -1.067852e-14 
  656.000  9.791700e+02  1.477274e+02 -2.381932e-14 
  657.000  1.047760e+03  1.578133e+02  6.117658e-14 
  658.000  1.171906e+03  1.764394e+02 -1.950812e-14 
  659.000  1.177704e+03  1.770615e+02 -1.223576e-14 
  660.000  1.188468e+03  1.782012e+02 -2.686870e-14 
  661.000  1.197464e+03  1.794642e+02  1.635201e-14 
  662.000  1.216539e+03  1.819664e+02  1.489197e-13 
  663.000  1.203164e+03  1.793646e+02  1.540957e-14 
  664.000  1.184983e+03  1.761864e+02 -1.590015e-13 
  665.000  1.191018e+03  1.766011e+02  9.548149e-16 
  666.000  1.206364e+03  1.784131e+02 -1.373748e-13 
  667.000  1.183225e+03  1.745153e+02 -1.213809e-13 
  668.000  1.190846e+03  1.751796e+02 -8.036218e-14 
  669.000  1.208625e+03  1.772905e+02  5.752452e-14 
  670.000  1.194755e+03  1.747488e+02  6.530193e-14 
  671.000  1.182718e+03  1.724938e+02 -6.739880e-14 
  672.000  1.179425e+03  1.715133e+02  3.916448e-14 
  673.000  1.188425e+03  1.723195e+02  3.942742e-14 
  674.000  1.191277e+03  1.722316e+02  1.316215e-13 
  675.000  1.173615e+03  1.691869e+02 -1.980502e-13 
  676.000  1.196299e+03  1.719571e+02 -1.055552e-13 
  677.000  1.173031e+03  1.681250e+02 -1.052740e-13 
  678.000  1.192966e+03  1.704895e+02  1.407931e-14 
  679.000  1.176543e+03  1.676470e+02 -5.271642e-14 
  680.000  1.167563e+03  1.658263e+02  1.431704e-13 
  681.000  1.168799e+03  1.654462e+02 -7.718461e-14 
  682.000  1.166572e+03  1.646312e+02  2.751065e-14 
  683.000  1.174478e+03  1.652214e+02 -9.321779e-14 
  684.000  1.152794e+03  1.615767e+02  1.269262e-14 
  685.000  1.166818e+03  1.631518e+02  1.466647e-14 
  686.000  1.114432e+03  1.551253e+02  0.000000e+00 
  687.000  9.876321e+02  1.337668e+02  1.108613e-14 
  688.000  1.029570e+03  1.398198e+02 -8.759330e-16 
  689.000  1.019994e+03  1.378628e+02  5.325466e-14 
  690.000  1.046638e+03  1.415046e+02 -5.907650e-14 
  691.000  1.076533e+03  1.457070e+02  8.138295e-15 
  692.000  1.080964e+03  1.460929e+02 -2.957996e-14 
  693.000  1.065465e+03  1.427553e+02  3.698905e-14 
  694.000  1.052798e+03  1.399733e+02  1.736768e-15 
  695.000  1.049693e+03  1.395415e+02 -2.008995e-14 
  696.000  1.071318e+03  1.422813e+02  8.402439e-15 
  697.000  1.116333e+03  1.494976e+02  6.612524e-15 
  698.000  1.086657e+03  1.446957e+02  4.294743e-14 
  699.000  1.067892e+03  1.404736e+02  8.660283e-15 
  700.000  1.061802e+03  1.394513e+02  1.242207e-15 
  701.000  1.029669e+03  1.346149e+02 -2.450284e-14 
  702.000  1.030869e+03  1.345648e+02 -8.712750e-15 
  703.000  1.077274e+03  1.413045e+02  2.915490e-14 
  704.000  1.081893e+03  1.415665e+02 -1.015169e-14 
  705.000  1.077052e+03  1.400584e+02  3.614698e-14 
  706.000  1.068355e+03  1.386305e+02  1.732619e-14 
  707.000  1.057038e+03  1.369459e+02  5.334293e-14 
  708.000  1.093043e+03  1.414105e+02  1.446898e-14 
  709.000  1.064483e+03  1.377461e+02 -6.925861e-15 
  710.000  1.078163e+03  1.386871e+02  6.054553e-14 
  711.000  1.078578e+03  1.388023e+02  7.439978e-15 
  712.000  1.073090e+03  1.381351e+02  1.753484e-14 
  713.000  1.061079e+03  1.358654e+02  1.159409e-14 
  714.000  1.076534e+03  1.373447e+02  2.464204e-14 
  715.000  1.026686e+03  1.301477e+02  1.270088e-14 
  716.000  1.040265e+03  1.310385e+02  1.014863e-14 
  717.000  9.307231e+02  1.151249e+02 -1.054466e-14 
  718.000  8.757186e+02  1.069414e+02  1.035981e-14 
  719.000  8.479131e+02  1.028074e+02 -1.863918e-13 
  720.000  8.278085e+02  9.942194e+01  1.193136e-14 
  721.000  9.436838e+02  1.158702e+02  3.746457e-15 
  722.000  1.000434e+03  1.234545e+02  2.669201e-15 
  723.000  9.736907e+02  1.193064e+02  1.441792e-14 
  724.000  9.103942e+02  1.099529e+02 -3.089177e-15 
  725.000  9.103376e+02  1.098396e+02 -8.088461e-15 
  726.000  9.056250e+02  1.089300e+02 -1.602278e-14 
  727.000  9.288452e+02  1.116309e+02  9.586996e-15 
  728.000  9.026072e+02  1.080017e+02 -5.287387e-15 
  729.000  8.917592e+02  1.069230e+02  4.870207e-15 
  730.000  9.203818e+02  1.100103e+02  1.012356e-15 
  731.000  9.000418e+02  1.072280e+02  1.691117e-14 
  732.000  9.610762e+02  1.150488e+02  2.324387e-14 
  733.000  9.885746e+02  1.189928e+02  1.965800e-14 
  734.000  1.029859e+03  1.242565e+02  5.696599e-14 
  735.000  1.014528e+03  1.218770e+02  4.563076e-14 
  736.000  9.826653e+02  1.173947e+02 -6.435218e-15 
  737.000  1.005809e+03  1.201204e+02  4.246581e-15 
  738.000  1.017013e+03  1.215633e+02  1.285951e-14 
  739.000  9.899934e+02  1.182243e+02  3.720165e-15 
  740.000  1.012375e+03  1.210743e+02  8.448930e-14 
  741.000  1.011850e+03  1.210161e+02 -2.474684e-14 
  742.000  9.983828e+02  1.192361e+02  8.041627e-15 
  743.000  1.034758e+03  1.235666e+02  2.294521e-14 
  744.000  1.047797e+03  1.249765e+02  4.470809e-14 
  745.000  1.023011e+03  1.218366e+02 -6.530514e-14 
  746.000  1.039239e+03  1.235533e+02 -2.286020e-14 
  747.000  1.055979e+03  1.252386e+02  7.843502e-14 
  748.000  1.038133e+03  1.228900e+02 -2.435983e-14 
  749.000  1.039190e+03  1.227362e+02 -3.298930e-14 
  750.000  1.023638e+03  1.205553e+02  0.000000e+00 
  751.000  1.021365e+03  1.199882e+02 -9.803599e-14 
  752.000  1.038382e+03  1.217483e+02 -5.563347e-14 
  753.000  1.029181e+03  1.203867e+02  3.259197e-14 
  754.000  1.045798e+03  1.220371e+02  8.905378e-14 
  755.000  1.040156e+03  1.210790e+02  1.214397e-13 
  756.000  1.020157e+03  1.184592e+02  2.150525e-14 
  757.000  1.027927e+03  1.190657e+02  1.083058e-14 
  758.000  1.025707e+03  1.184489e+02 -2.242757e-14 
  759.000  9.279492e+02  1.051652e+02  2.213408e-14 
  760.000  3.682429e+02  3.744714e+01 -7.215928e-16 
  761.000  3.200475e+02  3.200509e+01  1.544840e-14 
  762.000  6.155976e+02  6.572157e+01  2.445392e-15 
  763.000  5.331306e+02  5.565284e+01  3.093202e-16 
  764.000  5.838907e+02  6.137253e+01 -5.410532e-15 
  765.000  7.000536e+02  7.535662e+01  1.821169e-14 
  766.000  7.966949e+02  8.779068e+01  1.220038e-14 
  767.000  8.738841e+02  9.683076e+01  8.188727e-15 
  768.000  9.523873e+02  1.060222e+02  7.668920e-14 
  769.000  9.774777e+02  1.092329e+02  1.882750e-14 
  770.000  9.858839e+02  1.102888e+02  9.304181e-14 
  771.000  9.936170e+02  1.111165e+02 -1.043618e-14 
  772.000  9.914894e+02  1.106685e+02 -4.305580e-14 
  773.000  9.883146e+02  1.100725e+02  1.108909e-14 
  774.000  9.996749e+02  1.110963e+02  3.285749e-14 
  775.000  9.626514e+02  1.067405e+02 -1.077914e-14 
  776.000  1.002770e+03  1.109344e+02  7.403867e-14 
  777.000  9.960745e+02  1.099280e+02  1.039668e-14 
  778.000  9.909036e+02  1.090872e+02 -1.144985e-13 
  779.000  9.943040e+02  1.091918e+02 -3.261733e-14 
  780.000  9.821774e+02  1.075950e+02  8.124953e-14 
  781.000  9.811684e+02  1.072537e+02 -3.068830e-14 
  782.000  9.931574e+02  1.082974e+02 -7.173141e-14 
  783.000  9.701208e+02  1.055268e+02  1.119613e-13 
  784.000  9.754142e+02  1.058232e+02  2.107199e-14 
  785.000  9.760374e+02  1.055024e+02 -3.134751e-14 
  786.000  9.560165e+02  1.028877e+02  3.083775e-14 
  787.000  9.627469e+02  1.029992e+02  1.807001e-14 
  788.000  9.445070e+02  1.006249e+02  8.285603e-15 
  789.000  9.358580e+02  9.890892e+01  3.180664e-14 
  790.000  9.252861e+02  9.751665e+01  2.275385e-15 
  791.000  9.233747e+02  9.717823e+01 -3.992641e-16 
  792.000  9.113914e+02  9.577984e+01 -2.376519e-14 
  793.000  9.163976e+02  9.629735e+01  6.295380e-15 
  794.000  9.190672e+02  9.687352e+01 -3.986071e-15 
  795.000  9.069755e+02  9.504858e+01 -3.206189e-14 
  796.000  9.027997e+02  9.368435e+01 -1.057895e-14 
  797.000  9.143336e+02  9.484295e+01  1.818851e-14 
  798.000  9.275863e+02  9.645902e+01 -8.107787e-15 
  799.000  9.241404e+02  9.576415e+01 -6.815388e-15 
  800.000  8.913327e+02  9.183212e+01 -3.899467e-14 
  801.000  9.091330e+02  9.348508e+01  3.331476e-14 
  802.000  9.066198e+02  9.298051e+01  4.847417e-14 
  803.000  8.951078e+02  9.163205e+01 -6.300065e-15 
  804.000  9.076509e+02  9.285060e+01  2.388538e-14 
  805.000  8.909529e+02  9.123426e+01  3.529611e-14 
  806.000  9.201354e+02  9.420928e+01 -2.550352e-14 
  807.000  9.150174e+02  9.347845e+01 -3.791984e-14 
  808.000  9.068002e+02  9.231008e+01 -5.933859e-16 
  809.000  8.882203e+02  9.007783e+01  8.919348e-15 
  810.000  8.806205e+02  8.896380e+01  2.789660e-14 
  811.000  8.870139e+02  8.914265e+01 -1.311599e-14 
  812.000  8.734593e+02  8.726996e+01 -1.678733e-15 
  813.000  8.567781e+02  8.508598e+01  4.163067e-15 
  814.000  8.383246e+02  8.271016e+01 -4.661216e-15 
  815.000  8.078701e+02  7.915597e+01 -2.607248e-15 
  816.000  7.735005e+02  7.523945e+01 -4.997745e-15 
  817.000  7.797117e+02  7.567963e+01  1.814813e-14 
  818.000  7.772631e+02  7.530129e+01  6.094050e-15 
  819.000  7.653165e+02  7.410950e+01 -9.494518e-15 
  820.000  7.799637e+02  7.579842e+01  1.346414e-14 
  821.000  8.409426e+02  8.223177e+01 -1.765924e-15 
  822.000  7.914851e+02  7.671120e+01  5.055914e-15 
  823.000  7.300436e+02  6.965042e+01  2.396278e-15 
  824.000  8.029763e+02  7.730170e+01 -4.072705e-15 
  825.000  8.419190e+02  8.165240e+01  2.148720e-15 
  826.000  8.406077e+02  8.120309e+01  3.290996e-14 
  827.000  8.329030e+02  8.017397e+01 -3.196052e-16 
  828.000  8.050044e+02  7.686168e+01 -3.856439e-15 
  829.000  8.141383e+02  7.771294e+01 -1.768573e-15 
  830.000  8.117958e+02  7.750774e+01 -6.072939e-15 
  831.000  8.000968e+02  7.627387e+01  8.080728e-15 
  832.000  8.177510e+02  7.781985e+01  4.757347e-15 
  833.000  7.982800e+02  7.592387e+01 -9.088409e-15 
  834.000  8.171456e+02  7.770821e+01 -2.682768e-14 
  835.000  8.320959e+02  7.931661e+01  6.981632e-14 
  836.000  8.376963e+02  7.955814e+01  6.459145e-15 
  837.000  8.304802e+02  7.869302e+01 -5.860305e-15 
  838.000  8.399470e+02  7.960083e+01 -3.321360e-15 
  839.000  8.175428e+02  7.742674e+01 -1.548564e-14 
  840.000  8.409178e+02  7.951216e+01 -2.325539e-14 
  841.000  8.393121e+02  7.905788e+01 -2.022269e-14 
  842.000  8.377050e+02  7.885181e+01  1.915894e-14 
  843.000  8.402343e+02  7.922161e+01  1.616055e-14 
  844.000  8.300394e+02  7.824043e+01  3.257406e-14 
  845.000  8.444523e+02  7.949982e+01 -1.487239e-14 
  846.000  8.538414e+02  8.028967e+01 -5.053668e-15 
  847.000  8.263544e+02  7.761073e+01  2.560350e-14 
  848.000  8.477547e+02  7.931416e+01  4.800272e-15 
  849.000  8.498140e+02  7.935251e+01  1.323704e-14 
  850.000  7.335627e+02  6.828851e+01  2.891675e-14 
  851.000  8.387547e+02  7.783273e+01  7.822680e-15 
  852.000  8.072295e+02  7.475332e+01 -1.075185e-14 
  853.000  8.194649e+02  7.585224e+01  1.752088e-14 
  854.000  6.587981e+02  6.084389e+01  1.632450e-14 
  855.000  7.265384e+02  6.701544e+01  2.679079e-14 
  856.000  8.272918e+02  7.628189e+01 -9.123049e-15 
  857.000  8.417496e+02  7.751767e+01 -2.468276e-14 
  858.000  8.289572e+02  7.621107e+01  0.000000e+00 
  859.000  8.301780e+02  7.623771e+01  2.364210e-14 
  860.000  8.234331e+02  7.549386e+01 -3.484903e-14 
  861.000  8.235433e+02  7.534858e+01  6.006887e-14 
  862.000  8.212341e+02  7.499685e+01 -3.351525e-14 
  863.000  8.371068e+02  7.628638e+01  2.622960e-14 
  864.000  8.357515e+02  7.601491e+01 -7.851657e-14 
  865.000  8.204601e+02  7.447684e+01 -1.732054e-14 
  866.000  6.883509e+02  6.235473e+01 -6.462176e-14 
  867.000  7.331121e+02  6.626705e+01  2.293960e-14 
  868.000  7.952336e+02  7.173201e+01 -7.517549e-15 
  869.000  7.842531e+02  7.059570e+01 -9.131772e-15 
  870.000  8.166987e+02  7.335863e+01  1.543618e-14 
  871.000  8.157214e+02  7.311998e+01  0.000000e+00 
  872.000  8.126894e+02  7.270336e+01 -5.966270e-14 
  873.000  8.159626e+02  7.283445e+01 -8.362861e-14 
  874.000  7.981447e+02  7.109011e+01 -4.061013e-14 
  875.000  7.909147e+02  7.029749e+01  2.472072e-14 
  876.000  7.974282e+02  7.071436e+01  8.699357e-15 
  877.000  8.133630e+02  7.196980e+01  2.424435e-14 
  878.000  7.988602e+02  7.049272e+01  9.313012e-15 
  879.000  8.007778e+02  7.051151e+01 -5.772681e-14 
  880.000  7.956992e+02  6.987888e+01  4.118872e-14 
  881.000  7.541393e+02  6.607034e+01  3.136030e-14 
  882.000  7.955986e+02  6.953663e+01  6.620871e-14 
  883.000  7.778484e+02  6.786421e+01  3.347893e-14 
  884.000  7.846816e+02  6.832640e+01  4.004277e-14 
  885.000  7.917025e+02  6.871583e+01  1.678500e-14 
  886.000  7.642195e+02  6.608813e+01  2.046966e-14 
  887.000  7.577863e+02  6.547620e+01 -2.743712e-14 
  888.000  7.805073e+02  6.729503e+01 -4.283266e-15 
  889.000  7.862197e+02  6.767173e+01  4.310289e-15 
  890.000  7.827615e+02  6.717132e+01  4.815078e-14 
  891.000  7.763495e+02  6.638272e+01  9.405400e-15 
  892.000  7.682968e+02  6.533358e+01  4.630220e-15 
  893.000  7.220291e+02  6.074372e+01  5.564485e-15 
  894.000  7.370272e+02  6.165157e+01 -2.310424e-14 
  895.000  6.728402e+02  5.569798e+01  1.107162e-15 
  896.000  6.696761e+02  5.498831e+01  5.736288e-15 
  897.000  6.239672e+02  5.081690e+01 -1.959345e-15 
  898.000  6.110220e+02  4.950789e+01 -1.954846e-15 
  899.000  5.719818e+02  4.580588e+01 -8.057160e-15 
  900.000  5.629953e+02  4.505823e+01 -2.461737e-15 
  901.000  5.416049e+02  4.313455e+01  3.738831e-15 
  902.000  5.335433e+02  4.244697e+01  1.852180e-15 
  903.000  6.266144e+02  5.049884e+01 -2.944755e-15 
  904.000  6.764485e+02  5.481493e+01  1.753371e-15 
  905.000  6.733422e+02  5.445315e+01 -9.001961e-15 
  906.000  6.306118e+02  5.066139e+01 -3.343546e-15 
  907.000  5.973102e+02  4.749588e+01  2.277440e-14 
  908.000  5.535344e+02  4.360376e+01 -4.851022e-15 
  909.000  5.452197e+02  4.287173e+01  5.358157e-16 
  910.000  5.558725e+02  4.367356e+01 -4.891201e-16 
  911.000  5.725888e+02  4.511025e+01  0.000000e+00 
  912.000  5.650447e+02  4.433392e+01 -7.607726e-15 
  913.000  5.396818e+02  4.174891e+01  2.258434e-15 
  914.000  5.551822e+02  4.315139e+01  1.039887e-15 
  915.000  5.602851e+02  4.366228e+01 -6.406640e-15 
  916.000  5.713925e+02  4.449637e+01  2.688973e-15 
  917.000  5.707208e+02  4.445782e+01  2.837428e-15 
  918.000  5.784678e+02  4.509101e+01  9.599081e-14 
  919.000  6.229095e+02  4.880600e+01 -1.235683e-14 
  920.000  6.451539e+02  5.073320e+01 -6.342356e-16 
  921.000  6.251401e+02  4.901255e+01 -1.056167e-14 
  922.000  6.191202e+02  4.844412e+01 -5.189751e-15 
  923.000  5.859512e+02  4.569136e+01  5.840322e-15 
  924.000  5.926824e+02  4.596690e+01  1.870419e-16 
  925.000  5.989318e+02  4.632744e+01  6.418532e-15 
  926.000  5.766501e+02  4.446093e+01  9.279422e-15 
  927.000  5.765541e+02  4.413780e+01  1.110277e-14 
  928.000  5.473612e+02  4.143946e+01 -4.125083e-15 
  929.000  4.942773e+02  3.668795e+01 -3.210029e-15 
  930.000  4.376847e+02  3.158086e+01 -8.304184e-14 
  931.000  3.787854e+02  2.659897e+01 -9.087869e-16 
  932.000  3.027461e+02  2.057391e+01  5.378995e-18 
  933.000  2.544039e+02  1.690413e+01  0.000000e+00 
  934.000  2.060694e+02  1.335810e+01 -5.726878e-17 
  935.000  1.981457e+02  1.277808e+01 -5.445350e-17 
  936.000  2.136137e+02  1.387051e+01  1.105458e-16 
  937.000  2.142712e+02  1.386619e+01 -2.987795e-17 
  938.000  2.643335e+02  1.751377e+01 -2.651474e-18 
  939.000  4.202019e+02  2.950007e+01  0.000000e+00 
  940.000  4.431732e+02  3.142550e+01 -4.713759e-16 
  941.000  4.125802e+02  2.892962e+01 -8.238304e-17 
  942.000  3.492049e+02  2.393251e+01  8.343853e-16 
  943.000  2.895905e+02  1.924784e+01 -2.262456e-16 
  944.000  2.763640e+02  1.828819e+01 -1.023728e-17 
  945.000  3.054758e+02  2.036649e+01 -1.154778e-22 
  946.000  3.114400e+02  2.074847e+01 -4.200524e-16 
  947.000  3.348970e+02  2.249442e+01  4.356392e-16 
  948.000  3.521430e+02  2.374919e+01  3.791754e-16 
  949.000  3.516576e+02  2.367084e+01 -4.183849e-16 
  950.000  3.533798e+02  2.378310e+01 -8.141633e-16 
  951.000  3.856735e+02  2.626645e+01 -1.615321e-15 
  952.000  3.496380e+02  2.345344e+01 -2.065940e-17 
  953.000  3.744678e+02  2.533483e+01  7.686675e-16 
  954.000  3.990157e+02  2.728198e+01  4.067598e-17 
  955.000  3.521480e+02  2.382576e+01  1.509900e-15 
  956.000  3.714198e+02  2.506838e+01  1.570724e-15 
  957.000  4.430027e+02  3.083235e+01 -9.730467e-15 
  958.000  4.565530e+02  3.188557e+01 -9.882571e-15 
  959.000  4.463343e+02  3.095009e+01 -5.506194e-16 
  960.000  4.389083e+02  3.034074e+01  5.455449e-16 
  961.000  4.284323e+02  2.948572e+01 -6.515345e-15 
  962.000  4.363474e+02  3.006521e+01 -1.308307e-14 
  963.000  4.763416e+02  3.340085e+01  3.438388e-15 
  964.000  4.770146e+02  3.347882e+01  1.673001e-15 
  965.000  4.791544e+02  3.352555e+01 -1.846720e-15 
  966.000  4.677546e+02  3.271108e+01 -1.637565e-15 
  967.000  5.118645e+02  3.612027e+01 -1.282740e-15 
  968.000  5.573476e+02  3.973294e+01  8.049288e-15 
  969.000  5.846385e+02  4.181984e+01  7.180736e-15 
  970.000  5.876788e+02  4.197984e+01  2.970465e-15 
  971.000  5.819759e+02  4.149155e+01 -1.728544e-16 
  972.000  5.793481e+02  4.116375e+01  4.945592e-15 
  973.000  5.586532e+02  3.949243e+01 -1.262801e-15 
  974.000  5.318874e+02  3.739234e+01 -8.766309e-15 
  975.000  5.229302e+02  3.660252e+01 -1.635681e-14 
  976.000  5.437917e+02  3.810798e+01 -1.038735e-14 
  977.000  5.536273e+02  3.891166e+01 -2.020751e-15 
  978.000  5.654744e+02  3.966332e+01 -7.276241e-15 
  979.000  5.553452e+02  3.894012e+01 -2.834905e-15 
  980.000  5.879139e+02  4.138914e+01  8.181716e-15 
  981.000  5.976755e+02  4.206717e+01 -4.834149e-15 
  982.000  5.909591e+02  4.146313e+01  6.483750e-15 
  983.000  6.023288e+02  4.234133e+01 -8.053117e-15 
  984.000  6.116331e+02  4.311141e+01  8.098753e-15 
  985.000  6.189984e+02  4.368076e+01  1.309884e-15 
  986.000  6.237543e+02  4.412726e+01 -3.674974e-15 
  987.000  6.352188e+02  4.494995e+01  7.489085e-15 
  988.000  6.284346e+02  4.441025e+01 -2.058987e-14 
  989.000  6.211358e+02  4.382741e+01 -1.798729e-15 
  990.000  6.275113e+02  4.421866e+01 -7.536266e-15 
  991.000  6.363181e+02  4.484327e+01  6.170253e-15 
  992.000  6.315186e+02  4.444722e+01  1.619609e-14 
  993.000  6.319355e+02  4.440290e+01  3.479475e-15 
  994.000  6.384331e+02  4.485294e+01 -1.283640e-14 
  995.000  6.359779e+02  4.466056e+01  0.000000e+00 
  996.000  6.358847e+02  4.456962e+01 -1.365195e-14 
  997.000  6.352406e+02  4.440040e+01 -1.321028e-14 
  998.000  6.313326e+02  4.399770e+01  3.857658e-14 
  999.000  6.292107e+02  4.375050e+01  6.792765e-15 
 1000.000  6.247251e+02  4.337081e+01 -4.109107e-14 
 1001.000  6.249383e+02  4.322915e+01  6.636997e-15 
 1002.000  6.188771e+02  4.260493e+01 -1.686665e-14 
 1003.000  6.129368e+02  4.214552e+01  1.711267e-14 
 1004.000  6.108164e+02  4.199194e+01 -4.268899e-15 
 1005.000  5.718218e+02  3.926905e+01 -3.985714e-15 
 1006.000  6.023220e+02  4.129729e+01  5.538019e-15 
 1007.000  6.123775e+02  4.188382e+01 -9.770688e-15 
 1008.000  6.108585e+02  4.160263e+01 -6.305118e-15 
 1009.000  6.016734e+02  4.078065e+01 -3.216944e-15 
 1010.000  6.064518e+02  4.108068e+01  9.370451e-15 
 1011.000  6.090923e+02  4.131782e+01 -2.054389e-14 
 1012.000  6.115983e+02  4.146601e+01  1.434175e-14 
 1013.000  6.089427e+02  4.125415e+01 -7.976986e-15 
 1014.000  6.136355e+02  4.150472e+01 -2.862017e-15 
 1015.000  6.024998e+02  4.068009e+01  9.296473e-15 
 1016.000  6.071858e+02  4.094322e+01 -3.264009e-15 
 1017.000  6.016892e+02  4.051033e+01  9.261720e-15 
 1018.000  6.086465e+02  4.087458e+01 -3.274342e-15 
 1019.000  5.929468e+02  3.970403e+01  5.312157e-15 
 1020.000  5.924083e+02  3.961206e+01  7.021875e-15 
 1021.000  5.996876e+02  4.005382e+01 -3.653294e-14 
 1022.000  5.885447e+02  3.918416e+01 -2.552234e-14 
 1023.000  5.980240e+02  3.969256e+01  5.254297e-15 
 1024.000  5.939158e+02  3.931876e+01 -7.595723e-16 
 1025.000  5.971857e+02  3.955165e+01 -1.793586e-14 
 1026.000  5.994427e+02  3.966149e+01 -3.223277e-15 
 1027.000  5.952670e+02  3.929343e+01  1.238882e-14 
 1028.000  5.972734e+02  3.936961e+01 -2.119086e-14 
 1029.000  5.896666e+02  3.884182e+01 -3.855373e-14 
 1030.000  5.969749e+02  3.929292e+01 -2.339329e-14 
 1031.000  5.958216e+02  3.916680e+01 -6.360923e-15 
 1032.000  5.943284e+02  3.901389e+01  6.337481e-15 
 1033.000  5.836014e+02  3.824388e+01 -1.244142e-14 
 1034.000  5.901344e+02  3.861106e+01 -4.210624e-16 
 1035.000  5.840727e+02  3.814971e+01  2.942684e-14 
 1036.000  5.917147e+02  3.857767e+01 -1.217843e-14 
 1037.000  5.793697e+02  3.770577e+01 -4.131639e-16 
 1038.000  5.852031e+02  3.801759e+01  1.203941e-14 
 1039.000  5.875382e+02  3.809353e+01  0.000000e+00 
 1040.000  5.805592e+02  3.756773e+01 -8.282243e-16 
 1041.000  5.836043e+02  3.769158e+01  1.739726e-14 
 1042.000  5.853438e+02  3.773296e+01  1.828439e-14 
 1043.000  5.752836e+02  3.701600e+01  1.061138e-14 
 1044.000  5.809789e+02  3.731089e+01 -2.309391e-14 
 1045.000  5.783735e+02  3.706619e+01 -1.807870e-14 
 1046.000  5.614749e+02  3.591129e+01 -1.376201e-14 
 1047.000  5.717006e+02  3.649149e+01  3.048882e-15 
 1048.000  5.773586e+02  3.677982e+01 -8.003824e-15 
 1049.000  5.736313e+02  3.647161e+01 -8.776708e-15 
 1050.000  5.700466e+02  3.616772e+01 -4.627509e-14 
 1051.000  5.697924e+02  3.606936e+01  2.315074e-14 
 1052.000  5.669854e+02  3.581705e+01  5.661110e-15 
 1053.000  5.672740e+02  3.576908e+01 -6.070720e-15 
 1054.000  5.611638e+02  3.530416e+01  8.614533e-15 
 1055.000  5.650003e+02  3.546561e+01 -1.474129e-14 
 1056.000  5.633108e+02  3.528394e+01 -5.640741e-15 
 1057.000  5.616843e+02  3.508739e+01  8.658247e-15 
 1058.000  5.545104e+02  3.452018e+01  1.337070e-14 
 1059.000  5.372651e+02  3.339090e+01  0.000000e+00 
 1060.000  5.574395e+02  3.461283e+01 -3.002792e-15 
 1061.000  5.378335e+02  3.333895e+01  1.332706e-14 
 1062.000  5.520165e+02  3.413307e+01  0.000000e+00 
 1063.000  5.424975e+02  3.348555e+01 -8.801315e-15 
 1064.000  5.489163e+02  3.380386e+01  0.000000e+00 
 1065.000  5.472428e+02  3.361323e+01 -5.948494e-15 
 1066.000  5.305634e+02  3.254229e+01 -2.882677e-15 
 1067.000  5.427263e+02  3.322012e+01 -1.653145e-14 
 1068.000  5.385074e+02  3.285772e+01 -6.054503e-15 
 1069.000  4.967891e+02  3.023285e+01 -8.264007e-15 
 1070.000  5.264642e+02  3.199415e+01 -6.184015e-15 
 1071.000  5.259653e+02  3.187701e+01  2.088341e-15 
 1072.000  5.261850e+02  3.180629e+01 -1.445761e-14 
 1073.000  5.085598e+02  3.068680e+01 -3.418690e-15 
 1074.000  5.265735e+02  3.172963e+01  4.140701e-15 
 1075.000  5.122211e+02  3.086526e+01 -7.428401e-15 
 1076.000  5.220899e+02  3.138021e+01  1.205884e-13 
 1077.000  5.191810e+02  3.111791e+01  1.197890e-14 
 1078.000  5.186084e+02  3.099197e+01  8.701197e-15 
 1079.000  4.982112e+02  2.972225e+01 -5.888220e-17 
 1080.000  5.074340e+02  3.012351e+01  2.343468e-15 
 1081.000  4.885117e+02  2.895154e+01 -6.158685e-15 
 1082.000  4.971199e+02  2.945920e+01  4.512101e-15 
 1083.000  4.808960e+02  2.840548e+01 -1.142868e-15 
 1084.000  4.960269e+02  2.920410e+01 -1.375984e-15 
 1085.000  4.819004e+02  2.822734e+01 -1.464609e-15 
 1086.000  4.899852e+02  2.867994e+01  2.973526e-15 
 1087.000  4.679006e+02  2.745957e+01  2.705617e-15 
 1088.000  4.966804e+02  2.911094e+01 -1.124906e-15 
 1089.000  4.677257e+02  2.723492e+01 -1.091727e-15 
 1090.000  4.759574e+02  2.764880e+01 -2.406336e-15 
 1091.000  4.809856e+02  2.792070e+01 -4.705881e-15 
 1092.000  4.647984e+02  2.688217e+01 -8.407488e-16 
 1093.000  4.479425e+02  2.576287e+01 -4.192024e-15 
 1094.000  4.032420e+02  2.312130e+01  2.299114e-15 
 1095.000  4.372240e+02  2.503621e+01 -2.257022e-15 
 1096.000  4.360859e+02  2.493354e+01 -6.817866e-15 
 1097.000  4.279878e+02  2.441152e+01  2.812822e-15 
 1098.000  3.949445e+02  2.230261e+01 -9.376180e-16 
 1099.000  3.714395e+02  2.073265e+01  1.294812e-15 
 1100.000  3.793969e+02  2.116076e+01 -5.497991e-15 
